16 Jan 2025 00:49:46 GMT Zwierze zostało położone na (3, 8)
16 Jan 2025 00:49:46 GMT Zwierze zostało położone na (3, 7)
16 Jan 2025 00:49:46 GMT Zwierze zostało położone na (7, 9)
16 Jan 2025 00:49:46 GMT Zwierze zostało położone na (7, 7)
16 Jan 2025 00:49:46 GMT Zwierze zostało położone na (4, 7)
16 Jan 2025 00:49:46 GMT Zwierze zostało położone na (4, 0)
16 Jan 2025 00:49:46 GMT Zwierze zostało położone na (4, 9)
16 Jan 2025 00:49:46 GMT Zwierze zostało położone na (2, 9)
16 Jan 2025 00:49:46 GMT Zwierze zostało położone na (8, 1)
16 Jan 2025 00:49:46 GMT Zwierze zostało położone na (5, 9)
16 Jan 2025 00:49:47 GMT Długość listy pozycji: 9
Lista pozycji zwierząt: {(7, 7)=[◢], (7, 9)=[◢], (4, 7)=[<], (5, 9)=[◥], (3, 7)=[◥, v], (4, 9)=[◥], (2, 9)=[<], (8, 1)=[◣], (4, 0)=[◥]}
16 Jan 2025 00:49:47 GMT Zwierzę poruszyło się z (3, 8) na (3, 7)
16 Jan 2025 00:49:47 GMT Długość listy pozycji: 9
Lista pozycji zwierząt: {(7, 7)=[◢], (7, 9)=[◢], (4, 7)=[<, >], (5, 9)=[◥], (3, 7)=[v], (4, 9)=[◥], (2, 9)=[<], (8, 1)=[◣], (4, 0)=[◥]}
16 Jan 2025 00:49:47 GMT Zwierzę poruszyło się z (3, 7) na (4, 7)
16 Jan 2025 00:49:48 GMT Długość listy pozycji: 9
Lista pozycji zwierząt: {(7, 7)=[◢], (6, 9)=[<], (4, 7)=[<, >], (5, 9)=[◥], (3, 7)=[v], (4, 9)=[◥], (2, 9)=[<], (8, 1)=[◣], (4, 0)=[◥]}
16 Jan 2025 00:49:48 GMT Zwierzę poruszyło się z (7, 9) na (6, 9)
16 Jan 2025 00:49:48 GMT Długość listy pozycji: 9
Lista pozycji zwierząt: {(6, 7)=[<], (6, 9)=[<], (4, 7)=[<, >], (5, 9)=[◥], (3, 7)=[v], (4, 9)=[◥], (2, 9)=[<], (8, 1)=[◣], (4, 0)=[◥]}
16 Jan 2025 00:49:48 GMT Zwierzę poruszyło się z (7, 7) na (6, 7)
16 Jan 2025 00:49:49 GMT Długość listy pozycji: 10
Lista pozycji zwierząt: {(6, 7)=[<], (4, 6)=[v], (6, 9)=[<], (4, 7)=[>], (5, 9)=[◥], (3, 7)=[v], (4, 9)=[◥], (2, 9)=[<], (8, 1)=[◣], (4, 0)=[◥]}
16 Jan 2025 00:49:49 GMT Zwierzę poruszyło się z (4, 7) na (4, 6)
16 Jan 2025 00:49:49 GMT Długość listy pozycji: 10
Lista pozycji zwierząt: {(6, 7)=[<], (4, 6)=[v], (6, 9)=[<], (4, 7)=[>], (5, 9)=[◥], (3, 7)=[v], (4, 9)=[◥], (2, 9)=[<], (8, 1)=[◣], (5, 0)=[>]}
16 Jan 2025 00:49:49 GMT Zwierzę poruszyło się z (4, 0) na (5, 0)
16 Jan 2025 00:49:50 GMT Długość listy pozycji: 9
Lista pozycji zwierząt: {(6, 7)=[<], (4, 6)=[v], (6, 9)=[<], (4, 7)=[>], (5, 9)=[◥, >], (3, 7)=[v], (2, 9)=[<], (8, 1)=[◣], (5, 0)=[>]}
16 Jan 2025 00:49:50 GMT Zwierzę poruszyło się z (4, 9) na (5, 9)
16 Jan 2025 00:49:50 GMT Długość listy pozycji: 9
Lista pozycji zwierząt: {(6, 7)=[<], (4, 6)=[v], (6, 9)=[<], (4, 7)=[>], (5, 9)=[◥, >], (3, 7)=[v], (2, 8)=[v], (8, 1)=[◣], (5, 0)=[>]}
16 Jan 2025 00:49:50 GMT Zwierzę poruszyło się z (2, 9) na (2, 8)
16 Jan 2025 00:49:51 GMT Długość listy pozycji: 9
Lista pozycji zwierząt: {(6, 7)=[<], (4, 6)=[v], (6, 9)=[<], (4, 7)=[>], (5, 9)=[◥, >], (3, 7)=[v], (2, 8)=[v], (9, 1)=[>], (5, 0)=[>]}
16 Jan 2025 00:49:51 GMT Zwierzę poruszyło się z (8, 1) na (9, 1)
16 Jan 2025 00:49:51 GMT Długość listy pozycji: 9
Lista pozycji zwierząt: {(6, 7)=[<], (4, 6)=[v], (6, 9)=[<, >], (4, 7)=[>], (5, 9)=[>], (3, 7)=[v], (2, 8)=[v], (9, 1)=[>], (5, 0)=[>]}
16 Jan 2025 00:49:51 GMT Zwierzę poruszyło się z (5, 9) na (6, 9)
16 Jan 2025 00:49:52 GMT Zwierzę zjadło roślinkę na (5, 9)
16 Jan 2025 00:49:52 GMT Zwierze zostało położone na (6, 9)
16 Jan 2025 00:49:52 GMT Urodziło się nowe zwierzę na (6, 9)
16 Jan 2025 00:49:53 GMT Roślinka wyrosła na (5, 6)
16 Jan 2025 00:49:53 GMT Roślinka wyrosła na (1, 6)
16 Jan 2025 00:49:53 GMT Roślinka wyrosła na (7, 6)
16 Jan 2025 00:49:53 GMT Roślinka wyrosła na (2, 5)
16 Jan 2025 00:49:53 GMT Roślinka wyrosła na (3, 8)
16 Jan 2025 00:49:53 GMT Roślinka wyrosła na (6, 6)
16 Jan 2025 00:49:53 GMT Roślinka wyrosła na (9, 6)
16 Jan 2025 00:49:53 GMT Roślinka wyrosła na (3, 5)
16 Jan 2025 00:49:53 GMT Roślinka wyrosła na (1, 5)
16 Jan 2025 00:49:53 GMT Roślinka wyrosła na (0, 6)
16 Jan 2025 00:49:53 GMT Zwierzę umarło na (6, 9)
16 Jan 2025 00:49:54 GMT Długość listy pozycji: 8
Lista pozycji zwierząt: {(6, 7)=[<], (4, 6)=[v], (6, 9)=[◢, >], (4, 7)=[>, >], (5, 9)=[>], (2, 8)=[v], (9, 1)=[>], (5, 0)=[>]}
16 Jan 2025 00:49:54 GMT Zwierzę poruszyło się z (3, 7) na (4, 7)
16 Jan 2025 00:49:54 GMT Długość listy pozycji: 9
Lista pozycji zwierząt: {(5, 6)=[◢], (6, 7)=[<], (4, 6)=[v], (6, 9)=[◢, >], (4, 7)=[>], (5, 9)=[>], (2, 8)=[v], (9, 1)=[>], (5, 0)=[>]}
16 Jan 2025 00:49:54 GMT Zwierzę poruszyło się z (4, 7) na (5, 6)
16 Jan 2025 00:49:55 GMT Długość listy pozycji: 9
Lista pozycji zwierząt: {(7, 8)=[◥], (5, 6)=[◢], (4, 6)=[v], (6, 9)=[◢, >], (4, 7)=[>], (5, 9)=[>], (2, 8)=[v], (9, 1)=[>], (5, 0)=[>]}
16 Jan 2025 00:49:55 GMT Zwierzę poruszyło się z (6, 7) na (7, 8)
16 Jan 2025 00:49:55 GMT Długość listy pozycji: 8
Lista pozycji zwierząt: {(7, 8)=[◥], (5, 6)=[◢, >], (6, 9)=[◢, >], (4, 7)=[>], (5, 9)=[>], (2, 8)=[v], (9, 1)=[>], (5, 0)=[>]}
16 Jan 2025 00:49:55 GMT Zwierzę poruszyło się z (4, 6) na (5, 6)
16 Jan 2025 00:49:56 GMT Długość listy pozycji: 8
Lista pozycji zwierząt: {(7, 8)=[◥], (5, 6)=[◢, >], (6, 9)=[◢, >], (4, 7)=[>], (5, 9)=[>], (2, 8)=[v], (9, 1)=[>], (5, 0)=[◤]}
16 Jan 2025 00:49:56 GMT Zwierzę poruszyło się z (5, 0) na (5, 0)
16 Jan 2025 00:49:56 GMT Długość listy pozycji: 8
Lista pozycji zwierząt: {(7, 8)=[◥], (5, 6)=[◢, >], (6, 8)=[◢], (6, 9)=[◢, >], (4, 7)=[>], (2, 8)=[v], (9, 1)=[>], (5, 0)=[◤]}
16 Jan 2025 00:49:56 GMT Zwierzę poruszyło się z (5, 9) na (6, 8)
16 Jan 2025 00:49:57 GMT Długość listy pozycji: 8
Lista pozycji zwierząt: {(7, 8)=[◥], (5, 6)=[◢, >], (6, 8)=[◢], (6, 9)=[◢, >], (4, 7)=[>], (3, 8)=[>], (9, 1)=[>], (5, 0)=[◤]}
16 Jan 2025 00:49:57 GMT Zwierzę poruszyło się z (2, 8) na (3, 8)
16 Jan 2025 00:49:57 GMT Długość listy pozycji: 8
Lista pozycji zwierząt: {(7, 8)=[◥], (5, 6)=[◢, >], (6, 8)=[◢], (6, 9)=[◢, >], (4, 7)=[>], (3, 8)=[>], (8, 2)=[◤], (5, 0)=[◤]}
16 Jan 2025 00:49:57 GMT Zwierzę poruszyło się z (9, 1) na (8, 2)
16 Jan 2025 00:49:58 GMT Długość listy pozycji: 8
Lista pozycji zwierząt: {(7, 8)=[◥, ◢], (5, 6)=[◢, >], (6, 8)=[◢], (6, 9)=[◢], (4, 7)=[>], (3, 8)=[>], (8, 2)=[◤], (5, 0)=[◤]}
16 Jan 2025 00:49:58 GMT Zwierzę poruszyło się z (6, 9) na (7, 8)
16 Jan 2025 00:49:58 GMT Zwierzę zjadło roślinkę na (5, 6)
16 Jan 2025 00:49:58 GMT Zwierzę zjadło roślinkę na (6, 8)
16 Jan 2025 00:49:58 GMT Zwierzę zjadło roślinkę na (3, 8)
16 Jan 2025 00:49:59 GMT Zwierze zostało położone na (7, 8)
16 Jan 2025 00:49:59 GMT Urodziło się nowe zwierzę na (7, 8)
16 Jan 2025 00:49:59 GMT Zwierze zostało położone na (5, 6)
16 Jan 2025 00:49:59 GMT Urodziło się nowe zwierzę na (5, 6)
16 Jan 2025 00:49:59 GMT Roślinka wyrosła na (3, 6)
16 Jan 2025 00:49:59 GMT Roślinka wyrosła na (2, 2)
16 Jan 2025 00:49:59 GMT Roślinka wyrosła na (6, 5)
16 Jan 2025 00:49:59 GMT Roślinka wyrosła na (4, 6)
16 Jan 2025 00:49:59 GMT Roślinka wyrosła na (3, 4)
16 Jan 2025 00:49:59 GMT Roślinka wyrosła na (8, 6)
16 Jan 2025 00:49:59 GMT Roślinka wyrosła na (5, 5)
16 Jan 2025 00:49:59 GMT Roślinka wyrosła na (9, 5)
16 Jan 2025 00:49:59 GMT Roślinka wyrosła na (0, 5)
16 Jan 2025 00:49:59 GMT Roślinka wyrosła na (9, 4)
16 Jan 2025 00:50:00 GMT Zwierzę umarło na (5, 6)
16 Jan 2025 00:50:00 GMT Zwierzę umarło na (7, 8)
16 Jan 2025 00:50:00 GMT Długość listy pozycji: 8
Lista pozycji zwierząt: {(7, 8)=[>, ◢], (5, 6)=[v, >], (6, 8)=[◢], (6, 9)=[◢], (4, 8)=[^], (3, 8)=[>], (8, 2)=[◤], (5, 0)=[◤]}
16 Jan 2025 00:50:00 GMT Zwierzę poruszyło się z (4, 7) na (4, 8)
16 Jan 2025 00:50:01 GMT Długość listy pozycji: 9
Lista pozycji zwierząt: {(7, 8)=[>, ◢], (5, 6)=[v], (5, 7)=[^], (6, 8)=[◢], (6, 9)=[◢], (4, 8)=[^], (3, 8)=[>], (8, 2)=[◤], (5, 0)=[◤]}
16 Jan 2025 00:50:01 GMT Zwierzę poruszyło się z (5, 6) na (5, 7)
16 Jan 2025 00:50:01 GMT Długość listy pozycji: 9
Lista pozycji zwierząt: {(7, 8)=[>, ◢], (5, 6)=[v], (5, 7)=[^], (6, 8)=[◢], (6, 9)=[◢], (4, 8)=[^], (3, 8)=[>], (8, 2)=[◤], (5, 1)=[^]}
16 Jan 2025 00:50:01 GMT Zwierzę poruszyło się z (5, 0) na (5, 1)
16 Jan 2025 00:50:02 GMT Długość listy pozycji: 9
Lista pozycji zwierząt: {(6, 7)=[v], (7, 8)=[>, ◢], (5, 6)=[v], (5, 7)=[^], (6, 9)=[◢], (4, 8)=[^], (3, 8)=[>], (8, 2)=[◤], (5, 1)=[^]}
16 Jan 2025 00:50:02 GMT Zwierzę poruszyło się z (6, 8) na (6, 7)
16 Jan 2025 00:50:02 GMT Długość listy pozycji: 9
Lista pozycji zwierząt: {(6, 7)=[v], (7, 8)=[>, ◢], (5, 6)=[v], (5, 7)=[^], (6, 9)=[◢], (4, 8)=[^], (3, 9)=[^], (8, 2)=[◤], (5, 1)=[^]}
16 Jan 2025 00:50:03 GMT Zwierzę poruszyło się z (3, 8) na (3, 9)
16 Jan 2025 00:50:03 GMT Długość listy pozycji: 9
Lista pozycji zwierząt: {(6, 7)=[v], (7, 8)=[>, ◢], (5, 6)=[v], (5, 7)=[^], (6, 9)=[◢], (4, 8)=[^], (3, 9)=[^], (8, 1)=[v], (5, 1)=[^]}
16 Jan 2025 00:50:04 GMT Zwierzę poruszyło się z (8, 2) na (8, 1)
16 Jan 2025 00:50:05 GMT Długość listy pozycji: 10
Lista pozycji zwierząt: {(7, 7)=[v], (6, 7)=[v], (7, 8)=[>], (5, 6)=[v], (5, 7)=[^], (6, 9)=[◢], (4, 8)=[^], (3, 9)=[^], (8, 1)=[v], (5, 1)=[^]}
16 Jan 2025 00:50:05 GMT Zwierzę poruszyło się z (7, 8) na (7, 7)
16 Jan 2025 00:50:06 GMT Roślinka wyrosła na (6, 7)
16 Jan 2025 00:50:06 GMT Roślinka wyrosła na (1, 9)
16 Jan 2025 00:50:06 GMT Roślinka wyrosła na (6, 2)
16 Jan 2025 00:50:06 GMT Roślinka wyrosła na (6, 0)
16 Jan 2025 00:50:06 GMT Roślinka wyrosła na (0, 3)
16 Jan 2025 00:50:06 GMT Roślinka wyrosła na (8, 9)
16 Jan 2025 00:50:06 GMT Roślinka wyrosła na (0, 2)
16 Jan 2025 00:50:06 GMT Roślinka wyrosła na (3, 9)
16 Jan 2025 00:50:06 GMT Roślinka wyrosła na (4, 1)
16 Jan 2025 00:50:06 GMT Roślinka wyrosła na (4, 2)
16 Jan 2025 00:50:07 GMT Długość listy pozycji: 10
Lista pozycji zwierząt: {(7, 7)=[v], (6, 7)=[v], (7, 8)=[>], (5, 6)=[v], (5, 7)=[^], (6, 9)=[◢], (3, 8)=[<], (3, 9)=[^], (8, 1)=[v], (5, 1)=[^]}
16 Jan 2025 00:50:07 GMT Zwierzę poruszyło się z (4, 8) na (3, 8)
16 Jan 2025 00:50:08 GMT Długość listy pozycji: 10
Lista pozycji zwierząt: {(7, 7)=[v], (6, 7)=[v], (7, 8)=[>], (5, 6)=[v], (4, 7)=[<], (6, 9)=[◢], (3, 8)=[<], (3, 9)=[^], (8, 1)=[v], (5, 1)=[^]}
16 Jan 2025 00:50:08 GMT Zwierzę poruszyło się z (5, 7) na (4, 7)
16 Jan 2025 00:50:08 GMT Długość listy pozycji: 10
Lista pozycji zwierząt: {(7, 7)=[v], (6, 7)=[v], (7, 8)=[>], (5, 6)=[v], (4, 7)=[<], (6, 9)=[◢], (3, 8)=[<], (3, 9)=[^], (8, 1)=[v], (6, 2)=[◥]}
16 Jan 2025 00:50:08 GMT Zwierzę poruszyło się z (5, 1) na (6, 2)
16 Jan 2025 00:50:09 GMT Długość listy pozycji: 9
Lista pozycji zwierząt: {(7, 7)=[v], (7, 8)=[>], (5, 6)=[◣, v], (4, 7)=[<], (6, 9)=[◢], (3, 8)=[<], (3, 9)=[^], (8, 1)=[v], (6, 2)=[◥]}
16 Jan 2025 00:50:09 GMT Zwierzę poruszyło się z (6, 7) na (5, 6)
16 Jan 2025 00:50:09 GMT Długość listy pozycji: 9
Lista pozycji zwierząt: {(7, 7)=[v], (7, 8)=[>], (5, 6)=[◣, v], (4, 7)=[<], (6, 9)=[◢], (3, 8)=[<], (2, 9)=[<], (8, 1)=[v], (6, 2)=[◥]}
16 Jan 2025 00:50:09 GMT Zwierzę poruszyło się z (3, 9) na (2, 9)
16 Jan 2025 00:50:10 GMT Długość listy pozycji: 9
Lista pozycji zwierząt: {(7, 7)=[v], (7, 8)=[>], (5, 6)=[◣, v], (4, 7)=[<], (6, 9)=[◢], (3, 8)=[<], (2, 9)=[<], (9, 2)=[◥], (6, 2)=[◥]}
16 Jan 2025 00:50:10 GMT Zwierzę poruszyło się z (8, 1) na (9, 2)
16 Jan 2025 00:50:10 GMT Długość listy pozycji: 9
Lista pozycji zwierząt: {(6, 6)=[◣], (7, 8)=[>], (5, 6)=[◣, v], (4, 7)=[<], (6, 9)=[◢], (3, 8)=[<], (2, 9)=[<], (9, 2)=[◥], (6, 2)=[◥]}
16 Jan 2025 00:50:10 GMT Zwierzę poruszyło się z (7, 7) na (6, 6)
16 Jan 2025 00:50:11 GMT Zwierzę zjadło roślinkę na (6, 6)
16 Jan 2025 00:50:11 GMT Zwierzę zjadło roślinkę na (6, 2)
16 Jan 2025 00:50:11 GMT Zwierze zostało położone na (5, 6)
16 Jan 2025 00:50:11 GMT Urodziło się nowe zwierzę na (5, 6)
16 Jan 2025 00:50:12 GMT Roślinka wyrosła na (7, 1)
16 Jan 2025 00:50:12 GMT Roślinka wyrosła na (8, 8)
16 Jan 2025 00:50:12 GMT Roślinka wyrosła na (1, 2)
16 Jan 2025 00:50:12 GMT Roślinka wyrosła na (7, 7)
16 Jan 2025 00:50:12 GMT Roślinka wyrosła na (6, 1)
16 Jan 2025 00:50:12 GMT Roślinka wyrosła na (2, 7)
16 Jan 2025 00:50:12 GMT Roślinka wyrosła na (5, 3)
16 Jan 2025 00:50:12 GMT Roślinka wyrosła na (6, 3)
16 Jan 2025 00:50:12 GMT Roślinka wyrosła na (9, 8)
16 Jan 2025 00:50:12 GMT Roślinka wyrosła na (3, 3)
16 Jan 2025 00:50:13 GMT Długość listy pozycji: 9
Lista pozycji zwierząt: {(6, 6)=[◣], (7, 8)=[>], (5, 6)=[◣, v, <], (4, 7)=[<], (6, 9)=[◢], (3, 7)=[v], (2, 9)=[<], (9, 2)=[◥], (6, 2)=[◥]}
16 Jan 2025 00:50:13 GMT Zwierzę poruszyło się z (3, 8) na (3, 7)
16 Jan 2025 00:50:13 GMT Długość listy pozycji: 9
Lista pozycji zwierząt: {(6, 6)=[◣], (7, 8)=[>], (5, 6)=[◣, v, <], (4, 6)=[v], (6, 9)=[◢], (3, 7)=[v], (2, 9)=[<], (9, 2)=[◥], (6, 2)=[◥]}
16 Jan 2025 00:50:13 GMT Zwierzę poruszyło się z (4, 7) na (4, 6)
16 Jan 2025 00:50:14 GMT Długość listy pozycji: 9
Lista pozycji zwierząt: {(6, 6)=[◣], (7, 8)=[>], (5, 6)=[◣, v, <], (4, 6)=[v], (6, 9)=[◢], (3, 7)=[v], (2, 9)=[<], (9, 2)=[◥], (7, 2)=[>]}
16 Jan 2025 00:50:14 GMT Zwierzę poruszyło się z (6, 2) na (7, 2)
16 Jan 2025 00:50:14 GMT Długość listy pozycji: 9
Lista pozycji zwierząt: {(6, 6)=[◣], (7, 8)=[>], (5, 6)=[<, v, <], (4, 6)=[<, v], (6, 9)=[◢], (3, 7)=[v], (2, 9)=[<], (9, 2)=[◥], (7, 2)=[>]}
16 Jan 2025 00:50:14 GMT Zwierzę poruszyło się z (5, 6) na (4, 6)
16 Jan 2025 00:50:15 GMT Długość listy pozycji: 9
Lista pozycji zwierząt: {(6, 6)=[◣], (7, 8)=[>], (5, 6)=[<, v, <], (4, 6)=[<, v], (6, 9)=[◢], (3, 7)=[v], (2, 8)=[v], (9, 2)=[◥], (7, 2)=[>]}
16 Jan 2025 00:50:15 GMT Zwierzę poruszyło się z (2, 9) na (2, 8)
16 Jan 2025 00:50:15 GMT Długość listy pozycji: 9
Lista pozycji zwierząt: {(6, 6)=[◣], (7, 8)=[>], (5, 6)=[<, v, <], (4, 6)=[<, v], (6, 9)=[◢], (3, 7)=[v], (2, 8)=[v], (8, 2)=[<], (7, 2)=[>]}
16 Jan 2025 00:50:15 GMT Zwierzę poruszyło się z (9, 2) na (8, 2)
16 Jan 2025 00:50:16 GMT Długość listy pozycji: 8
Lista pozycji zwierząt: {(7, 8)=[>], (5, 6)=[<, v, <, <], (4, 6)=[<, v], (6, 9)=[◢], (3, 7)=[v], (2, 8)=[v], (8, 2)=[<], (7, 2)=[>]}
16 Jan 2025 00:50:16 GMT Zwierzę poruszyło się z (6, 6) na (5, 6)
16 Jan 2025 00:50:16 GMT Zwierzę zjadło roślinkę na (4, 6)
