16 Jan 2025 01:02:43 GMT Zwierze zostało położone na (4, 7)
16 Jan 2025 01:02:43 GMT Zwierze zostało położone na (8, 2)
16 Jan 2025 01:02:43 GMT Zwierze zostało położone na (7, 8)
16 Jan 2025 01:02:43 GMT Zwierze zostało położone na (8, 3)
16 Jan 2025 01:02:43 GMT Zwierze zostało położone na (7, 8)
16 Jan 2025 01:02:43 GMT Zwierze zostało położone na (8, 1)
16 Jan 2025 01:02:43 GMT Zwierze zostało położone na (1, 8)
16 Jan 2025 01:02:43 GMT Zwierze zostało położone na (5, 1)
16 Jan 2025 01:02:43 GMT Zwierze zostało położone na (4, 2)
16 Jan 2025 01:02:43 GMT Zwierze zostało położone na (7, 2)
16 Jan 2025 01:02:44 GMT Długość listy pozycji: 9
Lista pozycji zwierząt: {(7, 8)=[◢, <], (4, 8)=[^], (1, 8)=[>], (8, 1)=[<], (8, 2)=[◢], (7, 2)=[>], (8, 3)=[>], (5, 1)=[>], (4, 2)=[◥]}
16 Jan 2025 01:02:44 GMT Zwierzę poruszyło się z (4, 7) na (4, 8)
16 Jan 2025 01:02:44 GMT Długość listy pozycji: 8
Lista pozycji zwierząt: {(7, 8)=[◢, <], (4, 8)=[^], (1, 8)=[>], (8, 1)=[<], (7, 2)=[>, <], (8, 3)=[>], (5, 1)=[>], (4, 2)=[◥]}
16 Jan 2025 01:02:44 GMT Zwierzę poruszyło się z (8, 2) na (7, 2)
16 Jan 2025 01:02:45 GMT Długość listy pozycji: 9
Lista pozycji zwierząt: {(7, 8)=[<], (6, 8)=[<], (4, 8)=[^], (1, 8)=[>], (8, 1)=[<], (7, 2)=[>, <], (8, 3)=[>], (5, 1)=[>], (4, 2)=[◥]}
16 Jan 2025 01:02:45 GMT Zwierzę poruszyło się z (7, 8) na (6, 8)
16 Jan 2025 01:02:45 GMT Długość listy pozycji: 9
Lista pozycji zwierząt: {(7, 8)=[<], (6, 8)=[<], (4, 8)=[^], (1, 8)=[>], (8, 1)=[<], (8, 2)=[v], (7, 2)=[>, <], (5, 1)=[>], (4, 2)=[◥]}
16 Jan 2025 01:02:45 GMT Zwierzę poruszyło się z (8, 3) na (8, 2)
16 Jan 2025 01:02:46 GMT Długość listy pozycji: 9
Lista pozycji zwierząt: {(7, 7)=[v], (6, 8)=[<], (4, 8)=[^], (1, 8)=[>], (8, 1)=[<], (8, 2)=[v], (7, 2)=[>, <], (5, 1)=[>], (4, 2)=[◥]}
16 Jan 2025 01:02:46 GMT Zwierzę poruszyło się z (7, 8) na (7, 7)
16 Jan 2025 01:02:46 GMT Długość listy pozycji: 9
Lista pozycji zwierząt: {(7, 7)=[v], (6, 8)=[<], (4, 8)=[^], (1, 8)=[>], (8, 0)=[v], (8, 2)=[v], (7, 2)=[>, <], (5, 1)=[>], (4, 2)=[◥]}
16 Jan 2025 01:02:46 GMT Zwierzę poruszyło się z (8, 1) na (8, 0)
16 Jan 2025 01:02:47 GMT Długość listy pozycji: 9
Lista pozycji zwierząt: {(7, 7)=[v], (6, 8)=[<], (4, 8)=[^], (1, 7)=[v], (8, 0)=[v], (8, 2)=[v], (7, 2)=[>, <], (5, 1)=[>], (4, 2)=[◥]}
16 Jan 2025 01:02:47 GMT Zwierzę poruszyło się z (1, 8) na (1, 7)
16 Jan 2025 01:02:47 GMT Długość listy pozycji: 9
Lista pozycji zwierząt: {(7, 7)=[v], (6, 8)=[<], (4, 8)=[^], (1, 7)=[v], (8, 0)=[v], (8, 2)=[v], (5, 0)=[v], (7, 2)=[>, <], (4, 2)=[◥]}
16 Jan 2025 01:02:47 GMT Zwierzę poruszyło się z (5, 1) na (5, 0)
16 Jan 2025 01:02:48 GMT Długość listy pozycji: 9
Lista pozycji zwierząt: {(7, 7)=[v], (6, 8)=[<], (4, 8)=[^], (1, 7)=[v], (8, 0)=[v], (8, 2)=[v], (5, 0)=[v], (7, 2)=[>, <], (5, 2)=[>]}
16 Jan 2025 01:02:48 GMT Zwierzę poruszyło się z (4, 2) na (5, 2)
16 Jan 2025 01:02:48 GMT Długość listy pozycji: 10
Lista pozycji zwierząt: {(7, 7)=[v], (6, 8)=[<], (4, 8)=[^], (1, 7)=[v], (8, 0)=[v], (7, 1)=[v], (8, 2)=[v], (5, 0)=[v], (7, 2)=[<], (5, 2)=[>]}
16 Jan 2025 01:02:48 GMT Zwierzę poruszyło się z (7, 2) na (7, 1)
16 Jan 2025 01:02:50 GMT Roślinka wyrosła na (6, 5)
16 Jan 2025 01:02:50 GMT Roślinka wyrosła na (8, 6)
16 Jan 2025 01:02:50 GMT Roślinka wyrosła na (4, 6)
16 Jan 2025 01:02:50 GMT Roślinka wyrosła na (6, 6)
16 Jan 2025 01:02:50 GMT Roślinka wyrosła na (1, 5)
16 Jan 2025 01:02:50 GMT Roślinka wyrosła na (2, 5)
16 Jan 2025 01:02:50 GMT Roślinka wyrosła na (5, 5)
16 Jan 2025 01:02:50 GMT Roślinka wyrosła na (0, 4)
16 Jan 2025 01:02:50 GMT Roślinka wyrosła na (3, 6)
16 Jan 2025 01:02:50 GMT Roślinka wyrosła na (2, 4)
16 Jan 2025 01:02:51 GMT Długość listy pozycji: 10
Lista pozycji zwierząt: {(7, 7)=[v], (6, 8)=[<], (4, 9)=[^], (1, 7)=[v], (8, 0)=[v], (7, 1)=[v], (8, 2)=[v], (5, 0)=[v], (7, 2)=[<], (5, 2)=[>]}
16 Jan 2025 01:02:51 GMT Zwierzę poruszyło się z (4, 8) na (4, 9)
16 Jan 2025 01:02:51 GMT Długość listy pozycji: 10
Lista pozycji zwierząt: {(7, 7)=[v], (6, 8)=[<], (4, 9)=[^], (1, 7)=[v], (8, 0)=[v], (7, 1)=[v], (8, 2)=[v], (8, 3)=[◥], (5, 0)=[v], (5, 2)=[>]}
16 Jan 2025 01:02:51 GMT Zwierzę poruszyło się z (7, 2) na (8, 3)
16 Jan 2025 01:02:52 GMT Długość listy pozycji: 10
Lista pozycji zwierząt: {(7, 7)=[v], (7, 9)=[◥], (4, 9)=[^], (1, 7)=[v], (8, 0)=[v], (7, 1)=[v], (8, 2)=[v], (8, 3)=[◥], (5, 0)=[v], (5, 2)=[>]}
16 Jan 2025 01:02:52 GMT Zwierzę poruszyło się z (6, 8) na (7, 9)
16 Jan 2025 01:02:52 GMT Długość listy pozycji: 10
Lista pozycji zwierząt: {(7, 7)=[v], (7, 9)=[◥], (4, 9)=[^], (1, 7)=[v], (8, 0)=[v], (7, 1)=[v], (7, 2)=[<], (8, 3)=[◥], (5, 0)=[v], (5, 2)=[>]}
16 Jan 2025 01:02:52 GMT Zwierzę poruszyło się z (8, 2) na (7, 2)
16 Jan 2025 01:02:53 GMT Długość listy pozycji: 10
Lista pozycji zwierząt: {(8, 7)=[>], (7, 9)=[◥], (4, 9)=[^], (1, 7)=[v], (8, 0)=[v], (7, 1)=[v], (7, 2)=[<], (8, 3)=[◥], (5, 0)=[v], (5, 2)=[>]}
16 Jan 2025 01:02:53 GMT Zwierzę poruszyło się z (7, 7) na (8, 7)
16 Jan 2025 01:02:53 GMT Długość listy pozycji: 10
Lista pozycji zwierząt: {(8, 7)=[>], (7, 9)=[◥], (4, 9)=[^], (1, 7)=[v], (9, 0)=[>], (7, 1)=[v], (7, 2)=[<], (8, 3)=[◥], (5, 0)=[v], (5, 2)=[>]}
16 Jan 2025 01:02:53 GMT Zwierzę poruszyło się z (8, 0) na (9, 0)
16 Jan 2025 01:02:54 GMT Długość listy pozycji: 10
Lista pozycji zwierząt: {(8, 7)=[>], (7, 9)=[◥], (4, 9)=[^], (0, 7)=[<], (9, 0)=[>], (7, 1)=[v], (7, 2)=[<], (8, 3)=[◥], (5, 0)=[v], (5, 2)=[>]}
16 Jan 2025 01:02:54 GMT Zwierzę poruszyło się z (1, 7) na (0, 7)
16 Jan 2025 01:02:54 GMT Długość listy pozycji: 10
Lista pozycji zwierząt: {(8, 7)=[>], (7, 9)=[◥], (4, 9)=[^], (0, 7)=[<], (9, 0)=[>], (7, 1)=[v], (7, 2)=[<], (8, 3)=[◥], (4, 0)=[<], (5, 2)=[>]}
16 Jan 2025 01:02:54 GMT Zwierzę poruszyło się z (5, 0) na (4, 0)
16 Jan 2025 01:02:55 GMT Długość listy pozycji: 10
Lista pozycji zwierząt: {(8, 7)=[>], (7, 9)=[◥], (4, 9)=[^], (0, 7)=[<], (9, 0)=[>], (7, 1)=[v], (6, 1)=[◢], (7, 2)=[<], (8, 3)=[◥], (4, 0)=[<]}
16 Jan 2025 01:02:55 GMT Zwierzę poruszyło się z (5, 2) na (6, 1)
16 Jan 2025 01:02:55 GMT Długość listy pozycji: 9
Lista pozycji zwierząt: {(8, 7)=[>], (7, 9)=[◥], (4, 9)=[^], (0, 7)=[<], (9, 0)=[>], (6, 1)=[◢, <], (7, 2)=[<], (8, 3)=[◥], (4, 0)=[<]}
16 Jan 2025 01:02:55 GMT Zwierzę poruszyło się z (7, 1) na (6, 1)
16 Jan 2025 01:02:56 GMT Zwierze zostało położone na (6, 1)
16 Jan 2025 01:02:56 GMT Urodziło się nowe zwierzę na (6, 1)
16 Jan 2025 01:02:57 GMT Roślinka wyrosła na (5, 6)
16 Jan 2025 01:02:57 GMT Roślinka wyrosła na (9, 5)
16 Jan 2025 01:02:57 GMT Roślinka wyrosła na (0, 5)
16 Jan 2025 01:02:57 GMT Roślinka wyrosła na (5, 2)
16 Jan 2025 01:02:57 GMT Roślinka wyrosła na (7, 5)
16 Jan 2025 01:02:57 GMT Roślinka wyrosła na (6, 8)
16 Jan 2025 01:02:57 GMT Roślinka wyrosła na (0, 9)
16 Jan 2025 01:02:57 GMT Roślinka wyrosła na (9, 6)
16 Jan 2025 01:02:57 GMT Roślinka wyrosła na (8, 5)
16 Jan 2025 01:02:57 GMT Roślinka wyrosła na (2, 7)
16 Jan 2025 01:02:58 GMT Zwierzę umarło na (6, 1)
16 Jan 2025 01:02:58 GMT Długość listy pozycji: 9
Lista pozycji zwierząt: {(8, 7)=[>], (7, 9)=[◥], (4, 9)=[v], (0, 7)=[<], (9, 0)=[>], (6, 1)=[v, <], (7, 2)=[<], (8, 3)=[◥], (4, 0)=[<]}
16 Jan 2025 01:02:58 GMT Zwierzę poruszyło się z (4, 9) na (4, 9)
16 Jan 2025 01:02:59 GMT Długość listy pozycji: 9
Lista pozycji zwierząt: {(8, 7)=[>], (7, 9)=[◥], (4, 9)=[v], (0, 7)=[<], (9, 0)=[>], (8, 2)=[v], (6, 1)=[v, <], (7, 2)=[<], (4, 0)=[<]}
16 Jan 2025 01:02:59 GMT Zwierzę poruszyło się z (8, 3) na (8, 2)
16 Jan 2025 01:02:59 GMT Długość listy pozycji: 9
Lista pozycji zwierząt: {(8, 7)=[>], (7, 8)=[v], (4, 9)=[v], (0, 7)=[<], (9, 0)=[>], (8, 2)=[v], (6, 1)=[v, <], (7, 2)=[<], (4, 0)=[<]}
16 Jan 2025 01:02:59 GMT Zwierzę poruszyło się z (7, 9) na (7, 8)
16 Jan 2025 01:03:00 GMT Długość listy pozycji: 9
Lista pozycji zwierząt: {(8, 7)=[>], (7, 8)=[v], (4, 9)=[v], (0, 7)=[<], (9, 0)=[>], (8, 2)=[v], (6, 1)=[v, <], (7, 3)=[^], (4, 0)=[<]}
16 Jan 2025 01:03:00 GMT Zwierzę poruszyło się z (7, 2) na (7, 3)
16 Jan 2025 01:03:00 GMT Długość listy pozycji: 9
Lista pozycji zwierząt: {(8, 8)=[^], (7, 8)=[v], (4, 9)=[v], (0, 7)=[<], (9, 0)=[>], (8, 2)=[v], (6, 1)=[v, <], (7, 3)=[^], (4, 0)=[<]}
16 Jan 2025 01:03:00 GMT Zwierzę poruszyło się z (8, 7) na (8, 8)
16 Jan 2025 01:03:01 GMT Długość listy pozycji: 9
Lista pozycji zwierząt: {(8, 8)=[^], (7, 8)=[v], (4, 9)=[v], (0, 7)=[<], (9, 1)=[^], (8, 2)=[v], (6, 1)=[v, <], (7, 3)=[^], (4, 0)=[<]}
16 Jan 2025 01:03:01 GMT Zwierzę poruszyło się z (9, 0) na (9, 1)
16 Jan 2025 01:03:01 GMT Długość listy pozycji: 9
Lista pozycji zwierząt: {(8, 8)=[^], (7, 8)=[v], (4, 9)=[v], (0, 8)=[^], (9, 1)=[^], (8, 2)=[v], (6, 1)=[v, <], (7, 3)=[^], (4, 0)=[<]}
16 Jan 2025 01:03:01 GMT Zwierzę poruszyło się z (0, 7) na (0, 8)
16 Jan 2025 01:03:02 GMT Długość listy pozycji: 9
Lista pozycji zwierząt: {(8, 8)=[^], (7, 8)=[v], (4, 9)=[v], (0, 8)=[^], (9, 1)=[^], (8, 2)=[v], (6, 1)=[v, <], (7, 3)=[^], (4, 1)=[^]}
16 Jan 2025 01:03:02 GMT Zwierzę poruszyło się z (4, 0) na (4, 1)
16 Jan 2025 01:03:02 GMT Długość listy pozycji: 10
Lista pozycji zwierząt: {(8, 8)=[^], (7, 8)=[v], (4, 9)=[v], (0, 8)=[^], (9, 1)=[^], (8, 2)=[v], (6, 1)=[v], (6, 2)=[^], (7, 3)=[^], (4, 1)=[^]}
16 Jan 2025 01:03:02 GMT Zwierzę poruszyło się z (6, 1) na (6, 2)
16 Jan 2025 01:03:04 GMT Roślinka wyrosła na (8, 8)
16 Jan 2025 01:03:04 GMT Roślinka wyrosła na (6, 2)
16 Jan 2025 01:03:04 GMT Roślinka wyrosła na (4, 8)
16 Jan 2025 01:03:04 GMT Roślinka wyrosła na (9, 1)
16 Jan 2025 01:03:04 GMT Roślinka wyrosła na (3, 2)
16 Jan 2025 01:03:04 GMT Roślinka wyrosła na (1, 8)
16 Jan 2025 01:03:04 GMT Roślinka wyrosła na (2, 0)
16 Jan 2025 01:03:04 GMT Roślinka wyrosła na (7, 7)
16 Jan 2025 01:03:04 GMT Roślinka wyrosła na (5, 8)
16 Jan 2025 01:03:04 GMT Roślinka wyrosła na (6, 3)
16 Jan 2025 01:03:05 GMT Długość listy pozycji: 10
Lista pozycji zwierząt: {(8, 8)=[^], (7, 8)=[v], (4, 8)=[v], (0, 8)=[^], (9, 1)=[^], (8, 2)=[v], (6, 1)=[v], (6, 2)=[^], (7, 3)=[^], (4, 1)=[^]}
16 Jan 2025 01:03:05 GMT Zwierzę poruszyło się z (4, 9) na (4, 8)
16 Jan 2025 01:03:05 GMT Długość listy pozycji: 9
Lista pozycji zwierząt: {(8, 8)=[^], (7, 8)=[v], (4, 8)=[v], (0, 8)=[^], (9, 1)=[^], (6, 1)=[v], (6, 2)=[^], (7, 3)=[^, ◤], (4, 1)=[^]}
16 Jan 2025 01:03:05 GMT Zwierzę poruszyło się z (8, 2) na (7, 3)
16 Jan 2025 01:03:06 GMT Długość listy pozycji: 9
Lista pozycji zwierząt: {(8, 8)=[^], (6, 9)=[◤], (4, 8)=[v], (0, 8)=[^], (9, 1)=[^], (6, 1)=[v], (6, 2)=[^], (7, 3)=[^, ◤], (4, 1)=[^]}
16 Jan 2025 01:03:06 GMT Zwierzę poruszyło się z (7, 8) na (6, 9)
16 Jan 2025 01:03:06 GMT Długość listy pozycji: 10
Lista pozycji zwierząt: {(8, 8)=[^], (6, 9)=[◤], (4, 8)=[v], (0, 8)=[^], (9, 1)=[^], (8, 3)=[>], (6, 1)=[v], (6, 2)=[^], (7, 3)=[◤], (4, 1)=[^]}
16 Jan 2025 01:03:06 GMT Zwierzę poruszyło się z (7, 3) na (8, 3)
16 Jan 2025 01:03:07 GMT Długość listy pozycji: 10
Lista pozycji zwierząt: {(7, 8)=[<], (6, 9)=[◤], (4, 8)=[v], (0, 8)=[^], (9, 1)=[^], (8, 3)=[>], (6, 1)=[v], (6, 2)=[^], (7, 3)=[◤], (4, 1)=[^]}
16 Jan 2025 01:03:07 GMT Zwierzę poruszyło się z (8, 8) na (7, 8)
16 Jan 2025 01:03:07 GMT Długość listy pozycji: 10
Lista pozycji zwierząt: {(7, 8)=[<], (6, 9)=[◤], (4, 8)=[v], (0, 8)=[^], (8, 1)=[<], (8, 3)=[>], (6, 1)=[v], (6, 2)=[^], (7, 3)=[◤], (4, 1)=[^]}
16 Jan 2025 01:03:07 GMT Zwierzę poruszyło się z (9, 1) na (8, 1)
16 Jan 2025 01:03:08 GMT Długość listy pozycji: 10
Lista pozycji zwierząt: {(7, 8)=[<], (6, 9)=[◤], (4, 8)=[v], (1, 8)=[>], (8, 1)=[<], (8, 3)=[>], (6, 1)=[v], (6, 2)=[^], (7, 3)=[◤], (4, 1)=[^]}
16 Jan 2025 01:03:08 GMT Zwierzę poruszyło się z (0, 8) na (1, 8)
16 Jan 2025 01:03:08 GMT Długość listy pozycji: 10
Lista pozycji zwierząt: {(7, 8)=[<], (6, 9)=[◤], (4, 8)=[v], (1, 8)=[>], (8, 1)=[<], (8, 3)=[>], (6, 1)=[v], (5, 1)=[>], (6, 2)=[^], (7, 3)=[◤]}
16 Jan 2025 01:03:08 GMT Zwierzę poruszyło się z (4, 1) na (5, 1)
16 Jan 2025 01:03:09 GMT Długość listy pozycji: 10
Lista pozycji zwierząt: {(7, 8)=[<], (6, 9)=[◤], (4, 8)=[v], (1, 8)=[>], (8, 1)=[<], (7, 2)=[>], (8, 3)=[>], (6, 1)=[v], (5, 1)=[>], (7, 3)=[◤]}
16 Jan 2025 01:03:09 GMT Zwierzę poruszyło się z (6, 2) na (7, 2)
16 Jan 2025 01:03:09 GMT Zwierzę zjadło roślinkę na (4, 8)
16 Jan 2025 01:03:09 GMT Zwierzę zjadło roślinkę na (1, 8)
16 Jan 2025 01:03:10 GMT Roślinka wyrosła na (5, 4)
16 Jan 2025 01:03:10 GMT Roślinka wyrosła na (0, 8)
16 Jan 2025 01:03:10 GMT Roślinka wyrosła na (7, 9)
16 Jan 2025 01:03:10 GMT Roślinka wyrosła na (5, 9)
16 Jan 2025 01:03:10 GMT Roślinka wyrosła na (0, 1)
16 Jan 2025 01:03:10 GMT Roślinka wyrosła na (8, 7)
16 Jan 2025 01:03:10 GMT Roślinka wyrosła na (9, 3)
16 Jan 2025 01:03:10 GMT Roślinka wyrosła na (7, 1)
16 Jan 2025 01:03:10 GMT Roślinka wyrosła na (8, 3)
16 Jan 2025 01:03:10 GMT Roślinka wyrosła na (5, 7)
16 Jan 2025 01:03:11 GMT Długość listy pozycji: 10
Lista pozycji zwierząt: {(7, 8)=[<], (4, 7)=[v], (6, 9)=[◤], (1, 8)=[>], (8, 1)=[<], (7, 2)=[>], (8, 3)=[>], (6, 1)=[v], (5, 1)=[>], (7, 3)=[◤]}
16 Jan 2025 01:03:11 GMT Zwierzę poruszyło się z (4, 8) na (4, 7)
16 Jan 2025 01:03:12 GMT Długość listy pozycji: 9
Lista pozycji zwierząt: {(7, 8)=[<], (4, 7)=[v], (6, 9)=[◤], (1, 8)=[>], (8, 1)=[<], (7, 2)=[>], (8, 3)=[>, >], (6, 1)=[v], (5, 1)=[>]}
16 Jan 2025 01:03:12 GMT Zwierzę poruszyło się z (7, 3) na (8, 3)
16 Jan 2025 01:03:12 GMT Długość listy pozycji: 9
Lista pozycji zwierząt: {(7, 8)=[<], (7, 9)=[>], (4, 7)=[v], (1, 8)=[>], (8, 1)=[<], (7, 2)=[>], (8, 3)=[>, >], (6, 1)=[v], (5, 1)=[>]}
16 Jan 2025 01:03:12 GMT Zwierzę poruszyło się z (6, 9) na (7, 9)
16 Jan 2025 01:03:13 GMT Długość listy pozycji: 10
Lista pozycji zwierząt: {(7, 8)=[<], (7, 9)=[>], (4, 7)=[v], (1, 8)=[>], (8, 1)=[<], (8, 2)=[v], (7, 2)=[>], (8, 3)=[>], (6, 1)=[v], (5, 1)=[>]}
16 Jan 2025 01:03:13 GMT Zwierzę poruszyło się z (8, 3) na (8, 2)
16 Jan 2025 01:03:13 GMT Długość listy pozycji: 10
Lista pozycji zwierząt: {(7, 7)=[v], (7, 9)=[>], (4, 7)=[v], (1, 8)=[>], (8, 1)=[<], (8, 2)=[v], (7, 2)=[>], (8, 3)=[>], (6, 1)=[v], (5, 1)=[>]}
16 Jan 2025 01:03:13 GMT Zwierzę poruszyło się z (7, 8) na (7, 7)
16 Jan 2025 01:03:14 GMT Długość listy pozycji: 10
Lista pozycji zwierząt: {(7, 7)=[v], (7, 9)=[>], (4, 7)=[v], (1, 8)=[>], (8, 0)=[v], (8, 2)=[v], (7, 2)=[>], (8, 3)=[>], (6, 1)=[v], (5, 1)=[>]}
16 Jan 2025 01:03:14 GMT Zwierzę poruszyło się z (8, 1) na (8, 0)
16 Jan 2025 01:03:14 GMT Długość listy pozycji: 10
Lista pozycji zwierząt: {(7, 7)=[v], (7, 9)=[>], (4, 7)=[v], (1, 7)=[v], (8, 0)=[v], (8, 2)=[v], (7, 2)=[>], (8, 3)=[>], (6, 1)=[v], (5, 1)=[>]}
16 Jan 2025 01:03:14 GMT Zwierzę poruszyło się z (1, 8) na (1, 7)
16 Jan 2025 01:03:15 GMT Długość listy pozycji: 10
Lista pozycji zwierząt: {(7, 7)=[v], (7, 9)=[>], (4, 7)=[v], (1, 7)=[v], (8, 0)=[v], (8, 2)=[v], (5, 0)=[v], (7, 2)=[>], (8, 3)=[>], (6, 1)=[v]}
16 Jan 2025 01:03:15 GMT Zwierzę poruszyło się z (5, 1) na (5, 0)
16 Jan 2025 01:03:15 GMT Długość listy pozycji: 10
Lista pozycji zwierząt: {(7, 7)=[v], (7, 9)=[>], (4, 7)=[v], (1, 7)=[v], (8, 0)=[v], (7, 1)=[v], (8, 2)=[v], (5, 0)=[v], (8, 3)=[>], (6, 1)=[v]}
16 Jan 2025 01:03:15 GMT Zwierzę poruszyło się z (7, 2) na (7, 1)
16 Jan 2025 01:03:16 GMT Zwierzę zjadło roślinkę na (7, 7)
16 Jan 2025 01:03:16 GMT Zwierzę zjadło roślinkę na (7, 9)
16 Jan 2025 01:03:16 GMT Zwierzę zjadło roślinkę na (7, 1)
16 Jan 2025 01:03:16 GMT Zwierzę zjadło roślinkę na (8, 3)
16 Jan 2025 01:03:17 GMT Roślinka wyrosła na (1, 9)
16 Jan 2025 01:03:17 GMT Roślinka wyrosła na (2, 8)
16 Jan 2025 01:03:17 GMT Roślinka wyrosła na (0, 2)
16 Jan 2025 01:03:17 GMT Roślinka wyrosła na (0, 3)
16 Jan 2025 01:03:17 GMT Roślinka wyrosła na (7, 3)
16 Jan 2025 01:03:17 GMT Roślinka wyrosła na (8, 9)
16 Jan 2025 01:03:17 GMT Roślinka wyrosła na (3, 4)
16 Jan 2025 01:03:17 GMT Roślinka wyrosła na (8, 2)
16 Jan 2025 01:03:17 GMT Roślinka wyrosła na (1, 4)
16 Jan 2025 01:03:17 GMT Roślinka wyrosła na (5, 1)
16 Jan 2025 01:03:18 GMT Długość listy pozycji: 10
Lista pozycji zwierząt: {(7, 7)=[v], (4, 6)=[v], (7, 9)=[>], (1, 7)=[v], (8, 0)=[v], (7, 1)=[v], (8, 2)=[v], (5, 0)=[v], (8, 3)=[>], (6, 1)=[v]}
16 Jan 2025 01:03:18 GMT Zwierzę poruszyło się z (4, 7) na (4, 6)
16 Jan 2025 01:03:18 GMT Długość listy pozycji: 10
Lista pozycji zwierząt: {(7, 7)=[v], (4, 6)=[v], (7, 9)=[>], (1, 7)=[v], (8, 0)=[v], (7, 1)=[v], (8, 2)=[v], (7, 2)=[◣], (5, 0)=[v], (6, 1)=[v]}
16 Jan 2025 01:03:18 GMT Zwierzę poruszyło się z (8, 3) na (7, 2)
16 Jan 2025 01:03:19 GMT Długość listy pozycji: 10
Lista pozycji zwierząt: {(7, 7)=[v], (6, 8)=[◣], (4, 6)=[v], (1, 7)=[v], (8, 0)=[v], (7, 1)=[v], (8, 2)=[v], (7, 2)=[◣], (5, 0)=[v], (6, 1)=[v]}
16 Jan 2025 01:03:19 GMT Zwierzę poruszyło się z (7, 9) na (6, 8)
16 Jan 2025 01:03:19 GMT Długość listy pozycji: 9
Lista pozycji zwierząt: {(7, 7)=[v], (6, 8)=[◣], (4, 6)=[v], (1, 7)=[v], (8, 0)=[v], (7, 1)=[v], (7, 2)=[◣, <], (5, 0)=[v], (6, 1)=[v]}
16 Jan 2025 01:03:19 GMT Zwierzę poruszyło się z (8, 2) na (7, 2)
16 Jan 2025 01:03:20 GMT Długość listy pozycji: 9
Lista pozycji zwierząt: {(8, 7)=[>], (6, 8)=[◣], (4, 6)=[v], (1, 7)=[v], (8, 0)=[v], (7, 1)=[v], (7, 2)=[◣, <], (5, 0)=[v], (6, 1)=[v]}
16 Jan 2025 01:03:20 GMT Zwierzę poruszyło się z (7, 7) na (8, 7)
16 Jan 2025 01:03:20 GMT Długość listy pozycji: 9
Lista pozycji zwierząt: {(8, 7)=[>], (6, 8)=[◣], (4, 6)=[v], (1, 7)=[v], (9, 0)=[>], (7, 1)=[v], (7, 2)=[◣, <], (5, 0)=[v], (6, 1)=[v]}
16 Jan 2025 01:03:20 GMT Zwierzę poruszyło się z (8, 0) na (9, 0)
16 Jan 2025 01:03:21 GMT Długość listy pozycji: 9
Lista pozycji zwierząt: {(8, 7)=[>], (6, 8)=[◣], (4, 6)=[v], (0, 7)=[<], (9, 0)=[>], (7, 1)=[v], (7, 2)=[◣, <], (5, 0)=[v], (6, 1)=[v]}
16 Jan 2025 01:03:21 GMT Zwierzę poruszyło się z (1, 7) na (0, 7)
16 Jan 2025 01:03:21 GMT Długość listy pozycji: 9
Lista pozycji zwierząt: {(8, 7)=[>], (6, 8)=[◣], (4, 6)=[v], (0, 7)=[<], (9, 0)=[>], (7, 1)=[v], (7, 2)=[◣, <], (6, 1)=[v], (4, 0)=[<]}
16 Jan 2025 01:03:21 GMT Zwierzę poruszyło się z (5, 0) na (4, 0)
16 Jan 2025 01:03:22 GMT Długość listy pozycji: 8
Lista pozycji zwierząt: {(8, 7)=[>], (6, 8)=[◣], (4, 6)=[v], (0, 7)=[<], (9, 0)=[>], (7, 2)=[◣, <], (6, 1)=[v, <], (4, 0)=[<]}
16 Jan 2025 01:03:22 GMT Zwierzę poruszyło się z (7, 1) na (6, 1)
16 Jan 2025 01:03:22 GMT Zwierzę zjadło roślinkę na (8, 7)
16 Jan 2025 01:03:22 GMT Zwierzę zjadło roślinkę na (6, 8)
16 Jan 2025 01:03:22 GMT Zwierzę zjadło roślinkę na (4, 6)
16 Jan 2025 01:03:23 GMT Zwierze zostało położone na (7, 2)
16 Jan 2025 01:03:23 GMT Urodziło się nowe zwierzę na (7, 2)
16 Jan 2025 01:03:23 GMT Zwierze zostało położone na (6, 1)
16 Jan 2025 01:03:23 GMT Urodziło się nowe zwierzę na (6, 1)
16 Jan 2025 01:03:23 GMT Roślinka wyrosła na (9, 2)
16 Jan 2025 01:03:23 GMT Roślinka wyrosła na (5, 0)
16 Jan 2025 01:03:23 GMT Roślinka wyrosła na (6, 4)
16 Jan 2025 01:03:23 GMT Roślinka wyrosła na (1, 7)
16 Jan 2025 01:03:23 GMT Roślinka wyrosła na (4, 3)
16 Jan 2025 01:03:23 GMT Roślinka wyrosła na (6, 7)
16 Jan 2025 01:03:23 GMT Roślinka wyrosła na (7, 8)
16 Jan 2025 01:03:23 GMT Roślinka wyrosła na (3, 1)
16 Jan 2025 01:03:23 GMT Roślinka wyrosła na (2, 2)
16 Jan 2025 01:03:23 GMT Roślinka wyrosła na (9, 0)
16 Jan 2025 01:03:24 GMT Zwierzę umarło na (7, 2)
16 Jan 2025 01:03:24 GMT Długość listy pozycji: 8
Lista pozycji zwierząt: {(8, 7)=[>], (4, 5)=[v], (6, 8)=[◣], (0, 7)=[<], (9, 0)=[>], (7, 2)=[◣, <], (6, 1)=[◣, v, <], (4, 0)=[<]}
16 Jan 2025 01:03:24 GMT Zwierzę poruszyło się z (4, 6) na (4, 5)
16 Jan 2025 01:03:25 GMT Długość listy pozycji: 8
Lista pozycji zwierząt: {(8, 7)=[>], (4, 5)=[v], (6, 9)=[^], (0, 7)=[<], (9, 0)=[>], (7, 2)=[◣, <], (6, 1)=[◣, v, <], (4, 0)=[<]}
16 Jan 2025 01:03:25 GMT Zwierzę poruszyło się z (6, 8) na (6, 9)
16 Jan 2025 01:03:25 GMT Długość listy pozycji: 9
Lista pozycji zwierząt: {(8, 7)=[>], (4, 5)=[v], (6, 9)=[^], (0, 7)=[<], (9, 0)=[>], (7, 2)=[◣], (6, 1)=[◣, v, <], (7, 3)=[^], (4, 0)=[<]}
16 Jan 2025 01:03:25 GMT Zwierzę poruszyło się z (7, 2) na (7, 3)
16 Jan 2025 01:03:26 GMT Długość listy pozycji: 9
Lista pozycji zwierząt: {(8, 8)=[^], (4, 5)=[v], (6, 9)=[^], (0, 7)=[<], (9, 0)=[>], (7, 2)=[◣], (6, 1)=[◣, v, <], (7, 3)=[^], (4, 0)=[<]}
16 Jan 2025 01:03:26 GMT Zwierzę poruszyło się z (8, 7) na (8, 8)
16 Jan 2025 01:03:26 GMT Długość listy pozycji: 9
Lista pozycji zwierząt: {(8, 8)=[^], (4, 5)=[v], (6, 9)=[^], (0, 7)=[<], (9, 1)=[^], (7, 2)=[◣], (6, 1)=[◣, v, <], (7, 3)=[^], (4, 0)=[<]}
16 Jan 2025 01:03:26 GMT Zwierzę poruszyło się z (9, 0) na (9, 1)
16 Jan 2025 01:03:27 GMT Długość listy pozycji: 9
Lista pozycji zwierząt: {(8, 8)=[^], (4, 5)=[v], (6, 9)=[^], (0, 8)=[^], (9, 1)=[^], (7, 2)=[◣], (6, 1)=[◣, v, <], (7, 3)=[^], (4, 0)=[<]}
16 Jan 2025 01:03:27 GMT Zwierzę poruszyło się z (0, 7) na (0, 8)
16 Jan 2025 01:03:27 GMT Długość listy pozycji: 9
Lista pozycji zwierząt: {(8, 8)=[^], (4, 5)=[v], (6, 9)=[^], (0, 8)=[^], (9, 1)=[^], (7, 2)=[◣], (6, 1)=[◣, v, <], (7, 3)=[^], (4, 1)=[^]}
16 Jan 2025 01:03:27 GMT Zwierzę poruszyło się z (4, 0) na (4, 1)
16 Jan 2025 01:03:28 GMT Długość listy pozycji: 10
Lista pozycji zwierząt: {(8, 8)=[^], (4, 5)=[v], (6, 9)=[^], (0, 8)=[^], (9, 1)=[^], (7, 2)=[◣], (6, 1)=[◣, v, ^], (6, 2)=[^], (7, 3)=[^], (4, 1)=[^]}
16 Jan 2025 01:03:28 GMT Zwierzę poruszyło się z (6, 1) na (6, 2)
16 Jan 2025 01:03:28 GMT Zwierzę zjadło roślinkę na (8, 8)
16 Jan 2025 01:03:28 GMT Zwierzę zjadło roślinkę na (4, 5)
16 Jan 2025 01:03:28 GMT Zwierzę zjadło roślinkę na (0, 8)
16 Jan 2025 01:03:28 GMT Zwierzę zjadło roślinkę na (9, 1)
16 Jan 2025 01:03:28 GMT Zwierzę zjadło roślinkę na (6, 2)
16 Jan 2025 01:03:28 GMT Zwierzę zjadło roślinkę na (7, 3)
16 Jan 2025 01:03:29 GMT Zwierze zostało położone na (6, 1)
16 Jan 2025 01:03:29 GMT Urodziło się nowe zwierzę na (6, 1)
16 Jan 2025 01:03:30 GMT Roślinka wyrosła na (0, 0)
16 Jan 2025 01:03:30 GMT Roślinka wyrosła na (1, 2)
16 Jan 2025 01:03:30 GMT Roślinka wyrosła na (3, 3)
16 Jan 2025 01:03:30 GMT Roślinka wyrosła na (3, 9)
16 Jan 2025 01:03:30 GMT Roślinka wyrosła na (8, 1)
16 Jan 2025 01:03:30 GMT Roślinka wyrosła na (1, 3)
16 Jan 2025 01:03:30 GMT Roślinka wyrosła na (4, 9)
16 Jan 2025 01:03:30 GMT Roślinka wyrosła na (4, 7)
16 Jan 2025 01:03:30 GMT Roślinka wyrosła na (4, 2)
16 Jan 2025 01:03:30 GMT Roślinka wyrosła na (1, 0)
16 Jan 2025 01:03:31 GMT Długość listy pozycji: 10
Lista pozycji zwierząt: {(4, 4)=[v], (8, 8)=[^], (6, 9)=[^], (0, 8)=[^], (9, 1)=[^], (7, 2)=[◣], (6, 1)=[<, ◣, v, ^], (6, 2)=[^], (7, 3)=[^], (4, 1)=[^]}
16 Jan 2025 01:03:31 GMT Zwierzę poruszyło się z (4, 5) na (4, 4)
16 Jan 2025 01:03:31 GMT Długość listy pozycji: 10
Lista pozycji zwierząt: {(4, 4)=[v], (8, 8)=[^], (7, 8)=[◢], (0, 8)=[^], (9, 1)=[^], (7, 2)=[◣], (6, 1)=[<, ◣, v, ^], (6, 2)=[^], (7, 3)=[^], (4, 1)=[^]}
16 Jan 2025 01:03:31 GMT Zwierzę poruszyło się z (6, 9) na (7, 8)
16 Jan 2025 01:03:32 GMT Długość listy pozycji: 10
Lista pozycji zwierząt: {(4, 4)=[v], (8, 8)=[^], (7, 8)=[◢], (0, 8)=[^], (9, 1)=[^], (8, 3)=[>], (7, 2)=[◣], (6, 1)=[<, ◣, v, ^], (6, 2)=[^], (4, 1)=[^]}
16 Jan 2025 01:03:32 GMT Zwierzę poruszyło się z (7, 3) na (8, 3)
16 Jan 2025 01:03:32 GMT Długość listy pozycji: 9
Lista pozycji zwierząt: {(4, 4)=[v], (7, 8)=[<, ◢], (0, 8)=[^], (9, 1)=[^], (8, 3)=[>], (7, 2)=[◣], (6, 1)=[<, ◣, v, ^], (6, 2)=[^], (4, 1)=[^]}
16 Jan 2025 01:03:32 GMT Zwierzę poruszyło się z (8, 8) na (7, 8)
16 Jan 2025 01:03:33 GMT Długość listy pozycji: 9
Lista pozycji zwierząt: {(4, 4)=[v], (7, 8)=[<, ◢], (0, 8)=[^], (8, 1)=[<], (8, 3)=[>], (7, 2)=[◣], (6, 1)=[<, ◣, v, ^], (6, 2)=[^], (4, 1)=[^]}
16 Jan 2025 01:03:33 GMT Zwierzę poruszyło się z (9, 1) na (8, 1)
16 Jan 2025 01:03:33 GMT Długość listy pozycji: 9
Lista pozycji zwierząt: {(4, 4)=[v], (7, 8)=[<, ◢], (1, 8)=[>], (8, 1)=[<], (8, 3)=[>], (7, 2)=[◣], (6, 1)=[<, ◣, v, ^], (6, 2)=[^], (4, 1)=[^]}
16 Jan 2025 01:03:33 GMT Zwierzę poruszyło się z (0, 8) na (1, 8)
16 Jan 2025 01:03:34 GMT Długość listy pozycji: 9
Lista pozycji zwierząt: {(4, 4)=[v], (7, 8)=[<, ◢], (1, 8)=[>], (8, 1)=[<], (8, 3)=[>], (7, 2)=[◣], (6, 1)=[<, ◣, v, ^], (5, 1)=[>], (6, 2)=[^]}
16 Jan 2025 01:03:34 GMT Zwierzę poruszyło się z (4, 1) na (5, 1)
16 Jan 2025 01:03:34 GMT Długość listy pozycji: 8
Lista pozycji zwierząt: {(4, 4)=[v], (7, 8)=[<, ◢], (1, 8)=[>], (8, 1)=[<], (8, 3)=[>], (7, 2)=[>, ◣], (6, 1)=[<, ◣, v, >], (5, 1)=[>]}
16 Jan 2025 01:03:34 GMT Zwierzę poruszyło się z (6, 2) na (7, 2)
16 Jan 2025 01:03:35 GMT Zwierzę zjadło roślinkę na (4, 4)
16 Jan 2025 01:03:35 GMT Zwierzę zjadło roślinkę na (7, 8)
16 Jan 2025 01:03:35 GMT Zwierzę zjadło roślinkę na (8, 1)
16 Jan 2025 01:03:35 GMT Zwierzę zjadło roślinkę na (5, 1)
16 Jan 2025 01:03:35 GMT Zwierze zostało położone na (7, 8)
16 Jan 2025 01:03:35 GMT Urodziło się nowe zwierzę na (7, 8)
16 Jan 2025 01:03:35 GMT Zwierze zostało położone na (7, 2)
16 Jan 2025 01:03:35 GMT Urodziło się nowe zwierzę na (7, 2)
16 Jan 2025 01:03:35 GMT Zwierze zostało położone na (6, 1)
16 Jan 2025 01:03:35 GMT Urodziło się nowe zwierzę na (6, 1)
16 Jan 2025 01:03:36 GMT Roślinka wyrosła na (1, 1)
16 Jan 2025 01:03:36 GMT Roślinka wyrosła na (6, 1)
16 Jan 2025 01:03:36 GMT Roślinka wyrosła na (9, 9)
16 Jan 2025 01:03:36 GMT Roślinka wyrosła na (4, 0)
16 Jan 2025 01:03:36 GMT Roślinka wyrosła na (3, 7)
16 Jan 2025 01:03:36 GMT Roślinka wyrosła na (8, 4)
16 Jan 2025 01:03:36 GMT Roślinka wyrosła na (2, 3)
16 Jan 2025 01:03:36 GMT Roślinka wyrosła na (5, 3)
16 Jan 2025 01:03:36 GMT Roślinka wyrosła na (9, 4)
16 Jan 2025 01:03:36 GMT Roślinka wyrosła na (7, 0)
16 Jan 2025 01:03:37 GMT Długość listy pozycji: 8
Lista pozycji zwierząt: {(4, 3)=[v], (7, 8)=[<, ◢, >], (1, 8)=[>], (8, 1)=[<], (8, 3)=[>], (7, 2)=[>, ◣, ◣], (6, 1)=[v, <, ◣, v, >], (5, 1)=[>]}
16 Jan 2025 01:03:37 GMT Zwierzę poruszyło się z (4, 4) na (4, 3)
16 Jan 2025 01:03:37 GMT Długość listy pozycji: 9
Lista pozycji zwierząt: {(4, 3)=[v], (7, 8)=[<, >], (6, 8)=[<], (1, 8)=[>], (8, 1)=[<], (8, 3)=[>], (7, 2)=[>, ◣, ◣], (6, 1)=[v, <, ◣, v, >], (5, 1)=[>]}
16 Jan 2025 01:03:37 GMT Zwierzę poruszyło się z (7, 8) na (6, 8)
16 Jan 2025 01:03:38 GMT Długość listy pozycji: 9
Lista pozycji zwierząt: {(4, 3)=[v], (7, 8)=[<, >], (6, 8)=[<], (1, 8)=[>], (8, 1)=[<], (8, 2)=[v], (7, 2)=[>, ◣, ◣], (6, 1)=[v, <, ◣, v, >], (5, 1)=[>]}
16 Jan 2025 01:03:38 GMT Zwierzę poruszyło się z (8, 3) na (8, 2)
16 Jan 2025 01:03:38 GMT Długość listy pozycji: 10
Lista pozycji zwierząt: {(4, 3)=[v], (7, 7)=[v], (7, 8)=[>], (6, 8)=[<], (1, 8)=[>], (8, 1)=[<], (8, 2)=[v], (7, 2)=[>, ◣, ◣], (6, 1)=[v, <, ◣, v, >], (5, 1)=[>]}
16 Jan 2025 01:03:38 GMT Zwierzę poruszyło się z (7, 8) na (7, 7)
16 Jan 2025 01:03:39 GMT Długość listy pozycji: 10
Lista pozycji zwierząt: {(4, 3)=[v], (7, 7)=[v], (7, 8)=[>], (6, 8)=[<], (1, 8)=[>], (8, 0)=[v], (8, 2)=[v], (7, 2)=[>, ◣, ◣], (6, 1)=[v, <, ◣, v, >], (5, 1)=[>]}
16 Jan 2025 01:03:39 GMT Zwierzę poruszyło się z (8, 1) na (8, 0)
16 Jan 2025 01:03:39 GMT Długość listy pozycji: 10
Lista pozycji zwierząt: {(4, 3)=[v], (7, 7)=[v], (7, 8)=[>], (6, 8)=[<], (1, 7)=[v], (8, 0)=[v], (8, 2)=[v], (7, 2)=[>, ◣, ◣], (6, 1)=[v, <, ◣, v, >], (5, 1)=[>]}
16 Jan 2025 01:03:39 GMT Zwierzę poruszyło się z (1, 8) na (1, 7)
16 Jan 2025 01:03:40 GMT Długość listy pozycji: 10
Lista pozycji zwierząt: {(4, 3)=[v], (7, 7)=[v], (7, 8)=[>], (6, 8)=[<], (1, 7)=[v], (8, 0)=[v], (8, 2)=[v], (5, 0)=[v], (7, 2)=[>, ◣, ◣], (6, 1)=[v, <, ◣, v, >]}
16 Jan 2025 01:03:40 GMT Zwierzę poruszyło się z (5, 1) na (5, 0)
16 Jan 2025 01:03:40 GMT Długość listy pozycji: 11
Lista pozycji zwierząt: {(4, 3)=[v], (7, 7)=[v], (7, 8)=[>], (6, 8)=[<], (1, 7)=[v], (8, 0)=[v], (7, 1)=[v], (8, 2)=[v], (5, 0)=[v], (7, 2)=[v, ◣, ◣], (6, 1)=[v, <, ◣, v, v]}
16 Jan 2025 01:03:40 GMT Zwierzę poruszyło się z (7, 2) na (7, 1)
16 Jan 2025 01:03:41 GMT Zwierzę zjadło roślinkę na (4, 3)
16 Jan 2025 01:03:41 GMT Zwierzę zjadło roślinkę na (1, 7)
16 Jan 2025 01:03:41 GMT Zwierzę zjadło roślinkę na (8, 2)
16 Jan 2025 01:03:41 GMT Zwierzę zjadło roślinkę na (5, 0)
16 Jan 2025 01:03:41 GMT Zwierzę zjadło roślinkę na (6, 1)
