16 Jan 2025 00:56:43 GMT Zwierze zostało położone na (0, 2)
16 Jan 2025 00:56:43 GMT Zwierze zostało położone na (9, 7)
16 Jan 2025 00:56:43 GMT Zwierze zostało położone na (6, 6)
16 Jan 2025 00:56:43 GMT Zwierze zostało położone na (3, 0)
16 Jan 2025 00:56:43 GMT Zwierze zostało położone na (4, 8)
16 Jan 2025 00:56:43 GMT Zwierze zostało położone na (9, 5)
16 Jan 2025 00:56:43 GMT Zwierze zostało położone na (0, 9)
16 Jan 2025 00:56:43 GMT Zwierze zostało położone na (3, 2)
16 Jan 2025 00:56:43 GMT Zwierze zostało położone na (5, 4)
16 Jan 2025 00:56:43 GMT Zwierze zostało położone na (7, 5)
16 Jan 2025 00:56:44 GMT Długość listy pozycji: 10
Lista pozycji zwierząt: {(5, 4)=[>], (3, 2)=[◢], (6, 6)=[◥], (0, 1)=[v], (4, 8)=[>], (0, 9)=[^], (9, 5)=[>], (3, 0)=[◣], (7, 5)=[>], (9, 7)=[◣]}
16 Jan 2025 00:56:44 GMT Zwierzę poruszyło się z (0, 2) na (0, 1)
16 Jan 2025 00:56:44 GMT Długość listy pozycji: 10
Lista pozycji zwierząt: {(5, 4)=[>], (3, 2)=[◢], (6, 6)=[◥], (0, 1)=[v], (4, 8)=[>], (0, 7)=[>], (0, 9)=[^], (9, 5)=[>], (3, 0)=[◣], (7, 5)=[>]}
16 Jan 2025 00:56:44 GMT Zwierzę poruszyło się z (9, 7) na (0, 7)
16 Jan 2025 00:56:45 GMT Długość listy pozycji: 10
Lista pozycji zwierząt: {(7, 6)=[>], (5, 4)=[>], (3, 2)=[◢], (0, 1)=[v], (4, 8)=[>], (0, 7)=[>], (0, 9)=[^], (9, 5)=[>], (3, 0)=[◣], (7, 5)=[>]}
16 Jan 2025 00:56:45 GMT Zwierzę poruszyło się z (6, 6) na (7, 6)
16 Jan 2025 00:56:45 GMT Długość listy pozycji: 10
Lista pozycji zwierząt: {(7, 6)=[>], (5, 4)=[>], (3, 2)=[◢], (0, 1)=[v], (4, 8)=[>], (0, 7)=[>], (0, 9)=[^], (4, 0)=[>], (9, 5)=[>], (7, 5)=[>]}
16 Jan 2025 00:56:45 GMT Zwierzę poruszyło się z (3, 0) na (4, 0)
16 Jan 2025 00:56:46 GMT Długość listy pozycji: 10
Lista pozycji zwierząt: {(7, 6)=[>], (5, 4)=[>], (3, 2)=[◢], (0, 1)=[v], (4, 7)=[v], (0, 7)=[>], (0, 9)=[^], (4, 0)=[>], (9, 5)=[>], (7, 5)=[>]}
16 Jan 2025 00:56:46 GMT Zwierzę poruszyło się z (4, 8) na (4, 7)
16 Jan 2025 00:56:46 GMT Długość listy pozycji: 10
Lista pozycji zwierząt: {(7, 6)=[>], (5, 4)=[>], (3, 2)=[◢], (0, 1)=[v], (4, 7)=[v], (0, 7)=[>], (0, 9)=[^], (9, 4)=[v], (4, 0)=[>], (7, 5)=[>]}
16 Jan 2025 00:56:46 GMT Zwierzę poruszyło się z (9, 5) na (9, 4)
16 Jan 2025 00:56:47 GMT Długość listy pozycji: 10
Lista pozycji zwierząt: {(7, 6)=[>], (5, 4)=[>], (3, 2)=[◢], (0, 1)=[v], (4, 7)=[v], (0, 7)=[>], (0, 9)=[v], (9, 4)=[v], (4, 0)=[>], (7, 5)=[>]}
16 Jan 2025 00:56:47 GMT Zwierzę poruszyło się z (0, 9) na (0, 9)
16 Jan 2025 00:56:47 GMT Długość listy pozycji: 10
Lista pozycji zwierząt: {(7, 6)=[>], (5, 4)=[>], (2, 2)=[<], (0, 1)=[v], (4, 7)=[v], (0, 7)=[>], (0, 9)=[v], (9, 4)=[v], (4, 0)=[>], (7, 5)=[>]}
16 Jan 2025 00:56:47 GMT Zwierzę poruszyło się z (3, 2) na (2, 2)
16 Jan 2025 00:56:48 GMT Długość listy pozycji: 10
Lista pozycji zwierząt: {(7, 6)=[>], (2, 2)=[<], (0, 1)=[v], (4, 7)=[v], (0, 7)=[>], (0, 9)=[v], (9, 4)=[v], (4, 0)=[>], (5, 3)=[v], (7, 5)=[>]}
16 Jan 2025 00:56:48 GMT Zwierzę poruszyło się z (5, 4) na (5, 3)
16 Jan 2025 00:56:48 GMT Długość listy pozycji: 10
Lista pozycji zwierząt: {(7, 6)=[>], (2, 2)=[<], (0, 1)=[v], (4, 7)=[v], (0, 7)=[>], (0, 9)=[v], (9, 4)=[v], (4, 0)=[>], (7, 4)=[v], (5, 3)=[v]}
16 Jan 2025 00:56:48 GMT Zwierzę poruszyło się z (7, 5) na (7, 4)
16 Jan 2025 00:56:50 GMT Roślinka wyrosła na (5, 6)
16 Jan 2025 00:56:50 GMT Roślinka wyrosła na (3, 5)
16 Jan 2025 00:56:50 GMT Roślinka wyrosła na (8, 5)
16 Jan 2025 00:56:50 GMT Roślinka wyrosła na (9, 5)
16 Jan 2025 00:56:50 GMT Roślinka wyrosła na (0, 6)
16 Jan 2025 00:56:50 GMT Roślinka wyrosła na (6, 5)
16 Jan 2025 00:56:50 GMT Roślinka wyrosła na (8, 6)
16 Jan 2025 00:56:50 GMT Roślinka wyrosła na (7, 4)
16 Jan 2025 00:56:50 GMT Roślinka wyrosła na (1, 5)
16 Jan 2025 00:56:50 GMT Roślinka wyrosła na (9, 6)
16 Jan 2025 00:56:51 GMT Długość listy pozycji: 10
Lista pozycji zwierząt: {(7, 6)=[>], (1, 1)=[>], (2, 2)=[<], (4, 7)=[v], (0, 7)=[>], (0, 9)=[v], (9, 4)=[v], (4, 0)=[>], (7, 4)=[v], (5, 3)=[v]}
16 Jan 2025 00:56:51 GMT Zwierzę poruszyło się z (0, 1) na (1, 1)
16 Jan 2025 00:56:51 GMT Długość listy pozycji: 10
Lista pozycji zwierząt: {(9, 8)=[◤], (7, 6)=[>], (1, 1)=[>], (2, 2)=[<], (4, 7)=[v], (0, 9)=[v], (9, 4)=[v], (4, 0)=[>], (7, 4)=[v], (5, 3)=[v]}
16 Jan 2025 00:56:51 GMT Zwierzę poruszyło się z (0, 7) na (9, 8)
16 Jan 2025 00:56:52 GMT Długość listy pozycji: 10
Lista pozycji zwierząt: {(9, 8)=[◤], (1, 1)=[>], (2, 2)=[<], (4, 7)=[v], (0, 9)=[v], (9, 4)=[v], (4, 0)=[>], (8, 5)=[◢], (7, 4)=[v], (5, 3)=[v]}
16 Jan 2025 00:56:52 GMT Zwierzę poruszyło się z (7, 6) na (8, 5)
16 Jan 2025 00:56:52 GMT Długość listy pozycji: 10
Lista pozycji zwierząt: {(9, 8)=[◤], (1, 1)=[>], (2, 2)=[<], (4, 7)=[v], (0, 9)=[v], (9, 4)=[v], (8, 5)=[◢], (7, 4)=[v], (3, 1)=[◤], (5, 3)=[v]}
16 Jan 2025 00:56:52 GMT Zwierzę poruszyło się z (4, 0) na (3, 1)
16 Jan 2025 00:56:53 GMT Długość listy pozycji: 10
Lista pozycji zwierząt: {(9, 8)=[◤], (1, 1)=[>], (2, 2)=[<], (3, 7)=[<], (0, 9)=[v], (9, 4)=[v], (8, 5)=[◢], (7, 4)=[v], (3, 1)=[◤], (5, 3)=[v]}
16 Jan 2025 00:56:53 GMT Zwierzę poruszyło się z (4, 7) na (3, 7)
16 Jan 2025 00:56:53 GMT Długość listy pozycji: 10
Lista pozycji zwierząt: {(9, 8)=[◤], (1, 1)=[>], (2, 2)=[<], (3, 7)=[<], (0, 9)=[v], (8, 4)=[<], (8, 5)=[◢], (7, 4)=[v], (3, 1)=[◤], (5, 3)=[v]}
16 Jan 2025 00:56:53 GMT Zwierzę poruszyło się z (9, 4) na (8, 4)
16 Jan 2025 00:56:54 GMT Długość listy pozycji: 10
Lista pozycji zwierząt: {(9, 8)=[◤], (1, 1)=[>], (2, 2)=[<], (3, 7)=[<], (0, 8)=[v], (8, 4)=[<], (8, 5)=[◢], (7, 4)=[v], (3, 1)=[◤], (5, 3)=[v]}
16 Jan 2025 00:56:54 GMT Zwierzę poruszyło się z (0, 9) na (0, 8)
16 Jan 2025 00:56:54 GMT Długość listy pozycji: 10
Lista pozycji zwierząt: {(9, 8)=[◤], (3, 3)=[◥], (1, 1)=[>], (3, 7)=[<], (0, 8)=[v], (8, 4)=[<], (8, 5)=[◢], (7, 4)=[v], (3, 1)=[◤], (5, 3)=[v]}
16 Jan 2025 00:56:54 GMT Zwierzę poruszyło się z (2, 2) na (3, 3)
16 Jan 2025 00:56:55 GMT Długość listy pozycji: 10
Lista pozycji zwierząt: {(4, 3)=[<], (9, 8)=[◤], (3, 3)=[◥], (1, 1)=[>], (3, 7)=[<], (0, 8)=[v], (8, 4)=[<], (8, 5)=[◢], (7, 4)=[v], (3, 1)=[◤]}
16 Jan 2025 00:56:55 GMT Zwierzę poruszyło się z (5, 3) na (4, 3)
16 Jan 2025 00:56:55 GMT Długość listy pozycji: 10
Lista pozycji zwierząt: {(4, 3)=[<], (9, 8)=[◤], (3, 3)=[◥], (1, 1)=[>], (3, 7)=[<], (0, 8)=[v], (8, 4)=[<], (8, 5)=[◢], (6, 4)=[<], (3, 1)=[◤]}
16 Jan 2025 00:56:55 GMT Zwierzę poruszyło się z (7, 4) na (6, 4)
16 Jan 2025 00:56:56 GMT Zwierzę zjadło roślinkę na (8, 5)
16 Jan 2025 00:56:57 GMT Roślinka wyrosła na (0, 3)
16 Jan 2025 00:56:57 GMT Roślinka wyrosła na (7, 6)
16 Jan 2025 00:56:57 GMT Roślinka wyrosła na (2, 6)
16 Jan 2025 00:56:57 GMT Roślinka wyrosła na (4, 4)
16 Jan 2025 00:56:57 GMT Roślinka wyrosła na (7, 1)
16 Jan 2025 00:56:57 GMT Roślinka wyrosła na (2, 9)
16 Jan 2025 00:56:57 GMT Roślinka wyrosła na (8, 3)
16 Jan 2025 00:56:57 GMT Roślinka wyrosła na (2, 4)
16 Jan 2025 00:56:57 GMT Roślinka wyrosła na (8, 0)
16 Jan 2025 00:56:57 GMT Roślinka wyrosła na (6, 0)
16 Jan 2025 00:56:58 GMT Długość listy pozycji: 10
Lista pozycji zwierząt: {(4, 3)=[<], (9, 8)=[◤], (3, 3)=[◥], (1, 2)=[^], (3, 7)=[<], (0, 8)=[v], (8, 4)=[<], (8, 5)=[◢], (6, 4)=[<], (3, 1)=[◤]}
16 Jan 2025 00:56:58 GMT Zwierzę poruszyło się z (1, 1) na (1, 2)
16 Jan 2025 00:56:58 GMT Długość listy pozycji: 10
Lista pozycji zwierząt: {(4, 3)=[<], (3, 3)=[◥], (1, 2)=[^], (3, 7)=[<], (0, 8)=[v], (8, 4)=[<], (8, 5)=[◢], (9, 7)=[v], (6, 4)=[<], (3, 1)=[◤]}
16 Jan 2025 00:56:58 GMT Zwierzę poruszyło się z (9, 8) na (9, 7)
16 Jan 2025 00:56:59 GMT Długość listy pozycji: 9
Lista pozycji zwierząt: {(4, 3)=[<], (3, 3)=[◥], (1, 2)=[^], (3, 7)=[<], (0, 8)=[v], (8, 4)=[v, <], (9, 7)=[v], (6, 4)=[<], (3, 1)=[◤]}
16 Jan 2025 00:56:59 GMT Zwierzę poruszyło się z (8, 5) na (8, 4)
16 Jan 2025 00:56:59 GMT Długość listy pozycji: 9
Lista pozycji zwierząt: {(4, 3)=[<], (3, 3)=[◥], (1, 2)=[^], (3, 7)=[<], (0, 8)=[v], (8, 4)=[v, <], (3, 0)=[v], (9, 7)=[v], (6, 4)=[<]}
16 Jan 2025 00:56:59 GMT Zwierzę poruszyło się z (3, 1) na (3, 0)
16 Jan 2025 00:57:00 GMT Długość listy pozycji: 9
Lista pozycji zwierząt: {(4, 3)=[<], (3, 3)=[◥], (1, 2)=[^], (3, 8)=[^], (0, 8)=[v], (8, 4)=[v, <], (3, 0)=[v], (9, 7)=[v], (6, 4)=[<]}
16 Jan 2025 00:57:00 GMT Zwierzę poruszyło się z (3, 7) na (3, 8)
16 Jan 2025 00:57:00 GMT Długość listy pozycji: 10
Lista pozycji zwierząt: {(4, 3)=[<], (3, 3)=[◥], (1, 2)=[^], (3, 8)=[^], (0, 8)=[v], (8, 4)=[v], (8, 5)=[^], (3, 0)=[v], (9, 7)=[v], (6, 4)=[<]}
16 Jan 2025 00:57:00 GMT Zwierzę poruszyło się z (8, 4) na (8, 5)
16 Jan 2025 00:57:01 GMT Długość listy pozycji: 10
Lista pozycji zwierząt: {(4, 3)=[<], (3, 3)=[◥], (1, 2)=[^], (3, 8)=[^], (0, 7)=[v], (8, 4)=[v], (8, 5)=[^], (3, 0)=[v], (9, 7)=[v], (6, 4)=[<]}
16 Jan 2025 00:57:01 GMT Zwierzę poruszyło się z (0, 8) na (0, 7)
16 Jan 2025 00:57:01 GMT Długość listy pozycji: 10
Lista pozycji zwierząt: {(3, 2)=[v], (4, 3)=[<], (1, 2)=[^], (3, 8)=[^], (0, 7)=[v], (8, 4)=[v], (8, 5)=[^], (3, 0)=[v], (9, 7)=[v], (6, 4)=[<]}
16 Jan 2025 00:57:01 GMT Zwierzę poruszyło się z (3, 3) na (3, 2)
16 Jan 2025 00:57:02 GMT Długość listy pozycji: 10
Lista pozycji zwierząt: {(3, 2)=[v], (4, 4)=[^], (1, 2)=[^], (3, 8)=[^], (0, 7)=[v], (8, 4)=[v], (8, 5)=[^], (3, 0)=[v], (9, 7)=[v], (6, 4)=[<]}
16 Jan 2025 00:57:02 GMT Zwierzę poruszyło się z (4, 3) na (4, 4)
16 Jan 2025 00:57:02 GMT Długość listy pozycji: 10
Lista pozycji zwierząt: {(6, 5)=[^], (3, 2)=[v], (4, 4)=[^], (1, 2)=[^], (3, 8)=[^], (0, 7)=[v], (8, 4)=[v], (8, 5)=[^], (3, 0)=[v], (9, 7)=[v]}
16 Jan 2025 00:57:02 GMT Zwierzę poruszyło się z (6, 4) na (6, 5)
16 Jan 2025 00:57:03 GMT Zwierzę zjadło roślinkę na (6, 5)
16 Jan 2025 00:57:03 GMT Zwierzę zjadło roślinkę na (4, 4)
16 Jan 2025 00:57:04 GMT Roślinka wyrosła na (5, 4)
16 Jan 2025 00:57:04 GMT Roślinka wyrosła na (6, 9)
16 Jan 2025 00:57:04 GMT Roślinka wyrosła na (5, 9)
16 Jan 2025 00:57:04 GMT Roślinka wyrosła na (9, 9)
16 Jan 2025 00:57:04 GMT Roślinka wyrosła na (7, 7)
16 Jan 2025 00:57:04 GMT Roślinka wyrosła na (1, 7)
16 Jan 2025 00:57:04 GMT Roślinka wyrosła na (5, 1)
16 Jan 2025 00:57:04 GMT Roślinka wyrosła na (7, 8)
16 Jan 2025 00:57:04 GMT Roślinka wyrosła na (3, 7)
16 Jan 2025 00:57:04 GMT Roślinka wyrosła na (1, 8)
16 Jan 2025 00:57:05 GMT Długość listy pozycji: 10
Lista pozycji zwierząt: {(6, 5)=[^], (3, 2)=[v], (4, 4)=[^], (0, 2)=[<], (3, 8)=[^], (0, 7)=[v], (8, 4)=[v], (8, 5)=[^], (3, 0)=[v], (9, 7)=[v]}
16 Jan 2025 00:57:05 GMT Zwierzę poruszyło się z (1, 2) na (0, 2)
16 Jan 2025 00:57:05 GMT Długość listy pozycji: 10
Lista pozycji zwierząt: {(6, 5)=[^], (3, 2)=[v], (4, 4)=[^], (0, 2)=[<], (3, 8)=[^], (0, 7)=[v], (0, 8)=[◥], (8, 4)=[v], (8, 5)=[^], (3, 0)=[v]}
16 Jan 2025 00:57:05 GMT Zwierzę poruszyło się z (9, 7) na (0, 8)
16 Jan 2025 00:57:06 GMT Długość listy pozycji: 10
Lista pozycji zwierząt: {(6, 5)=[^], (3, 2)=[v], (4, 4)=[^], (0, 2)=[<], (3, 8)=[^], (0, 7)=[v], (0, 8)=[◥], (7, 3)=[◣], (8, 5)=[^], (3, 0)=[v]}
16 Jan 2025 00:57:06 GMT Zwierzę poruszyło się z (8, 4) na (7, 3)
16 Jan 2025 00:57:06 GMT Długość listy pozycji: 10
Lista pozycji zwierząt: {(6, 5)=[^], (3, 2)=[v], (4, 4)=[^], (0, 2)=[<], (3, 8)=[^], (0, 7)=[v], (0, 8)=[◥], (7, 3)=[◣], (4, 1)=[◥], (8, 5)=[^]}
16 Jan 2025 00:57:06 GMT Zwierzę poruszyło się z (3, 0) na (4, 1)
16 Jan 2025 00:57:07 GMT Długość listy pozycji: 10
Lista pozycji zwierząt: {(6, 5)=[^], (3, 2)=[v], (4, 4)=[^], (0, 2)=[<], (4, 8)=[>], (0, 7)=[v], (0, 8)=[◥], (7, 3)=[◣], (4, 1)=[◥], (8, 5)=[^]}
16 Jan 2025 00:57:07 GMT Zwierzę poruszyło się z (3, 8) na (4, 8)
16 Jan 2025 00:57:07 GMT Długość listy pozycji: 10
Lista pozycji zwierząt: {(6, 5)=[^], (3, 2)=[v], (4, 4)=[^], (0, 2)=[<], (4, 8)=[>], (0, 7)=[v], (0, 8)=[◥], (9, 5)=[>], (7, 3)=[◣], (4, 1)=[◥]}
16 Jan 2025 00:57:07 GMT Zwierzę poruszyło się z (8, 5) na (9, 5)
16 Jan 2025 00:57:08 GMT Długość listy pozycji: 10
Lista pozycji zwierząt: {(6, 5)=[^], (3, 2)=[v], (4, 4)=[^], (0, 2)=[<], (4, 8)=[>], (0, 6)=[v], (0, 8)=[◥], (9, 5)=[>], (7, 3)=[◣], (4, 1)=[◥]}
16 Jan 2025 00:57:08 GMT Zwierzę poruszyło się z (0, 7) na (0, 6)
16 Jan 2025 00:57:08 GMT Długość listy pozycji: 10
Lista pozycji zwierząt: {(6, 5)=[^], (4, 4)=[^], (2, 3)=[◤], (0, 2)=[<], (4, 8)=[>], (0, 6)=[v], (0, 8)=[◥], (9, 5)=[>], (7, 3)=[◣], (4, 1)=[◥]}
16 Jan 2025 00:57:08 GMT Zwierzę poruszyło się z (3, 2) na (2, 3)
16 Jan 2025 00:57:09 GMT Długość listy pozycji: 10
Lista pozycji zwierząt: {(5, 4)=[>], (6, 5)=[^], (2, 3)=[◤], (0, 2)=[<], (4, 8)=[>], (0, 6)=[v], (0, 8)=[◥], (9, 5)=[>], (7, 3)=[◣], (4, 1)=[◥]}
16 Jan 2025 00:57:09 GMT Zwierzę poruszyło się z (4, 4) na (5, 4)
16 Jan 2025 00:57:09 GMT Długość listy pozycji: 10
Lista pozycji zwierząt: {(5, 4)=[>], (2, 3)=[◤], (0, 2)=[<], (4, 8)=[>], (0, 6)=[v], (0, 8)=[◥], (9, 5)=[>], (7, 3)=[◣], (4, 1)=[◥], (7, 5)=[>]}
16 Jan 2025 00:57:09 GMT Zwierzę poruszyło się z (6, 5) na (7, 5)
16 Jan 2025 00:57:10 GMT Zwierzę zjadło roślinkę na (5, 4)
16 Jan 2025 00:57:10 GMT Zwierzę zjadło roślinkę na (0, 6)
16 Jan 2025 00:57:10 GMT Zwierzę zjadło roślinkę na (9, 5)
16 Jan 2025 00:57:10 GMT Zwierzę zjadło roślinkę na (7, 5)
16 Jan 2025 00:57:11 GMT Roślinka wyrosła na (7, 9)
16 Jan 2025 00:57:11 GMT Roślinka wyrosła na (2, 7)
16 Jan 2025 00:57:11 GMT Roślinka wyrosła na (9, 1)
16 Jan 2025 00:57:11 GMT Roślinka wyrosła na (7, 3)
16 Jan 2025 00:57:11 GMT Roślinka wyrosła na (1, 0)
16 Jan 2025 00:57:11 GMT Roślinka wyrosła na (2, 3)
16 Jan 2025 00:57:11 GMT Roślinka wyrosła na (4, 3)
16 Jan 2025 00:57:11 GMT Roślinka wyrosła na (6, 8)
16 Jan 2025 00:57:11 GMT Roślinka wyrosła na (9, 0)
16 Jan 2025 00:57:11 GMT Roślinka wyrosła na (4, 7)
16 Jan 2025 00:57:12 GMT Długość listy pozycji: 10
Lista pozycji zwierząt: {(5, 4)=[>], (0, 1)=[v], (2, 3)=[◤], (4, 8)=[>], (0, 6)=[v], (0, 8)=[◥], (9, 5)=[>], (7, 3)=[◣], (4, 1)=[◥], (7, 5)=[>]}
16 Jan 2025 00:57:12 GMT Zwierzę poruszyło się z (0, 2) na (0, 1)
16 Jan 2025 00:57:12 GMT Długość listy pozycji: 10
Lista pozycji zwierząt: {(9, 8)=[<], (5, 4)=[>], (0, 1)=[v], (2, 3)=[◤], (4, 8)=[>], (0, 6)=[v], (9, 5)=[>], (7, 3)=[◣], (4, 1)=[◥], (7, 5)=[>]}
16 Jan 2025 00:57:12 GMT Zwierzę poruszyło się z (0, 8) na (9, 8)
16 Jan 2025 00:57:13 GMT Długość listy pozycji: 10
Lista pozycji zwierząt: {(9, 8)=[<], (5, 4)=[>], (0, 1)=[v], (2, 3)=[◤], (4, 8)=[>], (0, 6)=[v], (9, 5)=[>], (6, 3)=[<], (4, 1)=[◥], (7, 5)=[>]}
16 Jan 2025 00:57:13 GMT Zwierzę poruszyło się z (7, 3) na (6, 3)
16 Jan 2025 00:57:13 GMT Długość listy pozycji: 10
Lista pozycji zwierząt: {(9, 8)=[<], (5, 4)=[>], (0, 1)=[v], (2, 3)=[◤], (4, 8)=[>], (0, 6)=[v], (9, 5)=[>], (6, 3)=[<], (3, 1)=[<], (7, 5)=[>]}
16 Jan 2025 00:57:13 GMT Zwierzę poruszyło się z (4, 1) na (3, 1)
16 Jan 2025 00:57:14 GMT Długość listy pozycji: 10
Lista pozycji zwierząt: {(9, 8)=[<], (5, 4)=[>], (0, 1)=[v], (2, 3)=[◤], (4, 7)=[v], (0, 6)=[v], (9, 5)=[>], (6, 3)=[<], (3, 1)=[<], (7, 5)=[>]}
16 Jan 2025 00:57:14 GMT Zwierzę poruszyło się z (4, 8) na (4, 7)
16 Jan 2025 00:57:14 GMT Długość listy pozycji: 10
Lista pozycji zwierząt: {(9, 8)=[<], (5, 4)=[>], (0, 1)=[v], (2, 3)=[◤], (4, 7)=[v], (0, 6)=[v], (9, 4)=[v], (6, 3)=[<], (3, 1)=[<], (7, 5)=[>]}
16 Jan 2025 00:57:14 GMT Zwierzę poruszyło się z (9, 5) na (9, 4)
16 Jan 2025 00:57:15 GMT Długość listy pozycji: 10
Lista pozycji zwierząt: {(9, 8)=[<], (5, 4)=[>], (0, 1)=[v], (2, 3)=[◤], (4, 7)=[v], (0, 5)=[v], (9, 4)=[v], (6, 3)=[<], (3, 1)=[<], (7, 5)=[>]}
16 Jan 2025 00:57:15 GMT Zwierzę poruszyło się z (0, 6) na (0, 5)
16 Jan 2025 00:57:15 GMT Długość listy pozycji: 10
Lista pozycji zwierząt: {(9, 8)=[<], (5, 4)=[>], (3, 3)=[>], (0, 1)=[v], (4, 7)=[v], (0, 5)=[v], (9, 4)=[v], (6, 3)=[<], (3, 1)=[<], (7, 5)=[>]}
16 Jan 2025 00:57:15 GMT Zwierzę poruszyło się z (2, 3) na (3, 3)
16 Jan 2025 00:57:16 GMT Długość listy pozycji: 10
Lista pozycji zwierząt: {(9, 8)=[<], (3, 3)=[>], (0, 1)=[v], (4, 7)=[v], (0, 5)=[v], (9, 4)=[v], (6, 3)=[<], (5, 3)=[v], (3, 1)=[<], (7, 5)=[>]}
16 Jan 2025 00:57:16 GMT Zwierzę poruszyło się z (5, 4) na (5, 3)
16 Jan 2025 00:57:16 GMT Długość listy pozycji: 10
Lista pozycji zwierząt: {(9, 8)=[<], (3, 3)=[>], (0, 1)=[v], (4, 7)=[v], (0, 5)=[v], (9, 4)=[v], (7, 4)=[v], (6, 3)=[<], (5, 3)=[v], (3, 1)=[<]}
16 Jan 2025 00:57:16 GMT Zwierzę poruszyło się z (7, 5) na (7, 4)
16 Jan 2025 00:57:17 GMT Zwierzę zjadło roślinkę na (4, 7)
16 Jan 2025 00:57:17 GMT Zwierzę zjadło roślinkę na (0, 5)
16 Jan 2025 00:57:17 GMT Zwierzę zjadło roślinkę na (7, 4)
16 Jan 2025 00:57:17 GMT Zwierzę zjadło roślinkę na (6, 3)
16 Jan 2025 00:57:18 GMT Roślinka wyrosła na (1, 9)
16 Jan 2025 00:57:18 GMT Roślinka wyrosła na (5, 8)
16 Jan 2025 00:57:18 GMT Roślinka wyrosła na (2, 0)
16 Jan 2025 00:57:18 GMT Roślinka wyrosła na (2, 8)
16 Jan 2025 00:57:18 GMT Roślinka wyrosła na (3, 4)
16 Jan 2025 00:57:18 GMT Roślinka wyrosła na (0, 8)
16 Jan 2025 00:57:18 GMT Roślinka wyrosła na (1, 1)
16 Jan 2025 00:57:18 GMT Roślinka wyrosła na (3, 2)
16 Jan 2025 00:57:18 GMT Roślinka wyrosła na (0, 7)
16 Jan 2025 00:57:18 GMT Roślinka wyrosła na (4, 2)
16 Jan 2025 00:57:19 GMT Długość listy pozycji: 10
Lista pozycji zwierząt: {(9, 8)=[<], (1, 1)=[>], (3, 3)=[>], (4, 7)=[v], (0, 5)=[v], (9, 4)=[v], (7, 4)=[v], (6, 3)=[<], (5, 3)=[v], (3, 1)=[<]}
16 Jan 2025 00:57:19 GMT Zwierzę poruszyło się z (0, 1) na (1, 1)
16 Jan 2025 00:57:19 GMT Długość listy pozycji: 10
Lista pozycji zwierząt: {(1, 1)=[>], (3, 3)=[>], (4, 7)=[v], (0, 5)=[v], (0, 7)=[◢], (9, 4)=[v], (7, 4)=[v], (6, 3)=[<], (5, 3)=[v], (3, 1)=[<]}
16 Jan 2025 00:57:19 GMT Zwierzę poruszyło się z (9, 8) na (0, 7)
16 Jan 2025 00:57:20 GMT Długość listy pozycji: 10
Lista pozycji zwierząt: {(5, 4)=[◤], (1, 1)=[>], (3, 3)=[>], (4, 7)=[v], (0, 5)=[v], (0, 7)=[◢], (9, 4)=[v], (7, 4)=[v], (5, 3)=[v], (3, 1)=[<]}
16 Jan 2025 00:57:20 GMT Zwierzę poruszyło się z (6, 3) na (5, 4)
16 Jan 2025 00:57:20 GMT Długość listy pozycji: 10
Lista pozycji zwierząt: {(5, 4)=[◤], (1, 1)=[>], (3, 3)=[>], (4, 7)=[v], (0, 5)=[v], (0, 7)=[◢], (9, 4)=[v], (4, 0)=[◢], (7, 4)=[v], (5, 3)=[v]}
16 Jan 2025 00:57:20 GMT Zwierzę poruszyło się z (3, 1) na (4, 0)
16 Jan 2025 00:57:21 GMT Długość listy pozycji: 10
Lista pozycji zwierząt: {(5, 4)=[◤], (1, 1)=[>], (3, 3)=[>], (3, 7)=[<], (0, 5)=[v], (0, 7)=[◢], (9, 4)=[v], (4, 0)=[◢], (7, 4)=[v], (5, 3)=[v]}
16 Jan 2025 00:57:21 GMT Zwierzę poruszyło się z (4, 7) na (3, 7)
16 Jan 2025 00:57:21 GMT Długość listy pozycji: 10
Lista pozycji zwierząt: {(5, 4)=[◤], (1, 1)=[>], (3, 3)=[>], (3, 7)=[<], (0, 5)=[v], (0, 7)=[◢], (8, 4)=[<], (4, 0)=[◢], (7, 4)=[v], (5, 3)=[v]}
16 Jan 2025 00:57:21 GMT Zwierzę poruszyło się z (9, 4) na (8, 4)
16 Jan 2025 00:57:22 GMT Długość listy pozycji: 10
Lista pozycji zwierząt: {(5, 4)=[◤], (1, 1)=[>], (3, 3)=[>], (0, 4)=[v], (3, 7)=[<], (0, 7)=[◢], (8, 4)=[<], (4, 0)=[◢], (7, 4)=[v], (5, 3)=[v]}
16 Jan 2025 00:57:22 GMT Zwierzę poruszyło się z (0, 5) na (0, 4)
16 Jan 2025 00:57:23 GMT Długość listy pozycji: 10
Lista pozycji zwierząt: {(5, 4)=[◤], (2, 2)=[◣], (1, 1)=[>], (0, 4)=[v], (3, 7)=[<], (0, 7)=[◢], (8, 4)=[<], (4, 0)=[◢], (7, 4)=[v], (5, 3)=[v]}
16 Jan 2025 00:57:23 GMT Zwierzę poruszyło się z (3, 3) na (2, 2)
16 Jan 2025 00:57:23 GMT Długość listy pozycji: 10
Lista pozycji zwierząt: {(4, 3)=[<], (5, 4)=[◤], (2, 2)=[◣], (1, 1)=[>], (0, 4)=[v], (3, 7)=[<], (0, 7)=[◢], (8, 4)=[<], (4, 0)=[◢], (7, 4)=[v]}
16 Jan 2025 00:57:23 GMT Zwierzę poruszyło się z (5, 3) na (4, 3)
16 Jan 2025 00:57:24 GMT Długość listy pozycji: 10
Lista pozycji zwierząt: {(4, 3)=[<], (5, 4)=[◤], (2, 2)=[◣], (1, 1)=[>], (0, 4)=[v], (3, 7)=[<], (0, 7)=[◢], (8, 4)=[<], (4, 0)=[◢], (6, 4)=[<]}
16 Jan 2025 00:57:24 GMT Zwierzę poruszyło się z (7, 4) na (6, 4)
16 Jan 2025 00:57:24 GMT Zwierzę zjadło roślinkę na (4, 3)
16 Jan 2025 00:57:24 GMT Zwierzę zjadło roślinkę na (1, 1)
16 Jan 2025 00:57:24 GMT Zwierzę zjadło roślinkę na (3, 7)
16 Jan 2025 00:57:24 GMT Zwierzę zjadło roślinkę na (0, 7)
16 Jan 2025 00:57:25 GMT Roślinka wyrosła na (8, 1)
16 Jan 2025 00:57:25 GMT Roślinka wyrosła na (8, 8)
16 Jan 2025 00:57:25 GMT Roślinka wyrosła na (8, 2)
16 Jan 2025 00:57:25 GMT Roślinka wyrosła na (3, 0)
16 Jan 2025 00:57:25 GMT Roślinka wyrosła na (6, 4)
16 Jan 2025 00:57:25 GMT Roślinka wyrosła na (3, 1)
16 Jan 2025 00:57:25 GMT Roślinka wyrosła na (1, 4)
16 Jan 2025 00:57:25 GMT Roślinka wyrosła na (3, 9)
16 Jan 2025 00:57:25 GMT Roślinka wyrosła na (6, 1)
16 Jan 2025 00:57:25 GMT Roślinka wyrosła na (7, 0)
16 Jan 2025 00:57:26 GMT Długość listy pozycji: 10
Lista pozycji zwierząt: {(4, 3)=[<], (5, 4)=[◤], (2, 2)=[◣], (1, 2)=[^], (0, 4)=[v], (3, 7)=[<], (0, 7)=[◢], (8, 4)=[<], (4, 0)=[◢], (6, 4)=[<]}
16 Jan 2025 00:57:26 GMT Zwierzę poruszyło się z (1, 1) na (1, 2)
16 Jan 2025 00:57:27 GMT Długość listy pozycji: 10
Lista pozycji zwierząt: {(4, 3)=[<], (5, 4)=[◤], (2, 2)=[◣], (1, 2)=[^], (0, 4)=[v], (3, 7)=[<], (0, 8)=[^], (8, 4)=[<], (4, 0)=[◢], (6, 4)=[<]}
16 Jan 2025 00:57:27 GMT Zwierzę poruszyło się z (0, 7) na (0, 8)
16 Jan 2025 00:57:27 GMT Długość listy pozycji: 10
Lista pozycji zwierząt: {(4, 3)=[<], (5, 5)=[^], (2, 2)=[◣], (1, 2)=[^], (0, 4)=[v], (3, 7)=[<], (0, 8)=[^], (8, 4)=[<], (4, 0)=[◢], (6, 4)=[<]}
16 Jan 2025 00:57:27 GMT Zwierzę poruszyło się z (5, 4) na (5, 5)
16 Jan 2025 00:57:28 GMT Długość listy pozycji: 10
Lista pozycji zwierząt: {(4, 3)=[<], (5, 5)=[^], (2, 2)=[◣], (1, 2)=[^], (0, 4)=[v], (3, 7)=[<], (0, 8)=[^], (8, 4)=[<], (4, 1)=[^], (6, 4)=[<]}
16 Jan 2025 00:57:28 GMT Zwierzę poruszyło się z (4, 0) na (4, 1)
16 Jan 2025 00:57:28 GMT Długość listy pozycji: 10
Lista pozycji zwierząt: {(4, 3)=[<], (5, 5)=[^], (2, 2)=[◣], (1, 2)=[^], (0, 4)=[v], (3, 8)=[^], (0, 8)=[^], (8, 4)=[<], (4, 1)=[^], (6, 4)=[<]}
16 Jan 2025 00:57:28 GMT Zwierzę poruszyło się z (3, 7) na (3, 8)
16 Jan 2025 00:57:29 GMT Długość listy pozycji: 10
Lista pozycji zwierząt: {(4, 3)=[<], (5, 5)=[^], (2, 2)=[◣], (1, 2)=[^], (0, 4)=[v], (3, 8)=[^], (0, 8)=[^], (8, 5)=[^], (4, 1)=[^], (6, 4)=[<]}
16 Jan 2025 00:57:29 GMT Zwierzę poruszyło się z (8, 4) na (8, 5)
16 Jan 2025 00:57:29 GMT Długość listy pozycji: 10
Lista pozycji zwierząt: {(4, 3)=[<], (5, 5)=[^], (2, 2)=[◣], (1, 2)=[^], (0, 3)=[v], (3, 8)=[^], (0, 8)=[^], (8, 5)=[^], (4, 1)=[^], (6, 4)=[<]}
16 Jan 2025 00:57:29 GMT Zwierzę poruszyło się z (0, 4) na (0, 3)
16 Jan 2025 00:57:30 GMT Długość listy pozycji: 10
Lista pozycji zwierząt: {(4, 3)=[<], (5, 5)=[^], (2, 3)=[^], (1, 2)=[^], (0, 3)=[v], (3, 8)=[^], (0, 8)=[^], (8, 5)=[^], (4, 1)=[^], (6, 4)=[<]}
16 Jan 2025 00:57:30 GMT Zwierzę poruszyło się z (2, 2) na (2, 3)
16 Jan 2025 00:57:30 GMT Długość listy pozycji: 10
Lista pozycji zwierząt: {(4, 4)=[^], (5, 5)=[^], (2, 3)=[^], (1, 2)=[^], (0, 3)=[v], (3, 8)=[^], (0, 8)=[^], (8, 5)=[^], (4, 1)=[^], (6, 4)=[<]}
16 Jan 2025 00:57:30 GMT Zwierzę poruszyło się z (4, 3) na (4, 4)
16 Jan 2025 00:57:31 GMT Długość listy pozycji: 10
Lista pozycji zwierząt: {(6, 5)=[^], (4, 4)=[^], (5, 5)=[^], (2, 3)=[^], (1, 2)=[^], (0, 3)=[v], (3, 8)=[^], (0, 8)=[^], (8, 5)=[^], (4, 1)=[^]}
16 Jan 2025 00:57:31 GMT Zwierzę poruszyło się z (6, 4) na (6, 5)
16 Jan 2025 00:57:31 GMT Zwierzę zjadło roślinkę na (5, 5)
16 Jan 2025 00:57:31 GMT Zwierzę zjadło roślinkę na (2, 3)
16 Jan 2025 00:57:31 GMT Zwierzę zjadło roślinkę na (0, 3)
16 Jan 2025 00:57:31 GMT Zwierzę zjadło roślinkę na (0, 8)
16 Jan 2025 00:57:32 GMT Roślinka wyrosła na (8, 7)
16 Jan 2025 00:57:32 GMT Roślinka wyrosła na (2, 2)
16 Jan 2025 00:57:32 GMT Roślinka wyrosła na (9, 3)
16 Jan 2025 00:57:32 GMT Roślinka wyrosła na (9, 2)
16 Jan 2025 00:57:32 GMT Roślinka wyrosła na (5, 2)
16 Jan 2025 00:57:32 GMT Roślinka wyrosła na (0, 9)
16 Jan 2025 00:57:32 GMT Roślinka wyrosła na (0, 2)
16 Jan 2025 00:57:32 GMT Roślinka wyrosła na (3, 3)
16 Jan 2025 00:57:32 GMT Roślinka wyrosła na (1, 3)
16 Jan 2025 00:57:32 GMT Roślinka wyrosła na (6, 7)
16 Jan 2025 00:57:33 GMT Długość listy pozycji: 10
Lista pozycji zwierząt: {(6, 5)=[^], (4, 4)=[^], (5, 5)=[^], (2, 3)=[^], (0, 2)=[<], (0, 3)=[v], (3, 8)=[^], (0, 8)=[^], (8, 5)=[^], (4, 1)=[^]}
16 Jan 2025 00:57:33 GMT Zwierzę poruszyło się z (1, 2) na (0, 2)
16 Jan 2025 00:57:34 GMT Długość listy pozycji: 10
Lista pozycji zwierząt: {(6, 5)=[^], (4, 4)=[^], (5, 5)=[^], (2, 3)=[^], (0, 2)=[<], (0, 3)=[v], (3, 8)=[^], (8, 5)=[^], (4, 1)=[^], (9, 7)=[◣]}
16 Jan 2025 00:57:34 GMT Zwierzę poruszyło się z (0, 8) na (9, 7)
16 Jan 2025 00:57:34 GMT Długość listy pozycji: 10
Lista pozycji zwierząt: {(6, 5)=[^], (6, 6)=[◥], (4, 4)=[^], (2, 3)=[^], (0, 2)=[<], (0, 3)=[v], (3, 8)=[^], (8, 5)=[^], (4, 1)=[^], (9, 7)=[◣]}
16 Jan 2025 00:57:34 GMT Zwierzę poruszyło się z (5, 5) na (6, 6)
16 Jan 2025 00:57:35 GMT Długość listy pozycji: 10
Lista pozycji zwierząt: {(6, 5)=[^], (6, 6)=[◥], (4, 4)=[^], (2, 3)=[^], (0, 2)=[<], (0, 3)=[v], (3, 8)=[^], (3, 0)=[◣], (8, 5)=[^], (9, 7)=[◣]}
16 Jan 2025 00:57:35 GMT Zwierzę poruszyło się z (4, 1) na (3, 0)
16 Jan 2025 00:57:35 GMT Długość listy pozycji: 10
Lista pozycji zwierząt: {(6, 5)=[^], (6, 6)=[◥], (4, 4)=[^], (2, 3)=[^], (0, 2)=[<], (0, 3)=[v], (4, 8)=[>], (3, 0)=[◣], (8, 5)=[^], (9, 7)=[◣]}
16 Jan 2025 00:57:35 GMT Zwierzę poruszyło się z (3, 8) na (4, 8)
16 Jan 2025 00:57:36 GMT Długość listy pozycji: 10
Lista pozycji zwierząt: {(6, 5)=[^], (6, 6)=[◥], (4, 4)=[^], (2, 3)=[^], (0, 2)=[<], (0, 3)=[v], (4, 8)=[>], (9, 5)=[>], (3, 0)=[◣], (9, 7)=[◣]}
16 Jan 2025 00:57:36 GMT Zwierzę poruszyło się z (8, 5) na (9, 5)
16 Jan 2025 00:57:36 GMT Długość listy pozycji: 9
Lista pozycji zwierząt: {(6, 5)=[^], (6, 6)=[◥], (4, 4)=[^], (2, 3)=[^], (0, 2)=[v, <], (4, 8)=[>], (9, 5)=[>], (3, 0)=[◣], (9, 7)=[◣]}
16 Jan 2025 00:57:36 GMT Zwierzę poruszyło się z (0, 3) na (0, 2)
16 Jan 2025 00:57:37 GMT Długość listy pozycji: 9
Lista pozycji zwierząt: {(3, 2)=[◢], (6, 5)=[^], (6, 6)=[◥], (4, 4)=[^], (0, 2)=[v, <], (4, 8)=[>], (9, 5)=[>], (3, 0)=[◣], (9, 7)=[◣]}
16 Jan 2025 00:57:37 GMT Zwierzę poruszyło się z (2, 3) na (3, 2)
16 Jan 2025 00:57:37 GMT Długość listy pozycji: 9
Lista pozycji zwierząt: {(5, 4)=[>], (3, 2)=[◢], (6, 5)=[^], (6, 6)=[◥], (0, 2)=[v, <], (4, 8)=[>], (9, 5)=[>], (3, 0)=[◣], (9, 7)=[◣]}
16 Jan 2025 00:57:37 GMT Zwierzę poruszyło się z (4, 4) na (5, 4)
16 Jan 2025 00:57:38 GMT Długość listy pozycji: 9
Lista pozycji zwierząt: {(5, 4)=[>], (3, 2)=[◢], (6, 6)=[◥], (0, 2)=[v, <], (4, 8)=[>], (9, 5)=[>], (3, 0)=[◣], (7, 5)=[>], (9, 7)=[◣]}
16 Jan 2025 00:57:38 GMT Zwierzę poruszyło się z (6, 5) na (7, 5)
