16 Jan 2025 01:15:04 GMT Zwierze zostało położone na (9, 2)
16 Jan 2025 01:15:04 GMT Zwierze zostało położone na (3, 6)
16 Jan 2025 01:15:04 GMT Zwierze zostało położone na (2, 6)
16 Jan 2025 01:15:04 GMT Zwierze zostało położone na (7, 6)
16 Jan 2025 01:15:04 GMT Zwierze zostało położone na (2, 6)
16 Jan 2025 01:15:04 GMT Zwierze zostało położone na (6, 1)
16 Jan 2025 01:15:04 GMT Zwierze zostało położone na (3, 0)
16 Jan 2025 01:15:04 GMT Zwierze zostało położone na (9, 6)
16 Jan 2025 01:15:04 GMT Zwierze zostało położone na (7, 4)
16 Jan 2025 01:15:04 GMT Zwierze zostało położone na (0, 6)
16 Jan 2025 01:15:04 GMT Długość listy pozycji: 9
Lista pozycji zwierząt: {(7, 6)=[◢], (3, 6)=[v], (2, 6)=[<, v], (0, 6)=[◤], (9, 3)=[^], (6, 1)=[>], (7, 4)=[>], (9, 6)=[◥], (3, 0)=[◥]}
16 Jan 2025 01:15:04 GMT Zwierzę poruszyło się z (9, 2) na (9, 3)
16 Jan 2025 01:15:05 GMT Długość listy pozycji: 9
Lista pozycji zwierząt: {(7, 6)=[◢], (3, 7)=[^], (2, 6)=[<, v], (0, 6)=[◤], (9, 3)=[^], (6, 1)=[>], (7, 4)=[>], (9, 6)=[◥], (3, 0)=[◥]}
16 Jan 2025 01:15:05 GMT Zwierzę poruszyło się z (3, 6) na (3, 7)
16 Jan 2025 01:15:05 GMT Długość listy pozycji: 10
Lista pozycji zwierząt: {(7, 6)=[◢], (2, 5)=[v], (3, 7)=[^], (2, 6)=[v], (0, 6)=[◤], (9, 3)=[^], (6, 1)=[>], (7, 4)=[>], (9, 6)=[◥], (3, 0)=[◥]}
16 Jan 2025 01:15:05 GMT Zwierzę poruszyło się z (2, 6) na (2, 5)
16 Jan 2025 01:15:06 GMT Długość listy pozycji: 10
Lista pozycji zwierząt: {(6, 6)=[<], (2, 5)=[v], (3, 7)=[^], (2, 6)=[v], (0, 6)=[◤], (9, 3)=[^], (6, 1)=[>], (7, 4)=[>], (9, 6)=[◥], (3, 0)=[◥]}
16 Jan 2025 01:15:06 GMT Zwierzę poruszyło się z (7, 6) na (6, 6)
16 Jan 2025 01:15:06 GMT Długość listy pozycji: 10
Lista pozycji zwierząt: {(6, 6)=[<], (2, 5)=[v], (3, 7)=[^], (2, 7)=[^], (0, 6)=[◤], (9, 3)=[^], (6, 1)=[>], (7, 4)=[>], (9, 6)=[◥], (3, 0)=[◥]}
16 Jan 2025 01:15:06 GMT Zwierzę poruszyło się z (2, 6) na (2, 7)
16 Jan 2025 01:15:07 GMT Długość listy pozycji: 10
Lista pozycji zwierząt: {(6, 6)=[<], (2, 5)=[v], (3, 7)=[^], (2, 7)=[^], (0, 6)=[◤], (6, 0)=[v], (9, 3)=[^], (7, 4)=[>], (9, 6)=[◥], (3, 0)=[◥]}
16 Jan 2025 01:15:07 GMT Zwierzę poruszyło się z (6, 1) na (6, 0)
16 Jan 2025 01:15:07 GMT Długość listy pozycji: 10
Lista pozycji zwierząt: {(6, 6)=[<], (2, 5)=[v], (3, 7)=[^], (2, 7)=[^], (0, 6)=[◤], (6, 0)=[v], (9, 3)=[^], (4, 0)=[>], (7, 4)=[>], (9, 6)=[◥]}
16 Jan 2025 01:15:07 GMT Zwierzę poruszyło się z (3, 0) na (4, 0)
16 Jan 2025 01:15:08 GMT Długość listy pozycji: 9
Lista pozycji zwierząt: {(6, 6)=[<], (2, 5)=[v], (3, 7)=[^], (2, 7)=[^], (0, 6)=[◤, >], (6, 0)=[v], (9, 3)=[^], (4, 0)=[>], (7, 4)=[>]}
16 Jan 2025 01:15:08 GMT Zwierzę poruszyło się z (9, 6) na (0, 6)
16 Jan 2025 01:15:08 GMT Długość listy pozycji: 9
Lista pozycji zwierząt: {(6, 6)=[<], (2, 5)=[v], (3, 7)=[^], (2, 7)=[^], (0, 6)=[◤, >], (6, 0)=[v], (9, 3)=[^], (7, 3)=[v], (4, 0)=[>]}
16 Jan 2025 01:15:08 GMT Zwierzę poruszyło się z (7, 4) na (7, 3)
16 Jan 2025 01:15:09 GMT Długość listy pozycji: 10
Lista pozycji zwierząt: {(6, 6)=[<], (2, 5)=[v], (3, 7)=[^], (2, 7)=[^], (0, 6)=[>], (6, 0)=[v], (9, 3)=[^], (7, 3)=[v], (4, 0)=[>], (9, 6)=[<]}
16 Jan 2025 01:15:09 GMT Zwierzę poruszyło się z (0, 6) na (9, 6)
16 Jan 2025 01:15:09 GMT Zwierzę zjadło roślinkę na (6, 6)
16 Jan 2025 01:15:09 GMT Zwierzę zjadło roślinkę na (2, 5)
16 Jan 2025 01:15:09 GMT Zwierzę zjadło roślinkę na (9, 6)
16 Jan 2025 01:15:10 GMT Roślinka wyrosła na (0, 6)
16 Jan 2025 01:15:10 GMT Roślinka wyrosła na (4, 5)
16 Jan 2025 01:15:10 GMT Roślinka wyrosła na (3, 6)
16 Jan 2025 01:15:10 GMT Roślinka wyrosła na (4, 6)
16 Jan 2025 01:15:10 GMT Roślinka wyrosła na (1, 5)
16 Jan 2025 01:15:10 GMT Roślinka wyrosła na (7, 2)
16 Jan 2025 01:15:10 GMT Roślinka wyrosła na (7, 5)
16 Jan 2025 01:15:10 GMT Roślinka wyrosła na (3, 5)
16 Jan 2025 01:15:11 GMT Roślinka wyrosła na (8, 6)
16 Jan 2025 01:15:11 GMT Roślinka wyrosła na (4, 8)
16 Jan 2025 01:15:12 GMT Długość listy pozycji: 10
Lista pozycji zwierząt: {(6, 6)=[<], (2, 5)=[v], (3, 7)=[^], (2, 7)=[^], (0, 6)=[>], (9, 2)=[v], (6, 0)=[v], (7, 3)=[v], (4, 0)=[>], (9, 6)=[<]}
16 Jan 2025 01:15:12 GMT Zwierzę poruszyło się z (9, 3) na (9, 2)
16 Jan 2025 01:15:12 GMT Długość listy pozycji: 10
Lista pozycji zwierząt: {(6, 6)=[<], (3, 6)=[v], (2, 5)=[v], (2, 7)=[^], (0, 6)=[>], (9, 2)=[v], (6, 0)=[v], (7, 3)=[v], (4, 0)=[>], (9, 6)=[<]}
16 Jan 2025 01:15:12 GMT Zwierzę poruszyło się z (3, 7) na (3, 6)
16 Jan 2025 01:15:13 GMT Długość listy pozycji: 10
Lista pozycji zwierząt: {(6, 6)=[<], (3, 5)=[>], (3, 6)=[v], (2, 7)=[^], (0, 6)=[>], (9, 2)=[v], (6, 0)=[v], (7, 3)=[v], (4, 0)=[>], (9, 6)=[<]}
16 Jan 2025 01:15:13 GMT Zwierzę poruszyło się z (2, 5) na (3, 5)
16 Jan 2025 01:15:13 GMT Długość listy pozycji: 10
Lista pozycji zwierząt: {(7, 7)=[◥], (3, 5)=[>], (3, 6)=[v], (2, 7)=[^], (0, 6)=[>], (9, 2)=[v], (6, 0)=[v], (7, 3)=[v], (4, 0)=[>], (9, 6)=[<]}
16 Jan 2025 01:15:13 GMT Zwierzę poruszyło się z (6, 6) na (7, 7)
16 Jan 2025 01:15:14 GMT Długość listy pozycji: 10
Lista pozycji zwierząt: {(7, 7)=[◥], (3, 5)=[>], (3, 6)=[v], (2, 6)=[v], (0, 6)=[>], (9, 2)=[v], (6, 0)=[v], (7, 3)=[v], (4, 0)=[>], (9, 6)=[<]}
16 Jan 2025 01:15:14 GMT Zwierzę poruszyło się z (2, 7) na (2, 6)
16 Jan 2025 01:15:14 GMT Długość listy pozycji: 10
Lista pozycji zwierząt: {(7, 7)=[◥], (3, 5)=[>], (3, 6)=[v], (2, 6)=[v], (0, 6)=[>], (9, 2)=[v], (5, 0)=[<], (7, 3)=[v], (4, 0)=[>], (9, 6)=[<]}
16 Jan 2025 01:15:14 GMT Zwierzę poruszyło się z (6, 0) na (5, 0)
16 Jan 2025 01:15:15 GMT Długość listy pozycji: 10
Lista pozycji zwierząt: {(7, 7)=[◥], (3, 5)=[>], (3, 6)=[v], (2, 6)=[v], (0, 6)=[>], (9, 2)=[v], (5, 0)=[<], (7, 3)=[v], (4, 0)=[◤], (9, 6)=[<]}
16 Jan 2025 01:15:15 GMT Zwierzę poruszyło się z (4, 0) na (4, 0)
16 Jan 2025 01:15:15 GMT Długość listy pozycji: 10
Lista pozycji zwierząt: {(7, 7)=[◥], (3, 5)=[>], (3, 6)=[v], (1, 5)=[◢], (2, 6)=[v], (9, 2)=[v], (5, 0)=[<], (7, 3)=[v], (4, 0)=[◤], (9, 6)=[<]}
16 Jan 2025 01:15:15 GMT Zwierzę poruszyło się z (0, 6) na (1, 5)
16 Jan 2025 01:15:16 GMT Długość listy pozycji: 10
Lista pozycji zwierząt: {(7, 7)=[◥], (3, 5)=[>], (3, 6)=[v], (1, 5)=[◢], (2, 6)=[v], (9, 2)=[v], (5, 0)=[<], (4, 0)=[◤], (6, 3)=[<], (9, 6)=[<]}
16 Jan 2025 01:15:16 GMT Zwierzę poruszyło się z (7, 3) na (6, 3)
16 Jan 2025 01:15:16 GMT Długość listy pozycji: 10
Lista pozycji zwierząt: {(7, 7)=[◥], (3, 5)=[>], (3, 6)=[v], (1, 5)=[◢], (2, 6)=[v], (9, 2)=[v], (5, 0)=[<], (4, 0)=[◤], (8, 5)=[◣], (6, 3)=[<]}
16 Jan 2025 01:15:16 GMT Zwierzę poruszyło się z (9, 6) na (8, 5)
16 Jan 2025 01:15:17 GMT Zwierzę zjadło roślinkę na (3, 5)
16 Jan 2025 01:15:17 GMT Zwierzę zjadło roślinkę na (3, 6)
16 Jan 2025 01:15:17 GMT Zwierzę zjadło roślinkę na (1, 5)
16 Jan 2025 01:15:18 GMT Roślinka wyrosła na (8, 5)
16 Jan 2025 01:15:18 GMT Roślinka wyrosła na (0, 5)
16 Jan 2025 01:15:18 GMT Roślinka wyrosła na (5, 5)
16 Jan 2025 01:15:18 GMT Roślinka wyrosła na (2, 6)
16 Jan 2025 01:15:18 GMT Roślinka wyrosła na (5, 1)
16 Jan 2025 01:15:18 GMT Roślinka wyrosła na (3, 2)
16 Jan 2025 01:15:18 GMT Roślinka wyrosła na (7, 0)
16 Jan 2025 01:15:18 GMT Roślinka wyrosła na (0, 7)
16 Jan 2025 01:15:18 GMT Roślinka wyrosła na (8, 3)
16 Jan 2025 01:15:18 GMT Roślinka wyrosła na (5, 3)
16 Jan 2025 01:15:19 GMT Długość listy pozycji: 10
Lista pozycji zwierząt: {(7, 7)=[◥], (3, 5)=[>], (3, 6)=[v], (1, 5)=[◢], (2, 6)=[v], (9, 3)=[^], (5, 0)=[<], (4, 0)=[◤], (8, 5)=[◣], (6, 3)=[<]}
16 Jan 2025 01:15:19 GMT Zwierzę poruszyło się z (9, 2) na (9, 3)
16 Jan 2025 01:15:19 GMT Długość listy pozycji: 10
Lista pozycji zwierząt: {(7, 7)=[◥], (3, 5)=[>], (3, 7)=[^], (1, 5)=[◢], (2, 6)=[v], (9, 3)=[^], (5, 0)=[<], (4, 0)=[◤], (8, 5)=[◣], (6, 3)=[<]}
16 Jan 2025 01:15:19 GMT Zwierzę poruszyło się z (3, 6) na (3, 7)
16 Jan 2025 01:15:20 GMT Długość listy pozycji: 10
Lista pozycji zwierząt: {(7, 7)=[◥], (3, 6)=[^], (3, 7)=[^], (1, 5)=[◢], (2, 6)=[v], (9, 3)=[^], (5, 0)=[<], (4, 0)=[◤], (8, 5)=[◣], (6, 3)=[<]}
16 Jan 2025 01:15:20 GMT Zwierzę poruszyło się z (3, 5) na (3, 6)
16 Jan 2025 01:15:20 GMT Długość listy pozycji: 10
Lista pozycji zwierząt: {(7, 6)=[v], (3, 6)=[^], (3, 7)=[^], (1, 5)=[◢], (2, 6)=[v], (9, 3)=[^], (5, 0)=[<], (4, 0)=[◤], (8, 5)=[◣], (6, 3)=[<]}
16 Jan 2025 01:15:20 GMT Zwierzę poruszyło się z (7, 7) na (7, 6)
16 Jan 2025 01:15:21 GMT Długość listy pozycji: 10
Lista pozycji zwierząt: {(7, 6)=[v], (3, 6)=[^], (3, 7)=[^], (1, 5)=[◢], (2, 7)=[^], (9, 3)=[^], (5, 0)=[<], (4, 0)=[◤], (8, 5)=[◣], (6, 3)=[<]}
16 Jan 2025 01:15:21 GMT Zwierzę poruszyło się z (2, 6) na (2, 7)
16 Jan 2025 01:15:21 GMT Długość listy pozycji: 10
Lista pozycji zwierząt: {(7, 6)=[v], (3, 6)=[^], (3, 7)=[^], (1, 5)=[◢], (2, 7)=[^], (9, 3)=[^], (5, 1)=[^], (4, 0)=[◤], (8, 5)=[◣], (6, 3)=[<]}
16 Jan 2025 01:15:21 GMT Zwierzę poruszyło się z (5, 0) na (5, 1)
16 Jan 2025 01:15:22 GMT Długość listy pozycji: 10
Lista pozycji zwierząt: {(7, 6)=[v], (3, 6)=[^], (3, 7)=[^], (1, 5)=[◢], (2, 7)=[^], (9, 3)=[^], (5, 1)=[^], (4, 1)=[^], (8, 5)=[◣], (6, 3)=[<]}
16 Jan 2025 01:15:22 GMT Zwierzę poruszyło się z (4, 0) na (4, 1)
16 Jan 2025 01:15:22 GMT Długość listy pozycji: 10
Lista pozycji zwierząt: {(7, 6)=[v], (1, 4)=[v], (3, 6)=[^], (3, 7)=[^], (2, 7)=[^], (9, 3)=[^], (5, 1)=[^], (4, 1)=[^], (8, 5)=[◣], (6, 3)=[<]}
16 Jan 2025 01:15:22 GMT Zwierzę poruszyło się z (1, 5) na (1, 4)
16 Jan 2025 01:15:23 GMT Długość listy pozycji: 10
Lista pozycji zwierząt: {(7, 6)=[v], (1, 4)=[v], (3, 6)=[^], (3, 7)=[^], (2, 7)=[^], (9, 3)=[^], (5, 1)=[^], (4, 1)=[^], (8, 5)=[◣], (6, 4)=[^]}
16 Jan 2025 01:15:23 GMT Zwierzę poruszyło się z (6, 3) na (6, 4)
16 Jan 2025 01:15:23 GMT Długość listy pozycji: 10
Lista pozycji zwierząt: {(7, 6)=[v], (1, 4)=[v], (3, 6)=[^], (3, 7)=[^], (2, 7)=[^], (9, 3)=[^], (8, 4)=[v], (5, 1)=[^], (4, 1)=[^], (6, 4)=[^]}
16 Jan 2025 01:15:23 GMT Zwierzę poruszyło się z (8, 5) na (8, 4)
16 Jan 2025 01:15:24 GMT Zwierzę zjadło roślinkę na (7, 6)
16 Jan 2025 01:15:24 GMT Zwierzę zjadło roślinkę na (5, 1)
16 Jan 2025 01:15:25 GMT Roślinka wyrosła na (4, 9)
16 Jan 2025 01:15:25 GMT Roślinka wyrosła na (4, 7)
16 Jan 2025 01:15:25 GMT Roślinka wyrosła na (4, 0)
16 Jan 2025 01:15:25 GMT Roślinka wyrosła na (8, 0)
16 Jan 2025 01:15:25 GMT Roślinka wyrosła na (2, 4)
16 Jan 2025 01:15:25 GMT Roślinka wyrosła na (4, 2)
16 Jan 2025 01:15:25 GMT Roślinka wyrosła na (9, 0)
16 Jan 2025 01:15:25 GMT Roślinka wyrosła na (8, 9)
16 Jan 2025 01:15:25 GMT Roślinka wyrosła na (9, 4)
16 Jan 2025 01:15:25 GMT Roślinka wyrosła na (4, 3)
16 Jan 2025 01:15:26 GMT Długość listy pozycji: 10
Lista pozycji zwierząt: {(7, 6)=[v], (1, 4)=[v], (3, 6)=[^], (3, 7)=[^], (2, 7)=[^], (9, 2)=[v], (8, 4)=[v], (5, 1)=[^], (4, 1)=[^], (6, 4)=[^]}
16 Jan 2025 01:15:26 GMT Zwierzę poruszyło się z (9, 3) na (9, 2)
16 Jan 2025 01:15:26 GMT Długość listy pozycji: 9
Lista pozycji zwierząt: {(7, 6)=[v], (1, 4)=[v], (3, 6)=[^, v], (2, 7)=[^], (9, 2)=[v], (8, 4)=[v], (5, 1)=[^], (4, 1)=[^], (6, 4)=[^]}
16 Jan 2025 01:15:26 GMT Zwierzę poruszyło się z (3, 7) na (3, 6)
16 Jan 2025 01:15:27 GMT Długość listy pozycji: 10
Lista pozycji zwierząt: {(7, 6)=[v], (1, 4)=[v], (3, 6)=[v], (2, 6)=[<], (2, 7)=[^], (9, 2)=[v], (8, 4)=[v], (5, 1)=[^], (4, 1)=[^], (6, 4)=[^]}
16 Jan 2025 01:15:27 GMT Zwierzę poruszyło się z (3, 6) na (2, 6)
16 Jan 2025 01:15:27 GMT Długość listy pozycji: 10
Lista pozycji zwierząt: {(6, 7)=[◤], (1, 4)=[v], (3, 6)=[v], (2, 6)=[<], (2, 7)=[^], (9, 2)=[v], (8, 4)=[v], (5, 1)=[^], (4, 1)=[^], (6, 4)=[^]}
16 Jan 2025 01:15:27 GMT Zwierzę poruszyło się z (7, 6) na (6, 7)
16 Jan 2025 01:15:28 GMT Długość listy pozycji: 9
Lista pozycji zwierząt: {(6, 7)=[◤], (1, 4)=[v], (3, 6)=[v], (2, 6)=[<, v], (9, 2)=[v], (8, 4)=[v], (5, 1)=[^], (4, 1)=[^], (6, 4)=[^]}
16 Jan 2025 01:15:28 GMT Zwierzę poruszyło się z (2, 7) na (2, 6)
16 Jan 2025 01:15:28 GMT Długość listy pozycji: 9
Lista pozycji zwierząt: {(6, 7)=[◤], (1, 4)=[v], (3, 6)=[v], (2, 6)=[<, v], (9, 2)=[v], (6, 1)=[>], (8, 4)=[v], (4, 1)=[^], (6, 4)=[^]}
16 Jan 2025 01:15:28 GMT Zwierzę poruszyło się z (5, 1) na (6, 1)
16 Jan 2025 01:15:29 GMT Długość listy pozycji: 9
Lista pozycji zwierząt: {(6, 7)=[◤], (1, 4)=[v], (3, 6)=[v], (2, 6)=[<, v], (9, 2)=[v], (6, 1)=[>], (8, 4)=[v], (5, 2)=[◥], (6, 4)=[^]}
16 Jan 2025 01:15:29 GMT Zwierzę poruszyło się z (4, 1) na (5, 2)
16 Jan 2025 01:15:29 GMT Długość listy pozycji: 9
Lista pozycji zwierząt: {(6, 7)=[◤], (0, 3)=[◣], (3, 6)=[v], (2, 6)=[<, v], (9, 2)=[v], (6, 1)=[>], (8, 4)=[v], (5, 2)=[◥], (6, 4)=[^]}
16 Jan 2025 01:15:29 GMT Zwierzę poruszyło się z (1, 4) na (0, 3)
16 Jan 2025 01:15:30 GMT Długość listy pozycji: 9
Lista pozycji zwierząt: {(6, 7)=[◤], (0, 3)=[◣], (3, 6)=[v], (2, 6)=[<, v], (9, 2)=[v], (6, 1)=[>], (8, 4)=[v], (7, 4)=[>], (5, 2)=[◥]}
16 Jan 2025 01:15:30 GMT Zwierzę poruszyło się z (6, 4) na (7, 4)
16 Jan 2025 01:15:30 GMT Długość listy pozycji: 9
Lista pozycji zwierząt: {(6, 7)=[◤], (0, 3)=[◣], (3, 6)=[v], (2, 6)=[<, v], (9, 2)=[v], (9, 3)=[◢], (6, 1)=[>], (7, 4)=[>], (5, 2)=[◥]}
16 Jan 2025 01:15:30 GMT Zwierzę poruszyło się z (8, 4) na (9, 3)
16 Jan 2025 01:15:31 GMT Zwierzę zjadło roślinkę na (2, 6)
16 Jan 2025 01:15:31 GMT Zwierzę zjadło roślinkę na (6, 1)
16 Jan 2025 01:15:31 GMT Zwierze zostało położone na (2, 6)
16 Jan 2025 01:15:31 GMT Urodziło się nowe zwierzę na (2, 6)
16 Jan 2025 01:15:32 GMT Roślinka wyrosła na (2, 7)
16 Jan 2025 01:15:32 GMT Roślinka wyrosła na (5, 9)
16 Jan 2025 01:15:32 GMT Roślinka wyrosła na (2, 0)
16 Jan 2025 01:15:32 GMT Roślinka wyrosła na (9, 7)
16 Jan 2025 01:15:32 GMT Roślinka wyrosła na (1, 9)
16 Jan 2025 01:15:32 GMT Roślinka wyrosła na (3, 7)
16 Jan 2025 01:15:32 GMT Roślinka wyrosła na (3, 1)
16 Jan 2025 01:15:32 GMT Roślinka wyrosła na (1, 0)
16 Jan 2025 01:15:32 GMT Roślinka wyrosła na (6, 2)
16 Jan 2025 01:15:32 GMT Roślinka wyrosła na (9, 1)
16 Jan 2025 01:15:33 GMT Długość listy pozycji: 8
Lista pozycji zwierząt: {(6, 7)=[◤], (0, 3)=[◣], (3, 6)=[v], (2, 6)=[^, <, v], (9, 3)=[◢, ^], (6, 1)=[>], (7, 4)=[>], (5, 2)=[◥]}
16 Jan 2025 01:15:33 GMT Zwierzę poruszyło się z (9, 2) na (9, 3)
16 Jan 2025 01:15:33 GMT Długość listy pozycji: 8
Lista pozycji zwierząt: {(6, 7)=[◤], (0, 3)=[◣], (3, 7)=[^], (2, 6)=[^, <, v], (9, 3)=[◢, ^], (6, 1)=[>], (7, 4)=[>], (5, 2)=[◥]}
16 Jan 2025 01:15:33 GMT Zwierzę poruszyło się z (3, 6) na (3, 7)
16 Jan 2025 01:15:34 GMT Długość listy pozycji: 9
Lista pozycji zwierząt: {(6, 7)=[◤], (2, 5)=[v], (0, 3)=[◣], (3, 7)=[^], (2, 6)=[^, v], (9, 3)=[◢, ^], (6, 1)=[>], (7, 4)=[>], (5, 2)=[◥]}
16 Jan 2025 01:15:34 GMT Zwierzę poruszyło się z (2, 6) na (2, 5)
16 Jan 2025 01:15:34 GMT Długość listy pozycji: 9
Lista pozycji zwierząt: {(7, 7)=[>], (2, 5)=[v], (0, 3)=[◣], (3, 7)=[^], (2, 6)=[^, v], (9, 3)=[◢, ^], (6, 1)=[>], (7, 4)=[>], (5, 2)=[◥]}
16 Jan 2025 01:15:34 GMT Zwierzę poruszyło się z (6, 7) na (7, 7)
16 Jan 2025 01:15:35 GMT Długość listy pozycji: 10
Lista pozycji zwierząt: {(7, 7)=[>], (2, 5)=[v], (0, 3)=[◣], (3, 7)=[^], (2, 6)=[^], (2, 7)=[^], (9, 3)=[◢, ^], (6, 1)=[>], (7, 4)=[>], (5, 2)=[◥]}
16 Jan 2025 01:15:35 GMT Zwierzę poruszyło się z (2, 6) na (2, 7)
16 Jan 2025 01:15:35 GMT Długość listy pozycji: 10
Lista pozycji zwierząt: {(7, 7)=[>], (2, 5)=[v], (0, 3)=[◣], (3, 7)=[^], (2, 6)=[^], (2, 7)=[^], (6, 0)=[v], (9, 3)=[◢, ^], (7, 4)=[>], (5, 2)=[◥]}
16 Jan 2025 01:15:35 GMT Zwierzę poruszyło się z (6, 1) na (6, 0)
16 Jan 2025 01:15:36 GMT Długość listy pozycji: 10
Lista pozycji zwierząt: {(7, 7)=[>], (2, 5)=[v], (0, 3)=[◣], (3, 7)=[^], (2, 6)=[^], (2, 7)=[^], (6, 0)=[v], (9, 3)=[◢, ^], (6, 2)=[>], (7, 4)=[>]}
16 Jan 2025 01:15:36 GMT Zwierzę poruszyło się z (5, 2) na (6, 2)
16 Jan 2025 01:15:36 GMT Długość listy pozycji: 9
Lista pozycji zwierząt: {(7, 7)=[>], (2, 5)=[v], (3, 7)=[^], (2, 6)=[^], (2, 7)=[^], (6, 0)=[v], (9, 3)=[◢, <, ^], (6, 2)=[>], (7, 4)=[>]}
16 Jan 2025 01:15:36 GMT Zwierzę poruszyło się z (0, 3) na (9, 3)
16 Jan 2025 01:15:37 GMT Długość listy pozycji: 9
Lista pozycji zwierząt: {(7, 7)=[>], (2, 5)=[v], (3, 7)=[^], (2, 6)=[^], (2, 7)=[^], (6, 0)=[v], (9, 3)=[◢, <, ^], (7, 3)=[v], (6, 2)=[>]}
16 Jan 2025 01:15:37 GMT Zwierzę poruszyło się z (7, 4) na (7, 3)
16 Jan 2025 01:15:37 GMT Długość listy pozycji: 10
Lista pozycji zwierząt: {(7, 7)=[>], (0, 3)=[>], (2, 5)=[v], (3, 7)=[^], (2, 6)=[^], (2, 7)=[^], (6, 0)=[v], (9, 3)=[<, ^], (7, 3)=[v], (6, 2)=[>]}
16 Jan 2025 01:15:37 GMT Zwierzę poruszyło się z (9, 3) na (0, 3)
16 Jan 2025 01:15:38 GMT Zwierzę zjadło roślinkę na (3, 7)
16 Jan 2025 01:15:38 GMT Zwierzę zjadło roślinkę na (2, 7)
16 Jan 2025 01:15:38 GMT Zwierzę zjadło roślinkę na (6, 2)
16 Jan 2025 01:15:38 GMT Zwierze zostało położone na (9, 3)
16 Jan 2025 01:15:38 GMT Urodziło się nowe zwierzę na (9, 3)
16 Jan 2025 01:15:39 GMT Roślinka wyrosła na (0, 4)
16 Jan 2025 01:15:39 GMT Roślinka wyrosła na (4, 1)
16 Jan 2025 01:15:39 GMT Roślinka wyrosła na (8, 8)
16 Jan 2025 01:15:39 GMT Roślinka wyrosła na (7, 9)
16 Jan 2025 01:15:39 GMT Roślinka wyrosła na (0, 8)
16 Jan 2025 01:15:39 GMT Roślinka wyrosła na (3, 3)
16 Jan 2025 01:15:39 GMT Roślinka wyrosła na (5, 8)
16 Jan 2025 01:15:39 GMT Roślinka wyrosła na (4, 4)
16 Jan 2025 01:15:39 GMT Roślinka wyrosła na (1, 3)
16 Jan 2025 01:15:39 GMT Roślinka wyrosła na (6, 4)
16 Jan 2025 01:15:39 GMT Zwierzę umarło na (9, 3)
16 Jan 2025 01:15:40 GMT Długość listy pozycji: 11
Lista pozycji zwierząt: {(7, 7)=[>], (0, 3)=[>], (2, 5)=[v], (3, 7)=[^], (2, 6)=[^], (2, 7)=[^], (9, 2)=[v], (6, 0)=[v], (9, 3)=[◣], (7, 3)=[v], (6, 2)=[>]}
16 Jan 2025 01:15:40 GMT Zwierzę poruszyło się z (9, 3) na (9, 2)
16 Jan 2025 01:15:40 GMT Długość listy pozycji: 11
Lista pozycji zwierząt: {(7, 7)=[>], (3, 6)=[v], (0, 3)=[>], (2, 5)=[v], (2, 6)=[^], (2, 7)=[^], (9, 2)=[v], (6, 0)=[v], (9, 3)=[◣], (7, 3)=[v], (6, 2)=[>]}
16 Jan 2025 01:15:40 GMT Zwierzę poruszyło się z (3, 7) na (3, 6)
16 Jan 2025 01:15:41 GMT Długość listy pozycji: 11
Lista pozycji zwierząt: {(7, 7)=[>], (3, 5)=[>], (3, 6)=[v], (0, 3)=[>], (2, 6)=[^], (2, 7)=[^], (9, 2)=[v], (6, 0)=[v], (9, 3)=[◣], (7, 3)=[v], (6, 2)=[>]}
16 Jan 2025 01:15:41 GMT Zwierzę poruszyło się z (2, 5) na (3, 5)
16 Jan 2025 01:15:41 GMT Długość listy pozycji: 11
Lista pozycji zwierząt: {(6, 6)=[◣], (3, 5)=[>], (3, 6)=[v], (0, 3)=[>], (2, 6)=[^], (2, 7)=[^], (9, 2)=[v], (6, 0)=[v], (9, 3)=[◣], (7, 3)=[v], (6, 2)=[>]}
16 Jan 2025 01:15:41 GMT Zwierzę poruszyło się z (7, 7) na (6, 6)
16 Jan 2025 01:15:42 GMT Długość listy pozycji: 10
Lista pozycji zwierząt: {(6, 6)=[◣], (3, 5)=[>], (3, 6)=[v], (0, 3)=[>], (2, 6)=[^, v], (9, 2)=[v], (6, 0)=[v], (9, 3)=[◣], (7, 3)=[v], (6, 2)=[>]}
16 Jan 2025 01:15:42 GMT Zwierzę poruszyło się z (2, 7) na (2, 6)
16 Jan 2025 01:15:42 GMT Długość listy pozycji: 10
Lista pozycji zwierząt: {(6, 6)=[◣], (3, 5)=[>], (3, 6)=[v], (0, 3)=[>], (2, 6)=[^, v], (9, 2)=[v], (9, 3)=[◣], (5, 0)=[<], (7, 3)=[v], (6, 2)=[>]}
16 Jan 2025 01:15:42 GMT Zwierzę poruszyło się z (6, 0) na (5, 0)
16 Jan 2025 01:15:43 GMT Długość listy pozycji: 10
Lista pozycji zwierząt: {(6, 6)=[◣], (3, 5)=[>], (3, 6)=[v], (0, 3)=[>], (2, 6)=[^, v], (9, 2)=[v], (7, 1)=[◢], (9, 3)=[◣], (5, 0)=[<], (7, 3)=[v]}
16 Jan 2025 01:15:43 GMT Zwierzę poruszyło się z (6, 2) na (7, 1)
16 Jan 2025 01:15:43 GMT Długość listy pozycji: 10
Lista pozycji zwierząt: {(6, 6)=[◣], (3, 5)=[>], (3, 6)=[v], (0, 3)=[>], (2, 6)=[^, v], (9, 2)=[v], (7, 1)=[◢], (9, 3)=[◣], (5, 0)=[<], (6, 3)=[<]}
16 Jan 2025 01:15:43 GMT Zwierzę poruszyło się z (7, 3) na (6, 3)
16 Jan 2025 01:15:44 GMT Długość listy pozycji: 10
Lista pozycji zwierząt: {(6, 6)=[◣], (3, 5)=[>], (1, 4)=[◥], (3, 6)=[v], (2, 6)=[^, v], (9, 2)=[v], (7, 1)=[◢], (9, 3)=[◣], (5, 0)=[<], (6, 3)=[<]}
16 Jan 2025 01:15:44 GMT Zwierzę poruszyło się z (0, 3) na (1, 4)
16 Jan 2025 01:15:45 GMT Zwierze zostało położone na (2, 6)
16 Jan 2025 01:15:45 GMT Urodziło się nowe zwierzę na (2, 6)
16 Jan 2025 01:15:45 GMT Roślinka wyrosła na (6, 9)
16 Jan 2025 01:15:45 GMT Roślinka wyrosła na (5, 4)
16 Jan 2025 01:15:45 GMT Roślinka wyrosła na (7, 3)
16 Jan 2025 01:15:45 GMT Roślinka wyrosła na (1, 2)
16 Jan 2025 01:15:45 GMT Roślinka wyrosła na (7, 1)
16 Jan 2025 01:15:45 GMT Roślinka wyrosła na (6, 7)
16 Jan 2025 01:15:45 GMT Roślinka wyrosła na (7, 7)
16 Jan 2025 01:15:45 GMT Roślinka wyrosła na (6, 0)
16 Jan 2025 01:15:45 GMT Roślinka wyrosła na (3, 0)
16 Jan 2025 01:15:45 GMT Roślinka wyrosła na (3, 4)
16 Jan 2025 01:15:46 GMT Długość listy pozycji: 9
Lista pozycji zwierząt: {(6, 6)=[◣], (3, 5)=[>], (1, 4)=[◥], (3, 6)=[v], (2, 6)=[v, ^, v], (7, 1)=[◢], (9, 3)=[◣, ^], (5, 0)=[<], (6, 3)=[<]}
16 Jan 2025 01:15:46 GMT Zwierzę poruszyło się z (9, 2) na (9, 3)
16 Jan 2025 01:15:47 GMT Długość listy pozycji: 9
Lista pozycji zwierząt: {(6, 6)=[◣], (3, 5)=[>], (1, 4)=[◥], (3, 7)=[^], (2, 6)=[v, ^, v], (7, 1)=[◢], (9, 3)=[◣, ^], (5, 0)=[<], (6, 3)=[<]}
16 Jan 2025 01:15:47 GMT Zwierzę poruszyło się z (3, 6) na (3, 7)
16 Jan 2025 01:15:47 GMT Długość listy pozycji: 9
Lista pozycji zwierząt: {(6, 6)=[◣], (3, 6)=[^], (1, 4)=[◥], (3, 7)=[^], (2, 6)=[v, ^, v], (7, 1)=[◢], (9, 3)=[◣, ^], (5, 0)=[<], (6, 3)=[<]}
16 Jan 2025 01:15:47 GMT Zwierzę poruszyło się z (3, 5) na (3, 6)
16 Jan 2025 01:15:48 GMT Długość listy pozycji: 9
Lista pozycji zwierząt: {(6, 7)=[^], (3, 6)=[^], (1, 4)=[◥], (3, 7)=[^], (2, 6)=[v, ^, v], (7, 1)=[◢], (9, 3)=[◣, ^], (5, 0)=[<], (6, 3)=[<]}
16 Jan 2025 01:15:48 GMT Zwierzę poruszyło się z (6, 6) na (6, 7)
16 Jan 2025 01:15:48 GMT Długość listy pozycji: 10
Lista pozycji zwierząt: {(6, 7)=[^], (3, 6)=[^], (1, 4)=[◥], (3, 7)=[^], (2, 6)=[v, ^, ^], (2, 7)=[^], (7, 1)=[◢], (9, 3)=[◣, ^], (5, 0)=[<], (6, 3)=[<]}
16 Jan 2025 01:15:48 GMT Zwierzę poruszyło się z (2, 6) na (2, 7)
16 Jan 2025 01:15:49 GMT Długość listy pozycji: 10
Lista pozycji zwierząt: {(6, 7)=[^], (3, 6)=[^], (1, 4)=[◥], (3, 7)=[^], (2, 6)=[v, ^, ^], (2, 7)=[^], (7, 1)=[◢], (9, 3)=[◣, ^], (5, 1)=[^], (6, 3)=[<]}
16 Jan 2025 01:15:49 GMT Zwierzę poruszyło się z (5, 0) na (5, 1)
16 Jan 2025 01:15:49 GMT Długość listy pozycji: 10
Lista pozycji zwierząt: {(6, 7)=[^], (3, 6)=[^], (1, 4)=[◥], (3, 7)=[^], (2, 6)=[v, ^, ^], (2, 7)=[^], (7, 0)=[v], (9, 3)=[◣, ^], (5, 1)=[^], (6, 3)=[<]}
16 Jan 2025 01:15:49 GMT Zwierzę poruszyło się z (7, 1) na (7, 0)
16 Jan 2025 01:15:50 GMT Długość listy pozycji: 10
Lista pozycji zwierząt: {(6, 7)=[^], (3, 6)=[^], (1, 4)=[◥], (3, 7)=[^], (2, 6)=[v, ^, ^], (2, 7)=[^], (7, 0)=[v], (9, 3)=[◣, ^], (5, 1)=[^], (6, 4)=[^]}
16 Jan 2025 01:15:50 GMT Zwierzę poruszyło się z (6, 3) na (6, 4)
16 Jan 2025 01:15:50 GMT Długość listy pozycji: 10
Lista pozycji zwierząt: {(6, 7)=[^], (3, 6)=[^], (1, 5)=[^], (3, 7)=[^], (2, 6)=[v, ^, ^], (2, 7)=[^], (7, 0)=[v], (9, 3)=[◣, ^], (5, 1)=[^], (6, 4)=[^]}
16 Jan 2025 01:15:50 GMT Zwierzę poruszyło się z (1, 4) na (1, 5)
16 Jan 2025 01:15:51 GMT Zwierzę zjadło roślinkę na (6, 7)
16 Jan 2025 01:15:51 GMT Zwierzę zjadło roślinkę na (7, 0)
16 Jan 2025 01:15:51 GMT Zwierzę zjadło roślinkę na (6, 4)
16 Jan 2025 01:15:51 GMT Zwierze zostało położone na (2, 6)
16 Jan 2025 01:15:51 GMT Urodziło się nowe zwierzę na (2, 6)
16 Jan 2025 01:15:51 GMT Zwierze zostało położone na (9, 3)
16 Jan 2025 01:15:51 GMT Urodziło się nowe zwierzę na (9, 3)
16 Jan 2025 01:15:52 GMT Roślinka wyrosła na (1, 8)
16 Jan 2025 01:15:52 GMT Roślinka wyrosła na (9, 2)
16 Jan 2025 01:15:52 GMT Roślinka wyrosła na (7, 4)
16 Jan 2025 01:15:52 GMT Roślinka wyrosła na (9, 9)
16 Jan 2025 01:15:52 GMT Roślinka wyrosła na (8, 7)
16 Jan 2025 01:15:52 GMT Roślinka wyrosła na (3, 8)
16 Jan 2025 01:15:52 GMT Roślinka wyrosła na (0, 0)
16 Jan 2025 01:15:52 GMT Roślinka wyrosła na (8, 2)
16 Jan 2025 01:15:52 GMT Roślinka wyrosła na (1, 1)
16 Jan 2025 01:15:52 GMT Roślinka wyrosła na (5, 2)
16 Jan 2025 01:15:53 GMT Długość listy pozycji: 11
Lista pozycji zwierząt: {(6, 7)=[^], (3, 6)=[^], (1, 5)=[^], (3, 7)=[^], (2, 6)=[>, v, ^, ^], (2, 7)=[^], (9, 2)=[v], (7, 0)=[v], (9, 3)=[>, ◣, v], (5, 1)=[^], (6, 4)=[^]}
16 Jan 2025 01:15:53 GMT Zwierzę poruszyło się z (9, 3) na (9, 2)
16 Jan 2025 01:15:53 GMT Długość listy pozycji: 10
Lista pozycji zwierząt: {(6, 7)=[^], (3, 6)=[v, ^], (1, 5)=[^], (2, 6)=[>, v, ^, ^], (2, 7)=[^], (9, 2)=[v], (7, 0)=[v], (9, 3)=[>, ◣, v], (5, 1)=[^], (6, 4)=[^]}
16 Jan 2025 01:15:53 GMT Zwierzę poruszyło się z (3, 7) na (3, 6)
16 Jan 2025 01:15:54 GMT Długość listy pozycji: 10
Lista pozycji zwierząt: {(6, 7)=[^], (3, 6)=[v], (1, 5)=[^], (2, 6)=[>, <, v, ^, ^], (2, 7)=[^], (9, 2)=[v], (7, 0)=[v], (9, 3)=[>, ◣, v], (5, 1)=[^], (6, 4)=[^]}
16 Jan 2025 01:15:54 GMT Zwierzę poruszyło się z (3, 6) na (2, 6)
16 Jan 2025 01:15:54 GMT Długość listy pozycji: 10
Lista pozycji zwierząt: {(7, 6)=[◢], (3, 6)=[v], (1, 5)=[^], (2, 6)=[>, <, v, ^, ^], (2, 7)=[^], (9, 2)=[v], (7, 0)=[v], (9, 3)=[>, ◣, v], (5, 1)=[^], (6, 4)=[^]}
16 Jan 2025 01:15:54 GMT Zwierzę poruszyło się z (6, 7) na (7, 6)
16 Jan 2025 01:15:55 GMT Długość listy pozycji: 9
Lista pozycji zwierząt: {(7, 6)=[◢], (3, 6)=[v], (1, 5)=[^], (2, 6)=[>, <, v, v, ^, v], (9, 2)=[v], (7, 0)=[v], (9, 3)=[>, ◣, v], (5, 1)=[^], (6, 4)=[^]}
16 Jan 2025 01:15:55 GMT Zwierzę poruszyło się z (2, 7) na (2, 6)
16 Jan 2025 01:15:55 GMT Długość listy pozycji: 9
Lista pozycji zwierząt: {(7, 6)=[◢], (3, 6)=[v], (1, 5)=[^], (2, 6)=[>, <, v, v, ^, v], (9, 2)=[v], (7, 0)=[v], (9, 3)=[>, ◣, v], (6, 1)=[>], (6, 4)=[^]}
16 Jan 2025 01:15:55 GMT Zwierzę poruszyło się z (5, 1) na (6, 1)
16 Jan 2025 01:15:56 GMT Długość listy pozycji: 9
Lista pozycji zwierząt: {(7, 6)=[◢], (3, 6)=[v], (1, 5)=[^], (2, 6)=[>, <, v, v, ^, v], (9, 2)=[v], (7, 0)=[◥], (9, 3)=[>, ◣, v], (6, 1)=[>], (6, 4)=[^]}
16 Jan 2025 01:15:56 GMT Zwierzę poruszyło się z (7, 0) na (7, 0)
16 Jan 2025 01:15:56 GMT Długość listy pozycji: 9
Lista pozycji zwierząt: {(7, 6)=[◢], (3, 6)=[v], (1, 5)=[^], (2, 6)=[>, <, v, v, ^, v], (9, 2)=[v], (7, 0)=[◥], (9, 3)=[>, ◣, v], (6, 1)=[>], (7, 4)=[>]}
16 Jan 2025 01:15:56 GMT Zwierzę poruszyło się z (6, 4) na (7, 4)
16 Jan 2025 01:15:57 GMT Długość listy pozycji: 9
Lista pozycji zwierząt: {(7, 6)=[◢], (3, 6)=[v], (2, 6)=[>, <, v, v, ^, v], (0, 6)=[◤], (9, 2)=[v], (7, 0)=[◥], (9, 3)=[>, ◣, v], (6, 1)=[>], (7, 4)=[>]}
16 Jan 2025 01:15:57 GMT Zwierzę poruszyło się z (1, 5) na (0, 6)
16 Jan 2025 01:15:57 GMT Zwierzę zjadło roślinkę na (0, 6)
16 Jan 2025 01:15:57 GMT Zwierzę zjadło roślinkę na (9, 2)
16 Jan 2025 01:15:57 GMT Zwierzę zjadło roślinkę na (7, 4)
16 Jan 2025 01:15:58 GMT Zwierze zostało położone na (2, 6)
16 Jan 2025 01:15:58 GMT Urodziło się nowe zwierzę na (2, 6)
16 Jan 2025 01:15:58 GMT Zwierze zostało położone na (9, 3)
16 Jan 2025 01:15:58 GMT Urodziło się nowe zwierzę na (9, 3)
16 Jan 2025 01:15:58 GMT Roślinka wyrosła na (1, 7)
16 Jan 2025 01:15:58 GMT Roślinka wyrosła na (8, 4)
16 Jan 2025 01:15:58 GMT Roślinka wyrosła na (2, 8)
16 Jan 2025 01:15:58 GMT Roślinka wyrosła na (0, 3)
16 Jan 2025 01:15:58 GMT Roślinka wyrosła na (8, 1)
16 Jan 2025 01:15:58 GMT Roślinka wyrosła na (6, 8)
16 Jan 2025 01:15:58 GMT Roślinka wyrosła na (3, 9)
16 Jan 2025 01:15:58 GMT Roślinka wyrosła na (7, 8)
16 Jan 2025 01:15:58 GMT Roślinka wyrosła na (9, 8)
16 Jan 2025 01:15:58 GMT Roślinka wyrosła na (0, 1)
16 Jan 2025 01:15:59 GMT Długość listy pozycji: 8
Lista pozycji zwierząt: {(7, 6)=[◢], (3, 6)=[v], (2, 6)=[>, >, <, v, v, ^, v], (0, 6)=[◤], (7, 0)=[◥], (9, 3)=[◥, ^, >, ◣, ^], (6, 1)=[>], (7, 4)=[>]}
16 Jan 2025 01:15:59 GMT Zwierzę poruszyło się z (9, 2) na (9, 3)
16 Jan 2025 01:16:00 GMT Długość listy pozycji: 8
Lista pozycji zwierząt: {(7, 6)=[◢], (3, 7)=[^], (2, 6)=[>, >, <, v, v, ^, v], (0, 6)=[◤], (7, 0)=[◥], (9, 3)=[◥, ^, >, ◣, ^], (6, 1)=[>], (7, 4)=[>]}
16 Jan 2025 01:16:00 GMT Zwierzę poruszyło się z (3, 6) na (3, 7)
16 Jan 2025 01:16:00 GMT Długość listy pozycji: 9
Lista pozycji zwierząt: {(7, 6)=[◢], (2, 5)=[v], (3, 7)=[^], (2, 6)=[>, >, v, v, v, ^, v], (0, 6)=[◤], (7, 0)=[◥], (9, 3)=[◥, ^, >, ◣, ^], (6, 1)=[>], (7, 4)=[>]}
16 Jan 2025 01:16:00 GMT Zwierzę poruszyło się z (2, 6) na (2, 5)
16 Jan 2025 01:16:01 GMT Długość listy pozycji: 9
Lista pozycji zwierząt: {(6, 6)=[<], (2, 5)=[v], (3, 7)=[^], (2, 6)=[>, >, v, v, v, ^, v], (0, 6)=[◤], (7, 0)=[◥], (9, 3)=[◥, ^, >, ◣, ^], (6, 1)=[>], (7, 4)=[>]}
16 Jan 2025 01:16:01 GMT Zwierzę poruszyło się z (7, 6) na (6, 6)
16 Jan 2025 01:16:01 GMT Długość listy pozycji: 10
Lista pozycji zwierząt: {(6, 6)=[<], (2, 5)=[v], (3, 7)=[^], (2, 6)=[>, >, v, v, ^, ^], (2, 7)=[^], (0, 6)=[◤], (7, 0)=[◥], (9, 3)=[◥, ^, >, ◣, ^], (6, 1)=[>], (7, 4)=[>]}
16 Jan 2025 01:16:01 GMT Zwierzę poruszyło się z (2, 6) na (2, 7)
16 Jan 2025 01:16:02 GMT Długość listy pozycji: 10
Lista pozycji zwierząt: {(6, 6)=[<], (2, 5)=[v], (3, 7)=[^], (2, 6)=[>, >, v, v, ^, ^], (2, 7)=[^], (0, 6)=[◤], (7, 0)=[◥], (6, 0)=[v], (9, 3)=[◥, ^, >, ◣, ^], (7, 4)=[>]}
16 Jan 2025 01:16:02 GMT Zwierzę poruszyło się z (6, 1) na (6, 0)
16 Jan 2025 01:16:02 GMT Długość listy pozycji: 10
Lista pozycji zwierząt: {(6, 6)=[<], (2, 5)=[v], (3, 7)=[^], (2, 6)=[>, >, v, v, ^, ^], (2, 7)=[^], (0, 6)=[◤], (8, 0)=[>], (6, 0)=[v], (9, 3)=[◥, ^, >, ◣, ^], (7, 4)=[>]}
16 Jan 2025 01:16:02 GMT Zwierzę poruszyło się z (7, 0) na (8, 0)
16 Jan 2025 01:16:03 GMT Długość listy pozycji: 10
Lista pozycji zwierząt: {(6, 6)=[<], (2, 5)=[v], (3, 7)=[^], (2, 6)=[>, >, v, v, ^, ^], (2, 7)=[^], (0, 6)=[◤], (8, 0)=[>], (6, 0)=[v], (9, 3)=[◥, ^, >, ◣, ^], (7, 3)=[v]}
16 Jan 2025 01:16:03 GMT Zwierzę poruszyło się z (7, 4) na (7, 3)
16 Jan 2025 01:16:03 GMT Długość listy pozycji: 10
Lista pozycji zwierząt: {(6, 6)=[<], (2, 5)=[v], (3, 7)=[^], (2, 6)=[>, >, v, v, ^, ^], (2, 7)=[^], (8, 0)=[>], (6, 0)=[v], (9, 3)=[◥, ^, >, ◣, ^], (7, 3)=[v], (9, 6)=[<]}
16 Jan 2025 01:16:03 GMT Zwierzę poruszyło się z (0, 6) na (9, 6)
16 Jan 2025 01:16:04 GMT Zwierzę zjadło roślinkę na (8, 0)
16 Jan 2025 01:16:04 GMT Zwierzę zjadło roślinkę na (6, 0)
16 Jan 2025 01:16:04 GMT Zwierzę zjadło roślinkę na (7, 3)
16 Jan 2025 01:16:04 GMT Zwierze zostało położone na (2, 6)
16 Jan 2025 01:16:04 GMT Urodziło się nowe zwierzę na (2, 6)
16 Jan 2025 01:16:04 GMT Zwierze zostało położone na (9, 3)
16 Jan 2025 01:16:04 GMT Urodziło się nowe zwierzę na (9, 3)
16 Jan 2025 01:16:05 GMT Roślinka wyrosła na (0, 9)
16 Jan 2025 01:16:05 GMT Roślinka wyrosła na (0, 2)
16 Jan 2025 01:16:05 GMT Roślinka wyrosła na (2, 3)
16 Jan 2025 01:16:05 GMT Roślinka wyrosła na (6, 3)
16 Jan 2025 01:16:05 GMT Roślinka wyrosła na (5, 7)
16 Jan 2025 01:16:05 GMT Roślinka wyrosła na (2, 2)
16 Jan 2025 01:16:05 GMT Roślinka wyrosła na (5, 0)
16 Jan 2025 01:16:05 GMT Roślinka wyrosła na (9, 3)
16 Jan 2025 01:16:05 GMT Roślinka wyrosła na (1, 4)
16 Jan 2025 01:16:05 GMT Roślinka wyrosła na (2, 9)
16 Jan 2025 01:16:06 GMT Długość listy pozycji: 11
Lista pozycji zwierząt: {(6, 6)=[<], (2, 5)=[v], (3, 7)=[^], (2, 6)=[>, >, >, v, v, ^, ^], (2, 7)=[^], (8, 0)=[>], (9, 2)=[v], (6, 0)=[v], (9, 3)=[^, ◥, >, ◣, v], (7, 3)=[v], (9, 6)=[<]}
16 Jan 2025 01:16:06 GMT Zwierzę poruszyło się z (9, 3) na (9, 2)
16 Jan 2025 01:16:06 GMT Długość listy pozycji: 11
Lista pozycji zwierząt: {(6, 6)=[<], (3, 6)=[v], (2, 5)=[v], (2, 6)=[>, >, >, v, v, ^, ^], (2, 7)=[^], (8, 0)=[>], (9, 2)=[v], (6, 0)=[v], (9, 3)=[^, ◥, >, ◣, v], (7, 3)=[v], (9, 6)=[<]}
16 Jan 2025 01:16:07 GMT Zwierzę poruszyło się z (3, 7) na (3, 6)
16 Jan 2025 01:16:07 GMT Długość listy pozycji: 11
Lista pozycji zwierząt: {(6, 6)=[<], (3, 5)=[>], (3, 6)=[v], (2, 6)=[>, >, >, >, v, ^, ^], (2, 7)=[^], (8, 0)=[>], (9, 2)=[v], (6, 0)=[v], (9, 3)=[^, ◥, >, ◣, v], (7, 3)=[v], (9, 6)=[<]}
16 Jan 2025 01:16:07 GMT Zwierzę poruszyło się z (2, 5) na (3, 5)
16 Jan 2025 01:16:08 GMT Długość listy pozycji: 11
Lista pozycji zwierząt: {(7, 7)=[◥], (3, 5)=[>], (3, 6)=[v], (2, 6)=[>, >, >, >, v, ^, ^], (2, 7)=[^], (8, 0)=[>], (9, 2)=[v], (6, 0)=[v], (9, 3)=[^, ◥, >, ◣, v], (7, 3)=[v], (9, 6)=[<]}
16 Jan 2025 01:16:08 GMT Zwierzę poruszyło się z (6, 6) na (7, 7)
16 Jan 2025 01:16:08 GMT Długość listy pozycji: 10
Lista pozycji zwierząt: {(7, 7)=[◥], (3, 5)=[>], (3, 6)=[v], (2, 6)=[>, >, >, >, v, v, ^, v], (8, 0)=[>], (9, 2)=[v], (6, 0)=[v], (9, 3)=[^, ◥, >, ◣, v], (7, 3)=[v], (9, 6)=[<]}
16 Jan 2025 01:16:08 GMT Zwierzę poruszyło się z (2, 7) na (2, 6)
16 Jan 2025 01:16:09 GMT Długość listy pozycji: 10
Lista pozycji zwierząt: {(7, 7)=[◥], (3, 5)=[>], (3, 6)=[v], (2, 6)=[>, >, >, >, v, v, ^, v], (8, 0)=[>], (9, 2)=[v], (9, 3)=[^, ◥, >, ◣, v], (5, 0)=[<], (7, 3)=[v], (9, 6)=[<]}
16 Jan 2025 01:16:09 GMT Zwierzę poruszyło się z (6, 0) na (5, 0)
16 Jan 2025 01:16:09 GMT Długość listy pozycji: 10
Lista pozycji zwierząt: {(7, 7)=[◥], (3, 5)=[>], (3, 6)=[v], (2, 6)=[>, >, >, >, v, v, ^, v], (8, 0)=[◤], (9, 2)=[v], (9, 3)=[^, ◥, >, ◣, v], (5, 0)=[<], (7, 3)=[v], (9, 6)=[<]}
16 Jan 2025 01:16:09 GMT Zwierzę poruszyło się z (8, 0) na (8, 0)
16 Jan 2025 01:16:10 GMT Długość listy pozycji: 10
Lista pozycji zwierząt: {(7, 7)=[◥], (3, 5)=[>], (3, 6)=[v], (2, 6)=[>, >, >, >, v, v, ^, v], (8, 0)=[◤], (9, 2)=[v], (9, 3)=[^, ◥, >, ◣, v], (5, 0)=[<], (6, 3)=[<], (9, 6)=[<]}
16 Jan 2025 01:16:10 GMT Zwierzę poruszyło się z (7, 3) na (6, 3)
16 Jan 2025 01:16:10 GMT Długość listy pozycji: 10
Lista pozycji zwierząt: {(7, 7)=[◥], (3, 5)=[>], (3, 6)=[v], (2, 6)=[>, >, >, >, v, v, ^, v], (8, 0)=[◤], (9, 2)=[v], (9, 3)=[^, ◥, >, ◣, v], (5, 0)=[<], (8, 5)=[◣], (6, 3)=[<]}
16 Jan 2025 01:16:10 GMT Zwierzę poruszyło się z (9, 6) na (8, 5)
16 Jan 2025 01:16:11 GMT Zwierzę zjadło roślinkę na (7, 7)
16 Jan 2025 01:16:11 GMT Zwierzę zjadło roślinkę na (9, 3)
16 Jan 2025 01:16:11 GMT Zwierzę zjadło roślinkę na (5, 0)
16 Jan 2025 01:16:11 GMT Zwierzę zjadło roślinkę na (8, 5)
16 Jan 2025 01:16:11 GMT Zwierzę zjadło roślinkę na (6, 3)
16 Jan 2025 01:16:11 GMT Zwierze zostało położone na (2, 6)
16 Jan 2025 01:16:11 GMT Urodziło się nowe zwierzę na (2, 6)
16 Jan 2025 01:16:11 GMT Zwierze zostało położone na (9, 3)
16 Jan 2025 01:16:11 GMT Urodziło się nowe zwierzę na (9, 3)
16 Jan 2025 01:16:12 GMT Roślinka wyrosła na null
16 Jan 2025 01:16:12 GMT Roślinka wyrosła na null
16 Jan 2025 01:16:12 GMT Roślinka wyrosła na null
16 Jan 2025 01:16:12 GMT Roślinka wyrosła na null
16 Jan 2025 01:16:12 GMT Roślinka wyrosła na null
16 Jan 2025 01:16:12 GMT Roślinka wyrosła na null
16 Jan 2025 01:16:12 GMT Roślinka wyrosła na null
16 Jan 2025 01:16:12 GMT Roślinka wyrosła na null
16 Jan 2025 01:16:12 GMT Roślinka wyrosła na null
16 Jan 2025 01:16:12 GMT Roślinka wyrosła na null
16 Jan 2025 01:16:13 GMT Długość listy pozycji: 9
Lista pozycji zwierząt: {(7, 7)=[◥], (3, 5)=[>], (3, 6)=[v], (2, 6)=[◥, >, >, >, >, v, v, ^, v], (8, 0)=[◤], (9, 3)=[>, ^, ^, ◥, >, ◣, ^], (5, 0)=[<], (8, 5)=[◣], (6, 3)=[<]}
16 Jan 2025 01:16:13 GMT Zwierzę poruszyło się z (9, 2) na (9, 3)
16 Jan 2025 01:16:13 GMT Długość listy pozycji: 9
Lista pozycji zwierząt: {(7, 7)=[◥], (3, 5)=[>], (3, 7)=[^], (2, 6)=[◥, >, >, >, >, v, v, ^, v], (8, 0)=[◤], (9, 3)=[>, ^, ^, ◥, >, ◣, ^], (5, 0)=[<], (8, 5)=[◣], (6, 3)=[<]}
16 Jan 2025 01:16:13 GMT Zwierzę poruszyło się z (3, 6) na (3, 7)
16 Jan 2025 01:16:14 GMT Długość listy pozycji: 9
Lista pozycji zwierząt: {(7, 7)=[◥], (3, 6)=[^], (3, 7)=[^], (2, 6)=[◥, >, >, >, ^, v, v, ^, v], (8, 0)=[◤], (9, 3)=[>, ^, ^, ◥, >, ◣, ^], (5, 0)=[<], (8, 5)=[◣], (6, 3)=[<]}
16 Jan 2025 01:16:14 GMT Zwierzę poruszyło się z (3, 5) na (3, 6)
16 Jan 2025 01:16:14 GMT Długość listy pozycji: 9
Lista pozycji zwierząt: {(7, 6)=[v], (3, 6)=[^], (3, 7)=[^], (2, 6)=[◥, >, >, >, ^, v, v, ^, v], (8, 0)=[◤], (9, 3)=[>, ^, ^, ◥, >, ◣, ^], (5, 0)=[<], (8, 5)=[◣], (6, 3)=[<]}
16 Jan 2025 01:16:14 GMT Zwierzę poruszyło się z (7, 7) na (7, 6)
16 Jan 2025 01:16:15 GMT Długość listy pozycji: 10
Lista pozycji zwierząt: {(7, 6)=[v], (3, 6)=[^], (3, 7)=[^], (2, 6)=[◥, >, >, >, ^, ^, v, ^, ^], (2, 7)=[^], (8, 0)=[◤], (9, 3)=[>, ^, ^, ◥, >, ◣, ^], (5, 0)=[<], (8, 5)=[◣], (6, 3)=[<]}
16 Jan 2025 01:16:15 GMT Zwierzę poruszyło się z (2, 6) na (2, 7)
16 Jan 2025 01:16:15 GMT Długość listy pozycji: 10
Lista pozycji zwierząt: {(7, 6)=[v], (3, 6)=[^], (3, 7)=[^], (2, 6)=[◥, >, >, >, ^, ^, v, ^, ^], (2, 7)=[^], (8, 0)=[◤], (9, 3)=[>, ^, ^, ◥, >, ◣, ^], (5, 1)=[^], (8, 5)=[◣], (6, 3)=[<]}
16 Jan 2025 01:16:15 GMT Zwierzę poruszyło się z (5, 0) na (5, 1)
16 Jan 2025 01:16:16 GMT Długość listy pozycji: 10
Lista pozycji zwierząt: {(7, 6)=[v], (3, 6)=[^], (3, 7)=[^], (2, 6)=[◥, >, >, >, ^, ^, v, ^, ^], (2, 7)=[^], (8, 1)=[^], (9, 3)=[>, ^, ^, ◥, >, ◣, ^], (5, 1)=[^], (8, 5)=[◣], (6, 3)=[<]}
16 Jan 2025 01:16:16 GMT Zwierzę poruszyło się z (8, 0) na (8, 1)
16 Jan 2025 01:16:16 GMT Długość listy pozycji: 10
Lista pozycji zwierząt: {(7, 6)=[v], (3, 6)=[^], (3, 7)=[^], (2, 6)=[◥, >, >, >, ^, ^, v, ^, ^], (2, 7)=[^], (8, 1)=[^], (9, 3)=[>, ^, ^, ◥, >, ◣, ^], (5, 1)=[^], (8, 5)=[◣], (6, 4)=[^]}
16 Jan 2025 01:16:16 GMT Zwierzę poruszyło się z (6, 3) na (6, 4)
16 Jan 2025 01:16:17 GMT Długość listy pozycji: 10
Lista pozycji zwierząt: {(7, 6)=[v], (3, 6)=[^], (3, 7)=[^], (2, 6)=[◥, >, >, >, ^, ^, v, ^, ^], (2, 7)=[^], (8, 1)=[^], (9, 3)=[>, ^, ^, ◥, >, ◣, ^], (8, 4)=[v], (5, 1)=[^], (6, 4)=[^]}
16 Jan 2025 01:16:17 GMT Zwierzę poruszyło się z (8, 5) na (8, 4)
16 Jan 2025 01:16:17 GMT Zwierzę zjadło roślinkę na (8, 1)
16 Jan 2025 01:16:17 GMT Zwierzę zjadło roślinkę na (8, 4)
