16 Jan 2025 01:07:50 GMT Zwierze zostało położone na (5, 5)
16 Jan 2025 01:07:50 GMT Zwierze zostało położone na (4, 5)
16 Jan 2025 01:07:50 GMT Zwierze zostało położone na (1, 1)
16 Jan 2025 01:07:50 GMT Zwierze zostało położone na (1, 9)
16 Jan 2025 01:07:50 GMT Zwierze zostało położone na (5, 6)
16 Jan 2025 01:07:50 GMT Zwierze zostało położone na (8, 1)
16 Jan 2025 01:07:50 GMT Zwierze zostało położone na (2, 5)
16 Jan 2025 01:07:50 GMT Zwierze zostało położone na (5, 4)
16 Jan 2025 01:07:50 GMT Zwierze zostało położone na (0, 1)
16 Jan 2025 01:07:50 GMT Zwierze zostało położone na (8, 6)
16 Jan 2025 01:07:50 GMT Długość listy pozycji: 9
Lista pozycji zwierząt: {(5, 4)=[<, v], (1, 1)=[<], (0, 1)=[◣], (5, 6)=[◢], (4, 5)=[<], (2, 5)=[v], (1, 9)=[◥], (8, 1)=[>], (8, 6)=[<]}
16 Jan 2025 01:07:50 GMT Zwierzę poruszyło się z (5, 5) na (5, 4)
16 Jan 2025 01:07:51 GMT Długość listy pozycji: 9
Lista pozycji zwierząt: {(5, 4)=[<, v], (4, 4)=[v], (1, 1)=[<], (0, 1)=[◣], (5, 6)=[◢], (2, 5)=[v], (1, 9)=[◥], (8, 1)=[>], (8, 6)=[<]}
16 Jan 2025 01:07:51 GMT Zwierzę poruszyło się z (4, 5) na (4, 4)
16 Jan 2025 01:07:51 GMT Długość listy pozycji: 9
Lista pozycji zwierząt: {(1, 0)=[v], (5, 4)=[<, v], (4, 4)=[v], (0, 1)=[◣], (5, 6)=[◢], (2, 5)=[v], (1, 9)=[◥], (8, 1)=[>], (8, 6)=[<]}
16 Jan 2025 01:07:51 GMT Zwierzę poruszyło się z (1, 1) na (1, 0)
16 Jan 2025 01:07:52 GMT Długość listy pozycji: 9
Lista pozycji zwierząt: {(1, 0)=[v], (5, 4)=[<, v], (4, 4)=[v], (0, 1)=[◣], (5, 6)=[◢], (2, 5)=[v], (2, 9)=[>], (8, 1)=[>], (8, 6)=[<]}
16 Jan 2025 01:07:52 GMT Zwierzę poruszyło się z (1, 9) na (2, 9)
16 Jan 2025 01:07:52 GMT Długość listy pozycji: 9
Lista pozycji zwierząt: {(1, 0)=[v], (5, 4)=[<, v], (4, 4)=[v], (0, 1)=[◣], (4, 6)=[<], (2, 5)=[v], (2, 9)=[>], (8, 1)=[>], (8, 6)=[<]}
16 Jan 2025 01:07:52 GMT Zwierzę poruszyło się z (5, 6) na (4, 6)
16 Jan 2025 01:07:53 GMT Długość listy pozycji: 9
Lista pozycji zwierząt: {(1, 0)=[v], (5, 4)=[<, v], (4, 4)=[v], (0, 1)=[◣], (4, 6)=[<], (2, 5)=[v], (2, 9)=[>], (8, 0)=[v], (8, 6)=[<]}
16 Jan 2025 01:07:53 GMT Zwierzę poruszyło się z (8, 1) na (8, 0)
16 Jan 2025 01:07:54 GMT Długość listy pozycji: 9
Lista pozycji zwierząt: {(1, 0)=[v], (5, 4)=[<, v], (4, 4)=[v], (0, 1)=[◣], (4, 6)=[<], (2, 6)=[^], (2, 9)=[>], (8, 0)=[v], (8, 6)=[<]}
16 Jan 2025 01:07:54 GMT Zwierzę poruszyło się z (2, 5) na (2, 6)
16 Jan 2025 01:07:54 GMT Długość listy pozycji: 10
Lista pozycji zwierząt: {(1, 0)=[v], (5, 4)=[v], (4, 4)=[v], (0, 1)=[◣], (4, 6)=[<], (2, 6)=[^], (2, 9)=[>], (8, 0)=[v], (5, 3)=[v], (8, 6)=[<]}
16 Jan 2025 01:07:54 GMT Zwierzę poruszyło się z (5, 4) na (5, 3)
16 Jan 2025 01:07:55 GMT Długość listy pozycji: 10
Lista pozycji zwierząt: {(1, 0)=[v], (5, 4)=[v], (1, 1)=[>], (4, 4)=[v], (4, 6)=[<], (2, 6)=[^], (2, 9)=[>], (8, 0)=[v], (5, 3)=[v], (8, 6)=[<]}
16 Jan 2025 01:07:55 GMT Zwierzę poruszyło się z (0, 1) na (1, 1)
16 Jan 2025 01:07:55 GMT Długość listy pozycji: 10
Lista pozycji zwierząt: {(1, 0)=[v], (5, 4)=[v], (1, 1)=[>], (4, 4)=[v], (4, 6)=[<], (2, 6)=[^], (2, 9)=[>], (8, 0)=[v], (8, 5)=[v], (5, 3)=[v]}
16 Jan 2025 01:07:55 GMT Zwierzę poruszyło się z (8, 6) na (8, 5)
16 Jan 2025 01:07:56 GMT Zwierzę zjadło roślinkę na (4, 6)
16 Jan 2025 01:07:56 GMT Zwierzę zjadło roślinkę na (2, 6)
16 Jan 2025 01:07:56 GMT Zwierzę zjadło roślinkę na (8, 5)
16 Jan 2025 01:07:57 GMT Roślinka wyrosła na (1, 5)
16 Jan 2025 01:07:57 GMT Roślinka wyrosła na (5, 6)
16 Jan 2025 01:07:57 GMT Roślinka wyrosła na (5, 2)
16 Jan 2025 01:07:57 GMT Roślinka wyrosła na (0, 6)
16 Jan 2025 01:07:57 GMT Roślinka wyrosła na (4, 5)
16 Jan 2025 01:07:57 GMT Roślinka wyrosła na (6, 5)
16 Jan 2025 01:07:57 GMT Roślinka wyrosła na (3, 5)
16 Jan 2025 01:07:57 GMT Roślinka wyrosła na (2, 0)
16 Jan 2025 01:07:57 GMT Roślinka wyrosła na (1, 6)
16 Jan 2025 01:07:57 GMT Roślinka wyrosła na (8, 6)
16 Jan 2025 01:07:58 GMT Długość listy pozycji: 9
Lista pozycji zwierząt: {(1, 0)=[v], (1, 1)=[>], (4, 4)=[v, <], (4, 6)=[<], (2, 6)=[^], (2, 9)=[>], (8, 0)=[v], (8, 5)=[v], (5, 3)=[v]}
16 Jan 2025 01:07:58 GMT Zwierzę poruszyło się z (5, 4) na (4, 4)
16 Jan 2025 01:07:59 GMT Długość listy pozycji: 10
Lista pozycji zwierząt: {(5, 4)=[>], (1, 0)=[v], (1, 1)=[>], (4, 4)=[<], (4, 6)=[<], (2, 6)=[^], (2, 9)=[>], (8, 0)=[v], (8, 5)=[v], (5, 3)=[v]}
16 Jan 2025 01:07:59 GMT Zwierzę poruszyło się z (4, 4) na (5, 4)
16 Jan 2025 01:07:59 GMT Długość listy pozycji: 10
Lista pozycji zwierząt: {(5, 4)=[>], (1, 1)=[>], (4, 4)=[<], (4, 6)=[<], (2, 6)=[^], (2, 9)=[>], (8, 0)=[v], (8, 5)=[v], (2, 0)=[>], (5, 3)=[v]}
16 Jan 2025 01:07:59 GMT Zwierzę poruszyło się z (1, 0) na (2, 0)
16 Jan 2025 01:08:00 GMT Długość listy pozycji: 10
Lista pozycji zwierząt: {(5, 4)=[>], (1, 1)=[>], (4, 4)=[<], (4, 6)=[<], (2, 6)=[^], (3, 8)=[◢], (8, 0)=[v], (8, 5)=[v], (2, 0)=[>], (5, 3)=[v]}
16 Jan 2025 01:08:00 GMT Zwierzę poruszyło się z (2, 9) na (3, 8)
16 Jan 2025 01:08:00 GMT Długość listy pozycji: 10
Lista pozycji zwierząt: {(5, 4)=[>], (1, 1)=[>], (4, 4)=[<], (5, 7)=[◥], (2, 6)=[^], (3, 8)=[◢], (8, 0)=[v], (8, 5)=[v], (2, 0)=[>], (5, 3)=[v]}
16 Jan 2025 01:08:00 GMT Zwierzę poruszyło się z (4, 6) na (5, 7)
16 Jan 2025 01:08:01 GMT Długość listy pozycji: 10
Lista pozycji zwierząt: {(5, 4)=[>], (1, 1)=[>], (4, 4)=[<], (5, 7)=[◥], (2, 6)=[^], (3, 8)=[◢], (7, 0)=[<], (8, 5)=[v], (2, 0)=[>], (5, 3)=[v]}
16 Jan 2025 01:08:01 GMT Zwierzę poruszyło się z (8, 0) na (7, 0)
16 Jan 2025 01:08:01 GMT Długość listy pozycji: 10
Lista pozycji zwierząt: {(5, 4)=[>], (1, 1)=[>], (4, 4)=[<], (5, 7)=[◥], (2, 5)=[v], (3, 8)=[◢], (7, 0)=[<], (8, 5)=[v], (2, 0)=[>], (5, 3)=[v]}
16 Jan 2025 01:08:01 GMT Zwierzę poruszyło się z (2, 6) na (2, 5)
16 Jan 2025 01:08:02 GMT Długość listy pozycji: 10
Lista pozycji zwierząt: {(5, 4)=[>], (1, 1)=[>], (4, 4)=[<], (5, 7)=[◥], (2, 5)=[v], (3, 8)=[◢], (7, 0)=[<], (6, 3)=[>], (8, 5)=[v], (2, 0)=[>]}
16 Jan 2025 01:08:02 GMT Zwierzę poruszyło się z (5, 3) na (6, 3)
16 Jan 2025 01:08:02 GMT Długość listy pozycji: 10
Lista pozycji zwierząt: {(5, 4)=[>], (4, 4)=[<], (0, 2)=[◤], (5, 7)=[◥], (2, 5)=[v], (3, 8)=[◢], (7, 0)=[<], (6, 3)=[>], (8, 5)=[v], (2, 0)=[>]}
16 Jan 2025 01:08:02 GMT Zwierzę poruszyło się z (1, 1) na (0, 2)
16 Jan 2025 01:08:03 GMT Długość listy pozycji: 10
Lista pozycji zwierząt: {(5, 4)=[>], (4, 4)=[<], (0, 2)=[◤], (5, 7)=[◥], (2, 5)=[v], (3, 8)=[◢], (7, 0)=[<], (9, 5)=[>], (6, 3)=[>], (2, 0)=[>]}
16 Jan 2025 01:08:03 GMT Zwierzę poruszyło się z (8, 5) na (9, 5)
16 Jan 2025 01:08:03 GMT Zwierzę zjadło roślinkę na (2, 5)
16 Jan 2025 01:08:03 GMT Zwierzę zjadło roślinkę na (2, 0)
16 Jan 2025 01:08:04 GMT Roślinka wyrosła na (2, 1)
16 Jan 2025 01:08:04 GMT Roślinka wyrosła na (3, 6)
16 Jan 2025 01:08:04 GMT Roślinka wyrosła na (0, 5)
16 Jan 2025 01:08:04 GMT Roślinka wyrosła na (1, 0)
16 Jan 2025 01:08:04 GMT Roślinka wyrosła na (9, 5)
16 Jan 2025 01:08:04 GMT Roślinka wyrosła na (3, 7)
16 Jan 2025 01:08:04 GMT Roślinka wyrosła na (4, 4)
16 Jan 2025 01:08:04 GMT Roślinka wyrosła na (1, 7)
16 Jan 2025 01:08:04 GMT Roślinka wyrosła na (1, 2)
16 Jan 2025 01:08:04 GMT Roślinka wyrosła na (1, 1)
16 Jan 2025 01:08:05 GMT Długość listy pozycji: 10
Lista pozycji zwierząt: {(5, 4)=[>], (4, 5)=[^], (0, 2)=[◤], (5, 7)=[◥], (2, 5)=[v], (3, 8)=[◢], (7, 0)=[<], (9, 5)=[>], (6, 3)=[>], (2, 0)=[>]}
16 Jan 2025 01:08:05 GMT Zwierzę poruszyło się z (4, 4) na (4, 5)
16 Jan 2025 01:08:06 GMT Długość listy pozycji: 10
Lista pozycji zwierząt: {(5, 5)=[^], (4, 5)=[^], (0, 2)=[◤], (5, 7)=[◥], (2, 5)=[v], (3, 8)=[◢], (7, 0)=[<], (9, 5)=[>], (6, 3)=[>], (2, 0)=[>]}
16 Jan 2025 01:08:06 GMT Zwierzę poruszyło się z (5, 4) na (5, 5)
16 Jan 2025 01:08:06 GMT Długość listy pozycji: 10
Lista pozycji zwierząt: {(2, 1)=[^], (5, 5)=[^], (4, 5)=[^], (0, 2)=[◤], (5, 7)=[◥], (2, 5)=[v], (3, 8)=[◢], (7, 0)=[<], (9, 5)=[>], (6, 3)=[>]}
16 Jan 2025 01:08:06 GMT Zwierzę poruszyło się z (2, 0) na (2, 1)
16 Jan 2025 01:08:07 GMT Długość listy pozycji: 10
Lista pozycji zwierząt: {(2, 1)=[^], (5, 5)=[^], (4, 5)=[^], (0, 2)=[◤], (5, 7)=[◥], (2, 5)=[v], (3, 7)=[v], (7, 0)=[<], (9, 5)=[>], (6, 3)=[>]}
16 Jan 2025 01:08:07 GMT Zwierzę poruszyło się z (3, 8) na (3, 7)
16 Jan 2025 01:08:07 GMT Długość listy pozycji: 10
Lista pozycji zwierząt: {(2, 1)=[^], (5, 5)=[^], (5, 6)=[v], (4, 5)=[^], (0, 2)=[◤], (2, 5)=[v], (3, 7)=[v], (7, 0)=[<], (9, 5)=[>], (6, 3)=[>]}
16 Jan 2025 01:08:07 GMT Zwierzę poruszyło się z (5, 7) na (5, 6)
16 Jan 2025 01:08:08 GMT Długość listy pozycji: 10
Lista pozycji zwierząt: {(2, 1)=[^], (5, 5)=[^], (5, 6)=[v], (4, 5)=[^], (0, 2)=[◤], (2, 5)=[v], (3, 7)=[v], (7, 1)=[^], (9, 5)=[>], (6, 3)=[>]}
16 Jan 2025 01:08:08 GMT Zwierzę poruszyło się z (7, 0) na (7, 1)
16 Jan 2025 01:08:08 GMT Długość listy pozycji: 10
Lista pozycji zwierząt: {(2, 1)=[^], (5, 5)=[^], (5, 6)=[v], (4, 5)=[^], (0, 2)=[◤], (2, 6)=[^], (3, 7)=[v], (7, 1)=[^], (9, 5)=[>], (6, 3)=[>]}
16 Jan 2025 01:08:08 GMT Zwierzę poruszyło się z (2, 5) na (2, 6)
16 Jan 2025 01:08:09 GMT Długość listy pozycji: 10
Lista pozycji zwierząt: {(2, 1)=[^], (5, 5)=[^], (5, 6)=[v], (4, 5)=[^], (0, 2)=[◤], (2, 6)=[^], (3, 7)=[v], (7, 1)=[^], (9, 5)=[>], (6, 4)=[^]}
16 Jan 2025 01:08:09 GMT Zwierzę poruszyło się z (6, 3) na (6, 4)
16 Jan 2025 01:08:09 GMT Długość listy pozycji: 10
Lista pozycji zwierząt: {(2, 1)=[^], (5, 5)=[^], (0, 1)=[v], (5, 6)=[v], (4, 5)=[^], (2, 6)=[^], (3, 7)=[v], (7, 1)=[^], (9, 5)=[>], (6, 4)=[^]}
16 Jan 2025 01:08:09 GMT Zwierzę poruszyło się z (0, 2) na (0, 1)
16 Jan 2025 01:08:10 GMT Długość listy pozycji: 10
Lista pozycji zwierząt: {(2, 1)=[^], (5, 5)=[^], (0, 1)=[v], (5, 6)=[v], (4, 5)=[^], (2, 6)=[^], (3, 7)=[v], (7, 1)=[^], (9, 6)=[^], (6, 4)=[^]}
16 Jan 2025 01:08:10 GMT Zwierzę poruszyło się z (9, 5) na (9, 6)
16 Jan 2025 01:08:10 GMT Zwierzę zjadło roślinkę na (2, 1)
16 Jan 2025 01:08:10 GMT Zwierzę zjadło roślinkę na (5, 5)
16 Jan 2025 01:08:10 GMT Zwierzę zjadło roślinkę na (5, 6)
16 Jan 2025 01:08:10 GMT Zwierzę zjadło roślinkę na (4, 5)
16 Jan 2025 01:08:10 GMT Zwierzę zjadło roślinkę na (3, 7)
16 Jan 2025 01:08:10 GMT Zwierzę zjadło roślinkę na (9, 6)
16 Jan 2025 01:08:11 GMT Roślinka wyrosła na (2, 7)
16 Jan 2025 01:08:11 GMT Roślinka wyrosła na (8, 7)
16 Jan 2025 01:08:11 GMT Roślinka wyrosła na (3, 2)
16 Jan 2025 01:08:11 GMT Roślinka wyrosła na (8, 0)
16 Jan 2025 01:08:11 GMT Roślinka wyrosła na (7, 4)
16 Jan 2025 01:08:11 GMT Roślinka wyrosła na (5, 3)
16 Jan 2025 01:08:11 GMT Roślinka wyrosła na (0, 9)
16 Jan 2025 01:08:11 GMT Roślinka wyrosła na (0, 7)
16 Jan 2025 01:08:11 GMT Roślinka wyrosła na (4, 8)
16 Jan 2025 01:08:11 GMT Roślinka wyrosła na (5, 8)
16 Jan 2025 01:08:12 GMT Długość listy pozycji: 9
Lista pozycji zwierząt: {(2, 1)=[^], (5, 5)=[^, >], (0, 1)=[v], (5, 6)=[v], (2, 6)=[^], (3, 7)=[v], (7, 1)=[^], (9, 6)=[^], (6, 4)=[^]}
16 Jan 2025 01:08:12 GMT Zwierzę poruszyło się z (4, 5) na (5, 5)
16 Jan 2025 01:08:13 GMT Długość listy pozycji: 10
Lista pozycji zwierząt: {(2, 1)=[^], (5, 5)=[>], (4, 5)=[<], (0, 1)=[v], (5, 6)=[v], (2, 6)=[^], (3, 7)=[v], (7, 1)=[^], (9, 6)=[^], (6, 4)=[^]}
16 Jan 2025 01:08:13 GMT Zwierzę poruszyło się z (5, 5) na (4, 5)
16 Jan 2025 01:08:13 GMT Długość listy pozycji: 10
Lista pozycji zwierząt: {(1, 1)=[<], (5, 5)=[>], (4, 5)=[<], (0, 1)=[v], (5, 6)=[v], (2, 6)=[^], (3, 7)=[v], (7, 1)=[^], (9, 6)=[^], (6, 4)=[^]}
16 Jan 2025 01:08:13 GMT Zwierzę poruszyło się z (2, 1) na (1, 1)
16 Jan 2025 01:08:14 GMT Długość listy pozycji: 9
Lista pozycji zwierząt: {(1, 1)=[<], (5, 5)=[>], (4, 5)=[<], (0, 1)=[v], (5, 6)=[v], (2, 6)=[^, ◣], (7, 1)=[^], (9, 6)=[^], (6, 4)=[^]}
16 Jan 2025 01:08:14 GMT Zwierzę poruszyło się z (3, 7) na (2, 6)
16 Jan 2025 01:08:14 GMT Długość listy pozycji: 9
Lista pozycji zwierząt: {(1, 1)=[<], (5, 5)=[>], (4, 5)=[<], (0, 1)=[v], (4, 7)=[◤], (2, 6)=[^, ◣], (7, 1)=[^], (9, 6)=[^], (6, 4)=[^]}
16 Jan 2025 01:08:14 GMT Zwierzę poruszyło się z (5, 6) na (4, 7)
16 Jan 2025 01:08:15 GMT Długość listy pozycji: 9
Lista pozycji zwierząt: {(1, 1)=[<], (5, 5)=[>], (4, 5)=[<], (0, 1)=[v], (4, 7)=[◤], (2, 6)=[^, ◣], (8, 1)=[>], (9, 6)=[^], (6, 4)=[^]}
16 Jan 2025 01:08:15 GMT Zwierzę poruszyło się z (7, 1) na (8, 1)
16 Jan 2025 01:08:15 GMT Długość listy pozycji: 10
Lista pozycji zwierząt: {(1, 1)=[<], (5, 5)=[>], (4, 5)=[<], (0, 1)=[v], (2, 5)=[v], (4, 7)=[◤], (2, 6)=[◣], (8, 1)=[>], (9, 6)=[^], (6, 4)=[^]}
16 Jan 2025 01:08:15 GMT Zwierzę poruszyło się z (2, 6) na (2, 5)
16 Jan 2025 01:08:16 GMT Długość listy pozycji: 10
Lista pozycji zwierząt: {(5, 4)=[<], (1, 1)=[<], (5, 5)=[>], (4, 5)=[<], (0, 1)=[v], (2, 5)=[v], (4, 7)=[◤], (2, 6)=[◣], (8, 1)=[>], (9, 6)=[^]}
16 Jan 2025 01:08:16 GMT Zwierzę poruszyło się z (6, 4) na (5, 4)
16 Jan 2025 01:08:16 GMT Długość listy pozycji: 10
Lista pozycji zwierząt: {(5, 4)=[<], (1, 1)=[<], (5, 5)=[>], (1, 2)=[◥], (4, 5)=[<], (2, 5)=[v], (4, 7)=[◤], (2, 6)=[◣], (8, 1)=[>], (9, 6)=[^]}
16 Jan 2025 01:08:16 GMT Zwierzę poruszyło się z (0, 1) na (1, 2)
16 Jan 2025 01:08:17 GMT Długość listy pozycji: 10
Lista pozycji zwierząt: {(5, 4)=[<], (1, 1)=[<], (5, 5)=[>], (1, 2)=[◥], (4, 5)=[<], (2, 5)=[v], (4, 7)=[◤], (2, 6)=[◣], (8, 1)=[>], (8, 6)=[<]}
16 Jan 2025 01:08:17 GMT Zwierzę poruszyło się z (9, 6) na (8, 6)
16 Jan 2025 01:08:17 GMT Zwierzę zjadło roślinkę na (1, 1)
16 Jan 2025 01:08:17 GMT Zwierzę zjadło roślinkę na (1, 2)
16 Jan 2025 01:08:17 GMT Zwierzę zjadło roślinkę na (8, 6)
16 Jan 2025 01:08:18 GMT Roślinka wyrosła na (0, 3)
16 Jan 2025 01:08:18 GMT Roślinka wyrosła na (4, 2)
16 Jan 2025 01:08:18 GMT Roślinka wyrosła na (9, 1)
16 Jan 2025 01:08:18 GMT Roślinka wyrosła na (8, 3)
16 Jan 2025 01:08:18 GMT Roślinka wyrosła na (9, 9)
16 Jan 2025 01:08:18 GMT Roślinka wyrosła na (6, 0)
16 Jan 2025 01:08:18 GMT Roślinka wyrosła na (9, 3)
16 Jan 2025 01:08:18 GMT Roślinka wyrosła na (5, 1)
16 Jan 2025 01:08:18 GMT Roślinka wyrosła na (9, 8)
16 Jan 2025 01:08:18 GMT Roślinka wyrosła na (7, 3)
16 Jan 2025 01:08:19 GMT Długość listy pozycji: 9
Lista pozycji zwierząt: {(5, 4)=[v, <], (1, 1)=[<], (1, 2)=[◥], (4, 5)=[<], (2, 5)=[v], (4, 7)=[◤], (2, 6)=[◣], (8, 1)=[>], (8, 6)=[<]}
16 Jan 2025 01:08:19 GMT Zwierzę poruszyło się z (5, 5) na (5, 4)
16 Jan 2025 01:08:20 GMT Długość listy pozycji: 9
Lista pozycji zwierząt: {(5, 4)=[v, <], (4, 4)=[v], (1, 1)=[<], (1, 2)=[◥], (2, 5)=[v], (4, 7)=[◤], (2, 6)=[◣], (8, 1)=[>], (8, 6)=[<]}
16 Jan 2025 01:08:20 GMT Zwierzę poruszyło się z (4, 5) na (4, 4)
16 Jan 2025 01:08:20 GMT Długość listy pozycji: 9
Lista pozycji zwierząt: {(1, 0)=[v], (5, 4)=[v, <], (4, 4)=[v], (1, 2)=[◥], (2, 5)=[v], (4, 7)=[◤], (2, 6)=[◣], (8, 1)=[>], (8, 6)=[<]}
16 Jan 2025 01:08:20 GMT Zwierzę poruszyło się z (1, 1) na (1, 0)
16 Jan 2025 01:08:21 GMT Długość listy pozycji: 9
Lista pozycji zwierząt: {(1, 0)=[v], (5, 4)=[v, <], (4, 4)=[v], (1, 2)=[◥], (2, 5)=[v], (4, 7)=[◤], (1, 6)=[<], (8, 1)=[>], (8, 6)=[<]}
16 Jan 2025 01:08:21 GMT Zwierzę poruszyło się z (2, 6) na (1, 6)
16 Jan 2025 01:08:21 GMT Długość listy pozycji: 9
Lista pozycji zwierząt: {(1, 0)=[v], (5, 4)=[v, <], (4, 4)=[v], (1, 2)=[◥], (5, 7)=[>], (2, 5)=[v], (1, 6)=[<], (8, 1)=[>], (8, 6)=[<]}
16 Jan 2025 01:08:21 GMT Zwierzę poruszyło się z (4, 7) na (5, 7)
16 Jan 2025 01:08:22 GMT Długość listy pozycji: 9
Lista pozycji zwierząt: {(1, 0)=[v], (5, 4)=[v, <], (4, 4)=[v], (1, 2)=[◥], (5, 7)=[>], (2, 5)=[v], (1, 6)=[<], (8, 0)=[v], (8, 6)=[<]}
16 Jan 2025 01:08:22 GMT Zwierzę poruszyło się z (8, 1) na (8, 0)
16 Jan 2025 01:08:22 GMT Długość listy pozycji: 9
Lista pozycji zwierząt: {(1, 0)=[v], (5, 4)=[v, <], (4, 4)=[v], (1, 2)=[◥], (5, 7)=[>], (2, 6)=[^], (1, 6)=[<], (8, 0)=[v], (8, 6)=[<]}
16 Jan 2025 01:08:22 GMT Zwierzę poruszyło się z (2, 5) na (2, 6)
16 Jan 2025 01:08:23 GMT Długość listy pozycji: 10
Lista pozycji zwierząt: {(1, 0)=[v], (5, 4)=[v], (4, 4)=[v], (1, 2)=[◥], (5, 7)=[>], (2, 6)=[^], (1, 6)=[<], (8, 0)=[v], (5, 3)=[v], (8, 6)=[<]}
16 Jan 2025 01:08:23 GMT Zwierzę poruszyło się z (5, 4) na (5, 3)
16 Jan 2025 01:08:23 GMT Długość listy pozycji: 10
Lista pozycji zwierząt: {(1, 0)=[v], (5, 4)=[v], (4, 4)=[v], (0, 2)=[<], (5, 7)=[>], (2, 6)=[^], (1, 6)=[<], (8, 0)=[v], (5, 3)=[v], (8, 6)=[<]}
16 Jan 2025 01:08:23 GMT Zwierzę poruszyło się z (1, 2) na (0, 2)
16 Jan 2025 01:08:24 GMT Długość listy pozycji: 10
Lista pozycji zwierząt: {(1, 0)=[v], (5, 4)=[v], (4, 4)=[v], (0, 2)=[<], (5, 7)=[>], (2, 6)=[^], (1, 6)=[<], (8, 0)=[v], (8, 5)=[v], (5, 3)=[v]}
16 Jan 2025 01:08:24 GMT Zwierzę poruszyło się z (8, 6) na (8, 5)
16 Jan 2025 01:08:24 GMT Zwierzę zjadło roślinkę na (1, 0)
16 Jan 2025 01:08:24 GMT Zwierzę zjadło roślinkę na (4, 4)
16 Jan 2025 01:08:24 GMT Zwierzę zjadło roślinkę na (1, 6)
16 Jan 2025 01:08:24 GMT Zwierzę zjadło roślinkę na (8, 0)
16 Jan 2025 01:08:24 GMT Zwierzę zjadło roślinkę na (5, 3)
16 Jan 2025 01:08:25 GMT Roślinka wyrosła na (4, 3)
16 Jan 2025 01:08:25 GMT Roślinka wyrosła na (6, 9)
16 Jan 2025 01:08:25 GMT Roślinka wyrosła na (0, 4)
16 Jan 2025 01:08:25 GMT Roślinka wyrosła na (8, 2)
16 Jan 2025 01:08:25 GMT Roślinka wyrosła na (1, 3)
16 Jan 2025 01:08:25 GMT Roślinka wyrosła na (5, 7)
16 Jan 2025 01:08:25 GMT Roślinka wyrosła na (4, 0)
16 Jan 2025 01:08:25 GMT Roślinka wyrosła na (1, 9)
16 Jan 2025 01:08:25 GMT Roślinka wyrosła na (3, 8)
16 Jan 2025 01:08:26 GMT Roślinka wyrosła na (0, 1)
16 Jan 2025 01:08:27 GMT Długość listy pozycji: 9
Lista pozycji zwierząt: {(1, 0)=[v], (4, 4)=[v, <], (0, 2)=[<], (5, 7)=[>], (2, 6)=[^], (1, 6)=[<], (8, 0)=[v], (8, 5)=[v], (5, 3)=[v]}
16 Jan 2025 01:08:27 GMT Zwierzę poruszyło się z (5, 4) na (4, 4)
16 Jan 2025 01:08:27 GMT Długość listy pozycji: 10
Lista pozycji zwierząt: {(5, 4)=[>], (1, 0)=[v], (4, 4)=[<], (0, 2)=[<], (5, 7)=[>], (2, 6)=[^], (1, 6)=[<], (8, 0)=[v], (8, 5)=[v], (5, 3)=[v]}
16 Jan 2025 01:08:27 GMT Zwierzę poruszyło się z (4, 4) na (5, 4)
16 Jan 2025 01:08:28 GMT Długość listy pozycji: 10
Lista pozycji zwierząt: {(5, 4)=[>], (4, 4)=[<], (0, 2)=[<], (5, 7)=[>], (2, 6)=[^], (1, 6)=[<], (8, 0)=[v], (8, 5)=[v], (2, 0)=[>], (5, 3)=[v]}
16 Jan 2025 01:08:28 GMT Zwierzę poruszyło się z (1, 0) na (2, 0)
16 Jan 2025 01:08:28 GMT Długość listy pozycji: 10
Lista pozycji zwierząt: {(5, 4)=[>], (4, 4)=[<], (0, 2)=[<], (5, 7)=[>], (2, 6)=[^], (0, 7)=[◤], (8, 0)=[v], (8, 5)=[v], (2, 0)=[>], (5, 3)=[v]}
16 Jan 2025 01:08:28 GMT Zwierzę poruszyło się z (1, 6) na (0, 7)
16 Jan 2025 01:08:29 GMT Długość listy pozycji: 10
Lista pozycji zwierząt: {(5, 4)=[>], (4, 4)=[<], (4, 6)=[◣], (0, 2)=[<], (2, 6)=[^], (0, 7)=[◤], (8, 0)=[v], (8, 5)=[v], (2, 0)=[>], (5, 3)=[v]}
16 Jan 2025 01:08:29 GMT Zwierzę poruszyło się z (5, 7) na (4, 6)
16 Jan 2025 01:08:29 GMT Długość listy pozycji: 10
Lista pozycji zwierząt: {(5, 4)=[>], (4, 4)=[<], (4, 6)=[◣], (0, 2)=[<], (2, 6)=[^], (0, 7)=[◤], (7, 0)=[<], (8, 5)=[v], (2, 0)=[>], (5, 3)=[v]}
16 Jan 2025 01:08:29 GMT Zwierzę poruszyło się z (8, 0) na (7, 0)
16 Jan 2025 01:08:30 GMT Długość listy pozycji: 10
Lista pozycji zwierząt: {(5, 4)=[>], (4, 4)=[<], (4, 6)=[◣], (0, 2)=[<], (2, 5)=[v], (0, 7)=[◤], (7, 0)=[<], (8, 5)=[v], (2, 0)=[>], (5, 3)=[v]}
16 Jan 2025 01:08:30 GMT Zwierzę poruszyło się z (2, 6) na (2, 5)
16 Jan 2025 01:08:30 GMT Długość listy pozycji: 10
Lista pozycji zwierząt: {(5, 4)=[>], (4, 4)=[<], (4, 6)=[◣], (0, 2)=[<], (2, 5)=[v], (0, 7)=[◤], (7, 0)=[<], (6, 3)=[>], (8, 5)=[v], (2, 0)=[>]}
16 Jan 2025 01:08:30 GMT Zwierzę poruszyło się z (5, 3) na (6, 3)
16 Jan 2025 01:08:31 GMT Długość listy pozycji: 10
Lista pozycji zwierząt: {(5, 4)=[>], (1, 1)=[◢], (4, 4)=[<], (4, 6)=[◣], (2, 5)=[v], (0, 7)=[◤], (7, 0)=[<], (6, 3)=[>], (8, 5)=[v], (2, 0)=[>]}
16 Jan 2025 01:08:31 GMT Zwierzę poruszyło się z (0, 2) na (1, 1)
16 Jan 2025 01:08:31 GMT Długość listy pozycji: 10
Lista pozycji zwierząt: {(5, 4)=[>], (1, 1)=[◢], (4, 4)=[<], (4, 6)=[◣], (2, 5)=[v], (0, 7)=[◤], (7, 0)=[<], (9, 5)=[>], (6, 3)=[>], (2, 0)=[>]}
16 Jan 2025 01:08:31 GMT Zwierzę poruszyło się z (8, 5) na (9, 5)
16 Jan 2025 01:08:32 GMT Zwierzę zjadło roślinkę na (0, 7)
16 Jan 2025 01:08:32 GMT Zwierzę zjadło roślinkę na (9, 5)
16 Jan 2025 01:08:33 GMT Roślinka wyrosła na (4, 9)
16 Jan 2025 01:08:33 GMT Roślinka wyrosła na (0, 8)
16 Jan 2025 01:08:33 GMT Roślinka wyrosła na (6, 4)
16 Jan 2025 01:08:33 GMT Roślinka wyrosła na (2, 2)
16 Jan 2025 01:08:33 GMT Roślinka wyrosła na (5, 0)
16 Jan 2025 01:08:33 GMT Roślinka wyrosła na (8, 1)
16 Jan 2025 01:08:33 GMT Roślinka wyrosła na (8, 9)
16 Jan 2025 01:08:33 GMT Roślinka wyrosła na (3, 0)
16 Jan 2025 01:08:33 GMT Roślinka wyrosła na (6, 8)
16 Jan 2025 01:08:33 GMT Roślinka wyrosła na (6, 1)
