16 Jan 2025 01:00:56 GMT Zwierze zostało położone na (2, 6)
16 Jan 2025 01:00:56 GMT Zwierze zostało położone na (3, 8)
16 Jan 2025 01:00:56 GMT Zwierze zostało położone na (7, 5)
16 Jan 2025 01:00:56 GMT Zwierze zostało położone na (6, 4)
16 Jan 2025 01:00:56 GMT Zwierze zostało położone na (5, 2)
16 Jan 2025 01:00:56 GMT Zwierze zostało położone na (9, 2)
16 Jan 2025 01:00:56 GMT Zwierze zostało położone na (8, 8)
16 Jan 2025 01:00:56 GMT Zwierze zostało położone na (5, 1)
16 Jan 2025 01:00:56 GMT Zwierze zostało położone na (6, 9)
16 Jan 2025 01:00:56 GMT Zwierze zostało położone na (1, 4)
16 Jan 2025 01:00:56 GMT Długość listy pozycji: 10
Lista pozycji zwierząt: {(8, 8)=[>], (1, 4)=[<], (6, 9)=[v], (1, 6)=[<], (3, 8)=[^], (9, 2)=[◤], (5, 1)=[◢], (5, 2)=[v], (6, 4)=[◣], (7, 5)=[◣]}
16 Jan 2025 01:00:56 GMT Zwierzę poruszyło się z (2, 6) na (1, 6)
16 Jan 2025 01:00:57 GMT Długość listy pozycji: 10
Lista pozycji zwierząt: {(8, 8)=[>], (1, 4)=[<], (6, 9)=[v], (1, 6)=[<], (3, 9)=[^], (9, 2)=[◤], (5, 1)=[◢], (5, 2)=[v], (6, 4)=[◣], (7, 5)=[◣]}
16 Jan 2025 01:00:57 GMT Zwierzę poruszyło się z (3, 8) na (3, 9)
16 Jan 2025 01:00:57 GMT Długość listy pozycji: 10
Lista pozycji zwierząt: {(8, 8)=[>], (1, 4)=[<], (6, 9)=[v], (1, 6)=[<], (3, 9)=[^], (9, 2)=[◤], (5, 1)=[◢], (8, 5)=[>], (5, 2)=[v], (6, 4)=[◣]}
16 Jan 2025 01:00:57 GMT Zwierzę poruszyło się z (7, 5) na (8, 5)
16 Jan 2025 01:00:58 GMT Długość listy pozycji: 10
Lista pozycji zwierząt: {(8, 8)=[>], (1, 4)=[<], (6, 9)=[v], (1, 6)=[<], (3, 9)=[^], (9, 2)=[◤], (5, 1)=[◢], (7, 4)=[>], (8, 5)=[>], (5, 2)=[v]}
16 Jan 2025 01:00:58 GMT Zwierzę poruszyło się z (6, 4) na (7, 4)
16 Jan 2025 01:00:58 GMT Długość listy pozycji: 10
Lista pozycji zwierząt: {(8, 8)=[>], (1, 4)=[<], (6, 9)=[v], (1, 6)=[<], (3, 9)=[^], (9, 2)=[◤], (5, 1)=[◢], (7, 4)=[>], (8, 5)=[>], (5, 3)=[^]}
16 Jan 2025 01:00:58 GMT Zwierzę poruszyło się z (5, 2) na (5, 3)
16 Jan 2025 01:00:59 GMT Długość listy pozycji: 10
Lista pozycji zwierząt: {(8, 8)=[>], (1, 4)=[<], (6, 9)=[v], (1, 6)=[<], (3, 9)=[^], (8, 2)=[<], (5, 1)=[◢], (7, 4)=[>], (8, 5)=[>], (5, 3)=[^]}
16 Jan 2025 01:00:59 GMT Zwierzę poruszyło się z (9, 2) na (8, 2)
16 Jan 2025 01:00:59 GMT Długość listy pozycji: 10
Lista pozycji zwierząt: {(8, 7)=[v], (1, 4)=[<], (6, 9)=[v], (1, 6)=[<], (3, 9)=[^], (8, 2)=[<], (5, 1)=[◢], (7, 4)=[>], (8, 5)=[>], (5, 3)=[^]}
16 Jan 2025 01:00:59 GMT Zwierzę poruszyło się z (8, 8) na (8, 7)
16 Jan 2025 01:01:00 GMT Długość listy pozycji: 10
Lista pozycji zwierząt: {(8, 7)=[v], (1, 4)=[<], (6, 9)=[v], (1, 6)=[<], (3, 9)=[^], (8, 2)=[<], (4, 1)=[<], (7, 4)=[>], (8, 5)=[>], (5, 3)=[^]}
16 Jan 2025 01:01:00 GMT Zwierzę poruszyło się z (5, 1) na (4, 1)
16 Jan 2025 01:01:00 GMT Długość listy pozycji: 10
Lista pozycji zwierząt: {(8, 7)=[v], (1, 4)=[<], (6, 9)=[v], (1, 6)=[<], (3, 9)=[^], (8, 2)=[<], (4, 1)=[<], (7, 4)=[>], (8, 5)=[>], (5, 3)=[^]}
16 Jan 2025 01:01:00 GMT Zwierzę poruszyło się z (6, 9) na (6, 9)
16 Jan 2025 01:01:01 GMT Długość listy pozycji: 10
Lista pozycji zwierząt: {(8, 7)=[v], (1, 3)=[v], (6, 9)=[v], (1, 6)=[<], (3, 9)=[^], (8, 2)=[<], (4, 1)=[<], (7, 4)=[>], (8, 5)=[>], (5, 3)=[^]}
16 Jan 2025 01:01:01 GMT Zwierzę poruszyło się z (1, 4) na (1, 3)
16 Jan 2025 01:01:01 GMT Zwierzę zjadło roślinkę na (6, 9)
16 Jan 2025 01:01:01 GMT Zwierzę zjadło roślinkę na (1, 6)
16 Jan 2025 01:01:01 GMT Zwierzę zjadło roślinkę na (4, 1)
16 Jan 2025 01:01:02 GMT Roślinka wyrosła na (4, 6)
16 Jan 2025 01:01:02 GMT Roślinka wyrosła na (3, 5)
16 Jan 2025 01:01:02 GMT Roślinka wyrosła na (6, 8)
16 Jan 2025 01:01:02 GMT Roślinka wyrosła na (6, 5)
16 Jan 2025 01:01:02 GMT Roślinka wyrosła na (0, 6)
16 Jan 2025 01:01:02 GMT Roślinka wyrosła na (0, 5)
16 Jan 2025 01:01:02 GMT Roślinka wyrosła na (8, 5)
16 Jan 2025 01:01:02 GMT Roślinka wyrosła na (9, 6)
16 Jan 2025 01:01:02 GMT Roślinka wyrosła na (1, 5)
16 Jan 2025 01:01:02 GMT Roślinka wyrosła na (4, 5)
16 Jan 2025 01:01:03 GMT Długość listy pozycji: 10
Lista pozycji zwierząt: {(8, 7)=[v], (1, 3)=[v], (6, 9)=[v], (0, 5)=[◣], (3, 9)=[^], (8, 2)=[<], (4, 1)=[<], (7, 4)=[>], (8, 5)=[>], (5, 3)=[^]}
16 Jan 2025 01:01:03 GMT Zwierzę poruszyło się z (1, 6) na (0, 5)
16 Jan 2025 01:01:04 GMT Długość listy pozycji: 10
Lista pozycji zwierząt: {(8, 7)=[v], (1, 3)=[v], (6, 9)=[v], (0, 5)=[◣], (3, 9)=[v], (8, 2)=[<], (4, 1)=[<], (7, 4)=[>], (8, 5)=[>], (5, 3)=[^]}
16 Jan 2025 01:01:04 GMT Zwierzę poruszyło się z (3, 9) na (3, 9)
16 Jan 2025 01:01:04 GMT Długość listy pozycji: 10
Lista pozycji zwierząt: {(7, 6)=[◤], (8, 7)=[v], (1, 3)=[v], (6, 9)=[v], (0, 5)=[◣], (3, 9)=[v], (8, 2)=[<], (4, 1)=[<], (7, 4)=[>], (5, 3)=[^]}
16 Jan 2025 01:01:04 GMT Zwierzę poruszyło się z (8, 5) na (7, 6)
16 Jan 2025 01:01:05 GMT Długość listy pozycji: 10
Lista pozycji zwierząt: {(6, 5)=[◤], (7, 6)=[◤], (8, 7)=[v], (1, 3)=[v], (6, 9)=[v], (0, 5)=[◣], (3, 9)=[v], (8, 2)=[<], (4, 1)=[<], (5, 3)=[^]}
16 Jan 2025 01:01:05 GMT Zwierzę poruszyło się z (7, 4) na (6, 5)
16 Jan 2025 01:01:06 GMT Długość listy pozycji: 10
Lista pozycji zwierząt: {(6, 5)=[◤], (7, 6)=[◤], (8, 7)=[v], (1, 3)=[v], (6, 9)=[v], (0, 5)=[◣], (3, 9)=[v], (8, 2)=[<], (5, 2)=[v], (4, 1)=[<]}
16 Jan 2025 01:01:06 GMT Zwierzę poruszyło się z (5, 3) na (5, 2)
16 Jan 2025 01:01:07 GMT Długość listy pozycji: 10
Lista pozycji zwierząt: {(6, 5)=[◤], (7, 6)=[◤], (8, 7)=[v], (1, 3)=[v], (6, 9)=[v], (0, 5)=[◣], (3, 9)=[v], (7, 1)=[◣], (5, 2)=[v], (4, 1)=[<]}
16 Jan 2025 01:01:07 GMT Zwierzę poruszyło się z (8, 2) na (7, 1)
16 Jan 2025 01:01:07 GMT Długość listy pozycji: 10
Lista pozycji zwierząt: {(6, 5)=[◤], (7, 6)=[◤], (7, 7)=[<], (1, 3)=[v], (6, 9)=[v], (0, 5)=[◣], (3, 9)=[v], (7, 1)=[◣], (5, 2)=[v], (4, 1)=[<]}
16 Jan 2025 01:01:07 GMT Zwierzę poruszyło się z (8, 7) na (7, 7)
16 Jan 2025 01:01:08 GMT Długość listy pozycji: 9
Lista pozycji zwierząt: {(6, 5)=[◤], (7, 6)=[◤], (7, 7)=[<], (1, 3)=[v], (6, 9)=[v], (0, 5)=[◣], (3, 9)=[v], (7, 1)=[◣], (5, 2)=[◥, v]}
16 Jan 2025 01:01:08 GMT Zwierzę poruszyło się z (4, 1) na (5, 2)
16 Jan 2025 01:01:08 GMT Długość listy pozycji: 9
Lista pozycji zwierząt: {(6, 5)=[◤], (7, 6)=[◤], (7, 7)=[<], (1, 3)=[v], (6, 9)=[v], (0, 5)=[◣], (3, 9)=[v], (7, 1)=[◣], (5, 2)=[◥, v]}
16 Jan 2025 01:01:08 GMT Zwierzę poruszyło się z (6, 9) na (6, 9)
16 Jan 2025 01:01:09 GMT Długość listy pozycji: 9
Lista pozycji zwierząt: {(6, 5)=[◤], (7, 6)=[◤], (7, 7)=[<], (2, 3)=[>], (6, 9)=[v], (0, 5)=[◣], (3, 9)=[v], (7, 1)=[◣], (5, 2)=[◥, v]}
16 Jan 2025 01:01:09 GMT Zwierzę poruszyło się z (1, 3) na (2, 3)
16 Jan 2025 01:01:09 GMT Zwierzę zjadło roślinkę na (6, 5)
16 Jan 2025 01:01:09 GMT Zwierzę zjadło roślinkę na (0, 5)
16 Jan 2025 01:01:10 GMT Zwierze zostało położone na (5, 2)
16 Jan 2025 01:01:10 GMT Urodziło się nowe zwierzę na (5, 2)
16 Jan 2025 01:01:11 GMT Roślinka wyrosła na (5, 5)
16 Jan 2025 01:01:11 GMT Roślinka wyrosła na (7, 6)
16 Jan 2025 01:01:11 GMT Roślinka wyrosła na (3, 6)
16 Jan 2025 01:01:11 GMT Roślinka wyrosła na (2, 6)
16 Jan 2025 01:01:11 GMT Roślinka wyrosła na (3, 9)
16 Jan 2025 01:01:11 GMT Roślinka wyrosła na (1, 2)
16 Jan 2025 01:01:11 GMT Roślinka wyrosła na (9, 2)
16 Jan 2025 01:01:11 GMT Roślinka wyrosła na (1, 3)
16 Jan 2025 01:01:11 GMT Roślinka wyrosła na (5, 4)
16 Jan 2025 01:01:11 GMT Roślinka wyrosła na (3, 0)
16 Jan 2025 01:01:11 GMT Zwierzę umarło na (5, 2)
16 Jan 2025 01:01:12 GMT Długość listy pozycji: 9
Lista pozycji zwierząt: {(6, 5)=[◤], (7, 6)=[◤], (7, 7)=[<], (2, 3)=[>], (6, 9)=[v], (0, 4)=[v], (3, 9)=[v], (7, 1)=[◣], (5, 2)=[v, v]}
16 Jan 2025 01:01:12 GMT Zwierzę poruszyło się z (0, 5) na (0, 4)
16 Jan 2025 01:01:12 GMT Długość listy pozycji: 9
Lista pozycji zwierząt: {(6, 5)=[◤], (7, 6)=[◤], (7, 7)=[<], (2, 3)=[>], (6, 9)=[v], (0, 4)=[v], (3, 8)=[v], (7, 1)=[◣], (5, 2)=[v, v]}
16 Jan 2025 01:01:12 GMT Zwierzę poruszyło się z (3, 9) na (3, 8)
16 Jan 2025 01:01:13 GMT Długość listy pozycji: 9
Lista pozycji zwierząt: {(6, 5)=[◤], (7, 7)=[<], (2, 3)=[>], (6, 9)=[v], (0, 4)=[v], (3, 8)=[v], (7, 1)=[◣], (5, 2)=[v, v], (7, 5)=[v]}
16 Jan 2025 01:01:13 GMT Zwierzę poruszyło się z (7, 6) na (7, 5)
16 Jan 2025 01:01:13 GMT Długość listy pozycji: 9
Lista pozycji zwierząt: {(7, 7)=[<], (2, 3)=[>], (6, 9)=[v], (0, 4)=[v], (3, 8)=[v], (7, 1)=[◣], (5, 2)=[v, v], (6, 4)=[v], (7, 5)=[v]}
16 Jan 2025 01:01:13 GMT Zwierzę poruszyło się z (6, 5) na (6, 4)
16 Jan 2025 01:01:14 GMT Długość listy pozycji: 10
Lista pozycji zwierząt: {(7, 7)=[<], (2, 3)=[>], (6, 9)=[v], (0, 4)=[v], (3, 8)=[v], (7, 1)=[◣], (5, 2)=[v], (5, 3)=[^], (6, 4)=[v], (7, 5)=[v]}
16 Jan 2025 01:01:14 GMT Zwierzę poruszyło się z (5, 2) na (5, 3)
16 Jan 2025 01:01:14 GMT Długość listy pozycji: 10
Lista pozycji zwierząt: {(7, 7)=[<], (2, 3)=[>], (6, 9)=[v], (0, 4)=[v], (3, 8)=[v], (7, 0)=[v], (5, 2)=[v], (5, 3)=[^], (6, 4)=[v], (7, 5)=[v]}
16 Jan 2025 01:01:14 GMT Zwierzę poruszyło się z (7, 1) na (7, 0)
16 Jan 2025 01:01:15 GMT Długość listy pozycji: 10
Lista pozycji zwierząt: {(7, 8)=[^], (2, 3)=[>], (6, 9)=[v], (0, 4)=[v], (3, 8)=[v], (7, 0)=[v], (5, 2)=[v], (5, 3)=[^], (6, 4)=[v], (7, 5)=[v]}
16 Jan 2025 01:01:15 GMT Zwierzę poruszyło się z (7, 7) na (7, 8)
16 Jan 2025 01:01:15 GMT Długość listy pozycji: 10
Lista pozycji zwierząt: {(7, 8)=[^], (2, 3)=[>], (6, 9)=[v], (0, 4)=[v], (3, 8)=[v], (7, 0)=[v], (5, 2)=[v], (5, 3)=[^], (6, 4)=[v], (7, 5)=[v]}
16 Jan 2025 01:01:15 GMT Zwierzę poruszyło się z (6, 9) na (6, 9)
16 Jan 2025 01:01:16 GMT Długość listy pozycji: 10
Lista pozycji zwierząt: {(7, 8)=[^], (2, 4)=[^], (6, 9)=[v], (0, 4)=[v], (3, 8)=[v], (7, 0)=[v], (5, 2)=[v], (5, 3)=[^], (6, 4)=[v], (7, 5)=[v]}
16 Jan 2025 01:01:16 GMT Zwierzę poruszyło się z (2, 3) na (2, 4)
16 Jan 2025 01:01:16 GMT Zwierzę zjadło roślinkę na (7, 5)
16 Jan 2025 01:01:17 GMT Roślinka wyrosła na (7, 7)
16 Jan 2025 01:01:17 GMT Roślinka wyrosła na (7, 1)
16 Jan 2025 01:01:17 GMT Roślinka wyrosła na (1, 0)
16 Jan 2025 01:01:17 GMT Roślinka wyrosła na (6, 7)
16 Jan 2025 01:01:17 GMT Roślinka wyrosła na (3, 3)
16 Jan 2025 01:01:17 GMT Roślinka wyrosła na (8, 1)
16 Jan 2025 01:01:17 GMT Roślinka wyrosła na (5, 9)
16 Jan 2025 01:01:17 GMT Roślinka wyrosła na (1, 8)
16 Jan 2025 01:01:17 GMT Roślinka wyrosła na (3, 8)
16 Jan 2025 01:01:17 GMT Roślinka wyrosła na (7, 3)
16 Jan 2025 01:01:18 GMT Długość listy pozycji: 10
Lista pozycji zwierząt: {(7, 8)=[^], (1, 3)=[◢], (2, 4)=[^], (6, 9)=[v], (3, 8)=[v], (7, 0)=[v], (5, 2)=[v], (5, 3)=[^], (6, 4)=[v], (7, 5)=[v]}
16 Jan 2025 01:01:18 GMT Zwierzę poruszyło się z (0, 4) na (1, 3)
