16 Jan 2025 01:59:33 GMT Zwierze zostało położone na (9, 6)
16 Jan 2025 01:59:33 GMT Zwierze zostało położone na (6, 1)
16 Jan 2025 01:59:34 GMT Zwierze zostało położone na (1, 7)
16 Jan 2025 01:59:34 GMT Zwierze zostało położone na (5, 3)
16 Jan 2025 01:59:34 GMT Zwierze zostało położone na (3, 3)
16 Jan 2025 01:59:34 GMT Zwierze zostało położone na (2, 6)
16 Jan 2025 01:59:35 GMT Zwierze zostało położone na (8, 0)
16 Jan 2025 01:59:35 GMT Zwierze zostało położone na (8, 9)
16 Jan 2025 01:59:35 GMT Zwierze zostało położone na (3, 2)
16 Jan 2025 01:59:36 GMT Zwierze zostało położone na (9, 6)
16 Jan 2025 01:59:36 GMT Długość listy pozycji: 10
Lista pozycji zwierząt: {(3, 2)=[<], (3, 3)=[>], (8, 9)=[>], (2, 6)=[◢], (1, 7)=[◣], (8, 0)=[◢], (6, 1)=[v], (9, 6)=[◤], (8, 6)=[<], (5, 3)=[◣]}
16 Jan 2025 01:59:36 GMT Zwierzę poruszyło się z (9, 6) na (8, 6)
16 Jan 2025 01:59:37 GMT Długość listy pozycji: 10
Lista pozycji zwierząt: {(3, 2)=[<], (3, 3)=[>], (8, 9)=[>], (2, 6)=[◢], (1, 7)=[◣], (8, 0)=[◢], (6, 2)=[^], (9, 6)=[◤], (8, 6)=[<], (5, 3)=[◣]}
16 Jan 2025 01:59:37 GMT Zwierzę poruszyło się z (6, 1) na (6, 2)
16 Jan 2025 01:59:37 GMT Długość listy pozycji: 10
Lista pozycji zwierząt: {(3, 2)=[<], (3, 3)=[>], (8, 9)=[>], (2, 6)=[◢], (2, 7)=[>], (8, 0)=[◢], (6, 2)=[^], (9, 6)=[◤], (8, 6)=[<], (5, 3)=[◣]}
16 Jan 2025 01:59:37 GMT Zwierzę poruszyło się z (1, 7) na (2, 7)
16 Jan 2025 01:59:38 GMT Długość listy pozycji: 10
Lista pozycji zwierząt: {(3, 2)=[<], (3, 3)=[>], (8, 9)=[>], (2, 6)=[◢], (2, 7)=[>], (8, 0)=[◢], (6, 2)=[^], (6, 3)=[>], (9, 6)=[◤], (8, 6)=[<]}
16 Jan 2025 01:59:38 GMT Zwierzę poruszyło się z (5, 3) na (6, 3)
16 Jan 2025 01:59:38 GMT Długość listy pozycji: 9
Lista pozycji zwierząt: {(3, 2)=[<, v], (8, 9)=[>], (2, 6)=[◢], (2, 7)=[>], (8, 0)=[◢], (6, 2)=[^], (6, 3)=[>], (9, 6)=[◤], (8, 6)=[<]}
16 Jan 2025 01:59:38 GMT Zwierzę poruszyło się z (3, 3) na (3, 2)
16 Jan 2025 01:59:39 GMT Długość listy pozycji: 9
Lista pozycji zwierząt: {(3, 2)=[<, v], (8, 9)=[>], (1, 6)=[<], (2, 7)=[>], (8, 0)=[◢], (6, 2)=[^], (6, 3)=[>], (9, 6)=[◤], (8, 6)=[<]}
16 Jan 2025 01:59:39 GMT Zwierzę poruszyło się z (2, 6) na (1, 6)
16 Jan 2025 01:59:39 GMT Długość listy pozycji: 9
Lista pozycji zwierząt: {(3, 2)=[<, v], (8, 9)=[>], (1, 6)=[<], (2, 7)=[>], (7, 0)=[<], (6, 2)=[^], (6, 3)=[>], (9, 6)=[◤], (8, 6)=[<]}
16 Jan 2025 01:59:39 GMT Zwierzę poruszyło się z (8, 0) na (7, 0)
16 Jan 2025 01:59:40 GMT Długość listy pozycji: 9
Lista pozycji zwierząt: {(3, 2)=[<, v], (8, 8)=[v], (1, 6)=[<], (2, 7)=[>], (7, 0)=[<], (6, 2)=[^], (6, 3)=[>], (9, 6)=[◤], (8, 6)=[<]}
16 Jan 2025 01:59:40 GMT Zwierzę poruszyło się z (8, 9) na (8, 8)
16 Jan 2025 01:59:40 GMT Długość listy pozycji: 10
Lista pozycji zwierząt: {(3, 2)=[v], (8, 8)=[v], (1, 6)=[<], (2, 7)=[>], (7, 0)=[<], (6, 2)=[^], (6, 3)=[>], (9, 6)=[◤], (3, 1)=[v], (8, 6)=[<]}
16 Jan 2025 01:59:40 GMT Zwierzę poruszyło się z (3, 2) na (3, 1)
16 Jan 2025 01:59:41 GMT Długość listy pozycji: 9
Lista pozycji zwierząt: {(3, 2)=[v], (8, 8)=[v], (1, 6)=[<], (2, 7)=[>], (7, 0)=[<], (6, 2)=[^], (6, 3)=[>], (3, 1)=[v], (8, 6)=[<, <]}
16 Jan 2025 01:59:41 GMT Zwierzę poruszyło się z (9, 6) na (8, 6)
16 Jan 2025 01:59:41 GMT Zwierzę zjadło roślinkę na (1, 6)
16 Jan 2025 01:59:41 GMT Zwierzę zjadło roślinkę na (8, 6)
16 Jan 2025 01:59:43 GMT Zwierze zostało położone na (8, 6)
16 Jan 2025 01:59:44 GMT Urodziło się nowe zwierzę na (8, 6)
16 Jan 2025 01:59:44 GMT Roślinka wyrosła na (9, 5)
16 Jan 2025 01:59:44 GMT Roślinka wyrosła na (2, 5)
16 Jan 2025 01:59:44 GMT Roślinka wyrosła na (6, 5)
16 Jan 2025 01:59:44 GMT Roślinka wyrosła na (4, 5)
16 Jan 2025 01:59:44 GMT Roślinka wyrosła na (3, 5)
16 Jan 2025 01:59:44 GMT Roślinka wyrosła na (8, 5)
16 Jan 2025 01:59:44 GMT Roślinka wyrosła na (8, 0)
16 Jan 2025 01:59:44 GMT Roślinka wyrosła na (2, 7)
16 Jan 2025 01:59:44 GMT Roślinka wyrosła na (9, 9)
16 Jan 2025 01:59:45 GMT Roślinka wyrosła na (2, 6)
16 Jan 2025 01:59:45 GMT Zwierzę umarło na (8, 6)
16 Jan 2025 01:59:46 GMT Długość listy pozycji: 9
Lista pozycji zwierząt: {(3, 2)=[v], (8, 8)=[v], (1, 6)=[<], (2, 7)=[>], (7, 0)=[<], (6, 1)=[v], (6, 3)=[>], (3, 1)=[v], (8, 6)=[◤, <]}
16 Jan 2025 01:59:46 GMT Zwierzę poruszyło się z (6, 2) na (6, 1)
16 Jan 2025 01:59:46 GMT Długość listy pozycji: 9
Lista pozycji zwierząt: {(3, 2)=[v], (8, 8)=[v], (1, 6)=[<], (1, 8)=[◤], (7, 0)=[<], (6, 1)=[v], (6, 3)=[>], (3, 1)=[v], (8, 6)=[◤, <]}
16 Jan 2025 01:59:46 GMT Zwierzę poruszyło się z (2, 7) na (1, 8)
16 Jan 2025 01:59:47 GMT Długość listy pozycji: 9
Lista pozycji zwierząt: {(5, 4)=[◤], (3, 2)=[v], (8, 8)=[v], (1, 6)=[<], (1, 8)=[◤], (7, 0)=[<], (6, 1)=[v], (3, 1)=[v], (8, 6)=[◤, <]}
16 Jan 2025 01:59:47 GMT Zwierzę poruszyło się z (6, 3) na (5, 4)
16 Jan 2025 01:59:47 GMT Długość listy pozycji: 9
Lista pozycji zwierząt: {(5, 4)=[◤], (2, 2)=[<], (8, 8)=[v], (1, 6)=[<], (1, 8)=[◤], (7, 0)=[<], (6, 1)=[v], (3, 1)=[v], (8, 6)=[◤, <]}
16 Jan 2025 01:59:47 GMT Zwierzę poruszyło się z (3, 2) na (2, 2)
16 Jan 2025 01:59:48 GMT Długość listy pozycji: 9
Lista pozycji zwierząt: {(5, 4)=[◤], (2, 2)=[<], (8, 8)=[v], (2, 7)=[◥], (1, 8)=[◤], (7, 0)=[<], (6, 1)=[v], (3, 1)=[v], (8, 6)=[◤, <]}
16 Jan 2025 01:59:48 GMT Zwierzę poruszyło się z (1, 6) na (2, 7)
16 Jan 2025 01:59:48 GMT Długość listy pozycji: 9
Lista pozycji zwierząt: {(5, 4)=[◤], (2, 2)=[<], (8, 8)=[v], (2, 7)=[◥], (1, 8)=[◤], (8, 1)=[◥], (6, 1)=[v], (3, 1)=[v], (8, 6)=[◤, <]}
16 Jan 2025 01:59:48 GMT Zwierzę poruszyło się z (7, 0) na (8, 1)
16 Jan 2025 01:59:49 GMT Długość listy pozycji: 9
Lista pozycji zwierząt: {(5, 4)=[◤], (2, 2)=[<], (7, 8)=[<], (2, 7)=[◥], (1, 8)=[◤], (8, 1)=[◥], (6, 1)=[v], (3, 1)=[v], (8, 6)=[◤, <]}
16 Jan 2025 01:59:49 GMT Zwierzę poruszyło się z (8, 8) na (7, 8)
16 Jan 2025 01:59:49 GMT Długość listy pozycji: 9
Lista pozycji zwierząt: {(5, 4)=[◤], (2, 2)=[<], (7, 8)=[<], (2, 7)=[◥], (1, 8)=[◤], (8, 1)=[◥], (6, 1)=[v], (4, 1)=[>], (8, 6)=[◤, <]}
16 Jan 2025 01:59:49 GMT Zwierzę poruszyło się z (3, 1) na (4, 1)
16 Jan 2025 01:59:50 GMT Długość listy pozycji: 10
Lista pozycji zwierząt: {(5, 4)=[◤], (2, 2)=[<], (7, 8)=[<], (2, 7)=[◥], (1, 8)=[◤], (8, 1)=[◥], (6, 1)=[v], (4, 1)=[>], (7, 5)=[◣], (8, 6)=[◤]}
16 Jan 2025 01:59:50 GMT Zwierzę poruszyło się z (8, 6) na (7, 5)
16 Jan 2025 01:59:50 GMT Zwierzę zjadło roślinkę na (2, 7)
16 Jan 2025 01:59:50 GMT Zwierzę zjadło roślinkę na (7, 5)
16 Jan 2025 01:59:51 GMT Roślinka wyrosła na (5, 6)
16 Jan 2025 01:59:51 GMT Roślinka wyrosła na (7, 6)
16 Jan 2025 01:59:51 GMT Roślinka wyrosła na (6, 4)
16 Jan 2025 01:59:51 GMT Roślinka wyrosła na (1, 5)
16 Jan 2025 01:59:51 GMT Roślinka wyrosła na (5, 5)
16 Jan 2025 01:59:51 GMT Roślinka wyrosła na (0, 3)
16 Jan 2025 01:59:51 GMT Roślinka wyrosła na (1, 9)
16 Jan 2025 01:59:51 GMT Roślinka wyrosła na (0, 1)
16 Jan 2025 01:59:51 GMT Roślinka wyrosła na (5, 4)
16 Jan 2025 01:59:51 GMT Roślinka wyrosła na (5, 8)
16 Jan 2025 01:59:52 GMT Długość listy pozycji: 10
Lista pozycji zwierząt: {(5, 4)=[◤], (2, 2)=[<], (7, 8)=[<], (2, 7)=[◥], (1, 8)=[◤], (8, 1)=[◥], (6, 2)=[^], (4, 1)=[>], (7, 5)=[◣], (8, 6)=[◤]}
16 Jan 2025 01:59:52 GMT Zwierzę poruszyło się z (6, 1) na (6, 2)
16 Jan 2025 01:59:53 GMT Długość listy pozycji: 10
Lista pozycji zwierząt: {(5, 4)=[◤], (2, 2)=[<], (7, 8)=[<], (2, 7)=[◥], (1, 7)=[v], (8, 1)=[◥], (6, 2)=[^], (4, 1)=[>], (7, 5)=[◣], (8, 6)=[◤]}
16 Jan 2025 01:59:53 GMT Zwierzę poruszyło się z (1, 8) na (1, 7)
16 Jan 2025 01:59:53 GMT Długość listy pozycji: 10
Lista pozycji zwierząt: {(2, 2)=[<], (7, 8)=[<], (2, 7)=[◥], (1, 7)=[v], (8, 1)=[◥], (6, 2)=[^], (4, 1)=[>], (5, 3)=[v], (7, 5)=[◣], (8, 6)=[◤]}
16 Jan 2025 01:59:53 GMT Zwierzę poruszyło się z (5, 4) na (5, 3)
16 Jan 2025 01:59:54 GMT Długość listy pozycji: 10
Lista pozycji zwierząt: {(2, 3)=[^], (7, 8)=[<], (2, 7)=[◥], (1, 7)=[v], (8, 1)=[◥], (6, 2)=[^], (4, 1)=[>], (5, 3)=[v], (7, 5)=[◣], (8, 6)=[◤]}
16 Jan 2025 01:59:54 GMT Zwierzę poruszyło się z (2, 2) na (2, 3)
16 Jan 2025 01:59:54 GMT Długość listy pozycji: 10
Lista pozycji zwierząt: {(2, 3)=[^], (7, 8)=[<], (2, 6)=[v], (1, 7)=[v], (8, 1)=[◥], (6, 2)=[^], (4, 1)=[>], (5, 3)=[v], (7, 5)=[◣], (8, 6)=[◤]}
16 Jan 2025 01:59:54 GMT Zwierzę poruszyło się z (2, 7) na (2, 6)
16 Jan 2025 01:59:55 GMT Długość listy pozycji: 10
Lista pozycji zwierząt: {(2, 3)=[^], (7, 8)=[<], (2, 6)=[v], (1, 7)=[v], (8, 0)=[v], (6, 2)=[^], (4, 1)=[>], (5, 3)=[v], (7, 5)=[◣], (8, 6)=[◤]}
16 Jan 2025 01:59:55 GMT Zwierzę poruszyło się z (8, 1) na (8, 0)
16 Jan 2025 01:59:56 GMT Długość listy pozycji: 10
Lista pozycji zwierząt: {(2, 3)=[^], (7, 9)=[^], (2, 6)=[v], (1, 7)=[v], (8, 0)=[v], (6, 2)=[^], (4, 1)=[>], (5, 3)=[v], (7, 5)=[◣], (8, 6)=[◤]}
16 Jan 2025 01:59:56 GMT Zwierzę poruszyło się z (7, 8) na (7, 9)
16 Jan 2025 01:59:56 GMT Długość listy pozycji: 10
Lista pozycji zwierząt: {(2, 3)=[^], (7, 9)=[^], (2, 6)=[v], (1, 7)=[v], (8, 0)=[v], (6, 2)=[^], (4, 2)=[^], (5, 3)=[v], (7, 5)=[◣], (8, 6)=[◤]}
16 Jan 2025 01:59:56 GMT Zwierzę poruszyło się z (4, 1) na (4, 2)
16 Jan 2025 01:59:57 GMT Długość listy pozycji: 10
Lista pozycji zwierząt: {(2, 3)=[^], (7, 9)=[^], (2, 6)=[v], (1, 7)=[v], (8, 0)=[v], (6, 2)=[^], (7, 4)=[v], (4, 2)=[^], (5, 3)=[v], (8, 6)=[◤]}
16 Jan 2025 01:59:57 GMT Zwierzę poruszyło się z (7, 5) na (7, 4)
16 Jan 2025 01:59:57 GMT Zwierzę zjadło roślinkę na (2, 6)
16 Jan 2025 01:59:57 GMT Zwierzę zjadło roślinkę na (8, 0)
16 Jan 2025 01:59:59 GMT Roślinka wyrosła na (3, 7)
16 Jan 2025 01:59:59 GMT Roślinka wyrosła na (7, 2)
16 Jan 2025 01:59:59 GMT Roślinka wyrosła na (4, 1)
16 Jan 2025 01:59:59 GMT Roślinka wyrosła na (5, 7)
16 Jan 2025 01:59:59 GMT Roślinka wyrosła na (8, 8)
16 Jan 2025 01:59:59 GMT Roślinka wyrosła na (9, 8)
16 Jan 2025 01:59:59 GMT Roślinka wyrosła na (5, 1)
16 Jan 2025 01:59:59 GMT Roślinka wyrosła na (1, 0)
16 Jan 2025 01:59:59 GMT Roślinka wyrosła na (4, 8)
16 Jan 2025 01:59:59 GMT Roślinka wyrosła na (3, 1)
16 Jan 2025 02:00:00 GMT Długość listy pozycji: 10
Lista pozycji zwierząt: {(2, 3)=[^], (7, 9)=[^], (2, 6)=[v], (1, 7)=[v], (8, 0)=[v], (6, 1)=[v], (7, 4)=[v], (4, 2)=[^], (5, 3)=[v], (8, 6)=[◤]}
16 Jan 2025 02:00:00 GMT Zwierzę poruszyło się z (6, 2) na (6, 1)
16 Jan 2025 02:00:01 GMT Długość listy pozycji: 10
Lista pozycji zwierząt: {(2, 3)=[^], (7, 9)=[^], (2, 6)=[v], (2, 8)=[◥], (8, 0)=[v], (6, 1)=[v], (7, 4)=[v], (4, 2)=[^], (5, 3)=[v], (8, 6)=[◤]}
16 Jan 2025 02:00:01 GMT Zwierzę poruszyło się z (1, 7) na (2, 8)
16 Jan 2025 02:00:01 GMT Długość listy pozycji: 10
Lista pozycji zwierząt: {(2, 3)=[^], (7, 9)=[^], (2, 6)=[v], (2, 8)=[◥], (8, 0)=[v], (6, 1)=[v], (7, 4)=[v], (6, 4)=[◥], (4, 2)=[^], (8, 6)=[◤]}
16 Jan 2025 02:00:01 GMT Zwierzę poruszyło się z (5, 3) na (6, 4)
16 Jan 2025 02:00:02 GMT Długość listy pozycji: 10
Lista pozycji zwierząt: {(3, 3)=[>], (7, 9)=[^], (2, 6)=[v], (2, 8)=[◥], (8, 0)=[v], (6, 1)=[v], (7, 4)=[v], (6, 4)=[◥], (4, 2)=[^], (8, 6)=[◤]}
16 Jan 2025 02:00:02 GMT Zwierzę poruszyło się z (2, 3) na (3, 3)
16 Jan 2025 02:00:02 GMT Długość listy pozycji: 10
Lista pozycji zwierząt: {(3, 3)=[>], (7, 9)=[^], (1, 7)=[◤], (2, 8)=[◥], (8, 0)=[v], (6, 1)=[v], (7, 4)=[v], (6, 4)=[◥], (4, 2)=[^], (8, 6)=[◤]}
16 Jan 2025 02:00:02 GMT Zwierzę poruszyło się z (2, 6) na (1, 7)
16 Jan 2025 02:00:03 GMT Długość listy pozycji: 10
Lista pozycji zwierząt: {(3, 3)=[>], (7, 9)=[^], (1, 7)=[◤], (2, 8)=[◥], (7, 1)=[◤], (6, 1)=[v], (7, 4)=[v], (6, 4)=[◥], (4, 2)=[^], (8, 6)=[◤]}
16 Jan 2025 02:00:03 GMT Zwierzę poruszyło się z (8, 0) na (7, 1)
16 Jan 2025 02:00:04 GMT Długość listy pozycji: 10
Lista pozycji zwierząt: {(3, 3)=[>], (8, 9)=[>], (1, 7)=[◤], (2, 8)=[◥], (7, 1)=[◤], (6, 1)=[v], (7, 4)=[v], (6, 4)=[◥], (4, 2)=[^], (8, 6)=[◤]}
16 Jan 2025 02:00:04 GMT Zwierzę poruszyło się z (7, 9) na (8, 9)
16 Jan 2025 02:00:04 GMT Długość listy pozycji: 10
Lista pozycji zwierząt: {(3, 2)=[<], (3, 3)=[>], (8, 9)=[>], (1, 7)=[◤], (2, 8)=[◥], (7, 1)=[◤], (6, 1)=[v], (7, 4)=[v], (6, 4)=[◥], (8, 6)=[◤]}
16 Jan 2025 02:00:04 GMT Zwierzę poruszyło się z (4, 2) na (3, 2)
16 Jan 2025 02:00:05 GMT Długość listy pozycji: 10
Lista pozycji zwierząt: {(3, 2)=[<], (3, 3)=[>], (8, 9)=[>], (1, 7)=[◤], (2, 8)=[◥], (7, 1)=[◤], (8, 3)=[◢], (6, 1)=[v], (6, 4)=[◥], (8, 6)=[◤]}
16 Jan 2025 02:00:05 GMT Zwierzę poruszyło się z (7, 4) na (8, 3)
16 Jan 2025 02:00:05 GMT Zwierzę zjadło roślinkę na (6, 4)
16 Jan 2025 02:00:06 GMT Roślinka wyrosła na (0, 8)
16 Jan 2025 02:00:06 GMT Roślinka wyrosła na (7, 7)
16 Jan 2025 02:00:06 GMT Roślinka wyrosła na (7, 9)
16 Jan 2025 02:00:06 GMT Roślinka wyrosła na (4, 7)
16 Jan 2025 02:00:06 GMT Roślinka wyrosła na (3, 3)
16 Jan 2025 02:00:06 GMT Roślinka wyrosła na (9, 4)
16 Jan 2025 02:00:06 GMT Roślinka wyrosła na (6, 1)
16 Jan 2025 02:00:06 GMT Roślinka wyrosła na (8, 7)
16 Jan 2025 02:00:06 GMT Roślinka wyrosła na (3, 8)
16 Jan 2025 02:00:06 GMT Roślinka wyrosła na (8, 3)
16 Jan 2025 02:00:07 GMT Długość listy pozycji: 10
Lista pozycji zwierząt: {(3, 2)=[<], (3, 3)=[>], (8, 9)=[>], (1, 7)=[◤], (2, 8)=[◥], (7, 1)=[◤], (8, 3)=[◢], (6, 2)=[^], (6, 4)=[◥], (8, 6)=[◤]}
16 Jan 2025 02:00:07 GMT Zwierzę poruszyło się z (6, 1) na (6, 2)
16 Jan 2025 02:00:08 GMT Długość listy pozycji: 10
Lista pozycji zwierząt: {(3, 2)=[<], (3, 3)=[>], (8, 9)=[>], (1, 7)=[◤], (1, 8)=[<], (7, 1)=[◤], (8, 3)=[◢], (6, 2)=[^], (6, 4)=[◥], (8, 6)=[◤]}
16 Jan 2025 02:00:08 GMT Zwierzę poruszyło się z (2, 8) na (1, 8)
16 Jan 2025 02:00:08 GMT Długość listy pozycji: 10
Lista pozycji zwierząt: {(5, 4)=[<], (3, 2)=[<], (3, 3)=[>], (8, 9)=[>], (1, 7)=[◤], (1, 8)=[<], (7, 1)=[◤], (8, 3)=[◢], (6, 2)=[^], (8, 6)=[◤]}
16 Jan 2025 02:00:08 GMT Zwierzę poruszyło się z (6, 4) na (5, 4)
16 Jan 2025 02:00:09 GMT Długość listy pozycji: 9
Lista pozycji zwierząt: {(5, 4)=[<], (3, 2)=[<, v], (8, 9)=[>], (1, 7)=[◤], (1, 8)=[<], (7, 1)=[◤], (8, 3)=[◢], (6, 2)=[^], (8, 6)=[◤]}
16 Jan 2025 02:00:09 GMT Zwierzę poruszyło się z (3, 3) na (3, 2)
16 Jan 2025 02:00:09 GMT Długość listy pozycji: 9
Lista pozycji zwierząt: {(5, 4)=[<], (3, 2)=[<, v], (8, 9)=[>], (2, 7)=[>], (1, 8)=[<], (7, 1)=[◤], (8, 3)=[◢], (6, 2)=[^], (8, 6)=[◤]}
16 Jan 2025 02:00:09 GMT Zwierzę poruszyło się z (1, 7) na (2, 7)
16 Jan 2025 02:00:10 GMT Długość listy pozycji: 9
Lista pozycji zwierząt: {(5, 4)=[<], (3, 2)=[<, v], (8, 9)=[>], (2, 7)=[>], (1, 8)=[<], (8, 1)=[>], (8, 3)=[◢], (6, 2)=[^], (8, 6)=[◤]}
16 Jan 2025 02:00:10 GMT Zwierzę poruszyło się z (7, 1) na (8, 1)
16 Jan 2025 02:00:10 GMT Długość listy pozycji: 9
Lista pozycji zwierząt: {(5, 4)=[<], (3, 2)=[<, v], (8, 8)=[v], (2, 7)=[>], (1, 8)=[<], (8, 1)=[>], (8, 3)=[◢], (6, 2)=[^], (8, 6)=[◤]}
16 Jan 2025 02:00:10 GMT Zwierzę poruszyło się z (8, 9) na (8, 8)
16 Jan 2025 02:00:11 GMT Długość listy pozycji: 10
Lista pozycji zwierząt: {(5, 4)=[<], (3, 2)=[v], (8, 8)=[v], (2, 7)=[>], (1, 8)=[<], (8, 1)=[>], (8, 3)=[◢], (6, 2)=[^], (3, 1)=[v], (8, 6)=[◤]}
16 Jan 2025 02:00:11 GMT Zwierzę poruszyło się z (3, 2) na (3, 1)
16 Jan 2025 02:00:11 GMT Długość listy pozycji: 10
Lista pozycji zwierząt: {(5, 4)=[<], (3, 2)=[v], (8, 8)=[v], (2, 7)=[>], (1, 8)=[<], (8, 1)=[>], (9, 3)=[>], (6, 2)=[^], (3, 1)=[v], (8, 6)=[◤]}
16 Jan 2025 02:00:11 GMT Zwierzę poruszyło się z (8, 3) na (9, 3)
16 Jan 2025 02:00:12 GMT Zwierzę zjadło roślinkę na (5, 4)
16 Jan 2025 02:00:12 GMT Zwierzę zjadło roślinkę na (8, 8)
16 Jan 2025 02:00:12 GMT Zwierzę zjadło roślinkę na (3, 1)
16 Jan 2025 02:00:13 GMT Roślinka wyrosła na (0, 0)
16 Jan 2025 02:00:13 GMT Roślinka wyrosła na (3, 4)
16 Jan 2025 02:00:13 GMT Roślinka wyrosła na (7, 4)
16 Jan 2025 02:00:13 GMT Roślinka wyrosła na (4, 0)
16 Jan 2025 02:00:13 GMT Roślinka wyrosła na (6, 9)
16 Jan 2025 02:00:13 GMT Roślinka wyrosła na (8, 4)
16 Jan 2025 02:00:13 GMT Roślinka wyrosła na (2, 3)
16 Jan 2025 02:00:13 GMT Roślinka wyrosła na (6, 8)
16 Jan 2025 02:00:13 GMT Roślinka wyrosła na (7, 8)
16 Jan 2025 02:00:13 GMT Roślinka wyrosła na (4, 4)
16 Jan 2025 02:00:14 GMT Długość listy pozycji: 10
Lista pozycji zwierząt: {(5, 4)=[<], (3, 2)=[v], (8, 8)=[v], (2, 7)=[>], (1, 8)=[<], (8, 1)=[>], (9, 3)=[>], (6, 1)=[v], (3, 1)=[v], (8, 6)=[◤]}
16 Jan 2025 02:00:14 GMT Zwierzę poruszyło się z (6, 2) na (6, 1)
16 Jan 2025 02:00:14 GMT Długość listy pozycji: 9
Lista pozycji zwierząt: {(5, 4)=[<], (3, 2)=[v], (8, 8)=[v], (2, 7)=[>, ◢], (8, 1)=[>], (9, 3)=[>], (6, 1)=[v], (3, 1)=[v], (8, 6)=[◤]}
16 Jan 2025 02:00:14 GMT Zwierzę poruszyło się z (1, 8) na (2, 7)
16 Jan 2025 02:00:15 GMT Długość listy pozycji: 9
Lista pozycji zwierząt: {(3, 2)=[v], (8, 8)=[v], (2, 7)=[>, ◢], (8, 1)=[>], (9, 3)=[>], (6, 1)=[v], (6, 3)=[◢], (3, 1)=[v], (8, 6)=[◤]}
16 Jan 2025 02:00:15 GMT Zwierzę poruszyło się z (5, 4) na (6, 3)
16 Jan 2025 02:00:15 GMT Długość listy pozycji: 9
Lista pozycji zwierząt: {(2, 2)=[<], (8, 8)=[v], (2, 7)=[>, ◢], (8, 1)=[>], (9, 3)=[>], (6, 1)=[v], (6, 3)=[◢], (3, 1)=[v], (8, 6)=[◤]}
16 Jan 2025 02:00:15 GMT Zwierzę poruszyło się z (3, 2) na (2, 2)
16 Jan 2025 02:00:16 GMT Długość listy pozycji: 10
Lista pozycji zwierząt: {(2, 2)=[<], (8, 8)=[v], (1, 6)=[◣], (2, 7)=[◢], (8, 1)=[>], (9, 3)=[>], (6, 1)=[v], (6, 3)=[◢], (3, 1)=[v], (8, 6)=[◤]}
16 Jan 2025 02:00:16 GMT Zwierzę poruszyło się z (2, 7) na (1, 6)
16 Jan 2025 02:00:17 GMT Długość listy pozycji: 10
Lista pozycji zwierząt: {(2, 2)=[<], (8, 8)=[v], (1, 6)=[◣], (2, 7)=[◢], (7, 0)=[◣], (9, 3)=[>], (6, 1)=[v], (6, 3)=[◢], (3, 1)=[v], (8, 6)=[◤]}
16 Jan 2025 02:00:17 GMT Zwierzę poruszyło się z (8, 1) na (7, 0)
16 Jan 2025 02:00:17 GMT Długość listy pozycji: 10
Lista pozycji zwierząt: {(2, 2)=[<], (7, 8)=[<], (1, 6)=[◣], (2, 7)=[◢], (7, 0)=[◣], (9, 3)=[>], (6, 1)=[v], (6, 3)=[◢], (3, 1)=[v], (8, 6)=[◤]}
16 Jan 2025 02:00:17 GMT Zwierzę poruszyło się z (8, 8) na (7, 8)
16 Jan 2025 02:00:18 GMT Długość listy pozycji: 10
Lista pozycji zwierząt: {(2, 2)=[<], (7, 8)=[<], (1, 6)=[◣], (2, 7)=[◢], (7, 0)=[◣], (9, 3)=[>], (6, 1)=[v], (4, 1)=[>], (6, 3)=[◢], (8, 6)=[◤]}
16 Jan 2025 02:00:18 GMT Zwierzę poruszyło się z (3, 1) na (4, 1)
16 Jan 2025 02:00:18 GMT Długość listy pozycji: 10
Lista pozycji zwierząt: {(2, 2)=[<], (7, 8)=[<], (0, 4)=[◥], (1, 6)=[◣], (2, 7)=[◢], (7, 0)=[◣], (6, 1)=[v], (4, 1)=[>], (6, 3)=[◢], (8, 6)=[◤]}
16 Jan 2025 02:00:18 GMT Zwierzę poruszyło się z (9, 3) na (0, 4)
16 Jan 2025 02:00:19 GMT Zwierzę zjadło roślinkę na (7, 8)
16 Jan 2025 02:00:19 GMT Zwierzę zjadło roślinkę na (6, 1)
16 Jan 2025 02:00:19 GMT Zwierzę zjadło roślinkę na (4, 1)
16 Jan 2025 02:00:20 GMT Roślinka wyrosła na (2, 2)
16 Jan 2025 02:00:20 GMT Roślinka wyrosła na (0, 4)
16 Jan 2025 02:00:20 GMT Roślinka wyrosła na (4, 3)
16 Jan 2025 02:00:20 GMT Roślinka wyrosła na (1, 4)
16 Jan 2025 02:00:20 GMT Roślinka wyrosła na (1, 1)
16 Jan 2025 02:00:20 GMT Roślinka wyrosła na (0, 2)
16 Jan 2025 02:00:20 GMT Roślinka wyrosła na (8, 9)
16 Jan 2025 02:00:20 GMT Roślinka wyrosła na (4, 9)
16 Jan 2025 02:00:20 GMT Roślinka wyrosła na (2, 8)
16 Jan 2025 02:00:20 GMT Roślinka wyrosła na (5, 2)
16 Jan 2025 02:00:21 GMT Długość listy pozycji: 10
Lista pozycji zwierząt: {(2, 2)=[<], (7, 8)=[<], (0, 4)=[◥], (1, 6)=[◣], (2, 7)=[◢], (7, 0)=[◣], (6, 2)=[^], (4, 1)=[>], (6, 3)=[◢], (8, 6)=[◤]}
16 Jan 2025 02:00:21 GMT Zwierzę poruszyło się z (6, 1) na (6, 2)
16 Jan 2025 02:00:21 GMT Długość listy pozycji: 10
Lista pozycji zwierząt: {(2, 2)=[<], (7, 8)=[<], (0, 4)=[◥], (1, 6)=[◣], (2, 8)=[^], (7, 0)=[◣], (6, 2)=[^], (4, 1)=[>], (6, 3)=[◢], (8, 6)=[◤]}
16 Jan 2025 02:00:21 GMT Zwierzę poruszyło się z (2, 7) na (2, 8)
16 Jan 2025 02:00:22 GMT Długość listy pozycji: 10
Lista pozycji zwierząt: {(2, 2)=[<], (7, 8)=[<], (0, 4)=[◥], (1, 6)=[◣], (2, 8)=[^], (7, 0)=[◣], (6, 2)=[^], (4, 1)=[>], (6, 4)=[^], (8, 6)=[◤]}
16 Jan 2025 02:00:22 GMT Zwierzę poruszyło się z (6, 3) na (6, 4)
16 Jan 2025 02:00:22 GMT Długość listy pozycji: 10
Lista pozycji zwierząt: {(2, 3)=[^], (7, 8)=[<], (0, 4)=[◥], (1, 6)=[◣], (2, 8)=[^], (7, 0)=[◣], (6, 2)=[^], (4, 1)=[>], (6, 4)=[^], (8, 6)=[◤]}
16 Jan 2025 02:00:22 GMT Zwierzę poruszyło się z (2, 2) na (2, 3)
16 Jan 2025 02:00:23 GMT Długość listy pozycji: 10
Lista pozycji zwierząt: {(2, 3)=[^], (7, 8)=[<], (0, 4)=[◥], (1, 7)=[^], (2, 8)=[^], (7, 0)=[◣], (6, 2)=[^], (4, 1)=[>], (6, 4)=[^], (8, 6)=[◤]}
16 Jan 2025 02:00:23 GMT Zwierzę poruszyło się z (1, 6) na (1, 7)
16 Jan 2025 02:00:23 GMT Długość listy pozycji: 10
Lista pozycji zwierząt: {(2, 3)=[^], (7, 8)=[<], (0, 4)=[◥], (1, 7)=[^], (2, 8)=[^], (7, 1)=[^], (6, 2)=[^], (4, 1)=[>], (6, 4)=[^], (8, 6)=[◤]}
16 Jan 2025 02:00:23 GMT Zwierzę poruszyło się z (7, 0) na (7, 1)
16 Jan 2025 02:00:24 GMT Długość listy pozycji: 10
Lista pozycji zwierząt: {(2, 3)=[^], (7, 9)=[^], (0, 4)=[◥], (1, 7)=[^], (2, 8)=[^], (7, 1)=[^], (6, 2)=[^], (4, 1)=[>], (6, 4)=[^], (8, 6)=[◤]}
16 Jan 2025 02:00:24 GMT Zwierzę poruszyło się z (7, 8) na (7, 9)
16 Jan 2025 02:00:25 GMT Długość listy pozycji: 10
Lista pozycji zwierząt: {(2, 3)=[^], (7, 9)=[^], (0, 4)=[◥], (1, 7)=[^], (2, 8)=[^], (7, 1)=[^], (6, 2)=[^], (4, 2)=[^], (6, 4)=[^], (8, 6)=[◤]}
16 Jan 2025 02:00:25 GMT Zwierzę poruszyło się z (4, 1) na (4, 2)
16 Jan 2025 02:00:25 GMT Długość listy pozycji: 10
Lista pozycji zwierząt: {(2, 3)=[^], (7, 9)=[^], (0, 5)=[^], (1, 7)=[^], (2, 8)=[^], (7, 1)=[^], (6, 2)=[^], (4, 2)=[^], (6, 4)=[^], (8, 6)=[◤]}
16 Jan 2025 02:00:25 GMT Zwierzę poruszyło się z (0, 4) na (0, 5)
16 Jan 2025 02:00:26 GMT Zwierzę zjadło roślinkę na (2, 3)
16 Jan 2025 02:00:26 GMT Zwierzę zjadło roślinkę na (7, 9)
16 Jan 2025 02:00:26 GMT Zwierzę zjadło roślinkę na (0, 5)
16 Jan 2025 02:00:26 GMT Zwierzę zjadło roślinkę na (2, 8)
16 Jan 2025 02:00:27 GMT Roślinka wyrosła na (6, 2)
16 Jan 2025 02:00:27 GMT Roślinka wyrosła na (3, 2)
16 Jan 2025 02:00:27 GMT Roślinka wyrosła na (5, 0)
16 Jan 2025 02:00:27 GMT Roślinka wyrosła na (2, 4)
16 Jan 2025 02:00:27 GMT Roślinka wyrosła na (9, 7)
16 Jan 2025 02:00:27 GMT Roślinka wyrosła na (6, 7)
16 Jan 2025 02:00:27 GMT Roślinka wyrosła na (0, 9)
16 Jan 2025 02:00:27 GMT Roślinka wyrosła na (3, 9)
16 Jan 2025 02:00:27 GMT Roślinka wyrosła na (7, 3)
16 Jan 2025 02:00:27 GMT Roślinka wyrosła na (2, 9)
16 Jan 2025 02:00:28 GMT Długość listy pozycji: 10
Lista pozycji zwierząt: {(2, 3)=[^], (7, 9)=[^], (0, 5)=[^], (1, 7)=[^], (2, 8)=[^], (7, 1)=[^], (6, 1)=[v], (4, 2)=[^], (6, 4)=[^], (8, 6)=[◤]}
16 Jan 2025 02:00:28 GMT Zwierzę poruszyło się z (6, 2) na (6, 1)
16 Jan 2025 02:00:29 GMT Długość listy pozycji: 9
Lista pozycji zwierząt: {(2, 3)=[^], (7, 9)=[^], (0, 5)=[^], (1, 7)=[^, ◣], (7, 1)=[^], (6, 1)=[v], (4, 2)=[^], (6, 4)=[^], (8, 6)=[◤]}
16 Jan 2025 02:00:29 GMT Zwierzę poruszyło się z (2, 8) na (1, 7)
16 Jan 2025 02:00:29 GMT Długość listy pozycji: 9
Lista pozycji zwierząt: {(2, 3)=[^], (7, 9)=[^], (0, 5)=[^], (1, 7)=[^, ◣], (7, 1)=[^], (6, 1)=[v], (5, 3)=[◣], (4, 2)=[^], (8, 6)=[◤]}
16 Jan 2025 02:00:29 GMT Zwierzę poruszyło się z (6, 4) na (5, 3)
16 Jan 2025 02:00:30 GMT Długość listy pozycji: 9
Lista pozycji zwierząt: {(3, 3)=[>], (7, 9)=[^], (0, 5)=[^], (1, 7)=[^, ◣], (7, 1)=[^], (6, 1)=[v], (5, 3)=[◣], (4, 2)=[^], (8, 6)=[◤]}
16 Jan 2025 02:00:30 GMT Zwierzę poruszyło się z (2, 3) na (3, 3)
16 Jan 2025 02:00:30 GMT Długość listy pozycji: 10
Lista pozycji zwierząt: {(3, 3)=[>], (7, 9)=[^], (2, 6)=[◢], (0, 5)=[^], (1, 7)=[◣], (7, 1)=[^], (6, 1)=[v], (5, 3)=[◣], (4, 2)=[^], (8, 6)=[◤]}
16 Jan 2025 02:00:30 GMT Zwierzę poruszyło się z (1, 7) na (2, 6)
16 Jan 2025 02:00:31 GMT Długość listy pozycji: 10
Lista pozycji zwierząt: {(3, 3)=[>], (7, 9)=[^], (2, 6)=[◢], (0, 5)=[^], (1, 7)=[◣], (8, 0)=[◢], (6, 1)=[v], (5, 3)=[◣], (4, 2)=[^], (8, 6)=[◤]}
16 Jan 2025 02:00:31 GMT Zwierzę poruszyło się z (7, 1) na (8, 0)
16 Jan 2025 02:00:31 GMT Długość listy pozycji: 10
Lista pozycji zwierząt: {(3, 3)=[>], (8, 9)=[>], (2, 6)=[◢], (0, 5)=[^], (1, 7)=[◣], (8, 0)=[◢], (6, 1)=[v], (5, 3)=[◣], (4, 2)=[^], (8, 6)=[◤]}
16 Jan 2025 02:00:31 GMT Zwierzę poruszyło się z (7, 9) na (8, 9)
16 Jan 2025 02:00:32 GMT Długość listy pozycji: 10
Lista pozycji zwierząt: {(3, 2)=[<], (3, 3)=[>], (8, 9)=[>], (2, 6)=[◢], (0, 5)=[^], (1, 7)=[◣], (8, 0)=[◢], (6, 1)=[v], (5, 3)=[◣], (8, 6)=[◤]}
16 Jan 2025 02:00:32 GMT Zwierzę poruszyło się z (4, 2) na (3, 2)
16 Jan 2025 02:00:32 GMT Długość listy pozycji: 10
Lista pozycji zwierząt: {(3, 2)=[<], (3, 3)=[>], (8, 9)=[>], (2, 6)=[◢], (1, 7)=[◣], (8, 0)=[◢], (6, 1)=[v], (9, 6)=[◤], (5, 3)=[◣], (8, 6)=[◤]}
16 Jan 2025 02:00:32 GMT Zwierzę poruszyło się z (0, 5) na (9, 6)
16 Jan 2025 02:00:33 GMT Zwierzę zjadło roślinkę na (3, 2)
16 Jan 2025 02:00:33 GMT Zwierzę zjadło roślinkę na (3, 3)
16 Jan 2025 02:00:33 GMT Zwierzę zjadło roślinkę na (8, 9)
16 Jan 2025 02:00:33 GMT Zwierzę zjadło roślinkę na (9, 6)
16 Jan 2025 02:00:34 GMT Roślinka wyrosła na (2, 1)
16 Jan 2025 02:00:34 GMT Roślinka wyrosła na (8, 1)
16 Jan 2025 02:00:34 GMT Roślinka wyrosła na (9, 0)
16 Jan 2025 02:00:34 GMT Roślinka wyrosła na (6, 3)
16 Jan 2025 02:00:34 GMT Roślinka wyrosła na (2, 0)
16 Jan 2025 02:00:34 GMT Roślinka wyrosła na (9, 1)
16 Jan 2025 02:00:34 GMT Roślinka wyrosła na (3, 0)
16 Jan 2025 02:00:34 GMT Roślinka wyrosła na (6, 0)
16 Jan 2025 02:00:34 GMT Roślinka wyrosła na (5, 9)
16 Jan 2025 02:00:34 GMT Roślinka wyrosła na (9, 3)
16 Jan 2025 02:00:35 GMT Długość listy pozycji: 10
Lista pozycji zwierząt: {(3, 2)=[<], (3, 3)=[>], (8, 9)=[>], (2, 6)=[◢], (1, 7)=[◣], (8, 0)=[◢], (6, 2)=[^], (9, 6)=[◤], (5, 3)=[◣], (8, 6)=[◤]}
16 Jan 2025 02:00:35 GMT Zwierzę poruszyło się z (6, 1) na (6, 2)
16 Jan 2025 02:00:35 GMT Długość listy pozycji: 10
Lista pozycji zwierząt: {(3, 2)=[<], (3, 3)=[>], (8, 9)=[>], (2, 6)=[◢], (2, 7)=[>], (8, 0)=[◢], (6, 2)=[^], (9, 6)=[◤], (5, 3)=[◣], (8, 6)=[◤]}
16 Jan 2025 02:00:35 GMT Zwierzę poruszyło się z (1, 7) na (2, 7)
16 Jan 2025 02:00:36 GMT Długość listy pozycji: 10
Lista pozycji zwierząt: {(3, 2)=[<], (3, 3)=[>], (8, 9)=[>], (2, 6)=[◢], (2, 7)=[>], (8, 0)=[◢], (6, 2)=[^], (6, 3)=[>], (9, 6)=[◤], (8, 6)=[◤]}
16 Jan 2025 02:00:36 GMT Zwierzę poruszyło się z (5, 3) na (6, 3)
16 Jan 2025 02:00:36 GMT Długość listy pozycji: 9
Lista pozycji zwierząt: {(3, 2)=[<, v], (8, 9)=[>], (2, 6)=[◢], (2, 7)=[>], (8, 0)=[◢], (6, 2)=[^], (6, 3)=[>], (9, 6)=[◤], (8, 6)=[◤]}
16 Jan 2025 02:00:36 GMT Zwierzę poruszyło się z (3, 3) na (3, 2)
16 Jan 2025 02:00:37 GMT Długość listy pozycji: 9
Lista pozycji zwierząt: {(3, 2)=[<, v], (8, 9)=[>], (1, 6)=[<], (2, 7)=[>], (8, 0)=[◢], (6, 2)=[^], (6, 3)=[>], (9, 6)=[◤], (8, 6)=[◤]}
16 Jan 2025 02:00:37 GMT Zwierzę poruszyło się z (2, 6) na (1, 6)
16 Jan 2025 02:00:38 GMT Długość listy pozycji: 9
Lista pozycji zwierząt: {(3, 2)=[<, v], (8, 9)=[>], (1, 6)=[<], (2, 7)=[>], (7, 0)=[<], (6, 2)=[^], (6, 3)=[>], (9, 6)=[◤], (8, 6)=[◤]}
16 Jan 2025 02:00:38 GMT Zwierzę poruszyło się z (8, 0) na (7, 0)
16 Jan 2025 02:00:38 GMT Długość listy pozycji: 9
Lista pozycji zwierząt: {(3, 2)=[<, v], (8, 8)=[v], (1, 6)=[<], (2, 7)=[>], (7, 0)=[<], (6, 2)=[^], (6, 3)=[>], (9, 6)=[◤], (8, 6)=[◤]}
16 Jan 2025 02:00:38 GMT Zwierzę poruszyło się z (8, 9) na (8, 8)
16 Jan 2025 02:00:39 GMT Długość listy pozycji: 10
Lista pozycji zwierząt: {(3, 2)=[v], (8, 8)=[v], (1, 6)=[<], (2, 7)=[>], (7, 0)=[<], (6, 2)=[^], (6, 3)=[>], (9, 6)=[◤], (3, 1)=[v], (8, 6)=[◤]}
16 Jan 2025 02:00:39 GMT Zwierzę poruszyło się z (3, 2) na (3, 1)
16 Jan 2025 02:00:39 GMT Długość listy pozycji: 9
Lista pozycji zwierząt: {(3, 2)=[v], (8, 8)=[v], (1, 6)=[<], (2, 7)=[>], (7, 0)=[<], (6, 2)=[^], (6, 3)=[>], (3, 1)=[v], (8, 6)=[<, ◤]}
16 Jan 2025 02:00:39 GMT Zwierzę poruszyło się z (9, 6) na (8, 6)
16 Jan 2025 02:00:40 GMT Zwierzę zjadło roślinkę na (6, 2)
16 Jan 2025 02:00:40 GMT Zwierzę zjadło roślinkę na (6, 3)
16 Jan 2025 02:00:40 GMT Zwierze zostało położone na (8, 6)
16 Jan 2025 02:00:40 GMT Urodziło się nowe zwierzę na (8, 6)
16 Jan 2025 02:00:41 GMT Roślinka wyrosła na (1, 8)
16 Jan 2025 02:00:41 GMT Roślinka wyrosła na (9, 2)
16 Jan 2025 02:00:41 GMT Roślinka wyrosła na (1, 7)
16 Jan 2025 02:00:41 GMT Roślinka wyrosła na (7, 1)
16 Jan 2025 02:00:41 GMT Roślinka wyrosła na (4, 2)
16 Jan 2025 02:00:41 GMT Roślinka wyrosła na (5, 3)
16 Jan 2025 02:00:41 GMT Roślinka wyrosła na (7, 0)
16 Jan 2025 02:00:41 GMT Roślinka wyrosła na (1, 3)
16 Jan 2025 02:00:41 GMT Roślinka wyrosła na (8, 2)
16 Jan 2025 02:00:41 GMT Roślinka wyrosła na (1, 2)
16 Jan 2025 02:00:42 GMT Długość listy pozycji: 9
Lista pozycji zwierząt: {(3, 2)=[v], (8, 8)=[v], (1, 6)=[<], (2, 7)=[>], (7, 0)=[<], (6, 1)=[v], (6, 3)=[>], (3, 1)=[v], (8, 6)=[<, ◤, <]}
16 Jan 2025 02:00:42 GMT Zwierzę poruszyło się z (6, 2) na (6, 1)
16 Jan 2025 02:00:43 GMT Długość listy pozycji: 9
Lista pozycji zwierząt: {(3, 2)=[v], (8, 8)=[v], (1, 6)=[<], (1, 8)=[◤], (7, 0)=[<], (6, 1)=[v], (6, 3)=[>], (3, 1)=[v], (8, 6)=[<, ◤, <]}
16 Jan 2025 02:00:43 GMT Zwierzę poruszyło się z (2, 7) na (1, 8)
16 Jan 2025 02:00:43 GMT Długość listy pozycji: 9
Lista pozycji zwierząt: {(5, 4)=[◤], (3, 2)=[v], (8, 8)=[v], (1, 6)=[<], (1, 8)=[◤], (7, 0)=[<], (6, 1)=[v], (3, 1)=[v], (8, 6)=[<, ◤, <]}
16 Jan 2025 02:00:43 GMT Zwierzę poruszyło się z (6, 3) na (5, 4)
16 Jan 2025 02:00:44 GMT Długość listy pozycji: 9
Lista pozycji zwierząt: {(5, 4)=[◤], (2, 2)=[<], (8, 8)=[v], (1, 6)=[<], (1, 8)=[◤], (7, 0)=[<], (6, 1)=[v], (3, 1)=[v], (8, 6)=[<, ◤, <]}
16 Jan 2025 02:00:44 GMT Zwierzę poruszyło się z (3, 2) na (2, 2)
16 Jan 2025 02:00:44 GMT Długość listy pozycji: 9
Lista pozycji zwierząt: {(5, 4)=[◤], (2, 2)=[<], (8, 8)=[v], (2, 7)=[◥], (1, 8)=[◤], (7, 0)=[<], (6, 1)=[v], (3, 1)=[v], (8, 6)=[<, ◤, <]}
16 Jan 2025 02:00:44 GMT Zwierzę poruszyło się z (1, 6) na (2, 7)
16 Jan 2025 02:00:45 GMT Długość listy pozycji: 9
Lista pozycji zwierząt: {(5, 4)=[◤], (2, 2)=[<], (8, 8)=[v], (2, 7)=[◥], (1, 8)=[◤], (8, 1)=[◥], (6, 1)=[v], (3, 1)=[v], (8, 6)=[<, ◤, <]}
16 Jan 2025 02:00:45 GMT Zwierzę poruszyło się z (7, 0) na (8, 1)
16 Jan 2025 02:00:45 GMT Długość listy pozycji: 9
Lista pozycji zwierząt: {(5, 4)=[◤], (2, 2)=[<], (7, 8)=[<], (2, 7)=[◥], (1, 8)=[◤], (8, 1)=[◥], (6, 1)=[v], (3, 1)=[v], (8, 6)=[<, ◤, <]}
16 Jan 2025 02:00:45 GMT Zwierzę poruszyło się z (8, 8) na (7, 8)
16 Jan 2025 02:00:46 GMT Długość listy pozycji: 9
Lista pozycji zwierząt: {(5, 4)=[◤], (2, 2)=[<], (7, 8)=[<], (2, 7)=[◥], (1, 8)=[◤], (8, 1)=[◥], (6, 1)=[v], (4, 1)=[>], (8, 6)=[<, ◤, <]}
16 Jan 2025 02:00:46 GMT Zwierzę poruszyło się z (3, 1) na (4, 1)
16 Jan 2025 02:00:46 GMT Długość listy pozycji: 10
Lista pozycji zwierząt: {(5, 4)=[◤], (2, 2)=[<], (7, 8)=[<], (2, 7)=[◥], (1, 8)=[◤], (8, 1)=[◥], (6, 1)=[v], (4, 1)=[>], (7, 5)=[◣], (8, 6)=[◣, ◤, <]}
16 Jan 2025 02:00:46 GMT Zwierzę poruszyło się z (8, 6) na (7, 5)
16 Jan 2025 02:00:47 GMT Zwierzę zjadło roślinkę na (2, 2)
16 Jan 2025 02:00:47 GMT Zwierzę zjadło roślinkę na (1, 8)
16 Jan 2025 02:00:47 GMT Zwierzę zjadło roślinkę na (8, 1)
16 Jan 2025 02:00:48 GMT Zwierze zostało położone na (8, 6)
16 Jan 2025 02:00:48 GMT Urodziło się nowe zwierzę na (8, 6)
16 Jan 2025 02:00:48 GMT Roślinka wyrosła na null
16 Jan 2025 02:00:48 GMT Roślinka wyrosła na null
16 Jan 2025 02:00:48 GMT Roślinka wyrosła na null
16 Jan 2025 02:00:48 GMT Roślinka wyrosła na null
16 Jan 2025 02:00:48 GMT Roślinka wyrosła na null
16 Jan 2025 02:00:48 GMT Roślinka wyrosła na null
16 Jan 2025 02:00:48 GMT Roślinka wyrosła na null
16 Jan 2025 02:00:48 GMT Roślinka wyrosła na null
16 Jan 2025 02:00:48 GMT Roślinka wyrosła na null
16 Jan 2025 02:00:49 GMT Roślinka wyrosła na null
16 Jan 2025 02:00:50 GMT Długość listy pozycji: 10
Lista pozycji zwierząt: {(5, 4)=[◤], (2, 2)=[<], (7, 8)=[<], (2, 7)=[◥], (1, 8)=[◤], (8, 1)=[◥], (6, 2)=[^], (4, 1)=[>], (7, 5)=[◣], (8, 6)=[v, ◣, ◤, <]}
16 Jan 2025 02:00:50 GMT Zwierzę poruszyło się z (6, 1) na (6, 2)
16 Jan 2025 02:00:50 GMT Długość listy pozycji: 10
Lista pozycji zwierząt: {(5, 4)=[◤], (2, 2)=[<], (7, 8)=[<], (2, 7)=[◥], (1, 7)=[v], (8, 1)=[◥], (6, 2)=[^], (4, 1)=[>], (7, 5)=[◣], (8, 6)=[v, ◣, ◤, <]}
16 Jan 2025 02:00:50 GMT Zwierzę poruszyło się z (1, 8) na (1, 7)
16 Jan 2025 02:00:51 GMT Długość listy pozycji: 10
Lista pozycji zwierząt: {(2, 2)=[<], (7, 8)=[<], (2, 7)=[◥], (1, 7)=[v], (8, 1)=[◥], (6, 2)=[^], (4, 1)=[>], (5, 3)=[v], (7, 5)=[◣], (8, 6)=[v, ◣, ◤, <]}
16 Jan 2025 02:00:51 GMT Zwierzę poruszyło się z (5, 4) na (5, 3)
16 Jan 2025 02:00:51 GMT Długość listy pozycji: 10
Lista pozycji zwierząt: {(2, 3)=[^], (7, 8)=[<], (2, 7)=[◥], (1, 7)=[v], (8, 1)=[◥], (6, 2)=[^], (4, 1)=[>], (5, 3)=[v], (7, 5)=[◣], (8, 6)=[v, ◣, ◤, <]}
16 Jan 2025 02:00:51 GMT Zwierzę poruszyło się z (2, 2) na (2, 3)
16 Jan 2025 02:00:52 GMT Długość listy pozycji: 10
Lista pozycji zwierząt: {(2, 3)=[^], (7, 8)=[<], (2, 6)=[v], (1, 7)=[v], (8, 1)=[◥], (6, 2)=[^], (4, 1)=[>], (5, 3)=[v], (7, 5)=[◣], (8, 6)=[v, ◣, ◤, <]}
16 Jan 2025 02:00:52 GMT Zwierzę poruszyło się z (2, 7) na (2, 6)
16 Jan 2025 02:00:53 GMT Długość listy pozycji: 10
Lista pozycji zwierząt: {(2, 3)=[^], (7, 8)=[<], (2, 6)=[v], (1, 7)=[v], (8, 0)=[v], (6, 2)=[^], (4, 1)=[>], (5, 3)=[v], (7, 5)=[◣], (8, 6)=[v, ◣, ◤, <]}
16 Jan 2025 02:00:53 GMT Zwierzę poruszyło się z (8, 1) na (8, 0)
16 Jan 2025 02:00:53 GMT Długość listy pozycji: 10
Lista pozycji zwierząt: {(2, 3)=[^], (7, 9)=[^], (2, 6)=[v], (1, 7)=[v], (8, 0)=[v], (6, 2)=[^], (4, 1)=[>], (5, 3)=[v], (7, 5)=[◣], (8, 6)=[v, ◣, ◤, <]}
16 Jan 2025 02:00:53 GMT Zwierzę poruszyło się z (7, 8) na (7, 9)
16 Jan 2025 02:00:54 GMT Długość listy pozycji: 10
Lista pozycji zwierząt: {(2, 3)=[^], (7, 9)=[^], (2, 6)=[v], (1, 7)=[v], (8, 0)=[v], (6, 2)=[^], (4, 2)=[^], (5, 3)=[v], (7, 5)=[◣], (8, 6)=[v, ◣, ◤, <]}
16 Jan 2025 02:00:54 GMT Zwierzę poruszyło się z (4, 1) na (4, 2)
16 Jan 2025 02:00:54 GMT Długość listy pozycji: 10
Lista pozycji zwierząt: {(2, 3)=[^], (7, 9)=[^], (2, 6)=[v], (1, 7)=[v], (8, 0)=[v], (6, 2)=[^], (7, 4)=[v], (4, 2)=[^], (5, 3)=[v], (8, 6)=[v, v, ◤, <]}
16 Jan 2025 02:00:54 GMT Zwierzę poruszyło się z (7, 5) na (7, 4)
16 Jan 2025 02:00:55 GMT Zwierzę zjadło roślinkę na (1, 7)
16 Jan 2025 02:00:55 GMT Zwierzę zjadło roślinkę na (7, 4)
16 Jan 2025 02:00:55 GMT Zwierzę zjadło roślinkę na (4, 2)
16 Jan 2025 02:00:55 GMT Zwierzę zjadło roślinkę na (5, 3)
