16 Jan 2025 22:53:04 GMT Zwierze zostało położone na (2, 1)
16 Jan 2025 22:53:04 GMT Zwierze zostało położone na (2, 8)
16 Jan 2025 22:53:04 GMT Zwierze zostało położone na (9, 6)
16 Jan 2025 22:53:04 GMT Zwierze zostało położone na (6, 7)
16 Jan 2025 22:53:04 GMT Zwierze zostało położone na (7, 3)
16 Jan 2025 22:53:04 GMT Zwierze zostało położone na (9, 5)
16 Jan 2025 22:53:04 GMT Zwierze zostało położone na (5, 3)
16 Jan 2025 22:53:04 GMT Zwierze zostało położone na (0, 0)
16 Jan 2025 22:53:04 GMT Zwierze zostało położone na (7, 4)
16 Jan 2025 22:53:05 GMT Zwierze zostało położone na (0, 7)
16 Jan 2025 22:53:05 GMT Długość listy pozycji: 10
Lista pozycji zwierząt: {(0, 0)=[◣], (6, 7)=[>], (2, 8)=[◥], (0, 7)=[^], (9, 5)=[◢], (7, 3)=[v], (7, 4)=[>], (9, 6)=[◢], (2, 0)=[v], (5, 3)=[>]}
16 Jan 2025 22:53:05 GMT Zwierzę poruszyło się z (2, 1) na (2, 0)
16 Jan 2025 22:53:05 GMT Długość listy pozycji: 10
Lista pozycji zwierząt: {(0, 0)=[◣], (6, 7)=[>], (3, 8)=[>], (0, 7)=[^], (9, 5)=[◢], (7, 3)=[v], (7, 4)=[>], (9, 6)=[◢], (2, 0)=[v], (5, 3)=[>]}
16 Jan 2025 22:53:05 GMT Zwierzę poruszyło się z (2, 8) na (3, 8)
16 Jan 2025 22:53:05 GMT Długość listy pozycji: 10
Lista pozycji zwierząt: {(0, 0)=[◣], (6, 7)=[>], (3, 8)=[>], (0, 7)=[^], (9, 5)=[◢], (7, 3)=[v], (7, 4)=[>], (8, 6)=[<], (2, 0)=[v], (5, 3)=[>]}
16 Jan 2025 22:53:05 GMT Zwierzę poruszyło się z (9, 6) na (8, 6)
16 Jan 2025 22:53:05 GMT Długość listy pozycji: 10
Lista pozycji zwierząt: {(6, 6)=[v], (0, 0)=[◣], (3, 8)=[>], (0, 7)=[^], (9, 5)=[◢], (7, 3)=[v], (7, 4)=[>], (8, 6)=[<], (2, 0)=[v], (5, 3)=[>]}
16 Jan 2025 22:53:05 GMT Zwierzę poruszyło się z (6, 7) na (6, 6)
16 Jan 2025 22:53:05 GMT Długość listy pozycji: 9
Lista pozycji zwierząt: {(6, 6)=[v], (0, 0)=[◣], (3, 8)=[>], (0, 7)=[^], (9, 5)=[◢], (7, 4)=[>, ^], (8, 6)=[<], (2, 0)=[v], (5, 3)=[>]}
16 Jan 2025 22:53:05 GMT Zwierzę poruszyło się z (7, 3) na (7, 4)
16 Jan 2025 22:53:05 GMT Długość listy pozycji: 9
Lista pozycji zwierząt: {(6, 6)=[v], (0, 0)=[◣], (3, 8)=[>], (0, 7)=[^], (8, 5)=[<], (7, 4)=[>, ^], (8, 6)=[<], (2, 0)=[v], (5, 3)=[>]}
16 Jan 2025 22:53:05 GMT Zwierzę poruszyło się z (9, 5) na (8, 5)
16 Jan 2025 22:53:05 GMT Długość listy pozycji: 9
Lista pozycji zwierząt: {(6, 6)=[v], (0, 0)=[◣], (3, 8)=[>], (0, 7)=[^], (5, 2)=[v], (8, 5)=[<], (7, 4)=[>, ^], (8, 6)=[<], (2, 0)=[v]}
16 Jan 2025 22:53:05 GMT Zwierzę poruszyło się z (5, 3) na (5, 2)
16 Jan 2025 22:53:05 GMT Długość listy pozycji: 9
Lista pozycji zwierząt: {(1, 0)=[>], (6, 6)=[v], (3, 8)=[>], (0, 7)=[^], (5, 2)=[v], (8, 5)=[<], (7, 4)=[>, ^], (8, 6)=[<], (2, 0)=[v]}
16 Jan 2025 22:53:05 GMT Zwierzę poruszyło się z (0, 0) na (1, 0)
16 Jan 2025 22:53:06 GMT Długość listy pozycji: 10
Lista pozycji zwierząt: {(1, 0)=[>], (6, 6)=[v], (3, 8)=[>], (0, 7)=[^], (7, 3)=[v], (5, 2)=[v], (8, 5)=[<], (7, 4)=[^], (8, 6)=[<], (2, 0)=[v]}
16 Jan 2025 22:53:06 GMT Zwierzę poruszyło się z (7, 4) na (7, 3)
16 Jan 2025 22:53:06 GMT Długość listy pozycji: 10
Lista pozycji zwierząt: {(1, 0)=[>], (6, 6)=[v], (3, 8)=[>], (0, 8)=[^], (7, 3)=[v], (5, 2)=[v], (8, 5)=[<], (7, 4)=[^], (8, 6)=[<], (2, 0)=[v]}
16 Jan 2025 22:53:06 GMT Zwierzę poruszyło się z (0, 7) na (0, 8)
16 Jan 2025 22:53:06 GMT Zwierzę zjadło roślinkę na (6, 6)
16 Jan 2025 22:53:06 GMT Zwierzę zjadło roślinkę na (8, 5)
16 Jan 2025 22:53:06 GMT Zwierzę zjadło roślinkę na (8, 6)
16 Jan 2025 22:53:06 GMT Roślinka wyrosła na (9, 6)
16 Jan 2025 22:53:06 GMT Roślinka wyrosła na (5, 5)
16 Jan 2025 22:53:06 GMT Roślinka wyrosła na (2, 6)
16 Jan 2025 22:53:06 GMT Roślinka wyrosła na (2, 3)
16 Jan 2025 22:53:06 GMT Roślinka wyrosła na (4, 5)
16 Jan 2025 22:53:06 GMT Roślinka wyrosła na (4, 6)
16 Jan 2025 22:53:06 GMT Roślinka wyrosła na (0, 6)
16 Jan 2025 22:53:06 GMT Roślinka wyrosła na (3, 5)
16 Jan 2025 22:53:06 GMT Roślinka wyrosła na (7, 6)
16 Jan 2025 22:53:06 GMT Roślinka wyrosła na (5, 6)
16 Jan 2025 22:53:06 GMT Długość listy pozycji: 9
Lista pozycji zwierząt: {(1, 0)=[>, <], (6, 6)=[v], (3, 8)=[>], (0, 8)=[^], (7, 3)=[v], (5, 2)=[v], (8, 5)=[<], (7, 4)=[^], (8, 6)=[<]}
16 Jan 2025 22:53:06 GMT Zwierzę poruszyło się z (2, 0) na (1, 0)
16 Jan 2025 22:53:06 GMT Długość listy pozycji: 9
Lista pozycji zwierząt: {(1, 0)=[>, <], (6, 6)=[v], (4, 7)=[◢], (0, 8)=[^], (7, 3)=[v], (5, 2)=[v], (8, 5)=[<], (7, 4)=[^], (8, 6)=[<]}
16 Jan 2025 22:53:06 GMT Zwierzę poruszyło się z (3, 8) na (4, 7)
16 Jan 2025 22:53:06 GMT Długość listy pozycji: 9
Lista pozycji zwierząt: {(1, 0)=[>, <], (6, 6)=[v], (4, 7)=[◢], (0, 8)=[^], (7, 3)=[v], (5, 2)=[v], (8, 5)=[<], (7, 4)=[^], (9, 7)=[◥]}
16 Jan 2025 22:53:06 GMT Zwierzę poruszyło się z (8, 6) na (9, 7)
16 Jan 2025 22:53:07 GMT Długość listy pozycji: 9
Lista pozycji zwierząt: {(1, 0)=[>, <], (5, 6)=[<], (4, 7)=[◢], (0, 8)=[^], (7, 3)=[v], (5, 2)=[v], (8, 5)=[<], (7, 4)=[^], (9, 7)=[◥]}
16 Jan 2025 22:53:07 GMT Zwierzę poruszyło się z (6, 6) na (5, 6)
16 Jan 2025 22:53:07 GMT Długość listy pozycji: 8
Lista pozycji zwierząt: {(1, 0)=[>, <], (5, 6)=[<], (4, 7)=[◢], (0, 8)=[^], (7, 3)=[v, v], (5, 2)=[v], (8, 5)=[<], (9, 7)=[◥]}
16 Jan 2025 22:53:07 GMT Zwierzę poruszyło się z (7, 4) na (7, 3)
16 Jan 2025 22:53:07 GMT Długość listy pozycji: 8
Lista pozycji zwierząt: {(1, 0)=[>, <], (5, 6)=[<], (4, 7)=[◢], (0, 8)=[^], (7, 3)=[v, v], (9, 6)=[◥], (5, 2)=[v], (9, 7)=[◥]}
16 Jan 2025 22:53:07 GMT Zwierzę poruszyło się z (8, 5) na (9, 6)
16 Jan 2025 22:53:07 GMT Długość listy pozycji: 8
Lista pozycji zwierząt: {(1, 0)=[>, <], (5, 6)=[<], (4, 7)=[◢], (0, 8)=[^], (7, 3)=[v, v], (9, 6)=[◥], (4, 2)=[<], (9, 7)=[◥]}
16 Jan 2025 22:53:07 GMT Zwierzę poruszyło się z (5, 2) na (4, 2)
16 Jan 2025 22:53:07 GMT Długość listy pozycji: 9
Lista pozycji zwierząt: {(1, 0)=[<], (0, 1)=[◤], (5, 6)=[<], (4, 7)=[◢], (0, 8)=[^], (7, 3)=[v, v], (9, 6)=[◥], (4, 2)=[<], (9, 7)=[◥]}
16 Jan 2025 22:53:07 GMT Zwierzę poruszyło się z (1, 0) na (0, 1)
16 Jan 2025 22:53:07 GMT Długość listy pozycji: 10
Lista pozycji zwierząt: {(1, 0)=[<], (0, 1)=[◤], (5, 6)=[<], (4, 7)=[◢], (0, 8)=[^], (7, 3)=[v], (6, 3)=[<], (9, 6)=[◥], (4, 2)=[<], (9, 7)=[◥]}
16 Jan 2025 22:53:07 GMT Zwierzę poruszyło się z (7, 3) na (6, 3)
16 Jan 2025 22:53:07 GMT Długość listy pozycji: 10
Lista pozycji zwierząt: {(1, 0)=[<], (0, 1)=[◤], (5, 6)=[<], (4, 7)=[◢], (0, 9)=[^], (7, 3)=[v], (6, 3)=[<], (9, 6)=[◥], (4, 2)=[<], (9, 7)=[◥]}
16 Jan 2025 22:53:07 GMT Zwierzę poruszyło się z (0, 8) na (0, 9)
16 Jan 2025 22:53:07 GMT Zwierzę zjadło roślinkę na (5, 6)
16 Jan 2025 22:53:07 GMT Zwierzę zjadło roślinkę na (9, 6)
16 Jan 2025 22:53:07 GMT Roślinka wyrosła na (3, 2)
16 Jan 2025 22:53:07 GMT Roślinka wyrosła na (3, 6)
16 Jan 2025 22:53:07 GMT Roślinka wyrosła na (8, 2)
16 Jan 2025 22:53:07 GMT Roślinka wyrosła na (6, 5)
16 Jan 2025 22:53:07 GMT Roślinka wyrosła na (4, 3)
16 Jan 2025 22:53:08 GMT Roślinka wyrosła na (9, 3)
16 Jan 2025 22:53:08 GMT Roślinka wyrosła na (7, 7)
16 Jan 2025 22:53:08 GMT Roślinka wyrosła na (0, 4)
16 Jan 2025 22:53:08 GMT Roślinka wyrosła na (4, 4)
16 Jan 2025 22:53:08 GMT Roślinka wyrosła na (2, 4)
16 Jan 2025 22:53:08 GMT Długość listy pozycji: 10
Lista pozycji zwierząt: {(1, 1)=[^], (0, 1)=[◤], (5, 6)=[<], (4, 7)=[◢], (0, 9)=[^], (7, 3)=[v], (6, 3)=[<], (9, 6)=[◥], (4, 2)=[<], (9, 7)=[◥]}
16 Jan 2025 22:53:08 GMT Zwierzę poruszyło się z (1, 0) na (1, 1)
16 Jan 2025 22:53:08 GMT Długość listy pozycji: 10
Lista pozycji zwierząt: {(1, 1)=[^], (0, 1)=[◤], (5, 6)=[<], (4, 6)=[v], (0, 9)=[^], (7, 3)=[v], (6, 3)=[<], (9, 6)=[◥], (4, 2)=[<], (9, 7)=[◥]}
16 Jan 2025 22:53:08 GMT Zwierzę poruszyło się z (4, 7) na (4, 6)
16 Jan 2025 22:53:08 GMT Długość listy pozycji: 9
Lista pozycji zwierząt: {(1, 1)=[^], (0, 1)=[◤], (5, 6)=[<], (4, 6)=[v], (0, 9)=[^], (7, 3)=[v], (6, 3)=[<], (9, 6)=[◥, v], (4, 2)=[<]}
16 Jan 2025 22:53:08 GMT Zwierzę poruszyło się z (9, 7) na (9, 6)
16 Jan 2025 22:53:08 GMT Długość listy pozycji: 9
Lista pozycji zwierząt: {(1, 1)=[^], (0, 1)=[◤], (5, 7)=[^], (4, 6)=[v], (0, 9)=[^], (7, 3)=[v], (6, 3)=[<], (9, 6)=[◥, v], (4, 2)=[<]}
16 Jan 2025 22:53:08 GMT Zwierzę poruszyło się z (5, 6) na (5, 7)
16 Jan 2025 22:53:08 GMT Długość listy pozycji: 9
Lista pozycji zwierząt: {(1, 1)=[^], (0, 1)=[◤], (5, 7)=[^], (4, 6)=[v], (0, 9)=[^], (7, 4)=[^], (6, 3)=[<], (9, 6)=[◥, v], (4, 2)=[<]}
16 Jan 2025 22:53:08 GMT Zwierzę poruszyło się z (7, 3) na (7, 4)
16 Jan 2025 22:53:08 GMT Długość listy pozycji: 10
Lista pozycji zwierząt: {(1, 1)=[^], (0, 1)=[◤], (5, 7)=[^], (4, 6)=[v], (0, 9)=[^], (9, 5)=[v], (7, 4)=[^], (6, 3)=[<], (9, 6)=[v], (4, 2)=[<]}
16 Jan 2025 22:53:08 GMT Zwierzę poruszyło się z (9, 6) na (9, 5)
16 Jan 2025 22:53:08 GMT Długość listy pozycji: 10
Lista pozycji zwierząt: {(4, 3)=[^], (1, 1)=[^], (0, 1)=[◤], (5, 7)=[^], (4, 6)=[v], (0, 9)=[^], (9, 5)=[v], (7, 4)=[^], (6, 3)=[<], (9, 6)=[v]}
16 Jan 2025 22:53:08 GMT Zwierzę poruszyło się z (4, 2) na (4, 3)
16 Jan 2025 22:53:08 GMT Długość listy pozycji: 10
Lista pozycji zwierząt: {(4, 3)=[^], (0, 0)=[v], (1, 1)=[^], (5, 7)=[^], (4, 6)=[v], (0, 9)=[^], (9, 5)=[v], (7, 4)=[^], (6, 3)=[<], (9, 6)=[v]}
16 Jan 2025 22:53:08 GMT Zwierzę poruszyło się z (0, 1) na (0, 0)
16 Jan 2025 22:53:09 GMT Długość listy pozycji: 10
Lista pozycji zwierząt: {(4, 3)=[^], (0, 0)=[v], (1, 1)=[^], (5, 7)=[^], (4, 6)=[v], (0, 9)=[^], (9, 5)=[v], (7, 4)=[^], (9, 6)=[v], (6, 4)=[^]}
16 Jan 2025 22:53:09 GMT Zwierzę poruszyło się z (6, 3) na (6, 4)
16 Jan 2025 22:53:09 GMT Długość listy pozycji: 10
Lista pozycji zwierząt: {(4, 3)=[^], (0, 0)=[v], (1, 1)=[^], (5, 7)=[^], (4, 6)=[v], (0, 9)=[v], (9, 5)=[v], (7, 4)=[^], (9, 6)=[v], (6, 4)=[^]}
16 Jan 2025 22:53:09 GMT Zwierzę poruszyło się z (0, 9) na (0, 9)
16 Jan 2025 22:53:09 GMT Zwierzę zjadło roślinkę na (4, 3)
16 Jan 2025 22:53:09 GMT Zwierzę zjadło roślinkę na (4, 6)
16 Jan 2025 22:53:09 GMT Zwierzę zjadło roślinkę na (9, 5)
16 Jan 2025 22:53:09 GMT Roślinka wyrosła na (0, 9)
16 Jan 2025 22:53:09 GMT Roślinka wyrosła na (9, 2)
16 Jan 2025 22:53:09 GMT Roślinka wyrosła na (4, 8)
16 Jan 2025 22:53:09 GMT Roślinka wyrosła na (0, 2)
16 Jan 2025 22:53:09 GMT Roślinka wyrosła na (4, 1)
16 Jan 2025 22:53:09 GMT Roślinka wyrosła na (6, 9)
16 Jan 2025 22:53:09 GMT Roślinka wyrosła na (6, 7)
16 Jan 2025 22:53:09 GMT Roślinka wyrosła na (8, 9)
16 Jan 2025 22:53:09 GMT Roślinka wyrosła na (0, 7)
16 Jan 2025 22:53:09 GMT Roślinka wyrosła na (7, 0)
16 Jan 2025 22:53:09 GMT Długość listy pozycji: 10
Lista pozycji zwierząt: {(2, 1)=[>], (4, 3)=[^], (0, 0)=[v], (5, 7)=[^], (4, 6)=[v], (0, 9)=[v], (9, 5)=[v], (7, 4)=[^], (9, 6)=[v], (6, 4)=[^]}
16 Jan 2025 22:53:09 GMT Zwierzę poruszyło się z (1, 1) na (2, 1)
16 Jan 2025 22:53:09 GMT Długość listy pozycji: 10
Lista pozycji zwierząt: {(2, 1)=[>], (4, 3)=[^], (0, 0)=[v], (3, 5)=[◣], (5, 7)=[^], (0, 9)=[v], (9, 5)=[v], (7, 4)=[^], (9, 6)=[v], (6, 4)=[^]}
16 Jan 2025 22:53:09 GMT Zwierzę poruszyło się z (4, 6) na (3, 5)
16 Jan 2025 22:53:09 GMT Długość listy pozycji: 10
Lista pozycji zwierząt: {(8, 7)=[◤], (2, 1)=[>], (4, 3)=[^], (0, 0)=[v], (3, 5)=[◣], (5, 7)=[^], (0, 9)=[v], (9, 5)=[v], (7, 4)=[^], (6, 4)=[^]}
16 Jan 2025 22:53:09 GMT Zwierzę poruszyło się z (9, 6) na (8, 7)
16 Jan 2025 22:53:10 GMT Długość listy pozycji: 10
Lista pozycji zwierząt: {(8, 7)=[◤], (2, 1)=[>], (4, 3)=[^], (0, 0)=[v], (6, 7)=[>], (3, 5)=[◣], (0, 9)=[v], (9, 5)=[v], (7, 4)=[^], (6, 4)=[^]}
16 Jan 2025 22:53:10 GMT Zwierzę poruszyło się z (5, 7) na (6, 7)
16 Jan 2025 22:53:10 GMT Długość listy pozycji: 10
Lista pozycji zwierząt: {(8, 7)=[◤], (2, 1)=[>], (4, 3)=[^], (0, 0)=[v], (6, 7)=[>], (3, 5)=[◣], (0, 9)=[v], (7, 3)=[v], (9, 5)=[v], (6, 4)=[^]}
16 Jan 2025 22:53:10 GMT Zwierzę poruszyło się z (7, 4) na (7, 3)
16 Jan 2025 22:53:10 GMT Długość listy pozycji: 10
Lista pozycji zwierząt: {(8, 7)=[◤], (2, 1)=[>], (4, 3)=[^], (0, 0)=[v], (6, 7)=[>], (3, 5)=[◣], (0, 9)=[v], (7, 3)=[v], (8, 6)=[◤], (6, 4)=[^]}
16 Jan 2025 22:53:10 GMT Zwierzę poruszyło się z (9, 5) na (8, 6)
16 Jan 2025 22:53:10 GMT Długość listy pozycji: 10
Lista pozycji zwierząt: {(8, 7)=[◤], (2, 1)=[>], (0, 0)=[v], (6, 7)=[>], (3, 5)=[◣], (0, 9)=[v], (7, 3)=[v], (5, 3)=[>], (8, 6)=[◤], (6, 4)=[^]}
16 Jan 2025 22:53:10 GMT Zwierzę poruszyło się z (4, 3) na (5, 3)
16 Jan 2025 22:53:10 GMT Długość listy pozycji: 10
Lista pozycji zwierząt: {(8, 7)=[◤], (2, 1)=[>], (1, 1)=[◥], (6, 7)=[>], (3, 5)=[◣], (0, 9)=[v], (7, 3)=[v], (5, 3)=[>], (8, 6)=[◤], (6, 4)=[^]}
16 Jan 2025 22:53:10 GMT Zwierzę poruszyło się z (0, 0) na (1, 1)
16 Jan 2025 22:53:10 GMT Długość listy pozycji: 10
Lista pozycji zwierząt: {(8, 7)=[◤], (2, 1)=[>], (1, 1)=[◥], (6, 7)=[>], (3, 5)=[◣], (0, 9)=[v], (7, 3)=[v], (7, 4)=[>], (5, 3)=[>], (8, 6)=[◤]}
16 Jan 2025 22:53:10 GMT Zwierzę poruszyło się z (6, 4) na (7, 4)
16 Jan 2025 22:53:10 GMT Długość listy pozycji: 10
Lista pozycji zwierząt: {(8, 7)=[◤], (2, 1)=[>], (1, 1)=[◥], (6, 7)=[>], (3, 5)=[◣], (0, 8)=[v], (7, 3)=[v], (7, 4)=[>], (5, 3)=[>], (8, 6)=[◤]}
16 Jan 2025 22:53:10 GMT Zwierzę poruszyło się z (0, 9) na (0, 8)
16 Jan 2025 22:53:10 GMT Zwierzę zjadło roślinkę na (6, 7)
16 Jan 2025 22:53:10 GMT Zwierzę zjadło roślinkę na (3, 5)
16 Jan 2025 22:53:11 GMT Roślinka wyrosła na (2, 0)
16 Jan 2025 22:53:11 GMT Roślinka wyrosła na (1, 8)
16 Jan 2025 22:53:11 GMT Roślinka wyrosła na (7, 1)
16 Jan 2025 22:53:11 GMT Roślinka wyrosła na (7, 3)
16 Jan 2025 22:53:11 GMT Roślinka wyrosła na (3, 3)
16 Jan 2025 22:53:11 GMT Roślinka wyrosła na (8, 1)
16 Jan 2025 22:53:11 GMT Roślinka wyrosła na (9, 7)
16 Jan 2025 22:53:11 GMT Roślinka wyrosła na (8, 4)
16 Jan 2025 22:53:11 GMT Roślinka wyrosła na (5, 4)
16 Jan 2025 22:53:11 GMT Roślinka wyrosła na (3, 0)
16 Jan 2025 22:53:11 GMT Długość listy pozycji: 10
Lista pozycji zwierząt: {(8, 7)=[◤], (1, 1)=[◥], (6, 7)=[>], (3, 5)=[◣], (0, 8)=[v], (7, 3)=[v], (7, 4)=[>], (2, 0)=[v], (5, 3)=[>], (8, 6)=[◤]}
16 Jan 2025 22:53:11 GMT Zwierzę poruszyło się z (2, 1) na (2, 0)
16 Jan 2025 22:53:11 GMT Długość listy pozycji: 10
Lista pozycji zwierząt: {(8, 7)=[◤], (1, 1)=[◥], (6, 7)=[>], (2, 5)=[<], (0, 8)=[v], (7, 3)=[v], (7, 4)=[>], (2, 0)=[v], (5, 3)=[>], (8, 6)=[◤]}
16 Jan 2025 22:53:11 GMT Zwierzę poruszyło się z (3, 5) na (2, 5)
16 Jan 2025 22:53:11 GMT Długość listy pozycji: 10
Lista pozycji zwierząt: {(1, 1)=[◥], (6, 7)=[>], (2, 5)=[<], (0, 8)=[v], (7, 3)=[v], (7, 4)=[>], (9, 7)=[>], (2, 0)=[v], (5, 3)=[>], (8, 6)=[◤]}
16 Jan 2025 22:53:11 GMT Zwierzę poruszyło się z (8, 7) na (9, 7)
16 Jan 2025 22:53:11 GMT Długość listy pozycji: 10
Lista pozycji zwierząt: {(6, 6)=[v], (1, 1)=[◥], (2, 5)=[<], (0, 8)=[v], (7, 3)=[v], (7, 4)=[>], (9, 7)=[>], (2, 0)=[v], (5, 3)=[>], (8, 6)=[◤]}
16 Jan 2025 22:53:11 GMT Zwierzę poruszyło się z (6, 7) na (6, 6)
16 Jan 2025 22:53:11 GMT Długość listy pozycji: 9
Lista pozycji zwierząt: {(6, 6)=[v], (1, 1)=[◥], (2, 5)=[<], (0, 8)=[v], (7, 4)=[>, ^], (9, 7)=[>], (2, 0)=[v], (5, 3)=[>], (8, 6)=[◤]}
16 Jan 2025 22:53:11 GMT Zwierzę poruszyło się z (7, 3) na (7, 4)
16 Jan 2025 22:53:11 GMT Długość listy pozycji: 9
Lista pozycji zwierząt: {(6, 6)=[v], (1, 1)=[◥], (2, 5)=[<], (0, 8)=[v], (9, 6)=[>], (7, 4)=[>, ^], (9, 7)=[>], (2, 0)=[v], (5, 3)=[>]}
16 Jan 2025 22:53:11 GMT Zwierzę poruszyło się z (8, 6) na (9, 6)
16 Jan 2025 22:53:11 GMT Długość listy pozycji: 9
Lista pozycji zwierząt: {(6, 6)=[v], (1, 1)=[◥], (2, 5)=[<], (0, 8)=[v], (5, 2)=[v], (9, 6)=[>], (7, 4)=[>, ^], (9, 7)=[>], (2, 0)=[v]}
16 Jan 2025 22:53:11 GMT Zwierzę poruszyło się z (5, 3) na (5, 2)
16 Jan 2025 22:53:12 GMT Długość listy pozycji: 9
Lista pozycji zwierząt: {(6, 6)=[v], (0, 1)=[<], (2, 5)=[<], (0, 8)=[v], (5, 2)=[v], (9, 6)=[>], (7, 4)=[>, ^], (9, 7)=[>], (2, 0)=[v]}
16 Jan 2025 22:53:12 GMT Zwierzę poruszyło się z (1, 1) na (0, 1)
16 Jan 2025 22:53:12 GMT Długość listy pozycji: 10
Lista pozycji zwierząt: {(6, 6)=[v], (0, 1)=[<], (2, 5)=[<], (0, 8)=[v], (7, 3)=[v], (5, 2)=[v], (9, 6)=[>], (7, 4)=[^], (9, 7)=[>], (2, 0)=[v]}
16 Jan 2025 22:53:12 GMT Zwierzę poruszyło się z (7, 4) na (7, 3)
16 Jan 2025 22:53:12 GMT Długość listy pozycji: 10
Lista pozycji zwierząt: {(6, 6)=[v], (0, 1)=[<], (2, 5)=[<], (0, 7)=[v], (7, 3)=[v], (5, 2)=[v], (9, 6)=[>], (7, 4)=[^], (9, 7)=[>], (2, 0)=[v]}
16 Jan 2025 22:53:12 GMT Zwierzę poruszyło się z (0, 8) na (0, 7)
16 Jan 2025 22:53:12 GMT Zwierzę zjadło roślinkę na (2, 5)
16 Jan 2025 22:53:12 GMT Zwierzę zjadło roślinkę na (0, 7)
16 Jan 2025 22:53:12 GMT Zwierzę zjadło roślinkę na (7, 3)
16 Jan 2025 22:53:12 GMT Zwierzę zjadło roślinkę na (9, 7)
16 Jan 2025 22:53:12 GMT Zwierzę zjadło roślinkę na (2, 0)
16 Jan 2025 22:53:12 GMT Roślinka wyrosła na (2, 1)
16 Jan 2025 22:53:12 GMT Roślinka wyrosła na (5, 8)
16 Jan 2025 22:53:12 GMT Roślinka wyrosła na (9, 9)
16 Jan 2025 22:53:12 GMT Roślinka wyrosła na (5, 1)
16 Jan 2025 22:53:12 GMT Roślinka wyrosła na (6, 3)
16 Jan 2025 22:53:12 GMT Roślinka wyrosła na (0, 1)
16 Jan 2025 22:53:12 GMT Roślinka wyrosła na (2, 7)
16 Jan 2025 22:53:12 GMT Roślinka wyrosła na (6, 1)
16 Jan 2025 22:53:12 GMT Roślinka wyrosła na (0, 3)
16 Jan 2025 22:53:12 GMT Roślinka wyrosła na (9, 8)
16 Jan 2025 22:53:12 GMT Długość listy pozycji: 10
Lista pozycji zwierząt: {(1, 0)=[<], (6, 6)=[v], (0, 1)=[<], (2, 5)=[<], (0, 7)=[v], (7, 3)=[v], (5, 2)=[v], (9, 6)=[>], (7, 4)=[^], (9, 7)=[>]}
16 Jan 2025 22:53:12 GMT Zwierzę poruszyło się z (2, 0) na (1, 0)
16 Jan 2025 22:53:12 GMT Długość listy pozycji: 10
Lista pozycji zwierząt: {(1, 0)=[<], (6, 6)=[v], (0, 1)=[<], (1, 6)=[◤], (0, 7)=[v], (7, 3)=[v], (5, 2)=[v], (9, 6)=[>], (7, 4)=[^], (9, 7)=[>]}
16 Jan 2025 22:53:12 GMT Zwierzę poruszyło się z (2, 5) na (1, 6)
16 Jan 2025 22:53:12 GMT Długość listy pozycji: 10
Lista pozycji zwierząt: {(1, 0)=[<], (6, 6)=[v], (0, 1)=[<], (1, 6)=[◤], (0, 7)=[v], (7, 3)=[v], (5, 2)=[v], (9, 6)=[>], (7, 4)=[^], (8, 6)=[◣]}
16 Jan 2025 22:53:12 GMT Zwierzę poruszyło się z (9, 7) na (8, 6)
16 Jan 2025 22:53:13 GMT Długość listy pozycji: 10
Lista pozycji zwierząt: {(1, 0)=[<], (5, 6)=[<], (0, 1)=[<], (1, 6)=[◤], (0, 7)=[v], (7, 3)=[v], (5, 2)=[v], (9, 6)=[>], (7, 4)=[^], (8, 6)=[◣]}
16 Jan 2025 22:53:13 GMT Zwierzę poruszyło się z (6, 6) na (5, 6)
16 Jan 2025 22:53:13 GMT Długość listy pozycji: 9
Lista pozycji zwierząt: {(1, 0)=[<], (5, 6)=[<], (0, 1)=[<], (1, 6)=[◤], (0, 7)=[v], (7, 3)=[v, v], (5, 2)=[v], (9, 6)=[>], (8, 6)=[◣]}
16 Jan 2025 22:53:13 GMT Zwierzę poruszyło się z (7, 4) na (7, 3)
16 Jan 2025 22:53:13 GMT Długość listy pozycji: 9
Lista pozycji zwierząt: {(1, 0)=[<], (5, 6)=[<], (0, 1)=[<], (1, 6)=[◤], (0, 7)=[v], (7, 3)=[v, v], (8, 5)=[◣], (5, 2)=[v], (8, 6)=[◣]}
16 Jan 2025 22:53:13 GMT Zwierzę poruszyło się z (9, 6) na (8, 5)
16 Jan 2025 22:53:13 GMT Długość listy pozycji: 9
Lista pozycji zwierząt: {(1, 0)=[<], (5, 6)=[<], (0, 1)=[<], (1, 6)=[◤], (0, 7)=[v], (7, 3)=[v, v], (8, 5)=[◣], (4, 2)=[<], (8, 6)=[◣]}
16 Jan 2025 22:53:13 GMT Zwierzę poruszyło się z (5, 2) na (4, 2)
16 Jan 2025 22:53:13 GMT Długość listy pozycji: 8
Lista pozycji zwierząt: {(1, 0)=[<, ◢], (5, 6)=[<], (1, 6)=[◤], (0, 7)=[v], (7, 3)=[v, v], (8, 5)=[◣], (4, 2)=[<], (8, 6)=[◣]}
16 Jan 2025 22:53:13 GMT Zwierzę poruszyło się z (0, 1) na (1, 0)
16 Jan 2025 22:53:13 GMT Długość listy pozycji: 9
Lista pozycji zwierząt: {(1, 0)=[<, ◢], (5, 6)=[<], (1, 6)=[◤], (0, 7)=[v], (7, 3)=[v], (6, 3)=[<], (8, 5)=[◣], (4, 2)=[<], (8, 6)=[◣]}
16 Jan 2025 22:53:13 GMT Zwierzę poruszyło się z (7, 3) na (6, 3)
16 Jan 2025 22:53:13 GMT Długość listy pozycji: 9
Lista pozycji zwierząt: {(1, 0)=[<, ◢], (5, 6)=[<], (1, 6)=[◤], (0, 6)=[v], (7, 3)=[v], (6, 3)=[<], (8, 5)=[◣], (4, 2)=[<], (8, 6)=[◣]}
16 Jan 2025 22:53:13 GMT Zwierzę poruszyło się z (0, 7) na (0, 6)
16 Jan 2025 22:53:13 GMT Zwierzę zjadło roślinkę na (1, 6)
16 Jan 2025 22:53:13 GMT Zwierzę zjadło roślinkę na (0, 6)
16 Jan 2025 22:53:13 GMT Zwierzę zjadło roślinkę na (6, 3)
16 Jan 2025 22:53:14 GMT Zwierze zostało położone na (1, 0)
16 Jan 2025 22:53:14 GMT Urodziło się nowe zwierzę na (1, 0)
16 Jan 2025 22:53:14 GMT Roślinka wyrosła na (2, 9)
16 Jan 2025 22:53:14 GMT Roślinka wyrosła na (1, 0)
16 Jan 2025 22:53:14 GMT Roślinka wyrosła na (3, 7)
16 Jan 2025 22:53:14 GMT Roślinka wyrosła na (8, 7)
16 Jan 2025 22:53:14 GMT Roślinka wyrosła na (4, 0)
16 Jan 2025 22:53:14 GMT Roślinka wyrosła na (9, 0)
16 Jan 2025 22:53:14 GMT Roślinka wyrosła na (8, 3)
16 Jan 2025 22:53:14 GMT Roślinka wyrosła na (3, 8)
16 Jan 2025 22:53:14 GMT Roślinka wyrosła na (7, 4)
16 Jan 2025 22:53:14 GMT Roślinka wyrosła na (5, 7)
16 Jan 2025 22:53:14 GMT Zwierzę umarło na (1, 0)
16 Jan 2025 22:53:14 GMT Długość listy pozycji: 9
Lista pozycji zwierząt: {(1, 0)=[v, ◢], (5, 6)=[<], (1, 7)=[^], (0, 6)=[v], (7, 3)=[v], (6, 3)=[<], (8, 5)=[◣], (4, 2)=[<], (8, 6)=[◣]}
16 Jan 2025 22:53:14 GMT Zwierzę poruszyło się z (1, 6) na (1, 7)
16 Jan 2025 22:53:14 GMT Długość listy pozycji: 9
Lista pozycji zwierząt: {(8, 7)=[^], (1, 0)=[v, ◢], (5, 6)=[<], (1, 7)=[^], (0, 6)=[v], (7, 3)=[v], (6, 3)=[<], (8, 5)=[◣], (4, 2)=[<]}
16 Jan 2025 22:53:14 GMT Zwierzę poruszyło się z (8, 6) na (8, 7)
16 Jan 2025 22:53:14 GMT Długość listy pozycji: 9
Lista pozycji zwierząt: {(8, 7)=[^], (1, 0)=[v, ◢], (5, 7)=[^], (1, 7)=[^], (0, 6)=[v], (7, 3)=[v], (6, 3)=[<], (8, 5)=[◣], (4, 2)=[<]}
16 Jan 2025 22:53:14 GMT Zwierzę poruszyło się z (5, 6) na (5, 7)
16 Jan 2025 22:53:14 GMT Długość listy pozycji: 9
Lista pozycji zwierząt: {(8, 7)=[^], (1, 0)=[v, ◢], (5, 7)=[^], (1, 7)=[^], (0, 6)=[v], (7, 4)=[^], (6, 3)=[<], (8, 5)=[◣], (4, 2)=[<]}
16 Jan 2025 22:53:14 GMT Zwierzę poruszyło się z (7, 3) na (7, 4)
16 Jan 2025 22:53:14 GMT Długość listy pozycji: 9
Lista pozycji zwierząt: {(8, 7)=[^], (1, 0)=[v, ◢], (5, 7)=[^], (1, 7)=[^], (0, 6)=[v], (7, 4)=[^], (6, 3)=[<], (8, 6)=[^], (4, 2)=[<]}
16 Jan 2025 22:53:14 GMT Zwierzę poruszyło się z (8, 5) na (8, 6)
16 Jan 2025 22:53:14 GMT Długość listy pozycji: 9
Lista pozycji zwierząt: {(4, 3)=[^], (8, 7)=[^], (1, 0)=[v, ◢], (5, 7)=[^], (1, 7)=[^], (0, 6)=[v], (7, 4)=[^], (6, 3)=[<], (8, 6)=[^]}
16 Jan 2025 22:53:14 GMT Zwierzę poruszyło się z (4, 2) na (4, 3)
16 Jan 2025 22:53:15 GMT Długość listy pozycji: 10
Lista pozycji zwierząt: {(4, 3)=[^], (8, 7)=[^], (1, 0)=[v], (1, 1)=[^], (5, 7)=[^], (1, 7)=[^], (0, 6)=[v], (7, 4)=[^], (6, 3)=[<], (8, 6)=[^]}
16 Jan 2025 22:53:15 GMT Zwierzę poruszyło się z (1, 0) na (1, 1)
16 Jan 2025 22:53:15 GMT Długość listy pozycji: 10
Lista pozycji zwierząt: {(4, 3)=[^], (8, 7)=[^], (1, 0)=[v], (1, 1)=[^], (5, 7)=[^], (1, 7)=[^], (0, 6)=[v], (7, 4)=[^], (6, 4)=[^], (8, 6)=[^]}
16 Jan 2025 22:53:15 GMT Zwierzę poruszyło się z (6, 3) na (6, 4)
16 Jan 2025 22:53:15 GMT Długość listy pozycji: 10
Lista pozycji zwierząt: {(4, 3)=[^], (8, 7)=[^], (1, 0)=[v], (1, 1)=[^], (5, 7)=[^], (0, 5)=[v], (1, 7)=[^], (7, 4)=[^], (6, 4)=[^], (8, 6)=[^]}
16 Jan 2025 22:53:15 GMT Zwierzę poruszyło się z (0, 6) na (0, 5)
16 Jan 2025 22:53:15 GMT Zwierzę zjadło roślinkę na (8, 7)
16 Jan 2025 22:53:15 GMT Zwierzę zjadło roślinkę na (1, 0)
16 Jan 2025 22:53:15 GMT Zwierzę zjadło roślinkę na (5, 7)
16 Jan 2025 22:53:15 GMT Zwierzę zjadło roślinkę na (0, 5)
16 Jan 2025 22:53:15 GMT Zwierzę zjadło roślinkę na (7, 4)
16 Jan 2025 22:53:15 GMT Roślinka wyrosła na (9, 4)
16 Jan 2025 22:53:15 GMT Roślinka wyrosła na (7, 8)
16 Jan 2025 22:53:15 GMT Roślinka wyrosła na (5, 3)
16 Jan 2025 22:53:15 GMT Roślinka wyrosła na (3, 1)
16 Jan 2025 22:53:15 GMT Roślinka wyrosła na (1, 9)
16 Jan 2025 22:53:15 GMT Roślinka wyrosła na (5, 2)
16 Jan 2025 22:53:15 GMT Roślinka wyrosła na (1, 3)
16 Jan 2025 22:53:15 GMT Roślinka wyrosła na (2, 2)
16 Jan 2025 22:53:15 GMT Roślinka wyrosła na (9, 1)
16 Jan 2025 22:53:15 GMT Roślinka wyrosła na (6, 0)
16 Jan 2025 22:53:15 GMT Długość listy pozycji: 10
Lista pozycji zwierząt: {(4, 3)=[^], (8, 7)=[^], (1, 0)=[v], (1, 1)=[^], (5, 7)=[^], (0, 5)=[v], (2, 8)=[◥], (7, 4)=[^], (6, 4)=[^], (8, 6)=[^]}
16 Jan 2025 22:53:15 GMT Zwierzę poruszyło się z (1, 7) na (2, 8)
16 Jan 2025 22:53:16 GMT Długość listy pozycji: 10
Lista pozycji zwierząt: {(4, 3)=[^], (1, 0)=[v], (1, 1)=[^], (5, 7)=[^], (0, 5)=[v], (2, 8)=[◥], (9, 6)=[◢], (7, 4)=[^], (6, 4)=[^], (8, 6)=[^]}
16 Jan 2025 22:53:16 GMT Zwierzę poruszyło się z (8, 7) na (9, 6)
16 Jan 2025 22:53:16 GMT Długość listy pozycji: 10
Lista pozycji zwierząt: {(4, 3)=[^], (1, 0)=[v], (1, 1)=[^], (6, 7)=[>], (0, 5)=[v], (2, 8)=[◥], (9, 6)=[◢], (7, 4)=[^], (6, 4)=[^], (8, 6)=[^]}
16 Jan 2025 22:53:16 GMT Zwierzę poruszyło się z (5, 7) na (6, 7)
16 Jan 2025 22:53:16 GMT Długość listy pozycji: 10
Lista pozycji zwierząt: {(4, 3)=[^], (1, 0)=[v], (1, 1)=[^], (6, 7)=[>], (0, 5)=[v], (2, 8)=[◥], (7, 3)=[v], (9, 6)=[◢], (6, 4)=[^], (8, 6)=[^]}
16 Jan 2025 22:53:16 GMT Zwierzę poruszyło się z (7, 4) na (7, 3)
16 Jan 2025 22:53:16 GMT Długość listy pozycji: 10
Lista pozycji zwierząt: {(4, 3)=[^], (1, 0)=[v], (1, 1)=[^], (6, 7)=[>], (0, 5)=[v], (2, 8)=[◥], (9, 5)=[◢], (7, 3)=[v], (9, 6)=[◢], (6, 4)=[^]}
16 Jan 2025 22:53:16 GMT Zwierzę poruszyło się z (8, 6) na (9, 5)
16 Jan 2025 22:53:16 GMT Długość listy pozycji: 10
Lista pozycji zwierząt: {(1, 0)=[v], (1, 1)=[^], (6, 7)=[>], (0, 5)=[v], (2, 8)=[◥], (9, 5)=[◢], (7, 3)=[v], (9, 6)=[◢], (5, 3)=[>], (6, 4)=[^]}
16 Jan 2025 22:53:16 GMT Zwierzę poruszyło się z (4, 3) na (5, 3)
16 Jan 2025 22:53:16 GMT Długość listy pozycji: 10
Lista pozycji zwierząt: {(1, 0)=[v], (0, 0)=[◣], (6, 7)=[>], (0, 5)=[v], (2, 8)=[◥], (9, 5)=[◢], (7, 3)=[v], (9, 6)=[◢], (5, 3)=[>], (6, 4)=[^]}
16 Jan 2025 22:53:16 GMT Zwierzę poruszyło się z (1, 1) na (0, 0)
16 Jan 2025 22:53:16 GMT Długość listy pozycji: 10
Lista pozycji zwierząt: {(1, 0)=[v], (0, 0)=[◣], (6, 7)=[>], (0, 5)=[v], (2, 8)=[◥], (9, 5)=[◢], (7, 3)=[v], (7, 4)=[>], (9, 6)=[◢], (5, 3)=[>]}
16 Jan 2025 22:53:16 GMT Zwierzę poruszyło się z (6, 4) na (7, 4)
16 Jan 2025 22:53:16 GMT Długość listy pozycji: 10
Lista pozycji zwierząt: {(1, 0)=[v], (0, 0)=[◣], (6, 7)=[>], (0, 4)=[v], (2, 8)=[◥], (9, 5)=[◢], (7, 3)=[v], (7, 4)=[>], (9, 6)=[◢], (5, 3)=[>]}
16 Jan 2025 22:53:16 GMT Zwierzę poruszyło się z (0, 5) na (0, 4)
16 Jan 2025 22:53:16 GMT Zwierzę zjadło roślinkę na (0, 4)
16 Jan 2025 22:53:16 GMT Zwierzę zjadło roślinkę na (5, 3)
16 Jan 2025 22:53:17 GMT Roślinka wyrosła na (4, 7)
16 Jan 2025 22:53:17 GMT Roślinka wyrosła na (1, 1)
16 Jan 2025 22:53:17 GMT Roślinka wyrosła na (3, 9)
16 Jan 2025 22:53:17 GMT Roślinka wyrosła na (0, 8)
16 Jan 2025 22:53:17 GMT Roślinka wyrosła na (4, 2)
16 Jan 2025 22:53:17 GMT Roślinka wyrosła na (4, 9)
16 Jan 2025 22:53:17 GMT Roślinka wyrosła na (6, 2)
16 Jan 2025 22:53:17 GMT Roślinka wyrosła na (5, 0)
16 Jan 2025 22:53:17 GMT Roślinka wyrosła na (5, 9)
16 Jan 2025 22:53:17 GMT Roślinka wyrosła na (6, 4)
16 Jan 2025 22:53:17 GMT Długość listy pozycji: 10
Lista pozycji zwierząt: {(1, 0)=[v], (0, 0)=[◣], (6, 7)=[>], (0, 4)=[v], (3, 8)=[>], (9, 5)=[◢], (7, 3)=[v], (7, 4)=[>], (9, 6)=[◢], (5, 3)=[>]}
16 Jan 2025 22:53:17 GMT Zwierzę poruszyło się z (2, 8) na (3, 8)
16 Jan 2025 22:53:17 GMT Długość listy pozycji: 10
Lista pozycji zwierząt: {(1, 0)=[v], (0, 0)=[◣], (6, 7)=[>], (0, 4)=[v], (3, 8)=[>], (9, 5)=[◢], (7, 3)=[v], (7, 4)=[>], (8, 6)=[<], (5, 3)=[>]}
16 Jan 2025 22:53:17 GMT Zwierzę poruszyło się z (9, 6) na (8, 6)
16 Jan 2025 22:53:17 GMT Długość listy pozycji: 10
Lista pozycji zwierząt: {(1, 0)=[v], (6, 6)=[v], (0, 0)=[◣], (0, 4)=[v], (3, 8)=[>], (9, 5)=[◢], (7, 3)=[v], (7, 4)=[>], (8, 6)=[<], (5, 3)=[>]}
16 Jan 2025 22:53:17 GMT Zwierzę poruszyło się z (6, 7) na (6, 6)
16 Jan 2025 22:53:17 GMT Długość listy pozycji: 9
Lista pozycji zwierząt: {(1, 0)=[v], (6, 6)=[v], (0, 0)=[◣], (0, 4)=[v], (3, 8)=[>], (9, 5)=[◢], (7, 4)=[>, ^], (8, 6)=[<], (5, 3)=[>]}
16 Jan 2025 22:53:17 GMT Zwierzę poruszyło się z (7, 3) na (7, 4)
16 Jan 2025 22:53:17 GMT Długość listy pozycji: 9
Lista pozycji zwierząt: {(1, 0)=[v], (6, 6)=[v], (0, 0)=[◣], (0, 4)=[v], (3, 8)=[>], (8, 5)=[<], (7, 4)=[>, ^], (8, 6)=[<], (5, 3)=[>]}
16 Jan 2025 22:53:17 GMT Zwierzę poruszyło się z (9, 5) na (8, 5)
16 Jan 2025 22:53:17 GMT Długość listy pozycji: 9
Lista pozycji zwierząt: {(1, 0)=[v], (6, 6)=[v], (0, 0)=[◣], (0, 4)=[v], (3, 8)=[>], (5, 2)=[v], (8, 5)=[<], (7, 4)=[>, ^], (8, 6)=[<]}
16 Jan 2025 22:53:17 GMT Zwierzę poruszyło się z (5, 3) na (5, 2)
16 Jan 2025 22:53:18 GMT Długość listy pozycji: 8
Lista pozycji zwierząt: {(1, 0)=[v, >], (6, 6)=[v], (0, 4)=[v], (3, 8)=[>], (5, 2)=[v], (8, 5)=[<], (7, 4)=[>, ^], (8, 6)=[<]}
16 Jan 2025 22:53:18 GMT Zwierzę poruszyło się z (0, 0) na (1, 0)
16 Jan 2025 22:53:18 GMT Długość listy pozycji: 9
Lista pozycji zwierząt: {(1, 0)=[v, >], (6, 6)=[v], (0, 4)=[v], (3, 8)=[>], (7, 3)=[v], (5, 2)=[v], (8, 5)=[<], (7, 4)=[^], (8, 6)=[<]}
16 Jan 2025 22:53:18 GMT Zwierzę poruszyło się z (7, 4) na (7, 3)
16 Jan 2025 22:53:18 GMT Długość listy pozycji: 9
Lista pozycji zwierząt: {(1, 0)=[v, >], (6, 6)=[v], (0, 3)=[v], (3, 8)=[>], (7, 3)=[v], (5, 2)=[v], (8, 5)=[<], (7, 4)=[^], (8, 6)=[<]}
16 Jan 2025 22:53:18 GMT Zwierzę poruszyło się z (0, 4) na (0, 3)
16 Jan 2025 22:53:18 GMT Zwierzę zjadło roślinkę na (0, 3)
16 Jan 2025 22:53:18 GMT Zwierzę zjadło roślinkę na (3, 8)
16 Jan 2025 22:53:18 GMT Zwierzę zjadło roślinkę na (5, 2)
16 Jan 2025 22:53:18 GMT Zwierze zostało położone na (1, 0)
16 Jan 2025 22:53:18 GMT Urodziło się nowe zwierzę na (1, 0)
16 Jan 2025 22:53:18 GMT Roślinka wyrosła na (3, 4)
16 Jan 2025 22:53:18 GMT Roślinka wyrosła na (2, 8)
16 Jan 2025 22:53:18 GMT Roślinka wyrosła na (0, 0)
16 Jan 2025 22:53:18 GMT Roślinka wyrosła na (1, 7)
16 Jan 2025 22:53:18 GMT Roślinka wyrosła na (8, 0)
16 Jan 2025 22:53:18 GMT Roślinka wyrosła na (6, 8)
16 Jan 2025 22:53:18 GMT Roślinka wyrosła na (1, 2)
16 Jan 2025 22:53:18 GMT Roślinka wyrosła na (1, 4)
16 Jan 2025 22:53:18 GMT Roślinka wyrosła na (7, 2)
16 Jan 2025 22:53:18 GMT Roślinka wyrosła na (8, 8)
16 Jan 2025 22:53:18 GMT Długość listy pozycji: 9
Lista pozycji zwierząt: {(1, 0)=[◥, v, >], (6, 6)=[v], (4, 7)=[◢], (0, 3)=[v], (7, 3)=[v], (5, 2)=[v], (8, 5)=[<], (7, 4)=[^], (8, 6)=[<]}
16 Jan 2025 22:53:18 GMT Zwierzę poruszyło się z (3, 8) na (4, 7)
16 Jan 2025 22:53:19 GMT Długość listy pozycji: 9
Lista pozycji zwierząt: {(1, 0)=[◥, v, >], (6, 6)=[v], (4, 7)=[◢], (0, 3)=[v], (7, 3)=[v], (5, 2)=[v], (8, 5)=[<], (7, 4)=[^], (9, 7)=[◥]}
16 Jan 2025 22:53:19 GMT Zwierzę poruszyło się z (8, 6) na (9, 7)
16 Jan 2025 22:53:19 GMT Długość listy pozycji: 9
Lista pozycji zwierząt: {(1, 0)=[◥, v, >], (5, 6)=[<], (4, 7)=[◢], (0, 3)=[v], (7, 3)=[v], (5, 2)=[v], (8, 5)=[<], (7, 4)=[^], (9, 7)=[◥]}
16 Jan 2025 22:53:19 GMT Zwierzę poruszyło się z (6, 6) na (5, 6)
16 Jan 2025 22:53:19 GMT Długość listy pozycji: 8
Lista pozycji zwierząt: {(1, 0)=[◥, v, >], (5, 6)=[<], (4, 7)=[◢], (0, 3)=[v], (7, 3)=[v, v], (5, 2)=[v], (8, 5)=[<], (9, 7)=[◥]}
16 Jan 2025 22:53:19 GMT Zwierzę poruszyło się z (7, 4) na (7, 3)
16 Jan 2025 22:53:19 GMT Długość listy pozycji: 8
Lista pozycji zwierząt: {(1, 0)=[◥, v, >], (5, 6)=[<], (4, 7)=[◢], (0, 3)=[v], (7, 3)=[v, v], (9, 6)=[◥], (5, 2)=[v], (9, 7)=[◥]}
16 Jan 2025 22:53:19 GMT Zwierzę poruszyło się z (8, 5) na (9, 6)
16 Jan 2025 22:53:19 GMT Długość listy pozycji: 8
Lista pozycji zwierząt: {(1, 0)=[◥, v, >], (5, 6)=[<], (4, 7)=[◢], (0, 3)=[v], (7, 3)=[v, v], (9, 6)=[◥], (4, 2)=[<], (9, 7)=[◥]}
16 Jan 2025 22:53:19 GMT Zwierzę poruszyło się z (5, 2) na (4, 2)
16 Jan 2025 22:53:19 GMT Długość listy pozycji: 9
Lista pozycji zwierząt: {(1, 0)=[◥, v], (0, 1)=[◤], (5, 6)=[<], (4, 7)=[◢], (0, 3)=[v], (7, 3)=[v, v], (9, 6)=[◥], (4, 2)=[<], (9, 7)=[◥]}
16 Jan 2025 22:53:19 GMT Zwierzę poruszyło się z (1, 0) na (0, 1)
16 Jan 2025 22:53:19 GMT Długość listy pozycji: 10
Lista pozycji zwierząt: {(1, 0)=[◥, v], (0, 1)=[◤], (5, 6)=[<], (4, 7)=[◢], (0, 3)=[v], (7, 3)=[v], (6, 3)=[<], (9, 6)=[◥], (4, 2)=[<], (9, 7)=[◥]}
16 Jan 2025 22:53:19 GMT Zwierzę poruszyło się z (7, 3) na (6, 3)
16 Jan 2025 22:53:19 GMT Długość listy pozycji: 10
Lista pozycji zwierząt: {(1, 0)=[◥, v], (0, 1)=[◤], (5, 6)=[<], (0, 2)=[v], (4, 7)=[◢], (7, 3)=[v], (6, 3)=[<], (9, 6)=[◥], (4, 2)=[<], (9, 7)=[◥]}
16 Jan 2025 22:53:19 GMT Zwierzę poruszyło się z (0, 3) na (0, 2)
16 Jan 2025 22:53:19 GMT Zwierzę zjadło roślinkę na (0, 1)
16 Jan 2025 22:53:19 GMT Zwierzę zjadło roślinkę na (0, 2)
16 Jan 2025 22:53:19 GMT Zwierzę zjadło roślinkę na (4, 7)
16 Jan 2025 22:53:19 GMT Zwierzę zjadło roślinkę na (4, 2)
16 Jan 2025 22:53:20 GMT Zwierze zostało położone na (1, 0)
16 Jan 2025 22:53:20 GMT Urodziło się nowe zwierzę na (1, 0)
16 Jan 2025 22:53:20 GMT Roślinka wyrosła na null
16 Jan 2025 22:53:20 GMT Roślinka wyrosła na null
16 Jan 2025 22:53:20 GMT Roślinka wyrosła na null
16 Jan 2025 22:53:20 GMT Roślinka wyrosła na null
16 Jan 2025 22:53:20 GMT Roślinka wyrosła na null
16 Jan 2025 22:53:20 GMT Roślinka wyrosła na null
16 Jan 2025 22:53:20 GMT Roślinka wyrosła na null
16 Jan 2025 22:53:20 GMT Roślinka wyrosła na null
16 Jan 2025 22:53:20 GMT Roślinka wyrosła na null
16 Jan 2025 22:53:20 GMT Roślinka wyrosła na null
16 Jan 2025 22:53:20 GMT Długość listy pozycji: 10
Lista pozycji zwierząt: {(1, 0)=[>, ◥, v], (0, 1)=[◤], (5, 6)=[<], (4, 6)=[v], (0, 2)=[v], (7, 3)=[v], (6, 3)=[<], (9, 6)=[◥], (4, 2)=[<], (9, 7)=[◥]}
16 Jan 2025 22:53:20 GMT Zwierzę poruszyło się z (4, 7) na (4, 6)
16 Jan 2025 22:53:20 GMT Długość listy pozycji: 9
Lista pozycji zwierząt: {(1, 0)=[>, ◥, v], (0, 1)=[◤], (5, 6)=[<], (4, 6)=[v], (0, 2)=[v], (7, 3)=[v], (6, 3)=[<], (9, 6)=[◥, v], (4, 2)=[<]}
16 Jan 2025 22:53:20 GMT Zwierzę poruszyło się z (9, 7) na (9, 6)
16 Jan 2025 22:53:20 GMT Długość listy pozycji: 9
Lista pozycji zwierząt: {(1, 0)=[>, ◥, v], (0, 1)=[◤], (5, 7)=[^], (4, 6)=[v], (0, 2)=[v], (7, 3)=[v], (6, 3)=[<], (9, 6)=[◥, v], (4, 2)=[<]}
16 Jan 2025 22:53:20 GMT Zwierzę poruszyło się z (5, 6) na (5, 7)
16 Jan 2025 22:53:20 GMT Długość listy pozycji: 9
Lista pozycji zwierząt: {(1, 0)=[>, ◥, v], (0, 1)=[◤], (5, 7)=[^], (4, 6)=[v], (0, 2)=[v], (7, 4)=[^], (6, 3)=[<], (9, 6)=[◥, v], (4, 2)=[<]}
16 Jan 2025 22:53:20 GMT Zwierzę poruszyło się z (7, 3) na (7, 4)
16 Jan 2025 22:53:20 GMT Długość listy pozycji: 10
Lista pozycji zwierząt: {(1, 0)=[>, ◥, v], (0, 1)=[◤], (5, 7)=[^], (4, 6)=[v], (0, 2)=[v], (9, 5)=[v], (7, 4)=[^], (6, 3)=[<], (9, 6)=[v], (4, 2)=[<]}
16 Jan 2025 22:53:20 GMT Zwierzę poruszyło się z (9, 6) na (9, 5)
16 Jan 2025 22:53:21 GMT Długość listy pozycji: 10
Lista pozycji zwierząt: {(4, 3)=[^], (1, 0)=[>, ◥, v], (0, 1)=[◤], (5, 7)=[^], (4, 6)=[v], (0, 2)=[v], (9, 5)=[v], (7, 4)=[^], (6, 3)=[<], (9, 6)=[v]}
16 Jan 2025 22:53:21 GMT Zwierzę poruszyło się z (4, 2) na (4, 3)
16 Jan 2025 22:53:21 GMT Długość listy pozycji: 10
Lista pozycji zwierząt: {(4, 3)=[^], (1, 0)=[>, ◥, v], (0, 0)=[v], (5, 7)=[^], (4, 6)=[v], (0, 2)=[v], (9, 5)=[v], (7, 4)=[^], (6, 3)=[<], (9, 6)=[v]}
16 Jan 2025 22:53:21 GMT Zwierzę poruszyło się z (0, 1) na (0, 0)
16 Jan 2025 22:53:21 GMT Długość listy pozycji: 10
Lista pozycji zwierząt: {(4, 3)=[^], (1, 0)=[>, ◥, v], (0, 0)=[v], (5, 7)=[^], (4, 6)=[v], (0, 2)=[v], (9, 5)=[v], (7, 4)=[^], (9, 6)=[v], (6, 4)=[^]}
16 Jan 2025 22:53:21 GMT Zwierzę poruszyło się z (6, 3) na (6, 4)
16 Jan 2025 22:53:21 GMT Długość listy pozycji: 10
Lista pozycji zwierząt: {(4, 3)=[^], (1, 0)=[>, ◥, v], (0, 0)=[v], (0, 1)=[v], (5, 7)=[^], (4, 6)=[v], (9, 5)=[v], (7, 4)=[^], (9, 6)=[v], (6, 4)=[^]}
16 Jan 2025 22:53:21 GMT Zwierzę poruszyło się z (0, 2) na (0, 1)
16 Jan 2025 22:53:21 GMT Zwierzę zjadło roślinkę na (0, 0)
16 Jan 2025 22:53:21 GMT Zwierzę zjadło roślinkę na (6, 4)
16 Jan 2025 22:53:21 GMT Zwierze zostało położone na (1, 0)
16 Jan 2025 22:53:21 GMT Urodziło się nowe zwierzę na (1, 0)
16 Jan 2025 22:53:21 GMT Roślinka wyrosła na null
16 Jan 2025 22:53:21 GMT Roślinka wyrosła na null
16 Jan 2025 22:53:21 GMT Roślinka wyrosła na null
16 Jan 2025 22:53:21 GMT Roślinka wyrosła na null
16 Jan 2025 22:53:21 GMT Roślinka wyrosła na null
16 Jan 2025 22:53:21 GMT Roślinka wyrosła na null
16 Jan 2025 22:53:21 GMT Roślinka wyrosła na null
16 Jan 2025 22:53:21 GMT Roślinka wyrosła na null
16 Jan 2025 22:53:21 GMT Roślinka wyrosła na null
16 Jan 2025 22:53:21 GMT Roślinka wyrosła na null
16 Jan 2025 22:53:22 GMT Długość listy pozycji: 10
Lista pozycji zwierząt: {(4, 3)=[^], (1, 0)=[v, >, ◥, v], (0, 0)=[v], (0, 1)=[v], (3, 5)=[◣], (5, 7)=[^], (9, 5)=[v], (7, 4)=[^], (9, 6)=[v], (6, 4)=[^]}
16 Jan 2025 22:53:22 GMT Zwierzę poruszyło się z (4, 6) na (3, 5)
16 Jan 2025 22:53:22 GMT Długość listy pozycji: 10
Lista pozycji zwierząt: {(8, 7)=[◤], (4, 3)=[^], (1, 0)=[v, >, ◥, v], (0, 0)=[v], (0, 1)=[v], (3, 5)=[◣], (5, 7)=[^], (9, 5)=[v], (7, 4)=[^], (6, 4)=[^]}
16 Jan 2025 22:53:22 GMT Zwierzę poruszyło się z (9, 6) na (8, 7)
16 Jan 2025 22:53:22 GMT Długość listy pozycji: 10
Lista pozycji zwierząt: {(8, 7)=[◤], (4, 3)=[^], (1, 0)=[v, >, ◥, v], (0, 0)=[v], (6, 7)=[>], (0, 1)=[v], (3, 5)=[◣], (9, 5)=[v], (7, 4)=[^], (6, 4)=[^]}
16 Jan 2025 22:53:22 GMT Zwierzę poruszyło się z (5, 7) na (6, 7)
16 Jan 2025 22:53:22 GMT Długość listy pozycji: 10
Lista pozycji zwierząt: {(8, 7)=[◤], (4, 3)=[^], (1, 0)=[v, >, ◥, v], (0, 0)=[v], (6, 7)=[>], (0, 1)=[v], (3, 5)=[◣], (7, 3)=[v], (9, 5)=[v], (6, 4)=[^]}
16 Jan 2025 22:53:22 GMT Zwierzę poruszyło się z (7, 4) na (7, 3)
16 Jan 2025 22:53:22 GMT Długość listy pozycji: 10
Lista pozycji zwierząt: {(8, 7)=[◤], (4, 3)=[^], (1, 0)=[v, >, ◥, v], (0, 0)=[v], (6, 7)=[>], (0, 1)=[v], (3, 5)=[◣], (7, 3)=[v], (8, 6)=[◤], (6, 4)=[^]}
16 Jan 2025 22:53:22 GMT Zwierzę poruszyło się z (9, 5) na (8, 6)
16 Jan 2025 22:53:22 GMT Długość listy pozycji: 10
Lista pozycji zwierząt: {(8, 7)=[◤], (1, 0)=[v, >, ◥, v], (0, 0)=[v], (6, 7)=[>], (0, 1)=[v], (3, 5)=[◣], (7, 3)=[v], (5, 3)=[>], (8, 6)=[◤], (6, 4)=[^]}
16 Jan 2025 22:53:22 GMT Zwierzę poruszyło się z (4, 3) na (5, 3)
16 Jan 2025 22:53:22 GMT Długość listy pozycji: 10
Lista pozycji zwierząt: {(8, 7)=[◤], (1, 0)=[v, >, ◥, v], (1, 1)=[◥], (6, 7)=[>], (0, 1)=[v], (3, 5)=[◣], (7, 3)=[v], (5, 3)=[>], (8, 6)=[◤], (6, 4)=[^]}
16 Jan 2025 22:53:22 GMT Zwierzę poruszyło się z (0, 0) na (1, 1)
16 Jan 2025 22:53:22 GMT Długość listy pozycji: 10
Lista pozycji zwierząt: {(8, 7)=[◤], (1, 0)=[v, >, ◥, v], (1, 1)=[◥], (6, 7)=[>], (0, 1)=[v], (3, 5)=[◣], (7, 3)=[v], (7, 4)=[>], (5, 3)=[>], (8, 6)=[◤]}
16 Jan 2025 22:53:22 GMT Zwierzę poruszyło się z (6, 4) na (7, 4)
16 Jan 2025 22:53:23 GMT Długość listy pozycji: 10
Lista pozycji zwierząt: {(8, 7)=[◤], (1, 0)=[v, >, ◥, v], (0, 0)=[v], (1, 1)=[◥], (6, 7)=[>], (3, 5)=[◣], (7, 3)=[v], (7, 4)=[>], (5, 3)=[>], (8, 6)=[◤]}
16 Jan 2025 22:53:23 GMT Zwierzę poruszyło się z (0, 1) na (0, 0)
16 Jan 2025 22:53:23 GMT Zwierzę zjadło roślinkę na (1, 1)
16 Jan 2025 22:53:23 GMT Zwierze zostało położone na (1, 0)
16 Jan 2025 22:53:23 GMT Urodziło się nowe zwierzę na (1, 0)
16 Jan 2025 22:53:23 GMT Roślinka wyrosła na null
16 Jan 2025 22:53:23 GMT Roślinka wyrosła na null
16 Jan 2025 22:53:23 GMT Roślinka wyrosła na null
16 Jan 2025 22:53:23 GMT Roślinka wyrosła na null
16 Jan 2025 22:53:23 GMT Roślinka wyrosła na null
16 Jan 2025 22:53:23 GMT Roślinka wyrosła na null
16 Jan 2025 22:53:23 GMT Roślinka wyrosła na null
16 Jan 2025 22:53:23 GMT Roślinka wyrosła na null
16 Jan 2025 22:53:23 GMT Roślinka wyrosła na null
16 Jan 2025 22:53:23 GMT Roślinka wyrosła na null
16 Jan 2025 22:53:23 GMT Długość listy pozycji: 10
Lista pozycji zwierząt: {(8, 7)=[◤], (1, 0)=[>, v, >, ◥, v], (0, 0)=[v], (1, 1)=[◥], (6, 7)=[>], (2, 5)=[<], (7, 3)=[v], (7, 4)=[>], (5, 3)=[>], (8, 6)=[◤]}
16 Jan 2025 22:53:23 GMT Zwierzę poruszyło się z (3, 5) na (2, 5)
16 Jan 2025 22:53:24 GMT Długość listy pozycji: 10
Lista pozycji zwierząt: {(1, 0)=[>, v, >, ◥, v], (0, 0)=[v], (1, 1)=[◥], (6, 7)=[>], (2, 5)=[<], (7, 3)=[v], (7, 4)=[>], (9, 7)=[>], (5, 3)=[>], (8, 6)=[◤]}
16 Jan 2025 22:53:24 GMT Zwierzę poruszyło się z (8, 7) na (9, 7)
16 Jan 2025 22:53:24 GMT Długość listy pozycji: 10
Lista pozycji zwierząt: {(1, 0)=[>, v, >, ◥, v], (6, 6)=[v], (0, 0)=[v], (1, 1)=[◥], (2, 5)=[<], (7, 3)=[v], (7, 4)=[>], (9, 7)=[>], (5, 3)=[>], (8, 6)=[◤]}
16 Jan 2025 22:53:24 GMT Zwierzę poruszyło się z (6, 7) na (6, 6)
16 Jan 2025 22:53:24 GMT Długość listy pozycji: 9
Lista pozycji zwierząt: {(1, 0)=[>, v, >, ◥, v], (6, 6)=[v], (0, 0)=[v], (1, 1)=[◥], (2, 5)=[<], (7, 4)=[>, ^], (9, 7)=[>], (5, 3)=[>], (8, 6)=[◤]}
16 Jan 2025 22:53:24 GMT Zwierzę poruszyło się z (7, 3) na (7, 4)
16 Jan 2025 22:53:24 GMT Długość listy pozycji: 9
Lista pozycji zwierząt: {(1, 0)=[>, v, >, ◥, v], (6, 6)=[v], (0, 0)=[v], (1, 1)=[◥], (2, 5)=[<], (9, 6)=[>], (7, 4)=[>, ^], (9, 7)=[>], (5, 3)=[>]}
16 Jan 2025 22:53:24 GMT Zwierzę poruszyło się z (8, 6) na (9, 6)
16 Jan 2025 22:53:24 GMT Długość listy pozycji: 9
Lista pozycji zwierząt: {(1, 0)=[>, v, >, ◥, v], (6, 6)=[v], (0, 0)=[v], (1, 1)=[◥], (2, 5)=[<], (5, 2)=[v], (9, 6)=[>], (7, 4)=[>, ^], (9, 7)=[>]}
16 Jan 2025 22:53:24 GMT Zwierzę poruszyło się z (5, 3) na (5, 2)
16 Jan 2025 22:53:24 GMT Długość listy pozycji: 9
Lista pozycji zwierząt: {(1, 0)=[>, v, >, ◥, v], (6, 6)=[v], (0, 0)=[v], (0, 1)=[<], (2, 5)=[<], (5, 2)=[v], (9, 6)=[>], (7, 4)=[>, ^], (9, 7)=[>]}
16 Jan 2025 22:53:24 GMT Zwierzę poruszyło się z (1, 1) na (0, 1)
16 Jan 2025 22:53:24 GMT Długość listy pozycji: 10
Lista pozycji zwierząt: {(1, 0)=[>, v, >, ◥, v], (6, 6)=[v], (0, 0)=[v], (0, 1)=[<], (2, 5)=[<], (7, 3)=[v], (5, 2)=[v], (9, 6)=[>], (7, 4)=[^], (9, 7)=[>]}
16 Jan 2025 22:53:24 GMT Zwierzę poruszyło się z (7, 4) na (7, 3)
16 Jan 2025 22:53:24 GMT Długość listy pozycji: 10
Lista pozycji zwierząt: {(1, 0)=[>, v, >, ◥, v], (6, 6)=[v], (0, 0)=[^], (0, 1)=[<], (2, 5)=[<], (7, 3)=[v], (5, 2)=[v], (9, 6)=[>], (7, 4)=[^], (9, 7)=[>]}
16 Jan 2025 22:53:24 GMT Zwierzę poruszyło się z (0, 0) na (0, 0)
16 Jan 2025 22:53:25 GMT Zwierze zostało położone na (1, 0)
16 Jan 2025 22:53:25 GMT Urodziło się nowe zwierzę na (1, 0)
16 Jan 2025 22:53:25 GMT Roślinka wyrosła na null
16 Jan 2025 22:53:25 GMT Roślinka wyrosła na null
16 Jan 2025 22:53:25 GMT Roślinka wyrosła na null
16 Jan 2025 22:53:25 GMT Roślinka wyrosła na null
16 Jan 2025 22:53:25 GMT Roślinka wyrosła na null
16 Jan 2025 22:53:25 GMT Roślinka wyrosła na null
16 Jan 2025 22:53:25 GMT Roślinka wyrosła na null
16 Jan 2025 22:53:25 GMT Roślinka wyrosła na null
16 Jan 2025 22:53:25 GMT Roślinka wyrosła na null
16 Jan 2025 22:53:25 GMT Roślinka wyrosła na null
16 Jan 2025 22:53:25 GMT Długość listy pozycji: 10
Lista pozycji zwierząt: {(1, 0)=[◢, >, v, >, ◥, v], (6, 6)=[v], (0, 0)=[^], (0, 1)=[<], (1, 6)=[◤], (7, 3)=[v], (5, 2)=[v], (9, 6)=[>], (7, 4)=[^], (9, 7)=[>]}
16 Jan 2025 22:53:25 GMT Zwierzę poruszyło się z (2, 5) na (1, 6)
16 Jan 2025 22:53:25 GMT Długość listy pozycji: 10
Lista pozycji zwierząt: {(1, 0)=[◢, >, v, >, ◥, v], (6, 6)=[v], (0, 0)=[^], (0, 1)=[<], (1, 6)=[◤], (7, 3)=[v], (5, 2)=[v], (9, 6)=[>], (7, 4)=[^], (8, 6)=[◣]}
16 Jan 2025 22:53:25 GMT Zwierzę poruszyło się z (9, 7) na (8, 6)
16 Jan 2025 22:53:25 GMT Długość listy pozycji: 10
Lista pozycji zwierząt: {(1, 0)=[◢, >, v, >, ◥, v], (0, 0)=[^], (5, 6)=[<], (0, 1)=[<], (1, 6)=[◤], (7, 3)=[v], (5, 2)=[v], (9, 6)=[>], (7, 4)=[^], (8, 6)=[◣]}
16 Jan 2025 22:53:25 GMT Zwierzę poruszyło się z (6, 6) na (5, 6)
16 Jan 2025 22:53:25 GMT Długość listy pozycji: 9
Lista pozycji zwierząt: {(1, 0)=[◢, >, v, >, ◥, v], (0, 0)=[^], (5, 6)=[<], (0, 1)=[<], (1, 6)=[◤], (7, 3)=[v, v], (5, 2)=[v], (9, 6)=[>], (8, 6)=[◣]}
16 Jan 2025 22:53:25 GMT Zwierzę poruszyło się z (7, 4) na (7, 3)
16 Jan 2025 22:53:25 GMT Długość listy pozycji: 9
Lista pozycji zwierząt: {(1, 0)=[◢, >, v, >, ◥, v], (0, 0)=[^], (5, 6)=[<], (0, 1)=[<], (1, 6)=[◤], (7, 3)=[v, v], (8, 5)=[◣], (5, 2)=[v], (8, 6)=[◣]}
16 Jan 2025 22:53:25 GMT Zwierzę poruszyło się z (9, 6) na (8, 5)
16 Jan 2025 22:53:25 GMT Długość listy pozycji: 9
Lista pozycji zwierząt: {(1, 0)=[◢, >, v, >, ◥, v], (0, 0)=[^], (5, 6)=[<], (0, 1)=[<], (1, 6)=[◤], (7, 3)=[v, v], (8, 5)=[◣], (4, 2)=[<], (8, 6)=[◣]}
16 Jan 2025 22:53:25 GMT Zwierzę poruszyło się z (5, 2) na (4, 2)
16 Jan 2025 22:53:26 GMT Długość listy pozycji: 8
Lista pozycji zwierząt: {(1, 0)=[◢, ◢, >, v, >, ◥, v], (0, 0)=[^], (5, 6)=[<], (1, 6)=[◤], (7, 3)=[v, v], (8, 5)=[◣], (4, 2)=[<], (8, 6)=[◣]}
16 Jan 2025 22:53:26 GMT Zwierzę poruszyło się z (0, 1) na (1, 0)
16 Jan 2025 22:53:26 GMT Długość listy pozycji: 9
Lista pozycji zwierząt: {(1, 0)=[◢, ◢, >, v, >, ◥, v], (0, 0)=[^], (5, 6)=[<], (1, 6)=[◤], (7, 3)=[v], (6, 3)=[<], (8, 5)=[◣], (4, 2)=[<], (8, 6)=[◣]}
16 Jan 2025 22:53:26 GMT Zwierzę poruszyło się z (7, 3) na (6, 3)
16 Jan 2025 22:53:26 GMT Długość listy pozycji: 9
Lista pozycji zwierząt: {(1, 0)=[◢, ◢, >, v, >, ◥, v], (0, 1)=[^], (5, 6)=[<], (1, 6)=[◤], (7, 3)=[v], (6, 3)=[<], (8, 5)=[◣], (4, 2)=[<], (8, 6)=[◣]}
16 Jan 2025 22:53:26 GMT Zwierzę poruszyło się z (0, 0) na (0, 1)
16 Jan 2025 22:53:26 GMT Zwierze zostało położone na (1, 0)
16 Jan 2025 22:53:26 GMT Urodziło się nowe zwierzę na (1, 0)
16 Jan 2025 22:53:26 GMT Roślinka wyrosła na null
16 Jan 2025 22:53:26 GMT Roślinka wyrosła na null
16 Jan 2025 22:53:26 GMT Roślinka wyrosła na null
16 Jan 2025 22:53:26 GMT Roślinka wyrosła na null
16 Jan 2025 22:53:26 GMT Roślinka wyrosła na null
16 Jan 2025 22:53:26 GMT Roślinka wyrosła na null
16 Jan 2025 22:53:26 GMT Roślinka wyrosła na null
16 Jan 2025 22:53:26 GMT Roślinka wyrosła na null
16 Jan 2025 22:53:26 GMT Roślinka wyrosła na null
16 Jan 2025 22:53:26 GMT Roślinka wyrosła na null
16 Jan 2025 22:53:27 GMT Długość listy pozycji: 9
Lista pozycji zwierząt: {(1, 0)=[◢, ◢, >, >, v, >, ◥, v], (0, 1)=[^], (5, 6)=[<], (1, 7)=[^], (7, 3)=[v], (6, 3)=[<], (8, 5)=[◣], (4, 2)=[<], (8, 6)=[◣]}
16 Jan 2025 22:53:27 GMT Zwierzę poruszyło się z (1, 6) na (1, 7)
16 Jan 2025 22:53:27 GMT Długość listy pozycji: 9
Lista pozycji zwierząt: {(8, 7)=[^], (1, 0)=[◢, ◢, >, >, v, >, ◥, v], (0, 1)=[^], (5, 6)=[<], (1, 7)=[^], (7, 3)=[v], (6, 3)=[<], (8, 5)=[◣], (4, 2)=[<]}
16 Jan 2025 22:53:27 GMT Zwierzę poruszyło się z (8, 6) na (8, 7)
16 Jan 2025 22:53:27 GMT Długość listy pozycji: 9
Lista pozycji zwierząt: {(8, 7)=[^], (1, 0)=[◢, ◢, >, >, v, >, ◥, v], (0, 1)=[^], (5, 7)=[^], (1, 7)=[^], (7, 3)=[v], (6, 3)=[<], (8, 5)=[◣], (4, 2)=[<]}
16 Jan 2025 22:53:27 GMT Zwierzę poruszyło się z (5, 6) na (5, 7)
16 Jan 2025 22:53:27 GMT Długość listy pozycji: 9
Lista pozycji zwierząt: {(8, 7)=[^], (1, 0)=[◢, ◢, >, >, v, >, ◥, v], (0, 1)=[^], (5, 7)=[^], (1, 7)=[^], (7, 4)=[^], (6, 3)=[<], (8, 5)=[◣], (4, 2)=[<]}
16 Jan 2025 22:53:27 GMT Zwierzę poruszyło się z (7, 3) na (7, 4)
16 Jan 2025 22:53:27 GMT Długość listy pozycji: 9
Lista pozycji zwierząt: {(8, 7)=[^], (1, 0)=[◢, ◢, >, >, v, >, ◥, v], (0, 1)=[^], (5, 7)=[^], (1, 7)=[^], (7, 4)=[^], (6, 3)=[<], (8, 6)=[^], (4, 2)=[<]}
16 Jan 2025 22:53:27 GMT Zwierzę poruszyło się z (8, 5) na (8, 6)
16 Jan 2025 22:53:27 GMT Długość listy pozycji: 9
Lista pozycji zwierząt: {(4, 3)=[^], (8, 7)=[^], (1, 0)=[◢, ◢, >, >, v, >, ◥, v], (0, 1)=[^], (5, 7)=[^], (1, 7)=[^], (7, 4)=[^], (6, 3)=[<], (8, 6)=[^]}
16 Jan 2025 22:53:27 GMT Zwierzę poruszyło się z (4, 2) na (4, 3)
16 Jan 2025 22:53:27 GMT Długość listy pozycji: 10
Lista pozycji zwierząt: {(4, 3)=[^], (8, 7)=[^], (1, 0)=[^, ◢, >, >, v, >, ◥, v], (1, 1)=[^], (0, 1)=[^], (5, 7)=[^], (1, 7)=[^], (7, 4)=[^], (6, 3)=[<], (8, 6)=[^]}
16 Jan 2025 22:53:27 GMT Zwierzę poruszyło się z (1, 0) na (1, 1)
16 Jan 2025 22:53:27 GMT Długość listy pozycji: 10
Lista pozycji zwierząt: {(4, 3)=[^], (8, 7)=[^], (1, 0)=[^, ◢, >, >, v, >, ◥, v], (1, 1)=[^], (0, 1)=[^], (5, 7)=[^], (1, 7)=[^], (7, 4)=[^], (6, 4)=[^], (8, 6)=[^]}
16 Jan 2025 22:53:27 GMT Zwierzę poruszyło się z (6, 3) na (6, 4)
16 Jan 2025 22:53:27 GMT Długość listy pozycji: 10
Lista pozycji zwierząt: {(4, 3)=[^], (8, 7)=[^], (1, 0)=[^, ◢, >, >, v, >, ◥, v], (1, 1)=[^], (0, 2)=[^], (5, 7)=[^], (1, 7)=[^], (7, 4)=[^], (6, 4)=[^], (8, 6)=[^]}
16 Jan 2025 22:53:27 GMT Zwierzę poruszyło się z (0, 1) na (0, 2)
16 Jan 2025 22:53:28 GMT Zwierzę zjadło roślinkę na (1, 7)
