19 Jan 2025 01:23:36 GMT Zwierze zostało położone na (6, 2)
19 Jan 2025 01:23:37 GMT Zwierze zostało położone na (0, 0)
19 Jan 2025 01:23:37 GMT Zwierze zostało położone na (1, 3)
19 Jan 2025 01:23:37 GMT Zwierze zostało położone na (3, 3)
19 Jan 2025 01:23:37 GMT Zwierze zostało położone na (8, 3)
19 Jan 2025 01:23:37 GMT Zwierze zostało położone na (9, 2)
19 Jan 2025 01:23:37 GMT Zwierze zostało położone na (7, 3)
19 Jan 2025 01:23:37 GMT Zwierze zostało położone na (6, 4)
19 Jan 2025 01:23:37 GMT Zwierze zostało położone na (7, 8)
19 Jan 2025 01:23:37 GMT Zwierze zostało położone na (9, 2)
19 Jan 2025 01:23:37 GMT Długość listy pozycji: 9
Lista pozycji zwierząt: {(3, 3)=[◥], (0, 0)=[^], (7, 8)=[◣], (1, 3)=[◣], (9, 2)=[◥, ◤], (8, 3)=[◥], (7, 3)=[>], (6, 2)=[v], (6, 4)=[◥]}
19 Jan 2025 01:23:37 GMT Zwierzę poruszyło się z (6, 2) na (6, 2)
19 Jan 2025 01:23:37 GMT Długość listy pozycji: 9
Lista pozycji zwierząt: {(3, 3)=[◥], (0, 0)=[^], (7, 8)=[◣], (1, 3)=[◣], (9, 2)=[◥, ◤], (8, 3)=[◥], (7, 3)=[>], (6, 2)=[v], (6, 4)=[◥]}
19 Jan 2025 01:23:37 GMT Zwierzę poruszyło się z (0, 0) na (0, 0)
19 Jan 2025 01:23:37 GMT Długość listy pozycji: 9
Lista pozycji zwierząt: {(3, 3)=[◥], (0, 0)=[^], (7, 8)=[◣], (1, 3)=[>], (9, 2)=[◥, ◤], (8, 3)=[◥], (7, 3)=[>], (6, 2)=[v], (6, 4)=[◥]}
19 Jan 2025 01:23:37 GMT Zwierzę poruszyło się z (1, 3) na (1, 3)
19 Jan 2025 01:23:38 GMT Długość listy pozycji: 9
Lista pozycji zwierząt: {(3, 3)=[>], (0, 0)=[^], (7, 8)=[◣], (1, 3)=[>], (9, 2)=[◥, ◤], (8, 3)=[◥], (7, 3)=[>], (6, 2)=[v], (6, 4)=[◥]}
19 Jan 2025 01:23:38 GMT Zwierzę poruszyło się z (3, 3) na (3, 3)
19 Jan 2025 01:23:38 GMT Długość listy pozycji: 9
Lista pozycji zwierząt: {(3, 3)=[>], (0, 0)=[^], (7, 8)=[◣], (1, 3)=[>], (9, 2)=[◥, ◤], (8, 3)=[>], (7, 3)=[>], (6, 2)=[v], (6, 4)=[◥]}
19 Jan 2025 01:23:38 GMT Zwierzę poruszyło się z (8, 3) na (8, 3)
19 Jan 2025 01:23:38 GMT Długość listy pozycji: 10
Lista pozycji zwierząt: {(3, 3)=[>], (0, 0)=[^], (7, 8)=[◣], (0, 2)=[>], (1, 3)=[>], (9, 2)=[◤], (8, 3)=[>], (7, 3)=[>], (6, 2)=[v], (6, 4)=[◥]}
19 Jan 2025 01:23:38 GMT Zwierzę poruszyło się z (9, 2) na (0, 2)
19 Jan 2025 01:23:38 GMT Długość listy pozycji: 10
Lista pozycji zwierząt: {(3, 3)=[>], (0, 0)=[^], (7, 8)=[◣], (0, 2)=[>], (1, 3)=[>], (9, 2)=[◤], (8, 3)=[>], (7, 3)=[v], (6, 2)=[v], (6, 4)=[◥]}
19 Jan 2025 01:23:38 GMT Zwierzę poruszyło się z (7, 3) na (7, 3)
19 Jan 2025 01:23:38 GMT Długość listy pozycji: 10
Lista pozycji zwierząt: {(3, 3)=[>], (0, 0)=[^], (7, 8)=[◣], (0, 2)=[>], (1, 3)=[>], (9, 2)=[◤], (8, 3)=[>], (7, 3)=[v], (6, 2)=[v], (6, 4)=[>]}
19 Jan 2025 01:23:38 GMT Zwierzę poruszyło się z (6, 4) na (6, 4)
19 Jan 2025 01:23:38 GMT Długość listy pozycji: 10
Lista pozycji zwierząt: {(3, 3)=[>], (0, 0)=[^], (7, 8)=[>], (0, 2)=[>], (1, 3)=[>], (9, 2)=[◤], (8, 3)=[>], (7, 3)=[v], (6, 2)=[v], (6, 4)=[>]}
19 Jan 2025 01:23:38 GMT Zwierzę poruszyło się z (7, 8) na (7, 8)
19 Jan 2025 01:23:38 GMT Długość listy pozycji: 10
Lista pozycji zwierząt: {(3, 3)=[>], (0, 0)=[^], (7, 8)=[>], (0, 2)=[>], (1, 3)=[>], (9, 2)=[<], (8, 3)=[>], (7, 3)=[v], (6, 2)=[v], (6, 4)=[>]}
19 Jan 2025 01:23:38 GMT Zwierzę poruszyło się z (9, 2) na (9, 2)
19 Jan 2025 01:23:38 GMT Roślinka wyrosła na (1, 6)
19 Jan 2025 01:23:38 GMT Roślinka wyrosła na (4, 8)
19 Jan 2025 01:23:38 GMT Roślinka wyrosła na (2, 6)
19 Jan 2025 01:23:38 GMT Roślinka wyrosła na (4, 6)
19 Jan 2025 01:23:38 GMT Roślinka wyrosła na (2, 5)
19 Jan 2025 01:23:38 GMT Roślinka wyrosła na (6, 7)
19 Jan 2025 01:23:38 GMT Roślinka wyrosła na (5, 6)
19 Jan 2025 01:23:38 GMT Roślinka wyrosła na (3, 6)
19 Jan 2025 01:23:38 GMT Roślinka wyrosła na (4, 5)
19 Jan 2025 01:23:38 GMT Roślinka wyrosła na (3, 5)
19 Jan 2025 01:23:39 GMT Długość listy pozycji: 10
Lista pozycji zwierząt: {(3, 3)=[>], (0, 0)=[^], (7, 8)=[>], (0, 2)=[>], (1, 3)=[>], (9, 2)=[<], (8, 3)=[>], (7, 3)=[v], (6, 2)=[◣], (6, 4)=[>]}
19 Jan 2025 01:23:39 GMT Zwierzę poruszyło się z (6, 2) na (6, 2)
19 Jan 2025 01:23:39 GMT Długość listy pozycji: 10
Lista pozycji zwierząt: {(3, 3)=[>], (0, 0)=[◥], (7, 8)=[>], (0, 2)=[>], (1, 3)=[>], (9, 2)=[<], (8, 3)=[>], (7, 3)=[v], (6, 2)=[◣], (6, 4)=[>]}
19 Jan 2025 01:23:39 GMT Zwierzę poruszyło się z (0, 0) na (0, 0)
19 Jan 2025 01:23:39 GMT Długość listy pozycji: 10
Lista pozycji zwierząt: {(3, 3)=[>], (0, 0)=[◥], (7, 8)=[>], (0, 2)=[>], (1, 3)=[>], (9, 2)=[<], (8, 3)=[>], (7, 3)=[v], (6, 2)=[◣], (6, 4)=[>]}
19 Jan 2025 01:23:39 GMT Zwierzę poruszyło się z (1, 3) na (1, 3)
19 Jan 2025 01:23:39 GMT Długość listy pozycji: 10
Lista pozycji zwierząt: {(3, 3)=[◤], (0, 0)=[◥], (7, 8)=[>], (0, 2)=[>], (1, 3)=[>], (9, 2)=[<], (8, 3)=[>], (7, 3)=[v], (6, 2)=[◣], (6, 4)=[>]}
19 Jan 2025 01:23:39 GMT Zwierzę poruszyło się z (3, 3) na (3, 3)
19 Jan 2025 01:23:39 GMT Długość listy pozycji: 10
Lista pozycji zwierząt: {(3, 3)=[◤], (0, 0)=[◥], (7, 8)=[>], (0, 2)=[>], (1, 3)=[>], (9, 2)=[<], (8, 3)=[◤], (7, 3)=[v], (6, 2)=[◣], (6, 4)=[>]}
19 Jan 2025 01:23:39 GMT Zwierzę poruszyło się z (8, 3) na (8, 3)
19 Jan 2025 01:23:39 GMT Długość listy pozycji: 10
Lista pozycji zwierząt: {(3, 3)=[◤], (0, 0)=[◥], (7, 8)=[>], (0, 2)=[^], (1, 3)=[>], (9, 2)=[<], (8, 3)=[◤], (7, 3)=[v], (6, 2)=[◣], (6, 4)=[>]}
19 Jan 2025 01:23:39 GMT Zwierzę poruszyło się z (0, 2) na (0, 2)
19 Jan 2025 01:23:39 GMT Długość listy pozycji: 10
Lista pozycji zwierząt: {(3, 3)=[◤], (0, 0)=[◥], (7, 8)=[>], (0, 2)=[^], (1, 3)=[>], (9, 2)=[<], (8, 3)=[◤], (7, 3)=[◢], (6, 2)=[◣], (6, 4)=[>]}
19 Jan 2025 01:23:39 GMT Zwierzę poruszyło się z (7, 3) na (7, 3)
19 Jan 2025 01:23:39 GMT Długość listy pozycji: 10
Lista pozycji zwierząt: {(3, 3)=[◤], (0, 0)=[◥], (7, 8)=[>], (0, 2)=[^], (1, 3)=[>], (9, 2)=[<], (8, 3)=[◤], (7, 3)=[◢], (6, 2)=[◣], (6, 4)=[<]}
19 Jan 2025 01:23:39 GMT Zwierzę poruszyło się z (6, 4) na (6, 4)
19 Jan 2025 01:23:40 GMT Długość listy pozycji: 10
Lista pozycji zwierząt: {(3, 3)=[◤], (0, 0)=[◥], (7, 8)=[◤], (0, 2)=[^], (1, 3)=[>], (9, 2)=[<], (8, 3)=[◤], (7, 3)=[◢], (6, 2)=[◣], (6, 4)=[<]}
19 Jan 2025 01:23:40 GMT Zwierzę poruszyło się z (7, 8) na (7, 8)
19 Jan 2025 01:23:40 GMT Długość listy pozycji: 10
Lista pozycji zwierząt: {(3, 3)=[◤], (0, 0)=[◥], (7, 8)=[◤], (0, 2)=[^], (1, 3)=[>], (9, 2)=[^], (8, 3)=[◤], (7, 3)=[◢], (6, 2)=[◣], (6, 4)=[<]}
19 Jan 2025 01:23:40 GMT Zwierzę poruszyło się z (9, 2) na (9, 2)
19 Jan 2025 01:23:40 GMT Roślinka wyrosła na (7, 5)
19 Jan 2025 01:23:40 GMT Roślinka wyrosła na (8, 5)
19 Jan 2025 01:23:40 GMT Roślinka wyrosła na (8, 6)
19 Jan 2025 01:23:40 GMT Roślinka wyrosła na (5, 8)
19 Jan 2025 01:23:40 GMT Roślinka wyrosła na (2, 3)
19 Jan 2025 01:23:40 GMT Roślinka wyrosła na (0, 8)
19 Jan 2025 01:23:40 GMT Roślinka wyrosła na (1, 8)
19 Jan 2025 01:23:40 GMT Roślinka wyrosła na (0, 1)
19 Jan 2025 01:23:40 GMT Roślinka wyrosła na (4, 9)
19 Jan 2025 01:23:40 GMT Roślinka wyrosła na (0, 4)
19 Jan 2025 01:23:40 GMT Długość listy pozycji: 10
Lista pozycji zwierząt: {(3, 3)=[◤], (0, 0)=[◥], (7, 8)=[◤], (0, 2)=[^], (1, 3)=[>], (9, 2)=[^], (8, 3)=[◤], (7, 3)=[◢], (6, 2)=[>], (6, 4)=[<]}
19 Jan 2025 01:23:40 GMT Zwierzę poruszyło się z (6, 2) na (6, 2)
19 Jan 2025 01:23:40 GMT Długość listy pozycji: 10
Lista pozycji zwierząt: {(3, 3)=[◤], (7, 8)=[◤], (0, 2)=[^], (1, 3)=[>], (9, 1)=[◤], (9, 2)=[^], (8, 3)=[◤], (7, 3)=[◢], (6, 2)=[>], (6, 4)=[<]}
19 Jan 2025 01:23:40 GMT Zwierzę poruszyło się z (0, 0) na (9, 1)
19 Jan 2025 01:23:40 GMT Długość listy pozycji: 10
Lista pozycji zwierząt: {(3, 3)=[◤], (7, 8)=[◤], (0, 2)=[^], (1, 3)=[◤], (9, 1)=[◤], (9, 2)=[^], (8, 3)=[◤], (7, 3)=[◢], (6, 2)=[>], (6, 4)=[<]}
19 Jan 2025 01:23:40 GMT Zwierzę poruszyło się z (1, 3) na (1, 3)
19 Jan 2025 01:23:41 GMT Długość listy pozycji: 10
Lista pozycji zwierząt: {(3, 3)=[◢], (7, 8)=[◤], (0, 2)=[^], (1, 3)=[◤], (9, 1)=[◤], (9, 2)=[^], (8, 3)=[◤], (7, 3)=[◢], (6, 2)=[>], (6, 4)=[<]}
19 Jan 2025 01:23:41 GMT Zwierzę poruszyło się z (3, 3) na (3, 3)
19 Jan 2025 01:23:41 GMT Długość listy pozycji: 10
Lista pozycji zwierząt: {(3, 3)=[◢], (7, 8)=[◤], (0, 2)=[^], (1, 3)=[◤], (9, 1)=[◤], (9, 2)=[^], (8, 3)=[◢], (7, 3)=[◢], (6, 2)=[>], (6, 4)=[<]}
19 Jan 2025 01:23:41 GMT Zwierzę poruszyło się z (8, 3) na (8, 3)
19 Jan 2025 01:23:41 GMT Długość listy pozycji: 9
Lista pozycji zwierząt: {(3, 3)=[◢], (7, 8)=[◤], (1, 3)=[◤], (9, 1)=[◤, ◣], (9, 2)=[^], (8, 3)=[◢], (7, 3)=[◢], (6, 2)=[>], (6, 4)=[<]}
19 Jan 2025 01:23:41 GMT Zwierzę poruszyło się z (0, 2) na (9, 1)
19 Jan 2025 01:23:41 GMT Długość listy pozycji: 9
Lista pozycji zwierząt: {(3, 3)=[◢], (7, 8)=[◤], (1, 3)=[◤], (9, 1)=[◤, ◣], (9, 2)=[^], (8, 3)=[◢], (7, 3)=[<], (6, 2)=[>], (6, 4)=[<]}
19 Jan 2025 01:23:41 GMT Zwierzę poruszyło się z (7, 3) na (7, 3)
19 Jan 2025 01:23:41 GMT Długość listy pozycji: 9
Lista pozycji zwierząt: {(3, 3)=[◢], (7, 8)=[◤], (1, 3)=[◤], (9, 1)=[◤, ◣], (9, 2)=[^], (8, 3)=[◢], (7, 3)=[<], (6, 2)=[>], (6, 4)=[v]}
19 Jan 2025 01:23:41 GMT Zwierzę poruszyło się z (6, 4) na (6, 4)
19 Jan 2025 01:23:41 GMT Długość listy pozycji: 9
Lista pozycji zwierząt: {(3, 3)=[◢], (7, 8)=[>], (1, 3)=[◤], (9, 1)=[◤, ◣], (9, 2)=[^], (8, 3)=[◢], (7, 3)=[<], (6, 2)=[>], (6, 4)=[v]}
19 Jan 2025 01:23:41 GMT Zwierzę poruszyło się z (7, 8) na (7, 8)
19 Jan 2025 01:23:41 GMT Długość listy pozycji: 9
Lista pozycji zwierząt: {(3, 3)=[◢], (7, 8)=[>], (1, 3)=[◤], (9, 1)=[◤, ◣], (9, 2)=[v], (8, 3)=[◢], (7, 3)=[<], (6, 2)=[>], (6, 4)=[v]}
19 Jan 2025 01:23:41 GMT Zwierzę poruszyło się z (9, 2) na (9, 2)
19 Jan 2025 01:23:41 GMT Zwierze zostało położone na (9, 1)
19 Jan 2025 01:23:41 GMT Urodziło się nowe zwierzę na (9, 1)
19 Jan 2025 01:23:42 GMT Roślinka wyrosła na (9, 9)
19 Jan 2025 01:23:42 GMT Roślinka wyrosła na (6, 1)
19 Jan 2025 01:23:42 GMT Roślinka wyrosła na (1, 1)
19 Jan 2025 01:23:42 GMT Roślinka wyrosła na (8, 9)
19 Jan 2025 01:23:42 GMT Roślinka wyrosła na (2, 8)
19 Jan 2025 01:23:42 GMT Roślinka wyrosła na (3, 0)
19 Jan 2025 01:23:42 GMT Roślinka wyrosła na (6, 8)
19 Jan 2025 01:23:42 GMT Roślinka wyrosła na (3, 8)
19 Jan 2025 01:23:42 GMT Roślinka wyrosła na (9, 4)
19 Jan 2025 01:23:42 GMT Roślinka wyrosła na (0, 0)
19 Jan 2025 01:23:42 GMT Zwierzę umarło na (9, 1)
19 Jan 2025 01:23:42 GMT Długość listy pozycji: 9
Lista pozycji zwierząt: {(3, 3)=[◢], (7, 8)=[>], (1, 3)=[◤], (9, 1)=[◣, ◣], (9, 2)=[v], (8, 3)=[◢], (7, 3)=[<], (6, 2)=[<], (6, 4)=[v]}
19 Jan 2025 01:23:42 GMT Zwierzę poruszyło się z (6, 2) na (6, 2)
19 Jan 2025 01:23:42 GMT Długość listy pozycji: 9
Lista pozycji zwierząt: {(3, 3)=[◢], (7, 8)=[>], (1, 3)=[v], (9, 1)=[◣, ◣], (9, 2)=[v], (8, 3)=[◢], (7, 3)=[<], (6, 2)=[<], (6, 4)=[v]}
19 Jan 2025 01:23:42 GMT Zwierzę poruszyło się z (1, 3) na (1, 3)
19 Jan 2025 01:23:42 GMT Długość listy pozycji: 9
Lista pozycji zwierząt: {(3, 3)=[v], (7, 8)=[>], (1, 3)=[v], (9, 1)=[◣, ◣], (9, 2)=[v], (8, 3)=[◢], (7, 3)=[<], (6, 2)=[<], (6, 4)=[v]}
19 Jan 2025 01:23:42 GMT Zwierzę poruszyło się z (3, 3) na (3, 3)
19 Jan 2025 01:23:42 GMT Długość listy pozycji: 9
Lista pozycji zwierząt: {(3, 3)=[v], (7, 8)=[>], (1, 3)=[v], (9, 1)=[◣, ◣], (9, 2)=[v], (8, 3)=[◤], (7, 3)=[<], (6, 2)=[<], (6, 4)=[v]}
19 Jan 2025 01:23:42 GMT Zwierzę poruszyło się z (8, 3) na (8, 3)
19 Jan 2025 01:23:42 GMT Długość listy pozycji: 10
Lista pozycji zwierząt: {(3, 3)=[v], (0, 1)=[>], (7, 8)=[>], (1, 3)=[v], (9, 1)=[◣], (9, 2)=[v], (8, 3)=[◤], (7, 3)=[<], (6, 2)=[<], (6, 4)=[v]}
19 Jan 2025 01:23:42 GMT Zwierzę poruszyło się z (9, 1) na (0, 1)
19 Jan 2025 01:23:42 GMT Długość listy pozycji: 10
Lista pozycji zwierząt: {(3, 3)=[v], (0, 1)=[>], (7, 8)=[>], (1, 3)=[v], (9, 1)=[◣], (9, 2)=[v], (8, 3)=[◤], (7, 3)=[<], (6, 2)=[<], (6, 4)=[v]}
19 Jan 2025 01:23:42 GMT Zwierzę poruszyło się z (7, 3) na (7, 3)
19 Jan 2025 01:23:42 GMT Długość listy pozycji: 10
Lista pozycji zwierząt: {(3, 3)=[v], (0, 1)=[>], (7, 8)=[>], (1, 3)=[v], (9, 1)=[◣], (9, 2)=[v], (8, 3)=[◤], (7, 3)=[<], (6, 2)=[<], (6, 4)=[◣]}
19 Jan 2025 01:23:42 GMT Zwierzę poruszyło się z (6, 4) na (6, 4)
19 Jan 2025 01:23:43 GMT Długość listy pozycji: 10
Lista pozycji zwierząt: {(3, 3)=[v], (0, 1)=[>], (7, 8)=[◥], (1, 3)=[v], (9, 1)=[◣], (9, 2)=[v], (8, 3)=[◤], (7, 3)=[<], (6, 2)=[<], (6, 4)=[◣]}
19 Jan 2025 01:23:43 GMT Zwierzę poruszyło się z (7, 8) na (7, 8)
19 Jan 2025 01:23:43 GMT Długość listy pozycji: 10
Lista pozycji zwierząt: {(3, 3)=[v], (0, 1)=[>], (7, 8)=[◥], (1, 3)=[v], (9, 1)=[◣], (9, 2)=[<], (8, 3)=[◤], (7, 3)=[<], (6, 2)=[<], (6, 4)=[◣]}
19 Jan 2025 01:23:43 GMT Zwierzę poruszyło się z (9, 2) na (9, 2)
19 Jan 2025 01:23:43 GMT Zwierzę zjadło roślinkę na (0, 1)
19 Jan 2025 01:23:43 GMT Roślinka wyrosła na (5, 2)
19 Jan 2025 01:23:43 GMT Roślinka wyrosła na (7, 1)
19 Jan 2025 01:23:43 GMT Roślinka wyrosła na (5, 1)
19 Jan 2025 01:23:43 GMT Roślinka wyrosła na (1, 0)
19 Jan 2025 01:23:43 GMT Roślinka wyrosła na (8, 8)
19 Jan 2025 01:23:43 GMT Roślinka wyrosła na (2, 7)
19 Jan 2025 01:23:43 GMT Roślinka wyrosła na (8, 2)
19 Jan 2025 01:23:43 GMT Roślinka wyrosła na (4, 2)
19 Jan 2025 01:23:43 GMT Roślinka wyrosła na (2, 2)
19 Jan 2025 01:23:43 GMT Roślinka wyrosła na (0, 9)
19 Jan 2025 01:23:43 GMT Długość listy pozycji: 10
Lista pozycji zwierząt: {(3, 3)=[v], (0, 1)=[>], (7, 8)=[◥], (1, 3)=[v], (9, 1)=[◣], (9, 2)=[<], (8, 3)=[◤], (7, 3)=[<], (6, 2)=[v], (6, 4)=[◣]}
19 Jan 2025 01:23:43 GMT Zwierzę poruszyło się z (6, 2) na (6, 2)
19 Jan 2025 01:23:43 GMT Długość listy pozycji: 10
Lista pozycji zwierząt: {(3, 3)=[v], (0, 1)=[>], (7, 8)=[◥], (1, 3)=[◥], (9, 1)=[◣], (9, 2)=[<], (8, 3)=[◤], (7, 3)=[<], (6, 2)=[v], (6, 4)=[◣]}
19 Jan 2025 01:23:43 GMT Zwierzę poruszyło się z (1, 3) na (1, 3)
19 Jan 2025 01:23:43 GMT Długość listy pozycji: 10
Lista pozycji zwierząt: {(3, 3)=[◤], (0, 1)=[>], (7, 8)=[◥], (1, 3)=[◥], (9, 1)=[◣], (9, 2)=[<], (8, 3)=[◤], (7, 3)=[<], (6, 2)=[v], (6, 4)=[◣]}
19 Jan 2025 01:23:43 GMT Zwierzę poruszyło się z (3, 3) na (3, 3)
19 Jan 2025 01:23:44 GMT Długość listy pozycji: 10
Lista pozycji zwierząt: {(3, 3)=[◤], (0, 1)=[>], (7, 8)=[◥], (1, 3)=[◥], (9, 1)=[◣], (9, 2)=[<], (8, 3)=[>], (7, 3)=[<], (6, 2)=[v], (6, 4)=[◣]}
19 Jan 2025 01:23:44 GMT Zwierzę poruszyło się z (8, 3) na (8, 3)
19 Jan 2025 01:23:44 GMT Długość listy pozycji: 9
Lista pozycji zwierząt: {(3, 3)=[◤], (7, 8)=[◥], (1, 3)=[◥], (9, 1)=[◣, <], (9, 2)=[<], (8, 3)=[>], (7, 3)=[<], (6, 2)=[v], (6, 4)=[◣]}
19 Jan 2025 01:23:44 GMT Zwierzę poruszyło się z (0, 1) na (9, 1)
19 Jan 2025 01:23:44 GMT Długość listy pozycji: 9
Lista pozycji zwierząt: {(3, 3)=[◤], (7, 8)=[◥], (1, 3)=[◥], (9, 1)=[◣, <], (9, 2)=[<], (8, 3)=[>], (7, 3)=[^], (6, 2)=[v], (6, 4)=[◣]}
19 Jan 2025 01:23:44 GMT Zwierzę poruszyło się z (7, 3) na (7, 3)
19 Jan 2025 01:23:44 GMT Długość listy pozycji: 9
Lista pozycji zwierząt: {(3, 3)=[◤], (7, 8)=[◥], (1, 3)=[◥], (9, 1)=[◣, <], (9, 2)=[<], (8, 3)=[>], (7, 3)=[^], (6, 2)=[v], (6, 4)=[◥]}
19 Jan 2025 01:23:44 GMT Zwierzę poruszyło się z (6, 4) na (6, 4)
19 Jan 2025 01:23:44 GMT Długość listy pozycji: 9
Lista pozycji zwierząt: {(3, 3)=[◤], (7, 8)=[>], (1, 3)=[◥], (9, 1)=[◣, <], (9, 2)=[<], (8, 3)=[>], (7, 3)=[^], (6, 2)=[v], (6, 4)=[◥]}
19 Jan 2025 01:23:44 GMT Zwierzę poruszyło się z (7, 8) na (7, 8)
19 Jan 2025 01:23:44 GMT Długość listy pozycji: 9
Lista pozycji zwierząt: {(3, 3)=[◤], (7, 8)=[>], (0, 2)=[>], (1, 3)=[◥], (9, 1)=[◣, <], (8, 3)=[>], (7, 3)=[^], (6, 2)=[v], (6, 4)=[◥]}
19 Jan 2025 01:23:44 GMT Zwierzę poruszyło się z (9, 2) na (0, 2)
19 Jan 2025 01:23:44 GMT Zwierze zostało położone na (9, 1)
19 Jan 2025 01:23:44 GMT Urodziło się nowe zwierzę na (9, 1)
19 Jan 2025 01:23:44 GMT Roślinka wyrosła na (1, 7)
19 Jan 2025 01:23:44 GMT Roślinka wyrosła na (4, 1)
19 Jan 2025 01:23:44 GMT Roślinka wyrosła na (4, 0)
19 Jan 2025 01:23:44 GMT Roślinka wyrosła na (8, 7)
19 Jan 2025 01:23:44 GMT Roślinka wyrosła na (3, 1)
19 Jan 2025 01:23:44 GMT Roślinka wyrosła na (9, 2)
19 Jan 2025 01:23:44 GMT Roślinka wyrosła na (6, 4)
19 Jan 2025 01:23:44 GMT Roślinka wyrosła na (3, 2)
19 Jan 2025 01:23:44 GMT Roślinka wyrosła na (9, 3)
19 Jan 2025 01:23:44 GMT Roślinka wyrosła na (8, 1)
19 Jan 2025 01:23:45 GMT Długość listy pozycji: 9
Lista pozycji zwierząt: {(3, 3)=[◤], (7, 8)=[>], (0, 2)=[>], (1, 3)=[◥], (9, 1)=[◣, ◣, <], (8, 3)=[>], (7, 3)=[^], (6, 2)=[<], (6, 4)=[◥]}
19 Jan 2025 01:23:45 GMT Zwierzę poruszyło się z (6, 2) na (6, 2)
19 Jan 2025 01:23:45 GMT Długość listy pozycji: 9
Lista pozycji zwierząt: {(3, 3)=[◤], (7, 8)=[>], (0, 2)=[>], (1, 3)=[◢], (9, 1)=[◣, ◣, <], (8, 3)=[>], (7, 3)=[^], (6, 2)=[<], (6, 4)=[◥]}
19 Jan 2025 01:23:45 GMT Zwierzę poruszyło się z (1, 3) na (1, 3)
19 Jan 2025 01:23:45 GMT Długość listy pozycji: 9
Lista pozycji zwierząt: {(3, 3)=[◢], (7, 8)=[>], (0, 2)=[>], (1, 3)=[◢], (9, 1)=[◣, ◣, <], (8, 3)=[>], (7, 3)=[^], (6, 2)=[<], (6, 4)=[◥]}
19 Jan 2025 01:23:45 GMT Zwierzę poruszyło się z (3, 3) na (3, 3)
19 Jan 2025 01:23:45 GMT Długość listy pozycji: 9
Lista pozycji zwierząt: {(3, 3)=[◢], (7, 8)=[>], (0, 2)=[>], (1, 3)=[◢], (9, 1)=[◣, ◣, <], (8, 3)=[◣], (7, 3)=[^], (6, 2)=[<], (6, 4)=[◥]}
19 Jan 2025 01:23:45 GMT Zwierzę poruszyło się z (8, 3) na (8, 3)
19 Jan 2025 01:23:45 GMT Długość listy pozycji: 10
Lista pozycji zwierząt: {(3, 3)=[◢], (0, 1)=[>], (7, 8)=[>], (0, 2)=[>], (1, 3)=[◢], (9, 1)=[◣, ◣, >], (8, 3)=[◣], (7, 3)=[^], (6, 2)=[<], (6, 4)=[◥]}
19 Jan 2025 01:23:45 GMT Zwierzę poruszyło się z (9, 1) na (0, 1)
19 Jan 2025 01:23:45 GMT Długość listy pozycji: 10
Lista pozycji zwierząt: {(3, 3)=[◢], (0, 1)=[>], (7, 8)=[>], (0, 2)=[>], (1, 3)=[◢], (9, 1)=[◣, ◣, >], (8, 3)=[◣], (7, 3)=[◣], (6, 2)=[<], (6, 4)=[◥]}
19 Jan 2025 01:23:45 GMT Zwierzę poruszyło się z (7, 3) na (7, 3)
19 Jan 2025 01:23:45 GMT Długość listy pozycji: 10
Lista pozycji zwierząt: {(3, 3)=[◢], (0, 1)=[>], (7, 8)=[>], (0, 2)=[>], (1, 3)=[◢], (9, 1)=[◣, ◣, >], (8, 3)=[◣], (7, 3)=[◣], (6, 2)=[<], (6, 4)=[<]}
19 Jan 2025 01:23:45 GMT Zwierzę poruszyło się z (6, 4) na (6, 4)
19 Jan 2025 01:23:45 GMT Długość listy pozycji: 10
Lista pozycji zwierząt: {(3, 3)=[◢], (0, 1)=[>], (7, 8)=[◣], (0, 2)=[>], (1, 3)=[◢], (9, 1)=[◣, ◣, >], (8, 3)=[◣], (7, 3)=[◣], (6, 2)=[<], (6, 4)=[<]}
19 Jan 2025 01:23:45 GMT Zwierzę poruszyło się z (7, 8) na (7, 8)
19 Jan 2025 01:23:46 GMT Długość listy pozycji: 10
Lista pozycji zwierząt: {(3, 3)=[◢], (0, 1)=[>], (7, 8)=[◣], (0, 2)=[>], (1, 3)=[◢], (9, 1)=[◣, ◣, >], (8, 3)=[◣], (7, 3)=[◣], (6, 2)=[<], (6, 4)=[<]}
19 Jan 2025 01:23:46 GMT Zwierzę poruszyło się z (0, 2) na (0, 2)
19 Jan 2025 01:23:46 GMT Zwierzę zjadło roślinkę na (6, 4)
19 Jan 2025 01:23:46 GMT Zwierze zostało położone na (9, 1)
19 Jan 2025 01:23:46 GMT Urodziło się nowe zwierzę na (9, 1)
19 Jan 2025 01:23:46 GMT Roślinka wyrosła na (2, 0)
19 Jan 2025 01:23:46 GMT Roślinka wyrosła na (1, 9)
19 Jan 2025 01:23:46 GMT Roślinka wyrosła na (5, 3)
19 Jan 2025 01:23:46 GMT Roślinka wyrosła na (5, 9)
19 Jan 2025 01:23:46 GMT Roślinka wyrosła na (3, 3)
19 Jan 2025 01:23:46 GMT Roślinka wyrosła na (1, 4)
19 Jan 2025 01:23:46 GMT Roślinka wyrosła na (7, 0)
19 Jan 2025 01:23:46 GMT Roślinka wyrosła na (9, 1)
19 Jan 2025 01:23:46 GMT Roślinka wyrosła na (8, 4)
19 Jan 2025 01:23:46 GMT Roślinka wyrosła na (7, 8)
19 Jan 2025 01:23:46 GMT Długość listy pozycji: 10
Lista pozycji zwierząt: {(3, 3)=[◢], (0, 1)=[>], (7, 8)=[◣], (0, 2)=[>], (1, 3)=[◢], (9, 1)=[◥, ◣, ◣, >], (8, 3)=[◣], (7, 3)=[◣], (6, 2)=[◥], (6, 4)=[<]}
19 Jan 2025 01:23:46 GMT Zwierzę poruszyło się z (6, 2) na (6, 2)
19 Jan 2025 01:23:46 GMT Długość listy pozycji: 10
Lista pozycji zwierząt: {(3, 3)=[◢], (0, 1)=[>], (7, 8)=[◣], (0, 2)=[>], (1, 3)=[◤], (9, 1)=[◥, ◣, ◣, >], (8, 3)=[◣], (7, 3)=[◣], (6, 2)=[◥], (6, 4)=[<]}
19 Jan 2025 01:23:46 GMT Zwierzę poruszyło się z (1, 3) na (1, 3)
19 Jan 2025 01:23:46 GMT Długość listy pozycji: 10
Lista pozycji zwierząt: {(3, 3)=[^], (0, 1)=[>], (7, 8)=[◣], (0, 2)=[>], (1, 3)=[◤], (9, 1)=[◥, ◣, ◣, >], (8, 3)=[◣], (7, 3)=[◣], (6, 2)=[◥], (6, 4)=[<]}
19 Jan 2025 01:23:46 GMT Zwierzę poruszyło się z (3, 3) na (3, 3)
19 Jan 2025 01:23:46 GMT Długość listy pozycji: 10
Lista pozycji zwierząt: {(3, 3)=[^], (0, 1)=[>], (7, 8)=[◣], (0, 2)=[>], (1, 3)=[◤], (9, 1)=[◥, ◣, ◣, >], (8, 3)=[<], (7, 3)=[◣], (6, 2)=[◥], (6, 4)=[<]}
19 Jan 2025 01:23:46 GMT Zwierzę poruszyło się z (8, 3) na (8, 3)
19 Jan 2025 01:23:47 GMT Długość listy pozycji: 10
Lista pozycji zwierząt: {(3, 3)=[^], (0, 1)=[>], (7, 8)=[◣], (0, 2)=[>], (1, 3)=[◤], (9, 1)=[◥, ◣, ◣, >], (8, 3)=[<], (7, 3)=[◣], (6, 2)=[◥], (6, 4)=[<]}
19 Jan 2025 01:23:47 GMT Zwierzę poruszyło się z (0, 1) na (0, 1)
19 Jan 2025 01:23:47 GMT Długość listy pozycji: 10
Lista pozycji zwierząt: {(3, 3)=[^], (0, 1)=[>], (7, 8)=[◣], (0, 2)=[>], (1, 3)=[◤], (9, 1)=[◥, ◣, ◣, >], (8, 3)=[<], (7, 3)=[◤], (6, 2)=[◥], (6, 4)=[<]}
19 Jan 2025 01:23:47 GMT Zwierzę poruszyło się z (7, 3) na (7, 3)
19 Jan 2025 01:23:47 GMT Długość listy pozycji: 10
Lista pozycji zwierząt: {(3, 3)=[^], (0, 1)=[>], (7, 8)=[◣], (0, 2)=[>], (1, 3)=[◤], (9, 1)=[◥, ◣, ◣, >], (8, 3)=[<], (7, 3)=[◤], (6, 2)=[◥], (6, 4)=[◤]}
19 Jan 2025 01:23:47 GMT Zwierzę poruszyło się z (6, 4) na (6, 4)
19 Jan 2025 01:23:47 GMT Długość listy pozycji: 10
Lista pozycji zwierząt: {(3, 3)=[^], (0, 1)=[>], (7, 8)=[<], (0, 2)=[>], (1, 3)=[◤], (9, 1)=[◥, ◣, ◣, >], (8, 3)=[<], (7, 3)=[◤], (6, 2)=[◥], (6, 4)=[◤]}
19 Jan 2025 01:23:47 GMT Zwierzę poruszyło się z (7, 8) na (7, 8)
19 Jan 2025 01:23:47 GMT Długość listy pozycji: 10
Lista pozycji zwierząt: {(3, 3)=[^], (0, 1)=[>], (7, 8)=[<], (1, 3)=[◤], (9, 1)=[◥, ◣, ◣, >], (9, 2)=[<], (8, 3)=[<], (7, 3)=[◤], (6, 2)=[◥], (6, 4)=[◤]}
19 Jan 2025 01:23:47 GMT Zwierzę poruszyło się z (0, 2) na (9, 2)
19 Jan 2025 01:23:47 GMT Zwierzę zjadło roślinkę na (3, 3)
19 Jan 2025 01:23:47 GMT Zwierzę zjadło roślinkę na (7, 8)
19 Jan 2025 01:23:47 GMT Zwierzę zjadło roślinkę na (9, 1)
19 Jan 2025 01:23:47 GMT Zwierzę zjadło roślinkę na (9, 2)
19 Jan 2025 01:23:47 GMT Zwierze zostało położone na (9, 1)
19 Jan 2025 01:23:47 GMT Urodziło się nowe zwierzę na (9, 1)
19 Jan 2025 01:23:47 GMT Roślinka wyrosła na (9, 7)
19 Jan 2025 01:23:47 GMT Roślinka wyrosła na (6, 9)
19 Jan 2025 01:23:47 GMT Roślinka wyrosła na (4, 7)
19 Jan 2025 01:23:47 GMT Roślinka wyrosła na (5, 7)
19 Jan 2025 01:23:47 GMT Roślinka wyrosła na (8, 3)
19 Jan 2025 01:23:47 GMT Roślinka wyrosła na (2, 9)
19 Jan 2025 01:23:47 GMT Roślinka wyrosła na (8, 0)
19 Jan 2025 01:23:47 GMT Roślinka wyrosła na (7, 4)
19 Jan 2025 01:23:47 GMT Roślinka wyrosła na (4, 3)
19 Jan 2025 01:23:47 GMT Roślinka wyrosła na (7, 3)
19 Jan 2025 01:23:48 GMT Długość listy pozycji: 10
Lista pozycji zwierząt: {(3, 3)=[^], (0, 1)=[>], (7, 8)=[<], (1, 3)=[◤], (9, 1)=[◢, ◥, ◣, ◣, >], (9, 2)=[<], (8, 3)=[<], (7, 3)=[◤], (6, 2)=[v], (6, 4)=[◤]}
19 Jan 2025 01:23:48 GMT Zwierzę poruszyło się z (6, 2) na (6, 2)
19 Jan 2025 01:23:48 GMT Długość listy pozycji: 10
Lista pozycji zwierząt: {(3, 3)=[^], (0, 1)=[>], (7, 8)=[<], (1, 3)=[◤], (9, 1)=[◢, ◥, ◣, ◣, >], (9, 2)=[<], (8, 3)=[<], (7, 3)=[◤], (6, 2)=[v], (6, 4)=[◤]}
19 Jan 2025 01:23:48 GMT Zwierzę poruszyło się z (1, 3) na (1, 3)
19 Jan 2025 01:23:48 GMT Długość listy pozycji: 10
Lista pozycji zwierząt: {(3, 3)=[<], (0, 1)=[>], (7, 8)=[<], (1, 3)=[◤], (9, 1)=[◢, ◥, ◣, ◣, >], (9, 2)=[<], (8, 3)=[<], (7, 3)=[◤], (6, 2)=[v], (6, 4)=[◤]}
19 Jan 2025 01:23:48 GMT Zwierzę poruszyło się z (3, 3) na (3, 3)
19 Jan 2025 01:23:48 GMT Długość listy pozycji: 10
Lista pozycji zwierząt: {(3, 3)=[<], (0, 1)=[>], (7, 8)=[<], (1, 3)=[◤], (9, 1)=[◢, ◥, ◣, ◣, >], (9, 2)=[<], (8, 3)=[◤], (7, 3)=[◤], (6, 2)=[v], (6, 4)=[◤]}
19 Jan 2025 01:23:48 GMT Zwierzę poruszyło się z (8, 3) na (8, 3)
19 Jan 2025 01:23:48 GMT Długość listy pozycji: 10
Lista pozycji zwierząt: {(3, 3)=[<], (0, 1)=[>], (7, 8)=[<], (1, 3)=[◤], (9, 1)=[◢, ◥, ◣, ◣, >], (9, 2)=[<], (8, 3)=[◤], (7, 3)=[◤], (6, 2)=[v], (6, 4)=[◤]}
19 Jan 2025 01:23:48 GMT Zwierzę poruszyło się z (0, 1) na (0, 1)
19 Jan 2025 01:23:48 GMT Długość listy pozycji: 10
Lista pozycji zwierząt: {(3, 3)=[<], (0, 1)=[>], (7, 8)=[<], (1, 3)=[◤], (9, 1)=[◢, ◥, ◣, ◣, >], (9, 2)=[<], (8, 3)=[◤], (7, 3)=[◣], (6, 2)=[v], (6, 4)=[◤]}
19 Jan 2025 01:23:48 GMT Zwierzę poruszyło się z (7, 3) na (7, 3)
19 Jan 2025 01:23:48 GMT Długość listy pozycji: 10
Lista pozycji zwierząt: {(3, 3)=[<], (0, 1)=[>], (7, 8)=[<], (1, 3)=[◤], (9, 1)=[◢, ◥, ◣, ◣, >], (9, 2)=[<], (8, 3)=[◤], (7, 3)=[◣], (6, 2)=[v], (6, 4)=[◢]}
19 Jan 2025 01:23:48 GMT Zwierzę poruszyło się z (6, 4) na (6, 4)
19 Jan 2025 01:23:48 GMT Długość listy pozycji: 10
Lista pozycji zwierząt: {(3, 3)=[<], (0, 1)=[>], (7, 8)=[◢], (1, 3)=[◤], (9, 1)=[◢, ◥, ◣, ◣, >], (9, 2)=[<], (8, 3)=[◤], (7, 3)=[◣], (6, 2)=[v], (6, 4)=[◢]}
19 Jan 2025 01:23:48 GMT Zwierzę poruszyło się z (7, 8) na (7, 8)
19 Jan 2025 01:23:48 GMT Długość listy pozycji: 10
Lista pozycji zwierząt: {(3, 3)=[<], (0, 1)=[>], (7, 8)=[◢], (1, 3)=[◤], (9, 1)=[◢, ◥, ◣, ◣, >], (9, 2)=[<], (8, 3)=[◤], (7, 3)=[◣], (6, 2)=[v], (6, 4)=[◢]}
19 Jan 2025 01:23:48 GMT Zwierzę poruszyło się z (9, 2) na (9, 2)
19 Jan 2025 01:23:49 GMT Zwierzę zjadło roślinkę na (8, 3)
19 Jan 2025 01:23:49 GMT Zwierzę zjadło roślinkę na (7, 3)
19 Jan 2025 01:23:49 GMT Zwierze zostało położone na (9, 1)
19 Jan 2025 01:23:49 GMT Urodziło się nowe zwierzę na (9, 1)
19 Jan 2025 01:23:49 GMT Roślinka wyrosła na (6, 0)
19 Jan 2025 01:23:49 GMT Roślinka wyrosła na (6, 3)
19 Jan 2025 01:23:49 GMT Roślinka wyrosła na (3, 7)
19 Jan 2025 01:23:49 GMT Roślinka wyrosła na (5, 4)
19 Jan 2025 01:23:49 GMT Roślinka wyrosła na (1, 2)
19 Jan 2025 01:23:49 GMT Roślinka wyrosła na (6, 2)
19 Jan 2025 01:23:49 GMT Roślinka wyrosła na (7, 9)
19 Jan 2025 01:23:49 GMT Roślinka wyrosła na (7, 2)
19 Jan 2025 01:23:49 GMT Roślinka wyrosła na (7, 7)
19 Jan 2025 01:23:49 GMT Roślinka wyrosła na (9, 8)
19 Jan 2025 01:23:49 GMT Długość listy pozycji: 10
Lista pozycji zwierząt: {(3, 3)=[<], (0, 1)=[>], (7, 8)=[◢], (1, 3)=[◤], (9, 1)=[◣, ◢, ◥, ◣, ◣, >], (9, 2)=[<], (8, 3)=[◤], (7, 3)=[◣], (6, 2)=[◥], (6, 4)=[◢]}
19 Jan 2025 01:23:49 GMT Zwierzę poruszyło się z (6, 2) na (6, 2)
19 Jan 2025 01:23:49 GMT Długość listy pozycji: 10
Lista pozycji zwierząt: {(3, 3)=[<], (0, 1)=[>], (7, 8)=[◢], (1, 3)=[v], (9, 1)=[◣, ◢, ◥, ◣, ◣, >], (9, 2)=[<], (8, 3)=[◤], (7, 3)=[◣], (6, 2)=[◥], (6, 4)=[◢]}
19 Jan 2025 01:23:49 GMT Zwierzę poruszyło się z (1, 3) na (1, 3)
19 Jan 2025 01:23:49 GMT Długość listy pozycji: 10
Lista pozycji zwierząt: {(3, 3)=[v], (0, 1)=[>], (7, 8)=[◢], (1, 3)=[v], (9, 1)=[◣, ◢, ◥, ◣, ◣, >], (9, 2)=[<], (8, 3)=[◤], (7, 3)=[◣], (6, 2)=[◥], (6, 4)=[◢]}
19 Jan 2025 01:23:49 GMT Zwierzę poruszyło się z (3, 3) na (3, 3)
19 Jan 2025 01:23:49 GMT Długość listy pozycji: 10
Lista pozycji zwierząt: {(3, 3)=[v], (0, 1)=[>], (7, 8)=[◢], (1, 3)=[v], (9, 1)=[◣, ◢, ◥, ◣, ◣, >], (9, 2)=[<], (8, 3)=[^], (7, 3)=[◣], (6, 2)=[◥], (6, 4)=[◢]}
19 Jan 2025 01:23:49 GMT Zwierzę poruszyło się z (8, 3) na (8, 3)
19 Jan 2025 01:23:50 GMT Długość listy pozycji: 9
Lista pozycji zwierząt: {(3, 3)=[v], (7, 8)=[◢], (1, 3)=[v], (9, 1)=[◣, <, ◢, ◥, ◣, ◣, <], (9, 2)=[<], (8, 3)=[^], (7, 3)=[◣], (6, 2)=[◥], (6, 4)=[◢]}
19 Jan 2025 01:23:50 GMT Zwierzę poruszyło się z (0, 1) na (9, 1)
19 Jan 2025 01:23:50 GMT Długość listy pozycji: 9
Lista pozycji zwierząt: {(3, 3)=[v], (7, 8)=[◢], (1, 3)=[v], (9, 1)=[◣, <, ◢, ◥, ◣, ◣, <], (9, 2)=[<], (8, 3)=[^], (7, 3)=[◥], (6, 2)=[◥], (6, 4)=[◢]}
19 Jan 2025 01:23:50 GMT Zwierzę poruszyło się z (7, 3) na (7, 3)
19 Jan 2025 01:23:50 GMT Długość listy pozycji: 9
Lista pozycji zwierząt: {(3, 3)=[v], (7, 8)=[◢], (1, 3)=[v], (9, 1)=[◣, <, ◢, ◥, ◣, ◣, <], (9, 2)=[<], (8, 3)=[^], (7, 3)=[◥], (6, 2)=[◥], (6, 4)=[^]}
19 Jan 2025 01:23:50 GMT Zwierzę poruszyło się z (6, 4) na (6, 4)
19 Jan 2025 01:23:50 GMT Długość listy pozycji: 9
Lista pozycji zwierząt: {(3, 3)=[v], (7, 8)=[◣], (1, 3)=[v], (9, 1)=[◣, <, ◢, ◥, ◣, ◣, <], (9, 2)=[<], (8, 3)=[^], (7, 3)=[◥], (6, 2)=[◥], (6, 4)=[^]}
19 Jan 2025 01:23:50 GMT Zwierzę poruszyło się z (7, 8) na (7, 8)
19 Jan 2025 01:23:50 GMT Długość listy pozycji: 9
Lista pozycji zwierząt: {(3, 3)=[v], (7, 8)=[◣], (0, 2)=[>], (1, 3)=[v], (9, 1)=[◣, <, ◢, ◥, ◣, ◣, <], (8, 3)=[^], (7, 3)=[◥], (6, 2)=[◥], (6, 4)=[^]}
19 Jan 2025 01:23:50 GMT Zwierzę poruszyło się z (9, 2) na (0, 2)
19 Jan 2025 01:23:50 GMT Zwierzę zjadło roślinkę na (6, 2)
19 Jan 2025 01:23:50 GMT Zwierze zostało położone na (9, 1)
19 Jan 2025 01:23:50 GMT Urodziło się nowe zwierzę na (9, 1)
19 Jan 2025 01:23:50 GMT Roślinka wyrosła na (0, 7)
19 Jan 2025 01:23:50 GMT Roślinka wyrosła na (9, 0)
19 Jan 2025 01:23:50 GMT Roślinka wyrosła na (4, 4)
19 Jan 2025 01:23:50 GMT Roślinka wyrosła na (2, 4)
19 Jan 2025 01:23:50 GMT Roślinka wyrosła na (2, 1)
19 Jan 2025 01:23:50 GMT Roślinka wyrosła na (1, 3)
19 Jan 2025 01:23:50 GMT Roślinka wyrosła na (3, 4)
19 Jan 2025 01:23:50 GMT Roślinka wyrosła na (0, 3)
19 Jan 2025 01:23:50 GMT Roślinka wyrosła na (0, 2)
19 Jan 2025 01:23:50 GMT Roślinka wyrosła na (3, 9)
19 Jan 2025 01:23:51 GMT Długość listy pozycji: 9
Lista pozycji zwierząt: {(3, 3)=[v], (7, 8)=[◣], (0, 2)=[>], (1, 3)=[v], (9, 1)=[◢, ◣, <, ◢, ◥, ◣, ◣, <], (8, 3)=[^], (7, 3)=[◥], (6, 2)=[v], (6, 4)=[^]}
19 Jan 2025 01:23:51 GMT Zwierzę poruszyło się z (6, 2) na (6, 2)
19 Jan 2025 01:23:51 GMT Długość listy pozycji: 9
Lista pozycji zwierząt: {(3, 3)=[v], (7, 8)=[◣], (0, 2)=[>], (1, 3)=[>], (9, 1)=[◢, ◣, <, ◢, ◥, ◣, ◣, <], (8, 3)=[^], (7, 3)=[◥], (6, 2)=[v], (6, 4)=[^]}
19 Jan 2025 01:23:51 GMT Zwierzę poruszyło się z (1, 3) na (1, 3)
19 Jan 2025 01:23:51 GMT Długość listy pozycji: 9
Lista pozycji zwierząt: {(3, 3)=[◤], (7, 8)=[◣], (0, 2)=[>], (1, 3)=[>], (9, 1)=[◢, ◣, <, ◢, ◥, ◣, ◣, <], (8, 3)=[^], (7, 3)=[◥], (6, 2)=[v], (6, 4)=[^]}
19 Jan 2025 01:23:51 GMT Zwierzę poruszyło się z (3, 3) na (3, 3)
19 Jan 2025 01:23:51 GMT Długość listy pozycji: 9
Lista pozycji zwierząt: {(3, 3)=[◤], (7, 8)=[◣], (0, 2)=[>], (1, 3)=[>], (9, 1)=[◢, ◣, <, ◢, ◥, ◣, ◣, <], (8, 3)=[◣], (7, 3)=[◥], (6, 2)=[v], (6, 4)=[^]}
19 Jan 2025 01:23:51 GMT Zwierzę poruszyło się z (8, 3) na (8, 3)
19 Jan 2025 01:23:51 GMT Długość listy pozycji: 9
Lista pozycji zwierząt: {(3, 3)=[◤], (7, 8)=[◣], (0, 2)=[>], (1, 3)=[>], (9, 1)=[◢, v, ◣, ◢, ◥, ◣, ◣, v], (8, 3)=[◣], (7, 3)=[◥], (6, 2)=[v], (6, 4)=[^]}
19 Jan 2025 01:23:51 GMT Zwierzę poruszyło się z (9, 1) na (9, 1)
19 Jan 2025 01:23:51 GMT Długość listy pozycji: 9
Lista pozycji zwierząt: {(3, 3)=[◤], (7, 8)=[◣], (0, 2)=[>], (1, 3)=[>], (9, 1)=[◢, v, ◣, ◢, ◥, ◣, ◣, v], (8, 3)=[◣], (7, 3)=[◣], (6, 2)=[v], (6, 4)=[^]}
19 Jan 2025 01:23:51 GMT Zwierzę poruszyło się z (7, 3) na (7, 3)
19 Jan 2025 01:23:51 GMT Długość listy pozycji: 9
Lista pozycji zwierząt: {(3, 3)=[◤], (7, 8)=[◣], (0, 2)=[>], (1, 3)=[>], (9, 1)=[◢, v, ◣, ◢, ◥, ◣, ◣, v], (8, 3)=[◣], (7, 3)=[◣], (6, 2)=[v], (6, 4)=[◥]}
19 Jan 2025 01:23:51 GMT Zwierzę poruszyło się z (6, 4) na (6, 4)
19 Jan 2025 01:23:51 GMT Długość listy pozycji: 9
Lista pozycji zwierząt: {(3, 3)=[◤], (7, 8)=[>], (0, 2)=[>], (1, 3)=[>], (9, 1)=[◢, v, ◣, ◢, ◥, ◣, ◣, v], (8, 3)=[◣], (7, 3)=[◣], (6, 2)=[v], (6, 4)=[◥]}
19 Jan 2025 01:23:51 GMT Zwierzę poruszyło się z (7, 8) na (7, 8)
19 Jan 2025 01:23:52 GMT Długość listy pozycji: 8
Lista pozycji zwierząt: {(3, 3)=[◤], (7, 8)=[>], (1, 3)=[>], (9, 1)=[◢, v, ◣, ◣, ◢, ◥, ◣, ◣, v], (8, 3)=[◣], (7, 3)=[◣], (6, 2)=[v], (6, 4)=[◥]}
19 Jan 2025 01:23:52 GMT Zwierzę poruszyło się z (0, 2) na (9, 1)
19 Jan 2025 01:23:52 GMT Zwierzę zjadło roślinkę na (1, 3)
19 Jan 2025 01:23:52 GMT Zwierze zostało położone na (9, 1)
19 Jan 2025 01:23:52 GMT Urodziło się nowe zwierzę na (9, 1)
19 Jan 2025 01:23:52 GMT Roślinka wyrosła na null
19 Jan 2025 01:23:52 GMT Roślinka wyrosła na null
19 Jan 2025 01:23:52 GMT Roślinka wyrosła na null
19 Jan 2025 01:23:52 GMT Roślinka wyrosła na null
19 Jan 2025 01:23:52 GMT Roślinka wyrosła na null
19 Jan 2025 01:23:52 GMT Roślinka wyrosła na null
19 Jan 2025 01:23:52 GMT Roślinka wyrosła na null
19 Jan 2025 01:23:52 GMT Roślinka wyrosła na null
19 Jan 2025 01:23:52 GMT Roślinka wyrosła na null
19 Jan 2025 01:23:52 GMT Roślinka wyrosła na null
19 Jan 2025 01:23:52 GMT Długość listy pozycji: 8
Lista pozycji zwierząt: {(3, 3)=[◤], (7, 8)=[>], (1, 3)=[>], (9, 1)=[>, ◢, v, ◣, ◣, ◢, ◥, ◣, ◣, v], (8, 3)=[◣], (7, 3)=[◣], (6, 2)=[>], (6, 4)=[◥]}
19 Jan 2025 01:23:52 GMT Zwierzę poruszyło się z (6, 2) na (6, 2)
19 Jan 2025 01:23:53 GMT Długość listy pozycji: 8
Lista pozycji zwierząt: {(3, 3)=[◤], (7, 8)=[>], (1, 3)=[◤], (9, 1)=[>, ◢, v, ◣, ◣, ◢, ◥, ◣, ◣, v], (8, 3)=[◣], (7, 3)=[◣], (6, 2)=[>], (6, 4)=[◥]}
19 Jan 2025 01:23:53 GMT Zwierzę poruszyło się z (1, 3) na (1, 3)
19 Jan 2025 01:23:53 GMT Długość listy pozycji: 8
Lista pozycji zwierząt: {(3, 3)=[^], (7, 8)=[>], (1, 3)=[◤], (9, 1)=[>, ◢, v, ◣, ◣, ◢, ◥, ◣, ◣, v], (8, 3)=[◣], (7, 3)=[◣], (6, 2)=[>], (6, 4)=[◥]}
19 Jan 2025 01:23:53 GMT Zwierzę poruszyło się z (3, 3) na (3, 3)
19 Jan 2025 01:23:53 GMT Długość listy pozycji: 8
Lista pozycji zwierząt: {(3, 3)=[^], (7, 8)=[>], (1, 3)=[◤], (9, 1)=[>, ◢, v, ◣, ◣, ◢, ◥, ◣, ◣, v], (8, 3)=[<], (7, 3)=[◣], (6, 2)=[>], (6, 4)=[◥]}
19 Jan 2025 01:23:53 GMT Zwierzę poruszyło się z (8, 3) na (8, 3)
19 Jan 2025 01:23:53 GMT Długość listy pozycji: 8
Lista pozycji zwierząt: {(3, 3)=[^], (7, 8)=[>], (1, 3)=[◤], (9, 1)=[>, ◢, ◣, ◣, ◣, ◢, ◥, ◣, ◣, ◣, ◣], (8, 3)=[<], (7, 3)=[◣], (6, 2)=[>], (6, 4)=[◥]}
19 Jan 2025 01:23:53 GMT Zwierzę poruszyło się z (9, 1) na (9, 1)
19 Jan 2025 01:23:53 GMT Długość listy pozycji: 8
Lista pozycji zwierząt: {(3, 3)=[^], (7, 8)=[>], (1, 3)=[◤], (9, 1)=[>, ◢, ◣, ◣, ◣, ◢, ◥, ◣, ◣, ◣, ◣], (8, 3)=[<], (7, 3)=[◤], (6, 2)=[>], (6, 4)=[◥]}
19 Jan 2025 01:23:53 GMT Zwierzę poruszyło się z (7, 3) na (7, 3)
19 Jan 2025 01:23:53 GMT Długość listy pozycji: 8
Lista pozycji zwierząt: {(3, 3)=[^], (7, 8)=[>], (1, 3)=[◤], (9, 1)=[>, ◢, ◣, ◣, ◣, ◢, ◥, ◣, ◣, ◣, ◣], (8, 3)=[<], (7, 3)=[◤], (6, 2)=[>], (6, 4)=[>]}
19 Jan 2025 01:23:53 GMT Zwierzę poruszyło się z (6, 4) na (6, 4)
19 Jan 2025 01:23:53 GMT Długość listy pozycji: 8
Lista pozycji zwierząt: {(3, 3)=[^], (7, 8)=[◤], (1, 3)=[◤], (9, 1)=[>, ◢, ◣, ◣, ◣, ◢, ◥, ◣, ◣, ◣, ◣], (8, 3)=[<], (7, 3)=[◤], (6, 2)=[>], (6, 4)=[>]}
19 Jan 2025 01:23:53 GMT Zwierzę poruszyło się z (7, 8) na (7, 8)
19 Jan 2025 01:23:53 GMT Długość listy pozycji: 8
Lista pozycji zwierząt: {(3, 3)=[^], (7, 8)=[◤], (1, 3)=[◤], (9, 1)=[>, ◢, ◣, v, ◣, ◢, ◥, ◣, v, ◣, ◣, ◣], (8, 3)=[<], (7, 3)=[◤], (6, 2)=[>], (6, 4)=[>]}
19 Jan 2025 01:23:53 GMT Zwierzę poruszyło się z (9, 1) na (9, 1)
19 Jan 2025 01:23:54 GMT Zwierze zostało położone na (9, 1)
19 Jan 2025 01:23:54 GMT Urodziło się nowe zwierzę na (9, 1)
19 Jan 2025 01:23:54 GMT Roślinka wyrosła na null
19 Jan 2025 01:23:54 GMT Roślinka wyrosła na null
19 Jan 2025 01:23:54 GMT Roślinka wyrosła na null
19 Jan 2025 01:23:54 GMT Roślinka wyrosła na null
19 Jan 2025 01:23:54 GMT Roślinka wyrosła na null
19 Jan 2025 01:23:54 GMT Roślinka wyrosła na null
19 Jan 2025 01:23:54 GMT Roślinka wyrosła na null
19 Jan 2025 01:23:54 GMT Roślinka wyrosła na null
19 Jan 2025 01:23:54 GMT Roślinka wyrosła na null
19 Jan 2025 01:23:54 GMT Roślinka wyrosła na null
19 Jan 2025 01:23:54 GMT Długość listy pozycji: 8
Lista pozycji zwierząt: {(3, 3)=[^], (7, 8)=[◤], (1, 3)=[◤], (9, 1)=[◢, >, ◢, ◣, v, ◣, ◢, ◥, ◣, v, ◣, ◣, ◣], (8, 3)=[<], (7, 3)=[◤], (6, 2)=[◢], (6, 4)=[>]}
19 Jan 2025 01:23:54 GMT Zwierzę poruszyło się z (6, 2) na (6, 2)
19 Jan 2025 01:23:54 GMT Długość listy pozycji: 8
Lista pozycji zwierząt: {(3, 3)=[^], (7, 8)=[◤], (1, 3)=[◤], (9, 1)=[◢, >, ◢, ◣, v, ◣, ◢, ◥, ◣, v, ◣, ◣, ◣], (8, 3)=[<], (7, 3)=[◤], (6, 2)=[◢], (6, 4)=[>]}
19 Jan 2025 01:23:54 GMT Zwierzę poruszyło się z (1, 3) na (1, 3)
19 Jan 2025 01:23:54 GMT Długość listy pozycji: 8
Lista pozycji zwierząt: {(3, 3)=[◣], (7, 8)=[◤], (1, 3)=[◤], (9, 1)=[◢, >, ◢, ◣, v, ◣, ◢, ◥, ◣, v, ◣, ◣, ◣], (8, 3)=[<], (7, 3)=[◤], (6, 2)=[◢], (6, 4)=[>]}
19 Jan 2025 01:23:54 GMT Zwierzę poruszyło się z (3, 3) na (3, 3)
19 Jan 2025 01:23:54 GMT Długość listy pozycji: 8
Lista pozycji zwierząt: {(3, 3)=[◣], (7, 8)=[◤], (1, 3)=[◤], (9, 1)=[◢, >, ◢, ◣, v, ◣, ◢, ◥, ◣, v, ◣, ◣, ◣], (8, 3)=[◢], (7, 3)=[◤], (6, 2)=[◢], (6, 4)=[>]}
19 Jan 2025 01:23:54 GMT Zwierzę poruszyło się z (8, 3) na (8, 3)
19 Jan 2025 01:23:54 GMT Długość listy pozycji: 9
Lista pozycji zwierząt: {(0, 0)=[◢], (3, 3)=[◣], (7, 8)=[◤], (1, 3)=[◤], (9, 1)=[◢, >, ◢, ◢, v, ◣, ◢, ◥, v, ◣, ◣, ◢], (8, 3)=[◢], (7, 3)=[◤], (6, 2)=[◢], (6, 4)=[>]}
19 Jan 2025 01:23:54 GMT Zwierzę poruszyło się z (9, 1) na (0, 0)
19 Jan 2025 01:23:54 GMT Długość listy pozycji: 9
Lista pozycji zwierząt: {(0, 0)=[◢], (3, 3)=[◣], (7, 8)=[◤], (1, 3)=[◤], (9, 1)=[◢, >, ◢, ◢, v, ◣, ◢, ◥, v, ◣, ◣, ◢], (8, 3)=[◢], (7, 3)=[<], (6, 2)=[◢], (6, 4)=[>]}
19 Jan 2025 01:23:54 GMT Zwierzę poruszyło się z (7, 3) na (7, 3)
19 Jan 2025 01:23:54 GMT Długość listy pozycji: 9
Lista pozycji zwierząt: {(0, 0)=[◢], (3, 3)=[◣], (7, 8)=[◤], (1, 3)=[◤], (9, 1)=[◢, >, ◢, ◢, v, ◣, ◢, ◥, v, ◣, ◣, ◢], (8, 3)=[◢], (7, 3)=[<], (6, 2)=[◢], (6, 4)=[<]}
19 Jan 2025 01:23:54 GMT Zwierzę poruszyło się z (6, 4) na (6, 4)
19 Jan 2025 01:23:55 GMT Długość listy pozycji: 9
Lista pozycji zwierząt: {(0, 0)=[◢], (3, 3)=[◣], (7, 8)=[v], (1, 3)=[◤], (9, 1)=[◢, >, ◢, ◢, v, ◣, ◢, ◥, v, ◣, ◣, ◢], (8, 3)=[◢], (7, 3)=[<], (6, 2)=[◢], (6, 4)=[<]}
19 Jan 2025 01:23:55 GMT Zwierzę poruszyło się z (7, 8) na (7, 8)
19 Jan 2025 01:23:55 GMT Długość listy pozycji: 9
Lista pozycji zwierząt: {(0, 0)=[◢], (3, 3)=[◣], (7, 8)=[v], (1, 3)=[◤], (9, 1)=[◢, >, ◢, ◢, <, ◣, ◢, ◥, <, ◣, ◣, ◢], (8, 3)=[◢], (7, 3)=[<], (6, 2)=[◢], (6, 4)=[<]}
19 Jan 2025 01:23:55 GMT Zwierzę poruszyło się z (9, 1) na (9, 1)
19 Jan 2025 01:23:55 GMT Zwierzę zjadło roślinkę na (0, 0)
19 Jan 2025 01:23:55 GMT Zwierze zostało położone na (9, 1)
19 Jan 2025 01:23:55 GMT Urodziło się nowe zwierzę na (9, 1)
19 Jan 2025 01:23:55 GMT Roślinka wyrosła na null
19 Jan 2025 01:23:55 GMT Roślinka wyrosła na null
19 Jan 2025 01:23:55 GMT Roślinka wyrosła na null
19 Jan 2025 01:23:55 GMT Roślinka wyrosła na null
19 Jan 2025 01:23:55 GMT Roślinka wyrosła na null
19 Jan 2025 01:23:55 GMT Roślinka wyrosła na null
19 Jan 2025 01:23:55 GMT Roślinka wyrosła na null
19 Jan 2025 01:23:55 GMT Roślinka wyrosła na null
19 Jan 2025 01:23:55 GMT Roślinka wyrosła na null
19 Jan 2025 01:23:55 GMT Roślinka wyrosła na null
19 Jan 2025 01:23:55 GMT Długość listy pozycji: 9
Lista pozycji zwierząt: {(0, 0)=[◢], (3, 3)=[◣], (7, 8)=[v], (1, 3)=[◤], (9, 1)=[>, ◢, >, ◢, ◢, <, ◣, ◢, ◥, <, ◣, ◣, ◢], (8, 3)=[◢], (7, 3)=[<], (6, 2)=[^], (6, 4)=[<]}
19 Jan 2025 01:23:55 GMT Zwierzę poruszyło się z (6, 2) na (6, 2)
19 Jan 2025 01:23:55 GMT Długość listy pozycji: 9
Lista pozycji zwierząt: {(0, 0)=[◢], (3, 3)=[◣], (7, 8)=[v], (1, 3)=[v], (9, 1)=[>, ◢, >, ◢, ◢, <, ◣, ◢, ◥, <, ◣, ◣, ◢], (8, 3)=[◢], (7, 3)=[<], (6, 2)=[^], (6, 4)=[<]}
19 Jan 2025 01:23:55 GMT Zwierzę poruszyło się z (1, 3) na (1, 3)
19 Jan 2025 01:23:56 GMT Długość listy pozycji: 9
Lista pozycji zwierząt: {(0, 0)=[◢], (3, 3)=[◥], (7, 8)=[v], (1, 3)=[v], (9, 1)=[>, ◢, >, ◢, ◢, <, ◣, ◢, ◥, <, ◣, ◣, ◢], (8, 3)=[◢], (7, 3)=[<], (6, 2)=[^], (6, 4)=[<]}
19 Jan 2025 01:23:56 GMT Zwierzę poruszyło się z (3, 3) na (3, 3)
19 Jan 2025 01:23:56 GMT Długość listy pozycji: 9
Lista pozycji zwierząt: {(0, 0)=[◢], (3, 3)=[◥], (7, 8)=[v], (1, 3)=[v], (9, 1)=[>, ◢, >, ◢, ◢, <, ◣, ◢, ◥, <, ◣, ◣, ◢], (8, 3)=[◤], (7, 3)=[<], (6, 2)=[^], (6, 4)=[<]}
19 Jan 2025 01:23:56 GMT Zwierzę poruszyło się z (8, 3) na (8, 3)
19 Jan 2025 01:23:56 GMT Długość listy pozycji: 9
Lista pozycji zwierząt: {(0, 0)=[^], (3, 3)=[◥], (7, 8)=[v], (1, 3)=[v], (9, 1)=[>, ◢, >, ◢, ^, <, ◣, ◢, ◥, <, ◣, ◣, ^], (8, 3)=[◤], (7, 3)=[<], (6, 2)=[^], (6, 4)=[<]}
19 Jan 2025 01:23:56 GMT Zwierzę poruszyło się z (0, 0) na (0, 0)
19 Jan 2025 01:23:56 GMT Długość listy pozycji: 9
Lista pozycji zwierząt: {(0, 0)=[^], (3, 3)=[◥], (7, 8)=[v], (1, 3)=[v], (9, 1)=[>, ◢, >, ◢, ^, <, ◣, ◢, ◥, <, ◣, ◣, ^], (8, 3)=[◤], (7, 3)=[◥], (6, 2)=[^], (6, 4)=[<]}
19 Jan 2025 01:23:56 GMT Zwierzę poruszyło się z (7, 3) na (7, 3)
19 Jan 2025 01:23:56 GMT Długość listy pozycji: 9
Lista pozycji zwierząt: {(0, 0)=[^], (3, 3)=[◥], (7, 8)=[v], (1, 3)=[v], (9, 1)=[>, ◢, >, ◢, ^, <, ◣, ◢, ◥, <, ◣, ◣, ^], (8, 3)=[◤], (7, 3)=[◥], (6, 2)=[^], (6, 4)=[v]}
19 Jan 2025 01:23:56 GMT Zwierzę poruszyło się z (6, 4) na (6, 4)
19 Jan 2025 01:23:56 GMT Długość listy pozycji: 9
Lista pozycji zwierząt: {(0, 0)=[^], (3, 3)=[◥], (7, 8)=[◤], (1, 3)=[v], (9, 1)=[>, ◢, >, ◢, ^, <, ◣, ◢, ◥, <, ◣, ◣, ^], (8, 3)=[◤], (7, 3)=[◥], (6, 2)=[^], (6, 4)=[v]}
19 Jan 2025 01:23:56 GMT Zwierzę poruszyło się z (7, 8) na (7, 8)
19 Jan 2025 01:23:56 GMT Długość listy pozycji: 10
Lista pozycji zwierząt: {(0, 0)=[^], (3, 3)=[◥], (0, 1)=[>], (7, 8)=[◤], (1, 3)=[v], (9, 1)=[>, ◢, >, ◢, ^, >, ◣, ◢, ◥, ◣, ◣, ^], (8, 3)=[◤], (7, 3)=[◥], (6, 2)=[^], (6, 4)=[v]}
19 Jan 2025 01:23:56 GMT Zwierzę poruszyło się z (9, 1) na (0, 1)
19 Jan 2025 01:23:56 GMT Zwierze zostało położone na (9, 1)
19 Jan 2025 01:23:56 GMT Urodziło się nowe zwierzę na (9, 1)
19 Jan 2025 01:23:57 GMT Roślinka wyrosła na null
19 Jan 2025 01:23:57 GMT Roślinka wyrosła na null
19 Jan 2025 01:23:57 GMT Roślinka wyrosła na null
19 Jan 2025 01:23:57 GMT Roślinka wyrosła na null
19 Jan 2025 01:23:57 GMT Roślinka wyrosła na null
19 Jan 2025 01:23:57 GMT Roślinka wyrosła na null
19 Jan 2025 01:23:57 GMT Roślinka wyrosła na null
19 Jan 2025 01:23:57 GMT Roślinka wyrosła na null
19 Jan 2025 01:23:57 GMT Roślinka wyrosła na null
19 Jan 2025 01:23:57 GMT Roślinka wyrosła na null
19 Jan 2025 01:23:57 GMT Długość listy pozycji: 10
Lista pozycji zwierząt: {(0, 0)=[^], (3, 3)=[◥], (0, 1)=[>], (7, 8)=[◤], (1, 3)=[v], (9, 1)=[<, >, ◢, >, ◢, ^, >, ◣, ◢, ◥, ◣, ◣, ^], (8, 3)=[◤], (7, 3)=[◥], (6, 2)=[v], (6, 4)=[v]}
19 Jan 2025 01:23:57 GMT Zwierzę poruszyło się z (6, 2) na (6, 2)
19 Jan 2025 01:23:57 GMT Długość listy pozycji: 10
Lista pozycji zwierząt: {(0, 0)=[^], (3, 3)=[◥], (0, 1)=[>], (7, 8)=[◤], (1, 3)=[◥], (9, 1)=[<, >, ◢, >, ◢, ^, >, ◣, ◢, ◥, ◣, ◣, ^], (8, 3)=[◤], (7, 3)=[◥], (6, 2)=[v], (6, 4)=[v]}
19 Jan 2025 01:23:57 GMT Zwierzę poruszyło się z (1, 3) na (1, 3)
19 Jan 2025 01:23:57 GMT Długość listy pozycji: 10
Lista pozycji zwierząt: {(0, 0)=[^], (3, 3)=[>], (0, 1)=[>], (7, 8)=[◤], (1, 3)=[◥], (9, 1)=[<, >, ◢, >, ◢, ^, >, ◣, ◢, ◥, ◣, ◣, ^], (8, 3)=[◤], (7, 3)=[◥], (6, 2)=[v], (6, 4)=[v]}
19 Jan 2025 01:23:57 GMT Zwierzę poruszyło się z (3, 3) na (3, 3)
19 Jan 2025 01:23:57 GMT Długość listy pozycji: 10
Lista pozycji zwierząt: {(0, 0)=[^], (3, 3)=[>], (0, 1)=[>], (7, 8)=[◤], (1, 3)=[◥], (9, 1)=[<, >, ◢, >, ◢, ^, >, ◣, ◢, ◥, ◣, ◣, ^], (8, 3)=[◢], (7, 3)=[◥], (6, 2)=[v], (6, 4)=[v]}
19 Jan 2025 01:23:57 GMT Zwierzę poruszyło się z (8, 3) na (8, 3)
19 Jan 2025 01:23:57 GMT Długość listy pozycji: 10
Lista pozycji zwierząt: {(0, 0)=[◥], (3, 3)=[>], (0, 1)=[>], (7, 8)=[◤], (1, 3)=[◥], (9, 1)=[<, >, ◢, >, ◢, ◥, >, ◣, ◢, ◥, ◣, ◣, ◥], (8, 3)=[◢], (7, 3)=[◥], (6, 2)=[v], (6, 4)=[v]}
19 Jan 2025 01:23:57 GMT Zwierzę poruszyło się z (0, 0) na (0, 0)
19 Jan 2025 01:23:57 GMT Długość listy pozycji: 10
Lista pozycji zwierząt: {(0, 0)=[◥], (3, 3)=[>], (0, 1)=[>], (7, 8)=[◤], (1, 3)=[◥], (9, 1)=[<, >, ◢, >, ◢, ◥, >, ◣, ◢, ◥, ◣, ◣, ◥], (8, 3)=[◢], (7, 3)=[◥], (6, 2)=[v], (6, 4)=[v]}
19 Jan 2025 01:23:57 GMT Zwierzę poruszyło się z (7, 3) na (7, 3)
19 Jan 2025 01:23:57 GMT Długość listy pozycji: 10
Lista pozycji zwierząt: {(0, 0)=[◥], (3, 3)=[>], (0, 1)=[>], (7, 8)=[◤], (1, 3)=[◥], (9, 1)=[<, >, ◢, >, ◢, ◥, >, ◣, ◢, ◥, ◣, ◣, ◥], (8, 3)=[◢], (7, 3)=[◥], (6, 2)=[v], (6, 4)=[◣]}
19 Jan 2025 01:23:57 GMT Zwierzę poruszyło się z (6, 4) na (6, 4)
19 Jan 2025 01:23:58 GMT Długość listy pozycji: 10
Lista pozycji zwierząt: {(0, 0)=[◥], (3, 3)=[>], (0, 1)=[>], (7, 8)=[<], (1, 3)=[◥], (9, 1)=[<, >, ◢, >, ◢, ◥, >, ◣, ◢, ◥, ◣, ◣, ◥], (8, 3)=[◢], (7, 3)=[◥], (6, 2)=[v], (6, 4)=[◣]}
19 Jan 2025 01:23:58 GMT Zwierzę poruszyło się z (7, 8) na (7, 8)
19 Jan 2025 01:23:58 GMT Długość listy pozycji: 10
Lista pozycji zwierząt: {(0, 0)=[◥], (3, 3)=[>], (0, 1)=[v], (7, 8)=[<], (1, 3)=[◥], (9, 1)=[<, >, ◢, >, ◢, ◥, v, ◣, ◢, ◥, ◣, ◣, ◥], (8, 3)=[◢], (7, 3)=[◥], (6, 2)=[v], (6, 4)=[◣]}
19 Jan 2025 01:23:58 GMT Zwierzę poruszyło się z (0, 1) na (0, 1)
19 Jan 2025 01:23:58 GMT Zwierze zostało położone na (9, 1)
19 Jan 2025 01:23:58 GMT Urodziło się nowe zwierzę na (9, 1)
19 Jan 2025 01:23:58 GMT Roślinka wyrosła na null
19 Jan 2025 01:23:58 GMT Roślinka wyrosła na null
19 Jan 2025 01:23:58 GMT Roślinka wyrosła na null
19 Jan 2025 01:23:58 GMT Roślinka wyrosła na null
19 Jan 2025 01:23:58 GMT Roślinka wyrosła na null
19 Jan 2025 01:23:58 GMT Roślinka wyrosła na null
19 Jan 2025 01:23:58 GMT Roślinka wyrosła na null
19 Jan 2025 01:23:58 GMT Roślinka wyrosła na null
19 Jan 2025 01:23:58 GMT Roślinka wyrosła na null
19 Jan 2025 01:23:58 GMT Roślinka wyrosła na null
19 Jan 2025 01:23:58 GMT Długość listy pozycji: 10
Lista pozycji zwierząt: {(0, 0)=[◥], (3, 3)=[>], (0, 1)=[v], (7, 8)=[<], (1, 3)=[◥], (9, 1)=[<, <, >, ◢, >, ◢, ◥, v, ◣, ◢, ◥, ◣, ◣, ◥], (8, 3)=[◢], (7, 3)=[◥], (6, 2)=[>], (6, 4)=[◣]}
19 Jan 2025 01:23:58 GMT Zwierzę poruszyło się z (6, 2) na (6, 2)
19 Jan 2025 01:23:58 GMT Długość listy pozycji: 10
Lista pozycji zwierząt: {(0, 0)=[◥], (3, 3)=[>], (0, 1)=[v], (7, 8)=[<], (1, 3)=[<], (9, 1)=[<, <, >, ◢, >, ◢, ◥, v, ◣, ◢, ◥, ◣, ◣, ◥], (8, 3)=[◢], (7, 3)=[◥], (6, 2)=[>], (6, 4)=[◣]}
19 Jan 2025 01:23:58 GMT Zwierzę poruszyło się z (1, 3) na (1, 3)
19 Jan 2025 01:23:58 GMT Długość listy pozycji: 10
Lista pozycji zwierząt: {(0, 0)=[◥], (3, 3)=[◣], (0, 1)=[v], (7, 8)=[<], (1, 3)=[<], (9, 1)=[<, <, >, ◢, >, ◢, ◥, v, ◣, ◢, ◥, ◣, ◣, ◥], (8, 3)=[◢], (7, 3)=[◥], (6, 2)=[>], (6, 4)=[◣]}
19 Jan 2025 01:23:58 GMT Zwierzę poruszyło się z (3, 3) na (3, 3)
19 Jan 2025 01:23:59 GMT Długość listy pozycji: 10
Lista pozycji zwierząt: {(0, 0)=[◥], (3, 3)=[◣], (0, 1)=[v], (7, 8)=[<], (1, 3)=[<], (9, 1)=[<, <, >, ◢, >, ◢, ◥, v, ◣, ◢, ◥, ◣, ◣, ◥], (8, 3)=[<], (7, 3)=[◥], (6, 2)=[>], (6, 4)=[◣]}
19 Jan 2025 01:23:59 GMT Zwierzę poruszyło się z (8, 3) na (8, 3)
19 Jan 2025 01:23:59 GMT Długość listy pozycji: 10
Lista pozycji zwierząt: {(0, 0)=[◥], (3, 3)=[◣], (0, 1)=[v], (7, 8)=[<], (1, 3)=[<], (9, 1)=[<, <, >, ◢, >, ◢, ◥, v, ◣, ◢, ◥, ◣, ◣, ◥], (8, 3)=[<], (7, 3)=[◥], (6, 2)=[>], (6, 4)=[◣]}
19 Jan 2025 01:23:59 GMT Zwierzę poruszyło się z (0, 0) na (0, 0)
19 Jan 2025 01:23:59 GMT Długość listy pozycji: 10
Lista pozycji zwierząt: {(0, 0)=[◥], (3, 3)=[◣], (0, 1)=[v], (7, 8)=[<], (1, 3)=[<], (9, 1)=[<, <, >, ◢, >, ◢, ◥, v, ◣, ◢, ◥, ◣, ◣, ◥], (8, 3)=[<], (7, 3)=[◢], (6, 2)=[>], (6, 4)=[◣]}
19 Jan 2025 01:23:59 GMT Zwierzę poruszyło się z (7, 3) na (7, 3)
19 Jan 2025 01:23:59 GMT Długość listy pozycji: 10
Lista pozycji zwierząt: {(0, 0)=[◥], (3, 3)=[◣], (0, 1)=[v], (7, 8)=[<], (1, 3)=[<], (9, 1)=[<, <, >, ◢, >, ◢, ◥, v, ◣, ◢, ◥, ◣, ◣, ◥], (8, 3)=[<], (7, 3)=[◢], (6, 2)=[>], (6, 4)=[◥]}
19 Jan 2025 01:23:59 GMT Zwierzę poruszyło się z (6, 4) na (6, 4)
19 Jan 2025 01:23:59 GMT Długość listy pozycji: 10
Lista pozycji zwierząt: {(0, 0)=[◥], (3, 3)=[◣], (0, 1)=[v], (7, 8)=[◤], (1, 3)=[<], (9, 1)=[<, <, >, ◢, >, ◢, ◥, v, ◣, ◢, ◥, ◣, ◣, ◥], (8, 3)=[<], (7, 3)=[◢], (6, 2)=[>], (6, 4)=[◥]}
19 Jan 2025 01:23:59 GMT Zwierzę poruszyło się z (7, 8) na (7, 8)
19 Jan 2025 01:23:59 GMT Długość listy pozycji: 10
Lista pozycji zwierząt: {(0, 0)=[◥], (3, 3)=[◣], (0, 1)=[^], (7, 8)=[◤], (1, 3)=[<], (9, 1)=[<, <, >, ◢, >, ◢, ◥, ^, ◣, ◢, ◥, ◣, ◣, ◥], (8, 3)=[<], (7, 3)=[◢], (6, 2)=[>], (6, 4)=[◥]}
19 Jan 2025 01:23:59 GMT Zwierzę poruszyło się z (0, 1) na (0, 1)
19 Jan 2025 01:23:59 GMT Zwierze zostało położone na (9, 1)
19 Jan 2025 01:23:59 GMT Urodziło się nowe zwierzę na (9, 1)
19 Jan 2025 01:24:00 GMT Roślinka wyrosła na null
19 Jan 2025 01:24:00 GMT Roślinka wyrosła na null
19 Jan 2025 01:24:00 GMT Roślinka wyrosła na null
19 Jan 2025 01:24:00 GMT Roślinka wyrosła na null
19 Jan 2025 01:24:00 GMT Roślinka wyrosła na null
19 Jan 2025 01:24:00 GMT Roślinka wyrosła na null
19 Jan 2025 01:24:00 GMT Roślinka wyrosła na null
19 Jan 2025 01:24:00 GMT Roślinka wyrosła na null
19 Jan 2025 01:24:00 GMT Roślinka wyrosła na null
19 Jan 2025 01:24:00 GMT Roślinka wyrosła na null
19 Jan 2025 01:24:00 GMT Długość listy pozycji: 10
Lista pozycji zwierząt: {(0, 0)=[◥], (3, 3)=[◣], (0, 1)=[^], (7, 8)=[◤], (1, 3)=[<], (9, 1)=[v, <, <, >, ◢, >, ◢, ◥, ^, ◣, ◢, ◥, ◣, ◣, ◥], (8, 3)=[<], (7, 3)=[◢], (6, 2)=[v], (6, 4)=[◥]}
19 Jan 2025 01:24:00 GMT Zwierzę poruszyło się z (6, 2) na (6, 2)
19 Jan 2025 01:24:00 GMT Długość listy pozycji: 10
Lista pozycji zwierząt: {(0, 0)=[◥], (3, 3)=[◣], (0, 1)=[^], (7, 8)=[◤], (1, 3)=[^], (9, 1)=[v, <, <, >, ◢, >, ◢, ◥, ^, ◣, ◢, ◥, ◣, ◣, ◥], (8, 3)=[<], (7, 3)=[◢], (6, 2)=[v], (6, 4)=[◥]}
19 Jan 2025 01:24:00 GMT Zwierzę poruszyło się z (1, 3) na (1, 3)
19 Jan 2025 01:24:00 GMT Długość listy pozycji: 10
Lista pozycji zwierząt: {(0, 0)=[◥], (3, 3)=[◥], (0, 1)=[^], (7, 8)=[◤], (1, 3)=[^], (9, 1)=[v, <, <, >, ◢, >, ◢, ◥, ^, ◣, ◢, ◥, ◣, ◣, ◥], (8, 3)=[<], (7, 3)=[◢], (6, 2)=[v], (6, 4)=[◥]}
19 Jan 2025 01:24:00 GMT Zwierzę poruszyło się z (3, 3) na (3, 3)
19 Jan 2025 01:24:00 GMT Długość listy pozycji: 10
Lista pozycji zwierząt: {(0, 0)=[◥], (3, 3)=[◥], (0, 1)=[^], (7, 8)=[◤], (1, 3)=[^], (9, 1)=[v, <, <, >, ◢, >, ◢, ◥, ^, ◣, ◢, ◥, ◣, ◣, ◥], (8, 3)=[◥], (7, 3)=[◢], (6, 2)=[v], (6, 4)=[◥]}
19 Jan 2025 01:24:00 GMT Zwierzę poruszyło się z (8, 3) na (8, 3)
19 Jan 2025 01:24:00 GMT Długość listy pozycji: 10
Lista pozycji zwierząt: {(0, 0)=[◥], (3, 3)=[◥], (0, 1)=[^], (7, 8)=[◤], (1, 3)=[^], (9, 1)=[v, <, <, >, ◢, >, ◢, ◥, ^, ◣, ◢, ◥, ◣, ◣, ◥], (8, 3)=[◥], (7, 3)=[◢], (6, 2)=[v], (6, 4)=[◥]}
19 Jan 2025 01:24:00 GMT Zwierzę poruszyło się z (0, 0) na (0, 0)
19 Jan 2025 01:24:00 GMT Długość listy pozycji: 10
Lista pozycji zwierząt: {(0, 0)=[◥], (3, 3)=[◥], (0, 1)=[^], (7, 8)=[◤], (1, 3)=[^], (9, 1)=[v, <, <, >, ◢, >, ◢, ◥, ^, ◣, ◢, ◥, ◣, ◣, ◥], (8, 3)=[◥], (7, 3)=[^], (6, 2)=[v], (6, 4)=[◥]}
19 Jan 2025 01:24:00 GMT Zwierzę poruszyło się z (7, 3) na (7, 3)
19 Jan 2025 01:24:00 GMT Długość listy pozycji: 10
Lista pozycji zwierząt: {(0, 0)=[◥], (3, 3)=[◥], (0, 1)=[^], (7, 8)=[◤], (1, 3)=[^], (9, 1)=[v, <, <, >, ◢, >, ◢, ◥, ^, ◣, ◢, ◥, ◣, ◣, ◥], (8, 3)=[◥], (7, 3)=[^], (6, 2)=[v], (6, 4)=[<]}
19 Jan 2025 01:24:00 GMT Zwierzę poruszyło się z (6, 4) na (6, 4)
19 Jan 2025 01:24:01 GMT Długość listy pozycji: 10
Lista pozycji zwierząt: {(0, 0)=[◥], (3, 3)=[◥], (0, 1)=[^], (7, 8)=[>], (1, 3)=[^], (9, 1)=[v, <, <, >, ◢, >, ◢, ◥, ^, ◣, ◢, ◥, ◣, ◣, ◥], (8, 3)=[◥], (7, 3)=[^], (6, 2)=[v], (6, 4)=[<]}
19 Jan 2025 01:24:01 GMT Zwierzę poruszyło się z (7, 8) na (7, 8)
19 Jan 2025 01:24:01 GMT Długość listy pozycji: 10
Lista pozycji zwierząt: {(0, 0)=[◥], (3, 3)=[◥], (0, 1)=[^], (7, 8)=[>], (1, 3)=[^], (9, 1)=[v, <, <, >, ◢, >, ◢, ◥, ^, ◣, ◢, ◥, ◣, ◣, ◥], (8, 3)=[◥], (7, 3)=[^], (6, 2)=[v], (6, 4)=[<]}
19 Jan 2025 01:24:01 GMT Zwierzę poruszyło się z (0, 1) na (0, 1)
19 Jan 2025 01:24:01 GMT Zwierze zostało położone na (9, 1)
19 Jan 2025 01:24:01 GMT Urodziło się nowe zwierzę na (9, 1)
19 Jan 2025 01:24:01 GMT Roślinka wyrosła na null
19 Jan 2025 01:24:01 GMT Roślinka wyrosła na null
19 Jan 2025 01:24:01 GMT Roślinka wyrosła na null
19 Jan 2025 01:24:01 GMT Roślinka wyrosła na null
19 Jan 2025 01:24:01 GMT Roślinka wyrosła na null
19 Jan 2025 01:24:01 GMT Roślinka wyrosła na null
19 Jan 2025 01:24:01 GMT Roślinka wyrosła na null
19 Jan 2025 01:24:01 GMT Roślinka wyrosła na null
19 Jan 2025 01:24:01 GMT Roślinka wyrosła na null
19 Jan 2025 01:24:01 GMT Roślinka wyrosła na null
19 Jan 2025 01:24:01 GMT Długość listy pozycji: 10
Lista pozycji zwierząt: {(0, 0)=[◥], (3, 3)=[◥], (0, 1)=[^], (7, 8)=[>], (1, 3)=[^], (9, 1)=[◢, v, <, <, >, ◢, >, ◢, ◥, ^, ◣, ◢, ◥, ◣, ◣, ◥], (8, 3)=[◥], (7, 3)=[^], (6, 2)=[◤], (6, 4)=[<]}
19 Jan 2025 01:24:01 GMT Zwierzę poruszyło się z (6, 2) na (6, 2)
19 Jan 2025 01:24:01 GMT Długość listy pozycji: 10
Lista pozycji zwierząt: {(0, 0)=[◥], (3, 3)=[◥], (0, 1)=[^], (7, 8)=[>], (1, 3)=[v], (9, 1)=[◢, v, <, <, >, ◢, >, ◢, ◥, ^, ◣, ◢, ◥, ◣, ◣, ◥], (8, 3)=[◥], (7, 3)=[^], (6, 2)=[◤], (6, 4)=[<]}
19 Jan 2025 01:24:01 GMT Zwierzę poruszyło się z (1, 3) na (1, 3)
19 Jan 2025 01:24:01 GMT Długość listy pozycji: 10
Lista pozycji zwierząt: {(0, 0)=[◥], (3, 3)=[<], (0, 1)=[^], (7, 8)=[>], (1, 3)=[v], (9, 1)=[◢, v, <, <, >, ◢, >, ◢, ◥, ^, ◣, ◢, ◥, ◣, ◣, ◥], (8, 3)=[◥], (7, 3)=[^], (6, 2)=[◤], (6, 4)=[<]}
19 Jan 2025 01:24:01 GMT Zwierzę poruszyło się z (3, 3) na (3, 3)
19 Jan 2025 01:24:02 GMT Długość listy pozycji: 10
Lista pozycji zwierząt: {(0, 0)=[◥], (3, 3)=[<], (0, 1)=[^], (7, 8)=[>], (1, 3)=[v], (9, 1)=[◢, v, <, <, >, ◢, >, ◢, ◥, ^, ◣, ◢, ◥, ◣, ◣, ◥], (8, 3)=[>], (7, 3)=[^], (6, 2)=[◤], (6, 4)=[<]}
19 Jan 2025 01:24:02 GMT Zwierzę poruszyło się z (8, 3) na (8, 3)
19 Jan 2025 01:24:02 GMT Długość listy pozycji: 10
Lista pozycji zwierząt: {(0, 0)=[◥], (3, 3)=[<], (0, 1)=[^], (7, 8)=[>], (1, 3)=[v], (9, 1)=[◢, v, <, <, >, ◢, >, ◢, ◥, ^, ◣, ◢, ◥, ◣, ◣, ◥], (8, 3)=[>], (7, 3)=[^], (6, 2)=[◤], (6, 4)=[<]}
19 Jan 2025 01:24:02 GMT Zwierzę poruszyło się z (0, 0) na (0, 0)
19 Jan 2025 01:24:02 GMT Długość listy pozycji: 10
Lista pozycji zwierząt: {(0, 0)=[◥], (3, 3)=[<], (0, 1)=[^], (7, 8)=[>], (1, 3)=[v], (9, 1)=[◢, v, <, <, >, ◢, >, ◢, ◥, ^, ◣, ◢, ◥, ◣, ◣, ◥], (8, 3)=[>], (7, 3)=[>], (6, 2)=[◤], (6, 4)=[<]}
19 Jan 2025 01:24:02 GMT Zwierzę poruszyło się z (7, 3) na (7, 3)
19 Jan 2025 01:24:02 GMT Długość listy pozycji: 10
Lista pozycji zwierząt: {(0, 0)=[◥], (3, 3)=[<], (0, 1)=[^], (7, 8)=[>], (1, 3)=[v], (9, 1)=[◢, v, <, <, >, ◢, >, ◢, ◥, ^, ◣, ◢, ◥, ◣, ◣, ◥], (8, 3)=[>], (7, 3)=[>], (6, 2)=[◤], (6, 4)=[◤]}
19 Jan 2025 01:24:02 GMT Zwierzę poruszyło się z (6, 4) na (6, 4)
19 Jan 2025 01:24:02 GMT Długość listy pozycji: 10
Lista pozycji zwierząt: {(0, 0)=[◥], (3, 3)=[<], (0, 1)=[^], (7, 8)=[◢], (1, 3)=[v], (9, 1)=[◢, v, <, <, >, ◢, >, ◢, ◥, ^, ◣, ◢, ◥, ◣, ◣, ◥], (8, 3)=[>], (7, 3)=[>], (6, 2)=[◤], (6, 4)=[◤]}
19 Jan 2025 01:24:02 GMT Zwierzę poruszyło się z (7, 8) na (7, 8)
19 Jan 2025 01:24:02 GMT Długość listy pozycji: 10
Lista pozycji zwierząt: {(0, 0)=[◥], (3, 3)=[<], (0, 1)=[v], (7, 8)=[◢], (1, 3)=[v], (9, 1)=[◢, v, <, <, >, ◢, >, ◢, ◥, v, ◣, ◢, ◥, ◣, ◣, ◥], (8, 3)=[>], (7, 3)=[>], (6, 2)=[◤], (6, 4)=[◤]}
19 Jan 2025 01:24:02 GMT Zwierzę poruszyło się z (0, 1) na (0, 1)
19 Jan 2025 01:24:02 GMT Zwierze zostało położone na (9, 1)
19 Jan 2025 01:24:02 GMT Urodziło się nowe zwierzę na (9, 1)
19 Jan 2025 01:24:02 GMT Roślinka wyrosła na null
19 Jan 2025 01:24:02 GMT Roślinka wyrosła na null
19 Jan 2025 01:24:03 GMT Roślinka wyrosła na null
19 Jan 2025 01:24:03 GMT Roślinka wyrosła na null
19 Jan 2025 01:24:03 GMT Roślinka wyrosła na null
19 Jan 2025 01:24:03 GMT Roślinka wyrosła na null
19 Jan 2025 01:24:03 GMT Roślinka wyrosła na null
19 Jan 2025 01:24:03 GMT Roślinka wyrosła na null
19 Jan 2025 01:24:03 GMT Roślinka wyrosła na null
19 Jan 2025 01:24:03 GMT Roślinka wyrosła na null
19 Jan 2025 01:24:03 GMT Długość listy pozycji: 10
Lista pozycji zwierząt: {(0, 0)=[◥], (3, 3)=[<], (0, 1)=[v], (7, 8)=[◢], (1, 3)=[v], (9, 1)=[◣, ◢, v, <, <, >, ◢, >, ◢, ◥, v, ◣, ◢, ◥, ◣, ◣, ◥], (8, 3)=[>], (7, 3)=[>], (6, 2)=[>], (6, 4)=[◤]}
19 Jan 2025 01:24:03 GMT Zwierzę poruszyło się z (6, 2) na (6, 2)
19 Jan 2025 01:24:03 GMT Długość listy pozycji: 10
Lista pozycji zwierząt: {(0, 0)=[◥], (3, 3)=[<], (0, 1)=[v], (7, 8)=[◢], (1, 3)=[v], (9, 1)=[◣, ◢, v, <, <, >, ◢, >, ◢, ◥, v, ◣, ◢, ◥, ◣, ◣, ◥], (8, 3)=[>], (7, 3)=[>], (6, 2)=[>], (6, 4)=[◤]}
19 Jan 2025 01:24:03 GMT Zwierzę poruszyło się z (1, 3) na (1, 3)
19 Jan 2025 01:24:03 GMT Długość listy pozycji: 10
Lista pozycji zwierząt: {(0, 0)=[◥], (3, 3)=[v], (0, 1)=[v], (7, 8)=[◢], (1, 3)=[v], (9, 1)=[◣, ◢, v, <, <, >, ◢, >, ◢, ◥, v, ◣, ◢, ◥, ◣, ◣, ◥], (8, 3)=[>], (7, 3)=[>], (6, 2)=[>], (6, 4)=[◤]}
19 Jan 2025 01:24:03 GMT Zwierzę poruszyło się z (3, 3) na (3, 3)
19 Jan 2025 01:24:03 GMT Długość listy pozycji: 10
Lista pozycji zwierząt: {(0, 0)=[◥], (3, 3)=[v], (0, 1)=[v], (7, 8)=[◢], (1, 3)=[v], (9, 1)=[◣, ◢, v, <, <, >, ◢, >, ◢, ◥, v, ◣, ◢, ◥, ◣, ◣, ◥], (8, 3)=[◢], (7, 3)=[>], (6, 2)=[>], (6, 4)=[◤]}
19 Jan 2025 01:24:03 GMT Zwierzę poruszyło się z (8, 3) na (8, 3)
19 Jan 2025 01:24:03 GMT Długość listy pozycji: 10
Lista pozycji zwierząt: {(0, 0)=[◥], (3, 3)=[v], (0, 1)=[v], (7, 8)=[◢], (1, 3)=[v], (9, 1)=[◣, ◢, v, <, <, >, ◢, >, ◢, ◥, v, ◣, ◢, ◥, ◣, ◣, ◥], (8, 3)=[◢], (7, 3)=[>], (6, 2)=[>], (6, 4)=[◤]}
19 Jan 2025 01:24:03 GMT Zwierzę poruszyło się z (0, 0) na (0, 0)
19 Jan 2025 01:24:03 GMT Długość listy pozycji: 10
Lista pozycji zwierząt: {(0, 0)=[◥], (3, 3)=[v], (0, 1)=[v], (7, 8)=[◢], (1, 3)=[v], (9, 1)=[◣, ◢, v, <, <, >, ◢, >, ◢, ◥, v, ◣, ◢, ◥, ◣, ◣, ◥], (8, 3)=[◢], (7, 3)=[^], (6, 2)=[>], (6, 4)=[◤]}
19 Jan 2025 01:24:03 GMT Zwierzę poruszyło się z (7, 3) na (7, 3)
19 Jan 2025 01:24:03 GMT Długość listy pozycji: 10
Lista pozycji zwierząt: {(0, 0)=[◥], (3, 3)=[v], (0, 1)=[v], (7, 8)=[◢], (1, 3)=[v], (9, 1)=[◣, ◢, v, <, <, >, ◢, >, ◢, ◥, v, ◣, ◢, ◥, ◣, ◣, ◥], (8, 3)=[◢], (7, 3)=[^], (6, 2)=[>], (6, 4)=[◢]}
19 Jan 2025 01:24:03 GMT Zwierzę poruszyło się z (6, 4) na (6, 4)
19 Jan 2025 01:24:03 GMT Długość listy pozycji: 10
Lista pozycji zwierząt: {(0, 0)=[◥], (3, 3)=[v], (0, 1)=[v], (7, 8)=[^], (1, 3)=[v], (9, 1)=[◣, ◢, v, <, <, >, ◢, >, ◢, ◥, v, ◣, ◢, ◥, ◣, ◣, ◥], (8, 3)=[◢], (7, 3)=[^], (6, 2)=[>], (6, 4)=[◢]}
19 Jan 2025 01:24:03 GMT Zwierzę poruszyło się z (7, 8) na (7, 8)
19 Jan 2025 01:24:04 GMT Długość listy pozycji: 10
Lista pozycji zwierząt: {(0, 0)=[◥], (3, 3)=[v], (0, 1)=[v], (7, 8)=[^], (1, 3)=[v], (9, 1)=[◣, ◢, v, <, <, >, ◢, >, ◢, ◥, v, ◣, ◢, ◥, ◣, ◣, ◥], (8, 3)=[◢], (7, 3)=[^], (6, 2)=[>], (6, 4)=[◢]}
19 Jan 2025 01:24:04 GMT Zwierzę poruszyło się z (0, 1) na (0, 1)
19 Jan 2025 01:24:04 GMT Zwierze zostało położone na (9, 1)
19 Jan 2025 01:24:04 GMT Urodziło się nowe zwierzę na (9, 1)
19 Jan 2025 01:24:04 GMT Roślinka wyrosła na null
19 Jan 2025 01:24:04 GMT Roślinka wyrosła na null
19 Jan 2025 01:24:04 GMT Roślinka wyrosła na null
19 Jan 2025 01:24:04 GMT Roślinka wyrosła na null
19 Jan 2025 01:24:04 GMT Roślinka wyrosła na null
19 Jan 2025 01:24:04 GMT Roślinka wyrosła na null
19 Jan 2025 01:24:04 GMT Roślinka wyrosła na null
19 Jan 2025 01:24:04 GMT Roślinka wyrosła na null
19 Jan 2025 01:24:04 GMT Roślinka wyrosła na null
19 Jan 2025 01:24:04 GMT Roślinka wyrosła na null
19 Jan 2025 01:24:04 GMT Długość listy pozycji: 10
Lista pozycji zwierząt: {(0, 0)=[◥], (3, 3)=[v], (0, 1)=[v], (7, 8)=[^], (1, 3)=[v], (9, 1)=[◢, ◣, ◢, v, <, <, >, ◢, >, ◢, ◥, v, ◣, ◢, ◥, ◣, ◣, ◥], (8, 3)=[◢], (7, 3)=[^], (6, 2)=[◤], (6, 4)=[◢]}
19 Jan 2025 01:24:04 GMT Zwierzę poruszyło się z (6, 2) na (6, 2)
19 Jan 2025 01:24:04 GMT Długość listy pozycji: 10
Lista pozycji zwierząt: {(0, 0)=[◥], (3, 3)=[v], (0, 1)=[v], (7, 8)=[^], (1, 3)=[◥], (9, 1)=[◢, ◣, ◢, v, <, <, >, ◢, >, ◢, ◥, v, ◣, ◢, ◥, ◣, ◣, ◥], (8, 3)=[◢], (7, 3)=[^], (6, 2)=[◤], (6, 4)=[◢]}
19 Jan 2025 01:24:04 GMT Zwierzę poruszyło się z (1, 3) na (1, 3)
19 Jan 2025 01:24:04 GMT Długość listy pozycji: 10
Lista pozycji zwierząt: {(0, 0)=[◥], (3, 3)=[>], (0, 1)=[v], (7, 8)=[^], (1, 3)=[◥], (9, 1)=[◢, ◣, ◢, v, <, <, >, ◢, >, ◢, ◥, v, ◣, ◢, ◥, ◣, ◣, ◥], (8, 3)=[◢], (7, 3)=[^], (6, 2)=[◤], (6, 4)=[◢]}
19 Jan 2025 01:24:04 GMT Zwierzę poruszyło się z (3, 3) na (3, 3)
19 Jan 2025 01:24:05 GMT Długość listy pozycji: 10
Lista pozycji zwierząt: {(0, 0)=[◥], (3, 3)=[>], (0, 1)=[v], (7, 8)=[^], (1, 3)=[◥], (9, 1)=[◢, ◣, ◢, v, <, <, >, ◢, >, ◢, ◥, v, ◣, ◢, ◥, ◣, ◣, ◥], (8, 3)=[v], (7, 3)=[^], (6, 2)=[◤], (6, 4)=[◢]}
19 Jan 2025 01:24:05 GMT Zwierzę poruszyło się z (8, 3) na (8, 3)
19 Jan 2025 01:24:05 GMT Długość listy pozycji: 10
Lista pozycji zwierząt: {(0, 0)=[◥], (3, 3)=[>], (0, 1)=[v], (7, 8)=[^], (1, 3)=[◥], (9, 1)=[◢, ◣, ◢, v, <, <, >, ◢, >, ◢, ◥, v, ◣, ◢, ◥, ◣, ◣, ◥], (8, 3)=[v], (7, 3)=[^], (6, 2)=[◤], (6, 4)=[◢]}
19 Jan 2025 01:24:05 GMT Zwierzę poruszyło się z (0, 0) na (0, 0)
19 Jan 2025 01:24:05 GMT Długość listy pozycji: 10
Lista pozycji zwierząt: {(0, 0)=[◥], (3, 3)=[>], (0, 1)=[v], (7, 8)=[^], (1, 3)=[◥], (9, 1)=[◢, ◣, ◢, v, <, <, >, ◢, >, ◢, ◥, v, ◣, ◢, ◥, ◣, ◣, ◥], (8, 3)=[v], (7, 3)=[v], (6, 2)=[◤], (6, 4)=[◢]}
19 Jan 2025 01:24:05 GMT Zwierzę poruszyło się z (7, 3) na (7, 3)
19 Jan 2025 01:24:05 GMT Długość listy pozycji: 10
Lista pozycji zwierząt: {(0, 0)=[◥], (3, 3)=[>], (0, 1)=[v], (7, 8)=[^], (1, 3)=[◥], (9, 1)=[◢, ◣, ◢, v, <, <, >, ◢, >, ◢, ◥, v, ◣, ◢, ◥, ◣, ◣, ◥], (8, 3)=[v], (7, 3)=[v], (6, 2)=[◤], (6, 4)=[^]}
19 Jan 2025 01:24:05 GMT Zwierzę poruszyło się z (6, 4) na (6, 4)
19 Jan 2025 01:24:05 GMT Długość listy pozycji: 10
Lista pozycji zwierząt: {(0, 0)=[◥], (3, 3)=[>], (0, 1)=[v], (7, 8)=[>], (1, 3)=[◥], (9, 1)=[◢, ◣, ◢, v, <, <, >, ◢, >, ◢, ◥, v, ◣, ◢, ◥, ◣, ◣, ◥], (8, 3)=[v], (7, 3)=[v], (6, 2)=[◤], (6, 4)=[^]}
19 Jan 2025 01:24:05 GMT Zwierzę poruszyło się z (7, 8) na (7, 8)
19 Jan 2025 01:24:05 GMT Długość listy pozycji: 10
Lista pozycji zwierząt: {(0, 0)=[◥], (3, 3)=[>], (0, 1)=[^], (7, 8)=[>], (1, 3)=[◥], (9, 1)=[◢, ◣, ◢, v, <, <, >, ◢, >, ◢, ◥, ^, ◣, ◢, ◥, ◣, ◣, ◥], (8, 3)=[v], (7, 3)=[v], (6, 2)=[◤], (6, 4)=[^]}
19 Jan 2025 01:24:05 GMT Zwierzę poruszyło się z (0, 1) na (0, 1)
19 Jan 2025 01:24:05 GMT Zwierze zostało położone na (9, 1)
19 Jan 2025 01:24:05 GMT Urodziło się nowe zwierzę na (9, 1)
19 Jan 2025 01:24:05 GMT Roślinka wyrosła na null
19 Jan 2025 01:24:05 GMT Roślinka wyrosła na null
19 Jan 2025 01:24:06 GMT Roślinka wyrosła na null
19 Jan 2025 01:24:06 GMT Roślinka wyrosła na null
19 Jan 2025 01:24:06 GMT Roślinka wyrosła na null
19 Jan 2025 01:24:06 GMT Roślinka wyrosła na null
19 Jan 2025 01:24:06 GMT Roślinka wyrosła na null
19 Jan 2025 01:24:06 GMT Roślinka wyrosła na null
19 Jan 2025 01:24:06 GMT Roślinka wyrosła na null
19 Jan 2025 01:24:06 GMT Roślinka wyrosła na null
19 Jan 2025 01:24:06 GMT Długość listy pozycji: 10
Lista pozycji zwierząt: {(0, 0)=[◥], (3, 3)=[>], (0, 1)=[^], (7, 8)=[>], (1, 3)=[◥], (9, 1)=[v, ◢, ◣, ◢, v, <, <, >, ◢, >, ◢, ◥, ^, ◣, ◢, ◥, ◣, ◣, ◥], (8, 3)=[v], (7, 3)=[v], (6, 2)=[>], (6, 4)=[^]}
19 Jan 2025 01:24:06 GMT Zwierzę poruszyło się z (6, 2) na (6, 2)
19 Jan 2025 01:24:06 GMT Długość listy pozycji: 10
Lista pozycji zwierząt: {(0, 0)=[◥], (3, 3)=[>], (0, 1)=[^], (7, 8)=[>], (1, 3)=[◤], (9, 1)=[v, ◢, ◣, ◢, v, <, <, >, ◢, >, ◢, ◥, ^, ◣, ◢, ◥, ◣, ◣, ◥], (8, 3)=[v], (7, 3)=[v], (6, 2)=[>], (6, 4)=[^]}
19 Jan 2025 01:24:06 GMT Zwierzę poruszyło się z (1, 3) na (1, 3)
19 Jan 2025 01:24:06 GMT Długość listy pozycji: 10
Lista pozycji zwierząt: {(0, 0)=[◥], (3, 3)=[◣], (0, 1)=[^], (7, 8)=[>], (1, 3)=[◤], (9, 1)=[v, ◢, ◣, ◢, v, <, <, >, ◢, >, ◢, ◥, ^, ◣, ◢, ◥, ◣, ◣, ◥], (8, 3)=[v], (7, 3)=[v], (6, 2)=[>], (6, 4)=[^]}
19 Jan 2025 01:24:06 GMT Zwierzę poruszyło się z (3, 3) na (3, 3)
19 Jan 2025 01:24:06 GMT Długość listy pozycji: 10
Lista pozycji zwierząt: {(0, 0)=[◥], (3, 3)=[◣], (0, 1)=[^], (7, 8)=[>], (1, 3)=[◤], (9, 1)=[v, ◢, ◣, ◢, v, <, <, >, ◢, >, ◢, ◥, ^, ◣, ◢, ◥, ◣, ◣, ◥], (8, 3)=[◥], (7, 3)=[v], (6, 2)=[>], (6, 4)=[^]}
19 Jan 2025 01:24:06 GMT Zwierzę poruszyło się z (8, 3) na (8, 3)
19 Jan 2025 01:24:06 GMT Długość listy pozycji: 9
Lista pozycji zwierząt: {(3, 3)=[◣], (0, 1)=[^], (7, 8)=[>], (1, 3)=[◤], (9, 1)=[v, ◢, ◣, ◢, v, <, <, >, ◢, >, ◢, ◤, ^, ◣, ◢, ◥, ◣, ◣, ◤], (8, 3)=[◥], (7, 3)=[v], (6, 2)=[>], (6, 4)=[^]}
19 Jan 2025 01:24:06 GMT Zwierzę poruszyło się z (0, 0) na (9, 1)
19 Jan 2025 01:24:06 GMT Długość listy pozycji: 9
Lista pozycji zwierząt: {(3, 3)=[◣], (0, 1)=[^], (7, 8)=[>], (1, 3)=[◤], (9, 1)=[v, ◢, ◣, ◢, v, <, <, >, ◢, >, ◢, ◤, ^, ◣, ◢, ◥, ◣, ◣, ◤], (8, 3)=[◥], (7, 3)=[^], (6, 2)=[>], (6, 4)=[^]}
19 Jan 2025 01:24:06 GMT Zwierzę poruszyło się z (7, 3) na (7, 3)
19 Jan 2025 01:24:06 GMT Długość listy pozycji: 9
Lista pozycji zwierząt: {(3, 3)=[◣], (0, 1)=[^], (7, 8)=[>], (1, 3)=[◤], (9, 1)=[v, ◢, ◣, ◢, v, <, <, >, ◢, >, ◢, ◤, ^, ◣, ◢, ◥, ◣, ◣, ◤], (8, 3)=[◥], (7, 3)=[^], (6, 2)=[>], (6, 4)=[◥]}
19 Jan 2025 01:24:06 GMT Zwierzę poruszyło się z (6, 4) na (6, 4)
19 Jan 2025 01:24:06 GMT Długość listy pozycji: 9
Lista pozycji zwierząt: {(3, 3)=[◣], (0, 1)=[^], (7, 8)=[◤], (1, 3)=[◤], (9, 1)=[v, ◢, ◣, ◢, v, <, <, >, ◢, >, ◢, ◤, ^, ◣, ◢, ◥, ◣, ◣, ◤], (8, 3)=[◥], (7, 3)=[^], (6, 2)=[>], (6, 4)=[◥]}
19 Jan 2025 01:24:06 GMT Zwierzę poruszyło się z (7, 8) na (7, 8)
19 Jan 2025 01:24:07 GMT Długość listy pozycji: 9
Lista pozycji zwierząt: {(3, 3)=[◣], (0, 1)=[◢], (7, 8)=[◤], (1, 3)=[◤], (9, 1)=[v, ◢, ◣, ◢, v, <, <, >, ◢, >, ◢, ◤, ◢, ◣, ◢, ◥, ◣, ◣, ◤], (8, 3)=[◥], (7, 3)=[^], (6, 2)=[>], (6, 4)=[◥]}
19 Jan 2025 01:24:07 GMT Zwierzę poruszyło się z (0, 1) na (0, 1)
19 Jan 2025 01:24:07 GMT Zwierze zostało położone na (9, 1)
19 Jan 2025 01:24:07 GMT Urodziło się nowe zwierzę na (9, 1)
19 Jan 2025 01:24:07 GMT Roślinka wyrosła na null
19 Jan 2025 01:24:07 GMT Roślinka wyrosła na null
19 Jan 2025 01:24:07 GMT Roślinka wyrosła na null
19 Jan 2025 01:24:07 GMT Roślinka wyrosła na null
19 Jan 2025 01:24:07 GMT Roślinka wyrosła na null
19 Jan 2025 01:24:07 GMT Roślinka wyrosła na null
19 Jan 2025 01:24:07 GMT Roślinka wyrosła na null
19 Jan 2025 01:24:07 GMT Roślinka wyrosła na null
19 Jan 2025 01:24:07 GMT Roślinka wyrosła na null
19 Jan 2025 01:24:07 GMT Roślinka wyrosła na null
19 Jan 2025 01:24:07 GMT Zwierzę umarło na (6, 2)
19 Jan 2025 01:24:07 GMT Zwierzę umarło na (1, 3)
19 Jan 2025 01:24:07 GMT Zwierzę umarło na (3, 3)
19 Jan 2025 01:24:07 GMT Zwierzę umarło na (8, 3)
19 Jan 2025 01:24:07 GMT Zwierzę umarło na (7, 3)
19 Jan 2025 01:24:07 GMT Zwierzę umarło na (6, 4)
19 Jan 2025 01:24:07 GMT Zwierzę umarło na (7, 8)
19 Jan 2025 01:24:07 GMT Zwierzę umarło na (0, 1)
19 Jan 2025 01:24:07 GMT Długość listy pozycji: 9
Lista pozycji zwierząt: {(3, 3)=[], (0, 1)=[], (7, 8)=[], (1, 3)=[], (9, 1)=[<, ^, v, ◢, ◣, ◢, v, <, <, >, ◢, >, ◢, ◢, ◣, ◢, ◥, ◣, ◣, ^], (8, 3)=[], (7, 3)=[], (6, 2)=[], (6, 4)=[]}
19 Jan 2025 01:24:07 GMT Zwierzę poruszyło się z (9, 1) na (9, 1)
19 Jan 2025 01:24:08 GMT Zwierze zostało położone na (9, 1)
19 Jan 2025 01:24:08 GMT Urodziło się nowe zwierzę na (9, 1)
19 Jan 2025 01:24:08 GMT Roślinka wyrosła na null
19 Jan 2025 01:24:08 GMT Roślinka wyrosła na null
19 Jan 2025 01:24:08 GMT Roślinka wyrosła na null
19 Jan 2025 01:24:08 GMT Roślinka wyrosła na null
19 Jan 2025 01:24:08 GMT Roślinka wyrosła na null
19 Jan 2025 01:24:08 GMT Roślinka wyrosła na null
19 Jan 2025 01:24:08 GMT Roślinka wyrosła na null
19 Jan 2025 01:24:08 GMT Roślinka wyrosła na null
19 Jan 2025 01:24:08 GMT Roślinka wyrosła na null
19 Jan 2025 01:24:08 GMT Roślinka wyrosła na null
19 Jan 2025 01:24:08 GMT Długość listy pozycji: 9
Lista pozycji zwierząt: {(3, 3)=[], (0, 1)=[], (7, 8)=[], (1, 3)=[], (9, 1)=[v, <, <, v, ◢, ◣, ◢, v, <, <, >, ◢, >, ◢, ◢, ◣, ◢, ◥, ◣, ◣, <], (8, 3)=[], (7, 3)=[], (6, 2)=[], (6, 4)=[]}
19 Jan 2025 01:24:08 GMT Zwierzę poruszyło się z (9, 1) na (9, 1)
19 Jan 2025 01:24:08 GMT Zwierze zostało położone na (9, 1)
19 Jan 2025 01:24:08 GMT Urodziło się nowe zwierzę na (9, 1)
19 Jan 2025 01:24:08 GMT Roślinka wyrosła na null
19 Jan 2025 01:24:08 GMT Roślinka wyrosła na null
19 Jan 2025 01:24:08 GMT Roślinka wyrosła na null
19 Jan 2025 01:24:08 GMT Roślinka wyrosła na null
19 Jan 2025 01:24:08 GMT Roślinka wyrosła na null
19 Jan 2025 01:24:08 GMT Roślinka wyrosła na null
19 Jan 2025 01:24:08 GMT Roślinka wyrosła na null
19 Jan 2025 01:24:08 GMT Roślinka wyrosła na null
19 Jan 2025 01:24:08 GMT Roślinka wyrosła na null
19 Jan 2025 01:24:08 GMT Roślinka wyrosła na null
19 Jan 2025 01:24:08 GMT Długość listy pozycji: 10
Lista pozycji zwierząt: {(0, 0)=[◢], (3, 3)=[], (0, 1)=[], (7, 8)=[], (1, 3)=[], (9, 1)=[◢, v, ◢, <, v, ◢, ◣, ◢, v, <, <, >, ◢, >, ◢, ◢, ◣, ◢, ◥, ◣, ◣, ◢], (8, 3)=[], (7, 3)=[], (6, 2)=[], (6, 4)=[]}
19 Jan 2025 01:24:08 GMT Zwierzę poruszyło się z (9, 1) na (0, 0)
19 Jan 2025 01:24:09 GMT Zwierze zostało położone na (9, 1)
19 Jan 2025 01:24:09 GMT Urodziło się nowe zwierzę na (9, 1)
19 Jan 2025 01:24:09 GMT Roślinka wyrosła na null
19 Jan 2025 01:24:09 GMT Roślinka wyrosła na null
19 Jan 2025 01:24:09 GMT Roślinka wyrosła na null
19 Jan 2025 01:24:09 GMT Roślinka wyrosła na null
19 Jan 2025 01:24:09 GMT Roślinka wyrosła na null
19 Jan 2025 01:24:09 GMT Roślinka wyrosła na null
19 Jan 2025 01:24:09 GMT Roślinka wyrosła na null
19 Jan 2025 01:24:09 GMT Roślinka wyrosła na null
19 Jan 2025 01:24:09 GMT Roślinka wyrosła na null
19 Jan 2025 01:24:09 GMT Roślinka wyrosła na null
19 Jan 2025 01:24:09 GMT Długość listy pozycji: 10
Lista pozycji zwierząt: {(0, 0)=[^], (3, 3)=[], (0, 1)=[], (7, 8)=[], (1, 3)=[], (9, 1)=[◤, ◢, v, ^, <, v, ◢, ◣, ◢, v, <, <, >, ◢, >, ◢, ◢, ◣, ◢, ◥, ◣, ◣, ^], (8, 3)=[], (7, 3)=[], (6, 2)=[], (6, 4)=[]}
19 Jan 2025 01:24:09 GMT Zwierzę poruszyło się z (0, 0) na (0, 0)
19 Jan 2025 01:24:09 GMT Zwierze zostało położone na (9, 1)
19 Jan 2025 01:24:09 GMT Urodziło się nowe zwierzę na (9, 1)
19 Jan 2025 01:24:10 GMT Roślinka wyrosła na null
19 Jan 2025 01:24:10 GMT Roślinka wyrosła na null
19 Jan 2025 01:24:10 GMT Roślinka wyrosła na null
19 Jan 2025 01:24:10 GMT Roślinka wyrosła na null
19 Jan 2025 01:24:10 GMT Roślinka wyrosła na null
19 Jan 2025 01:24:10 GMT Roślinka wyrosła na null
19 Jan 2025 01:24:10 GMT Roślinka wyrosła na null
19 Jan 2025 01:24:10 GMT Roślinka wyrosła na null
19 Jan 2025 01:24:10 GMT Roślinka wyrosła na null
19 Jan 2025 01:24:10 GMT Roślinka wyrosła na null
19 Jan 2025 01:24:10 GMT Długość listy pozycji: 10
Lista pozycji zwierząt: {(0, 0)=[^], (3, 3)=[], (0, 1)=[], (7, 8)=[], (1, 3)=[], (9, 1)=[◢, ◤, ◢, v, ^, <, v, ◢, ◣, ◢, v, <, <, >, ◢, >, ◢, ◢, ◣, ◢, ◥, ◣, ◣, ^], (8, 3)=[], (7, 3)=[], (6, 2)=[], (6, 4)=[]}
19 Jan 2025 01:24:10 GMT Zwierzę poruszyło się z (0, 0) na (0, 0)
19 Jan 2025 01:24:10 GMT Zwierze zostało położone na (9, 1)
19 Jan 2025 01:24:10 GMT Urodziło się nowe zwierzę na (9, 1)
19 Jan 2025 01:24:10 GMT Roślinka wyrosła na null
19 Jan 2025 01:24:10 GMT Roślinka wyrosła na null
19 Jan 2025 01:24:10 GMT Roślinka wyrosła na null
19 Jan 2025 01:24:10 GMT Roślinka wyrosła na null
19 Jan 2025 01:24:10 GMT Roślinka wyrosła na null
19 Jan 2025 01:24:10 GMT Roślinka wyrosła na null
19 Jan 2025 01:24:10 GMT Roślinka wyrosła na null
19 Jan 2025 01:24:10 GMT Roślinka wyrosła na null
19 Jan 2025 01:24:10 GMT Roślinka wyrosła na null
19 Jan 2025 01:24:10 GMT Roślinka wyrosła na null
19 Jan 2025 01:24:11 GMT Długość listy pozycji: 10
Lista pozycji zwierząt: {(0, 0)=[^], (3, 3)=[], (0, 1)=[], (7, 8)=[], (1, 3)=[], (9, 1)=[>, ◢, ◤, ◢, v, ^, <, v, ◢, ◣, ◢, v, <, <, >, ◢, >, ◢, ◢, ◣, ◢, ◥, ◣, ◣, ^], (8, 3)=[], (7, 3)=[], (6, 2)=[], (6, 4)=[]}
19 Jan 2025 01:24:11 GMT Zwierzę poruszyło się z (0, 0) na (0, 0)
19 Jan 2025 01:24:11 GMT Zwierze zostało położone na (9, 1)
19 Jan 2025 01:24:11 GMT Urodziło się nowe zwierzę na (9, 1)
19 Jan 2025 01:24:11 GMT Roślinka wyrosła na null
19 Jan 2025 01:24:11 GMT Roślinka wyrosła na null
19 Jan 2025 01:24:11 GMT Roślinka wyrosła na null
19 Jan 2025 01:24:11 GMT Roślinka wyrosła na null
19 Jan 2025 01:24:11 GMT Roślinka wyrosła na null
19 Jan 2025 01:24:11 GMT Roślinka wyrosła na null
19 Jan 2025 01:24:11 GMT Roślinka wyrosła na null
19 Jan 2025 01:24:11 GMT Roślinka wyrosła na null
19 Jan 2025 01:24:11 GMT Roślinka wyrosła na null
19 Jan 2025 01:24:11 GMT Roślinka wyrosła na null
19 Jan 2025 01:24:11 GMT Długość listy pozycji: 10
Lista pozycji zwierząt: {(0, 0)=[^], (3, 3)=[], (0, 1)=[], (7, 8)=[], (1, 3)=[], (9, 1)=[◥, >, ◢, ◤, ◢, v, ^, <, v, ◢, ◣, ◢, v, <, <, >, ◢, >, ◢, ◢, ◣, ◢, ◥, ◣, ◣, ^], (8, 3)=[], (7, 3)=[], (6, 2)=[], (6, 4)=[]}
19 Jan 2025 01:24:11 GMT Zwierzę poruszyło się z (0, 0) na (0, 0)
19 Jan 2025 01:24:12 GMT Zwierze zostało położone na (9, 1)
19 Jan 2025 01:24:12 GMT Urodziło się nowe zwierzę na (9, 1)
19 Jan 2025 01:24:12 GMT Roślinka wyrosła na null
19 Jan 2025 01:24:12 GMT Roślinka wyrosła na null
19 Jan 2025 01:24:12 GMT Roślinka wyrosła na null
19 Jan 2025 01:24:12 GMT Roślinka wyrosła na null
19 Jan 2025 01:24:12 GMT Roślinka wyrosła na null
19 Jan 2025 01:24:12 GMT Roślinka wyrosła na null
19 Jan 2025 01:24:12 GMT Roślinka wyrosła na null
19 Jan 2025 01:24:12 GMT Roślinka wyrosła na null
19 Jan 2025 01:24:12 GMT Roślinka wyrosła na null
19 Jan 2025 01:24:12 GMT Roślinka wyrosła na null
19 Jan 2025 01:24:12 GMT Długość listy pozycji: 10
Lista pozycji zwierząt: {(0, 0)=[^], (3, 3)=[], (0, 1)=[], (7, 8)=[], (1, 3)=[], (9, 1)=[<, ◥, >, ◢, ◤, ◢, v, ^, <, v, ◢, ◣, ◢, v, <, <, >, ◢, >, ◢, ◢, ◣, ◢, ◥, ◣, ◣, ^], (8, 3)=[], (7, 3)=[], (6, 2)=[], (6, 4)=[]}
19 Jan 2025 01:24:12 GMT Zwierzę poruszyło się z (0, 0) na (0, 0)
