18 Jan 2025 22:04:25 GMT Zwierze zostało położone na (8, 1)
18 Jan 2025 22:04:25 GMT Zwierze zostało położone na (2, 9)
18 Jan 2025 22:04:25 GMT Zwierze zostało położone na (7, 5)
18 Jan 2025 22:04:26 GMT Zwierze zostało położone na (8, 1)
18 Jan 2025 22:04:26 GMT Zwierze zostało położone na (7, 3)
18 Jan 2025 22:04:26 GMT Zwierze zostało położone na (4, 4)
18 Jan 2025 22:04:26 GMT Zwierze zostało położone na (9, 5)
18 Jan 2025 22:04:26 GMT Zwierze zostało położone na (6, 1)
18 Jan 2025 22:04:26 GMT Zwierze zostało położone na (6, 0)
18 Jan 2025 22:04:26 GMT Zwierze zostało położone na (6, 3)
18 Jan 2025 22:04:26 GMT Długość listy pozycji: 10
Lista pozycji zwierząt: {(4, 4)=[>], (2, 9)=[◥], (8, 1)=[◣], (8, 2)=[^], (6, 0)=[◣], (6, 1)=[>], (9, 5)=[<], (7, 3)=[>], (6, 3)=[◣], (7, 5)=[>]}
18 Jan 2025 22:04:26 GMT Zwierzę poruszyło się z (8, 1) na (8, 2)
18 Jan 2025 22:04:26 GMT Długość listy pozycji: 10
Lista pozycji zwierząt: {(4, 4)=[>], (3, 9)=[>], (8, 1)=[◣], (8, 2)=[^], (6, 0)=[◣], (6, 1)=[>], (9, 5)=[<], (7, 3)=[>], (6, 3)=[◣], (7, 5)=[>]}
18 Jan 2025 22:04:26 GMT Zwierzę poruszyło się z (2, 9) na (3, 9)
18 Jan 2025 22:04:26 GMT Długość listy pozycji: 10
Lista pozycji zwierząt: {(4, 4)=[>], (3, 9)=[>], (8, 1)=[◣], (8, 2)=[^], (6, 0)=[◣], (6, 1)=[>], (9, 5)=[<], (7, 3)=[>], (7, 4)=[v], (6, 3)=[◣]}
18 Jan 2025 22:04:26 GMT Zwierzę poruszyło się z (7, 5) na (7, 4)
18 Jan 2025 22:04:26 GMT Długość listy pozycji: 10
Lista pozycji zwierząt: {(4, 4)=[>], (3, 9)=[>], (9, 1)=[>], (8, 2)=[^], (6, 0)=[◣], (6, 1)=[>], (9, 5)=[<], (7, 3)=[>], (7, 4)=[v], (6, 3)=[◣]}
18 Jan 2025 22:04:26 GMT Zwierzę poruszyło się z (8, 1) na (9, 1)
18 Jan 2025 22:04:27 GMT Długość listy pozycji: 10
Lista pozycji zwierząt: {(4, 4)=[>], (3, 9)=[>], (9, 1)=[>], (8, 2)=[^], (6, 0)=[◣], (7, 2)=[v], (6, 1)=[>], (9, 5)=[<], (7, 4)=[v], (6, 3)=[◣]}
18 Jan 2025 22:04:27 GMT Zwierzę poruszyło się z (7, 3) na (7, 2)
18 Jan 2025 22:04:27 GMT Długość listy pozycji: 10
Lista pozycji zwierząt: {(4, 3)=[v], (3, 9)=[>], (9, 1)=[>], (8, 2)=[^], (6, 0)=[◣], (7, 2)=[v], (6, 1)=[>], (9, 5)=[<], (7, 4)=[v], (6, 3)=[◣]}
18 Jan 2025 22:04:27 GMT Zwierzę poruszyło się z (4, 4) na (4, 3)
18 Jan 2025 22:04:27 GMT Długość listy pozycji: 10
Lista pozycji zwierząt: {(4, 3)=[v], (3, 9)=[>], (9, 1)=[>], (8, 2)=[^], (6, 0)=[◣], (9, 4)=[v], (7, 2)=[v], (6, 1)=[>], (7, 4)=[v], (6, 3)=[◣]}
18 Jan 2025 22:04:27 GMT Zwierzę poruszyło się z (9, 5) na (9, 4)
18 Jan 2025 22:04:27 GMT Długość listy pozycji: 9
Lista pozycji zwierząt: {(4, 3)=[v], (3, 9)=[>], (9, 1)=[>], (8, 2)=[^], (6, 0)=[◣, v], (9, 4)=[v], (7, 2)=[v], (7, 4)=[v], (6, 3)=[◣]}
18 Jan 2025 22:04:27 GMT Zwierzę poruszyło się z (6, 1) na (6, 0)
18 Jan 2025 22:04:27 GMT Długość listy pozycji: 10
Lista pozycji zwierząt: {(4, 3)=[v], (3, 9)=[>], (9, 1)=[>], (7, 0)=[>], (8, 2)=[^], (6, 0)=[v], (9, 4)=[v], (7, 2)=[v], (7, 4)=[v], (6, 3)=[◣]}
18 Jan 2025 22:04:27 GMT Zwierzę poruszyło się z (6, 0) na (7, 0)
18 Jan 2025 22:04:27 GMT Długość listy pozycji: 10
Lista pozycji zwierząt: {(4, 3)=[v], (3, 9)=[>], (9, 1)=[>], (7, 0)=[>], (8, 2)=[^], (6, 0)=[v], (9, 4)=[v], (7, 2)=[v], (7, 3)=[>], (7, 4)=[v]}
18 Jan 2025 22:04:27 GMT Zwierzę poruszyło się z (6, 3) na (7, 3)
18 Jan 2025 22:04:27 GMT Roślinka wyrosła na (9, 9)
18 Jan 2025 22:04:27 GMT Roślinka wyrosła na (9, 7)
18 Jan 2025 22:04:27 GMT Roślinka wyrosła na (0, 2)
18 Jan 2025 22:04:27 GMT Roślinka wyrosła na (1, 5)
18 Jan 2025 22:04:27 GMT Roślinka wyrosła na (0, 6)
18 Jan 2025 22:04:27 GMT Roślinka wyrosła na (0, 3)
18 Jan 2025 22:04:27 GMT Roślinka wyrosła na (0, 8)
18 Jan 2025 22:04:27 GMT Roślinka wyrosła na (9, 1)
18 Jan 2025 22:04:27 GMT Roślinka wyrosła na (3, 6)
18 Jan 2025 22:04:27 GMT Roślinka wyrosła na (4, 6)
18 Jan 2025 22:04:28 GMT Długość listy pozycji: 10
Lista pozycji zwierząt: {(4, 3)=[v], (3, 9)=[>], (9, 1)=[>], (8, 1)=[v], (7, 0)=[>], (6, 0)=[v], (9, 4)=[v], (7, 2)=[v], (7, 3)=[>], (7, 4)=[v]}
18 Jan 2025 22:04:28 GMT Zwierzę poruszyło się z (8, 2) na (8, 1)
18 Jan 2025 22:04:28 GMT Długość listy pozycji: 10
Lista pozycji zwierząt: {(4, 3)=[v], (4, 8)=[◢], (9, 1)=[>], (8, 1)=[v], (7, 0)=[>], (6, 0)=[v], (9, 4)=[v], (7, 2)=[v], (7, 3)=[>], (7, 4)=[v]}
18 Jan 2025 22:04:28 GMT Zwierzę poruszyło się z (3, 9) na (4, 8)
18 Jan 2025 22:04:28 GMT Długość listy pozycji: 10
Lista pozycji zwierząt: {(4, 3)=[v], (4, 8)=[◢], (9, 1)=[>], (8, 1)=[v], (7, 0)=[>], (6, 0)=[v], (9, 4)=[v], (7, 2)=[v], (7, 3)=[>], (6, 4)=[<]}
18 Jan 2025 22:04:28 GMT Zwierzę poruszyło się z (7, 4) na (6, 4)
18 Jan 2025 22:04:28 GMT Długość listy pozycji: 10
Lista pozycji zwierząt: {(4, 3)=[v], (4, 8)=[◢], (8, 1)=[v], (7, 0)=[>], (8, 2)=[◤], (6, 0)=[v], (9, 4)=[v], (7, 2)=[v], (7, 3)=[>], (6, 4)=[<]}
18 Jan 2025 22:04:28 GMT Zwierzę poruszyło się z (9, 1) na (8, 2)
18 Jan 2025 22:04:28 GMT Długość listy pozycji: 10
Lista pozycji zwierząt: {(4, 3)=[v], (4, 8)=[◢], (8, 1)=[v], (7, 0)=[>], (8, 2)=[◤], (6, 0)=[v], (9, 4)=[v], (6, 2)=[<], (7, 3)=[>], (6, 4)=[<]}
18 Jan 2025 22:04:28 GMT Zwierzę poruszyło się z (7, 2) na (6, 2)
18 Jan 2025 22:04:28 GMT Długość listy pozycji: 10
Lista pozycji zwierząt: {(3, 3)=[<], (4, 8)=[◢], (8, 1)=[v], (7, 0)=[>], (8, 2)=[◤], (6, 0)=[v], (9, 4)=[v], (6, 2)=[<], (7, 3)=[>], (6, 4)=[<]}
18 Jan 2025 22:04:28 GMT Zwierzę poruszyło się z (4, 3) na (3, 3)
18 Jan 2025 22:04:28 GMT Długość listy pozycji: 10
Lista pozycji zwierząt: {(3, 3)=[<], (0, 4)=[>], (4, 8)=[◢], (8, 1)=[v], (7, 0)=[>], (8, 2)=[◤], (6, 0)=[v], (6, 2)=[<], (7, 3)=[>], (6, 4)=[<]}
18 Jan 2025 22:04:28 GMT Zwierzę poruszyło się z (9, 4) na (0, 4)
18 Jan 2025 22:04:28 GMT Długość listy pozycji: 10
Lista pozycji zwierząt: {(3, 3)=[<], (0, 4)=[>], (4, 8)=[◢], (8, 1)=[v], (7, 0)=[>], (8, 2)=[◤], (5, 0)=[<], (6, 2)=[<], (7, 3)=[>], (6, 4)=[<]}
18 Jan 2025 22:04:28 GMT Zwierzę poruszyło się z (6, 0) na (5, 0)
18 Jan 2025 22:04:28 GMT Długość listy pozycji: 10
Lista pozycji zwierząt: {(3, 3)=[<], (0, 4)=[>], (4, 8)=[◢], (8, 1)=[v], (8, 2)=[◤], (6, 1)=[◤], (5, 0)=[<], (6, 2)=[<], (7, 3)=[>], (6, 4)=[<]}
18 Jan 2025 22:04:28 GMT Zwierzę poruszyło się z (7, 0) na (6, 1)
18 Jan 2025 22:04:29 GMT Długość listy pozycji: 9
Lista pozycji zwierząt: {(3, 3)=[<], (0, 4)=[>], (4, 8)=[◢], (8, 1)=[v], (8, 2)=[◤], (6, 1)=[◤], (5, 0)=[<], (6, 2)=[<], (6, 4)=[<, ◤]}
18 Jan 2025 22:04:29 GMT Zwierzę poruszyło się z (7, 3) na (6, 4)
18 Jan 2025 22:04:29 GMT Zwierzę zjadło roślinkę na (3, 3)
18 Jan 2025 22:04:29 GMT Zwierze zostało położone na (6, 4)
18 Jan 2025 22:04:29 GMT Urodziło się nowe zwierzę na (6, 4)
18 Jan 2025 22:04:29 GMT Roślinka wyrosła na (2, 5)
18 Jan 2025 22:04:29 GMT Roślinka wyrosła na (1, 6)
18 Jan 2025 22:04:29 GMT Roślinka wyrosła na (5, 5)
18 Jan 2025 22:04:29 GMT Roślinka wyrosła na (7, 6)
18 Jan 2025 22:04:29 GMT Roślinka wyrosła na (5, 6)
18 Jan 2025 22:04:29 GMT Roślinka wyrosła na (4, 5)
18 Jan 2025 22:04:29 GMT Roślinka wyrosła na (2, 6)
18 Jan 2025 22:04:29 GMT Roślinka wyrosła na (4, 0)
18 Jan 2025 22:04:29 GMT Roślinka wyrosła na (6, 6)
18 Jan 2025 22:04:29 GMT Roślinka wyrosła na (3, 2)
18 Jan 2025 22:04:29 GMT Zwierzę umarło na (6, 4)
18 Jan 2025 22:04:29 GMT Długość listy pozycji: 8
Lista pozycji zwierząt: {(3, 3)=[<], (0, 4)=[>], (4, 8)=[◢], (8, 2)=[◤, ^], (6, 1)=[◤], (5, 0)=[<], (6, 2)=[<], (6, 4)=[◣, ◤]}
18 Jan 2025 22:04:29 GMT Zwierzę poruszyło się z (8, 1) na (8, 2)
18 Jan 2025 22:04:29 GMT Długość listy pozycji: 8
Lista pozycji zwierząt: {(3, 3)=[<], (4, 7)=[v], (0, 4)=[>], (8, 2)=[◤, ^], (6, 1)=[◤], (5, 0)=[<], (6, 2)=[<], (6, 4)=[◣, ◤]}
18 Jan 2025 22:04:29 GMT Zwierzę poruszyło się z (4, 8) na (4, 7)
18 Jan 2025 22:04:29 GMT Długość listy pozycji: 9
Lista pozycji zwierząt: {(3, 3)=[<], (4, 7)=[v], (0, 4)=[>], (8, 1)=[v], (8, 2)=[^], (6, 1)=[◤], (5, 0)=[<], (6, 2)=[<], (6, 4)=[◣, ◤]}
18 Jan 2025 22:04:29 GMT Zwierzę poruszyło się z (8, 2) na (8, 1)
18 Jan 2025 22:04:29 GMT Długość listy pozycji: 9
Lista pozycji zwierząt: {(3, 3)=[<], (4, 7)=[v], (0, 4)=[>], (8, 1)=[v], (8, 2)=[^], (6, 1)=[◤], (5, 0)=[<], (6, 3)=[^], (6, 4)=[◣, ◤]}
18 Jan 2025 22:04:29 GMT Zwierzę poruszyło się z (6, 2) na (6, 3)
18 Jan 2025 22:04:30 GMT Długość listy pozycji: 9
Lista pozycji zwierząt: {(3, 4)=[^], (4, 7)=[v], (0, 4)=[>], (8, 1)=[v], (8, 2)=[^], (6, 1)=[◤], (5, 0)=[<], (6, 3)=[^], (6, 4)=[◣, ◤]}
18 Jan 2025 22:04:30 GMT Zwierzę poruszyło się z (3, 3) na (3, 4)
18 Jan 2025 22:04:30 GMT Długość listy pozycji: 9
Lista pozycji zwierząt: {(3, 4)=[^], (4, 7)=[v], (0, 5)=[^], (8, 1)=[v], (8, 2)=[^], (6, 1)=[◤], (5, 0)=[<], (6, 3)=[^], (6, 4)=[◣, ◤]}
18 Jan 2025 22:04:30 GMT Zwierzę poruszyło się z (0, 4) na (0, 5)
18 Jan 2025 22:04:30 GMT Długość listy pozycji: 9
Lista pozycji zwierząt: {(3, 4)=[^], (4, 7)=[v], (0, 5)=[^], (8, 1)=[v], (8, 2)=[^], (6, 1)=[◤], (5, 1)=[^], (6, 3)=[^], (6, 4)=[◣, ◤]}
18 Jan 2025 22:04:30 GMT Zwierzę poruszyło się z (5, 0) na (5, 1)
18 Jan 2025 22:04:30 GMT Długość listy pozycji: 9
Lista pozycji zwierząt: {(3, 4)=[^], (4, 7)=[v], (0, 5)=[^], (8, 1)=[v], (6, 0)=[v], (8, 2)=[^], (5, 1)=[^], (6, 3)=[^], (6, 4)=[◣, ◤]}
18 Jan 2025 22:04:30 GMT Zwierzę poruszyło się z (6, 1) na (6, 0)
18 Jan 2025 22:04:30 GMT Długość listy pozycji: 9
Lista pozycji zwierząt: {(3, 4)=[^], (4, 7)=[v], (0, 5)=[^], (8, 1)=[v], (6, 0)=[v], (8, 2)=[^], (5, 1)=[^], (6, 3)=[^, v], (6, 4)=[◣]}
18 Jan 2025 22:04:30 GMT Zwierzę poruszyło się z (6, 4) na (6, 3)
18 Jan 2025 22:04:30 GMT Zwierzę zjadło roślinkę na (0, 5)
18 Jan 2025 22:04:32 GMT Zwierze zostało położone na (6, 3)
18 Jan 2025 22:04:32 GMT Urodziło się nowe zwierzę na (6, 3)
18 Jan 2025 22:04:32 GMT Roślinka wyrosła na (7, 2)
18 Jan 2025 22:04:32 GMT Roślinka wyrosła na (4, 3)
18 Jan 2025 22:04:32 GMT Roślinka wyrosła na (8, 0)
18 Jan 2025 22:04:32 GMT Roślinka wyrosła na (7, 9)
18 Jan 2025 22:04:32 GMT Roślinka wyrosła na (0, 7)
18 Jan 2025 22:04:32 GMT Roślinka wyrosła na (1, 1)
18 Jan 2025 22:04:32 GMT Roślinka wyrosła na (5, 1)
18 Jan 2025 22:04:32 GMT Roślinka wyrosła na (2, 9)
18 Jan 2025 22:04:32 GMT Roślinka wyrosła na (0, 1)
18 Jan 2025 22:04:32 GMT Roślinka wyrosła na (6, 2)
18 Jan 2025 22:04:32 GMT Zwierzę umarło na (6, 3)
18 Jan 2025 22:04:32 GMT Długość listy pozycji: 8
Lista pozycji zwierząt: {(3, 4)=[^], (4, 7)=[v], (0, 5)=[^], (8, 1)=[v, v], (6, 0)=[v], (5, 1)=[^], (6, 3)=[<, v], (6, 4)=[◣]}
18 Jan 2025 22:04:32 GMT Zwierzę poruszyło się z (8, 2) na (8, 1)
18 Jan 2025 22:04:32 GMT Długość listy pozycji: 8
Lista pozycji zwierząt: {(3, 4)=[^], (3, 6)=[◣], (0, 5)=[^], (8, 1)=[v, v], (6, 0)=[v], (5, 1)=[^], (6, 3)=[<, v], (6, 4)=[◣]}
18 Jan 2025 22:04:32 GMT Zwierzę poruszyło się z (4, 7) na (3, 6)
18 Jan 2025 22:04:32 GMT Długość listy pozycji: 9
Lista pozycji zwierząt: {(3, 4)=[^], (3, 6)=[◣], (0, 5)=[^], (9, 2)=[◥], (8, 1)=[v], (6, 0)=[v], (5, 1)=[^], (6, 3)=[<, v], (6, 4)=[◣]}
18 Jan 2025 22:04:32 GMT Zwierzę poruszyło się z (8, 1) na (9, 2)
18 Jan 2025 22:04:32 GMT Długość listy pozycji: 9
Lista pozycji zwierząt: {(4, 4)=[>], (3, 6)=[◣], (0, 5)=[^], (9, 2)=[◥], (8, 1)=[v], (6, 0)=[v], (5, 1)=[^], (6, 3)=[<, v], (6, 4)=[◣]}
18 Jan 2025 22:04:32 GMT Zwierzę poruszyło się z (3, 4) na (4, 4)
18 Jan 2025 22:04:33 GMT Długość listy pozycji: 9
Lista pozycji zwierząt: {(4, 4)=[>], (3, 6)=[◣], (9, 2)=[◥], (8, 1)=[v], (6, 0)=[v], (9, 5)=[<], (5, 1)=[^], (6, 3)=[<, v], (6, 4)=[◣]}
18 Jan 2025 22:04:33 GMT Zwierzę poruszyło się z (0, 5) na (9, 5)
18 Jan 2025 22:04:33 GMT Długość listy pozycji: 9
Lista pozycji zwierząt: {(4, 4)=[>], (3, 6)=[◣], (9, 2)=[◥], (8, 1)=[v], (6, 0)=[v], (6, 1)=[>], (9, 5)=[<], (6, 3)=[<, v], (6, 4)=[◣]}
18 Jan 2025 22:04:33 GMT Zwierzę poruszyło się z (5, 1) na (6, 1)
18 Jan 2025 22:04:33 GMT Długość listy pozycji: 9
Lista pozycji zwierząt: {(4, 4)=[>], (3, 6)=[◣], (9, 2)=[◥], (8, 1)=[v], (7, 1)=[◥], (6, 1)=[>], (9, 5)=[<], (6, 3)=[<, v], (6, 4)=[◣]}
18 Jan 2025 22:04:33 GMT Zwierzę poruszyło się z (6, 0) na (7, 1)
18 Jan 2025 22:04:33 GMT Długość listy pozycji: 10
Lista pozycji zwierząt: {(4, 4)=[>], (3, 6)=[◣], (9, 2)=[◥], (8, 1)=[v], (7, 1)=[◥], (6, 1)=[>], (9, 5)=[<], (7, 4)=[◥], (6, 3)=[<], (6, 4)=[◣]}
18 Jan 2025 22:04:33 GMT Zwierzę poruszyło się z (6, 3) na (7, 4)
18 Jan 2025 22:04:33 GMT Zwierzę zjadło roślinkę na (3, 6)
18 Jan 2025 22:04:33 GMT Zwierzę zjadło roślinkę na (9, 5)
18 Jan 2025 22:04:33 GMT Roślinka wyrosła na (7, 4)
18 Jan 2025 22:04:33 GMT Roślinka wyrosła na (6, 1)
18 Jan 2025 22:04:33 GMT Roślinka wyrosła na (1, 7)
18 Jan 2025 22:04:33 GMT Roślinka wyrosła na (8, 3)
18 Jan 2025 22:04:33 GMT Roślinka wyrosła na (3, 1)
18 Jan 2025 22:04:33 GMT Roślinka wyrosła na (9, 3)
18 Jan 2025 22:04:33 GMT Roślinka wyrosła na (2, 4)
18 Jan 2025 22:04:33 GMT Roślinka wyrosła na (8, 4)
18 Jan 2025 22:04:33 GMT Roślinka wyrosła na (5, 8)
18 Jan 2025 22:04:33 GMT Roślinka wyrosła na (1, 0)
18 Jan 2025 22:04:33 GMT Długość listy pozycji: 10
Lista pozycji zwierząt: {(4, 4)=[>], (3, 6)=[◣], (9, 2)=[◥], (8, 2)=[^], (7, 1)=[◥], (6, 1)=[>], (9, 5)=[<], (7, 4)=[◥], (6, 3)=[<], (6, 4)=[◣]}
18 Jan 2025 22:04:33 GMT Zwierzę poruszyło się z (8, 1) na (8, 2)
18 Jan 2025 22:04:33 GMT Długość listy pozycji: 10
Lista pozycji zwierząt: {(4, 4)=[>], (2, 6)=[<], (9, 2)=[◥], (8, 2)=[^], (7, 1)=[◥], (6, 1)=[>], (9, 5)=[<], (7, 4)=[◥], (6, 3)=[<], (6, 4)=[◣]}
18 Jan 2025 22:04:34 GMT Zwierzę poruszyło się z (3, 6) na (2, 6)
18 Jan 2025 22:04:34 GMT Długość listy pozycji: 9
Lista pozycji zwierząt: {(4, 4)=[>], (2, 6)=[<], (8, 2)=[^, <], (7, 1)=[◥], (6, 1)=[>], (9, 5)=[<], (7, 4)=[◥], (6, 3)=[<], (6, 4)=[◣]}
18 Jan 2025 22:04:34 GMT Zwierzę poruszyło się z (9, 2) na (8, 2)
18 Jan 2025 22:04:34 GMT Długość listy pozycji: 9
Lista pozycji zwierząt: {(4, 3)=[v], (2, 6)=[<], (8, 2)=[^, <], (7, 1)=[◥], (6, 1)=[>], (9, 5)=[<], (7, 4)=[◥], (6, 3)=[<], (6, 4)=[◣]}
18 Jan 2025 22:04:34 GMT Zwierzę poruszyło się z (4, 4) na (4, 3)
18 Jan 2025 22:04:34 GMT Długość listy pozycji: 9
Lista pozycji zwierząt: {(4, 3)=[v], (2, 6)=[<], (8, 2)=[^, <], (7, 1)=[◥], (9, 4)=[v], (6, 1)=[>], (7, 4)=[◥], (6, 3)=[<], (6, 4)=[◣]}
18 Jan 2025 22:04:34 GMT Zwierzę poruszyło się z (9, 5) na (9, 4)
18 Jan 2025 22:04:34 GMT Długość listy pozycji: 9
Lista pozycji zwierząt: {(4, 3)=[v], (2, 6)=[<], (6, 0)=[v], (8, 2)=[^, <], (7, 1)=[◥], (9, 4)=[v], (7, 4)=[◥], (6, 3)=[<], (6, 4)=[◣]}
18 Jan 2025 22:04:34 GMT Zwierzę poruszyło się z (6, 1) na (6, 0)
18 Jan 2025 22:04:34 GMT Długość listy pozycji: 9
Lista pozycji zwierząt: {(4, 3)=[v], (2, 6)=[<], (6, 0)=[v], (8, 2)=[^, <], (6, 1)=[<], (9, 4)=[v], (7, 4)=[◥], (6, 3)=[<], (6, 4)=[◣]}
18 Jan 2025 22:04:34 GMT Zwierzę poruszyło się z (7, 1) na (6, 1)
18 Jan 2025 22:04:34 GMT Długość listy pozycji: 8
Lista pozycji zwierząt: {(4, 3)=[v], (2, 6)=[<], (6, 0)=[v], (8, 2)=[^, <], (6, 1)=[<], (9, 4)=[v], (6, 3)=[<], (6, 4)=[◣, <]}
18 Jan 2025 22:04:34 GMT Zwierzę poruszyło się z (7, 4) na (6, 4)
18 Jan 2025 22:04:34 GMT Zwierzę zjadło roślinkę na (4, 3)
18 Jan 2025 22:04:34 GMT Zwierzę zjadło roślinkę na (2, 6)
18 Jan 2025 22:04:34 GMT Zwierzę zjadło roślinkę na (6, 1)
18 Jan 2025 22:04:34 GMT Zwierze zostało położone na (8, 2)
18 Jan 2025 22:04:34 GMT Urodziło się nowe zwierzę na (8, 2)
18 Jan 2025 22:04:35 GMT Zwierze zostało położone na (6, 4)
18 Jan 2025 22:04:35 GMT Urodziło się nowe zwierzę na (6, 4)
18 Jan 2025 22:04:35 GMT Roślinka wyrosła na (2, 1)
18 Jan 2025 22:04:35 GMT Roślinka wyrosła na (2, 0)
18 Jan 2025 22:04:35 GMT Roślinka wyrosła na (1, 3)
18 Jan 2025 22:04:35 GMT Roślinka wyrosła na (5, 2)
18 Jan 2025 22:04:35 GMT Roślinka wyrosła na (2, 8)
18 Jan 2025 22:04:35 GMT Roślinka wyrosła na (2, 7)
18 Jan 2025 22:04:35 GMT Roślinka wyrosła na (1, 9)
18 Jan 2025 22:04:35 GMT Roślinka wyrosła na (3, 8)
18 Jan 2025 22:04:35 GMT Roślinka wyrosła na (6, 3)
18 Jan 2025 22:04:35 GMT Roślinka wyrosła na (8, 8)
18 Jan 2025 22:04:35 GMT Zwierzę umarło na (8, 2)
18 Jan 2025 22:04:35 GMT Długość listy pozycji: 8
Lista pozycji zwierząt: {(4, 3)=[v], (1, 7)=[◤], (6, 0)=[v], (8, 2)=[◣, <], (6, 1)=[<], (9, 4)=[v], (6, 3)=[<], (6, 4)=[>, ◣, <]}
18 Jan 2025 22:04:35 GMT Zwierzę poruszyło się z (2, 6) na (1, 7)
18 Jan 2025 22:04:35 GMT Długość listy pozycji: 9
Lista pozycji zwierząt: {(4, 3)=[v], (1, 7)=[◤], (9, 1)=[◢], (6, 0)=[v], (8, 2)=[◣], (6, 1)=[<], (9, 4)=[v], (6, 3)=[<], (6, 4)=[>, ◣, <]}
18 Jan 2025 22:04:35 GMT Zwierzę poruszyło się z (8, 2) na (9, 1)
18 Jan 2025 22:04:35 GMT Długość listy pozycji: 9
Lista pozycji zwierząt: {(3, 3)=[<], (1, 7)=[◤], (9, 1)=[◢], (6, 0)=[v], (8, 2)=[◣], (6, 1)=[<], (9, 4)=[v], (6, 3)=[<], (6, 4)=[>, ◣, <]}
18 Jan 2025 22:04:35 GMT Zwierzę poruszyło się z (4, 3) na (3, 3)
18 Jan 2025 22:04:35 GMT Długość listy pozycji: 9
Lista pozycji zwierząt: {(3, 3)=[<], (0, 4)=[>], (1, 7)=[◤], (9, 1)=[◢], (6, 0)=[v], (8, 2)=[◣], (6, 1)=[<], (6, 3)=[<], (6, 4)=[>, ◣, <]}
18 Jan 2025 22:04:35 GMT Zwierzę poruszyło się z (9, 4) na (0, 4)
18 Jan 2025 22:04:35 GMT Długość listy pozycji: 9
Lista pozycji zwierząt: {(3, 3)=[<], (0, 4)=[>], (1, 7)=[◤], (9, 1)=[◢], (8, 2)=[◣], (5, 0)=[<], (6, 1)=[<], (6, 3)=[<], (6, 4)=[>, ◣, <]}
18 Jan 2025 22:04:35 GMT Zwierzę poruszyło się z (6, 0) na (5, 0)
18 Jan 2025 22:04:35 GMT Długość listy pozycji: 9
Lista pozycji zwierząt: {(3, 3)=[<], (0, 4)=[>], (1, 7)=[◤], (9, 1)=[◢], (7, 0)=[◢], (8, 2)=[◣], (5, 0)=[<], (6, 3)=[<], (6, 4)=[>, ◣, <]}
18 Jan 2025 22:04:35 GMT Zwierzę poruszyło się z (6, 1) na (7, 0)
18 Jan 2025 22:04:35 GMT Długość listy pozycji: 10
Lista pozycji zwierząt: {(3, 3)=[<], (0, 4)=[>], (1, 7)=[◤], (9, 1)=[◢], (7, 0)=[◢], (8, 2)=[◣], (5, 0)=[<], (7, 3)=[◢], (6, 3)=[<], (6, 4)=[>, ◣, ◢]}
18 Jan 2025 22:04:35 GMT Zwierzę poruszyło się z (6, 4) na (7, 3)
18 Jan 2025 22:04:36 GMT Zwierzę zjadło roślinkę na (1, 7)
18 Jan 2025 22:04:36 GMT Zwierzę zjadło roślinkę na (9, 1)
18 Jan 2025 22:04:36 GMT Zwierzę zjadło roślinkę na (6, 3)
18 Jan 2025 22:04:36 GMT Zwierze zostało położone na (6, 4)
18 Jan 2025 22:04:36 GMT Urodziło się nowe zwierzę na (6, 4)
18 Jan 2025 22:04:36 GMT Roślinka wyrosła na (6, 7)
18 Jan 2025 22:04:36 GMT Roślinka wyrosła na (9, 0)
18 Jan 2025 22:04:36 GMT Roślinka wyrosła na (4, 8)
18 Jan 2025 22:04:36 GMT Roślinka wyrosła na (7, 3)
18 Jan 2025 22:04:36 GMT Roślinka wyrosła na (1, 4)
18 Jan 2025 22:04:36 GMT Roślinka wyrosła na (0, 4)
18 Jan 2025 22:04:36 GMT Roślinka wyrosła na (6, 4)
18 Jan 2025 22:04:36 GMT Roślinka wyrosła na (4, 2)
18 Jan 2025 22:04:36 GMT Roślinka wyrosła na (7, 8)
18 Jan 2025 22:04:36 GMT Roślinka wyrosła na (1, 2)
18 Jan 2025 22:04:36 GMT Długość listy pozycji: 10
Lista pozycji zwierząt: {(3, 3)=[<], (0, 4)=[>], (1, 8)=[^], (9, 1)=[◢], (7, 0)=[◢], (8, 2)=[◣], (5, 0)=[<], (7, 3)=[◢], (6, 3)=[<], (6, 4)=[◢, >, ◣, ◢]}
18 Jan 2025 22:04:36 GMT Zwierzę poruszyło się z (1, 7) na (1, 8)
18 Jan 2025 22:04:36 GMT Długość listy pozycji: 10
Lista pozycji zwierząt: {(3, 3)=[<], (0, 4)=[>], (1, 8)=[^], (9, 2)=[^], (7, 0)=[◢], (8, 2)=[◣], (5, 0)=[<], (7, 3)=[◢], (6, 3)=[<], (6, 4)=[◢, >, ◣, ◢]}
18 Jan 2025 22:04:36 GMT Zwierzę poruszyło się z (9, 1) na (9, 2)
18 Jan 2025 22:04:36 GMT Długość listy pozycji: 10
Lista pozycji zwierząt: {(3, 4)=[^], (0, 4)=[>], (1, 8)=[^], (9, 2)=[^], (7, 0)=[◢], (8, 2)=[◣], (5, 0)=[<], (7, 3)=[◢], (6, 3)=[<], (6, 4)=[◢, >, ◣, ◢]}
18 Jan 2025 22:04:36 GMT Zwierzę poruszyło się z (3, 3) na (3, 4)
18 Jan 2025 22:04:36 GMT Długość listy pozycji: 10
Lista pozycji zwierząt: {(3, 4)=[^], (0, 5)=[^], (1, 8)=[^], (9, 2)=[^], (7, 0)=[◢], (8, 2)=[◣], (5, 0)=[<], (7, 3)=[◢], (6, 3)=[<], (6, 4)=[◢, >, ◣, ◢]}
18 Jan 2025 22:04:36 GMT Zwierzę poruszyło się z (0, 4) na (0, 5)
18 Jan 2025 22:04:37 GMT Długość listy pozycji: 10
Lista pozycji zwierząt: {(3, 4)=[^], (0, 5)=[^], (1, 8)=[^], (9, 2)=[^], (7, 0)=[◢], (8, 2)=[◣], (5, 1)=[^], (7, 3)=[◢], (6, 3)=[<], (6, 4)=[◢, >, ◣, ◢]}
18 Jan 2025 22:04:37 GMT Zwierzę poruszyło się z (5, 0) na (5, 1)
18 Jan 2025 22:04:37 GMT Długość listy pozycji: 10
Lista pozycji zwierząt: {(3, 4)=[^], (0, 5)=[^], (1, 8)=[^], (9, 2)=[^], (7, 1)=[^], (8, 2)=[◣], (5, 1)=[^], (7, 3)=[◢], (6, 3)=[<], (6, 4)=[◢, >, ◣, ◢]}
18 Jan 2025 22:04:37 GMT Zwierzę poruszyło się z (7, 0) na (7, 1)
18 Jan 2025 22:04:37 GMT Długość listy pozycji: 10
Lista pozycji zwierząt: {(3, 4)=[^], (0, 5)=[^], (1, 8)=[^], (9, 2)=[^], (7, 1)=[^], (8, 2)=[◣], (5, 1)=[^], (7, 4)=[^], (6, 3)=[<], (6, 4)=[◢, >, ◣, ^]}
18 Jan 2025 22:04:37 GMT Zwierzę poruszyło się z (7, 3) na (7, 4)
18 Jan 2025 22:04:37 GMT Zwierzę zjadło roślinkę na (5, 1)
18 Jan 2025 22:04:37 GMT Zwierzę zjadło roślinkę na (7, 4)
18 Jan 2025 22:04:37 GMT Zwierzę zjadło roślinkę na (6, 4)
18 Jan 2025 22:04:37 GMT Zwierze zostało położone na (6, 4)
18 Jan 2025 22:04:37 GMT Urodziło się nowe zwierzę na (6, 4)
18 Jan 2025 22:04:37 GMT Roślinka wyrosła na (0, 9)
18 Jan 2025 22:04:37 GMT Roślinka wyrosła na (7, 7)
18 Jan 2025 22:04:37 GMT Roślinka wyrosła na (4, 1)
18 Jan 2025 22:04:37 GMT Roślinka wyrosła na (5, 4)
18 Jan 2025 22:04:37 GMT Roślinka wyrosła na (4, 9)
18 Jan 2025 22:04:37 GMT Roślinka wyrosła na (6, 8)
18 Jan 2025 22:04:37 GMT Roślinka wyrosła na (2, 3)
18 Jan 2025 22:04:37 GMT Roślinka wyrosła na (3, 7)
18 Jan 2025 22:04:37 GMT Roślinka wyrosła na (9, 2)
18 Jan 2025 22:04:37 GMT Roślinka wyrosła na (8, 9)
18 Jan 2025 22:04:37 GMT Długość listy pozycji: 10
Lista pozycji zwierząt: {(3, 4)=[^], (0, 5)=[^], (2, 9)=[◥], (9, 2)=[^], (7, 1)=[^], (8, 2)=[◣], (5, 1)=[^], (7, 4)=[^], (6, 3)=[<], (6, 4)=[◣, ◢, >, ◣, ^]}
18 Jan 2025 22:04:37 GMT Zwierzę poruszyło się z (1, 8) na (2, 9)
18 Jan 2025 22:04:37 GMT Długość listy pozycji: 10
Lista pozycji zwierząt: {(3, 4)=[^], (0, 5)=[^], (2, 9)=[◥], (8, 1)=[◣], (7, 1)=[^], (8, 2)=[◣], (5, 1)=[^], (7, 4)=[^], (6, 3)=[<], (6, 4)=[◣, ◢, >, ◣, ^]}
18 Jan 2025 22:04:37 GMT Zwierzę poruszyło się z (9, 2) na (8, 1)
18 Jan 2025 22:04:38 GMT Długość listy pozycji: 10
Lista pozycji zwierząt: {(4, 4)=[>], (0, 5)=[^], (2, 9)=[◥], (8, 1)=[◣], (7, 1)=[^], (8, 2)=[◣], (5, 1)=[^], (7, 4)=[^], (6, 3)=[<], (6, 4)=[◣, ◢, >, ◣, ^]}
18 Jan 2025 22:04:38 GMT Zwierzę poruszyło się z (3, 4) na (4, 4)
18 Jan 2025 22:04:38 GMT Długość listy pozycji: 10
Lista pozycji zwierząt: {(4, 4)=[>], (2, 9)=[◥], (8, 1)=[◣], (7, 1)=[^], (8, 2)=[◣], (9, 5)=[<], (5, 1)=[^], (7, 4)=[^], (6, 3)=[<], (6, 4)=[◣, ◢, >, ◣, ^]}
18 Jan 2025 22:04:38 GMT Zwierzę poruszyło się z (0, 5) na (9, 5)
18 Jan 2025 22:04:38 GMT Długość listy pozycji: 10
Lista pozycji zwierząt: {(4, 4)=[>], (2, 9)=[◥], (8, 1)=[◣], (7, 1)=[^], (8, 2)=[◣], (6, 1)=[>], (9, 5)=[<], (7, 4)=[^], (6, 3)=[<], (6, 4)=[◣, ◢, >, ◣, ^]}
18 Jan 2025 22:04:38 GMT Zwierzę poruszyło się z (5, 1) na (6, 1)
18 Jan 2025 22:04:38 GMT Długość listy pozycji: 10
Lista pozycji zwierząt: {(4, 4)=[>], (2, 9)=[◥], (8, 1)=[◣], (6, 0)=[◣], (8, 2)=[◣], (6, 1)=[>], (9, 5)=[<], (7, 4)=[^], (6, 3)=[<], (6, 4)=[◣, ◢, >, ◣, ^]}
18 Jan 2025 22:04:38 GMT Zwierzę poruszyło się z (7, 1) na (6, 0)
18 Jan 2025 22:04:38 GMT Długość listy pozycji: 9
Lista pozycji zwierząt: {(4, 4)=[>], (2, 9)=[◥], (8, 1)=[◣], (6, 0)=[◣], (8, 2)=[◣], (6, 1)=[>], (9, 5)=[<], (6, 3)=[<, ◣], (6, 4)=[◣, ◢, >, ◣, ◣]}
18 Jan 2025 22:04:38 GMT Zwierzę poruszyło się z (7, 4) na (6, 3)
18 Jan 2025 22:04:38 GMT Zwierzę zjadło roślinkę na (2, 9)
18 Jan 2025 22:04:38 GMT Zwierze zostało położone na (6, 3)
18 Jan 2025 22:04:38 GMT Urodziło się nowe zwierzę na (6, 3)
18 Jan 2025 22:04:38 GMT Zwierze zostało położone na (6, 4)
18 Jan 2025 22:04:38 GMT Urodziło się nowe zwierzę na (6, 4)
18 Jan 2025 22:04:38 GMT Roślinka wyrosła na (9, 4)
18 Jan 2025 22:04:38 GMT Roślinka wyrosła na (2, 2)
18 Jan 2025 22:04:38 GMT Roślinka wyrosła na (6, 9)
18 Jan 2025 22:04:38 GMT Roślinka wyrosła na (9, 8)
18 Jan 2025 22:04:38 GMT Roślinka wyrosła na (3, 9)
18 Jan 2025 22:04:38 GMT Roślinka wyrosła na (5, 3)
18 Jan 2025 22:04:38 GMT Roślinka wyrosła na (6, 0)
18 Jan 2025 22:04:38 GMT Roślinka wyrosła na (7, 0)
18 Jan 2025 22:04:38 GMT Roślinka wyrosła na (5, 0)
18 Jan 2025 22:04:38 GMT Roślinka wyrosła na (1, 8)
18 Jan 2025 22:04:39 GMT Długość listy pozycji: 9
Lista pozycji zwierząt: {(4, 4)=[>], (3, 9)=[>], (8, 1)=[◣], (6, 0)=[◣], (8, 2)=[◣], (6, 1)=[>], (9, 5)=[<], (6, 3)=[◢, <, ◣], (6, 4)=[◢, ◣, ◢, >, ◣, ◣]}
18 Jan 2025 22:04:39 GMT Zwierzę poruszyło się z (2, 9) na (3, 9)
18 Jan 2025 22:04:39 GMT Długość listy pozycji: 9
Lista pozycji zwierząt: {(4, 4)=[>], (3, 9)=[>], (9, 1)=[>], (6, 0)=[◣], (8, 2)=[◣], (6, 1)=[>], (9, 5)=[<], (6, 3)=[◢, <, ◣], (6, 4)=[◢, ◣, ◢, >, ◣, ◣]}
18 Jan 2025 22:04:39 GMT Zwierzę poruszyło się z (8, 1) na (9, 1)
18 Jan 2025 22:04:39 GMT Długość listy pozycji: 9
Lista pozycji zwierząt: {(4, 3)=[v], (3, 9)=[>], (9, 1)=[>], (6, 0)=[◣], (8, 2)=[◣], (6, 1)=[>], (9, 5)=[<], (6, 3)=[◢, <, ◣], (6, 4)=[◢, ◣, ◢, >, ◣, ◣]}
18 Jan 2025 22:04:39 GMT Zwierzę poruszyło się z (4, 4) na (4, 3)
18 Jan 2025 22:04:39 GMT Długość listy pozycji: 9
Lista pozycji zwierząt: {(4, 3)=[v], (3, 9)=[>], (9, 1)=[>], (6, 0)=[◣], (8, 2)=[◣], (9, 4)=[v], (6, 1)=[>], (6, 3)=[◢, <, ◣], (6, 4)=[◢, ◣, ◢, >, ◣, ◣]}
18 Jan 2025 22:04:39 GMT Zwierzę poruszyło się z (9, 5) na (9, 4)
18 Jan 2025 22:04:39 GMT Długość listy pozycji: 8
Lista pozycji zwierząt: {(4, 3)=[v], (3, 9)=[>], (9, 1)=[>], (6, 0)=[◣, v], (8, 2)=[◣], (9, 4)=[v], (6, 3)=[◢, <, ◣], (6, 4)=[◢, ◣, ◢, >, ◣, ◣]}
18 Jan 2025 22:04:39 GMT Zwierzę poruszyło się z (6, 1) na (6, 0)
18 Jan 2025 22:04:39 GMT Długość listy pozycji: 9
Lista pozycji zwierząt: {(4, 3)=[v], (3, 9)=[>], (9, 1)=[>], (7, 0)=[>], (6, 0)=[v], (8, 2)=[◣], (9, 4)=[v], (6, 3)=[◢, <, ◣], (6, 4)=[◢, ◣, ◢, >, ◣, ◣]}
18 Jan 2025 22:04:39 GMT Zwierzę poruszyło się z (6, 0) na (7, 0)
18 Jan 2025 22:04:39 GMT Długość listy pozycji: 10
Lista pozycji zwierząt: {(4, 3)=[v], (3, 9)=[>], (9, 1)=[>], (7, 0)=[>], (6, 0)=[v], (8, 2)=[◣], (9, 4)=[v], (7, 3)=[>], (6, 3)=[◢, <, >], (6, 4)=[◢, ◣, ◢, >, ◣, >]}
18 Jan 2025 22:04:39 GMT Zwierzę poruszyło się z (6, 3) na (7, 3)
18 Jan 2025 22:04:39 GMT Zwierzę zjadło roślinkę na (3, 9)
18 Jan 2025 22:04:39 GMT Zwierzę zjadło roślinkę na (7, 0)
18 Jan 2025 22:04:39 GMT Zwierzę zjadło roślinkę na (6, 0)
18 Jan 2025 22:04:39 GMT Zwierzę zjadło roślinkę na (9, 4)
18 Jan 2025 22:04:39 GMT Zwierzę zjadło roślinkę na (7, 3)
18 Jan 2025 22:04:40 GMT Zwierze zostało położone na (6, 3)
18 Jan 2025 22:04:40 GMT Urodziło się nowe zwierzę na (6, 3)
18 Jan 2025 22:04:40 GMT Zwierze zostało położone na (6, 4)
18 Jan 2025 22:04:40 GMT Urodziło się nowe zwierzę na (6, 4)
18 Jan 2025 22:04:40 GMT Roślinka wyrosła na (5, 7)
18 Jan 2025 22:04:40 GMT Roślinka wyrosła na (8, 1)
18 Jan 2025 22:04:40 GMT Roślinka wyrosła na (3, 4)
18 Jan 2025 22:04:40 GMT Roślinka wyrosła na (3, 0)
18 Jan 2025 22:04:40 GMT Roślinka wyrosła na (8, 7)
18 Jan 2025 22:04:40 GMT Roślinka wyrosła na (4, 7)
18 Jan 2025 22:04:40 GMT Roślinka wyrosła na (4, 4)
18 Jan 2025 22:04:40 GMT Roślinka wyrosła na (7, 1)
18 Jan 2025 22:04:40 GMT Roślinka wyrosła na (8, 2)
18 Jan 2025 22:04:40 GMT Roślinka wyrosła na (5, 9)
18 Jan 2025 22:04:40 GMT Długość listy pozycji: 10
Lista pozycji zwierząt: {(4, 3)=[v], (4, 8)=[◢], (9, 1)=[>], (7, 0)=[>], (6, 0)=[v], (8, 2)=[◣], (9, 4)=[v], (7, 3)=[>], (6, 3)=[>, ◢, <, >], (6, 4)=[◤, ◢, ◣, ◢, >, ◣, >]}
18 Jan 2025 22:04:40 GMT Zwierzę poruszyło się z (3, 9) na (4, 8)
18 Jan 2025 22:04:40 GMT Długość listy pozycji: 9
Lista pozycji zwierząt: {(4, 3)=[v], (4, 8)=[◢], (7, 0)=[>], (6, 0)=[v], (8, 2)=[◣, ◤], (9, 4)=[v], (7, 3)=[>], (6, 3)=[>, ◢, <, >], (6, 4)=[◤, ◢, ◣, ◢, >, ◣, >]}
18 Jan 2025 22:04:40 GMT Zwierzę poruszyło się z (9, 1) na (8, 2)
18 Jan 2025 22:04:40 GMT Długość listy pozycji: 9
Lista pozycji zwierząt: {(3, 3)=[<], (4, 8)=[◢], (7, 0)=[>], (6, 0)=[v], (8, 2)=[◣, ◤], (9, 4)=[v], (7, 3)=[>], (6, 3)=[>, ◢, <, >], (6, 4)=[◤, ◢, ◣, ◢, >, ◣, >]}
18 Jan 2025 22:04:40 GMT Zwierzę poruszyło się z (4, 3) na (3, 3)
18 Jan 2025 22:04:40 GMT Długość listy pozycji: 9
Lista pozycji zwierząt: {(3, 3)=[<], (0, 4)=[>], (4, 8)=[◢], (7, 0)=[>], (6, 0)=[v], (8, 2)=[◣, ◤], (7, 3)=[>], (6, 3)=[>, ◢, <, >], (6, 4)=[◤, ◢, ◣, ◢, >, ◣, >]}
18 Jan 2025 22:04:40 GMT Zwierzę poruszyło się z (9, 4) na (0, 4)
18 Jan 2025 22:04:40 GMT Długość listy pozycji: 9
Lista pozycji zwierząt: {(3, 3)=[<], (0, 4)=[>], (4, 8)=[◢], (7, 0)=[>], (8, 2)=[◣, ◤], (5, 0)=[<], (7, 3)=[>], (6, 3)=[>, ◢, <, >], (6, 4)=[◤, ◢, ◣, ◢, >, ◣, >]}
18 Jan 2025 22:04:40 GMT Zwierzę poruszyło się z (6, 0) na (5, 0)
18 Jan 2025 22:04:41 GMT Długość listy pozycji: 9
Lista pozycji zwierząt: {(3, 3)=[<], (0, 4)=[>], (4, 8)=[◢], (8, 2)=[◣, ◤], (6, 1)=[◤], (5, 0)=[<], (7, 3)=[>], (6, 3)=[>, ◢, <, >], (6, 4)=[◤, ◢, ◣, ◢, >, ◣, >]}
18 Jan 2025 22:04:41 GMT Zwierzę poruszyło się z (7, 0) na (6, 1)
18 Jan 2025 22:04:41 GMT Długość listy pozycji: 8
Lista pozycji zwierząt: {(3, 3)=[<], (0, 4)=[>], (4, 8)=[◢], (8, 2)=[◣, ◤], (6, 1)=[◤], (5, 0)=[<], (6, 3)=[>, ◢, <, ◤], (6, 4)=[◤, ◤, ◢, ◣, ◢, >, ◣, ◤]}
18 Jan 2025 22:04:41 GMT Zwierzę poruszyło się z (7, 3) na (6, 4)
18 Jan 2025 22:04:41 GMT Zwierzę zjadło roślinkę na (0, 4)
18 Jan 2025 22:04:41 GMT Zwierzę zjadło roślinkę na (4, 8)
18 Jan 2025 22:04:41 GMT Zwierzę zjadło roślinkę na (8, 2)
18 Jan 2025 22:04:41 GMT Zwierzę zjadło roślinkę na (5, 0)
18 Jan 2025 22:04:41 GMT Zwierze zostało położone na (8, 2)
18 Jan 2025 22:04:41 GMT Urodziło się nowe zwierzę na (8, 2)
18 Jan 2025 22:04:41 GMT Zwierze zostało położone na (6, 3)
18 Jan 2025 22:04:41 GMT Urodziło się nowe zwierzę na (6, 3)
18 Jan 2025 22:04:41 GMT Zwierze zostało położone na (6, 4)
18 Jan 2025 22:04:41 GMT Urodziło się nowe zwierzę na (6, 4)
18 Jan 2025 22:04:41 GMT Roślinka wyrosła na null
18 Jan 2025 22:04:41 GMT Roślinka wyrosła na null
18 Jan 2025 22:04:41 GMT Roślinka wyrosła na null
18 Jan 2025 22:04:41 GMT Roślinka wyrosła na null
18 Jan 2025 22:04:41 GMT Roślinka wyrosła na null
18 Jan 2025 22:04:41 GMT Roślinka wyrosła na null
18 Jan 2025 22:04:41 GMT Roślinka wyrosła na null
18 Jan 2025 22:04:41 GMT Roślinka wyrosła na null
18 Jan 2025 22:04:41 GMT Roślinka wyrosła na null
18 Jan 2025 22:04:41 GMT Roślinka wyrosła na null
18 Jan 2025 22:04:41 GMT Zwierzę umarło na (6, 4)
18 Jan 2025 22:04:41 GMT Długość listy pozycji: 8
Lista pozycji zwierząt: {(3, 3)=[<], (4, 7)=[v], (0, 4)=[>], (8, 2)=[◣, ◣, ◤], (6, 1)=[◤], (5, 0)=[<], (6, 3)=[<, >, ◢, <, ◤], (6, 4)=[◤, ◤, ◤, ◢, ◣, ◢, >, ◣, ◤]}
18 Jan 2025 22:04:41 GMT Zwierzę poruszyło się z (4, 8) na (4, 7)
18 Jan 2025 22:04:42 GMT Długość listy pozycji: 9
Lista pozycji zwierząt: {(3, 3)=[<], (4, 7)=[v], (0, 4)=[>], (8, 1)=[v], (8, 2)=[◣, ◣], (6, 1)=[◤], (5, 0)=[<], (6, 3)=[<, >, ◢, <, ◤], (6, 4)=[◤, ◤, ◤, ◢, ◣, ◢, >, ◣, ◤]}
18 Jan 2025 22:04:42 GMT Zwierzę poruszyło się z (8, 2) na (8, 1)
18 Jan 2025 22:04:42 GMT Długość listy pozycji: 9
Lista pozycji zwierząt: {(3, 4)=[^], (4, 7)=[v], (0, 4)=[>], (8, 1)=[v], (8, 2)=[◣, ◣], (6, 1)=[◤], (5, 0)=[<], (6, 3)=[<, >, ◢, <, ◤], (6, 4)=[◤, ◤, ◤, ◢, ◣, ◢, >, ◣, ◤]}
18 Jan 2025 22:04:42 GMT Zwierzę poruszyło się z (3, 3) na (3, 4)
18 Jan 2025 22:04:42 GMT Długość listy pozycji: 9
Lista pozycji zwierząt: {(3, 4)=[^], (4, 7)=[v], (0, 5)=[^], (8, 1)=[v], (8, 2)=[◣, ◣], (6, 1)=[◤], (5, 0)=[<], (6, 3)=[<, >, ◢, <, ◤], (6, 4)=[◤, ◤, ◤, ◢, ◣, ◢, >, ◣, ◤]}
18 Jan 2025 22:04:42 GMT Zwierzę poruszyło się z (0, 4) na (0, 5)
18 Jan 2025 22:04:42 GMT Długość listy pozycji: 9
Lista pozycji zwierząt: {(3, 4)=[^], (4, 7)=[v], (0, 5)=[^], (8, 1)=[v], (8, 2)=[◣, ◣], (6, 1)=[◤], (5, 1)=[^], (6, 3)=[<, >, ◢, <, ◤], (6, 4)=[◤, ◤, ◤, ◢, ◣, ◢, >, ◣, ◤]}
18 Jan 2025 22:04:42 GMT Zwierzę poruszyło się z (5, 0) na (5, 1)
18 Jan 2025 22:04:42 GMT Długość listy pozycji: 9
Lista pozycji zwierząt: {(3, 4)=[^], (4, 7)=[v], (0, 5)=[^], (8, 1)=[v], (6, 0)=[v], (8, 2)=[◣, ◣], (5, 1)=[^], (6, 3)=[<, >, ◢, <, ◤], (6, 4)=[◤, ◤, ◤, ◢, ◣, ◢, >, ◣, ◤]}
18 Jan 2025 22:04:42 GMT Zwierzę poruszyło się z (6, 1) na (6, 0)
18 Jan 2025 22:04:42 GMT Zwierzę zjadło roślinkę na (3, 4)
18 Jan 2025 22:04:42 GMT Zwierzę zjadło roślinkę na (4, 7)
18 Jan 2025 22:04:42 GMT Zwierzę zjadło roślinkę na (8, 1)
18 Jan 2025 22:04:42 GMT Zwierze zostało położone na (8, 2)
18 Jan 2025 22:04:42 GMT Urodziło się nowe zwierzę na (8, 2)
18 Jan 2025 22:04:42 GMT Zwierze zostało położone na (6, 3)
18 Jan 2025 22:04:42 GMT Urodziło się nowe zwierzę na (6, 3)
18 Jan 2025 22:04:42 GMT Zwierze zostało położone na (6, 4)
18 Jan 2025 22:04:42 GMT Urodziło się nowe zwierzę na (6, 4)
18 Jan 2025 22:04:42 GMT Roślinka wyrosła na null
18 Jan 2025 22:04:42 GMT Roślinka wyrosła na null
18 Jan 2025 22:04:42 GMT Roślinka wyrosła na null
18 Jan 2025 22:04:42 GMT Roślinka wyrosła na null
18 Jan 2025 22:04:42 GMT Roślinka wyrosła na null
18 Jan 2025 22:04:42 GMT Roślinka wyrosła na null
18 Jan 2025 22:04:42 GMT Roślinka wyrosła na null
18 Jan 2025 22:04:43 GMT Roślinka wyrosła na null
18 Jan 2025 22:04:43 GMT Roślinka wyrosła na null
18 Jan 2025 22:04:43 GMT Roślinka wyrosła na null
18 Jan 2025 22:04:43 GMT Długość listy pozycji: 9
Lista pozycji zwierząt: {(3, 4)=[^], (3, 6)=[◣], (0, 5)=[^], (8, 1)=[v], (6, 0)=[v], (8, 2)=[>, ◣, ◣], (5, 1)=[^], (6, 3)=[>, <, >, ◢, <, ◤], (6, 4)=[^, ◤, ◤, ◤, ◢, ◣, ◢, >, ◣, ◤]}
18 Jan 2025 22:04:43 GMT Zwierzę poruszyło się z (4, 7) na (3, 6)
18 Jan 2025 22:04:43 GMT Długość listy pozycji: 9
Lista pozycji zwierząt: {(3, 4)=[^], (3, 6)=[◣], (0, 5)=[^], (9, 2)=[◥], (6, 0)=[v], (8, 2)=[>, ◣, ◣], (5, 1)=[^], (6, 3)=[>, <, >, ◢, <, ◤], (6, 4)=[^, ◤, ◤, ◤, ◢, ◣, ◢, >, ◣, ◤]}
18 Jan 2025 22:04:43 GMT Zwierzę poruszyło się z (8, 1) na (9, 2)
18 Jan 2025 22:04:43 GMT Długość listy pozycji: 9
Lista pozycji zwierząt: {(4, 4)=[>], (3, 6)=[◣], (0, 5)=[^], (9, 2)=[◥], (6, 0)=[v], (8, 2)=[>, ◣, ◣], (5, 1)=[^], (6, 3)=[>, <, >, ◢, <, ◤], (6, 4)=[^, ◤, ◤, ◤, ◢, ◣, ◢, >, ◣, ◤]}
18 Jan 2025 22:04:43 GMT Zwierzę poruszyło się z (3, 4) na (4, 4)
18 Jan 2025 22:04:43 GMT Długość listy pozycji: 9
Lista pozycji zwierząt: {(4, 4)=[>], (3, 6)=[◣], (9, 2)=[◥], (6, 0)=[v], (8, 2)=[>, ◣, ◣], (9, 5)=[<], (5, 1)=[^], (6, 3)=[>, <, >, ◢, <, ◤], (6, 4)=[^, ◤, ◤, ◤, ◢, ◣, ◢, >, ◣, ◤]}
18 Jan 2025 22:04:43 GMT Zwierzę poruszyło się z (0, 5) na (9, 5)
18 Jan 2025 22:04:43 GMT Długość listy pozycji: 9
Lista pozycji zwierząt: {(4, 4)=[>], (3, 6)=[◣], (9, 2)=[◥], (6, 0)=[v], (8, 2)=[>, ◣, ◣], (6, 1)=[>], (9, 5)=[<], (6, 3)=[>, <, >, ◢, <, ◤], (6, 4)=[^, ◤, ◤, ◤, ◢, ◣, ◢, >, ◣, ◤]}
18 Jan 2025 22:04:43 GMT Zwierzę poruszyło się z (5, 1) na (6, 1)
18 Jan 2025 22:04:43 GMT Długość listy pozycji: 9
Lista pozycji zwierząt: {(4, 4)=[>], (3, 6)=[◣], (9, 2)=[◥], (7, 1)=[◥], (8, 2)=[>, ◣, ◣], (6, 1)=[>], (9, 5)=[<], (6, 3)=[>, <, >, ◢, <, ◤], (6, 4)=[^, ◤, ◤, ◤, ◢, ◣, ◢, >, ◣, ◤]}
18 Jan 2025 22:04:43 GMT Zwierzę poruszyło się z (6, 0) na (7, 1)
18 Jan 2025 22:04:43 GMT Zwierzę zjadło roślinkę na (4, 4)
18 Jan 2025 22:04:43 GMT Zwierzę zjadło roślinkę na (9, 2)
18 Jan 2025 22:04:43 GMT Zwierzę zjadło roślinkę na (7, 1)
18 Jan 2025 22:04:44 GMT Zwierze zostało położone na (8, 2)
18 Jan 2025 22:04:44 GMT Urodziło się nowe zwierzę na (8, 2)
18 Jan 2025 22:04:44 GMT Zwierze zostało położone na (6, 3)
18 Jan 2025 22:04:44 GMT Urodziło się nowe zwierzę na (6, 3)
18 Jan 2025 22:04:44 GMT Zwierze zostało położone na (6, 4)
18 Jan 2025 22:04:44 GMT Urodziło się nowe zwierzę na (6, 4)
18 Jan 2025 22:04:44 GMT Roślinka wyrosła na null
18 Jan 2025 22:04:44 GMT Roślinka wyrosła na null
18 Jan 2025 22:04:44 GMT Roślinka wyrosła na null
18 Jan 2025 22:04:44 GMT Roślinka wyrosła na null
18 Jan 2025 22:04:44 GMT Roślinka wyrosła na null
18 Jan 2025 22:04:44 GMT Roślinka wyrosła na null
18 Jan 2025 22:04:44 GMT Roślinka wyrosła na null
18 Jan 2025 22:04:44 GMT Roślinka wyrosła na null
18 Jan 2025 22:04:44 GMT Roślinka wyrosła na null
18 Jan 2025 22:04:44 GMT Roślinka wyrosła na null
18 Jan 2025 22:04:44 GMT Długość listy pozycji: 9
Lista pozycji zwierząt: {(4, 4)=[>], (2, 6)=[<], (9, 2)=[◥], (7, 1)=[◥], (8, 2)=[v, >, ◣, ◣], (6, 1)=[>], (9, 5)=[<], (6, 3)=[>, >, <, >, ◢, <, ◤], (6, 4)=[◣, ^, ◤, ◤, ◤, ◢, ◣, ◢, >, ◣, ◤]}
18 Jan 2025 22:04:44 GMT Zwierzę poruszyło się z (3, 6) na (2, 6)
18 Jan 2025 22:04:44 GMT Długość listy pozycji: 8
Lista pozycji zwierząt: {(4, 4)=[>], (2, 6)=[<], (7, 1)=[◥], (8, 2)=[<, v, >, ◣, ◣], (6, 1)=[>], (9, 5)=[<], (6, 3)=[>, >, <, >, ◢, <, ◤], (6, 4)=[◣, ^, ◤, ◤, ◤, ◢, ◣, ◢, >, ◣, ◤]}
18 Jan 2025 22:04:44 GMT Zwierzę poruszyło się z (9, 2) na (8, 2)
18 Jan 2025 22:04:44 GMT Długość listy pozycji: 8
Lista pozycji zwierząt: {(4, 3)=[v], (2, 6)=[<], (7, 1)=[◥], (8, 2)=[<, v, >, ◣, ◣], (6, 1)=[>], (9, 5)=[<], (6, 3)=[>, >, <, >, ◢, <, ◤], (6, 4)=[◣, ^, ◤, ◤, ◤, ◢, ◣, ◢, >, ◣, ◤]}
18 Jan 2025 22:04:44 GMT Zwierzę poruszyło się z (4, 4) na (4, 3)
18 Jan 2025 22:04:44 GMT Długość listy pozycji: 8
Lista pozycji zwierząt: {(4, 3)=[v], (2, 6)=[<], (7, 1)=[◥], (8, 2)=[<, v, >, ◣, ◣], (9, 4)=[v], (6, 1)=[>], (6, 3)=[>, >, <, >, ◢, <, ◤], (6, 4)=[◣, ^, ◤, ◤, ◤, ◢, ◣, ◢, >, ◣, ◤]}
18 Jan 2025 22:04:44 GMT Zwierzę poruszyło się z (9, 5) na (9, 4)
18 Jan 2025 22:04:44 GMT Długość listy pozycji: 8
Lista pozycji zwierząt: {(4, 3)=[v], (2, 6)=[<], (6, 0)=[v], (7, 1)=[◥], (8, 2)=[<, v, >, ◣, ◣], (9, 4)=[v], (6, 3)=[>, >, <, >, ◢, <, ◤], (6, 4)=[◣, ^, ◤, ◤, ◤, ◢, ◣, ◢, >, ◣, ◤]}
18 Jan 2025 22:04:44 GMT Zwierzę poruszyło się z (6, 1) na (6, 0)
18 Jan 2025 22:04:45 GMT Długość listy pozycji: 8
Lista pozycji zwierząt: {(4, 3)=[v], (2, 6)=[<], (6, 0)=[v], (8, 2)=[<, v, >, ◣, ◣], (6, 1)=[<], (9, 4)=[v], (6, 3)=[>, >, <, >, ◢, <, ◤], (6, 4)=[◣, ^, ◤, ◤, ◤, ◢, ◣, ◢, >, ◣, ◤]}
18 Jan 2025 22:04:45 GMT Zwierzę poruszyło się z (7, 1) na (6, 1)
18 Jan 2025 22:04:45 GMT Zwierze zostało położone na (8, 2)
18 Jan 2025 22:04:45 GMT Urodziło się nowe zwierzę na (8, 2)
18 Jan 2025 22:04:45 GMT Zwierze zostało położone na (6, 3)
18 Jan 2025 22:04:45 GMT Urodziło się nowe zwierzę na (6, 3)
18 Jan 2025 22:04:45 GMT Zwierze zostało położone na (6, 4)
18 Jan 2025 22:04:45 GMT Urodziło się nowe zwierzę na (6, 4)
18 Jan 2025 22:04:45 GMT Roślinka wyrosła na null
18 Jan 2025 22:04:45 GMT Roślinka wyrosła na null
18 Jan 2025 22:04:45 GMT Roślinka wyrosła na null
18 Jan 2025 22:04:45 GMT Roślinka wyrosła na null
18 Jan 2025 22:04:45 GMT Roślinka wyrosła na null
18 Jan 2025 22:04:45 GMT Roślinka wyrosła na null
18 Jan 2025 22:04:45 GMT Roślinka wyrosła na null
18 Jan 2025 22:04:45 GMT Roślinka wyrosła na null
18 Jan 2025 22:04:45 GMT Roślinka wyrosła na null
18 Jan 2025 22:04:45 GMT Roślinka wyrosła na null
18 Jan 2025 22:04:45 GMT Długość listy pozycji: 8
Lista pozycji zwierząt: {(4, 3)=[v], (1, 7)=[◤], (6, 0)=[v], (8, 2)=[<, v, ^, >, ◣, ◣], (6, 1)=[<], (9, 4)=[v], (6, 3)=[<, >, >, <, >, ◢, <, ◤], (6, 4)=[◤, ◣, ^, ◤, ◤, ◤, ◢, ◣, ◢, >, ◣, ◤]}
18 Jan 2025 22:04:45 GMT Zwierzę poruszyło się z (2, 6) na (1, 7)
18 Jan 2025 22:04:45 GMT Długość listy pozycji: 9
Lista pozycji zwierząt: {(4, 3)=[v], (1, 7)=[◤], (9, 1)=[◢], (6, 0)=[v], (8, 2)=[◢, v, ^, >, ◣, ◣], (6, 1)=[<], (9, 4)=[v], (6, 3)=[<, >, >, <, >, ◢, <, ◤], (6, 4)=[◤, ◣, ^, ◤, ◤, ◤, ◢, ◣, ◢, >, ◣, ◤]}
18 Jan 2025 22:04:45 GMT Zwierzę poruszyło się z (8, 2) na (9, 1)
18 Jan 2025 22:04:45 GMT Długość listy pozycji: 9
Lista pozycji zwierząt: {(3, 3)=[<], (1, 7)=[◤], (9, 1)=[◢], (6, 0)=[v], (8, 2)=[◢, v, ^, >, ◣, ◣], (6, 1)=[<], (9, 4)=[v], (6, 3)=[<, >, >, <, >, ◢, <, ◤], (6, 4)=[◤, ◣, ^, ◤, ◤, ◤, ◢, ◣, ◢, >, ◣, ◤]}
18 Jan 2025 22:04:46 GMT Zwierzę poruszyło się z (4, 3) na (3, 3)
18 Jan 2025 22:04:46 GMT Długość listy pozycji: 9
Lista pozycji zwierząt: {(3, 3)=[<], (0, 4)=[>], (1, 7)=[◤], (9, 1)=[◢], (6, 0)=[v], (8, 2)=[◢, v, ^, >, ◣, ◣], (6, 1)=[<], (6, 3)=[<, >, >, <, >, ◢, <, ◤], (6, 4)=[◤, ◣, ^, ◤, ◤, ◤, ◢, ◣, ◢, >, ◣, ◤]}
18 Jan 2025 22:04:46 GMT Zwierzę poruszyło się z (9, 4) na (0, 4)
18 Jan 2025 22:04:46 GMT Długość listy pozycji: 9
Lista pozycji zwierząt: {(3, 3)=[<], (0, 4)=[>], (1, 7)=[◤], (9, 1)=[◢], (8, 2)=[◢, v, ^, >, ◣, ◣], (5, 0)=[<], (6, 1)=[<], (6, 3)=[<, >, >, <, >, ◢, <, ◤], (6, 4)=[◤, ◣, ^, ◤, ◤, ◤, ◢, ◣, ◢, >, ◣, ◤]}
18 Jan 2025 22:04:46 GMT Zwierzę poruszyło się z (6, 0) na (5, 0)
18 Jan 2025 22:04:46 GMT Długość listy pozycji: 9
Lista pozycji zwierząt: {(3, 3)=[<], (0, 4)=[>], (1, 7)=[◤], (9, 1)=[◢], (7, 0)=[◢], (8, 2)=[◢, v, ^, >, ◣, ◣], (5, 0)=[<], (6, 3)=[<, >, >, <, >, ◢, <, ◤], (6, 4)=[◤, ◣, ^, ◤, ◤, ◤, ◢, ◣, ◢, >, ◣, ◤]}
18 Jan 2025 22:04:46 GMT Zwierzę poruszyło się z (6, 1) na (7, 0)
18 Jan 2025 22:04:46 GMT Zwierze zostało położone na (9, 1)
18 Jan 2025 22:04:46 GMT Urodziło się nowe zwierzę na (8, 2)
18 Jan 2025 22:04:46 GMT Zwierze zostało położone na (6, 3)
18 Jan 2025 22:04:46 GMT Urodziło się nowe zwierzę na (6, 3)
18 Jan 2025 22:04:46 GMT Zwierze zostało położone na (6, 4)
18 Jan 2025 22:04:46 GMT Urodziło się nowe zwierzę na (6, 4)
18 Jan 2025 22:04:46 GMT Roślinka wyrosła na null
18 Jan 2025 22:04:46 GMT Roślinka wyrosła na null
18 Jan 2025 22:04:46 GMT Roślinka wyrosła na null
18 Jan 2025 22:04:46 GMT Roślinka wyrosła na null
18 Jan 2025 22:04:46 GMT Roślinka wyrosła na null
18 Jan 2025 22:04:46 GMT Roślinka wyrosła na null
18 Jan 2025 22:04:46 GMT Roślinka wyrosła na null
18 Jan 2025 22:04:46 GMT Roślinka wyrosła na null
18 Jan 2025 22:04:46 GMT Roślinka wyrosła na null
18 Jan 2025 22:04:46 GMT Roślinka wyrosła na null
18 Jan 2025 22:04:46 GMT Zwierzę umarło na (9, 1)
18 Jan 2025 22:04:47 GMT Długość listy pozycji: 9
Lista pozycji zwierząt: {(3, 3)=[<], (0, 4)=[>], (1, 8)=[^], (9, 1)=[>], (7, 0)=[◢], (8, 2)=[◢, v, ^, >, ◣, ◣], (5, 0)=[<], (6, 3)=[◥, <, >, >, <, >, ◢, <, ◤], (6, 4)=[◥, ◤, ◣, ^, ◤, ◤, ◤, ◢, ◣, ◢, >, ◣, ◤]}
18 Jan 2025 22:04:47 GMT Zwierzę poruszyło się z (1, 7) na (1, 8)
18 Jan 2025 22:04:47 GMT Długość listy pozycji: 9
Lista pozycji zwierząt: {(3, 4)=[^], (0, 4)=[>], (1, 8)=[^], (9, 1)=[>], (7, 0)=[◢], (8, 2)=[◢, v, ^, >, ◣, ◣], (5, 0)=[<], (6, 3)=[◥, <, >, >, <, >, ◢, <, ◤], (6, 4)=[◥, ◤, ◣, ^, ◤, ◤, ◤, ◢, ◣, ◢, >, ◣, ◤]}
18 Jan 2025 22:04:47 GMT Zwierzę poruszyło się z (3, 3) na (3, 4)
18 Jan 2025 22:04:47 GMT Długość listy pozycji: 9
Lista pozycji zwierząt: {(3, 4)=[^], (0, 5)=[^], (1, 8)=[^], (9, 1)=[>], (7, 0)=[◢], (8, 2)=[◢, v, ^, >, ◣, ◣], (5, 0)=[<], (6, 3)=[◥, <, >, >, <, >, ◢, <, ◤], (6, 4)=[◥, ◤, ◣, ^, ◤, ◤, ◤, ◢, ◣, ◢, >, ◣, ◤]}
18 Jan 2025 22:04:47 GMT Zwierzę poruszyło się z (0, 4) na (0, 5)
18 Jan 2025 22:04:47 GMT Długość listy pozycji: 9
Lista pozycji zwierząt: {(3, 4)=[^], (0, 5)=[^], (1, 8)=[^], (9, 1)=[>], (7, 0)=[◢], (8, 2)=[◢, v, ^, >, ◣, ◣], (5, 1)=[^], (6, 3)=[◥, <, >, >, <, >, ◢, <, ◤], (6, 4)=[◥, ◤, ◣, ^, ◤, ◤, ◤, ◢, ◣, ◢, >, ◣, ◤]}
18 Jan 2025 22:04:47 GMT Zwierzę poruszyło się z (5, 0) na (5, 1)
18 Jan 2025 22:04:47 GMT Długość listy pozycji: 9
Lista pozycji zwierząt: {(3, 4)=[^], (0, 5)=[^], (1, 8)=[^], (9, 1)=[>], (7, 1)=[^], (8, 2)=[◢, v, ^, >, ◣, ◣], (5, 1)=[^], (6, 3)=[◥, <, >, >, <, >, ◢, <, ◤], (6, 4)=[◥, ◤, ◣, ^, ◤, ◤, ◤, ◢, ◣, ◢, >, ◣, ◤]}
18 Jan 2025 22:04:47 GMT Zwierzę poruszyło się z (7, 0) na (7, 1)
18 Jan 2025 22:04:47 GMT Zwierzę zjadło roślinkę na (1, 8)
18 Jan 2025 22:04:47 GMT Zwierze zostało położone na (8, 2)
18 Jan 2025 22:04:47 GMT Urodziło się nowe zwierzę na (8, 2)
18 Jan 2025 22:04:47 GMT Zwierze zostało położone na (6, 3)
18 Jan 2025 22:04:47 GMT Urodziło się nowe zwierzę na (6, 3)
18 Jan 2025 22:04:47 GMT Zwierze zostało położone na (6, 4)
18 Jan 2025 22:04:47 GMT Urodziło się nowe zwierzę na (6, 4)
18 Jan 2025 22:04:48 GMT Roślinka wyrosła na null
18 Jan 2025 22:04:48 GMT Roślinka wyrosła na null
18 Jan 2025 22:04:48 GMT Roślinka wyrosła na null
18 Jan 2025 22:04:48 GMT Roślinka wyrosła na null
18 Jan 2025 22:04:48 GMT Roślinka wyrosła na null
18 Jan 2025 22:04:48 GMT Roślinka wyrosła na null
18 Jan 2025 22:04:48 GMT Roślinka wyrosła na null
18 Jan 2025 22:04:48 GMT Roślinka wyrosła na null
18 Jan 2025 22:04:48 GMT Roślinka wyrosła na null
18 Jan 2025 22:04:48 GMT Roślinka wyrosła na null
18 Jan 2025 22:04:48 GMT Długość listy pozycji: 9
Lista pozycji zwierząt: {(3, 4)=[^], (0, 5)=[^], (2, 9)=[◥], (9, 1)=[>], (7, 1)=[^], (8, 2)=[◢, v, >, ^, >, ◣, ◣], (5, 1)=[^], (6, 3)=[◢, ◥, <, >, >, <, >, ◢, <, ◤], (6, 4)=[v, ◥, ◤, ◣, ^, ◤, ◤, ◤, ◢, ◣, ◢, >, ◣, ◤]}
18 Jan 2025 22:04:48 GMT Zwierzę poruszyło się z (1, 8) na (2, 9)
18 Jan 2025 22:04:48 GMT Długość listy pozycji: 9
Lista pozycji zwierząt: {(4, 4)=[>], (0, 5)=[^], (2, 9)=[◥], (9, 1)=[>], (7, 1)=[^], (8, 2)=[◢, v, >, ^, >, ◣, ◣], (5, 1)=[^], (6, 3)=[◢, ◥, <, >, >, <, >, ◢, <, ◤], (6, 4)=[v, ◥, ◤, ◣, ^, ◤, ◤, ◤, ◢, ◣, ◢, >, ◣, ◤]}
18 Jan 2025 22:04:48 GMT Zwierzę poruszyło się z (3, 4) na (4, 4)
18 Jan 2025 22:04:48 GMT Długość listy pozycji: 9
Lista pozycji zwierząt: {(4, 4)=[>], (2, 9)=[◥], (9, 1)=[>], (7, 1)=[^], (8, 2)=[◢, v, >, ^, >, ◣, ◣], (9, 5)=[<], (5, 1)=[^], (6, 3)=[◢, ◥, <, >, >, <, >, ◢, <, ◤], (6, 4)=[v, ◥, ◤, ◣, ^, ◤, ◤, ◤, ◢, ◣, ◢, >, ◣, ◤]}
18 Jan 2025 22:04:48 GMT Zwierzę poruszyło się z (0, 5) na (9, 5)
18 Jan 2025 22:04:48 GMT Długość listy pozycji: 9
Lista pozycji zwierząt: {(4, 4)=[>], (2, 9)=[◥], (9, 1)=[>], (7, 1)=[^], (8, 2)=[◢, v, >, ^, >, ◣, ◣], (6, 1)=[>], (9, 5)=[<], (6, 3)=[◢, ◥, <, >, >, <, >, ◢, <, ◤], (6, 4)=[v, ◥, ◤, ◣, ^, ◤, ◤, ◤, ◢, ◣, ◢, >, ◣, ◤]}
18 Jan 2025 22:04:48 GMT Zwierzę poruszyło się z (5, 1) na (6, 1)
18 Jan 2025 22:04:48 GMT Długość listy pozycji: 9
Lista pozycji zwierząt: {(4, 4)=[>], (2, 9)=[◥], (9, 1)=[>], (6, 0)=[◣], (8, 2)=[◢, v, >, ^, >, ◣, ◣], (6, 1)=[>], (9, 5)=[<], (6, 3)=[◢, ◥, <, >, >, <, >, ◢, <, ◤], (6, 4)=[v, ◥, ◤, ◣, ^, ◤, ◤, ◤, ◢, ◣, ◢, >, ◣, ◤]}
18 Jan 2025 22:04:48 GMT Zwierzę poruszyło się z (7, 1) na (6, 0)
18 Jan 2025 22:04:48 GMT Zwierze zostało położone na (8, 2)
18 Jan 2025 22:04:48 GMT Urodziło się nowe zwierzę na (8, 2)
18 Jan 2025 22:04:49 GMT Zwierze zostało położone na (6, 3)
18 Jan 2025 22:04:49 GMT Urodziło się nowe zwierzę na (6, 3)
18 Jan 2025 22:04:49 GMT Zwierze zostało położone na (6, 4)
18 Jan 2025 22:04:49 GMT Urodziło się nowe zwierzę na (6, 4)
18 Jan 2025 22:04:49 GMT Roślinka wyrosła na null
18 Jan 2025 22:04:49 GMT Roślinka wyrosła na null
18 Jan 2025 22:04:49 GMT Roślinka wyrosła na null
18 Jan 2025 22:04:49 GMT Roślinka wyrosła na null
18 Jan 2025 22:04:49 GMT Roślinka wyrosła na null
18 Jan 2025 22:04:49 GMT Roślinka wyrosła na null
18 Jan 2025 22:04:49 GMT Roślinka wyrosła na null
18 Jan 2025 22:04:49 GMT Roślinka wyrosła na null
18 Jan 2025 22:04:49 GMT Roślinka wyrosła na null
18 Jan 2025 22:04:49 GMT Roślinka wyrosła na null
18 Jan 2025 22:04:49 GMT Długość listy pozycji: 9
Lista pozycji zwierząt: {(4, 4)=[>], (3, 9)=[>], (9, 1)=[>], (6, 0)=[◣], (8, 2)=[◣, ◢, v, >, ^, >, ◣, ◣], (6, 1)=[>], (9, 5)=[<], (6, 3)=[◢, ◢, ◥, <, >, >, <, >, ◢, <, ◤], (6, 4)=[v, v, ◥, ◤, ◣, ^, ◤, ◤, ◤, ◢, ◣, ◢, >, ◣, ◤]}
18 Jan 2025 22:04:49 GMT Zwierzę poruszyło się z (2, 9) na (3, 9)
18 Jan 2025 22:04:49 GMT Długość listy pozycji: 9
Lista pozycji zwierząt: {(4, 3)=[v], (3, 9)=[>], (9, 1)=[>], (6, 0)=[◣], (8, 2)=[◣, ◢, v, >, ^, >, ◣, ◣], (6, 1)=[>], (9, 5)=[<], (6, 3)=[◢, ◢, ◥, <, >, >, <, >, ◢, <, ◤], (6, 4)=[v, v, ◥, ◤, ◣, ^, ◤, ◤, ◤, ◢, ◣, ◢, >, ◣, ◤]}
18 Jan 2025 22:04:49 GMT Zwierzę poruszyło się z (4, 4) na (4, 3)
18 Jan 2025 22:04:49 GMT Długość listy pozycji: 9
Lista pozycji zwierząt: {(4, 3)=[v], (3, 9)=[>], (9, 1)=[>], (6, 0)=[◣], (8, 2)=[◣, ◢, v, >, ^, >, ◣, ◣], (9, 4)=[v], (6, 1)=[>], (6, 3)=[◢, ◢, ◥, <, >, >, <, >, ◢, <, ◤], (6, 4)=[v, v, ◥, ◤, ◣, ^, ◤, ◤, ◤, ◢, ◣, ◢, >, ◣, ◤]}
18 Jan 2025 22:04:49 GMT Zwierzę poruszyło się z (9, 5) na (9, 4)
18 Jan 2025 22:04:49 GMT Długość listy pozycji: 8
Lista pozycji zwierząt: {(4, 3)=[v], (3, 9)=[>], (9, 1)=[>], (6, 0)=[◣, v], (8, 2)=[◣, ◢, v, >, ^, >, ◣, ◣], (9, 4)=[v], (6, 3)=[◢, ◢, ◥, <, >, >, <, >, ◢, <, ◤], (6, 4)=[v, v, ◥, ◤, ◣, ^, ◤, ◤, ◤, ◢, ◣, ◢, >, ◣, ◤]}
18 Jan 2025 22:04:49 GMT Zwierzę poruszyło się z (6, 1) na (6, 0)
18 Jan 2025 22:04:49 GMT Długość listy pozycji: 9
Lista pozycji zwierząt: {(4, 3)=[v], (3, 9)=[>], (9, 1)=[>], (7, 0)=[>], (6, 0)=[v], (8, 2)=[◣, ◢, v, >, ^, >, ◣, ◣], (9, 4)=[v], (6, 3)=[◢, ◢, ◥, <, >, >, <, >, ◢, <, ◤], (6, 4)=[v, v, ◥, ◤, ◣, ^, ◤, ◤, ◤, ◢, ◣, ◢, >, ◣, ◤]}
18 Jan 2025 22:04:49 GMT Zwierzę poruszyło się z (6, 0) na (7, 0)
18 Jan 2025 22:04:50 GMT Zwierze zostało położone na (8, 2)
18 Jan 2025 22:04:50 GMT Urodziło się nowe zwierzę na (8, 2)
18 Jan 2025 22:04:50 GMT Zwierze zostało położone na (6, 3)
18 Jan 2025 22:04:50 GMT Urodziło się nowe zwierzę na (6, 3)
18 Jan 2025 22:04:50 GMT Zwierze zostało położone na (6, 4)
18 Jan 2025 22:04:50 GMT Urodziło się nowe zwierzę na (6, 4)
18 Jan 2025 22:04:50 GMT Roślinka wyrosła na null
18 Jan 2025 22:04:50 GMT Roślinka wyrosła na null
18 Jan 2025 22:04:50 GMT Roślinka wyrosła na null
18 Jan 2025 22:04:50 GMT Roślinka wyrosła na null
18 Jan 2025 22:04:50 GMT Roślinka wyrosła na null
18 Jan 2025 22:04:50 GMT Roślinka wyrosła na null
18 Jan 2025 22:04:50 GMT Roślinka wyrosła na null
18 Jan 2025 22:04:50 GMT Roślinka wyrosła na null
18 Jan 2025 22:04:50 GMT Roślinka wyrosła na null
18 Jan 2025 22:04:50 GMT Roślinka wyrosła na null
