19 Jan 2025 01:22:51 GMT Zwierze zostało położone na (0, 4)
19 Jan 2025 01:22:51 GMT Zwierze zostało położone na (5, 1)
19 Jan 2025 01:22:51 GMT Zwierze zostało położone na (9, 6)
19 Jan 2025 01:22:51 GMT Zwierze zostało położone na (7, 5)
19 Jan 2025 01:22:51 GMT Zwierze zostało położone na (6, 3)
19 Jan 2025 01:22:51 GMT Zwierze zostało położone na (0, 0)
19 Jan 2025 01:22:51 GMT Zwierze zostało położone na (3, 3)
19 Jan 2025 01:22:51 GMT Zwierze zostało położone na (3, 8)
19 Jan 2025 01:22:51 GMT Zwierze zostało położone na (1, 1)
19 Jan 2025 01:22:51 GMT Zwierze zostało położone na (8, 2)
19 Jan 2025 01:22:52 GMT Długość listy pozycji: 10
Lista pozycji zwierząt: {(1, 1)=[>], (3, 3)=[◥], (0, 0)=[◣], (3, 8)=[◢], (8, 2)=[◣], (9, 4)=[<], (5, 1)=[v], (6, 3)=[v], (9, 6)=[v], (7, 5)=[◢]}
19 Jan 2025 01:22:52 GMT Zwierzę poruszyło się z (0, 4) na (9, 4)
19 Jan 2025 01:22:52 GMT Długość listy pozycji: 10
Lista pozycji zwierząt: {(1, 1)=[>], (3, 3)=[◥], (0, 0)=[◣], (3, 8)=[◢], (8, 2)=[◣], (9, 4)=[<], (5, 1)=[^], (6, 3)=[v], (9, 6)=[v], (7, 5)=[◢]}
19 Jan 2025 01:22:52 GMT Zwierzę poruszyło się z (5, 1) na (5, 1)
19 Jan 2025 01:22:52 GMT Długość listy pozycji: 10
Lista pozycji zwierząt: {(1, 1)=[>], (3, 3)=[◥], (0, 0)=[◣], (3, 8)=[◢], (8, 2)=[◣], (9, 4)=[<], (5, 1)=[^], (6, 3)=[v], (9, 6)=[^], (7, 5)=[◢]}
19 Jan 2025 01:22:52 GMT Zwierzę poruszyło się z (9, 6) na (9, 6)
19 Jan 2025 01:22:52 GMT Długość listy pozycji: 10
Lista pozycji zwierząt: {(1, 1)=[>], (3, 3)=[◥], (0, 0)=[◣], (3, 8)=[◢], (8, 2)=[◣], (9, 4)=[<], (5, 1)=[^], (6, 3)=[v], (9, 6)=[^], (7, 5)=[<]}
19 Jan 2025 01:22:52 GMT Zwierzę poruszyło się z (7, 5) na (7, 5)
19 Jan 2025 01:22:52 GMT Długość listy pozycji: 10
Lista pozycji zwierząt: {(1, 1)=[>], (3, 3)=[◥], (0, 0)=[◣], (3, 8)=[◢], (8, 2)=[◣], (9, 4)=[<], (5, 1)=[^], (6, 3)=[^], (9, 6)=[^], (7, 5)=[<]}
19 Jan 2025 01:22:52 GMT Zwierzę poruszyło się z (6, 3) na (6, 3)
19 Jan 2025 01:22:52 GMT Długość listy pozycji: 10
Lista pozycji zwierząt: {(1, 1)=[>], (3, 3)=[◥], (0, 0)=[>], (3, 8)=[◢], (8, 2)=[◣], (9, 4)=[<], (5, 1)=[^], (6, 3)=[^], (9, 6)=[^], (7, 5)=[<]}
19 Jan 2025 01:22:52 GMT Zwierzę poruszyło się z (0, 0) na (0, 0)
19 Jan 2025 01:22:52 GMT Długość listy pozycji: 10
Lista pozycji zwierząt: {(1, 1)=[>], (3, 3)=[>], (0, 0)=[>], (3, 8)=[◢], (8, 2)=[◣], (9, 4)=[<], (5, 1)=[^], (6, 3)=[^], (9, 6)=[^], (7, 5)=[<]}
19 Jan 2025 01:22:52 GMT Zwierzę poruszyło się z (3, 3) na (3, 3)
19 Jan 2025 01:22:52 GMT Długość listy pozycji: 10
Lista pozycji zwierząt: {(1, 1)=[>], (3, 3)=[>], (0, 0)=[>], (3, 8)=[<], (8, 2)=[◣], (9, 4)=[<], (5, 1)=[^], (6, 3)=[^], (9, 6)=[^], (7, 5)=[<]}
19 Jan 2025 01:22:52 GMT Zwierzę poruszyło się z (3, 8) na (3, 8)
19 Jan 2025 01:22:52 GMT Długość listy pozycji: 10
Lista pozycji zwierząt: {(1, 1)=[v], (3, 3)=[>], (0, 0)=[>], (3, 8)=[<], (8, 2)=[◣], (9, 4)=[<], (5, 1)=[^], (6, 3)=[^], (9, 6)=[^], (7, 5)=[<]}
19 Jan 2025 01:22:52 GMT Zwierzę poruszyło się z (1, 1) na (1, 1)
19 Jan 2025 01:22:52 GMT Długość listy pozycji: 10
Lista pozycji zwierząt: {(1, 1)=[v], (3, 3)=[>], (0, 0)=[>], (3, 8)=[<], (8, 2)=[>], (9, 4)=[<], (5, 1)=[^], (6, 3)=[^], (9, 6)=[^], (7, 5)=[<]}
19 Jan 2025 01:22:52 GMT Zwierzę poruszyło się z (8, 2) na (8, 2)
19 Jan 2025 01:22:53 GMT Zwierzę zjadło roślinkę na (1, 1)
19 Jan 2025 01:22:53 GMT Zwierzę zjadło roślinkę na (7, 5)
19 Jan 2025 01:22:53 GMT Roślinka wyrosła na (4, 5)
19 Jan 2025 01:22:53 GMT Roślinka wyrosła na (4, 6)
19 Jan 2025 01:22:53 GMT Roślinka wyrosła na (6, 6)
19 Jan 2025 01:22:53 GMT Roślinka wyrosła na (7, 4)
19 Jan 2025 01:22:53 GMT Roślinka wyrosła na (3, 6)
19 Jan 2025 01:22:53 GMT Roślinka wyrosła na (9, 6)
19 Jan 2025 01:22:53 GMT Roślinka wyrosła na (6, 5)
19 Jan 2025 01:22:53 GMT Roślinka wyrosła na (9, 5)
19 Jan 2025 01:22:53 GMT Roślinka wyrosła na (2, 4)
19 Jan 2025 01:22:53 GMT Roślinka wyrosła na (5, 5)
19 Jan 2025 01:22:53 GMT Długość listy pozycji: 10
Lista pozycji zwierząt: {(1, 1)=[v], (3, 3)=[>], (0, 0)=[>], (3, 8)=[<], (8, 2)=[>], (9, 4)=[^], (5, 1)=[^], (6, 3)=[^], (9, 6)=[^], (7, 5)=[<]}
19 Jan 2025 01:22:53 GMT Zwierzę poruszyło się z (9, 4) na (9, 4)
19 Jan 2025 01:22:53 GMT Długość listy pozycji: 10
Lista pozycji zwierząt: {(1, 1)=[v], (3, 3)=[>], (0, 0)=[>], (3, 8)=[<], (8, 2)=[>], (9, 4)=[^], (5, 1)=[◤], (6, 3)=[^], (9, 6)=[^], (7, 5)=[<]}
19 Jan 2025 01:22:53 GMT Zwierzę poruszyło się z (5, 1) na (5, 1)
19 Jan 2025 01:22:53 GMT Długość listy pozycji: 10
Lista pozycji zwierząt: {(1, 1)=[v], (3, 3)=[>], (0, 0)=[>], (3, 8)=[<], (8, 2)=[>], (9, 4)=[^], (5, 1)=[◤], (6, 3)=[^], (9, 6)=[◤], (7, 5)=[<]}
19 Jan 2025 01:22:53 GMT Zwierzę poruszyło się z (9, 6) na (9, 6)
19 Jan 2025 01:22:53 GMT Długość listy pozycji: 10
Lista pozycji zwierząt: {(1, 1)=[v], (3, 3)=[>], (0, 0)=[>], (3, 8)=[<], (8, 2)=[>], (9, 4)=[^], (5, 1)=[◤], (6, 3)=[^], (9, 6)=[◤], (7, 5)=[>]}
19 Jan 2025 01:22:53 GMT Zwierzę poruszyło się z (7, 5) na (7, 5)
19 Jan 2025 01:22:53 GMT Długość listy pozycji: 10
Lista pozycji zwierząt: {(1, 1)=[v], (3, 3)=[>], (0, 0)=[>], (3, 8)=[<], (8, 2)=[>], (9, 4)=[^], (5, 1)=[◤], (6, 3)=[◢], (9, 6)=[◤], (7, 5)=[>]}
19 Jan 2025 01:22:53 GMT Zwierzę poruszyło się z (6, 3) na (6, 3)
19 Jan 2025 01:22:54 GMT Długość listy pozycji: 10
Lista pozycji zwierząt: {(1, 1)=[v], (3, 3)=[>], (0, 0)=[◤], (3, 8)=[<], (8, 2)=[>], (9, 4)=[^], (5, 1)=[◤], (6, 3)=[◢], (9, 6)=[◤], (7, 5)=[>]}
19 Jan 2025 01:22:54 GMT Zwierzę poruszyło się z (0, 0) na (0, 0)
19 Jan 2025 01:22:54 GMT Długość listy pozycji: 10
Lista pozycji zwierząt: {(1, 1)=[v], (3, 3)=[◣], (0, 0)=[◤], (3, 8)=[<], (8, 2)=[>], (9, 4)=[^], (5, 1)=[◤], (6, 3)=[◢], (9, 6)=[◤], (7, 5)=[>]}
19 Jan 2025 01:22:54 GMT Zwierzę poruszyło się z (3, 3) na (3, 3)
19 Jan 2025 01:22:54 GMT Długość listy pozycji: 10
Lista pozycji zwierząt: {(1, 1)=[v], (3, 3)=[◣], (0, 0)=[◤], (3, 8)=[^], (8, 2)=[>], (9, 4)=[^], (5, 1)=[◤], (6, 3)=[◢], (9, 6)=[◤], (7, 5)=[>]}
19 Jan 2025 01:22:54 GMT Zwierzę poruszyło się z (3, 8) na (3, 8)
19 Jan 2025 01:22:54 GMT Długość listy pozycji: 10
Lista pozycji zwierząt: {(1, 1)=[<], (3, 3)=[◣], (0, 0)=[◤], (3, 8)=[^], (8, 2)=[>], (9, 4)=[^], (5, 1)=[◤], (6, 3)=[◢], (9, 6)=[◤], (7, 5)=[>]}
19 Jan 2025 01:22:54 GMT Zwierzę poruszyło się z (1, 1) na (1, 1)
19 Jan 2025 01:22:54 GMT Długość listy pozycji: 10
Lista pozycji zwierząt: {(1, 1)=[<], (3, 3)=[◣], (0, 0)=[◤], (3, 8)=[^], (8, 2)=[^], (9, 4)=[^], (5, 1)=[◤], (6, 3)=[◢], (9, 6)=[◤], (7, 5)=[>]}
19 Jan 2025 01:22:54 GMT Zwierzę poruszyło się z (8, 2) na (8, 2)
19 Jan 2025 01:22:54 GMT Zwierzę zjadło roślinkę na (9, 6)
19 Jan 2025 01:22:54 GMT Roślinka wyrosła na (5, 8)
19 Jan 2025 01:22:54 GMT Roślinka wyrosła na (2, 6)
19 Jan 2025 01:22:54 GMT Roślinka wyrosła na (3, 5)
19 Jan 2025 01:22:54 GMT Roślinka wyrosła na (1, 6)
19 Jan 2025 01:22:54 GMT Roślinka wyrosła na (2, 8)
19 Jan 2025 01:22:54 GMT Roślinka wyrosła na (2, 9)
19 Jan 2025 01:22:54 GMT Roślinka wyrosła na (0, 9)
19 Jan 2025 01:22:54 GMT Roślinka wyrosła na (9, 1)
19 Jan 2025 01:22:54 GMT Roślinka wyrosła na (3, 7)
19 Jan 2025 01:22:54 GMT Roślinka wyrosła na (2, 2)
19 Jan 2025 01:22:55 GMT Długość listy pozycji: 10
Lista pozycji zwierząt: {(1, 1)=[<], (3, 3)=[◣], (0, 0)=[◤], (0, 4)=[>], (3, 8)=[^], (8, 2)=[^], (5, 1)=[◤], (6, 3)=[◢], (9, 6)=[◤], (7, 5)=[>]}
19 Jan 2025 01:22:55 GMT Zwierzę poruszyło się z (9, 4) na (0, 4)
19 Jan 2025 01:22:55 GMT Długość listy pozycji: 10
Lista pozycji zwierząt: {(1, 1)=[<], (3, 3)=[◣], (0, 0)=[◤], (0, 4)=[>], (3, 8)=[^], (8, 2)=[^], (5, 1)=[^], (6, 3)=[◢], (9, 6)=[◤], (7, 5)=[>]}
19 Jan 2025 01:22:55 GMT Zwierzę poruszyło się z (5, 1) na (5, 1)
19 Jan 2025 01:22:55 GMT Długość listy pozycji: 10
Lista pozycji zwierząt: {(1, 1)=[<], (3, 3)=[◣], (0, 0)=[◤], (0, 4)=[>], (3, 8)=[^], (8, 2)=[^], (5, 1)=[^], (6, 3)=[◢], (9, 6)=[^], (7, 5)=[>]}
19 Jan 2025 01:22:55 GMT Zwierzę poruszyło się z (9, 6) na (9, 6)
19 Jan 2025 01:22:55 GMT Długość listy pozycji: 10
Lista pozycji zwierząt: {(1, 1)=[<], (3, 3)=[◣], (0, 0)=[◤], (0, 4)=[>], (3, 8)=[^], (8, 2)=[^], (5, 1)=[^], (6, 3)=[◢], (9, 6)=[^], (7, 5)=[◣]}
19 Jan 2025 01:22:55 GMT Zwierzę poruszyło się z (7, 5) na (7, 5)
19 Jan 2025 01:22:55 GMT Długość listy pozycji: 10
Lista pozycji zwierząt: {(1, 1)=[<], (3, 3)=[◣], (0, 0)=[◤], (0, 4)=[>], (3, 8)=[^], (8, 2)=[^], (5, 1)=[^], (6, 3)=[◤], (9, 6)=[^], (7, 5)=[◣]}
19 Jan 2025 01:22:55 GMT Zwierzę poruszyło się z (6, 3) na (6, 3)
19 Jan 2025 01:22:55 GMT Długość listy pozycji: 10
Lista pozycji zwierząt: {(1, 1)=[<], (3, 3)=[◣], (0, 0)=[^], (0, 4)=[>], (3, 8)=[^], (8, 2)=[^], (5, 1)=[^], (6, 3)=[◤], (9, 6)=[^], (7, 5)=[◣]}
19 Jan 2025 01:22:55 GMT Zwierzę poruszyło się z (0, 0) na (0, 0)
19 Jan 2025 01:22:55 GMT Długość listy pozycji: 10
Lista pozycji zwierząt: {(1, 1)=[<], (3, 3)=[◥], (0, 0)=[^], (0, 4)=[>], (3, 8)=[^], (8, 2)=[^], (5, 1)=[^], (6, 3)=[◤], (9, 6)=[^], (7, 5)=[◣]}
19 Jan 2025 01:22:55 GMT Zwierzę poruszyło się z (3, 3) na (3, 3)
19 Jan 2025 01:22:55 GMT Długość listy pozycji: 10
Lista pozycji zwierząt: {(1, 1)=[<], (3, 3)=[◥], (0, 0)=[^], (0, 4)=[>], (3, 8)=[<], (8, 2)=[^], (5, 1)=[^], (6, 3)=[◤], (9, 6)=[^], (7, 5)=[◣]}
19 Jan 2025 01:22:55 GMT Zwierzę poruszyło się z (3, 8) na (3, 8)
19 Jan 2025 01:22:55 GMT Długość listy pozycji: 10
Lista pozycji zwierząt: {(1, 1)=[>], (3, 3)=[◥], (0, 0)=[^], (0, 4)=[>], (3, 8)=[<], (8, 2)=[^], (5, 1)=[^], (6, 3)=[◤], (9, 6)=[^], (7, 5)=[◣]}
19 Jan 2025 01:22:55 GMT Zwierzę poruszyło się z (1, 1) na (1, 1)
19 Jan 2025 01:22:55 GMT Długość listy pozycji: 10
Lista pozycji zwierząt: {(1, 1)=[>], (3, 3)=[◥], (0, 0)=[^], (0, 4)=[>], (3, 8)=[<], (8, 2)=[^], (5, 1)=[^], (6, 3)=[◤], (9, 6)=[^], (7, 5)=[◣]}
19 Jan 2025 01:22:55 GMT Zwierzę poruszyło się z (8, 2) na (8, 2)
19 Jan 2025 01:22:56 GMT Roślinka wyrosła na (0, 8)
19 Jan 2025 01:22:56 GMT Roślinka wyrosła na (6, 7)
19 Jan 2025 01:22:56 GMT Roślinka wyrosła na (3, 4)
19 Jan 2025 01:22:56 GMT Roślinka wyrosła na (7, 1)
19 Jan 2025 01:22:56 GMT Roślinka wyrosła na (8, 4)
19 Jan 2025 01:22:56 GMT Roślinka wyrosła na (8, 7)
19 Jan 2025 01:22:56 GMT Roślinka wyrosła na (8, 0)
19 Jan 2025 01:22:56 GMT Roślinka wyrosła na (1, 7)
19 Jan 2025 01:22:56 GMT Roślinka wyrosła na (6, 2)
19 Jan 2025 01:22:56 GMT Roślinka wyrosła na (6, 4)
19 Jan 2025 01:22:56 GMT Długość listy pozycji: 10
Lista pozycji zwierząt: {(1, 1)=[>], (3, 3)=[◥], (0, 0)=[^], (3, 8)=[<], (8, 2)=[^], (9, 4)=[<], (5, 1)=[^], (6, 3)=[◤], (9, 6)=[^], (7, 5)=[◣]}
19 Jan 2025 01:22:56 GMT Zwierzę poruszyło się z (0, 4) na (9, 4)
19 Jan 2025 01:22:56 GMT Długość listy pozycji: 10
Lista pozycji zwierząt: {(1, 1)=[>], (3, 3)=[◥], (0, 0)=[^], (3, 8)=[<], (8, 2)=[^], (9, 4)=[<], (5, 1)=[>], (6, 3)=[◤], (9, 6)=[^], (7, 5)=[◣]}
19 Jan 2025 01:22:56 GMT Zwierzę poruszyło się z (5, 1) na (5, 1)
19 Jan 2025 01:22:56 GMT Długość listy pozycji: 10
Lista pozycji zwierząt: {(1, 1)=[>], (3, 3)=[◥], (0, 0)=[^], (3, 8)=[<], (0, 6)=[>], (8, 2)=[^], (9, 4)=[<], (5, 1)=[>], (6, 3)=[◤], (7, 5)=[◣]}
19 Jan 2025 01:22:56 GMT Zwierzę poruszyło się z (9, 6) na (0, 6)
19 Jan 2025 01:22:56 GMT Długość listy pozycji: 10
Lista pozycji zwierząt: {(1, 1)=[>], (3, 3)=[◥], (0, 0)=[^], (3, 8)=[<], (0, 6)=[>], (8, 2)=[^], (9, 4)=[<], (5, 1)=[>], (6, 3)=[◤], (7, 5)=[v]}
19 Jan 2025 01:22:56 GMT Zwierzę poruszyło się z (7, 5) na (7, 5)
19 Jan 2025 01:22:56 GMT Długość listy pozycji: 10
Lista pozycji zwierząt: {(1, 1)=[>], (3, 3)=[◥], (0, 0)=[^], (3, 8)=[<], (0, 6)=[>], (8, 2)=[^], (9, 4)=[<], (5, 1)=[>], (6, 3)=[>], (7, 5)=[v]}
19 Jan 2025 01:22:56 GMT Zwierzę poruszyło się z (6, 3) na (6, 3)
19 Jan 2025 01:22:57 GMT Długość listy pozycji: 10
Lista pozycji zwierząt: {(1, 1)=[>], (3, 3)=[◥], (3, 8)=[<], (0, 6)=[>], (9, 1)=[◤], (8, 2)=[^], (9, 4)=[<], (5, 1)=[>], (6, 3)=[>], (7, 5)=[v]}
19 Jan 2025 01:22:57 GMT Zwierzę poruszyło się z (0, 0) na (9, 1)
19 Jan 2025 01:22:57 GMT Długość listy pozycji: 10
Lista pozycji zwierząt: {(1, 1)=[>], (3, 3)=[>], (3, 8)=[<], (0, 6)=[>], (9, 1)=[◤], (8, 2)=[^], (9, 4)=[<], (5, 1)=[>], (6, 3)=[>], (7, 5)=[v]}
19 Jan 2025 01:22:57 GMT Zwierzę poruszyło się z (3, 3) na (3, 3)
19 Jan 2025 01:22:57 GMT Długość listy pozycji: 10
Lista pozycji zwierząt: {(1, 1)=[>], (3, 3)=[>], (3, 8)=[>], (0, 6)=[>], (9, 1)=[◤], (8, 2)=[^], (9, 4)=[<], (5, 1)=[>], (6, 3)=[>], (7, 5)=[v]}
19 Jan 2025 01:22:57 GMT Zwierzę poruszyło się z (3, 8) na (3, 8)
19 Jan 2025 01:22:57 GMT Długość listy pozycji: 10
Lista pozycji zwierząt: {(1, 1)=[◤], (3, 3)=[>], (3, 8)=[>], (0, 6)=[>], (9, 1)=[◤], (8, 2)=[^], (9, 4)=[<], (5, 1)=[>], (6, 3)=[>], (7, 5)=[v]}
19 Jan 2025 01:22:57 GMT Zwierzę poruszyło się z (1, 1) na (1, 1)
19 Jan 2025 01:22:57 GMT Długość listy pozycji: 10
Lista pozycji zwierząt: {(1, 1)=[◤], (3, 3)=[>], (3, 8)=[>], (0, 6)=[>], (9, 1)=[◤], (8, 2)=[◢], (9, 4)=[<], (5, 1)=[>], (6, 3)=[>], (7, 5)=[v]}
19 Jan 2025 01:22:57 GMT Zwierzę poruszyło się z (8, 2) na (8, 2)
19 Jan 2025 01:22:57 GMT Zwierzę zjadło roślinkę na (0, 6)
19 Jan 2025 01:22:57 GMT Zwierzę zjadło roślinkę na (9, 1)
19 Jan 2025 01:22:57 GMT Roślinka wyrosła na (6, 3)
19 Jan 2025 01:22:57 GMT Roślinka wyrosła na (0, 0)
19 Jan 2025 01:22:57 GMT Roślinka wyrosła na (7, 7)
19 Jan 2025 01:22:57 GMT Roślinka wyrosła na (6, 9)
19 Jan 2025 01:22:57 GMT Roślinka wyrosła na (4, 9)
19 Jan 2025 01:22:57 GMT Roślinka wyrosła na (9, 7)
19 Jan 2025 01:22:57 GMT Roślinka wyrosła na (8, 9)
19 Jan 2025 01:22:57 GMT Roślinka wyrosła na (1, 9)
19 Jan 2025 01:22:57 GMT Roślinka wyrosła na (0, 4)
19 Jan 2025 01:22:57 GMT Roślinka wyrosła na (0, 7)
19 Jan 2025 01:22:58 GMT Długość listy pozycji: 10
Lista pozycji zwierząt: {(1, 1)=[◤], (3, 3)=[>], (3, 8)=[>], (0, 6)=[>], (9, 1)=[◤], (8, 2)=[◢], (9, 4)=[^], (5, 1)=[>], (6, 3)=[>], (7, 5)=[v]}
19 Jan 2025 01:22:58 GMT Zwierzę poruszyło się z (9, 4) na (9, 4)
19 Jan 2025 01:22:58 GMT Długość listy pozycji: 10
Lista pozycji zwierząt: {(1, 1)=[◤], (3, 3)=[>], (3, 8)=[>], (0, 6)=[>], (9, 1)=[◤], (8, 2)=[◢], (9, 4)=[^], (5, 1)=[◢], (6, 3)=[>], (7, 5)=[v]}
19 Jan 2025 01:22:58 GMT Zwierzę poruszyło się z (5, 1) na (5, 1)
19 Jan 2025 01:22:58 GMT Długość listy pozycji: 10
Lista pozycji zwierząt: {(1, 1)=[◤], (3, 3)=[>], (3, 8)=[>], (0, 6)=[◥], (9, 1)=[◤], (8, 2)=[◢], (9, 4)=[^], (5, 1)=[◢], (6, 3)=[>], (7, 5)=[v]}
19 Jan 2025 01:22:58 GMT Zwierzę poruszyło się z (0, 6) na (0, 6)
19 Jan 2025 01:22:58 GMT Długość listy pozycji: 10
Lista pozycji zwierząt: {(1, 1)=[◤], (3, 3)=[>], (3, 8)=[>], (0, 6)=[◥], (9, 1)=[◤], (8, 2)=[◢], (9, 4)=[^], (5, 1)=[◢], (6, 3)=[>], (7, 5)=[◣]}
19 Jan 2025 01:22:58 GMT Zwierzę poruszyło się z (7, 5) na (7, 5)
19 Jan 2025 01:22:58 GMT Długość listy pozycji: 10
Lista pozycji zwierząt: {(1, 1)=[◤], (3, 3)=[>], (3, 8)=[>], (0, 6)=[◥], (9, 1)=[◤], (8, 2)=[◢], (9, 4)=[^], (5, 1)=[◢], (6, 3)=[^], (7, 5)=[◣]}
19 Jan 2025 01:22:58 GMT Zwierzę poruszyło się z (6, 3) na (6, 3)
19 Jan 2025 01:22:58 GMT Długość listy pozycji: 10
Lista pozycji zwierząt: {(1, 1)=[◤], (3, 3)=[>], (3, 8)=[>], (0, 6)=[◥], (9, 1)=[◤], (8, 2)=[◢], (9, 4)=[^], (5, 1)=[◢], (6, 3)=[^], (7, 5)=[◣]}
19 Jan 2025 01:22:58 GMT Zwierzę poruszyło się z (9, 1) na (9, 1)
19 Jan 2025 01:22:58 GMT Długość listy pozycji: 10
Lista pozycji zwierząt: {(1, 1)=[◤], (3, 3)=[<], (3, 8)=[>], (0, 6)=[◥], (9, 1)=[◤], (8, 2)=[◢], (9, 4)=[^], (5, 1)=[◢], (6, 3)=[^], (7, 5)=[◣]}
19 Jan 2025 01:22:58 GMT Zwierzę poruszyło się z (3, 3) na (3, 3)
19 Jan 2025 01:22:58 GMT Długość listy pozycji: 10
Lista pozycji zwierząt: {(1, 1)=[◤], (3, 3)=[<], (3, 8)=[^], (0, 6)=[◥], (9, 1)=[◤], (8, 2)=[◢], (9, 4)=[^], (5, 1)=[◢], (6, 3)=[^], (7, 5)=[◣]}
19 Jan 2025 01:22:58 GMT Zwierzę poruszyło się z (3, 8) na (3, 8)
19 Jan 2025 01:22:58 GMT Długość listy pozycji: 10
Lista pozycji zwierząt: {(1, 1)=[◤], (3, 3)=[<], (3, 8)=[^], (0, 6)=[◥], (9, 1)=[◤], (8, 2)=[◢], (9, 4)=[^], (5, 1)=[◢], (6, 3)=[^], (7, 5)=[◣]}
19 Jan 2025 01:22:58 GMT Zwierzę poruszyło się z (1, 1) na (1, 1)
19 Jan 2025 01:22:58 GMT Długość listy pozycji: 10
Lista pozycji zwierząt: {(1, 1)=[◤], (3, 3)=[<], (3, 8)=[^], (0, 6)=[◥], (9, 1)=[◤], (8, 2)=[◢], (9, 4)=[^], (5, 1)=[◢], (6, 3)=[^], (7, 5)=[◣]}
19 Jan 2025 01:22:58 GMT Zwierzę poruszyło się z (8, 2) na (8, 2)
19 Jan 2025 01:22:59 GMT Zwierzę zjadło roślinkę na (6, 3)
19 Jan 2025 01:22:59 GMT Roślinka wyrosła na (7, 3)
19 Jan 2025 01:22:59 GMT Roślinka wyrosła na (5, 2)
19 Jan 2025 01:22:59 GMT Roślinka wyrosła na (5, 0)
19 Jan 2025 01:22:59 GMT Roślinka wyrosła na (3, 8)
19 Jan 2025 01:22:59 GMT Roślinka wyrosła na (4, 1)
19 Jan 2025 01:22:59 GMT Roślinka wyrosła na (8, 2)
19 Jan 2025 01:22:59 GMT Roślinka wyrosła na (1, 2)
19 Jan 2025 01:22:59 GMT Roślinka wyrosła na (4, 4)
19 Jan 2025 01:22:59 GMT Roślinka wyrosła na (1, 3)
19 Jan 2025 01:22:59 GMT Roślinka wyrosła na (9, 9)
19 Jan 2025 01:22:59 GMT Długość listy pozycji: 10
Lista pozycji zwierząt: {(1, 1)=[◤], (3, 3)=[<], (0, 3)=[◢], (3, 8)=[^], (0, 6)=[◥], (9, 1)=[◤], (8, 2)=[◢], (5, 1)=[◢], (6, 3)=[^], (7, 5)=[◣]}
19 Jan 2025 01:22:59 GMT Zwierzę poruszyło się z (9, 4) na (0, 3)
19 Jan 2025 01:22:59 GMT Długość listy pozycji: 10
Lista pozycji zwierząt: {(1, 1)=[◤], (3, 3)=[<], (0, 3)=[◢], (3, 8)=[^], (0, 6)=[◥], (9, 1)=[◤], (8, 2)=[◢], (5, 1)=[◣], (6, 3)=[^], (7, 5)=[◣]}
19 Jan 2025 01:22:59 GMT Zwierzę poruszyło się z (5, 1) na (5, 1)
19 Jan 2025 01:22:59 GMT Długość listy pozycji: 10
Lista pozycji zwierząt: {(1, 1)=[◤], (3, 3)=[<], (0, 3)=[◢], (3, 8)=[^], (0, 6)=[^], (9, 1)=[◤], (8, 2)=[◢], (5, 1)=[◣], (6, 3)=[^], (7, 5)=[◣]}
19 Jan 2025 01:22:59 GMT Zwierzę poruszyło się z (0, 6) na (0, 6)
19 Jan 2025 01:22:59 GMT Długość listy pozycji: 10
Lista pozycji zwierząt: {(1, 1)=[◤], (3, 3)=[<], (0, 3)=[◢], (3, 8)=[^], (0, 6)=[^], (9, 1)=[◤], (8, 2)=[◢], (5, 1)=[◣], (6, 3)=[^], (7, 5)=[^]}
19 Jan 2025 01:22:59 GMT Zwierzę poruszyło się z (7, 5) na (7, 5)
19 Jan 2025 01:22:59 GMT Długość listy pozycji: 10
Lista pozycji zwierząt: {(1, 1)=[◤], (3, 3)=[<], (0, 3)=[◢], (3, 8)=[^], (0, 6)=[^], (9, 1)=[◤], (8, 2)=[◢], (5, 1)=[◣], (6, 3)=[>], (7, 5)=[^]}
19 Jan 2025 01:22:59 GMT Zwierzę poruszyło się z (6, 3) na (6, 3)
19 Jan 2025 01:23:00 GMT Długość listy pozycji: 10
Lista pozycji zwierząt: {(1, 1)=[◤], (3, 3)=[<], (0, 3)=[◢], (3, 8)=[^], (0, 6)=[^], (9, 1)=[^], (8, 2)=[◢], (5, 1)=[◣], (6, 3)=[>], (7, 5)=[^]}
19 Jan 2025 01:23:00 GMT Zwierzę poruszyło się z (9, 1) na (9, 1)
19 Jan 2025 01:23:00 GMT Długość listy pozycji: 10
Lista pozycji zwierząt: {(1, 1)=[◤], (3, 3)=[^], (0, 3)=[◢], (3, 8)=[^], (0, 6)=[^], (9, 1)=[^], (8, 2)=[◢], (5, 1)=[◣], (6, 3)=[>], (7, 5)=[^]}
19 Jan 2025 01:23:00 GMT Zwierzę poruszyło się z (3, 3) na (3, 3)
19 Jan 2025 01:23:00 GMT Długość listy pozycji: 10
Lista pozycji zwierząt: {(1, 1)=[◤], (3, 3)=[^], (0, 3)=[◢], (3, 8)=[◢], (0, 6)=[^], (9, 1)=[^], (8, 2)=[◢], (5, 1)=[◣], (6, 3)=[>], (7, 5)=[^]}
19 Jan 2025 01:23:00 GMT Zwierzę poruszyło się z (3, 8) na (3, 8)
19 Jan 2025 01:23:00 GMT Długość listy pozycji: 10
Lista pozycji zwierząt: {(1, 1)=[v], (3, 3)=[^], (0, 3)=[◢], (3, 8)=[◢], (0, 6)=[^], (9, 1)=[^], (8, 2)=[◢], (5, 1)=[◣], (6, 3)=[>], (7, 5)=[^]}
19 Jan 2025 01:23:00 GMT Zwierzę poruszyło się z (1, 1) na (1, 1)
19 Jan 2025 01:23:00 GMT Długość listy pozycji: 10
Lista pozycji zwierząt: {(1, 1)=[v], (3, 3)=[^], (0, 3)=[◢], (3, 8)=[◢], (0, 6)=[^], (9, 1)=[^], (8, 2)=[◣], (5, 1)=[◣], (6, 3)=[>], (7, 5)=[^]}
19 Jan 2025 01:23:00 GMT Zwierzę poruszyło się z (8, 2) na (8, 2)
19 Jan 2025 01:23:00 GMT Zwierzę zjadło roślinkę na (3, 8)
19 Jan 2025 01:23:00 GMT Zwierzę zjadło roślinkę na (8, 2)
19 Jan 2025 01:23:00 GMT Roślinka wyrosła na (7, 0)
19 Jan 2025 01:23:00 GMT Roślinka wyrosła na (9, 4)
19 Jan 2025 01:23:00 GMT Roślinka wyrosła na (4, 7)
19 Jan 2025 01:23:00 GMT Roślinka wyrosła na (4, 3)
19 Jan 2025 01:23:00 GMT Roślinka wyrosła na (5, 1)
19 Jan 2025 01:23:00 GMT Roślinka wyrosła na (2, 0)
19 Jan 2025 01:23:00 GMT Roślinka wyrosła na (4, 8)
19 Jan 2025 01:23:00 GMT Roślinka wyrosła na (3, 2)
19 Jan 2025 01:23:00 GMT Roślinka wyrosła na (7, 9)
19 Jan 2025 01:23:00 GMT Roślinka wyrosła na (5, 9)
19 Jan 2025 01:23:00 GMT Długość listy pozycji: 10
Lista pozycji zwierząt: {(1, 1)=[v], (3, 3)=[^], (0, 3)=[>], (3, 8)=[◢], (0, 6)=[^], (9, 1)=[^], (8, 2)=[◣], (5, 1)=[◣], (6, 3)=[>], (7, 5)=[^]}
19 Jan 2025 01:23:00 GMT Zwierzę poruszyło się z (0, 3) na (0, 3)
19 Jan 2025 01:23:01 GMT Długość listy pozycji: 10
Lista pozycji zwierząt: {(1, 1)=[v], (3, 3)=[^], (0, 3)=[>], (3, 8)=[◢], (0, 6)=[^], (9, 1)=[^], (8, 2)=[◣], (5, 1)=[◢], (6, 3)=[>], (7, 5)=[^]}
19 Jan 2025 01:23:01 GMT Zwierzę poruszyło się z (5, 1) na (5, 1)
19 Jan 2025 01:23:01 GMT Długość listy pozycji: 10
Lista pozycji zwierząt: {(1, 1)=[v], (3, 3)=[^], (0, 3)=[>], (3, 8)=[◢], (0, 6)=[◢], (9, 1)=[^], (8, 2)=[◣], (5, 1)=[◢], (6, 3)=[>], (7, 5)=[^]}
19 Jan 2025 01:23:01 GMT Zwierzę poruszyło się z (0, 6) na (0, 6)
19 Jan 2025 01:23:01 GMT Długość listy pozycji: 10
Lista pozycji zwierząt: {(1, 1)=[v], (3, 3)=[^], (0, 3)=[>], (3, 8)=[◢], (0, 6)=[◢], (9, 1)=[^], (8, 2)=[◣], (5, 1)=[◢], (6, 3)=[>], (7, 5)=[◥]}
19 Jan 2025 01:23:01 GMT Zwierzę poruszyło się z (7, 5) na (7, 5)
19 Jan 2025 01:23:01 GMT Długość listy pozycji: 10
Lista pozycji zwierząt: {(1, 1)=[v], (3, 3)=[^], (0, 3)=[>], (3, 8)=[◢], (0, 6)=[◢], (9, 1)=[^], (8, 2)=[◣], (5, 1)=[◢], (6, 3)=[<], (7, 5)=[◥]}
19 Jan 2025 01:23:01 GMT Zwierzę poruszyło się z (6, 3) na (6, 3)
19 Jan 2025 01:23:01 GMT Długość listy pozycji: 10
Lista pozycji zwierząt: {(1, 1)=[v], (3, 3)=[^], (0, 3)=[>], (3, 8)=[◢], (0, 6)=[◢], (9, 1)=[<], (8, 2)=[◣], (5, 1)=[◢], (6, 3)=[<], (7, 5)=[◥]}
19 Jan 2025 01:23:01 GMT Zwierzę poruszyło się z (9, 1) na (9, 1)
19 Jan 2025 01:23:01 GMT Długość listy pozycji: 10
Lista pozycji zwierząt: {(1, 1)=[v], (3, 3)=[◥], (0, 3)=[>], (3, 8)=[◢], (0, 6)=[◢], (9, 1)=[<], (8, 2)=[◣], (5, 1)=[◢], (6, 3)=[<], (7, 5)=[◥]}
19 Jan 2025 01:23:01 GMT Zwierzę poruszyło się z (3, 3) na (3, 3)
19 Jan 2025 01:23:01 GMT Długość listy pozycji: 10
Lista pozycji zwierząt: {(1, 1)=[v], (3, 3)=[◥], (0, 3)=[>], (3, 8)=[◢], (0, 6)=[◢], (9, 1)=[<], (8, 2)=[◣], (5, 1)=[◢], (6, 3)=[<], (7, 5)=[◥]}
19 Jan 2025 01:23:01 GMT Zwierzę poruszyło się z (3, 8) na (3, 8)
19 Jan 2025 01:23:01 GMT Długość listy pozycji: 10
Lista pozycji zwierząt: {(1, 1)=[◢], (3, 3)=[◥], (0, 3)=[>], (3, 8)=[◢], (0, 6)=[◢], (9, 1)=[<], (8, 2)=[◣], (5, 1)=[◢], (6, 3)=[<], (7, 5)=[◥]}
19 Jan 2025 01:23:01 GMT Zwierzę poruszyło się z (1, 1) na (1, 1)
19 Jan 2025 01:23:01 GMT Długość listy pozycji: 10
Lista pozycji zwierząt: {(1, 1)=[◢], (3, 3)=[◥], (0, 3)=[>], (3, 8)=[◢], (0, 6)=[◢], (9, 1)=[<], (8, 2)=[◥], (5, 1)=[◢], (6, 3)=[<], (7, 5)=[◥]}
19 Jan 2025 01:23:01 GMT Zwierzę poruszyło się z (8, 2) na (8, 2)
19 Jan 2025 01:23:02 GMT Zwierzę zjadło roślinkę na (5, 1)
19 Jan 2025 01:23:02 GMT Roślinka wyrosła na (1, 4)
19 Jan 2025 01:23:02 GMT Roślinka wyrosła na (6, 8)
19 Jan 2025 01:23:02 GMT Roślinka wyrosła na (1, 8)
19 Jan 2025 01:23:02 GMT Roślinka wyrosła na (8, 3)
19 Jan 2025 01:23:02 GMT Roślinka wyrosła na (9, 3)
19 Jan 2025 01:23:02 GMT Roślinka wyrosła na (9, 0)
19 Jan 2025 01:23:02 GMT Roślinka wyrosła na (2, 3)
19 Jan 2025 01:23:02 GMT Roślinka wyrosła na (3, 3)
19 Jan 2025 01:23:02 GMT Roślinka wyrosła na (5, 7)
19 Jan 2025 01:23:02 GMT Roślinka wyrosła na (0, 2)
19 Jan 2025 01:23:02 GMT Długość listy pozycji: 10
Lista pozycji zwierząt: {(1, 1)=[◢], (3, 3)=[◥], (0, 3)=[^], (3, 8)=[◢], (0, 6)=[◢], (9, 1)=[<], (8, 2)=[◥], (5, 1)=[◢], (6, 3)=[<], (7, 5)=[◥]}
19 Jan 2025 01:23:02 GMT Zwierzę poruszyło się z (0, 3) na (0, 3)
19 Jan 2025 01:23:02 GMT Długość listy pozycji: 10
Lista pozycji zwierząt: {(1, 1)=[◢], (3, 3)=[◥], (0, 3)=[^], (3, 8)=[◢], (0, 6)=[◢], (9, 1)=[<], (8, 2)=[◥], (5, 1)=[◣], (6, 3)=[<], (7, 5)=[◥]}
19 Jan 2025 01:23:02 GMT Zwierzę poruszyło się z (5, 1) na (5, 1)
19 Jan 2025 01:23:02 GMT Długość listy pozycji: 10
Lista pozycji zwierząt: {(1, 1)=[◢], (3, 3)=[◥], (0, 3)=[^], (3, 8)=[◢], (0, 6)=[^], (9, 1)=[<], (8, 2)=[◥], (5, 1)=[◣], (6, 3)=[<], (7, 5)=[◥]}
19 Jan 2025 01:23:02 GMT Zwierzę poruszyło się z (0, 6) na (0, 6)
19 Jan 2025 01:23:02 GMT Długość listy pozycji: 10
Lista pozycji zwierząt: {(1, 1)=[◢], (3, 3)=[◥], (0, 3)=[^], (3, 8)=[◢], (0, 6)=[^], (9, 1)=[<], (8, 2)=[◥], (5, 1)=[◣], (6, 3)=[<], (7, 5)=[◢]}
19 Jan 2025 01:23:02 GMT Zwierzę poruszyło się z (7, 5) na (7, 5)
19 Jan 2025 01:23:02 GMT Długość listy pozycji: 10
Lista pozycji zwierząt: {(1, 1)=[◢], (3, 3)=[◥], (0, 3)=[^], (3, 8)=[◢], (0, 6)=[^], (9, 1)=[<], (8, 2)=[◥], (5, 1)=[◣], (6, 3)=[◤], (7, 5)=[◢]}
19 Jan 2025 01:23:02 GMT Zwierzę poruszyło się z (6, 3) na (6, 3)
19 Jan 2025 01:23:03 GMT Długość listy pozycji: 10
Lista pozycji zwierząt: {(1, 1)=[◢], (3, 3)=[◥], (0, 1)=[>], (0, 3)=[^], (3, 8)=[◢], (0, 6)=[^], (8, 2)=[◥], (5, 1)=[◣], (6, 3)=[◤], (7, 5)=[◢]}
19 Jan 2025 01:23:03 GMT Zwierzę poruszyło się z (9, 1) na (0, 1)
19 Jan 2025 01:23:03 GMT Długość listy pozycji: 10
Lista pozycji zwierząt: {(1, 1)=[◢], (3, 3)=[◢], (0, 1)=[>], (0, 3)=[^], (3, 8)=[◢], (0, 6)=[^], (8, 2)=[◥], (5, 1)=[◣], (6, 3)=[◤], (7, 5)=[◢]}
19 Jan 2025 01:23:03 GMT Zwierzę poruszyło się z (3, 3) na (3, 3)
19 Jan 2025 01:23:03 GMT Długość listy pozycji: 10
Lista pozycji zwierząt: {(1, 1)=[◢], (3, 3)=[◢], (0, 1)=[>], (0, 3)=[^], (3, 8)=[◣], (0, 6)=[^], (8, 2)=[◥], (5, 1)=[◣], (6, 3)=[◤], (7, 5)=[◢]}
19 Jan 2025 01:23:03 GMT Zwierzę poruszyło się z (3, 8) na (3, 8)
19 Jan 2025 01:23:03 GMT Długość listy pozycji: 10
Lista pozycji zwierząt: {(1, 1)=[◥], (3, 3)=[◢], (0, 1)=[>], (0, 3)=[^], (3, 8)=[◣], (0, 6)=[^], (8, 2)=[◥], (5, 1)=[◣], (6, 3)=[◤], (7, 5)=[◢]}
19 Jan 2025 01:23:03 GMT Zwierzę poruszyło się z (1, 1) na (1, 1)
19 Jan 2025 01:23:03 GMT Długość listy pozycji: 10
Lista pozycji zwierząt: {(1, 1)=[◥], (3, 3)=[◢], (0, 1)=[>], (0, 3)=[^], (3, 8)=[◣], (0, 6)=[^], (8, 2)=[◤], (5, 1)=[◣], (6, 3)=[◤], (7, 5)=[◢]}
19 Jan 2025 01:23:03 GMT Zwierzę poruszyło się z (8, 2) na (8, 2)
19 Jan 2025 01:23:03 GMT Zwierzę zjadło roślinkę na (3, 3)
19 Jan 2025 01:23:03 GMT Roślinka wyrosła na (4, 0)
19 Jan 2025 01:23:03 GMT Roślinka wyrosła na (2, 7)
19 Jan 2025 01:23:03 GMT Roślinka wyrosła na (3, 0)
19 Jan 2025 01:23:03 GMT Roślinka wyrosła na (0, 1)
19 Jan 2025 01:23:03 GMT Roślinka wyrosła na (9, 8)
19 Jan 2025 01:23:03 GMT Roślinka wyrosła na (5, 4)
19 Jan 2025 01:23:03 GMT Roślinka wyrosła na (1, 0)
19 Jan 2025 01:23:03 GMT Roślinka wyrosła na (7, 2)
19 Jan 2025 01:23:03 GMT Roślinka wyrosła na (3, 1)
19 Jan 2025 01:23:03 GMT Roślinka wyrosła na (5, 3)
19 Jan 2025 01:23:04 GMT Długość listy pozycji: 10
Lista pozycji zwierząt: {(1, 1)=[◥], (3, 3)=[◢], (0, 1)=[>], (3, 8)=[◣], (0, 6)=[^], (9, 3)=[<], (8, 2)=[◤], (5, 1)=[◣], (6, 3)=[◤], (7, 5)=[◢]}
19 Jan 2025 01:23:04 GMT Zwierzę poruszyło się z (0, 3) na (9, 3)
19 Jan 2025 01:23:04 GMT Długość listy pozycji: 10
Lista pozycji zwierząt: {(1, 1)=[◥], (3, 3)=[◢], (0, 1)=[>], (3, 8)=[◣], (0, 6)=[^], (9, 3)=[<], (8, 2)=[◤], (5, 1)=[◤], (6, 3)=[◤], (7, 5)=[◢]}
19 Jan 2025 01:23:04 GMT Zwierzę poruszyło się z (5, 1) na (5, 1)
19 Jan 2025 01:23:04 GMT Długość listy pozycji: 10
Lista pozycji zwierząt: {(1, 1)=[◥], (3, 3)=[◢], (0, 1)=[>], (3, 8)=[◣], (0, 6)=[◢], (9, 3)=[<], (8, 2)=[◤], (5, 1)=[◤], (6, 3)=[◤], (7, 5)=[◢]}
19 Jan 2025 01:23:04 GMT Zwierzę poruszyło się z (0, 6) na (0, 6)
19 Jan 2025 01:23:04 GMT Długość listy pozycji: 10
Lista pozycji zwierząt: {(1, 1)=[◥], (3, 3)=[◢], (0, 1)=[>], (3, 8)=[◣], (0, 6)=[◢], (9, 3)=[<], (8, 2)=[◤], (5, 1)=[◤], (6, 3)=[◤], (7, 5)=[^]}
19 Jan 2025 01:23:04 GMT Zwierzę poruszyło się z (7, 5) na (7, 5)
19 Jan 2025 01:23:04 GMT Długość listy pozycji: 10
Lista pozycji zwierząt: {(1, 1)=[◥], (3, 3)=[◢], (0, 1)=[>], (3, 8)=[◣], (0, 6)=[◢], (9, 3)=[<], (8, 2)=[◤], (5, 1)=[◤], (6, 3)=[^], (7, 5)=[^]}
19 Jan 2025 01:23:04 GMT Zwierzę poruszyło się z (6, 3) na (6, 3)
19 Jan 2025 01:23:04 GMT Długość listy pozycji: 10
Lista pozycji zwierząt: {(1, 1)=[◥], (3, 3)=[◢], (0, 1)=[◢], (3, 8)=[◣], (0, 6)=[◢], (9, 3)=[<], (8, 2)=[◤], (5, 1)=[◤], (6, 3)=[^], (7, 5)=[^]}
19 Jan 2025 01:23:04 GMT Zwierzę poruszyło się z (0, 1) na (0, 1)
19 Jan 2025 01:23:04 GMT Długość listy pozycji: 10
Lista pozycji zwierząt: {(1, 1)=[◥], (3, 3)=[◥], (0, 1)=[◢], (3, 8)=[◣], (0, 6)=[◢], (9, 3)=[<], (8, 2)=[◤], (5, 1)=[◤], (6, 3)=[^], (7, 5)=[^]}
19 Jan 2025 01:23:04 GMT Zwierzę poruszyło się z (3, 3) na (3, 3)
19 Jan 2025 01:23:04 GMT Długość listy pozycji: 10
Lista pozycji zwierząt: {(1, 1)=[◥], (3, 3)=[◥], (0, 1)=[◢], (3, 8)=[^], (0, 6)=[◢], (9, 3)=[<], (8, 2)=[◤], (5, 1)=[◤], (6, 3)=[^], (7, 5)=[^]}
19 Jan 2025 01:23:04 GMT Zwierzę poruszyło się z (3, 8) na (3, 8)
19 Jan 2025 01:23:04 GMT Długość listy pozycji: 10
Lista pozycji zwierząt: {(1, 1)=[◢], (3, 3)=[◥], (0, 1)=[◢], (3, 8)=[^], (0, 6)=[◢], (9, 3)=[<], (8, 2)=[◤], (5, 1)=[◤], (6, 3)=[^], (7, 5)=[^]}
19 Jan 2025 01:23:04 GMT Zwierzę poruszyło się z (1, 1) na (1, 1)
19 Jan 2025 01:23:04 GMT Długość listy pozycji: 10
Lista pozycji zwierząt: {(1, 1)=[◢], (3, 3)=[◥], (0, 1)=[◢], (3, 8)=[^], (0, 6)=[◢], (9, 3)=[<], (8, 2)=[<], (5, 1)=[◤], (6, 3)=[^], (7, 5)=[^]}
19 Jan 2025 01:23:04 GMT Zwierzę poruszyło się z (8, 2) na (8, 2)
19 Jan 2025 01:23:05 GMT Zwierzę zjadło roślinkę na (0, 1)
19 Jan 2025 01:23:05 GMT Zwierzę zjadło roślinkę na (9, 3)
19 Jan 2025 01:23:05 GMT Roślinka wyrosła na (9, 2)
19 Jan 2025 01:23:05 GMT Roślinka wyrosła na (0, 3)
19 Jan 2025 01:23:05 GMT Roślinka wyrosła na (7, 8)
19 Jan 2025 01:23:05 GMT Roślinka wyrosła na (8, 1)
19 Jan 2025 01:23:05 GMT Roślinka wyrosła na (8, 8)
19 Jan 2025 01:23:05 GMT Roślinka wyrosła na (6, 0)
19 Jan 2025 01:23:05 GMT Roślinka wyrosła na (2, 1)
19 Jan 2025 01:23:05 GMT Roślinka wyrosła na (6, 1)
19 Jan 2025 01:23:05 GMT Roślinka wyrosła na (3, 9)
19 Jan 2025 01:23:05 GMT Roślinka wyrosła na (4, 2)
19 Jan 2025 01:23:05 GMT Długość listy pozycji: 10
Lista pozycji zwierząt: {(1, 1)=[◢], (3, 3)=[◥], (0, 1)=[◢], (0, 3)=[>], (3, 8)=[^], (0, 6)=[◢], (8, 2)=[<], (5, 1)=[◤], (6, 3)=[^], (7, 5)=[^]}
19 Jan 2025 01:23:05 GMT Zwierzę poruszyło się z (9, 3) na (0, 3)
19 Jan 2025 01:23:05 GMT Długość listy pozycji: 10
Lista pozycji zwierząt: {(1, 1)=[◢], (3, 3)=[◥], (0, 1)=[◢], (0, 3)=[>], (3, 8)=[^], (0, 6)=[◢], (8, 2)=[<], (5, 1)=[>], (6, 3)=[^], (7, 5)=[^]}
19 Jan 2025 01:23:05 GMT Zwierzę poruszyło się z (5, 1) na (5, 1)
19 Jan 2025 01:23:05 GMT Długość listy pozycji: 10
Lista pozycji zwierząt: {(1, 1)=[◢], (3, 3)=[◥], (0, 1)=[◢], (0, 3)=[>], (3, 8)=[^], (8, 2)=[<], (5, 1)=[>], (6, 3)=[^], (9, 7)=[◤], (7, 5)=[^]}
19 Jan 2025 01:23:05 GMT Zwierzę poruszyło się z (0, 6) na (9, 7)
19 Jan 2025 01:23:05 GMT Długość listy pozycji: 10
Lista pozycji zwierząt: {(1, 1)=[◢], (3, 3)=[◥], (0, 1)=[◢], (0, 3)=[>], (3, 8)=[^], (8, 2)=[<], (5, 1)=[>], (6, 3)=[^], (9, 7)=[◤], (7, 5)=[>]}
19 Jan 2025 01:23:05 GMT Zwierzę poruszyło się z (7, 5) na (7, 5)
19 Jan 2025 01:23:05 GMT Długość listy pozycji: 10
Lista pozycji zwierząt: {(1, 1)=[◢], (3, 3)=[◥], (0, 1)=[◢], (0, 3)=[>], (3, 8)=[^], (8, 2)=[<], (5, 1)=[>], (6, 3)=[^], (9, 7)=[◤], (7, 5)=[>]}
19 Jan 2025 01:23:05 GMT Zwierzę poruszyło się z (6, 3) na (6, 3)
19 Jan 2025 01:23:06 GMT Długość listy pozycji: 10
Lista pozycji zwierząt: {(1, 1)=[◢], (3, 3)=[◥], (0, 1)=[^], (0, 3)=[>], (3, 8)=[^], (8, 2)=[<], (5, 1)=[>], (6, 3)=[^], (9, 7)=[◤], (7, 5)=[>]}
19 Jan 2025 01:23:06 GMT Zwierzę poruszyło się z (0, 1) na (0, 1)
19 Jan 2025 01:23:06 GMT Długość listy pozycji: 10
Lista pozycji zwierząt: {(1, 1)=[◢], (3, 3)=[<], (0, 1)=[^], (0, 3)=[>], (3, 8)=[^], (8, 2)=[<], (5, 1)=[>], (6, 3)=[^], (9, 7)=[◤], (7, 5)=[>]}
19 Jan 2025 01:23:06 GMT Zwierzę poruszyło się z (3, 3) na (3, 3)
19 Jan 2025 01:23:06 GMT Długość listy pozycji: 10
Lista pozycji zwierząt: {(1, 1)=[◢], (3, 3)=[<], (0, 1)=[^], (0, 3)=[>], (3, 8)=[◥], (8, 2)=[<], (5, 1)=[>], (6, 3)=[^], (9, 7)=[◤], (7, 5)=[>]}
19 Jan 2025 01:23:06 GMT Zwierzę poruszyło się z (3, 8) na (3, 8)
19 Jan 2025 01:23:06 GMT Długość listy pozycji: 10
Lista pozycji zwierząt: {(1, 1)=[◣], (3, 3)=[<], (0, 1)=[^], (0, 3)=[>], (3, 8)=[◥], (8, 2)=[<], (5, 1)=[>], (6, 3)=[^], (9, 7)=[◤], (7, 5)=[>]}
19 Jan 2025 01:23:06 GMT Zwierzę poruszyło się z (1, 1) na (1, 1)
19 Jan 2025 01:23:06 GMT Długość listy pozycji: 10
Lista pozycji zwierząt: {(1, 1)=[◣], (3, 3)=[<], (0, 1)=[^], (0, 3)=[>], (3, 8)=[◥], (8, 2)=[◢], (5, 1)=[>], (6, 3)=[^], (9, 7)=[◤], (7, 5)=[>]}
19 Jan 2025 01:23:06 GMT Zwierzę poruszyło się z (8, 2) na (8, 2)
19 Jan 2025 01:23:06 GMT Zwierzę zjadło roślinkę na (0, 3)
19 Jan 2025 01:23:06 GMT Zwierzę zjadło roślinkę na (9, 7)
19 Jan 2025 01:23:06 GMT Roślinka wyrosła na null
19 Jan 2025 01:23:06 GMT Roślinka wyrosła na null
19 Jan 2025 01:23:06 GMT Roślinka wyrosła na null
19 Jan 2025 01:23:06 GMT Roślinka wyrosła na null
19 Jan 2025 01:23:06 GMT Roślinka wyrosła na null
19 Jan 2025 01:23:06 GMT Roślinka wyrosła na null
19 Jan 2025 01:23:06 GMT Roślinka wyrosła na null
19 Jan 2025 01:23:06 GMT Roślinka wyrosła na null
19 Jan 2025 01:23:06 GMT Roślinka wyrosła na null
19 Jan 2025 01:23:06 GMT Roślinka wyrosła na null
19 Jan 2025 01:23:07 GMT Długość listy pozycji: 10
Lista pozycji zwierząt: {(1, 1)=[◣], (3, 3)=[<], (0, 1)=[^], (3, 8)=[◥], (9, 2)=[◣], (8, 2)=[◢], (5, 1)=[>], (6, 3)=[^], (9, 7)=[◤], (7, 5)=[>]}
19 Jan 2025 01:23:07 GMT Zwierzę poruszyło się z (0, 3) na (9, 2)
19 Jan 2025 01:23:07 GMT Długość listy pozycji: 10
Lista pozycji zwierząt: {(1, 1)=[◣], (3, 3)=[<], (0, 1)=[^], (3, 8)=[◥], (9, 2)=[◣], (8, 2)=[◢], (5, 1)=[<], (6, 3)=[^], (9, 7)=[◤], (7, 5)=[>]}
19 Jan 2025 01:23:07 GMT Zwierzę poruszyło się z (5, 1) na (5, 1)
19 Jan 2025 01:23:07 GMT Długość listy pozycji: 10
Lista pozycji zwierząt: {(1, 1)=[◣], (3, 3)=[<], (0, 1)=[^], (3, 8)=[◥], (0, 6)=[◢], (9, 2)=[◣], (8, 2)=[◢], (5, 1)=[<], (6, 3)=[^], (7, 5)=[>]}
19 Jan 2025 01:23:07 GMT Zwierzę poruszyło się z (9, 7) na (0, 6)
19 Jan 2025 01:23:07 GMT Długość listy pozycji: 10
Lista pozycji zwierząt: {(1, 1)=[◣], (3, 3)=[<], (0, 1)=[^], (3, 8)=[◥], (0, 6)=[◢], (9, 2)=[◣], (8, 2)=[◢], (5, 1)=[<], (6, 3)=[^], (7, 5)=[◣]}
19 Jan 2025 01:23:07 GMT Zwierzę poruszyło się z (7, 5) na (7, 5)
19 Jan 2025 01:23:07 GMT Długość listy pozycji: 10
Lista pozycji zwierząt: {(1, 1)=[◣], (3, 3)=[<], (0, 1)=[^], (3, 8)=[◥], (0, 6)=[◢], (9, 2)=[◣], (8, 2)=[◢], (5, 1)=[<], (6, 3)=[v], (7, 5)=[◣]}
19 Jan 2025 01:23:07 GMT Zwierzę poruszyło się z (6, 3) na (6, 3)
19 Jan 2025 01:23:07 GMT Długość listy pozycji: 10
Lista pozycji zwierząt: {(1, 1)=[◣], (3, 3)=[<], (3, 8)=[◥], (0, 6)=[◢], (9, 0)=[◣], (9, 2)=[◣], (8, 2)=[◢], (5, 1)=[<], (6, 3)=[v], (7, 5)=[◣]}
19 Jan 2025 01:23:07 GMT Zwierzę poruszyło się z (0, 1) na (9, 0)
19 Jan 2025 01:23:07 GMT Długość listy pozycji: 10
Lista pozycji zwierząt: {(1, 1)=[◣], (3, 3)=[◤], (3, 8)=[◥], (0, 6)=[◢], (9, 0)=[◣], (9, 2)=[◣], (8, 2)=[◢], (5, 1)=[<], (6, 3)=[v], (7, 5)=[◣]}
19 Jan 2025 01:23:07 GMT Zwierzę poruszyło się z (3, 3) na (3, 3)
19 Jan 2025 01:23:07 GMT Długość listy pozycji: 10
Lista pozycji zwierząt: {(1, 1)=[◣], (3, 3)=[◤], (3, 8)=[v], (0, 6)=[◢], (9, 0)=[◣], (9, 2)=[◣], (8, 2)=[◢], (5, 1)=[<], (6, 3)=[v], (7, 5)=[◣]}
19 Jan 2025 01:23:07 GMT Zwierzę poruszyło się z (3, 8) na (3, 8)
19 Jan 2025 01:23:07 GMT Długość listy pozycji: 10
Lista pozycji zwierząt: {(1, 1)=[◤], (3, 3)=[◤], (3, 8)=[v], (0, 6)=[◢], (9, 0)=[◣], (9, 2)=[◣], (8, 2)=[◢], (5, 1)=[<], (6, 3)=[v], (7, 5)=[◣]}
19 Jan 2025 01:23:07 GMT Zwierzę poruszyło się z (1, 1) na (1, 1)
19 Jan 2025 01:23:08 GMT Długość listy pozycji: 10
Lista pozycji zwierząt: {(1, 1)=[◤], (3, 3)=[◤], (3, 8)=[v], (0, 6)=[◢], (9, 0)=[◣], (9, 2)=[◣], (8, 2)=[^], (5, 1)=[<], (6, 3)=[v], (7, 5)=[◣]}
19 Jan 2025 01:23:08 GMT Zwierzę poruszyło się z (8, 2) na (8, 2)
19 Jan 2025 01:23:08 GMT Zwierzę zjadło roślinkę na (9, 0)
19 Jan 2025 01:23:08 GMT Zwierzę zjadło roślinkę na (9, 2)
19 Jan 2025 01:23:08 GMT Roślinka wyrosła na null
19 Jan 2025 01:23:08 GMT Roślinka wyrosła na null
19 Jan 2025 01:23:08 GMT Roślinka wyrosła na null
19 Jan 2025 01:23:08 GMT Roślinka wyrosła na null
19 Jan 2025 01:23:08 GMT Roślinka wyrosła na null
19 Jan 2025 01:23:08 GMT Roślinka wyrosła na null
19 Jan 2025 01:23:08 GMT Roślinka wyrosła na null
19 Jan 2025 01:23:08 GMT Roślinka wyrosła na null
19 Jan 2025 01:23:08 GMT Roślinka wyrosła na null
19 Jan 2025 01:23:08 GMT Roślinka wyrosła na null
19 Jan 2025 01:23:08 GMT Długość listy pozycji: 10
Lista pozycji zwierząt: {(1, 1)=[◤], (3, 3)=[◤], (3, 8)=[v], (0, 6)=[◢], (9, 0)=[◣], (9, 2)=[◤], (8, 2)=[^], (5, 1)=[<], (6, 3)=[v], (7, 5)=[◣]}
19 Jan 2025 01:23:08 GMT Zwierzę poruszyło się z (9, 2) na (9, 2)
19 Jan 2025 01:23:08 GMT Długość listy pozycji: 10
Lista pozycji zwierząt: {(1, 1)=[◤], (3, 3)=[◤], (3, 8)=[v], (0, 6)=[◢], (9, 0)=[◣], (9, 2)=[◤], (8, 2)=[^], (5, 1)=[◣], (6, 3)=[v], (7, 5)=[◣]}
19 Jan 2025 01:23:08 GMT Zwierzę poruszyło się z (5, 1) na (5, 1)
19 Jan 2025 01:23:09 GMT Długość listy pozycji: 10
Lista pozycji zwierząt: {(1, 1)=[◤], (3, 3)=[◤], (3, 8)=[v], (0, 6)=[>], (9, 0)=[◣], (9, 2)=[◤], (8, 2)=[^], (5, 1)=[◣], (6, 3)=[v], (7, 5)=[◣]}
19 Jan 2025 01:23:09 GMT Zwierzę poruszyło się z (0, 6) na (0, 6)
19 Jan 2025 01:23:09 GMT Długość listy pozycji: 10
Lista pozycji zwierząt: {(1, 1)=[◤], (3, 3)=[◤], (3, 8)=[v], (0, 6)=[>], (9, 0)=[◣], (9, 2)=[◤], (8, 2)=[^], (5, 1)=[◣], (6, 3)=[v], (7, 5)=[◥]}
19 Jan 2025 01:23:09 GMT Zwierzę poruszyło się z (7, 5) na (7, 5)
19 Jan 2025 01:23:09 GMT Długość listy pozycji: 10
Lista pozycji zwierząt: {(1, 1)=[◤], (3, 3)=[◤], (3, 8)=[v], (0, 6)=[>], (9, 0)=[◣], (9, 2)=[◤], (8, 2)=[^], (5, 1)=[◣], (6, 3)=[◤], (7, 5)=[◥]}
19 Jan 2025 01:23:09 GMT Zwierzę poruszyło się z (6, 3) na (6, 3)
19 Jan 2025 01:23:09 GMT Długość listy pozycji: 10
Lista pozycji zwierząt: {(1, 1)=[◤], (3, 3)=[◤], (3, 8)=[v], (0, 6)=[>], (9, 0)=[<], (9, 2)=[◤], (8, 2)=[^], (5, 1)=[◣], (6, 3)=[◤], (7, 5)=[◥]}
19 Jan 2025 01:23:09 GMT Zwierzę poruszyło się z (9, 0) na (9, 0)
19 Jan 2025 01:23:09 GMT Długość listy pozycji: 10
Lista pozycji zwierząt: {(1, 1)=[◤], (3, 3)=[>], (3, 8)=[v], (0, 6)=[>], (9, 0)=[<], (9, 2)=[◤], (8, 2)=[^], (5, 1)=[◣], (6, 3)=[◤], (7, 5)=[◥]}
19 Jan 2025 01:23:09 GMT Zwierzę poruszyło się z (3, 3) na (3, 3)
19 Jan 2025 01:23:09 GMT Długość listy pozycji: 10
Lista pozycji zwierząt: {(1, 1)=[◤], (3, 3)=[>], (3, 8)=[<], (0, 6)=[>], (9, 0)=[<], (9, 2)=[◤], (8, 2)=[^], (5, 1)=[◣], (6, 3)=[◤], (7, 5)=[◥]}
19 Jan 2025 01:23:09 GMT Zwierzę poruszyło się z (3, 8) na (3, 8)
19 Jan 2025 01:23:09 GMT Długość listy pozycji: 10
Lista pozycji zwierząt: {(1, 1)=[◥], (3, 3)=[>], (3, 8)=[<], (0, 6)=[>], (9, 0)=[<], (9, 2)=[◤], (8, 2)=[^], (5, 1)=[◣], (6, 3)=[◤], (7, 5)=[◥]}
19 Jan 2025 01:23:09 GMT Zwierzę poruszyło się z (1, 1) na (1, 1)
19 Jan 2025 01:23:09 GMT Długość listy pozycji: 10
Lista pozycji zwierząt: {(1, 1)=[◥], (3, 3)=[>], (3, 8)=[<], (0, 6)=[>], (9, 0)=[<], (9, 2)=[◤], (8, 2)=[<], (5, 1)=[◣], (6, 3)=[◤], (7, 5)=[◥]}
19 Jan 2025 01:23:09 GMT Zwierzę poruszyło się z (8, 2) na (8, 2)
