18 Jan 2025 22:09:00 GMT Zwierze zostało położone na (5, 3)
18 Jan 2025 22:09:00 GMT Zwierze zostało położone na (5, 1)
18 Jan 2025 22:09:00 GMT Zwierze zostało położone na (8, 0)
18 Jan 2025 22:09:00 GMT Zwierze zostało położone na (6, 0)
18 Jan 2025 22:09:00 GMT Zwierze zostało położone na (8, 3)
18 Jan 2025 22:09:00 GMT Zwierze zostało położone na (9, 6)
18 Jan 2025 22:09:00 GMT Zwierze zostało położone na (5, 4)
18 Jan 2025 22:09:00 GMT Zwierze zostało położone na (2, 7)
18 Jan 2025 22:09:00 GMT Zwierze zostało położone na (2, 4)
18 Jan 2025 22:09:00 GMT Zwierze zostało położone na (4, 6)
18 Jan 2025 22:09:01 GMT Długość listy pozycji: 10
Lista pozycji zwierząt: {(5, 4)=[◣], (4, 6)=[<], (2, 4)=[<], (2, 7)=[◢], (8, 0)=[◣], (6, 0)=[◥], (8, 3)=[^], (5, 1)=[◢], (5, 2)=[v], (9, 6)=[>]}
18 Jan 2025 22:09:01 GMT Zwierzę poruszyło się z (5, 3) na (5, 2)
18 Jan 2025 22:09:01 GMT Długość listy pozycji: 10
Lista pozycji zwierząt: {(5, 4)=[◣], (4, 6)=[<], (2, 4)=[<], (2, 7)=[◢], (8, 0)=[◣], (6, 0)=[◥], (8, 3)=[^], (4, 1)=[<], (5, 2)=[v], (9, 6)=[>]}
18 Jan 2025 22:09:01 GMT Zwierzę poruszyło się z (5, 1) na (4, 1)
18 Jan 2025 22:09:01 GMT Długość listy pozycji: 10
Lista pozycji zwierząt: {(5, 4)=[◣], (4, 6)=[<], (2, 4)=[<], (2, 7)=[◢], (9, 0)=[>], (6, 0)=[◥], (8, 3)=[^], (4, 1)=[<], (5, 2)=[v], (9, 6)=[>]}
18 Jan 2025 22:09:01 GMT Zwierzę poruszyło się z (8, 0) na (9, 0)
18 Jan 2025 22:09:01 GMT Długość listy pozycji: 10
Lista pozycji zwierząt: {(5, 4)=[◣], (4, 6)=[<], (2, 4)=[<], (2, 7)=[◢], (9, 0)=[>], (7, 0)=[>], (8, 3)=[^], (4, 1)=[<], (5, 2)=[v], (9, 6)=[>]}
18 Jan 2025 22:09:01 GMT Zwierzę poruszyło się z (6, 0) na (7, 0)
18 Jan 2025 22:09:01 GMT Długość listy pozycji: 10
Lista pozycji zwierząt: {(5, 4)=[◣], (4, 6)=[<], (2, 4)=[<], (2, 7)=[◢], (9, 0)=[>], (7, 0)=[>], (8, 4)=[^], (4, 1)=[<], (5, 2)=[v], (9, 6)=[>]}
18 Jan 2025 22:09:01 GMT Zwierzę poruszyło się z (8, 3) na (8, 4)
18 Jan 2025 22:09:01 GMT Długość listy pozycji: 10
Lista pozycji zwierząt: {(5, 4)=[◣], (4, 6)=[<], (2, 4)=[<], (2, 7)=[◢], (9, 0)=[>], (7, 0)=[>], (9, 5)=[v], (8, 4)=[^], (4, 1)=[<], (5, 2)=[v]}
18 Jan 2025 22:09:01 GMT Zwierzę poruszyło się z (9, 6) na (9, 5)
18 Jan 2025 22:09:01 GMT Długość listy pozycji: 10
Lista pozycji zwierząt: {(4, 6)=[<], (2, 4)=[<], (2, 7)=[◢], (9, 0)=[>], (7, 0)=[>], (9, 5)=[v], (8, 4)=[^], (4, 1)=[<], (5, 2)=[v], (6, 4)=[>]}
18 Jan 2025 22:09:01 GMT Zwierzę poruszyło się z (5, 4) na (6, 4)
18 Jan 2025 22:09:01 GMT Długość listy pozycji: 10
Lista pozycji zwierząt: {(4, 6)=[<], (2, 4)=[<], (1, 7)=[<], (9, 0)=[>], (7, 0)=[>], (9, 5)=[v], (8, 4)=[^], (4, 1)=[<], (5, 2)=[v], (6, 4)=[>]}
18 Jan 2025 22:09:01 GMT Zwierzę poruszyło się z (2, 7) na (1, 7)
18 Jan 2025 22:09:01 GMT Długość listy pozycji: 10
Lista pozycji zwierząt: {(2, 3)=[v], (4, 6)=[<], (1, 7)=[<], (9, 0)=[>], (7, 0)=[>], (9, 5)=[v], (8, 4)=[^], (4, 1)=[<], (5, 2)=[v], (6, 4)=[>]}
18 Jan 2025 22:09:01 GMT Zwierzę poruszyło się z (2, 4) na (2, 3)
18 Jan 2025 22:09:02 GMT Długość listy pozycji: 10
Lista pozycji zwierząt: {(4, 5)=[v], (2, 3)=[v], (1, 7)=[<], (9, 0)=[>], (7, 0)=[>], (9, 5)=[v], (8, 4)=[^], (4, 1)=[<], (5, 2)=[v], (6, 4)=[>]}
18 Jan 2025 22:09:02 GMT Zwierzę poruszyło się z (4, 6) na (4, 5)
18 Jan 2025 22:09:02 GMT Zwierzę zjadło roślinkę na (9, 5)
18 Jan 2025 22:09:02 GMT Zwierzę zjadło roślinkę na (6, 4)
18 Jan 2025 22:09:02 GMT Roślinka wyrosła na (2, 5)
18 Jan 2025 22:09:02 GMT Roślinka wyrosła na (8, 5)
18 Jan 2025 22:09:02 GMT Roślinka wyrosła na (8, 6)
18 Jan 2025 22:09:02 GMT Roślinka wyrosła na (0, 5)
18 Jan 2025 22:09:02 GMT Roślinka wyrosła na (0, 7)
18 Jan 2025 22:09:02 GMT Roślinka wyrosła na (5, 6)
18 Jan 2025 22:09:02 GMT Roślinka wyrosła na (9, 6)
18 Jan 2025 22:09:02 GMT Roślinka wyrosła na (3, 5)
18 Jan 2025 22:09:02 GMT Roślinka wyrosła na (3, 6)
18 Jan 2025 22:09:02 GMT Roślinka wyrosła na (5, 5)
18 Jan 2025 22:09:02 GMT Długość listy pozycji: 10
Lista pozycji zwierząt: {(4, 5)=[v], (2, 3)=[v], (1, 7)=[<], (9, 0)=[>], (7, 0)=[>], (6, 2)=[>], (9, 5)=[v], (8, 4)=[^], (4, 1)=[<], (6, 4)=[>]}
18 Jan 2025 22:09:02 GMT Zwierzę poruszyło się z (5, 2) na (6, 2)
18 Jan 2025 22:09:02 GMT Długość listy pozycji: 10
Lista pozycji zwierząt: {(4, 5)=[v], (2, 3)=[v], (1, 7)=[<], (9, 0)=[>], (7, 0)=[>], (6, 2)=[>], (9, 5)=[v], (8, 4)=[^], (5, 2)=[◥], (6, 4)=[>]}
18 Jan 2025 22:09:02 GMT Zwierzę poruszyło się z (4, 1) na (5, 2)
18 Jan 2025 22:09:02 GMT Długość listy pozycji: 10
Lista pozycji zwierząt: {(4, 5)=[v], (2, 3)=[v], (1, 7)=[<], (8, 1)=[◤], (7, 0)=[>], (6, 2)=[>], (9, 5)=[v], (8, 4)=[^], (5, 2)=[◥], (6, 4)=[>]}
18 Jan 2025 22:09:02 GMT Zwierzę poruszyło się z (9, 0) na (8, 1)
18 Jan 2025 22:09:02 GMT Długość listy pozycji: 10
Lista pozycji zwierząt: {(4, 5)=[v], (2, 3)=[v], (1, 7)=[<], (8, 1)=[◤], (7, 0)=[◤], (6, 2)=[>], (9, 5)=[v], (8, 4)=[^], (5, 2)=[◥], (6, 4)=[>]}
18 Jan 2025 22:09:02 GMT Zwierzę poruszyło się z (7, 0) na (7, 0)
18 Jan 2025 22:09:03 GMT Długość listy pozycji: 10
Lista pozycji zwierząt: {(4, 5)=[v], (2, 3)=[v], (1, 7)=[<], (8, 1)=[◤], (7, 0)=[◤], (6, 2)=[>], (9, 5)=[v], (8, 5)=[^], (5, 2)=[◥], (6, 4)=[>]}
18 Jan 2025 22:09:03 GMT Zwierzę poruszyło się z (8, 4) na (8, 5)
18 Jan 2025 22:09:03 GMT Długość listy pozycji: 9
Lista pozycji zwierząt: {(4, 5)=[v], (2, 3)=[v], (1, 7)=[<], (8, 1)=[◤], (7, 0)=[◤], (6, 2)=[>], (8, 5)=[<, ^], (5, 2)=[◥], (6, 4)=[>]}
18 Jan 2025 22:09:03 GMT Zwierzę poruszyło się z (9, 5) na (8, 5)
18 Jan 2025 22:09:03 GMT Długość listy pozycji: 9
Lista pozycji zwierząt: {(5, 5)=[◤], (4, 5)=[v], (2, 3)=[v], (1, 7)=[<], (8, 1)=[◤], (7, 0)=[◤], (6, 2)=[>], (8, 5)=[<, ^], (5, 2)=[◥]}
18 Jan 2025 22:09:03 GMT Zwierzę poruszyło się z (6, 4) na (5, 5)
18 Jan 2025 22:09:03 GMT Długość listy pozycji: 9
Lista pozycji zwierząt: {(5, 5)=[◤], (4, 5)=[v], (2, 3)=[v], (2, 8)=[◥], (8, 1)=[◤], (7, 0)=[◤], (6, 2)=[>], (8, 5)=[<, ^], (5, 2)=[◥]}
18 Jan 2025 22:09:03 GMT Zwierzę poruszyło się z (1, 7) na (2, 8)
18 Jan 2025 22:09:03 GMT Długość listy pozycji: 9
Lista pozycji zwierząt: {(3, 3)=[>], (5, 5)=[◤], (4, 5)=[v], (2, 8)=[◥], (8, 1)=[◤], (7, 0)=[◤], (6, 2)=[>], (8, 5)=[<, ^], (5, 2)=[◥]}
18 Jan 2025 22:09:03 GMT Zwierzę poruszyło się z (2, 3) na (3, 3)
18 Jan 2025 22:09:03 GMT Długość listy pozycji: 8
Lista pozycji zwierząt: {(3, 3)=[>], (5, 5)=[◤, >], (2, 8)=[◥], (8, 1)=[◤], (7, 0)=[◤], (6, 2)=[>], (8, 5)=[<, ^], (5, 2)=[◥]}
18 Jan 2025 22:09:03 GMT Zwierzę poruszyło się z (4, 5) na (5, 5)
18 Jan 2025 22:09:03 GMT Zwierzę zjadło roślinkę na (5, 5)
18 Jan 2025 22:09:03 GMT Zwierzę zjadło roślinkę na (8, 5)
18 Jan 2025 22:09:03 GMT Zwierze zostało położone na (5, 5)
18 Jan 2025 22:09:03 GMT Urodziło się nowe zwierzę na (5, 5)
18 Jan 2025 22:09:03 GMT Zwierze zostało położone na (8, 5)
18 Jan 2025 22:09:03 GMT Urodziło się nowe zwierzę na (8, 5)
18 Jan 2025 22:09:04 GMT Roślinka wyrosła na (0, 6)
18 Jan 2025 22:09:04 GMT Roślinka wyrosła na (7, 6)
18 Jan 2025 22:09:04 GMT Roślinka wyrosła na (4, 5)
18 Jan 2025 22:09:04 GMT Roślinka wyrosła na (2, 6)
18 Jan 2025 22:09:04 GMT Roślinka wyrosła na (3, 3)
18 Jan 2025 22:09:04 GMT Roślinka wyrosła na (4, 1)
18 Jan 2025 22:09:04 GMT Roślinka wyrosła na (2, 3)
18 Jan 2025 22:09:04 GMT Roślinka wyrosła na (5, 7)
18 Jan 2025 22:09:04 GMT Roślinka wyrosła na (3, 2)
18 Jan 2025 22:09:04 GMT Roślinka wyrosła na (1, 3)
18 Jan 2025 22:09:04 GMT Długość listy pozycji: 8
Lista pozycji zwierząt: {(3, 3)=[>], (5, 5)=[◣, ◤, >], (2, 8)=[◥], (8, 1)=[◤], (7, 0)=[◤], (6, 3)=[^], (8, 5)=[<, <, ^], (5, 2)=[◥]}
18 Jan 2025 22:09:04 GMT Zwierzę poruszyło się z (6, 2) na (6, 3)
18 Jan 2025 22:09:04 GMT Długość listy pozycji: 8
Lista pozycji zwierząt: {(3, 3)=[>], (5, 5)=[◣, ◤, >], (2, 8)=[◥], (8, 1)=[◤], (7, 0)=[◤], (5, 1)=[v], (6, 3)=[^], (8, 5)=[<, <, ^]}
18 Jan 2025 22:09:04 GMT Zwierzę poruszyło się z (5, 2) na (5, 1)
18 Jan 2025 22:09:04 GMT Długość listy pozycji: 8
Lista pozycji zwierząt: {(3, 3)=[>], (5, 5)=[◣, ◤, >], (2, 8)=[◥], (8, 0)=[v], (7, 0)=[◤], (5, 1)=[v], (6, 3)=[^], (8, 5)=[<, <, ^]}
18 Jan 2025 22:09:04 GMT Zwierzę poruszyło się z (8, 1) na (8, 0)
18 Jan 2025 22:09:04 GMT Długość listy pozycji: 8
Lista pozycji zwierząt: {(3, 3)=[>], (5, 5)=[◣, ◤, >], (2, 8)=[◥], (8, 0)=[v], (7, 1)=[^], (5, 1)=[v], (6, 3)=[^], (8, 5)=[<, <, ^]}
18 Jan 2025 22:09:04 GMT Zwierzę poruszyło się z (7, 0) na (7, 1)
18 Jan 2025 22:09:04 GMT Długość listy pozycji: 9
Lista pozycji zwierząt: {(3, 3)=[>], (5, 5)=[◣, ◤, >], (2, 8)=[◥], (8, 0)=[v], (7, 1)=[^], (5, 1)=[v], (6, 3)=[^], (8, 5)=[<, <], (8, 6)=[^]}
18 Jan 2025 22:09:04 GMT Zwierzę poruszyło się z (8, 5) na (8, 6)
18 Jan 2025 22:09:04 GMT Długość listy pozycji: 9
Lista pozycji zwierząt: {(3, 3)=[>], (5, 5)=[◣, ◤, >], (2, 8)=[◥], (8, 0)=[v], (7, 1)=[^], (5, 1)=[v], (6, 3)=[^], (8, 5)=[<], (8, 6)=[^, ^]}
18 Jan 2025 22:09:04 GMT Zwierzę poruszyło się z (8, 5) na (8, 6)
18 Jan 2025 22:09:04 GMT Długość listy pozycji: 10
Lista pozycji zwierząt: {(5, 4)=[v], (3, 3)=[>], (5, 5)=[◣, >], (2, 8)=[◥], (8, 0)=[v], (7, 1)=[^], (5, 1)=[v], (6, 3)=[^], (8, 5)=[<], (8, 6)=[^, ^]}
18 Jan 2025 22:09:04 GMT Zwierzę poruszyło się z (5, 5) na (5, 4)
18 Jan 2025 22:09:04 GMT Długość listy pozycji: 10
Lista pozycji zwierząt: {(5, 4)=[v], (3, 3)=[>], (5, 5)=[◣, >], (2, 7)=[v], (8, 0)=[v], (7, 1)=[^], (5, 1)=[v], (6, 3)=[^], (8, 5)=[<], (8, 6)=[^, ^]}
18 Jan 2025 22:09:04 GMT Zwierzę poruszyło się z (2, 8) na (2, 7)
18 Jan 2025 22:09:05 GMT Długość listy pozycji: 10
Lista pozycji zwierząt: {(5, 4)=[v], (5, 5)=[◣, >], (3, 4)=[^], (2, 7)=[v], (8, 0)=[v], (7, 1)=[^], (5, 1)=[v], (6, 3)=[^], (8, 5)=[<], (8, 6)=[^, ^]}
18 Jan 2025 22:09:05 GMT Zwierzę poruszyło się z (3, 3) na (3, 4)
18 Jan 2025 22:09:05 GMT Długość listy pozycji: 11
Lista pozycji zwierząt: {(5, 4)=[v], (5, 5)=[◣], (5, 6)=[^], (3, 4)=[^], (2, 7)=[v], (8, 0)=[v], (7, 1)=[^], (5, 1)=[v], (6, 3)=[^], (8, 5)=[<], (8, 6)=[^, ^]}
18 Jan 2025 22:09:05 GMT Zwierzę poruszyło się z (5, 5) na (5, 6)
18 Jan 2025 22:09:05 GMT Zwierzę zjadło roślinkę na (5, 6)
18 Jan 2025 22:09:05 GMT Zwierzę zjadło roślinkę na (8, 6)
18 Jan 2025 22:09:05 GMT Zwierze zostało położone na (8, 6)
18 Jan 2025 22:09:05 GMT Urodziło się nowe zwierzę na (8, 6)
18 Jan 2025 22:09:05 GMT Roślinka wyrosła na (6, 9)
18 Jan 2025 22:09:05 GMT Roślinka wyrosła na (8, 4)
18 Jan 2025 22:09:05 GMT Roślinka wyrosła na (9, 1)
18 Jan 2025 22:09:05 GMT Roślinka wyrosła na (3, 0)
18 Jan 2025 22:09:05 GMT Roślinka wyrosła na (8, 2)
18 Jan 2025 22:09:05 GMT Roślinka wyrosła na (1, 4)
18 Jan 2025 22:09:05 GMT Roślinka wyrosła na (1, 8)
18 Jan 2025 22:09:05 GMT Roślinka wyrosła na (2, 7)
18 Jan 2025 22:09:05 GMT Roślinka wyrosła na (5, 4)
18 Jan 2025 22:09:05 GMT Roślinka wyrosła na (9, 0)
18 Jan 2025 22:09:05 GMT Zwierzę umarło na (8, 6)
18 Jan 2025 22:09:05 GMT Długość listy pozycji: 11
Lista pozycji zwierząt: {(5, 4)=[v], (5, 5)=[◣], (5, 6)=[^], (3, 4)=[^], (2, 7)=[v], (8, 0)=[v], (7, 1)=[^], (5, 1)=[v], (8, 5)=[<], (5, 3)=[<], (8, 6)=[◢, ^]}
18 Jan 2025 22:09:05 GMT Zwierzę poruszyło się z (6, 3) na (5, 3)
18 Jan 2025 22:09:05 GMT Długość listy pozycji: 11
Lista pozycji zwierząt: {(5, 4)=[v], (5, 5)=[◣], (5, 6)=[^], (3, 4)=[^], (2, 7)=[v], (8, 0)=[v], (7, 1)=[^], (8, 5)=[<], (4, 2)=[◤], (5, 3)=[<], (8, 6)=[◢, ^]}
18 Jan 2025 22:09:05 GMT Zwierzę poruszyło się z (5, 1) na (4, 2)
18 Jan 2025 22:09:06 GMT Długość listy pozycji: 11
Lista pozycji zwierząt: {(5, 4)=[v], (5, 5)=[◣], (5, 6)=[^], (3, 4)=[^], (2, 7)=[v], (9, 1)=[◥], (7, 1)=[^], (8, 5)=[<], (4, 2)=[◤], (5, 3)=[<], (8, 6)=[◢, ^]}
18 Jan 2025 22:09:06 GMT Zwierzę poruszyło się z (8, 0) na (9, 1)
18 Jan 2025 22:09:06 GMT Długość listy pozycji: 11
Lista pozycji zwierząt: {(5, 4)=[v], (5, 5)=[◣], (5, 6)=[^], (3, 4)=[^], (2, 7)=[v], (9, 1)=[◥], (8, 2)=[◥], (8, 5)=[<], (4, 2)=[◤], (5, 3)=[<], (8, 6)=[◢, ^]}
18 Jan 2025 22:09:06 GMT Zwierzę poruszyło się z (7, 1) na (8, 2)
18 Jan 2025 22:09:06 GMT Długość listy pozycji: 12
Lista pozycji zwierząt: {(8, 7)=[^], (5, 4)=[v], (5, 5)=[◣], (5, 6)=[^], (3, 4)=[^], (2, 7)=[v], (9, 1)=[◥], (8, 2)=[◥], (8, 5)=[<], (4, 2)=[◤], (5, 3)=[<], (8, 6)=[◢]}
18 Jan 2025 22:09:06 GMT Zwierzę poruszyło się z (8, 6) na (8, 7)
18 Jan 2025 22:09:06 GMT Długość listy pozycji: 12
Lista pozycji zwierząt: {(6, 5)=[◥], (8, 7)=[^], (5, 5)=[◣], (5, 6)=[^], (3, 4)=[^], (2, 7)=[v], (9, 1)=[◥], (8, 2)=[◥], (8, 5)=[<], (4, 2)=[◤], (5, 3)=[<], (8, 6)=[◢]}
18 Jan 2025 22:09:06 GMT Zwierzę poruszyło się z (5, 4) na (6, 5)
18 Jan 2025 22:09:06 GMT Długość listy pozycji: 12
Lista pozycji zwierząt: {(6, 5)=[◥], (8, 7)=[^], (5, 5)=[◣], (5, 6)=[^], (3, 4)=[^], (1, 8)=[◤], (9, 1)=[◥], (8, 2)=[◥], (8, 5)=[<], (4, 2)=[◤], (5, 3)=[<], (8, 6)=[◢]}
18 Jan 2025 22:09:06 GMT Zwierzę poruszyło się z (2, 7) na (1, 8)
18 Jan 2025 22:09:06 GMT Długość listy pozycji: 12
Lista pozycji zwierząt: {(6, 5)=[◥], (8, 7)=[^], (5, 5)=[◣], (5, 6)=[^], (2, 4)=[<], (1, 8)=[◤], (9, 1)=[◥], (8, 2)=[◥], (8, 5)=[<], (4, 2)=[◤], (5, 3)=[<], (8, 6)=[◢]}
18 Jan 2025 22:09:06 GMT Zwierzę poruszyło się z (3, 4) na (2, 4)
18 Jan 2025 22:09:06 GMT Długość listy pozycji: 12
Lista pozycji zwierząt: {(6, 5)=[◥], (8, 7)=[^], (5, 5)=[◣], (4, 6)=[<], (2, 4)=[<], (1, 8)=[◤], (9, 1)=[◥], (8, 2)=[◥], (8, 5)=[<], (4, 2)=[◤], (5, 3)=[<], (8, 6)=[◢]}
18 Jan 2025 22:09:06 GMT Zwierzę poruszyło się z (5, 6) na (4, 6)
18 Jan 2025 22:09:06 GMT Zwierzę zjadło roślinkę na (6, 5)
18 Jan 2025 22:09:06 GMT Zwierzę zjadło roślinkę na (4, 6)
18 Jan 2025 22:09:06 GMT Zwierzę zjadło roślinkę na (1, 8)
18 Jan 2025 22:09:06 GMT Zwierzę zjadło roślinkę na (9, 1)
18 Jan 2025 22:09:06 GMT Zwierzę zjadło roślinkę na (8, 2)
18 Jan 2025 22:09:06 GMT Zwierzę zjadło roślinkę na (5, 3)
18 Jan 2025 22:09:07 GMT Roślinka wyrosła na (1, 0)
18 Jan 2025 22:09:07 GMT Roślinka wyrosła na (6, 1)
18 Jan 2025 22:09:07 GMT Roślinka wyrosła na (8, 1)
18 Jan 2025 22:09:07 GMT Roślinka wyrosła na (8, 7)
18 Jan 2025 22:09:07 GMT Roślinka wyrosła na (2, 4)
18 Jan 2025 22:09:07 GMT Roślinka wyrosła na (2, 0)
18 Jan 2025 22:09:07 GMT Roślinka wyrosła na (4, 9)
18 Jan 2025 22:09:07 GMT Roślinka wyrosła na (4, 3)
18 Jan 2025 22:09:07 GMT Roślinka wyrosła na (0, 3)
18 Jan 2025 22:09:07 GMT Roślinka wyrosła na (6, 2)
18 Jan 2025 22:09:07 GMT Długość listy pozycji: 12
Lista pozycji zwierząt: {(6, 5)=[◥], (8, 7)=[^], (5, 5)=[◣], (4, 6)=[<], (2, 4)=[<], (1, 8)=[◤], (9, 1)=[◥], (8, 2)=[◥], (5, 2)=[v], (8, 5)=[<], (4, 2)=[◤], (8, 6)=[◢]}
18 Jan 2025 22:09:07 GMT Zwierzę poruszyło się z (5, 3) na (5, 2)
18 Jan 2025 22:09:07 GMT Długość listy pozycji: 11
Lista pozycji zwierząt: {(6, 5)=[◥], (8, 7)=[^], (5, 5)=[◣], (4, 6)=[<], (2, 4)=[<], (1, 8)=[◤], (9, 1)=[◥], (8, 2)=[◥], (5, 2)=[v, >], (8, 5)=[<], (8, 6)=[◢]}
18 Jan 2025 22:09:07 GMT Zwierzę poruszyło się z (4, 2) na (5, 2)
18 Jan 2025 22:09:07 GMT Długość listy pozycji: 11
Lista pozycji zwierząt: {(6, 5)=[◥], (8, 7)=[^], (5, 5)=[◣], (4, 6)=[<], (2, 4)=[<], (1, 8)=[◤], (8, 1)=[<], (8, 2)=[◥], (5, 2)=[v, >], (8, 5)=[<], (8, 6)=[◢]}
18 Jan 2025 22:09:07 GMT Zwierzę poruszyło się z (9, 1) na (8, 1)
18 Jan 2025 22:09:07 GMT Długość listy pozycji: 11
Lista pozycji zwierząt: {(6, 5)=[◥], (8, 7)=[^], (5, 5)=[◣], (4, 6)=[<], (2, 4)=[<], (1, 8)=[◤], (9, 2)=[>], (8, 1)=[<], (5, 2)=[v, >], (8, 5)=[<], (8, 6)=[◢]}
18 Jan 2025 22:09:07 GMT Zwierzę poruszyło się z (8, 2) na (9, 2)
18 Jan 2025 22:09:07 GMT Długość listy pozycji: 11
Lista pozycji zwierząt: {(6, 5)=[◥], (8, 8)=[^], (5, 5)=[◣], (4, 6)=[<], (2, 4)=[<], (1, 8)=[◤], (9, 2)=[>], (8, 1)=[<], (5, 2)=[v, >], (8, 5)=[<], (8, 6)=[◢]}
18 Jan 2025 22:09:07 GMT Zwierzę poruszyło się z (8, 7) na (8, 8)
18 Jan 2025 22:09:07 GMT Długość listy pozycji: 10
Lista pozycji zwierząt: {(8, 8)=[^], (5, 5)=[◣, <], (4, 6)=[<], (2, 4)=[<], (1, 8)=[◤], (9, 2)=[>], (8, 1)=[<], (5, 2)=[v, >], (8, 5)=[<], (8, 6)=[◢]}
18 Jan 2025 22:09:07 GMT Zwierzę poruszyło się z (6, 5) na (5, 5)
18 Jan 2025 22:09:07 GMT Długość listy pozycji: 10
Lista pozycji zwierząt: {(8, 8)=[^], (5, 5)=[◣, <], (4, 6)=[<], (2, 4)=[<], (2, 8)=[>], (9, 2)=[>], (8, 1)=[<], (5, 2)=[v, >], (8, 5)=[<], (8, 6)=[◢]}
18 Jan 2025 22:09:07 GMT Zwierzę poruszyło się z (1, 8) na (2, 8)
18 Jan 2025 22:09:07 GMT Długość listy pozycji: 10
Lista pozycji zwierząt: {(8, 8)=[^], (5, 5)=[◣, <], (2, 3)=[v], (4, 6)=[<], (2, 8)=[>], (9, 2)=[>], (8, 1)=[<], (5, 2)=[v, >], (8, 5)=[<], (8, 6)=[◢]}
18 Jan 2025 22:09:07 GMT Zwierzę poruszyło się z (2, 4) na (2, 3)
18 Jan 2025 22:09:08 GMT Długość listy pozycji: 10
Lista pozycji zwierząt: {(8, 8)=[^], (5, 5)=[◣, <], (4, 5)=[v], (2, 3)=[v], (2, 8)=[>], (9, 2)=[>], (8, 1)=[<], (5, 2)=[v, >], (8, 5)=[<], (8, 6)=[◢]}
18 Jan 2025 22:09:08 GMT Zwierzę poruszyło się z (4, 6) na (4, 5)
18 Jan 2025 22:09:08 GMT Zwierzę zjadło roślinkę na (4, 5)
18 Jan 2025 22:09:08 GMT Zwierzę zjadło roślinkę na (2, 3)
18 Jan 2025 22:09:08 GMT Zwierzę zjadło roślinkę na (8, 1)
18 Jan 2025 22:09:08 GMT Zwierze zostało położone na (5, 5)
18 Jan 2025 22:09:08 GMT Urodziło się nowe zwierzę na (5, 5)
18 Jan 2025 22:09:08 GMT Zwierze zostało położone na (5, 2)
18 Jan 2025 22:09:08 GMT Urodziło się nowe zwierzę na (5, 2)
18 Jan 2025 22:09:08 GMT Roślinka wyrosła na (9, 9)
18 Jan 2025 22:09:08 GMT Roślinka wyrosła na (6, 3)
18 Jan 2025 22:09:08 GMT Roślinka wyrosła na (2, 2)
18 Jan 2025 22:09:08 GMT Roślinka wyrosła na (5, 0)
18 Jan 2025 22:09:08 GMT Roślinka wyrosła na (0, 8)
18 Jan 2025 22:09:08 GMT Roślinka wyrosła na (0, 4)
18 Jan 2025 22:09:08 GMT Roślinka wyrosła na (1, 2)
18 Jan 2025 22:09:08 GMT Roślinka wyrosła na (3, 1)
18 Jan 2025 22:09:08 GMT Roślinka wyrosła na (3, 4)
18 Jan 2025 22:09:08 GMT Roślinka wyrosła na (3, 8)
18 Jan 2025 22:09:08 GMT Zwierzę umarło na (5, 2)
18 Jan 2025 22:09:08 GMT Długość listy pozycji: 11
Lista pozycji zwierząt: {(8, 8)=[^], (5, 5)=[>, ◣, <], (4, 5)=[v], (2, 3)=[v], (2, 8)=[>], (9, 2)=[>], (8, 1)=[<], (4, 1)=[◣], (5, 2)=[v], (8, 5)=[<], (8, 6)=[◢]}
18 Jan 2025 22:09:08 GMT Zwierzę poruszyło się z (5, 2) na (4, 1)
18 Jan 2025 22:09:08 GMT Długość listy pozycji: 11
Lista pozycji zwierząt: {(8, 8)=[^], (5, 5)=[>, ◣, <], (4, 5)=[v], (2, 3)=[v], (2, 8)=[>], (9, 0)=[◢], (9, 2)=[>], (4, 1)=[◣], (5, 2)=[v], (8, 5)=[<], (8, 6)=[◢]}
18 Jan 2025 22:09:08 GMT Zwierzę poruszyło się z (8, 1) na (9, 0)
18 Jan 2025 22:09:08 GMT Długość listy pozycji: 11
Lista pozycji zwierząt: {(8, 8)=[^], (5, 5)=[>, ◣, <], (0, 1)=[◢], (4, 5)=[v], (2, 3)=[v], (2, 8)=[>], (9, 0)=[◢], (4, 1)=[◣], (5, 2)=[v], (8, 5)=[<], (8, 6)=[◢]}
18 Jan 2025 22:09:08 GMT Zwierzę poruszyło się z (9, 2) na (0, 1)
18 Jan 2025 22:09:09 GMT Długość listy pozycji: 11
Lista pozycji zwierząt: {(5, 5)=[>, ◣, <], (8, 9)=[^], (0, 1)=[◢], (4, 5)=[v], (2, 3)=[v], (2, 8)=[>], (9, 0)=[◢], (4, 1)=[◣], (5, 2)=[v], (8, 5)=[<], (8, 6)=[◢]}
18 Jan 2025 22:09:09 GMT Zwierzę poruszyło się z (8, 8) na (8, 9)
18 Jan 2025 22:09:09 GMT Długość listy pozycji: 12
Lista pozycji zwierząt: {(5, 5)=[>, ◣, ◢], (8, 9)=[^], (0, 1)=[◢], (4, 5)=[v], (2, 3)=[v], (2, 8)=[>], (9, 0)=[◢], (4, 1)=[◣], (5, 2)=[v], (8, 5)=[<], (6, 4)=[◢], (8, 6)=[◢]}
18 Jan 2025 22:09:09 GMT Zwierzę poruszyło się z (5, 5) na (6, 4)
18 Jan 2025 22:09:09 GMT Długość listy pozycji: 12
Lista pozycji zwierząt: {(5, 5)=[>, ◣, ◢], (8, 9)=[^], (0, 1)=[◢], (4, 5)=[v], (2, 3)=[v], (1, 7)=[◣], (9, 0)=[◢], (4, 1)=[◣], (5, 2)=[v], (8, 5)=[<], (6, 4)=[◢], (8, 6)=[◢]}
18 Jan 2025 22:09:09 GMT Zwierzę poruszyło się z (2, 8) na (1, 7)
18 Jan 2025 22:09:09 GMT Długość listy pozycji: 12
Lista pozycji zwierząt: {(3, 3)=[>], (5, 5)=[>, ◣, ◢], (8, 9)=[^], (0, 1)=[◢], (4, 5)=[v], (1, 7)=[◣], (9, 0)=[◢], (4, 1)=[◣], (5, 2)=[v], (8, 5)=[<], (6, 4)=[◢], (8, 6)=[◢]}
18 Jan 2025 22:09:09 GMT Zwierzę poruszyło się z (2, 3) na (3, 3)
18 Jan 2025 22:09:09 GMT Długość listy pozycji: 11
Lista pozycji zwierząt: {(3, 3)=[>], (5, 5)=[>, >, ◣, ◢], (8, 9)=[^], (0, 1)=[◢], (1, 7)=[◣], (9, 0)=[◢], (4, 1)=[◣], (5, 2)=[v], (8, 5)=[<], (6, 4)=[◢], (8, 6)=[◢]}
18 Jan 2025 22:09:09 GMT Zwierzę poruszyło się z (4, 5) na (5, 5)
18 Jan 2025 22:09:09 GMT Zwierzę zjadło roślinkę na (3, 3)
18 Jan 2025 22:09:09 GMT Zwierzę zjadło roślinkę na (9, 0)
18 Jan 2025 22:09:09 GMT Zwierzę zjadło roślinkę na (4, 1)
18 Jan 2025 22:09:09 GMT Zwierze zostało położone na (5, 5)
18 Jan 2025 22:09:09 GMT Urodziło się nowe zwierzę na (5, 5)
18 Jan 2025 22:09:09 GMT Roślinka wyrosła na (9, 7)
18 Jan 2025 22:09:09 GMT Roślinka wyrosła na (4, 8)
18 Jan 2025 22:09:09 GMT Roślinka wyrosła na (4, 0)
18 Jan 2025 22:09:09 GMT Roślinka wyrosła na (9, 4)
18 Jan 2025 22:09:09 GMT Roślinka wyrosła na (1, 1)
18 Jan 2025 22:09:09 GMT Roślinka wyrosła na (2, 1)
18 Jan 2025 22:09:09 GMT Roślinka wyrosła na (6, 0)
18 Jan 2025 22:09:09 GMT Roślinka wyrosła na (4, 4)
18 Jan 2025 22:09:09 GMT Roślinka wyrosła na (8, 8)
18 Jan 2025 22:09:09 GMT Roślinka wyrosła na (0, 0)
18 Jan 2025 22:09:10 GMT Długość listy pozycji: 11
Lista pozycji zwierząt: {(3, 3)=[>], (5, 5)=[>, >, <, ◣, ◢], (8, 9)=[^], (0, 1)=[◢], (1, 7)=[◣], (9, 0)=[◢], (5, 2)=[v], (8, 5)=[<], (4, 2)=[^], (6, 4)=[◢], (8, 6)=[◢]}
18 Jan 2025 22:09:10 GMT Zwierzę poruszyło się z (4, 1) na (4, 2)
18 Jan 2025 22:09:10 GMT Długość listy pozycji: 11
Lista pozycji zwierząt: {(3, 3)=[>], (5, 5)=[>, >, <, ◣, ◢], (8, 9)=[^], (0, 1)=[◢], (1, 7)=[◣], (9, 1)=[^], (5, 2)=[v], (8, 5)=[<], (4, 2)=[^], (6, 4)=[◢], (8, 6)=[◢]}
18 Jan 2025 22:09:10 GMT Zwierzę poruszyło się z (9, 0) na (9, 1)
18 Jan 2025 22:09:10 GMT Długość listy pozycji: 11
Lista pozycji zwierząt: {(0, 0)=[v], (3, 3)=[>], (5, 5)=[>, >, <, ◣, ◢], (8, 9)=[^], (1, 7)=[◣], (9, 1)=[^], (5, 2)=[v], (8, 5)=[<], (4, 2)=[^], (6, 4)=[◢], (8, 6)=[◢]}
18 Jan 2025 22:09:10 GMT Zwierzę poruszyło się z (0, 1) na (0, 0)
18 Jan 2025 22:09:10 GMT Długość listy pozycji: 11
Lista pozycji zwierząt: {(0, 0)=[v], (3, 3)=[>], (5, 5)=[>, >, <, ◣, ◢], (8, 9)=[v], (1, 7)=[◣], (9, 1)=[^], (5, 2)=[v], (8, 5)=[<], (4, 2)=[^], (6, 4)=[◢], (8, 6)=[◢]}
18 Jan 2025 22:09:10 GMT Zwierzę poruszyło się z (8, 9) na (8, 9)
18 Jan 2025 22:09:10 GMT Długość listy pozycji: 11
Lista pozycji zwierząt: {(6, 5)=[^], (0, 0)=[v], (3, 3)=[>], (5, 5)=[>, >, <, ◣, ^], (8, 9)=[v], (1, 7)=[◣], (9, 1)=[^], (5, 2)=[v], (8, 5)=[<], (4, 2)=[^], (8, 6)=[◢]}
18 Jan 2025 22:09:10 GMT Zwierzę poruszyło się z (6, 4) na (6, 5)
18 Jan 2025 22:09:10 GMT Długość listy pozycji: 11
Lista pozycji zwierząt: {(6, 5)=[^], (0, 0)=[v], (3, 3)=[>], (5, 5)=[>, >, <, ◣, ^], (8, 9)=[v], (1, 8)=[^], (9, 1)=[^], (5, 2)=[v], (8, 5)=[<], (4, 2)=[^], (8, 6)=[◢]}
18 Jan 2025 22:09:10 GMT Zwierzę poruszyło się z (1, 7) na (1, 8)
18 Jan 2025 22:09:10 GMT Długość listy pozycji: 11
Lista pozycji zwierząt: {(6, 5)=[^], (0, 0)=[v], (5, 5)=[>, >, <, ◣, ^], (3, 4)=[^], (8, 9)=[v], (1, 8)=[^], (9, 1)=[^], (5, 2)=[v], (8, 5)=[<], (4, 2)=[^], (8, 6)=[◢]}
18 Jan 2025 22:09:10 GMT Zwierzę poruszyło się z (3, 3) na (3, 4)
18 Jan 2025 22:09:10 GMT Długość listy pozycji: 12
Lista pozycji zwierząt: {(6, 5)=[^], (0, 0)=[v], (5, 5)=[^, >, <, ◣, ^], (5, 6)=[^], (3, 4)=[^], (8, 9)=[v], (1, 8)=[^], (9, 1)=[^], (5, 2)=[v], (8, 5)=[<], (4, 2)=[^], (8, 6)=[◢]}
18 Jan 2025 22:09:10 GMT Zwierzę poruszyło się z (5, 5) na (5, 6)
18 Jan 2025 22:09:10 GMT Zwierzę zjadło roślinkę na (0, 0)
18 Jan 2025 22:09:10 GMT Zwierzę zjadło roślinkę na (3, 4)
18 Jan 2025 22:09:11 GMT Zwierze zostało położone na (5, 5)
18 Jan 2025 22:09:11 GMT Urodziło się nowe zwierzę na (5, 5)
18 Jan 2025 22:09:11 GMT Roślinka wyrosła na (5, 9)
18 Jan 2025 22:09:11 GMT Roślinka wyrosła na (9, 2)
18 Jan 2025 22:09:11 GMT Roślinka wyrosła na (6, 7)
18 Jan 2025 22:09:11 GMT Roślinka wyrosła na (9, 3)
18 Jan 2025 22:09:11 GMT Roślinka wyrosła na (7, 0)
18 Jan 2025 22:09:11 GMT Roślinka wyrosła na (5, 8)
18 Jan 2025 22:09:11 GMT Roślinka wyrosła na (4, 7)
18 Jan 2025 22:09:11 GMT Roślinka wyrosła na (0, 2)
18 Jan 2025 22:09:11 GMT Roślinka wyrosła na (2, 8)
18 Jan 2025 22:09:11 GMT Roślinka wyrosła na (4, 2)
18 Jan 2025 22:09:11 GMT Długość listy pozycji: 12
Lista pozycji zwierząt: {(6, 5)=[^], (0, 0)=[v], (5, 5)=[^, >, >, <, ◣, ^], (5, 6)=[^], (3, 4)=[^], (8, 9)=[v], (1, 8)=[^], (9, 1)=[^], (5, 1)=[◢], (5, 2)=[v], (8, 5)=[<], (8, 6)=[◢]}
18 Jan 2025 22:09:11 GMT Zwierzę poruszyło się z (4, 2) na (5, 1)
18 Jan 2025 22:09:11 GMT Długość listy pozycji: 12
Lista pozycji zwierząt: {(6, 5)=[^], (0, 0)=[v], (5, 5)=[^, >, >, <, ◣, ^], (5, 6)=[^], (3, 4)=[^], (8, 9)=[v], (1, 8)=[^], (8, 0)=[◣], (5, 1)=[◢], (5, 2)=[v], (8, 5)=[<], (8, 6)=[◢]}
18 Jan 2025 22:09:11 GMT Zwierzę poruszyło się z (9, 1) na (8, 0)
18 Jan 2025 22:09:11 GMT Długość listy pozycji: 12
Lista pozycji zwierząt: {(6, 5)=[^], (0, 0)=[◥], (5, 5)=[^, >, >, <, ◣, ^], (5, 6)=[^], (3, 4)=[^], (8, 9)=[v], (1, 8)=[^], (8, 0)=[◣], (5, 1)=[◢], (5, 2)=[v], (8, 5)=[<], (8, 6)=[◢]}
18 Jan 2025 22:09:11 GMT Zwierzę poruszyło się z (0, 0) na (0, 0)
18 Jan 2025 22:09:11 GMT Długość listy pozycji: 12
Lista pozycji zwierząt: {(6, 5)=[^], (8, 8)=[v], (0, 0)=[◥], (5, 5)=[^, >, >, <, ◣, ^], (5, 6)=[^], (3, 4)=[^], (1, 8)=[^], (8, 0)=[◣], (5, 1)=[◢], (5, 2)=[v], (8, 5)=[<], (8, 6)=[◢]}
18 Jan 2025 22:09:11 GMT Zwierzę poruszyło się z (8, 9) na (8, 8)
18 Jan 2025 22:09:11 GMT Długość listy pozycji: 12
Lista pozycji zwierząt: {(5, 4)=[◣], (8, 8)=[v], (0, 0)=[◥], (5, 5)=[^, >, >, <, ◣, ◣], (5, 6)=[^], (3, 4)=[^], (1, 8)=[^], (8, 0)=[◣], (5, 1)=[◢], (5, 2)=[v], (8, 5)=[<], (8, 6)=[◢]}
18 Jan 2025 22:09:11 GMT Zwierzę poruszyło się z (6, 5) na (5, 4)
18 Jan 2025 22:09:12 GMT Długość listy pozycji: 12
Lista pozycji zwierząt: {(5, 4)=[◣], (8, 8)=[v], (0, 0)=[◥], (5, 5)=[^, >, >, <, ◣, ◣], (5, 6)=[^], (3, 4)=[^], (2, 7)=[◢], (8, 0)=[◣], (5, 1)=[◢], (5, 2)=[v], (8, 5)=[<], (8, 6)=[◢]}
18 Jan 2025 22:09:12 GMT Zwierzę poruszyło się z (1, 8) na (2, 7)
18 Jan 2025 22:09:12 GMT Długość listy pozycji: 12
Lista pozycji zwierząt: {(5, 4)=[◣], (8, 8)=[v], (0, 0)=[◥], (5, 5)=[^, >, >, <, ◣, ◣], (5, 6)=[^], (2, 4)=[<], (2, 7)=[◢], (8, 0)=[◣], (5, 1)=[◢], (5, 2)=[v], (8, 5)=[<], (8, 6)=[◢]}
18 Jan 2025 22:09:12 GMT Zwierzę poruszyło się z (3, 4) na (2, 4)
18 Jan 2025 22:09:12 GMT Długość listy pozycji: 12
Lista pozycji zwierząt: {(5, 4)=[◣], (8, 8)=[v], (0, 0)=[◥], (5, 5)=[<, >, >, <, ◣, ◣], (4, 6)=[<], (2, 4)=[<], (2, 7)=[◢], (8, 0)=[◣], (5, 1)=[◢], (5, 2)=[v], (8, 5)=[<], (8, 6)=[◢]}
18 Jan 2025 22:09:12 GMT Zwierzę poruszyło się z (5, 6) na (4, 6)
18 Jan 2025 22:09:12 GMT Zwierzę zjadło roślinkę na (5, 4)
18 Jan 2025 22:09:12 GMT Zwierzę zjadło roślinkę na (8, 8)
18 Jan 2025 22:09:12 GMT Zwierzę zjadło roślinkę na (2, 4)
18 Jan 2025 22:09:12 GMT Zwierzę zjadło roślinkę na (2, 7)
18 Jan 2025 22:09:12 GMT Zwierze zostało położone na (5, 5)
18 Jan 2025 22:09:12 GMT Urodziło się nowe zwierzę na (5, 5)
18 Jan 2025 22:09:12 GMT Roślinka wyrosła na (7, 9)
18 Jan 2025 22:09:12 GMT Roślinka wyrosła na (5, 1)
18 Jan 2025 22:09:12 GMT Roślinka wyrosła na (9, 8)
18 Jan 2025 22:09:12 GMT Roślinka wyrosła na (0, 9)
18 Jan 2025 22:09:12 GMT Roślinka wyrosła na (7, 8)
18 Jan 2025 22:09:12 GMT Roślinka wyrosła na (8, 0)
18 Jan 2025 22:09:12 GMT Roślinka wyrosła na (7, 1)
18 Jan 2025 22:09:12 GMT Roślinka wyrosła na (5, 2)
18 Jan 2025 22:09:12 GMT Roślinka wyrosła na (2, 9)
18 Jan 2025 22:09:12 GMT Roślinka wyrosła na (7, 4)
18 Jan 2025 22:09:12 GMT Długość listy pozycji: 12
Lista pozycji zwierząt: {(5, 4)=[◣], (8, 8)=[v], (0, 0)=[◥], (5, 5)=[◢, <, >, >, <, ◣, ◣], (4, 6)=[<], (2, 4)=[<], (2, 7)=[◢], (8, 0)=[◣], (4, 1)=[<], (5, 2)=[v], (8, 5)=[<], (8, 6)=[◢]}
18 Jan 2025 22:09:12 GMT Zwierzę poruszyło się z (5, 1) na (4, 1)
18 Jan 2025 22:09:12 GMT Długość listy pozycji: 12
Lista pozycji zwierząt: {(5, 4)=[◣], (8, 8)=[v], (0, 0)=[◥], (5, 5)=[◢, <, >, >, <, ◣, ◣], (4, 6)=[<], (2, 4)=[<], (2, 7)=[◢], (9, 0)=[>], (4, 1)=[<], (5, 2)=[v], (8, 5)=[<], (8, 6)=[◢]}
18 Jan 2025 22:09:12 GMT Zwierzę poruszyło się z (8, 0) na (9, 0)
18 Jan 2025 22:09:13 GMT Długość listy pozycji: 12
Lista pozycji zwierząt: {(1, 0)=[>], (5, 4)=[◣], (8, 8)=[v], (5, 5)=[◢, <, >, >, <, ◣, ◣], (4, 6)=[<], (2, 4)=[<], (2, 7)=[◢], (9, 0)=[>], (4, 1)=[<], (5, 2)=[v], (8, 5)=[<], (8, 6)=[◢]}
18 Jan 2025 22:09:13 GMT Zwierzę poruszyło się z (0, 0) na (1, 0)
18 Jan 2025 22:09:13 GMT Długość listy pozycji: 12
Lista pozycji zwierząt: {(8, 7)=[v], (1, 0)=[>], (5, 4)=[◣], (5, 5)=[◢, <, >, >, <, ◣, ◣], (4, 6)=[<], (2, 4)=[<], (2, 7)=[◢], (9, 0)=[>], (4, 1)=[<], (5, 2)=[v], (8, 5)=[<], (8, 6)=[◢]}
18 Jan 2025 22:09:13 GMT Zwierzę poruszyło się z (8, 8) na (8, 7)
18 Jan 2025 22:09:13 GMT Długość listy pozycji: 12
Lista pozycji zwierząt: {(8, 7)=[v], (1, 0)=[>], (5, 5)=[◢, <, >, >, <, ◣, >], (4, 6)=[<], (2, 4)=[<], (2, 7)=[◢], (9, 0)=[>], (4, 1)=[<], (5, 2)=[v], (8, 5)=[<], (6, 4)=[>], (8, 6)=[◢]}
18 Jan 2025 22:09:13 GMT Zwierzę poruszyło się z (5, 4) na (6, 4)
18 Jan 2025 22:09:13 GMT Długość listy pozycji: 12
Lista pozycji zwierząt: {(8, 7)=[v], (1, 0)=[>], (5, 5)=[◢, <, >, >, <, ◣, >], (4, 6)=[<], (2, 4)=[<], (1, 7)=[<], (9, 0)=[>], (4, 1)=[<], (5, 2)=[v], (8, 5)=[<], (6, 4)=[>], (8, 6)=[◢]}
18 Jan 2025 22:09:13 GMT Zwierzę poruszyło się z (2, 7) na (1, 7)
18 Jan 2025 22:09:13 GMT Długość listy pozycji: 12
Lista pozycji zwierząt: {(8, 7)=[v], (1, 0)=[>], (5, 5)=[◢, <, >, >, <, ◣, >], (2, 3)=[v], (4, 6)=[<], (1, 7)=[<], (9, 0)=[>], (4, 1)=[<], (5, 2)=[v], (8, 5)=[<], (6, 4)=[>], (8, 6)=[◢]}
18 Jan 2025 22:09:13 GMT Zwierzę poruszyło się z (2, 4) na (2, 3)
18 Jan 2025 22:09:13 GMT Długość listy pozycji: 12
Lista pozycji zwierząt: {(8, 7)=[v], (1, 0)=[>], (5, 5)=[◢, v, >, >, <, ◣, >], (4, 5)=[v], (2, 3)=[v], (1, 7)=[<], (9, 0)=[>], (4, 1)=[<], (5, 2)=[v], (8, 5)=[<], (6, 4)=[>], (8, 6)=[◢]}
18 Jan 2025 22:09:13 GMT Zwierzę poruszyło się z (4, 6) na (4, 5)
18 Jan 2025 22:09:13 GMT Zwierzę zjadło roślinkę na (8, 7)
18 Jan 2025 22:09:13 GMT Zwierzę zjadło roślinkę na (1, 0)
18 Jan 2025 22:09:13 GMT Zwierzę zjadło roślinkę na (5, 2)
18 Jan 2025 22:09:14 GMT Zwierze zostało położone na (5, 5)
18 Jan 2025 22:09:14 GMT Urodziło się nowe zwierzę na (5, 5)
18 Jan 2025 22:09:14 GMT Roślinka wyrosła na (3, 7)
18 Jan 2025 22:09:14 GMT Roślinka wyrosła na (0, 1)
18 Jan 2025 22:09:14 GMT Roślinka wyrosła na (6, 8)
18 Jan 2025 22:09:14 GMT Roślinka wyrosła na (7, 3)
18 Jan 2025 22:09:14 GMT Roślinka wyrosła na (7, 2)
18 Jan 2025 22:09:14 GMT Roślinka wyrosła na (8, 3)
18 Jan 2025 22:09:14 GMT Roślinka wyrosła na (8, 9)
18 Jan 2025 22:09:14 GMT Roślinka wyrosła na (7, 7)
18 Jan 2025 22:09:14 GMT Roślinka wyrosła na (3, 9)
18 Jan 2025 22:09:14 GMT Roślinka wyrosła na (1, 7)
18 Jan 2025 22:09:14 GMT Długość listy pozycji: 11
Lista pozycji zwierząt: {(8, 7)=[v], (1, 0)=[>], (5, 5)=[<, ◢, v, >, >, <, ◣, >], (4, 5)=[v], (2, 3)=[v], (1, 7)=[<], (9, 0)=[>], (5, 2)=[v, ◥], (8, 5)=[<], (6, 4)=[>], (8, 6)=[◢]}
18 Jan 2025 22:09:14 GMT Zwierzę poruszyło się z (4, 1) na (5, 2)
18 Jan 2025 22:09:15 GMT Długość listy pozycji: 11
Lista pozycji zwierząt: {(8, 7)=[v], (1, 0)=[>], (5, 5)=[<, ◢, v, >, >, <, ◣, >], (4, 5)=[v], (2, 3)=[v], (1, 7)=[<], (8, 1)=[◤], (5, 2)=[v, ◥], (8, 5)=[<], (6, 4)=[>], (8, 6)=[◢]}
18 Jan 2025 22:09:15 GMT Zwierzę poruszyło się z (9, 0) na (8, 1)
18 Jan 2025 22:09:15 GMT Długość listy pozycji: 11
Lista pozycji zwierząt: {(8, 7)=[v], (1, 0)=[◤], (5, 5)=[<, ◢, v, >, >, <, ◣, >], (4, 5)=[v], (2, 3)=[v], (1, 7)=[<], (8, 1)=[◤], (5, 2)=[v, ◥], (8, 5)=[<], (6, 4)=[>], (8, 6)=[◢]}
18 Jan 2025 22:09:15 GMT Zwierzę poruszyło się z (1, 0) na (1, 0)
18 Jan 2025 22:09:15 GMT Długość listy pozycji: 10
Lista pozycji zwierząt: {(1, 0)=[◤], (5, 5)=[<, ◢, v, >, >, <, ◣, >], (4, 5)=[v], (2, 3)=[v], (1, 7)=[<], (8, 1)=[◤], (5, 2)=[v, ◥], (8, 5)=[<], (6, 4)=[>], (8, 6)=[v, ◢]}
18 Jan 2025 22:09:15 GMT Zwierzę poruszyło się z (8, 7) na (8, 6)
18 Jan 2025 22:09:15 GMT Długość listy pozycji: 9
Lista pozycji zwierząt: {(1, 0)=[◤], (5, 5)=[◤, <, ◢, v, >, >, <, ◣, ◤], (4, 5)=[v], (2, 3)=[v], (1, 7)=[<], (8, 1)=[◤], (5, 2)=[v, ◥], (8, 5)=[<], (8, 6)=[v, ◢]}
18 Jan 2025 22:09:15 GMT Zwierzę poruszyło się z (6, 4) na (5, 5)
18 Jan 2025 22:09:15 GMT Długość listy pozycji: 9
Lista pozycji zwierząt: {(1, 0)=[◤], (5, 5)=[◤, <, ◢, v, >, >, <, ◣, ◤], (4, 5)=[v], (2, 3)=[v], (2, 8)=[◥], (8, 1)=[◤], (5, 2)=[v, ◥], (8, 5)=[<], (8, 6)=[v, ◢]}
18 Jan 2025 22:09:15 GMT Zwierzę poruszyło się z (1, 7) na (2, 8)
18 Jan 2025 22:09:15 GMT Długość listy pozycji: 9
Lista pozycji zwierząt: {(1, 0)=[◤], (3, 3)=[>], (5, 5)=[◤, <, ◢, v, >, >, <, ◣, ◤], (4, 5)=[v], (2, 8)=[◥], (8, 1)=[◤], (5, 2)=[v, ◥], (8, 5)=[<], (8, 6)=[v, ◢]}
18 Jan 2025 22:09:15 GMT Zwierzę poruszyło się z (2, 3) na (3, 3)
18 Jan 2025 22:09:15 GMT Długość listy pozycji: 8
Lista pozycji zwierząt: {(1, 0)=[◤], (3, 3)=[>], (5, 5)=[◤, <, ◢, >, >, >, >, <, ◣, ◤], (2, 8)=[◥], (8, 1)=[◤], (5, 2)=[v, ◥], (8, 5)=[<], (8, 6)=[v, ◢]}
18 Jan 2025 22:09:15 GMT Zwierzę poruszyło się z (4, 5) na (5, 5)
18 Jan 2025 22:09:15 GMT Zwierzę zjadło roślinkę na (2, 8)
18 Jan 2025 22:09:16 GMT Zwierze zostało położone na (5, 5)
18 Jan 2025 22:09:16 GMT Urodziło się nowe zwierzę na (5, 5)
18 Jan 2025 22:09:16 GMT Zwierze zostało położone na (5, 2)
18 Jan 2025 22:09:16 GMT Urodziło się nowe zwierzę na (5, 2)
18 Jan 2025 22:09:16 GMT Zwierze zostało położone na (8, 6)
18 Jan 2025 22:09:16 GMT Urodziło się nowe zwierzę na (8, 6)
18 Jan 2025 22:09:16 GMT Roślinka wyrosła na null
18 Jan 2025 22:09:16 GMT Roślinka wyrosła na null
18 Jan 2025 22:09:16 GMT Roślinka wyrosła na null
18 Jan 2025 22:09:16 GMT Roślinka wyrosła na null
18 Jan 2025 22:09:16 GMT Roślinka wyrosła na null
18 Jan 2025 22:09:16 GMT Roślinka wyrosła na null
18 Jan 2025 22:09:16 GMT Roślinka wyrosła na null
18 Jan 2025 22:09:16 GMT Roślinka wyrosła na null
18 Jan 2025 22:09:16 GMT Roślinka wyrosła na null
18 Jan 2025 22:09:16 GMT Roślinka wyrosła na null
18 Jan 2025 22:09:16 GMT Zwierzę umarło na (8, 6)
18 Jan 2025 22:09:16 GMT Zwierzę umarło na (5, 5)
18 Jan 2025 22:09:16 GMT Zwierzę umarło na (5, 5)
18 Jan 2025 22:09:16 GMT Długość listy pozycji: 9
Lista pozycji zwierząt: {(1, 0)=[◤], (3, 3)=[>], (5, 5)=[◤, <, v, ◢, >, >, >, <, ◣, ◤], (2, 8)=[◥], (8, 1)=[◤], (5, 1)=[v], (5, 2)=[◥, v], (8, 5)=[<], (8, 6)=[v, ◢, ◣]}
18 Jan 2025 22:09:16 GMT Zwierzę poruszyło się z (5, 2) na (5, 1)
18 Jan 2025 22:09:16 GMT Długość listy pozycji: 9
Lista pozycji zwierząt: {(1, 0)=[◤], (3, 3)=[>], (5, 5)=[◤, <, v, ◢, >, >, >, <, ◣, ◤], (2, 8)=[◥], (8, 0)=[v], (5, 1)=[v], (5, 2)=[◥, v], (8, 5)=[<], (8, 6)=[v, ◢, ◣]}
18 Jan 2025 22:09:16 GMT Zwierzę poruszyło się z (8, 1) na (8, 0)
18 Jan 2025 22:09:16 GMT Długość listy pozycji: 9
Lista pozycji zwierząt: {(1, 1)=[^], (3, 3)=[>], (5, 5)=[◤, <, v, ◢, >, >, >, <, ◣, ◤], (2, 8)=[◥], (8, 0)=[v], (5, 1)=[v], (5, 2)=[◥, v], (8, 5)=[<], (8, 6)=[v, ◢, ◣]}
18 Jan 2025 22:09:16 GMT Zwierzę poruszyło się z (1, 0) na (1, 1)
18 Jan 2025 22:09:16 GMT Długość listy pozycji: 9
Lista pozycji zwierząt: {(1, 1)=[^], (3, 3)=[>], (5, 5)=[◤, <, v, ◢, >, >, >, <, ◣, ◤], (2, 7)=[v], (8, 0)=[v], (5, 1)=[v], (5, 2)=[◥, v], (8, 5)=[<], (8, 6)=[v, ◢, ◣]}
18 Jan 2025 22:09:16 GMT Zwierzę poruszyło się z (2, 8) na (2, 7)
18 Jan 2025 22:09:16 GMT Długość listy pozycji: 9
Lista pozycji zwierząt: {(1, 1)=[^], (5, 5)=[◤, <, v, ◢, >, >, >, <, ◣, ◤], (3, 4)=[^], (2, 7)=[v], (8, 0)=[v], (5, 1)=[v], (5, 2)=[◥, v], (8, 5)=[<], (8, 6)=[v, ◢, ◣]}
18 Jan 2025 22:09:16 GMT Zwierzę poruszyło się z (3, 3) na (3, 4)
18 Jan 2025 22:09:17 GMT Zwierzę zjadło roślinkę na (1, 1)
18 Jan 2025 22:09:17 GMT Zwierzę zjadło roślinkę na (8, 0)
18 Jan 2025 22:09:17 GMT Zwierzę zjadło roślinkę na (5, 1)
18 Jan 2025 22:09:17 GMT Zwierze zostało położone na (5, 5)
18 Jan 2025 22:09:17 GMT Urodziło się nowe zwierzę na (5, 5)
18 Jan 2025 22:09:17 GMT Zwierze zostało położone na (5, 2)
18 Jan 2025 22:09:17 GMT Urodziło się nowe zwierzę na (5, 2)
18 Jan 2025 22:09:17 GMT Zwierze zostało położone na (8, 6)
18 Jan 2025 22:09:17 GMT Urodziło się nowe zwierzę na (8, 6)
18 Jan 2025 22:09:17 GMT Roślinka wyrosła na null
18 Jan 2025 22:09:17 GMT Roślinka wyrosła na null
18 Jan 2025 22:09:17 GMT Roślinka wyrosła na null
18 Jan 2025 22:09:17 GMT Roślinka wyrosła na null
18 Jan 2025 22:09:17 GMT Roślinka wyrosła na null
18 Jan 2025 22:09:17 GMT Roślinka wyrosła na null
18 Jan 2025 22:09:17 GMT Roślinka wyrosła na null
18 Jan 2025 22:09:17 GMT Roślinka wyrosła na null
18 Jan 2025 22:09:17 GMT Roślinka wyrosła na null
18 Jan 2025 22:09:17 GMT Roślinka wyrosła na null
18 Jan 2025 22:09:17 GMT Długość listy pozycji: 9
Lista pozycji zwierząt: {(1, 1)=[^], (5, 5)=[◤, <, ^, v, ◢, >, >, >, <, ◣, ◤], (3, 4)=[^], (2, 7)=[v], (8, 0)=[v], (5, 2)=[<, ◥, v], (8, 5)=[<], (4, 2)=[◤], (8, 6)=[>, v, ◢, ◣]}
18 Jan 2025 22:09:17 GMT Zwierzę poruszyło się z (5, 1) na (4, 2)
18 Jan 2025 22:09:17 GMT Długość listy pozycji: 9
Lista pozycji zwierząt: {(1, 1)=[^], (5, 5)=[◤, <, ^, v, ◢, >, >, >, <, ◣, ◤], (3, 4)=[^], (2, 7)=[v], (9, 1)=[◥], (5, 2)=[<, ◥, v], (8, 5)=[<], (4, 2)=[◤], (8, 6)=[>, v, ◢, ◣]}
18 Jan 2025 22:09:17 GMT Zwierzę poruszyło się z (8, 0) na (9, 1)
18 Jan 2025 22:09:18 GMT Długość listy pozycji: 9
Lista pozycji zwierząt: {(2, 2)=[◥], (5, 5)=[◤, <, ^, v, ◢, >, >, >, <, ◣, ◤], (3, 4)=[^], (2, 7)=[v], (9, 1)=[◥], (5, 2)=[<, ◥, v], (8, 5)=[<], (4, 2)=[◤], (8, 6)=[>, v, ◢, ◣]}
18 Jan 2025 22:09:18 GMT Zwierzę poruszyło się z (1, 1) na (2, 2)
18 Jan 2025 22:09:18 GMT Długość listy pozycji: 9
Lista pozycji zwierząt: {(2, 2)=[◥], (5, 5)=[◤, <, ^, v, ◢, >, >, >, <, ◣, ◤], (3, 4)=[^], (1, 8)=[◤], (9, 1)=[◥], (5, 2)=[<, ◥, v], (8, 5)=[<], (4, 2)=[◤], (8, 6)=[>, v, ◢, ◣]}
18 Jan 2025 22:09:18 GMT Zwierzę poruszyło się z (2, 7) na (1, 8)
18 Jan 2025 22:09:18 GMT Długość listy pozycji: 9
Lista pozycji zwierząt: {(2, 2)=[◥], (5, 5)=[◤, <, ^, v, ◢, >, >, >, <, ◣, ◤], (2, 4)=[<], (1, 8)=[◤], (9, 1)=[◥], (5, 2)=[<, ◥, v], (8, 5)=[<], (4, 2)=[◤], (8, 6)=[>, v, ◢, ◣]}
18 Jan 2025 22:09:18 GMT Zwierzę poruszyło się z (3, 4) na (2, 4)
18 Jan 2025 22:09:18 GMT Zwierzę zjadło roślinkę na (2, 2)
18 Jan 2025 22:09:18 GMT Zwierzę zjadło roślinkę na (4, 2)
18 Jan 2025 22:09:18 GMT Zwierze zostało położone na (5, 5)
18 Jan 2025 22:09:18 GMT Urodziło się nowe zwierzę na (5, 5)
18 Jan 2025 22:09:18 GMT Zwierze zostało położone na (5, 2)
18 Jan 2025 22:09:18 GMT Urodziło się nowe zwierzę na (5, 2)
18 Jan 2025 22:09:18 GMT Zwierze zostało położone na (8, 6)
18 Jan 2025 22:09:18 GMT Urodziło się nowe zwierzę na (8, 6)
18 Jan 2025 22:09:18 GMT Roślinka wyrosła na null
18 Jan 2025 22:09:18 GMT Roślinka wyrosła na null
18 Jan 2025 22:09:18 GMT Roślinka wyrosła na null
18 Jan 2025 22:09:18 GMT Roślinka wyrosła na null
18 Jan 2025 22:09:18 GMT Roślinka wyrosła na null
18 Jan 2025 22:09:18 GMT Roślinka wyrosła na null
18 Jan 2025 22:09:18 GMT Roślinka wyrosła na null
18 Jan 2025 22:09:18 GMT Roślinka wyrosła na null
18 Jan 2025 22:09:18 GMT Roślinka wyrosła na null
18 Jan 2025 22:09:18 GMT Roślinka wyrosła na null
18 Jan 2025 22:09:19 GMT Długość listy pozycji: 8
Lista pozycji zwierząt: {(2, 2)=[◥], (5, 5)=[◤, <, >, ^, v, ◢, >, >, >, <, ◣, ◤], (2, 4)=[<], (1, 8)=[◤], (9, 1)=[◥], (5, 2)=[>, ^, <, ◥, v], (8, 5)=[<], (8, 6)=[◣, >, v, ◢, ◣]}
18 Jan 2025 22:09:19 GMT Zwierzę poruszyło się z (4, 2) na (5, 2)
18 Jan 2025 22:09:19 GMT Długość listy pozycji: 8
Lista pozycji zwierząt: {(2, 2)=[◥], (5, 5)=[◤, <, >, ^, v, ◢, >, >, >, <, ◣, ◤], (2, 4)=[<], (1, 8)=[◤], (8, 1)=[<], (5, 2)=[>, ^, <, ◥, v], (8, 5)=[<], (8, 6)=[◣, >, v, ◢, ◣]}
18 Jan 2025 22:09:19 GMT Zwierzę poruszyło się z (9, 1) na (8, 1)
18 Jan 2025 22:09:19 GMT Długość listy pozycji: 8
Lista pozycji zwierząt: {(3, 2)=[>], (5, 5)=[◤, <, >, ^, v, ◢, >, >, >, <, ◣, ◤], (2, 4)=[<], (1, 8)=[◤], (8, 1)=[<], (5, 2)=[>, ^, <, ◥, v], (8, 5)=[<], (8, 6)=[◣, >, v, ◢, ◣]}
18 Jan 2025 22:09:19 GMT Zwierzę poruszyło się z (2, 2) na (3, 2)
18 Jan 2025 22:09:19 GMT Długość listy pozycji: 8
Lista pozycji zwierząt: {(3, 2)=[>], (5, 5)=[◤, <, >, ^, v, ◢, >, >, >, <, ◣, ◤], (2, 4)=[<], (2, 8)=[>], (8, 1)=[<], (5, 2)=[>, ^, <, ◥, v], (8, 5)=[<], (8, 6)=[◣, >, v, ◢, ◣]}
18 Jan 2025 22:09:19 GMT Zwierzę poruszyło się z (1, 8) na (2, 8)
18 Jan 2025 22:09:19 GMT Długość listy pozycji: 8
Lista pozycji zwierząt: {(3, 2)=[>], (5, 5)=[◤, <, >, ^, v, ◢, >, >, >, <, ◣, ◤], (2, 3)=[v], (2, 8)=[>], (8, 1)=[<], (5, 2)=[>, ^, <, ◥, v], (8, 5)=[<], (8, 6)=[◣, >, v, ◢, ◣]}
18 Jan 2025 22:09:19 GMT Zwierzę poruszyło się z (2, 4) na (2, 3)
18 Jan 2025 22:09:19 GMT Zwierzę zjadło roślinkę na (3, 2)
18 Jan 2025 22:09:19 GMT Zwierze zostało położone na (5, 5)
18 Jan 2025 22:09:19 GMT Urodziło się nowe zwierzę na (5, 5)
18 Jan 2025 22:09:19 GMT Zwierze zostało położone na (5, 2)
18 Jan 2025 22:09:19 GMT Urodziło się nowe zwierzę na (5, 2)
18 Jan 2025 22:09:19 GMT Zwierze zostało położone na (8, 6)
18 Jan 2025 22:09:19 GMT Urodziło się nowe zwierzę na (8, 6)
18 Jan 2025 22:09:20 GMT Roślinka wyrosła na null
18 Jan 2025 22:09:20 GMT Roślinka wyrosła na null
18 Jan 2025 22:09:20 GMT Roślinka wyrosła na null
18 Jan 2025 22:09:20 GMT Roślinka wyrosła na null
18 Jan 2025 22:09:20 GMT Roślinka wyrosła na null
18 Jan 2025 22:09:20 GMT Roślinka wyrosła na null
18 Jan 2025 22:09:20 GMT Roślinka wyrosła na null
18 Jan 2025 22:09:20 GMT Roślinka wyrosła na null
18 Jan 2025 22:09:20 GMT Roślinka wyrosła na null
18 Jan 2025 22:09:20 GMT Roślinka wyrosła na null
18 Jan 2025 22:09:20 GMT Długość listy pozycji: 9
Lista pozycji zwierząt: {(3, 2)=[>], (5, 5)=[◤, <, >, ◢, ^, v, ◢, >, >, >, <, ◣, ◤], (2, 3)=[v], (2, 8)=[>], (8, 1)=[<], (4, 1)=[◣], (5, 2)=[◣, ^, >, <, ◥, v], (8, 5)=[<], (8, 6)=[v, ◣, >, v, ◢, ◣]}
18 Jan 2025 22:09:20 GMT Zwierzę poruszyło się z (5, 2) na (4, 1)
18 Jan 2025 22:09:20 GMT Długość listy pozycji: 9
Lista pozycji zwierząt: {(3, 2)=[>], (5, 5)=[◤, <, >, ◢, ^, v, ◢, >, >, >, <, ◣, ◤], (2, 3)=[v], (2, 8)=[>], (9, 0)=[◢], (4, 1)=[◣], (5, 2)=[◣, ^, >, <, ◥, v], (8, 5)=[<], (8, 6)=[v, ◣, >, v, ◢, ◣]}
18 Jan 2025 22:09:20 GMT Zwierzę poruszyło się z (8, 1) na (9, 0)
18 Jan 2025 22:09:20 GMT Długość listy pozycji: 8
Lista pozycji zwierząt: {(5, 5)=[◤, <, >, ◢, ^, v, ◢, >, >, >, <, ◣, ◤], (2, 3)=[v], (2, 8)=[>], (9, 0)=[◢], (4, 1)=[◢, ◣], (5, 2)=[◣, ^, >, <, ◥, v], (8, 5)=[<], (8, 6)=[v, ◣, >, v, ◢, ◣]}
18 Jan 2025 22:09:20 GMT Zwierzę poruszyło się z (3, 2) na (4, 1)
18 Jan 2025 22:09:20 GMT Długość listy pozycji: 8
Lista pozycji zwierząt: {(5, 5)=[◤, <, >, ◢, ^, v, ◢, >, >, >, <, ◣, ◤], (2, 3)=[v], (1, 7)=[◣], (9, 0)=[◢], (4, 1)=[◢, ◣], (5, 2)=[◣, ^, >, <, ◥, v], (8, 5)=[<], (8, 6)=[v, ◣, >, v, ◢, ◣]}
18 Jan 2025 22:09:20 GMT Zwierzę poruszyło się z (2, 8) na (1, 7)
18 Jan 2025 22:09:20 GMT Długość listy pozycji: 8
Lista pozycji zwierząt: {(3, 3)=[>], (5, 5)=[◤, <, >, ◢, ^, v, ◢, >, >, >, <, ◣, ◤], (1, 7)=[◣], (9, 0)=[◢], (4, 1)=[◢, ◣], (5, 2)=[◣, ^, >, <, ◥, v], (8, 5)=[<], (8, 6)=[v, ◣, >, v, ◢, ◣]}
18 Jan 2025 22:09:20 GMT Zwierzę poruszyło się z (2, 3) na (3, 3)
18 Jan 2025 22:09:20 GMT Zwierzę zjadło roślinkę na (1, 7)
