19 Jan 2025 01:13:45 GMT Zwierze zostało położone na (1, 1)
19 Jan 2025 01:13:45 GMT Zwierze zostało położone na (5, 1)
19 Jan 2025 01:13:45 GMT Zwierze zostało położone na (1, 6)
19 Jan 2025 01:13:45 GMT Zwierze zostało położone na (0, 8)
19 Jan 2025 01:13:45 GMT Zwierze zostało położone na (7, 3)
19 Jan 2025 01:13:45 GMT Zwierze zostało położone na (8, 0)
19 Jan 2025 01:13:45 GMT Zwierze zostało położone na (9, 5)
19 Jan 2025 01:13:45 GMT Zwierze zostało położone na (2, 1)
19 Jan 2025 01:13:46 GMT Zwierze zostało położone na (8, 0)
19 Jan 2025 01:13:46 GMT Zwierze zostało położone na (3, 6)
19 Jan 2025 01:13:46 GMT Długość listy pozycji: 9
Lista pozycji zwierząt: {(2, 1)=[◥], (1, 1)=[v], (3, 6)=[v], (1, 6)=[>], (8, 0)=[<, ◤], (0, 8)=[>], (9, 5)=[◢], (7, 3)=[◥], (5, 1)=[◢]}
19 Jan 2025 01:13:46 GMT Zwierzę poruszyło się z (1, 1) na (1, 1)
19 Jan 2025 01:13:46 GMT Długość listy pozycji: 9
Lista pozycji zwierząt: {(2, 1)=[◥], (1, 1)=[v], (3, 6)=[v], (1, 6)=[>], (8, 0)=[<, ◤], (0, 8)=[>], (9, 5)=[◢], (7, 3)=[◥], (5, 1)=[<]}
19 Jan 2025 01:13:46 GMT Zwierzę poruszyło się z (5, 1) na (5, 1)
19 Jan 2025 01:13:46 GMT Długość listy pozycji: 9
Lista pozycji zwierząt: {(2, 1)=[◥], (1, 1)=[v], (3, 6)=[v], (1, 6)=[v], (8, 0)=[<, ◤], (0, 8)=[>], (9, 5)=[◢], (7, 3)=[◥], (5, 1)=[<]}
19 Jan 2025 01:13:46 GMT Zwierzę poruszyło się z (1, 6) na (1, 6)
19 Jan 2025 01:13:46 GMT Długość listy pozycji: 9
Lista pozycji zwierząt: {(2, 1)=[◥], (1, 1)=[v], (3, 6)=[v], (1, 6)=[v], (8, 0)=[<, ◤], (0, 8)=[v], (9, 5)=[◢], (7, 3)=[◥], (5, 1)=[<]}
19 Jan 2025 01:13:46 GMT Zwierzę poruszyło się z (0, 8) na (0, 8)
19 Jan 2025 01:13:46 GMT Długość listy pozycji: 9
Lista pozycji zwierząt: {(2, 1)=[◥], (1, 1)=[v], (3, 6)=[v], (1, 6)=[v], (8, 0)=[<, ◤], (0, 8)=[v], (9, 5)=[◢], (7, 3)=[>], (5, 1)=[<]}
19 Jan 2025 01:13:46 GMT Zwierzę poruszyło się z (7, 3) na (7, 3)
19 Jan 2025 01:13:46 GMT Długość listy pozycji: 9
Lista pozycji zwierząt: {(2, 1)=[◥], (1, 1)=[v], (3, 6)=[v], (1, 6)=[v], (8, 0)=[^, ◤], (0, 8)=[v], (9, 5)=[◢], (7, 3)=[>], (5, 1)=[<]}
19 Jan 2025 01:13:46 GMT Zwierzę poruszyło się z (8, 0) na (8, 0)
19 Jan 2025 01:13:46 GMT Długość listy pozycji: 9
Lista pozycji zwierząt: {(2, 1)=[◥], (1, 1)=[v], (3, 6)=[v], (1, 6)=[v], (8, 0)=[^, ◤], (0, 8)=[v], (9, 5)=[<], (7, 3)=[>], (5, 1)=[<]}
19 Jan 2025 01:13:46 GMT Zwierzę poruszyło się z (9, 5) na (9, 5)
19 Jan 2025 01:13:46 GMT Długość listy pozycji: 9
Lista pozycji zwierząt: {(2, 1)=[>], (1, 1)=[v], (3, 6)=[v], (1, 6)=[v], (8, 0)=[^, ◤], (0, 8)=[v], (9, 5)=[<], (7, 3)=[>], (5, 1)=[<]}
19 Jan 2025 01:13:46 GMT Zwierzę poruszyło się z (2, 1) na (2, 1)
19 Jan 2025 01:13:47 GMT Długość listy pozycji: 9
Lista pozycji zwierząt: {(2, 1)=[>], (1, 1)=[v], (3, 6)=[v], (1, 6)=[v], (8, 0)=[^, <], (0, 8)=[v], (9, 5)=[<], (7, 3)=[>], (5, 1)=[<]}
19 Jan 2025 01:13:47 GMT Zwierzę poruszyło się z (8, 0) na (8, 0)
19 Jan 2025 01:13:47 GMT Długość listy pozycji: 9
Lista pozycji zwierząt: {(2, 1)=[>], (1, 1)=[v], (3, 6)=[^], (1, 6)=[v], (8, 0)=[^, <], (0, 8)=[v], (9, 5)=[<], (7, 3)=[>], (5, 1)=[<]}
19 Jan 2025 01:13:47 GMT Zwierzę poruszyło się z (3, 6) na (3, 6)
19 Jan 2025 01:13:47 GMT Zwierzę zjadło roślinkę na (1, 6)
19 Jan 2025 01:13:47 GMT Zwierzę zjadło roślinkę na (9, 5)
19 Jan 2025 01:13:47 GMT Zwierze zostało położone na (8, 0)
19 Jan 2025 01:13:47 GMT Urodziło się nowe zwierzę na (8, 0)
19 Jan 2025 01:13:47 GMT Roślinka wyrosła na (3, 5)
19 Jan 2025 01:13:47 GMT Roślinka wyrosła na (3, 6)
19 Jan 2025 01:13:47 GMT Roślinka wyrosła na (4, 5)
19 Jan 2025 01:13:47 GMT Roślinka wyrosła na (1, 8)
19 Jan 2025 01:13:47 GMT Roślinka wyrosła na (1, 5)
19 Jan 2025 01:13:47 GMT Roślinka wyrosła na (2, 5)
19 Jan 2025 01:13:47 GMT Roślinka wyrosła na (7, 6)
19 Jan 2025 01:13:47 GMT Roślinka wyrosła na (7, 5)
19 Jan 2025 01:13:47 GMT Roślinka wyrosła na (9, 6)
19 Jan 2025 01:13:47 GMT Roślinka wyrosła na (1, 3)
19 Jan 2025 01:13:47 GMT Zwierzę umarło na (8, 0)
19 Jan 2025 01:13:47 GMT Długość listy pozycji: 9
Lista pozycji zwierząt: {(2, 1)=[>], (1, 1)=[◥], (3, 6)=[^], (1, 6)=[v], (8, 0)=[◥, <], (0, 8)=[v], (9, 5)=[<], (7, 3)=[>], (5, 1)=[<]}
19 Jan 2025 01:13:47 GMT Zwierzę poruszyło się z (1, 1) na (1, 1)
19 Jan 2025 01:13:47 GMT Długość listy pozycji: 9
Lista pozycji zwierząt: {(2, 1)=[>], (1, 1)=[◥], (3, 6)=[^], (1, 6)=[v], (8, 0)=[◥, <], (0, 8)=[v], (9, 5)=[<], (7, 3)=[>], (5, 1)=[>]}
19 Jan 2025 01:13:47 GMT Zwierzę poruszyło się z (5, 1) na (5, 1)
19 Jan 2025 01:13:47 GMT Długość listy pozycji: 9
Lista pozycji zwierząt: {(2, 1)=[>], (1, 1)=[◥], (3, 6)=[^], (1, 6)=[>], (8, 0)=[◥, <], (0, 8)=[v], (9, 5)=[<], (7, 3)=[>], (5, 1)=[>]}
19 Jan 2025 01:13:47 GMT Zwierzę poruszyło się z (1, 6) na (1, 6)
19 Jan 2025 01:13:48 GMT Długość listy pozycji: 9
Lista pozycji zwierząt: {(2, 1)=[>], (1, 1)=[◥], (3, 6)=[^], (1, 6)=[>], (8, 0)=[◥, <], (0, 8)=[^], (9, 5)=[<], (7, 3)=[>], (5, 1)=[>]}
19 Jan 2025 01:13:48 GMT Zwierzę poruszyło się z (0, 8) na (0, 8)
19 Jan 2025 01:13:48 GMT Długość listy pozycji: 9
Lista pozycji zwierząt: {(2, 1)=[>], (1, 1)=[◥], (3, 6)=[^], (1, 6)=[>], (8, 0)=[◥, <], (0, 8)=[^], (9, 5)=[<], (7, 3)=[>], (5, 1)=[>]}
19 Jan 2025 01:13:48 GMT Zwierzę poruszyło się z (7, 3) na (7, 3)
19 Jan 2025 01:13:48 GMT Długość listy pozycji: 9
Lista pozycji zwierząt: {(2, 1)=[>], (1, 1)=[◥], (3, 6)=[^], (0, 4)=[◢], (1, 6)=[>], (8, 0)=[◥, <], (0, 8)=[^], (7, 3)=[>], (5, 1)=[>]}
19 Jan 2025 01:13:48 GMT Zwierzę poruszyło się z (9, 5) na (0, 4)
19 Jan 2025 01:13:48 GMT Długość listy pozycji: 9
Lista pozycji zwierząt: {(2, 1)=[◤], (1, 1)=[◥], (3, 6)=[^], (0, 4)=[◢], (1, 6)=[>], (8, 0)=[◥, <], (0, 8)=[^], (7, 3)=[>], (5, 1)=[>]}
19 Jan 2025 01:13:48 GMT Zwierzę poruszyło się z (2, 1) na (2, 1)
19 Jan 2025 01:13:48 GMT Długość listy pozycji: 9
Lista pozycji zwierząt: {(2, 1)=[◤], (1, 1)=[◥], (3, 6)=[^], (0, 4)=[◢], (1, 6)=[>], (8, 0)=[◥, ◥], (0, 8)=[^], (7, 3)=[>], (5, 1)=[>]}
19 Jan 2025 01:13:48 GMT Zwierzę poruszyło się z (8, 0) na (8, 0)
19 Jan 2025 01:13:48 GMT Długość listy pozycji: 9
Lista pozycji zwierząt: {(2, 1)=[◤], (1, 1)=[◥], (3, 6)=[◢], (0, 4)=[◢], (1, 6)=[>], (8, 0)=[◥, ◥], (0, 8)=[^], (7, 3)=[>], (5, 1)=[>]}
19 Jan 2025 01:13:48 GMT Zwierzę poruszyło się z (3, 6) na (3, 6)
19 Jan 2025 01:13:48 GMT Zwierzę zjadło roślinkę na (3, 6)
19 Jan 2025 01:13:48 GMT Zwierze zostało położone na (8, 0)
19 Jan 2025 01:13:48 GMT Urodziło się nowe zwierzę na (8, 0)
19 Jan 2025 01:13:49 GMT Roślinka wyrosła na (2, 6)
19 Jan 2025 01:13:49 GMT Roślinka wyrosła na (5, 5)
19 Jan 2025 01:13:49 GMT Roślinka wyrosła na (2, 7)
19 Jan 2025 01:13:49 GMT Roślinka wyrosła na (5, 3)
19 Jan 2025 01:13:49 GMT Roślinka wyrosła na (6, 6)
19 Jan 2025 01:13:49 GMT Roślinka wyrosła na (4, 3)
19 Jan 2025 01:13:49 GMT Roślinka wyrosła na (5, 1)
19 Jan 2025 01:13:49 GMT Roślinka wyrosła na (3, 0)
19 Jan 2025 01:13:49 GMT Roślinka wyrosła na (6, 4)
19 Jan 2025 01:13:49 GMT Roślinka wyrosła na (7, 0)
19 Jan 2025 01:13:49 GMT Długość listy pozycji: 9
Lista pozycji zwierząt: {(2, 1)=[◤], (1, 1)=[◢], (3, 6)=[◢], (0, 4)=[◢], (1, 6)=[>], (8, 0)=[v, ◥, ◥], (0, 8)=[^], (7, 3)=[>], (5, 1)=[>]}
19 Jan 2025 01:13:49 GMT Zwierzę poruszyło się z (1, 1) na (1, 1)
19 Jan 2025 01:13:49 GMT Długość listy pozycji: 9
Lista pozycji zwierząt: {(2, 1)=[◤], (1, 1)=[◢], (3, 6)=[◢], (0, 4)=[◢], (1, 6)=[>], (8, 0)=[v, ◥, ◥], (0, 8)=[^], (7, 3)=[>], (5, 1)=[v]}
19 Jan 2025 01:13:49 GMT Zwierzę poruszyło się z (5, 1) na (5, 1)
19 Jan 2025 01:13:49 GMT Długość listy pozycji: 9
Lista pozycji zwierząt: {(2, 1)=[◤], (1, 1)=[◢], (3, 6)=[◢], (0, 4)=[◢], (1, 6)=[^], (8, 0)=[v, ◥, ◥], (0, 8)=[^], (7, 3)=[>], (5, 1)=[v]}
19 Jan 2025 01:13:49 GMT Zwierzę poruszyło się z (1, 6) na (1, 6)
19 Jan 2025 01:13:49 GMT Długość listy pozycji: 9
Lista pozycji zwierząt: {(2, 1)=[◤], (1, 1)=[◢], (3, 6)=[◢], (0, 4)=[◢], (1, 6)=[^], (8, 0)=[v, ◥, ◥], (0, 8)=[^], (7, 3)=[>], (5, 1)=[v]}
19 Jan 2025 01:13:49 GMT Zwierzę poruszyło się z (0, 8) na (0, 8)
19 Jan 2025 01:13:49 GMT Długość listy pozycji: 9
Lista pozycji zwierząt: {(2, 1)=[◤], (1, 1)=[◢], (3, 6)=[◢], (0, 4)=[◢], (1, 6)=[^], (8, 0)=[v, ◥, ◥], (0, 8)=[^], (7, 3)=[^], (5, 1)=[v]}
19 Jan 2025 01:13:49 GMT Zwierzę poruszyło się z (7, 3) na (7, 3)
19 Jan 2025 01:13:49 GMT Długość listy pozycji: 9
Lista pozycji zwierząt: {(2, 1)=[◤], (1, 1)=[◢], (3, 6)=[◢], (0, 4)=[v], (1, 6)=[^], (8, 0)=[v, ◥, ◥], (0, 8)=[^], (7, 3)=[^], (5, 1)=[v]}
19 Jan 2025 01:13:49 GMT Zwierzę poruszyło się z (0, 4) na (0, 4)
19 Jan 2025 01:13:49 GMT Długość listy pozycji: 9
Lista pozycji zwierząt: {(2, 1)=[v], (1, 1)=[◢], (3, 6)=[◢], (0, 4)=[v], (1, 6)=[^], (8, 0)=[v, ◥, ◥], (0, 8)=[^], (7, 3)=[^], (5, 1)=[v]}
19 Jan 2025 01:13:49 GMT Zwierzę poruszyło się z (2, 1) na (2, 1)
19 Jan 2025 01:13:50 GMT Długość listy pozycji: 9
Lista pozycji zwierząt: {(2, 1)=[v], (1, 1)=[◢], (3, 6)=[◢], (0, 4)=[v], (1, 6)=[^], (8, 0)=[v, >, ◥, >], (0, 8)=[^], (7, 3)=[^], (5, 1)=[v]}
19 Jan 2025 01:13:50 GMT Zwierzę poruszyło się z (8, 0) na (8, 0)
19 Jan 2025 01:13:50 GMT Długość listy pozycji: 9
Lista pozycji zwierząt: {(2, 1)=[v], (1, 1)=[◢], (3, 6)=[◢], (0, 4)=[v], (1, 6)=[^], (8, 0)=[v, >, ◥, >], (0, 8)=[^], (7, 3)=[^], (5, 1)=[v]}
19 Jan 2025 01:13:50 GMT Zwierzę poruszyło się z (3, 6) na (3, 6)
19 Jan 2025 01:13:50 GMT Zwierzę zjadło roślinkę na (5, 1)
19 Jan 2025 01:13:50 GMT Zwierze zostało położone na (8, 0)
19 Jan 2025 01:13:50 GMT Urodziło się nowe zwierzę na (8, 0)
19 Jan 2025 01:13:50 GMT Roślinka wyrosła na (6, 1)
19 Jan 2025 01:13:50 GMT Roślinka wyrosła na (5, 8)
19 Jan 2025 01:13:50 GMT Roślinka wyrosła na (1, 4)
19 Jan 2025 01:13:50 GMT Roślinka wyrosła na (0, 0)
19 Jan 2025 01:13:50 GMT Roślinka wyrosła na (3, 4)
19 Jan 2025 01:13:50 GMT Roślinka wyrosła na (7, 7)
19 Jan 2025 01:13:50 GMT Roślinka wyrosła na (2, 4)
19 Jan 2025 01:13:50 GMT Roślinka wyrosła na (0, 7)
19 Jan 2025 01:13:50 GMT Roślinka wyrosła na (0, 9)
19 Jan 2025 01:13:50 GMT Roślinka wyrosła na (5, 0)
19 Jan 2025 01:13:50 GMT Długość listy pozycji: 9
Lista pozycji zwierząt: {(2, 1)=[v], (1, 1)=[◥], (3, 6)=[◢], (0, 4)=[v], (1, 6)=[^], (8, 0)=[◣, v, >, ◥, >], (0, 8)=[^], (7, 3)=[^], (5, 1)=[v]}
19 Jan 2025 01:13:50 GMT Zwierzę poruszyło się z (1, 1) na (1, 1)
19 Jan 2025 01:13:50 GMT Długość listy pozycji: 9
Lista pozycji zwierząt: {(2, 1)=[v], (1, 1)=[◥], (3, 6)=[◢], (0, 4)=[v], (1, 6)=[^], (8, 0)=[◣, v, >, ◥, >], (0, 8)=[^], (7, 3)=[^], (5, 1)=[◣]}
19 Jan 2025 01:13:50 GMT Zwierzę poruszyło się z (5, 1) na (5, 1)
19 Jan 2025 01:13:50 GMT Długość listy pozycji: 9
Lista pozycji zwierząt: {(2, 1)=[v], (1, 1)=[◥], (3, 6)=[◢], (0, 4)=[v], (1, 6)=[>], (8, 0)=[◣, v, >, ◥, >], (0, 8)=[^], (7, 3)=[^], (5, 1)=[◣]}
19 Jan 2025 01:13:50 GMT Zwierzę poruszyło się z (1, 6) na (1, 6)
19 Jan 2025 01:13:51 GMT Długość listy pozycji: 9
Lista pozycji zwierząt: {(2, 1)=[v], (1, 1)=[◥], (3, 6)=[◢], (0, 4)=[v], (1, 6)=[>], (8, 0)=[◣, v, >, ◥, >], (7, 3)=[^], (5, 1)=[◣], (9, 7)=[◣]}
19 Jan 2025 01:13:51 GMT Zwierzę poruszyło się z (0, 8) na (9, 7)
19 Jan 2025 01:13:51 GMT Długość listy pozycji: 9
Lista pozycji zwierząt: {(2, 1)=[v], (1, 1)=[◥], (3, 6)=[◢], (0, 4)=[v], (1, 6)=[>], (8, 0)=[◣, v, >, ◥, >], (7, 3)=[◢], (5, 1)=[◣], (9, 7)=[◣]}
19 Jan 2025 01:13:51 GMT Zwierzę poruszyło się z (7, 3) na (7, 3)
19 Jan 2025 01:13:51 GMT Długość listy pozycji: 9
Lista pozycji zwierząt: {(2, 1)=[v], (1, 1)=[◥], (3, 6)=[◢], (0, 4)=[◢], (1, 6)=[>], (8, 0)=[◣, v, >, ◥, >], (7, 3)=[◢], (5, 1)=[◣], (9, 7)=[◣]}
19 Jan 2025 01:13:51 GMT Zwierzę poruszyło się z (0, 4) na (0, 4)
19 Jan 2025 01:13:51 GMT Długość listy pozycji: 9
Lista pozycji zwierząt: {(2, 1)=[^], (1, 1)=[◥], (3, 6)=[◢], (0, 4)=[◢], (1, 6)=[>], (8, 0)=[◣, v, >, ◥, >], (7, 3)=[◢], (5, 1)=[◣], (9, 7)=[◣]}
19 Jan 2025 01:13:51 GMT Zwierzę poruszyło się z (2, 1) na (2, 1)
19 Jan 2025 01:13:51 GMT Długość listy pozycji: 9
Lista pozycji zwierząt: {(2, 1)=[^], (1, 1)=[◥], (3, 6)=[◢], (0, 4)=[◢], (1, 6)=[>], (8, 0)=[◣, ◤, v, ◤, ◥, ◤], (7, 3)=[◢], (5, 1)=[◣], (9, 7)=[◣]}
19 Jan 2025 01:13:51 GMT Zwierzę poruszyło się z (8, 0) na (8, 0)
19 Jan 2025 01:13:51 GMT Długość listy pozycji: 9
Lista pozycji zwierząt: {(2, 1)=[^], (1, 1)=[◥], (3, 6)=[◥], (0, 4)=[◢], (1, 6)=[>], (8, 0)=[◣, ◤, v, ◤, ◥, ◤], (7, 3)=[◢], (5, 1)=[◣], (9, 7)=[◣]}
19 Jan 2025 01:13:51 GMT Zwierzę poruszyło się z (3, 6) na (3, 6)
19 Jan 2025 01:13:51 GMT Zwierze zostało położone na (8, 0)
19 Jan 2025 01:13:51 GMT Urodziło się nowe zwierzę na (8, 0)
19 Jan 2025 01:13:52 GMT Roślinka wyrosła na (9, 7)
19 Jan 2025 01:13:52 GMT Roślinka wyrosła na (8, 0)
19 Jan 2025 01:13:52 GMT Roślinka wyrosła na (0, 2)
19 Jan 2025 01:13:52 GMT Roślinka wyrosła na (4, 2)
19 Jan 2025 01:13:52 GMT Roślinka wyrosła na (9, 2)
19 Jan 2025 01:13:52 GMT Roślinka wyrosła na (8, 9)
19 Jan 2025 01:13:52 GMT Roślinka wyrosła na (5, 7)
19 Jan 2025 01:13:52 GMT Roślinka wyrosła na (8, 3)
19 Jan 2025 01:13:52 GMT Roślinka wyrosła na (3, 1)
19 Jan 2025 01:13:52 GMT Roślinka wyrosła na (3, 3)
19 Jan 2025 01:13:52 GMT Długość listy pozycji: 9
Lista pozycji zwierząt: {(2, 1)=[^], (1, 1)=[v], (3, 6)=[◥], (0, 4)=[◢], (1, 6)=[>], (8, 0)=[^, ◣, ◤, v, ◤, ◥, ◤], (7, 3)=[◢], (5, 1)=[◣], (9, 7)=[◣]}
19 Jan 2025 01:13:52 GMT Zwierzę poruszyło się z (1, 1) na (1, 1)
19 Jan 2025 01:13:52 GMT Długość listy pozycji: 9
Lista pozycji zwierząt: {(2, 1)=[^], (1, 1)=[v], (3, 6)=[◥], (0, 4)=[◢], (1, 6)=[>], (8, 0)=[^, ◣, ◤, v, ◤, ◥, ◤], (7, 3)=[◢], (5, 1)=[>], (9, 7)=[◣]}
19 Jan 2025 01:13:52 GMT Zwierzę poruszyło się z (5, 1) na (5, 1)
19 Jan 2025 01:13:52 GMT Długość listy pozycji: 9
Lista pozycji zwierząt: {(2, 1)=[^], (1, 1)=[v], (3, 6)=[◥], (0, 4)=[◢], (1, 6)=[>], (8, 0)=[^, ◣, ◤, v, ◤, ◥, ◤], (7, 3)=[◢], (5, 1)=[>], (9, 7)=[◣]}
19 Jan 2025 01:13:52 GMT Zwierzę poruszyło się z (1, 6) na (1, 6)
19 Jan 2025 01:13:52 GMT Długość listy pozycji: 9
Lista pozycji zwierząt: {(2, 1)=[^], (1, 1)=[v], (3, 6)=[◥], (0, 4)=[◢], (1, 6)=[>], (8, 0)=[^, ◣, ◤, v, ◤, ◥, ◤], (7, 3)=[◢], (5, 1)=[>], (9, 7)=[◤]}
19 Jan 2025 01:13:52 GMT Zwierzę poruszyło się z (9, 7) na (9, 7)
19 Jan 2025 01:13:52 GMT Długość listy pozycji: 9
Lista pozycji zwierząt: {(2, 1)=[^], (1, 1)=[v], (3, 6)=[◥], (0, 4)=[◢], (1, 6)=[>], (8, 0)=[^, ◣, ◤, v, ◤, ◥, ◤], (7, 3)=[◣], (5, 1)=[>], (9, 7)=[◤]}
19 Jan 2025 01:13:52 GMT Zwierzę poruszyło się z (7, 3) na (7, 3)
19 Jan 2025 01:13:52 GMT Długość listy pozycji: 9
Lista pozycji zwierząt: {(2, 1)=[^], (1, 1)=[v], (3, 6)=[◥], (1, 6)=[>], (8, 0)=[^, ◣, ◤, v, ◤, ◥, ◤], (9, 5)=[◤], (7, 3)=[◣], (5, 1)=[>], (9, 7)=[◤]}
19 Jan 2025 01:13:52 GMT Zwierzę poruszyło się z (0, 4) na (9, 5)
19 Jan 2025 01:13:53 GMT Długość listy pozycji: 9
Lista pozycji zwierząt: {(2, 1)=[◢], (1, 1)=[v], (3, 6)=[◥], (1, 6)=[>], (8, 0)=[^, ◣, ◤, v, ◤, ◥, ◤], (9, 5)=[◤], (7, 3)=[◣], (5, 1)=[>], (9, 7)=[◤]}
19 Jan 2025 01:13:53 GMT Zwierzę poruszyło się z (2, 1) na (2, 1)
19 Jan 2025 01:13:53 GMT Długość listy pozycji: 9
Lista pozycji zwierząt: {(2, 1)=[◢], (1, 1)=[v], (3, 6)=[◥], (1, 6)=[>], (8, 0)=[^, ◥, ◣, ◥, v, ◥, ◥, ◥], (9, 5)=[◤], (7, 3)=[◣], (5, 1)=[>], (9, 7)=[◤]}
19 Jan 2025 01:13:53 GMT Zwierzę poruszyło się z (8, 0) na (8, 0)
19 Jan 2025 01:13:53 GMT Długość listy pozycji: 9
Lista pozycji zwierząt: {(2, 1)=[◢], (1, 1)=[v], (3, 6)=[◤], (1, 6)=[>], (8, 0)=[^, ◥, ◣, ◥, v, ◥, ◥, ◥], (9, 5)=[◤], (7, 3)=[◣], (5, 1)=[>], (9, 7)=[◤]}
19 Jan 2025 01:13:53 GMT Zwierzę poruszyło się z (3, 6) na (3, 6)
19 Jan 2025 01:13:53 GMT Zwierzę zjadło roślinkę na (8, 0)
19 Jan 2025 01:13:53 GMT Zwierzę zjadło roślinkę na (9, 7)
19 Jan 2025 01:13:53 GMT Zwierze zostało położone na (8, 0)
19 Jan 2025 01:13:53 GMT Urodziło się nowe zwierzę na (8, 0)
19 Jan 2025 01:13:53 GMT Roślinka wyrosła na (9, 1)
19 Jan 2025 01:13:53 GMT Roślinka wyrosła na (2, 0)
19 Jan 2025 01:13:53 GMT Roślinka wyrosła na (5, 9)
19 Jan 2025 01:13:53 GMT Roślinka wyrosła na (0, 3)
19 Jan 2025 01:13:53 GMT Roślinka wyrosła na (7, 8)
19 Jan 2025 01:13:53 GMT Roślinka wyrosła na (1, 1)
19 Jan 2025 01:13:53 GMT Roślinka wyrosła na (8, 1)
19 Jan 2025 01:13:53 GMT Roślinka wyrosła na (9, 4)
19 Jan 2025 01:13:53 GMT Roślinka wyrosła na (7, 2)
19 Jan 2025 01:13:53 GMT Roślinka wyrosła na (6, 9)
19 Jan 2025 01:13:53 GMT Długość listy pozycji: 9
Lista pozycji zwierząt: {(2, 1)=[◢], (1, 1)=[>], (3, 6)=[◤], (1, 6)=[>], (8, 0)=[◥, ^, ◥, ◣, ◥, v, ◥, ◥, ◥], (9, 5)=[◤], (7, 3)=[◣], (5, 1)=[>], (9, 7)=[◤]}
19 Jan 2025 01:13:53 GMT Zwierzę poruszyło się z (1, 1) na (1, 1)
19 Jan 2025 01:13:54 GMT Długość listy pozycji: 9
Lista pozycji zwierząt: {(2, 1)=[◢], (1, 1)=[>], (3, 6)=[◤], (1, 6)=[>], (8, 0)=[◥, ^, ◥, ◣, ◥, v, ◥, ◥, ◥], (9, 5)=[◤], (7, 3)=[◣], (5, 1)=[>], (9, 7)=[◤]}
19 Jan 2025 01:13:54 GMT Zwierzę poruszyło się z (5, 1) na (5, 1)
19 Jan 2025 01:13:54 GMT Długość listy pozycji: 9
Lista pozycji zwierząt: {(2, 1)=[◢], (1, 1)=[>], (3, 6)=[◤], (1, 6)=[v], (8, 0)=[◥, ^, ◥, ◣, ◥, v, ◥, ◥, ◥], (9, 5)=[◤], (7, 3)=[◣], (5, 1)=[>], (9, 7)=[◤]}
19 Jan 2025 01:13:54 GMT Zwierzę poruszyło się z (1, 6) na (1, 6)
19 Jan 2025 01:13:54 GMT Długość listy pozycji: 9
Lista pozycji zwierząt: {(2, 1)=[◢], (1, 1)=[>], (3, 6)=[◤], (1, 6)=[v], (0, 7)=[>], (8, 0)=[◥, ^, ◥, ◣, ◥, v, ◥, ◥, ◥], (9, 5)=[◤], (7, 3)=[◣], (5, 1)=[>]}
19 Jan 2025 01:13:54 GMT Zwierzę poruszyło się z (9, 7) na (0, 7)
19 Jan 2025 01:13:54 GMT Długość listy pozycji: 9
Lista pozycji zwierząt: {(2, 1)=[◢], (1, 1)=[>], (3, 6)=[◤], (1, 6)=[v], (0, 7)=[>], (8, 0)=[◥, ^, ◥, ◣, ◥, v, ◥, ◥, ◥], (9, 5)=[◤], (7, 3)=[◢], (5, 1)=[>]}
19 Jan 2025 01:13:54 GMT Zwierzę poruszyło się z (7, 3) na (7, 3)
19 Jan 2025 01:13:54 GMT Długość listy pozycji: 9
Lista pozycji zwierząt: {(2, 1)=[◢], (1, 1)=[>], (3, 6)=[◤], (1, 6)=[v], (0, 6)=[◥], (0, 7)=[>], (8, 0)=[◥, ^, ◥, ◣, ◥, v, ◥, ◥, ◥], (7, 3)=[◢], (5, 1)=[>]}
19 Jan 2025 01:13:54 GMT Zwierzę poruszyło się z (9, 5) na (0, 6)
19 Jan 2025 01:13:54 GMT Długość listy pozycji: 9
Lista pozycji zwierząt: {(2, 1)=[v], (1, 1)=[>], (3, 6)=[◤], (1, 6)=[v], (0, 6)=[◥], (0, 7)=[>], (8, 0)=[◥, ^, ◥, ◣, ◥, v, ◥, ◥, ◥], (7, 3)=[◢], (5, 1)=[>]}
19 Jan 2025 01:13:54 GMT Zwierzę poruszyło się z (2, 1) na (2, 1)
19 Jan 2025 01:13:54 GMT Długość listy pozycji: 9
Lista pozycji zwierząt: {(2, 1)=[v], (1, 1)=[>], (3, 6)=[◤], (1, 6)=[v], (0, 6)=[◥], (0, 7)=[>], (8, 0)=[◥, ^, ◤, ◣, ◤, v, ◤, ◥, ◤], (7, 3)=[◢], (5, 1)=[>]}
19 Jan 2025 01:13:54 GMT Zwierzę poruszyło się z (8, 0) na (8, 0)
19 Jan 2025 01:13:54 GMT Długość listy pozycji: 9
Lista pozycji zwierząt: {(2, 1)=[v], (1, 1)=[>], (3, 6)=[◥], (1, 6)=[v], (0, 6)=[◥], (0, 7)=[>], (8, 0)=[◥, ^, ◤, ◣, ◤, v, ◤, ◥, ◤], (7, 3)=[◢], (5, 1)=[>]}
19 Jan 2025 01:13:54 GMT Zwierzę poruszyło się z (3, 6) na (3, 6)
19 Jan 2025 01:13:54 GMT Zwierzę zjadło roślinkę na (1, 1)
19 Jan 2025 01:13:54 GMT Zwierzę zjadło roślinkę na (0, 6)
19 Jan 2025 01:13:54 GMT Zwierzę zjadło roślinkę na (0, 7)
19 Jan 2025 01:13:55 GMT Zwierze zostało położone na (8, 0)
19 Jan 2025 01:13:55 GMT Urodziło się nowe zwierzę na (8, 0)
19 Jan 2025 01:13:55 GMT Roślinka wyrosła na (6, 3)
19 Jan 2025 01:13:55 GMT Roślinka wyrosła na (7, 4)
19 Jan 2025 01:13:55 GMT Roślinka wyrosła na (0, 1)
19 Jan 2025 01:13:55 GMT Roślinka wyrosła na (6, 7)
19 Jan 2025 01:13:55 GMT Roślinka wyrosła na (0, 8)
19 Jan 2025 01:13:55 GMT Roślinka wyrosła na (5, 2)
19 Jan 2025 01:13:55 GMT Roślinka wyrosła na (5, 4)
19 Jan 2025 01:13:55 GMT Roślinka wyrosła na (7, 9)
19 Jan 2025 01:13:55 GMT Roślinka wyrosła na (3, 9)
19 Jan 2025 01:13:55 GMT Roślinka wyrosła na (8, 4)
19 Jan 2025 01:13:55 GMT Długość listy pozycji: 9
Lista pozycji zwierząt: {(2, 1)=[v], (1, 1)=[^], (3, 6)=[◥], (1, 6)=[v], (0, 6)=[◥], (0, 7)=[>], (8, 0)=[◣, ◥, ^, ◤, ◣, ◤, v, ◤, ◥, ◤], (7, 3)=[◢], (5, 1)=[>]}
19 Jan 2025 01:13:55 GMT Zwierzę poruszyło się z (1, 1) na (1, 1)
19 Jan 2025 01:13:55 GMT Długość listy pozycji: 9
Lista pozycji zwierząt: {(2, 1)=[v], (1, 1)=[^], (3, 6)=[◥], (1, 6)=[v], (0, 6)=[◥], (0, 7)=[>], (8, 0)=[◣, ◥, ^, ◤, ◣, ◤, v, ◤, ◥, ◤], (7, 3)=[◢], (5, 1)=[◤]}
19 Jan 2025 01:13:55 GMT Zwierzę poruszyło się z (5, 1) na (5, 1)
19 Jan 2025 01:13:55 GMT Długość listy pozycji: 9
Lista pozycji zwierząt: {(2, 1)=[v], (1, 1)=[^], (3, 6)=[◥], (1, 6)=[<], (0, 6)=[◥], (0, 7)=[>], (8, 0)=[◣, ◥, ^, ◤, ◣, ◤, v, ◤, ◥, ◤], (7, 3)=[◢], (5, 1)=[◤]}
19 Jan 2025 01:13:55 GMT Zwierzę poruszyło się z (1, 6) na (1, 6)
19 Jan 2025 01:13:55 GMT Długość listy pozycji: 9
Lista pozycji zwierząt: {(2, 1)=[v], (1, 1)=[^], (3, 6)=[◥], (1, 6)=[<], (0, 6)=[◥], (8, 0)=[◣, ◥, ^, ◤, ◣, ◤, v, ◤, ◥, ◤], (7, 3)=[◢], (5, 1)=[◤], (9, 6)=[◣]}
19 Jan 2025 01:13:55 GMT Zwierzę poruszyło się z (0, 7) na (9, 6)
19 Jan 2025 01:13:55 GMT Długość listy pozycji: 9
Lista pozycji zwierząt: {(2, 1)=[v], (1, 1)=[^], (3, 6)=[◥], (1, 6)=[<], (0, 6)=[◥], (8, 0)=[◣, ◥, ^, ◤, ◣, ◤, v, ◤, ◥, ◤], (7, 3)=[◣], (5, 1)=[◤], (9, 6)=[◣]}
19 Jan 2025 01:13:55 GMT Zwierzę poruszyło się z (7, 3) na (7, 3)
19 Jan 2025 01:13:56 GMT Długość listy pozycji: 9
Lista pozycji zwierząt: {(2, 1)=[v], (1, 1)=[^], (3, 6)=[◥], (1, 6)=[<], (0, 6)=[>], (8, 0)=[◣, ◥, ^, ◤, ◣, ◤, v, ◤, ◥, ◤], (7, 3)=[◣], (5, 1)=[◤], (9, 6)=[◣]}
19 Jan 2025 01:13:56 GMT Zwierzę poruszyło się z (0, 6) na (0, 6)
19 Jan 2025 01:13:56 GMT Długość listy pozycji: 9
Lista pozycji zwierząt: {(2, 1)=[v], (1, 1)=[^], (3, 6)=[◥], (1, 6)=[<], (0, 6)=[>], (8, 0)=[◣, ◥, ^, ◤, ◣, ◤, v, ◤, ◥, ◤], (7, 3)=[◣], (5, 1)=[◤], (9, 6)=[◣]}
19 Jan 2025 01:13:56 GMT Zwierzę poruszyło się z (2, 1) na (2, 1)
19 Jan 2025 01:13:56 GMT Długość listy pozycji: 9
Lista pozycji zwierząt: {(2, 1)=[v], (1, 1)=[^], (3, 6)=[◥], (1, 6)=[<], (0, 6)=[>], (8, 0)=[◣, ^, ◥, ^, ◣, ^, v, ^, ◥, ^], (7, 3)=[◣], (5, 1)=[◤], (9, 6)=[◣]}
19 Jan 2025 01:13:56 GMT Zwierzę poruszyło się z (8, 0) na (8, 0)
19 Jan 2025 01:13:56 GMT Długość listy pozycji: 9
Lista pozycji zwierząt: {(2, 1)=[v], (1, 1)=[^], (3, 6)=[◣], (1, 6)=[<], (0, 6)=[>], (8, 0)=[◣, ^, ◥, ^, ◣, ^, v, ^, ◥, ^], (7, 3)=[◣], (5, 1)=[◤], (9, 6)=[◣]}
19 Jan 2025 01:13:56 GMT Zwierzę poruszyło się z (3, 6) na (3, 6)
19 Jan 2025 01:13:56 GMT Zwierzę zjadło roślinkę na (9, 6)
19 Jan 2025 01:13:56 GMT Zwierze zostało położone na (8, 0)
19 Jan 2025 01:13:56 GMT Urodziło się nowe zwierzę na (8, 0)
19 Jan 2025 01:13:56 GMT Roślinka wyrosła na (3, 7)
19 Jan 2025 01:13:56 GMT Roślinka wyrosła na (6, 2)
19 Jan 2025 01:13:56 GMT Roślinka wyrosła na (9, 9)
19 Jan 2025 01:13:56 GMT Roślinka wyrosła na (9, 3)
19 Jan 2025 01:13:56 GMT Roślinka wyrosła na (2, 3)
19 Jan 2025 01:13:56 GMT Roślinka wyrosła na (2, 1)
19 Jan 2025 01:13:56 GMT Roślinka wyrosła na (4, 0)
19 Jan 2025 01:13:56 GMT Roślinka wyrosła na (6, 8)
19 Jan 2025 01:13:56 GMT Roślinka wyrosła na (8, 2)
19 Jan 2025 01:13:56 GMT Roślinka wyrosła na (2, 2)
19 Jan 2025 01:13:56 GMT Długość listy pozycji: 9
Lista pozycji zwierząt: {(2, 1)=[v], (1, 1)=[v], (3, 6)=[◣], (1, 6)=[<], (0, 6)=[>], (8, 0)=[◣, ◣, ^, ◥, ^, ◣, ^, v, ^, ◥, ^], (7, 3)=[◣], (5, 1)=[◤], (9, 6)=[◣]}
19 Jan 2025 01:13:57 GMT Zwierzę poruszyło się z (1, 1) na (1, 1)
19 Jan 2025 01:13:57 GMT Długość listy pozycji: 9
Lista pozycji zwierząt: {(2, 1)=[v], (1, 1)=[v], (3, 6)=[◣], (1, 6)=[<], (0, 6)=[>], (8, 0)=[◣, ◣, ^, ◥, ^, ◣, ^, v, ^, ◥, ^], (7, 3)=[◣], (5, 1)=[◣], (9, 6)=[◣]}
19 Jan 2025 01:13:57 GMT Zwierzę poruszyło się z (5, 1) na (5, 1)
19 Jan 2025 01:13:57 GMT Długość listy pozycji: 9
Lista pozycji zwierząt: {(2, 1)=[v], (1, 1)=[v], (3, 6)=[◣], (1, 6)=[◥], (0, 6)=[>], (8, 0)=[◣, ◣, ^, ◥, ^, ◣, ^, v, ^, ◥, ^], (7, 3)=[◣], (5, 1)=[◣], (9, 6)=[◣]}
19 Jan 2025 01:13:57 GMT Zwierzę poruszyło się z (1, 6) na (1, 6)
19 Jan 2025 01:13:57 GMT Długość listy pozycji: 9
Lista pozycji zwierząt: {(2, 1)=[v], (1, 1)=[v], (3, 6)=[◣], (1, 6)=[◥], (0, 6)=[>], (8, 0)=[◣, ◣, ^, ◥, ^, ◣, ^, v, ^, ◥, ^], (7, 3)=[◣], (5, 1)=[◣], (9, 6)=[<]}
19 Jan 2025 01:13:57 GMT Zwierzę poruszyło się z (9, 6) na (9, 6)
19 Jan 2025 01:13:57 GMT Długość listy pozycji: 9
Lista pozycji zwierząt: {(2, 1)=[v], (1, 1)=[v], (3, 6)=[◣], (1, 6)=[◥], (0, 6)=[>], (8, 0)=[◣, ◣, ^, ◥, ^, ◣, ^, v, ^, ◥, ^], (7, 3)=[◥], (5, 1)=[◣], (9, 6)=[<]}
19 Jan 2025 01:13:57 GMT Zwierzę poruszyło się z (7, 3) na (7, 3)
19 Jan 2025 01:13:57 GMT Długość listy pozycji: 9
Lista pozycji zwierząt: {(2, 1)=[v], (1, 1)=[v], (3, 6)=[◣], (1, 6)=[◥], (0, 6)=[^], (8, 0)=[◣, ◣, ^, ◥, ^, ◣, ^, v, ^, ◥, ^], (7, 3)=[◥], (5, 1)=[◣], (9, 6)=[<]}
19 Jan 2025 01:13:57 GMT Zwierzę poruszyło się z (0, 6) na (0, 6)
19 Jan 2025 01:13:57 GMT Długość listy pozycji: 9
Lista pozycji zwierząt: {(2, 1)=[<], (1, 1)=[v], (3, 6)=[◣], (1, 6)=[◥], (0, 6)=[^], (8, 0)=[◣, ◣, ^, ◥, ^, ◣, ^, v, ^, ◥, ^], (7, 3)=[◥], (5, 1)=[◣], (9, 6)=[<]}
19 Jan 2025 01:13:57 GMT Zwierzę poruszyło się z (2, 1) na (2, 1)
19 Jan 2025 01:13:57 GMT Długość listy pozycji: 9
Lista pozycji zwierząt: {(2, 1)=[<], (1, 1)=[v], (3, 6)=[◣], (1, 6)=[◥], (0, 6)=[^], (8, 0)=[◣, ◤, ◣, ◤, ◥, ^, ◣, ◤, v, ◤, ◥, ◤], (7, 3)=[◥], (5, 1)=[◣], (9, 6)=[<]}
19 Jan 2025 01:13:57 GMT Zwierzę poruszyło się z (8, 0) na (8, 0)
19 Jan 2025 01:13:57 GMT Długość listy pozycji: 9
Lista pozycji zwierząt: {(2, 1)=[<], (1, 1)=[v], (3, 6)=[^], (1, 6)=[◥], (0, 6)=[^], (8, 0)=[◣, ◤, ◣, ◤, ◥, ^, ◣, ◤, v, ◤, ◥, ◤], (7, 3)=[◥], (5, 1)=[◣], (9, 6)=[<]}
19 Jan 2025 01:13:57 GMT Zwierzę poruszyło się z (3, 6) na (3, 6)
19 Jan 2025 01:13:58 GMT Zwierzę zjadło roślinkę na (2, 1)
19 Jan 2025 01:13:58 GMT Zwierze zostało położone na (8, 0)
19 Jan 2025 01:13:58 GMT Urodziło się nowe zwierzę na (8, 0)
19 Jan 2025 01:13:58 GMT Roślinka wyrosła na (4, 7)
19 Jan 2025 01:13:58 GMT Roślinka wyrosła na (0, 4)
19 Jan 2025 01:13:58 GMT Roślinka wyrosła na (4, 9)
19 Jan 2025 01:13:58 GMT Roślinka wyrosła na (1, 9)
19 Jan 2025 01:13:58 GMT Roślinka wyrosła na (1, 7)
19 Jan 2025 01:13:58 GMT Roślinka wyrosła na (7, 3)
19 Jan 2025 01:13:58 GMT Roślinka wyrosła na (3, 8)
19 Jan 2025 01:13:58 GMT Roślinka wyrosła na (1, 0)
19 Jan 2025 01:13:58 GMT Roślinka wyrosła na (1, 2)
19 Jan 2025 01:13:58 GMT Roślinka wyrosła na (7, 1)
19 Jan 2025 01:13:58 GMT Długość listy pozycji: 9
Lista pozycji zwierząt: {(2, 1)=[<], (1, 1)=[v], (3, 6)=[^], (1, 6)=[◥], (0, 6)=[^], (8, 0)=[◢, ◣, ◤, ◣, ◤, ◥, ^, ◣, ◤, v, ◤, ◥, ◤], (7, 3)=[◥], (5, 1)=[◣], (9, 6)=[<]}
19 Jan 2025 01:13:58 GMT Zwierzę poruszyło się z (1, 1) na (1, 1)
19 Jan 2025 01:13:58 GMT Długość listy pozycji: 9
Lista pozycji zwierząt: {(2, 1)=[<], (1, 1)=[v], (3, 6)=[^], (1, 6)=[◥], (0, 6)=[^], (8, 0)=[◢, ◣, ◤, ◣, ◤, ◥, ^, ◣, ◤, v, ◤, ◥, ◤], (7, 3)=[◥], (5, 1)=[>], (9, 6)=[<]}
19 Jan 2025 01:13:58 GMT Zwierzę poruszyło się z (5, 1) na (5, 1)
19 Jan 2025 01:13:58 GMT Długość listy pozycji: 9
Lista pozycji zwierząt: {(2, 1)=[<], (1, 1)=[v], (3, 6)=[^], (1, 6)=[◤], (0, 6)=[^], (8, 0)=[◢, ◣, ◤, ◣, ◤, ◥, ^, ◣, ◤, v, ◤, ◥, ◤], (7, 3)=[◥], (5, 1)=[>], (9, 6)=[<]}
19 Jan 2025 01:13:58 GMT Zwierzę poruszyło się z (1, 6) na (1, 6)
19 Jan 2025 01:13:58 GMT Długość listy pozycji: 9
Lista pozycji zwierząt: {(2, 1)=[<], (1, 1)=[v], (3, 6)=[^], (1, 6)=[◤], (0, 6)=[^], (0, 7)=[◥], (8, 0)=[◢, ◣, ◤, ◣, ◤, ◥, ^, ◣, ◤, v, ◤, ◥, ◤], (7, 3)=[◥], (5, 1)=[>]}
19 Jan 2025 01:13:58 GMT Zwierzę poruszyło się z (9, 6) na (0, 7)
19 Jan 2025 01:13:58 GMT Długość listy pozycji: 9
Lista pozycji zwierząt: {(2, 1)=[<], (1, 1)=[v], (3, 6)=[^], (1, 6)=[◤], (0, 6)=[^], (0, 7)=[◥], (8, 0)=[◢, ◣, ◤, ◣, ◤, ◥, ^, ◣, ◤, v, ◤, ◥, ◤], (7, 3)=[◤], (5, 1)=[>]}
19 Jan 2025 01:13:58 GMT Zwierzę poruszyło się z (7, 3) na (7, 3)
19 Jan 2025 01:13:59 GMT Długość listy pozycji: 9
Lista pozycji zwierząt: {(2, 1)=[<], (1, 1)=[v], (3, 6)=[^], (1, 6)=[◤], (0, 6)=[◢], (0, 7)=[◥], (8, 0)=[◢, ◣, ◤, ◣, ◤, ◥, ^, ◣, ◤, v, ◤, ◥, ◤], (7, 3)=[◤], (5, 1)=[>]}
19 Jan 2025 01:13:59 GMT Zwierzę poruszyło się z (0, 6) na (0, 6)
19 Jan 2025 01:13:59 GMT Długość listy pozycji: 9
Lista pozycji zwierząt: {(2, 1)=[◤], (1, 1)=[v], (3, 6)=[^], (1, 6)=[◤], (0, 6)=[◢], (0, 7)=[◥], (8, 0)=[◢, ◣, ◤, ◣, ◤, ◥, ^, ◣, ◤, v, ◤, ◥, ◤], (7, 3)=[◤], (5, 1)=[>]}
19 Jan 2025 01:13:59 GMT Zwierzę poruszyło się z (2, 1) na (2, 1)
19 Jan 2025 01:13:59 GMT Długość listy pozycji: 9
Lista pozycji zwierząt: {(2, 1)=[◤], (1, 1)=[v], (3, 6)=[^], (1, 6)=[◤], (0, 6)=[◢], (0, 7)=[◥], (8, 0)=[◢, ^, ◣, ^, ◣, ^, ◥, ^, ◣, ^, v, ^, ◥, ^], (7, 3)=[◤], (5, 1)=[>]}
19 Jan 2025 01:13:59 GMT Zwierzę poruszyło się z (8, 0) na (8, 0)
19 Jan 2025 01:13:59 GMT Długość listy pozycji: 9
Lista pozycji zwierząt: {(2, 1)=[◤], (1, 1)=[v], (3, 6)=[◥], (1, 6)=[◤], (0, 6)=[◢], (0, 7)=[◥], (8, 0)=[◢, ^, ◣, ^, ◣, ^, ◥, ^, ◣, ^, v, ^, ◥, ^], (7, 3)=[◤], (5, 1)=[>]}
19 Jan 2025 01:13:59 GMT Zwierzę poruszyło się z (3, 6) na (3, 6)
19 Jan 2025 01:13:59 GMT Zwierzę zjadło roślinkę na (7, 3)
19 Jan 2025 01:13:59 GMT Zwierze zostało położone na (8, 0)
19 Jan 2025 01:13:59 GMT Urodziło się nowe zwierzę na (8, 0)
19 Jan 2025 01:13:59 GMT Roślinka wyrosła na (4, 4)
19 Jan 2025 01:13:59 GMT Roślinka wyrosła na (6, 0)
19 Jan 2025 01:13:59 GMT Roślinka wyrosła na (8, 7)
19 Jan 2025 01:13:59 GMT Roślinka wyrosła na (4, 1)
19 Jan 2025 01:13:59 GMT Roślinka wyrosła na (9, 8)
19 Jan 2025 01:13:59 GMT Roślinka wyrosła na (8, 8)
19 Jan 2025 01:13:59 GMT Roślinka wyrosła na (3, 2)
19 Jan 2025 01:13:59 GMT Roślinka wyrosła na (9, 0)
19 Jan 2025 01:13:59 GMT Roślinka wyrosła na (2, 8)
19 Jan 2025 01:13:59 GMT Roślinka wyrosła na (4, 8)
19 Jan 2025 01:14:00 GMT Długość listy pozycji: 9
Lista pozycji zwierząt: {(2, 1)=[◤], (1, 1)=[^], (3, 6)=[◥], (1, 6)=[◤], (0, 6)=[◢], (0, 7)=[◥], (8, 0)=[>, ◢, ^, ◣, ^, ◣, ^, ◥, ^, ◣, ^, v, ^, ◥, ^], (7, 3)=[◤], (5, 1)=[>]}
19 Jan 2025 01:14:00 GMT Zwierzę poruszyło się z (1, 1) na (1, 1)
19 Jan 2025 01:14:00 GMT Długość listy pozycji: 9
Lista pozycji zwierząt: {(2, 1)=[◤], (1, 1)=[^], (3, 6)=[◥], (1, 6)=[◤], (0, 6)=[◢], (0, 7)=[◥], (8, 0)=[>, ◢, ^, ◣, ^, ◣, ^, ◥, ^, ◣, ^, v, ^, ◥, ^], (7, 3)=[◤], (5, 1)=[◤]}
19 Jan 2025 01:14:00 GMT Zwierzę poruszyło się z (5, 1) na (5, 1)
19 Jan 2025 01:14:00 GMT Długość listy pozycji: 9
Lista pozycji zwierząt: {(2, 1)=[◤], (1, 1)=[^], (3, 6)=[◥], (1, 6)=[v], (0, 6)=[◢], (0, 7)=[◥], (8, 0)=[>, ◢, ^, ◣, ^, ◣, ^, ◥, ^, ◣, ^, v, ^, ◥, ^], (7, 3)=[◤], (5, 1)=[◤]}
19 Jan 2025 01:14:00 GMT Zwierzę poruszyło się z (1, 6) na (1, 6)
19 Jan 2025 01:14:00 GMT Długość listy pozycji: 9
Lista pozycji zwierząt: {(2, 1)=[◤], (1, 1)=[^], (3, 6)=[◥], (1, 6)=[v], (0, 6)=[◢], (0, 7)=[◥], (8, 0)=[>, ◢, ^, ◣, ^, ◣, ^, ◥, ^, ◣, ^, v, ^, ◥, ^], (7, 3)=[◤], (5, 1)=[◤]}
19 Jan 2025 01:14:00 GMT Zwierzę poruszyło się z (0, 7) na (0, 7)
19 Jan 2025 01:14:00 GMT Długość listy pozycji: 9
Lista pozycji zwierząt: {(2, 1)=[◤], (1, 1)=[^], (3, 6)=[◥], (1, 6)=[v], (0, 6)=[◢], (0, 7)=[◥], (8, 0)=[>, ◢, ^, ◣, ^, ◣, ^, ◥, ^, ◣, ^, v, ^, ◥, ^], (7, 3)=[◥], (5, 1)=[◤]}
19 Jan 2025 01:14:00 GMT Zwierzę poruszyło się z (7, 3) na (7, 3)
19 Jan 2025 01:14:00 GMT Długość listy pozycji: 9
Lista pozycji zwierząt: {(2, 1)=[◤], (1, 1)=[^], (3, 6)=[◥], (1, 6)=[v], (0, 6)=[◢], (0, 7)=[◥], (8, 0)=[>, ◢, ^, ◣, ^, ◣, ^, ◥, ^, ◣, ^, v, ^, ◥, ^], (7, 3)=[◥], (5, 1)=[◤]}
19 Jan 2025 01:14:00 GMT Zwierzę poruszyło się z (0, 6) na (0, 6)
19 Jan 2025 01:14:00 GMT Długość listy pozycji: 9
Lista pozycji zwierząt: {(2, 1)=[◣], (1, 1)=[^], (3, 6)=[◥], (1, 6)=[v], (0, 6)=[◢], (0, 7)=[◥], (8, 0)=[>, ◢, ^, ◣, ^, ◣, ^, ◥, ^, ◣, ^, v, ^, ◥, ^], (7, 3)=[◥], (5, 1)=[◤]}
19 Jan 2025 01:14:00 GMT Zwierzę poruszyło się z (2, 1) na (2, 1)
19 Jan 2025 01:14:00 GMT Długość listy pozycji: 9
Lista pozycji zwierząt: {(2, 1)=[◣], (1, 1)=[^], (3, 6)=[◥], (1, 6)=[v], (0, 6)=[◢], (0, 7)=[◥], (8, 0)=[>, ^, ◢, ^, ◣, ^, ◣, ^, ◥, ^, ◣, ^, v, ^, ◥, ^], (7, 3)=[◥], (5, 1)=[◤]}
19 Jan 2025 01:14:00 GMT Zwierzę poruszyło się z (8, 0) na (8, 0)
19 Jan 2025 01:14:01 GMT Długość listy pozycji: 9
Lista pozycji zwierząt: {(2, 1)=[◣], (1, 1)=[^], (3, 6)=[◤], (1, 6)=[v], (0, 6)=[◢], (0, 7)=[◥], (8, 0)=[>, ^, ◢, ^, ◣, ^, ◣, ^, ◥, ^, ◣, ^, v, ^, ◥, ^], (7, 3)=[◥], (5, 1)=[◤]}
19 Jan 2025 01:14:01 GMT Zwierzę poruszyło się z (3, 6) na (3, 6)
19 Jan 2025 01:14:01 GMT Zwierze zostało położone na (8, 0)
19 Jan 2025 01:14:01 GMT Urodziło się nowe zwierzę na (8, 0)
19 Jan 2025 01:14:01 GMT Roślinka wyrosła na null
19 Jan 2025 01:14:01 GMT Roślinka wyrosła na null
19 Jan 2025 01:14:01 GMT Roślinka wyrosła na null
19 Jan 2025 01:14:01 GMT Roślinka wyrosła na null
19 Jan 2025 01:14:01 GMT Roślinka wyrosła na null
19 Jan 2025 01:14:01 GMT Roślinka wyrosła na null
19 Jan 2025 01:14:01 GMT Roślinka wyrosła na null
19 Jan 2025 01:14:01 GMT Roślinka wyrosła na null
19 Jan 2025 01:14:01 GMT Roślinka wyrosła na null
19 Jan 2025 01:14:01 GMT Roślinka wyrosła na null
19 Jan 2025 01:14:01 GMT Zwierzę umarło na (8, 0)
19 Jan 2025 01:14:01 GMT Długość listy pozycji: 9
Lista pozycji zwierząt: {(2, 1)=[◣], (1, 1)=[>], (3, 6)=[◤], (1, 6)=[v], (0, 6)=[◢], (0, 7)=[◥], (8, 0)=[>, >, ^, ◢, ^, ◣, ^, ◣, ^, ◥, ^, ◣, ^, v, ^, ◥], (7, 3)=[◥], (5, 1)=[◤]}
19 Jan 2025 01:14:01 GMT Zwierzę poruszyło się z (1, 1) na (1, 1)
19 Jan 2025 01:14:01 GMT Długość listy pozycji: 9
Lista pozycji zwierząt: {(2, 1)=[◣], (1, 1)=[>], (3, 6)=[◤], (1, 6)=[v], (0, 6)=[◢], (0, 7)=[◥], (8, 0)=[>, >, ^, ◢, ^, ◣, ^, ◣, ^, ◥, ^, ◣, ^, v, ^, ◥], (7, 3)=[◥], (5, 1)=[>]}
19 Jan 2025 01:14:01 GMT Zwierzę poruszyło się z (5, 1) na (5, 1)
19 Jan 2025 01:14:01 GMT Długość listy pozycji: 9
Lista pozycji zwierząt: {(2, 1)=[◣], (1, 1)=[>], (3, 6)=[◤], (1, 6)=[<], (0, 6)=[◢], (0, 7)=[◥], (8, 0)=[>, >, ^, ◢, ^, ◣, ^, ◣, ^, ◥, ^, ◣, ^, v, ^, ◥], (7, 3)=[◥], (5, 1)=[>]}
19 Jan 2025 01:14:01 GMT Zwierzę poruszyło się z (1, 6) na (1, 6)
19 Jan 2025 01:14:02 GMT Długość listy pozycji: 9
Lista pozycji zwierząt: {(2, 1)=[◣], (1, 1)=[>], (3, 6)=[◤], (1, 6)=[<], (0, 6)=[◢], (0, 7)=[◢], (8, 0)=[>, >, ^, ◢, ^, ◣, ^, ◣, ^, ◥, ^, ◣, ^, v, ^, ◥], (7, 3)=[◥], (5, 1)=[>]}
19 Jan 2025 01:14:02 GMT Zwierzę poruszyło się z (0, 7) na (0, 7)
19 Jan 2025 01:14:02 GMT Długość listy pozycji: 9
Lista pozycji zwierząt: {(2, 1)=[◣], (1, 1)=[>], (3, 6)=[◤], (1, 6)=[<], (0, 6)=[◢], (0, 7)=[◢], (8, 0)=[>, >, ^, ◢, ^, ◣, ^, ◣, ^, ◥, ^, ◣, ^, v, ^, ◥], (7, 3)=[>], (5, 1)=[>]}
19 Jan 2025 01:14:02 GMT Zwierzę poruszyło się z (7, 3) na (7, 3)
19 Jan 2025 01:14:02 GMT Długość listy pozycji: 9
Lista pozycji zwierząt: {(2, 1)=[◣], (1, 1)=[>], (3, 6)=[◤], (1, 6)=[<], (0, 7)=[◢], (8, 0)=[>, >, ^, ◢, ^, ◣, ^, ◣, ^, ◥, ^, ◣, ^, v, ^, ◥], (7, 3)=[>], (5, 1)=[>], (9, 6)=[<]}
19 Jan 2025 01:14:02 GMT Zwierzę poruszyło się z (0, 6) na (9, 6)
19 Jan 2025 01:14:02 GMT Długość listy pozycji: 9
Lista pozycji zwierząt: {(2, 1)=[<], (1, 1)=[>], (3, 6)=[◤], (1, 6)=[<], (0, 7)=[◢], (8, 0)=[>, >, ^, ◢, ^, ◣, ^, ◣, ^, ◥, ^, ◣, ^, v, ^, ◥], (7, 3)=[>], (5, 1)=[>], (9, 6)=[<]}
19 Jan 2025 01:14:02 GMT Zwierzę poruszyło się z (2, 1) na (2, 1)
19 Jan 2025 01:14:02 GMT Długość listy pozycji: 9
Lista pozycji zwierząt: {(2, 1)=[<], (1, 1)=[>], (3, 6)=[◢], (1, 6)=[<], (0, 7)=[◢], (8, 0)=[>, >, ^, ◢, ^, ◣, ^, ◣, ^, ◥, ^, ◣, ^, v, ^, ◥], (7, 3)=[>], (5, 1)=[>], (9, 6)=[<]}
19 Jan 2025 01:14:02 GMT Zwierzę poruszyło się z (3, 6) na (3, 6)
19 Jan 2025 01:14:02 GMT Zwierze zostało położone na (8, 0)
19 Jan 2025 01:14:02 GMT Urodziło się nowe zwierzę na (8, 0)
19 Jan 2025 01:14:02 GMT Roślinka wyrosła na null
19 Jan 2025 01:14:02 GMT Roślinka wyrosła na null
19 Jan 2025 01:14:02 GMT Roślinka wyrosła na null
19 Jan 2025 01:14:02 GMT Roślinka wyrosła na null
19 Jan 2025 01:14:02 GMT Roślinka wyrosła na null
19 Jan 2025 01:14:02 GMT Roślinka wyrosła na null
19 Jan 2025 01:14:02 GMT Roślinka wyrosła na null
19 Jan 2025 01:14:02 GMT Roślinka wyrosła na null
19 Jan 2025 01:14:02 GMT Roślinka wyrosła na null
19 Jan 2025 01:14:02 GMT Roślinka wyrosła na null
19 Jan 2025 01:14:03 GMT Długość listy pozycji: 9
Lista pozycji zwierząt: {(2, 1)=[<], (1, 1)=[◤], (3, 6)=[◢], (1, 6)=[<], (0, 7)=[◢], (8, 0)=[>, >, >, ^, ◢, ^, ◣, ^, ◣, ^, ◥, ^, ◣, ^, v, ^, ◥], (7, 3)=[>], (5, 1)=[>], (9, 6)=[<]}
19 Jan 2025 01:14:03 GMT Zwierzę poruszyło się z (1, 1) na (1, 1)
19 Jan 2025 01:14:03 GMT Długość listy pozycji: 9
Lista pozycji zwierząt: {(2, 1)=[<], (1, 1)=[◤], (3, 6)=[◢], (1, 6)=[<], (0, 7)=[◢], (8, 0)=[>, >, >, ^, ◢, ^, ◣, ^, ◣, ^, ◥, ^, ◣, ^, v, ^, ◥], (7, 3)=[>], (5, 1)=[<], (9, 6)=[<]}
19 Jan 2025 01:14:03 GMT Zwierzę poruszyło się z (5, 1) na (5, 1)
19 Jan 2025 01:14:03 GMT Długość listy pozycji: 9
Lista pozycji zwierząt: {(2, 1)=[<], (1, 1)=[◤], (3, 6)=[◢], (1, 6)=[v], (0, 7)=[◢], (8, 0)=[>, >, >, ^, ◢, ^, ◣, ^, ◣, ^, ◥, ^, ◣, ^, v, ^, ◥], (7, 3)=[>], (5, 1)=[<], (9, 6)=[<]}
19 Jan 2025 01:14:03 GMT Zwierzę poruszyło się z (1, 6) na (1, 6)
19 Jan 2025 01:14:03 GMT Długość listy pozycji: 9
Lista pozycji zwierząt: {(9, 8)=[◤], (2, 1)=[<], (1, 1)=[◤], (3, 6)=[◢], (1, 6)=[v], (8, 0)=[>, >, >, ^, ◢, ^, ◣, ^, ◣, ^, ◥, ^, ◣, ^, v, ^, ◥], (7, 3)=[>], (5, 1)=[<], (9, 6)=[<]}
19 Jan 2025 01:14:03 GMT Zwierzę poruszyło się z (0, 7) na (9, 8)
19 Jan 2025 01:14:03 GMT Długość listy pozycji: 9
Lista pozycji zwierząt: {(9, 8)=[◤], (2, 1)=[<], (1, 1)=[◤], (3, 6)=[◢], (1, 6)=[v], (8, 0)=[>, >, >, ^, ◢, ^, ◣, ^, ◣, ^, ◥, ^, ◣, ^, v, ^, ◥], (7, 3)=[>], (5, 1)=[<], (9, 6)=[<]}
19 Jan 2025 01:14:03 GMT Zwierzę poruszyło się z (7, 3) na (7, 3)
19 Jan 2025 01:14:03 GMT Długość listy pozycji: 9
Lista pozycji zwierząt: {(9, 8)=[◤], (2, 1)=[<], (1, 1)=[◤], (3, 6)=[◢], (0, 5)=[◢], (1, 6)=[v], (8, 0)=[>, >, >, ^, ◢, ^, ◣, ^, ◣, ^, ◥, ^, ◣, ^, v, ^, ◥], (7, 3)=[>], (5, 1)=[<]}
19 Jan 2025 01:14:03 GMT Zwierzę poruszyło się z (9, 6) na (0, 5)
19 Jan 2025 01:14:03 GMT Długość listy pozycji: 9
Lista pozycji zwierząt: {(9, 8)=[◤], (2, 1)=[◢], (1, 1)=[◤], (3, 6)=[◢], (0, 5)=[◢], (1, 6)=[v], (8, 0)=[>, >, >, ^, ◢, ^, ◣, ^, ◣, ^, ◥, ^, ◣, ^, v, ^, ◥], (7, 3)=[>], (5, 1)=[<]}
19 Jan 2025 01:14:03 GMT Zwierzę poruszyło się z (2, 1) na (2, 1)
19 Jan 2025 01:14:03 GMT Długość listy pozycji: 9
Lista pozycji zwierząt: {(9, 8)=[◤], (2, 1)=[◢], (1, 1)=[◤], (3, 6)=[<], (0, 5)=[◢], (1, 6)=[v], (8, 0)=[>, >, >, ^, ◢, ^, ◣, ^, ◣, ^, ◥, ^, ◣, ^, v, ^, ◥], (7, 3)=[>], (5, 1)=[<]}
19 Jan 2025 01:14:03 GMT Zwierzę poruszyło się z (3, 6) na (3, 6)
19 Jan 2025 01:14:04 GMT Zwierzę zjadło roślinkę na (9, 8)
19 Jan 2025 01:14:04 GMT Zwierzę zjadło roślinkę na (0, 5)
19 Jan 2025 01:14:04 GMT Zwierze zostało położone na (8, 0)
19 Jan 2025 01:14:04 GMT Urodziło się nowe zwierzę na (8, 0)
19 Jan 2025 01:14:04 GMT Roślinka wyrosła na null
19 Jan 2025 01:14:04 GMT Roślinka wyrosła na null
19 Jan 2025 01:14:04 GMT Roślinka wyrosła na null
19 Jan 2025 01:14:04 GMT Roślinka wyrosła na null
19 Jan 2025 01:14:04 GMT Roślinka wyrosła na null
19 Jan 2025 01:14:04 GMT Roślinka wyrosła na null
19 Jan 2025 01:14:04 GMT Roślinka wyrosła na null
19 Jan 2025 01:14:04 GMT Roślinka wyrosła na null
19 Jan 2025 01:14:04 GMT Roślinka wyrosła na null
19 Jan 2025 01:14:04 GMT Roślinka wyrosła na null
19 Jan 2025 01:14:04 GMT Długość listy pozycji: 9
Lista pozycji zwierząt: {(9, 8)=[◤], (2, 1)=[◢], (1, 1)=[◥], (3, 6)=[<], (0, 5)=[◢], (1, 6)=[v], (8, 0)=[<, >, >, >, ^, ◢, ^, ◣, ^, ◣, ^, ◥, ^, ◣, ^, v, ^, ◥], (7, 3)=[>], (5, 1)=[<]}
19 Jan 2025 01:14:04 GMT Zwierzę poruszyło się z (1, 1) na (1, 1)
19 Jan 2025 01:14:04 GMT Długość listy pozycji: 9
Lista pozycji zwierząt: {(9, 8)=[◤], (2, 1)=[◢], (1, 1)=[◥], (3, 6)=[<], (0, 5)=[◢], (1, 6)=[v], (8, 0)=[<, >, >, >, ^, ◢, ^, ◣, ^, ◣, ^, ◥, ^, ◣, ^, v, ^, ◥], (7, 3)=[>], (5, 1)=[^]}
19 Jan 2025 01:14:04 GMT Zwierzę poruszyło się z (5, 1) na (5, 1)
19 Jan 2025 01:14:04 GMT Długość listy pozycji: 9
Lista pozycji zwierząt: {(9, 8)=[◤], (2, 1)=[◢], (1, 1)=[◥], (3, 6)=[<], (0, 5)=[◢], (1, 6)=[>], (8, 0)=[<, >, >, >, ^, ◢, ^, ◣, ^, ◣, ^, ◥, ^, ◣, ^, v, ^, ◥], (7, 3)=[>], (5, 1)=[^]}
19 Jan 2025 01:14:04 GMT Zwierzę poruszyło się z (1, 6) na (1, 6)
19 Jan 2025 01:14:04 GMT Długość listy pozycji: 9
Lista pozycji zwierząt: {(9, 8)=[◤], (2, 1)=[◢], (1, 1)=[◥], (3, 6)=[<], (0, 5)=[◢], (1, 6)=[>], (8, 0)=[<, >, >, >, ^, ◢, ^, ◣, ^, ◣, ^, ◥, ^, ◣, ^, v, ^, ◥], (7, 3)=[>], (5, 1)=[^]}
19 Jan 2025 01:14:04 GMT Zwierzę poruszyło się z (9, 8) na (9, 8)
19 Jan 2025 01:14:05 GMT Długość listy pozycji: 9
Lista pozycji zwierząt: {(9, 8)=[◤], (2, 1)=[◢], (1, 1)=[◥], (3, 6)=[<], (0, 5)=[◢], (1, 6)=[>], (8, 0)=[<, >, >, >, ^, ◢, ^, ◣, ^, ◣, ^, ◥, ^, ◣, ^, v, ^, ◥], (7, 3)=[^], (5, 1)=[^]}
19 Jan 2025 01:14:05 GMT Zwierzę poruszyło się z (7, 3) na (7, 3)
19 Jan 2025 01:14:05 GMT Długość listy pozycji: 9
Lista pozycji zwierząt: {(9, 8)=[◤], (2, 1)=[◢], (1, 1)=[◥], (3, 6)=[<], (0, 5)=[v], (1, 6)=[>], (8, 0)=[<, >, >, >, ^, ◢, ^, ◣, ^, ◣, ^, ◥, ^, ◣, ^, v, ^, ◥], (7, 3)=[^], (5, 1)=[^]}
19 Jan 2025 01:14:05 GMT Zwierzę poruszyło się z (0, 5) na (0, 5)
19 Jan 2025 01:14:05 GMT Długość listy pozycji: 9
Lista pozycji zwierząt: {(9, 8)=[◤], (2, 1)=[^], (1, 1)=[◥], (3, 6)=[<], (0, 5)=[v], (1, 6)=[>], (8, 0)=[<, >, >, >, ^, ◢, ^, ◣, ^, ◣, ^, ◥, ^, ◣, ^, v, ^, ◥], (7, 3)=[^], (5, 1)=[^]}
19 Jan 2025 01:14:05 GMT Zwierzę poruszyło się z (2, 1) na (2, 1)
19 Jan 2025 01:14:05 GMT Długość listy pozycji: 9
Lista pozycji zwierząt: {(9, 8)=[◤], (2, 1)=[^], (1, 1)=[◥], (3, 6)=[<], (0, 5)=[v], (1, 6)=[>], (8, 0)=[<, >, >, >, ^, ◢, ^, ◣, ^, ◣, ^, ◥, ^, ◣, ^, v, ^, ◥], (7, 3)=[^], (5, 1)=[^]}
19 Jan 2025 01:14:05 GMT Zwierzę poruszyło się z (3, 6) na (3, 6)
19 Jan 2025 01:14:05 GMT Zwierze zostało położone na (8, 0)
19 Jan 2025 01:14:05 GMT Urodziło się nowe zwierzę na (8, 0)
19 Jan 2025 01:14:05 GMT Roślinka wyrosła na null
19 Jan 2025 01:14:05 GMT Roślinka wyrosła na null
19 Jan 2025 01:14:05 GMT Roślinka wyrosła na null
19 Jan 2025 01:14:05 GMT Roślinka wyrosła na null
19 Jan 2025 01:14:05 GMT Roślinka wyrosła na null
19 Jan 2025 01:14:05 GMT Roślinka wyrosła na null
19 Jan 2025 01:14:05 GMT Roślinka wyrosła na null
19 Jan 2025 01:14:05 GMT Roślinka wyrosła na null
19 Jan 2025 01:14:05 GMT Roślinka wyrosła na null
19 Jan 2025 01:14:05 GMT Roślinka wyrosła na null
19 Jan 2025 01:14:06 GMT Długość listy pozycji: 9
Lista pozycji zwierząt: {(9, 8)=[◤], (2, 1)=[^], (1, 1)=[◤], (3, 6)=[<], (0, 5)=[v], (1, 6)=[>], (8, 0)=[v, <, >, >, >, ^, ◢, ^, ◣, ^, ◣, ^, ◥, ^, ◣, ^, v, ^, ◥], (7, 3)=[^], (5, 1)=[^]}
19 Jan 2025 01:14:06 GMT Zwierzę poruszyło się z (1, 1) na (1, 1)
19 Jan 2025 01:14:06 GMT Długość listy pozycji: 9
Lista pozycji zwierząt: {(9, 8)=[◤], (2, 1)=[^], (1, 1)=[◤], (3, 6)=[<], (0, 5)=[v], (1, 6)=[>], (8, 0)=[v, <, >, >, >, ^, ◢, ^, ◣, ^, ◣, ^, ◥, ^, ◣, ^, v, ^, ◥], (7, 3)=[^], (5, 1)=[◥]}
19 Jan 2025 01:14:06 GMT Zwierzę poruszyło się z (5, 1) na (5, 1)
19 Jan 2025 01:14:06 GMT Długość listy pozycji: 9
Lista pozycji zwierząt: {(9, 8)=[◤], (2, 1)=[^], (1, 1)=[◤], (3, 6)=[<], (0, 5)=[v], (1, 6)=[v], (8, 0)=[v, <, >, >, >, ^, ◢, ^, ◣, ^, ◣, ^, ◥, ^, ◣, ^, v, ^, ◥], (7, 3)=[^], (5, 1)=[◥]}
19 Jan 2025 01:14:06 GMT Zwierzę poruszyło się z (1, 6) na (1, 6)
19 Jan 2025 01:14:06 GMT Długość listy pozycji: 9
Lista pozycji zwierząt: {(9, 8)=[v], (2, 1)=[^], (1, 1)=[◤], (3, 6)=[<], (0, 5)=[v], (1, 6)=[v], (8, 0)=[v, <, >, >, >, ^, ◢, ^, ◣, ^, ◣, ^, ◥, ^, ◣, ^, v, ^, ◥], (7, 3)=[^], (5, 1)=[◥]}
19 Jan 2025 01:14:06 GMT Zwierzę poruszyło się z (9, 8) na (9, 8)
19 Jan 2025 01:14:06 GMT Długość listy pozycji: 9
Lista pozycji zwierząt: {(9, 8)=[v], (2, 1)=[^], (1, 1)=[◤], (3, 6)=[<], (0, 5)=[v], (1, 6)=[v], (8, 0)=[v, <, >, >, >, ^, ◢, ^, ◣, ^, ◣, ^, ◥, ^, ◣, ^, v, ^, ◥], (7, 3)=[◢], (5, 1)=[◥]}
19 Jan 2025 01:14:06 GMT Zwierzę poruszyło się z (7, 3) na (7, 3)
19 Jan 2025 01:14:06 GMT Długość listy pozycji: 9
Lista pozycji zwierząt: {(9, 8)=[v], (2, 1)=[^], (1, 1)=[◤], (3, 6)=[<], (0, 5)=[◢], (1, 6)=[v], (8, 0)=[v, <, >, >, >, ^, ◢, ^, ◣, ^, ◣, ^, ◥, ^, ◣, ^, v, ^, ◥], (7, 3)=[◢], (5, 1)=[◥]}
19 Jan 2025 01:14:06 GMT Zwierzę poruszyło się z (0, 5) na (0, 5)
19 Jan 2025 01:14:06 GMT Długość listy pozycji: 9
Lista pozycji zwierząt: {(9, 8)=[v], (2, 1)=[v], (1, 1)=[◤], (3, 6)=[<], (0, 5)=[◢], (1, 6)=[v], (8, 0)=[v, <, >, >, >, ^, ◢, ^, ◣, ^, ◣, ^, ◥, ^, ◣, ^, v, ^, ◥], (7, 3)=[◢], (5, 1)=[◥]}
19 Jan 2025 01:14:06 GMT Zwierzę poruszyło się z (2, 1) na (2, 1)
19 Jan 2025 01:14:06 GMT Długość listy pozycji: 9
Lista pozycji zwierząt: {(9, 8)=[v], (2, 1)=[v], (1, 1)=[◤], (3, 6)=[v], (0, 5)=[◢], (1, 6)=[v], (8, 0)=[v, <, >, >, >, ^, ◢, ^, ◣, ^, ◣, ^, ◥, ^, ◣, ^, v, ^, ◥], (7, 3)=[◢], (5, 1)=[◥]}
19 Jan 2025 01:14:06 GMT Zwierzę poruszyło się z (3, 6) na (3, 6)
19 Jan 2025 01:14:07 GMT Zwierze zostało położone na (8, 0)
19 Jan 2025 01:14:07 GMT Urodziło się nowe zwierzę na (8, 0)
19 Jan 2025 01:14:07 GMT Roślinka wyrosła na null
19 Jan 2025 01:14:07 GMT Roślinka wyrosła na null
19 Jan 2025 01:14:07 GMT Roślinka wyrosła na null
19 Jan 2025 01:14:07 GMT Roślinka wyrosła na null
19 Jan 2025 01:14:07 GMT Roślinka wyrosła na null
19 Jan 2025 01:14:07 GMT Roślinka wyrosła na null
19 Jan 2025 01:14:07 GMT Roślinka wyrosła na null
19 Jan 2025 01:14:07 GMT Roślinka wyrosła na null
19 Jan 2025 01:14:07 GMT Roślinka wyrosła na null
19 Jan 2025 01:14:07 GMT Roślinka wyrosła na null
19 Jan 2025 01:14:07 GMT Długość listy pozycji: 9
Lista pozycji zwierząt: {(9, 8)=[v], (2, 1)=[v], (1, 1)=[>], (3, 6)=[v], (0, 5)=[◢], (1, 6)=[v], (8, 0)=[◥, v, <, >, >, >, ^, ◢, ^, ◣, ^, ◣, ^, ◥, ^, ◣, ^, v, ^, ◥], (7, 3)=[◢], (5, 1)=[◥]}
19 Jan 2025 01:14:07 GMT Zwierzę poruszyło się z (1, 1) na (1, 1)
19 Jan 2025 01:14:07 GMT Długość listy pozycji: 9
Lista pozycji zwierząt: {(9, 8)=[v], (2, 1)=[v], (1, 1)=[>], (3, 6)=[v], (0, 5)=[◢], (1, 6)=[v], (8, 0)=[◥, v, <, >, >, >, ^, ◢, ^, ◣, ^, ◣, ^, ◥, ^, ◣, ^, v, ^, ◥], (7, 3)=[◢], (5, 1)=[<]}
19 Jan 2025 01:14:07 GMT Zwierzę poruszyło się z (5, 1) na (5, 1)
19 Jan 2025 01:14:07 GMT Długość listy pozycji: 9
Lista pozycji zwierząt: {(9, 8)=[v], (2, 1)=[v], (1, 1)=[>], (3, 6)=[v], (0, 5)=[◢], (1, 6)=[v], (8, 0)=[◥, v, <, >, >, >, ^, ◢, ^, ◣, ^, ◣, ^, ◥, ^, ◣, ^, v, ^, ◥], (7, 3)=[◢], (5, 1)=[<]}
19 Jan 2025 01:14:07 GMT Zwierzę poruszyło się z (1, 6) na (1, 6)
19 Jan 2025 01:14:07 GMT Długość listy pozycji: 9
Lista pozycji zwierząt: {(9, 8)=[<], (2, 1)=[v], (1, 1)=[>], (3, 6)=[v], (0, 5)=[◢], (1, 6)=[v], (8, 0)=[◥, v, <, >, >, >, ^, ◢, ^, ◣, ^, ◣, ^, ◥, ^, ◣, ^, v, ^, ◥], (7, 3)=[◢], (5, 1)=[<]}
19 Jan 2025 01:14:07 GMT Zwierzę poruszyło się z (9, 8) na (9, 8)
19 Jan 2025 01:14:07 GMT Długość listy pozycji: 9
Lista pozycji zwierząt: {(9, 8)=[<], (2, 1)=[v], (1, 1)=[>], (3, 6)=[v], (0, 5)=[◢], (1, 6)=[v], (8, 0)=[◥, v, <, >, >, >, ^, ◢, ^, ◣, ^, ◣, ^, ◥, ^, ◣, ^, v, ^, ◥], (7, 3)=[◣], (5, 1)=[<]}
19 Jan 2025 01:14:07 GMT Zwierzę poruszyło się z (7, 3) na (7, 3)
19 Jan 2025 01:14:08 GMT Długość listy pozycji: 9
Lista pozycji zwierząt: {(9, 8)=[<], (2, 1)=[v], (1, 1)=[>], (3, 6)=[v], (1, 6)=[v], (8, 0)=[◥, v, <, >, >, >, ^, ◢, ^, ◣, ^, ◣, ^, ◥, ^, ◣, ^, v, ^, ◥], (7, 3)=[◣], (5, 1)=[<], (9, 6)=[◤]}
19 Jan 2025 01:14:08 GMT Zwierzę poruszyło się z (0, 5) na (9, 6)
19 Jan 2025 01:14:08 GMT Długość listy pozycji: 9
Lista pozycji zwierząt: {(9, 8)=[<], (2, 1)=[◤], (1, 1)=[>], (3, 6)=[v], (1, 6)=[v], (8, 0)=[◥, v, <, >, >, >, ^, ◢, ^, ◣, ^, ◣, ^, ◥, ^, ◣, ^, v, ^, ◥], (7, 3)=[◣], (5, 1)=[<], (9, 6)=[◤]}
19 Jan 2025 01:14:08 GMT Zwierzę poruszyło się z (2, 1) na (2, 1)
19 Jan 2025 01:14:08 GMT Długość listy pozycji: 9
Lista pozycji zwierząt: {(9, 8)=[<], (2, 1)=[◤], (1, 1)=[>], (3, 6)=[>], (1, 6)=[v], (8, 0)=[◥, v, <, >, >, >, ^, ◢, ^, ◣, ^, ◣, ^, ◥, ^, ◣, ^, v, ^, ◥], (7, 3)=[◣], (5, 1)=[<], (9, 6)=[◤]}
19 Jan 2025 01:14:08 GMT Zwierzę poruszyło się z (3, 6) na (3, 6)
19 Jan 2025 01:14:08 GMT Zwierze zostało położone na (8, 0)
19 Jan 2025 01:14:08 GMT Urodziło się nowe zwierzę na (8, 0)
19 Jan 2025 01:14:08 GMT Roślinka wyrosła na null
19 Jan 2025 01:14:08 GMT Roślinka wyrosła na null
19 Jan 2025 01:14:08 GMT Roślinka wyrosła na null
19 Jan 2025 01:14:08 GMT Roślinka wyrosła na null
19 Jan 2025 01:14:08 GMT Roślinka wyrosła na null
19 Jan 2025 01:14:08 GMT Roślinka wyrosła na null
19 Jan 2025 01:14:08 GMT Roślinka wyrosła na null
19 Jan 2025 01:14:08 GMT Roślinka wyrosła na null
19 Jan 2025 01:14:08 GMT Roślinka wyrosła na null
19 Jan 2025 01:14:08 GMT Roślinka wyrosła na null
19 Jan 2025 01:14:08 GMT Długość listy pozycji: 9
Lista pozycji zwierząt: {(9, 8)=[<], (2, 1)=[◤], (1, 1)=[^], (3, 6)=[>], (1, 6)=[v], (8, 0)=[v, ◥, v, <, >, >, >, ^, ◢, ^, ◣, ^, ◣, ^, ◥, ^, ◣, ^, v, ^, ◥], (7, 3)=[◣], (5, 1)=[<], (9, 6)=[◤]}
19 Jan 2025 01:14:08 GMT Zwierzę poruszyło się z (1, 1) na (1, 1)
19 Jan 2025 01:14:09 GMT Długość listy pozycji: 9
Lista pozycji zwierząt: {(9, 8)=[<], (2, 1)=[◤], (1, 1)=[^], (3, 6)=[>], (1, 6)=[v], (8, 0)=[v, ◥, v, <, >, >, >, ^, ◢, ^, ◣, ^, ◣, ^, ◥, ^, ◣, ^, v, ^, ◥], (7, 3)=[◣], (5, 1)=[<], (9, 6)=[◤]}
19 Jan 2025 01:14:09 GMT Zwierzę poruszyło się z (5, 1) na (5, 1)
19 Jan 2025 01:14:09 GMT Długość listy pozycji: 9
Lista pozycji zwierząt: {(9, 8)=[<], (2, 1)=[◤], (1, 1)=[^], (3, 6)=[>], (1, 6)=[<], (8, 0)=[v, ◥, v, <, >, >, >, ^, ◢, ^, ◣, ^, ◣, ^, ◥, ^, ◣, ^, v, ^, ◥], (7, 3)=[◣], (5, 1)=[<], (9, 6)=[◤]}
19 Jan 2025 01:14:09 GMT Zwierzę poruszyło się z (1, 6) na (1, 6)
19 Jan 2025 01:14:09 GMT Długość listy pozycji: 9
Lista pozycji zwierząt: {(2, 1)=[◤], (1, 1)=[^], (3, 6)=[>], (1, 6)=[<], (8, 0)=[v, ◥, v, <, >, >, >, ^, ◢, ^, ◣, ^, ◣, ^, ◥, ^, ◣, ^, v, ^, ◥], (0, 9)=[◥], (7, 3)=[◣], (5, 1)=[<], (9, 6)=[◤]}
19 Jan 2025 01:14:09 GMT Zwierzę poruszyło się z (9, 8) na (0, 9)
19 Jan 2025 01:14:09 GMT Długość listy pozycji: 9
Lista pozycji zwierząt: {(2, 1)=[◤], (1, 1)=[^], (3, 6)=[>], (1, 6)=[<], (8, 0)=[v, ◥, v, <, >, >, >, ^, ◢, ^, ◣, ^, ◣, ^, ◥, ^, ◣, ^, v, ^, ◥], (0, 9)=[◥], (7, 3)=[◢], (5, 1)=[<], (9, 6)=[◤]}
19 Jan 2025 01:14:09 GMT Zwierzę poruszyło się z (7, 3) na (7, 3)
19 Jan 2025 01:14:09 GMT Długość listy pozycji: 9
Lista pozycji zwierząt: {(2, 1)=[◤], (1, 1)=[^], (3, 6)=[>], (1, 6)=[<], (0, 7)=[◥], (8, 0)=[v, ◥, v, <, >, >, >, ^, ◢, ^, ◣, ^, ◣, ^, ◥, ^, ◣, ^, v, ^, ◥], (0, 9)=[◥], (7, 3)=[◢], (5, 1)=[<]}
19 Jan 2025 01:14:09 GMT Zwierzę poruszyło się z (9, 6) na (0, 7)
19 Jan 2025 01:14:09 GMT Długość listy pozycji: 9
Lista pozycji zwierząt: {(2, 1)=[^], (1, 1)=[^], (3, 6)=[>], (1, 6)=[<], (0, 7)=[◥], (8, 0)=[v, ◥, v, <, >, >, >, ^, ◢, ^, ◣, ^, ◣, ^, ◥, ^, ◣, ^, v, ^, ◥], (0, 9)=[◥], (7, 3)=[◢], (5, 1)=[<]}
19 Jan 2025 01:14:09 GMT Zwierzę poruszyło się z (2, 1) na (2, 1)
19 Jan 2025 01:14:09 GMT Długość listy pozycji: 9
Lista pozycji zwierząt: {(2, 1)=[^], (1, 1)=[^], (3, 6)=[v], (1, 6)=[<], (0, 7)=[◥], (8, 0)=[v, ◥, v, <, >, >, >, ^, ◢, ^, ◣, ^, ◣, ^, ◥, ^, ◣, ^, v, ^, ◥], (0, 9)=[◥], (7, 3)=[◢], (5, 1)=[<]}
19 Jan 2025 01:14:09 GMT Zwierzę poruszyło się z (3, 6) na (3, 6)
19 Jan 2025 01:14:09 GMT Zwierzę zjadło roślinkę na (0, 9)
19 Jan 2025 01:14:09 GMT Zwierze zostało położone na (8, 0)
19 Jan 2025 01:14:09 GMT Urodziło się nowe zwierzę na (8, 0)
19 Jan 2025 01:14:10 GMT Roślinka wyrosła na null
19 Jan 2025 01:14:10 GMT Roślinka wyrosła na null
19 Jan 2025 01:14:10 GMT Roślinka wyrosła na null
19 Jan 2025 01:14:10 GMT Roślinka wyrosła na null
19 Jan 2025 01:14:10 GMT Roślinka wyrosła na null
19 Jan 2025 01:14:10 GMT Roślinka wyrosła na null
19 Jan 2025 01:14:10 GMT Roślinka wyrosła na null
19 Jan 2025 01:14:10 GMT Roślinka wyrosła na null
19 Jan 2025 01:14:10 GMT Roślinka wyrosła na null
19 Jan 2025 01:14:10 GMT Roślinka wyrosła na null
19 Jan 2025 01:14:10 GMT Długość listy pozycji: 9
Lista pozycji zwierząt: {(2, 1)=[^], (1, 1)=[<], (3, 6)=[v], (1, 6)=[<], (0, 7)=[◥], (8, 0)=[v, v, ◥, v, <, >, >, >, ^, ◢, ^, ◣, ^, ◣, ^, ◥, ^, ◣, ^, v, ^, ◥], (0, 9)=[◥], (7, 3)=[◢], (5, 1)=[<]}
19 Jan 2025 01:14:10 GMT Zwierzę poruszyło się z (1, 1) na (1, 1)
19 Jan 2025 01:14:10 GMT Długość listy pozycji: 9
Lista pozycji zwierząt: {(2, 1)=[^], (1, 1)=[<], (3, 6)=[v], (1, 6)=[<], (0, 7)=[◥], (8, 0)=[v, v, ◥, v, <, >, >, >, ^, ◢, ^, ◣, ^, ◣, ^, ◥, ^, ◣, ^, v, ^, ◥], (0, 9)=[◥], (7, 3)=[◢], (5, 1)=[◢]}
19 Jan 2025 01:14:10 GMT Zwierzę poruszyło się z (5, 1) na (5, 1)
19 Jan 2025 01:14:10 GMT Długość listy pozycji: 9
Lista pozycji zwierząt: {(2, 1)=[^], (1, 1)=[<], (3, 6)=[v], (1, 6)=[^], (0, 7)=[◥], (8, 0)=[v, v, ◥, v, <, >, >, >, ^, ◢, ^, ◣, ^, ◣, ^, ◥, ^, ◣, ^, v, ^, ◥], (0, 9)=[◥], (7, 3)=[◢], (5, 1)=[◢]}
19 Jan 2025 01:14:10 GMT Zwierzę poruszyło się z (1, 6) na (1, 6)
19 Jan 2025 01:14:10 GMT Długość listy pozycji: 9
Lista pozycji zwierząt: {(2, 1)=[^], (1, 1)=[<], (3, 6)=[v], (1, 6)=[^], (0, 7)=[◥], (8, 0)=[v, v, ◥, v, <, >, >, >, ^, ◢, ^, ◣, ^, ◣, ^, ◥, ^, ◣, ^, v, ^, ◥], (0, 9)=[v], (7, 3)=[◢], (5, 1)=[◢]}
19 Jan 2025 01:14:10 GMT Zwierzę poruszyło się z (0, 9) na (0, 9)
19 Jan 2025 01:14:10 GMT Długość listy pozycji: 9
Lista pozycji zwierząt: {(2, 1)=[^], (1, 1)=[<], (3, 6)=[v], (1, 6)=[^], (0, 7)=[◥], (8, 0)=[v, v, ◥, v, <, >, >, >, ^, ◢, ^, ◣, ^, ◣, ^, ◥, ^, ◣, ^, v, ^, ◥], (0, 9)=[v], (7, 3)=[◣], (5, 1)=[◢]}
19 Jan 2025 01:14:10 GMT Zwierzę poruszyło się z (7, 3) na (7, 3)
19 Jan 2025 01:14:10 GMT Długość listy pozycji: 9
Lista pozycji zwierząt: {(2, 1)=[^], (1, 1)=[<], (3, 6)=[v], (1, 6)=[^], (0, 7)=[>], (8, 0)=[v, v, ◥, v, <, >, >, >, ^, ◢, ^, ◣, ^, ◣, ^, ◥, ^, ◣, ^, v, ^, ◥], (0, 9)=[v], (7, 3)=[◣], (5, 1)=[◢]}
19 Jan 2025 01:14:10 GMT Zwierzę poruszyło się z (0, 7) na (0, 7)
19 Jan 2025 01:14:10 GMT Długość listy pozycji: 9
Lista pozycji zwierząt: {(2, 1)=[^], (1, 1)=[<], (3, 6)=[v], (1, 6)=[^], (0, 7)=[>], (8, 0)=[v, v, ◥, v, <, >, >, >, ^, ◢, ^, ◣, ^, ◣, ^, ◥, ^, ◣, ^, v, ^, ◥], (0, 9)=[v], (7, 3)=[◣], (5, 1)=[◢]}
19 Jan 2025 01:14:10 GMT Zwierzę poruszyło się z (2, 1) na (2, 1)
19 Jan 2025 01:14:11 GMT Długość listy pozycji: 9
Lista pozycji zwierząt: {(2, 1)=[^], (1, 1)=[<], (3, 6)=[^], (1, 6)=[^], (0, 7)=[>], (8, 0)=[v, v, ◥, v, <, >, >, >, ^, ◢, ^, ◣, ^, ◣, ^, ◥, ^, ◣, ^, v, ^, ◥], (0, 9)=[v], (7, 3)=[◣], (5, 1)=[◢]}
19 Jan 2025 01:14:11 GMT Zwierzę poruszyło się z (3, 6) na (3, 6)
19 Jan 2025 01:14:11 GMT Zwierze zostało położone na (8, 0)
19 Jan 2025 01:14:11 GMT Urodziło się nowe zwierzę na (8, 0)
19 Jan 2025 01:14:11 GMT Roślinka wyrosła na null
19 Jan 2025 01:14:11 GMT Roślinka wyrosła na null
19 Jan 2025 01:14:11 GMT Roślinka wyrosła na null
19 Jan 2025 01:14:11 GMT Roślinka wyrosła na null
19 Jan 2025 01:14:11 GMT Roślinka wyrosła na null
19 Jan 2025 01:14:11 GMT Roślinka wyrosła na null
19 Jan 2025 01:14:11 GMT Roślinka wyrosła na null
19 Jan 2025 01:14:11 GMT Roślinka wyrosła na null
19 Jan 2025 01:14:11 GMT Roślinka wyrosła na null
19 Jan 2025 01:14:11 GMT Roślinka wyrosła na null
19 Jan 2025 01:14:11 GMT Długość listy pozycji: 9
Lista pozycji zwierząt: {(2, 1)=[^], (1, 1)=[>], (3, 6)=[^], (1, 6)=[^], (0, 7)=[>], (8, 0)=[◣, v, v, ◥, v, <, >, >, >, ^, ◢, ^, ◣, ^, ◣, ^, ◥, ^, ◣, ^, v, ^, ◥], (0, 9)=[v], (7, 3)=[◣], (5, 1)=[◢]}
19 Jan 2025 01:14:11 GMT Zwierzę poruszyło się z (1, 1) na (1, 1)
19 Jan 2025 01:14:11 GMT Długość listy pozycji: 9
Lista pozycji zwierząt: {(2, 1)=[^], (1, 1)=[>], (3, 6)=[^], (1, 6)=[^], (0, 7)=[>], (8, 0)=[◣, v, v, ◥, v, <, >, >, >, ^, ◢, ^, ◣, ^, ◣, ^, ◥, ^, ◣, ^, v, ^, ◥], (0, 9)=[v], (7, 3)=[◣], (5, 1)=[◥]}
19 Jan 2025 01:14:11 GMT Zwierzę poruszyło się z (5, 1) na (5, 1)
19 Jan 2025 01:14:11 GMT Długość listy pozycji: 9
Lista pozycji zwierząt: {(2, 1)=[^], (1, 1)=[>], (3, 6)=[^], (1, 6)=[◢], (0, 7)=[>], (8, 0)=[◣, v, v, ◥, v, <, >, >, >, ^, ◢, ^, ◣, ^, ◣, ^, ◥, ^, ◣, ^, v, ^, ◥], (0, 9)=[v], (7, 3)=[◣], (5, 1)=[◥]}
19 Jan 2025 01:14:11 GMT Zwierzę poruszyło się z (1, 6) na (1, 6)
19 Jan 2025 01:14:12 GMT Długość listy pozycji: 9
Lista pozycji zwierząt: {(9, 8)=[◣], (2, 1)=[^], (1, 1)=[>], (3, 6)=[^], (1, 6)=[◢], (0, 7)=[>], (8, 0)=[◣, v, v, ◥, v, <, >, >, >, ^, ◢, ^, ◣, ^, ◣, ^, ◥, ^, ◣, ^, v, ^, ◥], (7, 3)=[◣], (5, 1)=[◥]}
19 Jan 2025 01:14:12 GMT Zwierzę poruszyło się z (0, 9) na (9, 8)
19 Jan 2025 01:14:12 GMT Długość listy pozycji: 9
Lista pozycji zwierząt: {(9, 8)=[◣], (2, 1)=[^], (1, 1)=[>], (3, 6)=[^], (1, 6)=[◢], (0, 7)=[>], (8, 0)=[◣, v, v, ◥, v, <, >, >, >, ^, ◢, ^, ◣, ^, ◣, ^, ◥, ^, ◣, ^, v, ^, ◥], (7, 3)=[◥], (5, 1)=[◥]}
19 Jan 2025 01:14:12 GMT Zwierzę poruszyło się z (7, 3) na (7, 3)
19 Jan 2025 01:14:12 GMT Długość listy pozycji: 9
Lista pozycji zwierząt: {(9, 8)=[◣], (2, 1)=[^], (1, 1)=[>], (3, 6)=[^], (1, 6)=[◢], (0, 7)=[^], (8, 0)=[◣, v, v, ◥, v, <, >, >, >, ^, ◢, ^, ◣, ^, ◣, ^, ◥, ^, ◣, ^, v, ^, ◥], (7, 3)=[◥], (5, 1)=[◥]}
19 Jan 2025 01:14:12 GMT Zwierzę poruszyło się z (0, 7) na (0, 7)
19 Jan 2025 01:14:12 GMT Długość listy pozycji: 9
Lista pozycji zwierząt: {(9, 8)=[◣], (2, 1)=[>], (1, 1)=[>], (3, 6)=[^], (1, 6)=[◢], (0, 7)=[^], (8, 0)=[◣, v, v, ◥, v, <, >, >, >, ^, ◢, ^, ◣, ^, ◣, ^, ◥, ^, ◣, ^, v, ^, ◥], (7, 3)=[◥], (5, 1)=[◥]}
19 Jan 2025 01:14:12 GMT Zwierzę poruszyło się z (2, 1) na (2, 1)
19 Jan 2025 01:14:12 GMT Długość listy pozycji: 9
Lista pozycji zwierząt: {(9, 8)=[◣], (2, 1)=[>], (1, 1)=[>], (3, 6)=[◢], (1, 6)=[◢], (0, 7)=[^], (8, 0)=[◣, v, v, ◥, v, <, >, >, >, ^, ◢, ^, ◣, ^, ◣, ^, ◥, ^, ◣, ^, v, ^, ◥], (7, 3)=[◥], (5, 1)=[◥]}
19 Jan 2025 01:14:12 GMT Zwierzę poruszyło się z (3, 6) na (3, 6)
19 Jan 2025 01:14:12 GMT Zwierze zostało położone na (8, 0)
19 Jan 2025 01:14:12 GMT Urodziło się nowe zwierzę na (8, 0)
19 Jan 2025 01:14:12 GMT Roślinka wyrosła na null
19 Jan 2025 01:14:12 GMT Roślinka wyrosła na null
19 Jan 2025 01:14:12 GMT Roślinka wyrosła na null
19 Jan 2025 01:14:12 GMT Roślinka wyrosła na null
19 Jan 2025 01:14:12 GMT Roślinka wyrosła na null
19 Jan 2025 01:14:12 GMT Roślinka wyrosła na null
19 Jan 2025 01:14:12 GMT Roślinka wyrosła na null
19 Jan 2025 01:14:12 GMT Roślinka wyrosła na null
19 Jan 2025 01:14:12 GMT Roślinka wyrosła na null
19 Jan 2025 01:14:12 GMT Roślinka wyrosła na null
19 Jan 2025 01:14:13 GMT Długość listy pozycji: 9
Lista pozycji zwierząt: {(9, 8)=[◣], (2, 1)=[>], (1, 1)=[>], (3, 6)=[◢], (1, 6)=[◢], (0, 7)=[^], (8, 0)=[v, ◣, v, v, ◥, v, <, >, >, >, ^, ◢, ^, ◣, ^, ◣, ^, ◥, ^, ◣, ^, v, ^, ◥], (7, 3)=[◥], (5, 1)=[◥]}
19 Jan 2025 01:14:13 GMT Zwierzę poruszyło się z (1, 1) na (1, 1)
19 Jan 2025 01:14:13 GMT Długość listy pozycji: 9
Lista pozycji zwierząt: {(9, 8)=[◣], (2, 1)=[>], (1, 1)=[>], (3, 6)=[◢], (1, 6)=[◢], (0, 7)=[^], (8, 0)=[v, ◣, v, v, ◥, v, <, >, >, >, ^, ◢, ^, ◣, ^, ◣, ^, ◥, ^, ◣, ^, v, ^, ◥], (7, 3)=[◥], (5, 1)=[<]}
19 Jan 2025 01:14:13 GMT Zwierzę poruszyło się z (5, 1) na (5, 1)
19 Jan 2025 01:14:13 GMT Długość listy pozycji: 9
Lista pozycji zwierząt: {(9, 8)=[◣], (2, 1)=[>], (1, 1)=[>], (3, 6)=[◢], (1, 6)=[◥], (0, 7)=[^], (8, 0)=[v, ◣, v, v, ◥, v, <, >, >, >, ^, ◢, ^, ◣, ^, ◣, ^, ◥, ^, ◣, ^, v, ^, ◥], (7, 3)=[◥], (5, 1)=[<]}
19 Jan 2025 01:14:13 GMT Zwierzę poruszyło się z (1, 6) na (1, 6)
19 Jan 2025 01:14:13 GMT Długość listy pozycji: 9
Lista pozycji zwierząt: {(9, 8)=[^], (2, 1)=[>], (1, 1)=[>], (3, 6)=[◢], (1, 6)=[◥], (0, 7)=[^], (8, 0)=[v, ◣, v, v, ◥, v, <, >, >, >, ^, ◢, ^, ◣, ^, ◣, ^, ◥, ^, ◣, ^, v, ^, ◥], (7, 3)=[◥], (5, 1)=[<]}
19 Jan 2025 01:14:13 GMT Zwierzę poruszyło się z (9, 8) na (9, 8)
19 Jan 2025 01:14:13 GMT Długość listy pozycji: 9
Lista pozycji zwierząt: {(9, 8)=[^], (2, 1)=[>], (1, 1)=[>], (3, 6)=[◢], (1, 6)=[◥], (0, 7)=[^], (8, 0)=[v, ◣, v, v, ◥, v, <, >, >, >, ^, ◢, ^, ◣, ^, ◣, ^, ◥, ^, ◣, ^, v, ^, ◥], (7, 3)=[◤], (5, 1)=[<]}
19 Jan 2025 01:14:13 GMT Zwierzę poruszyło się z (7, 3) na (7, 3)
19 Jan 2025 01:14:13 GMT Długość listy pozycji: 9
Lista pozycji zwierząt: {(9, 8)=[^], (2, 1)=[>], (1, 1)=[>], (3, 6)=[◢], (1, 6)=[◥], (0, 7)=[◢], (8, 0)=[v, ◣, v, v, ◥, v, <, >, >, >, ^, ◢, ^, ◣, ^, ◣, ^, ◥, ^, ◣, ^, v, ^, ◥], (7, 3)=[◤], (5, 1)=[<]}
19 Jan 2025 01:14:13 GMT Zwierzę poruszyło się z (0, 7) na (0, 7)
19 Jan 2025 01:14:13 GMT Długość listy pozycji: 9
Lista pozycji zwierząt: {(9, 8)=[^], (2, 1)=[◢], (1, 1)=[>], (3, 6)=[◢], (1, 6)=[◥], (0, 7)=[◢], (8, 0)=[v, ◣, v, v, ◥, v, <, >, >, >, ^, ◢, ^, ◣, ^, ◣, ^, ◥, ^, ◣, ^, v, ^, ◥], (7, 3)=[◤], (5, 1)=[<]}
19 Jan 2025 01:14:13 GMT Zwierzę poruszyło się z (2, 1) na (2, 1)
19 Jan 2025 01:14:13 GMT Długość listy pozycji: 9
Lista pozycji zwierząt: {(9, 8)=[^], (2, 1)=[◢], (1, 1)=[>], (3, 6)=[v], (1, 6)=[◥], (0, 7)=[◢], (8, 0)=[v, ◣, v, v, ◥, v, <, >, >, >, ^, ◢, ^, ◣, ^, ◣, ^, ◥, ^, ◣, ^, v, ^, ◥], (7, 3)=[◤], (5, 1)=[<]}
19 Jan 2025 01:14:13 GMT Zwierzę poruszyło się z (3, 6) na (3, 6)
19 Jan 2025 01:14:14 GMT Zwierze zostało położone na (8, 0)
19 Jan 2025 01:14:14 GMT Urodziło się nowe zwierzę na (8, 0)
19 Jan 2025 01:14:14 GMT Roślinka wyrosła na null
19 Jan 2025 01:14:14 GMT Roślinka wyrosła na null
19 Jan 2025 01:14:14 GMT Roślinka wyrosła na null
19 Jan 2025 01:14:14 GMT Roślinka wyrosła na null
19 Jan 2025 01:14:14 GMT Roślinka wyrosła na null
19 Jan 2025 01:14:14 GMT Roślinka wyrosła na null
19 Jan 2025 01:14:14 GMT Roślinka wyrosła na null
19 Jan 2025 01:14:14 GMT Roślinka wyrosła na null
19 Jan 2025 01:14:14 GMT Roślinka wyrosła na null
19 Jan 2025 01:14:14 GMT Roślinka wyrosła na null
19 Jan 2025 01:14:14 GMT Długość listy pozycji: 9
Lista pozycji zwierząt: {(9, 8)=[^], (2, 1)=[◢], (1, 1)=[<], (3, 6)=[v], (1, 6)=[◥], (0, 7)=[◢], (8, 0)=[◢, v, ◣, v, v, ◥, v, <, >, >, >, ^, ◢, ^, ◣, ^, ◣, ^, ◥, ^, ◣, ^, v, ^, ◥], (7, 3)=[◤], (5, 1)=[<]}
19 Jan 2025 01:14:14 GMT Zwierzę poruszyło się z (1, 1) na (1, 1)
19 Jan 2025 01:14:14 GMT Długość listy pozycji: 9
Lista pozycji zwierząt: {(9, 8)=[^], (2, 1)=[◢], (1, 1)=[<], (3, 6)=[v], (1, 6)=[◥], (0, 7)=[◢], (8, 0)=[◢, v, ◣, v, v, ◥, v, <, >, >, >, ^, ◢, ^, ◣, ^, ◣, ^, ◥, ^, ◣, ^, v, ^, ◥], (7, 3)=[◤], (5, 1)=[◢]}
19 Jan 2025 01:14:14 GMT Zwierzę poruszyło się z (5, 1) na (5, 1)
19 Jan 2025 01:14:14 GMT Długość listy pozycji: 9
Lista pozycji zwierząt: {(9, 8)=[^], (2, 1)=[◢], (1, 1)=[<], (3, 6)=[v], (1, 6)=[<], (0, 7)=[◢], (8, 0)=[◢, v, ◣, v, v, ◥, v, <, >, >, >, ^, ◢, ^, ◣, ^, ◣, ^, ◥, ^, ◣, ^, v, ^, ◥], (7, 3)=[◤], (5, 1)=[◢]}
19 Jan 2025 01:14:14 GMT Zwierzę poruszyło się z (1, 6) na (1, 6)
19 Jan 2025 01:14:14 GMT Długość listy pozycji: 9
Lista pozycji zwierząt: {(9, 8)=[^], (2, 1)=[◢], (1, 1)=[<], (3, 6)=[v], (1, 6)=[<], (0, 7)=[◢], (8, 0)=[◢, v, ◣, v, v, ◥, v, <, >, >, >, ^, ◢, ^, ◣, ^, ◣, ^, ◥, ^, ◣, ^, v, ^, ◥], (7, 3)=[◤], (5, 1)=[◢]}
19 Jan 2025 01:14:14 GMT Zwierzę poruszyło się z (9, 8) na (9, 8)
19 Jan 2025 01:14:15 GMT Długość listy pozycji: 9
Lista pozycji zwierząt: {(9, 8)=[^], (2, 1)=[◢], (1, 1)=[<], (3, 6)=[v], (1, 6)=[<], (0, 7)=[◢], (8, 0)=[◢, v, ◣, v, v, ◥, v, <, >, >, >, ^, ◢, ^, ◣, ^, ◣, ^, ◥, ^, ◣, ^, v, ^, ◥], (7, 3)=[◥], (5, 1)=[◢]}
19 Jan 2025 01:14:15 GMT Zwierzę poruszyło się z (7, 3) na (7, 3)
19 Jan 2025 01:14:15 GMT Długość listy pozycji: 9
Lista pozycji zwierząt: {(9, 8)=[^], (2, 1)=[◢], (1, 1)=[<], (3, 6)=[v], (1, 6)=[<], (0, 7)=[◢], (8, 0)=[◢, v, ◣, v, v, ◥, v, <, >, >, >, ^, ◢, ^, ◣, ^, ◣, ^, ◥, ^, ◣, ^, v, ^, ◥], (7, 3)=[◥], (5, 1)=[◢]}
19 Jan 2025 01:14:15 GMT Zwierzę poruszyło się z (0, 7) na (0, 7)
19 Jan 2025 01:14:15 GMT Długość listy pozycji: 9
Lista pozycji zwierząt: {(9, 8)=[^], (2, 1)=[◥], (1, 1)=[<], (3, 6)=[v], (1, 6)=[<], (0, 7)=[◢], (8, 0)=[◢, v, ◣, v, v, ◥, v, <, >, >, >, ^, ◢, ^, ◣, ^, ◣, ^, ◥, ^, ◣, ^, v, ^, ◥], (7, 3)=[◥], (5, 1)=[◢]}
19 Jan 2025 01:14:15 GMT Zwierzę poruszyło się z (2, 1) na (2, 1)
19 Jan 2025 01:14:15 GMT Długość listy pozycji: 9
Lista pozycji zwierząt: {(9, 8)=[^], (2, 1)=[◥], (1, 1)=[<], (3, 6)=[>], (1, 6)=[<], (0, 7)=[◢], (8, 0)=[◢, v, ◣, v, v, ◥, v, <, >, >, >, ^, ◢, ^, ◣, ^, ◣, ^, ◥, ^, ◣, ^, v, ^, ◥], (7, 3)=[◥], (5, 1)=[◢]}
19 Jan 2025 01:14:15 GMT Zwierzę poruszyło się z (3, 6) na (3, 6)
19 Jan 2025 01:14:15 GMT Zwierze zostało położone na (8, 0)
19 Jan 2025 01:14:15 GMT Urodziło się nowe zwierzę na (8, 0)
19 Jan 2025 01:14:15 GMT Roślinka wyrosła na null
19 Jan 2025 01:14:15 GMT Roślinka wyrosła na null
19 Jan 2025 01:14:15 GMT Roślinka wyrosła na null
19 Jan 2025 01:14:15 GMT Roślinka wyrosła na null
19 Jan 2025 01:14:15 GMT Roślinka wyrosła na null
19 Jan 2025 01:14:15 GMT Roślinka wyrosła na null
19 Jan 2025 01:14:15 GMT Roślinka wyrosła na null
19 Jan 2025 01:14:15 GMT Roślinka wyrosła na null
19 Jan 2025 01:14:15 GMT Roślinka wyrosła na null
19 Jan 2025 01:14:15 GMT Roślinka wyrosła na null
19 Jan 2025 01:14:15 GMT Zwierzę umarło na (1, 1)
19 Jan 2025 01:14:15 GMT Zwierzę umarło na (5, 1)
19 Jan 2025 01:14:15 GMT Zwierzę umarło na (1, 6)
19 Jan 2025 01:14:15 GMT Zwierzę umarło na (7, 3)
19 Jan 2025 01:14:15 GMT Zwierzę umarło na (2, 1)
19 Jan 2025 01:14:15 GMT Zwierzę umarło na (3, 6)
19 Jan 2025 01:14:16 GMT Długość listy pozycji: 9
Lista pozycji zwierząt: {(2, 1)=[], (1, 1)=[], (3, 6)=[], (1, 6)=[], (0, 7)=[◢], (0, 8)=[>], (8, 0)=[◢, ◢, v, ◣, v, v, ◥, v, <, >, >, >, ^, ◢, ^, ◣, ^, ◣, ^, ◥, ^, ◣, ^, v, ^, ◥], (7, 3)=[], (5, 1)=[]}
19 Jan 2025 01:14:16 GMT Zwierzę poruszyło się z (9, 8) na (0, 8)
19 Jan 2025 01:14:16 GMT Długość listy pozycji: 9
Lista pozycji zwierząt: {(2, 1)=[], (1, 1)=[], (3, 6)=[], (1, 6)=[], (0, 8)=[>], (8, 0)=[◢, ◢, v, ◣, v, v, ◥, v, <, >, >, >, ^, ◢, ^, ◣, ^, ◣, ^, ◥, ^, ◣, ^, v, ^, ◥], (7, 3)=[], (5, 1)=[], (9, 7)=[<]}
19 Jan 2025 01:14:16 GMT Zwierzę poruszyło się z (0, 7) na (9, 7)
19 Jan 2025 01:14:16 GMT Zwierzę zjadło roślinkę na (0, 8)
19 Jan 2025 01:14:16 GMT Zwierze zostało położone na (8, 0)
19 Jan 2025 01:14:16 GMT Urodziło się nowe zwierzę na (8, 0)
19 Jan 2025 01:14:16 GMT Roślinka wyrosła na null
19 Jan 2025 01:14:16 GMT Roślinka wyrosła na null
19 Jan 2025 01:14:16 GMT Roślinka wyrosła na null
19 Jan 2025 01:14:16 GMT Roślinka wyrosła na null
19 Jan 2025 01:14:16 GMT Roślinka wyrosła na null
19 Jan 2025 01:14:16 GMT Roślinka wyrosła na null
19 Jan 2025 01:14:16 GMT Roślinka wyrosła na null
19 Jan 2025 01:14:16 GMT Roślinka wyrosła na null
19 Jan 2025 01:14:16 GMT Roślinka wyrosła na null
19 Jan 2025 01:14:16 GMT Roślinka wyrosła na null
19 Jan 2025 01:14:16 GMT Długość listy pozycji: 9
Lista pozycji zwierząt: {(9, 8)=[<], (2, 1)=[], (1, 1)=[], (3, 6)=[], (1, 6)=[], (8, 0)=[v, ◢, ◢, v, ◣, v, v, ◥, v, <, >, >, >, ^, ◢, ^, ◣, ^, ◣, ^, ◥, ^, ◣, ^, v, ^, ◥], (7, 3)=[], (5, 1)=[], (9, 7)=[<]}
19 Jan 2025 01:14:16 GMT Zwierzę poruszyło się z (0, 8) na (9, 8)
19 Jan 2025 01:14:17 GMT Długość listy pozycji: 9
Lista pozycji zwierząt: {(9, 8)=[<], (2, 1)=[], (1, 1)=[], (3, 6)=[], (1, 6)=[], (0, 6)=[◢], (8, 0)=[v, ◢, ◢, v, ◣, v, v, ◥, v, <, >, >, >, ^, ◢, ^, ◣, ^, ◣, ^, ◥, ^, ◣, ^, v, ^, ◥], (7, 3)=[], (5, 1)=[]}
19 Jan 2025 01:14:17 GMT Zwierzę poruszyło się z (9, 7) na (0, 6)
19 Jan 2025 01:14:17 GMT Zwierze zostało położone na (8, 0)
19 Jan 2025 01:14:17 GMT Urodziło się nowe zwierzę na (8, 0)
19 Jan 2025 01:14:17 GMT Roślinka wyrosła na null
19 Jan 2025 01:14:17 GMT Roślinka wyrosła na null
19 Jan 2025 01:14:17 GMT Roślinka wyrosła na null
19 Jan 2025 01:14:17 GMT Roślinka wyrosła na null
19 Jan 2025 01:14:17 GMT Roślinka wyrosła na null
19 Jan 2025 01:14:17 GMT Roślinka wyrosła na null
19 Jan 2025 01:14:17 GMT Roślinka wyrosła na null
19 Jan 2025 01:14:17 GMT Roślinka wyrosła na null
19 Jan 2025 01:14:17 GMT Roślinka wyrosła na null
19 Jan 2025 01:14:17 GMT Roślinka wyrosła na null
19 Jan 2025 01:14:17 GMT Długość listy pozycji: 9
Lista pozycji zwierząt: {(9, 8)=[<], (2, 1)=[], (1, 1)=[], (3, 6)=[], (1, 6)=[], (0, 6)=[◢], (8, 0)=[v, v, ◢, ◢, v, ◣, v, v, ◥, v, <, >, >, >, ^, ◢, ^, ◣, ^, ◣, ^, ◥, ^, ◣, ^, v, ^, ◥], (7, 3)=[], (5, 1)=[]}
19 Jan 2025 01:14:17 GMT Zwierzę poruszyło się z (9, 8) na (9, 8)
19 Jan 2025 01:14:17 GMT Długość listy pozycji: 9
Lista pozycji zwierząt: {(9, 8)=[<], (2, 1)=[], (1, 1)=[], (3, 6)=[], (1, 6)=[], (0, 6)=[v], (8, 0)=[v, v, ◢, ◢, v, ◣, v, v, ◥, v, <, >, >, >, ^, ◢, ^, ◣, ^, ◣, ^, ◥, ^, ◣, ^, v, ^, ◥], (7, 3)=[], (5, 1)=[]}
19 Jan 2025 01:14:17 GMT Zwierzę poruszyło się z (0, 6) na (0, 6)
19 Jan 2025 01:14:18 GMT Zwierze zostało położone na (8, 0)
19 Jan 2025 01:14:18 GMT Urodziło się nowe zwierzę na (8, 0)
19 Jan 2025 01:14:18 GMT Roślinka wyrosła na null
19 Jan 2025 01:14:18 GMT Roślinka wyrosła na null
19 Jan 2025 01:14:18 GMT Roślinka wyrosła na null
19 Jan 2025 01:14:18 GMT Roślinka wyrosła na null
19 Jan 2025 01:14:18 GMT Roślinka wyrosła na null
19 Jan 2025 01:14:18 GMT Roślinka wyrosła na null
19 Jan 2025 01:14:18 GMT Roślinka wyrosła na null
19 Jan 2025 01:14:18 GMT Roślinka wyrosła na null
19 Jan 2025 01:14:18 GMT Roślinka wyrosła na null
19 Jan 2025 01:14:18 GMT Roślinka wyrosła na null
19 Jan 2025 01:14:18 GMT Długość listy pozycji: 9
Lista pozycji zwierząt: {(2, 1)=[], (1, 1)=[], (3, 6)=[], (1, 6)=[], (0, 6)=[v], (0, 7)=[◢], (8, 0)=[◤, v, v, ◢, ◢, v, ◣, v, v, ◥, v, <, >, >, >, ^, ◢, ^, ◣, ^, ◣, ^, ◥, ^, ◣, ^, v, ^, ◥], (7, 3)=[], (5, 1)=[]}
19 Jan 2025 01:14:18 GMT Zwierzę poruszyło się z (9, 8) na (0, 7)
19 Jan 2025 01:14:18 GMT Długość listy pozycji: 9
Lista pozycji zwierząt: {(2, 1)=[], (1, 1)=[], (3, 6)=[], (1, 6)=[], (0, 6)=[◢], (0, 7)=[◢], (8, 0)=[◤, v, v, ◢, ◢, v, ◣, v, v, ◥, v, <, >, >, >, ^, ◢, ^, ◣, ^, ◣, ^, ◥, ^, ◣, ^, v, ^, ◥], (7, 3)=[], (5, 1)=[]}
19 Jan 2025 01:14:18 GMT Zwierzę poruszyło się z (0, 6) na (0, 6)
19 Jan 2025 01:14:19 GMT Zwierze zostało położone na (8, 0)
19 Jan 2025 01:14:19 GMT Urodziło się nowe zwierzę na (8, 0)
19 Jan 2025 01:14:19 GMT Roślinka wyrosła na null
19 Jan 2025 01:14:19 GMT Roślinka wyrosła na null
19 Jan 2025 01:14:19 GMT Roślinka wyrosła na null
19 Jan 2025 01:14:19 GMT Roślinka wyrosła na null
19 Jan 2025 01:14:19 GMT Roślinka wyrosła na null
19 Jan 2025 01:14:19 GMT Roślinka wyrosła na null
19 Jan 2025 01:14:19 GMT Roślinka wyrosła na null
19 Jan 2025 01:14:19 GMT Roślinka wyrosła na null
19 Jan 2025 01:14:19 GMT Roślinka wyrosła na null
19 Jan 2025 01:14:19 GMT Roślinka wyrosła na null
19 Jan 2025 01:14:19 GMT Długość listy pozycji: 9
Lista pozycji zwierząt: {(2, 1)=[], (1, 1)=[], (3, 6)=[], (1, 6)=[], (0, 6)=[◢], (8, 0)=[◢, ◤, v, v, ◢, ◢, v, ◣, v, v, ◥, v, <, >, >, >, ^, ◢, ^, ◣, ^, ◣, ^, ◥, ^, ◣, ^, v, ^, ◥], (7, 3)=[], (5, 1)=[], (9, 6)=[◣]}
19 Jan 2025 01:14:19 GMT Zwierzę poruszyło się z (0, 7) na (9, 6)
19 Jan 2025 01:14:19 GMT Długość listy pozycji: 9
Lista pozycji zwierząt: {(2, 1)=[], (1, 1)=[], (3, 6)=[], (1, 6)=[], (8, 0)=[◢, ◤, v, v, ◢, ◢, v, ◣, v, v, ◥, v, <, >, >, >, ^, ◢, ^, ◣, ^, ◣, ^, ◥, ^, ◣, ^, v, ^, ◥], (7, 3)=[], (5, 1)=[], (9, 6)=[◣], (9, 7)=[◤]}
19 Jan 2025 01:14:19 GMT Zwierzę poruszyło się z (0, 6) na (9, 7)
19 Jan 2025 01:14:20 GMT Zwierze zostało położone na (8, 0)
19 Jan 2025 01:14:20 GMT Urodziło się nowe zwierzę na (8, 0)
19 Jan 2025 01:14:20 GMT Roślinka wyrosła na null
19 Jan 2025 01:14:20 GMT Roślinka wyrosła na null
19 Jan 2025 01:14:20 GMT Roślinka wyrosła na null
19 Jan 2025 01:14:20 GMT Roślinka wyrosła na null
19 Jan 2025 01:14:20 GMT Roślinka wyrosła na null
19 Jan 2025 01:14:20 GMT Roślinka wyrosła na null
19 Jan 2025 01:14:20 GMT Roślinka wyrosła na null
19 Jan 2025 01:14:20 GMT Roślinka wyrosła na null
19 Jan 2025 01:14:20 GMT Roślinka wyrosła na null
19 Jan 2025 01:14:20 GMT Roślinka wyrosła na null
19 Jan 2025 01:14:20 GMT Długość listy pozycji: 9
Lista pozycji zwierząt: {(2, 1)=[], (1, 1)=[], (3, 6)=[], (1, 6)=[], (8, 0)=[^, ◢, ◤, v, v, ◢, ◢, v, ◣, v, v, ◥, v, <, >, >, >, ^, ◢, ^, ◣, ^, ◣, ^, ◥, ^, ◣, ^, v, ^, ◥], (7, 3)=[], (5, 1)=[], (9, 6)=[^], (9, 7)=[◤]}
19 Jan 2025 01:14:20 GMT Zwierzę poruszyło się z (9, 6) na (9, 6)
19 Jan 2025 01:14:20 GMT Długość listy pozycji: 9
Lista pozycji zwierząt: {(2, 1)=[], (1, 1)=[], (3, 6)=[], (1, 6)=[], (0, 8)=[◥], (8, 0)=[^, ◢, ◤, v, v, ◢, ◢, v, ◣, v, v, ◥, v, <, >, >, >, ^, ◢, ^, ◣, ^, ◣, ^, ◥, ^, ◣, ^, v, ^, ◥], (7, 3)=[], (5, 1)=[], (9, 6)=[^]}
19 Jan 2025 01:14:20 GMT Zwierzę poruszyło się z (9, 7) na (0, 8)
19 Jan 2025 01:14:22 GMT Zwierze zostało położone na (8, 0)
19 Jan 2025 01:14:22 GMT Urodziło się nowe zwierzę na (8, 0)
19 Jan 2025 01:14:22 GMT Roślinka wyrosła na null
19 Jan 2025 01:14:22 GMT Roślinka wyrosła na null
19 Jan 2025 01:14:22 GMT Roślinka wyrosła na null
19 Jan 2025 01:14:22 GMT Roślinka wyrosła na null
19 Jan 2025 01:14:22 GMT Roślinka wyrosła na null
19 Jan 2025 01:14:22 GMT Roślinka wyrosła na null
19 Jan 2025 01:14:22 GMT Roślinka wyrosła na null
19 Jan 2025 01:14:22 GMT Roślinka wyrosła na null
19 Jan 2025 01:14:22 GMT Roślinka wyrosła na null
19 Jan 2025 01:14:22 GMT Roślinka wyrosła na null
19 Jan 2025 01:14:22 GMT Długość listy pozycji: 9
Lista pozycji zwierząt: {(2, 1)=[], (1, 1)=[], (3, 6)=[], (0, 5)=[◢], (1, 6)=[], (0, 8)=[◥], (8, 0)=[◢, ^, ◢, ◤, v, v, ◢, ◢, v, ◣, v, v, ◥, v, <, >, >, >, ^, ◢, ^, ◣, ^, ◣, ^, ◥, ^, ◣, ^, v, ^, ◥], (7, 3)=[], (5, 1)=[]}
19 Jan 2025 01:14:22 GMT Zwierzę poruszyło się z (9, 6) na (0, 5)
19 Jan 2025 01:14:22 GMT Długość listy pozycji: 9
Lista pozycji zwierząt: {(2, 1)=[], (1, 1)=[], (3, 6)=[], (0, 5)=[◢], (1, 6)=[], (0, 8)=[>], (8, 0)=[◢, ^, ◢, ◤, v, v, ◢, ◢, v, ◣, v, v, ◥, v, <, >, >, >, ^, ◢, ^, ◣, ^, ◣, ^, ◥, ^, ◣, ^, v, ^, ◥], (7, 3)=[], (5, 1)=[]}
19 Jan 2025 01:14:22 GMT Zwierzę poruszyło się z (0, 8) na (0, 8)
19 Jan 2025 01:14:24 GMT Zwierze zostało położone na (8, 0)
19 Jan 2025 01:14:24 GMT Urodziło się nowe zwierzę na (8, 0)
19 Jan 2025 01:14:24 GMT Roślinka wyrosła na null
19 Jan 2025 01:14:24 GMT Roślinka wyrosła na null
19 Jan 2025 01:14:24 GMT Roślinka wyrosła na null
19 Jan 2025 01:14:24 GMT Roślinka wyrosła na null
19 Jan 2025 01:14:24 GMT Roślinka wyrosła na null
19 Jan 2025 01:14:24 GMT Roślinka wyrosła na null
19 Jan 2025 01:14:24 GMT Roślinka wyrosła na null
19 Jan 2025 01:14:24 GMT Roślinka wyrosła na null
19 Jan 2025 01:14:24 GMT Roślinka wyrosła na null
19 Jan 2025 01:14:24 GMT Roślinka wyrosła na null
19 Jan 2025 01:14:24 GMT Długość listy pozycji: 9
Lista pozycji zwierząt: {(2, 1)=[], (1, 1)=[], (3, 6)=[], (0, 5)=[v], (1, 6)=[], (0, 8)=[>], (8, 0)=[<, ◢, ^, ◢, ◤, v, v, ◢, ◢, v, ◣, v, v, ◥, v, <, >, >, >, ^, ◢, ^, ◣, ^, ◣, ^, ◥, ^, ◣, ^, v, ^, ◥], (7, 3)=[], (5, 1)=[]}
19 Jan 2025 01:14:24 GMT Zwierzę poruszyło się z (0, 5) na (0, 5)
19 Jan 2025 01:14:24 GMT Długość listy pozycji: 9
Lista pozycji zwierząt: {(2, 1)=[], (1, 1)=[], (3, 6)=[], (0, 5)=[v], (1, 6)=[], (0, 8)=[^], (8, 0)=[<, ◢, ^, ◢, ◤, v, v, ◢, ◢, v, ◣, v, v, ◥, v, <, >, >, >, ^, ◢, ^, ◣, ^, ◣, ^, ◥, ^, ◣, ^, v, ^, ◥], (7, 3)=[], (5, 1)=[]}
19 Jan 2025 01:14:24 GMT Zwierzę poruszyło się z (0, 8) na (0, 8)
19 Jan 2025 01:14:29 GMT Zwierze zostało położone na (8, 0)
19 Jan 2025 01:14:29 GMT Urodziło się nowe zwierzę na (8, 0)
19 Jan 2025 01:14:29 GMT Roślinka wyrosła na null
19 Jan 2025 01:14:29 GMT Roślinka wyrosła na null
19 Jan 2025 01:14:29 GMT Roślinka wyrosła na null
19 Jan 2025 01:14:29 GMT Roślinka wyrosła na null
19 Jan 2025 01:14:29 GMT Roślinka wyrosła na null
19 Jan 2025 01:14:29 GMT Roślinka wyrosła na null
19 Jan 2025 01:14:29 GMT Roślinka wyrosła na null
19 Jan 2025 01:14:29 GMT Roślinka wyrosła na null
19 Jan 2025 01:14:29 GMT Roślinka wyrosła na null
19 Jan 2025 01:14:29 GMT Roślinka wyrosła na null
19 Jan 2025 01:14:29 GMT Długość listy pozycji: 9
Lista pozycji zwierząt: {(2, 1)=[], (1, 1)=[], (3, 6)=[], (1, 6)=[], (0, 8)=[^], (8, 0)=[◣, <, ◢, ^, ◢, ◤, v, v, ◢, ◢, v, ◣, v, v, ◥, v, <, >, >, >, ^, ◢, ^, ◣, ^, ◣, ^, ◥, ^, ◣, ^, v, ^, ◥], (7, 3)=[], (5, 1)=[], (9, 6)=[◤]}
19 Jan 2025 01:14:29 GMT Zwierzę poruszyło się z (0, 5) na (9, 6)
19 Jan 2025 01:14:30 GMT Długość listy pozycji: 9
Lista pozycji zwierząt: {(2, 1)=[], (1, 1)=[], (3, 6)=[], (1, 6)=[], (0, 8)=[◢], (8, 0)=[◣, <, ◢, ^, ◢, ◤, v, v, ◢, ◢, v, ◣, v, v, ◥, v, <, >, >, >, ^, ◢, ^, ◣, ^, ◣, ^, ◥, ^, ◣, ^, v, ^, ◥], (7, 3)=[], (5, 1)=[], (9, 6)=[◤]}
19 Jan 2025 01:14:30 GMT Zwierzę poruszyło się z (0, 8) na (0, 8)
19 Jan 2025 01:14:36 GMT Zwierze zostało położone na (8, 0)
19 Jan 2025 01:14:36 GMT Urodziło się nowe zwierzę na (8, 0)
19 Jan 2025 01:14:36 GMT Roślinka wyrosła na null
19 Jan 2025 01:14:36 GMT Roślinka wyrosła na null
19 Jan 2025 01:14:36 GMT Roślinka wyrosła na null
19 Jan 2025 01:14:36 GMT Roślinka wyrosła na null
19 Jan 2025 01:14:36 GMT Roślinka wyrosła na null
19 Jan 2025 01:14:36 GMT Roślinka wyrosła na null
19 Jan 2025 01:14:36 GMT Roślinka wyrosła na null
19 Jan 2025 01:14:36 GMT Roślinka wyrosła na null
19 Jan 2025 01:14:36 GMT Roślinka wyrosła na null
19 Jan 2025 01:14:36 GMT Roślinka wyrosła na null
19 Jan 2025 01:14:36 GMT Długość listy pozycji: 9
Lista pozycji zwierząt: {(2, 1)=[], (1, 1)=[], (3, 6)=[], (1, 6)=[], (0, 8)=[◢], (8, 0)=[^, ◣, <, ◢, ^, ◢, ◤, v, v, ◢, ◢, v, ◣, v, v, ◥, v, <, >, >, >, ^, ◢, ^, ◣, ^, ◣, ^, ◥, ^, ◣, ^, v, ^, ◥], (7, 3)=[], (5, 1)=[], (9, 6)=[◤]}
19 Jan 2025 01:14:36 GMT Zwierzę poruszyło się z (9, 6) na (9, 6)
19 Jan 2025 01:14:37 GMT Długość listy pozycji: 9
Lista pozycji zwierząt: {(2, 1)=[], (1, 1)=[], (3, 6)=[], (1, 6)=[], (0, 8)=[◢], (8, 0)=[^, ◣, <, ◢, ^, ◢, ◤, v, v, ◢, ◢, v, ◣, v, v, ◥, v, <, >, >, >, ^, ◢, ^, ◣, ^, ◣, ^, ◥, ^, ◣, ^, v, ^, ◥], (7, 3)=[], (5, 1)=[], (9, 6)=[◤]}
19 Jan 2025 01:14:37 GMT Zwierzę poruszyło się z (0, 8) na (0, 8)
19 Jan 2025 01:14:49 GMT Zwierze zostało położone na (8, 0)
19 Jan 2025 01:14:49 GMT Urodziło się nowe zwierzę na (8, 0)
19 Jan 2025 01:14:49 GMT Roślinka wyrosła na null
19 Jan 2025 01:14:49 GMT Roślinka wyrosła na null
19 Jan 2025 01:14:49 GMT Roślinka wyrosła na null
19 Jan 2025 01:14:49 GMT Roślinka wyrosła na null
19 Jan 2025 01:14:49 GMT Roślinka wyrosła na null
19 Jan 2025 01:14:49 GMT Roślinka wyrosła na null
19 Jan 2025 01:14:49 GMT Roślinka wyrosła na null
19 Jan 2025 01:14:49 GMT Roślinka wyrosła na null
19 Jan 2025 01:14:49 GMT Roślinka wyrosła na null
19 Jan 2025 01:14:49 GMT Roślinka wyrosła na null
19 Jan 2025 01:14:49 GMT Długość listy pozycji: 9
Lista pozycji zwierząt: {(2, 1)=[], (1, 1)=[], (3, 6)=[], (1, 6)=[], (0, 7)=[◥], (0, 8)=[◢], (8, 0)=[<, ^, ◣, <, ◢, ^, ◢, ◤, v, v, ◢, ◢, v, ◣, v, v, ◥, v, <, >, >, >, ^, ◢, ^, ◣, ^, ◣, ^, ◥, ^, ◣, ^, v, ^, ◥], (7, 3)=[], (5, 1)=[]}
19 Jan 2025 01:14:49 GMT Zwierzę poruszyło się z (9, 6) na (0, 7)
19 Jan 2025 01:14:49 GMT Długość listy pozycji: 9
Lista pozycji zwierząt: {(9, 8)=[<], (2, 1)=[], (1, 1)=[], (3, 6)=[], (1, 6)=[], (0, 7)=[◥], (8, 0)=[<, ^, ◣, <, ◢, ^, ◢, ◤, v, v, ◢, ◢, v, ◣, v, v, ◥, v, <, >, >, >, ^, ◢, ^, ◣, ^, ◣, ^, ◥, ^, ◣, ^, v, ^, ◥], (7, 3)=[], (5, 1)=[]}
19 Jan 2025 01:14:49 GMT Zwierzę poruszyło się z (0, 8) na (9, 8)
