16 Jan 2025 22:25:33 GMT Zwierze zostało położone na (3, 2)
16 Jan 2025 22:25:33 GMT Zwierze zostało położone na (9, 7)
16 Jan 2025 22:25:33 GMT Zwierze zostało położone na (6, 8)
16 Jan 2025 22:25:33 GMT Zwierze zostało położone na (8, 9)
16 Jan 2025 22:25:33 GMT Zwierze zostało położone na (9, 6)
16 Jan 2025 22:25:33 GMT Zwierze zostało położone na (6, 8)
16 Jan 2025 22:25:34 GMT Zwierze zostało położone na (7, 6)
16 Jan 2025 22:25:34 GMT Zwierze zostało położone na (1, 3)
16 Jan 2025 22:25:34 GMT Zwierze zostało położone na (0, 2)
16 Jan 2025 22:25:34 GMT Zwierze zostało położone na (4, 1)
16 Jan 2025 22:25:34 GMT Długość listy pozycji: 9
Lista pozycji zwierząt: {(7, 6)=[◣], (2, 2)=[<], (8, 9)=[◤], (0, 2)=[◣], (1, 3)=[◢], (6, 8)=[◣, ◢], (4, 1)=[>], (9, 6)=[<], (9, 7)=[<]}
16 Jan 2025 22:25:34 GMT Zwierzę poruszyło się z (3, 2) na (2, 2)
16 Jan 2025 22:25:35 GMT Długość listy pozycji: 8
Lista pozycji zwierząt: {(7, 6)=[◣], (2, 2)=[<], (8, 9)=[◤], (0, 2)=[◣], (1, 3)=[◢], (6, 8)=[◣, ◢], (4, 1)=[>], (9, 6)=[<, v]}
16 Jan 2025 22:25:35 GMT Zwierzę poruszyło się z (9, 7) na (9, 6)
16 Jan 2025 22:25:35 GMT Długość listy pozycji: 9
Lista pozycji zwierząt: {(7, 6)=[◣], (2, 2)=[<], (7, 8)=[>], (8, 9)=[◤], (0, 2)=[◣], (1, 3)=[◢], (6, 8)=[◢], (4, 1)=[>], (9, 6)=[<, v]}
16 Jan 2025 22:25:35 GMT Zwierzę poruszyło się z (6, 8) na (7, 8)
16 Jan 2025 22:25:36 GMT Długość listy pozycji: 9
Lista pozycji zwierząt: {(7, 6)=[◣], (2, 2)=[<], (7, 8)=[>], (7, 9)=[<], (0, 2)=[◣], (1, 3)=[◢], (6, 8)=[◢], (4, 1)=[>], (9, 6)=[<, v]}
16 Jan 2025 22:25:36 GMT Zwierzę poruszyło się z (8, 9) na (7, 9)
16 Jan 2025 22:25:36 GMT Długość listy pozycji: 10
Lista pozycji zwierząt: {(7, 6)=[◣], (2, 2)=[<], (7, 8)=[>], (7, 9)=[<], (0, 2)=[◣], (1, 3)=[◢], (6, 8)=[◢], (9, 5)=[v], (4, 1)=[>], (9, 6)=[v]}
16 Jan 2025 22:25:36 GMT Zwierzę poruszyło się z (9, 6) na (9, 5)
16 Jan 2025 22:25:37 GMT Długość listy pozycji: 10
Lista pozycji zwierząt: {(7, 6)=[◣], (2, 2)=[<], (7, 8)=[>], (7, 9)=[<], (0, 2)=[◣], (1, 3)=[◢], (5, 8)=[<], (9, 5)=[v], (4, 1)=[>], (9, 6)=[v]}
16 Jan 2025 22:25:37 GMT Zwierzę poruszyło się z (6, 8) na (5, 8)
16 Jan 2025 22:25:37 GMT Długość listy pozycji: 10
Lista pozycji zwierząt: {(2, 2)=[<], (7, 8)=[>], (7, 9)=[<], (0, 2)=[◣], (1, 3)=[◢], (5, 8)=[<], (9, 5)=[v], (4, 1)=[>], (9, 6)=[v], (8, 6)=[>]}
16 Jan 2025 22:25:37 GMT Zwierzę poruszyło się z (7, 6) na (8, 6)
16 Jan 2025 22:25:38 GMT Długość listy pozycji: 10
Lista pozycji zwierząt: {(2, 2)=[<], (7, 8)=[>], (7, 9)=[<], (0, 2)=[◣], (0, 3)=[<], (5, 8)=[<], (9, 5)=[v], (4, 1)=[>], (9, 6)=[v], (8, 6)=[>]}
16 Jan 2025 22:25:38 GMT Zwierzę poruszyło się z (1, 3) na (0, 3)
16 Jan 2025 22:25:38 GMT Długość listy pozycji: 10
Lista pozycji zwierząt: {(2, 2)=[<], (1, 2)=[>], (7, 8)=[>], (7, 9)=[<], (0, 3)=[<], (5, 8)=[<], (9, 5)=[v], (4, 1)=[>], (9, 6)=[v], (8, 6)=[>]}
16 Jan 2025 22:25:38 GMT Zwierzę poruszyło się z (0, 2) na (1, 2)
16 Jan 2025 22:25:39 GMT Długość listy pozycji: 10
Lista pozycji zwierząt: {(2, 2)=[<], (1, 2)=[>], (7, 8)=[>], (7, 9)=[<], (0, 3)=[<], (5, 8)=[<], (4, 0)=[v], (9, 5)=[v], (9, 6)=[v], (8, 6)=[>]}
16 Jan 2025 22:25:39 GMT Zwierzę poruszyło się z (4, 1) na (4, 0)
16 Jan 2025 22:25:39 GMT Zwierzę zjadło roślinkę na (9, 6)
16 Jan 2025 22:25:40 GMT Roślinka wyrosła na (8, 7)
16 Jan 2025 22:25:40 GMT Roślinka wyrosła na (9, 5)
16 Jan 2025 22:25:40 GMT Roślinka wyrosła na (6, 6)
16 Jan 2025 22:25:40 GMT Roślinka wyrosła na (1, 6)
16 Jan 2025 22:25:40 GMT Roślinka wyrosła na (3, 5)
16 Jan 2025 22:25:40 GMT Roślinka wyrosła na (7, 6)
16 Jan 2025 22:25:40 GMT Roślinka wyrosła na (4, 9)
16 Jan 2025 22:25:40 GMT Roślinka wyrosła na (0, 5)
16 Jan 2025 22:25:40 GMT Roślinka wyrosła na (7, 5)
16 Jan 2025 22:25:40 GMT Roślinka wyrosła na (4, 5)
16 Jan 2025 22:25:41 GMT Długość listy pozycji: 10
Lista pozycji zwierząt: {(3, 3)=[◥], (1, 2)=[>], (7, 8)=[>], (7, 9)=[<], (0, 3)=[<], (5, 8)=[<], (4, 0)=[v], (9, 5)=[v], (9, 6)=[v], (8, 6)=[>]}
16 Jan 2025 22:25:41 GMT Zwierzę poruszyło się z (2, 2) na (3, 3)
16 Jan 2025 22:25:42 GMT Długość listy pozycji: 10
Lista pozycji zwierząt: {(3, 3)=[◥], (1, 2)=[>], (7, 8)=[>], (7, 9)=[<], (0, 3)=[<], (5, 8)=[<], (0, 6)=[>], (4, 0)=[v], (9, 5)=[v], (8, 6)=[>]}
16 Jan 2025 22:25:42 GMT Zwierzę poruszyło się z (9, 6) na (0, 6)
16 Jan 2025 22:25:42 GMT Długość listy pozycji: 10
Lista pozycji zwierząt: {(3, 3)=[◥], (1, 2)=[>], (7, 9)=[<], (6, 9)=[◤], (0, 3)=[<], (5, 8)=[<], (0, 6)=[>], (4, 0)=[v], (9, 5)=[v], (8, 6)=[>]}
16 Jan 2025 22:25:42 GMT Zwierzę poruszyło się z (7, 8) na (6, 9)
16 Jan 2025 22:25:43 GMT Długość listy pozycji: 10
Lista pozycji zwierząt: {(3, 3)=[◥], (1, 2)=[>], (6, 8)=[◣], (6, 9)=[◤], (0, 3)=[<], (5, 8)=[<], (0, 6)=[>], (4, 0)=[v], (9, 5)=[v], (8, 6)=[>]}
16 Jan 2025 22:25:43 GMT Zwierzę poruszyło się z (7, 9) na (6, 8)
16 Jan 2025 22:25:43 GMT Długość listy pozycji: 10
Lista pozycji zwierząt: {(3, 3)=[◥], (1, 2)=[>], (6, 8)=[◣], (6, 9)=[◤], (0, 3)=[<], (5, 8)=[<], (0, 5)=[>], (0, 6)=[>], (4, 0)=[v], (8, 6)=[>]}
16 Jan 2025 22:25:43 GMT Zwierzę poruszyło się z (9, 5) na (0, 5)
16 Jan 2025 22:25:44 GMT Długość listy pozycji: 9
Lista pozycji zwierząt: {(3, 3)=[◥], (1, 2)=[>], (6, 8)=[◣], (6, 9)=[◤, ◥], (0, 3)=[<], (0, 5)=[>], (0, 6)=[>], (4, 0)=[v], (8, 6)=[>]}
16 Jan 2025 22:25:44 GMT Zwierzę poruszyło się z (5, 8) na (6, 9)
16 Jan 2025 22:25:45 GMT Długość listy pozycji: 9
Lista pozycji zwierząt: {(7, 7)=[◤], (3, 3)=[◥], (1, 2)=[>], (6, 8)=[◣], (6, 9)=[◤, ◥], (0, 3)=[<], (0, 5)=[>], (0, 6)=[>], (4, 0)=[v]}
16 Jan 2025 22:25:45 GMT Zwierzę poruszyło się z (8, 6) na (7, 7)
16 Jan 2025 22:25:45 GMT Długość listy pozycji: 9
Lista pozycji zwierząt: {(7, 7)=[◤], (3, 3)=[◥], (1, 2)=[>], (6, 8)=[◣], (1, 4)=[◥], (6, 9)=[◤, ◥], (0, 5)=[>], (0, 6)=[>], (4, 0)=[v]}
16 Jan 2025 22:25:45 GMT Zwierzę poruszyło się z (0, 3) na (1, 4)
16 Jan 2025 22:25:46 GMT Długość listy pozycji: 9
Lista pozycji zwierząt: {(7, 7)=[◤], (3, 3)=[◥], (6, 8)=[◣], (0, 3)=[◤], (1, 4)=[◥], (6, 9)=[◤, ◥], (0, 5)=[>], (0, 6)=[>], (4, 0)=[v]}
16 Jan 2025 22:25:46 GMT Zwierzę poruszyło się z (1, 2) na (0, 3)
16 Jan 2025 22:25:46 GMT Długość listy pozycji: 9
Lista pozycji zwierząt: {(7, 7)=[◤], (3, 3)=[◥], (6, 8)=[◣], (0, 3)=[◤], (1, 4)=[◥], (6, 9)=[◤, ◥], (0, 5)=[>], (0, 6)=[>], (3, 0)=[<]}
16 Jan 2025 22:25:46 GMT Zwierzę poruszyło się z (4, 0) na (3, 0)
16 Jan 2025 22:25:47 GMT Zwierzę zjadło roślinkę na (0, 5)
16 Jan 2025 22:25:47 GMT Zwierzę zjadło roślinkę na (0, 6)
16 Jan 2025 22:25:47 GMT Zwierze zostało położone na (6, 9)
16 Jan 2025 22:25:47 GMT Urodziło się nowe zwierzę na (6, 9)
16 Jan 2025 22:25:48 GMT Roślinka wyrosła na (5, 5)
16 Jan 2025 22:25:48 GMT Roślinka wyrosła na (6, 5)
16 Jan 2025 22:25:48 GMT Roślinka wyrosła na (4, 3)
16 Jan 2025 22:25:48 GMT Roślinka wyrosła na (8, 6)
16 Jan 2025 22:25:48 GMT Roślinka wyrosła na (2, 4)
16 Jan 2025 22:25:48 GMT Roślinka wyrosła na (4, 4)
16 Jan 2025 22:25:48 GMT Roślinka wyrosła na (6, 1)
16 Jan 2025 22:25:48 GMT Roślinka wyrosła na (1, 4)
16 Jan 2025 22:25:48 GMT Roślinka wyrosła na (3, 9)
16 Jan 2025 22:25:48 GMT Roślinka wyrosła na (7, 0)
16 Jan 2025 22:25:48 GMT Zwierzę umarło na (6, 9)
16 Jan 2025 22:25:49 GMT Długość listy pozycji: 9
Lista pozycji zwierząt: {(3, 2)=[v], (7, 7)=[◤], (6, 8)=[◣], (0, 3)=[◤], (1, 4)=[◥], (6, 9)=[◥, ◥], (0, 5)=[>], (0, 6)=[>], (3, 0)=[<]}
16 Jan 2025 22:25:49 GMT Zwierzę poruszyło się z (3, 3) na (3, 2)
16 Jan 2025 22:25:49 GMT Długość listy pozycji: 9
Lista pozycji zwierząt: {(3, 2)=[v], (7, 7)=[◤], (6, 8)=[◣], (0, 3)=[◤], (1, 4)=[◥], (6, 9)=[◥, ◥], (0, 5)=[>], (0, 7)=[^], (3, 0)=[<]}
16 Jan 2025 22:25:49 GMT Zwierzę poruszyło się z (0, 6) na (0, 7)
16 Jan 2025 22:25:50 GMT Długość listy pozycji: 9
Lista pozycji zwierząt: {(3, 2)=[v], (7, 7)=[◤], (6, 7)=[v], (0, 3)=[◤], (1, 4)=[◥], (6, 9)=[◥, ◥], (0, 5)=[>], (0, 7)=[^], (3, 0)=[<]}
16 Jan 2025 22:25:50 GMT Zwierzę poruszyło się z (6, 8) na (6, 7)
16 Jan 2025 22:25:50 GMT Długość listy pozycji: 9
Lista pozycji zwierząt: {(3, 2)=[v], (7, 7)=[◤], (6, 7)=[v], (0, 3)=[◤], (1, 4)=[◥], (6, 9)=[◥, ◥], (0, 6)=[^], (0, 7)=[^], (3, 0)=[<]}
16 Jan 2025 22:25:50 GMT Zwierzę poruszyło się z (0, 5) na (0, 6)
16 Jan 2025 22:25:51 GMT Długość listy pozycji: 10
Lista pozycji zwierząt: {(3, 2)=[v], (7, 7)=[◤], (6, 7)=[v], (6, 8)=[v], (0, 3)=[◤], (1, 4)=[◥], (6, 9)=[◥], (0, 6)=[^], (0, 7)=[^], (3, 0)=[<]}
16 Jan 2025 22:25:51 GMT Zwierzę poruszyło się z (6, 9) na (6, 8)
16 Jan 2025 22:25:51 GMT Długość listy pozycji: 10
Lista pozycji zwierząt: {(7, 6)=[v], (3, 2)=[v], (6, 7)=[v], (6, 8)=[v], (0, 3)=[◤], (1, 4)=[◥], (6, 9)=[◥], (0, 6)=[^], (0, 7)=[^], (3, 0)=[<]}
16 Jan 2025 22:25:51 GMT Zwierzę poruszyło się z (7, 7) na (7, 6)
16 Jan 2025 22:25:52 GMT Długość listy pozycji: 10
Lista pozycji zwierząt: {(7, 6)=[v], (3, 2)=[v], (6, 7)=[v], (1, 3)=[v], (6, 8)=[v], (0, 3)=[◤], (6, 9)=[◥], (0, 6)=[^], (0, 7)=[^], (3, 0)=[<]}
16 Jan 2025 22:25:52 GMT Zwierzę poruszyło się z (1, 4) na (1, 3)
16 Jan 2025 22:25:52 GMT Długość listy pozycji: 10
Lista pozycji zwierząt: {(7, 6)=[v], (3, 2)=[v], (6, 7)=[v], (0, 2)=[v], (1, 3)=[v], (6, 8)=[v], (6, 9)=[◥], (0, 6)=[^], (0, 7)=[^], (3, 0)=[<]}
16 Jan 2025 22:25:52 GMT Zwierzę poruszyło się z (0, 3) na (0, 2)
16 Jan 2025 22:25:53 GMT Długość listy pozycji: 10
Lista pozycji zwierząt: {(7, 6)=[v], (3, 2)=[v], (6, 7)=[v], (0, 2)=[v], (1, 3)=[v], (6, 8)=[v], (6, 9)=[◥], (0, 6)=[^], (0, 7)=[^], (3, 1)=[^]}
16 Jan 2025 22:25:53 GMT Zwierzę poruszyło się z (3, 0) na (3, 1)
16 Jan 2025 22:25:53 GMT Zwierzę zjadło roślinkę na (7, 6)
16 Jan 2025 22:25:54 GMT Roślinka wyrosła na (4, 1)
16 Jan 2025 22:25:54 GMT Roślinka wyrosła na (6, 7)
16 Jan 2025 22:25:54 GMT Roślinka wyrosła na (1, 1)
16 Jan 2025 22:25:54 GMT Roślinka wyrosła na (2, 7)
16 Jan 2025 22:25:54 GMT Roślinka wyrosła na (0, 1)
16 Jan 2025 22:25:54 GMT Roślinka wyrosła na (4, 7)
16 Jan 2025 22:25:54 GMT Roślinka wyrosła na (1, 8)
16 Jan 2025 22:25:54 GMT Roślinka wyrosła na (7, 3)
16 Jan 2025 22:25:54 GMT Roślinka wyrosła na (7, 7)
16 Jan 2025 22:25:54 GMT Roślinka wyrosła na (5, 2)
16 Jan 2025 22:25:55 GMT Długość listy pozycji: 10
Lista pozycji zwierząt: {(7, 6)=[v], (2, 3)=[◤], (6, 7)=[v], (0, 2)=[v], (1, 3)=[v], (6, 8)=[v], (6, 9)=[◥], (0, 6)=[^], (0, 7)=[^], (3, 1)=[^]}
16 Jan 2025 22:25:55 GMT Zwierzę poruszyło się z (3, 2) na (2, 3)
16 Jan 2025 22:25:56 GMT Długość listy pozycji: 10
Lista pozycji zwierząt: {(7, 6)=[v], (2, 3)=[◤], (6, 7)=[v], (0, 2)=[v], (1, 3)=[v], (6, 8)=[v], (6, 9)=[◥], (0, 6)=[^], (9, 7)=[<], (3, 1)=[^]}
16 Jan 2025 22:25:56 GMT Zwierzę poruszyło się z (0, 7) na (9, 7)
16 Jan 2025 22:25:56 GMT Długość listy pozycji: 9
Lista pozycji zwierząt: {(7, 6)=[v, ◢], (2, 3)=[◤], (0, 2)=[v], (1, 3)=[v], (6, 8)=[v], (6, 9)=[◥], (0, 6)=[^], (9, 7)=[<], (3, 1)=[^]}
16 Jan 2025 22:25:56 GMT Zwierzę poruszyło się z (6, 7) na (7, 6)
16 Jan 2025 22:25:57 GMT Długość listy pozycji: 9
Lista pozycji zwierząt: {(7, 6)=[v, ◢], (2, 3)=[◤], (0, 2)=[v], (1, 3)=[v], (6, 8)=[v], (6, 9)=[◥], (9, 6)=[<], (9, 7)=[<], (3, 1)=[^]}
16 Jan 2025 22:25:57 GMT Zwierzę poruszyło się z (0, 6) na (9, 6)
16 Jan 2025 22:25:57 GMT Długość listy pozycji: 9
Lista pozycji zwierząt: {(7, 6)=[v, ◢], (2, 3)=[◤], (0, 2)=[v], (1, 3)=[v], (6, 9)=[◥], (5, 9)=[◤], (9, 6)=[<], (9, 7)=[<], (3, 1)=[^]}
16 Jan 2025 22:25:57 GMT Zwierzę poruszyło się z (6, 8) na (5, 9)
16 Jan 2025 22:25:58 GMT Długość listy pozycji: 10
Lista pozycji zwierząt: {(8, 7)=[◥], (7, 6)=[◢], (2, 3)=[◤], (0, 2)=[v], (1, 3)=[v], (6, 9)=[◥], (5, 9)=[◤], (9, 6)=[<], (9, 7)=[<], (3, 1)=[^]}
16 Jan 2025 22:25:58 GMT Zwierzę poruszyło się z (7, 6) na (8, 7)
16 Jan 2025 22:25:58 GMT Długość listy pozycji: 10
Lista pozycji zwierząt: {(8, 7)=[◥], (7, 6)=[◢], (2, 3)=[◤], (0, 2)=[v], (6, 9)=[◥], (0, 4)=[◤], (5, 9)=[◤], (9, 6)=[<], (9, 7)=[<], (3, 1)=[^]}
16 Jan 2025 22:25:58 GMT Zwierzę poruszyło się z (1, 3) na (0, 4)
16 Jan 2025 22:25:59 GMT Długość listy pozycji: 10
Lista pozycji zwierząt: {(8, 7)=[◥], (7, 6)=[◢], (2, 3)=[◤], (1, 3)=[◥], (6, 9)=[◥], (0, 4)=[◤], (5, 9)=[◤], (9, 6)=[<], (9, 7)=[<], (3, 1)=[^]}
16 Jan 2025 22:25:59 GMT Zwierzę poruszyło się z (0, 2) na (1, 3)
16 Jan 2025 22:25:59 GMT Długość listy pozycji: 10
Lista pozycji zwierząt: {(8, 7)=[◥], (7, 6)=[◢], (2, 3)=[◤], (1, 3)=[◥], (6, 9)=[◥], (0, 4)=[◤], (5, 9)=[◤], (4, 1)=[>], (9, 6)=[<], (9, 7)=[<]}
16 Jan 2025 22:25:59 GMT Zwierzę poruszyło się z (3, 1) na (4, 1)
16 Jan 2025 22:26:00 GMT Zwierzę zjadło roślinkę na (8, 7)
16 Jan 2025 22:26:00 GMT Zwierzę zjadło roślinkę na (4, 1)
16 Jan 2025 22:26:01 GMT Roślinka wyrosła na (5, 1)
16 Jan 2025 22:26:01 GMT Roślinka wyrosła na (0, 9)
16 Jan 2025 22:26:01 GMT Roślinka wyrosła na (3, 2)
16 Jan 2025 22:26:01 GMT Roślinka wyrosła na (2, 1)
16 Jan 2025 22:26:01 GMT Roślinka wyrosła na (5, 0)
16 Jan 2025 22:26:01 GMT Roślinka wyrosła na (8, 0)
16 Jan 2025 22:26:01 GMT Roślinka wyrosła na (3, 0)
16 Jan 2025 22:26:01 GMT Roślinka wyrosła na (2, 8)
16 Jan 2025 22:26:01 GMT Roślinka wyrosła na (3, 4)
16 Jan 2025 22:26:01 GMT Roślinka wyrosła na (8, 9)
16 Jan 2025 22:26:02 GMT Długość listy pozycji: 10
Lista pozycji zwierząt: {(8, 7)=[◥], (7, 6)=[◢], (3, 3)=[>], (1, 3)=[◥], (6, 9)=[◥], (0, 4)=[◤], (5, 9)=[◤], (4, 1)=[>], (9, 6)=[<], (9, 7)=[<]}
16 Jan 2025 22:26:02 GMT Zwierzę poruszyło się z (2, 3) na (3, 3)
16 Jan 2025 22:26:03 GMT Długość listy pozycji: 9
Lista pozycji zwierząt: {(8, 7)=[◥], (7, 6)=[◢], (3, 3)=[>], (1, 3)=[◥], (6, 9)=[◥], (0, 4)=[◤], (5, 9)=[◤], (4, 1)=[>], (9, 6)=[v, <]}
16 Jan 2025 22:26:03 GMT Zwierzę poruszyło się z (9, 7) na (9, 6)
16 Jan 2025 22:26:03 GMT Długość listy pozycji: 9
Lista pozycji zwierząt: {(8, 7)=[◥], (3, 3)=[>], (1, 3)=[◥], (6, 9)=[◥], (0, 4)=[◤], (5, 9)=[◤], (4, 1)=[>], (9, 6)=[v, <], (8, 6)=[>]}
16 Jan 2025 22:26:03 GMT Zwierzę poruszyło się z (7, 6) na (8, 6)
16 Jan 2025 22:26:04 GMT Długość listy pozycji: 10
Lista pozycji zwierząt: {(8, 7)=[◥], (3, 3)=[>], (1, 3)=[◥], (6, 9)=[◥], (0, 4)=[◤], (5, 9)=[◤], (9, 5)=[v], (4, 1)=[>], (9, 6)=[v], (8, 6)=[>]}
16 Jan 2025 22:26:04 GMT Zwierzę poruszyło się z (9, 6) na (9, 5)
16 Jan 2025 22:26:04 GMT Długość listy pozycji: 9
Lista pozycji zwierząt: {(8, 7)=[◥], (3, 3)=[>], (1, 3)=[◥], (6, 9)=[◥, >], (0, 4)=[◤], (9, 5)=[v], (4, 1)=[>], (9, 6)=[v], (8, 6)=[>]}
16 Jan 2025 22:26:04 GMT Zwierzę poruszyło się z (5, 9) na (6, 9)
16 Jan 2025 22:26:05 GMT Długość listy pozycji: 9
Lista pozycji zwierząt: {(7, 7)=[<], (3, 3)=[>], (1, 3)=[◥], (6, 9)=[◥, >], (0, 4)=[◤], (9, 5)=[v], (4, 1)=[>], (9, 6)=[v], (8, 6)=[>]}
16 Jan 2025 22:26:05 GMT Zwierzę poruszyło się z (8, 7) na (7, 7)
16 Jan 2025 22:26:05 GMT Długość listy pozycji: 9
Lista pozycji zwierząt: {(7, 7)=[<], (3, 3)=[>], (1, 3)=[◥], (1, 4)=[>], (6, 9)=[◥, >], (9, 5)=[v], (4, 1)=[>], (9, 6)=[v], (8, 6)=[>]}
16 Jan 2025 22:26:05 GMT Zwierzę poruszyło się z (0, 4) na (1, 4)
16 Jan 2025 22:26:06 GMT Długość listy pozycji: 9
Lista pozycji zwierząt: {(7, 7)=[<], (3, 3)=[>], (0, 3)=[<], (1, 4)=[>], (6, 9)=[◥, >], (9, 5)=[v], (4, 1)=[>], (9, 6)=[v], (8, 6)=[>]}
16 Jan 2025 22:26:06 GMT Zwierzę poruszyło się z (1, 3) na (0, 3)
16 Jan 2025 22:26:06 GMT Długość listy pozycji: 9
Lista pozycji zwierząt: {(7, 7)=[<], (3, 3)=[>], (0, 3)=[<], (1, 4)=[>], (6, 9)=[◥, >], (4, 0)=[v], (9, 5)=[v], (9, 6)=[v], (8, 6)=[>]}
16 Jan 2025 22:26:06 GMT Zwierzę poruszyło się z (4, 1) na (4, 0)
16 Jan 2025 22:26:07 GMT Zwierzę zjadło roślinkę na (7, 7)
16 Jan 2025 22:26:07 GMT Zwierzę zjadło roślinkę na (1, 4)
16 Jan 2025 22:26:07 GMT Zwierzę zjadło roślinkę na (9, 5)
16 Jan 2025 22:26:07 GMT Zwierzę zjadło roślinkę na (8, 6)
16 Jan 2025 22:26:07 GMT Zwierze zostało położone na (6, 9)
16 Jan 2025 22:26:07 GMT Urodziło się nowe zwierzę na (6, 9)
16 Jan 2025 22:26:08 GMT Roślinka wyrosła na (8, 2)
16 Jan 2025 22:26:08 GMT Roślinka wyrosła na (3, 1)
16 Jan 2025 22:26:08 GMT Roślinka wyrosła na (9, 2)
16 Jan 2025 22:26:08 GMT Roślinka wyrosła na (7, 4)
16 Jan 2025 22:26:08 GMT Roślinka wyrosła na (7, 9)
16 Jan 2025 22:26:08 GMT Roślinka wyrosła na (9, 0)
16 Jan 2025 22:26:08 GMT Roślinka wyrosła na (1, 3)
16 Jan 2025 22:26:08 GMT Roślinka wyrosła na (0, 4)
16 Jan 2025 22:26:08 GMT Roślinka wyrosła na (0, 7)
16 Jan 2025 22:26:08 GMT Roślinka wyrosła na (8, 8)
16 Jan 2025 22:26:09 GMT Długość listy pozycji: 9
Lista pozycji zwierząt: {(2, 2)=[◣], (7, 7)=[<], (0, 3)=[<], (1, 4)=[>], (6, 9)=[◥, ◥, >], (4, 0)=[v], (9, 5)=[v], (9, 6)=[v], (8, 6)=[>]}
16 Jan 2025 22:26:09 GMT Zwierzę poruszyło się z (3, 3) na (2, 2)
16 Jan 2025 22:26:09 GMT Długość listy pozycji: 9
Lista pozycji zwierząt: {(2, 2)=[◣], (7, 7)=[<], (0, 3)=[<], (1, 4)=[>], (6, 9)=[◥, ◥, >], (0, 6)=[>], (4, 0)=[v], (9, 5)=[v], (8, 6)=[>]}
16 Jan 2025 22:26:09 GMT Zwierzę poruszyło się z (9, 6) na (0, 6)
16 Jan 2025 22:26:10 GMT Długość listy pozycji: 9
Lista pozycji zwierząt: {(2, 2)=[◣], (7, 7)=[<], (0, 3)=[<], (1, 4)=[>], (6, 9)=[◥, ◥, >], (0, 6)=[>], (4, 0)=[v], (9, 5)=[v], (9, 7)=[◥]}
16 Jan 2025 22:26:10 GMT Zwierzę poruszyło się z (8, 6) na (9, 7)
16 Jan 2025 22:26:10 GMT Długość listy pozycji: 9
Lista pozycji zwierząt: {(2, 2)=[◣], (7, 7)=[<], (0, 3)=[<], (1, 4)=[>], (6, 9)=[◥, ◥, >], (0, 5)=[>], (0, 6)=[>], (4, 0)=[v], (9, 7)=[◥]}
16 Jan 2025 22:26:10 GMT Zwierzę poruszyło się z (9, 5) na (0, 5)
16 Jan 2025 22:26:11 GMT Długość listy pozycji: 10
Lista pozycji zwierząt: {(2, 2)=[◣], (7, 7)=[<], (5, 8)=[◣], (0, 3)=[<], (1, 4)=[>], (6, 9)=[◥, ◥, ◣], (0, 5)=[>], (0, 6)=[>], (4, 0)=[v], (9, 7)=[◥]}
16 Jan 2025 22:26:11 GMT Zwierzę poruszyło się z (6, 9) na (5, 8)
16 Jan 2025 22:26:11 GMT Długość listy pozycji: 10
Lista pozycji zwierząt: {(2, 2)=[◣], (5, 8)=[◣], (0, 3)=[<], (1, 4)=[>], (6, 9)=[◥, ◥, ◣], (0, 5)=[>], (0, 6)=[>], (4, 0)=[v], (8, 6)=[◢], (9, 7)=[◥]}
16 Jan 2025 22:26:11 GMT Zwierzę poruszyło się z (7, 7) na (8, 6)
16 Jan 2025 22:26:12 GMT Długość listy pozycji: 9
Lista pozycji zwierząt: {(2, 2)=[◣], (5, 8)=[◣], (0, 3)=[◣, <], (6, 9)=[◥, ◥, ◣], (0, 5)=[>], (0, 6)=[>], (4, 0)=[v], (8, 6)=[◢], (9, 7)=[◥]}
16 Jan 2025 22:26:12 GMT Zwierzę poruszyło się z (1, 4) na (0, 3)
16 Jan 2025 22:26:12 GMT Długość listy pozycji: 10
Lista pozycji zwierząt: {(2, 2)=[◣], (1, 2)=[◢], (5, 8)=[◣], (0, 3)=[◣], (6, 9)=[◥, ◥, ◣], (0, 5)=[>], (0, 6)=[>], (4, 0)=[v], (8, 6)=[◢], (9, 7)=[◥]}
16 Jan 2025 22:26:12 GMT Zwierzę poruszyło się z (0, 3) na (1, 2)
16 Jan 2025 22:26:13 GMT Długość listy pozycji: 10
Lista pozycji zwierząt: {(2, 2)=[◣], (1, 2)=[◢], (5, 8)=[◣], (0, 3)=[◣], (6, 9)=[◥, ◥, ◣], (0, 5)=[>], (0, 6)=[>], (3, 0)=[<], (8, 6)=[◢], (9, 7)=[◥]}
16 Jan 2025 22:26:13 GMT Zwierzę poruszyło się z (4, 0) na (3, 0)
16 Jan 2025 22:26:13 GMT Zwierzę zjadło roślinkę na (3, 0)
16 Jan 2025 22:26:14 GMT Zwierze zostało położone na (6, 9)
16 Jan 2025 22:26:14 GMT Urodziło się nowe zwierzę na (6, 9)
16 Jan 2025 22:26:15 GMT Roślinka wyrosła na (4, 0)
16 Jan 2025 22:26:15 GMT Roślinka wyrosła na (2, 9)
16 Jan 2025 22:26:15 GMT Roślinka wyrosła na (7, 1)
16 Jan 2025 22:26:15 GMT Roślinka wyrosła na (2, 3)
16 Jan 2025 22:26:15 GMT Roślinka wyrosła na (9, 9)
16 Jan 2025 22:26:15 GMT Roślinka wyrosła na (6, 4)
16 Jan 2025 22:26:15 GMT Roślinka wyrosła na (0, 0)
16 Jan 2025 22:26:15 GMT Roślinka wyrosła na (1, 9)
16 Jan 2025 22:26:15 GMT Roślinka wyrosła na (5, 9)
16 Jan 2025 22:26:16 GMT Roślinka wyrosła na (5, 7)
16 Jan 2025 22:26:17 GMT Długość listy pozycji: 10
Lista pozycji zwierząt: {(2, 3)=[^], (1, 2)=[◢], (5, 8)=[◣], (0, 3)=[◣], (6, 9)=[<, ◥, ◥, ◣], (0, 5)=[>], (0, 6)=[>], (3, 0)=[<], (8, 6)=[◢], (9, 7)=[◥]}
16 Jan 2025 22:26:17 GMT Zwierzę poruszyło się z (2, 2) na (2, 3)
16 Jan 2025 22:26:18 GMT Długość listy pozycji: 10
Lista pozycji zwierząt: {(2, 3)=[^], (1, 2)=[◢], (5, 8)=[◣], (0, 3)=[◣], (6, 9)=[<, ◥, ◥, ◣], (0, 5)=[>], (0, 7)=[^], (3, 0)=[<], (8, 6)=[◢], (9, 7)=[◥]}
16 Jan 2025 22:26:18 GMT Zwierzę poruszyło się z (0, 6) na (0, 7)
16 Jan 2025 22:26:19 GMT Długość listy pozycji: 10
Lista pozycji zwierząt: {(9, 8)=[^], (2, 3)=[^], (1, 2)=[◢], (5, 8)=[◣], (0, 3)=[◣], (6, 9)=[<, ◥, ◥, ◣], (0, 5)=[>], (0, 7)=[^], (3, 0)=[<], (8, 6)=[◢]}
16 Jan 2025 22:26:19 GMT Zwierzę poruszyło się z (9, 7) na (9, 8)
16 Jan 2025 22:26:19 GMT Długość listy pozycji: 10
Lista pozycji zwierząt: {(9, 8)=[^], (2, 3)=[^], (1, 2)=[◢], (5, 8)=[◣], (0, 3)=[◣], (6, 9)=[<, ◥, ◥, ◣], (0, 6)=[^], (0, 7)=[^], (3, 0)=[<], (8, 6)=[◢]}
16 Jan 2025 22:26:19 GMT Zwierzę poruszyło się z (0, 5) na (0, 6)
16 Jan 2025 22:26:20 GMT Długość listy pozycji: 10
Lista pozycji zwierząt: {(9, 8)=[^], (2, 3)=[^], (1, 2)=[◢], (0, 3)=[◣], (6, 9)=[<, ◥, ◥, ^], (5, 9)=[^], (0, 6)=[^], (0, 7)=[^], (3, 0)=[<], (8, 6)=[◢]}
16 Jan 2025 22:26:20 GMT Zwierzę poruszyło się z (5, 8) na (5, 9)
16 Jan 2025 22:26:20 GMT Długość listy pozycji: 10
Lista pozycji zwierząt: {(8, 7)=[^], (9, 8)=[^], (2, 3)=[^], (1, 2)=[◢], (0, 3)=[◣], (6, 9)=[<, ◥, ◥, ^], (5, 9)=[^], (0, 6)=[^], (0, 7)=[^], (3, 0)=[<]}
16 Jan 2025 22:26:20 GMT Zwierzę poruszyło się z (8, 6) na (8, 7)
16 Jan 2025 22:26:21 GMT Długość listy pozycji: 10
Lista pozycji zwierząt: {(8, 7)=[^], (9, 8)=[^], (2, 3)=[^], (1, 2)=[◢], (6, 9)=[<, ◥, ◥, ^], (0, 4)=[^], (5, 9)=[^], (0, 6)=[^], (0, 7)=[^], (3, 0)=[<]}
16 Jan 2025 22:26:21 GMT Zwierzę poruszyło się z (0, 3) na (0, 4)
16 Jan 2025 22:26:21 GMT Długość listy pozycji: 10
Lista pozycji zwierząt: {(8, 7)=[^], (9, 8)=[^], (2, 3)=[^], (1, 3)=[^], (6, 9)=[<, ◥, ◥, ^], (0, 4)=[^], (5, 9)=[^], (0, 6)=[^], (0, 7)=[^], (3, 0)=[<]}
16 Jan 2025 22:26:21 GMT Zwierzę poruszyło się z (1, 2) na (1, 3)
16 Jan 2025 22:26:22 GMT Długość listy pozycji: 10
Lista pozycji zwierząt: {(8, 7)=[^], (9, 8)=[^], (2, 3)=[^], (1, 3)=[^], (6, 9)=[<, ◥, ◥, ^], (0, 4)=[^], (5, 9)=[^], (0, 6)=[^], (0, 7)=[^], (3, 1)=[^]}
16 Jan 2025 22:26:22 GMT Zwierzę poruszyło się z (3, 0) na (3, 1)
16 Jan 2025 22:26:22 GMT Zwierzę zjadło roślinkę na (2, 3)
16 Jan 2025 22:26:22 GMT Zwierzę zjadło roślinkę na (1, 3)
16 Jan 2025 22:26:22 GMT Zwierzę zjadło roślinkę na (0, 4)
16 Jan 2025 22:26:22 GMT Zwierzę zjadło roślinkę na (5, 9)
16 Jan 2025 22:26:22 GMT Zwierzę zjadło roślinkę na (0, 7)
16 Jan 2025 22:26:22 GMT Zwierzę zjadło roślinkę na (3, 1)
16 Jan 2025 22:26:23 GMT Zwierze zostało położone na (6, 9)
16 Jan 2025 22:26:23 GMT Urodziło się nowe zwierzę na (6, 9)
16 Jan 2025 22:26:23 GMT Roślinka wyrosła na (9, 1)
16 Jan 2025 22:26:24 GMT Roślinka wyrosła na (5, 3)
16 Jan 2025 22:26:24 GMT Roślinka wyrosła na (3, 3)
16 Jan 2025 22:26:24 GMT Roślinka wyrosła na (8, 1)
16 Jan 2025 22:26:24 GMT Roślinka wyrosła na (1, 0)
16 Jan 2025 22:26:24 GMT Roślinka wyrosła na (4, 8)
16 Jan 2025 22:26:24 GMT Roślinka wyrosła na (1, 2)
16 Jan 2025 22:26:24 GMT Roślinka wyrosła na (8, 4)
16 Jan 2025 22:26:24 GMT Roślinka wyrosła na (1, 7)
16 Jan 2025 22:26:24 GMT Roślinka wyrosła na (0, 2)
16 Jan 2025 22:26:25 GMT Długość listy pozycji: 10
Lista pozycji zwierząt: {(3, 2)=[◢], (8, 7)=[^], (9, 8)=[^], (1, 3)=[^], (6, 9)=[◥, <, ◥, ◥, ^], (0, 4)=[^], (5, 9)=[^], (0, 6)=[^], (0, 7)=[^], (3, 1)=[^]}
16 Jan 2025 22:26:25 GMT Zwierzę poruszyło się z (2, 3) na (3, 2)
16 Jan 2025 22:26:25 GMT Długość listy pozycji: 10
Lista pozycji zwierząt: {(3, 2)=[◢], (8, 7)=[^], (9, 8)=[^], (1, 3)=[^], (6, 9)=[◥, <, ◥, ◥, ^], (0, 4)=[^], (5, 9)=[^], (0, 6)=[^], (9, 7)=[<], (3, 1)=[^]}
16 Jan 2025 22:26:25 GMT Zwierzę poruszyło się z (0, 7) na (9, 7)
16 Jan 2025 22:26:26 GMT Długość listy pozycji: 10
Lista pozycji zwierząt: {(3, 2)=[◢], (8, 7)=[^], (8, 9)=[◤], (1, 3)=[^], (6, 9)=[◥, <, ◥, ◥, ^], (0, 4)=[^], (5, 9)=[^], (0, 6)=[^], (9, 7)=[<], (3, 1)=[^]}
16 Jan 2025 22:26:26 GMT Zwierzę poruszyło się z (9, 8) na (8, 9)
16 Jan 2025 22:26:26 GMT Długość listy pozycji: 10
Lista pozycji zwierząt: {(3, 2)=[◢], (8, 7)=[^], (8, 9)=[◤], (1, 3)=[^], (6, 9)=[◥, <, ◥, ◥, ^], (0, 4)=[^], (5, 9)=[^], (9, 6)=[<], (9, 7)=[<], (3, 1)=[^]}
16 Jan 2025 22:26:26 GMT Zwierzę poruszyło się z (0, 6) na (9, 6)
16 Jan 2025 22:26:27 GMT Długość listy pozycji: 10
Lista pozycji zwierząt: {(3, 2)=[◢], (8, 7)=[^], (8, 9)=[◤], (6, 8)=[◢], (1, 3)=[^], (6, 9)=[◥, <, ◥, ◥, ◢], (0, 4)=[^], (9, 6)=[<], (9, 7)=[<], (3, 1)=[^]}
16 Jan 2025 22:26:27 GMT Zwierzę poruszyło się z (5, 9) na (6, 8)
16 Jan 2025 22:26:27 GMT Długość listy pozycji: 10
Lista pozycji zwierząt: {(7, 6)=[◣], (3, 2)=[◢], (8, 9)=[◤], (6, 8)=[◢], (1, 3)=[^], (6, 9)=[◥, <, ◥, ◥, ◢], (0, 4)=[^], (9, 6)=[<], (9, 7)=[<], (3, 1)=[^]}
16 Jan 2025 22:26:27 GMT Zwierzę poruszyło się z (8, 7) na (7, 6)
16 Jan 2025 22:26:28 GMT Długość listy pozycji: 9
Lista pozycji zwierząt: {(7, 6)=[◣], (3, 2)=[◢], (8, 9)=[◤], (6, 8)=[◢], (1, 3)=[◢, ^], (6, 9)=[◥, <, ◥, ◥, ◢], (9, 6)=[<], (9, 7)=[<], (3, 1)=[^]}
16 Jan 2025 22:26:28 GMT Zwierzę poruszyło się z (0, 4) na (1, 3)
16 Jan 2025 22:26:28 GMT Długość listy pozycji: 10
Lista pozycji zwierząt: {(7, 6)=[◣], (3, 2)=[◢], (8, 9)=[◤], (0, 2)=[◣], (6, 8)=[◢], (1, 3)=[◢], (6, 9)=[◥, <, ◥, ◥, ◢], (9, 6)=[<], (9, 7)=[<], (3, 1)=[^]}
16 Jan 2025 22:26:28 GMT Zwierzę poruszyło się z (1, 3) na (0, 2)
16 Jan 2025 22:26:29 GMT Długość listy pozycji: 10
Lista pozycji zwierząt: {(7, 6)=[◣], (3, 2)=[◢], (8, 9)=[◤], (0, 2)=[◣], (6, 8)=[◢], (1, 3)=[◢], (6, 9)=[◥, <, ◥, ◥, ◢], (4, 1)=[>], (9, 6)=[<], (9, 7)=[<]}
16 Jan 2025 22:26:29 GMT Zwierzę poruszyło się z (3, 1) na (4, 1)
16 Jan 2025 22:26:29 GMT Zwierzę zjadło roślinkę na (3, 2)
16 Jan 2025 22:26:29 GMT Zwierzę zjadło roślinkę na (8, 9)
16 Jan 2025 22:26:29 GMT Zwierzę zjadło roślinkę na (0, 2)
16 Jan 2025 22:26:30 GMT Zwierze zostało położone na (6, 9)
16 Jan 2025 22:26:30 GMT Urodziło się nowe zwierzę na (6, 9)
16 Jan 2025 22:26:30 GMT Roślinka wyrosła na (7, 8)
16 Jan 2025 22:26:30 GMT Roślinka wyrosła na (9, 8)
16 Jan 2025 22:26:30 GMT Roślinka wyrosła na (2, 0)
16 Jan 2025 22:26:30 GMT Roślinka wyrosła na (9, 7)
16 Jan 2025 22:26:30 GMT Roślinka wyrosła na (5, 4)
16 Jan 2025 22:26:30 GMT Roślinka wyrosła na (6, 2)
16 Jan 2025 22:26:30 GMT Roślinka wyrosła na (4, 2)
16 Jan 2025 22:26:30 GMT Roślinka wyrosła na (3, 7)
16 Jan 2025 22:26:30 GMT Roślinka wyrosła na (6, 0)
16 Jan 2025 22:26:30 GMT Roślinka wyrosła na (2, 2)
16 Jan 2025 22:26:31 GMT Długość listy pozycji: 10
Lista pozycji zwierząt: {(7, 6)=[◣], (2, 2)=[<], (8, 9)=[◤], (0, 2)=[◣], (6, 8)=[◢], (1, 3)=[◢], (6, 9)=[v, ◥, <, ◥, ◥, ◢], (4, 1)=[>], (9, 6)=[<], (9, 7)=[<]}
16 Jan 2025 22:26:31 GMT Zwierzę poruszyło się z (3, 2) na (2, 2)
16 Jan 2025 22:26:32 GMT Długość listy pozycji: 9
Lista pozycji zwierząt: {(7, 6)=[◣], (2, 2)=[<], (8, 9)=[◤], (0, 2)=[◣], (6, 8)=[◢], (1, 3)=[◢], (6, 9)=[v, ◥, <, ◥, ◥, ◢], (4, 1)=[>], (9, 6)=[v, <]}
16 Jan 2025 22:26:32 GMT Zwierzę poruszyło się z (9, 7) na (9, 6)
16 Jan 2025 22:26:32 GMT Długość listy pozycji: 9
Lista pozycji zwierząt: {(7, 6)=[◣], (2, 2)=[<], (7, 9)=[<], (0, 2)=[◣], (6, 8)=[◢], (1, 3)=[◢], (6, 9)=[v, ◥, <, ◥, ◥, ◢], (4, 1)=[>], (9, 6)=[v, <]}
16 Jan 2025 22:26:32 GMT Zwierzę poruszyło się z (8, 9) na (7, 9)
16 Jan 2025 22:26:33 GMT Długość listy pozycji: 10
Lista pozycji zwierząt: {(7, 6)=[◣], (2, 2)=[<], (7, 9)=[<], (0, 2)=[◣], (6, 8)=[◢], (1, 3)=[◢], (6, 9)=[v, ◥, <, ◥, ◥, ◢], (9, 5)=[v], (4, 1)=[>], (9, 6)=[v]}
16 Jan 2025 22:26:33 GMT Zwierzę poruszyło się z (9, 6) na (9, 5)
16 Jan 2025 22:26:33 GMT Długość listy pozycji: 10
Lista pozycji zwierząt: {(7, 6)=[◣], (2, 2)=[<], (7, 9)=[<], (0, 2)=[◣], (1, 3)=[◢], (5, 8)=[<], (6, 9)=[v, ◥, <, ◥, ◥, <], (9, 5)=[v], (4, 1)=[>], (9, 6)=[v]}
16 Jan 2025 22:26:33 GMT Zwierzę poruszyło się z (6, 8) na (5, 8)
16 Jan 2025 22:26:34 GMT Długość listy pozycji: 10
Lista pozycji zwierząt: {(2, 2)=[<], (7, 9)=[<], (0, 2)=[◣], (1, 3)=[◢], (5, 8)=[<], (6, 9)=[v, ◥, <, ◥, ◥, <], (9, 5)=[v], (4, 1)=[>], (9, 6)=[v], (8, 6)=[>]}
16 Jan 2025 22:26:34 GMT Zwierzę poruszyło się z (7, 6) na (8, 6)
16 Jan 2025 22:26:34 GMT Długość listy pozycji: 10
Lista pozycji zwierząt: {(2, 2)=[<], (7, 9)=[<], (0, 2)=[◣], (0, 3)=[<], (5, 8)=[<], (6, 9)=[v, ◥, <, ◥, ◥, <], (9, 5)=[v], (4, 1)=[>], (9, 6)=[v], (8, 6)=[>]}
16 Jan 2025 22:26:34 GMT Zwierzę poruszyło się z (1, 3) na (0, 3)
16 Jan 2025 22:26:35 GMT Długość listy pozycji: 10
Lista pozycji zwierząt: {(2, 2)=[<], (1, 2)=[>], (7, 9)=[<], (0, 3)=[<], (5, 8)=[<], (6, 9)=[v, ◥, <, ◥, ◥, <], (9, 5)=[v], (4, 1)=[>], (9, 6)=[v], (8, 6)=[>]}
16 Jan 2025 22:26:35 GMT Zwierzę poruszyło się z (0, 2) na (1, 2)
16 Jan 2025 22:26:35 GMT Długość listy pozycji: 10
Lista pozycji zwierząt: {(2, 2)=[<], (1, 2)=[>], (7, 9)=[<], (0, 3)=[<], (5, 8)=[<], (6, 9)=[v, ◥, <, ◥, ◥, <], (4, 0)=[v], (9, 5)=[v], (9, 6)=[v], (8, 6)=[>]}
16 Jan 2025 22:26:35 GMT Zwierzę poruszyło się z (4, 1) na (4, 0)
16 Jan 2025 22:26:36 GMT Zwierzę zjadło roślinkę na (2, 2)
16 Jan 2025 22:26:36 GMT Zwierzę zjadło roślinkę na (1, 2)
16 Jan 2025 22:26:36 GMT Zwierzę zjadło roślinkę na (7, 9)
16 Jan 2025 22:26:36 GMT Zwierzę zjadło roślinkę na (4, 0)
16 Jan 2025 22:26:37 GMT Zwierze zostało położone na (6, 9)
16 Jan 2025 22:26:37 GMT Urodziło się nowe zwierzę na (6, 9)
16 Jan 2025 22:26:37 GMT Roślinka wyrosła na (3, 8)
16 Jan 2025 22:26:37 GMT Roślinka wyrosła na (8, 3)
16 Jan 2025 22:26:37 GMT Roślinka wyrosła na (0, 3)
16 Jan 2025 22:26:37 GMT Roślinka wyrosła na (7, 2)
16 Jan 2025 22:26:37 GMT Roślinka wyrosła na (6, 3)
16 Jan 2025 22:26:37 GMT Roślinka wyrosła na (6, 8)
16 Jan 2025 22:26:37 GMT Roślinka wyrosła na (9, 3)
16 Jan 2025 22:26:37 GMT Roślinka wyrosła na (6, 9)
16 Jan 2025 22:26:37 GMT Roślinka wyrosła na (5, 8)
16 Jan 2025 22:26:37 GMT Roślinka wyrosła na (0, 8)
16 Jan 2025 22:26:38 GMT Długość listy pozycji: 10
Lista pozycji zwierząt: {(3, 3)=[◥], (1, 2)=[>], (7, 9)=[<], (0, 3)=[<], (5, 8)=[<], (6, 9)=[◢, v, ◥, <, ◥, ◥, <], (4, 0)=[v], (9, 5)=[v], (9, 6)=[v], (8, 6)=[>]}
16 Jan 2025 22:26:38 GMT Zwierzę poruszyło się z (2, 2) na (3, 3)
16 Jan 2025 22:26:39 GMT Długość listy pozycji: 10
Lista pozycji zwierząt: {(3, 3)=[◥], (1, 2)=[>], (7, 9)=[<], (0, 3)=[<], (5, 8)=[<], (6, 9)=[◢, v, ◥, <, ◥, ◥, <], (0, 6)=[>], (4, 0)=[v], (9, 5)=[v], (8, 6)=[>]}
16 Jan 2025 22:26:39 GMT Zwierzę poruszyło się z (9, 6) na (0, 6)
16 Jan 2025 22:26:39 GMT Długość listy pozycji: 10
Lista pozycji zwierząt: {(3, 3)=[◥], (1, 2)=[>], (6, 8)=[◣], (0, 3)=[<], (5, 8)=[<], (6, 9)=[◢, v, ◥, <, ◥, ◥, <], (0, 6)=[>], (4, 0)=[v], (9, 5)=[v], (8, 6)=[>]}
16 Jan 2025 22:26:39 GMT Zwierzę poruszyło się z (7, 9) na (6, 8)
16 Jan 2025 22:26:40 GMT Długość listy pozycji: 10
Lista pozycji zwierząt: {(3, 3)=[◥], (1, 2)=[>], (6, 8)=[◣], (0, 3)=[<], (5, 8)=[<], (6, 9)=[◢, v, ◥, <, ◥, ◥, <], (0, 5)=[>], (0, 6)=[>], (4, 0)=[v], (8, 6)=[>]}
16 Jan 2025 22:26:40 GMT Zwierzę poruszyło się z (9, 5) na (0, 5)
16 Jan 2025 22:26:40 GMT Długość listy pozycji: 9
Lista pozycji zwierząt: {(3, 3)=[◥], (1, 2)=[>], (6, 8)=[◣], (0, 3)=[<], (6, 9)=[◢, ◥, v, ◥, <, ◥, ◥, ◥], (0, 5)=[>], (0, 6)=[>], (4, 0)=[v], (8, 6)=[>]}
16 Jan 2025 22:26:40 GMT Zwierzę poruszyło się z (5, 8) na (6, 9)
16 Jan 2025 22:26:41 GMT Długość listy pozycji: 9
Lista pozycji zwierząt: {(7, 7)=[◤], (3, 3)=[◥], (1, 2)=[>], (6, 8)=[◣], (0, 3)=[<], (6, 9)=[◢, ◥, v, ◥, <, ◥, ◥, ◥], (0, 5)=[>], (0, 6)=[>], (4, 0)=[v]}
16 Jan 2025 22:26:41 GMT Zwierzę poruszyło się z (8, 6) na (7, 7)
16 Jan 2025 22:26:41 GMT Długość listy pozycji: 9
Lista pozycji zwierząt: {(7, 7)=[◤], (3, 3)=[◥], (1, 2)=[>], (6, 8)=[◣], (1, 4)=[◥], (6, 9)=[◢, ◥, v, ◥, <, ◥, ◥, ◥], (0, 5)=[>], (0, 6)=[>], (4, 0)=[v]}
16 Jan 2025 22:26:41 GMT Zwierzę poruszyło się z (0, 3) na (1, 4)
16 Jan 2025 22:26:42 GMT Długość listy pozycji: 9
Lista pozycji zwierząt: {(7, 7)=[◤], (3, 3)=[◥], (6, 8)=[◣], (0, 3)=[◤], (1, 4)=[◥], (6, 9)=[◢, ◥, v, ◥, <, ◥, ◥, ◥], (0, 5)=[>], (0, 6)=[>], (4, 0)=[v]}
16 Jan 2025 22:26:42 GMT Zwierzę poruszyło się z (1, 2) na (0, 3)
16 Jan 2025 22:26:42 GMT Długość listy pozycji: 9
Lista pozycji zwierząt: {(7, 7)=[◤], (3, 3)=[◥], (6, 8)=[◣], (0, 3)=[◤], (1, 4)=[◥], (6, 9)=[◢, ◥, v, ◥, <, ◥, ◥, ◥], (0, 5)=[>], (0, 6)=[>], (3, 0)=[<]}
16 Jan 2025 22:26:42 GMT Zwierzę poruszyło się z (4, 0) na (3, 0)
16 Jan 2025 22:26:43 GMT Zwierzę zjadło roślinkę na (3, 3)
16 Jan 2025 22:26:43 GMT Zwierzę zjadło roślinkę na (6, 8)
16 Jan 2025 22:26:43 GMT Zwierzę zjadło roślinkę na (0, 3)
16 Jan 2025 22:26:43 GMT Zwierzę zjadło roślinkę na (6, 9)
16 Jan 2025 22:26:43 GMT Zwierze zostało położone na (6, 9)
16 Jan 2025 22:26:43 GMT Urodziło się nowe zwierzę na (6, 9)
16 Jan 2025 22:26:44 GMT Roślinka wyrosła na null
16 Jan 2025 22:26:44 GMT Roślinka wyrosła na null
16 Jan 2025 22:26:44 GMT Roślinka wyrosła na null
16 Jan 2025 22:26:44 GMT Roślinka wyrosła na null
16 Jan 2025 22:26:44 GMT Roślinka wyrosła na null
16 Jan 2025 22:26:44 GMT Roślinka wyrosła na null
16 Jan 2025 22:26:44 GMT Roślinka wyrosła na null
16 Jan 2025 22:26:44 GMT Roślinka wyrosła na null
16 Jan 2025 22:26:44 GMT Roślinka wyrosła na null
16 Jan 2025 22:26:44 GMT Roślinka wyrosła na null
16 Jan 2025 22:26:45 GMT Długość listy pozycji: 9
Lista pozycji zwierząt: {(3, 2)=[v], (7, 7)=[◤], (6, 8)=[◣], (0, 3)=[◤], (1, 4)=[◥], (6, 9)=[<, ◢, ◥, v, ◥, <, ◥, ◥, ◥], (0, 5)=[>], (0, 6)=[>], (3, 0)=[<]}
16 Jan 2025 22:26:45 GMT Zwierzę poruszyło się z (3, 3) na (3, 2)
16 Jan 2025 22:26:45 GMT Długość listy pozycji: 9
Lista pozycji zwierząt: {(3, 2)=[v], (7, 7)=[◤], (6, 8)=[◣], (0, 3)=[◤], (1, 4)=[◥], (6, 9)=[<, ◢, ◥, v, ◥, <, ◥, ◥, ◥], (0, 5)=[>], (0, 7)=[^], (3, 0)=[<]}
16 Jan 2025 22:26:45 GMT Zwierzę poruszyło się z (0, 6) na (0, 7)
16 Jan 2025 22:26:46 GMT Długość listy pozycji: 9
Lista pozycji zwierząt: {(3, 2)=[v], (7, 7)=[◤], (6, 7)=[v], (0, 3)=[◤], (1, 4)=[◥], (6, 9)=[<, ◢, ◥, v, ◥, <, ◥, ◥, ◥], (0, 5)=[>], (0, 7)=[^], (3, 0)=[<]}
16 Jan 2025 22:26:46 GMT Zwierzę poruszyło się z (6, 8) na (6, 7)
16 Jan 2025 22:26:46 GMT Długość listy pozycji: 9
Lista pozycji zwierząt: {(3, 2)=[v], (7, 7)=[◤], (6, 7)=[v], (0, 3)=[◤], (1, 4)=[◥], (6, 9)=[<, ◢, ◥, v, ◥, <, ◥, ◥, ◥], (0, 6)=[^], (0, 7)=[^], (3, 0)=[<]}
16 Jan 2025 22:26:46 GMT Zwierzę poruszyło się z (0, 5) na (0, 6)
16 Jan 2025 22:26:47 GMT Długość listy pozycji: 10
Lista pozycji zwierząt: {(3, 2)=[v], (7, 7)=[◤], (6, 7)=[v], (6, 8)=[v], (0, 3)=[◤], (1, 4)=[◥], (6, 9)=[<, ◢, v, ◥, <, ◥, ◥, v], (0, 6)=[^], (0, 7)=[^], (3, 0)=[<]}
16 Jan 2025 22:26:47 GMT Zwierzę poruszyło się z (6, 9) na (6, 8)
16 Jan 2025 22:26:47 GMT Długość listy pozycji: 10
Lista pozycji zwierząt: {(7, 6)=[v], (3, 2)=[v], (6, 7)=[v], (6, 8)=[v], (0, 3)=[◤], (1, 4)=[◥], (6, 9)=[<, ◢, v, ◥, <, ◥, ◥, v], (0, 6)=[^], (0, 7)=[^], (3, 0)=[<]}
16 Jan 2025 22:26:47 GMT Zwierzę poruszyło się z (7, 7) na (7, 6)
16 Jan 2025 22:26:48 GMT Długość listy pozycji: 10
Lista pozycji zwierząt: {(7, 6)=[v], (3, 2)=[v], (6, 7)=[v], (1, 3)=[v], (6, 8)=[v], (0, 3)=[◤], (6, 9)=[<, ◢, v, ◥, <, ◥, ◥, v], (0, 6)=[^], (0, 7)=[^], (3, 0)=[<]}
16 Jan 2025 22:26:48 GMT Zwierzę poruszyło się z (1, 4) na (1, 3)
16 Jan 2025 22:26:48 GMT Długość listy pozycji: 10
Lista pozycji zwierząt: {(7, 6)=[v], (3, 2)=[v], (6, 7)=[v], (0, 2)=[v], (1, 3)=[v], (6, 8)=[v], (6, 9)=[<, ◢, v, ◥, <, ◥, ◥, v], (0, 6)=[^], (0, 7)=[^], (3, 0)=[<]}
16 Jan 2025 22:26:48 GMT Zwierzę poruszyło się z (0, 3) na (0, 2)
16 Jan 2025 22:26:49 GMT Długość listy pozycji: 10
Lista pozycji zwierząt: {(7, 6)=[v], (3, 2)=[v], (6, 7)=[v], (0, 2)=[v], (1, 3)=[v], (6, 8)=[v], (6, 9)=[<, ◢, v, ◥, <, ◥, ◥, v], (0, 6)=[^], (0, 7)=[^], (3, 1)=[^]}
16 Jan 2025 22:26:49 GMT Zwierzę poruszyło się z (3, 0) na (3, 1)
16 Jan 2025 22:26:49 GMT Zwierzę zjadło roślinkę na (6, 7)
16 Jan 2025 22:26:50 GMT Zwierze zostało położone na (6, 9)
16 Jan 2025 22:26:50 GMT Urodziło się nowe zwierzę na (6, 9)
16 Jan 2025 22:26:51 GMT Roślinka wyrosła na null
16 Jan 2025 22:26:51 GMT Roślinka wyrosła na null
16 Jan 2025 22:26:51 GMT Roślinka wyrosła na null
16 Jan 2025 22:26:51 GMT Roślinka wyrosła na null
16 Jan 2025 22:26:51 GMT Roślinka wyrosła na null
16 Jan 2025 22:26:51 GMT Roślinka wyrosła na null
16 Jan 2025 22:26:51 GMT Roślinka wyrosła na null
16 Jan 2025 22:26:51 GMT Roślinka wyrosła na null
16 Jan 2025 22:26:51 GMT Roślinka wyrosła na null
16 Jan 2025 22:26:51 GMT Roślinka wyrosła na null
16 Jan 2025 22:26:52 GMT Długość listy pozycji: 10
Lista pozycji zwierząt: {(7, 6)=[v], (2, 3)=[◤], (6, 7)=[v], (0, 2)=[v], (1, 3)=[v], (6, 8)=[v], (6, 9)=[◥, <, ◢, v, ◥, <, ◥, ◥, v], (0, 6)=[^], (0, 7)=[^], (3, 1)=[^]}
16 Jan 2025 22:26:52 GMT Zwierzę poruszyło się z (3, 2) na (2, 3)
16 Jan 2025 22:26:52 GMT Długość listy pozycji: 10
Lista pozycji zwierząt: {(7, 6)=[v], (2, 3)=[◤], (6, 7)=[v], (0, 2)=[v], (1, 3)=[v], (6, 8)=[v], (6, 9)=[◥, <, ◢, v, ◥, <, ◥, ◥, v], (0, 6)=[^], (9, 7)=[<], (3, 1)=[^]}
16 Jan 2025 22:26:52 GMT Zwierzę poruszyło się z (0, 7) na (9, 7)
16 Jan 2025 22:26:53 GMT Długość listy pozycji: 9
Lista pozycji zwierząt: {(7, 6)=[◢, v], (2, 3)=[◤], (0, 2)=[v], (1, 3)=[v], (6, 8)=[v], (6, 9)=[◥, <, ◢, v, ◥, <, ◥, ◥, v], (0, 6)=[^], (9, 7)=[<], (3, 1)=[^]}
16 Jan 2025 22:26:53 GMT Zwierzę poruszyło się z (6, 7) na (7, 6)
16 Jan 2025 22:26:53 GMT Długość listy pozycji: 9
Lista pozycji zwierząt: {(7, 6)=[◢, v], (2, 3)=[◤], (0, 2)=[v], (1, 3)=[v], (6, 8)=[v], (6, 9)=[◥, <, ◢, v, ◥, <, ◥, ◥, v], (9, 6)=[<], (9, 7)=[<], (3, 1)=[^]}
16 Jan 2025 22:26:53 GMT Zwierzę poruszyło się z (0, 6) na (9, 6)
16 Jan 2025 22:26:54 GMT Długość listy pozycji: 9
Lista pozycji zwierząt: {(7, 6)=[◢, v], (2, 3)=[◤], (0, 2)=[v], (1, 3)=[v], (6, 9)=[◥, <, ◢, v, ◥, <, ◥, ◥, ◤], (5, 9)=[◤], (9, 6)=[<], (9, 7)=[<], (3, 1)=[^]}
16 Jan 2025 22:26:54 GMT Zwierzę poruszyło się z (6, 8) na (5, 9)
16 Jan 2025 22:26:54 GMT Długość listy pozycji: 10
Lista pozycji zwierząt: {(8, 7)=[◥], (7, 6)=[◢], (2, 3)=[◤], (0, 2)=[v], (1, 3)=[v], (6, 9)=[◥, <, ◢, v, ◥, <, ◥, ◥, ◤], (5, 9)=[◤], (9, 6)=[<], (9, 7)=[<], (3, 1)=[^]}
16 Jan 2025 22:26:54 GMT Zwierzę poruszyło się z (7, 6) na (8, 7)
16 Jan 2025 22:26:55 GMT Długość listy pozycji: 10
Lista pozycji zwierząt: {(8, 7)=[◥], (7, 6)=[◢], (2, 3)=[◤], (0, 2)=[v], (6, 9)=[◥, <, ◢, v, ◥, <, ◥, ◥, ◤], (0, 4)=[◤], (5, 9)=[◤], (9, 6)=[<], (9, 7)=[<], (3, 1)=[^]}
16 Jan 2025 22:26:55 GMT Zwierzę poruszyło się z (1, 3) na (0, 4)
16 Jan 2025 22:26:55 GMT Długość listy pozycji: 10
Lista pozycji zwierząt: {(8, 7)=[◥], (7, 6)=[◢], (2, 3)=[◤], (1, 3)=[◥], (6, 9)=[◥, <, ◢, v, ◥, <, ◥, ◥, ◤], (0, 4)=[◤], (5, 9)=[◤], (9, 6)=[<], (9, 7)=[<], (3, 1)=[^]}
16 Jan 2025 22:26:55 GMT Zwierzę poruszyło się z (0, 2) na (1, 3)
16 Jan 2025 22:26:56 GMT Długość listy pozycji: 10
Lista pozycji zwierząt: {(8, 7)=[◥], (7, 6)=[◢], (2, 3)=[◤], (1, 3)=[◥], (6, 9)=[◥, <, ◢, v, ◥, <, ◥, ◥, ◤], (0, 4)=[◤], (5, 9)=[◤], (4, 1)=[>], (9, 6)=[<], (9, 7)=[<]}
16 Jan 2025 22:26:56 GMT Zwierzę poruszyło się z (3, 1) na (4, 1)
16 Jan 2025 22:26:56 GMT Zwierzę zjadło roślinkę na (9, 7)
16 Jan 2025 22:26:57 GMT Zwierze zostało położone na (6, 9)
16 Jan 2025 22:26:57 GMT Urodziło się nowe zwierzę na (6, 9)
16 Jan 2025 22:26:57 GMT Roślinka wyrosła na null
16 Jan 2025 22:26:57 GMT Roślinka wyrosła na null
16 Jan 2025 22:26:57 GMT Roślinka wyrosła na null
16 Jan 2025 22:26:57 GMT Roślinka wyrosła na null
16 Jan 2025 22:26:57 GMT Roślinka wyrosła na null
16 Jan 2025 22:26:57 GMT Roślinka wyrosła na null
16 Jan 2025 22:26:57 GMT Roślinka wyrosła na null
16 Jan 2025 22:26:57 GMT Roślinka wyrosła na null
16 Jan 2025 22:26:57 GMT Roślinka wyrosła na null
16 Jan 2025 22:26:57 GMT Roślinka wyrosła na null
16 Jan 2025 22:26:58 GMT Długość listy pozycji: 10
Lista pozycji zwierząt: {(8, 7)=[◥], (7, 6)=[◢], (3, 3)=[>], (1, 3)=[◥], (6, 9)=[◣, ◥, <, ◢, v, ◥, <, ◥, ◥, ◤], (0, 4)=[◤], (5, 9)=[◤], (4, 1)=[>], (9, 6)=[<], (9, 7)=[<]}
16 Jan 2025 22:26:58 GMT Zwierzę poruszyło się z (2, 3) na (3, 3)
16 Jan 2025 22:26:59 GMT Długość listy pozycji: 9
Lista pozycji zwierząt: {(8, 7)=[◥], (7, 6)=[◢], (3, 3)=[>], (1, 3)=[◥], (6, 9)=[◣, ◥, <, ◢, v, ◥, <, ◥, ◥, ◤], (0, 4)=[◤], (5, 9)=[◤], (4, 1)=[>], (9, 6)=[v, <]}
16 Jan 2025 22:26:59 GMT Zwierzę poruszyło się z (9, 7) na (9, 6)
16 Jan 2025 22:26:59 GMT Długość listy pozycji: 9
Lista pozycji zwierząt: {(8, 7)=[◥], (3, 3)=[>], (1, 3)=[◥], (6, 9)=[◣, ◥, <, ◢, v, ◥, <, ◥, ◥, ◤], (0, 4)=[◤], (5, 9)=[◤], (4, 1)=[>], (9, 6)=[v, <], (8, 6)=[>]}
16 Jan 2025 22:26:59 GMT Zwierzę poruszyło się z (7, 6) na (8, 6)
16 Jan 2025 22:27:00 GMT Długość listy pozycji: 10
Lista pozycji zwierząt: {(8, 7)=[◥], (3, 3)=[>], (1, 3)=[◥], (6, 9)=[◣, ◥, <, ◢, v, ◥, <, ◥, ◥, ◤], (0, 4)=[◤], (5, 9)=[◤], (9, 5)=[v], (4, 1)=[>], (9, 6)=[v], (8, 6)=[>]}
16 Jan 2025 22:27:00 GMT Zwierzę poruszyło się z (9, 6) na (9, 5)
16 Jan 2025 22:27:00 GMT Długość listy pozycji: 9
Lista pozycji zwierząt: {(8, 7)=[◥], (3, 3)=[>], (1, 3)=[◥], (6, 9)=[◣, >, ◥, <, ◢, v, ◥, <, ◥, ◥, >], (0, 4)=[◤], (9, 5)=[v], (4, 1)=[>], (9, 6)=[v], (8, 6)=[>]}
16 Jan 2025 22:27:00 GMT Zwierzę poruszyło się z (5, 9) na (6, 9)
16 Jan 2025 22:27:01 GMT Długość listy pozycji: 9
Lista pozycji zwierząt: {(7, 7)=[<], (3, 3)=[>], (1, 3)=[◥], (6, 9)=[◣, >, ◥, <, ◢, v, ◥, <, ◥, ◥, >], (0, 4)=[◤], (9, 5)=[v], (4, 1)=[>], (9, 6)=[v], (8, 6)=[>]}
16 Jan 2025 22:27:01 GMT Zwierzę poruszyło się z (8, 7) na (7, 7)
16 Jan 2025 22:27:01 GMT Długość listy pozycji: 9
Lista pozycji zwierząt: {(7, 7)=[<], (3, 3)=[>], (1, 3)=[◥], (1, 4)=[>], (6, 9)=[◣, >, ◥, <, ◢, v, ◥, <, ◥, ◥, >], (9, 5)=[v], (4, 1)=[>], (9, 6)=[v], (8, 6)=[>]}
16 Jan 2025 22:27:01 GMT Zwierzę poruszyło się z (0, 4) na (1, 4)
16 Jan 2025 22:27:02 GMT Długość listy pozycji: 9
Lista pozycji zwierząt: {(7, 7)=[<], (3, 3)=[>], (0, 3)=[<], (1, 4)=[>], (6, 9)=[◣, >, ◥, <, ◢, v, ◥, <, ◥, ◥, >], (9, 5)=[v], (4, 1)=[>], (9, 6)=[v], (8, 6)=[>]}
16 Jan 2025 22:27:02 GMT Zwierzę poruszyło się z (1, 3) na (0, 3)
16 Jan 2025 22:27:03 GMT Długość listy pozycji: 9
Lista pozycji zwierząt: {(7, 7)=[<], (3, 3)=[>], (0, 3)=[<], (1, 4)=[>], (6, 9)=[◣, >, ◥, <, ◢, v, ◥, <, ◥, ◥, >], (4, 0)=[v], (9, 5)=[v], (9, 6)=[v], (8, 6)=[>]}
16 Jan 2025 22:27:03 GMT Zwierzę poruszyło się z (4, 1) na (4, 0)
16 Jan 2025 22:27:04 GMT Zwierze zostało położone na (6, 9)
16 Jan 2025 22:27:04 GMT Urodziło się nowe zwierzę na (6, 9)
16 Jan 2025 22:27:04 GMT Roślinka wyrosła na null
16 Jan 2025 22:27:04 GMT Roślinka wyrosła na null
16 Jan 2025 22:27:04 GMT Roślinka wyrosła na null
16 Jan 2025 22:27:04 GMT Roślinka wyrosła na null
16 Jan 2025 22:27:04 GMT Roślinka wyrosła na null
16 Jan 2025 22:27:04 GMT Roślinka wyrosła na null
16 Jan 2025 22:27:04 GMT Roślinka wyrosła na null
16 Jan 2025 22:27:04 GMT Roślinka wyrosła na null
16 Jan 2025 22:27:04 GMT Roślinka wyrosła na null
16 Jan 2025 22:27:04 GMT Roślinka wyrosła na null
16 Jan 2025 22:27:05 GMT Długość listy pozycji: 9
Lista pozycji zwierząt: {(2, 2)=[◣], (7, 7)=[<], (0, 3)=[<], (1, 4)=[>], (6, 9)=[◢, ◣, >, ◥, <, ◢, v, ◥, <, ◥, ◥, >], (4, 0)=[v], (9, 5)=[v], (9, 6)=[v], (8, 6)=[>]}
16 Jan 2025 22:27:05 GMT Zwierzę poruszyło się z (3, 3) na (2, 2)
16 Jan 2025 22:27:06 GMT Długość listy pozycji: 9
Lista pozycji zwierząt: {(2, 2)=[◣], (7, 7)=[<], (0, 3)=[<], (1, 4)=[>], (6, 9)=[◢, ◣, >, ◥, <, ◢, v, ◥, <, ◥, ◥, >], (0, 6)=[>], (4, 0)=[v], (9, 5)=[v], (8, 6)=[>]}
16 Jan 2025 22:27:06 GMT Zwierzę poruszyło się z (9, 6) na (0, 6)
16 Jan 2025 22:27:06 GMT Długość listy pozycji: 9
Lista pozycji zwierząt: {(2, 2)=[◣], (7, 7)=[<], (0, 3)=[<], (1, 4)=[>], (6, 9)=[◢, ◣, >, ◥, <, ◢, v, ◥, <, ◥, ◥, >], (0, 6)=[>], (4, 0)=[v], (9, 5)=[v], (9, 7)=[◥]}
16 Jan 2025 22:27:06 GMT Zwierzę poruszyło się z (8, 6) na (9, 7)
16 Jan 2025 22:27:07 GMT Długość listy pozycji: 9
Lista pozycji zwierząt: {(2, 2)=[◣], (7, 7)=[<], (0, 3)=[<], (1, 4)=[>], (6, 9)=[◢, ◣, >, ◥, <, ◢, v, ◥, <, ◥, ◥, >], (0, 5)=[>], (0, 6)=[>], (4, 0)=[v], (9, 7)=[◥]}
16 Jan 2025 22:27:07 GMT Zwierzę poruszyło się z (9, 5) na (0, 5)
16 Jan 2025 22:27:07 GMT Długość listy pozycji: 10
Lista pozycji zwierząt: {(2, 2)=[◣], (7, 7)=[<], (5, 8)=[◣], (0, 3)=[<], (1, 4)=[>], (6, 9)=[◢, ◣, ◥, <, ◢, v, ◥, <, ◥, ◥, ◣], (0, 5)=[>], (0, 6)=[>], (4, 0)=[v], (9, 7)=[◥]}
16 Jan 2025 22:27:07 GMT Zwierzę poruszyło się z (6, 9) na (5, 8)
16 Jan 2025 22:27:08 GMT Długość listy pozycji: 10
Lista pozycji zwierząt: {(2, 2)=[◣], (5, 8)=[◣], (0, 3)=[<], (1, 4)=[>], (6, 9)=[◢, ◣, ◥, <, ◢, v, ◥, <, ◥, ◥, ◣], (0, 5)=[>], (0, 6)=[>], (4, 0)=[v], (8, 6)=[◢], (9, 7)=[◥]}
16 Jan 2025 22:27:08 GMT Zwierzę poruszyło się z (7, 7) na (8, 6)
16 Jan 2025 22:27:08 GMT Długość listy pozycji: 9
Lista pozycji zwierząt: {(2, 2)=[◣], (5, 8)=[◣], (0, 3)=[<, ◣], (6, 9)=[◢, ◣, ◥, <, ◢, v, ◥, <, ◥, ◥, ◣], (0, 5)=[>], (0, 6)=[>], (4, 0)=[v], (8, 6)=[◢], (9, 7)=[◥]}
16 Jan 2025 22:27:08 GMT Zwierzę poruszyło się z (1, 4) na (0, 3)
16 Jan 2025 22:27:09 GMT Długość listy pozycji: 10
Lista pozycji zwierząt: {(2, 2)=[◣], (1, 2)=[◢], (5, 8)=[◣], (0, 3)=[◣], (6, 9)=[◢, ◣, ◥, <, ◢, v, ◥, <, ◥, ◥, ◣], (0, 5)=[>], (0, 6)=[>], (4, 0)=[v], (8, 6)=[◢], (9, 7)=[◥]}
16 Jan 2025 22:27:09 GMT Zwierzę poruszyło się z (0, 3) na (1, 2)
16 Jan 2025 22:27:09 GMT Długość listy pozycji: 10
Lista pozycji zwierząt: {(2, 2)=[◣], (1, 2)=[◢], (5, 8)=[◣], (0, 3)=[◣], (6, 9)=[◢, ◣, ◥, <, ◢, v, ◥, <, ◥, ◥, ◣], (0, 5)=[>], (0, 6)=[>], (3, 0)=[<], (8, 6)=[◢], (9, 7)=[◥]}
16 Jan 2025 22:27:09 GMT Zwierzę poruszyło się z (4, 0) na (3, 0)
16 Jan 2025 22:27:10 GMT Zwierzę zjadło roślinkę na (5, 8)
16 Jan 2025 22:27:10 GMT Zwierze zostało położone na (6, 9)
16 Jan 2025 22:27:10 GMT Urodziło się nowe zwierzę na (6, 9)
16 Jan 2025 22:27:11 GMT Roślinka wyrosła na null
16 Jan 2025 22:27:11 GMT Roślinka wyrosła na null
16 Jan 2025 22:27:11 GMT Roślinka wyrosła na null
16 Jan 2025 22:27:11 GMT Roślinka wyrosła na null
16 Jan 2025 22:27:11 GMT Roślinka wyrosła na null
16 Jan 2025 22:27:11 GMT Roślinka wyrosła na null
16 Jan 2025 22:27:11 GMT Roślinka wyrosła na null
16 Jan 2025 22:27:11 GMT Roślinka wyrosła na null
16 Jan 2025 22:27:11 GMT Roślinka wyrosła na null
16 Jan 2025 22:27:11 GMT Roślinka wyrosła na null
16 Jan 2025 22:27:12 GMT Długość listy pozycji: 10
Lista pozycji zwierząt: {(2, 3)=[^], (1, 2)=[◢], (5, 8)=[◣], (0, 3)=[◣], (6, 9)=[◤, ◢, ◣, ◥, <, ◢, v, ◥, <, ◥, ◥, ◣], (0, 5)=[>], (0, 6)=[>], (3, 0)=[<], (8, 6)=[◢], (9, 7)=[◥]}
16 Jan 2025 22:27:12 GMT Zwierzę poruszyło się z (2, 2) na (2, 3)
16 Jan 2025 22:27:12 GMT Długość listy pozycji: 10
Lista pozycji zwierząt: {(2, 3)=[^], (1, 2)=[◢], (5, 8)=[◣], (0, 3)=[◣], (6, 9)=[◤, ◢, ◣, ◥, <, ◢, v, ◥, <, ◥, ◥, ◣], (0, 5)=[>], (0, 7)=[^], (3, 0)=[<], (8, 6)=[◢], (9, 7)=[◥]}
16 Jan 2025 22:27:12 GMT Zwierzę poruszyło się z (0, 6) na (0, 7)
16 Jan 2025 22:27:13 GMT Długość listy pozycji: 10
Lista pozycji zwierząt: {(9, 8)=[^], (2, 3)=[^], (1, 2)=[◢], (5, 8)=[◣], (0, 3)=[◣], (6, 9)=[◤, ◢, ◣, ◥, <, ◢, v, ◥, <, ◥, ◥, ◣], (0, 5)=[>], (0, 7)=[^], (3, 0)=[<], (8, 6)=[◢]}
16 Jan 2025 22:27:13 GMT Zwierzę poruszyło się z (9, 7) na (9, 8)
16 Jan 2025 22:27:14 GMT Długość listy pozycji: 10
Lista pozycji zwierząt: {(9, 8)=[^], (2, 3)=[^], (1, 2)=[◢], (5, 8)=[◣], (0, 3)=[◣], (6, 9)=[◤, ◢, ◣, ◥, <, ◢, v, ◥, <, ◥, ◥, ◣], (0, 6)=[^], (0, 7)=[^], (3, 0)=[<], (8, 6)=[◢]}
16 Jan 2025 22:27:14 GMT Zwierzę poruszyło się z (0, 5) na (0, 6)
16 Jan 2025 22:27:14 GMT Długość listy pozycji: 10
Lista pozycji zwierząt: {(9, 8)=[^], (2, 3)=[^], (1, 2)=[◢], (0, 3)=[◣], (6, 9)=[◤, ◢, ◣, ◥, <, ◢, v, ◥, <, ◥, ◥, ^], (5, 9)=[^], (0, 6)=[^], (0, 7)=[^], (3, 0)=[<], (8, 6)=[◢]}
16 Jan 2025 22:27:14 GMT Zwierzę poruszyło się z (5, 8) na (5, 9)
16 Jan 2025 22:27:15 GMT Długość listy pozycji: 10
Lista pozycji zwierząt: {(8, 7)=[^], (9, 8)=[^], (2, 3)=[^], (1, 2)=[◢], (0, 3)=[◣], (6, 9)=[◤, ◢, ◣, ◥, <, ◢, v, ◥, <, ◥, ◥, ^], (5, 9)=[^], (0, 6)=[^], (0, 7)=[^], (3, 0)=[<]}
16 Jan 2025 22:27:15 GMT Zwierzę poruszyło się z (8, 6) na (8, 7)
16 Jan 2025 22:27:15 GMT Długość listy pozycji: 10
Lista pozycji zwierząt: {(8, 7)=[^], (9, 8)=[^], (2, 3)=[^], (1, 2)=[◢], (6, 9)=[◤, ◢, ◣, ◥, <, ◢, v, ◥, <, ◥, ◥, ^], (0, 4)=[^], (5, 9)=[^], (0, 6)=[^], (0, 7)=[^], (3, 0)=[<]}
16 Jan 2025 22:27:15 GMT Zwierzę poruszyło się z (0, 3) na (0, 4)
16 Jan 2025 22:27:16 GMT Długość listy pozycji: 10
Lista pozycji zwierząt: {(8, 7)=[^], (9, 8)=[^], (2, 3)=[^], (1, 3)=[^], (6, 9)=[◤, ◢, ◣, ◥, <, ◢, v, ◥, <, ◥, ◥, ^], (0, 4)=[^], (5, 9)=[^], (0, 6)=[^], (0, 7)=[^], (3, 0)=[<]}
16 Jan 2025 22:27:16 GMT Zwierzę poruszyło się z (1, 2) na (1, 3)
16 Jan 2025 22:27:16 GMT Długość listy pozycji: 10
Lista pozycji zwierząt: {(8, 7)=[^], (9, 8)=[^], (2, 3)=[^], (1, 3)=[^], (6, 9)=[◤, ◢, ◣, ◥, <, ◢, v, ◥, <, ◥, ◥, ^], (0, 4)=[^], (5, 9)=[^], (0, 6)=[^], (0, 7)=[^], (3, 1)=[^]}
16 Jan 2025 22:27:16 GMT Zwierzę poruszyło się z (3, 0) na (3, 1)
16 Jan 2025 22:27:17 GMT Zwierzę zjadło roślinkę na (9, 8)
16 Jan 2025 22:27:17 GMT Zwierze zostało położone na (6, 9)
16 Jan 2025 22:27:17 GMT Urodziło się nowe zwierzę na (6, 9)
16 Jan 2025 22:27:18 GMT Roślinka wyrosła na null
16 Jan 2025 22:27:18 GMT Roślinka wyrosła na null
16 Jan 2025 22:27:18 GMT Roślinka wyrosła na null
16 Jan 2025 22:27:18 GMT Roślinka wyrosła na null
16 Jan 2025 22:27:18 GMT Roślinka wyrosła na null
16 Jan 2025 22:27:18 GMT Roślinka wyrosła na null
16 Jan 2025 22:27:18 GMT Roślinka wyrosła na null
16 Jan 2025 22:27:18 GMT Roślinka wyrosła na null
16 Jan 2025 22:27:18 GMT Roślinka wyrosła na null
16 Jan 2025 22:27:18 GMT Roślinka wyrosła na null
16 Jan 2025 22:27:19 GMT Długość listy pozycji: 10
Lista pozycji zwierząt: {(3, 2)=[◢], (8, 7)=[^], (9, 8)=[^], (1, 3)=[^], (6, 9)=[<, ◤, ◢, ◣, ◥, <, ◢, v, ◥, <, ◥, ◥, ^], (0, 4)=[^], (5, 9)=[^], (0, 6)=[^], (0, 7)=[^], (3, 1)=[^]}
16 Jan 2025 22:27:19 GMT Zwierzę poruszyło się z (2, 3) na (3, 2)
16 Jan 2025 22:27:19 GMT Długość listy pozycji: 10
Lista pozycji zwierząt: {(3, 2)=[◢], (8, 7)=[^], (9, 8)=[^], (1, 3)=[^], (6, 9)=[<, ◤, ◢, ◣, ◥, <, ◢, v, ◥, <, ◥, ◥, ^], (0, 4)=[^], (5, 9)=[^], (0, 6)=[^], (9, 7)=[<], (3, 1)=[^]}
16 Jan 2025 22:27:19 GMT Zwierzę poruszyło się z (0, 7) na (9, 7)
16 Jan 2025 22:27:20 GMT Długość listy pozycji: 10
Lista pozycji zwierząt: {(3, 2)=[◢], (8, 7)=[^], (8, 9)=[◤], (1, 3)=[^], (6, 9)=[<, ◤, ◢, ◣, ◥, <, ◢, v, ◥, <, ◥, ◥, ^], (0, 4)=[^], (5, 9)=[^], (0, 6)=[^], (9, 7)=[<], (3, 1)=[^]}
16 Jan 2025 22:27:20 GMT Zwierzę poruszyło się z (9, 8) na (8, 9)
16 Jan 2025 22:27:20 GMT Długość listy pozycji: 10
Lista pozycji zwierząt: {(3, 2)=[◢], (8, 7)=[^], (8, 9)=[◤], (1, 3)=[^], (6, 9)=[<, ◤, ◢, ◣, ◥, <, ◢, v, ◥, <, ◥, ◥, ^], (0, 4)=[^], (5, 9)=[^], (9, 6)=[<], (9, 7)=[<], (3, 1)=[^]}
16 Jan 2025 22:27:20 GMT Zwierzę poruszyło się z (0, 6) na (9, 6)
16 Jan 2025 22:27:21 GMT Długość listy pozycji: 10
Lista pozycji zwierząt: {(3, 2)=[◢], (8, 7)=[^], (8, 9)=[◤], (6, 8)=[◢], (1, 3)=[^], (6, 9)=[<, ◤, ◢, ◣, ◥, <, ◢, v, ◥, <, ◥, ◥, ◢], (0, 4)=[^], (9, 6)=[<], (9, 7)=[<], (3, 1)=[^]}
16 Jan 2025 22:27:21 GMT Zwierzę poruszyło się z (5, 9) na (6, 8)
16 Jan 2025 22:27:21 GMT Długość listy pozycji: 10
Lista pozycji zwierząt: {(7, 6)=[◣], (3, 2)=[◢], (8, 9)=[◤], (6, 8)=[◢], (1, 3)=[^], (6, 9)=[<, ◤, ◢, ◣, ◥, <, ◢, v, ◥, <, ◥, ◥, ◢], (0, 4)=[^], (9, 6)=[<], (9, 7)=[<], (3, 1)=[^]}
16 Jan 2025 22:27:21 GMT Zwierzę poruszyło się z (8, 7) na (7, 6)
16 Jan 2025 22:27:22 GMT Długość listy pozycji: 9
Lista pozycji zwierząt: {(7, 6)=[◣], (3, 2)=[◢], (8, 9)=[◤], (6, 8)=[◢], (1, 3)=[^, ◢], (6, 9)=[<, ◤, ◢, ◣, ◥, <, ◢, v, ◥, <, ◥, ◥, ◢], (9, 6)=[<], (9, 7)=[<], (3, 1)=[^]}
16 Jan 2025 22:27:22 GMT Zwierzę poruszyło się z (0, 4) na (1, 3)
16 Jan 2025 22:27:22 GMT Długość listy pozycji: 10
Lista pozycji zwierząt: {(7, 6)=[◣], (3, 2)=[◢], (8, 9)=[◤], (0, 2)=[◣], (6, 8)=[◢], (1, 3)=[◢], (6, 9)=[<, ◤, ◢, ◣, ◥, <, ◢, v, ◥, <, ◥, ◥, ◢], (9, 6)=[<], (9, 7)=[<], (3, 1)=[^]}
16 Jan 2025 22:27:22 GMT Zwierzę poruszyło się z (1, 3) na (0, 2)
16 Jan 2025 22:27:23 GMT Długość listy pozycji: 10
Lista pozycji zwierząt: {(7, 6)=[◣], (3, 2)=[◢], (8, 9)=[◤], (0, 2)=[◣], (6, 8)=[◢], (1, 3)=[◢], (6, 9)=[<, ◤, ◢, ◣, ◥, <, ◢, v, ◥, <, ◥, ◥, ◢], (4, 1)=[>], (9, 6)=[<], (9, 7)=[<]}
16 Jan 2025 22:27:23 GMT Zwierzę poruszyło się z (3, 1) na (4, 1)
16 Jan 2025 22:27:24 GMT Zwierze zostało położone na (6, 9)
16 Jan 2025 22:27:24 GMT Urodziło się nowe zwierzę na (6, 9)
16 Jan 2025 22:27:25 GMT Roślinka wyrosła na null
16 Jan 2025 22:27:25 GMT Roślinka wyrosła na null
16 Jan 2025 22:27:25 GMT Roślinka wyrosła na null
16 Jan 2025 22:27:25 GMT Roślinka wyrosła na null
16 Jan 2025 22:27:25 GMT Roślinka wyrosła na null
16 Jan 2025 22:27:25 GMT Roślinka wyrosła na null
16 Jan 2025 22:27:25 GMT Roślinka wyrosła na null
16 Jan 2025 22:27:25 GMT Roślinka wyrosła na null
16 Jan 2025 22:27:25 GMT Roślinka wyrosła na null
16 Jan 2025 22:27:25 GMT Roślinka wyrosła na null
16 Jan 2025 22:27:26 GMT Długość listy pozycji: 10
Lista pozycji zwierząt: {(7, 6)=[◣], (2, 2)=[<], (8, 9)=[◤], (0, 2)=[◣], (6, 8)=[◢], (1, 3)=[◢], (6, 9)=[◣, <, ◤, ◢, ◣, ◥, <, ◢, v, ◥, <, ◥, ◥, ◢], (4, 1)=[>], (9, 6)=[<], (9, 7)=[<]}
16 Jan 2025 22:27:26 GMT Zwierzę poruszyło się z (3, 2) na (2, 2)
16 Jan 2025 22:27:26 GMT Długość listy pozycji: 9
Lista pozycji zwierząt: {(7, 6)=[◣], (2, 2)=[<], (8, 9)=[◤], (0, 2)=[◣], (6, 8)=[◢], (1, 3)=[◢], (6, 9)=[◣, <, ◤, ◢, ◣, ◥, <, ◢, v, ◥, <, ◥, ◥, ◢], (4, 1)=[>], (9, 6)=[v, <]}
16 Jan 2025 22:27:26 GMT Zwierzę poruszyło się z (9, 7) na (9, 6)
16 Jan 2025 22:27:27 GMT Długość listy pozycji: 9
Lista pozycji zwierząt: {(7, 6)=[◣], (2, 2)=[<], (7, 9)=[<], (0, 2)=[◣], (6, 8)=[◢], (1, 3)=[◢], (6, 9)=[◣, <, ◤, ◢, ◣, ◥, <, ◢, v, ◥, <, ◥, ◥, ◢], (4, 1)=[>], (9, 6)=[v, <]}
16 Jan 2025 22:27:27 GMT Zwierzę poruszyło się z (8, 9) na (7, 9)
16 Jan 2025 22:27:27 GMT Długość listy pozycji: 10
Lista pozycji zwierząt: {(7, 6)=[◣], (2, 2)=[<], (7, 9)=[<], (0, 2)=[◣], (6, 8)=[◢], (1, 3)=[◢], (6, 9)=[◣, <, ◤, ◢, ◣, ◥, <, ◢, v, ◥, <, ◥, ◥, ◢], (9, 5)=[v], (4, 1)=[>], (9, 6)=[v]}
16 Jan 2025 22:27:27 GMT Zwierzę poruszyło się z (9, 6) na (9, 5)
16 Jan 2025 22:27:28 GMT Długość listy pozycji: 10
Lista pozycji zwierząt: {(7, 6)=[◣], (2, 2)=[<], (7, 9)=[<], (0, 2)=[◣], (1, 3)=[◢], (5, 8)=[<], (6, 9)=[◣, <, ◤, ◢, ◣, ◥, <, ◢, v, ◥, <, ◥, ◥, <], (9, 5)=[v], (4, 1)=[>], (9, 6)=[v]}
16 Jan 2025 22:27:28 GMT Zwierzę poruszyło się z (6, 8) na (5, 8)
16 Jan 2025 22:27:28 GMT Długość listy pozycji: 10
Lista pozycji zwierząt: {(2, 2)=[<], (7, 9)=[<], (0, 2)=[◣], (1, 3)=[◢], (5, 8)=[<], (6, 9)=[◣, <, ◤, ◢, ◣, ◥, <, ◢, v, ◥, <, ◥, ◥, <], (9, 5)=[v], (4, 1)=[>], (9, 6)=[v], (8, 6)=[>]}
16 Jan 2025 22:27:29 GMT Zwierzę poruszyło się z (7, 6) na (8, 6)
16 Jan 2025 22:27:29 GMT Długość listy pozycji: 10
Lista pozycji zwierząt: {(2, 2)=[<], (7, 9)=[<], (0, 2)=[◣], (0, 3)=[<], (5, 8)=[<], (6, 9)=[◣, <, ◤, ◢, ◣, ◥, <, ◢, v, ◥, <, ◥, ◥, <], (9, 5)=[v], (4, 1)=[>], (9, 6)=[v], (8, 6)=[>]}
16 Jan 2025 22:27:29 GMT Zwierzę poruszyło się z (1, 3) na (0, 3)
16 Jan 2025 22:27:30 GMT Długość listy pozycji: 10
Lista pozycji zwierząt: {(2, 2)=[<], (1, 2)=[>], (7, 9)=[<], (0, 3)=[<], (5, 8)=[<], (6, 9)=[◣, <, ◤, ◢, ◣, ◥, <, ◢, v, ◥, <, ◥, ◥, <], (9, 5)=[v], (4, 1)=[>], (9, 6)=[v], (8, 6)=[>]}
16 Jan 2025 22:27:30 GMT Zwierzę poruszyło się z (0, 2) na (1, 2)
16 Jan 2025 22:27:30 GMT Długość listy pozycji: 10
Lista pozycji zwierząt: {(2, 2)=[<], (1, 2)=[>], (7, 9)=[<], (0, 3)=[<], (5, 8)=[<], (6, 9)=[◣, <, ◤, ◢, ◣, ◥, <, ◢, v, ◥, <, ◥, ◥, <], (4, 0)=[v], (9, 5)=[v], (9, 6)=[v], (8, 6)=[>]}
16 Jan 2025 22:27:30 GMT Zwierzę poruszyło się z (4, 1) na (4, 0)
16 Jan 2025 22:27:32 GMT Zwierze zostało położone na (6, 9)
16 Jan 2025 22:27:32 GMT Urodziło się nowe zwierzę na (6, 9)
16 Jan 2025 22:27:32 GMT Roślinka wyrosła na null
16 Jan 2025 22:27:32 GMT Roślinka wyrosła na null
16 Jan 2025 22:27:32 GMT Roślinka wyrosła na null
16 Jan 2025 22:27:32 GMT Roślinka wyrosła na null
16 Jan 2025 22:27:32 GMT Roślinka wyrosła na null
16 Jan 2025 22:27:32 GMT Roślinka wyrosła na null
16 Jan 2025 22:27:32 GMT Roślinka wyrosła na null
16 Jan 2025 22:27:32 GMT Roślinka wyrosła na null
16 Jan 2025 22:27:32 GMT Roślinka wyrosła na null
16 Jan 2025 22:27:32 GMT Roślinka wyrosła na null
16 Jan 2025 22:27:33 GMT Długość listy pozycji: 10
Lista pozycji zwierząt: {(3, 3)=[◥], (1, 2)=[>], (7, 9)=[<], (0, 3)=[<], (5, 8)=[<], (6, 9)=[<, ◣, <, ◤, ◢, ◣, ◥, <, ◢, v, ◥, <, ◥, ◥, <], (4, 0)=[v], (9, 5)=[v], (9, 6)=[v], (8, 6)=[>]}
16 Jan 2025 22:27:33 GMT Zwierzę poruszyło się z (2, 2) na (3, 3)
16 Jan 2025 22:27:34 GMT Długość listy pozycji: 10
Lista pozycji zwierząt: {(3, 3)=[◥], (1, 2)=[>], (7, 9)=[<], (0, 3)=[<], (5, 8)=[<], (6, 9)=[<, ◣, <, ◤, ◢, ◣, ◥, <, ◢, v, ◥, <, ◥, ◥, <], (0, 6)=[>], (4, 0)=[v], (9, 5)=[v], (8, 6)=[>]}
16 Jan 2025 22:27:34 GMT Zwierzę poruszyło się z (9, 6) na (0, 6)
16 Jan 2025 22:27:34 GMT Długość listy pozycji: 10
Lista pozycji zwierząt: {(3, 3)=[◥], (1, 2)=[>], (6, 8)=[◣], (0, 3)=[<], (5, 8)=[<], (6, 9)=[<, ◣, <, ◤, ◢, ◣, ◥, <, ◢, v, ◥, <, ◥, ◥, <], (0, 6)=[>], (4, 0)=[v], (9, 5)=[v], (8, 6)=[>]}
16 Jan 2025 22:27:34 GMT Zwierzę poruszyło się z (7, 9) na (6, 8)
16 Jan 2025 22:27:35 GMT Długość listy pozycji: 10
Lista pozycji zwierząt: {(3, 3)=[◥], (1, 2)=[>], (6, 8)=[◣], (0, 3)=[<], (5, 8)=[<], (6, 9)=[<, ◣, <, ◤, ◢, ◣, ◥, <, ◢, v, ◥, <, ◥, ◥, <], (0, 5)=[>], (0, 6)=[>], (4, 0)=[v], (8, 6)=[>]}
16 Jan 2025 22:27:35 GMT Zwierzę poruszyło się z (9, 5) na (0, 5)
16 Jan 2025 22:27:35 GMT Długość listy pozycji: 9
Lista pozycji zwierząt: {(3, 3)=[◥], (1, 2)=[>], (6, 8)=[◣], (0, 3)=[<], (6, 9)=[<, ◥, ◣, <, ◤, ◢, ◣, ◥, <, ◢, v, ◥, <, ◥, ◥, ◥], (0, 5)=[>], (0, 6)=[>], (4, 0)=[v], (8, 6)=[>]}
16 Jan 2025 22:27:35 GMT Zwierzę poruszyło się z (5, 8) na (6, 9)
16 Jan 2025 22:27:36 GMT Długość listy pozycji: 9
Lista pozycji zwierząt: {(7, 7)=[◤], (3, 3)=[◥], (1, 2)=[>], (6, 8)=[◣], (0, 3)=[<], (6, 9)=[<, ◥, ◣, <, ◤, ◢, ◣, ◥, <, ◢, v, ◥, <, ◥, ◥, ◥], (0, 5)=[>], (0, 6)=[>], (4, 0)=[v]}
16 Jan 2025 22:27:36 GMT Zwierzę poruszyło się z (8, 6) na (7, 7)
16 Jan 2025 22:27:36 GMT Długość listy pozycji: 9
Lista pozycji zwierząt: {(7, 7)=[◤], (3, 3)=[◥], (1, 2)=[>], (6, 8)=[◣], (1, 4)=[◥], (6, 9)=[<, ◥, ◣, <, ◤, ◢, ◣, ◥, <, ◢, v, ◥, <, ◥, ◥, ◥], (0, 5)=[>], (0, 6)=[>], (4, 0)=[v]}
16 Jan 2025 22:27:36 GMT Zwierzę poruszyło się z (0, 3) na (1, 4)
16 Jan 2025 22:27:37 GMT Długość listy pozycji: 9
Lista pozycji zwierząt: {(7, 7)=[◤], (3, 3)=[◥], (6, 8)=[◣], (0, 3)=[◤], (1, 4)=[◥], (6, 9)=[<, ◥, ◣, <, ◤, ◢, ◣, ◥, <, ◢, v, ◥, <, ◥, ◥, ◥], (0, 5)=[>], (0, 6)=[>], (4, 0)=[v]}
16 Jan 2025 22:27:37 GMT Zwierzę poruszyło się z (1, 2) na (0, 3)
16 Jan 2025 22:27:37 GMT Długość listy pozycji: 9
Lista pozycji zwierząt: {(7, 7)=[◤], (3, 3)=[◥], (6, 8)=[◣], (0, 3)=[◤], (1, 4)=[◥], (6, 9)=[<, ◥, ◣, <, ◤, ◢, ◣, ◥, <, ◢, v, ◥, <, ◥, ◥, ◥], (0, 5)=[>], (0, 6)=[>], (3, 0)=[<]}
16 Jan 2025 22:27:37 GMT Zwierzę poruszyło się z (4, 0) na (3, 0)
16 Jan 2025 22:27:39 GMT Zwierze zostało położone na (6, 9)
16 Jan 2025 22:27:39 GMT Urodziło się nowe zwierzę na (6, 9)
16 Jan 2025 22:27:39 GMT Roślinka wyrosła na null
16 Jan 2025 22:27:39 GMT Roślinka wyrosła na null
16 Jan 2025 22:27:39 GMT Roślinka wyrosła na null
16 Jan 2025 22:27:39 GMT Roślinka wyrosła na null
16 Jan 2025 22:27:39 GMT Roślinka wyrosła na null
16 Jan 2025 22:27:39 GMT Roślinka wyrosła na null
16 Jan 2025 22:27:39 GMT Roślinka wyrosła na null
16 Jan 2025 22:27:39 GMT Roślinka wyrosła na null
16 Jan 2025 22:27:39 GMT Roślinka wyrosła na null
16 Jan 2025 22:27:39 GMT Roślinka wyrosła na null
16 Jan 2025 22:27:40 GMT Długość listy pozycji: 9
Lista pozycji zwierząt: {(3, 2)=[v], (7, 7)=[◤], (6, 8)=[◣], (0, 3)=[◤], (1, 4)=[◥], (6, 9)=[>, <, ◥, ◣, <, ◤, ◢, ◣, ◥, <, ◢, v, ◥, <, ◥, ◥, ◥], (0, 5)=[>], (0, 6)=[>], (3, 0)=[<]}
16 Jan 2025 22:27:40 GMT Zwierzę poruszyło się z (3, 3) na (3, 2)
