18 Jan 2025 22:07:52 GMT Zwierze zostało położone na (2, 6)
18 Jan 2025 22:07:52 GMT Zwierze zostało położone na (5, 7)
18 Jan 2025 22:07:52 GMT Zwierze zostało położone na (1, 3)
18 Jan 2025 22:07:53 GMT Zwierze zostało położone na (3, 2)
18 Jan 2025 22:07:53 GMT Zwierze zostało położone na (2, 7)
18 Jan 2025 22:07:53 GMT Zwierze zostało położone na (2, 6)
18 Jan 2025 22:07:53 GMT Zwierze zostało położone na (0, 0)
18 Jan 2025 22:07:53 GMT Zwierze zostało położone na (6, 7)
18 Jan 2025 22:07:53 GMT Zwierze zostało położone na (4, 6)
18 Jan 2025 22:07:53 GMT Zwierze zostało położone na (5, 5)
18 Jan 2025 22:07:53 GMT Długość listy pozycji: 10
Lista pozycji zwierząt: {(3, 2)=[◣], (5, 5)=[>], (0, 0)=[^], (6, 7)=[<], (4, 6)=[v], (1, 3)=[v], (5, 7)=[◣], (2, 5)=[v], (2, 6)=[<], (2, 7)=[◢]}
18 Jan 2025 22:07:53 GMT Zwierzę poruszyło się z (2, 6) na (2, 5)
18 Jan 2025 22:07:53 GMT Długość listy pozycji: 9
Lista pozycji zwierząt: {(3, 2)=[◣], (5, 5)=[>], (0, 0)=[^], (6, 7)=[<, >], (4, 6)=[v], (1, 3)=[v], (2, 5)=[v], (2, 6)=[<], (2, 7)=[◢]}
18 Jan 2025 22:07:53 GMT Zwierzę poruszyło się z (5, 7) na (6, 7)
18 Jan 2025 22:07:53 GMT Długość listy pozycji: 9
Lista pozycji zwierząt: {(3, 2)=[◣], (5, 5)=[>], (0, 0)=[^], (6, 7)=[<, >], (4, 6)=[v], (1, 4)=[^], (2, 5)=[v], (2, 6)=[<], (2, 7)=[◢]}
18 Jan 2025 22:07:53 GMT Zwierzę poruszyło się z (1, 3) na (1, 4)
18 Jan 2025 22:07:53 GMT Długość listy pozycji: 9
Lista pozycji zwierząt: {(5, 5)=[>], (0, 0)=[^], (6, 7)=[<, >], (4, 6)=[v], (1, 4)=[^], (2, 5)=[v], (2, 6)=[<], (2, 7)=[◢], (4, 2)=[>]}
18 Jan 2025 22:07:53 GMT Zwierzę poruszyło się z (3, 2) na (4, 2)
18 Jan 2025 22:07:54 GMT Długość listy pozycji: 9
Lista pozycji zwierząt: {(5, 5)=[>], (0, 0)=[^], (6, 7)=[<, >], (4, 6)=[v], (1, 4)=[^], (2, 5)=[v], (2, 6)=[<], (1, 7)=[<], (4, 2)=[>]}
18 Jan 2025 22:07:54 GMT Zwierzę poruszyło się z (2, 7) na (1, 7)
18 Jan 2025 22:07:54 GMT Długość listy pozycji: 8
Lista pozycji zwierząt: {(5, 5)=[>], (0, 0)=[^], (6, 7)=[<, >], (4, 6)=[v], (1, 4)=[^], (2, 5)=[v, v], (1, 7)=[<], (4, 2)=[>]}
18 Jan 2025 22:07:54 GMT Zwierzę poruszyło się z (2, 6) na (2, 5)
18 Jan 2025 22:07:54 GMT Długość listy pozycji: 8
Lista pozycji zwierząt: {(5, 5)=[>], (0, 1)=[^], (6, 7)=[<, >], (4, 6)=[v], (1, 4)=[^], (2, 5)=[v, v], (1, 7)=[<], (4, 2)=[>]}
18 Jan 2025 22:07:54 GMT Zwierzę poruszyło się z (0, 0) na (0, 1)
18 Jan 2025 22:07:54 GMT Długość listy pozycji: 9
Lista pozycji zwierząt: {(6, 6)=[v], (5, 5)=[>], (0, 1)=[^], (6, 7)=[>], (4, 6)=[v], (1, 4)=[^], (2, 5)=[v, v], (1, 7)=[<], (4, 2)=[>]}
18 Jan 2025 22:07:54 GMT Zwierzę poruszyło się z (6, 7) na (6, 6)
18 Jan 2025 22:07:54 GMT Długość listy pozycji: 9
Lista pozycji zwierząt: {(6, 6)=[v], (5, 5)=[>], (0, 1)=[^], (6, 7)=[>], (4, 7)=[^], (1, 4)=[^], (2, 5)=[v, v], (1, 7)=[<], (4, 2)=[>]}
18 Jan 2025 22:07:54 GMT Zwierzę poruszyło się z (4, 6) na (4, 7)
18 Jan 2025 22:07:54 GMT Długość listy pozycji: 9
Lista pozycji zwierząt: {(5, 4)=[v], (6, 6)=[v], (0, 1)=[^], (6, 7)=[>], (4, 7)=[^], (1, 4)=[^], (2, 5)=[v, v], (1, 7)=[<], (4, 2)=[>]}
18 Jan 2025 22:07:54 GMT Zwierzę poruszyło się z (5, 5) na (5, 4)
18 Jan 2025 22:07:54 GMT Zwierze zostało położone na (2, 5)
18 Jan 2025 22:07:54 GMT Urodziło się nowe zwierzę na (2, 5)
18 Jan 2025 22:07:54 GMT Roślinka wyrosła na (9, 5)
18 Jan 2025 22:07:54 GMT Roślinka wyrosła na (4, 9)
18 Jan 2025 22:07:54 GMT Roślinka wyrosła na (1, 6)
18 Jan 2025 22:07:54 GMT Roślinka wyrosła na (0, 9)
18 Jan 2025 22:07:54 GMT Roślinka wyrosła na (6, 6)
18 Jan 2025 22:07:54 GMT Roślinka wyrosła na (8, 9)
18 Jan 2025 22:07:54 GMT Roślinka wyrosła na (0, 5)
18 Jan 2025 22:07:54 GMT Roślinka wyrosła na (7, 5)
18 Jan 2025 22:07:55 GMT Roślinka wyrosła na (7, 6)
18 Jan 2025 22:07:55 GMT Roślinka wyrosła na (5, 6)
18 Jan 2025 22:07:55 GMT Zwierzę umarło na (2, 5)
18 Jan 2025 22:07:55 GMT Długość listy pozycji: 9
Lista pozycji zwierząt: {(5, 4)=[v], (6, 6)=[v], (0, 1)=[^], (5, 8)=[◤], (4, 7)=[^], (1, 4)=[^], (2, 5)=[^, v], (1, 7)=[<], (4, 2)=[>]}
18 Jan 2025 22:07:55 GMT Zwierzę poruszyło się z (6, 7) na (5, 8)
18 Jan 2025 22:07:55 GMT Długość listy pozycji: 9
Lista pozycji zwierząt: {(5, 4)=[v], (6, 6)=[v], (0, 1)=[^], (1, 3)=[v], (5, 8)=[◤], (4, 7)=[^], (2, 5)=[^, v], (1, 7)=[<], (4, 2)=[>]}
18 Jan 2025 22:07:55 GMT Zwierzę poruszyło się z (1, 4) na (1, 3)
18 Jan 2025 22:07:55 GMT Długość listy pozycji: 9
Lista pozycji zwierząt: {(5, 4)=[v], (3, 3)=[◤], (6, 6)=[v], (0, 1)=[^], (1, 3)=[v], (5, 8)=[◤], (4, 7)=[^], (2, 5)=[^, v], (1, 7)=[<]}
18 Jan 2025 22:07:55 GMT Zwierzę poruszyło się z (4, 2) na (3, 3)
18 Jan 2025 22:07:55 GMT Długość listy pozycji: 9
Lista pozycji zwierząt: {(5, 4)=[v], (3, 3)=[◤], (6, 6)=[v], (0, 1)=[^], (1, 3)=[v], (5, 8)=[◤], (4, 7)=[^], (2, 5)=[^, v], (2, 8)=[◥]}
18 Jan 2025 22:07:55 GMT Zwierzę poruszyło się z (1, 7) na (2, 8)
18 Jan 2025 22:07:55 GMT Długość listy pozycji: 10
Lista pozycji zwierząt: {(5, 4)=[v], (3, 3)=[◤], (6, 6)=[v], (0, 1)=[^], (3, 5)=[>], (1, 3)=[v], (5, 8)=[◤], (4, 7)=[^], (2, 5)=[^], (2, 8)=[◥]}
18 Jan 2025 22:07:55 GMT Zwierzę poruszyło się z (2, 5) na (3, 5)
18 Jan 2025 22:07:55 GMT Długość listy pozycji: 10
Lista pozycji zwierząt: {(5, 4)=[v], (3, 3)=[◤], (6, 6)=[v], (0, 2)=[^], (3, 5)=[>], (1, 3)=[v], (5, 8)=[◤], (4, 7)=[^], (2, 5)=[^], (2, 8)=[◥]}
18 Jan 2025 22:07:55 GMT Zwierzę poruszyło się z (0, 1) na (0, 2)
18 Jan 2025 22:07:55 GMT Długość listy pozycji: 10
Lista pozycji zwierząt: {(7, 6)=[>], (5, 4)=[v], (3, 3)=[◤], (0, 2)=[^], (3, 5)=[>], (1, 3)=[v], (5, 8)=[◤], (4, 7)=[^], (2, 5)=[^], (2, 8)=[◥]}
18 Jan 2025 22:07:55 GMT Zwierzę poruszyło się z (6, 6) na (7, 6)
18 Jan 2025 22:07:55 GMT Długość listy pozycji: 10
Lista pozycji zwierząt: {(7, 6)=[>], (5, 4)=[v], (3, 3)=[◤], (4, 6)=[v], (0, 2)=[^], (3, 5)=[>], (1, 3)=[v], (5, 8)=[◤], (2, 5)=[^], (2, 8)=[◥]}
18 Jan 2025 22:07:55 GMT Zwierzę poruszyło się z (4, 7) na (4, 6)
18 Jan 2025 22:07:56 GMT Długość listy pozycji: 10
Lista pozycji zwierząt: {(7, 6)=[>], (4, 4)=[<], (3, 3)=[◤], (4, 6)=[v], (0, 2)=[^], (3, 5)=[>], (1, 3)=[v], (5, 8)=[◤], (2, 5)=[^], (2, 8)=[◥]}
18 Jan 2025 22:07:56 GMT Zwierzę poruszyło się z (5, 4) na (4, 4)
18 Jan 2025 22:07:56 GMT Zwierzę zjadło roślinkę na (7, 6)
18 Jan 2025 22:07:56 GMT Zwierzę zjadło roślinkę na (4, 6)
18 Jan 2025 22:07:56 GMT Zwierzę zjadło roślinkę na (3, 5)
18 Jan 2025 22:07:56 GMT Roślinka wyrosła na (1, 5)
18 Jan 2025 22:07:56 GMT Roślinka wyrosła na (0, 4)
18 Jan 2025 22:07:56 GMT Roślinka wyrosła na (4, 5)
18 Jan 2025 22:07:56 GMT Roślinka wyrosła na (8, 5)
18 Jan 2025 22:07:56 GMT Roślinka wyrosła na (2, 5)
18 Jan 2025 22:07:56 GMT Roślinka wyrosła na (4, 2)
18 Jan 2025 22:07:56 GMT Roślinka wyrosła na (8, 8)
18 Jan 2025 22:07:56 GMT Roślinka wyrosła na (8, 7)
18 Jan 2025 22:07:56 GMT Roślinka wyrosła na (9, 8)
18 Jan 2025 22:07:56 GMT Roślinka wyrosła na (0, 3)
18 Jan 2025 22:07:56 GMT Długość listy pozycji: 10
Lista pozycji zwierząt: {(7, 6)=[>], (4, 4)=[<], (3, 3)=[◤], (5, 7)=[v], (4, 6)=[v], (0, 2)=[^], (3, 5)=[>], (1, 3)=[v], (2, 5)=[^], (2, 8)=[◥]}
18 Jan 2025 22:07:56 GMT Zwierzę poruszyło się z (5, 8) na (5, 7)
18 Jan 2025 22:07:56 GMT Długość listy pozycji: 10
Lista pozycji zwierząt: {(7, 6)=[>], (4, 4)=[<], (3, 3)=[◤], (5, 7)=[v], (4, 6)=[v], (0, 2)=[^], (3, 5)=[>], (1, 4)=[^], (2, 5)=[^], (2, 8)=[◥]}
18 Jan 2025 22:07:56 GMT Zwierzę poruszyło się z (1, 3) na (1, 4)
18 Jan 2025 22:07:56 GMT Długość listy pozycji: 10
Lista pozycji zwierząt: {(3, 2)=[v], (7, 6)=[>], (4, 4)=[<], (5, 7)=[v], (4, 6)=[v], (0, 2)=[^], (3, 5)=[>], (1, 4)=[^], (2, 5)=[^], (2, 8)=[◥]}
18 Jan 2025 22:07:56 GMT Zwierzę poruszyło się z (3, 3) na (3, 2)
18 Jan 2025 22:07:56 GMT Długość listy pozycji: 10
Lista pozycji zwierząt: {(3, 2)=[v], (7, 6)=[>], (4, 4)=[<], (5, 7)=[v], (4, 6)=[v], (0, 2)=[^], (3, 5)=[>], (1, 4)=[^], (2, 5)=[^], (2, 7)=[v]}
18 Jan 2025 22:07:56 GMT Zwierzę poruszyło się z (2, 8) na (2, 7)
18 Jan 2025 22:07:57 GMT Długość listy pozycji: 10
Lista pozycji zwierząt: {(3, 2)=[v], (7, 6)=[>], (4, 4)=[<], (5, 7)=[v], (4, 6)=[v], (0, 2)=[^], (3, 6)=[^], (1, 4)=[^], (2, 5)=[^], (2, 7)=[v]}
18 Jan 2025 22:07:57 GMT Zwierzę poruszyło się z (3, 5) na (3, 6)
18 Jan 2025 22:07:57 GMT Długość listy pozycji: 10
Lista pozycji zwierząt: {(3, 2)=[v], (7, 6)=[>], (4, 4)=[<], (5, 7)=[v], (4, 6)=[v], (0, 3)=[^], (3, 6)=[^], (1, 4)=[^], (2, 5)=[^], (2, 7)=[v]}
18 Jan 2025 22:07:57 GMT Zwierzę poruszyło się z (0, 2) na (0, 3)
18 Jan 2025 22:07:57 GMT Długość listy pozycji: 10
Lista pozycji zwierząt: {(3, 2)=[v], (7, 7)=[^], (4, 4)=[<], (5, 7)=[v], (4, 6)=[v], (0, 3)=[^], (3, 6)=[^], (1, 4)=[^], (2, 5)=[^], (2, 7)=[v]}
18 Jan 2025 22:07:57 GMT Zwierzę poruszyło się z (7, 6) na (7, 7)
18 Jan 2025 22:07:57 GMT Długość listy pozycji: 10
Lista pozycji zwierząt: {(3, 2)=[v], (7, 7)=[^], (4, 4)=[<], (5, 7)=[v], (4, 7)=[^], (0, 3)=[^], (3, 6)=[^], (1, 4)=[^], (2, 5)=[^], (2, 7)=[v]}
18 Jan 2025 22:07:57 GMT Zwierzę poruszyło się z (4, 6) na (4, 7)
18 Jan 2025 22:07:57 GMT Długość listy pozycji: 10
Lista pozycji zwierząt: {(3, 2)=[v], (7, 7)=[^], (4, 5)=[^], (5, 7)=[v], (4, 7)=[^], (0, 3)=[^], (3, 6)=[^], (1, 4)=[^], (2, 5)=[^], (2, 7)=[v]}
18 Jan 2025 22:07:57 GMT Zwierzę poruszyło się z (4, 4) na (4, 5)
18 Jan 2025 22:07:57 GMT Zwierzę zjadło roślinkę na (4, 5)
18 Jan 2025 22:07:57 GMT Zwierzę zjadło roślinkę na (0, 3)
18 Jan 2025 22:07:57 GMT Zwierzę zjadło roślinkę na (3, 6)
18 Jan 2025 22:07:57 GMT Zwierzę zjadło roślinkę na (2, 5)
18 Jan 2025 22:07:57 GMT Roślinka wyrosła na (1, 4)
18 Jan 2025 22:07:57 GMT Roślinka wyrosła na (9, 3)
18 Jan 2025 22:07:57 GMT Roślinka wyrosła na (7, 0)
18 Jan 2025 22:07:57 GMT Roślinka wyrosła na (3, 7)
18 Jan 2025 22:07:57 GMT Roślinka wyrosła na (9, 0)
18 Jan 2025 22:07:57 GMT Roślinka wyrosła na (8, 1)
18 Jan 2025 22:07:57 GMT Roślinka wyrosła na (2, 7)
18 Jan 2025 22:07:57 GMT Roślinka wyrosła na (2, 2)
18 Jan 2025 22:07:57 GMT Roślinka wyrosła na (6, 0)
18 Jan 2025 22:07:57 GMT Roślinka wyrosła na (1, 8)
18 Jan 2025 22:07:58 GMT Długość listy pozycji: 10
Lista pozycji zwierząt: {(3, 2)=[v], (7, 7)=[^], (4, 5)=[^], (6, 8)=[◥], (4, 7)=[^], (0, 3)=[^], (3, 6)=[^], (1, 4)=[^], (2, 5)=[^], (2, 7)=[v]}
18 Jan 2025 22:07:58 GMT Zwierzę poruszyło się z (5, 7) na (6, 8)
18 Jan 2025 22:07:58 GMT Długość listy pozycji: 10
Lista pozycji zwierząt: {(3, 2)=[v], (7, 7)=[^], (4, 5)=[^], (1, 3)=[v], (6, 8)=[◥], (4, 7)=[^], (0, 3)=[^], (3, 6)=[^], (2, 5)=[^], (2, 7)=[v]}
18 Jan 2025 22:07:58 GMT Zwierzę poruszyło się z (1, 4) na (1, 3)
18 Jan 2025 22:07:58 GMT Długość listy pozycji: 10
Lista pozycji zwierząt: {(4, 3)=[◥], (7, 7)=[^], (4, 5)=[^], (1, 3)=[v], (6, 8)=[◥], (4, 7)=[^], (0, 3)=[^], (3, 6)=[^], (2, 5)=[^], (2, 7)=[v]}
18 Jan 2025 22:07:58 GMT Zwierzę poruszyło się z (3, 2) na (4, 3)
18 Jan 2025 22:07:58 GMT Długość listy pozycji: 10
Lista pozycji zwierząt: {(4, 3)=[◥], (7, 7)=[^], (4, 5)=[^], (1, 3)=[v], (6, 8)=[◥], (4, 7)=[^], (0, 3)=[^], (3, 6)=[^], (2, 5)=[^], (1, 8)=[◤]}
18 Jan 2025 22:07:58 GMT Zwierzę poruszyło się z (2, 7) na (1, 8)
18 Jan 2025 22:07:58 GMT Długość listy pozycji: 10
Lista pozycji zwierząt: {(4, 3)=[◥], (7, 7)=[^], (4, 5)=[^], (1, 3)=[v], (6, 8)=[◥], (4, 7)=[^], (0, 3)=[^], (2, 5)=[^], (2, 6)=[<], (1, 8)=[◤]}
18 Jan 2025 22:07:58 GMT Zwierzę poruszyło się z (3, 6) na (2, 6)
18 Jan 2025 22:07:58 GMT Długość listy pozycji: 10
Lista pozycji zwierząt: {(4, 3)=[◥], (7, 7)=[^], (4, 5)=[^], (1, 3)=[v], (6, 8)=[◥], (4, 7)=[^], (2, 5)=[^], (0, 4)=[^], (2, 6)=[<], (1, 8)=[◤]}
18 Jan 2025 22:07:58 GMT Zwierzę poruszyło się z (0, 3) na (0, 4)
18 Jan 2025 22:07:58 GMT Długość listy pozycji: 10
Lista pozycji zwierząt: {(4, 3)=[◥], (6, 7)=[<], (4, 5)=[^], (1, 3)=[v], (6, 8)=[◥], (4, 7)=[^], (2, 5)=[^], (0, 4)=[^], (2, 6)=[<], (1, 8)=[◤]}
18 Jan 2025 22:07:58 GMT Zwierzę poruszyło się z (7, 7) na (6, 7)
18 Jan 2025 22:07:58 GMT Długość listy pozycji: 10
Lista pozycji zwierząt: {(4, 3)=[◥], (6, 7)=[<], (4, 5)=[^], (4, 6)=[v], (1, 3)=[v], (6, 8)=[◥], (2, 5)=[^], (0, 4)=[^], (2, 6)=[<], (1, 8)=[◤]}
18 Jan 2025 22:07:58 GMT Zwierzę poruszyło się z (4, 7) na (4, 6)
18 Jan 2025 22:07:58 GMT Długość listy pozycji: 10
Lista pozycji zwierząt: {(4, 3)=[◥], (5, 5)=[>], (6, 7)=[<], (4, 6)=[v], (1, 3)=[v], (6, 8)=[◥], (2, 5)=[^], (0, 4)=[^], (2, 6)=[<], (1, 8)=[◤]}
18 Jan 2025 22:07:58 GMT Zwierzę poruszyło się z (4, 5) na (5, 5)
18 Jan 2025 22:07:59 GMT Zwierzę zjadło roślinkę na (5, 5)
18 Jan 2025 22:07:59 GMT Zwierzę zjadło roślinkę na (0, 4)
18 Jan 2025 22:07:59 GMT Zwierzę zjadło roślinkę na (2, 6)
18 Jan 2025 22:07:59 GMT Zwierzę zjadło roślinkę na (1, 8)
18 Jan 2025 22:07:59 GMT Roślinka wyrosła na (6, 9)
18 Jan 2025 22:07:59 GMT Roślinka wyrosła na (9, 4)
18 Jan 2025 22:07:59 GMT Roślinka wyrosła na (0, 8)
18 Jan 2025 22:07:59 GMT Roślinka wyrosła na (5, 0)
18 Jan 2025 22:07:59 GMT Roślinka wyrosła na (6, 2)
18 Jan 2025 22:07:59 GMT Roślinka wyrosła na (9, 1)
18 Jan 2025 22:07:59 GMT Roślinka wyrosła na (6, 3)
18 Jan 2025 22:07:59 GMT Roślinka wyrosła na (3, 9)
18 Jan 2025 22:07:59 GMT Roślinka wyrosła na (3, 8)
18 Jan 2025 22:07:59 GMT Roślinka wyrosła na (5, 4)
18 Jan 2025 22:07:59 GMT Długość listy pozycji: 10
Lista pozycji zwierząt: {(4, 3)=[◥], (5, 5)=[>], (6, 7)=[<], (4, 6)=[v], (1, 3)=[v], (5, 8)=[<], (2, 5)=[^], (0, 4)=[^], (2, 6)=[<], (1, 8)=[◤]}
18 Jan 2025 22:07:59 GMT Zwierzę poruszyło się z (6, 8) na (5, 8)
18 Jan 2025 22:07:59 GMT Długość listy pozycji: 10
Lista pozycji zwierząt: {(4, 3)=[◥], (5, 5)=[>], (6, 7)=[<], (4, 6)=[v], (1, 4)=[^], (5, 8)=[<], (2, 5)=[^], (0, 4)=[^], (2, 6)=[<], (1, 8)=[◤]}
18 Jan 2025 22:07:59 GMT Zwierzę poruszyło się z (1, 3) na (1, 4)
18 Jan 2025 22:07:59 GMT Długość listy pozycji: 10
Lista pozycji zwierząt: {(3, 3)=[<], (5, 5)=[>], (6, 7)=[<], (4, 6)=[v], (1, 4)=[^], (5, 8)=[<], (2, 5)=[^], (0, 4)=[^], (2, 6)=[<], (1, 8)=[◤]}
18 Jan 2025 22:07:59 GMT Zwierzę poruszyło się z (4, 3) na (3, 3)
18 Jan 2025 22:07:59 GMT Długość listy pozycji: 10
Lista pozycji zwierząt: {(3, 3)=[<], (5, 5)=[>], (6, 7)=[<], (4, 6)=[v], (1, 4)=[^], (5, 8)=[<], (2, 5)=[^], (0, 4)=[^], (2, 6)=[<], (2, 8)=[>]}
18 Jan 2025 22:07:59 GMT Zwierzę poruszyło się z (1, 8) na (2, 8)
18 Jan 2025 22:07:59 GMT Długość listy pozycji: 9
Lista pozycji zwierząt: {(3, 3)=[<], (5, 5)=[>], (6, 7)=[<], (4, 6)=[v], (1, 4)=[^], (5, 8)=[<], (2, 5)=[v, ^], (0, 4)=[^], (2, 8)=[>]}
18 Jan 2025 22:07:59 GMT Zwierzę poruszyło się z (2, 6) na (2, 5)
18 Jan 2025 22:07:59 GMT Długość listy pozycji: 9
Lista pozycji zwierząt: {(3, 3)=[<], (5, 5)=[>], (6, 7)=[<], (4, 6)=[v], (1, 4)=[^], (5, 8)=[<], (2, 5)=[v, ^], (0, 5)=[^], (2, 8)=[>]}
18 Jan 2025 22:07:59 GMT Zwierzę poruszyło się z (0, 4) na (0, 5)
18 Jan 2025 22:08:00 GMT Długość listy pozycji: 9
Lista pozycji zwierząt: {(6, 6)=[v], (3, 3)=[<], (5, 5)=[>], (4, 6)=[v], (1, 4)=[^], (5, 8)=[<], (2, 5)=[v, ^], (0, 5)=[^], (2, 8)=[>]}
18 Jan 2025 22:08:00 GMT Zwierzę poruszyło się z (6, 7) na (6, 6)
18 Jan 2025 22:08:00 GMT Długość listy pozycji: 9
Lista pozycji zwierząt: {(6, 6)=[v], (3, 3)=[<], (5, 5)=[>], (4, 7)=[^], (1, 4)=[^], (5, 8)=[<], (2, 5)=[v, ^], (0, 5)=[^], (2, 8)=[>]}
18 Jan 2025 22:08:00 GMT Zwierzę poruszyło się z (4, 6) na (4, 7)
18 Jan 2025 22:08:00 GMT Długość listy pozycji: 9
Lista pozycji zwierząt: {(5, 4)=[v], (6, 6)=[v], (3, 3)=[<], (4, 7)=[^], (1, 4)=[^], (5, 8)=[<], (2, 5)=[v, ^], (0, 5)=[^], (2, 8)=[>]}
18 Jan 2025 22:08:00 GMT Zwierzę poruszyło się z (5, 5) na (5, 4)
18 Jan 2025 22:08:00 GMT Zwierzę zjadło roślinkę na (5, 4)
18 Jan 2025 22:08:00 GMT Zwierzę zjadło roślinkę na (6, 6)
18 Jan 2025 22:08:00 GMT Zwierzę zjadło roślinkę na (1, 4)
18 Jan 2025 22:08:00 GMT Zwierzę zjadło roślinkę na (0, 5)
18 Jan 2025 22:08:00 GMT Zwierze zostało położone na (2, 5)
18 Jan 2025 22:08:00 GMT Urodziło się nowe zwierzę na (2, 5)
18 Jan 2025 22:08:00 GMT Roślinka wyrosła na (0, 2)
18 Jan 2025 22:08:00 GMT Roślinka wyrosła na (2, 3)
18 Jan 2025 22:08:00 GMT Roślinka wyrosła na (8, 3)
18 Jan 2025 22:08:00 GMT Roślinka wyrosła na (2, 1)
18 Jan 2025 22:08:00 GMT Roślinka wyrosła na (3, 0)
18 Jan 2025 22:08:00 GMT Roślinka wyrosła na (7, 2)
18 Jan 2025 22:08:00 GMT Roślinka wyrosła na (5, 9)
18 Jan 2025 22:08:00 GMT Roślinka wyrosła na (7, 4)
18 Jan 2025 22:08:00 GMT Roślinka wyrosła na (3, 1)
18 Jan 2025 22:08:00 GMT Roślinka wyrosła na (5, 7)
18 Jan 2025 22:08:00 GMT Długość listy pozycji: 9
Lista pozycji zwierząt: {(5, 4)=[v], (6, 6)=[v], (3, 3)=[<], (6, 7)=[◢], (4, 7)=[^], (1, 4)=[^], (2, 5)=[v, ^, v], (0, 5)=[^], (2, 8)=[>]}
18 Jan 2025 22:08:00 GMT Zwierzę poruszyło się z (5, 8) na (6, 7)
18 Jan 2025 22:08:01 GMT Długość listy pozycji: 9
Lista pozycji zwierząt: {(5, 4)=[v], (6, 6)=[v], (3, 3)=[<], (6, 7)=[◢], (1, 3)=[v], (4, 7)=[^], (2, 5)=[v, ^, v], (0, 5)=[^], (2, 8)=[>]}
18 Jan 2025 22:08:01 GMT Zwierzę poruszyło się z (1, 4) na (1, 3)
18 Jan 2025 22:08:01 GMT Długość listy pozycji: 9
Lista pozycji zwierząt: {(5, 4)=[v], (6, 6)=[v], (6, 7)=[◢], (1, 3)=[v], (4, 7)=[^], (2, 5)=[v, ^, v], (0, 5)=[^], (2, 8)=[>], (4, 2)=[◢]}
18 Jan 2025 22:08:01 GMT Zwierzę poruszyło się z (3, 3) na (4, 2)
18 Jan 2025 22:08:01 GMT Długość listy pozycji: 9
Lista pozycji zwierząt: {(5, 4)=[v], (6, 6)=[v], (6, 7)=[◢], (1, 3)=[v], (4, 7)=[^], (2, 5)=[v, ^, v], (0, 5)=[^], (1, 7)=[◣], (4, 2)=[◢]}
18 Jan 2025 22:08:01 GMT Zwierzę poruszyło się z (2, 8) na (1, 7)
18 Jan 2025 22:08:01 GMT Długość listy pozycji: 10
Lista pozycji zwierząt: {(5, 4)=[v], (6, 6)=[v], (6, 7)=[◢], (3, 5)=[>], (1, 3)=[v], (4, 7)=[^], (2, 5)=[>, ^, v], (0, 5)=[^], (1, 7)=[◣], (4, 2)=[◢]}
18 Jan 2025 22:08:01 GMT Zwierzę poruszyło się z (2, 5) na (3, 5)
18 Jan 2025 22:08:01 GMT Długość listy pozycji: 10
Lista pozycji zwierząt: {(5, 4)=[v], (6, 6)=[v], (6, 7)=[◢], (3, 5)=[>], (1, 3)=[v], (4, 7)=[^], (2, 5)=[>, ^, v], (0, 6)=[^], (1, 7)=[◣], (4, 2)=[◢]}
18 Jan 2025 22:08:01 GMT Zwierzę poruszyło się z (0, 5) na (0, 6)
18 Jan 2025 22:08:01 GMT Długość listy pozycji: 10
Lista pozycji zwierząt: {(7, 6)=[>], (5, 4)=[v], (6, 7)=[◢], (3, 5)=[>], (1, 3)=[v], (4, 7)=[^], (2, 5)=[>, ^, v], (0, 6)=[^], (1, 7)=[◣], (4, 2)=[◢]}
18 Jan 2025 22:08:01 GMT Zwierzę poruszyło się z (6, 6) na (7, 6)
18 Jan 2025 22:08:01 GMT Długość listy pozycji: 10
Lista pozycji zwierząt: {(7, 6)=[>], (5, 4)=[v], (6, 7)=[◢], (4, 6)=[v], (3, 5)=[>], (1, 3)=[v], (2, 5)=[>, ^, v], (0, 6)=[^], (1, 7)=[◣], (4, 2)=[◢]}
18 Jan 2025 22:08:01 GMT Zwierzę poruszyło się z (4, 7) na (4, 6)
18 Jan 2025 22:08:01 GMT Długość listy pozycji: 10
Lista pozycji zwierząt: {(7, 6)=[>], (4, 4)=[<], (6, 7)=[◢], (4, 6)=[v], (3, 5)=[>], (1, 3)=[v], (2, 5)=[>, ^, v], (0, 6)=[^], (1, 7)=[◣], (4, 2)=[◢]}
18 Jan 2025 22:08:01 GMT Zwierzę poruszyło się z (5, 4) na (4, 4)
18 Jan 2025 22:08:01 GMT Zwierzę zjadło roślinkę na (0, 6)
18 Jan 2025 22:08:01 GMT Zwierzę zjadło roślinkę na (4, 2)
18 Jan 2025 22:08:02 GMT Zwierze zostało położone na (2, 5)
18 Jan 2025 22:08:02 GMT Urodziło się nowe zwierzę na (2, 5)
18 Jan 2025 22:08:02 GMT Roślinka wyrosła na (1, 1)
18 Jan 2025 22:08:02 GMT Roślinka wyrosła na (1, 0)
18 Jan 2025 22:08:02 GMT Roślinka wyrosła na (1, 7)
18 Jan 2025 22:08:02 GMT Roślinka wyrosła na (2, 4)
18 Jan 2025 22:08:02 GMT Roślinka wyrosła na (7, 8)
18 Jan 2025 22:08:02 GMT Roślinka wyrosła na (0, 0)
18 Jan 2025 22:08:02 GMT Roślinka wyrosła na (4, 1)
18 Jan 2025 22:08:02 GMT Roślinka wyrosła na (4, 8)
18 Jan 2025 22:08:02 GMT Roślinka wyrosła na (1, 3)
18 Jan 2025 22:08:02 GMT Roślinka wyrosła na (4, 0)
18 Jan 2025 22:08:02 GMT Długość listy pozycji: 10
Lista pozycji zwierząt: {(7, 6)=[>], (4, 4)=[<], (6, 8)=[^], (4, 6)=[v], (3, 5)=[>], (1, 3)=[v], (2, 5)=[>, ^, ◣, v], (0, 6)=[^], (1, 7)=[◣], (4, 2)=[◢]}
18 Jan 2025 22:08:02 GMT Zwierzę poruszyło się z (6, 7) na (6, 8)
18 Jan 2025 22:08:02 GMT Długość listy pozycji: 10
Lista pozycji zwierząt: {(7, 6)=[>], (4, 4)=[<], (6, 8)=[^], (4, 6)=[v], (3, 5)=[>], (1, 4)=[^], (2, 5)=[>, ^, ◣, v], (0, 6)=[^], (1, 7)=[◣], (4, 2)=[◢]}
18 Jan 2025 22:08:02 GMT Zwierzę poruszyło się z (1, 3) na (1, 4)
18 Jan 2025 22:08:02 GMT Długość listy pozycji: 10
Lista pozycji zwierząt: {(4, 3)=[^], (7, 6)=[>], (4, 4)=[<], (6, 8)=[^], (4, 6)=[v], (3, 5)=[>], (1, 4)=[^], (2, 5)=[>, ^, ◣, v], (0, 6)=[^], (1, 7)=[◣]}
18 Jan 2025 22:08:02 GMT Zwierzę poruszyło się z (4, 2) na (4, 3)
18 Jan 2025 22:08:02 GMT Długość listy pozycji: 10
Lista pozycji zwierząt: {(4, 3)=[^], (7, 6)=[>], (4, 4)=[<], (6, 8)=[^], (4, 6)=[v], (3, 5)=[>], (1, 4)=[^], (2, 5)=[>, ^, ◣, v], (0, 6)=[^], (1, 8)=[^]}
18 Jan 2025 22:08:02 GMT Zwierzę poruszyło się z (1, 7) na (1, 8)
18 Jan 2025 22:08:02 GMT Długość listy pozycji: 10
Lista pozycji zwierząt: {(4, 3)=[^], (7, 6)=[>], (4, 4)=[<], (6, 8)=[^], (4, 6)=[v], (3, 6)=[^], (1, 4)=[^], (2, 5)=[^, ^, ◣, v], (0, 6)=[^], (1, 8)=[^]}
18 Jan 2025 22:08:02 GMT Zwierzę poruszyło się z (3, 5) na (3, 6)
18 Jan 2025 22:08:02 GMT Długość listy pozycji: 10
Lista pozycji zwierząt: {(4, 3)=[^], (7, 6)=[>], (4, 4)=[<], (6, 8)=[^], (4, 6)=[v], (3, 6)=[^], (1, 4)=[^], (2, 5)=[^, ^, ◣, v], (0, 7)=[^], (1, 8)=[^]}
18 Jan 2025 22:08:02 GMT Zwierzę poruszyło się z (0, 6) na (0, 7)
18 Jan 2025 22:08:03 GMT Długość listy pozycji: 10
Lista pozycji zwierząt: {(4, 3)=[^], (7, 7)=[^], (4, 4)=[<], (6, 8)=[^], (4, 6)=[v], (3, 6)=[^], (1, 4)=[^], (2, 5)=[^, ^, ◣, v], (0, 7)=[^], (1, 8)=[^]}
18 Jan 2025 22:08:03 GMT Zwierzę poruszyło się z (7, 6) na (7, 7)
18 Jan 2025 22:08:03 GMT Długość listy pozycji: 10
Lista pozycji zwierząt: {(4, 3)=[^], (7, 7)=[^], (4, 4)=[<], (6, 8)=[^], (4, 7)=[^], (3, 6)=[^], (1, 4)=[^], (2, 5)=[^, ^, ◣, v], (0, 7)=[^], (1, 8)=[^]}
18 Jan 2025 22:08:03 GMT Zwierzę poruszyło się z (4, 6) na (4, 7)
18 Jan 2025 22:08:03 GMT Długość listy pozycji: 10
Lista pozycji zwierząt: {(4, 3)=[^], (7, 7)=[^], (4, 5)=[^], (6, 8)=[^], (4, 7)=[^], (3, 6)=[^], (1, 4)=[^], (2, 5)=[^, ^, ◣, v], (0, 7)=[^], (1, 8)=[^]}
18 Jan 2025 22:08:03 GMT Zwierzę poruszyło się z (4, 4) na (4, 5)
18 Jan 2025 22:08:03 GMT Zwierze zostało położone na (2, 5)
18 Jan 2025 22:08:03 GMT Urodziło się nowe zwierzę na (2, 5)
18 Jan 2025 22:08:03 GMT Roślinka wyrosła na (4, 4)
18 Jan 2025 22:08:03 GMT Roślinka wyrosła na (3, 4)
18 Jan 2025 22:08:03 GMT Roślinka wyrosła na (8, 2)
18 Jan 2025 22:08:03 GMT Roślinka wyrosła na (4, 3)
18 Jan 2025 22:08:03 GMT Roślinka wyrosła na (6, 8)
18 Jan 2025 22:08:03 GMT Roślinka wyrosła na (7, 9)
18 Jan 2025 22:08:03 GMT Roślinka wyrosła na (6, 1)
18 Jan 2025 22:08:03 GMT Roślinka wyrosła na (8, 0)
18 Jan 2025 22:08:03 GMT Roślinka wyrosła na (5, 1)
18 Jan 2025 22:08:03 GMT Roślinka wyrosła na (7, 7)
18 Jan 2025 22:08:03 GMT Długość listy pozycji: 10
Lista pozycji zwierząt: {(4, 3)=[^], (7, 7)=[^], (4, 5)=[^], (5, 7)=[◣], (4, 7)=[^], (3, 6)=[^], (1, 4)=[^], (2, 5)=[^, ^, ◣, >, v], (0, 7)=[^], (1, 8)=[^]}
18 Jan 2025 22:08:03 GMT Zwierzę poruszyło się z (6, 8) na (5, 7)
18 Jan 2025 22:08:04 GMT Długość listy pozycji: 10
Lista pozycji zwierząt: {(4, 3)=[^], (7, 7)=[^], (4, 5)=[^], (1, 3)=[v], (5, 7)=[◣], (4, 7)=[^], (3, 6)=[^], (2, 5)=[^, ^, ◣, >, v], (0, 7)=[^], (1, 8)=[^]}
18 Jan 2025 22:08:04 GMT Zwierzę poruszyło się z (1, 4) na (1, 3)
18 Jan 2025 22:08:04 GMT Długość listy pozycji: 10
Lista pozycji zwierząt: {(3, 2)=[◣], (7, 7)=[^], (4, 5)=[^], (1, 3)=[v], (5, 7)=[◣], (4, 7)=[^], (3, 6)=[^], (2, 5)=[^, ^, ◣, >, v], (0, 7)=[^], (1, 8)=[^]}
18 Jan 2025 22:08:04 GMT Zwierzę poruszyło się z (4, 3) na (3, 2)
18 Jan 2025 22:08:04 GMT Długość listy pozycji: 10
Lista pozycji zwierząt: {(3, 2)=[◣], (7, 7)=[^], (4, 5)=[^], (1, 3)=[v], (5, 7)=[◣], (4, 7)=[^], (3, 6)=[^], (2, 5)=[^, ^, ◣, >, v], (2, 7)=[◢], (0, 7)=[^]}
18 Jan 2025 22:08:04 GMT Zwierzę poruszyło się z (1, 8) na (2, 7)
18 Jan 2025 22:08:04 GMT Długość listy pozycji: 10
Lista pozycji zwierząt: {(3, 2)=[◣], (7, 7)=[^], (4, 5)=[^], (1, 3)=[v], (5, 7)=[◣], (4, 7)=[^], (2, 5)=[<, ^, ◣, >, v], (2, 6)=[<], (2, 7)=[◢], (0, 7)=[^]}
18 Jan 2025 22:08:04 GMT Zwierzę poruszyło się z (3, 6) na (2, 6)
18 Jan 2025 22:08:04 GMT Długość listy pozycji: 10
Lista pozycji zwierząt: {(3, 2)=[◣], (7, 7)=[^], (4, 5)=[^], (1, 3)=[v], (5, 7)=[◣], (4, 7)=[^], (2, 5)=[<, ^, ◣, >, v], (2, 6)=[<], (2, 7)=[◢], (0, 8)=[^]}
18 Jan 2025 22:08:04 GMT Zwierzę poruszyło się z (0, 7) na (0, 8)
18 Jan 2025 22:08:04 GMT Długość listy pozycji: 10
Lista pozycji zwierząt: {(3, 2)=[◣], (6, 7)=[<], (4, 5)=[^], (1, 3)=[v], (5, 7)=[◣], (4, 7)=[^], (2, 5)=[<, ^, ◣, >, v], (2, 6)=[<], (2, 7)=[◢], (0, 8)=[^]}
18 Jan 2025 22:08:04 GMT Zwierzę poruszyło się z (7, 7) na (6, 7)
18 Jan 2025 22:08:04 GMT Długość listy pozycji: 10
Lista pozycji zwierząt: {(3, 2)=[◣], (6, 7)=[<], (4, 5)=[^], (4, 6)=[v], (1, 3)=[v], (5, 7)=[◣], (2, 5)=[<, ^, ◣, >, v], (2, 6)=[<], (2, 7)=[◢], (0, 8)=[^]}
18 Jan 2025 22:08:04 GMT Zwierzę poruszyło się z (4, 7) na (4, 6)
18 Jan 2025 22:08:04 GMT Długość listy pozycji: 10
Lista pozycji zwierząt: {(3, 2)=[◣], (5, 5)=[>], (6, 7)=[<], (4, 6)=[v], (1, 3)=[v], (5, 7)=[◣], (2, 5)=[<, ^, ◣, >, v], (2, 6)=[<], (2, 7)=[◢], (0, 8)=[^]}
18 Jan 2025 22:08:04 GMT Zwierzę poruszyło się z (4, 5) na (5, 5)
18 Jan 2025 22:08:04 GMT Zwierzę zjadło roślinkę na (1, 3)
18 Jan 2025 22:08:04 GMT Zwierzę zjadło roślinkę na (5, 7)
18 Jan 2025 22:08:04 GMT Zwierzę zjadło roślinkę na (2, 7)
18 Jan 2025 22:08:04 GMT Zwierzę zjadło roślinkę na (0, 8)
18 Jan 2025 22:08:05 GMT Zwierze zostało położone na (2, 5)
18 Jan 2025 22:08:05 GMT Urodziło się nowe zwierzę na (2, 5)
18 Jan 2025 22:08:05 GMT Roślinka wyrosła na (6, 7)
18 Jan 2025 22:08:05 GMT Roślinka wyrosła na (1, 2)
18 Jan 2025 22:08:05 GMT Roślinka wyrosła na (6, 4)
18 Jan 2025 22:08:05 GMT Roślinka wyrosła na (9, 9)
18 Jan 2025 22:08:05 GMT Roślinka wyrosła na (0, 1)
18 Jan 2025 22:08:05 GMT Roślinka wyrosła na (9, 7)
18 Jan 2025 22:08:05 GMT Roślinka wyrosła na (7, 3)
18 Jan 2025 22:08:05 GMT Roślinka wyrosła na (7, 1)
18 Jan 2025 22:08:05 GMT Roślinka wyrosła na (0, 7)
18 Jan 2025 22:08:05 GMT Roślinka wyrosła na (4, 7)
18 Jan 2025 22:08:05 GMT Długość listy pozycji: 9
Lista pozycji zwierząt: {(3, 2)=[◣], (5, 5)=[>], (6, 7)=[<, >], (4, 6)=[v], (1, 3)=[v], (2, 5)=[<, ^, >, ◣, >, v], (2, 6)=[<], (2, 7)=[◢], (0, 8)=[^]}
18 Jan 2025 22:08:05 GMT Zwierzę poruszyło się z (5, 7) na (6, 7)
18 Jan 2025 22:08:05 GMT Długość listy pozycji: 9
Lista pozycji zwierząt: {(3, 2)=[◣], (5, 5)=[>], (6, 7)=[<, >], (4, 6)=[v], (1, 4)=[^], (2, 5)=[<, ^, >, ◣, >, v], (2, 6)=[<], (2, 7)=[◢], (0, 8)=[^]}
18 Jan 2025 22:08:05 GMT Zwierzę poruszyło się z (1, 3) na (1, 4)
18 Jan 2025 22:08:05 GMT Długość listy pozycji: 9
Lista pozycji zwierząt: {(5, 5)=[>], (6, 7)=[<, >], (4, 6)=[v], (1, 4)=[^], (2, 5)=[<, ^, >, ◣, >, v], (2, 6)=[<], (2, 7)=[◢], (0, 8)=[^], (4, 2)=[>]}
18 Jan 2025 22:08:05 GMT Zwierzę poruszyło się z (3, 2) na (4, 2)
18 Jan 2025 22:08:05 GMT Długość listy pozycji: 9
Lista pozycji zwierząt: {(5, 5)=[>], (6, 7)=[<, >], (4, 6)=[v], (1, 4)=[^], (2, 5)=[<, ^, >, ◣, >, v], (2, 6)=[<], (1, 7)=[<], (0, 8)=[^], (4, 2)=[>]}
18 Jan 2025 22:08:05 GMT Zwierzę poruszyło się z (2, 7) na (1, 7)
18 Jan 2025 22:08:05 GMT Długość listy pozycji: 8
Lista pozycji zwierząt: {(5, 5)=[>], (6, 7)=[<, >], (4, 6)=[v], (1, 4)=[^], (2, 5)=[v, ^, >, ◣, >, v, v], (1, 7)=[<], (0, 8)=[^], (4, 2)=[>]}
18 Jan 2025 22:08:05 GMT Zwierzę poruszyło się z (2, 6) na (2, 5)
18 Jan 2025 22:08:06 GMT Długość listy pozycji: 8
Lista pozycji zwierząt: {(5, 5)=[>], (6, 7)=[<, >], (4, 6)=[v], (1, 4)=[^], (2, 5)=[v, ^, >, ◣, >, v, v], (1, 7)=[<], (0, 9)=[^], (4, 2)=[>]}
18 Jan 2025 22:08:06 GMT Zwierzę poruszyło się z (0, 8) na (0, 9)
18 Jan 2025 22:08:06 GMT Długość listy pozycji: 9
Lista pozycji zwierząt: {(6, 6)=[v], (5, 5)=[>], (6, 7)=[>], (4, 6)=[v], (1, 4)=[^], (2, 5)=[v, ^, >, ◣, >, v, v], (1, 7)=[<], (0, 9)=[^], (4, 2)=[>]}
18 Jan 2025 22:08:06 GMT Zwierzę poruszyło się z (6, 7) na (6, 6)
18 Jan 2025 22:08:06 GMT Długość listy pozycji: 9
Lista pozycji zwierząt: {(6, 6)=[v], (5, 5)=[>], (6, 7)=[>], (4, 7)=[^], (1, 4)=[^], (2, 5)=[v, ^, >, ◣, >, v, v], (1, 7)=[<], (0, 9)=[^], (4, 2)=[>]}
18 Jan 2025 22:08:06 GMT Zwierzę poruszyło się z (4, 6) na (4, 7)
18 Jan 2025 22:08:06 GMT Długość listy pozycji: 9
Lista pozycji zwierząt: {(5, 4)=[v], (6, 6)=[v], (6, 7)=[>], (4, 7)=[^], (1, 4)=[^], (2, 5)=[v, ^, >, ◣, >, v, v], (1, 7)=[<], (0, 9)=[^], (4, 2)=[>]}
18 Jan 2025 22:08:06 GMT Zwierzę poruszyło się z (5, 5) na (5, 4)
18 Jan 2025 22:08:06 GMT Zwierzę zjadło roślinkę na (6, 7)
18 Jan 2025 22:08:06 GMT Zwierzę zjadło roślinkę na (4, 7)
18 Jan 2025 22:08:06 GMT Zwierzę zjadło roślinkę na (1, 7)
18 Jan 2025 22:08:06 GMT Zwierzę zjadło roślinkę na (0, 9)
18 Jan 2025 22:08:06 GMT Zwierze zostało położone na (2, 5)
18 Jan 2025 22:08:06 GMT Urodziło się nowe zwierzę na (2, 5)
18 Jan 2025 22:08:06 GMT Roślinka wyrosła na (5, 8)
18 Jan 2025 22:08:06 GMT Roślinka wyrosła na (2, 0)
18 Jan 2025 22:08:06 GMT Roślinka wyrosła na (8, 4)
18 Jan 2025 22:08:06 GMT Roślinka wyrosła na (2, 8)
18 Jan 2025 22:08:06 GMT Roślinka wyrosła na (9, 2)
18 Jan 2025 22:08:06 GMT Roślinka wyrosła na (5, 3)
18 Jan 2025 22:08:06 GMT Roślinka wyrosła na (3, 3)
18 Jan 2025 22:08:06 GMT Roślinka wyrosła na (1, 9)
18 Jan 2025 22:08:06 GMT Roślinka wyrosła na (3, 2)
18 Jan 2025 22:08:06 GMT Roślinka wyrosła na (5, 2)
18 Jan 2025 22:08:07 GMT Długość listy pozycji: 9
Lista pozycji zwierząt: {(5, 4)=[v], (6, 6)=[v], (5, 8)=[◤], (4, 7)=[^], (1, 4)=[^], (2, 5)=[◤, v, ^, >, ◣, >, v, v], (1, 7)=[<], (0, 9)=[^], (4, 2)=[>]}
18 Jan 2025 22:08:07 GMT Zwierzę poruszyło się z (6, 7) na (5, 8)
18 Jan 2025 22:08:07 GMT Długość listy pozycji: 9
Lista pozycji zwierząt: {(5, 4)=[v], (6, 6)=[v], (1, 3)=[v], (5, 8)=[◤], (4, 7)=[^], (2, 5)=[◤, v, ^, >, ◣, >, v, v], (1, 7)=[<], (0, 9)=[^], (4, 2)=[>]}
18 Jan 2025 22:08:07 GMT Zwierzę poruszyło się z (1, 4) na (1, 3)
18 Jan 2025 22:08:07 GMT Długość listy pozycji: 9
Lista pozycji zwierząt: {(5, 4)=[v], (3, 3)=[◤], (6, 6)=[v], (1, 3)=[v], (5, 8)=[◤], (4, 7)=[^], (2, 5)=[◤, v, ^, >, ◣, >, v, v], (1, 7)=[<], (0, 9)=[^]}
18 Jan 2025 22:08:07 GMT Zwierzę poruszyło się z (4, 2) na (3, 3)
18 Jan 2025 22:08:07 GMT Długość listy pozycji: 9
Lista pozycji zwierząt: {(5, 4)=[v], (3, 3)=[◤], (6, 6)=[v], (1, 3)=[v], (5, 8)=[◤], (4, 7)=[^], (2, 5)=[◤, v, ^, >, ◣, >, v, v], (2, 8)=[◥], (0, 9)=[^]}
18 Jan 2025 22:08:07 GMT Zwierzę poruszyło się z (1, 7) na (2, 8)
18 Jan 2025 22:08:07 GMT Długość listy pozycji: 10
Lista pozycji zwierząt: {(5, 4)=[v], (3, 3)=[◤], (6, 6)=[v], (3, 5)=[>], (1, 3)=[v], (5, 8)=[◤], (4, 7)=[^], (2, 5)=[◤, >, ^, >, ◣, >, >, v], (2, 8)=[◥], (0, 9)=[^]}
18 Jan 2025 22:08:07 GMT Zwierzę poruszyło się z (2, 5) na (3, 5)
18 Jan 2025 22:08:07 GMT Długość listy pozycji: 10
Lista pozycji zwierząt: {(5, 4)=[v], (3, 3)=[◤], (6, 6)=[v], (3, 5)=[>], (1, 3)=[v], (5, 8)=[◤], (4, 7)=[^], (2, 5)=[◤, >, ^, >, ◣, >, >, v], (2, 8)=[◥], (0, 9)=[v]}
18 Jan 2025 22:08:07 GMT Zwierzę poruszyło się z (0, 9) na (0, 9)
18 Jan 2025 22:08:07 GMT Długość listy pozycji: 10
Lista pozycji zwierząt: {(7, 6)=[>], (5, 4)=[v], (3, 3)=[◤], (3, 5)=[>], (1, 3)=[v], (5, 8)=[◤], (4, 7)=[^], (2, 5)=[◤, >, ^, >, ◣, >, >, v], (2, 8)=[◥], (0, 9)=[v]}
18 Jan 2025 22:08:07 GMT Zwierzę poruszyło się z (6, 6) na (7, 6)
18 Jan 2025 22:08:07 GMT Długość listy pozycji: 10
Lista pozycji zwierząt: {(7, 6)=[>], (5, 4)=[v], (3, 3)=[◤], (4, 6)=[v], (3, 5)=[>], (1, 3)=[v], (5, 8)=[◤], (2, 5)=[◤, >, ^, >, ◣, >, >, v], (2, 8)=[◥], (0, 9)=[v]}
18 Jan 2025 22:08:07 GMT Zwierzę poruszyło się z (4, 7) na (4, 6)
18 Jan 2025 22:08:07 GMT Długość listy pozycji: 10
Lista pozycji zwierząt: {(7, 6)=[>], (4, 4)=[<], (3, 3)=[◤], (4, 6)=[v], (3, 5)=[>], (1, 3)=[v], (5, 8)=[◤], (2, 5)=[◤, >, ^, >, ◣, >, >, v], (2, 8)=[◥], (0, 9)=[v]}
18 Jan 2025 22:08:07 GMT Zwierzę poruszyło się z (5, 4) na (4, 4)
18 Jan 2025 22:08:08 GMT Zwierzę zjadło roślinkę na (4, 4)
18 Jan 2025 22:08:08 GMT Zwierzę zjadło roślinkę na (3, 3)
18 Jan 2025 22:08:08 GMT Zwierzę zjadło roślinkę na (5, 8)
18 Jan 2025 22:08:08 GMT Zwierzę zjadło roślinkę na (2, 8)
18 Jan 2025 22:08:08 GMT Zwierze zostało położone na (2, 5)
18 Jan 2025 22:08:08 GMT Urodziło się nowe zwierzę na (2, 5)
18 Jan 2025 22:08:08 GMT Roślinka wyrosła na null
18 Jan 2025 22:08:08 GMT Roślinka wyrosła na null
18 Jan 2025 22:08:08 GMT Roślinka wyrosła na null
18 Jan 2025 22:08:08 GMT Roślinka wyrosła na null
18 Jan 2025 22:08:08 GMT Roślinka wyrosła na null
18 Jan 2025 22:08:08 GMT Roślinka wyrosła na null
18 Jan 2025 22:08:08 GMT Roślinka wyrosła na null
18 Jan 2025 22:08:08 GMT Roślinka wyrosła na null
18 Jan 2025 22:08:08 GMT Roślinka wyrosła na null
18 Jan 2025 22:08:08 GMT Roślinka wyrosła na null
18 Jan 2025 22:08:08 GMT Zwierzę umarło na (3, 5)
18 Jan 2025 22:08:08 GMT Długość listy pozycji: 10
Lista pozycji zwierząt: {(7, 6)=[>], (4, 4)=[<], (3, 3)=[◤], (5, 7)=[v], (4, 6)=[v], (3, 5)=[], (1, 3)=[v], (2, 5)=[<, ◤, >, ^, >, ◣, >, >, v], (2, 8)=[◥], (0, 9)=[v]}
18 Jan 2025 22:08:08 GMT Zwierzę poruszyło się z (5, 8) na (5, 7)
18 Jan 2025 22:08:08 GMT Długość listy pozycji: 10
Lista pozycji zwierząt: {(7, 6)=[>], (4, 4)=[<], (3, 3)=[◤], (5, 7)=[v], (4, 6)=[v], (3, 5)=[], (1, 4)=[^], (2, 5)=[<, ◤, >, ^, >, ◣, >, >, v], (2, 8)=[◥], (0, 9)=[v]}
18 Jan 2025 22:08:08 GMT Zwierzę poruszyło się z (1, 3) na (1, 4)
18 Jan 2025 22:08:08 GMT Długość listy pozycji: 10
Lista pozycji zwierząt: {(3, 2)=[v], (7, 6)=[>], (4, 4)=[<], (5, 7)=[v], (4, 6)=[v], (3, 5)=[], (1, 4)=[^], (2, 5)=[<, ◤, >, ^, >, ◣, >, >, v], (2, 8)=[◥], (0, 9)=[v]}
18 Jan 2025 22:08:08 GMT Zwierzę poruszyło się z (3, 3) na (3, 2)
18 Jan 2025 22:08:08 GMT Długość listy pozycji: 10
Lista pozycji zwierząt: {(3, 2)=[v], (7, 6)=[>], (4, 4)=[<], (5, 7)=[v], (4, 6)=[v], (3, 5)=[], (1, 4)=[^], (2, 5)=[<, ◤, >, ^, >, ◣, >, >, v], (2, 7)=[v], (0, 9)=[v]}
18 Jan 2025 22:08:08 GMT Zwierzę poruszyło się z (2, 8) na (2, 7)
18 Jan 2025 22:08:09 GMT Długość listy pozycji: 10
Lista pozycji zwierząt: {(3, 2)=[v], (7, 6)=[>], (4, 4)=[<], (5, 7)=[v], (4, 6)=[v], (3, 5)=[], (1, 4)=[^], (2, 5)=[<, ◤, >, ^, >, ◣, >, >, v], (2, 7)=[v], (0, 8)=[v]}
18 Jan 2025 22:08:09 GMT Zwierzę poruszyło się z (0, 9) na (0, 8)
18 Jan 2025 22:08:09 GMT Długość listy pozycji: 10
Lista pozycji zwierząt: {(3, 2)=[v], (7, 7)=[^], (4, 4)=[<], (5, 7)=[v], (4, 6)=[v], (3, 5)=[], (1, 4)=[^], (2, 5)=[<, ◤, >, ^, >, ◣, >, >, v], (2, 7)=[v], (0, 8)=[v]}
18 Jan 2025 22:08:09 GMT Zwierzę poruszyło się z (7, 6) na (7, 7)
18 Jan 2025 22:08:09 GMT Długość listy pozycji: 10
Lista pozycji zwierząt: {(3, 2)=[v], (7, 7)=[^], (4, 4)=[<], (5, 7)=[v], (3, 5)=[], (4, 7)=[^], (1, 4)=[^], (2, 5)=[<, ◤, >, ^, >, ◣, >, >, v], (2, 7)=[v], (0, 8)=[v]}
18 Jan 2025 22:08:09 GMT Zwierzę poruszyło się z (4, 6) na (4, 7)
18 Jan 2025 22:08:09 GMT Długość listy pozycji: 10
Lista pozycji zwierząt: {(3, 2)=[v], (7, 7)=[^], (4, 5)=[^], (5, 7)=[v], (3, 5)=[], (4, 7)=[^], (1, 4)=[^], (2, 5)=[<, ◤, >, ^, >, ◣, >, >, v], (2, 7)=[v], (0, 8)=[v]}
18 Jan 2025 22:08:09 GMT Zwierzę poruszyło się z (4, 4) na (4, 5)
18 Jan 2025 22:08:09 GMT Zwierzę zjadło roślinkę na (3, 2)
18 Jan 2025 22:08:09 GMT Zwierzę zjadło roślinkę na (7, 7)
18 Jan 2025 22:08:09 GMT Zwierze zostało położone na (2, 5)
18 Jan 2025 22:08:09 GMT Urodziło się nowe zwierzę na (2, 5)
18 Jan 2025 22:08:09 GMT Roślinka wyrosła na null
18 Jan 2025 22:08:09 GMT Roślinka wyrosła na null
18 Jan 2025 22:08:09 GMT Roślinka wyrosła na null
18 Jan 2025 22:08:09 GMT Roślinka wyrosła na null
18 Jan 2025 22:08:09 GMT Roślinka wyrosła na null
18 Jan 2025 22:08:09 GMT Roślinka wyrosła na null
18 Jan 2025 22:08:09 GMT Roślinka wyrosła na null
18 Jan 2025 22:08:09 GMT Roślinka wyrosła na null
18 Jan 2025 22:08:09 GMT Roślinka wyrosła na null
18 Jan 2025 22:08:09 GMT Roślinka wyrosła na null
18 Jan 2025 22:08:10 GMT Długość listy pozycji: 10
Lista pozycji zwierząt: {(3, 2)=[v], (7, 7)=[^], (4, 5)=[^], (6, 8)=[◥], (3, 5)=[], (4, 7)=[^], (1, 4)=[^], (2, 5)=[<, <, ◤, >, ^, >, ◣, >, >, v], (2, 7)=[v], (0, 8)=[v]}
18 Jan 2025 22:08:10 GMT Zwierzę poruszyło się z (5, 7) na (6, 8)
18 Jan 2025 22:08:10 GMT Długość listy pozycji: 10
Lista pozycji zwierząt: {(3, 2)=[v], (7, 7)=[^], (4, 5)=[^], (1, 3)=[v], (6, 8)=[◥], (3, 5)=[], (4, 7)=[^], (2, 5)=[<, <, ◤, >, ^, >, ◣, >, >, v], (2, 7)=[v], (0, 8)=[v]}
18 Jan 2025 22:08:10 GMT Zwierzę poruszyło się z (1, 4) na (1, 3)
18 Jan 2025 22:08:10 GMT Długość listy pozycji: 10
Lista pozycji zwierząt: {(4, 3)=[◥], (7, 7)=[^], (4, 5)=[^], (1, 3)=[v], (6, 8)=[◥], (3, 5)=[], (4, 7)=[^], (2, 5)=[<, <, ◤, >, ^, >, ◣, >, >, v], (2, 7)=[v], (0, 8)=[v]}
18 Jan 2025 22:08:10 GMT Zwierzę poruszyło się z (3, 2) na (4, 3)
18 Jan 2025 22:08:10 GMT Długość listy pozycji: 10
Lista pozycji zwierząt: {(4, 3)=[◥], (7, 7)=[^], (4, 5)=[^], (1, 3)=[v], (6, 8)=[◥], (3, 5)=[], (4, 7)=[^], (2, 5)=[<, <, ◤, >, ^, >, ◣, >, >, v], (1, 8)=[◤], (0, 8)=[v]}
18 Jan 2025 22:08:10 GMT Zwierzę poruszyło się z (2, 7) na (1, 8)
18 Jan 2025 22:08:10 GMT Długość listy pozycji: 10
Lista pozycji zwierząt: {(4, 3)=[◥], (7, 7)=[^], (4, 5)=[^], (1, 3)=[v], (6, 8)=[◥], (3, 5)=[], (4, 7)=[^], (2, 5)=[<, <, ◤, >, ^, >, ◣, >, >, v], (0, 7)=[v], (1, 8)=[◤]}
18 Jan 2025 22:08:10 GMT Zwierzę poruszyło się z (0, 8) na (0, 7)
18 Jan 2025 22:08:10 GMT Długość listy pozycji: 10
Lista pozycji zwierząt: {(4, 3)=[◥], (6, 7)=[<], (4, 5)=[^], (1, 3)=[v], (6, 8)=[◥], (3, 5)=[], (4, 7)=[^], (2, 5)=[<, <, ◤, >, ^, >, ◣, >, >, v], (0, 7)=[v], (1, 8)=[◤]}
18 Jan 2025 22:08:10 GMT Zwierzę poruszyło się z (7, 7) na (6, 7)
18 Jan 2025 22:08:10 GMT Długość listy pozycji: 10
Lista pozycji zwierząt: {(4, 3)=[◥], (6, 7)=[<], (4, 5)=[^], (4, 6)=[v], (1, 3)=[v], (6, 8)=[◥], (3, 5)=[], (2, 5)=[<, <, ◤, >, ^, >, ◣, >, >, v], (0, 7)=[v], (1, 8)=[◤]}
18 Jan 2025 22:08:10 GMT Zwierzę poruszyło się z (4, 7) na (4, 6)
18 Jan 2025 22:08:10 GMT Długość listy pozycji: 10
Lista pozycji zwierząt: {(4, 3)=[◥], (5, 5)=[>], (6, 7)=[<], (4, 6)=[v], (1, 3)=[v], (6, 8)=[◥], (3, 5)=[], (2, 5)=[<, <, ◤, >, ^, >, ◣, >, >, v], (0, 7)=[v], (1, 8)=[◤]}
18 Jan 2025 22:08:10 GMT Zwierzę poruszyło się z (4, 5) na (5, 5)
18 Jan 2025 22:08:10 GMT Zwierzę zjadło roślinkę na (4, 3)
18 Jan 2025 22:08:10 GMT Zwierzę zjadło roślinkę na (6, 8)
18 Jan 2025 22:08:10 GMT Zwierzę zjadło roślinkę na (0, 7)
18 Jan 2025 22:08:11 GMT Zwierze zostało położone na (2, 5)
18 Jan 2025 22:08:11 GMT Urodziło się nowe zwierzę na (2, 5)
18 Jan 2025 22:08:11 GMT Roślinka wyrosła na null
18 Jan 2025 22:08:11 GMT Roślinka wyrosła na null
18 Jan 2025 22:08:11 GMT Roślinka wyrosła na null
18 Jan 2025 22:08:11 GMT Roślinka wyrosła na null
18 Jan 2025 22:08:11 GMT Roślinka wyrosła na null
18 Jan 2025 22:08:11 GMT Roślinka wyrosła na null
18 Jan 2025 22:08:11 GMT Roślinka wyrosła na null
18 Jan 2025 22:08:11 GMT Roślinka wyrosła na null
18 Jan 2025 22:08:11 GMT Roślinka wyrosła na null
18 Jan 2025 22:08:11 GMT Roślinka wyrosła na null
18 Jan 2025 22:08:11 GMT Długość listy pozycji: 10
Lista pozycji zwierząt: {(4, 3)=[◥], (5, 5)=[>], (6, 7)=[<], (4, 6)=[v], (1, 3)=[v], (3, 5)=[], (5, 8)=[<], (2, 5)=[<, <, <, ◤, >, ^, >, ◣, >, >, v], (0, 7)=[v], (1, 8)=[◤]}
18 Jan 2025 22:08:11 GMT Zwierzę poruszyło się z (6, 8) na (5, 8)
18 Jan 2025 22:08:11 GMT Długość listy pozycji: 10
Lista pozycji zwierząt: {(4, 3)=[◥], (5, 5)=[>], (6, 7)=[<], (4, 6)=[v], (3, 5)=[], (1, 4)=[^], (5, 8)=[<], (2, 5)=[<, <, <, ◤, >, ^, >, ◣, >, >, v], (0, 7)=[v], (1, 8)=[◤]}
18 Jan 2025 22:08:11 GMT Zwierzę poruszyło się z (1, 3) na (1, 4)
18 Jan 2025 22:08:11 GMT Długość listy pozycji: 10
Lista pozycji zwierząt: {(3, 3)=[<], (5, 5)=[>], (6, 7)=[<], (4, 6)=[v], (3, 5)=[], (1, 4)=[^], (5, 8)=[<], (2, 5)=[<, <, <, ◤, >, ^, >, ◣, >, >, v], (0, 7)=[v], (1, 8)=[◤]}
18 Jan 2025 22:08:11 GMT Zwierzę poruszyło się z (4, 3) na (3, 3)
18 Jan 2025 22:08:11 GMT Długość listy pozycji: 10
Lista pozycji zwierząt: {(3, 3)=[<], (5, 5)=[>], (6, 7)=[<], (4, 6)=[v], (3, 5)=[], (1, 4)=[^], (5, 8)=[<], (2, 5)=[<, <, <, ◤, >, ^, >, ◣, >, >, v], (2, 8)=[>], (0, 7)=[v]}
18 Jan 2025 22:08:11 GMT Zwierzę poruszyło się z (1, 8) na (2, 8)
18 Jan 2025 22:08:11 GMT Długość listy pozycji: 10
Lista pozycji zwierząt: {(3, 3)=[<], (5, 5)=[>], (6, 7)=[<], (4, 6)=[v], (3, 5)=[], (1, 4)=[^], (5, 8)=[<], (2, 5)=[<, <, <, ◤, >, ^, >, ◣, >, >, v], (0, 6)=[v], (2, 8)=[>]}
18 Jan 2025 22:08:11 GMT Zwierzę poruszyło się z (0, 7) na (0, 6)
18 Jan 2025 22:08:12 GMT Długość listy pozycji: 10
Lista pozycji zwierząt: {(6, 6)=[v], (3, 3)=[<], (5, 5)=[>], (4, 6)=[v], (3, 5)=[], (1, 4)=[^], (5, 8)=[<], (2, 5)=[<, <, <, ◤, >, ^, >, ◣, >, >, v], (0, 6)=[v], (2, 8)=[>]}
18 Jan 2025 22:08:12 GMT Zwierzę poruszyło się z (6, 7) na (6, 6)
18 Jan 2025 22:08:12 GMT Długość listy pozycji: 10
Lista pozycji zwierząt: {(6, 6)=[v], (3, 3)=[<], (5, 5)=[>], (3, 5)=[], (4, 7)=[^], (1, 4)=[^], (5, 8)=[<], (2, 5)=[<, <, <, ◤, >, ^, >, ◣, >, >, v], (0, 6)=[v], (2, 8)=[>]}
18 Jan 2025 22:08:12 GMT Zwierzę poruszyło się z (4, 6) na (4, 7)
18 Jan 2025 22:08:12 GMT Długość listy pozycji: 10
Lista pozycji zwierząt: {(5, 4)=[v], (6, 6)=[v], (3, 3)=[<], (3, 5)=[], (4, 7)=[^], (1, 4)=[^], (5, 8)=[<], (2, 5)=[<, <, <, ◤, >, ^, >, ◣, >, >, v], (0, 6)=[v], (2, 8)=[>]}
18 Jan 2025 22:08:12 GMT Zwierzę poruszyło się z (5, 5) na (5, 4)
18 Jan 2025 22:08:12 GMT Zwierze zostało położone na (2, 5)
18 Jan 2025 22:08:12 GMT Urodziło się nowe zwierzę na (2, 5)
18 Jan 2025 22:08:12 GMT Roślinka wyrosła na null
18 Jan 2025 22:08:12 GMT Roślinka wyrosła na null
18 Jan 2025 22:08:12 GMT Roślinka wyrosła na null
18 Jan 2025 22:08:12 GMT Roślinka wyrosła na null
18 Jan 2025 22:08:12 GMT Roślinka wyrosła na null
18 Jan 2025 22:08:12 GMT Roślinka wyrosła na null
18 Jan 2025 22:08:12 GMT Roślinka wyrosła na null
18 Jan 2025 22:08:12 GMT Roślinka wyrosła na null
18 Jan 2025 22:08:12 GMT Roślinka wyrosła na null
18 Jan 2025 22:08:12 GMT Roślinka wyrosła na null
18 Jan 2025 22:08:12 GMT Długość listy pozycji: 10
Lista pozycji zwierząt: {(5, 4)=[v], (6, 6)=[v], (3, 3)=[<], (6, 7)=[◢], (3, 5)=[], (4, 7)=[^], (1, 4)=[^], (2, 5)=[<, <, <, <, ◤, >, ^, >, ◣, >, >, v], (0, 6)=[v], (2, 8)=[>]}
18 Jan 2025 22:08:12 GMT Zwierzę poruszyło się z (5, 8) na (6, 7)
18 Jan 2025 22:08:13 GMT Długość listy pozycji: 10
Lista pozycji zwierząt: {(5, 4)=[v], (6, 6)=[v], (3, 3)=[<], (6, 7)=[◢], (1, 3)=[v], (3, 5)=[], (4, 7)=[^], (2, 5)=[<, <, <, <, ◤, >, ^, >, ◣, >, >, v], (0, 6)=[v], (2, 8)=[>]}
18 Jan 2025 22:08:13 GMT Zwierzę poruszyło się z (1, 4) na (1, 3)
18 Jan 2025 22:08:13 GMT Długość listy pozycji: 10
Lista pozycji zwierząt: {(5, 4)=[v], (6, 6)=[v], (6, 7)=[◢], (1, 3)=[v], (3, 5)=[], (4, 7)=[^], (2, 5)=[<, <, <, <, ◤, >, ^, >, ◣, >, >, v], (0, 6)=[v], (2, 8)=[>], (4, 2)=[◢]}
18 Jan 2025 22:08:13 GMT Zwierzę poruszyło się z (3, 3) na (4, 2)
18 Jan 2025 22:08:13 GMT Długość listy pozycji: 10
Lista pozycji zwierząt: {(5, 4)=[v], (6, 6)=[v], (6, 7)=[◢], (1, 3)=[v], (3, 5)=[], (4, 7)=[^], (2, 5)=[<, <, <, <, ◤, >, ^, >, ◣, >, >, v], (1, 7)=[◣], (0, 6)=[v], (4, 2)=[◢]}
18 Jan 2025 22:08:13 GMT Zwierzę poruszyło się z (2, 8) na (1, 7)
18 Jan 2025 22:08:13 GMT Długość listy pozycji: 10
Lista pozycji zwierząt: {(5, 4)=[v], (6, 6)=[v], (6, 7)=[◢], (1, 3)=[v], (3, 5)=[], (4, 7)=[^], (2, 5)=[<, <, <, <, ◤, >, ^, >, ◣, >, >, v], (0, 5)=[v], (1, 7)=[◣], (4, 2)=[◢]}
18 Jan 2025 22:08:13 GMT Zwierzę poruszyło się z (0, 6) na (0, 5)
18 Jan 2025 22:08:13 GMT Długość listy pozycji: 10
Lista pozycji zwierząt: {(7, 6)=[>], (5, 4)=[v], (6, 7)=[◢], (1, 3)=[v], (3, 5)=[], (4, 7)=[^], (2, 5)=[<, <, <, <, ◤, >, ^, >, ◣, >, >, v], (0, 5)=[v], (1, 7)=[◣], (4, 2)=[◢]}
18 Jan 2025 22:08:13 GMT Zwierzę poruszyło się z (6, 6) na (7, 6)
18 Jan 2025 22:08:13 GMT Długość listy pozycji: 10
Lista pozycji zwierząt: {(7, 6)=[>], (5, 4)=[v], (6, 7)=[◢], (4, 6)=[v], (1, 3)=[v], (3, 5)=[], (2, 5)=[<, <, <, <, ◤, >, ^, >, ◣, >, >, v], (0, 5)=[v], (1, 7)=[◣], (4, 2)=[◢]}
18 Jan 2025 22:08:13 GMT Zwierzę poruszyło się z (4, 7) na (4, 6)
18 Jan 2025 22:08:13 GMT Długość listy pozycji: 10
Lista pozycji zwierząt: {(7, 6)=[>], (4, 4)=[<], (6, 7)=[◢], (4, 6)=[v], (1, 3)=[v], (3, 5)=[], (2, 5)=[<, <, <, <, ◤, >, ^, >, ◣, >, >, v], (0, 5)=[v], (1, 7)=[◣], (4, 2)=[◢]}
18 Jan 2025 22:08:13 GMT Zwierzę poruszyło się z (5, 4) na (4, 4)
18 Jan 2025 22:08:13 GMT Zwierze zostało położone na (2, 5)
18 Jan 2025 22:08:13 GMT Urodziło się nowe zwierzę na (2, 5)
18 Jan 2025 22:08:14 GMT Roślinka wyrosła na null
18 Jan 2025 22:08:14 GMT Roślinka wyrosła na null
18 Jan 2025 22:08:14 GMT Roślinka wyrosła na null
18 Jan 2025 22:08:14 GMT Roślinka wyrosła na null
18 Jan 2025 22:08:14 GMT Roślinka wyrosła na null
18 Jan 2025 22:08:14 GMT Roślinka wyrosła na null
18 Jan 2025 22:08:14 GMT Roślinka wyrosła na null
18 Jan 2025 22:08:14 GMT Roślinka wyrosła na null
18 Jan 2025 22:08:14 GMT Roślinka wyrosła na null
18 Jan 2025 22:08:14 GMT Roślinka wyrosła na null
18 Jan 2025 22:08:14 GMT Długość listy pozycji: 10
Lista pozycji zwierząt: {(7, 6)=[>], (4, 4)=[<], (6, 8)=[^], (4, 6)=[v], (1, 3)=[v], (3, 5)=[], (2, 5)=[◥, <, <, <, <, ◤, >, ^, >, ◣, >, >, v], (0, 5)=[v], (1, 7)=[◣], (4, 2)=[◢]}
18 Jan 2025 22:08:14 GMT Zwierzę poruszyło się z (6, 7) na (6, 8)
18 Jan 2025 22:08:14 GMT Długość listy pozycji: 10
Lista pozycji zwierząt: {(7, 6)=[>], (4, 4)=[<], (6, 8)=[^], (4, 6)=[v], (3, 5)=[], (1, 4)=[^], (2, 5)=[◥, <, <, <, <, ◤, >, ^, >, ◣, >, >, v], (0, 5)=[v], (1, 7)=[◣], (4, 2)=[◢]}
18 Jan 2025 22:08:14 GMT Zwierzę poruszyło się z (1, 3) na (1, 4)
18 Jan 2025 22:08:14 GMT Długość listy pozycji: 10
Lista pozycji zwierząt: {(4, 3)=[^], (7, 6)=[>], (4, 4)=[<], (6, 8)=[^], (4, 6)=[v], (3, 5)=[], (1, 4)=[^], (2, 5)=[◥, <, <, <, <, ◤, >, ^, >, ◣, >, >, v], (0, 5)=[v], (1, 7)=[◣]}
18 Jan 2025 22:08:14 GMT Zwierzę poruszyło się z (4, 2) na (4, 3)
18 Jan 2025 22:08:14 GMT Długość listy pozycji: 10
Lista pozycji zwierząt: {(4, 3)=[^], (7, 6)=[>], (4, 4)=[<], (6, 8)=[^], (4, 6)=[v], (3, 5)=[], (1, 4)=[^], (2, 5)=[◥, <, <, <, <, ◤, >, ^, >, ◣, >, >, v], (0, 5)=[v], (1, 8)=[^]}
18 Jan 2025 22:08:14 GMT Zwierzę poruszyło się z (1, 7) na (1, 8)
18 Jan 2025 22:08:14 GMT Długość listy pozycji: 10
Lista pozycji zwierząt: {(4, 3)=[^], (7, 6)=[>], (4, 4)=[<], (6, 8)=[^], (4, 6)=[v], (3, 5)=[], (1, 4)=[^], (2, 5)=[◥, <, <, <, <, ◤, >, ^, >, ◣, >, >, v], (0, 4)=[v], (1, 8)=[^]}
18 Jan 2025 22:08:14 GMT Zwierzę poruszyło się z (0, 5) na (0, 4)
18 Jan 2025 22:08:14 GMT Długość listy pozycji: 10
Lista pozycji zwierząt: {(4, 3)=[^], (7, 7)=[^], (4, 4)=[<], (6, 8)=[^], (4, 6)=[v], (3, 5)=[], (1, 4)=[^], (2, 5)=[◥, <, <, <, <, ◤, >, ^, >, ◣, >, >, v], (0, 4)=[v], (1, 8)=[^]}
18 Jan 2025 22:08:14 GMT Zwierzę poruszyło się z (7, 6) na (7, 7)
18 Jan 2025 22:08:15 GMT Długość listy pozycji: 10
Lista pozycji zwierząt: {(4, 3)=[^], (7, 7)=[^], (4, 4)=[<], (6, 8)=[^], (3, 5)=[], (4, 7)=[^], (1, 4)=[^], (2, 5)=[◥, <, <, <, <, ◤, >, ^, >, ◣, >, >, v], (0, 4)=[v], (1, 8)=[^]}
18 Jan 2025 22:08:15 GMT Zwierzę poruszyło się z (4, 6) na (4, 7)
18 Jan 2025 22:08:15 GMT Długość listy pozycji: 10
Lista pozycji zwierząt: {(4, 3)=[^], (7, 7)=[^], (4, 5)=[^], (6, 8)=[^], (3, 5)=[], (4, 7)=[^], (1, 4)=[^], (2, 5)=[◥, <, <, <, <, ◤, >, ^, >, ◣, >, >, v], (0, 4)=[v], (1, 8)=[^]}
18 Jan 2025 22:08:15 GMT Zwierzę poruszyło się z (4, 4) na (4, 5)
18 Jan 2025 22:08:15 GMT Zwierze zostało położone na (2, 5)
18 Jan 2025 22:08:15 GMT Urodziło się nowe zwierzę na (2, 5)
18 Jan 2025 22:08:15 GMT Roślinka wyrosła na null
18 Jan 2025 22:08:15 GMT Roślinka wyrosła na null
18 Jan 2025 22:08:15 GMT Roślinka wyrosła na null
18 Jan 2025 22:08:15 GMT Roślinka wyrosła na null
18 Jan 2025 22:08:15 GMT Roślinka wyrosła na null
18 Jan 2025 22:08:15 GMT Roślinka wyrosła na null
18 Jan 2025 22:08:15 GMT Roślinka wyrosła na null
18 Jan 2025 22:08:15 GMT Roślinka wyrosła na null
18 Jan 2025 22:08:15 GMT Roślinka wyrosła na null
18 Jan 2025 22:08:15 GMT Roślinka wyrosła na null
18 Jan 2025 22:08:15 GMT Długość listy pozycji: 10
Lista pozycji zwierząt: {(4, 3)=[^], (7, 7)=[^], (4, 5)=[^], (5, 7)=[◣], (3, 5)=[], (4, 7)=[^], (1, 4)=[^], (2, 5)=[◣, ◥, <, <, <, <, ◤, >, ^, >, ◣, >, >, v], (0, 4)=[v], (1, 8)=[^]}
18 Jan 2025 22:08:15 GMT Zwierzę poruszyło się z (6, 8) na (5, 7)
18 Jan 2025 22:08:15 GMT Długość listy pozycji: 10
Lista pozycji zwierząt: {(4, 3)=[^], (7, 7)=[^], (4, 5)=[^], (1, 3)=[v], (5, 7)=[◣], (3, 5)=[], (4, 7)=[^], (2, 5)=[◣, ◥, <, <, <, <, ◤, >, ^, >, ◣, >, >, v], (0, 4)=[v], (1, 8)=[^]}
18 Jan 2025 22:08:15 GMT Zwierzę poruszyło się z (1, 4) na (1, 3)
18 Jan 2025 22:08:16 GMT Długość listy pozycji: 10
Lista pozycji zwierząt: {(3, 2)=[◣], (7, 7)=[^], (4, 5)=[^], (1, 3)=[v], (5, 7)=[◣], (3, 5)=[], (4, 7)=[^], (2, 5)=[◣, ◥, <, <, <, <, ◤, >, ^, >, ◣, >, >, v], (0, 4)=[v], (1, 8)=[^]}
18 Jan 2025 22:08:16 GMT Zwierzę poruszyło się z (4, 3) na (3, 2)
18 Jan 2025 22:08:16 GMT Długość listy pozycji: 10
Lista pozycji zwierząt: {(3, 2)=[◣], (7, 7)=[^], (4, 5)=[^], (1, 3)=[v], (5, 7)=[◣], (3, 5)=[], (4, 7)=[^], (2, 5)=[◣, ◥, <, <, <, <, ◤, >, ^, >, ◣, >, >, v], (0, 4)=[v], (2, 7)=[◢]}
18 Jan 2025 22:08:16 GMT Zwierzę poruszyło się z (1, 8) na (2, 7)
18 Jan 2025 22:08:16 GMT Długość listy pozycji: 10
Lista pozycji zwierząt: {(3, 2)=[◣], (7, 7)=[^], (4, 5)=[^], (1, 3)=[v], (5, 7)=[◣], (3, 5)=[], (0, 3)=[v], (4, 7)=[^], (2, 5)=[◣, ◥, <, <, <, <, ◤, >, ^, >, ◣, >, >, v], (2, 7)=[◢]}
18 Jan 2025 22:08:16 GMT Zwierzę poruszyło się z (0, 4) na (0, 3)
18 Jan 2025 22:08:16 GMT Długość listy pozycji: 10
Lista pozycji zwierząt: {(3, 2)=[◣], (6, 7)=[<], (4, 5)=[^], (1, 3)=[v], (5, 7)=[◣], (3, 5)=[], (0, 3)=[v], (4, 7)=[^], (2, 5)=[◣, ◥, <, <, <, <, ◤, >, ^, >, ◣, >, >, v], (2, 7)=[◢]}
18 Jan 2025 22:08:16 GMT Zwierzę poruszyło się z (7, 7) na (6, 7)
18 Jan 2025 22:08:16 GMT Długość listy pozycji: 10
Lista pozycji zwierząt: {(3, 2)=[◣], (6, 7)=[<], (4, 5)=[^], (4, 6)=[v], (1, 3)=[v], (5, 7)=[◣], (3, 5)=[], (0, 3)=[v], (2, 5)=[◣, ◥, <, <, <, <, ◤, >, ^, >, ◣, >, >, v], (2, 7)=[◢]}
18 Jan 2025 22:08:16 GMT Zwierzę poruszyło się z (4, 7) na (4, 6)
18 Jan 2025 22:08:16 GMT Długość listy pozycji: 10
Lista pozycji zwierząt: {(3, 2)=[◣], (5, 5)=[>], (6, 7)=[<], (4, 6)=[v], (1, 3)=[v], (5, 7)=[◣], (3, 5)=[], (0, 3)=[v], (2, 5)=[◣, ◥, <, <, <, <, ◤, >, ^, >, ◣, >, >, v], (2, 7)=[◢]}
18 Jan 2025 22:08:16 GMT Zwierzę poruszyło się z (4, 5) na (5, 5)
18 Jan 2025 22:08:16 GMT Zwierze zostało położone na (2, 5)
18 Jan 2025 22:08:16 GMT Urodziło się nowe zwierzę na (2, 5)
18 Jan 2025 22:08:16 GMT Roślinka wyrosła na null
18 Jan 2025 22:08:16 GMT Roślinka wyrosła na null
18 Jan 2025 22:08:16 GMT Roślinka wyrosła na null
18 Jan 2025 22:08:16 GMT Roślinka wyrosła na null
18 Jan 2025 22:08:16 GMT Roślinka wyrosła na null
18 Jan 2025 22:08:16 GMT Roślinka wyrosła na null
18 Jan 2025 22:08:16 GMT Roślinka wyrosła na null
18 Jan 2025 22:08:16 GMT Roślinka wyrosła na null
18 Jan 2025 22:08:16 GMT Roślinka wyrosła na null
18 Jan 2025 22:08:16 GMT Roślinka wyrosła na null
18 Jan 2025 22:08:17 GMT Długość listy pozycji: 9
Lista pozycji zwierząt: {(3, 2)=[◣], (5, 5)=[>], (6, 7)=[>, <], (4, 6)=[v], (1, 3)=[v], (3, 5)=[], (0, 3)=[v], (2, 5)=[◥, ◣, ◥, <, <, <, <, ◤, >, ^, >, ◣, >, >, v], (2, 7)=[◢]}
18 Jan 2025 22:08:17 GMT Zwierzę poruszyło się z (5, 7) na (6, 7)
18 Jan 2025 22:08:17 GMT Długość listy pozycji: 9
Lista pozycji zwierząt: {(3, 2)=[◣], (5, 5)=[>], (6, 7)=[>, <], (4, 6)=[v], (3, 5)=[], (1, 4)=[^], (0, 3)=[v], (2, 5)=[◥, ◣, ◥, <, <, <, <, ◤, >, ^, >, ◣, >, >, v], (2, 7)=[◢]}
18 Jan 2025 22:08:17 GMT Zwierzę poruszyło się z (1, 3) na (1, 4)
18 Jan 2025 22:08:17 GMT Długość listy pozycji: 9
Lista pozycji zwierząt: {(5, 5)=[>], (6, 7)=[>, <], (4, 6)=[v], (3, 5)=[], (1, 4)=[^], (0, 3)=[v], (2, 5)=[◥, ◣, ◥, <, <, <, <, ◤, >, ^, >, ◣, >, >, v], (2, 7)=[◢], (4, 2)=[>]}
18 Jan 2025 22:08:17 GMT Zwierzę poruszyło się z (3, 2) na (4, 2)
18 Jan 2025 22:08:17 GMT Długość listy pozycji: 9
Lista pozycji zwierząt: {(5, 5)=[>], (6, 7)=[>, <], (4, 6)=[v], (3, 5)=[], (1, 4)=[^], (0, 3)=[v], (2, 5)=[◥, ◣, ◥, <, <, <, <, ◤, >, ^, >, ◣, >, >, v], (1, 7)=[<], (4, 2)=[>]}
18 Jan 2025 22:08:17 GMT Zwierzę poruszyło się z (2, 7) na (1, 7)
18 Jan 2025 22:08:17 GMT Długość listy pozycji: 9
Lista pozycji zwierząt: {(5, 5)=[>], (6, 7)=[>, <], (0, 2)=[v], (4, 6)=[v], (3, 5)=[], (1, 4)=[^], (2, 5)=[◥, ◣, ◥, <, <, <, <, ◤, >, ^, >, ◣, >, >, v], (1, 7)=[<], (4, 2)=[>]}
18 Jan 2025 22:08:17 GMT Zwierzę poruszyło się z (0, 3) na (0, 2)
18 Jan 2025 22:08:17 GMT Długość listy pozycji: 10
Lista pozycji zwierząt: {(6, 6)=[v], (5, 5)=[>], (6, 7)=[>], (0, 2)=[v], (4, 6)=[v], (3, 5)=[], (1, 4)=[^], (2, 5)=[◥, ◣, ◥, <, <, <, <, ◤, >, ^, >, ◣, >, >, v], (1, 7)=[<], (4, 2)=[>]}
18 Jan 2025 22:08:17 GMT Zwierzę poruszyło się z (6, 7) na (6, 6)
18 Jan 2025 22:08:17 GMT Długość listy pozycji: 10
Lista pozycji zwierząt: {(6, 6)=[v], (5, 5)=[>], (6, 7)=[>], (0, 2)=[v], (3, 5)=[], (4, 7)=[^], (1, 4)=[^], (2, 5)=[◥, ◣, ◥, <, <, <, <, ◤, >, ^, >, ◣, >, >, v], (1, 7)=[<], (4, 2)=[>]}
18 Jan 2025 22:08:17 GMT Zwierzę poruszyło się z (4, 6) na (4, 7)
18 Jan 2025 22:08:18 GMT Długość listy pozycji: 10
Lista pozycji zwierząt: {(5, 4)=[v], (6, 6)=[v], (6, 7)=[>], (0, 2)=[v], (3, 5)=[], (4, 7)=[^], (1, 4)=[^], (2, 5)=[◥, ◣, ◥, <, <, <, <, ◤, >, ^, >, ◣, >, >, v], (1, 7)=[<], (4, 2)=[>]}
18 Jan 2025 22:08:18 GMT Zwierzę poruszyło się z (5, 5) na (5, 4)
18 Jan 2025 22:08:18 GMT Zwierzę zjadło roślinkę na (0, 2)
18 Jan 2025 22:08:18 GMT Zwierze zostało położone na (2, 5)
18 Jan 2025 22:08:18 GMT Urodziło się nowe zwierzę na (2, 5)
18 Jan 2025 22:08:18 GMT Roślinka wyrosła na null
18 Jan 2025 22:08:18 GMT Roślinka wyrosła na null
18 Jan 2025 22:08:18 GMT Roślinka wyrosła na null
18 Jan 2025 22:08:18 GMT Roślinka wyrosła na null
18 Jan 2025 22:08:18 GMT Roślinka wyrosła na null
18 Jan 2025 22:08:18 GMT Roślinka wyrosła na null
18 Jan 2025 22:08:18 GMT Roślinka wyrosła na null
18 Jan 2025 22:08:18 GMT Roślinka wyrosła na null
18 Jan 2025 22:08:18 GMT Roślinka wyrosła na null
18 Jan 2025 22:08:18 GMT Roślinka wyrosła na null
18 Jan 2025 22:08:18 GMT Długość listy pozycji: 10
Lista pozycji zwierząt: {(5, 4)=[v], (6, 6)=[v], (0, 2)=[v], (3, 5)=[], (5, 8)=[◤], (4, 7)=[^], (1, 4)=[^], (2, 5)=[◣, ◥, ◣, ◥, <, <, <, <, ◤, >, ^, >, ◣, >, >, v], (1, 7)=[<], (4, 2)=[>]}
18 Jan 2025 22:08:18 GMT Zwierzę poruszyło się z (6, 7) na (5, 8)
18 Jan 2025 22:08:18 GMT Długość listy pozycji: 10
Lista pozycji zwierząt: {(5, 4)=[v], (6, 6)=[v], (1, 3)=[v], (0, 2)=[v], (3, 5)=[], (5, 8)=[◤], (4, 7)=[^], (2, 5)=[◣, ◥, ◣, ◥, <, <, <, <, ◤, >, ^, >, ◣, >, >, v], (1, 7)=[<], (4, 2)=[>]}
18 Jan 2025 22:08:18 GMT Zwierzę poruszyło się z (1, 4) na (1, 3)
18 Jan 2025 22:08:18 GMT Długość listy pozycji: 10
Lista pozycji zwierząt: {(5, 4)=[v], (3, 3)=[◤], (6, 6)=[v], (1, 3)=[v], (0, 2)=[v], (3, 5)=[], (5, 8)=[◤], (4, 7)=[^], (2, 5)=[◣, ◥, ◣, ◥, <, <, <, <, ◤, >, ^, >, ◣, >, >, v], (1, 7)=[<]}
18 Jan 2025 22:08:18 GMT Zwierzę poruszyło się z (4, 2) na (3, 3)
18 Jan 2025 22:08:18 GMT Długość listy pozycji: 10
Lista pozycji zwierząt: {(5, 4)=[v], (3, 3)=[◤], (6, 6)=[v], (1, 3)=[v], (0, 2)=[v], (3, 5)=[], (5, 8)=[◤], (4, 7)=[^], (2, 5)=[◣, ◥, ◣, ◥, <, <, <, <, ◤, >, ^, >, ◣, >, >, v], (2, 8)=[◥]}
18 Jan 2025 22:08:18 GMT Zwierzę poruszyło się z (1, 7) na (2, 8)
18 Jan 2025 22:08:19 GMT Długość listy pozycji: 10
Lista pozycji zwierząt: {(5, 4)=[v], (3, 3)=[◤], (6, 6)=[v], (0, 1)=[v], (1, 3)=[v], (3, 5)=[], (5, 8)=[◤], (4, 7)=[^], (2, 5)=[◣, ◥, ◣, ◥, <, <, <, <, ◤, >, ^, >, ◣, >, >, v], (2, 8)=[◥]}
18 Jan 2025 22:08:19 GMT Zwierzę poruszyło się z (0, 2) na (0, 1)
18 Jan 2025 22:08:19 GMT Długość listy pozycji: 10
Lista pozycji zwierząt: {(7, 6)=[>], (5, 4)=[v], (3, 3)=[◤], (0, 1)=[v], (1, 3)=[v], (3, 5)=[], (5, 8)=[◤], (4, 7)=[^], (2, 5)=[◣, ◥, ◣, ◥, <, <, <, <, ◤, >, ^, >, ◣, >, >, v], (2, 8)=[◥]}
18 Jan 2025 22:08:19 GMT Zwierzę poruszyło się z (6, 6) na (7, 6)
18 Jan 2025 22:08:19 GMT Długość listy pozycji: 10
Lista pozycji zwierząt: {(7, 6)=[>], (5, 4)=[v], (3, 3)=[◤], (0, 1)=[v], (4, 6)=[v], (1, 3)=[v], (3, 5)=[], (5, 8)=[◤], (2, 5)=[◣, ◥, ◣, ◥, <, <, <, <, ◤, >, ^, >, ◣, >, >, v], (2, 8)=[◥]}
18 Jan 2025 22:08:19 GMT Zwierzę poruszyło się z (4, 7) na (4, 6)
18 Jan 2025 22:08:19 GMT Długość listy pozycji: 10
Lista pozycji zwierząt: {(7, 6)=[>], (4, 4)=[<], (3, 3)=[◤], (0, 1)=[v], (4, 6)=[v], (1, 3)=[v], (3, 5)=[], (5, 8)=[◤], (2, 5)=[◣, ◥, ◣, ◥, <, <, <, <, ◤, >, ^, >, ◣, >, >, v], (2, 8)=[◥]}
18 Jan 2025 22:08:19 GMT Zwierzę poruszyło się z (5, 4) na (4, 4)
18 Jan 2025 22:08:19 GMT Zwierzę zjadło roślinkę na (0, 1)
18 Jan 2025 22:08:19 GMT Zwierze zostało położone na (2, 5)
18 Jan 2025 22:08:19 GMT Urodziło się nowe zwierzę na (2, 5)
18 Jan 2025 22:08:19 GMT Roślinka wyrosła na null
18 Jan 2025 22:08:19 GMT Roślinka wyrosła na null
18 Jan 2025 22:08:19 GMT Roślinka wyrosła na null
18 Jan 2025 22:08:19 GMT Roślinka wyrosła na null
18 Jan 2025 22:08:19 GMT Roślinka wyrosła na null
18 Jan 2025 22:08:19 GMT Roślinka wyrosła na null
18 Jan 2025 22:08:19 GMT Roślinka wyrosła na null
18 Jan 2025 22:08:19 GMT Roślinka wyrosła na null
18 Jan 2025 22:08:19 GMT Roślinka wyrosła na null
18 Jan 2025 22:08:19 GMT Roślinka wyrosła na null
18 Jan 2025 22:08:20 GMT Długość listy pozycji: 10
Lista pozycji zwierząt: {(7, 6)=[>], (4, 4)=[<], (3, 3)=[◤], (0, 1)=[v], (5, 7)=[v], (4, 6)=[v], (1, 3)=[v], (3, 5)=[], (2, 5)=[◥, ◣, ◥, ◣, ◥, <, <, <, <, ◤, >, ^, >, ◣, >, >, v], (2, 8)=[◥]}
18 Jan 2025 22:08:20 GMT Zwierzę poruszyło się z (5, 8) na (5, 7)
18 Jan 2025 22:08:20 GMT Długość listy pozycji: 10
Lista pozycji zwierząt: {(7, 6)=[>], (4, 4)=[<], (3, 3)=[◤], (0, 1)=[v], (5, 7)=[v], (4, 6)=[v], (3, 5)=[], (1, 4)=[^], (2, 5)=[◥, ◣, ◥, ◣, ◥, <, <, <, <, ◤, >, ^, >, ◣, >, >, v], (2, 8)=[◥]}
18 Jan 2025 22:08:20 GMT Zwierzę poruszyło się z (1, 3) na (1, 4)
18 Jan 2025 22:08:20 GMT Długość listy pozycji: 10
Lista pozycji zwierząt: {(3, 2)=[v], (7, 6)=[>], (4, 4)=[<], (0, 1)=[v], (5, 7)=[v], (4, 6)=[v], (3, 5)=[], (1, 4)=[^], (2, 5)=[◥, ◣, ◥, ◣, ◥, <, <, <, <, ◤, >, ^, >, ◣, >, >, v], (2, 8)=[◥]}
18 Jan 2025 22:08:20 GMT Zwierzę poruszyło się z (3, 3) na (3, 2)
18 Jan 2025 22:08:20 GMT Długość listy pozycji: 10
Lista pozycji zwierząt: {(3, 2)=[v], (7, 6)=[>], (4, 4)=[<], (0, 1)=[v], (5, 7)=[v], (4, 6)=[v], (3, 5)=[], (1, 4)=[^], (2, 5)=[◥, ◣, ◥, ◣, ◥, <, <, <, <, ◤, >, ^, >, ◣, >, >, v], (2, 7)=[v]}
18 Jan 2025 22:08:20 GMT Zwierzę poruszyło się z (2, 8) na (2, 7)
18 Jan 2025 22:08:20 GMT Długość listy pozycji: 10
Lista pozycji zwierząt: {(3, 2)=[v], (7, 6)=[>], (0, 0)=[v], (4, 4)=[<], (5, 7)=[v], (4, 6)=[v], (3, 5)=[], (1, 4)=[^], (2, 5)=[◥, ◣, ◥, ◣, ◥, <, <, <, <, ◤, >, ^, >, ◣, >, >, v], (2, 7)=[v]}
18 Jan 2025 22:08:20 GMT Zwierzę poruszyło się z (0, 1) na (0, 0)
18 Jan 2025 22:08:20 GMT Długość listy pozycji: 10
Lista pozycji zwierząt: {(3, 2)=[v], (7, 7)=[^], (0, 0)=[v], (4, 4)=[<], (5, 7)=[v], (4, 6)=[v], (3, 5)=[], (1, 4)=[^], (2, 5)=[◥, ◣, ◥, ◣, ◥, <, <, <, <, ◤, >, ^, >, ◣, >, >, v], (2, 7)=[v]}
18 Jan 2025 22:08:20 GMT Zwierzę poruszyło się z (7, 6) na (7, 7)
18 Jan 2025 22:08:20 GMT Długość listy pozycji: 10
Lista pozycji zwierząt: {(3, 2)=[v], (7, 7)=[^], (0, 0)=[v], (4, 4)=[<], (5, 7)=[v], (3, 5)=[], (4, 7)=[^], (1, 4)=[^], (2, 5)=[◥, ◣, ◥, ◣, ◥, <, <, <, <, ◤, >, ^, >, ◣, >, >, v], (2, 7)=[v]}
18 Jan 2025 22:08:20 GMT Zwierzę poruszyło się z (4, 6) na (4, 7)
18 Jan 2025 22:08:20 GMT Długość listy pozycji: 10
Lista pozycji zwierząt: {(3, 2)=[v], (7, 7)=[^], (0, 0)=[v], (4, 5)=[^], (5, 7)=[v], (3, 5)=[], (4, 7)=[^], (1, 4)=[^], (2, 5)=[◥, ◣, ◥, ◣, ◥, <, <, <, <, ◤, >, ^, >, ◣, >, >, v], (2, 7)=[v]}
18 Jan 2025 22:08:20 GMT Zwierzę poruszyło się z (4, 4) na (4, 5)
18 Jan 2025 22:08:20 GMT Zwierzę zjadło roślinkę na (0, 0)
