20 Jan 2025 19:04:09 GMT Zwierze zostało położone na (6, 2)
20 Jan 2025 19:04:09 GMT Zwierze zostało położone na (8, 7)
20 Jan 2025 19:04:09 GMT Zwierze zostało położone na (1, 7)
20 Jan 2025 19:04:09 GMT Zwierze zostało położone na (4, 0)
20 Jan 2025 19:04:09 GMT Zwierze zostało położone na (0, 1)
20 Jan 2025 19:04:09 GMT Zwierze zostało położone na (7, 3)
20 Jan 2025 19:04:09 GMT Zwierze zostało położone na (9, 0)
20 Jan 2025 19:04:09 GMT Zwierze zostało położone na (6, 4)
20 Jan 2025 19:04:09 GMT Zwierze zostało położone na (2, 3)
20 Jan 2025 19:04:09 GMT Zwierze zostało położone na (2, 6)
20 Jan 2025 19:04:09 GMT Zwierze zostało położone na (7, 4)
20 Jan 2025 19:04:09 GMT Zwierze zostało położone na (6, 9)
20 Jan 2025 19:04:09 GMT Zwierze zostało położone na (7, 6)
20 Jan 2025 19:04:09 GMT Zwierze zostało położone na (7, 3)
20 Jan 2025 19:04:09 GMT Zwierze zostało położone na (0, 9)
20 Jan 2025 19:04:09 GMT Zwierze zostało położone na (8, 6)
20 Jan 2025 19:04:09 GMT Zwierze zostało położone na (2, 2)
20 Jan 2025 19:04:09 GMT Zwierze zostało położone na (1, 3)
20 Jan 2025 19:04:09 GMT Zwierze zostało położone na (4, 7)
20 Jan 2025 19:04:09 GMT Zwierze zostało położone na (5, 7)
20 Jan 2025 19:04:09 GMT Zwierze zostało położone na (7, 4)
20 Jan 2025 19:04:09 GMT Zwierze zostało położone na (7, 9)
20 Jan 2025 19:04:09 GMT Zwierze zostało położone na (9, 4)
20 Jan 2025 19:04:09 GMT Zwierze zostało położone na (2, 1)
20 Jan 2025 19:04:09 GMT Zwierze zostało położone na (5, 0)
20 Jan 2025 19:04:09 GMT Zwierze zostało położone na (2, 4)
20 Jan 2025 19:04:09 GMT Zwierze zostało położone na (0, 9)
20 Jan 2025 19:04:09 GMT Zwierze zostało położone na (3, 1)
20 Jan 2025 19:04:09 GMT Zwierze zostało położone na (0, 6)
20 Jan 2025 19:04:09 GMT Zwierze zostało położone na (5, 5)
20 Jan 2025 19:04:09 GMT Zwierze zostało położone na (1, 6)
20 Jan 2025 19:04:09 GMT Zwierze zostało położone na (7, 2)
20 Jan 2025 19:04:09 GMT Zwierze zostało położone na (9, 4)
20 Jan 2025 19:04:09 GMT Zwierze zostało położone na (1, 3)
20 Jan 2025 19:04:09 GMT Zwierze zostało położone na (4, 3)
20 Jan 2025 19:04:09 GMT Zwierze zostało położone na (2, 4)
20 Jan 2025 19:04:09 GMT Zwierze zostało położone na (5, 2)
20 Jan 2025 19:04:09 GMT Zwierze zostało położone na (9, 7)
20 Jan 2025 19:04:09 GMT Zwierze zostało położone na (8, 9)
20 Jan 2025 19:04:09 GMT Zwierze zostało położone na (6, 9)
20 Jan 2025 19:04:09 GMT Zwierzę poruszyło się z (6, 2) na (6, 3)
20 Jan 2025 19:04:09 GMT Zwierzę poruszyło się z (8, 7) na (8, 6)
20 Jan 2025 19:04:09 GMT Zwierzę poruszyło się z (1, 7) na (1, 6)
20 Jan 2025 19:04:09 GMT Zwierzę poruszyło się z (4, 0) na (5, 0)
20 Jan 2025 19:04:10 GMT Zwierzę poruszyło się z (0, 1) na (1, 1)
20 Jan 2025 19:04:10 GMT Zwierzę poruszyło się z (7, 3) na (7, 4)
20 Jan 2025 19:04:10 GMT Zwierzę poruszyło się z (9, 0) na (9, 1)
20 Jan 2025 19:04:10 GMT Zwierzę poruszyło się z (6, 4) na (6, 3)
20 Jan 2025 19:04:10 GMT Zwierzę poruszyło się z (2, 3) na (2, 2)
20 Jan 2025 19:04:10 GMT Zwierzę poruszyło się z (2, 6) na (2, 5)
20 Jan 2025 19:04:10 GMT Zwierzę poruszyło się z (7, 4) na (6, 4)
20 Jan 2025 19:04:10 GMT Zwierzę poruszyło się z (6, 9) na (5, 9)
20 Jan 2025 19:04:10 GMT Zwierzę poruszyło się z (7, 6) na (8, 6)
20 Jan 2025 19:04:10 GMT Zwierzę poruszyło się z (7, 3) na (6, 3)
20 Jan 2025 19:04:11 GMT Zwierzę poruszyło się z (0, 9) na (0, 8)
20 Jan 2025 19:04:11 GMT Zwierzę poruszyło się z (8, 6) na (8, 7)
20 Jan 2025 19:04:11 GMT Zwierzę poruszyło się z (2, 2) na (2, 1)
20 Jan 2025 19:04:11 GMT Zwierzę poruszyło się z (1, 3) na (1, 2)
20 Jan 2025 19:04:11 GMT Zwierzę poruszyło się z (4, 7) na (5, 7)
20 Jan 2025 19:04:11 GMT Zwierzę poruszyło się z (5, 7) na (6, 7)
20 Jan 2025 19:04:11 GMT Zwierzę poruszyło się z (7, 4) na (7, 5)
20 Jan 2025 19:04:11 GMT Zwierzę poruszyło się z (7, 9) na (7, 8)
20 Jan 2025 19:04:17 GMT Zwierzę poruszyło się z (9, 4) na (9, 3)
20 Jan 2025 19:04:17 GMT Zwierzę poruszyło się z (2, 1) na (2, 2)
20 Jan 2025 19:04:17 GMT Zwierzę poruszyło się z (5, 0) na (4, 0)
20 Jan 2025 19:04:17 GMT Zwierzę poruszyło się z (2, 4) na (1, 4)
20 Jan 2025 19:04:18 GMT Zwierzę poruszyło się z (0, 9) na (0, 8)
20 Jan 2025 19:04:18 GMT Zwierzę poruszyło się z (3, 1) na (3, 0)
20 Jan 2025 19:04:18 GMT Zwierzę poruszyło się z (0, 6) na (1, 6)
20 Jan 2025 19:04:18 GMT Zwierzę poruszyło się z (5, 5) na (4, 5)
20 Jan 2025 19:04:18 GMT Zwierzę poruszyło się z (1, 6) na (0, 6)
20 Jan 2025 19:04:18 GMT Zwierzę poruszyło się z (7, 2) na (7, 1)
20 Jan 2025 19:04:18 GMT Zwierzę poruszyło się z (9, 4) na (0, 4)
20 Jan 2025 19:04:18 GMT Zwierzę poruszyło się z (1, 3) na (2, 3)
20 Jan 2025 19:04:18 GMT Zwierzę poruszyło się z (4, 3) na (4, 2)
20 Jan 2025 19:04:18 GMT Zwierzę poruszyło się z (2, 4) na (2, 5)
20 Jan 2025 19:04:19 GMT Zwierzę poruszyło się z (5, 2) na (5, 1)
20 Jan 2025 19:04:19 GMT Zwierzę poruszyło się z (9, 7) na (8, 7)
20 Jan 2025 19:04:19 GMT Zwierzę poruszyło się z (8, 9) na (7, 9)
20 Jan 2025 19:04:19 GMT Zwierzę poruszyło się z (6, 9) na (5, 9)
20 Jan 2025 19:04:24 GMT Zwierzę zjadło roślinkę na (1, 2)
20 Jan 2025 19:04:24 GMT Zwierzę zjadło roślinkę na (8, 6)
20 Jan 2025 19:04:24 GMT Zwierze zostało położone na (8, 7)
20 Jan 2025 19:04:24 GMT Urodziło się nowe zwierzę na (8, 7)
20 Jan 2025 19:04:24 GMT Zwierze zostało położone na (2, 2)
20 Jan 2025 19:04:24 GMT Urodziło się nowe zwierzę na (2, 2)
20 Jan 2025 19:04:24 GMT Zwierze zostało położone na (2, 5)
20 Jan 2025 19:04:24 GMT Urodziło się nowe zwierzę na (2, 5)
20 Jan 2025 19:04:24 GMT Zwierze zostało położone na (0, 8)
20 Jan 2025 19:04:24 GMT Urodziło się nowe zwierzę na (0, 8)
20 Jan 2025 19:04:24 GMT Zwierze zostało położone na (5, 9)
20 Jan 2025 19:04:24 GMT Urodziło się nowe zwierzę na (5, 9)
20 Jan 2025 19:04:24 GMT Zwierze zostało położone na (1, 6)
20 Jan 2025 19:04:24 GMT Urodziło się nowe zwierzę na (1, 6)
20 Jan 2025 19:04:24 GMT Zwierze zostało położone na (6, 3)
20 Jan 2025 19:04:24 GMT Urodziło się nowe zwierzę na (6, 3)
20 Jan 2025 19:04:24 GMT Zwierze zostało położone na (8, 6)
20 Jan 2025 19:04:24 GMT Urodziło się nowe zwierzę na (8, 6)
20 Jan 2025 19:04:24 GMT Roślinka wyrosła na (8, 5)
20 Jan 2025 19:04:25 GMT Zwierzę umarło na (6, 3)
20 Jan 2025 19:04:25 GMT Zwierzę umarło na (8, 6)
20 Jan 2025 19:04:25 GMT Zwierzę umarło na (1, 6)
20 Jan 2025 19:04:25 GMT Zwierzę umarło na (6, 3)
20 Jan 2025 19:04:25 GMT Zwierzę umarło na (2, 2)
20 Jan 2025 19:04:25 GMT Zwierzę umarło na (2, 5)
20 Jan 2025 19:04:25 GMT Zwierzę umarło na (5, 9)
20 Jan 2025 19:04:25 GMT Zwierzę umarło na (0, 8)
20 Jan 2025 19:04:25 GMT Zwierzę umarło na (8, 7)
20 Jan 2025 19:04:25 GMT Zwierzę umarło na (2, 2)
20 Jan 2025 19:04:25 GMT Zwierzę umarło na (0, 8)
20 Jan 2025 19:04:25 GMT Zwierzę umarło na (1, 6)
20 Jan 2025 19:04:25 GMT Zwierzę umarło na (2, 5)
20 Jan 2025 19:04:25 GMT Zwierzę umarło na (8, 7)
20 Jan 2025 19:04:25 GMT Zwierzę umarło na (5, 9)
20 Jan 2025 19:04:25 GMT Zwierzę poruszyło się z (5, 0) na (4, 1)
20 Jan 2025 19:04:25 GMT Zwierzę poruszyło się z (1, 1) na (2, 0)
20 Jan 2025 19:04:25 GMT Zwierzę poruszyło się z (7, 4) na (8, 3)
20 Jan 2025 19:04:25 GMT Zwierzę poruszyło się z (9, 1) na (9, 2)
20 Jan 2025 19:04:25 GMT Zwierzę poruszyło się z (6, 4) na (7, 3)
20 Jan 2025 19:04:25 GMT Zwierzę poruszyło się z (8, 6) na (8, 7)
20 Jan 2025 19:04:25 GMT Zwierzę poruszyło się z (6, 3) na (7, 4)
20 Jan 2025 19:04:25 GMT Zwierzę poruszyło się z (2, 1) na (3, 1)
20 Jan 2025 19:04:26 GMT Zwierzę poruszyło się z (1, 2) na (1, 1)
20 Jan 2025 19:04:26 GMT Zwierzę poruszyło się z (5, 7) na (4, 6)
20 Jan 2025 19:04:26 GMT Zwierzę poruszyło się z (6, 7) na (7, 7)
20 Jan 2025 19:04:26 GMT Zwierzę poruszyło się z (7, 5) na (8, 4)
20 Jan 2025 19:04:26 GMT Zwierzę poruszyło się z (7, 8) na (6, 9)
20 Jan 2025 19:04:26 GMT Zwierzę poruszyło się z (9, 3) na (8, 2)
20 Jan 2025 19:04:26 GMT Zwierzę poruszyło się z (4, 0) na (5, 1)
20 Jan 2025 19:04:26 GMT Zwierzę poruszyło się z (1, 4) na (1, 3)
20 Jan 2025 19:04:26 GMT Zwierzę poruszyło się z (3, 0) na (4, 0)
20 Jan 2025 19:04:26 GMT Zwierzę poruszyło się z (4, 5) na (3, 6)
20 Jan 2025 19:04:27 GMT Zwierzę poruszyło się z (0, 6) na (9, 5)
20 Jan 2025 19:04:27 GMT Zwierzę poruszyło się z (7, 1) na (8, 2)
20 Jan 2025 19:04:27 GMT Zwierzę poruszyło się z (0, 4) na (0, 5)
20 Jan 2025 19:04:27 GMT Zwierzę poruszyło się z (2, 3) na (3, 2)
20 Jan 2025 19:04:27 GMT Zwierzę poruszyło się z (4, 2) na (5, 1)
20 Jan 2025 19:04:27 GMT Zwierzę poruszyło się z (5, 1) na (6, 1)
20 Jan 2025 19:04:27 GMT Zwierzę poruszyło się z (7, 9) na (6, 9)
20 Jan 2025 19:04:27 GMT Zwierzę poruszyło się z (8, 7) na (8, 6)
20 Jan 2025 19:04:27 GMT Zwierzę poruszyło się z (2, 2) na (3, 2)
20 Jan 2025 19:04:27 GMT Zwierzę poruszyło się z (2, 5) na (2, 6)
20 Jan 2025 19:04:28 GMT Zwierzę poruszyło się z (0, 8) na (0, 7)
20 Jan 2025 19:04:28 GMT Zwierzę poruszyło się z (5, 9) na (5, 8)
20 Jan 2025 19:04:28 GMT Zwierzę poruszyło się z (1, 6) na (1, 7)
20 Jan 2025 19:04:28 GMT Zwierzę poruszyło się z (6, 3) na (6, 2)
20 Jan 2025 19:04:28 GMT Zwierzę poruszyło się z (8, 6) na (7, 6)
20 Jan 2025 19:04:28 GMT Zwierzę zjadło roślinkę na (2, 6)
20 Jan 2025 19:04:28 GMT Zwierzę zjadło roślinkę na (7, 6)
20 Jan 2025 19:04:28 GMT Roślinka wyrosła na (2, 9)
20 Jan 2025 19:04:28 GMT Zwierzę umarło na (8, 7)
20 Jan 2025 19:04:29 GMT Zwierzę poruszyło się z (4, 1) na (5, 2)
20 Jan 2025 19:04:29 GMT Zwierzę poruszyło się z (2, 0) na (1, 1)
20 Jan 2025 19:04:29 GMT Zwierzę poruszyło się z (8, 3) na (8, 2)
20 Jan 2025 19:04:29 GMT Zwierzę poruszyło się z (9, 2) na (8, 1)
20 Jan 2025 19:04:29 GMT Zwierzę poruszyło się z (7, 3) na (8, 2)
20 Jan 2025 19:04:29 GMT Zwierzę poruszyło się z (7, 4) na (6, 4)
20 Jan 2025 19:04:29 GMT Zwierzę poruszyło się z (3, 1) na (3, 2)
20 Jan 2025 19:04:29 GMT Zwierzę poruszyło się z (1, 1) na (2, 1)
20 Jan 2025 19:04:29 GMT Zwierzę poruszyło się z (4, 6) na (3, 6)
20 Jan 2025 19:04:29 GMT Zwierzę poruszyło się z (7, 7) na (6, 8)
20 Jan 2025 19:04:30 GMT Zwierzę poruszyło się z (8, 4) na (7, 3)
20 Jan 2025 19:04:30 GMT Zwierzę poruszyło się z (6, 9) na (7, 8)
20 Jan 2025 19:04:30 GMT Zwierzę poruszyło się z (8, 2) na (8, 1)
20 Jan 2025 19:04:30 GMT Zwierzę poruszyło się z (5, 1) na (6, 1)
20 Jan 2025 19:04:30 GMT Zwierzę poruszyło się z (1, 3) na (2, 2)
20 Jan 2025 19:04:30 GMT Zwierzę poruszyło się z (4, 0) na (4, 0)
20 Jan 2025 19:04:30 GMT Zwierzę poruszyło się z (3, 6) na (4, 7)
20 Jan 2025 19:04:30 GMT Zwierzę poruszyło się z (9, 5) na (0, 4)
20 Jan 2025 19:04:30 GMT Zwierzę poruszyło się z (8, 2) na (7, 3)
20 Jan 2025 19:04:30 GMT Zwierzę poruszyło się z (0, 5) na (9, 4)
20 Jan 2025 19:04:31 GMT Zwierzę poruszyło się z (3, 2) na (3, 1)
20 Jan 2025 19:04:31 GMT Zwierzę poruszyło się z (5, 1) na (6, 2)
20 Jan 2025 19:04:31 GMT Zwierzę poruszyło się z (6, 1) na (6, 2)
20 Jan 2025 19:04:31 GMT Zwierzę poruszyło się z (6, 9) na (7, 9)
20 Jan 2025 19:04:31 GMT Zwierzę poruszyło się z (8, 6) na (7, 7)
20 Jan 2025 19:04:31 GMT Zwierzę poruszyło się z (3, 2) na (3, 1)
20 Jan 2025 19:04:31 GMT Zwierzę poruszyło się z (2, 6) na (1, 6)
20 Jan 2025 19:04:31 GMT Zwierzę poruszyło się z (0, 7) na (9, 7)
20 Jan 2025 19:04:31 GMT Zwierzę poruszyło się z (5, 8) na (4, 7)
20 Jan 2025 19:04:31 GMT Zwierzę poruszyło się z (1, 7) na (0, 6)
20 Jan 2025 19:04:32 GMT Zwierzę poruszyło się z (6, 2) na (6, 3)
20 Jan 2025 19:04:32 GMT Zwierzę poruszyło się z (7, 6) na (6, 6)
20 Jan 2025 19:04:32 GMT Zwierzę zjadło roślinkę na (6, 6)
20 Jan 2025 19:04:32 GMT Zwierzę zjadło roślinkę na (6, 8)
20 Jan 2025 19:04:32 GMT Zwierzę zjadło roślinkę na (5, 2)
20 Jan 2025 19:04:32 GMT Roślinka wyrosła na (9, 8)
20 Jan 2025 19:04:32 GMT Zwierzę umarło na (1, 1)
20 Jan 2025 19:04:32 GMT Zwierzę umarło na (8, 2)
20 Jan 2025 19:04:32 GMT Zwierzę umarło na (8, 1)
20 Jan 2025 19:04:32 GMT Zwierzę umarło na (8, 2)
20 Jan 2025 19:04:32 GMT Zwierzę umarło na (6, 4)
20 Jan 2025 19:04:32 GMT Zwierzę umarło na (3, 2)
20 Jan 2025 19:04:32 GMT Zwierzę umarło na (3, 6)
20 Jan 2025 19:04:32 GMT Zwierzę umarło na (7, 3)
20 Jan 2025 19:04:32 GMT Zwierzę umarło na (7, 8)
20 Jan 2025 19:04:32 GMT Zwierzę umarło na (8, 1)
20 Jan 2025 19:04:32 GMT Zwierzę umarło na (6, 1)
20 Jan 2025 19:04:32 GMT Zwierzę umarło na (2, 2)
20 Jan 2025 19:04:32 GMT Zwierzę umarło na (4, 0)
20 Jan 2025 19:04:32 GMT Zwierzę umarło na (4, 7)
20 Jan 2025 19:04:32 GMT Zwierzę umarło na (0, 4)
20 Jan 2025 19:04:32 GMT Zwierzę umarło na (7, 3)
20 Jan 2025 19:04:32 GMT Zwierzę umarło na (9, 4)
20 Jan 2025 19:04:32 GMT Zwierzę umarło na (3, 1)
20 Jan 2025 19:04:32 GMT Zwierzę umarło na (6, 2)
20 Jan 2025 19:04:32 GMT Zwierzę umarło na (6, 2)
20 Jan 2025 19:04:32 GMT Zwierzę umarło na (7, 9)
20 Jan 2025 19:04:32 GMT Zwierzę poruszyło się z (5, 2) na (4, 3)
20 Jan 2025 19:04:32 GMT Zwierzę poruszyło się z (2, 1) na (2, 0)
20 Jan 2025 19:04:33 GMT Zwierzę poruszyło się z (6, 8) na (7, 9)
20 Jan 2025 19:04:33 GMT Zwierzę poruszyło się z (7, 7) na (8, 7)
20 Jan 2025 19:04:33 GMT Zwierzę poruszyło się z (3, 1) na (3, 2)
20 Jan 2025 19:04:33 GMT Zwierzę poruszyło się z (1, 6) na (1, 7)
20 Jan 2025 19:04:33 GMT Zwierzę poruszyło się z (9, 7) na (9, 6)
20 Jan 2025 19:04:33 GMT Zwierzę poruszyło się z (4, 7) na (3, 8)
20 Jan 2025 19:04:33 GMT Zwierzę poruszyło się z (0, 6) na (0, 7)
20 Jan 2025 19:04:33 GMT Zwierzę poruszyło się z (6, 3) na (6, 2)
20 Jan 2025 19:04:33 GMT Zwierzę poruszyło się z (6, 6) na (5, 7)
20 Jan 2025 19:04:33 GMT Zwierzę zjadło roślinkę na (9, 6)
20 Jan 2025 19:04:34 GMT Roślinka wyrosła na (7, 3)
20 Jan 2025 19:04:34 GMT Zwierzę umarło na (4, 3)
20 Jan 2025 19:04:34 GMT Zwierzę umarło na (2, 0)
20 Jan 2025 19:04:34 GMT Zwierzę umarło na (7, 9)
20 Jan 2025 19:04:34 GMT Zwierzę poruszyło się z (8, 7) na (7, 7)
20 Jan 2025 19:04:34 GMT Zwierzę poruszyło się z (3, 2) na (4, 1)
20 Jan 2025 19:04:34 GMT Zwierzę poruszyło się z (1, 7) na (2, 6)
20 Jan 2025 19:04:34 GMT Zwierzę poruszyło się z (9, 6) na (8, 6)
20 Jan 2025 19:04:34 GMT Zwierzę poruszyło się z (3, 8) na (2, 9)
20 Jan 2025 19:04:34 GMT Zwierzę poruszyło się z (0, 7) na (0, 6)
20 Jan 2025 19:04:34 GMT Zwierzę poruszyło się z (6, 2) na (6, 3)
20 Jan 2025 19:04:35 GMT Zwierzę poruszyło się z (5, 7) na (4, 6)
20 Jan 2025 19:04:35 GMT Zwierzę zjadło roślinkę na (2, 9)
20 Jan 2025 19:04:36 GMT Roślinka wyrosła na (7, 5)
20 Jan 2025 19:04:36 GMT Zwierzę umarło na (7, 7)
20 Jan 2025 19:04:36 GMT Zwierzę umarło na (4, 1)
20 Jan 2025 19:04:36 GMT Zwierzę umarło na (0, 6)
20 Jan 2025 19:04:36 GMT Zwierzę umarło na (6, 3)
20 Jan 2025 19:04:36 GMT Zwierzę poruszyło się z (2, 6) na (2, 7)
20 Jan 2025 19:04:36 GMT Zwierzę poruszyło się z (8, 6) na (8, 5)
20 Jan 2025 19:04:37 GMT Zwierzę poruszyło się z (2, 9) na (3, 9)
20 Jan 2025 19:04:37 GMT Zwierzę poruszyło się z (4, 6) na (3, 6)
20 Jan 2025 19:04:37 GMT Zwierzę zjadło roślinkę na (8, 5)
20 Jan 2025 19:04:37 GMT Roślinka wyrosła na (9, 5)
20 Jan 2025 19:04:37 GMT Zwierzę umarło na (2, 7)
20 Jan 2025 19:04:37 GMT Zwierzę poruszyło się z (8, 5) na (9, 5)
20 Jan 2025 19:04:37 GMT Zwierzę poruszyło się z (3, 9) na (3, 9)
20 Jan 2025 19:04:37 GMT Zwierzę poruszyło się z (3, 6) na (4, 7)
20 Jan 2025 19:04:37 GMT Zwierzę zjadło roślinkę na (9, 5)
20 Jan 2025 19:04:38 GMT Roślinka wyrosła na (0, 5)
20 Jan 2025 19:04:38 GMT Zwierzę umarło na (4, 7)
20 Jan 2025 19:04:38 GMT Zwierzę poruszyło się z (9, 5) na (9, 4)
20 Jan 2025 19:04:38 GMT Zwierzę poruszyło się z (3, 9) na (2, 8)
20 Jan 2025 19:04:38 GMT Roślinka wyrosła na (3, 0)
20 Jan 2025 19:04:38 GMT Zwierzę poruszyło się z (9, 4) na (0, 4)
20 Jan 2025 19:04:39 GMT Zwierzę poruszyło się z (2, 8) na (1, 9)
20 Jan 2025 19:04:39 GMT Roślinka wyrosła na (2, 6)
20 Jan 2025 19:04:39 GMT Zwierzę poruszyło się z (0, 4) na (0, 3)
20 Jan 2025 19:04:39 GMT Zwierzę poruszyło się z (1, 9) na (0, 9)
20 Jan 2025 19:04:39 GMT Roślinka wyrosła na (1, 6)
20 Jan 2025 19:04:40 GMT Zwierzę poruszyło się z (0, 3) na (1, 3)
20 Jan 2025 19:04:40 GMT Zwierzę poruszyło się z (0, 9) na (9, 9)
20 Jan 2025 19:04:40 GMT Roślinka wyrosła na (2, 5)
20 Jan 2025 19:04:40 GMT Zwierzę poruszyło się z (1, 3) na (1, 4)
20 Jan 2025 19:04:40 GMT Zwierzę poruszyło się z (9, 9) na (9, 8)
20 Jan 2025 19:04:41 GMT Zwierzę zjadło roślinkę na (9, 8)
20 Jan 2025 19:04:41 GMT Roślinka wyrosła na (5, 6)
20 Jan 2025 19:04:41 GMT Zwierzę poruszyło się z (1, 4) na (2, 4)
20 Jan 2025 19:04:41 GMT Zwierzę poruszyło się z (9, 8) na (8, 7)
20 Jan 2025 19:04:41 GMT Roślinka wyrosła na (8, 5)
20 Jan 2025 19:04:42 GMT Zwierzę poruszyło się z (2, 4) na (2, 5)
20 Jan 2025 19:04:42 GMT Zwierzę poruszyło się z (8, 7) na (7, 8)
20 Jan 2025 19:04:42 GMT Zwierzę zjadło roślinkę na (2, 5)
20 Jan 2025 19:04:42 GMT Roślinka wyrosła na (4, 7)
20 Jan 2025 19:04:42 GMT Zwierzę poruszyło się z (2, 5) na (3, 5)
20 Jan 2025 19:04:42 GMT Zwierzę poruszyło się z (7, 8) na (6, 9)
20 Jan 2025 19:04:42 GMT Zwierzę zjadło roślinkę na (3, 5)
20 Jan 2025 19:04:43 GMT Roślinka wyrosła na (5, 3)
20 Jan 2025 19:04:43 GMT Zwierzę poruszyło się z (3, 5) na (3, 6)
20 Jan 2025 19:04:43 GMT Zwierzę poruszyło się z (6, 9) na (7, 9)
20 Jan 2025 19:04:43 GMT Roślinka wyrosła na (8, 6)
20 Jan 2025 19:04:43 GMT Zwierzę poruszyło się z (3, 6) na (2, 6)
20 Jan 2025 19:04:43 GMT Zwierzę poruszyło się z (7, 9) na (7, 9)
20 Jan 2025 19:04:44 GMT Zwierzę zjadło roślinkę na (2, 6)
20 Jan 2025 19:04:44 GMT Roślinka wyrosła na (2, 6)
20 Jan 2025 19:04:44 GMT Zwierzę poruszyło się z (2, 6) na (2, 7)
20 Jan 2025 19:04:44 GMT Zwierzę poruszyło się z (7, 9) na (6, 8)
20 Jan 2025 19:04:44 GMT Roślinka wyrosła na (4, 6)
20 Jan 2025 19:04:45 GMT Zwierzę poruszyło się z (2, 7) na (1, 7)
20 Jan 2025 19:04:45 GMT Zwierzę poruszyło się z (6, 8) na (5, 9)
20 Jan 2025 19:04:45 GMT Roślinka wyrosła na (2, 9)
20 Jan 2025 19:04:45 GMT Zwierzę poruszyło się z (1, 7) na (1, 8)
20 Jan 2025 19:04:45 GMT Zwierzę poruszyło się z (5, 9) na (4, 9)
20 Jan 2025 19:04:46 GMT Roślinka wyrosła na (3, 5)
20 Jan 2025 19:04:46 GMT Zwierzę poruszyło się z (1, 8) na (0, 8)
20 Jan 2025 19:04:46 GMT Zwierzę poruszyło się z (4, 9) na (3, 9)
20 Jan 2025 19:04:46 GMT Roślinka wyrosła na (9, 4)
20 Jan 2025 19:04:46 GMT Zwierzę poruszyło się z (0, 8) na (0, 7)
20 Jan 2025 19:04:47 GMT Zwierzę poruszyło się z (3, 9) na (3, 8)
20 Jan 2025 19:04:47 GMT Roślinka wyrosła na (6, 6)
20 Jan 2025 19:04:47 GMT Zwierzę poruszyło się z (0, 7) na (9, 7)
20 Jan 2025 19:04:47 GMT Zwierzę poruszyło się z (3, 8) na (2, 7)
20 Jan 2025 19:04:47 GMT Roślinka wyrosła na (7, 6)
20 Jan 2025 19:04:48 GMT Zwierzę poruszyło się z (9, 7) na (9, 6)
20 Jan 2025 19:04:48 GMT Zwierzę poruszyło się z (2, 7) na (1, 8)
20 Jan 2025 19:04:48 GMT Roślinka wyrosła na (2, 0)
20 Jan 2025 19:04:48 GMT Zwierzę poruszyło się z (9, 6) na (8, 6)
20 Jan 2025 19:04:48 GMT Zwierzę poruszyło się z (1, 8) na (0, 9)
20 Jan 2025 19:04:48 GMT Zwierzę zjadło roślinkę na (8, 6)
20 Jan 2025 19:04:49 GMT Roślinka wyrosła na (5, 5)
20 Jan 2025 19:04:49 GMT Zwierzę umarło na (0, 9)
20 Jan 2025 19:04:49 GMT Zwierzę poruszyło się z (8, 6) na (8, 5)
20 Jan 2025 19:04:49 GMT Zwierzę zjadło roślinkę na (8, 5)
20 Jan 2025 19:04:49 GMT Roślinka wyrosła na (3, 6)
20 Jan 2025 19:04:49 GMT Zwierzę poruszyło się z (8, 5) na (9, 5)
20 Jan 2025 19:04:50 GMT Roślinka wyrosła na (0, 6)
20 Jan 2025 19:04:50 GMT Zwierzę poruszyło się z (9, 5) na (9, 4)
20 Jan 2025 19:04:50 GMT Zwierzę zjadło roślinkę na (9, 4)
20 Jan 2025 19:04:50 GMT Roślinka wyrosła na (2, 5)
20 Jan 2025 19:04:50 GMT Zwierzę poruszyło się z (9, 4) na (0, 4)
20 Jan 2025 19:04:51 GMT Roślinka wyrosła na (9, 5)
20 Jan 2025 19:04:51 GMT Zwierzę poruszyło się z (0, 4) na (0, 3)
20 Jan 2025 19:04:51 GMT Roślinka wyrosła na (2, 2)
20 Jan 2025 19:04:51 GMT Zwierzę poruszyło się z (0, 3) na (1, 3)
20 Jan 2025 19:04:52 GMT Roślinka wyrosła na (6, 5)
20 Jan 2025 19:04:52 GMT Zwierzę poruszyło się z (1, 3) na (1, 4)
20 Jan 2025 19:04:52 GMT Roślinka wyrosła na (6, 1)
20 Jan 2025 19:04:52 GMT Zwierzę poruszyło się z (1, 4) na (2, 4)
20 Jan 2025 19:04:53 GMT Roślinka wyrosła na (8, 5)
20 Jan 2025 19:04:53 GMT Zwierzę poruszyło się z (2, 4) na (2, 5)
20 Jan 2025 19:04:53 GMT Zwierzę zjadło roślinkę na (2, 5)
20 Jan 2025 19:04:53 GMT Roślinka wyrosła na (9, 6)
20 Jan 2025 19:04:53 GMT Zwierzę poruszyło się z (2, 5) na (3, 5)
20 Jan 2025 19:04:54 GMT Zwierzę zjadło roślinkę na (3, 5)
20 Jan 2025 19:04:54 GMT Roślinka wyrosła na (3, 5)
20 Jan 2025 19:04:54 GMT Zwierzę poruszyło się z (3, 5) na (3, 6)
20 Jan 2025 19:04:54 GMT Zwierzę zjadło roślinkę na (3, 6)
