16 Jan 2025 22:52:45 GMT Zwierze zostało położone na (8, 2)
16 Jan 2025 22:52:45 GMT Zwierze zostało położone na (0, 3)
16 Jan 2025 22:52:45 GMT Zwierze zostało położone na (9, 1)
16 Jan 2025 22:52:45 GMT Zwierze zostało położone na (8, 9)
16 Jan 2025 22:52:46 GMT Zwierze zostało położone na (7, 5)
16 Jan 2025 22:52:46 GMT Zwierze zostało położone na (9, 1)
16 Jan 2025 22:52:46 GMT Zwierze zostało położone na (8, 0)
16 Jan 2025 22:52:46 GMT Zwierze zostało położone na (2, 7)
16 Jan 2025 22:52:46 GMT Zwierze zostało położone na (8, 3)
16 Jan 2025 22:52:46 GMT Zwierze zostało położone na (5, 8)
16 Jan 2025 22:52:46 GMT Długość listy pozycji: 9
Lista pozycji zwierząt: {(8, 9)=[v], (5, 8)=[◥], (0, 3)=[<], (2, 7)=[>], (8, 0)=[>], (9, 1)=[◢, ◤], (7, 2)=[<], (8, 3)=[◥], (7, 5)=[v]}
16 Jan 2025 22:52:46 GMT Zwierzę poruszyło się z (8, 2) na (7, 2)
16 Jan 2025 22:52:46 GMT Długość listy pozycji: 9
Lista pozycji zwierząt: {(8, 9)=[v], (0, 2)=[v], (5, 8)=[◥], (2, 7)=[>], (8, 0)=[>], (9, 1)=[◢, ◤], (7, 2)=[<], (8, 3)=[◥], (7, 5)=[v]}
16 Jan 2025 22:52:46 GMT Zwierzę poruszyło się z (0, 3) na (0, 2)
16 Jan 2025 22:52:46 GMT Długość listy pozycji: 10
Lista pozycji zwierząt: {(8, 9)=[v], (0, 2)=[v], (5, 8)=[◥], (2, 7)=[>], (8, 0)=[>], (9, 1)=[◤], (8, 1)=[<], (7, 2)=[<], (8, 3)=[◥], (7, 5)=[v]}
16 Jan 2025 22:52:46 GMT Zwierzę poruszyło się z (9, 1) na (8, 1)
16 Jan 2025 22:52:46 GMT Długość listy pozycji: 10
Lista pozycji zwierząt: {(8, 9)=[v], (0, 2)=[v], (5, 8)=[◥], (2, 7)=[>], (8, 0)=[>], (9, 1)=[◤], (8, 1)=[<], (7, 2)=[<], (8, 3)=[◥], (7, 5)=[v]}
16 Jan 2025 22:52:46 GMT Zwierzę poruszyło się z (8, 9) na (8, 9)
16 Jan 2025 22:52:46 GMT Długość listy pozycji: 10
Lista pozycji zwierząt: {(7, 6)=[^], (8, 9)=[v], (0, 2)=[v], (5, 8)=[◥], (2, 7)=[>], (8, 0)=[>], (9, 1)=[◤], (8, 1)=[<], (7, 2)=[<], (8, 3)=[◥]}
16 Jan 2025 22:52:46 GMT Zwierzę poruszyło się z (7, 5) na (7, 6)
16 Jan 2025 22:52:47 GMT Długość listy pozycji: 9
Lista pozycji zwierząt: {(7, 6)=[^], (8, 9)=[v], (0, 2)=[v], (5, 8)=[◥], (2, 7)=[>], (8, 0)=[>], (8, 1)=[<, <], (7, 2)=[<], (8, 3)=[◥]}
16 Jan 2025 22:52:47 GMT Zwierzę poruszyło się z (9, 1) na (8, 1)
16 Jan 2025 22:52:47 GMT Długość listy pozycji: 9
Lista pozycji zwierząt: {(7, 6)=[^], (8, 9)=[v], (0, 2)=[v], (5, 8)=[◥], (2, 7)=[>], (8, 0)=[^], (8, 1)=[<, <], (7, 2)=[<], (8, 3)=[◥]}
16 Jan 2025 22:52:47 GMT Zwierzę poruszyło się z (8, 0) na (8, 0)
16 Jan 2025 22:52:47 GMT Długość listy pozycji: 9
Lista pozycji zwierząt: {(7, 6)=[^], (8, 9)=[v], (0, 2)=[v], (5, 8)=[◥], (2, 6)=[v], (8, 0)=[^], (8, 1)=[<, <], (7, 2)=[<], (8, 3)=[◥]}
16 Jan 2025 22:52:47 GMT Zwierzę poruszyło się z (2, 7) na (2, 6)
16 Jan 2025 22:52:47 GMT Długość listy pozycji: 9
Lista pozycji zwierząt: {(7, 6)=[^], (8, 9)=[v], (0, 2)=[v], (5, 8)=[◥], (2, 6)=[v], (8, 0)=[^], (8, 1)=[<, <], (9, 3)=[>], (7, 2)=[<]}
16 Jan 2025 22:52:47 GMT Zwierzę poruszyło się z (8, 3) na (9, 3)
16 Jan 2025 22:52:47 GMT Długość listy pozycji: 9
Lista pozycji zwierząt: {(7, 6)=[^], (8, 9)=[v], (6, 8)=[>], (0, 2)=[v], (2, 6)=[v], (8, 0)=[^], (8, 1)=[<, <], (9, 3)=[>], (7, 2)=[<]}
16 Jan 2025 22:52:47 GMT Zwierzę poruszyło się z (5, 8) na (6, 8)
16 Jan 2025 22:52:47 GMT Zwierze zostało położone na (8, 1)
16 Jan 2025 22:52:47 GMT Urodziło się nowe zwierzę na (8, 1)
16 Jan 2025 22:52:47 GMT Roślinka wyrosła na (6, 5)
16 Jan 2025 22:52:47 GMT Roślinka wyrosła na (4, 4)
16 Jan 2025 22:52:47 GMT Roślinka wyrosła na (5, 6)
16 Jan 2025 22:52:47 GMT Roślinka wyrosła na (2, 2)
16 Jan 2025 22:52:47 GMT Roślinka wyrosła na (2, 6)
16 Jan 2025 22:52:47 GMT Roślinka wyrosła na (7, 5)
16 Jan 2025 22:52:47 GMT Roślinka wyrosła na (4, 6)
16 Jan 2025 22:52:47 GMT Roślinka wyrosła na (1, 6)
16 Jan 2025 22:52:47 GMT Roślinka wyrosła na (1, 5)
16 Jan 2025 22:52:47 GMT Roślinka wyrosła na (3, 6)
16 Jan 2025 22:52:48 GMT Zwierzę umarło na (8, 1)
16 Jan 2025 22:52:48 GMT Długość listy pozycji: 9
Lista pozycji zwierząt: {(7, 6)=[^], (8, 9)=[v], (6, 8)=[>], (0, 2)=[v], (2, 6)=[v], (8, 0)=[^], (8, 1)=[v, <], (9, 3)=[>], (8, 3)=[◥]}
16 Jan 2025 22:52:48 GMT Zwierzę poruszyło się z (7, 2) na (8, 3)
16 Jan 2025 22:52:48 GMT Długość listy pozycji: 9
Lista pozycji zwierząt: {(7, 6)=[^], (1, 2)=[>], (8, 9)=[v], (6, 8)=[>], (2, 6)=[v], (8, 0)=[^], (8, 1)=[v, <], (9, 3)=[>], (8, 3)=[◥]}
16 Jan 2025 22:52:48 GMT Zwierzę poruszyło się z (0, 2) na (1, 2)
16 Jan 2025 22:52:48 GMT Długość listy pozycji: 9
Lista pozycji zwierząt: {(7, 6)=[^], (1, 2)=[>], (8, 9)=[v], (6, 8)=[>], (2, 6)=[v], (8, 0)=[^], (8, 1)=[v, <], (9, 3)=[>], (8, 3)=[◥]}
16 Jan 2025 22:52:48 GMT Zwierzę poruszyło się z (8, 9) na (8, 9)
16 Jan 2025 22:52:48 GMT Długość listy pozycji: 9
Lista pozycji zwierząt: {(1, 2)=[>], (8, 9)=[v], (6, 8)=[>], (2, 6)=[v], (8, 0)=[^], (8, 1)=[v, <], (9, 3)=[>], (8, 3)=[◥], (7, 5)=[v]}
16 Jan 2025 22:52:48 GMT Zwierzę poruszyło się z (7, 6) na (7, 5)
16 Jan 2025 22:52:48 GMT Długość listy pozycji: 10
Lista pozycji zwierząt: {(1, 2)=[>], (8, 9)=[v], (6, 8)=[>], (2, 6)=[v], (8, 0)=[^], (7, 0)=[◣], (8, 1)=[v], (9, 3)=[>], (8, 3)=[◥], (7, 5)=[v]}
16 Jan 2025 22:52:48 GMT Zwierzę poruszyło się z (8, 1) na (7, 0)
16 Jan 2025 22:52:48 GMT Długość listy pozycji: 10
Lista pozycji zwierząt: {(1, 2)=[>], (8, 9)=[v], (6, 8)=[>], (2, 6)=[v], (9, 0)=[>], (7, 0)=[◣], (8, 1)=[v], (9, 3)=[>], (8, 3)=[◥], (7, 5)=[v]}
16 Jan 2025 22:52:48 GMT Zwierzę poruszyło się z (8, 0) na (9, 0)
16 Jan 2025 22:52:48 GMT Długość listy pozycji: 10
Lista pozycji zwierząt: {(1, 2)=[>], (8, 9)=[v], (6, 8)=[>], (1, 6)=[<], (9, 0)=[>], (7, 0)=[◣], (8, 1)=[v], (9, 3)=[>], (8, 3)=[◥], (7, 5)=[v]}
16 Jan 2025 22:52:48 GMT Zwierzę poruszyło się z (2, 6) na (1, 6)
16 Jan 2025 22:52:48 GMT Długość listy pozycji: 10
Lista pozycji zwierząt: {(1, 2)=[>], (8, 9)=[v], (0, 2)=[◢], (6, 8)=[>], (1, 6)=[<], (9, 0)=[>], (7, 0)=[◣], (8, 1)=[v], (8, 3)=[◥], (7, 5)=[v]}
16 Jan 2025 22:52:48 GMT Zwierzę poruszyło się z (9, 3) na (0, 2)
16 Jan 2025 22:52:48 GMT Długość listy pozycji: 10
Lista pozycji zwierząt: {(7, 7)=[◢], (1, 2)=[>], (8, 9)=[v], (0, 2)=[◢], (1, 6)=[<], (9, 0)=[>], (7, 0)=[◣], (8, 1)=[v], (8, 3)=[◥], (7, 5)=[v]}
16 Jan 2025 22:52:48 GMT Zwierzę poruszyło się z (6, 8) na (7, 7)
16 Jan 2025 22:52:49 GMT Zwierzę zjadło roślinkę na (1, 6)
16 Jan 2025 22:52:49 GMT Zwierzę zjadło roślinkę na (7, 5)
16 Jan 2025 22:52:49 GMT Roślinka wyrosła na (2, 5)
16 Jan 2025 22:52:49 GMT Roślinka wyrosła na (8, 6)
16 Jan 2025 22:52:49 GMT Roślinka wyrosła na (5, 5)
16 Jan 2025 22:52:49 GMT Roślinka wyrosła na (7, 6)
16 Jan 2025 22:52:49 GMT Roślinka wyrosła na (0, 8)
16 Jan 2025 22:52:49 GMT Roślinka wyrosła na (7, 2)
16 Jan 2025 22:52:49 GMT Roślinka wyrosła na (4, 2)
16 Jan 2025 22:52:49 GMT Roślinka wyrosła na (9, 7)
16 Jan 2025 22:52:49 GMT Roślinka wyrosła na (2, 9)
16 Jan 2025 22:52:49 GMT Roślinka wyrosła na (4, 9)
16 Jan 2025 22:52:49 GMT Długość listy pozycji: 10
Lista pozycji zwierząt: {(7, 7)=[◢], (1, 2)=[>], (8, 9)=[v], (0, 2)=[◢], (1, 6)=[<], (9, 0)=[>], (7, 0)=[◣], (8, 1)=[v], (8, 2)=[v], (7, 5)=[v]}
16 Jan 2025 22:52:49 GMT Zwierzę poruszyło się z (8, 3) na (8, 2)
16 Jan 2025 22:52:49 GMT Długość listy pozycji: 10
Lista pozycji zwierząt: {(7, 7)=[◢], (8, 9)=[v], (1, 3)=[^], (0, 2)=[◢], (1, 6)=[<], (9, 0)=[>], (7, 0)=[◣], (8, 1)=[v], (8, 2)=[v], (7, 5)=[v]}
16 Jan 2025 22:52:49 GMT Zwierzę poruszyło się z (1, 2) na (1, 3)
16 Jan 2025 22:52:49 GMT Długość listy pozycji: 10
Lista pozycji zwierząt: {(7, 7)=[◢], (8, 9)=[v], (1, 3)=[^], (0, 2)=[◢], (1, 6)=[<], (9, 0)=[>], (7, 0)=[◣], (8, 1)=[v], (8, 2)=[v], (7, 5)=[v]}
16 Jan 2025 22:52:49 GMT Zwierzę poruszyło się z (8, 9) na (8, 9)
16 Jan 2025 22:52:49 GMT Długość listy pozycji: 10
Lista pozycji zwierząt: {(7, 6)=[^], (7, 7)=[◢], (8, 9)=[v], (1, 3)=[^], (0, 2)=[◢], (1, 6)=[<], (9, 0)=[>], (7, 0)=[◣], (8, 1)=[v], (8, 2)=[v]}
16 Jan 2025 22:52:49 GMT Zwierzę poruszyło się z (7, 5) na (7, 6)
16 Jan 2025 22:52:50 GMT Długość listy pozycji: 10
Lista pozycji zwierząt: {(7, 6)=[^], (7, 7)=[◢], (8, 9)=[v], (1, 3)=[^], (0, 2)=[◢], (1, 6)=[<], (9, 0)=[>], (7, 0)=[^], (8, 1)=[v], (8, 2)=[v]}
16 Jan 2025 22:52:50 GMT Zwierzę poruszyło się z (7, 0) na (7, 0)
16 Jan 2025 22:52:50 GMT Długość listy pozycji: 10
Lista pozycji zwierząt: {(7, 6)=[^], (7, 7)=[◢], (8, 9)=[v], (1, 3)=[^], (0, 2)=[◢], (1, 6)=[<], (9, 0)=[^], (7, 0)=[^], (8, 1)=[v], (8, 2)=[v]}
16 Jan 2025 22:52:50 GMT Zwierzę poruszyło się z (9, 0) na (9, 0)
16 Jan 2025 22:52:50 GMT Długość listy pozycji: 10
Lista pozycji zwierząt: {(7, 6)=[^], (7, 7)=[◢], (8, 9)=[v], (1, 3)=[^], (0, 2)=[◢], (1, 7)=[^], (9, 0)=[^], (7, 0)=[^], (8, 1)=[v], (8, 2)=[v]}
16 Jan 2025 22:52:50 GMT Zwierzę poruszyło się z (1, 6) na (1, 7)
16 Jan 2025 22:52:50 GMT Długość listy pozycji: 10
Lista pozycji zwierząt: {(7, 6)=[^], (7, 7)=[◢], (0, 1)=[v], (8, 9)=[v], (1, 3)=[^], (1, 7)=[^], (9, 0)=[^], (7, 0)=[^], (8, 1)=[v], (8, 2)=[v]}
16 Jan 2025 22:52:50 GMT Zwierzę poruszyło się z (0, 2) na (0, 1)
16 Jan 2025 22:52:50 GMT Długość listy pozycji: 9
Lista pozycji zwierząt: {(7, 6)=[^, v], (0, 1)=[v], (8, 9)=[v], (1, 3)=[^], (1, 7)=[^], (9, 0)=[^], (7, 0)=[^], (8, 1)=[v], (8, 2)=[v]}
16 Jan 2025 22:52:50 GMT Zwierzę poruszyło się z (7, 7) na (7, 6)
16 Jan 2025 22:52:50 GMT Zwierzę zjadło roślinkę na (7, 6)
16 Jan 2025 22:52:51 GMT Zwierze zostało położone na (7, 6)
16 Jan 2025 22:52:51 GMT Urodziło się nowe zwierzę na (7, 6)
16 Jan 2025 22:52:51 GMT Roślinka wyrosła na (3, 2)
16 Jan 2025 22:52:51 GMT Roślinka wyrosła na (4, 1)
16 Jan 2025 22:52:51 GMT Roślinka wyrosła na (6, 2)
16 Jan 2025 22:52:51 GMT Roślinka wyrosła na (5, 7)
16 Jan 2025 22:52:51 GMT Roślinka wyrosła na (5, 0)
16 Jan 2025 22:52:51 GMT Roślinka wyrosła na (1, 2)
16 Jan 2025 22:52:51 GMT Roślinka wyrosła na (5, 9)
16 Jan 2025 22:52:51 GMT Roślinka wyrosła na (1, 4)
16 Jan 2025 22:52:51 GMT Roślinka wyrosła na (1, 0)
16 Jan 2025 22:52:51 GMT Roślinka wyrosła na (6, 4)
16 Jan 2025 22:52:51 GMT Długość listy pozycji: 9
Lista pozycji zwierząt: {(7, 6)=[◢, ^, v], (0, 1)=[v], (8, 9)=[v], (1, 3)=[^], (1, 7)=[^], (9, 0)=[^], (7, 0)=[^], (8, 1)=[v], (7, 3)=[◤]}
16 Jan 2025 22:52:51 GMT Zwierzę poruszyło się z (8, 2) na (7, 3)
16 Jan 2025 22:52:51 GMT Długość listy pozycji: 9
Lista pozycji zwierząt: {(7, 6)=[◢, ^, v], (0, 1)=[v], (8, 9)=[v], (0, 3)=[<], (1, 7)=[^], (9, 0)=[^], (7, 0)=[^], (8, 1)=[v], (7, 3)=[◤]}
16 Jan 2025 22:52:51 GMT Zwierzę poruszyło się z (1, 3) na (0, 3)
16 Jan 2025 22:52:51 GMT Długość listy pozycji: 9
Lista pozycji zwierząt: {(7, 6)=[◢, ^, v], (0, 1)=[v], (8, 9)=[v], (0, 3)=[<], (1, 7)=[^], (9, 0)=[^], (7, 0)=[^], (8, 1)=[v], (7, 3)=[◤]}
16 Jan 2025 22:52:51 GMT Zwierzę poruszyło się z (8, 9) na (8, 9)
16 Jan 2025 22:52:51 GMT Długość listy pozycji: 10
Lista pozycji zwierząt: {(7, 6)=[◢, v], (0, 1)=[v], (8, 9)=[v], (0, 3)=[<], (1, 7)=[^], (9, 0)=[^], (7, 0)=[^], (8, 1)=[v], (7, 3)=[◤], (7, 5)=[v]}
16 Jan 2025 22:52:51 GMT Zwierzę poruszyło się z (7, 6) na (7, 5)
16 Jan 2025 22:52:52 GMT Długość listy pozycji: 10
Lista pozycji zwierząt: {(7, 6)=[◢, v], (0, 1)=[v], (8, 9)=[v], (0, 3)=[<], (1, 7)=[^], (9, 0)=[^], (8, 1)=[v], (6, 1)=[◤], (7, 3)=[◤], (7, 5)=[v]}
16 Jan 2025 22:52:52 GMT Zwierzę poruszyło się z (7, 0) na (6, 1)
16 Jan 2025 22:52:52 GMT Długość listy pozycji: 10
Lista pozycji zwierząt: {(7, 6)=[◢, v], (0, 0)=[>], (0, 1)=[v], (8, 9)=[v], (0, 3)=[<], (1, 7)=[^], (8, 1)=[v], (6, 1)=[◤], (7, 3)=[◤], (7, 5)=[v]}
16 Jan 2025 22:52:52 GMT Zwierzę poruszyło się z (9, 0) na (0, 0)
16 Jan 2025 22:52:52 GMT Długość listy pozycji: 10
Lista pozycji zwierząt: {(7, 6)=[◢, v], (0, 0)=[>], (0, 1)=[v], (8, 9)=[v], (0, 3)=[<], (2, 7)=[>], (8, 1)=[v], (6, 1)=[◤], (7, 3)=[◤], (7, 5)=[v]}
16 Jan 2025 22:52:52 GMT Zwierzę poruszyło się z (1, 7) na (2, 7)
16 Jan 2025 22:52:52 GMT Długość listy pozycji: 10
Lista pozycji zwierząt: {(7, 6)=[◢, v], (0, 0)=[>], (8, 9)=[v], (0, 3)=[<], (2, 7)=[>], (9, 0)=[◣], (8, 1)=[v], (6, 1)=[◤], (7, 3)=[◤], (7, 5)=[v]}
16 Jan 2025 22:52:52 GMT Zwierzę poruszyło się z (0, 1) na (9, 0)
16 Jan 2025 22:52:52 GMT Długość listy pozycji: 11
Lista pozycji zwierząt: {(6, 5)=[◣], (7, 6)=[◢], (0, 0)=[>], (8, 9)=[v], (0, 3)=[<], (2, 7)=[>], (9, 0)=[◣], (8, 1)=[v], (6, 1)=[◤], (7, 3)=[◤], (7, 5)=[v]}
16 Jan 2025 22:52:52 GMT Zwierzę poruszyło się z (7, 6) na (6, 5)
16 Jan 2025 22:52:52 GMT Zwierzę zjadło roślinkę na (6, 5)
16 Jan 2025 22:52:52 GMT Roślinka wyrosła na (4, 0)
16 Jan 2025 22:52:52 GMT Roślinka wyrosła na (3, 0)
16 Jan 2025 22:52:52 GMT Roślinka wyrosła na (5, 2)
16 Jan 2025 22:52:52 GMT Roślinka wyrosła na (7, 1)
16 Jan 2025 22:52:52 GMT Roślinka wyrosła na (3, 7)
16 Jan 2025 22:52:52 GMT Roślinka wyrosła na (7, 0)
16 Jan 2025 22:52:52 GMT Roślinka wyrosła na (8, 3)
16 Jan 2025 22:52:52 GMT Roślinka wyrosła na (8, 0)
16 Jan 2025 22:52:52 GMT Roślinka wyrosła na (9, 3)
16 Jan 2025 22:52:52 GMT Roślinka wyrosła na (3, 1)
16 Jan 2025 22:52:53 GMT Długość listy pozycji: 11
Lista pozycji zwierząt: {(6, 5)=[◣], (7, 6)=[◢], (0, 0)=[>], (8, 9)=[v], (0, 3)=[<], (2, 7)=[>], (9, 0)=[◣], (8, 1)=[v], (8, 3)=[>], (6, 1)=[◤], (7, 5)=[v]}
16 Jan 2025 22:52:53 GMT Zwierzę poruszyło się z (7, 3) na (8, 3)
16 Jan 2025 22:52:53 GMT Długość listy pozycji: 11
Lista pozycji zwierząt: {(6, 5)=[◣], (7, 6)=[◢], (0, 0)=[>], (8, 9)=[v], (0, 2)=[v], (2, 7)=[>], (9, 0)=[◣], (8, 1)=[v], (8, 3)=[>], (6, 1)=[◤], (7, 5)=[v]}
16 Jan 2025 22:52:53 GMT Zwierzę poruszyło się z (0, 3) na (0, 2)
16 Jan 2025 22:52:53 GMT Długość listy pozycji: 11
Lista pozycji zwierząt: {(6, 5)=[◣], (7, 6)=[◢], (0, 0)=[>], (8, 9)=[v], (0, 2)=[v], (2, 7)=[>], (9, 0)=[◣], (8, 1)=[v], (8, 3)=[>], (6, 1)=[◤], (7, 5)=[v]}
16 Jan 2025 22:52:53 GMT Zwierzę poruszyło się z (8, 9) na (8, 9)
16 Jan 2025 22:52:53 GMT Długość listy pozycji: 10
Lista pozycji zwierząt: {(6, 5)=[◣], (7, 6)=[◢, ^], (0, 0)=[>], (8, 9)=[v], (0, 2)=[v], (2, 7)=[>], (9, 0)=[◣], (8, 1)=[v], (8, 3)=[>], (6, 1)=[◤]}
16 Jan 2025 22:52:53 GMT Zwierzę poruszyło się z (7, 5) na (7, 6)
16 Jan 2025 22:52:53 GMT Długość listy pozycji: 10
Lista pozycji zwierząt: {(6, 5)=[◣], (7, 6)=[◢, ^], (0, 0)=[>], (8, 9)=[v], (0, 2)=[v], (2, 7)=[>], (9, 0)=[◣], (8, 1)=[v], (8, 3)=[>], (5, 1)=[<]}
16 Jan 2025 22:52:53 GMT Zwierzę poruszyło się z (6, 1) na (5, 1)
16 Jan 2025 22:52:53 GMT Długość listy pozycji: 10
Lista pozycji zwierząt: {(6, 5)=[◣], (7, 6)=[◢, ^], (0, 0)=[^], (8, 9)=[v], (0, 2)=[v], (2, 7)=[>], (9, 0)=[◣], (8, 1)=[v], (8, 3)=[>], (5, 1)=[<]}
16 Jan 2025 22:52:53 GMT Zwierzę poruszyło się z (0, 0) na (0, 0)
16 Jan 2025 22:52:53 GMT Długość listy pozycji: 10
Lista pozycji zwierząt: {(6, 5)=[◣], (7, 6)=[◢, ^], (0, 0)=[^], (8, 9)=[v], (0, 2)=[v], (2, 6)=[v], (9, 0)=[◣], (8, 1)=[v], (8, 3)=[>], (5, 1)=[<]}
16 Jan 2025 22:52:53 GMT Zwierzę poruszyło się z (2, 7) na (2, 6)
16 Jan 2025 22:52:53 GMT Długość listy pozycji: 10
Lista pozycji zwierząt: {(6, 5)=[◣], (7, 6)=[◢, ^], (0, 0)=[^], (8, 9)=[v], (0, 2)=[v], (2, 6)=[v], (8, 0)=[<], (8, 1)=[v], (8, 3)=[>], (5, 1)=[<]}
16 Jan 2025 22:52:53 GMT Zwierzę poruszyło się z (9, 0) na (8, 0)
16 Jan 2025 22:52:54 GMT Długość listy pozycji: 10
Lista pozycji zwierząt: {(7, 6)=[◢, ^], (5, 5)=[<], (0, 0)=[^], (8, 9)=[v], (0, 2)=[v], (2, 6)=[v], (8, 0)=[<], (8, 1)=[v], (8, 3)=[>], (5, 1)=[<]}
16 Jan 2025 22:52:54 GMT Zwierzę poruszyło się z (6, 5) na (5, 5)
16 Jan 2025 22:52:54 GMT Zwierzę zjadło roślinkę na (5, 5)
16 Jan 2025 22:52:54 GMT Zwierzę zjadło roślinkę na (2, 6)
16 Jan 2025 22:52:54 GMT Zwierzę zjadło roślinkę na (8, 0)
16 Jan 2025 22:52:54 GMT Zwierzę zjadło roślinkę na (8, 3)
16 Jan 2025 22:52:54 GMT Zwierzę zjadło roślinkę na (5, 1)
16 Jan 2025 22:52:54 GMT Zwierze zostało położone na (7, 6)
16 Jan 2025 22:52:54 GMT Urodziło się nowe zwierzę na (7, 6)
16 Jan 2025 22:52:54 GMT Roślinka wyrosła na (2, 1)
16 Jan 2025 22:52:54 GMT Roślinka wyrosła na (2, 7)
16 Jan 2025 22:52:54 GMT Roślinka wyrosła na (0, 1)
16 Jan 2025 22:52:54 GMT Roślinka wyrosła na (7, 7)
16 Jan 2025 22:52:54 GMT Roślinka wyrosła na (6, 8)
16 Jan 2025 22:52:54 GMT Roślinka wyrosła na (4, 8)
16 Jan 2025 22:52:54 GMT Roślinka wyrosła na (3, 9)
16 Jan 2025 22:52:54 GMT Roślinka wyrosła na (5, 4)
16 Jan 2025 22:52:54 GMT Roślinka wyrosła na (3, 4)
16 Jan 2025 22:52:54 GMT Roślinka wyrosła na (7, 8)
16 Jan 2025 22:52:54 GMT Długość listy pozycji: 10
Lista pozycji zwierząt: {(7, 6)=[<, ◢, ^], (5, 5)=[<], (0, 0)=[^], (8, 9)=[v], (0, 2)=[v], (2, 6)=[v], (8, 0)=[<], (8, 1)=[v], (7, 2)=[◣], (5, 1)=[<]}
16 Jan 2025 22:52:54 GMT Zwierzę poruszyło się z (8, 3) na (7, 2)
16 Jan 2025 22:52:54 GMT Długość listy pozycji: 10
Lista pozycji zwierząt: {(7, 6)=[<, ◢, ^], (5, 5)=[<], (0, 0)=[^], (1, 2)=[>], (8, 9)=[v], (2, 6)=[v], (8, 0)=[<], (8, 1)=[v], (7, 2)=[◣], (5, 1)=[<]}
16 Jan 2025 22:52:54 GMT Zwierzę poruszyło się z (0, 2) na (1, 2)
16 Jan 2025 22:52:54 GMT Długość listy pozycji: 10
Lista pozycji zwierząt: {(7, 6)=[<, ◢, ^], (5, 5)=[<], (0, 0)=[^], (1, 2)=[>], (8, 9)=[v], (2, 6)=[v], (8, 0)=[<], (8, 1)=[v], (7, 2)=[◣], (5, 1)=[<]}
16 Jan 2025 22:52:54 GMT Zwierzę poruszyło się z (8, 9) na (8, 9)
16 Jan 2025 22:52:55 GMT Długość listy pozycji: 11
Lista pozycji zwierząt: {(7, 6)=[<, ◢, v], (5, 5)=[<], (0, 0)=[^], (1, 2)=[>], (8, 9)=[v], (2, 6)=[v], (8, 0)=[<], (8, 1)=[v], (7, 2)=[◣], (5, 1)=[<], (7, 5)=[v]}
16 Jan 2025 22:52:55 GMT Zwierzę poruszyło się z (7, 6) na (7, 5)
16 Jan 2025 22:52:55 GMT Długość listy pozycji: 11
Lista pozycji zwierząt: {(7, 6)=[<, ◢, v], (5, 5)=[<], (0, 0)=[^], (1, 2)=[>], (8, 9)=[v], (2, 6)=[v], (8, 0)=[<], (8, 1)=[v], (7, 2)=[◣], (4, 0)=[◣], (7, 5)=[v]}
16 Jan 2025 22:52:55 GMT Zwierzę poruszyło się z (5, 1) na (4, 0)
16 Jan 2025 22:52:55 GMT Długość listy pozycji: 11
Lista pozycji zwierząt: {(1, 0)=[>], (7, 6)=[<, ◢, v], (5, 5)=[<], (1, 2)=[>], (8, 9)=[v], (2, 6)=[v], (8, 0)=[<], (8, 1)=[v], (7, 2)=[◣], (4, 0)=[◣], (7, 5)=[v]}
16 Jan 2025 22:52:55 GMT Zwierzę poruszyło się z (0, 0) na (1, 0)
16 Jan 2025 22:52:55 GMT Długość listy pozycji: 11
Lista pozycji zwierząt: {(1, 0)=[>], (7, 6)=[<, ◢, v], (5, 5)=[<], (1, 2)=[>], (8, 9)=[v], (1, 6)=[<], (8, 0)=[<], (8, 1)=[v], (7, 2)=[◣], (4, 0)=[◣], (7, 5)=[v]}
16 Jan 2025 22:52:55 GMT Zwierzę poruszyło się z (2, 6) na (1, 6)
16 Jan 2025 22:52:55 GMT Długość listy pozycji: 11
Lista pozycji zwierząt: {(1, 0)=[>], (7, 6)=[<, ◢, v], (5, 5)=[<], (1, 2)=[>], (8, 9)=[v], (1, 6)=[<], (8, 1)=[v], (7, 1)=[◤], (7, 2)=[◣], (4, 0)=[◣], (7, 5)=[v]}
16 Jan 2025 22:52:55 GMT Zwierzę poruszyło się z (8, 0) na (7, 1)
16 Jan 2025 22:52:55 GMT Długość listy pozycji: 11
Lista pozycji zwierząt: {(1, 0)=[>], (7, 6)=[<, ◢, v], (1, 2)=[>], (8, 9)=[v], (4, 6)=[◤], (1, 6)=[<], (8, 1)=[v], (7, 1)=[◤], (7, 2)=[◣], (4, 0)=[◣], (7, 5)=[v]}
16 Jan 2025 22:52:55 GMT Zwierzę poruszyło się z (5, 5) na (4, 6)
16 Jan 2025 22:52:55 GMT Zwierzę zjadło roślinkę na (1, 0)
16 Jan 2025 22:52:55 GMT Zwierzę zjadło roślinkę na (1, 2)
16 Jan 2025 22:52:55 GMT Zwierzę zjadło roślinkę na (4, 6)
16 Jan 2025 22:52:55 GMT Zwierzę zjadło roślinkę na (7, 1)
16 Jan 2025 22:52:55 GMT Zwierzę zjadło roślinkę na (7, 2)
16 Jan 2025 22:52:55 GMT Zwierzę zjadło roślinkę na (4, 0)
16 Jan 2025 22:52:55 GMT Zwierze zostało położone na (7, 6)
16 Jan 2025 22:52:55 GMT Urodziło się nowe zwierzę na (7, 6)
16 Jan 2025 22:52:56 GMT Roślinka wyrosła na (9, 1)
16 Jan 2025 22:52:56 GMT Roślinka wyrosła na (5, 8)
16 Jan 2025 22:52:56 GMT Roślinka wyrosła na (5, 3)
16 Jan 2025 22:52:56 GMT Roślinka wyrosła na (1, 1)
16 Jan 2025 22:52:56 GMT Roślinka wyrosła na (3, 8)
16 Jan 2025 22:52:56 GMT Roślinka wyrosła na (9, 9)
16 Jan 2025 22:52:56 GMT Roślinka wyrosła na (6, 0)
16 Jan 2025 22:52:56 GMT Roślinka wyrosła na (6, 7)
16 Jan 2025 22:52:56 GMT Roślinka wyrosła na (7, 3)
16 Jan 2025 22:52:56 GMT Roślinka wyrosła na (8, 7)
16 Jan 2025 22:52:56 GMT Długość listy pozycji: 11
Lista pozycji zwierząt: {(1, 0)=[>], (7, 6)=[◥, <, ◢, v], (1, 2)=[>], (8, 9)=[v], (4, 6)=[◤], (1, 6)=[<], (8, 1)=[v], (7, 1)=[◤], (7, 3)=[^], (4, 0)=[◣], (7, 5)=[v]}
16 Jan 2025 22:52:56 GMT Zwierzę poruszyło się z (7, 2) na (7, 3)
16 Jan 2025 22:52:56 GMT Długość listy pozycji: 11
Lista pozycji zwierząt: {(1, 0)=[>], (7, 6)=[◥, <, ◢, v], (8, 9)=[v], (1, 3)=[^], (4, 6)=[◤], (1, 6)=[<], (8, 1)=[v], (7, 1)=[◤], (7, 3)=[^], (4, 0)=[◣], (7, 5)=[v]}
16 Jan 2025 22:52:56 GMT Zwierzę poruszyło się z (1, 2) na (1, 3)
16 Jan 2025 22:52:56 GMT Długość listy pozycji: 11
Lista pozycji zwierząt: {(1, 0)=[>], (7, 6)=[◥, <, ◢, v], (8, 9)=[v], (1, 3)=[^], (4, 6)=[◤], (1, 6)=[<], (8, 1)=[v], (7, 1)=[◤], (7, 3)=[^], (4, 0)=[◣], (7, 5)=[v]}
16 Jan 2025 22:52:56 GMT Zwierzę poruszyło się z (8, 9) na (8, 9)
16 Jan 2025 22:52:56 GMT Długość listy pozycji: 10
Lista pozycji zwierząt: {(1, 0)=[>], (7, 6)=[◥, ^, <, ◢, ^], (8, 9)=[v], (1, 3)=[^], (4, 6)=[◤], (1, 6)=[<], (8, 1)=[v], (7, 1)=[◤], (7, 3)=[^], (4, 0)=[◣]}
16 Jan 2025 22:52:56 GMT Zwierzę poruszyło się z (7, 5) na (7, 6)
16 Jan 2025 22:52:56 GMT Długość listy pozycji: 10
Lista pozycji zwierząt: {(1, 0)=[>], (7, 6)=[◥, ^, <, ◢, ^], (8, 9)=[v], (1, 3)=[^], (4, 6)=[◤], (1, 6)=[<], (8, 1)=[v], (7, 1)=[◤], (7, 3)=[^], (4, 0)=[^]}
16 Jan 2025 22:52:56 GMT Zwierzę poruszyło się z (4, 0) na (4, 0)
16 Jan 2025 22:52:56 GMT Długość listy pozycji: 10
Lista pozycji zwierząt: {(1, 0)=[^], (7, 6)=[◥, ^, <, ◢, ^], (8, 9)=[v], (1, 3)=[^], (4, 6)=[◤], (1, 6)=[<], (8, 1)=[v], (7, 1)=[◤], (7, 3)=[^], (4, 0)=[^]}
16 Jan 2025 22:52:56 GMT Zwierzę poruszyło się z (1, 0) na (1, 0)
16 Jan 2025 22:52:56 GMT Długość listy pozycji: 10
Lista pozycji zwierząt: {(1, 0)=[^], (7, 6)=[◥, ^, <, ◢, ^], (8, 9)=[v], (1, 3)=[^], (4, 6)=[◤], (1, 7)=[^], (8, 1)=[v], (7, 1)=[◤], (7, 3)=[^], (4, 0)=[^]}
16 Jan 2025 22:52:56 GMT Zwierzę poruszyło się z (1, 6) na (1, 7)
16 Jan 2025 22:52:57 GMT Długość listy pozycji: 10
Lista pozycji zwierząt: {(1, 0)=[^], (7, 6)=[◥, ^, <, ◢, ^], (8, 9)=[v], (1, 3)=[^], (4, 6)=[◤], (1, 7)=[^], (8, 1)=[v], (7, 2)=[^], (7, 3)=[^], (4, 0)=[^]}
16 Jan 2025 22:52:57 GMT Zwierzę poruszyło się z (7, 1) na (7, 2)
16 Jan 2025 22:52:57 GMT Długość listy pozycji: 10
Lista pozycji zwierząt: {(1, 0)=[^], (7, 6)=[◥, ^, <, ◢, ^], (8, 9)=[v], (1, 3)=[^], (4, 7)=[^], (1, 7)=[^], (8, 1)=[v], (7, 2)=[^], (7, 3)=[^], (4, 0)=[^]}
16 Jan 2025 22:52:57 GMT Zwierzę poruszyło się z (4, 6) na (4, 7)
16 Jan 2025 22:52:57 GMT Zwierzę zjadło roślinkę na (7, 3)
16 Jan 2025 22:52:57 GMT Zwierze zostało położone na (7, 6)
16 Jan 2025 22:52:57 GMT Urodziło się nowe zwierzę na (7, 6)
16 Jan 2025 22:52:57 GMT Roślinka wyrosła na (8, 1)
16 Jan 2025 22:52:57 GMT Roślinka wyrosła na (4, 3)
16 Jan 2025 22:52:57 GMT Roślinka wyrosła na (6, 9)
16 Jan 2025 22:52:57 GMT Roślinka wyrosła na (8, 8)
16 Jan 2025 22:52:57 GMT Roślinka wyrosła na (9, 4)
16 Jan 2025 22:52:57 GMT Roślinka wyrosła na (1, 9)
16 Jan 2025 22:52:57 GMT Roślinka wyrosła na (9, 0)
16 Jan 2025 22:52:57 GMT Roślinka wyrosła na (0, 9)
16 Jan 2025 22:52:57 GMT Roślinka wyrosła na (2, 3)
16 Jan 2025 22:52:57 GMT Roślinka wyrosła na (4, 7)
16 Jan 2025 22:52:57 GMT Długość listy pozycji: 10
Lista pozycji zwierząt: {(1, 0)=[^], (7, 6)=[>, ◥, ^, <, ◢, ^], (8, 9)=[v], (1, 3)=[^], (4, 7)=[^], (1, 7)=[^], (8, 1)=[v], (8, 2)=[◢], (7, 2)=[^], (4, 0)=[^]}
16 Jan 2025 22:52:57 GMT Zwierzę poruszyło się z (7, 3) na (8, 2)
16 Jan 2025 22:52:58 GMT Długość listy pozycji: 10
Lista pozycji zwierząt: {(1, 0)=[^], (7, 6)=[>, ◥, ^, <, ◢, ^], (8, 9)=[v], (0, 3)=[<], (4, 7)=[^], (1, 7)=[^], (8, 1)=[v], (8, 2)=[◢], (7, 2)=[^], (4, 0)=[^]}
16 Jan 2025 22:52:58 GMT Zwierzę poruszyło się z (1, 3) na (0, 3)
16 Jan 2025 22:52:58 GMT Długość listy pozycji: 10
Lista pozycji zwierząt: {(1, 0)=[^], (7, 6)=[>, ◥, ^, <, ◢, ^], (8, 9)=[v], (0, 3)=[<], (4, 7)=[^], (1, 7)=[^], (8, 1)=[v], (8, 2)=[◢], (7, 2)=[^], (4, 0)=[^]}
16 Jan 2025 22:52:58 GMT Zwierzę poruszyło się z (8, 9) na (8, 9)
16 Jan 2025 22:52:58 GMT Długość listy pozycji: 11
Lista pozycji zwierząt: {(1, 0)=[^], (7, 6)=[>, ◥, <, ◢, v], (8, 9)=[v], (0, 3)=[<], (4, 7)=[^], (1, 7)=[^], (8, 1)=[v], (8, 2)=[◢], (7, 2)=[^], (4, 0)=[^], (7, 5)=[v]}
16 Jan 2025 22:52:58 GMT Zwierzę poruszyło się z (7, 6) na (7, 5)
16 Jan 2025 22:52:58 GMT Długość listy pozycji: 11
Lista pozycji zwierząt: {(1, 0)=[^], (7, 6)=[>, ◥, <, ◢, v], (8, 9)=[v], (0, 3)=[<], (4, 7)=[^], (1, 7)=[^], (8, 1)=[v], (8, 2)=[◢], (7, 2)=[^], (3, 1)=[◤], (7, 5)=[v]}
16 Jan 2025 22:52:58 GMT Zwierzę poruszyło się z (4, 0) na (3, 1)
16 Jan 2025 22:52:58 GMT Długość listy pozycji: 11
Lista pozycji zwierząt: {(7, 6)=[>, ◥, <, ◢, v], (8, 9)=[v], (0, 3)=[<], (4, 7)=[^], (1, 7)=[^], (8, 1)=[v], (8, 2)=[◢], (7, 2)=[^], (2, 0)=[>], (3, 1)=[◤], (7, 5)=[v]}
16 Jan 2025 22:52:58 GMT Zwierzę poruszyło się z (1, 0) na (2, 0)
16 Jan 2025 22:52:58 GMT Długość listy pozycji: 11
Lista pozycji zwierząt: {(7, 6)=[>, ◥, <, ◢, v], (8, 9)=[v], (0, 3)=[<], (4, 7)=[^], (2, 7)=[>], (8, 1)=[v], (8, 2)=[◢], (7, 2)=[^], (2, 0)=[>], (3, 1)=[◤], (7, 5)=[v]}
16 Jan 2025 22:52:58 GMT Zwierzę poruszyło się z (1, 7) na (2, 7)
16 Jan 2025 22:52:58 GMT Długość listy pozycji: 11
Lista pozycji zwierząt: {(7, 6)=[>, ◥, <, ◢, v], (8, 9)=[v], (0, 3)=[<], (4, 7)=[^], (2, 7)=[>], (8, 1)=[v], (8, 2)=[◢], (8, 3)=[◥], (2, 0)=[>], (3, 1)=[◤], (7, 5)=[v]}
16 Jan 2025 22:52:58 GMT Zwierzę poruszyło się z (7, 2) na (8, 3)
16 Jan 2025 22:52:58 GMT Długość listy pozycji: 11
Lista pozycji zwierząt: {(7, 6)=[>, ◥, <, ◢, v], (8, 9)=[v], (5, 8)=[◥], (0, 3)=[<], (2, 7)=[>], (8, 1)=[v], (8, 2)=[◢], (8, 3)=[◥], (2, 0)=[>], (3, 1)=[◤], (7, 5)=[v]}
16 Jan 2025 22:52:58 GMT Zwierzę poruszyło się z (4, 7) na (5, 8)
16 Jan 2025 22:52:58 GMT Zwierzę zjadło roślinkę na (5, 8)
16 Jan 2025 22:52:58 GMT Zwierzę zjadło roślinkę na (2, 7)
16 Jan 2025 22:52:58 GMT Zwierzę zjadło roślinkę na (8, 1)
16 Jan 2025 22:52:58 GMT Zwierzę zjadło roślinkę na (3, 1)
16 Jan 2025 22:52:59 GMT Zwierze zostało położone na (7, 6)
16 Jan 2025 22:52:59 GMT Urodziło się nowe zwierzę na (7, 6)
16 Jan 2025 22:52:59 GMT Roślinka wyrosła na (6, 1)
16 Jan 2025 22:52:59 GMT Roślinka wyrosła na (2, 8)
16 Jan 2025 22:52:59 GMT Roślinka wyrosła na (3, 3)
16 Jan 2025 22:52:59 GMT Roślinka wyrosła na (7, 9)
16 Jan 2025 22:52:59 GMT Roślinka wyrosła na (8, 4)
16 Jan 2025 22:52:59 GMT Roślinka wyrosła na (7, 4)
16 Jan 2025 22:52:59 GMT Roślinka wyrosła na (0, 4)
16 Jan 2025 22:52:59 GMT Roślinka wyrosła na (6, 3)
16 Jan 2025 22:52:59 GMT Roślinka wyrosła na (1, 8)
16 Jan 2025 22:52:59 GMT Roślinka wyrosła na (2, 4)
16 Jan 2025 22:52:59 GMT Długość listy pozycji: 11
Lista pozycji zwierząt: {(7, 6)=[v, >, ◥, <, ◢, v], (8, 9)=[v], (5, 8)=[◥], (0, 3)=[<], (2, 7)=[>], (8, 1)=[v], (7, 2)=[<], (8, 3)=[◥], (2, 0)=[>], (3, 1)=[◤], (7, 5)=[v]}
16 Jan 2025 22:52:59 GMT Zwierzę poruszyło się z (8, 2) na (7, 2)
16 Jan 2025 22:52:59 GMT Długość listy pozycji: 11
Lista pozycji zwierząt: {(7, 6)=[v, >, ◥, <, ◢, v], (8, 9)=[v], (0, 2)=[v], (5, 8)=[◥], (2, 7)=[>], (8, 1)=[v], (7, 2)=[<], (8, 3)=[◥], (2, 0)=[>], (3, 1)=[◤], (7, 5)=[v]}
16 Jan 2025 22:52:59 GMT Zwierzę poruszyło się z (0, 3) na (0, 2)
16 Jan 2025 22:52:59 GMT Długość listy pozycji: 11
Lista pozycji zwierząt: {(7, 6)=[v, >, ◥, <, ◢, v], (8, 9)=[v], (0, 2)=[v], (5, 8)=[◥], (2, 7)=[>], (8, 1)=[v], (7, 2)=[<], (8, 3)=[◥], (2, 0)=[>], (3, 1)=[◤], (7, 5)=[v]}
16 Jan 2025 22:52:59 GMT Zwierzę poruszyło się z (8, 9) na (8, 9)
16 Jan 2025 22:52:59 GMT Długość listy pozycji: 10
Lista pozycji zwierząt: {(7, 6)=[v, ^, >, ◥, <, ◢, ^], (8, 9)=[v], (0, 2)=[v], (5, 8)=[◥], (2, 7)=[>], (8, 1)=[v], (7, 2)=[<], (8, 3)=[◥], (2, 0)=[>], (3, 1)=[◤]}
16 Jan 2025 22:52:59 GMT Zwierzę poruszyło się z (7, 5) na (7, 6)
16 Jan 2025 22:52:59 GMT Długość listy pozycji: 10
Lista pozycji zwierząt: {(2, 1)=[<], (7, 6)=[v, ^, >, ◥, <, ◢, ^], (8, 9)=[v], (0, 2)=[v], (5, 8)=[◥], (2, 7)=[>], (8, 1)=[v], (7, 2)=[<], (8, 3)=[◥], (2, 0)=[>]}
16 Jan 2025 22:52:59 GMT Zwierzę poruszyło się z (3, 1) na (2, 1)
16 Jan 2025 22:53:00 GMT Długość listy pozycji: 10
Lista pozycji zwierząt: {(2, 1)=[<], (7, 6)=[v, ^, >, ◥, <, ◢, ^], (8, 9)=[v], (0, 2)=[v], (5, 8)=[◥], (2, 7)=[>], (8, 1)=[v], (7, 2)=[<], (8, 3)=[◥], (2, 0)=[^]}
16 Jan 2025 22:53:00 GMT Zwierzę poruszyło się z (2, 0) na (2, 0)
16 Jan 2025 22:53:00 GMT Długość listy pozycji: 10
Lista pozycji zwierząt: {(2, 1)=[<], (7, 6)=[v, ^, >, ◥, <, ◢, ^], (8, 9)=[v], (0, 2)=[v], (5, 8)=[◥], (2, 6)=[v], (8, 1)=[v], (7, 2)=[<], (8, 3)=[◥], (2, 0)=[^]}
16 Jan 2025 22:53:00 GMT Zwierzę poruszyło się z (2, 7) na (2, 6)
16 Jan 2025 22:53:00 GMT Długość listy pozycji: 10
Lista pozycji zwierząt: {(2, 1)=[<], (7, 6)=[v, ^, >, ◥, <, ◢, ^], (8, 9)=[v], (0, 2)=[v], (5, 8)=[◥], (2, 6)=[v], (8, 1)=[v], (9, 3)=[>], (7, 2)=[<], (2, 0)=[^]}
16 Jan 2025 22:53:00 GMT Zwierzę poruszyło się z (8, 3) na (9, 3)
16 Jan 2025 22:53:00 GMT Długość listy pozycji: 10
Lista pozycji zwierząt: {(2, 1)=[<], (7, 6)=[v, ^, >, ◥, <, ◢, ^], (8, 9)=[v], (6, 8)=[>], (0, 2)=[v], (2, 6)=[v], (8, 1)=[v], (9, 3)=[>], (7, 2)=[<], (2, 0)=[^]}
16 Jan 2025 22:53:00 GMT Zwierzę poruszyło się z (5, 8) na (6, 8)
16 Jan 2025 22:53:00 GMT Zwierzę zjadło roślinkę na (2, 1)
16 Jan 2025 22:53:00 GMT Zwierzę zjadło roślinkę na (6, 8)
16 Jan 2025 22:53:00 GMT Zwierzę zjadło roślinkę na (9, 3)
16 Jan 2025 22:53:00 GMT Zwierze zostało położone na (7, 6)
16 Jan 2025 22:53:00 GMT Urodziło się nowe zwierzę na (7, 6)
16 Jan 2025 22:53:00 GMT Roślinka wyrosła na (1, 7)
16 Jan 2025 22:53:00 GMT Roślinka wyrosła na (1, 3)
16 Jan 2025 22:53:00 GMT Roślinka wyrosła na (0, 0)
16 Jan 2025 22:53:00 GMT Roślinka wyrosła na (8, 2)
16 Jan 2025 22:53:00 GMT Roślinka wyrosła na (0, 2)
16 Jan 2025 22:53:00 GMT Roślinka wyrosła na (9, 2)
16 Jan 2025 22:53:00 GMT Roślinka wyrosła na (8, 9)
16 Jan 2025 22:53:00 GMT Roślinka wyrosła na (0, 3)
16 Jan 2025 22:53:00 GMT Roślinka wyrosła na (9, 8)
16 Jan 2025 22:53:00 GMT Roślinka wyrosła na (2, 0)
16 Jan 2025 22:53:01 GMT Długość listy pozycji: 10
Lista pozycji zwierząt: {(2, 1)=[<], (7, 6)=[v, v, ^, >, ◥, <, ◢, ^], (8, 9)=[v], (6, 8)=[>], (0, 2)=[v], (2, 6)=[v], (8, 1)=[v], (9, 3)=[>], (8, 3)=[◥], (2, 0)=[^]}
16 Jan 2025 22:53:01 GMT Zwierzę poruszyło się z (7, 2) na (8, 3)
16 Jan 2025 22:53:01 GMT Długość listy pozycji: 10
Lista pozycji zwierząt: {(2, 1)=[<], (7, 6)=[v, v, ^, >, ◥, <, ◢, ^], (1, 2)=[>], (8, 9)=[v], (6, 8)=[>], (2, 6)=[v], (8, 1)=[v], (9, 3)=[>], (8, 3)=[◥], (2, 0)=[^]}
16 Jan 2025 22:53:01 GMT Zwierzę poruszyło się z (0, 2) na (1, 2)
16 Jan 2025 22:53:01 GMT Długość listy pozycji: 10
Lista pozycji zwierząt: {(2, 1)=[<], (7, 6)=[v, v, ^, >, ◥, <, ◢, ^], (1, 2)=[>], (8, 9)=[v], (6, 8)=[>], (2, 6)=[v], (8, 1)=[v], (9, 3)=[>], (8, 3)=[◥], (2, 0)=[^]}
16 Jan 2025 22:53:01 GMT Zwierzę poruszyło się z (8, 9) na (8, 9)
16 Jan 2025 22:53:01 GMT Długość listy pozycji: 11
Lista pozycji zwierząt: {(2, 1)=[<], (7, 6)=[v, v, >, ◥, <, ◢, v], (1, 2)=[>], (8, 9)=[v], (6, 8)=[>], (2, 6)=[v], (8, 1)=[v], (9, 3)=[>], (8, 3)=[◥], (7, 5)=[v], (2, 0)=[^]}
16 Jan 2025 22:53:01 GMT Zwierzę poruszyło się z (7, 6) na (7, 5)
16 Jan 2025 22:53:01 GMT Długość listy pozycji: 11
Lista pozycji zwierząt: {(1, 0)=[◣], (7, 6)=[v, v, >, ◥, <, ◢, v], (1, 2)=[>], (8, 9)=[v], (6, 8)=[>], (2, 6)=[v], (8, 1)=[v], (9, 3)=[>], (8, 3)=[◥], (7, 5)=[v], (2, 0)=[^]}
16 Jan 2025 22:53:01 GMT Zwierzę poruszyło się z (2, 1) na (1, 0)
16 Jan 2025 22:53:01 GMT Długość listy pozycji: 11
Lista pozycji zwierząt: {(1, 0)=[◣], (7, 6)=[v, v, >, ◥, <, ◢, v], (1, 2)=[>], (8, 9)=[v], (6, 8)=[>], (2, 6)=[v], (8, 1)=[v], (9, 3)=[>], (8, 3)=[◥], (3, 0)=[>], (7, 5)=[v]}
16 Jan 2025 22:53:01 GMT Zwierzę poruszyło się z (2, 0) na (3, 0)
16 Jan 2025 22:53:01 GMT Długość listy pozycji: 11
Lista pozycji zwierząt: {(1, 0)=[◣], (7, 6)=[v, v, >, ◥, <, ◢, v], (1, 2)=[>], (8, 9)=[v], (6, 8)=[>], (1, 6)=[<], (8, 1)=[v], (9, 3)=[>], (8, 3)=[◥], (3, 0)=[>], (7, 5)=[v]}
16 Jan 2025 22:53:01 GMT Zwierzę poruszyło się z (2, 6) na (1, 6)
16 Jan 2025 22:53:01 GMT Długość listy pozycji: 11
Lista pozycji zwierząt: {(1, 0)=[◣], (7, 6)=[v, v, >, ◥, <, ◢, v], (1, 2)=[>], (8, 9)=[v], (0, 2)=[◢], (6, 8)=[>], (1, 6)=[<], (8, 1)=[v], (8, 3)=[◥], (3, 0)=[>], (7, 5)=[v]}
16 Jan 2025 22:53:01 GMT Zwierzę poruszyło się z (9, 3) na (0, 2)
16 Jan 2025 22:53:01 GMT Długość listy pozycji: 11
Lista pozycji zwierząt: {(1, 0)=[◣], (7, 6)=[v, v, >, ◥, <, ◢, v], (7, 7)=[◢], (1, 2)=[>], (8, 9)=[v], (0, 2)=[◢], (1, 6)=[<], (8, 1)=[v], (8, 3)=[◥], (3, 0)=[>], (7, 5)=[v]}
16 Jan 2025 22:53:01 GMT Zwierzę poruszyło się z (6, 8) na (7, 7)
