18 Jan 2025 22:10:27 GMT Zwierze zostało położone na (3, 0)
18 Jan 2025 22:10:27 GMT Zwierze zostało położone na (2, 6)
18 Jan 2025 22:10:27 GMT Zwierze zostało położone na (7, 6)
18 Jan 2025 22:10:27 GMT Zwierze zostało położone na (3, 4)
18 Jan 2025 22:10:27 GMT Zwierze zostało położone na (3, 2)
18 Jan 2025 22:10:27 GMT Zwierze zostało położone na (5, 6)
18 Jan 2025 22:10:27 GMT Zwierze zostało położone na (7, 4)
18 Jan 2025 22:10:27 GMT Zwierze zostało położone na (0, 0)
18 Jan 2025 22:10:27 GMT Zwierze zostało położone na (4, 3)
18 Jan 2025 22:10:27 GMT Zwierze zostało położone na (1, 8)
18 Jan 2025 22:10:27 GMT Długość listy pozycji: 10
Lista pozycji zwierząt: {(4, 3)=[v], (3, 2)=[>], (7, 6)=[◣], (0, 0)=[<], (5, 6)=[◥], (3, 4)=[◢], (2, 6)=[<], (1, 8)=[◢], (7, 4)=[◣], (2, 0)=[<]}
18 Jan 2025 22:10:27 GMT Zwierzę poruszyło się z (3, 0) na (2, 0)
18 Jan 2025 22:10:27 GMT Długość listy pozycji: 10
Lista pozycji zwierząt: {(4, 3)=[v], (3, 2)=[>], (7, 6)=[◣], (0, 0)=[<], (5, 6)=[◥], (3, 4)=[◢], (2, 5)=[v], (1, 8)=[◢], (7, 4)=[◣], (2, 0)=[<]}
18 Jan 2025 22:10:27 GMT Zwierzę poruszyło się z (2, 6) na (2, 5)
18 Jan 2025 22:10:28 GMT Długość listy pozycji: 10
Lista pozycji zwierząt: {(4, 3)=[v], (3, 2)=[>], (0, 0)=[<], (5, 6)=[◥], (3, 4)=[◢], (2, 5)=[v], (1, 8)=[◢], (7, 4)=[◣], (8, 6)=[>], (2, 0)=[<]}
18 Jan 2025 22:10:28 GMT Zwierzę poruszyło się z (7, 6) na (8, 6)
18 Jan 2025 22:10:28 GMT Długość listy pozycji: 10
Lista pozycji zwierząt: {(4, 3)=[v], (3, 2)=[>], (0, 0)=[<], (5, 6)=[◥], (2, 4)=[<], (2, 5)=[v], (1, 8)=[◢], (7, 4)=[◣], (8, 6)=[>], (2, 0)=[<]}
18 Jan 2025 22:10:28 GMT Zwierzę poruszyło się z (3, 4) na (2, 4)
18 Jan 2025 22:10:28 GMT Długość listy pozycji: 10
Lista pozycji zwierząt: {(4, 3)=[v], (0, 0)=[<], (5, 6)=[◥], (2, 4)=[<], (2, 5)=[v], (1, 8)=[◢], (7, 4)=[◣], (3, 1)=[v], (8, 6)=[>], (2, 0)=[<]}
18 Jan 2025 22:10:28 GMT Zwierzę poruszyło się z (3, 2) na (3, 1)
18 Jan 2025 22:10:28 GMT Długość listy pozycji: 10
Lista pozycji zwierząt: {(4, 3)=[v], (6, 6)=[>], (0, 0)=[<], (2, 4)=[<], (2, 5)=[v], (1, 8)=[◢], (7, 4)=[◣], (3, 1)=[v], (8, 6)=[>], (2, 0)=[<]}
18 Jan 2025 22:10:28 GMT Zwierzę poruszyło się z (5, 6) na (6, 6)
18 Jan 2025 22:10:28 GMT Długość listy pozycji: 10
Lista pozycji zwierząt: {(4, 3)=[v], (6, 6)=[>], (0, 0)=[<], (2, 4)=[<], (2, 5)=[v], (1, 8)=[◢], (8, 4)=[>], (3, 1)=[v], (8, 6)=[>], (2, 0)=[<]}
18 Jan 2025 22:10:28 GMT Zwierzę poruszyło się z (7, 4) na (8, 4)
18 Jan 2025 22:10:28 GMT Długość listy pozycji: 10
Lista pozycji zwierząt: {(4, 3)=[v], (6, 6)=[>], (0, 0)=[^], (2, 4)=[<], (2, 5)=[v], (1, 8)=[◢], (8, 4)=[>], (3, 1)=[v], (8, 6)=[>], (2, 0)=[<]}
18 Jan 2025 22:10:28 GMT Zwierzę poruszyło się z (0, 0) na (0, 0)
18 Jan 2025 22:10:28 GMT Długość listy pozycji: 10
Lista pozycji zwierząt: {(4, 4)=[^], (6, 6)=[>], (0, 0)=[^], (2, 4)=[<], (2, 5)=[v], (1, 8)=[◢], (8, 4)=[>], (3, 1)=[v], (8, 6)=[>], (2, 0)=[<]}
18 Jan 2025 22:10:28 GMT Zwierzę poruszyło się z (4, 3) na (4, 4)
18 Jan 2025 22:10:28 GMT Długość listy pozycji: 10
Lista pozycji zwierząt: {(4, 4)=[^], (6, 6)=[>], (0, 0)=[^], (2, 4)=[<], (2, 5)=[v], (0, 8)=[<], (8, 4)=[>], (3, 1)=[v], (8, 6)=[>], (2, 0)=[<]}
18 Jan 2025 22:10:28 GMT Zwierzę poruszyło się z (1, 8) na (0, 8)
18 Jan 2025 22:10:29 GMT Roślinka wyrosła na (3, 8)
18 Jan 2025 22:10:29 GMT Roślinka wyrosła na (7, 5)
18 Jan 2025 22:10:29 GMT Roślinka wyrosła na (2, 6)
18 Jan 2025 22:10:29 GMT Roślinka wyrosła na (5, 5)
18 Jan 2025 22:10:29 GMT Roślinka wyrosła na (9, 5)
18 Jan 2025 22:10:29 GMT Roślinka wyrosła na (5, 6)
18 Jan 2025 22:10:29 GMT Roślinka wyrosła na (6, 6)
18 Jan 2025 22:10:29 GMT Roślinka wyrosła na (3, 6)
18 Jan 2025 22:10:29 GMT Roślinka wyrosła na (0, 6)
18 Jan 2025 22:10:29 GMT Roślinka wyrosła na (8, 6)
18 Jan 2025 22:10:29 GMT Długość listy pozycji: 9
Lista pozycji zwierząt: {(4, 4)=[^], (6, 6)=[>], (0, 0)=[^], (2, 4)=[<], (2, 5)=[v], (0, 8)=[<], (8, 4)=[>], (3, 1)=[v, ◥], (8, 6)=[>]}
18 Jan 2025 22:10:29 GMT Zwierzę poruszyło się z (2, 0) na (3, 1)
18 Jan 2025 22:10:29 GMT Długość listy pozycji: 9
Lista pozycji zwierząt: {(4, 4)=[^], (6, 6)=[>], (0, 0)=[^], (3, 5)=[>], (2, 4)=[<], (0, 8)=[<], (8, 4)=[>], (3, 1)=[v, ◥], (8, 6)=[>]}
18 Jan 2025 22:10:29 GMT Zwierzę poruszyło się z (2, 5) na (3, 5)
18 Jan 2025 22:10:29 GMT Długość listy pozycji: 9
Lista pozycji zwierząt: {(7, 7)=[◤], (4, 4)=[^], (6, 6)=[>], (0, 0)=[^], (3, 5)=[>], (2, 4)=[<], (0, 8)=[<], (8, 4)=[>], (3, 1)=[v, ◥]}
18 Jan 2025 22:10:29 GMT Zwierzę poruszyło się z (8, 6) na (7, 7)
18 Jan 2025 22:10:29 GMT Długość listy pozycji: 8
Lista pozycji zwierząt: {(7, 7)=[◤], (4, 4)=[^], (6, 6)=[>], (0, 0)=[^], (3, 5)=[>, ◥], (0, 8)=[<], (8, 4)=[>], (3, 1)=[v, ◥]}
18 Jan 2025 22:10:29 GMT Zwierzę poruszyło się z (2, 4) na (3, 5)
18 Jan 2025 22:10:29 GMT Długość listy pozycji: 9
Lista pozycji zwierząt: {(2, 1)=[<], (7, 7)=[◤], (4, 4)=[^], (6, 6)=[>], (0, 0)=[^], (3, 5)=[>, ◥], (0, 8)=[<], (8, 4)=[>], (3, 1)=[◥]}
18 Jan 2025 22:10:29 GMT Zwierzę poruszyło się z (3, 1) na (2, 1)
18 Jan 2025 22:10:29 GMT Długość listy pozycji: 9
Lista pozycji zwierząt: {(2, 1)=[<], (7, 7)=[◤], (4, 4)=[^], (0, 0)=[^], (3, 5)=[>, ◥], (0, 8)=[<], (8, 4)=[>], (7, 5)=[◢], (3, 1)=[◥]}
18 Jan 2025 22:10:29 GMT Zwierzę poruszyło się z (6, 6) na (7, 5)
18 Jan 2025 22:10:30 GMT Długość listy pozycji: 8
Lista pozycji zwierząt: {(2, 1)=[<], (7, 7)=[◤], (4, 4)=[^], (0, 0)=[^], (3, 5)=[>, ◥], (0, 8)=[<], (7, 5)=[◢, ◤], (3, 1)=[◥]}
18 Jan 2025 22:10:30 GMT Zwierzę poruszyło się z (8, 4) na (7, 5)
18 Jan 2025 22:10:30 GMT Długość listy pozycji: 8
Lista pozycji zwierząt: {(2, 1)=[<], (7, 7)=[◤], (4, 4)=[^], (3, 5)=[>, ◥], (9, 0)=[<], (0, 8)=[<], (7, 5)=[◢, ◤], (3, 1)=[◥]}
18 Jan 2025 22:10:30 GMT Zwierzę poruszyło się z (0, 0) na (9, 0)
18 Jan 2025 22:10:30 GMT Długość listy pozycji: 8
Lista pozycji zwierząt: {(4, 3)=[v], (2, 1)=[<], (7, 7)=[◤], (3, 5)=[>, ◥], (9, 0)=[<], (0, 8)=[<], (7, 5)=[◢, ◤], (3, 1)=[◥]}
18 Jan 2025 22:10:30 GMT Zwierzę poruszyło się z (4, 4) na (4, 3)
18 Jan 2025 22:10:30 GMT Długość listy pozycji: 8
Lista pozycji zwierząt: {(4, 3)=[v], (2, 1)=[<], (7, 7)=[◤], (3, 5)=[>, ◥], (9, 0)=[<], (1, 9)=[◥], (7, 5)=[◢, ◤], (3, 1)=[◥]}
18 Jan 2025 22:10:30 GMT Zwierzę poruszyło się z (0, 8) na (1, 9)
18 Jan 2025 22:10:30 GMT Zwierzę zjadło roślinkę na (3, 5)
18 Jan 2025 22:10:30 GMT Zwierzę zjadło roślinkę na (7, 5)
18 Jan 2025 22:10:30 GMT Zwierze zostało położone na (3, 5)
18 Jan 2025 22:10:30 GMT Urodziło się nowe zwierzę na (3, 5)
18 Jan 2025 22:10:30 GMT Zwierze zostało położone na (7, 5)
18 Jan 2025 22:10:30 GMT Urodziło się nowe zwierzę na (7, 5)
18 Jan 2025 22:10:30 GMT Roślinka wyrosła na (2, 5)
18 Jan 2025 22:10:30 GMT Roślinka wyrosła na (1, 8)
18 Jan 2025 22:10:30 GMT Roślinka wyrosła na (8, 5)
18 Jan 2025 22:10:30 GMT Roślinka wyrosła na (4, 6)
18 Jan 2025 22:10:30 GMT Roślinka wyrosła na (4, 7)
18 Jan 2025 22:10:30 GMT Roślinka wyrosła na (0, 9)
18 Jan 2025 22:10:30 GMT Roślinka wyrosła na (6, 3)
18 Jan 2025 22:10:30 GMT Roślinka wyrosła na (9, 8)
18 Jan 2025 22:10:30 GMT Roślinka wyrosła na (2, 7)
18 Jan 2025 22:10:30 GMT Roślinka wyrosła na (5, 7)
18 Jan 2025 22:10:30 GMT Zwierzę umarło na (3, 5)
18 Jan 2025 22:10:30 GMT Zwierzę umarło na (7, 5)
18 Jan 2025 22:10:31 GMT Długość listy pozycji: 8
Lista pozycji zwierząt: {(4, 3)=[v], (2, 1)=[<], (7, 7)=[◤], (3, 5)=[<, ◥], (9, 0)=[<], (1, 9)=[◥], (3, 0)=[v], (7, 5)=[^, ◤]}
18 Jan 2025 22:10:31 GMT Zwierzę poruszyło się z (3, 1) na (3, 0)
18 Jan 2025 22:10:31 GMT Długość listy pozycji: 8
Lista pozycji zwierząt: {(7, 6)=[v], (4, 3)=[v], (2, 1)=[<], (3, 5)=[<, ◥], (9, 0)=[<], (1, 9)=[◥], (3, 0)=[v], (7, 5)=[^, ◤]}
18 Jan 2025 22:10:31 GMT Zwierzę poruszyło się z (7, 7) na (7, 6)
18 Jan 2025 22:10:31 GMT Długość listy pozycji: 9
Lista pozycji zwierząt: {(7, 6)=[v], (4, 3)=[v], (2, 1)=[<], (3, 4)=[v], (3, 5)=[<], (9, 0)=[<], (1, 9)=[◥], (3, 0)=[v], (7, 5)=[^, ◤]}
18 Jan 2025 22:10:31 GMT Zwierzę poruszyło się z (3, 5) na (3, 4)
18 Jan 2025 22:10:31 GMT Długość listy pozycji: 9
Lista pozycji zwierząt: {(7, 6)=[v], (4, 3)=[v], (2, 2)=[^], (3, 4)=[v], (3, 5)=[<], (9, 0)=[<], (1, 9)=[◥], (3, 0)=[v], (7, 5)=[^, ◤]}
18 Jan 2025 22:10:31 GMT Zwierzę poruszyło się z (2, 1) na (2, 2)
18 Jan 2025 22:10:31 GMT Długość listy pozycji: 10
Lista pozycji zwierząt: {(7, 6)=[v], (4, 3)=[v], (2, 2)=[^], (3, 4)=[v], (3, 5)=[<], (9, 0)=[<], (1, 9)=[◥], (7, 4)=[v], (3, 0)=[v], (7, 5)=[^]}
18 Jan 2025 22:10:31 GMT Zwierzę poruszyło się z (7, 5) na (7, 4)
18 Jan 2025 22:10:31 GMT Długość listy pozycji: 10
Lista pozycji zwierząt: {(7, 6)=[v], (4, 3)=[v], (2, 2)=[^], (3, 4)=[v], (3, 5)=[<], (9, 0)=[^], (1, 9)=[◥], (7, 4)=[v], (3, 0)=[v], (7, 5)=[^]}
18 Jan 2025 22:10:31 GMT Zwierzę poruszyło się z (9, 0) na (9, 0)
18 Jan 2025 22:10:31 GMT Długość listy pozycji: 10
Lista pozycji zwierząt: {(7, 6)=[v], (4, 4)=[^], (2, 2)=[^], (3, 4)=[v], (3, 5)=[<], (9, 0)=[^], (1, 9)=[◥], (7, 4)=[v], (3, 0)=[v], (7, 5)=[^]}
18 Jan 2025 22:10:31 GMT Zwierzę poruszyło się z (4, 3) na (4, 4)
18 Jan 2025 22:10:31 GMT Długość listy pozycji: 10
Lista pozycji zwierząt: {(7, 6)=[v], (4, 4)=[^], (2, 2)=[^], (3, 4)=[v], (3, 5)=[<], (1, 8)=[v], (9, 0)=[^], (7, 4)=[v], (3, 0)=[v], (7, 5)=[^]}
18 Jan 2025 22:10:31 GMT Zwierzę poruszyło się z (1, 9) na (1, 8)
18 Jan 2025 22:10:31 GMT Zwierzę zjadło roślinkę na (7, 6)
18 Jan 2025 22:10:31 GMT Zwierzę zjadło roślinkę na (1, 8)
18 Jan 2025 22:10:32 GMT Roślinka wyrosła na (7, 0)
18 Jan 2025 22:10:32 GMT Roślinka wyrosła na (5, 2)
18 Jan 2025 22:10:32 GMT Roślinka wyrosła na (3, 7)
18 Jan 2025 22:10:32 GMT Roślinka wyrosła na (9, 3)
18 Jan 2025 22:10:32 GMT Roślinka wyrosła na (9, 4)
18 Jan 2025 22:10:32 GMT Roślinka wyrosła na (3, 1)
18 Jan 2025 22:10:32 GMT Roślinka wyrosła na (6, 1)
18 Jan 2025 22:10:32 GMT Roślinka wyrosła na (7, 8)
18 Jan 2025 22:10:32 GMT Roślinka wyrosła na (2, 4)
18 Jan 2025 22:10:32 GMT Roślinka wyrosła na (5, 9)
18 Jan 2025 22:10:32 GMT Długość listy pozycji: 10
Lista pozycji zwierząt: {(2, 1)=[◤], (7, 6)=[v], (4, 4)=[^], (2, 2)=[^], (3, 4)=[v], (3, 5)=[<], (1, 8)=[v], (9, 0)=[^], (7, 4)=[v], (7, 5)=[^]}
18 Jan 2025 22:10:32 GMT Zwierzę poruszyło się z (3, 0) na (2, 1)
18 Jan 2025 22:10:32 GMT Długość listy pozycji: 10
Lista pozycji zwierząt: {(8, 7)=[◥], (2, 1)=[◤], (4, 4)=[^], (2, 2)=[^], (3, 4)=[v], (3, 5)=[<], (1, 8)=[v], (9, 0)=[^], (7, 4)=[v], (7, 5)=[^]}
18 Jan 2025 22:10:32 GMT Zwierzę poruszyło się z (7, 6) na (8, 7)
18 Jan 2025 22:10:32 GMT Długość listy pozycji: 10
Lista pozycji zwierząt: {(8, 7)=[◥], (2, 1)=[◤], (4, 4)=[^], (2, 2)=[^], (3, 5)=[<], (2, 5)=[◤], (1, 8)=[v], (9, 0)=[^], (7, 4)=[v], (7, 5)=[^]}
18 Jan 2025 22:10:32 GMT Zwierzę poruszyło się z (3, 4) na (2, 5)
18 Jan 2025 22:10:32 GMT Długość listy pozycji: 10
Lista pozycji zwierząt: {(3, 2)=[>], (8, 7)=[◥], (2, 1)=[◤], (4, 4)=[^], (3, 5)=[<], (2, 5)=[◤], (1, 8)=[v], (9, 0)=[^], (7, 4)=[v], (7, 5)=[^]}
18 Jan 2025 22:10:32 GMT Zwierzę poruszyło się z (2, 2) na (3, 2)
18 Jan 2025 22:10:32 GMT Długość listy pozycji: 10
Lista pozycji zwierząt: {(3, 2)=[>], (8, 7)=[◥], (2, 1)=[◤], (4, 4)=[^], (3, 5)=[<], (2, 5)=[◤], (1, 8)=[v], (9, 0)=[^], (8, 5)=[◥], (7, 5)=[^]}
18 Jan 2025 22:10:32 GMT Zwierzę poruszyło się z (7, 4) na (8, 5)
18 Jan 2025 22:10:32 GMT Długość listy pozycji: 10
Lista pozycji zwierząt: {(3, 2)=[>], (8, 7)=[◥], (2, 1)=[◤], (4, 4)=[^], (3, 5)=[<], (2, 5)=[◤], (1, 8)=[v], (8, 0)=[<], (8, 5)=[◥], (7, 5)=[^]}
18 Jan 2025 22:10:32 GMT Zwierzę poruszyło się z (9, 0) na (8, 0)
18 Jan 2025 22:10:33 GMT Długość listy pozycji: 10
Lista pozycji zwierząt: {(4, 3)=[v], (3, 2)=[>], (8, 7)=[◥], (2, 1)=[◤], (3, 5)=[<], (2, 5)=[◤], (1, 8)=[v], (8, 0)=[<], (8, 5)=[◥], (7, 5)=[^]}
18 Jan 2025 22:10:33 GMT Zwierzę poruszyło się z (4, 4) na (4, 3)
18 Jan 2025 22:10:33 GMT Długość listy pozycji: 10
Lista pozycji zwierząt: {(4, 3)=[v], (3, 2)=[>], (8, 7)=[◥], (2, 1)=[◤], (3, 5)=[<], (2, 5)=[◤], (8, 0)=[<], (0, 9)=[◤], (8, 5)=[◥], (7, 5)=[^]}
18 Jan 2025 22:10:33 GMT Zwierzę poruszyło się z (1, 8) na (0, 9)
18 Jan 2025 22:10:33 GMT Zwierzę zjadło roślinkę na (2, 5)
18 Jan 2025 22:10:33 GMT Zwierzę zjadło roślinkę na (0, 9)
18 Jan 2025 22:10:33 GMT Zwierzę zjadło roślinkę na (8, 5)
18 Jan 2025 22:10:33 GMT Roślinka wyrosła na (1, 9)
18 Jan 2025 22:10:33 GMT Roślinka wyrosła na (6, 4)
18 Jan 2025 22:10:33 GMT Roślinka wyrosła na (1, 1)
18 Jan 2025 22:10:33 GMT Roślinka wyrosła na (6, 2)
18 Jan 2025 22:10:33 GMT Roślinka wyrosła na (7, 2)
18 Jan 2025 22:10:33 GMT Roślinka wyrosła na (4, 1)
18 Jan 2025 22:10:33 GMT Roślinka wyrosła na (9, 9)
18 Jan 2025 22:10:33 GMT Roślinka wyrosła na (8, 7)
18 Jan 2025 22:10:33 GMT Roślinka wyrosła na (1, 7)
18 Jan 2025 22:10:33 GMT Roślinka wyrosła na (6, 7)
18 Jan 2025 22:10:33 GMT Długość listy pozycji: 10
Lista pozycji zwierząt: {(4, 3)=[v], (3, 2)=[>], (8, 7)=[◥], (3, 5)=[<], (2, 5)=[◤], (8, 0)=[<], (0, 9)=[◤], (8, 5)=[◥], (3, 1)=[>], (7, 5)=[^]}
18 Jan 2025 22:10:33 GMT Zwierzę poruszyło się z (2, 1) na (3, 1)
18 Jan 2025 22:10:33 GMT Długość listy pozycji: 10
Lista pozycji zwierząt: {(4, 3)=[v], (3, 2)=[>], (7, 7)=[<], (3, 5)=[<], (2, 5)=[◤], (8, 0)=[<], (0, 9)=[◤], (8, 5)=[◥], (3, 1)=[>], (7, 5)=[^]}
18 Jan 2025 22:10:33 GMT Zwierzę poruszyło się z (8, 7) na (7, 7)
18 Jan 2025 22:10:33 GMT Długość listy pozycji: 9
Lista pozycji zwierząt: {(4, 3)=[v], (3, 2)=[>], (7, 7)=[<], (3, 5)=[<, >], (8, 0)=[<], (0, 9)=[◤], (8, 5)=[◥], (3, 1)=[>], (7, 5)=[^]}
18 Jan 2025 22:10:33 GMT Zwierzę poruszyło się z (2, 5) na (3, 5)
18 Jan 2025 22:10:34 GMT Długość listy pozycji: 8
Lista pozycji zwierząt: {(4, 3)=[v], (7, 7)=[<], (3, 5)=[<, >], (8, 0)=[<], (0, 9)=[◤], (8, 5)=[◥], (3, 1)=[>, v], (7, 5)=[^]}
18 Jan 2025 22:10:34 GMT Zwierzę poruszyło się z (3, 2) na (3, 1)
18 Jan 2025 22:10:34 GMT Długość listy pozycji: 7
Lista pozycji zwierząt: {(4, 3)=[v], (7, 7)=[<], (3, 5)=[<, >], (8, 0)=[<], (0, 9)=[◤], (3, 1)=[>, v], (7, 5)=[^, <]}
18 Jan 2025 22:10:34 GMT Zwierzę poruszyło się z (8, 5) na (7, 5)
18 Jan 2025 22:10:34 GMT Długość listy pozycji: 7
Lista pozycji zwierząt: {(4, 3)=[v], (7, 7)=[<], (3, 5)=[<, >], (8, 0)=[^], (0, 9)=[◤], (3, 1)=[>, v], (7, 5)=[^, <]}
18 Jan 2025 22:10:34 GMT Zwierzę poruszyło się z (8, 0) na (8, 0)
18 Jan 2025 22:10:34 GMT Długość listy pozycji: 7
Lista pozycji zwierząt: {(4, 4)=[^], (7, 7)=[<], (3, 5)=[<, >], (8, 0)=[^], (0, 9)=[◤], (3, 1)=[>, v], (7, 5)=[^, <]}
18 Jan 2025 22:10:34 GMT Zwierzę poruszyło się z (4, 3) na (4, 4)
18 Jan 2025 22:10:34 GMT Długość listy pozycji: 7
Lista pozycji zwierząt: {(4, 4)=[^], (7, 7)=[<], (3, 5)=[<, >], (1, 9)=[>], (8, 0)=[^], (3, 1)=[>, v], (7, 5)=[^, <]}
18 Jan 2025 22:10:34 GMT Zwierzę poruszyło się z (0, 9) na (1, 9)
18 Jan 2025 22:10:34 GMT Zwierzę zjadło roślinkę na (1, 9)
18 Jan 2025 22:10:34 GMT Zwierzę zjadło roślinkę na (3, 1)
18 Jan 2025 22:10:34 GMT Zwierze zostało położone na (3, 5)
18 Jan 2025 22:10:34 GMT Urodziło się nowe zwierzę na (3, 5)
18 Jan 2025 22:10:34 GMT Zwierze zostało położone na (3, 1)
18 Jan 2025 22:10:34 GMT Urodziło się nowe zwierzę na (3, 1)
18 Jan 2025 22:10:34 GMT Zwierze zostało położone na (7, 5)
18 Jan 2025 22:10:34 GMT Urodziło się nowe zwierzę na (7, 5)
18 Jan 2025 22:10:34 GMT Roślinka wyrosła na (0, 0)
18 Jan 2025 22:10:34 GMT Roślinka wyrosła na (9, 7)
18 Jan 2025 22:10:34 GMT Roślinka wyrosła na (6, 9)
18 Jan 2025 22:10:35 GMT Roślinka wyrosła na (4, 2)
18 Jan 2025 22:10:35 GMT Roślinka wyrosła na (0, 7)
18 Jan 2025 22:10:35 GMT Roślinka wyrosła na (2, 0)
18 Jan 2025 22:10:35 GMT Roślinka wyrosła na (9, 0)
18 Jan 2025 22:10:35 GMT Roślinka wyrosła na (7, 7)
18 Jan 2025 22:10:35 GMT Roślinka wyrosła na (3, 3)
18 Jan 2025 22:10:35 GMT Roślinka wyrosła na (4, 9)
18 Jan 2025 22:10:35 GMT Zwierzę umarło na (3, 1)
18 Jan 2025 22:10:35 GMT Długość listy pozycji: 7
Lista pozycji zwierząt: {(4, 4)=[^], (3, 5)=[◥, <, >], (1, 9)=[>], (8, 0)=[^], (8, 6)=[◢], (3, 1)=[<, v], (7, 5)=[v, ^, <]}
18 Jan 2025 22:10:35 GMT Zwierzę poruszyło się z (7, 7) na (8, 6)
18 Jan 2025 22:10:35 GMT Długość listy pozycji: 8
Lista pozycji zwierząt: {(4, 4)=[^], (2, 4)=[◣], (3, 5)=[◥, <, ◣], (1, 9)=[>], (8, 0)=[^], (8, 6)=[◢], (3, 1)=[<, v], (7, 5)=[v, ^, <]}
18 Jan 2025 22:10:35 GMT Zwierzę poruszyło się z (3, 5) na (2, 4)
18 Jan 2025 22:10:35 GMT Długość listy pozycji: 9
Lista pozycji zwierząt: {(2, 1)=[<], (4, 4)=[^], (2, 4)=[◣], (3, 5)=[◥, <, ◣], (1, 9)=[>], (8, 0)=[^], (8, 6)=[◢], (3, 1)=[<], (7, 5)=[v, ^, <]}
18 Jan 2025 22:10:35 GMT Zwierzę poruszyło się z (3, 1) na (2, 1)
18 Jan 2025 22:10:35 GMT Długość listy pozycji: 10
Lista pozycji zwierząt: {(2, 1)=[<], (4, 4)=[^], (2, 4)=[◣], (3, 5)=[◥, <, ◣], (1, 9)=[>], (8, 0)=[^], (8, 4)=[◢], (8, 6)=[◢], (3, 1)=[<], (7, 5)=[v, ^, ◢]}
18 Jan 2025 22:10:35 GMT Zwierzę poruszyło się z (7, 5) na (8, 4)
18 Jan 2025 22:10:35 GMT Długość listy pozycji: 10
Lista pozycji zwierząt: {(2, 1)=[<], (4, 4)=[^], (2, 4)=[◣], (3, 5)=[◥, <, ◣], (1, 9)=[>], (7, 0)=[<], (8, 4)=[◢], (8, 6)=[◢], (3, 1)=[<], (7, 5)=[v, ^, ◢]}
18 Jan 2025 22:10:35 GMT Zwierzę poruszyło się z (8, 0) na (7, 0)
18 Jan 2025 22:10:35 GMT Długość listy pozycji: 10
Lista pozycji zwierząt: {(4, 3)=[v], (2, 1)=[<], (2, 4)=[◣], (3, 5)=[◥, <, ◣], (1, 9)=[>], (7, 0)=[<], (8, 4)=[◢], (8, 6)=[◢], (3, 1)=[<], (7, 5)=[v, ^, ◢]}
18 Jan 2025 22:10:35 GMT Zwierzę poruszyło się z (4, 4) na (4, 3)
18 Jan 2025 22:10:35 GMT Długość listy pozycji: 10
Lista pozycji zwierząt: {(4, 3)=[v], (2, 1)=[<], (2, 4)=[◣], (3, 5)=[◥, <, ◣], (0, 8)=[◣], (7, 0)=[<], (8, 4)=[◢], (8, 6)=[◢], (3, 1)=[<], (7, 5)=[v, ^, ◢]}
18 Jan 2025 22:10:35 GMT Zwierzę poruszyło się z (1, 9) na (0, 8)
18 Jan 2025 22:10:35 GMT Zwierzę zjadło roślinkę na (2, 4)
18 Jan 2025 22:10:35 GMT Zwierzę zjadło roślinkę na (7, 0)
18 Jan 2025 22:10:35 GMT Zwierzę zjadło roślinkę na (8, 6)
18 Jan 2025 22:10:36 GMT Zwierze zostało położone na (3, 5)
18 Jan 2025 22:10:36 GMT Urodziło się nowe zwierzę na (3, 5)
18 Jan 2025 22:10:36 GMT Zwierze zostało położone na (7, 5)
18 Jan 2025 22:10:36 GMT Urodziło się nowe zwierzę na (7, 5)
18 Jan 2025 22:10:36 GMT Roślinka wyrosła na (5, 8)
18 Jan 2025 22:10:36 GMT Roślinka wyrosła na (3, 2)
18 Jan 2025 22:10:36 GMT Roślinka wyrosła na (3, 4)
18 Jan 2025 22:10:36 GMT Roślinka wyrosła na (5, 1)
18 Jan 2025 22:10:36 GMT Roślinka wyrosła na (2, 2)
18 Jan 2025 22:10:36 GMT Roślinka wyrosła na (2, 8)
18 Jan 2025 22:10:36 GMT Roślinka wyrosła na (5, 4)
18 Jan 2025 22:10:36 GMT Roślinka wyrosła na (9, 2)
18 Jan 2025 22:10:36 GMT Roślinka wyrosła na (2, 9)
18 Jan 2025 22:10:36 GMT Roślinka wyrosła na (7, 3)
18 Jan 2025 22:10:36 GMT Długość listy pozycji: 10
Lista pozycji zwierząt: {(8, 7)=[^], (4, 3)=[v], (2, 1)=[<], (2, 4)=[◣], (3, 5)=[v, ◥, <, ◣], (0, 8)=[◣], (7, 0)=[<], (8, 4)=[◢], (3, 1)=[<], (7, 5)=[v, v, ^, ◢]}
18 Jan 2025 22:10:36 GMT Zwierzę poruszyło się z (8, 6) na (8, 7)
18 Jan 2025 22:10:36 GMT Długość listy pozycji: 10
Lista pozycji zwierząt: {(8, 7)=[^], (4, 3)=[v], (2, 1)=[<], (3, 5)=[v, ◥, <, ^], (2, 5)=[^], (0, 8)=[◣], (7, 0)=[<], (8, 4)=[◢], (3, 1)=[<], (7, 5)=[v, v, ^, ◢]}
18 Jan 2025 22:10:36 GMT Zwierzę poruszyło się z (2, 4) na (2, 5)
18 Jan 2025 22:10:36 GMT Długość listy pozycji: 10
Lista pozycji zwierząt: {(8, 7)=[^], (4, 3)=[v], (2, 2)=[^], (3, 5)=[v, ◥, <, ^], (2, 5)=[^], (0, 8)=[◣], (7, 0)=[<], (8, 4)=[◢], (3, 1)=[<], (7, 5)=[v, v, ^, ◢]}
18 Jan 2025 22:10:36 GMT Zwierzę poruszyło się z (2, 1) na (2, 2)
18 Jan 2025 22:10:36 GMT Długość listy pozycji: 10
Lista pozycji zwierząt: {(8, 7)=[^], (4, 3)=[v], (2, 2)=[^], (3, 5)=[v, ◥, <, ^], (2, 5)=[^], (0, 8)=[◣], (7, 0)=[<], (8, 5)=[^], (3, 1)=[<], (7, 5)=[v, v, ^, ^]}
18 Jan 2025 22:10:36 GMT Zwierzę poruszyło się z (8, 4) na (8, 5)
18 Jan 2025 22:10:37 GMT Długość listy pozycji: 10
Lista pozycji zwierząt: {(8, 7)=[^], (4, 3)=[v], (2, 2)=[^], (3, 5)=[v, ◥, <, ^], (2, 5)=[^], (0, 8)=[◣], (7, 0)=[^], (8, 5)=[^], (3, 1)=[<], (7, 5)=[v, v, ^, ^]}
18 Jan 2025 22:10:37 GMT Zwierzę poruszyło się z (7, 0) na (7, 0)
18 Jan 2025 22:10:37 GMT Długość listy pozycji: 10
Lista pozycji zwierząt: {(8, 7)=[^], (4, 4)=[^], (2, 2)=[^], (3, 5)=[v, ◥, <, ^], (2, 5)=[^], (0, 8)=[◣], (7, 0)=[^], (8, 5)=[^], (3, 1)=[<], (7, 5)=[v, v, ^, ^]}
18 Jan 2025 22:10:37 GMT Zwierzę poruszyło się z (4, 3) na (4, 4)
18 Jan 2025 22:10:37 GMT Długość listy pozycji: 10
Lista pozycji zwierząt: {(8, 7)=[^], (4, 4)=[^], (2, 2)=[^], (3, 5)=[v, ◥, <, ^], (2, 5)=[^], (0, 9)=[^], (7, 0)=[^], (8, 5)=[^], (3, 1)=[<], (7, 5)=[v, v, ^, ^]}
18 Jan 2025 22:10:37 GMT Zwierzę poruszyło się z (0, 8) na (0, 9)
18 Jan 2025 22:10:37 GMT Zwierzę zjadło roślinkę na (8, 7)
18 Jan 2025 22:10:37 GMT Zwierzę zjadło roślinkę na (2, 2)
18 Jan 2025 22:10:37 GMT Zwierze zostało położone na (3, 5)
18 Jan 2025 22:10:37 GMT Urodziło się nowe zwierzę na (3, 5)
18 Jan 2025 22:10:37 GMT Zwierze zostało położone na (7, 5)
18 Jan 2025 22:10:37 GMT Urodziło się nowe zwierzę na (7, 5)
18 Jan 2025 22:10:37 GMT Roślinka wyrosła na (7, 9)
18 Jan 2025 22:10:37 GMT Roślinka wyrosła na (6, 8)
18 Jan 2025 22:10:37 GMT Roślinka wyrosła na (1, 4)
18 Jan 2025 22:10:37 GMT Roślinka wyrosła na (9, 1)
18 Jan 2025 22:10:37 GMT Roślinka wyrosła na (0, 8)
18 Jan 2025 22:10:37 GMT Roślinka wyrosła na (4, 0)
18 Jan 2025 22:10:37 GMT Roślinka wyrosła na (2, 1)
18 Jan 2025 22:10:37 GMT Roślinka wyrosła na (3, 0)
18 Jan 2025 22:10:37 GMT Roślinka wyrosła na (3, 9)
18 Jan 2025 22:10:37 GMT Roślinka wyrosła na (8, 4)
18 Jan 2025 22:10:37 GMT Długość listy pozycji: 10
Lista pozycji zwierząt: {(7, 6)=[◣], (4, 4)=[^], (2, 2)=[^], (3, 5)=[v, v, ◥, <, ^], (2, 5)=[^], (0, 9)=[^], (7, 0)=[^], (8, 5)=[^], (3, 1)=[<], (7, 5)=[^, v, v, ^, ^]}
18 Jan 2025 22:10:37 GMT Zwierzę poruszyło się z (8, 7) na (7, 6)
18 Jan 2025 22:10:38 GMT Długość listy pozycji: 10
Lista pozycji zwierząt: {(7, 6)=[◣], (4, 4)=[^], (2, 2)=[^], (3, 4)=[◢], (3, 5)=[v, v, ◥, <, ◢], (0, 9)=[^], (7, 0)=[^], (8, 5)=[^], (3, 1)=[<], (7, 5)=[^, v, v, ^, ^]}
18 Jan 2025 22:10:38 GMT Zwierzę poruszyło się z (2, 5) na (3, 4)
18 Jan 2025 22:10:38 GMT Długość listy pozycji: 10
Lista pozycji zwierząt: {(3, 2)=[>], (7, 6)=[◣], (4, 4)=[^], (3, 4)=[◢], (3, 5)=[v, v, ◥, <, ◢], (0, 9)=[^], (7, 0)=[^], (8, 5)=[^], (3, 1)=[<], (7, 5)=[^, v, v, ^, ^]}
18 Jan 2025 22:10:38 GMT Zwierzę poruszyło się z (2, 2) na (3, 2)
18 Jan 2025 22:10:38 GMT Długość listy pozycji: 10
Lista pozycji zwierząt: {(3, 2)=[>], (7, 6)=[◣], (4, 4)=[^], (3, 4)=[◢], (3, 5)=[v, v, ◥, <, ◢], (0, 9)=[^], (7, 0)=[^], (7, 4)=[◣], (3, 1)=[<], (7, 5)=[^, v, v, ^, ◣]}
18 Jan 2025 22:10:38 GMT Zwierzę poruszyło się z (8, 5) na (7, 4)
18 Jan 2025 22:10:38 GMT Długość listy pozycji: 10
Lista pozycji zwierząt: {(3, 2)=[>], (7, 6)=[◣], (4, 4)=[^], (3, 4)=[◢], (3, 5)=[v, v, ◥, <, ◢], (0, 9)=[^], (6, 0)=[<], (7, 4)=[◣], (3, 1)=[<], (7, 5)=[^, v, v, ^, ◣]}
18 Jan 2025 22:10:38 GMT Zwierzę poruszyło się z (7, 0) na (6, 0)
18 Jan 2025 22:10:38 GMT Długość listy pozycji: 10
Lista pozycji zwierząt: {(4, 3)=[v], (3, 2)=[>], (7, 6)=[◣], (3, 4)=[◢], (3, 5)=[v, v, ◥, <, ◢], (0, 9)=[^], (6, 0)=[<], (7, 4)=[◣], (3, 1)=[<], (7, 5)=[^, v, v, ^, ◣]}
18 Jan 2025 22:10:38 GMT Zwierzę poruszyło się z (4, 4) na (4, 3)
18 Jan 2025 22:10:38 GMT Długość listy pozycji: 10
Lista pozycji zwierząt: {(4, 3)=[v], (3, 2)=[>], (7, 6)=[◣], (3, 4)=[◢], (3, 5)=[v, v, ◥, <, ◢], (1, 8)=[◢], (6, 0)=[<], (7, 4)=[◣], (3, 1)=[<], (7, 5)=[^, v, v, ^, ◣]}
18 Jan 2025 22:10:38 GMT Zwierzę poruszyło się z (0, 9) na (1, 8)
18 Jan 2025 22:10:38 GMT Zwierzę zjadło roślinkę na (3, 2)
18 Jan 2025 22:10:38 GMT Zwierzę zjadło roślinkę na (3, 4)
18 Jan 2025 22:10:38 GMT Zwierze zostało położone na (3, 5)
18 Jan 2025 22:10:38 GMT Urodziło się nowe zwierzę na (3, 5)
18 Jan 2025 22:10:38 GMT Zwierze zostało położone na (7, 5)
18 Jan 2025 22:10:38 GMT Urodziło się nowe zwierzę na (7, 5)
18 Jan 2025 22:10:39 GMT Roślinka wyrosła na (8, 8)
18 Jan 2025 22:10:39 GMT Roślinka wyrosła na (4, 4)
18 Jan 2025 22:10:39 GMT Roślinka wyrosła na (8, 3)
18 Jan 2025 22:10:39 GMT Roślinka wyrosła na (1, 0)
18 Jan 2025 22:10:39 GMT Roślinka wyrosła na (8, 0)
18 Jan 2025 22:10:39 GMT Roślinka wyrosła na (7, 1)
18 Jan 2025 22:10:39 GMT Roślinka wyrosła na (6, 0)
18 Jan 2025 22:10:39 GMT Roślinka wyrosła na (0, 2)
18 Jan 2025 22:10:39 GMT Roślinka wyrosła na (0, 3)
18 Jan 2025 22:10:39 GMT Roślinka wyrosła na (7, 4)
18 Jan 2025 22:10:39 GMT Długość listy pozycji: 10
Lista pozycji zwierząt: {(4, 3)=[v], (3, 2)=[>], (3, 4)=[◢], (3, 5)=[◢, v, v, ◥, <, ◢], (1, 8)=[◢], (6, 0)=[<], (7, 4)=[◣], (8, 6)=[>], (3, 1)=[<], (7, 5)=[>, ^, v, v, ^, ◣]}
18 Jan 2025 22:10:39 GMT Zwierzę poruszyło się z (7, 6) na (8, 6)
18 Jan 2025 22:10:39 GMT Długość listy pozycji: 10
Lista pozycji zwierząt: {(4, 3)=[v], (3, 2)=[>], (2, 4)=[<], (3, 5)=[◢, v, v, ◥, <, <], (1, 8)=[◢], (6, 0)=[<], (7, 4)=[◣], (8, 6)=[>], (3, 1)=[<], (7, 5)=[>, ^, v, v, ^, ◣]}
18 Jan 2025 22:10:39 GMT Zwierzę poruszyło się z (3, 4) na (2, 4)
18 Jan 2025 22:10:39 GMT Długość listy pozycji: 9
Lista pozycji zwierząt: {(4, 3)=[v], (2, 4)=[<], (3, 5)=[◢, v, v, ◥, <, <], (1, 8)=[◢], (6, 0)=[<], (7, 4)=[◣], (8, 6)=[>], (3, 1)=[v, <], (7, 5)=[>, ^, v, v, ^, ◣]}
18 Jan 2025 22:10:39 GMT Zwierzę poruszyło się z (3, 2) na (3, 1)
18 Jan 2025 22:10:39 GMT Długość listy pozycji: 9
Lista pozycji zwierząt: {(4, 3)=[v], (2, 4)=[<], (3, 5)=[◢, v, v, ◥, <, <], (1, 8)=[◢], (6, 0)=[<], (8, 4)=[>], (8, 6)=[>], (3, 1)=[v, <], (7, 5)=[>, ^, v, v, ^, >]}
18 Jan 2025 22:10:39 GMT Zwierzę poruszyło się z (7, 4) na (8, 4)
18 Jan 2025 22:10:39 GMT Długość listy pozycji: 9
Lista pozycji zwierząt: {(4, 3)=[v], (2, 4)=[<], (3, 5)=[◢, v, v, ◥, <, <], (1, 8)=[◢], (6, 0)=[^], (8, 4)=[>], (8, 6)=[>], (3, 1)=[v, <], (7, 5)=[>, ^, v, v, ^, >]}
18 Jan 2025 22:10:39 GMT Zwierzę poruszyło się z (6, 0) na (6, 0)
18 Jan 2025 22:10:39 GMT Długość listy pozycji: 9
Lista pozycji zwierząt: {(4, 4)=[^], (2, 4)=[<], (3, 5)=[◢, v, v, ◥, <, <], (1, 8)=[◢], (6, 0)=[^], (8, 4)=[>], (8, 6)=[>], (3, 1)=[v, <], (7, 5)=[>, ^, v, v, ^, >]}
18 Jan 2025 22:10:39 GMT Zwierzę poruszyło się z (4, 3) na (4, 4)
18 Jan 2025 22:10:39 GMT Długość listy pozycji: 9
Lista pozycji zwierząt: {(4, 4)=[^], (2, 4)=[<], (3, 5)=[◢, v, v, ◥, <, <], (0, 8)=[<], (6, 0)=[^], (8, 4)=[>], (8, 6)=[>], (3, 1)=[v, <], (7, 5)=[>, ^, v, v, ^, >]}
18 Jan 2025 22:10:39 GMT Zwierzę poruszyło się z (1, 8) na (0, 8)
18 Jan 2025 22:10:40 GMT Zwierzę zjadło roślinkę na (4, 4)
18 Jan 2025 22:10:40 GMT Zwierzę zjadło roślinkę na (0, 8)
18 Jan 2025 22:10:40 GMT Zwierzę zjadło roślinkę na (6, 0)
18 Jan 2025 22:10:40 GMT Zwierzę zjadło roślinkę na (8, 4)
18 Jan 2025 22:10:40 GMT Zwierze zostało położone na (3, 5)
18 Jan 2025 22:10:40 GMT Urodziło się nowe zwierzę na (3, 5)
18 Jan 2025 22:10:40 GMT Zwierze zostało położone na (3, 1)
18 Jan 2025 22:10:40 GMT Urodziło się nowe zwierzę na (3, 1)
18 Jan 2025 22:10:40 GMT Zwierze zostało położone na (7, 5)
18 Jan 2025 22:10:40 GMT Urodziło się nowe zwierzę na (7, 5)
18 Jan 2025 22:10:40 GMT Roślinka wyrosła na (0, 4)
18 Jan 2025 22:10:40 GMT Roślinka wyrosła na (4, 3)
18 Jan 2025 22:10:40 GMT Roślinka wyrosła na (4, 8)
18 Jan 2025 22:10:40 GMT Roślinka wyrosła na (1, 3)
18 Jan 2025 22:10:40 GMT Roślinka wyrosła na (8, 9)
18 Jan 2025 22:10:40 GMT Roślinka wyrosła na (0, 1)
18 Jan 2025 22:10:40 GMT Roślinka wyrosła na (5, 0)
18 Jan 2025 22:10:40 GMT Roślinka wyrosła na (8, 1)
18 Jan 2025 22:10:40 GMT Roślinka wyrosła na (1, 2)
18 Jan 2025 22:10:40 GMT Roślinka wyrosła na (5, 3)
18 Jan 2025 22:10:40 GMT Długość listy pozycji: 9
Lista pozycji zwierząt: {(7, 7)=[◤], (4, 4)=[^], (2, 4)=[<], (3, 5)=[v, ◢, v, v, ◥, <, <], (0, 8)=[<], (6, 0)=[^], (8, 4)=[>], (3, 1)=[v, <, >], (7, 5)=[v, >, ^, v, v, ^, >]}
18 Jan 2025 22:10:40 GMT Zwierzę poruszyło się z (8, 6) na (7, 7)
18 Jan 2025 22:10:40 GMT Długość listy pozycji: 8
Lista pozycji zwierząt: {(7, 7)=[◤], (4, 4)=[^], (3, 5)=[◥, v, ◢, v, v, ◥, <, ◥], (0, 8)=[<], (6, 0)=[^], (8, 4)=[>], (3, 1)=[v, <, >], (7, 5)=[v, >, ^, v, v, ^, >]}
18 Jan 2025 22:10:40 GMT Zwierzę poruszyło się z (2, 4) na (3, 5)
18 Jan 2025 22:10:40 GMT Długość listy pozycji: 9
Lista pozycji zwierząt: {(2, 1)=[<], (7, 7)=[◤], (4, 4)=[^], (3, 5)=[◥, v, ◢, v, v, ◥, <, ◥], (0, 8)=[<], (6, 0)=[^], (8, 4)=[>], (3, 1)=[<, <, >], (7, 5)=[v, >, ^, v, v, ^, >]}
18 Jan 2025 22:10:40 GMT Zwierzę poruszyło się z (3, 1) na (2, 1)
18 Jan 2025 22:10:41 GMT Długość listy pozycji: 8
Lista pozycji zwierząt: {(2, 1)=[<], (7, 7)=[◤], (4, 4)=[^], (3, 5)=[◥, v, ◢, v, v, ◥, <, ◥], (0, 8)=[<], (6, 0)=[^], (3, 1)=[<, <, >], (7, 5)=[◤, v, >, ^, v, v, ^, ◤]}
18 Jan 2025 22:10:41 GMT Zwierzę poruszyło się z (8, 4) na (7, 5)
18 Jan 2025 22:10:41 GMT Długość listy pozycji: 8
Lista pozycji zwierząt: {(2, 1)=[<], (7, 7)=[◤], (4, 4)=[^], (3, 5)=[◥, v, ◢, v, v, ◥, <, ◥], (0, 8)=[<], (5, 0)=[<], (3, 1)=[<, <, >], (7, 5)=[◤, v, >, ^, v, v, ^, ◤]}
18 Jan 2025 22:10:41 GMT Zwierzę poruszyło się z (6, 0) na (5, 0)
18 Jan 2025 22:10:41 GMT Długość listy pozycji: 8
Lista pozycji zwierząt: {(4, 3)=[v], (2, 1)=[<], (7, 7)=[◤], (3, 5)=[◥, v, ◢, v, v, ◥, <, ◥], (0, 8)=[<], (5, 0)=[<], (3, 1)=[<, <, >], (7, 5)=[◤, v, >, ^, v, v, ^, ◤]}
18 Jan 2025 22:10:41 GMT Zwierzę poruszyło się z (4, 4) na (4, 3)
18 Jan 2025 22:10:41 GMT Długość listy pozycji: 8
Lista pozycji zwierząt: {(4, 3)=[v], (2, 1)=[<], (7, 7)=[◤], (3, 5)=[◥, v, ◢, v, v, ◥, <, ◥], (1, 9)=[◥], (5, 0)=[<], (3, 1)=[<, <, >], (7, 5)=[◤, v, >, ^, v, v, ^, ◤]}
18 Jan 2025 22:10:41 GMT Zwierzę poruszyło się z (0, 8) na (1, 9)
18 Jan 2025 22:10:41 GMT Zwierzę zjadło roślinkę na (4, 3)
18 Jan 2025 22:10:41 GMT Zwierzę zjadło roślinkę na (2, 1)
18 Jan 2025 22:10:41 GMT Zwierzę zjadło roślinkę na (7, 7)
18 Jan 2025 22:10:41 GMT Zwierzę zjadło roślinkę na (5, 0)
18 Jan 2025 22:10:41 GMT Zwierze zostało położone na (3, 5)
18 Jan 2025 22:10:41 GMT Urodziło się nowe zwierzę na (3, 5)
18 Jan 2025 22:10:41 GMT Zwierze zostało położone na (2, 1)
18 Jan 2025 22:10:41 GMT Urodziło się nowe zwierzę na (3, 1)
18 Jan 2025 22:10:41 GMT Zwierze zostało położone na (7, 5)
18 Jan 2025 22:10:41 GMT Urodziło się nowe zwierzę na (7, 5)
18 Jan 2025 22:10:41 GMT Roślinka wyrosła na null
18 Jan 2025 22:10:41 GMT Roślinka wyrosła na null
18 Jan 2025 22:10:41 GMT Roślinka wyrosła na null
18 Jan 2025 22:10:41 GMT Roślinka wyrosła na null
18 Jan 2025 22:10:41 GMT Roślinka wyrosła na null
18 Jan 2025 22:10:41 GMT Roślinka wyrosła na null
18 Jan 2025 22:10:41 GMT Roślinka wyrosła na null
18 Jan 2025 22:10:41 GMT Roślinka wyrosła na null
18 Jan 2025 22:10:41 GMT Roślinka wyrosła na null
18 Jan 2025 22:10:41 GMT Roślinka wyrosła na null
18 Jan 2025 22:10:42 GMT Zwierzę umarło na (2, 1)
18 Jan 2025 22:10:42 GMT Zwierzę umarło na (7, 5)
18 Jan 2025 22:10:42 GMT Długość listy pozycji: 8
Lista pozycji zwierząt: {(7, 6)=[v], (4, 3)=[v], (2, 1)=[v], (3, 5)=[◥, v, ◣, ◢, v, v, ◥, <, ◥], (1, 9)=[◥], (5, 0)=[<], (3, 1)=[<, <, >], (7, 5)=[◤, v, v, >, ^, v, v, ^, ◤]}
18 Jan 2025 22:10:42 GMT Zwierzę poruszyło się z (7, 7) na (7, 6)
18 Jan 2025 22:10:42 GMT Długość listy pozycji: 9
Lista pozycji zwierząt: {(7, 6)=[v], (4, 3)=[v], (2, 1)=[v], (3, 4)=[v], (3, 5)=[v, v, ◣, ◢, v, v, ◥, <, v], (1, 9)=[◥], (5, 0)=[<], (3, 1)=[<, <, >], (7, 5)=[◤, v, v, >, ^, v, v, ^, ◤]}
18 Jan 2025 22:10:42 GMT Zwierzę poruszyło się z (3, 5) na (3, 4)
18 Jan 2025 22:10:42 GMT Długość listy pozycji: 9
Lista pozycji zwierząt: {(7, 6)=[v], (4, 3)=[v], (2, 1)=[v], (3, 4)=[v], (3, 5)=[v, v, ◣, ◢, v, v, ◥, <, v], (1, 9)=[◥], (5, 0)=[^], (3, 1)=[<, <, >], (7, 5)=[◤, v, v, >, ^, v, v, ^, ◤]}
18 Jan 2025 22:10:42 GMT Zwierzę poruszyło się z (5, 0) na (5, 0)
18 Jan 2025 22:10:42 GMT Długość listy pozycji: 9
Lista pozycji zwierząt: {(7, 6)=[v], (2, 1)=[v], (4, 4)=[^], (3, 4)=[v], (3, 5)=[v, v, ◣, ◢, v, v, ◥, <, v], (1, 9)=[◥], (5, 0)=[^], (3, 1)=[<, <, >], (7, 5)=[◤, v, v, >, ^, v, v, ^, ◤]}
18 Jan 2025 22:10:42 GMT Zwierzę poruszyło się z (4, 3) na (4, 4)
18 Jan 2025 22:10:42 GMT Długość listy pozycji: 9
Lista pozycji zwierząt: {(7, 6)=[v], (2, 1)=[v], (4, 4)=[^], (3, 4)=[v], (3, 5)=[v, v, ◣, ◢, v, v, ◥, <, v], (1, 8)=[v], (5, 0)=[^], (3, 1)=[<, <, >], (7, 5)=[◤, v, v, >, ^, v, v, ^, ◤]}
18 Jan 2025 22:10:42 GMT Zwierzę poruszyło się z (1, 9) na (1, 8)
