19 Jan 2025 01:20:59 GMT Zwierze zostało położone na (2, 4)
19 Jan 2025 01:20:59 GMT Zwierze zostało położone na (5, 1)
19 Jan 2025 01:20:59 GMT Zwierze zostało położone na (7, 7)
19 Jan 2025 01:20:59 GMT Zwierze zostało położone na (9, 2)
19 Jan 2025 01:20:59 GMT Zwierze zostało położone na (7, 0)
19 Jan 2025 01:20:59 GMT Zwierze zostało położone na (9, 2)
19 Jan 2025 01:20:59 GMT Zwierze zostało położone na (0, 5)
19 Jan 2025 01:20:59 GMT Zwierze zostało położone na (2, 3)
19 Jan 2025 01:20:59 GMT Zwierze zostało położone na (3, 8)
19 Jan 2025 01:21:00 GMT Zwierze zostało położone na (6, 0)
19 Jan 2025 01:21:00 GMT Długość listy pozycji: 9
Lista pozycji zwierząt: {(7, 7)=[v], (2, 3)=[◥], (2, 4)=[v], (3, 8)=[◥], (0, 5)=[◤], (7, 0)=[>], (9, 2)=[◥, ◤], (6, 0)=[◣], (5, 1)=[◥]}
19 Jan 2025 01:21:00 GMT Zwierzę poruszyło się z (2, 4) na (2, 4)
19 Jan 2025 01:21:00 GMT Długość listy pozycji: 9
Lista pozycji zwierząt: {(7, 7)=[v], (2, 3)=[◥], (2, 4)=[v], (3, 8)=[◥], (0, 5)=[◤], (7, 0)=[>], (9, 2)=[◥, ◤], (6, 0)=[◣], (5, 1)=[>]}
19 Jan 2025 01:21:00 GMT Zwierzę poruszyło się z (5, 1) na (5, 1)
19 Jan 2025 01:21:00 GMT Długość listy pozycji: 9
Lista pozycji zwierząt: {(7, 7)=[^], (2, 3)=[◥], (2, 4)=[v], (3, 8)=[◥], (0, 5)=[◤], (7, 0)=[>], (9, 2)=[◥, ◤], (6, 0)=[◣], (5, 1)=[>]}
19 Jan 2025 01:21:00 GMT Zwierzę poruszyło się z (7, 7) na (7, 7)
19 Jan 2025 01:21:00 GMT Długość listy pozycji: 10
Lista pozycji zwierząt: {(7, 7)=[^], (2, 3)=[◥], (0, 2)=[>], (2, 4)=[v], (3, 8)=[◥], (0, 5)=[◤], (7, 0)=[>], (9, 2)=[◤], (6, 0)=[◣], (5, 1)=[>]}
19 Jan 2025 01:21:00 GMT Zwierzę poruszyło się z (9, 2) na (0, 2)
19 Jan 2025 01:21:00 GMT Długość listy pozycji: 10
Lista pozycji zwierząt: {(7, 7)=[^], (2, 3)=[◥], (0, 2)=[>], (2, 4)=[v], (3, 8)=[◥], (0, 5)=[◤], (7, 0)=[^], (9, 2)=[◤], (6, 0)=[◣], (5, 1)=[>]}
19 Jan 2025 01:21:00 GMT Zwierzę poruszyło się z (7, 0) na (7, 0)
19 Jan 2025 01:21:00 GMT Długość listy pozycji: 10
Lista pozycji zwierząt: {(7, 7)=[^], (2, 3)=[◥], (0, 2)=[>], (2, 4)=[v], (3, 8)=[◥], (0, 5)=[◤], (7, 0)=[^], (9, 2)=[<], (6, 0)=[◣], (5, 1)=[>]}
19 Jan 2025 01:21:00 GMT Zwierzę poruszyło się z (9, 2) na (9, 2)
19 Jan 2025 01:21:00 GMT Długość listy pozycji: 10
Lista pozycji zwierząt: {(7, 7)=[^], (2, 3)=[◥], (0, 2)=[>], (2, 4)=[v], (3, 8)=[◥], (7, 0)=[^], (9, 2)=[<], (6, 0)=[◣], (9, 5)=[<], (5, 1)=[>]}
19 Jan 2025 01:21:00 GMT Zwierzę poruszyło się z (0, 5) na (9, 5)
19 Jan 2025 01:21:00 GMT Długość listy pozycji: 10
Lista pozycji zwierząt: {(7, 7)=[^], (2, 3)=[>], (0, 2)=[>], (2, 4)=[v], (3, 8)=[◥], (7, 0)=[^], (9, 2)=[<], (6, 0)=[◣], (9, 5)=[<], (5, 1)=[>]}
19 Jan 2025 01:21:00 GMT Zwierzę poruszyło się z (2, 3) na (2, 3)
19 Jan 2025 01:21:00 GMT Długość listy pozycji: 10
Lista pozycji zwierząt: {(7, 7)=[^], (2, 3)=[>], (0, 2)=[>], (2, 4)=[v], (3, 8)=[>], (7, 0)=[^], (9, 2)=[<], (6, 0)=[◣], (9, 5)=[<], (5, 1)=[>]}
19 Jan 2025 01:21:00 GMT Zwierzę poruszyło się z (3, 8) na (3, 8)
19 Jan 2025 01:21:01 GMT Długość listy pozycji: 10
Lista pozycji zwierząt: {(7, 7)=[^], (2, 3)=[>], (0, 2)=[>], (2, 4)=[v], (3, 8)=[>], (7, 0)=[^], (9, 2)=[<], (6, 0)=[>], (9, 5)=[<], (5, 1)=[>]}
19 Jan 2025 01:21:01 GMT Zwierzę poruszyło się z (6, 0) na (6, 0)
19 Jan 2025 01:21:01 GMT Zwierzę zjadło roślinkę na (9, 5)
19 Jan 2025 01:21:01 GMT Roślinka wyrosła na (4, 6)
19 Jan 2025 01:21:01 GMT Roślinka wyrosła na (1, 4)
19 Jan 2025 01:21:01 GMT Roślinka wyrosła na (3, 5)
19 Jan 2025 01:21:01 GMT Roślinka wyrosła na (3, 6)
19 Jan 2025 01:21:01 GMT Roślinka wyrosła na (2, 3)
19 Jan 2025 01:21:01 GMT Roślinka wyrosła na (6, 6)
19 Jan 2025 01:21:01 GMT Roślinka wyrosła na (1, 5)
19 Jan 2025 01:21:01 GMT Roślinka wyrosła na (3, 8)
19 Jan 2025 01:21:01 GMT Roślinka wyrosła na (5, 5)
19 Jan 2025 01:21:01 GMT Roślinka wyrosła na (7, 5)
19 Jan 2025 01:21:01 GMT Długość listy pozycji: 10
Lista pozycji zwierząt: {(7, 7)=[^], (2, 3)=[>], (0, 2)=[>], (2, 4)=[◣], (3, 8)=[>], (7, 0)=[^], (9, 2)=[<], (6, 0)=[>], (9, 5)=[<], (5, 1)=[>]}
19 Jan 2025 01:21:01 GMT Zwierzę poruszyło się z (2, 4) na (2, 4)
19 Jan 2025 01:21:01 GMT Długość listy pozycji: 10
Lista pozycji zwierząt: {(7, 7)=[^], (2, 3)=[>], (0, 2)=[>], (2, 4)=[◣], (3, 8)=[>], (7, 0)=[^], (9, 2)=[<], (6, 0)=[>], (9, 5)=[<], (5, 1)=[◢]}
19 Jan 2025 01:21:01 GMT Zwierzę poruszyło się z (5, 1) na (5, 1)
19 Jan 2025 01:21:01 GMT Długość listy pozycji: 10
Lista pozycji zwierząt: {(7, 7)=[◥], (2, 3)=[>], (0, 2)=[>], (2, 4)=[◣], (3, 8)=[>], (7, 0)=[^], (9, 2)=[<], (6, 0)=[>], (9, 5)=[<], (5, 1)=[◢]}
19 Jan 2025 01:21:01 GMT Zwierzę poruszyło się z (7, 7) na (7, 7)
19 Jan 2025 01:21:01 GMT Długość listy pozycji: 10
Lista pozycji zwierząt: {(7, 7)=[◥], (2, 3)=[>], (0, 2)=[^], (2, 4)=[◣], (3, 8)=[>], (7, 0)=[^], (9, 2)=[<], (6, 0)=[>], (9, 5)=[<], (5, 1)=[◢]}
19 Jan 2025 01:21:01 GMT Zwierzę poruszyło się z (0, 2) na (0, 2)
19 Jan 2025 01:21:02 GMT Długość listy pozycji: 10
Lista pozycji zwierząt: {(7, 7)=[◥], (2, 3)=[>], (0, 2)=[^], (2, 4)=[◣], (3, 8)=[>], (7, 0)=[◤], (9, 2)=[<], (6, 0)=[>], (9, 5)=[<], (5, 1)=[◢]}
19 Jan 2025 01:21:02 GMT Zwierzę poruszyło się z (7, 0) na (7, 0)
19 Jan 2025 01:21:02 GMT Długość listy pozycji: 10
Lista pozycji zwierząt: {(7, 7)=[◥], (2, 3)=[>], (0, 2)=[^], (2, 4)=[◣], (3, 8)=[>], (7, 0)=[◤], (9, 2)=[v], (6, 0)=[>], (9, 5)=[<], (5, 1)=[◢]}
19 Jan 2025 01:21:02 GMT Zwierzę poruszyło się z (9, 2) na (9, 2)
19 Jan 2025 01:21:02 GMT Długość listy pozycji: 10
Lista pozycji zwierząt: {(7, 7)=[◥], (2, 3)=[>], (0, 2)=[^], (2, 4)=[◣], (0, 4)=[◢], (3, 8)=[>], (7, 0)=[◤], (9, 2)=[v], (6, 0)=[>], (5, 1)=[◢]}
19 Jan 2025 01:21:02 GMT Zwierzę poruszyło się z (9, 5) na (0, 4)
19 Jan 2025 01:21:02 GMT Długość listy pozycji: 10
Lista pozycji zwierząt: {(7, 7)=[◥], (2, 3)=[◣], (0, 2)=[^], (2, 4)=[◣], (0, 4)=[◢], (3, 8)=[>], (7, 0)=[◤], (9, 2)=[v], (6, 0)=[>], (5, 1)=[◢]}
19 Jan 2025 01:21:02 GMT Zwierzę poruszyło się z (2, 3) na (2, 3)
19 Jan 2025 01:21:02 GMT Długość listy pozycji: 10
Lista pozycji zwierząt: {(7, 7)=[◥], (2, 3)=[◣], (0, 2)=[^], (2, 4)=[◣], (0, 4)=[◢], (3, 8)=[◢], (7, 0)=[◤], (9, 2)=[v], (6, 0)=[>], (5, 1)=[◢]}
19 Jan 2025 01:21:02 GMT Zwierzę poruszyło się z (3, 8) na (3, 8)
19 Jan 2025 01:21:02 GMT Długość listy pozycji: 10
Lista pozycji zwierząt: {(7, 7)=[◥], (2, 3)=[◣], (0, 2)=[^], (2, 4)=[◣], (0, 4)=[◢], (3, 8)=[◢], (7, 0)=[◤], (9, 2)=[v], (6, 0)=[<], (5, 1)=[◢]}
19 Jan 2025 01:21:02 GMT Zwierzę poruszyło się z (6, 0) na (6, 0)
19 Jan 2025 01:21:02 GMT Zwierzę zjadło roślinkę na (2, 3)
19 Jan 2025 01:21:02 GMT Zwierzę zjadło roślinkę na (3, 8)
19 Jan 2025 01:21:02 GMT Roślinka wyrosła na (6, 1)
19 Jan 2025 01:21:02 GMT Roślinka wyrosła na (7, 6)
19 Jan 2025 01:21:02 GMT Roślinka wyrosła na (0, 5)
19 Jan 2025 01:21:02 GMT Roślinka wyrosła na (0, 6)
19 Jan 2025 01:21:02 GMT Roślinka wyrosła na (5, 8)
19 Jan 2025 01:21:02 GMT Roślinka wyrosła na (2, 6)
19 Jan 2025 01:21:02 GMT Roślinka wyrosła na (9, 6)
19 Jan 2025 01:21:02 GMT Roślinka wyrosła na (8, 5)
19 Jan 2025 01:21:02 GMT Roślinka wyrosła na (1, 0)
19 Jan 2025 01:21:02 GMT Roślinka wyrosła na (6, 9)
19 Jan 2025 01:21:03 GMT Długość listy pozycji: 10
Lista pozycji zwierząt: {(7, 7)=[◥], (2, 3)=[◣], (0, 2)=[^], (2, 4)=[>], (0, 4)=[◢], (3, 8)=[◢], (7, 0)=[◤], (9, 2)=[v], (6, 0)=[<], (5, 1)=[◢]}
19 Jan 2025 01:21:03 GMT Zwierzę poruszyło się z (2, 4) na (2, 4)
19 Jan 2025 01:21:03 GMT Długość listy pozycji: 10
Lista pozycji zwierząt: {(7, 7)=[◥], (2, 3)=[◣], (0, 2)=[^], (2, 4)=[>], (0, 4)=[◢], (3, 8)=[◢], (7, 0)=[◤], (9, 2)=[v], (6, 0)=[<], (5, 1)=[<]}
19 Jan 2025 01:21:03 GMT Zwierzę poruszyło się z (5, 1) na (5, 1)
19 Jan 2025 01:21:03 GMT Długość listy pozycji: 10
Lista pozycji zwierząt: {(7, 7)=[◤], (2, 3)=[◣], (0, 2)=[^], (2, 4)=[>], (0, 4)=[◢], (3, 8)=[◢], (7, 0)=[◤], (9, 2)=[v], (6, 0)=[<], (5, 1)=[<]}
19 Jan 2025 01:21:03 GMT Zwierzę poruszyło się z (7, 7) na (7, 7)
19 Jan 2025 01:21:03 GMT Długość listy pozycji: 9
Lista pozycji zwierząt: {(7, 7)=[◤], (2, 3)=[◣], (2, 4)=[>], (0, 4)=[◢], (3, 8)=[◢], (7, 0)=[◤], (9, 2)=[<, v], (6, 0)=[<], (5, 1)=[<]}
19 Jan 2025 01:21:03 GMT Zwierzę poruszyło się z (0, 2) na (9, 2)
19 Jan 2025 01:21:03 GMT Długość listy pozycji: 9
Lista pozycji zwierząt: {(7, 7)=[◤], (2, 3)=[◣], (2, 4)=[>], (0, 4)=[◢], (3, 8)=[◢], (7, 0)=[^], (9, 2)=[<, v], (6, 0)=[<], (5, 1)=[<]}
19 Jan 2025 01:21:03 GMT Zwierzę poruszyło się z (7, 0) na (7, 0)
19 Jan 2025 01:21:03 GMT Długość listy pozycji: 9
Lista pozycji zwierząt: {(7, 7)=[◤], (2, 3)=[◣], (2, 4)=[>], (0, 4)=[◢], (3, 8)=[◢], (7, 0)=[^], (9, 2)=[<, <], (6, 0)=[<], (5, 1)=[<]}
19 Jan 2025 01:21:03 GMT Zwierzę poruszyło się z (9, 2) na (9, 2)
19 Jan 2025 01:21:03 GMT Długość listy pozycji: 9
Lista pozycji zwierząt: {(7, 7)=[◤], (2, 3)=[◣], (2, 4)=[>], (0, 4)=[◥], (3, 8)=[◢], (7, 0)=[^], (9, 2)=[<, <], (6, 0)=[<], (5, 1)=[<]}
19 Jan 2025 01:21:03 GMT Zwierzę poruszyło się z (0, 4) na (0, 4)
19 Jan 2025 01:21:03 GMT Długość listy pozycji: 9
Lista pozycji zwierząt: {(7, 7)=[◤], (2, 3)=[◣], (2, 4)=[>], (0, 4)=[◥], (3, 8)=[◢], (7, 0)=[^], (9, 2)=[<, <], (6, 0)=[<], (5, 1)=[<]}
19 Jan 2025 01:21:03 GMT Zwierzę poruszyło się z (2, 3) na (2, 3)
19 Jan 2025 01:21:04 GMT Długość listy pozycji: 9
Lista pozycji zwierząt: {(7, 7)=[◤], (2, 3)=[◣], (2, 4)=[>], (0, 4)=[◥], (3, 8)=[◥], (7, 0)=[^], (9, 2)=[<, <], (6, 0)=[<], (5, 1)=[<]}
19 Jan 2025 01:21:04 GMT Zwierzę poruszyło się z (3, 8) na (3, 8)
19 Jan 2025 01:21:04 GMT Długość listy pozycji: 9
Lista pozycji zwierząt: {(7, 7)=[◤], (2, 3)=[◣], (2, 4)=[>], (0, 4)=[◥], (3, 8)=[◥], (7, 0)=[^], (9, 2)=[<, <], (6, 0)=[<], (5, 1)=[<]}
19 Jan 2025 01:21:04 GMT Zwierzę poruszyło się z (6, 0) na (6, 0)
19 Jan 2025 01:21:04 GMT Zwierze zostało położone na (9, 2)
19 Jan 2025 01:21:04 GMT Urodziło się nowe zwierzę na (9, 2)
19 Jan 2025 01:21:04 GMT Roślinka wyrosła na (5, 1)
19 Jan 2025 01:21:04 GMT Roślinka wyrosła na (4, 8)
19 Jan 2025 01:21:04 GMT Roślinka wyrosła na (5, 3)
19 Jan 2025 01:21:04 GMT Roślinka wyrosła na (7, 8)
19 Jan 2025 01:21:04 GMT Roślinka wyrosła na (8, 7)
19 Jan 2025 01:21:04 GMT Roślinka wyrosła na (2, 0)
19 Jan 2025 01:21:04 GMT Roślinka wyrosła na (8, 9)
19 Jan 2025 01:21:04 GMT Roślinka wyrosła na (2, 8)
19 Jan 2025 01:21:04 GMT Roślinka wyrosła na (6, 7)
19 Jan 2025 01:21:04 GMT Roślinka wyrosła na (8, 8)
19 Jan 2025 01:21:04 GMT Zwierzę umarło na (9, 2)
19 Jan 2025 01:21:04 GMT Długość listy pozycji: 9
Lista pozycji zwierząt: {(7, 7)=[◤], (2, 3)=[◣], (2, 4)=[^], (0, 4)=[◥], (3, 8)=[◥], (7, 0)=[^], (9, 2)=[◢, <], (6, 0)=[<], (5, 1)=[<]}
19 Jan 2025 01:21:04 GMT Zwierzę poruszyło się z (2, 4) na (2, 4)
19 Jan 2025 01:21:04 GMT Długość listy pozycji: 9
Lista pozycji zwierząt: {(7, 7)=[◤], (2, 3)=[◣], (2, 4)=[^], (0, 4)=[◥], (3, 8)=[◥], (7, 0)=[^], (9, 2)=[◢, <], (6, 0)=[<], (5, 1)=[◣]}
19 Jan 2025 01:21:04 GMT Zwierzę poruszyło się z (5, 1) na (5, 1)
19 Jan 2025 01:21:04 GMT Długość listy pozycji: 9
Lista pozycji zwierząt: {(7, 7)=[◢], (2, 3)=[◣], (2, 4)=[^], (0, 4)=[◥], (3, 8)=[◥], (7, 0)=[^], (9, 2)=[◢, <], (6, 0)=[<], (5, 1)=[◣]}
19 Jan 2025 01:21:04 GMT Zwierzę poruszyło się z (7, 7) na (7, 7)
19 Jan 2025 01:21:05 GMT Długość listy pozycji: 9
Lista pozycji zwierząt: {(7, 7)=[◢], (2, 3)=[◣], (2, 4)=[^], (0, 4)=[◥], (3, 8)=[◥], (7, 0)=[◥], (9, 2)=[◢, <], (6, 0)=[<], (5, 1)=[◣]}
19 Jan 2025 01:21:05 GMT Zwierzę poruszyło się z (7, 0) na (7, 0)
19 Jan 2025 01:21:05 GMT Długość listy pozycji: 9
Lista pozycji zwierząt: {(7, 7)=[◢], (2, 3)=[◣], (2, 4)=[^], (0, 4)=[◥], (3, 8)=[◥], (7, 0)=[◥], (9, 2)=[◢, ◤], (6, 0)=[<], (5, 1)=[◣]}
19 Jan 2025 01:21:05 GMT Zwierzę poruszyło się z (9, 2) na (9, 2)
19 Jan 2025 01:21:05 GMT Długość listy pozycji: 9
Lista pozycji zwierząt: {(7, 7)=[◢], (2, 3)=[◣], (2, 4)=[^], (0, 4)=[◢], (3, 8)=[◥], (7, 0)=[◥], (9, 2)=[◢, ◤], (6, 0)=[<], (5, 1)=[◣]}
19 Jan 2025 01:21:05 GMT Zwierzę poruszyło się z (0, 4) na (0, 4)
19 Jan 2025 01:21:05 GMT Długość listy pozycji: 9
Lista pozycji zwierząt: {(7, 7)=[◢], (2, 3)=[◤], (2, 4)=[^], (0, 4)=[◢], (3, 8)=[◥], (7, 0)=[◥], (9, 2)=[◢, ◤], (6, 0)=[<], (5, 1)=[◣]}
19 Jan 2025 01:21:05 GMT Zwierzę poruszyło się z (2, 3) na (2, 3)
19 Jan 2025 01:21:05 GMT Długość listy pozycji: 9
Lista pozycji zwierząt: {(7, 7)=[◢], (2, 3)=[◤], (2, 4)=[^], (0, 4)=[◢], (3, 8)=[◤], (7, 0)=[◥], (9, 2)=[◢, ◤], (6, 0)=[<], (5, 1)=[◣]}
19 Jan 2025 01:21:05 GMT Zwierzę poruszyło się z (3, 8) na (3, 8)
19 Jan 2025 01:21:05 GMT Długość listy pozycji: 9
Lista pozycji zwierząt: {(7, 7)=[◢], (2, 3)=[◤], (2, 4)=[^], (0, 4)=[◢], (3, 8)=[◤], (7, 0)=[◥], (9, 2)=[◢, ◤], (6, 0)=[^], (5, 1)=[◣]}
19 Jan 2025 01:21:05 GMT Zwierzę poruszyło się z (6, 0) na (6, 0)
19 Jan 2025 01:21:05 GMT Zwierzę zjadło roślinkę na (5, 1)
19 Jan 2025 01:21:05 GMT Zwierze zostało położone na (9, 2)
19 Jan 2025 01:21:05 GMT Urodziło się nowe zwierzę na (9, 2)
19 Jan 2025 01:21:05 GMT Roślinka wyrosła na (3, 2)
19 Jan 2025 01:21:05 GMT Roślinka wyrosła na (4, 2)
19 Jan 2025 01:21:05 GMT Roślinka wyrosła na (3, 0)
19 Jan 2025 01:21:05 GMT Roślinka wyrosła na (0, 0)
19 Jan 2025 01:21:05 GMT Roślinka wyrosła na (9, 7)
19 Jan 2025 01:21:05 GMT Roślinka wyrosła na (7, 0)
19 Jan 2025 01:21:05 GMT Roślinka wyrosła na (2, 7)
19 Jan 2025 01:21:05 GMT Roślinka wyrosła na (2, 4)
19 Jan 2025 01:21:06 GMT Roślinka wyrosła na (3, 9)
19 Jan 2025 01:21:06 GMT Roślinka wyrosła na (1, 8)
19 Jan 2025 01:21:06 GMT Długość listy pozycji: 9
Lista pozycji zwierząt: {(7, 7)=[◢], (2, 3)=[◤], (2, 4)=[v], (0, 4)=[◢], (3, 8)=[◤], (7, 0)=[◥], (9, 2)=[<, ◢, ◤], (6, 0)=[^], (5, 1)=[◣]}
19 Jan 2025 01:21:06 GMT Zwierzę poruszyło się z (2, 4) na (2, 4)
19 Jan 2025 01:21:06 GMT Długość listy pozycji: 9
Lista pozycji zwierząt: {(7, 7)=[◢], (2, 3)=[◤], (2, 4)=[v], (0, 4)=[◢], (3, 8)=[◤], (7, 0)=[◥], (9, 2)=[<, ◢, ◤], (6, 0)=[^], (5, 1)=[^]}
19 Jan 2025 01:21:06 GMT Zwierzę poruszyło się z (5, 1) na (5, 1)
19 Jan 2025 01:21:06 GMT Długość listy pozycji: 9
Lista pozycji zwierząt: {(7, 7)=[◥], (2, 3)=[◤], (2, 4)=[v], (0, 4)=[◢], (3, 8)=[◤], (7, 0)=[◥], (9, 2)=[<, ◢, ◤], (6, 0)=[^], (5, 1)=[^]}
19 Jan 2025 01:21:06 GMT Zwierzę poruszyło się z (7, 7) na (7, 7)
19 Jan 2025 01:21:06 GMT Długość listy pozycji: 9
Lista pozycji zwierząt: {(7, 7)=[◥], (2, 3)=[◤], (2, 4)=[v], (0, 4)=[◢], (3, 8)=[◤], (7, 0)=[^], (9, 2)=[<, ◢, ◤], (6, 0)=[^], (5, 1)=[^]}
19 Jan 2025 01:21:06 GMT Zwierzę poruszyło się z (7, 0) na (7, 0)
19 Jan 2025 01:21:06 GMT Długość listy pozycji: 9
Lista pozycji zwierząt: {(7, 7)=[◥], (2, 3)=[◤], (2, 4)=[v], (0, 4)=[◢], (3, 8)=[◤], (7, 0)=[^], (9, 2)=[<, v, ◢, v], (6, 0)=[^], (5, 1)=[^]}
19 Jan 2025 01:21:06 GMT Zwierzę poruszyło się z (9, 2) na (9, 2)
19 Jan 2025 01:21:06 GMT Długość listy pozycji: 9
Lista pozycji zwierząt: {(7, 7)=[◥], (2, 3)=[◤], (2, 4)=[v], (3, 8)=[◤], (7, 0)=[^], (9, 2)=[<, v, ◢, v], (6, 0)=[^], (9, 4)=[<], (5, 1)=[^]}
19 Jan 2025 01:21:06 GMT Zwierzę poruszyło się z (0, 4) na (9, 4)
19 Jan 2025 01:21:06 GMT Długość listy pozycji: 9
Lista pozycji zwierząt: {(7, 7)=[◥], (2, 3)=[v], (2, 4)=[v], (3, 8)=[◤], (7, 0)=[^], (9, 2)=[<, v, ◢, v], (6, 0)=[^], (9, 4)=[<], (5, 1)=[^]}
19 Jan 2025 01:21:06 GMT Zwierzę poruszyło się z (2, 3) na (2, 3)
19 Jan 2025 01:21:06 GMT Długość listy pozycji: 9
Lista pozycji zwierząt: {(7, 7)=[◥], (2, 3)=[v], (2, 4)=[v], (3, 8)=[◣], (7, 0)=[^], (9, 2)=[<, v, ◢, v], (6, 0)=[^], (9, 4)=[<], (5, 1)=[^]}
19 Jan 2025 01:21:06 GMT Zwierzę poruszyło się z (3, 8) na (3, 8)
19 Jan 2025 01:21:07 GMT Długość listy pozycji: 9
Lista pozycji zwierząt: {(7, 7)=[◥], (2, 3)=[v], (2, 4)=[v], (3, 8)=[◣], (7, 0)=[^], (9, 2)=[<, v, ◢, v], (6, 0)=[<], (9, 4)=[<], (5, 1)=[^]}
19 Jan 2025 01:21:07 GMT Zwierzę poruszyło się z (6, 0) na (6, 0)
19 Jan 2025 01:21:07 GMT Zwierzę zjadło roślinkę na (2, 4)
19 Jan 2025 01:21:07 GMT Zwierzę zjadło roślinkę na (7, 0)
19 Jan 2025 01:21:07 GMT Zwierze zostało położone na (9, 2)
19 Jan 2025 01:21:07 GMT Urodziło się nowe zwierzę na (9, 2)
19 Jan 2025 01:21:07 GMT Roślinka wyrosła na (9, 1)
19 Jan 2025 01:21:07 GMT Roślinka wyrosła na (5, 7)
19 Jan 2025 01:21:07 GMT Roślinka wyrosła na (6, 4)
19 Jan 2025 01:21:07 GMT Roślinka wyrosła na (0, 2)
19 Jan 2025 01:21:07 GMT Roślinka wyrosła na (3, 7)
19 Jan 2025 01:21:07 GMT Roślinka wyrosła na (1, 9)
19 Jan 2025 01:21:07 GMT Roślinka wyrosła na (9, 9)
19 Jan 2025 01:21:07 GMT Roślinka wyrosła na (6, 0)
19 Jan 2025 01:21:07 GMT Roślinka wyrosła na (0, 9)
19 Jan 2025 01:21:07 GMT Roślinka wyrosła na (4, 7)
19 Jan 2025 01:21:07 GMT Długość listy pozycji: 9
Lista pozycji zwierząt: {(7, 7)=[◥], (2, 3)=[v], (2, 4)=[◣], (3, 8)=[◣], (7, 0)=[^], (9, 2)=[<, <, v, ◢, v], (6, 0)=[<], (9, 4)=[<], (5, 1)=[^]}
19 Jan 2025 01:21:07 GMT Zwierzę poruszyło się z (2, 4) na (2, 4)
19 Jan 2025 01:21:07 GMT Długość listy pozycji: 9
Lista pozycji zwierząt: {(7, 7)=[◥], (2, 3)=[v], (2, 4)=[◣], (3, 8)=[◣], (7, 0)=[^], (9, 2)=[<, <, v, ◢, v], (6, 0)=[<], (9, 4)=[<], (5, 1)=[v]}
19 Jan 2025 01:21:07 GMT Zwierzę poruszyło się z (5, 1) na (5, 1)
19 Jan 2025 01:21:07 GMT Długość listy pozycji: 9
Lista pozycji zwierząt: {(7, 7)=[◥], (2, 3)=[v], (2, 4)=[◣], (3, 8)=[◣], (7, 0)=[^], (9, 2)=[<, <, v, ◢, v], (6, 0)=[<], (9, 4)=[<], (5, 1)=[v]}
19 Jan 2025 01:21:07 GMT Zwierzę poruszyło się z (7, 7) na (7, 7)
19 Jan 2025 01:21:07 GMT Długość listy pozycji: 9
Lista pozycji zwierząt: {(7, 7)=[◥], (2, 3)=[v], (2, 4)=[◣], (3, 8)=[◣], (7, 0)=[^], (9, 2)=[<, <, v, ◢, v], (6, 0)=[<], (9, 4)=[<], (5, 1)=[v]}
19 Jan 2025 01:21:07 GMT Zwierzę poruszyło się z (7, 0) na (7, 0)
19 Jan 2025 01:21:08 GMT Długość listy pozycji: 9
Lista pozycji zwierząt: {(7, 7)=[◥], (2, 3)=[v], (2, 4)=[◣], (3, 8)=[◣], (7, 0)=[^], (9, 2)=[<, ^, <, ^, ◢, ^], (6, 0)=[<], (9, 4)=[<], (5, 1)=[v]}
19 Jan 2025 01:21:08 GMT Zwierzę poruszyło się z (9, 2) na (9, 2)
19 Jan 2025 01:21:08 GMT Długość listy pozycji: 9
Lista pozycji zwierząt: {(7, 7)=[◥], (2, 3)=[v], (2, 4)=[◣], (3, 8)=[◣], (7, 0)=[^], (9, 2)=[<, ^, <, ^, ◢, ^], (6, 0)=[<], (9, 4)=[◣], (5, 1)=[v]}
19 Jan 2025 01:21:08 GMT Zwierzę poruszyło się z (9, 4) na (9, 4)
19 Jan 2025 01:21:08 GMT Długość listy pozycji: 9
Lista pozycji zwierząt: {(7, 7)=[◥], (2, 3)=[>], (2, 4)=[◣], (3, 8)=[◣], (7, 0)=[^], (9, 2)=[<, ^, <, ^, ◢, ^], (6, 0)=[<], (9, 4)=[◣], (5, 1)=[v]}
19 Jan 2025 01:21:08 GMT Zwierzę poruszyło się z (2, 3) na (2, 3)
19 Jan 2025 01:21:08 GMT Długość listy pozycji: 9
Lista pozycji zwierząt: {(7, 7)=[◥], (2, 3)=[>], (2, 4)=[◣], (3, 8)=[^], (7, 0)=[^], (9, 2)=[<, ^, <, ^, ◢, ^], (6, 0)=[<], (9, 4)=[◣], (5, 1)=[v]}
19 Jan 2025 01:21:08 GMT Zwierzę poruszyło się z (3, 8) na (3, 8)
19 Jan 2025 01:21:08 GMT Długość listy pozycji: 9
Lista pozycji zwierząt: {(7, 7)=[◥], (2, 3)=[>], (2, 4)=[◣], (3, 8)=[^], (7, 0)=[^], (9, 2)=[<, ^, <, ^, ◢, ^], (6, 0)=[◤], (9, 4)=[◣], (5, 1)=[v]}
19 Jan 2025 01:21:08 GMT Zwierzę poruszyło się z (6, 0) na (6, 0)
19 Jan 2025 01:21:08 GMT Zwierzę zjadło roślinkę na (6, 0)
19 Jan 2025 01:21:08 GMT Zwierze zostało położone na (9, 2)
19 Jan 2025 01:21:08 GMT Urodziło się nowe zwierzę na (9, 2)
19 Jan 2025 01:21:08 GMT Roślinka wyrosła na (7, 2)
19 Jan 2025 01:21:08 GMT Roślinka wyrosła na (3, 4)
19 Jan 2025 01:21:08 GMT Roślinka wyrosła na (4, 9)
19 Jan 2025 01:21:08 GMT Roślinka wyrosła na (5, 2)
19 Jan 2025 01:21:08 GMT Roślinka wyrosła na (4, 4)
19 Jan 2025 01:21:08 GMT Roślinka wyrosła na (9, 0)
19 Jan 2025 01:21:08 GMT Roślinka wyrosła na (3, 3)
19 Jan 2025 01:21:08 GMT Roślinka wyrosła na (1, 2)
19 Jan 2025 01:21:08 GMT Roślinka wyrosła na (5, 4)
19 Jan 2025 01:21:08 GMT Roślinka wyrosła na (0, 1)
19 Jan 2025 01:21:09 GMT Długość listy pozycji: 9
Lista pozycji zwierząt: {(7, 7)=[◥], (2, 3)=[>], (2, 4)=[◤], (3, 8)=[^], (7, 0)=[^], (9, 2)=[>, <, ^, <, ^, ◢, ^], (6, 0)=[◤], (9, 4)=[◣], (5, 1)=[v]}
19 Jan 2025 01:21:09 GMT Zwierzę poruszyło się z (2, 4) na (2, 4)
19 Jan 2025 01:21:09 GMT Długość listy pozycji: 9
Lista pozycji zwierząt: {(7, 7)=[◥], (2, 3)=[>], (2, 4)=[◤], (3, 8)=[^], (7, 0)=[^], (9, 2)=[>, <, ^, <, ^, ◢, ^], (6, 0)=[◤], (9, 4)=[◣], (5, 1)=[◤]}
19 Jan 2025 01:21:09 GMT Zwierzę poruszyło się z (5, 1) na (5, 1)
19 Jan 2025 01:21:09 GMT Długość listy pozycji: 9
Lista pozycji zwierząt: {(7, 7)=[◣], (2, 3)=[>], (2, 4)=[◤], (3, 8)=[^], (7, 0)=[^], (9, 2)=[>, <, ^, <, ^, ◢, ^], (6, 0)=[◤], (9, 4)=[◣], (5, 1)=[◤]}
19 Jan 2025 01:21:09 GMT Zwierzę poruszyło się z (7, 7) na (7, 7)
19 Jan 2025 01:21:09 GMT Długość listy pozycji: 9
Lista pozycji zwierząt: {(7, 7)=[◣], (2, 3)=[>], (2, 4)=[◤], (3, 8)=[^], (7, 0)=[◤], (9, 2)=[>, <, ^, <, ^, ◢, ^], (6, 0)=[◤], (9, 4)=[◣], (5, 1)=[◤]}
19 Jan 2025 01:21:09 GMT Zwierzę poruszyło się z (7, 0) na (7, 0)
19 Jan 2025 01:21:09 GMT Długość listy pozycji: 9
Lista pozycji zwierząt: {(7, 7)=[◣], (2, 3)=[>], (2, 4)=[◤], (3, 8)=[^], (7, 0)=[◤], (9, 2)=[>, v, <, v, <, v, ◢, v], (6, 0)=[◤], (9, 4)=[◣], (5, 1)=[◤]}
19 Jan 2025 01:21:09 GMT Zwierzę poruszyło się z (9, 2) na (9, 2)
19 Jan 2025 01:21:09 GMT Długość listy pozycji: 9
Lista pozycji zwierząt: {(7, 7)=[◣], (2, 3)=[>], (2, 4)=[◤], (0, 5)=[◥], (3, 8)=[^], (7, 0)=[◤], (9, 2)=[>, v, <, v, <, v, ◢, v], (6, 0)=[◤], (5, 1)=[◤]}
19 Jan 2025 01:21:09 GMT Zwierzę poruszyło się z (9, 4) na (0, 5)
19 Jan 2025 01:21:09 GMT Długość listy pozycji: 9
Lista pozycji zwierząt: {(7, 7)=[◣], (2, 3)=[<], (2, 4)=[◤], (0, 5)=[◥], (3, 8)=[^], (7, 0)=[◤], (9, 2)=[>, v, <, v, <, v, ◢, v], (6, 0)=[◤], (5, 1)=[◤]}
19 Jan 2025 01:21:09 GMT Zwierzę poruszyło się z (2, 3) na (2, 3)
19 Jan 2025 01:21:09 GMT Długość listy pozycji: 9
Lista pozycji zwierząt: {(7, 7)=[◣], (2, 3)=[<], (2, 4)=[◤], (0, 5)=[◥], (3, 8)=[^], (7, 0)=[◤], (9, 2)=[>, v, <, v, <, v, ◢, v], (6, 0)=[◤], (5, 1)=[◤]}
19 Jan 2025 01:21:09 GMT Zwierzę poruszyło się z (3, 8) na (3, 8)
19 Jan 2025 01:21:09 GMT Długość listy pozycji: 9
Lista pozycji zwierząt: {(7, 7)=[◣], (2, 3)=[<], (2, 4)=[◤], (0, 5)=[◥], (3, 8)=[^], (7, 0)=[◤], (9, 2)=[>, v, <, v, <, v, ◢, v], (6, 0)=[>], (5, 1)=[◤]}
19 Jan 2025 01:21:09 GMT Zwierzę poruszyło się z (6, 0) na (6, 0)
19 Jan 2025 01:21:10 GMT Zwierzę zjadło roślinkę na (0, 5)
19 Jan 2025 01:21:10 GMT Zwierze zostało położone na (9, 2)
19 Jan 2025 01:21:10 GMT Urodziło się nowe zwierzę na (9, 2)
19 Jan 2025 01:21:10 GMT Roślinka wyrosła na (7, 1)
19 Jan 2025 01:21:10 GMT Roślinka wyrosła na (9, 4)
19 Jan 2025 01:21:10 GMT Roślinka wyrosła na (0, 3)
19 Jan 2025 01:21:10 GMT Roślinka wyrosła na (1, 7)
19 Jan 2025 01:21:10 GMT Roślinka wyrosła na (6, 3)
19 Jan 2025 01:21:10 GMT Roślinka wyrosła na (9, 3)
19 Jan 2025 01:21:10 GMT Roślinka wyrosła na (4, 3)
19 Jan 2025 01:21:10 GMT Roślinka wyrosła na (0, 4)
19 Jan 2025 01:21:10 GMT Roślinka wyrosła na (8, 2)
19 Jan 2025 01:21:10 GMT Roślinka wyrosła na (2, 9)
19 Jan 2025 01:21:10 GMT Długość listy pozycji: 9
Lista pozycji zwierząt: {(7, 7)=[◣], (2, 3)=[<], (2, 4)=[^], (0, 5)=[◥], (3, 8)=[^], (7, 0)=[◤], (9, 2)=[◢, >, v, <, v, <, v, ◢, v], (6, 0)=[>], (5, 1)=[◤]}
19 Jan 2025 01:21:10 GMT Zwierzę poruszyło się z (2, 4) na (2, 4)
19 Jan 2025 01:21:10 GMT Długość listy pozycji: 9
Lista pozycji zwierząt: {(7, 7)=[◣], (2, 3)=[<], (2, 4)=[^], (0, 5)=[◥], (3, 8)=[^], (7, 0)=[◤], (9, 2)=[◢, >, v, <, v, <, v, ◢, v], (6, 0)=[>], (5, 1)=[^]}
19 Jan 2025 01:21:10 GMT Zwierzę poruszyło się z (5, 1) na (5, 1)
19 Jan 2025 01:21:11 GMT Długość listy pozycji: 9
Lista pozycji zwierząt: {(7, 7)=[◥], (2, 3)=[<], (2, 4)=[^], (0, 5)=[◥], (3, 8)=[^], (7, 0)=[◤], (9, 2)=[◢, >, v, <, v, <, v, ◢, v], (6, 0)=[>], (5, 1)=[^]}
19 Jan 2025 01:21:11 GMT Zwierzę poruszyło się z (7, 7) na (7, 7)
19 Jan 2025 01:21:11 GMT Długość listy pozycji: 9
Lista pozycji zwierząt: {(7, 7)=[◥], (2, 3)=[<], (2, 4)=[^], (0, 5)=[◥], (3, 8)=[^], (7, 0)=[<], (9, 2)=[◢, >, v, <, v, <, v, ◢, v], (6, 0)=[>], (5, 1)=[^]}
19 Jan 2025 01:21:11 GMT Zwierzę poruszyło się z (7, 0) na (7, 0)
19 Jan 2025 01:21:11 GMT Długość listy pozycji: 9
Lista pozycji zwierząt: {(7, 7)=[◥], (2, 3)=[<], (2, 4)=[^], (0, 5)=[◥], (3, 8)=[^], (7, 0)=[<], (9, 2)=[◢, ◤, >, ◤, <, ◤, <, ◤, ◢, ◤], (6, 0)=[>], (5, 1)=[^]}
19 Jan 2025 01:21:11 GMT Zwierzę poruszyło się z (9, 2) na (9, 2)
19 Jan 2025 01:21:11 GMT Długość listy pozycji: 9
Lista pozycji zwierząt: {(7, 7)=[◥], (2, 3)=[<], (2, 4)=[^], (3, 8)=[^], (7, 0)=[<], (9, 2)=[◢, ◤, >, ◤, <, ◤, <, ◤, ◢, ◤], (6, 0)=[>], (9, 4)=[◣], (5, 1)=[^]}
19 Jan 2025 01:21:11 GMT Zwierzę poruszyło się z (0, 5) na (9, 4)
19 Jan 2025 01:21:11 GMT Długość listy pozycji: 9
Lista pozycji zwierząt: {(7, 7)=[◥], (2, 3)=[v], (2, 4)=[^], (3, 8)=[^], (7, 0)=[<], (9, 2)=[◢, ◤, >, ◤, <, ◤, <, ◤, ◢, ◤], (6, 0)=[>], (9, 4)=[◣], (5, 1)=[^]}
19 Jan 2025 01:21:11 GMT Zwierzę poruszyło się z (2, 3) na (2, 3)
19 Jan 2025 01:21:11 GMT Długość listy pozycji: 9
Lista pozycji zwierząt: {(7, 7)=[◥], (2, 3)=[v], (2, 4)=[^], (3, 8)=[^], (7, 0)=[<], (9, 2)=[◢, ◤, >, ◤, <, ◤, <, ◤, ◢, ◤], (6, 0)=[>], (9, 4)=[◣], (5, 1)=[^]}
19 Jan 2025 01:21:11 GMT Zwierzę poruszyło się z (3, 8) na (3, 8)
19 Jan 2025 01:21:11 GMT Długość listy pozycji: 9
Lista pozycji zwierząt: {(7, 7)=[◥], (2, 3)=[v], (2, 4)=[^], (3, 8)=[^], (7, 0)=[<], (9, 2)=[◢, ◤, >, ◤, <, ◤, <, ◤, ◢, ◤], (6, 0)=[◥], (9, 4)=[◣], (5, 1)=[^]}
19 Jan 2025 01:21:11 GMT Zwierzę poruszyło się z (6, 0) na (6, 0)
19 Jan 2025 01:21:11 GMT Zwierzę zjadło roślinkę na (9, 4)
19 Jan 2025 01:21:12 GMT Zwierze zostało położone na (9, 2)
19 Jan 2025 01:21:12 GMT Urodziło się nowe zwierzę na (9, 2)
19 Jan 2025 01:21:12 GMT Roślinka wyrosła na (0, 7)
19 Jan 2025 01:21:12 GMT Roślinka wyrosła na (8, 1)
19 Jan 2025 01:21:12 GMT Roślinka wyrosła na (5, 0)
19 Jan 2025 01:21:12 GMT Roślinka wyrosła na (8, 0)
19 Jan 2025 01:21:12 GMT Roślinka wyrosła na (0, 8)
19 Jan 2025 01:21:12 GMT Roślinka wyrosła na (2, 2)
19 Jan 2025 01:21:12 GMT Roślinka wyrosła na (9, 8)
19 Jan 2025 01:21:12 GMT Roślinka wyrosła na (4, 1)
19 Jan 2025 01:21:12 GMT Roślinka wyrosła na (9, 2)
19 Jan 2025 01:21:12 GMT Roślinka wyrosła na (7, 9)
19 Jan 2025 01:21:12 GMT Długość listy pozycji: 9
Lista pozycji zwierząt: {(7, 7)=[◥], (2, 3)=[v], (2, 4)=[◣], (3, 8)=[^], (7, 0)=[<], (9, 2)=[<, ◢, ◤, >, ◤, <, ◤, <, ◤, ◢, ◤], (6, 0)=[◥], (9, 4)=[◣], (5, 1)=[^]}
19 Jan 2025 01:21:12 GMT Zwierzę poruszyło się z (2, 4) na (2, 4)
19 Jan 2025 01:21:12 GMT Długość listy pozycji: 9
Lista pozycji zwierząt: {(7, 7)=[◥], (2, 3)=[v], (2, 4)=[◣], (3, 8)=[^], (7, 0)=[<], (9, 2)=[<, ◢, ◤, >, ◤, <, ◤, <, ◤, ◢, ◤], (6, 0)=[◥], (9, 4)=[◣], (5, 1)=[^]}
19 Jan 2025 01:21:12 GMT Zwierzę poruszyło się z (5, 1) na (5, 1)
19 Jan 2025 01:21:12 GMT Długość listy pozycji: 9
Lista pozycji zwierząt: {(7, 7)=[^], (2, 3)=[v], (2, 4)=[◣], (3, 8)=[^], (7, 0)=[<], (9, 2)=[<, ◢, ◤, >, ◤, <, ◤, <, ◤, ◢, ◤], (6, 0)=[◥], (9, 4)=[◣], (5, 1)=[^]}
19 Jan 2025 01:21:12 GMT Zwierzę poruszyło się z (7, 7) na (7, 7)
19 Jan 2025 01:21:12 GMT Długość listy pozycji: 9
Lista pozycji zwierząt: {(7, 7)=[^], (2, 3)=[v], (2, 4)=[◣], (3, 8)=[^], (7, 0)=[◤], (9, 2)=[<, ◢, ◤, >, ◤, <, ◤, <, ◤, ◢, ◤], (6, 0)=[◥], (9, 4)=[◣], (5, 1)=[^]}
19 Jan 2025 01:21:12 GMT Zwierzę poruszyło się z (7, 0) na (7, 0)
19 Jan 2025 01:21:12 GMT Długość listy pozycji: 10
Lista pozycji zwierząt: {(7, 7)=[^], (0, 1)=[◢], (2, 3)=[v], (2, 4)=[◣], (3, 8)=[^], (7, 0)=[◤], (9, 2)=[<, ◢, ◢, >, ◢, <, ◢, <, ◢, ◢, ◢], (6, 0)=[◥], (9, 4)=[◣], (5, 1)=[^]}
19 Jan 2025 01:21:12 GMT Zwierzę poruszyło się z (9, 2) na (0, 1)
19 Jan 2025 01:21:12 GMT Długość listy pozycji: 10
Lista pozycji zwierząt: {(7, 7)=[^], (0, 1)=[◢], (2, 3)=[v], (2, 4)=[◣], (0, 4)=[>], (3, 8)=[^], (7, 0)=[◤], (9, 2)=[<, ◢, ◢, >, ◢, <, ◢, <, ◢, ◢, ◢], (6, 0)=[◥], (5, 1)=[^]}
19 Jan 2025 01:21:12 GMT Zwierzę poruszyło się z (9, 4) na (0, 4)
19 Jan 2025 01:21:12 GMT Długość listy pozycji: 10
Lista pozycji zwierząt: {(7, 7)=[^], (0, 1)=[◢], (2, 3)=[◤], (2, 4)=[◣], (0, 4)=[>], (3, 8)=[^], (7, 0)=[◤], (9, 2)=[<, ◢, ◢, >, ◢, <, ◢, <, ◢, ◢, ◢], (6, 0)=[◥], (5, 1)=[^]}
19 Jan 2025 01:21:12 GMT Zwierzę poruszyło się z (2, 3) na (2, 3)
19 Jan 2025 01:21:13 GMT Długość listy pozycji: 10
Lista pozycji zwierząt: {(7, 7)=[^], (0, 1)=[◢], (2, 3)=[◤], (2, 4)=[◣], (0, 4)=[>], (3, 8)=[◥], (7, 0)=[◤], (9, 2)=[<, ◢, ◢, >, ◢, <, ◢, <, ◢, ◢, ◢], (6, 0)=[◥], (5, 1)=[^]}
19 Jan 2025 01:21:13 GMT Zwierzę poruszyło się z (3, 8) na (3, 8)
19 Jan 2025 01:21:13 GMT Długość listy pozycji: 10
Lista pozycji zwierząt: {(7, 7)=[^], (0, 1)=[◢], (2, 3)=[◤], (2, 4)=[◣], (0, 4)=[>], (3, 8)=[◥], (7, 0)=[◤], (9, 2)=[<, ◢, ◢, >, ◢, <, ◢, <, ◢, ◢, ◢], (6, 0)=[◤], (5, 1)=[^]}
19 Jan 2025 01:21:13 GMT Zwierzę poruszyło się z (6, 0) na (6, 0)
19 Jan 2025 01:21:13 GMT Zwierzę zjadło roślinkę na (0, 1)
19 Jan 2025 01:21:13 GMT Zwierzę zjadło roślinkę na (0, 4)
19 Jan 2025 01:21:13 GMT Zwierzę zjadło roślinkę na (9, 2)
19 Jan 2025 01:21:13 GMT Zwierze zostało położone na (9, 2)
19 Jan 2025 01:21:13 GMT Urodziło się nowe zwierzę na (9, 2)
19 Jan 2025 01:21:13 GMT Roślinka wyrosła na (7, 3)
19 Jan 2025 01:21:13 GMT Roślinka wyrosła na (8, 4)
19 Jan 2025 01:21:13 GMT Roślinka wyrosła na (3, 1)
19 Jan 2025 01:21:13 GMT Roślinka wyrosła na (6, 2)
19 Jan 2025 01:21:13 GMT Roślinka wyrosła na (6, 8)
19 Jan 2025 01:21:13 GMT Roślinka wyrosła na (5, 9)
19 Jan 2025 01:21:13 GMT Roślinka wyrosła na (7, 4)
19 Jan 2025 01:21:13 GMT Roślinka wyrosła na (4, 0)
19 Jan 2025 01:21:13 GMT Roślinka wyrosła na (7, 7)
19 Jan 2025 01:21:13 GMT Roślinka wyrosła na (2, 1)
19 Jan 2025 01:21:14 GMT Długość listy pozycji: 10
Lista pozycji zwierząt: {(7, 7)=[^], (0, 1)=[◢], (2, 3)=[◤], (2, 4)=[◤], (0, 4)=[>], (3, 8)=[◥], (7, 0)=[◤], (9, 2)=[◢, <, ◢, ◢, >, ◢, <, ◢, <, ◢, ◢, ◢], (6, 0)=[◤], (5, 1)=[^]}
19 Jan 2025 01:21:14 GMT Zwierzę poruszyło się z (2, 4) na (2, 4)
19 Jan 2025 01:21:14 GMT Długość listy pozycji: 10
Lista pozycji zwierząt: {(7, 7)=[^], (0, 1)=[◢], (2, 3)=[◤], (2, 4)=[◤], (0, 4)=[>], (3, 8)=[◥], (7, 0)=[◤], (9, 2)=[◢, <, ◢, ◢, >, ◢, <, ◢, <, ◢, ◢, ◢], (6, 0)=[◤], (5, 1)=[^]}
19 Jan 2025 01:21:14 GMT Zwierzę poruszyło się z (5, 1) na (5, 1)
19 Jan 2025 01:21:14 GMT Długość listy pozycji: 10
Lista pozycji zwierząt: {(7, 7)=[◥], (0, 1)=[◢], (2, 3)=[◤], (2, 4)=[◤], (0, 4)=[>], (3, 8)=[◥], (7, 0)=[◤], (9, 2)=[◢, <, ◢, ◢, >, ◢, <, ◢, <, ◢, ◢, ◢], (6, 0)=[◤], (5, 1)=[^]}
19 Jan 2025 01:21:14 GMT Zwierzę poruszyło się z (7, 7) na (7, 7)
19 Jan 2025 01:21:14 GMT Długość listy pozycji: 10
Lista pozycji zwierząt: {(7, 7)=[◥], (0, 1)=[◢], (2, 3)=[◤], (2, 4)=[◤], (0, 4)=[>], (3, 8)=[◥], (7, 0)=[<], (9, 2)=[◢, <, ◢, ◢, >, ◢, <, ◢, <, ◢, ◢, ◢], (6, 0)=[◤], (5, 1)=[^]}
19 Jan 2025 01:21:14 GMT Zwierzę poruszyło się z (7, 0) na (7, 0)
19 Jan 2025 01:21:14 GMT Długość listy pozycji: 10
Lista pozycji zwierząt: {(7, 7)=[◥], (0, 1)=[◢], (2, 3)=[◤], (2, 4)=[◤], (0, 4)=[>], (3, 8)=[◥], (7, 0)=[<], (9, 2)=[◢, <, ◢, ◢, >, ◢, <, ◢, <, ◢, ◢, ◢], (6, 0)=[◤], (5, 1)=[^]}
19 Jan 2025 01:21:14 GMT Zwierzę poruszyło się z (0, 1) na (0, 1)
19 Jan 2025 01:21:14 GMT Długość listy pozycji: 10
Lista pozycji zwierząt: {(7, 7)=[◥], (0, 1)=[◢], (2, 3)=[◤], (2, 4)=[◤], (0, 4)=[v], (3, 8)=[◥], (7, 0)=[<], (9, 2)=[◢, <, ◢, ◢, >, ◢, <, ◢, <, ◢, ◢, ◢], (6, 0)=[◤], (5, 1)=[^]}
19 Jan 2025 01:21:14 GMT Zwierzę poruszyło się z (0, 4) na (0, 4)
19 Jan 2025 01:21:14 GMT Długość listy pozycji: 10
Lista pozycji zwierząt: {(7, 7)=[◥], (0, 1)=[◢], (2, 3)=[>], (2, 4)=[◤], (0, 4)=[v], (3, 8)=[◥], (7, 0)=[<], (9, 2)=[◢, <, ◢, ◢, >, ◢, <, ◢, <, ◢, ◢, ◢], (6, 0)=[◤], (5, 1)=[^]}
19 Jan 2025 01:21:14 GMT Zwierzę poruszyło się z (2, 3) na (2, 3)
19 Jan 2025 01:21:14 GMT Długość listy pozycji: 10
Lista pozycji zwierząt: {(7, 7)=[◥], (0, 1)=[◢], (2, 3)=[>], (2, 4)=[◤], (0, 4)=[v], (3, 8)=[◢], (7, 0)=[<], (9, 2)=[◢, <, ◢, ◢, >, ◢, <, ◢, <, ◢, ◢, ◢], (6, 0)=[◤], (5, 1)=[^]}
19 Jan 2025 01:21:14 GMT Zwierzę poruszyło się z (3, 8) na (3, 8)
19 Jan 2025 01:21:15 GMT Długość listy pozycji: 10
Lista pozycji zwierząt: {(7, 7)=[◥], (0, 1)=[◢], (2, 3)=[>], (2, 4)=[◤], (0, 4)=[v], (3, 8)=[◢], (7, 0)=[<], (9, 2)=[◢, <, ◢, ◢, >, ◢, <, ◢, <, ◢, ◢, ◢], (6, 0)=[^], (5, 1)=[^]}
19 Jan 2025 01:21:15 GMT Zwierzę poruszyło się z (6, 0) na (6, 0)
19 Jan 2025 01:21:15 GMT Zwierzę zjadło roślinkę na (7, 7)
19 Jan 2025 01:21:15 GMT Zwierze zostało położone na (9, 2)
19 Jan 2025 01:21:15 GMT Urodziło się nowe zwierzę na (9, 2)
19 Jan 2025 01:21:15 GMT Roślinka wyrosła na null
19 Jan 2025 01:21:15 GMT Roślinka wyrosła na null
19 Jan 2025 01:21:16 GMT Roślinka wyrosła na null
19 Jan 2025 01:21:16 GMT Roślinka wyrosła na null
19 Jan 2025 01:21:16 GMT Roślinka wyrosła na null
19 Jan 2025 01:21:16 GMT Roślinka wyrosła na null
19 Jan 2025 01:21:16 GMT Roślinka wyrosła na null
19 Jan 2025 01:21:16 GMT Roślinka wyrosła na null
19 Jan 2025 01:21:16 GMT Roślinka wyrosła na null
19 Jan 2025 01:21:16 GMT Roślinka wyrosła na null
19 Jan 2025 01:21:16 GMT Długość listy pozycji: 10
Lista pozycji zwierząt: {(7, 7)=[◥], (0, 1)=[◢], (2, 3)=[>], (2, 4)=[◥], (0, 4)=[v], (3, 8)=[◢], (7, 0)=[<], (9, 2)=[◤, ◢, <, ◢, ◢, >, ◢, <, ◢, <, ◢, ◢, ◢], (6, 0)=[^], (5, 1)=[^]}
19 Jan 2025 01:21:16 GMT Zwierzę poruszyło się z (2, 4) na (2, 4)
19 Jan 2025 01:21:16 GMT Długość listy pozycji: 10
Lista pozycji zwierząt: {(7, 7)=[◥], (0, 1)=[◢], (2, 3)=[>], (2, 4)=[◥], (0, 4)=[v], (3, 8)=[◢], (7, 0)=[<], (9, 2)=[◤, ◢, <, ◢, ◢, >, ◢, <, ◢, <, ◢, ◢, ◢], (6, 0)=[^], (5, 1)=[◥]}
19 Jan 2025 01:21:16 GMT Zwierzę poruszyło się z (5, 1) na (5, 1)
19 Jan 2025 01:21:16 GMT Długość listy pozycji: 10
Lista pozycji zwierząt: {(7, 7)=[◣], (0, 1)=[◢], (2, 3)=[>], (2, 4)=[◥], (0, 4)=[v], (3, 8)=[◢], (7, 0)=[<], (9, 2)=[◤, ◢, <, ◢, ◢, >, ◢, <, ◢, <, ◢, ◢, ◢], (6, 0)=[^], (5, 1)=[◥]}
19 Jan 2025 01:21:16 GMT Zwierzę poruszyło się z (7, 7) na (7, 7)
19 Jan 2025 01:21:16 GMT Długość listy pozycji: 10
Lista pozycji zwierząt: {(7, 7)=[◣], (0, 1)=[◢], (2, 3)=[>], (2, 4)=[◥], (0, 4)=[v], (3, 8)=[◢], (7, 0)=[^], (9, 2)=[◤, ◢, <, ◢, ◢, >, ◢, <, ◢, <, ◢, ◢, ◢], (6, 0)=[^], (5, 1)=[◥]}
19 Jan 2025 01:21:16 GMT Zwierzę poruszyło się z (7, 0) na (7, 0)
19 Jan 2025 01:21:16 GMT Długość listy pozycji: 10
Lista pozycji zwierząt: {(7, 7)=[◣], (0, 1)=[>], (2, 3)=[>], (2, 4)=[◥], (0, 4)=[v], (3, 8)=[◢], (7, 0)=[^], (9, 2)=[◤, ◢, <, ◢, >, >, >, <, >, <, >, ◢, >], (6, 0)=[^], (5, 1)=[◥]}
19 Jan 2025 01:21:16 GMT Zwierzę poruszyło się z (0, 1) na (0, 1)
19 Jan 2025 01:21:16 GMT Długość listy pozycji: 10
Lista pozycji zwierząt: {(7, 7)=[◣], (0, 1)=[>], (2, 3)=[>], (2, 4)=[◥], (0, 4)=[◢], (3, 8)=[◢], (7, 0)=[^], (9, 2)=[◤, ◢, <, ◢, >, >, >, <, >, <, >, ◢, >], (6, 0)=[^], (5, 1)=[◥]}
19 Jan 2025 01:21:16 GMT Zwierzę poruszyło się z (0, 4) na (0, 4)
19 Jan 2025 01:21:17 GMT Długość listy pozycji: 10
Lista pozycji zwierząt: {(7, 7)=[◣], (0, 1)=[>], (2, 3)=[◢], (2, 4)=[◥], (0, 4)=[◢], (3, 8)=[◢], (7, 0)=[^], (9, 2)=[◤, ◢, <, ◢, >, >, >, <, >, <, >, ◢, >], (6, 0)=[^], (5, 1)=[◥]}
19 Jan 2025 01:21:17 GMT Zwierzę poruszyło się z (2, 3) na (2, 3)
19 Jan 2025 01:21:17 GMT Długość listy pozycji: 10
Lista pozycji zwierząt: {(7, 7)=[◣], (0, 1)=[>], (2, 3)=[◢], (2, 4)=[◥], (0, 4)=[◢], (3, 8)=[v], (7, 0)=[^], (9, 2)=[◤, ◢, <, ◢, >, >, >, <, >, <, >, ◢, >], (6, 0)=[^], (5, 1)=[◥]}
19 Jan 2025 01:21:17 GMT Zwierzę poruszyło się z (3, 8) na (3, 8)
19 Jan 2025 01:21:17 GMT Długość listy pozycji: 10
Lista pozycji zwierząt: {(7, 7)=[◣], (0, 1)=[>], (2, 3)=[◢], (2, 4)=[◥], (0, 4)=[◢], (3, 8)=[v], (7, 0)=[^], (9, 2)=[◤, ◢, <, ◢, >, >, >, <, >, <, >, ◢, >], (6, 0)=[◥], (5, 1)=[◥]}
19 Jan 2025 01:21:17 GMT Zwierzę poruszyło się z (6, 0) na (6, 0)
19 Jan 2025 01:21:17 GMT Zwierze zostało położone na (9, 2)
19 Jan 2025 01:21:17 GMT Urodziło się nowe zwierzę na (9, 2)
19 Jan 2025 01:21:17 GMT Roślinka wyrosła na null
19 Jan 2025 01:21:17 GMT Roślinka wyrosła na null
19 Jan 2025 01:21:17 GMT Roślinka wyrosła na null
19 Jan 2025 01:21:17 GMT Roślinka wyrosła na null
19 Jan 2025 01:21:17 GMT Roślinka wyrosła na null
19 Jan 2025 01:21:17 GMT Roślinka wyrosła na null
19 Jan 2025 01:21:17 GMT Roślinka wyrosła na null
19 Jan 2025 01:21:17 GMT Roślinka wyrosła na null
19 Jan 2025 01:21:17 GMT Roślinka wyrosła na null
19 Jan 2025 01:21:17 GMT Roślinka wyrosła na null
19 Jan 2025 01:21:18 GMT Długość listy pozycji: 10
Lista pozycji zwierząt: {(7, 7)=[◣], (0, 1)=[>], (2, 3)=[◢], (2, 4)=[>], (0, 4)=[◢], (3, 8)=[v], (7, 0)=[^], (9, 2)=[◤, ◤, ◢, <, ◢, >, >, >, <, >, <, >, ◢, >], (6, 0)=[◥], (5, 1)=[◥]}
19 Jan 2025 01:21:18 GMT Zwierzę poruszyło się z (2, 4) na (2, 4)
19 Jan 2025 01:21:18 GMT Długość listy pozycji: 10
Lista pozycji zwierząt: {(7, 7)=[◣], (0, 1)=[>], (2, 3)=[◢], (2, 4)=[>], (0, 4)=[◢], (3, 8)=[v], (7, 0)=[^], (9, 2)=[◤, ◤, ◢, <, ◢, >, >, >, <, >, <, >, ◢, >], (6, 0)=[◥], (5, 1)=[>]}
19 Jan 2025 01:21:18 GMT Zwierzę poruszyło się z (5, 1) na (5, 1)
19 Jan 2025 01:21:18 GMT Długość listy pozycji: 10
Lista pozycji zwierząt: {(7, 7)=[<], (0, 1)=[>], (2, 3)=[◢], (2, 4)=[>], (0, 4)=[◢], (3, 8)=[v], (7, 0)=[^], (9, 2)=[◤, ◤, ◢, <, ◢, >, >, >, <, >, <, >, ◢, >], (6, 0)=[◥], (5, 1)=[>]}
19 Jan 2025 01:21:18 GMT Zwierzę poruszyło się z (7, 7) na (7, 7)
19 Jan 2025 01:21:18 GMT Długość listy pozycji: 10
Lista pozycji zwierząt: {(7, 7)=[<], (0, 1)=[>], (2, 3)=[◢], (2, 4)=[>], (0, 4)=[◢], (3, 8)=[v], (7, 0)=[◤], (9, 2)=[◤, ◤, ◢, <, ◢, >, >, >, <, >, <, >, ◢, >], (6, 0)=[◥], (5, 1)=[>]}
19 Jan 2025 01:21:18 GMT Zwierzę poruszyło się z (7, 0) na (7, 0)
19 Jan 2025 01:21:18 GMT Długość listy pozycji: 10
Lista pozycji zwierząt: {(7, 7)=[<], (0, 1)=[^], (2, 3)=[◢], (2, 4)=[>], (0, 4)=[◢], (3, 8)=[v], (7, 0)=[◤], (9, 2)=[◤, ◤, ◢, <, ◢, ^, >, ^, <, ^, <, ^, ◢, ^], (6, 0)=[◥], (5, 1)=[>]}
19 Jan 2025 01:21:18 GMT Zwierzę poruszyło się z (0, 1) na (0, 1)
19 Jan 2025 01:21:18 GMT Długość listy pozycji: 10
Lista pozycji zwierząt: {(7, 7)=[<], (0, 1)=[^], (2, 3)=[◢], (2, 4)=[>], (0, 4)=[^], (3, 8)=[v], (7, 0)=[◤], (9, 2)=[◤, ◤, ◢, <, ◢, ^, >, ^, <, ^, <, ^, ◢, ^], (6, 0)=[◥], (5, 1)=[>]}
19 Jan 2025 01:21:18 GMT Zwierzę poruszyło się z (0, 4) na (0, 4)
19 Jan 2025 01:21:18 GMT Długość listy pozycji: 10
Lista pozycji zwierząt: {(7, 7)=[<], (0, 1)=[^], (2, 3)=[<], (2, 4)=[>], (0, 4)=[^], (3, 8)=[v], (7, 0)=[◤], (9, 2)=[◤, ◤, ◢, <, ◢, ^, >, ^, <, ^, <, ^, ◢, ^], (6, 0)=[◥], (5, 1)=[>]}
19 Jan 2025 01:21:18 GMT Zwierzę poruszyło się z (2, 3) na (2, 3)
19 Jan 2025 01:21:18 GMT Długość listy pozycji: 10
Lista pozycji zwierząt: {(7, 7)=[<], (0, 1)=[^], (2, 3)=[<], (2, 4)=[>], (0, 4)=[^], (3, 8)=[◣], (7, 0)=[◤], (9, 2)=[◤, ◤, ◢, <, ◢, ^, >, ^, <, ^, <, ^, ◢, ^], (6, 0)=[◥], (5, 1)=[>]}
19 Jan 2025 01:21:18 GMT Zwierzę poruszyło się z (3, 8) na (3, 8)
19 Jan 2025 01:21:19 GMT Długość listy pozycji: 10
Lista pozycji zwierząt: {(7, 7)=[<], (0, 1)=[^], (2, 3)=[<], (2, 4)=[>], (0, 4)=[^], (3, 8)=[◣], (7, 0)=[◤], (9, 2)=[◤, ◤, ◢, <, ◢, ^, >, ^, <, ^, <, ^, ◢, ^], (6, 0)=[◥], (5, 1)=[>]}
19 Jan 2025 01:21:19 GMT Zwierzę poruszyło się z (6, 0) na (6, 0)
19 Jan 2025 01:21:19 GMT Zwierze zostało położone na (9, 2)
19 Jan 2025 01:21:19 GMT Urodziło się nowe zwierzę na (9, 2)
19 Jan 2025 01:21:19 GMT Roślinka wyrosła na null
19 Jan 2025 01:21:19 GMT Roślinka wyrosła na null
19 Jan 2025 01:21:19 GMT Roślinka wyrosła na null
19 Jan 2025 01:21:19 GMT Roślinka wyrosła na null
19 Jan 2025 01:21:19 GMT Roślinka wyrosła na null
19 Jan 2025 01:21:19 GMT Roślinka wyrosła na null
19 Jan 2025 01:21:19 GMT Roślinka wyrosła na null
19 Jan 2025 01:21:19 GMT Roślinka wyrosła na null
19 Jan 2025 01:21:19 GMT Roślinka wyrosła na null
19 Jan 2025 01:21:19 GMT Roślinka wyrosła na null
19 Jan 2025 01:21:19 GMT Długość listy pozycji: 10
Lista pozycji zwierząt: {(7, 7)=[<], (0, 1)=[^], (2, 3)=[<], (2, 4)=[◤], (0, 4)=[^], (3, 8)=[◣], (7, 0)=[◤], (9, 2)=[◤, ◤, ◤, ◢, <, ◢, ^, >, ^, <, ^, <, ^, ◢, ^], (6, 0)=[◥], (5, 1)=[>]}
19 Jan 2025 01:21:19 GMT Zwierzę poruszyło się z (2, 4) na (2, 4)
19 Jan 2025 01:21:20 GMT Długość listy pozycji: 10
Lista pozycji zwierząt: {(7, 7)=[<], (0, 1)=[^], (2, 3)=[<], (2, 4)=[◤], (0, 4)=[^], (3, 8)=[◣], (7, 0)=[◤], (9, 2)=[◤, ◤, ◤, ◢, <, ◢, ^, >, ^, <, ^, <, ^, ◢, ^], (6, 0)=[◥], (5, 1)=[◣]}
19 Jan 2025 01:21:20 GMT Zwierzę poruszyło się z (5, 1) na (5, 1)
19 Jan 2025 01:21:20 GMT Długość listy pozycji: 10
Lista pozycji zwierząt: {(7, 7)=[v], (0, 1)=[^], (2, 3)=[<], (2, 4)=[◤], (0, 4)=[^], (3, 8)=[◣], (7, 0)=[◤], (9, 2)=[◤, ◤, ◤, ◢, <, ◢, ^, >, ^, <, ^, <, ^, ◢, ^], (6, 0)=[◥], (5, 1)=[◣]}
19 Jan 2025 01:21:20 GMT Zwierzę poruszyło się z (7, 7) na (7, 7)
19 Jan 2025 01:21:20 GMT Długość listy pozycji: 10
Lista pozycji zwierząt: {(7, 7)=[v], (0, 1)=[^], (2, 3)=[<], (2, 4)=[◤], (0, 4)=[^], (3, 8)=[◣], (7, 0)=[^], (9, 2)=[◤, ◤, ◤, ◢, <, ◢, ^, >, ^, <, ^, <, ^, ◢, ^], (6, 0)=[◥], (5, 1)=[◣]}
19 Jan 2025 01:21:20 GMT Zwierzę poruszyło się z (7, 0) na (7, 0)
19 Jan 2025 01:21:20 GMT Długość listy pozycji: 10
Lista pozycji zwierząt: {(7, 7)=[v], (0, 1)=[>], (2, 3)=[<], (2, 4)=[◤], (0, 4)=[^], (3, 8)=[◣], (7, 0)=[^], (9, 2)=[◤, ◤, ◤, ◢, <, ◢, >, >, >, <, >, <, >, ◢, >], (6, 0)=[◥], (5, 1)=[◣]}
19 Jan 2025 01:21:20 GMT Zwierzę poruszyło się z (0, 1) na (0, 1)
19 Jan 2025 01:21:20 GMT Długość listy pozycji: 10
Lista pozycji zwierząt: {(7, 7)=[v], (0, 1)=[>], (2, 3)=[<], (2, 4)=[◤], (3, 8)=[◣], (7, 0)=[^], (9, 2)=[◤, ◤, ◤, ◢, <, ◢, >, >, >, <, >, <, >, ◢, >], (6, 0)=[◥], (9, 4)=[<], (5, 1)=[◣]}
19 Jan 2025 01:21:20 GMT Zwierzę poruszyło się z (0, 4) na (9, 4)
19 Jan 2025 01:21:20 GMT Długość listy pozycji: 10
Lista pozycji zwierząt: {(7, 7)=[v], (0, 1)=[>], (2, 3)=[<], (2, 4)=[◤], (3, 8)=[◣], (7, 0)=[^], (9, 2)=[◤, ◤, ◤, ◢, <, ◢, >, >, >, <, >, <, >, ◢, >], (6, 0)=[◥], (9, 4)=[<], (5, 1)=[◣]}
19 Jan 2025 01:21:20 GMT Zwierzę poruszyło się z (2, 3) na (2, 3)
19 Jan 2025 01:21:20 GMT Długość listy pozycji: 10
Lista pozycji zwierząt: {(7, 7)=[v], (0, 1)=[>], (2, 3)=[<], (2, 4)=[◤], (3, 8)=[◢], (7, 0)=[^], (9, 2)=[◤, ◤, ◤, ◢, <, ◢, >, >, >, <, >, <, >, ◢, >], (6, 0)=[◥], (9, 4)=[<], (5, 1)=[◣]}
19 Jan 2025 01:21:20 GMT Zwierzę poruszyło się z (3, 8) na (3, 8)
19 Jan 2025 01:21:20 GMT Długość listy pozycji: 10
Lista pozycji zwierząt: {(7, 7)=[v], (0, 1)=[>], (2, 3)=[<], (2, 4)=[◤], (3, 8)=[◢], (7, 0)=[^], (9, 2)=[◤, ◤, ◤, ◢, <, ◢, >, >, >, <, >, <, >, ◢, >], (6, 0)=[◥], (9, 4)=[<], (5, 1)=[◣]}
19 Jan 2025 01:21:20 GMT Zwierzę poruszyło się z (6, 0) na (6, 0)
19 Jan 2025 01:21:21 GMT Zwierze zostało położone na (9, 2)
19 Jan 2025 01:21:21 GMT Urodziło się nowe zwierzę na (9, 2)
19 Jan 2025 01:21:21 GMT Roślinka wyrosła na null
19 Jan 2025 01:21:21 GMT Roślinka wyrosła na null
19 Jan 2025 01:21:21 GMT Roślinka wyrosła na null
19 Jan 2025 01:21:21 GMT Roślinka wyrosła na null
19 Jan 2025 01:21:21 GMT Roślinka wyrosła na null
19 Jan 2025 01:21:21 GMT Roślinka wyrosła na null
19 Jan 2025 01:21:21 GMT Roślinka wyrosła na null
19 Jan 2025 01:21:21 GMT Roślinka wyrosła na null
19 Jan 2025 01:21:21 GMT Roślinka wyrosła na null
19 Jan 2025 01:21:21 GMT Roślinka wyrosła na null
19 Jan 2025 01:21:21 GMT Długość listy pozycji: 10
Lista pozycji zwierząt: {(7, 7)=[v], (0, 1)=[>], (2, 3)=[<], (2, 4)=[◣], (3, 8)=[◢], (7, 0)=[^], (9, 2)=[>, ◤, ◤, ◤, ◢, <, ◢, >, >, >, <, >, <, >, ◢, >], (6, 0)=[◥], (9, 4)=[<], (5, 1)=[◣]}
19 Jan 2025 01:21:21 GMT Zwierzę poruszyło się z (2, 4) na (2, 4)
19 Jan 2025 01:21:21 GMT Długość listy pozycji: 10
Lista pozycji zwierząt: {(7, 7)=[v], (0, 1)=[>], (2, 3)=[<], (2, 4)=[◣], (3, 8)=[◢], (7, 0)=[^], (9, 2)=[>, ◤, ◤, ◤, ◢, <, ◢, >, >, >, <, >, <, >, ◢, >], (6, 0)=[◥], (9, 4)=[<], (5, 1)=[v]}
19 Jan 2025 01:21:21 GMT Zwierzę poruszyło się z (5, 1) na (5, 1)
19 Jan 2025 01:21:21 GMT Długość listy pozycji: 10
Lista pozycji zwierząt: {(7, 7)=[^], (0, 1)=[>], (2, 3)=[<], (2, 4)=[◣], (3, 8)=[◢], (7, 0)=[^], (9, 2)=[>, ◤, ◤, ◤, ◢, <, ◢, >, >, >, <, >, <, >, ◢, >], (6, 0)=[◥], (9, 4)=[<], (5, 1)=[v]}
19 Jan 2025 01:21:21 GMT Zwierzę poruszyło się z (7, 7) na (7, 7)
19 Jan 2025 01:21:21 GMT Długość listy pozycji: 10
Lista pozycji zwierząt: {(7, 7)=[^], (0, 1)=[>], (2, 3)=[<], (2, 4)=[◣], (3, 8)=[◢], (7, 0)=[◥], (9, 2)=[>, ◤, ◤, ◤, ◢, <, ◢, >, >, >, <, >, <, >, ◢, >], (6, 0)=[◥], (9, 4)=[<], (5, 1)=[v]}
19 Jan 2025 01:21:21 GMT Zwierzę poruszyło się z (7, 0) na (7, 0)
19 Jan 2025 01:21:21 GMT Długość listy pozycji: 10
Lista pozycji zwierząt: {(7, 7)=[^], (0, 1)=[◢], (2, 3)=[<], (2, 4)=[◣], (3, 8)=[◢], (7, 0)=[◥], (9, 2)=[>, ◤, ◤, ◤, ◢, <, ◢, ◢, >, ◢, <, ◢, <, ◢, ◢, ◢], (6, 0)=[◥], (9, 4)=[<], (5, 1)=[v]}
19 Jan 2025 01:21:21 GMT Zwierzę poruszyło się z (0, 1) na (0, 1)
19 Jan 2025 01:21:21 GMT Długość listy pozycji: 10
Lista pozycji zwierząt: {(7, 7)=[^], (0, 1)=[◢], (2, 3)=[<], (2, 4)=[◣], (3, 8)=[◢], (7, 0)=[◥], (9, 2)=[>, ◤, ◤, ◤, ◢, <, ◢, ◢, >, ◢, <, ◢, <, ◢, ◢, ◢], (6, 0)=[◥], (9, 4)=[^], (5, 1)=[v]}
19 Jan 2025 01:21:21 GMT Zwierzę poruszyło się z (9, 4) na (9, 4)
19 Jan 2025 01:21:22 GMT Długość listy pozycji: 10
Lista pozycji zwierząt: {(7, 7)=[^], (0, 1)=[◢], (2, 3)=[^], (2, 4)=[◣], (3, 8)=[◢], (7, 0)=[◥], (9, 2)=[>, ◤, ◤, ◤, ◢, <, ◢, ◢, >, ◢, <, ◢, <, ◢, ◢, ◢], (6, 0)=[◥], (9, 4)=[^], (5, 1)=[v]}
19 Jan 2025 01:21:22 GMT Zwierzę poruszyło się z (2, 3) na (2, 3)
19 Jan 2025 01:21:22 GMT Długość listy pozycji: 10
Lista pozycji zwierząt: {(7, 7)=[^], (0, 1)=[◢], (2, 3)=[^], (2, 4)=[◣], (3, 8)=[◥], (7, 0)=[◥], (9, 2)=[>, ◤, ◤, ◤, ◢, <, ◢, ◢, >, ◢, <, ◢, <, ◢, ◢, ◢], (6, 0)=[◥], (9, 4)=[^], (5, 1)=[v]}
19 Jan 2025 01:21:22 GMT Zwierzę poruszyło się z (3, 8) na (3, 8)
19 Jan 2025 01:21:22 GMT Długość listy pozycji: 10
Lista pozycji zwierząt: {(7, 7)=[^], (0, 1)=[◢], (2, 3)=[^], (2, 4)=[◣], (3, 8)=[◥], (7, 0)=[◥], (9, 2)=[>, ◤, ◤, ◤, ◢, <, ◢, ◢, >, ◢, <, ◢, <, ◢, ◢, ◢], (6, 0)=[◤], (9, 4)=[^], (5, 1)=[v]}
19 Jan 2025 01:21:22 GMT Zwierzę poruszyło się z (6, 0) na (6, 0)
19 Jan 2025 01:21:22 GMT Zwierze zostało położone na (9, 2)
19 Jan 2025 01:21:22 GMT Urodziło się nowe zwierzę na (9, 2)
19 Jan 2025 01:21:22 GMT Roślinka wyrosła na null
19 Jan 2025 01:21:22 GMT Roślinka wyrosła na null
19 Jan 2025 01:21:22 GMT Roślinka wyrosła na null
19 Jan 2025 01:21:22 GMT Roślinka wyrosła na null
19 Jan 2025 01:21:22 GMT Roślinka wyrosła na null
19 Jan 2025 01:21:22 GMT Roślinka wyrosła na null
19 Jan 2025 01:21:22 GMT Roślinka wyrosła na null
19 Jan 2025 01:21:22 GMT Roślinka wyrosła na null
19 Jan 2025 01:21:22 GMT Roślinka wyrosła na null
19 Jan 2025 01:21:22 GMT Roślinka wyrosła na null
19 Jan 2025 01:21:22 GMT Długość listy pozycji: 10
Lista pozycji zwierząt: {(7, 7)=[^], (0, 1)=[◢], (2, 3)=[^], (2, 4)=[◥], (3, 8)=[◥], (7, 0)=[◥], (9, 2)=[◣, >, ◤, ◤, ◤, ◢, <, ◢, ◢, >, ◢, <, ◢, <, ◢, ◢, ◢], (6, 0)=[◤], (9, 4)=[^], (5, 1)=[v]}
19 Jan 2025 01:21:22 GMT Zwierzę poruszyło się z (2, 4) na (2, 4)
19 Jan 2025 01:21:23 GMT Długość listy pozycji: 10
Lista pozycji zwierząt: {(7, 7)=[^], (0, 1)=[◢], (2, 3)=[^], (2, 4)=[◥], (3, 8)=[◥], (7, 0)=[◥], (9, 2)=[◣, >, ◤, ◤, ◤, ◢, <, ◢, ◢, >, ◢, <, ◢, <, ◢, ◢, ◢], (6, 0)=[◤], (9, 4)=[^], (5, 1)=[◤]}
19 Jan 2025 01:21:23 GMT Zwierzę poruszyło się z (5, 1) na (5, 1)
19 Jan 2025 01:21:23 GMT Długość listy pozycji: 10
Lista pozycji zwierząt: {(7, 7)=[<], (0, 1)=[◢], (2, 3)=[^], (2, 4)=[◥], (3, 8)=[◥], (7, 0)=[◥], (9, 2)=[◣, >, ◤, ◤, ◤, ◢, <, ◢, ◢, >, ◢, <, ◢, <, ◢, ◢, ◢], (6, 0)=[◤], (9, 4)=[^], (5, 1)=[◤]}
19 Jan 2025 01:21:23 GMT Zwierzę poruszyło się z (7, 7) na (7, 7)
19 Jan 2025 01:21:23 GMT Długość listy pozycji: 10
Lista pozycji zwierząt: {(7, 7)=[<], (0, 1)=[◢], (2, 3)=[^], (2, 4)=[◥], (3, 8)=[◥], (7, 0)=[^], (9, 2)=[◣, >, ◤, ◤, ◤, ◢, <, ◢, ◢, >, ◢, <, ◢, <, ◢, ◢, ◢], (6, 0)=[◤], (9, 4)=[^], (5, 1)=[◤]}
19 Jan 2025 01:21:23 GMT Zwierzę poruszyło się z (7, 0) na (7, 0)
19 Jan 2025 01:21:23 GMT Długość listy pozycji: 10
Lista pozycji zwierząt: {(7, 7)=[<], (0, 1)=[^], (2, 3)=[^], (2, 4)=[◥], (3, 8)=[◥], (7, 0)=[^], (9, 2)=[◣, >, ◤, ◤, ◤, ◢, <, ◢, ^, >, ^, <, ^, <, ^, ◢, ^], (6, 0)=[◤], (9, 4)=[^], (5, 1)=[◤]}
19 Jan 2025 01:21:23 GMT Zwierzę poruszyło się z (0, 1) na (0, 1)
19 Jan 2025 01:21:23 GMT Długość listy pozycji: 10
Lista pozycji zwierząt: {(7, 7)=[<], (0, 1)=[^], (2, 3)=[^], (2, 4)=[◥], (0, 3)=[◢], (3, 8)=[◥], (7, 0)=[^], (9, 2)=[◣, >, ◤, ◤, ◤, ◢, <, ◢, ^, >, ^, <, ^, <, ^, ◢, ^], (6, 0)=[◤], (5, 1)=[◤]}
19 Jan 2025 01:21:23 GMT Zwierzę poruszyło się z (9, 4) na (0, 3)
19 Jan 2025 01:21:23 GMT Długość listy pozycji: 10
Lista pozycji zwierząt: {(7, 7)=[<], (0, 1)=[^], (2, 3)=[◣], (2, 4)=[◥], (0, 3)=[◢], (3, 8)=[◥], (7, 0)=[^], (9, 2)=[◣, >, ◤, ◤, ◤, ◢, <, ◢, ^, >, ^, <, ^, <, ^, ◢, ^], (6, 0)=[◤], (5, 1)=[◤]}
19 Jan 2025 01:21:23 GMT Zwierzę poruszyło się z (2, 3) na (2, 3)
19 Jan 2025 01:21:23 GMT Długość listy pozycji: 10
Lista pozycji zwierząt: {(7, 7)=[<], (0, 1)=[^], (2, 3)=[◣], (2, 4)=[◥], (0, 3)=[◢], (3, 8)=[◤], (7, 0)=[^], (9, 2)=[◣, >, ◤, ◤, ◤, ◢, <, ◢, ^, >, ^, <, ^, <, ^, ◢, ^], (6, 0)=[◤], (5, 1)=[◤]}
19 Jan 2025 01:21:23 GMT Zwierzę poruszyło się z (3, 8) na (3, 8)
19 Jan 2025 01:21:23 GMT Długość listy pozycji: 10
Lista pozycji zwierząt: {(7, 7)=[<], (0, 1)=[^], (2, 3)=[◣], (2, 4)=[◥], (0, 3)=[◢], (3, 8)=[◤], (7, 0)=[^], (9, 2)=[◣, >, ◤, ◤, ◤, ◢, <, ◢, ^, >, ^, <, ^, <, ^, ◢, ^], (6, 0)=[◥], (5, 1)=[◤]}
19 Jan 2025 01:21:23 GMT Zwierzę poruszyło się z (6, 0) na (6, 0)
19 Jan 2025 01:21:23 GMT Zwierzę zjadło roślinkę na (0, 3)
19 Jan 2025 01:21:24 GMT Zwierze zostało położone na (9, 2)
19 Jan 2025 01:21:24 GMT Urodziło się nowe zwierzę na (9, 2)
19 Jan 2025 01:21:24 GMT Roślinka wyrosła na null
19 Jan 2025 01:21:24 GMT Roślinka wyrosła na null
19 Jan 2025 01:21:24 GMT Roślinka wyrosła na null
19 Jan 2025 01:21:24 GMT Roślinka wyrosła na null
19 Jan 2025 01:21:24 GMT Roślinka wyrosła na null
19 Jan 2025 01:21:24 GMT Roślinka wyrosła na null
19 Jan 2025 01:21:24 GMT Roślinka wyrosła na null
19 Jan 2025 01:21:24 GMT Roślinka wyrosła na null
19 Jan 2025 01:21:24 GMT Roślinka wyrosła na null
19 Jan 2025 01:21:24 GMT Roślinka wyrosła na null
19 Jan 2025 01:21:24 GMT Długość listy pozycji: 10
Lista pozycji zwierząt: {(7, 7)=[<], (0, 1)=[^], (2, 3)=[◣], (2, 4)=[>], (0, 3)=[◢], (3, 8)=[◤], (7, 0)=[^], (9, 2)=[◤, ◣, >, ◤, ◤, ◤, ◢, <, ◢, ^, >, ^, <, ^, <, ^, ◢, ^], (6, 0)=[◥], (5, 1)=[◤]}
19 Jan 2025 01:21:24 GMT Zwierzę poruszyło się z (2, 4) na (2, 4)
19 Jan 2025 01:21:24 GMT Długość listy pozycji: 10
Lista pozycji zwierząt: {(7, 7)=[<], (0, 1)=[^], (2, 3)=[◣], (2, 4)=[>], (0, 3)=[◢], (3, 8)=[◤], (7, 0)=[^], (9, 2)=[◤, ◣, >, ◤, ◤, ◤, ◢, <, ◢, ^, >, ^, <, ^, <, ^, ◢, ^], (6, 0)=[◥], (5, 1)=[◢]}
19 Jan 2025 01:21:24 GMT Zwierzę poruszyło się z (5, 1) na (5, 1)
19 Jan 2025 01:21:24 GMT Długość listy pozycji: 10
Lista pozycji zwierząt: {(7, 7)=[<], (0, 1)=[^], (2, 3)=[◣], (2, 4)=[>], (0, 3)=[◢], (3, 8)=[◤], (7, 0)=[^], (9, 2)=[◤, ◣, >, ◤, ◤, ◤, ◢, <, ◢, ^, >, ^, <, ^, <, ^, ◢, ^], (6, 0)=[◥], (5, 1)=[◢]}
19 Jan 2025 01:21:24 GMT Zwierzę poruszyło się z (7, 7) na (7, 7)
19 Jan 2025 01:21:24 GMT Długość listy pozycji: 10
Lista pozycji zwierząt: {(7, 7)=[<], (0, 1)=[^], (2, 3)=[◣], (2, 4)=[>], (0, 3)=[◢], (3, 8)=[◤], (7, 0)=[^], (9, 2)=[◤, ◣, >, ◤, ◤, ◤, ◢, <, ◢, ^, >, ^, <, ^, <, ^, ◢, ^], (6, 0)=[◥], (5, 1)=[◢]}
19 Jan 2025 01:21:24 GMT Zwierzę poruszyło się z (7, 0) na (7, 0)
19 Jan 2025 01:21:24 GMT Długość listy pozycji: 10
Lista pozycji zwierząt: {(7, 7)=[<], (0, 1)=[v], (2, 3)=[◣], (2, 4)=[>], (0, 3)=[◢], (3, 8)=[◤], (7, 0)=[^], (9, 2)=[◤, ◣, >, ◤, ◤, ◤, ◢, <, ◢, v, >, v, <, v, <, v, ◢, v], (6, 0)=[◥], (5, 1)=[◢]}
19 Jan 2025 01:21:24 GMT Zwierzę poruszyło się z (0, 1) na (0, 1)
19 Jan 2025 01:21:25 GMT Długość listy pozycji: 10
Lista pozycji zwierząt: {(7, 7)=[<], (0, 1)=[v], (2, 3)=[◣], (2, 4)=[>], (0, 3)=[>], (3, 8)=[◤], (7, 0)=[^], (9, 2)=[◤, ◣, >, ◤, ◤, ◤, ◢, <, ◢, v, >, v, <, v, <, v, ◢, v], (6, 0)=[◥], (5, 1)=[◢]}
19 Jan 2025 01:21:25 GMT Zwierzę poruszyło się z (0, 3) na (0, 3)
19 Jan 2025 01:21:25 GMT Długość listy pozycji: 10
Lista pozycji zwierząt: {(7, 7)=[<], (0, 1)=[v], (2, 3)=[◢], (2, 4)=[>], (0, 3)=[>], (3, 8)=[◤], (7, 0)=[^], (9, 2)=[◤, ◣, >, ◤, ◤, ◤, ◢, <, ◢, v, >, v, <, v, <, v, ◢, v], (6, 0)=[◥], (5, 1)=[◢]}
19 Jan 2025 01:21:25 GMT Zwierzę poruszyło się z (2, 3) na (2, 3)
19 Jan 2025 01:21:25 GMT Długość listy pozycji: 10
Lista pozycji zwierząt: {(7, 7)=[<], (0, 1)=[v], (2, 3)=[◢], (2, 4)=[>], (0, 3)=[>], (3, 8)=[>], (7, 0)=[^], (9, 2)=[◤, ◣, >, ◤, ◤, ◤, ◢, <, ◢, v, >, v, <, v, <, v, ◢, v], (6, 0)=[◥], (5, 1)=[◢]}
19 Jan 2025 01:21:25 GMT Zwierzę poruszyło się z (3, 8) na (3, 8)
19 Jan 2025 01:21:25 GMT Długość listy pozycji: 10
Lista pozycji zwierząt: {(7, 7)=[<], (0, 1)=[v], (2, 3)=[◢], (2, 4)=[>], (0, 3)=[>], (3, 8)=[>], (7, 0)=[^], (9, 2)=[◤, ◣, >, ◤, ◤, ◤, ◢, <, ◢, v, >, v, <, v, <, v, ◢, v], (6, 0)=[>], (5, 1)=[◢]}
19 Jan 2025 01:21:25 GMT Zwierzę poruszyło się z (6, 0) na (6, 0)
19 Jan 2025 01:21:25 GMT Zwierze zostało położone na (9, 2)
19 Jan 2025 01:21:25 GMT Urodziło się nowe zwierzę na (9, 2)
19 Jan 2025 01:21:25 GMT Roślinka wyrosła na null
19 Jan 2025 01:21:25 GMT Roślinka wyrosła na null
19 Jan 2025 01:21:25 GMT Roślinka wyrosła na null
19 Jan 2025 01:21:25 GMT Roślinka wyrosła na null
19 Jan 2025 01:21:25 GMT Roślinka wyrosła na null
19 Jan 2025 01:21:25 GMT Roślinka wyrosła na null
19 Jan 2025 01:21:25 GMT Roślinka wyrosła na null
19 Jan 2025 01:21:25 GMT Roślinka wyrosła na null
19 Jan 2025 01:21:25 GMT Roślinka wyrosła na null
19 Jan 2025 01:21:25 GMT Roślinka wyrosła na null
19 Jan 2025 01:21:26 GMT Długość listy pozycji: 10
Lista pozycji zwierząt: {(7, 7)=[<], (0, 1)=[v], (2, 3)=[◢], (2, 4)=[v], (0, 3)=[>], (3, 8)=[>], (7, 0)=[^], (9, 2)=[◢, ◤, ◣, >, ◤, ◤, ◤, ◢, <, ◢, v, >, v, <, v, <, v, ◢, v], (6, 0)=[>], (5, 1)=[◢]}
19 Jan 2025 01:21:26 GMT Zwierzę poruszyło się z (2, 4) na (2, 4)
19 Jan 2025 01:21:26 GMT Długość listy pozycji: 10
Lista pozycji zwierząt: {(7, 7)=[<], (0, 1)=[v], (2, 3)=[◢], (2, 4)=[v], (0, 3)=[>], (3, 8)=[>], (7, 0)=[^], (9, 2)=[◢, ◤, ◣, >, ◤, ◤, ◤, ◢, <, ◢, v, >, v, <, v, <, v, ◢, v], (6, 0)=[>], (5, 1)=[<]}
19 Jan 2025 01:21:26 GMT Zwierzę poruszyło się z (5, 1) na (5, 1)
19 Jan 2025 01:21:26 GMT Długość listy pozycji: 10
Lista pozycji zwierząt: {(7, 7)=[>], (0, 1)=[v], (2, 3)=[◢], (2, 4)=[v], (0, 3)=[>], (3, 8)=[>], (7, 0)=[^], (9, 2)=[◢, ◤, ◣, >, ◤, ◤, ◤, ◢, <, ◢, v, >, v, <, v, <, v, ◢, v], (6, 0)=[>], (5, 1)=[<]}
19 Jan 2025 01:21:26 GMT Zwierzę poruszyło się z (7, 7) na (7, 7)
19 Jan 2025 01:21:26 GMT Długość listy pozycji: 10
Lista pozycji zwierząt: {(7, 7)=[>], (0, 1)=[v], (2, 3)=[◢], (2, 4)=[v], (0, 3)=[>], (3, 8)=[>], (7, 0)=[◤], (9, 2)=[◢, ◤, ◣, >, ◤, ◤, ◤, ◢, <, ◢, v, >, v, <, v, <, v, ◢, v], (6, 0)=[>], (5, 1)=[<]}
19 Jan 2025 01:21:26 GMT Zwierzę poruszyło się z (7, 0) na (7, 0)
19 Jan 2025 01:21:26 GMT Długość listy pozycji: 10
Lista pozycji zwierząt: {(7, 7)=[>], (0, 1)=[^], (2, 3)=[◢], (2, 4)=[v], (0, 3)=[>], (3, 8)=[>], (7, 0)=[◤], (9, 2)=[◢, ◤, ◣, >, ◤, ◤, ◤, ◢, <, ◢, ^, >, ^, <, ^, <, ^, ◢, ^], (6, 0)=[>], (5, 1)=[<]}
19 Jan 2025 01:21:26 GMT Zwierzę poruszyło się z (0, 1) na (0, 1)
19 Jan 2025 01:21:26 GMT Długość listy pozycji: 10
Lista pozycji zwierząt: {(7, 7)=[>], (0, 1)=[^], (2, 3)=[◢], (2, 4)=[v], (3, 8)=[>], (7, 0)=[◤], (9, 2)=[◢, ◤, ◣, >, ◤, ◤, ◤, ◢, <, ◢, ^, >, ^, <, ^, <, ^, ◢, ^], (9, 3)=[<], (6, 0)=[>], (5, 1)=[<]}
19 Jan 2025 01:21:26 GMT Zwierzę poruszyło się z (0, 3) na (9, 3)
19 Jan 2025 01:21:26 GMT Długość listy pozycji: 10
Lista pozycji zwierząt: {(7, 7)=[>], (0, 1)=[^], (2, 3)=[◤], (2, 4)=[v], (3, 8)=[>], (7, 0)=[◤], (9, 2)=[◢, ◤, ◣, >, ◤, ◤, ◤, ◢, <, ◢, ^, >, ^, <, ^, <, ^, ◢, ^], (9, 3)=[<], (6, 0)=[>], (5, 1)=[<]}
19 Jan 2025 01:21:26 GMT Zwierzę poruszyło się z (2, 3) na (2, 3)
19 Jan 2025 01:21:26 GMT Długość listy pozycji: 10
Lista pozycji zwierząt: {(7, 7)=[>], (0, 1)=[^], (2, 3)=[◤], (2, 4)=[v], (3, 8)=[>], (7, 0)=[◤], (9, 2)=[◢, ◤, ◣, >, ◤, ◤, ◤, ◢, <, ◢, ^, >, ^, <, ^, <, ^, ◢, ^], (9, 3)=[<], (6, 0)=[>], (5, 1)=[<]}
19 Jan 2025 01:21:26 GMT Zwierzę poruszyło się z (3, 8) na (3, 8)
19 Jan 2025 01:21:26 GMT Długość listy pozycji: 10
Lista pozycji zwierząt: {(7, 7)=[>], (0, 1)=[^], (2, 3)=[◤], (2, 4)=[v], (3, 8)=[>], (7, 0)=[◤], (9, 2)=[◢, ◤, ◣, >, ◤, ◤, ◤, ◢, <, ◢, ^, >, ^, <, ^, <, ^, ◢, ^], (9, 3)=[<], (6, 0)=[◥], (5, 1)=[<]}
19 Jan 2025 01:21:26 GMT Zwierzę poruszyło się z (6, 0) na (6, 0)
19 Jan 2025 01:21:27 GMT Zwierzę zjadło roślinkę na (9, 3)
19 Jan 2025 01:21:27 GMT Zwierze zostało położone na (9, 2)
19 Jan 2025 01:21:27 GMT Urodziło się nowe zwierzę na (9, 2)
19 Jan 2025 01:21:27 GMT Roślinka wyrosła na null
19 Jan 2025 01:21:27 GMT Roślinka wyrosła na null
19 Jan 2025 01:21:27 GMT Roślinka wyrosła na null
19 Jan 2025 01:21:27 GMT Roślinka wyrosła na null
19 Jan 2025 01:21:27 GMT Roślinka wyrosła na null
19 Jan 2025 01:21:27 GMT Roślinka wyrosła na null
19 Jan 2025 01:21:27 GMT Roślinka wyrosła na null
19 Jan 2025 01:21:27 GMT Roślinka wyrosła na null
19 Jan 2025 01:21:27 GMT Roślinka wyrosła na null
19 Jan 2025 01:21:27 GMT Roślinka wyrosła na null
19 Jan 2025 01:21:27 GMT Długość listy pozycji: 10
Lista pozycji zwierząt: {(7, 7)=[>], (0, 1)=[^], (2, 3)=[◤], (2, 4)=[◣], (3, 8)=[>], (7, 0)=[◤], (9, 2)=[v, ◢, ◤, ◣, >, ◤, ◤, ◤, ◢, <, ◢, ^, >, ^, <, ^, <, ^, ◢, ^], (9, 3)=[<], (6, 0)=[◥], (5, 1)=[<]}
19 Jan 2025 01:21:27 GMT Zwierzę poruszyło się z (2, 4) na (2, 4)
19 Jan 2025 01:21:27 GMT Długość listy pozycji: 10
Lista pozycji zwierząt: {(7, 7)=[>], (0, 1)=[^], (2, 3)=[◤], (2, 4)=[◣], (3, 8)=[>], (7, 0)=[◤], (9, 2)=[v, ◢, ◤, ◣, >, ◤, ◤, ◤, ◢, <, ◢, ^, >, ^, <, ^, <, ^, ◢, ^], (9, 3)=[<], (6, 0)=[◥], (5, 1)=[◤]}
19 Jan 2025 01:21:27 GMT Zwierzę poruszyło się z (5, 1) na (5, 1)
19 Jan 2025 01:21:27 GMT Długość listy pozycji: 10
Lista pozycji zwierząt: {(7, 7)=[<], (0, 1)=[^], (2, 3)=[◤], (2, 4)=[◣], (3, 8)=[>], (7, 0)=[◤], (9, 2)=[v, ◢, ◤, ◣, >, ◤, ◤, ◤, ◢, <, ◢, ^, >, ^, <, ^, <, ^, ◢, ^], (9, 3)=[<], (6, 0)=[◥], (5, 1)=[◤]}
19 Jan 2025 01:21:27 GMT Zwierzę poruszyło się z (7, 7) na (7, 7)
19 Jan 2025 01:21:28 GMT Długość listy pozycji: 10
Lista pozycji zwierząt: {(7, 7)=[<], (0, 1)=[^], (2, 3)=[◤], (2, 4)=[◣], (3, 8)=[>], (7, 0)=[<], (9, 2)=[v, ◢, ◤, ◣, >, ◤, ◤, ◤, ◢, <, ◢, ^, >, ^, <, ^, <, ^, ◢, ^], (9, 3)=[<], (6, 0)=[◥], (5, 1)=[◤]}
19 Jan 2025 01:21:28 GMT Zwierzę poruszyło się z (7, 0) na (7, 0)
19 Jan 2025 01:21:28 GMT Długość listy pozycji: 10
Lista pozycji zwierząt: {(7, 7)=[<], (0, 1)=[◢], (2, 3)=[◤], (2, 4)=[◣], (3, 8)=[>], (7, 0)=[<], (9, 2)=[v, ◢, ◤, ◣, >, ◤, ◤, ◤, ◢, <, ◢, ◢, >, ◢, <, ◢, <, ◢, ◢, ◢], (9, 3)=[<], (6, 0)=[◥], (5, 1)=[◤]}
19 Jan 2025 01:21:28 GMT Zwierzę poruszyło się z (0, 1) na (0, 1)
19 Jan 2025 01:21:28 GMT Długość listy pozycji: 10
Lista pozycji zwierząt: {(7, 7)=[<], (0, 1)=[◢], (2, 3)=[◤], (2, 4)=[◣], (0, 3)=[>], (3, 8)=[>], (7, 0)=[<], (9, 2)=[v, ◢, ◤, ◣, >, ◤, ◤, ◤, ◢, <, ◢, ◢, >, ◢, <, ◢, <, ◢, ◢, ◢], (6, 0)=[◥], (5, 1)=[◤]}
19 Jan 2025 01:21:28 GMT Zwierzę poruszyło się z (9, 3) na (0, 3)
19 Jan 2025 01:21:28 GMT Długość listy pozycji: 10
Lista pozycji zwierząt: {(7, 7)=[<], (0, 1)=[◢], (2, 3)=[◣], (2, 4)=[◣], (0, 3)=[>], (3, 8)=[>], (7, 0)=[<], (9, 2)=[v, ◢, ◤, ◣, >, ◤, ◤, ◤, ◢, <, ◢, ◢, >, ◢, <, ◢, <, ◢, ◢, ◢], (6, 0)=[◥], (5, 1)=[◤]}
19 Jan 2025 01:21:28 GMT Zwierzę poruszyło się z (2, 3) na (2, 3)
19 Jan 2025 01:21:28 GMT Długość listy pozycji: 10
Lista pozycji zwierząt: {(7, 7)=[<], (0, 1)=[◢], (2, 3)=[◣], (2, 4)=[◣], (0, 3)=[>], (3, 8)=[>], (7, 0)=[<], (9, 2)=[v, ◢, ◤, ◣, >, ◤, ◤, ◤, ◢, <, ◢, ◢, >, ◢, <, ◢, <, ◢, ◢, ◢], (6, 0)=[◥], (5, 1)=[◤]}
19 Jan 2025 01:21:28 GMT Zwierzę poruszyło się z (3, 8) na (3, 8)
19 Jan 2025 01:21:28 GMT Długość listy pozycji: 10
Lista pozycji zwierząt: {(7, 7)=[<], (0, 1)=[◢], (2, 3)=[◣], (2, 4)=[◣], (0, 3)=[>], (3, 8)=[>], (7, 0)=[<], (9, 2)=[v, ◢, ◤, ◣, >, ◤, ◤, ◤, ◢, <, ◢, ◢, >, ◢, <, ◢, <, ◢, ◢, ◢], (6, 0)=[^], (5, 1)=[◤]}
19 Jan 2025 01:21:28 GMT Zwierzę poruszyło się z (6, 0) na (6, 0)
19 Jan 2025 01:21:28 GMT Zwierze zostało położone na (9, 2)
19 Jan 2025 01:21:28 GMT Urodziło się nowe zwierzę na (9, 2)
19 Jan 2025 01:21:29 GMT Roślinka wyrosła na null
19 Jan 2025 01:21:29 GMT Roślinka wyrosła na null
19 Jan 2025 01:21:29 GMT Roślinka wyrosła na null
19 Jan 2025 01:21:29 GMT Roślinka wyrosła na null
19 Jan 2025 01:21:29 GMT Roślinka wyrosła na null
19 Jan 2025 01:21:29 GMT Roślinka wyrosła na null
19 Jan 2025 01:21:29 GMT Roślinka wyrosła na null
19 Jan 2025 01:21:29 GMT Roślinka wyrosła na null
19 Jan 2025 01:21:29 GMT Roślinka wyrosła na null
19 Jan 2025 01:21:29 GMT Roślinka wyrosła na null
19 Jan 2025 01:21:29 GMT Długość listy pozycji: 10
Lista pozycji zwierząt: {(7, 7)=[<], (0, 1)=[◢], (2, 3)=[◣], (2, 4)=[>], (0, 3)=[>], (3, 8)=[>], (7, 0)=[<], (9, 2)=[>, v, ◢, ◤, ◣, >, ◤, ◤, ◤, ◢, <, ◢, ◢, >, ◢, <, ◢, <, ◢, ◢, ◢], (6, 0)=[^], (5, 1)=[◤]}
19 Jan 2025 01:21:29 GMT Zwierzę poruszyło się z (2, 4) na (2, 4)
19 Jan 2025 01:21:29 GMT Długość listy pozycji: 10
Lista pozycji zwierząt: {(7, 7)=[<], (0, 1)=[◢], (2, 3)=[◣], (2, 4)=[>], (0, 3)=[>], (3, 8)=[>], (7, 0)=[<], (9, 2)=[>, v, ◢, ◤, ◣, >, ◤, ◤, ◤, ◢, <, ◢, ◢, >, ◢, <, ◢, <, ◢, ◢, ◢], (6, 0)=[^], (5, 1)=[◤]}
19 Jan 2025 01:21:29 GMT Zwierzę poruszyło się z (5, 1) na (5, 1)
19 Jan 2025 01:21:29 GMT Długość listy pozycji: 10
Lista pozycji zwierząt: {(7, 7)=[◣], (0, 1)=[◢], (2, 3)=[◣], (2, 4)=[>], (0, 3)=[>], (3, 8)=[>], (7, 0)=[<], (9, 2)=[>, v, ◢, ◤, ◣, >, ◤, ◤, ◤, ◢, <, ◢, ◢, >, ◢, <, ◢, <, ◢, ◢, ◢], (6, 0)=[^], (5, 1)=[◤]}
19 Jan 2025 01:21:29 GMT Zwierzę poruszyło się z (7, 7) na (7, 7)
19 Jan 2025 01:21:29 GMT Długość listy pozycji: 10
Lista pozycji zwierząt: {(7, 7)=[◣], (0, 1)=[◢], (2, 3)=[◣], (2, 4)=[>], (0, 3)=[>], (3, 8)=[>], (7, 0)=[◤], (9, 2)=[>, v, ◢, ◤, ◣, >, ◤, ◤, ◤, ◢, <, ◢, ◢, >, ◢, <, ◢, <, ◢, ◢, ◢], (6, 0)=[^], (5, 1)=[◤]}
19 Jan 2025 01:21:29 GMT Zwierzę poruszyło się z (7, 0) na (7, 0)
19 Jan 2025 01:21:29 GMT Długość listy pozycji: 9
Lista pozycji zwierząt: {(7, 7)=[◣], (2, 3)=[◣], (2, 4)=[>], (0, 3)=[>], (3, 8)=[>], (7, 0)=[◤], (9, 2)=[>, ◤, v, ◢, ◤, ◣, >, ◤, ◤, ◤, ◢, <, ◢, ◤, >, ◤, <, ◤, <, ◤, ◢, ◤], (6, 0)=[^], (5, 1)=[◤]}
19 Jan 2025 01:21:29 GMT Zwierzę poruszyło się z (0, 1) na (9, 2)
19 Jan 2025 01:21:29 GMT Długość listy pozycji: 9
Lista pozycji zwierząt: {(7, 7)=[◣], (2, 3)=[◣], (2, 4)=[>], (3, 8)=[>], (7, 0)=[◤], (9, 2)=[>, ◤, v, ◢, ◤, ◣, >, ◤, ◤, ◤, ◢, <, ◢, ◤, >, ◤, <, ◤, <, ◤, ◢, ◤], (6, 0)=[^], (9, 4)=[◤], (5, 1)=[◤]}
19 Jan 2025 01:21:29 GMT Zwierzę poruszyło się z (0, 3) na (9, 4)
19 Jan 2025 01:21:30 GMT Długość listy pozycji: 9
Lista pozycji zwierząt: {(7, 7)=[◣], (2, 3)=[^], (2, 4)=[>], (3, 8)=[>], (7, 0)=[◤], (9, 2)=[>, ◤, v, ◢, ◤, ◣, >, ◤, ◤, ◤, ◢, <, ◢, ◤, >, ◤, <, ◤, <, ◤, ◢, ◤], (6, 0)=[^], (9, 4)=[◤], (5, 1)=[◤]}
19 Jan 2025 01:21:30 GMT Zwierzę poruszyło się z (2, 3) na (2, 3)
19 Jan 2025 01:21:30 GMT Długość listy pozycji: 9
Lista pozycji zwierząt: {(7, 7)=[◣], (2, 3)=[^], (2, 4)=[>], (3, 8)=[◢], (7, 0)=[◤], (9, 2)=[>, ◤, v, ◢, ◤, ◣, >, ◤, ◤, ◤, ◢, <, ◢, ◤, >, ◤, <, ◤, <, ◤, ◢, ◤], (6, 0)=[^], (9, 4)=[◤], (5, 1)=[◤]}
19 Jan 2025 01:21:30 GMT Zwierzę poruszyło się z (3, 8) na (3, 8)
19 Jan 2025 01:21:30 GMT Długość listy pozycji: 9
Lista pozycji zwierząt: {(7, 7)=[◣], (2, 3)=[^], (2, 4)=[>], (3, 8)=[◢], (7, 0)=[◤], (9, 2)=[>, ◤, v, ◢, ◤, ◣, >, ◤, ◤, ◤, ◢, <, ◢, ◤, >, ◤, <, ◤, <, ◤, ◢, ◤], (6, 0)=[<], (9, 4)=[◤], (5, 1)=[◤]}
19 Jan 2025 01:21:30 GMT Zwierzę poruszyło się z (6, 0) na (6, 0)
19 Jan 2025 01:21:30 GMT Zwierze zostało położone na (9, 2)
19 Jan 2025 01:21:30 GMT Urodziło się nowe zwierzę na (9, 2)
19 Jan 2025 01:21:30 GMT Roślinka wyrosła na null
19 Jan 2025 01:21:30 GMT Roślinka wyrosła na null
19 Jan 2025 01:21:30 GMT Roślinka wyrosła na null
19 Jan 2025 01:21:30 GMT Roślinka wyrosła na null
19 Jan 2025 01:21:30 GMT Roślinka wyrosła na null
19 Jan 2025 01:21:30 GMT Roślinka wyrosła na null
19 Jan 2025 01:21:30 GMT Roślinka wyrosła na null
19 Jan 2025 01:21:30 GMT Roślinka wyrosła na null
19 Jan 2025 01:21:30 GMT Roślinka wyrosła na null
19 Jan 2025 01:21:30 GMT Roślinka wyrosła na null
19 Jan 2025 01:21:30 GMT Długość listy pozycji: 9
Lista pozycji zwierząt: {(7, 7)=[◣], (2, 3)=[^], (2, 4)=[v], (3, 8)=[◢], (7, 0)=[◤], (9, 2)=[◣, >, ◤, v, ◢, ◤, ◣, >, ◤, ◤, ◤, ◢, <, ◢, ◤, >, ◤, <, ◤, <, ◤, ◢, ◤], (6, 0)=[<], (9, 4)=[◤], (5, 1)=[◤]}
19 Jan 2025 01:21:30 GMT Zwierzę poruszyło się z (2, 4) na (2, 4)
19 Jan 2025 01:21:31 GMT Długość listy pozycji: 9
Lista pozycji zwierząt: {(7, 7)=[◣], (2, 3)=[^], (2, 4)=[v], (3, 8)=[◢], (7, 0)=[◤], (9, 2)=[◣, >, ◤, v, ◢, ◤, ◣, >, ◤, ◤, ◤, ◢, <, ◢, ◤, >, ◤, <, ◤, <, ◤, ◢, ◤], (6, 0)=[<], (9, 4)=[◤], (5, 1)=[◤]}
19 Jan 2025 01:21:31 GMT Zwierzę poruszyło się z (5, 1) na (5, 1)
19 Jan 2025 01:21:31 GMT Długość listy pozycji: 9
Lista pozycji zwierząt: {(7, 7)=[<], (2, 3)=[^], (2, 4)=[v], (3, 8)=[◢], (7, 0)=[◤], (9, 2)=[◣, >, ◤, v, ◢, ◤, ◣, >, ◤, ◤, ◤, ◢, <, ◢, ◤, >, ◤, <, ◤, <, ◤, ◢, ◤], (6, 0)=[<], (9, 4)=[◤], (5, 1)=[◤]}
19 Jan 2025 01:21:31 GMT Zwierzę poruszyło się z (7, 7) na (7, 7)
19 Jan 2025 01:21:31 GMT Długość listy pozycji: 9
Lista pozycji zwierząt: {(7, 7)=[<], (2, 3)=[^], (2, 4)=[v], (3, 8)=[◢], (7, 0)=[<], (9, 2)=[◣, >, ◤, v, ◢, ◤, ◣, >, ◤, ◤, ◤, ◢, <, ◢, ◤, >, ◤, <, ◤, <, ◤, ◢, ◤], (6, 0)=[<], (9, 4)=[◤], (5, 1)=[◤]}
19 Jan 2025 01:21:31 GMT Zwierzę poruszyło się z (7, 0) na (7, 0)
19 Jan 2025 01:21:31 GMT Długość listy pozycji: 9
Lista pozycji zwierząt: {(7, 7)=[<], (2, 3)=[^], (2, 4)=[v], (3, 8)=[◢], (7, 0)=[<], (9, 2)=[◣, ◤, >, ◤, v, ◢, ◤, ◣, >, ◤, ◤, ◤, ◢, <, ◢, ◤, >, ◤, <, ◤, <, ◤, ◢, ◤], (6, 0)=[<], (9, 4)=[◤], (5, 1)=[◤]}
19 Jan 2025 01:21:31 GMT Zwierzę poruszyło się z (9, 2) na (9, 2)
19 Jan 2025 01:21:31 GMT Długość listy pozycji: 9
Lista pozycji zwierząt: {(7, 7)=[<], (2, 3)=[^], (2, 4)=[v], (0, 5)=[◥], (3, 8)=[◢], (7, 0)=[<], (9, 2)=[◣, ◤, >, ◤, v, ◢, ◤, ◣, >, ◤, ◤, ◤, ◢, <, ◢, ◤, >, ◤, <, ◤, <, ◤, ◢, ◤], (6, 0)=[<], (5, 1)=[◤]}
19 Jan 2025 01:21:31 GMT Zwierzę poruszyło się z (9, 4) na (0, 5)
19 Jan 2025 01:21:31 GMT Długość listy pozycji: 9
Lista pozycji zwierząt: {(7, 7)=[<], (2, 3)=[◢], (2, 4)=[v], (0, 5)=[◥], (3, 8)=[◢], (7, 0)=[<], (9, 2)=[◣, ◤, >, ◤, v, ◢, ◤, ◣, >, ◤, ◤, ◤, ◢, <, ◢, ◤, >, ◤, <, ◤, <, ◤, ◢, ◤], (6, 0)=[<], (5, 1)=[◤]}
19 Jan 2025 01:21:31 GMT Zwierzę poruszyło się z (2, 3) na (2, 3)
19 Jan 2025 01:21:31 GMT Długość listy pozycji: 9
Lista pozycji zwierząt: {(7, 7)=[<], (2, 3)=[◢], (2, 4)=[v], (0, 5)=[◥], (3, 8)=[◣], (7, 0)=[<], (9, 2)=[◣, ◤, >, ◤, v, ◢, ◤, ◣, >, ◤, ◤, ◤, ◢, <, ◢, ◤, >, ◤, <, ◤, <, ◤, ◢, ◤], (6, 0)=[<], (5, 1)=[◤]}
19 Jan 2025 01:21:31 GMT Zwierzę poruszyło się z (3, 8) na (3, 8)
19 Jan 2025 01:21:31 GMT Długość listy pozycji: 9
Lista pozycji zwierząt: {(7, 7)=[<], (2, 3)=[◢], (2, 4)=[v], (0, 5)=[◥], (3, 8)=[◣], (7, 0)=[<], (9, 2)=[◣, ◤, >, ◤, v, ◢, ◤, ◣, >, ◤, ◤, ◤, ◢, <, ◢, ◤, >, ◤, <, ◤, <, ◤, ◢, ◤], (6, 0)=[◤], (5, 1)=[◤]}
19 Jan 2025 01:21:31 GMT Zwierzę poruszyło się z (6, 0) na (6, 0)
19 Jan 2025 01:21:32 GMT Zwierze zostało położone na (9, 2)
19 Jan 2025 01:21:32 GMT Urodziło się nowe zwierzę na (9, 2)
19 Jan 2025 01:21:32 GMT Roślinka wyrosła na null
19 Jan 2025 01:21:32 GMT Roślinka wyrosła na null
19 Jan 2025 01:21:32 GMT Roślinka wyrosła na null
19 Jan 2025 01:21:32 GMT Roślinka wyrosła na null
19 Jan 2025 01:21:32 GMT Roślinka wyrosła na null
19 Jan 2025 01:21:32 GMT Roślinka wyrosła na null
19 Jan 2025 01:21:32 GMT Roślinka wyrosła na null
19 Jan 2025 01:21:32 GMT Roślinka wyrosła na null
19 Jan 2025 01:21:32 GMT Roślinka wyrosła na null
19 Jan 2025 01:21:32 GMT Roślinka wyrosła na null
19 Jan 2025 01:21:32 GMT Zwierzę umarło na (2, 4)
19 Jan 2025 01:21:32 GMT Zwierzę umarło na (5, 1)
19 Jan 2025 01:21:32 GMT Zwierzę umarło na (7, 7)
19 Jan 2025 01:21:32 GMT Zwierzę umarło na (7, 0)
19 Jan 2025 01:21:32 GMT Zwierzę umarło na (9, 2)
19 Jan 2025 01:21:32 GMT Zwierzę umarło na (2, 3)
19 Jan 2025 01:21:32 GMT Zwierzę umarło na (3, 8)
19 Jan 2025 01:21:32 GMT Zwierzę umarło na (6, 0)
19 Jan 2025 01:21:32 GMT Długość listy pozycji: 9
Lista pozycji zwierząt: {(7, 7)=[], (2, 3)=[], (2, 4)=[], (0, 5)=[^], (3, 8)=[], (7, 0)=[], (9, 2)=[◥, ◣, ◤, >, ◤, v, ◢, ◤, ◣, >, ◤, ◤, ◤, ◢, <, ◢, ◤, >, ◤, <, ◤, <, ◤, ◢], (6, 0)=[], (5, 1)=[]}
19 Jan 2025 01:21:32 GMT Zwierzę poruszyło się z (0, 5) na (0, 5)
19 Jan 2025 01:21:32 GMT Zwierze zostało położone na (9, 2)
19 Jan 2025 01:21:32 GMT Urodziło się nowe zwierzę na (9, 2)
19 Jan 2025 01:21:32 GMT Roślinka wyrosła na null
19 Jan 2025 01:21:32 GMT Roślinka wyrosła na null
19 Jan 2025 01:21:32 GMT Roślinka wyrosła na null
19 Jan 2025 01:21:32 GMT Roślinka wyrosła na null
19 Jan 2025 01:21:32 GMT Roślinka wyrosła na null
19 Jan 2025 01:21:32 GMT Roślinka wyrosła na null
19 Jan 2025 01:21:32 GMT Roślinka wyrosła na null
19 Jan 2025 01:21:32 GMT Roślinka wyrosła na null
19 Jan 2025 01:21:32 GMT Roślinka wyrosła na null
19 Jan 2025 01:21:32 GMT Roślinka wyrosła na null
19 Jan 2025 01:21:33 GMT Długość listy pozycji: 9
Lista pozycji zwierząt: {(7, 7)=[], (2, 3)=[], (2, 4)=[], (3, 8)=[], (7, 0)=[], (9, 2)=[^, ◥, ◣, ◤, >, ◤, v, ◢, ◤, ◣, >, ◤, ◤, ◤, ◢, <, ◢, ◤, >, ◤, <, ◤, <, ◤, ◢], (6, 0)=[], (9, 4)=[◣], (5, 1)=[]}
19 Jan 2025 01:21:33 GMT Zwierzę poruszyło się z (0, 5) na (9, 4)
19 Jan 2025 01:21:33 GMT Zwierze zostało położone na (9, 2)
19 Jan 2025 01:21:33 GMT Urodziło się nowe zwierzę na (9, 2)
19 Jan 2025 01:21:33 GMT Roślinka wyrosła na null
19 Jan 2025 01:21:33 GMT Roślinka wyrosła na null
19 Jan 2025 01:21:33 GMT Roślinka wyrosła na null
19 Jan 2025 01:21:33 GMT Roślinka wyrosła na null
19 Jan 2025 01:21:33 GMT Roślinka wyrosła na null
19 Jan 2025 01:21:33 GMT Roślinka wyrosła na null
19 Jan 2025 01:21:33 GMT Roślinka wyrosła na null
19 Jan 2025 01:21:33 GMT Roślinka wyrosła na null
19 Jan 2025 01:21:33 GMT Roślinka wyrosła na null
19 Jan 2025 01:21:33 GMT Roślinka wyrosła na null
19 Jan 2025 01:21:33 GMT Długość listy pozycji: 9
Lista pozycji zwierząt: {(7, 7)=[], (2, 3)=[], (2, 4)=[], (0, 3)=[◢], (3, 8)=[], (7, 0)=[], (9, 2)=[◥, ^, ◥, ◣, ◤, >, ◤, v, ◢, ◤, ◣, >, ◤, ◤, ◤, ◢, <, ◢, ◤, >, ◤, <, ◤, <, ◤, ◢], (6, 0)=[], (5, 1)=[]}
19 Jan 2025 01:21:33 GMT Zwierzę poruszyło się z (9, 4) na (0, 3)
19 Jan 2025 01:21:34 GMT Zwierze zostało położone na (9, 2)
19 Jan 2025 01:21:34 GMT Urodziło się nowe zwierzę na (9, 2)
19 Jan 2025 01:21:34 GMT Roślinka wyrosła na null
19 Jan 2025 01:21:34 GMT Roślinka wyrosła na null
19 Jan 2025 01:21:34 GMT Roślinka wyrosła na null
19 Jan 2025 01:21:34 GMT Roślinka wyrosła na null
19 Jan 2025 01:21:34 GMT Roślinka wyrosła na null
19 Jan 2025 01:21:34 GMT Roślinka wyrosła na null
19 Jan 2025 01:21:34 GMT Roślinka wyrosła na null
19 Jan 2025 01:21:34 GMT Roślinka wyrosła na null
19 Jan 2025 01:21:34 GMT Roślinka wyrosła na null
19 Jan 2025 01:21:34 GMT Roślinka wyrosła na null
19 Jan 2025 01:21:34 GMT Długość listy pozycji: 8
Lista pozycji zwierząt: {(7, 7)=[], (2, 3)=[], (2, 4)=[], (3, 8)=[], (7, 0)=[], (9, 2)=[◣, ◣, ◥, ^, ◥, ◣, ◤, >, ◤, v, ◢, ◤, ◣, >, ◤, ◤, ◤, ◢, <, ◢, ◤, >, ◤, <, ◤, <, ◤, ◢], (6, 0)=[], (5, 1)=[]}
19 Jan 2025 01:21:34 GMT Zwierzę poruszyło się z (0, 3) na (9, 2)
19 Jan 2025 01:21:34 GMT Zwierze zostało położone na (9, 2)
19 Jan 2025 01:21:34 GMT Urodziło się nowe zwierzę na (9, 2)
19 Jan 2025 01:21:34 GMT Roślinka wyrosła na null
19 Jan 2025 01:21:34 GMT Roślinka wyrosła na null
19 Jan 2025 01:21:34 GMT Roślinka wyrosła na null
19 Jan 2025 01:21:34 GMT Roślinka wyrosła na null
19 Jan 2025 01:21:34 GMT Roślinka wyrosła na null
19 Jan 2025 01:21:34 GMT Roślinka wyrosła na null
19 Jan 2025 01:21:34 GMT Roślinka wyrosła na null
19 Jan 2025 01:21:34 GMT Roślinka wyrosła na null
19 Jan 2025 01:21:34 GMT Roślinka wyrosła na null
19 Jan 2025 01:21:34 GMT Roślinka wyrosła na null
19 Jan 2025 01:21:35 GMT Długość listy pozycji: 8
Lista pozycji zwierząt: {(7, 7)=[], (2, 3)=[], (2, 4)=[], (3, 8)=[], (7, 0)=[], (9, 2)=[^, ◣, ^, ◥, ^, ◥, ◣, ◤, >, ◤, v, ◢, ◤, ◣, >, ◤, ◤, ◤, ◢, <, ◢, ◤, >, ◤, <, ◤, <, ◤, ◢], (6, 0)=[], (5, 1)=[]}
19 Jan 2025 01:21:35 GMT Zwierzę poruszyło się z (9, 2) na (9, 2)
19 Jan 2025 01:21:35 GMT Zwierze zostało położone na (9, 2)
19 Jan 2025 01:21:35 GMT Urodziło się nowe zwierzę na (9, 2)
19 Jan 2025 01:21:35 GMT Roślinka wyrosła na null
19 Jan 2025 01:21:35 GMT Roślinka wyrosła na null
19 Jan 2025 01:21:35 GMT Roślinka wyrosła na null
19 Jan 2025 01:21:35 GMT Roślinka wyrosła na null
19 Jan 2025 01:21:35 GMT Roślinka wyrosła na null
19 Jan 2025 01:21:35 GMT Roślinka wyrosła na null
19 Jan 2025 01:21:35 GMT Roślinka wyrosła na null
19 Jan 2025 01:21:35 GMT Roślinka wyrosła na null
19 Jan 2025 01:21:35 GMT Roślinka wyrosła na null
19 Jan 2025 01:21:35 GMT Roślinka wyrosła na null
19 Jan 2025 01:21:35 GMT Długość listy pozycji: 8
Lista pozycji zwierząt: {(7, 7)=[], (2, 3)=[], (2, 4)=[], (3, 8)=[], (7, 0)=[], (9, 2)=[◤, ◣, ^, ◥, ◤, ◥, ^, ◥, ◣, ◤, >, ◤, v, ◢, ◤, ◣, >, ◤, ◤, ◤, ◢, <, ◢, ◤, >, ◤, <, ◤, <, ◤, ◢], (6, 0)=[], (5, 1)=[]}
19 Jan 2025 01:21:35 GMT Zwierzę poruszyło się z (9, 2) na (9, 2)
19 Jan 2025 01:21:36 GMT Zwierze zostało położone na (9, 2)
19 Jan 2025 01:21:36 GMT Urodziło się nowe zwierzę na (9, 2)
19 Jan 2025 01:21:36 GMT Roślinka wyrosła na null
19 Jan 2025 01:21:36 GMT Roślinka wyrosła na null
19 Jan 2025 01:21:36 GMT Roślinka wyrosła na null
19 Jan 2025 01:21:36 GMT Roślinka wyrosła na null
19 Jan 2025 01:21:36 GMT Roślinka wyrosła na null
19 Jan 2025 01:21:36 GMT Roślinka wyrosła na null
19 Jan 2025 01:21:36 GMT Roślinka wyrosła na null
19 Jan 2025 01:21:36 GMT Roślinka wyrosła na null
19 Jan 2025 01:21:36 GMT Roślinka wyrosła na null
19 Jan 2025 01:21:36 GMT Roślinka wyrosła na null
19 Jan 2025 01:21:36 GMT Zwierzę umarło na (9, 2)
19 Jan 2025 01:21:36 GMT Zwierze zostało położone na (9, 2)
19 Jan 2025 01:21:36 GMT Urodziło się nowe zwierzę na (9, 2)
19 Jan 2025 01:21:36 GMT Roślinka wyrosła na null
19 Jan 2025 01:21:36 GMT Roślinka wyrosła na null
19 Jan 2025 01:21:36 GMT Roślinka wyrosła na null
19 Jan 2025 01:21:36 GMT Roślinka wyrosła na null
19 Jan 2025 01:21:36 GMT Roślinka wyrosła na null
19 Jan 2025 01:21:36 GMT Roślinka wyrosła na null
19 Jan 2025 01:21:36 GMT Roślinka wyrosła na null
19 Jan 2025 01:21:36 GMT Roślinka wyrosła na null
19 Jan 2025 01:21:36 GMT Roślinka wyrosła na null
19 Jan 2025 01:21:36 GMT Roślinka wyrosła na null
