18 Jan 2025 22:05:05 GMT Zwierze zostało położone na (2, 5)
18 Jan 2025 22:05:05 GMT Zwierze zostało położone na (8, 3)
18 Jan 2025 22:05:05 GMT Zwierze zostało położone na (2, 6)
18 Jan 2025 22:05:05 GMT Zwierze zostało położone na (8, 4)
18 Jan 2025 22:05:05 GMT Zwierze zostało położone na (6, 6)
18 Jan 2025 22:05:05 GMT Zwierze zostało położone na (7, 3)
18 Jan 2025 22:05:05 GMT Zwierze zostało położone na (1, 7)
18 Jan 2025 22:05:05 GMT Zwierze zostało położone na (1, 0)
18 Jan 2025 22:05:05 GMT Zwierze zostało położone na (8, 5)
18 Jan 2025 22:05:05 GMT Zwierze zostało położone na (8, 8)
18 Jan 2025 22:05:05 GMT Długość listy pozycji: 9
Lista pozycji zwierząt: {(1, 0)=[◤], (8, 8)=[◣], (6, 6)=[>], (2, 6)=[◥, ^], (1, 7)=[◥], (8, 3)=[◤], (7, 3)=[◢], (8, 4)=[◣], (8, 5)=[◣]}
18 Jan 2025 22:05:05 GMT Zwierzę poruszyło się z (2, 5) na (2, 6)
18 Jan 2025 22:05:05 GMT Długość listy pozycji: 8
Lista pozycji zwierząt: {(1, 0)=[◤], (8, 8)=[◣], (6, 6)=[>], (2, 6)=[◥, ^], (1, 7)=[◥], (7, 3)=[◢, <], (8, 4)=[◣], (8, 5)=[◣]}
18 Jan 2025 22:05:05 GMT Zwierzę poruszyło się z (8, 3) na (7, 3)
18 Jan 2025 22:05:06 GMT Długość listy pozycji: 9
Lista pozycji zwierząt: {(1, 0)=[◤], (8, 8)=[◣], (6, 6)=[>], (3, 6)=[>], (2, 6)=[^], (1, 7)=[◥], (7, 3)=[◢, <], (8, 4)=[◣], (8, 5)=[◣]}
18 Jan 2025 22:05:06 GMT Zwierzę poruszyło się z (2, 6) na (3, 6)
18 Jan 2025 22:05:06 GMT Długość listy pozycji: 9
Lista pozycji zwierząt: {(1, 0)=[◤], (8, 8)=[◣], (6, 6)=[>], (3, 6)=[>], (2, 6)=[^], (1, 7)=[◥], (9, 4)=[>], (7, 3)=[◢, <], (8, 5)=[◣]}
18 Jan 2025 22:05:06 GMT Zwierzę poruszyło się z (8, 4) na (9, 4)
18 Jan 2025 22:05:06 GMT Długość listy pozycji: 9
Lista pozycji zwierząt: {(6, 5)=[v], (1, 0)=[◤], (8, 8)=[◣], (3, 6)=[>], (2, 6)=[^], (1, 7)=[◥], (9, 4)=[>], (7, 3)=[◢, <], (8, 5)=[◣]}
18 Jan 2025 22:05:06 GMT Zwierzę poruszyło się z (6, 6) na (6, 5)
18 Jan 2025 22:05:06 GMT Długość listy pozycji: 10
Lista pozycji zwierząt: {(6, 5)=[v], (1, 0)=[◤], (8, 8)=[◣], (3, 6)=[>], (2, 6)=[^], (1, 7)=[◥], (9, 4)=[>], (7, 3)=[<], (6, 3)=[<], (8, 5)=[◣]}
18 Jan 2025 22:05:06 GMT Zwierzę poruszyło się z (7, 3) na (6, 3)
18 Jan 2025 22:05:06 GMT Długość listy pozycji: 10
Lista pozycji zwierząt: {(6, 5)=[v], (1, 0)=[◤], (8, 8)=[◣], (3, 6)=[>], (2, 6)=[^], (2, 7)=[>], (9, 4)=[>], (7, 3)=[<], (6, 3)=[<], (8, 5)=[◣]}
18 Jan 2025 22:05:06 GMT Zwierzę poruszyło się z (1, 7) na (2, 7)
18 Jan 2025 22:05:06 GMT Długość listy pozycji: 10
Lista pozycji zwierząt: {(6, 5)=[v], (0, 0)=[<], (8, 8)=[◣], (3, 6)=[>], (2, 6)=[^], (2, 7)=[>], (9, 4)=[>], (7, 3)=[<], (6, 3)=[<], (8, 5)=[◣]}
18 Jan 2025 22:05:06 GMT Zwierzę poruszyło się z (1, 0) na (0, 0)
18 Jan 2025 22:05:06 GMT Długość listy pozycji: 10
Lista pozycji zwierząt: {(6, 5)=[v], (0, 0)=[<], (8, 8)=[◣], (3, 6)=[>], (2, 6)=[^], (2, 7)=[>], (9, 4)=[>], (9, 5)=[>], (7, 3)=[<], (6, 3)=[<]}
18 Jan 2025 22:05:06 GMT Zwierzę poruszyło się z (8, 5) na (9, 5)
18 Jan 2025 22:05:06 GMT Długość listy pozycji: 10
Lista pozycji zwierząt: {(9, 8)=[>], (6, 5)=[v], (0, 0)=[<], (3, 6)=[>], (2, 6)=[^], (2, 7)=[>], (9, 4)=[>], (9, 5)=[>], (7, 3)=[<], (6, 3)=[<]}
18 Jan 2025 22:05:06 GMT Zwierzę poruszyło się z (8, 8) na (9, 8)
18 Jan 2025 22:05:06 GMT Zwierzę zjadło roślinkę na (6, 5)
18 Jan 2025 22:05:06 GMT Zwierzę zjadło roślinkę na (2, 6)
18 Jan 2025 22:05:07 GMT Roślinka wyrosła na (7, 5)
18 Jan 2025 22:05:07 GMT Roślinka wyrosła na (2, 5)
18 Jan 2025 22:05:07 GMT Roślinka wyrosła na (4, 6)
18 Jan 2025 22:05:07 GMT Roślinka wyrosła na (9, 5)
18 Jan 2025 22:05:07 GMT Roślinka wyrosła na (3, 6)
18 Jan 2025 22:05:07 GMT Roślinka wyrosła na (4, 0)
18 Jan 2025 22:05:07 GMT Roślinka wyrosła na (4, 5)
18 Jan 2025 22:05:07 GMT Roślinka wyrosła na (5, 5)
18 Jan 2025 22:05:07 GMT Roślinka wyrosła na (1, 5)
18 Jan 2025 22:05:07 GMT Roślinka wyrosła na (5, 2)
18 Jan 2025 22:05:07 GMT Długość listy pozycji: 10
Lista pozycji zwierząt: {(9, 8)=[>], (6, 5)=[v], (0, 0)=[<], (2, 5)=[v], (3, 6)=[>], (2, 7)=[>], (9, 4)=[>], (9, 5)=[>], (7, 3)=[<], (6, 3)=[<]}
18 Jan 2025 22:05:07 GMT Zwierzę poruszyło się z (2, 6) na (2, 5)
18 Jan 2025 22:05:07 GMT Długość listy pozycji: 10
Lista pozycji zwierząt: {(9, 8)=[>], (6, 5)=[v], (0, 0)=[<], (2, 5)=[v], (3, 6)=[>], (2, 7)=[>], (9, 4)=[>], (6, 2)=[◣], (9, 5)=[>], (6, 3)=[<]}
18 Jan 2025 22:05:07 GMT Zwierzę poruszyło się z (7, 3) na (6, 2)
18 Jan 2025 22:05:07 GMT Długość listy pozycji: 10
Lista pozycji zwierząt: {(9, 8)=[>], (6, 5)=[v], (0, 0)=[<], (4, 5)=[◢], (2, 5)=[v], (2, 7)=[>], (9, 4)=[>], (6, 2)=[◣], (9, 5)=[>], (6, 3)=[<]}
18 Jan 2025 22:05:07 GMT Zwierzę poruszyło się z (3, 6) na (4, 5)
18 Jan 2025 22:05:07 GMT Długość listy pozycji: 10
Lista pozycji zwierząt: {(9, 8)=[>], (6, 5)=[v], (0, 0)=[<], (4, 5)=[◢], (2, 5)=[v], (2, 7)=[>], (6, 2)=[◣], (9, 5)=[>], (8, 5)=[◤], (6, 3)=[<]}
18 Jan 2025 22:05:07 GMT Zwierzę poruszyło się z (9, 4) na (8, 5)
18 Jan 2025 22:05:07 GMT Długość listy pozycji: 10
Lista pozycji zwierząt: {(9, 8)=[>], (5, 5)=[<], (0, 0)=[<], (4, 5)=[◢], (2, 5)=[v], (2, 7)=[>], (6, 2)=[◣], (9, 5)=[>], (8, 5)=[◤], (6, 3)=[<]}
18 Jan 2025 22:05:07 GMT Zwierzę poruszyło się z (6, 5) na (5, 5)
18 Jan 2025 22:05:07 GMT Długość listy pozycji: 10
Lista pozycji zwierząt: {(9, 8)=[>], (5, 5)=[<], (0, 0)=[<], (4, 5)=[◢], (2, 5)=[v], (2, 7)=[>], (6, 2)=[◣], (9, 5)=[>], (7, 4)=[◥], (8, 5)=[◤]}
18 Jan 2025 22:05:07 GMT Zwierzę poruszyło się z (6, 3) na (7, 4)
18 Jan 2025 22:05:08 GMT Długość listy pozycji: 10
Lista pozycji zwierząt: {(9, 8)=[>], (5, 5)=[<], (0, 0)=[<], (4, 5)=[◢], (3, 6)=[◢], (2, 5)=[v], (6, 2)=[◣], (9, 5)=[>], (7, 4)=[◥], (8, 5)=[◤]}
18 Jan 2025 22:05:08 GMT Zwierzę poruszyło się z (2, 7) na (3, 6)
18 Jan 2025 22:05:08 GMT Długość listy pozycji: 10
Lista pozycji zwierząt: {(9, 8)=[>], (5, 5)=[<], (0, 0)=[◥], (4, 5)=[◢], (3, 6)=[◢], (2, 5)=[v], (6, 2)=[◣], (9, 5)=[>], (7, 4)=[◥], (8, 5)=[◤]}
18 Jan 2025 22:05:08 GMT Zwierzę poruszyło się z (0, 0) na (0, 0)
18 Jan 2025 22:05:08 GMT Długość listy pozycji: 10
Lista pozycji zwierząt: {(9, 8)=[>], (5, 5)=[<], (0, 0)=[◥], (4, 5)=[◢], (3, 6)=[◢], (2, 5)=[v], (6, 2)=[◣], (7, 4)=[◥], (8, 5)=[◤], (8, 6)=[◤]}
18 Jan 2025 22:05:08 GMT Zwierzę poruszyło się z (9, 5) na (8, 6)
18 Jan 2025 22:05:08 GMT Długość listy pozycji: 10
Lista pozycji zwierząt: {(5, 5)=[<], (0, 0)=[◥], (8, 9)=[◤], (4, 5)=[◢], (3, 6)=[◢], (2, 5)=[v], (6, 2)=[◣], (7, 4)=[◥], (8, 5)=[◤], (8, 6)=[◤]}
18 Jan 2025 22:05:08 GMT Zwierzę poruszyło się z (9, 8) na (8, 9)
18 Jan 2025 22:05:08 GMT Zwierzę zjadło roślinkę na (5, 5)
18 Jan 2025 22:05:08 GMT Zwierzę zjadło roślinkę na (4, 5)
18 Jan 2025 22:05:08 GMT Zwierzę zjadło roślinkę na (3, 6)
18 Jan 2025 22:05:08 GMT Zwierzę zjadło roślinkę na (2, 5)
18 Jan 2025 22:05:08 GMT Zwierzę zjadło roślinkę na (8, 6)
18 Jan 2025 22:05:08 GMT Roślinka wyrosła na (8, 7)
18 Jan 2025 22:05:08 GMT Roślinka wyrosła na (0, 5)
18 Jan 2025 22:05:08 GMT Roślinka wyrosła na (3, 5)
18 Jan 2025 22:05:08 GMT Roślinka wyrosła na (8, 2)
18 Jan 2025 22:05:08 GMT Roślinka wyrosła na (2, 3)
18 Jan 2025 22:05:08 GMT Roślinka wyrosła na (8, 5)
18 Jan 2025 22:05:08 GMT Roślinka wyrosła na (3, 0)
18 Jan 2025 22:05:08 GMT Roślinka wyrosła na (0, 6)
18 Jan 2025 22:05:08 GMT Roślinka wyrosła na (4, 4)
18 Jan 2025 22:05:08 GMT Roślinka wyrosła na (5, 6)
18 Jan 2025 22:05:08 GMT Długość listy pozycji: 10
Lista pozycji zwierząt: {(5, 5)=[<], (0, 0)=[◥], (8, 9)=[◤], (4, 5)=[◢], (3, 6)=[◢], (2, 6)=[^], (6, 2)=[◣], (7, 4)=[◥], (8, 5)=[◤], (8, 6)=[◤]}
18 Jan 2025 22:05:08 GMT Zwierzę poruszyło się z (2, 5) na (2, 6)
18 Jan 2025 22:05:09 GMT Długość listy pozycji: 10
Lista pozycji zwierząt: {(5, 5)=[<], (0, 0)=[◥], (8, 9)=[◤], (4, 5)=[◢], (3, 6)=[◢], (2, 6)=[^], (6, 1)=[v], (7, 4)=[◥], (8, 5)=[◤], (8, 6)=[◤]}
18 Jan 2025 22:05:09 GMT Zwierzę poruszyło się z (6, 2) na (6, 1)
18 Jan 2025 22:05:09 GMT Długość listy pozycji: 10
Lista pozycji zwierząt: {(4, 4)=[v], (5, 5)=[<], (0, 0)=[◥], (8, 9)=[◤], (3, 6)=[◢], (2, 6)=[^], (6, 1)=[v], (7, 4)=[◥], (8, 5)=[◤], (8, 6)=[◤]}
18 Jan 2025 22:05:09 GMT Zwierzę poruszyło się z (4, 5) na (4, 4)
18 Jan 2025 22:05:09 GMT Długość listy pozycji: 10
Lista pozycji zwierząt: {(4, 4)=[v], (5, 5)=[<], (0, 0)=[◥], (8, 9)=[◤], (3, 6)=[◢], (2, 6)=[^], (6, 1)=[v], (8, 4)=[v], (7, 4)=[◥], (8, 6)=[◤]}
18 Jan 2025 22:05:09 GMT Zwierzę poruszyło się z (8, 5) na (8, 4)
18 Jan 2025 22:05:09 GMT Długość listy pozycji: 10
Lista pozycji zwierząt: {(4, 4)=[v], (0, 0)=[◥], (5, 6)=[^], (8, 9)=[◤], (3, 6)=[◢], (2, 6)=[^], (6, 1)=[v], (8, 4)=[v], (7, 4)=[◥], (8, 6)=[◤]}
18 Jan 2025 22:05:09 GMT Zwierzę poruszyło się z (5, 5) na (5, 6)
18 Jan 2025 22:05:09 GMT Długość listy pozycji: 10
Lista pozycji zwierząt: {(4, 4)=[v], (0, 0)=[◥], (5, 6)=[^], (8, 9)=[◤], (3, 6)=[◢], (2, 6)=[^], (6, 1)=[v], (7, 3)=[v], (8, 4)=[v], (8, 6)=[◤]}
18 Jan 2025 22:05:09 GMT Zwierzę poruszyło się z (7, 4) na (7, 3)
18 Jan 2025 22:05:09 GMT Długość listy pozycji: 10
Lista pozycji zwierząt: {(4, 4)=[v], (0, 0)=[◥], (5, 6)=[^], (8, 9)=[◤], (3, 5)=[v], (2, 6)=[^], (6, 1)=[v], (7, 3)=[v], (8, 4)=[v], (8, 6)=[◤]}
18 Jan 2025 22:05:09 GMT Zwierzę poruszyło się z (3, 6) na (3, 5)
18 Jan 2025 22:05:09 GMT Długość listy pozycji: 10
Lista pozycji zwierząt: {(4, 4)=[v], (0, 1)=[^], (5, 6)=[^], (8, 9)=[◤], (3, 5)=[v], (2, 6)=[^], (6, 1)=[v], (7, 3)=[v], (8, 4)=[v], (8, 6)=[◤]}
18 Jan 2025 22:05:09 GMT Zwierzę poruszyło się z (0, 0) na (0, 1)
18 Jan 2025 22:05:09 GMT Długość listy pozycji: 10
Lista pozycji zwierząt: {(4, 4)=[v], (0, 1)=[^], (5, 6)=[^], (8, 9)=[◤], (3, 5)=[v], (2, 6)=[^], (6, 1)=[v], (7, 3)=[v], (8, 4)=[v], (8, 5)=[v]}
18 Jan 2025 22:05:09 GMT Zwierzę poruszyło się z (8, 6) na (8, 5)
18 Jan 2025 22:05:09 GMT Długość listy pozycji: 10
Lista pozycji zwierząt: {(8, 8)=[v], (4, 4)=[v], (0, 1)=[^], (5, 6)=[^], (3, 5)=[v], (2, 6)=[^], (6, 1)=[v], (7, 3)=[v], (8, 4)=[v], (8, 5)=[v]}
18 Jan 2025 22:05:09 GMT Zwierzę poruszyło się z (8, 9) na (8, 8)
18 Jan 2025 22:05:09 GMT Zwierzę zjadło roślinkę na (4, 4)
18 Jan 2025 22:05:09 GMT Zwierzę zjadło roślinkę na (5, 6)
18 Jan 2025 22:05:09 GMT Zwierzę zjadło roślinkę na (3, 5)
18 Jan 2025 22:05:09 GMT Zwierzę zjadło roślinkę na (8, 5)
18 Jan 2025 22:05:10 GMT Roślinka wyrosła na (7, 4)
18 Jan 2025 22:05:10 GMT Roślinka wyrosła na (0, 3)
18 Jan 2025 22:05:10 GMT Roślinka wyrosła na (5, 4)
18 Jan 2025 22:05:10 GMT Roślinka wyrosła na (3, 4)
18 Jan 2025 22:05:10 GMT Roślinka wyrosła na (3, 8)
18 Jan 2025 22:05:10 GMT Roślinka wyrosła na (8, 1)
18 Jan 2025 22:05:10 GMT Roślinka wyrosła na (5, 3)
18 Jan 2025 22:05:10 GMT Roślinka wyrosła na (0, 8)
18 Jan 2025 22:05:10 GMT Roślinka wyrosła na (9, 2)
18 Jan 2025 22:05:10 GMT Roślinka wyrosła na (4, 3)
18 Jan 2025 22:05:10 GMT Długość listy pozycji: 10
Lista pozycji zwierząt: {(8, 8)=[v], (4, 4)=[v], (0, 1)=[^], (5, 6)=[^], (3, 5)=[v], (2, 5)=[v], (6, 1)=[v], (7, 3)=[v], (8, 4)=[v], (8, 5)=[v]}
18 Jan 2025 22:05:10 GMT Zwierzę poruszyło się z (2, 6) na (2, 5)
18 Jan 2025 22:05:10 GMT Długość listy pozycji: 10
Lista pozycji zwierząt: {(8, 8)=[v], (4, 4)=[v], (0, 1)=[^], (5, 6)=[^], (3, 5)=[v], (2, 5)=[v], (7, 0)=[◢], (7, 3)=[v], (8, 4)=[v], (8, 5)=[v]}
18 Jan 2025 22:05:10 GMT Zwierzę poruszyło się z (6, 1) na (7, 0)
18 Jan 2025 22:05:10 GMT Długość listy pozycji: 10
Lista pozycji zwierząt: {(3, 3)=[◣], (8, 8)=[v], (0, 1)=[^], (5, 6)=[^], (3, 5)=[v], (2, 5)=[v], (7, 0)=[◢], (7, 3)=[v], (8, 4)=[v], (8, 5)=[v]}
18 Jan 2025 22:05:10 GMT Zwierzę poruszyło się z (4, 4) na (3, 3)
18 Jan 2025 22:05:10 GMT Długość listy pozycji: 10
Lista pozycji zwierząt: {(3, 3)=[◣], (8, 8)=[v], (0, 1)=[^], (5, 6)=[^], (3, 5)=[v], (2, 5)=[v], (7, 0)=[◢], (9, 5)=[◥], (7, 3)=[v], (8, 5)=[v]}
18 Jan 2025 22:05:10 GMT Zwierzę poruszyło się z (8, 4) na (9, 5)
18 Jan 2025 22:05:10 GMT Długość listy pozycji: 10
Lista pozycji zwierząt: {(6, 6)=[>], (3, 3)=[◣], (8, 8)=[v], (0, 1)=[^], (3, 5)=[v], (2, 5)=[v], (7, 0)=[◢], (9, 5)=[◥], (7, 3)=[v], (8, 5)=[v]}
18 Jan 2025 22:05:10 GMT Zwierzę poruszyło się z (5, 6) na (6, 6)
18 Jan 2025 22:05:10 GMT Długość listy pozycji: 10
Lista pozycji zwierząt: {(6, 6)=[>], (3, 3)=[◣], (8, 8)=[v], (0, 1)=[^], (3, 5)=[v], (2, 5)=[v], (7, 0)=[◢], (9, 5)=[◥], (8, 5)=[v], (6, 4)=[◤]}
18 Jan 2025 22:05:10 GMT Zwierzę poruszyło się z (7, 3) na (6, 4)
18 Jan 2025 22:05:11 GMT Długość listy pozycji: 10
Lista pozycji zwierząt: {(6, 6)=[>], (3, 3)=[◣], (8, 8)=[v], (0, 1)=[^], (2, 4)=[◣], (2, 5)=[v], (7, 0)=[◢], (9, 5)=[◥], (8, 5)=[v], (6, 4)=[◤]}
18 Jan 2025 22:05:11 GMT Zwierzę poruszyło się z (3, 5) na (2, 4)
18 Jan 2025 22:05:11 GMT Długość listy pozycji: 10
Lista pozycji zwierząt: {(6, 6)=[>], (3, 3)=[◣], (8, 8)=[v], (2, 4)=[◣], (2, 5)=[v], (9, 2)=[◤], (7, 0)=[◢], (9, 5)=[◥], (8, 5)=[v], (6, 4)=[◤]}
18 Jan 2025 22:05:11 GMT Zwierzę poruszyło się z (0, 1) na (9, 2)
18 Jan 2025 22:05:11 GMT Długość listy pozycji: 10
Lista pozycji zwierząt: {(6, 6)=[>], (3, 3)=[◣], (8, 8)=[v], (2, 4)=[◣], (2, 5)=[v], (9, 2)=[◤], (7, 0)=[◢], (9, 5)=[◥], (9, 6)=[◥], (6, 4)=[◤]}
18 Jan 2025 22:05:11 GMT Zwierzę poruszyło się z (8, 5) na (9, 6)
18 Jan 2025 22:05:11 GMT Długość listy pozycji: 10
Lista pozycji zwierząt: {(9, 9)=[◥], (6, 6)=[>], (3, 3)=[◣], (2, 4)=[◣], (2, 5)=[v], (9, 2)=[◤], (7, 0)=[◢], (9, 5)=[◥], (9, 6)=[◥], (6, 4)=[◤]}
18 Jan 2025 22:05:11 GMT Zwierzę poruszyło się z (8, 8) na (9, 9)
18 Jan 2025 22:05:11 GMT Zwierzę zjadło roślinkę na (6, 6)
18 Jan 2025 22:05:11 GMT Zwierzę zjadło roślinkę na (9, 2)
18 Jan 2025 22:05:11 GMT Zwierzę zjadło roślinkę na (9, 5)
18 Jan 2025 22:05:11 GMT Zwierzę zjadło roślinkę na (9, 6)
18 Jan 2025 22:05:11 GMT Roślinka wyrosła na (4, 7)
18 Jan 2025 22:05:11 GMT Roślinka wyrosła na (2, 2)
18 Jan 2025 22:05:11 GMT Roślinka wyrosła na (0, 1)
18 Jan 2025 22:05:11 GMT Roślinka wyrosła na (1, 2)
18 Jan 2025 22:05:11 GMT Roślinka wyrosła na (0, 7)
18 Jan 2025 22:05:11 GMT Roślinka wyrosła na (9, 0)
18 Jan 2025 22:05:11 GMT Roślinka wyrosła na (9, 1)
18 Jan 2025 22:05:11 GMT Roślinka wyrosła na (6, 3)
18 Jan 2025 22:05:11 GMT Roślinka wyrosła na (8, 0)
18 Jan 2025 22:05:11 GMT Roślinka wyrosła na (0, 9)
18 Jan 2025 22:05:11 GMT Długość listy pozycji: 10
Lista pozycji zwierząt: {(9, 9)=[◥], (6, 6)=[>], (3, 3)=[◣], (2, 4)=[◣], (2, 6)=[^], (9, 2)=[◤], (7, 0)=[◢], (9, 5)=[◥], (9, 6)=[◥], (6, 4)=[◤]}
18 Jan 2025 22:05:11 GMT Zwierzę poruszyło się z (2, 5) na (2, 6)
18 Jan 2025 22:05:12 GMT Długość listy pozycji: 10
Lista pozycji zwierząt: {(9, 9)=[◥], (6, 6)=[>], (3, 3)=[◣], (2, 4)=[◣], (2, 6)=[^], (8, 0)=[>], (9, 2)=[◤], (9, 5)=[◥], (9, 6)=[◥], (6, 4)=[◤]}
18 Jan 2025 22:05:12 GMT Zwierzę poruszyło się z (7, 0) na (8, 0)
18 Jan 2025 22:05:12 GMT Długość listy pozycji: 10
Lista pozycji zwierząt: {(9, 9)=[◥], (6, 6)=[>], (2, 3)=[<], (2, 4)=[◣], (2, 6)=[^], (8, 0)=[>], (9, 2)=[◤], (9, 5)=[◥], (9, 6)=[◥], (6, 4)=[◤]}
18 Jan 2025 22:05:12 GMT Zwierzę poruszyło się z (3, 3) na (2, 3)
18 Jan 2025 22:05:12 GMT Długość listy pozycji: 10
Lista pozycji zwierząt: {(9, 9)=[◥], (6, 6)=[>], (2, 3)=[<], (2, 4)=[◣], (2, 6)=[^], (8, 0)=[>], (9, 2)=[◤], (8, 5)=[<], (9, 6)=[◥], (6, 4)=[◤]}
18 Jan 2025 22:05:12 GMT Zwierzę poruszyło się z (9, 5) na (8, 5)
18 Jan 2025 22:05:12 GMT Długość listy pozycji: 10
Lista pozycji zwierząt: {(6, 5)=[v], (9, 9)=[◥], (2, 3)=[<], (2, 4)=[◣], (2, 6)=[^], (8, 0)=[>], (9, 2)=[◤], (8, 5)=[<], (9, 6)=[◥], (6, 4)=[◤]}
18 Jan 2025 22:05:12 GMT Zwierzę poruszyło się z (6, 6) na (6, 5)
18 Jan 2025 22:05:12 GMT Długość listy pozycji: 10
Lista pozycji zwierząt: {(6, 5)=[v], (9, 9)=[◥], (2, 3)=[<], (2, 4)=[◣], (2, 6)=[^], (8, 0)=[>], (9, 2)=[◤], (7, 4)=[>], (8, 5)=[<], (9, 6)=[◥]}
18 Jan 2025 22:05:12 GMT Zwierzę poruszyło się z (6, 4) na (7, 4)
18 Jan 2025 22:05:12 GMT Długość listy pozycji: 10
Lista pozycji zwierząt: {(6, 5)=[v], (9, 9)=[◥], (2, 3)=[<], (1, 4)=[<], (2, 6)=[^], (8, 0)=[>], (9, 2)=[◤], (7, 4)=[>], (8, 5)=[<], (9, 6)=[◥]}
18 Jan 2025 22:05:12 GMT Zwierzę poruszyło się z (2, 4) na (1, 4)
18 Jan 2025 22:05:12 GMT Długość listy pozycji: 10
Lista pozycji zwierząt: {(6, 5)=[v], (9, 9)=[◥], (2, 3)=[<], (1, 4)=[<], (2, 6)=[^], (8, 0)=[>], (8, 2)=[<], (7, 4)=[>], (8, 5)=[<], (9, 6)=[◥]}
18 Jan 2025 22:05:12 GMT Zwierzę poruszyło się z (9, 2) na (8, 2)
18 Jan 2025 22:05:12 GMT Długość listy pozycji: 10
Lista pozycji zwierząt: {(6, 5)=[v], (9, 9)=[◥], (2, 3)=[<], (1, 4)=[<], (2, 6)=[^], (8, 0)=[>], (8, 2)=[<], (7, 4)=[>], (8, 5)=[<], (8, 6)=[<]}
18 Jan 2025 22:05:12 GMT Zwierzę poruszyło się z (9, 6) na (8, 6)
18 Jan 2025 22:05:12 GMT Długość listy pozycji: 10
Lista pozycji zwierząt: {(6, 5)=[v], (8, 9)=[<], (2, 3)=[<], (1, 4)=[<], (2, 6)=[^], (8, 0)=[>], (8, 2)=[<], (7, 4)=[>], (8, 5)=[<], (8, 6)=[<]}
18 Jan 2025 22:05:12 GMT Zwierzę poruszyło się z (9, 9) na (8, 9)
18 Jan 2025 22:05:12 GMT Zwierzę zjadło roślinkę na (2, 3)
18 Jan 2025 22:05:12 GMT Zwierzę zjadło roślinkę na (8, 0)
18 Jan 2025 22:05:12 GMT Zwierzę zjadło roślinkę na (8, 2)
18 Jan 2025 22:05:12 GMT Zwierzę zjadło roślinkę na (7, 4)
18 Jan 2025 22:05:13 GMT Roślinka wyrosła na (9, 4)
18 Jan 2025 22:05:13 GMT Roślinka wyrosła na (5, 7)
18 Jan 2025 22:05:13 GMT Roślinka wyrosła na (2, 9)
18 Jan 2025 22:05:13 GMT Roślinka wyrosła na (5, 0)
18 Jan 2025 22:05:13 GMT Roślinka wyrosła na (7, 8)
18 Jan 2025 22:05:13 GMT Roślinka wyrosła na (4, 1)
18 Jan 2025 22:05:13 GMT Roślinka wyrosła na (1, 3)
18 Jan 2025 22:05:13 GMT Roślinka wyrosła na (7, 9)
18 Jan 2025 22:05:13 GMT Roślinka wyrosła na (5, 9)
18 Jan 2025 22:05:13 GMT Roślinka wyrosła na (5, 1)
18 Jan 2025 22:05:13 GMT Długość listy pozycji: 10
Lista pozycji zwierząt: {(6, 5)=[v], (8, 9)=[<], (2, 3)=[<], (2, 5)=[v], (1, 4)=[<], (8, 0)=[>], (8, 2)=[<], (7, 4)=[>], (8, 5)=[<], (8, 6)=[<]}
18 Jan 2025 22:05:13 GMT Zwierzę poruszyło się z (2, 6) na (2, 5)
18 Jan 2025 22:05:13 GMT Długość listy pozycji: 10
Lista pozycji zwierząt: {(6, 5)=[v], (8, 9)=[<], (2, 3)=[<], (2, 5)=[v], (1, 4)=[<], (9, 1)=[◥], (8, 2)=[<], (7, 4)=[>], (8, 5)=[<], (8, 6)=[<]}
18 Jan 2025 22:05:13 GMT Zwierzę poruszyło się z (8, 0) na (9, 1)
18 Jan 2025 22:05:13 GMT Długość listy pozycji: 9
Lista pozycji zwierząt: {(6, 5)=[v], (8, 9)=[<], (2, 5)=[v], (1, 4)=[◤, <], (9, 1)=[◥], (8, 2)=[<], (7, 4)=[>], (8, 5)=[<], (8, 6)=[<]}
18 Jan 2025 22:05:13 GMT Zwierzę poruszyło się z (2, 3) na (1, 4)
18 Jan 2025 22:05:13 GMT Długość listy pozycji: 9
Lista pozycji zwierząt: {(6, 5)=[v], (8, 9)=[<], (2, 5)=[v], (1, 4)=[◤, <], (9, 1)=[◥], (8, 2)=[<], (9, 4)=[◢], (7, 4)=[>], (8, 6)=[<]}
18 Jan 2025 22:05:13 GMT Zwierzę poruszyło się z (8, 5) na (9, 4)
18 Jan 2025 22:05:13 GMT Długość listy pozycji: 9
Lista pozycji zwierząt: {(5, 5)=[<], (8, 9)=[<], (2, 5)=[v], (1, 4)=[◤, <], (9, 1)=[◥], (8, 2)=[<], (9, 4)=[◢], (7, 4)=[>], (8, 6)=[<]}
18 Jan 2025 22:05:13 GMT Zwierzę poruszyło się z (6, 5) na (5, 5)
18 Jan 2025 22:05:13 GMT Długość listy pozycji: 9
Lista pozycji zwierząt: {(5, 5)=[<], (8, 9)=[<], (2, 5)=[v], (1, 4)=[◤, <], (9, 1)=[◥], (8, 2)=[<], (9, 4)=[◢], (6, 3)=[◣], (8, 6)=[<]}
18 Jan 2025 22:05:13 GMT Zwierzę poruszyło się z (7, 4) na (6, 3)
18 Jan 2025 22:05:14 GMT Długość listy pozycji: 10
Lista pozycji zwierząt: {(5, 5)=[<], (8, 9)=[<], (2, 5)=[v], (1, 4)=[◤], (0, 5)=[◤], (9, 1)=[◥], (8, 2)=[<], (9, 4)=[◢], (6, 3)=[◣], (8, 6)=[<]}
18 Jan 2025 22:05:14 GMT Zwierzę poruszyło się z (1, 4) na (0, 5)
18 Jan 2025 22:05:14 GMT Długość listy pozycji: 10
Lista pozycji zwierząt: {(5, 5)=[<], (8, 9)=[<], (2, 5)=[v], (1, 4)=[◤], (0, 5)=[◤], (9, 1)=[◥], (7, 1)=[◣], (9, 4)=[◢], (6, 3)=[◣], (8, 6)=[<]}
18 Jan 2025 22:05:14 GMT Zwierzę poruszyło się z (8, 2) na (7, 1)
18 Jan 2025 22:05:14 GMT Długość listy pozycji: 10
Lista pozycji zwierząt: {(5, 5)=[<], (8, 9)=[<], (2, 5)=[v], (1, 4)=[◤], (0, 5)=[◤], (9, 1)=[◥], (7, 1)=[◣], (9, 4)=[◢], (9, 5)=[◢], (6, 3)=[◣]}
18 Jan 2025 22:05:14 GMT Zwierzę poruszyło się z (8, 6) na (9, 5)
18 Jan 2025 22:05:14 GMT Długość listy pozycji: 10
Lista pozycji zwierząt: {(9, 8)=[◢], (5, 5)=[<], (2, 5)=[v], (1, 4)=[◤], (0, 5)=[◤], (9, 1)=[◥], (7, 1)=[◣], (9, 4)=[◢], (9, 5)=[◢], (6, 3)=[◣]}
18 Jan 2025 22:05:14 GMT Zwierzę poruszyło się z (8, 9) na (9, 8)
18 Jan 2025 22:05:14 GMT Zwierzę zjadło roślinkę na (0, 5)
18 Jan 2025 22:05:14 GMT Zwierzę zjadło roślinkę na (9, 1)
18 Jan 2025 22:05:14 GMT Zwierzę zjadło roślinkę na (9, 4)
18 Jan 2025 22:05:14 GMT Zwierzę zjadło roślinkę na (6, 3)
18 Jan 2025 22:05:14 GMT Roślinka wyrosła na (2, 7)
18 Jan 2025 22:05:14 GMT Roślinka wyrosła na (6, 1)
18 Jan 2025 22:05:14 GMT Roślinka wyrosła na (7, 3)
18 Jan 2025 22:05:14 GMT Roślinka wyrosła na (3, 3)
18 Jan 2025 22:05:14 GMT Roślinka wyrosła na (7, 2)
18 Jan 2025 22:05:14 GMT Roślinka wyrosła na (3, 1)
18 Jan 2025 22:05:14 GMT Roślinka wyrosła na (2, 4)
18 Jan 2025 22:05:14 GMT Roślinka wyrosła na (6, 0)
18 Jan 2025 22:05:14 GMT Roślinka wyrosła na (8, 4)
18 Jan 2025 22:05:14 GMT Roślinka wyrosła na (4, 2)
18 Jan 2025 22:05:14 GMT Długość listy pozycji: 10
Lista pozycji zwierząt: {(9, 8)=[◢], (5, 5)=[<], (1, 4)=[◤], (2, 6)=[^], (0, 5)=[◤], (9, 1)=[◥], (7, 1)=[◣], (9, 4)=[◢], (9, 5)=[◢], (6, 3)=[◣]}
18 Jan 2025 22:05:14 GMT Zwierzę poruszyło się z (2, 5) na (2, 6)
18 Jan 2025 22:05:15 GMT Długość listy pozycji: 10
Lista pozycji zwierząt: {(9, 8)=[◢], (5, 5)=[<], (1, 4)=[◤], (2, 6)=[^], (0, 5)=[◤], (9, 2)=[^], (7, 1)=[◣], (9, 4)=[◢], (9, 5)=[◢], (6, 3)=[◣]}
18 Jan 2025 22:05:15 GMT Zwierzę poruszyło się z (9, 1) na (9, 2)
18 Jan 2025 22:05:15 GMT Długość listy pozycji: 10
Lista pozycji zwierząt: {(9, 8)=[◢], (5, 5)=[<], (1, 5)=[^], (2, 6)=[^], (0, 5)=[◤], (9, 2)=[^], (7, 1)=[◣], (9, 4)=[◢], (9, 5)=[◢], (6, 3)=[◣]}
18 Jan 2025 22:05:15 GMT Zwierzę poruszyło się z (1, 4) na (1, 5)
18 Jan 2025 22:05:15 GMT Długość listy pozycji: 9
Lista pozycji zwierząt: {(9, 8)=[◢], (5, 5)=[<], (1, 5)=[^], (2, 6)=[^], (0, 5)=[◤], (9, 2)=[^], (7, 1)=[◣], (9, 5)=[◢, ^], (6, 3)=[◣]}
18 Jan 2025 22:05:15 GMT Zwierzę poruszyło się z (9, 4) na (9, 5)
18 Jan 2025 22:05:15 GMT Długość listy pozycji: 9
Lista pozycji zwierząt: {(9, 8)=[◢], (5, 6)=[^], (1, 5)=[^], (2, 6)=[^], (0, 5)=[◤], (9, 2)=[^], (7, 1)=[◣], (9, 5)=[◢, ^], (6, 3)=[◣]}
18 Jan 2025 22:05:15 GMT Zwierzę poruszyło się z (5, 5) na (5, 6)
18 Jan 2025 22:05:15 GMT Długość listy pozycji: 9
Lista pozycji zwierząt: {(9, 8)=[◢], (5, 6)=[^], (1, 5)=[^], (2, 6)=[^], (0, 5)=[◤], (9, 2)=[^], (7, 1)=[◣], (9, 5)=[◢, ^], (6, 4)=[^]}
18 Jan 2025 22:05:15 GMT Zwierzę poruszyło się z (6, 3) na (6, 4)
18 Jan 2025 22:05:15 GMT Długość listy pozycji: 9
Lista pozycji zwierząt: {(9, 8)=[◢], (5, 6)=[^], (1, 5)=[^], (2, 6)=[^], (0, 6)=[^], (9, 2)=[^], (7, 1)=[◣], (9, 5)=[◢, ^], (6, 4)=[^]}
18 Jan 2025 22:05:15 GMT Zwierzę poruszyło się z (0, 5) na (0, 6)
18 Jan 2025 22:05:15 GMT Długość listy pozycji: 9
Lista pozycji zwierząt: {(9, 8)=[◢], (5, 6)=[^], (1, 5)=[^], (2, 6)=[^], (0, 6)=[^], (7, 0)=[v], (9, 2)=[^], (9, 5)=[◢, ^], (6, 4)=[^]}
18 Jan 2025 22:05:15 GMT Zwierzę poruszyło się z (7, 1) na (7, 0)
18 Jan 2025 22:05:15 GMT Długość listy pozycji: 10
Lista pozycji zwierząt: {(9, 8)=[◢], (5, 6)=[^], (1, 5)=[^], (2, 6)=[^], (0, 6)=[^], (7, 0)=[v], (9, 2)=[^], (9, 5)=[^], (9, 6)=[^], (6, 4)=[^]}
18 Jan 2025 22:05:15 GMT Zwierzę poruszyło się z (9, 5) na (9, 6)
18 Jan 2025 22:05:15 GMT Długość listy pozycji: 10
Lista pozycji zwierząt: {(9, 9)=[^], (5, 6)=[^], (1, 5)=[^], (2, 6)=[^], (0, 6)=[^], (7, 0)=[v], (9, 2)=[^], (9, 5)=[^], (9, 6)=[^], (6, 4)=[^]}
18 Jan 2025 22:05:15 GMT Zwierzę poruszyło się z (9, 8) na (9, 9)
18 Jan 2025 22:05:15 GMT Zwierzę zjadło roślinkę na (1, 5)
18 Jan 2025 22:05:15 GMT Zwierzę zjadło roślinkę na (0, 6)
18 Jan 2025 22:05:16 GMT Roślinka wyrosła na (8, 3)
18 Jan 2025 22:05:16 GMT Roślinka wyrosła na (0, 2)
18 Jan 2025 22:05:16 GMT Roślinka wyrosła na (0, 0)
18 Jan 2025 22:05:16 GMT Roślinka wyrosła na (1, 9)
18 Jan 2025 22:05:16 GMT Roślinka wyrosła na (2, 0)
18 Jan 2025 22:05:16 GMT Roślinka wyrosła na (7, 0)
18 Jan 2025 22:05:16 GMT Roślinka wyrosła na (6, 4)
18 Jan 2025 22:05:16 GMT Roślinka wyrosła na (1, 7)
18 Jan 2025 22:05:16 GMT Roślinka wyrosła na (6, 2)
18 Jan 2025 22:05:16 GMT Roślinka wyrosła na (3, 7)
18 Jan 2025 22:05:16 GMT Długość listy pozycji: 10
Lista pozycji zwierząt: {(9, 9)=[^], (5, 6)=[^], (2, 5)=[v], (1, 5)=[^], (0, 6)=[^], (7, 0)=[v], (9, 2)=[^], (9, 5)=[^], (9, 6)=[^], (6, 4)=[^]}
18 Jan 2025 22:05:16 GMT Zwierzę poruszyło się z (2, 6) na (2, 5)
18 Jan 2025 22:05:16 GMT Długość listy pozycji: 10
Lista pozycji zwierząt: {(9, 9)=[^], (5, 6)=[^], (2, 5)=[v], (1, 5)=[^], (0, 6)=[^], (7, 0)=[v], (8, 3)=[◤], (9, 5)=[^], (9, 6)=[^], (6, 4)=[^]}
18 Jan 2025 22:05:16 GMT Zwierzę poruszyło się z (9, 2) na (8, 3)
18 Jan 2025 22:05:16 GMT Długość listy pozycji: 10
Lista pozycji zwierząt: {(9, 9)=[^], (5, 6)=[^], (2, 5)=[v], (2, 6)=[◥], (0, 6)=[^], (7, 0)=[v], (8, 3)=[◤], (9, 5)=[^], (9, 6)=[^], (6, 4)=[^]}
18 Jan 2025 22:05:16 GMT Zwierzę poruszyło się z (1, 5) na (2, 6)
18 Jan 2025 22:05:16 GMT Długość listy pozycji: 10
Lista pozycji zwierząt: {(9, 9)=[^], (5, 6)=[^], (2, 5)=[v], (2, 6)=[◥], (0, 6)=[^], (7, 0)=[v], (8, 3)=[◤], (8, 4)=[◣], (9, 6)=[^], (6, 4)=[^]}
18 Jan 2025 22:05:16 GMT Zwierzę poruszyło się z (9, 5) na (8, 4)
18 Jan 2025 22:05:16 GMT Długość listy pozycji: 10
Lista pozycji zwierząt: {(6, 6)=[>], (9, 9)=[^], (2, 5)=[v], (2, 6)=[◥], (0, 6)=[^], (7, 0)=[v], (8, 3)=[◤], (8, 4)=[◣], (9, 6)=[^], (6, 4)=[^]}
18 Jan 2025 22:05:16 GMT Zwierzę poruszyło się z (5, 6) na (6, 6)
18 Jan 2025 22:05:16 GMT Długość listy pozycji: 10
Lista pozycji zwierząt: {(6, 6)=[>], (9, 9)=[^], (2, 5)=[v], (2, 6)=[◥], (0, 6)=[^], (7, 0)=[v], (8, 3)=[◤], (7, 3)=[◢], (8, 4)=[◣], (9, 6)=[^]}
18 Jan 2025 22:05:16 GMT Zwierzę poruszyło się z (6, 4) na (7, 3)
18 Jan 2025 22:05:17 GMT Długość listy pozycji: 10
Lista pozycji zwierząt: {(6, 6)=[>], (9, 9)=[^], (2, 5)=[v], (2, 6)=[◥], (1, 7)=[◥], (7, 0)=[v], (8, 3)=[◤], (7, 3)=[◢], (8, 4)=[◣], (9, 6)=[^]}
18 Jan 2025 22:05:17 GMT Zwierzę poruszyło się z (0, 6) na (1, 7)
18 Jan 2025 22:05:17 GMT Długość listy pozycji: 10
Lista pozycji zwierząt: {(6, 6)=[>], (9, 9)=[^], (2, 5)=[v], (2, 6)=[◥], (1, 7)=[◥], (7, 0)=[◤], (8, 3)=[◤], (7, 3)=[◢], (8, 4)=[◣], (9, 6)=[^]}
18 Jan 2025 22:05:17 GMT Zwierzę poruszyło się z (7, 0) na (7, 0)
18 Jan 2025 22:05:17 GMT Długość listy pozycji: 10
Lista pozycji zwierząt: {(6, 6)=[>], (9, 9)=[^], (2, 5)=[v], (2, 6)=[◥], (1, 7)=[◥], (7, 0)=[◤], (8, 3)=[◤], (7, 3)=[◢], (8, 4)=[◣], (8, 5)=[◣]}
18 Jan 2025 22:05:17 GMT Zwierzę poruszyło się z (9, 6) na (8, 5)
18 Jan 2025 22:05:17 GMT Długość listy pozycji: 10
Lista pozycji zwierząt: {(8, 8)=[◣], (6, 6)=[>], (2, 5)=[v], (2, 6)=[◥], (1, 7)=[◥], (7, 0)=[◤], (8, 3)=[◤], (7, 3)=[◢], (8, 4)=[◣], (8, 5)=[◣]}
18 Jan 2025 22:05:17 GMT Zwierzę poruszyło się z (9, 9) na (8, 8)
18 Jan 2025 22:05:17 GMT Zwierzę zjadło roślinkę na (1, 7)
18 Jan 2025 22:05:17 GMT Zwierzę zjadło roślinkę na (7, 0)
18 Jan 2025 22:05:17 GMT Zwierzę zjadło roślinkę na (8, 3)
18 Jan 2025 22:05:17 GMT Zwierzę zjadło roślinkę na (7, 3)
18 Jan 2025 22:05:17 GMT Zwierzę zjadło roślinkę na (8, 4)
18 Jan 2025 22:05:17 GMT Roślinka wyrosła na (1, 1)
18 Jan 2025 22:05:17 GMT Roślinka wyrosła na (1, 8)
18 Jan 2025 22:05:17 GMT Roślinka wyrosła na (9, 8)
18 Jan 2025 22:05:17 GMT Roślinka wyrosła na (2, 1)
18 Jan 2025 22:05:17 GMT Roślinka wyrosła na (2, 8)
18 Jan 2025 22:05:17 GMT Roślinka wyrosła na (1, 0)
18 Jan 2025 22:05:17 GMT Roślinka wyrosła na (0, 4)
18 Jan 2025 22:05:17 GMT Roślinka wyrosła na (9, 3)
18 Jan 2025 22:05:17 GMT Roślinka wyrosła na (5, 8)
18 Jan 2025 22:05:17 GMT Roślinka wyrosła na (7, 1)
18 Jan 2025 22:05:17 GMT Długość listy pozycji: 9
Lista pozycji zwierząt: {(8, 8)=[◣], (6, 6)=[>], (2, 6)=[◥, ^], (1, 7)=[◥], (7, 0)=[◤], (8, 3)=[◤], (7, 3)=[◢], (8, 4)=[◣], (8, 5)=[◣]}
18 Jan 2025 22:05:17 GMT Zwierzę poruszyło się z (2, 5) na (2, 6)
