16 Jan 2025 22:42:22 GMT Zwierze zostało położone na (8, 2)
16 Jan 2025 22:42:22 GMT Zwierze zostało położone na (2, 8)
16 Jan 2025 22:42:22 GMT Zwierze zostało położone na (3, 0)
16 Jan 2025 22:42:22 GMT Zwierze zostało położone na (9, 5)
16 Jan 2025 22:42:22 GMT Zwierze zostało położone na (9, 3)
16 Jan 2025 22:42:22 GMT Zwierze zostało położone na (1, 1)
16 Jan 2025 22:42:22 GMT Zwierze zostało położone na (0, 2)
16 Jan 2025 22:42:22 GMT Zwierze zostało położone na (2, 4)
16 Jan 2025 22:42:22 GMT Zwierze zostało położone na (0, 7)
16 Jan 2025 22:42:22 GMT Zwierze zostało położone na (5, 2)
16 Jan 2025 22:42:22 GMT Długość listy pozycji: 10
Lista pozycji zwierząt: {(1, 1)=[<], (2, 4)=[>], (0, 2)=[◣], (2, 8)=[<], (0, 7)=[^], (9, 2)=[>], (9, 3)=[^], (9, 5)=[◢], (5, 2)=[◥], (3, 0)=[v]}
16 Jan 2025 22:42:22 GMT Zwierzę poruszyło się z (8, 2) na (9, 2)
16 Jan 2025 22:42:22 GMT Długość listy pozycji: 10
Lista pozycji zwierząt: {(1, 1)=[<], (2, 4)=[>], (0, 2)=[◣], (2, 7)=[v], (0, 7)=[^], (9, 2)=[>], (9, 3)=[^], (9, 5)=[◢], (5, 2)=[◥], (3, 0)=[v]}
16 Jan 2025 22:42:22 GMT Zwierzę poruszyło się z (2, 8) na (2, 7)
16 Jan 2025 22:42:23 GMT Długość listy pozycji: 10
Lista pozycji zwierząt: {(1, 1)=[<], (2, 4)=[>], (0, 2)=[◣], (2, 7)=[v], (0, 7)=[^], (9, 2)=[>], (9, 3)=[^], (9, 5)=[◢], (5, 2)=[◥], (3, 1)=[^]}
16 Jan 2025 22:42:23 GMT Zwierzę poruszyło się z (3, 0) na (3, 1)
16 Jan 2025 22:42:23 GMT Długość listy pozycji: 10
Lista pozycji zwierząt: {(1, 1)=[<], (2, 4)=[>], (0, 2)=[◣], (2, 7)=[v], (0, 7)=[^], (9, 2)=[>], (9, 3)=[^], (8, 5)=[<], (5, 2)=[◥], (3, 1)=[^]}
16 Jan 2025 22:42:23 GMT Zwierzę poruszyło się z (9, 5) na (8, 5)
16 Jan 2025 22:42:23 GMT Długość listy pozycji: 10
Lista pozycji zwierząt: {(1, 1)=[<], (2, 4)=[>], (0, 2)=[◣], (2, 7)=[v], (0, 7)=[^], (9, 2)=[>], (9, 4)=[^], (8, 5)=[<], (5, 2)=[◥], (3, 1)=[^]}
16 Jan 2025 22:42:23 GMT Zwierzę poruszyło się z (9, 3) na (9, 4)
16 Jan 2025 22:42:23 GMT Długość listy pozycji: 10
Lista pozycji zwierząt: {(1, 0)=[v], (2, 4)=[>], (0, 2)=[◣], (2, 7)=[v], (0, 7)=[^], (9, 2)=[>], (9, 4)=[^], (8, 5)=[<], (5, 2)=[◥], (3, 1)=[^]}
16 Jan 2025 22:42:23 GMT Zwierzę poruszyło się z (1, 1) na (1, 0)
16 Jan 2025 22:42:23 GMT Długość listy pozycji: 10
Lista pozycji zwierząt: {(1, 0)=[v], (1, 2)=[>], (2, 4)=[>], (2, 7)=[v], (0, 7)=[^], (9, 2)=[>], (9, 4)=[^], (8, 5)=[<], (5, 2)=[◥], (3, 1)=[^]}
16 Jan 2025 22:42:23 GMT Zwierzę poruszyło się z (0, 2) na (1, 2)
16 Jan 2025 22:42:23 GMT Długość listy pozycji: 10
Lista pozycji zwierząt: {(1, 0)=[v], (2, 3)=[v], (1, 2)=[>], (2, 7)=[v], (0, 7)=[^], (9, 2)=[>], (9, 4)=[^], (8, 5)=[<], (5, 2)=[◥], (3, 1)=[^]}
16 Jan 2025 22:42:23 GMT Zwierzę poruszyło się z (2, 4) na (2, 3)
16 Jan 2025 22:42:23 GMT Długość listy pozycji: 10
Lista pozycji zwierząt: {(1, 0)=[v], (2, 3)=[v], (1, 2)=[>], (2, 7)=[v], (0, 8)=[^], (9, 2)=[>], (9, 4)=[^], (8, 5)=[<], (5, 2)=[◥], (3, 1)=[^]}
16 Jan 2025 22:42:23 GMT Zwierzę poruszyło się z (0, 7) na (0, 8)
16 Jan 2025 22:42:23 GMT Długość listy pozycji: 10
Lista pozycji zwierząt: {(1, 0)=[v], (2, 3)=[v], (1, 2)=[>], (2, 7)=[v], (0, 8)=[^], (9, 2)=[>], (9, 4)=[^], (6, 2)=[>], (8, 5)=[<], (3, 1)=[^]}
16 Jan 2025 22:42:23 GMT Zwierzę poruszyło się z (5, 2) na (6, 2)
16 Jan 2025 22:42:24 GMT Roślinka wyrosła na (3, 6)
16 Jan 2025 22:42:24 GMT Roślinka wyrosła na (6, 6)
16 Jan 2025 22:42:24 GMT Roślinka wyrosła na (9, 5)
16 Jan 2025 22:42:24 GMT Roślinka wyrosła na (1, 5)
16 Jan 2025 22:42:24 GMT Roślinka wyrosła na (2, 5)
16 Jan 2025 22:42:24 GMT Roślinka wyrosła na (3, 5)
16 Jan 2025 22:42:24 GMT Roślinka wyrosła na (8, 5)
16 Jan 2025 22:42:24 GMT Roślinka wyrosła na (7, 5)
16 Jan 2025 22:42:24 GMT Roślinka wyrosła na (0, 5)
16 Jan 2025 22:42:24 GMT Roślinka wyrosła na (2, 6)
16 Jan 2025 22:42:24 GMT Długość listy pozycji: 10
Lista pozycji zwierząt: {(1, 0)=[v], (2, 3)=[v], (1, 2)=[>], (2, 7)=[v], (0, 8)=[^], (8, 3)=[◤], (9, 4)=[^], (6, 2)=[>], (8, 5)=[<], (3, 1)=[^]}
16 Jan 2025 22:42:24 GMT Zwierzę poruszyło się z (9, 2) na (8, 3)
16 Jan 2025 22:42:24 GMT Długość listy pozycji: 10
Lista pozycji zwierząt: {(1, 0)=[v], (2, 3)=[v], (1, 2)=[>], (3, 7)=[>], (0, 8)=[^], (8, 3)=[◤], (9, 4)=[^], (6, 2)=[>], (8, 5)=[<], (3, 1)=[^]}
16 Jan 2025 22:42:24 GMT Zwierzę poruszyło się z (2, 7) na (3, 7)
16 Jan 2025 22:42:24 GMT Długość listy pozycji: 10
Lista pozycji zwierząt: {(1, 0)=[v], (2, 3)=[v], (1, 2)=[>], (3, 7)=[>], (0, 8)=[^], (8, 3)=[◤], (9, 4)=[^], (6, 2)=[>], (3, 0)=[v], (8, 5)=[<]}
16 Jan 2025 22:42:24 GMT Zwierzę poruszyło się z (3, 1) na (3, 0)
16 Jan 2025 22:42:24 GMT Długość listy pozycji: 10
Lista pozycji zwierząt: {(1, 0)=[v], (2, 3)=[v], (1, 2)=[>], (3, 7)=[>], (0, 8)=[^], (8, 3)=[◤], (9, 4)=[^], (6, 2)=[>], (9, 6)=[◥], (3, 0)=[v]}
16 Jan 2025 22:42:24 GMT Zwierzę poruszyło się z (8, 5) na (9, 6)
16 Jan 2025 22:42:24 GMT Długość listy pozycji: 10
Lista pozycji zwierząt: {(1, 0)=[v], (2, 3)=[v], (1, 2)=[>], (3, 7)=[>], (0, 8)=[^], (8, 3)=[◤], (9, 5)=[^], (6, 2)=[>], (9, 6)=[◥], (3, 0)=[v]}
16 Jan 2025 22:42:24 GMT Zwierzę poruszyło się z (9, 4) na (9, 5)
16 Jan 2025 22:42:24 GMT Długość listy pozycji: 10
Lista pozycji zwierząt: {(2, 3)=[v], (1, 2)=[>], (3, 7)=[>], (0, 8)=[^], (8, 3)=[◤], (9, 5)=[^], (6, 2)=[>], (9, 6)=[◥], (3, 0)=[v], (2, 0)=[>]}
16 Jan 2025 22:42:24 GMT Zwierzę poruszyło się z (1, 0) na (2, 0)
16 Jan 2025 22:42:25 GMT Długość listy pozycji: 10
Lista pozycji zwierząt: {(2, 3)=[v], (0, 3)=[◤], (3, 7)=[>], (0, 8)=[^], (8, 3)=[◤], (9, 5)=[^], (6, 2)=[>], (9, 6)=[◥], (3, 0)=[v], (2, 0)=[>]}
16 Jan 2025 22:42:25 GMT Zwierzę poruszyło się z (1, 2) na (0, 3)
16 Jan 2025 22:42:25 GMT Długość listy pozycji: 10
Lista pozycji zwierząt: {(1, 3)=[<], (0, 3)=[◤], (3, 7)=[>], (0, 8)=[^], (8, 3)=[◤], (9, 5)=[^], (6, 2)=[>], (9, 6)=[◥], (3, 0)=[v], (2, 0)=[>]}
16 Jan 2025 22:42:25 GMT Zwierzę poruszyło się z (2, 3) na (1, 3)
16 Jan 2025 22:42:25 GMT Długość listy pozycji: 10
Lista pozycji zwierząt: {(1, 3)=[<], (0, 3)=[◤], (3, 7)=[>], (0, 9)=[^], (8, 3)=[◤], (9, 5)=[^], (6, 2)=[>], (9, 6)=[◥], (3, 0)=[v], (2, 0)=[>]}
16 Jan 2025 22:42:25 GMT Zwierzę poruszyło się z (0, 8) na (0, 9)
16 Jan 2025 22:42:25 GMT Długość listy pozycji: 10
Lista pozycji zwierząt: {(1, 3)=[<], (0, 3)=[◤], (3, 7)=[>], (0, 9)=[^], (7, 1)=[◢], (8, 3)=[◤], (9, 5)=[^], (9, 6)=[◥], (3, 0)=[v], (2, 0)=[>]}
16 Jan 2025 22:42:25 GMT Zwierzę poruszyło się z (6, 2) na (7, 1)
16 Jan 2025 22:42:25 GMT Zwierzę zjadło roślinkę na (9, 5)
16 Jan 2025 22:42:25 GMT Zwierzę zjadło roślinkę na (9, 6)
16 Jan 2025 22:42:25 GMT Roślinka wyrosła na (4, 5)
16 Jan 2025 22:42:25 GMT Roślinka wyrosła na (0, 6)
16 Jan 2025 22:42:25 GMT Roślinka wyrosła na (6, 5)
16 Jan 2025 22:42:25 GMT Roślinka wyrosła na (5, 8)
16 Jan 2025 22:42:25 GMT Roślinka wyrosła na (8, 1)
16 Jan 2025 22:42:25 GMT Roślinka wyrosła na (1, 0)
16 Jan 2025 22:42:25 GMT Roślinka wyrosła na (4, 0)
16 Jan 2025 22:42:25 GMT Roślinka wyrosła na (6, 9)
16 Jan 2025 22:42:25 GMT Roślinka wyrosła na (6, 8)
16 Jan 2025 22:42:25 GMT Roślinka wyrosła na (5, 4)
16 Jan 2025 22:42:25 GMT Długość listy pozycji: 10
Lista pozycji zwierząt: {(1, 3)=[<], (0, 3)=[◤], (3, 7)=[>], (0, 9)=[^], (8, 2)=[v], (7, 1)=[◢], (9, 5)=[^], (9, 6)=[◥], (3, 0)=[v], (2, 0)=[>]}
16 Jan 2025 22:42:25 GMT Zwierzę poruszyło się z (8, 3) na (8, 2)
16 Jan 2025 22:42:26 GMT Długość listy pozycji: 10
Lista pozycji zwierząt: {(1, 3)=[<], (0, 3)=[◤], (3, 8)=[^], (0, 9)=[^], (8, 2)=[v], (7, 1)=[◢], (9, 5)=[^], (9, 6)=[◥], (3, 0)=[v], (2, 0)=[>]}
16 Jan 2025 22:42:26 GMT Zwierzę poruszyło się z (3, 7) na (3, 8)
16 Jan 2025 22:42:26 GMT Długość listy pozycji: 10
Lista pozycji zwierząt: {(1, 3)=[<], (0, 3)=[◤], (3, 8)=[^], (0, 9)=[^], (8, 2)=[v], (7, 1)=[◢], (9, 5)=[^], (9, 6)=[◥], (3, 1)=[^], (2, 0)=[>]}
16 Jan 2025 22:42:26 GMT Zwierzę poruszyło się z (3, 0) na (3, 1)
16 Jan 2025 22:42:26 GMT Długość listy pozycji: 9
Lista pozycji zwierząt: {(1, 3)=[<], (0, 3)=[◤], (3, 8)=[^], (0, 9)=[^], (8, 2)=[v], (7, 1)=[◢], (9, 5)=[^, v], (3, 1)=[^], (2, 0)=[>]}
16 Jan 2025 22:42:26 GMT Zwierzę poruszyło się z (9, 6) na (9, 5)
16 Jan 2025 22:42:26 GMT Długość listy pozycji: 10
Lista pozycji zwierząt: {(1, 3)=[<], (0, 3)=[◤], (3, 8)=[^], (0, 9)=[^], (8, 2)=[v], (7, 1)=[◢], (9, 5)=[v], (9, 6)=[^], (3, 1)=[^], (2, 0)=[>]}
16 Jan 2025 22:42:26 GMT Zwierzę poruszyło się z (9, 5) na (9, 6)
16 Jan 2025 22:42:26 GMT Długość listy pozycji: 10
Lista pozycji zwierząt: {(2, 1)=[^], (1, 3)=[<], (0, 3)=[◤], (3, 8)=[^], (0, 9)=[^], (8, 2)=[v], (7, 1)=[◢], (9, 5)=[v], (9, 6)=[^], (3, 1)=[^]}
16 Jan 2025 22:42:26 GMT Zwierzę poruszyło się z (2, 0) na (2, 1)
16 Jan 2025 22:42:26 GMT Długość listy pozycji: 10
Lista pozycji zwierząt: {(2, 1)=[^], (0, 2)=[v], (1, 3)=[<], (3, 8)=[^], (0, 9)=[^], (8, 2)=[v], (7, 1)=[◢], (9, 5)=[v], (9, 6)=[^], (3, 1)=[^]}
16 Jan 2025 22:42:26 GMT Zwierzę poruszyło się z (0, 3) na (0, 2)
16 Jan 2025 22:42:26 GMT Długość listy pozycji: 10
Lista pozycji zwierząt: {(2, 1)=[^], (0, 2)=[v], (1, 4)=[^], (3, 8)=[^], (0, 9)=[^], (8, 2)=[v], (7, 1)=[◢], (9, 5)=[v], (9, 6)=[^], (3, 1)=[^]}
16 Jan 2025 22:42:26 GMT Zwierzę poruszyło się z (1, 3) na (1, 4)
16 Jan 2025 22:42:26 GMT Długość listy pozycji: 10
Lista pozycji zwierząt: {(2, 1)=[^], (0, 2)=[v], (1, 4)=[^], (3, 8)=[^], (0, 9)=[v], (8, 2)=[v], (7, 1)=[◢], (9, 5)=[v], (9, 6)=[^], (3, 1)=[^]}
16 Jan 2025 22:42:26 GMT Zwierzę poruszyło się z (0, 9) na (0, 9)
16 Jan 2025 22:42:26 GMT Długość listy pozycji: 10
Lista pozycji zwierząt: {(2, 1)=[^], (0, 2)=[v], (1, 4)=[^], (3, 8)=[^], (7, 0)=[v], (0, 9)=[v], (8, 2)=[v], (9, 5)=[v], (9, 6)=[^], (3, 1)=[^]}
16 Jan 2025 22:42:26 GMT Zwierzę poruszyło się z (7, 1) na (7, 0)
16 Jan 2025 22:42:26 GMT Zwierzę zjadło roślinkę na (2, 1)
16 Jan 2025 22:42:27 GMT Roślinka wyrosła na (3, 1)
16 Jan 2025 22:42:27 GMT Roślinka wyrosła na (3, 2)
16 Jan 2025 22:42:27 GMT Roślinka wyrosła na (9, 8)
16 Jan 2025 22:42:27 GMT Roślinka wyrosła na (2, 2)
16 Jan 2025 22:42:27 GMT Roślinka wyrosła na (6, 7)
16 Jan 2025 22:42:27 GMT Roślinka wyrosła na (6, 4)
16 Jan 2025 22:42:27 GMT Roślinka wyrosła na (7, 2)
16 Jan 2025 22:42:27 GMT Roślinka wyrosła na (3, 0)
16 Jan 2025 22:42:27 GMT Roślinka wyrosła na (5, 1)
16 Jan 2025 22:42:27 GMT Roślinka wyrosła na (9, 3)
16 Jan 2025 22:42:27 GMT Długość listy pozycji: 10
Lista pozycji zwierząt: {(2, 1)=[^], (0, 2)=[v], (1, 4)=[^], (3, 8)=[^], (7, 0)=[v], (0, 9)=[v], (9, 3)=[◥], (9, 5)=[v], (9, 6)=[^], (3, 1)=[^]}
16 Jan 2025 22:42:27 GMT Zwierzę poruszyło się z (8, 2) na (9, 3)
16 Jan 2025 22:42:27 GMT Długość listy pozycji: 10
Lista pozycji zwierząt: {(2, 1)=[^], (0, 2)=[v], (1, 4)=[^], (2, 8)=[<], (7, 0)=[v], (0, 9)=[v], (9, 3)=[◥], (9, 5)=[v], (9, 6)=[^], (3, 1)=[^]}
16 Jan 2025 22:42:27 GMT Zwierzę poruszyło się z (3, 8) na (2, 8)
16 Jan 2025 22:42:27 GMT Długość listy pozycji: 10
Lista pozycji zwierząt: {(2, 1)=[^], (0, 2)=[v], (1, 4)=[^], (2, 8)=[<], (7, 0)=[v], (0, 9)=[v], (9, 3)=[◥], (9, 5)=[v], (3, 0)=[v], (9, 6)=[^]}
16 Jan 2025 22:42:27 GMT Zwierzę poruszyło się z (3, 1) na (3, 0)
16 Jan 2025 22:42:27 GMT Długość listy pozycji: 10
Lista pozycji zwierząt: {(2, 1)=[^], (0, 2)=[v], (1, 4)=[^], (2, 8)=[<], (7, 0)=[v], (0, 9)=[v], (9, 3)=[◥], (3, 0)=[v], (9, 6)=[^], (8, 6)=[◤]}
16 Jan 2025 22:42:27 GMT Zwierzę poruszyło się z (9, 5) na (8, 6)
16 Jan 2025 22:42:27 GMT Długość listy pozycji: 10
Lista pozycji zwierząt: {(2, 1)=[^], (0, 2)=[v], (1, 4)=[^], (2, 8)=[<], (7, 0)=[v], (0, 9)=[v], (9, 3)=[◥], (3, 0)=[v], (9, 7)=[^], (8, 6)=[◤]}
16 Jan 2025 22:42:27 GMT Zwierzę poruszyło się z (9, 6) na (9, 7)
16 Jan 2025 22:42:27 GMT Długość listy pozycji: 10
Lista pozycji zwierząt: {(1, 1)=[<], (0, 2)=[v], (1, 4)=[^], (2, 8)=[<], (7, 0)=[v], (0, 9)=[v], (9, 3)=[◥], (3, 0)=[v], (9, 7)=[^], (8, 6)=[◤]}
16 Jan 2025 22:42:27 GMT Zwierzę poruszyło się z (2, 1) na (1, 1)
16 Jan 2025 22:42:28 GMT Długość listy pozycji: 10
Lista pozycji zwierząt: {(1, 1)=[<], (1, 3)=[◥], (1, 4)=[^], (2, 8)=[<], (7, 0)=[v], (0, 9)=[v], (9, 3)=[◥], (3, 0)=[v], (9, 7)=[^], (8, 6)=[◤]}
16 Jan 2025 22:42:28 GMT Zwierzę poruszyło się z (0, 2) na (1, 3)
16 Jan 2025 22:42:28 GMT Długość listy pozycji: 10
Lista pozycji zwierząt: {(1, 1)=[<], (2, 4)=[>], (1, 3)=[◥], (2, 8)=[<], (7, 0)=[v], (0, 9)=[v], (9, 3)=[◥], (3, 0)=[v], (9, 7)=[^], (8, 6)=[◤]}
16 Jan 2025 22:42:28 GMT Zwierzę poruszyło się z (1, 4) na (2, 4)
16 Jan 2025 22:42:28 GMT Długość listy pozycji: 10
Lista pozycji zwierząt: {(1, 1)=[<], (2, 4)=[>], (1, 3)=[◥], (2, 8)=[<], (0, 8)=[v], (7, 0)=[v], (9, 3)=[◥], (3, 0)=[v], (9, 7)=[^], (8, 6)=[◤]}
16 Jan 2025 22:42:28 GMT Zwierzę poruszyło się z (0, 9) na (0, 8)
16 Jan 2025 22:42:28 GMT Długość listy pozycji: 10
Lista pozycji zwierząt: {(1, 1)=[<], (2, 4)=[>], (1, 3)=[◥], (2, 8)=[<], (0, 8)=[v], (7, 0)=[◥], (9, 3)=[◥], (3, 0)=[v], (9, 7)=[^], (8, 6)=[◤]}
16 Jan 2025 22:42:28 GMT Zwierzę poruszyło się z (7, 0) na (7, 0)
16 Jan 2025 22:42:28 GMT Zwierzę zjadło roślinkę na (9, 3)
16 Jan 2025 22:42:28 GMT Zwierzę zjadło roślinkę na (3, 0)
16 Jan 2025 22:42:28 GMT Zwierzę zjadło roślinkę na (8, 6)
16 Jan 2025 22:42:28 GMT Roślinka wyrosła na (7, 7)
16 Jan 2025 22:42:28 GMT Roślinka wyrosła na (9, 0)
16 Jan 2025 22:42:28 GMT Roślinka wyrosła na (4, 7)
16 Jan 2025 22:42:28 GMT Roślinka wyrosła na (0, 7)
16 Jan 2025 22:42:28 GMT Roślinka wyrosła na (8, 2)
16 Jan 2025 22:42:28 GMT Roślinka wyrosła na (9, 4)
16 Jan 2025 22:42:28 GMT Roślinka wyrosła na (6, 1)
16 Jan 2025 22:42:28 GMT Roślinka wyrosła na (6, 3)
16 Jan 2025 22:42:28 GMT Roślinka wyrosła na (7, 8)
16 Jan 2025 22:42:28 GMT Roślinka wyrosła na (9, 2)
16 Jan 2025 22:42:28 GMT Długość listy pozycji: 10
Lista pozycji zwierząt: {(1, 1)=[<], (2, 4)=[>], (1, 3)=[◥], (2, 8)=[<], (0, 8)=[v], (7, 0)=[◥], (8, 3)=[<], (3, 0)=[v], (9, 7)=[^], (8, 6)=[◤]}
16 Jan 2025 22:42:28 GMT Zwierzę poruszyło się z (9, 3) na (8, 3)
16 Jan 2025 22:42:29 GMT Długość listy pozycji: 10
Lista pozycji zwierząt: {(1, 1)=[<], (2, 4)=[>], (1, 3)=[◥], (2, 7)=[v], (0, 8)=[v], (7, 0)=[◥], (8, 3)=[<], (3, 0)=[v], (9, 7)=[^], (8, 6)=[◤]}
16 Jan 2025 22:42:29 GMT Zwierzę poruszyło się z (2, 8) na (2, 7)
16 Jan 2025 22:42:29 GMT Długość listy pozycji: 10
Lista pozycji zwierząt: {(1, 1)=[<], (2, 4)=[>], (1, 3)=[◥], (2, 7)=[v], (0, 8)=[v], (7, 0)=[◥], (8, 3)=[<], (3, 1)=[^], (9, 7)=[^], (8, 6)=[◤]}
16 Jan 2025 22:42:29 GMT Zwierzę poruszyło się z (3, 0) na (3, 1)
16 Jan 2025 22:42:29 GMT Długość listy pozycji: 10
Lista pozycji zwierząt: {(1, 1)=[<], (2, 4)=[>], (1, 3)=[◥], (2, 7)=[v], (0, 8)=[v], (7, 0)=[◥], (8, 3)=[<], (9, 6)=[>], (3, 1)=[^], (9, 7)=[^]}
16 Jan 2025 22:42:29 GMT Zwierzę poruszyło się z (8, 6) na (9, 6)
16 Jan 2025 22:42:29 GMT Długość listy pozycji: 10
Lista pozycji zwierząt: {(9, 8)=[^], (1, 1)=[<], (2, 4)=[>], (1, 3)=[◥], (2, 7)=[v], (0, 8)=[v], (7, 0)=[◥], (8, 3)=[<], (9, 6)=[>], (3, 1)=[^]}
16 Jan 2025 22:42:29 GMT Zwierzę poruszyło się z (9, 7) na (9, 8)
16 Jan 2025 22:42:29 GMT Długość listy pozycji: 10
Lista pozycji zwierząt: {(1, 0)=[v], (9, 8)=[^], (2, 4)=[>], (1, 3)=[◥], (2, 7)=[v], (0, 8)=[v], (7, 0)=[◥], (8, 3)=[<], (9, 6)=[>], (3, 1)=[^]}
16 Jan 2025 22:42:29 GMT Zwierzę poruszyło się z (1, 1) na (1, 0)
16 Jan 2025 22:42:29 GMT Długość listy pozycji: 10
Lista pozycji zwierząt: {(1, 0)=[v], (9, 8)=[^], (2, 4)=[>], (0, 3)=[<], (2, 7)=[v], (0, 8)=[v], (7, 0)=[◥], (8, 3)=[<], (9, 6)=[>], (3, 1)=[^]}
16 Jan 2025 22:42:29 GMT Zwierzę poruszyło się z (1, 3) na (0, 3)
16 Jan 2025 22:42:29 GMT Długość listy pozycji: 10
Lista pozycji zwierząt: {(1, 0)=[v], (9, 8)=[^], (2, 3)=[v], (0, 3)=[<], (2, 7)=[v], (0, 8)=[v], (7, 0)=[◥], (8, 3)=[<], (9, 6)=[>], (3, 1)=[^]}
16 Jan 2025 22:42:29 GMT Zwierzę poruszyło się z (2, 4) na (2, 3)
16 Jan 2025 22:42:29 GMT Długość listy pozycji: 10
Lista pozycji zwierząt: {(1, 0)=[v], (9, 8)=[^], (2, 3)=[v], (0, 3)=[<], (2, 7)=[v], (0, 7)=[v], (7, 0)=[◥], (8, 3)=[<], (9, 6)=[>], (3, 1)=[^]}
16 Jan 2025 22:42:29 GMT Zwierzę poruszyło się z (0, 8) na (0, 7)
16 Jan 2025 22:42:29 GMT Długość listy pozycji: 10
Lista pozycji zwierząt: {(1, 0)=[v], (9, 8)=[^], (2, 3)=[v], (0, 3)=[<], (2, 7)=[v], (0, 7)=[v], (8, 0)=[>], (8, 3)=[<], (9, 6)=[>], (3, 1)=[^]}
16 Jan 2025 22:42:29 GMT Zwierzę poruszyło się z (7, 0) na (8, 0)
16 Jan 2025 22:42:29 GMT Zwierzę zjadło roślinkę na (1, 0)
16 Jan 2025 22:42:29 GMT Zwierzę zjadło roślinkę na (9, 8)
16 Jan 2025 22:42:29 GMT Zwierzę zjadło roślinkę na (0, 7)
16 Jan 2025 22:42:29 GMT Zwierzę zjadło roślinkę na (3, 1)
16 Jan 2025 22:42:30 GMT Roślinka wyrosła na (5, 3)
16 Jan 2025 22:42:30 GMT Roślinka wyrosła na (9, 7)
16 Jan 2025 22:42:30 GMT Roślinka wyrosła na (0, 1)
16 Jan 2025 22:42:30 GMT Roślinka wyrosła na (1, 7)
16 Jan 2025 22:42:30 GMT Roślinka wyrosła na (3, 7)
16 Jan 2025 22:42:30 GMT Roślinka wyrosła na (3, 9)
16 Jan 2025 22:42:30 GMT Roślinka wyrosła na (3, 3)
16 Jan 2025 22:42:30 GMT Roślinka wyrosła na (9, 9)
16 Jan 2025 22:42:30 GMT Roślinka wyrosła na (4, 9)
16 Jan 2025 22:42:30 GMT Roślinka wyrosła na (1, 4)
16 Jan 2025 22:42:30 GMT Długość listy pozycji: 10
Lista pozycji zwierząt: {(1, 0)=[v], (9, 8)=[^], (2, 3)=[v], (0, 3)=[<], (2, 7)=[v], (0, 7)=[v], (8, 0)=[>], (9, 2)=[◢], (9, 6)=[>], (3, 1)=[^]}
16 Jan 2025 22:42:30 GMT Zwierzę poruszyło się z (8, 3) na (9, 2)
16 Jan 2025 22:42:30 GMT Długość listy pozycji: 10
Lista pozycji zwierząt: {(1, 0)=[v], (9, 8)=[^], (2, 3)=[v], (0, 3)=[<], (3, 7)=[>], (0, 7)=[v], (8, 0)=[>], (9, 2)=[◢], (9, 6)=[>], (3, 1)=[^]}
16 Jan 2025 22:42:30 GMT Zwierzę poruszyło się z (2, 7) na (3, 7)
16 Jan 2025 22:42:30 GMT Długość listy pozycji: 10
Lista pozycji zwierząt: {(1, 0)=[v], (9, 8)=[^], (2, 3)=[v], (0, 3)=[<], (3, 7)=[>], (0, 7)=[v], (8, 0)=[>], (9, 2)=[◢], (3, 0)=[v], (9, 6)=[>]}
16 Jan 2025 22:42:30 GMT Zwierzę poruszyło się z (3, 1) na (3, 0)
16 Jan 2025 22:42:30 GMT Długość listy pozycji: 10
Lista pozycji zwierząt: {(1, 0)=[v], (9, 8)=[^], (2, 3)=[v], (0, 3)=[<], (3, 7)=[>], (0, 7)=[v], (8, 0)=[>], (9, 2)=[◢], (8, 5)=[◣], (3, 0)=[v]}
16 Jan 2025 22:42:30 GMT Zwierzę poruszyło się z (9, 6) na (8, 5)
16 Jan 2025 22:42:30 GMT Długość listy pozycji: 10
Lista pozycji zwierząt: {(1, 0)=[v], (9, 9)=[^], (2, 3)=[v], (0, 3)=[<], (3, 7)=[>], (0, 7)=[v], (8, 0)=[>], (9, 2)=[◢], (8, 5)=[◣], (3, 0)=[v]}
16 Jan 2025 22:42:30 GMT Zwierzę poruszyło się z (9, 8) na (9, 9)
16 Jan 2025 22:42:30 GMT Długość listy pozycji: 10
Lista pozycji zwierząt: {(9, 9)=[^], (2, 3)=[v], (0, 3)=[<], (3, 7)=[>], (0, 7)=[v], (8, 0)=[>], (9, 2)=[◢], (8, 5)=[◣], (3, 0)=[v], (2, 0)=[>]}
16 Jan 2025 22:42:30 GMT Zwierzę poruszyło się z (1, 0) na (2, 0)
16 Jan 2025 22:42:31 GMT Długość listy pozycji: 10
Lista pozycji zwierząt: {(9, 9)=[^], (1, 2)=[◢], (2, 3)=[v], (3, 7)=[>], (0, 7)=[v], (8, 0)=[>], (9, 2)=[◢], (8, 5)=[◣], (3, 0)=[v], (2, 0)=[>]}
16 Jan 2025 22:42:31 GMT Zwierzę poruszyło się z (0, 3) na (1, 2)
16 Jan 2025 22:42:31 GMT Długość listy pozycji: 10
Lista pozycji zwierząt: {(9, 9)=[^], (1, 2)=[◢], (1, 3)=[<], (3, 7)=[>], (0, 7)=[v], (8, 0)=[>], (9, 2)=[◢], (8, 5)=[◣], (3, 0)=[v], (2, 0)=[>]}
16 Jan 2025 22:42:31 GMT Zwierzę poruszyło się z (2, 3) na (1, 3)
16 Jan 2025 22:42:31 GMT Długość listy pozycji: 10
Lista pozycji zwierząt: {(9, 9)=[^], (1, 2)=[◢], (1, 3)=[<], (3, 7)=[>], (0, 6)=[v], (8, 0)=[>], (9, 2)=[◢], (8, 5)=[◣], (3, 0)=[v], (2, 0)=[>]}
16 Jan 2025 22:42:31 GMT Zwierzę poruszyło się z (0, 7) na (0, 6)
16 Jan 2025 22:42:31 GMT Długość listy pozycji: 10
Lista pozycji zwierząt: {(9, 9)=[^], (1, 2)=[◢], (1, 3)=[<], (3, 7)=[>], (0, 6)=[v], (8, 0)=[◤], (9, 2)=[◢], (8, 5)=[◣], (3, 0)=[v], (2, 0)=[>]}
16 Jan 2025 22:42:31 GMT Zwierzę poruszyło się z (8, 0) na (8, 0)
16 Jan 2025 22:42:31 GMT Zwierzę zjadło roślinkę na (9, 9)
16 Jan 2025 22:42:31 GMT Zwierzę zjadło roślinkę na (3, 7)
16 Jan 2025 22:42:31 GMT Zwierzę zjadło roślinkę na (0, 6)
16 Jan 2025 22:42:31 GMT Zwierzę zjadło roślinkę na (9, 2)
16 Jan 2025 22:42:31 GMT Zwierzę zjadło roślinkę na (8, 5)
16 Jan 2025 22:42:31 GMT Roślinka wyrosła na (8, 0)
16 Jan 2025 22:42:31 GMT Roślinka wyrosła na (5, 2)
16 Jan 2025 22:42:31 GMT Roślinka wyrosła na (8, 7)
16 Jan 2025 22:42:31 GMT Roślinka wyrosła na (2, 0)
16 Jan 2025 22:42:31 GMT Roślinka wyrosła na (7, 3)
16 Jan 2025 22:42:31 GMT Roślinka wyrosła na (1, 8)
16 Jan 2025 22:42:31 GMT Roślinka wyrosła na (2, 3)
16 Jan 2025 22:42:31 GMT Roślinka wyrosła na (1, 2)
16 Jan 2025 22:42:31 GMT Roślinka wyrosła na (2, 4)
16 Jan 2025 22:42:31 GMT Roślinka wyrosła na (4, 1)
16 Jan 2025 22:42:31 GMT Długość listy pozycji: 10
Lista pozycji zwierząt: {(9, 9)=[^], (1, 2)=[◢], (1, 3)=[<], (3, 7)=[>], (0, 6)=[v], (8, 0)=[◤], (9, 3)=[^], (8, 5)=[◣], (3, 0)=[v], (2, 0)=[>]}
16 Jan 2025 22:42:31 GMT Zwierzę poruszyło się z (9, 2) na (9, 3)
16 Jan 2025 22:42:32 GMT Długość listy pozycji: 10
Lista pozycji zwierząt: {(9, 9)=[^], (1, 2)=[◢], (1, 3)=[<], (3, 8)=[^], (0, 6)=[v], (8, 0)=[◤], (9, 3)=[^], (8, 5)=[◣], (3, 0)=[v], (2, 0)=[>]}
16 Jan 2025 22:42:32 GMT Zwierzę poruszyło się z (3, 7) na (3, 8)
16 Jan 2025 22:42:32 GMT Długość listy pozycji: 10
Lista pozycji zwierząt: {(9, 9)=[^], (1, 2)=[◢], (1, 3)=[<], (3, 8)=[^], (0, 6)=[v], (8, 0)=[◤], (9, 3)=[^], (8, 5)=[◣], (3, 1)=[^], (2, 0)=[>]}
16 Jan 2025 22:42:32 GMT Zwierzę poruszyło się z (3, 0) na (3, 1)
16 Jan 2025 22:42:32 GMT Długość listy pozycji: 10
Lista pozycji zwierząt: {(9, 9)=[^], (1, 2)=[◢], (1, 3)=[<], (3, 8)=[^], (0, 6)=[v], (8, 0)=[◤], (9, 3)=[^], (8, 6)=[^], (3, 1)=[^], (2, 0)=[>]}
16 Jan 2025 22:42:32 GMT Zwierzę poruszyło się z (8, 5) na (8, 6)
16 Jan 2025 22:42:32 GMT Długość listy pozycji: 10
Lista pozycji zwierząt: {(9, 9)=[v], (1, 2)=[◢], (1, 3)=[<], (3, 8)=[^], (0, 6)=[v], (8, 0)=[◤], (9, 3)=[^], (8, 6)=[^], (3, 1)=[^], (2, 0)=[>]}
16 Jan 2025 22:42:32 GMT Zwierzę poruszyło się z (9, 9) na (9, 9)
16 Jan 2025 22:42:32 GMT Długość listy pozycji: 10
Lista pozycji zwierząt: {(2, 1)=[^], (9, 9)=[v], (1, 2)=[◢], (1, 3)=[<], (3, 8)=[^], (0, 6)=[v], (8, 0)=[◤], (9, 3)=[^], (8, 6)=[^], (3, 1)=[^]}
16 Jan 2025 22:42:32 GMT Zwierzę poruszyło się z (2, 0) na (2, 1)
16 Jan 2025 22:42:32 GMT Długość listy pozycji: 9
Lista pozycji zwierząt: {(2, 1)=[^], (9, 9)=[v], (1, 3)=[<, ^], (3, 8)=[^], (0, 6)=[v], (8, 0)=[◤], (9, 3)=[^], (8, 6)=[^], (3, 1)=[^]}
16 Jan 2025 22:42:32 GMT Zwierzę poruszyło się z (1, 2) na (1, 3)
16 Jan 2025 22:42:32 GMT Długość listy pozycji: 10
Lista pozycji zwierząt: {(2, 1)=[^], (9, 9)=[v], (1, 3)=[^], (1, 4)=[^], (3, 8)=[^], (0, 6)=[v], (8, 0)=[◤], (9, 3)=[^], (8, 6)=[^], (3, 1)=[^]}
16 Jan 2025 22:42:32 GMT Zwierzę poruszyło się z (1, 3) na (1, 4)
16 Jan 2025 22:42:32 GMT Długość listy pozycji: 10
Lista pozycji zwierząt: {(2, 1)=[^], (9, 9)=[v], (1, 3)=[^], (1, 4)=[^], (0, 5)=[v], (3, 8)=[^], (8, 0)=[◤], (9, 3)=[^], (8, 6)=[^], (3, 1)=[^]}
16 Jan 2025 22:42:32 GMT Zwierzę poruszyło się z (0, 6) na (0, 5)
16 Jan 2025 22:42:32 GMT Długość listy pozycji: 10
Lista pozycji zwierząt: {(2, 1)=[^], (9, 9)=[v], (1, 3)=[^], (1, 4)=[^], (0, 5)=[v], (3, 8)=[^], (8, 1)=[^], (9, 3)=[^], (8, 6)=[^], (3, 1)=[^]}
16 Jan 2025 22:42:32 GMT Zwierzę poruszyło się z (8, 0) na (8, 1)
16 Jan 2025 22:42:32 GMT Zwierzę zjadło roślinkę na (1, 4)
16 Jan 2025 22:42:32 GMT Zwierzę zjadło roślinkę na (0, 5)
16 Jan 2025 22:42:32 GMT Zwierzę zjadło roślinkę na (8, 1)
16 Jan 2025 22:42:33 GMT Roślinka wyrosła na (1, 9)
16 Jan 2025 22:42:33 GMT Roślinka wyrosła na (6, 0)
16 Jan 2025 22:42:33 GMT Roślinka wyrosła na (0, 2)
16 Jan 2025 22:42:33 GMT Roślinka wyrosła na (7, 9)
16 Jan 2025 22:42:33 GMT Roślinka wyrosła na (1, 3)
16 Jan 2025 22:42:33 GMT Roślinka wyrosła na (2, 7)
16 Jan 2025 22:42:33 GMT Roślinka wyrosła na (0, 4)
16 Jan 2025 22:42:33 GMT Roślinka wyrosła na (5, 7)
16 Jan 2025 22:42:33 GMT Roślinka wyrosła na (8, 8)
16 Jan 2025 22:42:33 GMT Roślinka wyrosła na (3, 4)
16 Jan 2025 22:42:33 GMT Długość listy pozycji: 10
Lista pozycji zwierząt: {(2, 1)=[^], (9, 9)=[v], (1, 3)=[^], (1, 4)=[^], (0, 5)=[v], (3, 8)=[^], (8, 1)=[^], (8, 2)=[◣], (8, 6)=[^], (3, 1)=[^]}
16 Jan 2025 22:42:33 GMT Zwierzę poruszyło się z (9, 3) na (8, 2)
16 Jan 2025 22:42:33 GMT Długość listy pozycji: 10
Lista pozycji zwierząt: {(2, 1)=[^], (9, 9)=[v], (1, 3)=[^], (1, 4)=[^], (0, 5)=[v], (2, 8)=[<], (8, 1)=[^], (8, 2)=[◣], (8, 6)=[^], (3, 1)=[^]}
16 Jan 2025 22:42:33 GMT Zwierzę poruszyło się z (3, 8) na (2, 8)
16 Jan 2025 22:42:33 GMT Długość listy pozycji: 10
Lista pozycji zwierząt: {(2, 1)=[^], (9, 9)=[v], (1, 3)=[^], (1, 4)=[^], (0, 5)=[v], (2, 8)=[<], (8, 1)=[^], (8, 2)=[◣], (3, 0)=[v], (8, 6)=[^]}
16 Jan 2025 22:42:33 GMT Zwierzę poruszyło się z (3, 1) na (3, 0)
16 Jan 2025 22:42:33 GMT Długość listy pozycji: 10
Lista pozycji zwierząt: {(2, 1)=[^], (9, 9)=[v], (1, 3)=[^], (1, 4)=[^], (0, 5)=[v], (2, 8)=[<], (8, 1)=[^], (8, 2)=[◣], (9, 5)=[◢], (3, 0)=[v]}
16 Jan 2025 22:42:33 GMT Zwierzę poruszyło się z (8, 6) na (9, 5)
16 Jan 2025 22:42:33 GMT Długość listy pozycji: 10
Lista pozycji zwierząt: {(9, 8)=[v], (2, 1)=[^], (1, 3)=[^], (1, 4)=[^], (0, 5)=[v], (2, 8)=[<], (8, 1)=[^], (8, 2)=[◣], (9, 5)=[◢], (3, 0)=[v]}
16 Jan 2025 22:42:33 GMT Zwierzę poruszyło się z (9, 9) na (9, 8)
16 Jan 2025 22:42:33 GMT Długość listy pozycji: 10
Lista pozycji zwierząt: {(9, 8)=[v], (1, 1)=[<], (1, 3)=[^], (1, 4)=[^], (0, 5)=[v], (2, 8)=[<], (8, 1)=[^], (8, 2)=[◣], (9, 5)=[◢], (3, 0)=[v]}
16 Jan 2025 22:42:33 GMT Zwierzę poruszyło się z (2, 1) na (1, 1)
16 Jan 2025 22:42:34 GMT Długość listy pozycji: 10
Lista pozycji zwierząt: {(9, 8)=[v], (1, 1)=[<], (0, 2)=[◣], (1, 4)=[^], (0, 5)=[v], (2, 8)=[<], (8, 1)=[^], (8, 2)=[◣], (9, 5)=[◢], (3, 0)=[v]}
16 Jan 2025 22:42:34 GMT Zwierzę poruszyło się z (1, 3) na (0, 2)
16 Jan 2025 22:42:34 GMT Długość listy pozycji: 10
Lista pozycji zwierząt: {(9, 8)=[v], (1, 1)=[<], (2, 4)=[>], (0, 2)=[◣], (0, 5)=[v], (2, 8)=[<], (8, 1)=[^], (8, 2)=[◣], (9, 5)=[◢], (3, 0)=[v]}
16 Jan 2025 22:42:34 GMT Zwierzę poruszyło się z (1, 4) na (2, 4)
16 Jan 2025 22:42:34 GMT Długość listy pozycji: 10
Lista pozycji zwierząt: {(9, 8)=[v], (1, 1)=[<], (2, 4)=[>], (0, 2)=[◣], (0, 4)=[v], (2, 8)=[<], (8, 1)=[^], (8, 2)=[◣], (9, 5)=[◢], (3, 0)=[v]}
16 Jan 2025 22:42:34 GMT Zwierzę poruszyło się z (0, 5) na (0, 4)
16 Jan 2025 22:42:34 GMT Długość listy pozycji: 10
Lista pozycji zwierząt: {(9, 8)=[v], (1, 1)=[<], (2, 4)=[>], (0, 2)=[◣], (0, 4)=[v], (2, 8)=[<], (9, 2)=[◥], (8, 2)=[◣], (9, 5)=[◢], (3, 0)=[v]}
16 Jan 2025 22:42:34 GMT Zwierzę poruszyło się z (8, 1) na (9, 2)
16 Jan 2025 22:42:34 GMT Zwierzę zjadło roślinkę na (2, 4)
16 Jan 2025 22:42:34 GMT Zwierzę zjadło roślinkę na (0, 2)
16 Jan 2025 22:42:34 GMT Zwierzę zjadło roślinkę na (0, 4)
16 Jan 2025 22:42:34 GMT Zwierzę zjadło roślinkę na (8, 2)
16 Jan 2025 22:42:34 GMT Roślinka wyrosła na (3, 8)
16 Jan 2025 22:42:34 GMT Roślinka wyrosła na (8, 3)
16 Jan 2025 22:42:34 GMT Roślinka wyrosła na (4, 3)
16 Jan 2025 22:42:34 GMT Roślinka wyrosła na (6, 2)
16 Jan 2025 22:42:34 GMT Roślinka wyrosła na (9, 1)
16 Jan 2025 22:42:34 GMT Roślinka wyrosła na (0, 3)
16 Jan 2025 22:42:34 GMT Roślinka wyrosła na (4, 2)
16 Jan 2025 22:42:34 GMT Roślinka wyrosła na (1, 1)
16 Jan 2025 22:42:34 GMT Roślinka wyrosła na (5, 9)
16 Jan 2025 22:42:34 GMT Roślinka wyrosła na (2, 9)
16 Jan 2025 22:42:34 GMT Długość listy pozycji: 9
Lista pozycji zwierząt: {(9, 8)=[v], (1, 1)=[<], (2, 4)=[>], (0, 2)=[◣], (0, 4)=[v], (2, 8)=[<], (9, 2)=[>, ◥], (9, 5)=[◢], (3, 0)=[v]}
16 Jan 2025 22:42:34 GMT Zwierzę poruszyło się z (8, 2) na (9, 2)
16 Jan 2025 22:42:35 GMT Długość listy pozycji: 9
Lista pozycji zwierząt: {(9, 8)=[v], (1, 1)=[<], (2, 4)=[>], (0, 2)=[◣], (0, 4)=[v], (2, 7)=[v], (9, 2)=[>, ◥], (9, 5)=[◢], (3, 0)=[v]}
16 Jan 2025 22:42:35 GMT Zwierzę poruszyło się z (2, 8) na (2, 7)
16 Jan 2025 22:42:35 GMT Długość listy pozycji: 9
Lista pozycji zwierząt: {(9, 8)=[v], (1, 1)=[<], (2, 4)=[>], (0, 2)=[◣], (0, 4)=[v], (2, 7)=[v], (9, 2)=[>, ◥], (9, 5)=[◢], (3, 1)=[^]}
16 Jan 2025 22:42:35 GMT Zwierzę poruszyło się z (3, 0) na (3, 1)
16 Jan 2025 22:42:35 GMT Długość listy pozycji: 9
Lista pozycji zwierząt: {(9, 8)=[v], (1, 1)=[<], (2, 4)=[>], (0, 2)=[◣], (0, 4)=[v], (2, 7)=[v], (9, 2)=[>, ◥], (8, 5)=[<], (3, 1)=[^]}
16 Jan 2025 22:42:35 GMT Zwierzę poruszyło się z (9, 5) na (8, 5)
16 Jan 2025 22:42:35 GMT Długość listy pozycji: 9
Lista pozycji zwierząt: {(1, 1)=[<], (2, 4)=[>], (0, 2)=[◣], (0, 4)=[v], (2, 7)=[v], (9, 2)=[>, ◥], (8, 5)=[<], (9, 7)=[v], (3, 1)=[^]}
16 Jan 2025 22:42:35 GMT Zwierzę poruszyło się z (9, 8) na (9, 7)
16 Jan 2025 22:42:35 GMT Długość listy pozycji: 9
Lista pozycji zwierząt: {(1, 0)=[v], (2, 4)=[>], (0, 2)=[◣], (0, 4)=[v], (2, 7)=[v], (9, 2)=[>, ◥], (8, 5)=[<], (9, 7)=[v], (3, 1)=[^]}
16 Jan 2025 22:42:35 GMT Zwierzę poruszyło się z (1, 1) na (1, 0)
16 Jan 2025 22:42:35 GMT Długość listy pozycji: 9
Lista pozycji zwierząt: {(1, 0)=[v], (1, 2)=[>], (2, 4)=[>], (0, 4)=[v], (2, 7)=[v], (9, 2)=[>, ◥], (8, 5)=[<], (9, 7)=[v], (3, 1)=[^]}
16 Jan 2025 22:42:35 GMT Zwierzę poruszyło się z (0, 2) na (1, 2)
16 Jan 2025 22:42:35 GMT Długość listy pozycji: 9
Lista pozycji zwierząt: {(1, 0)=[v], (2, 3)=[v], (1, 2)=[>], (0, 4)=[v], (2, 7)=[v], (9, 2)=[>, ◥], (8, 5)=[<], (9, 7)=[v], (3, 1)=[^]}
16 Jan 2025 22:42:35 GMT Zwierzę poruszyło się z (2, 4) na (2, 3)
16 Jan 2025 22:42:35 GMT Długość listy pozycji: 9
Lista pozycji zwierząt: {(1, 0)=[v], (2, 3)=[v], (1, 2)=[>], (0, 3)=[v], (2, 7)=[v], (9, 2)=[>, ◥], (8, 5)=[<], (9, 7)=[v], (3, 1)=[^]}
16 Jan 2025 22:42:35 GMT Zwierzę poruszyło się z (0, 4) na (0, 3)
16 Jan 2025 22:42:35 GMT Długość listy pozycji: 10
Lista pozycji zwierząt: {(1, 0)=[v], (2, 3)=[v], (1, 2)=[>], (0, 2)=[>], (0, 3)=[v], (2, 7)=[v], (9, 2)=[>], (8, 5)=[<], (9, 7)=[v], (3, 1)=[^]}
16 Jan 2025 22:42:35 GMT Zwierzę poruszyło się z (9, 2) na (0, 2)
16 Jan 2025 22:42:36 GMT Zwierzę zjadło roślinkę na (2, 3)
16 Jan 2025 22:42:36 GMT Zwierzę zjadło roślinkę na (1, 2)
16 Jan 2025 22:42:36 GMT Zwierzę zjadło roślinkę na (0, 3)
16 Jan 2025 22:42:36 GMT Zwierzę zjadło roślinkę na (2, 7)
16 Jan 2025 22:42:36 GMT Zwierzę zjadło roślinkę na (9, 7)
16 Jan 2025 22:42:36 GMT Roślinka wyrosła na (8, 4)
16 Jan 2025 22:42:36 GMT Roślinka wyrosła na (0, 8)
16 Jan 2025 22:42:36 GMT Roślinka wyrosła na (2, 8)
16 Jan 2025 22:42:36 GMT Roślinka wyrosła na (0, 9)
16 Jan 2025 22:42:36 GMT Roślinka wyrosła na (8, 9)
16 Jan 2025 22:42:36 GMT Roślinka wyrosła na (4, 8)
16 Jan 2025 22:42:36 GMT Roślinka wyrosła na (7, 0)
16 Jan 2025 22:42:36 GMT Roślinka wyrosła na (5, 0)
16 Jan 2025 22:42:36 GMT Roślinka wyrosła na (7, 1)
16 Jan 2025 22:42:36 GMT Roślinka wyrosła na (0, 0)
16 Jan 2025 22:42:36 GMT Długość listy pozycji: 10
Lista pozycji zwierząt: {(1, 0)=[v], (2, 3)=[v], (1, 2)=[>], (0, 2)=[>], (0, 3)=[v], (2, 7)=[v], (8, 3)=[◤], (8, 5)=[<], (9, 7)=[v], (3, 1)=[^]}
16 Jan 2025 22:42:36 GMT Zwierzę poruszyło się z (9, 2) na (8, 3)
16 Jan 2025 22:42:36 GMT Długość listy pozycji: 10
Lista pozycji zwierząt: {(1, 0)=[v], (2, 3)=[v], (1, 2)=[>], (0, 2)=[>], (0, 3)=[v], (3, 7)=[>], (8, 3)=[◤], (8, 5)=[<], (9, 7)=[v], (3, 1)=[^]}
16 Jan 2025 22:42:36 GMT Zwierzę poruszyło się z (2, 7) na (3, 7)
16 Jan 2025 22:42:36 GMT Długość listy pozycji: 10
Lista pozycji zwierząt: {(1, 0)=[v], (2, 3)=[v], (1, 2)=[>], (0, 2)=[>], (0, 3)=[v], (3, 7)=[>], (8, 3)=[◤], (3, 0)=[v], (8, 5)=[<], (9, 7)=[v]}
16 Jan 2025 22:42:36 GMT Zwierzę poruszyło się z (3, 1) na (3, 0)
16 Jan 2025 22:42:36 GMT Długość listy pozycji: 10
Lista pozycji zwierząt: {(1, 0)=[v], (2, 3)=[v], (1, 2)=[>], (0, 2)=[>], (0, 3)=[v], (3, 7)=[>], (8, 3)=[◤], (9, 6)=[◥], (3, 0)=[v], (9, 7)=[v]}
16 Jan 2025 22:42:36 GMT Zwierzę poruszyło się z (8, 5) na (9, 6)
16 Jan 2025 22:42:37 GMT Długość listy pozycji: 9
Lista pozycji zwierząt: {(1, 0)=[v], (2, 3)=[v], (1, 2)=[>], (0, 2)=[>], (0, 3)=[v], (3, 7)=[>], (8, 3)=[◤], (9, 6)=[v, ◥], (3, 0)=[v]}
16 Jan 2025 22:42:37 GMT Zwierzę poruszyło się z (9, 7) na (9, 6)
16 Jan 2025 22:42:37 GMT Długość listy pozycji: 9
Lista pozycji zwierząt: {(2, 3)=[v], (1, 2)=[>], (0, 2)=[>], (0, 3)=[v], (3, 7)=[>], (8, 3)=[◤], (9, 6)=[v, ◥], (3, 0)=[v], (2, 0)=[>]}
16 Jan 2025 22:42:37 GMT Zwierzę poruszyło się z (1, 0) na (2, 0)
16 Jan 2025 22:42:37 GMT Długość listy pozycji: 8
Lista pozycji zwierząt: {(2, 3)=[v], (0, 2)=[>], (0, 3)=[v, ◤], (3, 7)=[>], (8, 3)=[◤], (9, 6)=[v, ◥], (3, 0)=[v], (2, 0)=[>]}
16 Jan 2025 22:42:37 GMT Zwierzę poruszyło się z (1, 2) na (0, 3)
16 Jan 2025 22:42:37 GMT Długość listy pozycji: 8
Lista pozycji zwierząt: {(1, 3)=[<], (0, 2)=[>], (0, 3)=[v, ◤], (3, 7)=[>], (8, 3)=[◤], (9, 6)=[v, ◥], (3, 0)=[v], (2, 0)=[>]}
16 Jan 2025 22:42:37 GMT Zwierzę poruszyło się z (2, 3) na (1, 3)
16 Jan 2025 22:42:37 GMT Długość listy pozycji: 8
Lista pozycji zwierząt: {(1, 3)=[<], (0, 2)=[v, >], (0, 3)=[◤], (3, 7)=[>], (8, 3)=[◤], (9, 6)=[v, ◥], (3, 0)=[v], (2, 0)=[>]}
16 Jan 2025 22:42:37 GMT Zwierzę poruszyło się z (0, 3) na (0, 2)
16 Jan 2025 22:42:37 GMT Długość listy pozycji: 9
Lista pozycji zwierząt: {(1, 1)=[◢], (1, 3)=[<], (0, 2)=[v], (0, 3)=[◤], (3, 7)=[>], (8, 3)=[◤], (9, 6)=[v, ◥], (3, 0)=[v], (2, 0)=[>]}
16 Jan 2025 22:42:37 GMT Zwierzę poruszyło się z (0, 2) na (1, 1)
16 Jan 2025 22:42:37 GMT Zwierzę zjadło roślinkę na (1, 1)
16 Jan 2025 22:42:37 GMT Zwierzę zjadło roślinkę na (1, 3)
16 Jan 2025 22:42:37 GMT Zwierzę zjadło roślinkę na (8, 3)
16 Jan 2025 22:42:37 GMT Zwierzę zjadło roślinkę na (2, 0)
16 Jan 2025 22:42:37 GMT Zwierze zostało położone na (9, 6)
16 Jan 2025 22:42:37 GMT Urodziło się nowe zwierzę na (9, 6)
16 Jan 2025 22:42:38 GMT Roślinka wyrosła na null
16 Jan 2025 22:42:38 GMT Roślinka wyrosła na null
16 Jan 2025 22:42:38 GMT Roślinka wyrosła na null
16 Jan 2025 22:42:38 GMT Roślinka wyrosła na null
16 Jan 2025 22:42:38 GMT Roślinka wyrosła na null
16 Jan 2025 22:42:38 GMT Roślinka wyrosła na null
16 Jan 2025 22:42:38 GMT Roślinka wyrosła na null
16 Jan 2025 22:42:38 GMT Roślinka wyrosła na null
16 Jan 2025 22:42:38 GMT Roślinka wyrosła na null
16 Jan 2025 22:42:38 GMT Roślinka wyrosła na null
16 Jan 2025 22:42:38 GMT Długość listy pozycji: 9
Lista pozycji zwierząt: {(1, 1)=[◢], (1, 3)=[<], (0, 2)=[v], (0, 3)=[◤], (3, 7)=[>], (8, 2)=[v], (9, 6)=[v, ◥, ◣], (3, 0)=[v], (2, 0)=[>]}
16 Jan 2025 22:42:38 GMT Zwierzę poruszyło się z (8, 3) na (8, 2)
16 Jan 2025 22:42:38 GMT Długość listy pozycji: 9
Lista pozycji zwierząt: {(1, 1)=[◢], (1, 3)=[<], (0, 2)=[v], (0, 3)=[◤], (3, 8)=[^], (8, 2)=[v], (9, 6)=[v, ◥, ◣], (3, 0)=[v], (2, 0)=[>]}
16 Jan 2025 22:42:38 GMT Zwierzę poruszyło się z (3, 7) na (3, 8)
16 Jan 2025 22:42:38 GMT Długość listy pozycji: 9
Lista pozycji zwierząt: {(1, 1)=[◢], (1, 3)=[<], (0, 2)=[v], (0, 3)=[◤], (3, 8)=[^], (8, 2)=[v], (9, 6)=[v, ◥, ◣], (3, 1)=[^], (2, 0)=[>]}
16 Jan 2025 22:42:38 GMT Zwierzę poruszyło się z (3, 0) na (3, 1)
16 Jan 2025 22:42:38 GMT Długość listy pozycji: 10
Lista pozycji zwierząt: {(1, 1)=[◢], (1, 3)=[<], (0, 2)=[v], (0, 3)=[◤], (3, 8)=[^], (8, 2)=[v], (9, 5)=[v], (9, 6)=[v, ◣], (3, 1)=[^], (2, 0)=[>]}
16 Jan 2025 22:42:38 GMT Zwierzę poruszyło się z (9, 6) na (9, 5)
16 Jan 2025 22:42:38 GMT Długość listy pozycji: 10
Lista pozycji zwierząt: {(1, 1)=[◢], (1, 3)=[<], (0, 2)=[v], (0, 3)=[◤], (3, 8)=[^], (8, 2)=[v], (9, 5)=[v, v], (9, 6)=[◣], (3, 1)=[^], (2, 0)=[>]}
16 Jan 2025 22:42:38 GMT Zwierzę poruszyło się z (9, 6) na (9, 5)
16 Jan 2025 22:42:38 GMT Długość listy pozycji: 10
Lista pozycji zwierząt: {(2, 1)=[^], (1, 1)=[◢], (1, 3)=[<], (0, 2)=[v], (0, 3)=[◤], (3, 8)=[^], (8, 2)=[v], (9, 5)=[v, v], (9, 6)=[◣], (3, 1)=[^]}
16 Jan 2025 22:42:38 GMT Zwierzę poruszyło się z (2, 0) na (2, 1)
16 Jan 2025 22:42:38 GMT Długość listy pozycji: 9
Lista pozycji zwierząt: {(2, 1)=[^], (1, 1)=[◢], (1, 3)=[<], (0, 2)=[v, v], (3, 8)=[^], (8, 2)=[v], (9, 5)=[v, v], (9, 6)=[◣], (3, 1)=[^]}
16 Jan 2025 22:42:38 GMT Zwierzę poruszyło się z (0, 3) na (0, 2)
16 Jan 2025 22:42:39 GMT Długość listy pozycji: 9
Lista pozycji zwierząt: {(2, 1)=[^], (1, 1)=[◢], (0, 2)=[v, v], (1, 4)=[^], (3, 8)=[^], (8, 2)=[v], (9, 5)=[v, v], (9, 6)=[◣], (3, 1)=[^]}
16 Jan 2025 22:42:39 GMT Zwierzę poruszyło się z (1, 3) na (1, 4)
16 Jan 2025 22:42:39 GMT Długość listy pozycji: 10
Lista pozycji zwierząt: {(2, 1)=[^], (1, 1)=[◢], (0, 1)=[v], (0, 2)=[v], (1, 4)=[^], (3, 8)=[^], (8, 2)=[v], (9, 5)=[v, v], (9, 6)=[◣], (3, 1)=[^]}
16 Jan 2025 22:42:39 GMT Zwierzę poruszyło się z (0, 2) na (0, 1)
16 Jan 2025 22:42:39 GMT Długość listy pozycji: 10
Lista pozycji zwierząt: {(1, 0)=[v], (2, 1)=[^], (0, 1)=[v], (0, 2)=[v], (1, 4)=[^], (3, 8)=[^], (8, 2)=[v], (9, 5)=[v, v], (9, 6)=[◣], (3, 1)=[^]}
16 Jan 2025 22:42:39 GMT Zwierzę poruszyło się z (1, 1) na (1, 0)
16 Jan 2025 22:42:39 GMT Zwierzę zjadło roślinkę na (0, 1)
16 Jan 2025 22:42:39 GMT Zwierzę zjadło roślinkę na (3, 8)
16 Jan 2025 22:42:39 GMT Zwierze zostało położone na (9, 5)
16 Jan 2025 22:42:39 GMT Urodziło się nowe zwierzę na (9, 5)
16 Jan 2025 22:42:39 GMT Roślinka wyrosła na null
16 Jan 2025 22:42:39 GMT Roślinka wyrosła na null
16 Jan 2025 22:42:39 GMT Roślinka wyrosła na null
16 Jan 2025 22:42:39 GMT Roślinka wyrosła na null
16 Jan 2025 22:42:39 GMT Roślinka wyrosła na null
16 Jan 2025 22:42:39 GMT Roślinka wyrosła na null
16 Jan 2025 22:42:39 GMT Roślinka wyrosła na null
16 Jan 2025 22:42:39 GMT Roślinka wyrosła na null
16 Jan 2025 22:42:39 GMT Roślinka wyrosła na null
16 Jan 2025 22:42:39 GMT Roślinka wyrosła na null
16 Jan 2025 22:42:39 GMT Długość listy pozycji: 10
Lista pozycji zwierząt: {(1, 0)=[v], (2, 1)=[^], (0, 1)=[v], (0, 2)=[v], (1, 4)=[^], (3, 8)=[^], (9, 3)=[◥], (9, 5)=[<, v, v], (9, 6)=[◣], (3, 1)=[^]}
16 Jan 2025 22:42:39 GMT Zwierzę poruszyło się z (8, 2) na (9, 3)
16 Jan 2025 22:42:40 GMT Długość listy pozycji: 10
Lista pozycji zwierząt: {(1, 0)=[v], (2, 1)=[^], (0, 1)=[v], (0, 2)=[v], (1, 4)=[^], (2, 8)=[<], (9, 3)=[◥], (9, 5)=[<, v, v], (9, 6)=[◣], (3, 1)=[^]}
16 Jan 2025 22:42:40 GMT Zwierzę poruszyło się z (3, 8) na (2, 8)
16 Jan 2025 22:42:40 GMT Długość listy pozycji: 10
Lista pozycji zwierząt: {(1, 0)=[v], (2, 1)=[^], (0, 1)=[v], (0, 2)=[v], (1, 4)=[^], (2, 8)=[<], (9, 3)=[◥], (9, 5)=[<, v, v], (3, 0)=[v], (9, 6)=[◣]}
16 Jan 2025 22:42:40 GMT Zwierzę poruszyło się z (3, 1) na (3, 0)
16 Jan 2025 22:42:40 GMT Długość listy pozycji: 11
Lista pozycji zwierząt: {(1, 0)=[v], (2, 1)=[^], (0, 1)=[v], (0, 2)=[v], (1, 4)=[^], (2, 8)=[<], (9, 3)=[◥], (9, 5)=[<, v], (3, 0)=[v], (9, 6)=[◣], (8, 6)=[◤]}
16 Jan 2025 22:42:40 GMT Zwierzę poruszyło się z (9, 5) na (8, 6)
16 Jan 2025 22:42:40 GMT Długość listy pozycji: 12
Lista pozycji zwierząt: {(1, 0)=[v], (2, 1)=[^], (0, 1)=[v], (0, 2)=[v], (1, 4)=[^], (2, 8)=[<], (9, 3)=[◥], (9, 4)=[v], (9, 5)=[<], (3, 0)=[v], (9, 6)=[◣], (8, 6)=[◤]}
16 Jan 2025 22:42:40 GMT Zwierzę poruszyło się z (9, 5) na (9, 4)
16 Jan 2025 22:42:40 GMT Długość listy pozycji: 12
Lista pozycji zwierząt: {(1, 0)=[v], (1, 1)=[<], (0, 1)=[v], (0, 2)=[v], (1, 4)=[^], (2, 8)=[<], (9, 3)=[◥], (9, 4)=[v], (9, 5)=[<], (3, 0)=[v], (9, 6)=[◣], (8, 6)=[◤]}
16 Jan 2025 22:42:40 GMT Zwierzę poruszyło się z (2, 1) na (1, 1)
16 Jan 2025 22:42:40 GMT Długość listy pozycji: 12
Lista pozycji zwierząt: {(1, 0)=[v], (1, 1)=[<], (0, 1)=[v], (1, 3)=[◥], (1, 4)=[^], (2, 8)=[<], (9, 3)=[◥], (9, 4)=[v], (9, 5)=[<], (3, 0)=[v], (9, 6)=[◣], (8, 6)=[◤]}
16 Jan 2025 22:42:40 GMT Zwierzę poruszyło się z (0, 2) na (1, 3)
16 Jan 2025 22:42:40 GMT Długość listy pozycji: 12
Lista pozycji zwierząt: {(1, 0)=[v], (1, 1)=[<], (0, 1)=[v], (2, 4)=[>], (1, 3)=[◥], (2, 8)=[<], (9, 3)=[◥], (9, 4)=[v], (9, 5)=[<], (3, 0)=[v], (9, 6)=[◣], (8, 6)=[◤]}
16 Jan 2025 22:42:40 GMT Zwierzę poruszyło się z (1, 4) na (2, 4)
16 Jan 2025 22:42:40 GMT Długość listy pozycji: 12
Lista pozycji zwierząt: {(1, 0)=[v], (0, 0)=[v], (1, 1)=[<], (2, 4)=[>], (1, 3)=[◥], (2, 8)=[<], (9, 3)=[◥], (9, 4)=[v], (9, 5)=[<], (3, 0)=[v], (9, 6)=[◣], (8, 6)=[◤]}
16 Jan 2025 22:42:40 GMT Zwierzę poruszyło się z (0, 1) na (0, 0)
16 Jan 2025 22:42:40 GMT Długość listy pozycji: 12
Lista pozycji zwierząt: {(1, 0)=[◥], (0, 0)=[v], (1, 1)=[<], (2, 4)=[>], (1, 3)=[◥], (2, 8)=[<], (9, 3)=[◥], (9, 4)=[v], (9, 5)=[<], (3, 0)=[v], (9, 6)=[◣], (8, 6)=[◤]}
16 Jan 2025 22:42:40 GMT Zwierzę poruszyło się z (1, 0) na (1, 0)
16 Jan 2025 22:42:41 GMT Zwierzę zjadło roślinkę na (0, 0)
16 Jan 2025 22:42:41 GMT Zwierzę zjadło roślinkę na (2, 8)
16 Jan 2025 22:42:41 GMT Zwierzę zjadło roślinkę na (9, 4)
16 Jan 2025 22:42:41 GMT Roślinka wyrosła na null
16 Jan 2025 22:42:41 GMT Roślinka wyrosła na null
16 Jan 2025 22:42:41 GMT Roślinka wyrosła na null
16 Jan 2025 22:42:41 GMT Roślinka wyrosła na null
16 Jan 2025 22:42:41 GMT Roślinka wyrosła na null
16 Jan 2025 22:42:41 GMT Roślinka wyrosła na null
16 Jan 2025 22:42:41 GMT Roślinka wyrosła na null
16 Jan 2025 22:42:41 GMT Roślinka wyrosła na null
16 Jan 2025 22:42:41 GMT Roślinka wyrosła na null
16 Jan 2025 22:42:41 GMT Roślinka wyrosła na null
16 Jan 2025 22:42:41 GMT Długość listy pozycji: 12
Lista pozycji zwierząt: {(1, 0)=[◥], (0, 0)=[v], (1, 1)=[<], (2, 4)=[>], (1, 3)=[◥], (2, 8)=[<], (8, 3)=[<], (9, 4)=[v], (9, 5)=[<], (3, 0)=[v], (9, 6)=[◣], (8, 6)=[◤]}
16 Jan 2025 22:42:41 GMT Zwierzę poruszyło się z (9, 3) na (8, 3)
16 Jan 2025 22:42:41 GMT Długość listy pozycji: 12
Lista pozycji zwierząt: {(1, 0)=[◥], (0, 0)=[v], (1, 1)=[<], (2, 4)=[>], (1, 3)=[◥], (2, 7)=[v], (8, 3)=[<], (9, 4)=[v], (9, 5)=[<], (3, 0)=[v], (9, 6)=[◣], (8, 6)=[◤]}
16 Jan 2025 22:42:41 GMT Zwierzę poruszyło się z (2, 8) na (2, 7)
16 Jan 2025 22:42:41 GMT Długość listy pozycji: 12
Lista pozycji zwierząt: {(1, 0)=[◥], (0, 0)=[v], (1, 1)=[<], (2, 4)=[>], (1, 3)=[◥], (2, 7)=[v], (8, 3)=[<], (9, 4)=[v], (9, 5)=[<], (9, 6)=[◣], (3, 1)=[^], (8, 6)=[◤]}
16 Jan 2025 22:42:41 GMT Zwierzę poruszyło się z (3, 0) na (3, 1)
16 Jan 2025 22:42:41 GMT Długość listy pozycji: 11
Lista pozycji zwierząt: {(1, 0)=[◥], (0, 0)=[v], (1, 1)=[<], (2, 4)=[>], (1, 3)=[◥], (2, 7)=[v], (8, 3)=[<], (9, 4)=[v], (9, 5)=[<], (9, 6)=[◣, >], (3, 1)=[^]}
16 Jan 2025 22:42:41 GMT Zwierzę poruszyło się z (8, 6) na (9, 6)
16 Jan 2025 22:42:41 GMT Długość listy pozycji: 11
Lista pozycji zwierząt: {(1, 0)=[◥], (0, 0)=[v], (1, 1)=[<], (2, 4)=[>], (1, 3)=[◥], (2, 7)=[v], (9, 3)=[v], (8, 3)=[<], (9, 5)=[<], (9, 6)=[◣, >], (3, 1)=[^]}
16 Jan 2025 22:42:41 GMT Zwierzę poruszyło się z (9, 4) na (9, 3)
16 Jan 2025 22:42:42 GMT Długość listy pozycji: 10
Lista pozycji zwierząt: {(1, 0)=[v, ◥], (0, 0)=[v], (2, 4)=[>], (1, 3)=[◥], (2, 7)=[v], (9, 3)=[v], (8, 3)=[<], (9, 5)=[<], (9, 6)=[◣, >], (3, 1)=[^]}
16 Jan 2025 22:42:42 GMT Zwierzę poruszyło się z (1, 1) na (1, 0)
16 Jan 2025 22:42:42 GMT Długość listy pozycji: 10
Lista pozycji zwierząt: {(1, 0)=[v, ◥], (0, 0)=[v], (2, 4)=[>], (0, 3)=[<], (2, 7)=[v], (9, 3)=[v], (8, 3)=[<], (9, 5)=[<], (9, 6)=[◣, >], (3, 1)=[^]}
16 Jan 2025 22:42:42 GMT Zwierzę poruszyło się z (1, 3) na (0, 3)
16 Jan 2025 22:42:42 GMT Długość listy pozycji: 10
Lista pozycji zwierząt: {(1, 0)=[v, ◥], (0, 0)=[v], (2, 3)=[v], (0, 3)=[<], (2, 7)=[v], (9, 3)=[v], (8, 3)=[<], (9, 5)=[<], (9, 6)=[◣, >], (3, 1)=[^]}
16 Jan 2025 22:42:42 GMT Zwierzę poruszyło się z (2, 4) na (2, 3)
16 Jan 2025 22:42:42 GMT Długość listy pozycji: 10
Lista pozycji zwierząt: {(1, 0)=[v, ◥], (0, 0)=[^], (2, 3)=[v], (0, 3)=[<], (2, 7)=[v], (9, 3)=[v], (8, 3)=[<], (9, 5)=[<], (9, 6)=[◣, >], (3, 1)=[^]}
16 Jan 2025 22:42:42 GMT Zwierzę poruszyło się z (0, 0) na (0, 0)
16 Jan 2025 22:42:42 GMT Długość listy pozycji: 11
Lista pozycji zwierząt: {(1, 0)=[v], (0, 0)=[^], (2, 3)=[v], (0, 3)=[<], (2, 7)=[v], (9, 3)=[v], (8, 3)=[<], (9, 5)=[<], (9, 6)=[◣, >], (2, 0)=[>], (3, 1)=[^]}
16 Jan 2025 22:42:42 GMT Zwierzę poruszyło się z (1, 0) na (2, 0)
16 Jan 2025 22:42:42 GMT Zwierze zostało położone na (9, 6)
16 Jan 2025 22:42:42 GMT Urodziło się nowe zwierzę na (9, 6)
16 Jan 2025 22:42:42 GMT Roślinka wyrosła na null
16 Jan 2025 22:42:42 GMT Roślinka wyrosła na null
16 Jan 2025 22:42:42 GMT Roślinka wyrosła na null
16 Jan 2025 22:42:42 GMT Roślinka wyrosła na null
16 Jan 2025 22:42:42 GMT Roślinka wyrosła na null
16 Jan 2025 22:42:42 GMT Roślinka wyrosła na null
16 Jan 2025 22:42:42 GMT Roślinka wyrosła na null
16 Jan 2025 22:42:42 GMT Roślinka wyrosła na null
16 Jan 2025 22:42:42 GMT Roślinka wyrosła na null
16 Jan 2025 22:42:42 GMT Roślinka wyrosła na null
16 Jan 2025 22:42:43 GMT Długość listy pozycji: 11
Lista pozycji zwierząt: {(1, 0)=[v], (0, 0)=[^], (2, 3)=[v], (0, 3)=[<], (2, 7)=[v], (9, 2)=[◢], (9, 3)=[v], (9, 5)=[<], (9, 6)=[◣, ◣, >], (2, 0)=[>], (3, 1)=[^]}
16 Jan 2025 22:42:43 GMT Zwierzę poruszyło się z (8, 3) na (9, 2)
16 Jan 2025 22:42:43 GMT Długość listy pozycji: 11
Lista pozycji zwierząt: {(1, 0)=[v], (0, 0)=[^], (2, 3)=[v], (0, 3)=[<], (3, 7)=[>], (9, 2)=[◢], (9, 3)=[v], (9, 5)=[<], (9, 6)=[◣, ◣, >], (2, 0)=[>], (3, 1)=[^]}
16 Jan 2025 22:42:43 GMT Zwierzę poruszyło się z (2, 7) na (3, 7)
16 Jan 2025 22:42:43 GMT Długość listy pozycji: 11
Lista pozycji zwierząt: {(1, 0)=[v], (0, 0)=[^], (2, 3)=[v], (0, 3)=[<], (3, 7)=[>], (9, 2)=[◢], (9, 3)=[v], (9, 5)=[<], (3, 0)=[v], (9, 6)=[◣, ◣, >], (2, 0)=[>]}
16 Jan 2025 22:42:43 GMT Zwierzę poruszyło się z (3, 1) na (3, 0)
16 Jan 2025 22:42:43 GMT Długość listy pozycji: 12
Lista pozycji zwierząt: {(1, 0)=[v], (0, 0)=[^], (2, 3)=[v], (0, 3)=[<], (3, 7)=[>], (9, 2)=[◢], (9, 3)=[v], (9, 5)=[<], (8, 5)=[◣], (3, 0)=[v], (9, 6)=[◣, ◣, ◣], (2, 0)=[>]}
16 Jan 2025 22:42:43 GMT Zwierzę poruszyło się z (9, 6) na (8, 5)
16 Jan 2025 22:42:43 GMT Długość listy pozycji: 11
Lista pozycji zwierząt: {(1, 0)=[v], (0, 0)=[^], (2, 3)=[v], (0, 3)=[<], (3, 7)=[>], (9, 2)=[◢, v], (9, 5)=[<], (8, 5)=[◣], (3, 0)=[v], (9, 6)=[◣, ◣, ◣], (2, 0)=[>]}
16 Jan 2025 22:42:43 GMT Zwierzę poruszyło się z (9, 3) na (9, 2)
16 Jan 2025 22:42:43 GMT Długość listy pozycji: 10
Lista pozycji zwierząt: {(0, 0)=[^], (2, 3)=[v], (0, 3)=[<], (3, 7)=[>], (9, 2)=[◢, v], (9, 5)=[<], (8, 5)=[◣], (3, 0)=[v], (9, 6)=[◣, ◣, ◣], (2, 0)=[>, >]}
16 Jan 2025 22:42:43 GMT Zwierzę poruszyło się z (1, 0) na (2, 0)
16 Jan 2025 22:42:43 GMT Długość listy pozycji: 10
Lista pozycji zwierząt: {(0, 0)=[^], (1, 2)=[◢], (2, 3)=[v], (3, 7)=[>], (9, 2)=[◢, v], (9, 5)=[<], (8, 5)=[◣], (3, 0)=[v], (9, 6)=[◣, ◣, ◣], (2, 0)=[>, >]}
16 Jan 2025 22:42:43 GMT Zwierzę poruszyło się z (0, 3) na (1, 2)
16 Jan 2025 22:42:43 GMT Długość listy pozycji: 10
Lista pozycji zwierząt: {(0, 0)=[^], (1, 2)=[◢], (1, 3)=[<], (3, 7)=[>], (9, 2)=[◢, v], (9, 5)=[<], (8, 5)=[◣], (3, 0)=[v], (9, 6)=[◣, ◣, ◣], (2, 0)=[>, >]}
16 Jan 2025 22:42:43 GMT Zwierzę poruszyło się z (2, 3) na (1, 3)
16 Jan 2025 22:42:44 GMT Długość listy pozycji: 10
Lista pozycji zwierząt: {(0, 1)=[^], (1, 2)=[◢], (1, 3)=[<], (3, 7)=[>], (9, 2)=[◢, v], (9, 5)=[<], (8, 5)=[◣], (3, 0)=[v], (9, 6)=[◣, ◣, ◣], (2, 0)=[>, >]}
16 Jan 2025 22:42:44 GMT Zwierzę poruszyło się z (0, 0) na (0, 1)
16 Jan 2025 22:42:44 GMT Długość listy pozycji: 10
Lista pozycji zwierząt: {(0, 1)=[^], (1, 2)=[◢], (1, 3)=[<], (3, 7)=[>], (9, 2)=[◢, v], (9, 5)=[<], (8, 5)=[◣], (3, 0)=[v], (9, 6)=[◣, ◣, ◣], (2, 0)=[>, ◤]}
16 Jan 2025 22:42:44 GMT Zwierzę poruszyło się z (2, 0) na (2, 0)
16 Jan 2025 22:42:44 GMT Zwierze zostało położone na (9, 2)
16 Jan 2025 22:42:44 GMT Urodziło się nowe zwierzę na (9, 2)
16 Jan 2025 22:42:44 GMT Zwierze zostało położone na (9, 6)
16 Jan 2025 22:42:44 GMT Urodziło się nowe zwierzę na (9, 6)
16 Jan 2025 22:42:44 GMT Zwierze zostało położone na (2, 0)
16 Jan 2025 22:42:44 GMT Urodziło się nowe zwierzę na (2, 0)
16 Jan 2025 22:42:44 GMT Roślinka wyrosła na null
16 Jan 2025 22:42:44 GMT Roślinka wyrosła na null
16 Jan 2025 22:42:44 GMT Roślinka wyrosła na null
16 Jan 2025 22:42:44 GMT Roślinka wyrosła na null
16 Jan 2025 22:42:44 GMT Roślinka wyrosła na null
16 Jan 2025 22:42:44 GMT Roślinka wyrosła na null
16 Jan 2025 22:42:44 GMT Roślinka wyrosła na null
16 Jan 2025 22:42:44 GMT Roślinka wyrosła na null
16 Jan 2025 22:42:44 GMT Roślinka wyrosła na null
16 Jan 2025 22:42:44 GMT Roślinka wyrosła na null
16 Jan 2025 22:42:44 GMT Długość listy pozycji: 11
Lista pozycji zwierząt: {(0, 1)=[^], (1, 2)=[◢], (1, 3)=[<], (3, 7)=[>], (9, 2)=[^, v, ◣], (9, 3)=[^], (9, 5)=[<], (8, 5)=[◣], (3, 0)=[v], (9, 6)=[◥, ◣, ◣, ◣], (2, 0)=[^, >, ◤]}
16 Jan 2025 22:42:44 GMT Zwierzę poruszyło się z (9, 2) na (9, 3)
16 Jan 2025 22:42:45 GMT Długość listy pozycji: 11
Lista pozycji zwierząt: {(0, 1)=[^], (1, 2)=[◢], (1, 3)=[<], (3, 8)=[^], (9, 2)=[^, v, ◣], (9, 3)=[^], (9, 5)=[<], (8, 5)=[◣], (3, 0)=[v], (9, 6)=[◥, ◣, ◣, ◣], (2, 0)=[^, >, ◤]}
16 Jan 2025 22:42:45 GMT Zwierzę poruszyło się z (3, 7) na (3, 8)
16 Jan 2025 22:42:45 GMT Długość listy pozycji: 11
Lista pozycji zwierząt: {(0, 1)=[^], (1, 2)=[◢], (1, 3)=[<], (3, 8)=[^], (9, 2)=[^, v, ◣], (9, 3)=[^], (9, 5)=[<], (8, 5)=[◣], (9, 6)=[◥, ◣, ◣, ◣], (3, 1)=[^], (2, 0)=[^, >, ◤]}
16 Jan 2025 22:42:45 GMT Zwierzę poruszyło się z (3, 0) na (3, 1)
16 Jan 2025 22:42:45 GMT Długość listy pozycji: 11
Lista pozycji zwierząt: {(0, 1)=[^], (1, 2)=[◢], (1, 3)=[<], (3, 8)=[^], (9, 2)=[^, v, ◣], (9, 3)=[^], (9, 5)=[<], (9, 6)=[◥, ◣, ◣, ^], (8, 6)=[^], (3, 1)=[^], (2, 0)=[^, >, ◤]}
16 Jan 2025 22:42:45 GMT Zwierzę poruszyło się z (8, 5) na (8, 6)
16 Jan 2025 22:42:45 GMT Długość listy pozycji: 12
Lista pozycji zwierząt: {(0, 1)=[^], (1, 2)=[◢], (1, 3)=[<], (3, 8)=[^], (9, 1)=[v], (9, 2)=[^, ◣], (9, 3)=[^], (9, 5)=[<], (9, 6)=[◥, ◣, ◣, ^], (8, 6)=[^], (3, 1)=[^], (2, 0)=[^, >, ◤]}
16 Jan 2025 22:42:45 GMT Zwierzę poruszyło się z (9, 2) na (9, 1)
16 Jan 2025 22:42:45 GMT Długość listy pozycji: 13
Lista pozycji zwierząt: {(2, 1)=[^], (0, 1)=[^], (1, 2)=[◢], (1, 3)=[<], (3, 8)=[^], (9, 1)=[v], (9, 2)=[^, ◣], (9, 3)=[^], (9, 5)=[<], (9, 6)=[◥, ◣, ◣, ^], (8, 6)=[^], (3, 1)=[^], (2, 0)=[^, ◤]}
16 Jan 2025 22:42:45 GMT Zwierzę poruszyło się z (2, 0) na (2, 1)
16 Jan 2025 22:42:45 GMT Długość listy pozycji: 12
Lista pozycji zwierząt: {(2, 1)=[^], (0, 1)=[^], (1, 3)=[<, ^], (3, 8)=[^], (9, 1)=[v], (9, 2)=[^, ◣], (9, 3)=[^], (9, 5)=[<], (9, 6)=[◥, ◣, ◣, ^], (8, 6)=[^], (3, 1)=[^], (2, 0)=[^, ◤]}
16 Jan 2025 22:42:45 GMT Zwierzę poruszyło się z (1, 2) na (1, 3)
16 Jan 2025 22:42:45 GMT Długość listy pozycji: 13
Lista pozycji zwierząt: {(2, 1)=[^], (0, 1)=[^], (1, 3)=[^], (1, 4)=[^], (3, 8)=[^], (9, 1)=[v], (9, 2)=[^, ◣], (9, 3)=[^], (9, 5)=[<], (9, 6)=[◥, ◣, ◣, ^], (8, 6)=[^], (3, 1)=[^], (2, 0)=[^, ◤]}
16 Jan 2025 22:42:45 GMT Zwierzę poruszyło się z (1, 3) na (1, 4)
16 Jan 2025 22:42:45 GMT Długość listy pozycji: 13
Lista pozycji zwierząt: {(2, 1)=[^], (0, 2)=[^], (1, 3)=[^], (1, 4)=[^], (3, 8)=[^], (9, 1)=[v], (9, 2)=[^, ◣], (9, 3)=[^], (9, 5)=[<], (9, 6)=[◥, ◣, ◣, ^], (8, 6)=[^], (3, 1)=[^], (2, 0)=[^, ◤]}
16 Jan 2025 22:42:45 GMT Zwierzę poruszyło się z (0, 1) na (0, 2)
16 Jan 2025 22:42:45 GMT Długość listy pozycji: 13
Lista pozycji zwierząt: {(2, 1)=[^, ^], (0, 2)=[^], (1, 3)=[^], (1, 4)=[^], (3, 8)=[^], (9, 1)=[v], (9, 2)=[^, ◣], (9, 3)=[^], (9, 5)=[<], (9, 6)=[◥, ◣, ◣, ^], (8, 6)=[^], (3, 1)=[^], (2, 0)=[^]}
16 Jan 2025 22:42:45 GMT Zwierzę poruszyło się z (2, 0) na (2, 1)
16 Jan 2025 22:42:46 GMT Zwierzę zjadło roślinkę na (9, 1)
16 Jan 2025 22:42:46 GMT Zwierze zostało położone na (2, 1)
16 Jan 2025 22:42:46 GMT Urodziło się nowe zwierzę na (2, 1)
16 Jan 2025 22:42:46 GMT Zwierze zostało położone na (9, 3)
16 Jan 2025 22:42:46 GMT Urodziło się nowe zwierzę na (9, 2)
16 Jan 2025 22:42:46 GMT Zwierze zostało położone na (9, 3)
16 Jan 2025 22:42:46 GMT Urodziło się nowe zwierzę na (9, 3)
16 Jan 2025 22:42:46 GMT Zwierze zostało położone na (9, 6)
16 Jan 2025 22:42:46 GMT Urodziło się nowe zwierzę na (9, 6)
16 Jan 2025 22:42:46 GMT Roślinka wyrosła na null
16 Jan 2025 22:42:46 GMT Roślinka wyrosła na null
16 Jan 2025 22:42:46 GMT Roślinka wyrosła na null
16 Jan 2025 22:42:46 GMT Roślinka wyrosła na null
16 Jan 2025 22:42:46 GMT Roślinka wyrosła na null
16 Jan 2025 22:42:46 GMT Roślinka wyrosła na null
16 Jan 2025 22:42:46 GMT Roślinka wyrosła na null
16 Jan 2025 22:42:46 GMT Roślinka wyrosła na null
16 Jan 2025 22:42:46 GMT Roślinka wyrosła na null
16 Jan 2025 22:42:46 GMT Roślinka wyrosła na null
16 Jan 2025 22:42:46 GMT Zwierzę umarło na (2, 1)
16 Jan 2025 22:42:46 GMT Długość listy pozycji: 14
Lista pozycji zwierząt: {(2, 1)=[◢, ^], (0, 2)=[^], (1, 3)=[^], (1, 4)=[^], (3, 8)=[^], (9, 1)=[v], (9, 2)=[◣, ◣], (8, 2)=[◣], (9, 3)=[◥, ◥, ◣], (9, 5)=[<], (9, 6)=[◣, ◥, ◣, ◣, ^], (8, 6)=[^], (3, 1)=[^], (2, 0)=[^]}
16 Jan 2025 22:42:46 GMT Zwierzę poruszyło się z (9, 3) na (8, 2)
16 Jan 2025 22:42:46 GMT Długość listy pozycji: 14
Lista pozycji zwierząt: {(2, 1)=[◢, ^], (0, 2)=[^], (1, 3)=[^], (1, 4)=[^], (2, 8)=[<], (9, 1)=[v], (9, 2)=[◣, ◣], (8, 2)=[◣], (9, 3)=[◥, ◥, ◣], (9, 5)=[<], (9, 6)=[◣, ◥, ◣, ◣, ^], (8, 6)=[^], (3, 1)=[^], (2, 0)=[^]}
16 Jan 2025 22:42:46 GMT Zwierzę poruszyło się z (3, 8) na (2, 8)
16 Jan 2025 22:42:47 GMT Długość listy pozycji: 14
Lista pozycji zwierząt: {(2, 1)=[◢, ^], (0, 2)=[^], (1, 3)=[^], (1, 4)=[^], (2, 8)=[<], (9, 1)=[v], (9, 2)=[◣, ◣], (8, 2)=[◣], (9, 3)=[◥, ◥, ◣], (9, 5)=[<], (3, 0)=[v], (9, 6)=[◣, ◥, ◣, ◣, ^], (8, 6)=[^], (2, 0)=[^]}
16 Jan 2025 22:42:47 GMT Zwierzę poruszyło się z (3, 1) na (3, 0)
16 Jan 2025 22:42:47 GMT Długość listy pozycji: 13
Lista pozycji zwierząt: {(2, 1)=[◢, ^], (0, 2)=[^], (1, 3)=[^], (1, 4)=[^], (2, 8)=[<], (9, 1)=[v], (9, 2)=[◣, ◣], (8, 2)=[◣], (9, 3)=[◥, ◥, ◣], (9, 5)=[<, ◢], (3, 0)=[v], (9, 6)=[◣, ◥, ◣, ◣, ◢], (2, 0)=[^]}
16 Jan 2025 22:42:47 GMT Zwierzę poruszyło się z (8, 6) na (9, 5)
16 Jan 2025 22:42:47 GMT Długość listy pozycji: 13
Lista pozycji zwierząt: {(2, 1)=[◢, ^], (0, 2)=[^], (1, 3)=[^], (1, 4)=[^], (2, 8)=[<], (9, 0)=[v], (9, 2)=[◣, ◣], (8, 2)=[◣], (9, 3)=[◥, ◥, ◣], (9, 5)=[<, ◢], (3, 0)=[v], (9, 6)=[◣, ◥, ◣, ◣, ◢], (2, 0)=[^]}
16 Jan 2025 22:42:47 GMT Zwierzę poruszyło się z (9, 1) na (9, 0)
16 Jan 2025 22:42:47 GMT Długość listy pozycji: 14
Lista pozycji zwierząt: {(2, 1)=[◢], (1, 1)=[<], (0, 2)=[^], (1, 3)=[^], (1, 4)=[^], (2, 8)=[<], (9, 0)=[v], (9, 2)=[◣, ◣], (8, 2)=[◣], (9, 3)=[◥, ◥, ◣], (9, 5)=[<, ◢], (3, 0)=[v], (9, 6)=[◣, ◥, ◣, ◣, ◢], (2, 0)=[^]}
16 Jan 2025 22:42:47 GMT Zwierzę poruszyło się z (2, 1) na (1, 1)
16 Jan 2025 22:42:47 GMT Długość listy pozycji: 13
Lista pozycji zwierząt: {(2, 1)=[◢], (1, 1)=[<], (0, 2)=[^, ◣], (1, 4)=[^], (2, 8)=[<], (9, 0)=[v], (9, 2)=[◣, ◣], (8, 2)=[◣], (9, 3)=[◥, ◥, ◣], (9, 5)=[<, ◢], (3, 0)=[v], (9, 6)=[◣, ◥, ◣, ◣, ◢], (2, 0)=[^]}
16 Jan 2025 22:42:47 GMT Zwierzę poruszyło się z (1, 3) na (0, 2)
16 Jan 2025 22:42:47 GMT Długość listy pozycji: 13
Lista pozycji zwierząt: {(2, 1)=[◢], (1, 1)=[<], (2, 4)=[>], (0, 2)=[^, ◣], (2, 8)=[<], (9, 0)=[v], (9, 2)=[◣, ◣], (8, 2)=[◣], (9, 3)=[◥, ◥, ◣], (9, 5)=[<, ◢], (3, 0)=[v], (9, 6)=[◣, ◥, ◣, ◣, ◢], (2, 0)=[^]}
16 Jan 2025 22:42:47 GMT Zwierzę poruszyło się z (1, 4) na (2, 4)
16 Jan 2025 22:42:47 GMT Długość listy pozycji: 14
Lista pozycji zwierząt: {(2, 1)=[◢], (1, 1)=[<], (2, 4)=[>], (0, 2)=[◣], (0, 3)=[^], (2, 8)=[<], (9, 0)=[v], (9, 2)=[◣, ◣], (8, 2)=[◣], (9, 3)=[◥, ◥, ◣], (9, 5)=[<, ◢], (3, 0)=[v], (9, 6)=[◣, ◥, ◣, ◣, ◢], (2, 0)=[^]}
16 Jan 2025 22:42:47 GMT Zwierzę poruszyło się z (0, 2) na (0, 3)
16 Jan 2025 22:42:47 GMT Zwierzę zjadło roślinkę na (9, 0)
16 Jan 2025 22:42:48 GMT Zwierze zostało położone na (9, 2)
16 Jan 2025 22:42:48 GMT Urodziło się nowe zwierzę na (9, 2)
16 Jan 2025 22:42:48 GMT Zwierze zostało położone na (9, 3)
16 Jan 2025 22:42:48 GMT Urodziło się nowe zwierzę na (9, 3)
16 Jan 2025 22:42:48 GMT Zwierze zostało położone na (9, 5)
16 Jan 2025 22:42:48 GMT Urodziło się nowe zwierzę na (9, 5)
16 Jan 2025 22:42:48 GMT Zwierze zostało położone na (9, 6)
16 Jan 2025 22:42:48 GMT Urodziło się nowe zwierzę na (9, 6)
16 Jan 2025 22:42:48 GMT Roślinka wyrosła na null
16 Jan 2025 22:42:48 GMT Roślinka wyrosła na null
16 Jan 2025 22:42:48 GMT Roślinka wyrosła na null
16 Jan 2025 22:42:48 GMT Roślinka wyrosła na null
16 Jan 2025 22:42:48 GMT Roślinka wyrosła na null
16 Jan 2025 22:42:48 GMT Roślinka wyrosła na null
16 Jan 2025 22:42:48 GMT Roślinka wyrosła na null
16 Jan 2025 22:42:48 GMT Roślinka wyrosła na null
16 Jan 2025 22:42:48 GMT Roślinka wyrosła na null
16 Jan 2025 22:42:48 GMT Roślinka wyrosła na null
16 Jan 2025 22:42:48 GMT Długość listy pozycji: 13
Lista pozycji zwierząt: {(2, 1)=[◢], (1, 1)=[<], (2, 4)=[>], (0, 2)=[◣], (0, 3)=[^], (2, 8)=[<], (9, 0)=[v], (9, 2)=[>, >, ◣, >], (9, 3)=[>, ◥, ◥, >], (9, 5)=[◥, <, ◢], (3, 0)=[v], (9, 6)=[>, ◣, ◥, ◣, ◣, ◢], (2, 0)=[^]}
16 Jan 2025 22:42:48 GMT Zwierzę poruszyło się z (8, 2) na (9, 2)
16 Jan 2025 22:42:48 GMT Długość listy pozycji: 13
Lista pozycji zwierząt: {(2, 1)=[◢], (1, 1)=[<], (2, 4)=[>], (0, 2)=[◣], (0, 3)=[^], (2, 7)=[v], (9, 0)=[v], (9, 2)=[>, >, ◣, >], (9, 3)=[>, ◥, ◥, >], (9, 5)=[◥, <, ◢], (3, 0)=[v], (9, 6)=[>, ◣, ◥, ◣, ◣, ◢], (2, 0)=[^]}
16 Jan 2025 22:42:48 GMT Zwierzę poruszyło się z (2, 8) na (2, 7)
16 Jan 2025 22:42:48 GMT Długość listy pozycji: 13
Lista pozycji zwierząt: {(2, 1)=[◢], (1, 1)=[<], (2, 4)=[>], (0, 2)=[◣], (0, 3)=[^], (2, 7)=[v], (9, 0)=[v], (9, 2)=[>, >, ◣, >], (9, 3)=[>, ◥, ◥, >], (9, 5)=[◥, <, ◢], (9, 6)=[>, ◣, ◥, ◣, ◣, ◢], (3, 1)=[^], (2, 0)=[^]}
16 Jan 2025 22:42:48 GMT Zwierzę poruszyło się z (3, 0) na (3, 1)
16 Jan 2025 22:42:48 GMT Długość listy pozycji: 14
Lista pozycji zwierząt: {(2, 1)=[◢], (1, 1)=[<], (2, 4)=[>], (0, 2)=[◣], (0, 3)=[^], (2, 7)=[v], (9, 0)=[v], (9, 2)=[>, >, ◣, >], (9, 3)=[>, ◥, ◥, >], (9, 5)=[◥, <, <], (8, 5)=[<], (9, 6)=[>, ◣, ◥, ◣, ◣, <], (3, 1)=[^], (2, 0)=[^]}
16 Jan 2025 22:42:48 GMT Zwierzę poruszyło się z (9, 5) na (8, 5)
16 Jan 2025 22:42:49 GMT Długość listy pozycji: 14
Lista pozycji zwierząt: {(2, 1)=[◢], (1, 1)=[<], (2, 4)=[>], (0, 2)=[◣], (0, 3)=[^], (2, 7)=[v], (9, 0)=[^], (9, 2)=[>, >, ◣, >], (9, 3)=[>, ◥, ◥, >], (9, 5)=[◥, <, <], (8, 5)=[<], (9, 6)=[>, ◣, ◥, ◣, ◣, <], (3, 1)=[^], (2, 0)=[^]}
16 Jan 2025 22:42:49 GMT Zwierzę poruszyło się z (9, 0) na (9, 0)
16 Jan 2025 22:42:49 GMT Długość listy pozycji: 14
Lista pozycji zwierząt: {(1, 0)=[v], (2, 1)=[◢], (2, 4)=[>], (0, 2)=[◣], (0, 3)=[^], (2, 7)=[v], (9, 0)=[^], (9, 2)=[>, >, ◣, >], (9, 3)=[>, ◥, ◥, >], (9, 5)=[◥, <, <], (8, 5)=[<], (9, 6)=[>, ◣, ◥, ◣, ◣, <], (3, 1)=[^], (2, 0)=[^]}
16 Jan 2025 22:42:49 GMT Zwierzę poruszyło się z (1, 1) na (1, 0)
16 Jan 2025 22:42:49 GMT Długość listy pozycji: 14
Lista pozycji zwierząt: {(1, 0)=[v], (2, 1)=[◢], (1, 2)=[>], (2, 4)=[>], (0, 3)=[^], (2, 7)=[v], (9, 0)=[^], (9, 2)=[>, >, ◣, >], (9, 3)=[>, ◥, ◥, >], (9, 5)=[◥, <, <], (8, 5)=[<], (9, 6)=[>, ◣, ◥, ◣, ◣, <], (3, 1)=[^], (2, 0)=[^]}
16 Jan 2025 22:42:49 GMT Zwierzę poruszyło się z (0, 2) na (1, 2)
16 Jan 2025 22:42:49 GMT Długość listy pozycji: 14
Lista pozycji zwierząt: {(1, 0)=[v], (2, 1)=[◢], (2, 3)=[v], (1, 2)=[>], (0, 3)=[^], (2, 7)=[v], (9, 0)=[^], (9, 2)=[>, >, ◣, >], (9, 3)=[>, ◥, ◥, >], (9, 5)=[◥, <, <], (8, 5)=[<], (9, 6)=[>, ◣, ◥, ◣, ◣, <], (3, 1)=[^], (2, 0)=[^]}
16 Jan 2025 22:42:49 GMT Zwierzę poruszyło się z (2, 4) na (2, 3)
16 Jan 2025 22:42:49 GMT Długość listy pozycji: 14
Lista pozycji zwierząt: {(1, 0)=[v], (2, 1)=[◢], (2, 3)=[v], (1, 2)=[>], (0, 4)=[^], (2, 7)=[v], (9, 0)=[^], (9, 2)=[>, >, ◣, >], (9, 3)=[>, ◥, ◥, >], (9, 5)=[◥, <, <], (8, 5)=[<], (9, 6)=[>, ◣, ◥, ◣, ◣, <], (3, 1)=[^], (2, 0)=[^]}
16 Jan 2025 22:42:49 GMT Zwierzę poruszyło się z (0, 3) na (0, 4)
16 Jan 2025 22:42:49 GMT Zwierze zostało położone na (9, 2)
16 Jan 2025 22:42:49 GMT Urodziło się nowe zwierzę na (9, 2)
16 Jan 2025 22:42:49 GMT Zwierze zostało położone na (9, 3)
16 Jan 2025 22:42:49 GMT Urodziło się nowe zwierzę na (9, 3)
16 Jan 2025 22:42:49 GMT Zwierze zostało położone na (9, 5)
16 Jan 2025 22:42:49 GMT Urodziło się nowe zwierzę na (9, 5)
16 Jan 2025 22:42:49 GMT Zwierze zostało położone na (9, 6)
16 Jan 2025 22:42:49 GMT Urodziło się nowe zwierzę na (9, 6)
16 Jan 2025 22:42:50 GMT Roślinka wyrosła na null
16 Jan 2025 22:42:50 GMT Roślinka wyrosła na null
16 Jan 2025 22:42:50 GMT Roślinka wyrosła na null
16 Jan 2025 22:42:50 GMT Roślinka wyrosła na null
16 Jan 2025 22:42:50 GMT Roślinka wyrosła na null
16 Jan 2025 22:42:50 GMT Roślinka wyrosła na null
16 Jan 2025 22:42:50 GMT Roślinka wyrosła na null
16 Jan 2025 22:42:50 GMT Roślinka wyrosła na null
16 Jan 2025 22:42:50 GMT Roślinka wyrosła na null
16 Jan 2025 22:42:50 GMT Roślinka wyrosła na null
16 Jan 2025 22:42:50 GMT Długość listy pozycji: 15
Lista pozycji zwierząt: {(1, 0)=[v], (2, 1)=[◢], (2, 3)=[v], (1, 2)=[>], (0, 4)=[^], (2, 7)=[v], (9, 0)=[^], (9, 2)=[^, >, ◤, ◣, ◤], (9, 3)=[◥, >, ◥, ◥, ◤], (8, 3)=[◤], (9, 5)=[◢, ◥, <, <], (8, 5)=[<], (9, 6)=[>, >, ◣, ◥, ◣, ◣, <], (3, 1)=[^], (2, 0)=[^]}
16 Jan 2025 22:42:50 GMT Zwierzę poruszyło się z (9, 2) na (8, 3)
16 Jan 2025 22:42:50 GMT Długość listy pozycji: 15
Lista pozycji zwierząt: {(1, 0)=[v], (2, 1)=[◢], (2, 3)=[v], (1, 2)=[>], (3, 7)=[>], (0, 4)=[^], (9, 0)=[^], (9, 2)=[^, >, ◤, ◣, ◤], (9, 3)=[◥, >, ◥, ◥, ◤], (8, 3)=[◤], (9, 5)=[◢, ◥, <, <], (8, 5)=[<], (9, 6)=[>, >, ◣, ◥, ◣, ◣, <], (3, 1)=[^], (2, 0)=[^]}
16 Jan 2025 22:42:50 GMT Zwierzę poruszyło się z (2, 7) na (3, 7)
16 Jan 2025 22:42:50 GMT Długość listy pozycji: 15
Lista pozycji zwierząt: {(1, 0)=[v], (2, 1)=[◢], (2, 3)=[v], (1, 2)=[>], (3, 7)=[>], (0, 4)=[^], (9, 0)=[^], (9, 2)=[^, >, ◤, ◣, ◤], (9, 3)=[◥, >, ◥, ◥, ◤], (8, 3)=[◤], (9, 5)=[◢, ◥, <, <], (3, 0)=[v], (8, 5)=[<], (9, 6)=[>, >, ◣, ◥, ◣, ◣, <], (2, 0)=[^]}
16 Jan 2025 22:42:50 GMT Zwierzę poruszyło się z (3, 1) na (3, 0)
16 Jan 2025 22:42:50 GMT Długość listy pozycji: 14
Lista pozycji zwierząt: {(1, 0)=[v], (2, 1)=[◢], (2, 3)=[v], (1, 2)=[>], (3, 7)=[>], (0, 4)=[^], (9, 0)=[^], (9, 2)=[^, >, ◤, ◣, ◤], (9, 3)=[◥, >, ◥, ◥, ◤], (8, 3)=[◤], (9, 5)=[◢, ◥, <, ◥], (3, 0)=[v], (9, 6)=[>, ◥, >, ◣, ◥, ◣, ◣, ◥], (2, 0)=[^]}
16 Jan 2025 22:42:50 GMT Zwierzę poruszyło się z (8, 5) na (9, 6)
16 Jan 2025 22:42:50 GMT Długość listy pozycji: 14
Lista pozycji zwierząt: {(1, 0)=[v], (2, 1)=[◢], (2, 3)=[v], (1, 2)=[>], (3, 7)=[>], (0, 4)=[^], (9, 1)=[^], (9, 2)=[^, >, ◤, ◣, ◤], (9, 3)=[◥, >, ◥, ◥, ◤], (8, 3)=[◤], (9, 5)=[◢, ◥, <, ◥], (3, 0)=[v], (9, 6)=[>, ◥, >, ◣, ◥, ◣, ◣, ◥], (2, 0)=[^]}
16 Jan 2025 22:42:50 GMT Zwierzę poruszyło się z (9, 0) na (9, 1)
16 Jan 2025 22:42:50 GMT Długość listy pozycji: 13
Lista pozycji zwierząt: {(2, 1)=[◢], (2, 3)=[v], (1, 2)=[>], (3, 7)=[>], (0, 4)=[^], (9, 1)=[^], (9, 2)=[^, >, ◤, ◣, ◤], (9, 3)=[◥, >, ◥, ◥, ◤], (8, 3)=[◤], (9, 5)=[◢, ◥, <, ◥], (3, 0)=[v], (9, 6)=[>, ◥, >, ◣, ◥, ◣, ◣, ◥], (2, 0)=[^, >]}
16 Jan 2025 22:42:50 GMT Zwierzę poruszyło się z (1, 0) na (2, 0)
16 Jan 2025 22:42:51 GMT Długość listy pozycji: 13
Lista pozycji zwierząt: {(2, 1)=[◢], (2, 3)=[v], (0, 3)=[◤], (3, 7)=[>], (0, 4)=[^], (9, 1)=[^], (9, 2)=[^, >, ◤, ◣, ◤], (9, 3)=[◥, >, ◥, ◥, ◤], (8, 3)=[◤], (9, 5)=[◢, ◥, <, ◥], (3, 0)=[v], (9, 6)=[>, ◥, >, ◣, ◥, ◣, ◣, ◥], (2, 0)=[^, >]}
16 Jan 2025 22:42:51 GMT Zwierzę poruszyło się z (1, 2) na (0, 3)
16 Jan 2025 22:42:51 GMT Długość listy pozycji: 13
Lista pozycji zwierząt: {(2, 1)=[◢], (1, 3)=[<], (0, 3)=[◤], (3, 7)=[>], (0, 4)=[^], (9, 1)=[^], (9, 2)=[^, >, ◤, ◣, ◤], (9, 3)=[◥, >, ◥, ◥, ◤], (8, 3)=[◤], (9, 5)=[◢, ◥, <, ◥], (3, 0)=[v], (9, 6)=[>, ◥, >, ◣, ◥, ◣, ◣, ◥], (2, 0)=[^, >]}
16 Jan 2025 22:42:51 GMT Zwierzę poruszyło się z (2, 3) na (1, 3)
16 Jan 2025 22:42:51 GMT Długość listy pozycji: 13
Lista pozycji zwierząt: {(2, 1)=[◢], (1, 3)=[<], (0, 3)=[◤], (3, 7)=[>], (0, 5)=[^], (9, 1)=[^], (9, 2)=[^, >, ◤, ◣, ◤], (9, 3)=[◥, >, ◥, ◥, ◤], (8, 3)=[◤], (9, 5)=[◢, ◥, <, ◥], (3, 0)=[v], (9, 6)=[>, ◥, >, ◣, ◥, ◣, ◣, ◥], (2, 0)=[^, >]}
16 Jan 2025 22:42:51 GMT Zwierzę poruszyło się z (0, 4) na (0, 5)
16 Jan 2025 22:42:51 GMT Zwierze zostało położone na (9, 2)
16 Jan 2025 22:42:51 GMT Urodziło się nowe zwierzę na (9, 2)
16 Jan 2025 22:42:51 GMT Zwierze zostało położone na (9, 3)
16 Jan 2025 22:42:51 GMT Urodziło się nowe zwierzę na (9, 3)
16 Jan 2025 22:42:51 GMT Zwierze zostało położone na (9, 5)
16 Jan 2025 22:42:51 GMT Urodziło się nowe zwierzę na (9, 5)
16 Jan 2025 22:42:51 GMT Zwierze zostało położone na (9, 6)
16 Jan 2025 22:42:51 GMT Urodziło się nowe zwierzę na (9, 6)
16 Jan 2025 22:42:51 GMT Zwierze zostało położone na (2, 0)
16 Jan 2025 22:42:51 GMT Urodziło się nowe zwierzę na (2, 0)
16 Jan 2025 22:42:51 GMT Roślinka wyrosła na null
16 Jan 2025 22:42:51 GMT Roślinka wyrosła na null
16 Jan 2025 22:42:51 GMT Roślinka wyrosła na null
16 Jan 2025 22:42:51 GMT Roślinka wyrosła na null
16 Jan 2025 22:42:51 GMT Roślinka wyrosła na null
16 Jan 2025 22:42:51 GMT Roślinka wyrosła na null
16 Jan 2025 22:42:51 GMT Roślinka wyrosła na null
16 Jan 2025 22:42:51 GMT Roślinka wyrosła na null
16 Jan 2025 22:42:51 GMT Roślinka wyrosła na null
16 Jan 2025 22:42:51 GMT Roślinka wyrosła na null
16 Jan 2025 22:42:52 GMT Długość listy pozycji: 13
Lista pozycji zwierząt: {(2, 1)=[◢], (1, 3)=[<], (0, 3)=[◤], (3, 7)=[>], (0, 5)=[^], (9, 1)=[^], (9, 2)=[v, ^, >, v, ◣, v], (8, 2)=[v], (9, 3)=[>, ◥, >, ◥, ◥, v], (9, 5)=[^, ◢, ◥, <, ◥], (3, 0)=[v], (9, 6)=[<, >, ◥, >, ◣, ◥, ◣, ◣, ◥], (2, 0)=[v, ^, >]}
16 Jan 2025 22:42:52 GMT Zwierzę poruszyło się z (8, 3) na (8, 2)
16 Jan 2025 22:42:52 GMT Długość listy pozycji: 13
Lista pozycji zwierząt: {(2, 1)=[◢], (1, 3)=[<], (0, 3)=[◤], (3, 8)=[^], (0, 5)=[^], (9, 1)=[^], (9, 2)=[v, ^, >, v, ◣, v], (8, 2)=[v], (9, 3)=[>, ◥, >, ◥, ◥, v], (9, 5)=[^, ◢, ◥, <, ◥], (3, 0)=[v], (9, 6)=[<, >, ◥, >, ◣, ◥, ◣, ◣, ◥], (2, 0)=[v, ^, >]}
16 Jan 2025 22:42:52 GMT Zwierzę poruszyło się z (3, 7) na (3, 8)
16 Jan 2025 22:42:52 GMT Długość listy pozycji: 13
Lista pozycji zwierząt: {(2, 1)=[◢], (1, 3)=[<], (0, 3)=[◤], (3, 8)=[^], (0, 5)=[^], (9, 1)=[^], (9, 2)=[v, ^, >, v, ◣, v], (8, 2)=[v], (9, 3)=[>, ◥, >, ◥, ◥, v], (9, 5)=[^, ◢, ◥, <, ◥], (9, 6)=[<, >, ◥, >, ◣, ◥, ◣, ◣, ◥], (3, 1)=[^], (2, 0)=[v, ^, >]}
16 Jan 2025 22:42:52 GMT Zwierzę poruszyło się z (3, 0) na (3, 1)
16 Jan 2025 22:42:52 GMT Długość listy pozycji: 13
Lista pozycji zwierząt: {(2, 1)=[◢], (1, 3)=[<], (0, 3)=[◤], (3, 8)=[^], (0, 5)=[^], (9, 1)=[^], (9, 2)=[v, ^, >, v, ◣, v], (8, 2)=[v], (9, 3)=[>, ◥, >, ◥, ◥, v], (9, 5)=[^, v, ◢, ◥, <, v], (9, 6)=[<, >, v, >, ◣, ◥, ◣, ◣, v], (3, 1)=[^], (2, 0)=[v, ^, >]}
16 Jan 2025 22:42:52 GMT Zwierzę poruszyło się z (9, 6) na (9, 5)
16 Jan 2025 22:42:52 GMT Długość listy pozycji: 12
Lista pozycji zwierząt: {(2, 1)=[◢], (1, 3)=[<], (0, 3)=[◤], (3, 8)=[^], (0, 5)=[^], (9, 2)=[^, v, ^, >, v, ◣, v], (8, 2)=[v], (9, 3)=[>, ◥, >, ◥, ◥, v], (9, 5)=[^, v, ◢, ◥, <, v], (9, 6)=[<, >, v, >, ◣, ◥, ◣, ◣, v], (3, 1)=[^], (2, 0)=[v, ^, >]}
16 Jan 2025 22:42:52 GMT Zwierzę poruszyło się z (9, 1) na (9, 2)
16 Jan 2025 22:42:52 GMT Długość listy pozycji: 12
Lista pozycji zwierząt: {(2, 1)=[◢, ^], (1, 3)=[<], (0, 3)=[◤], (3, 8)=[^], (0, 5)=[^], (9, 2)=[^, v, ^, >, v, ◣, v], (8, 2)=[v], (9, 3)=[>, ◥, >, ◥, ◥, v], (9, 5)=[^, v, ◢, ◥, <, v], (9, 6)=[<, >, v, >, ◣, ◥, ◣, ◣, v], (3, 1)=[^], (2, 0)=[v, ^, ^]}
16 Jan 2025 22:42:52 GMT Zwierzę poruszyło się z (2, 0) na (2, 1)
16 Jan 2025 22:42:52 GMT Długość listy pozycji: 12
Lista pozycji zwierząt: {(2, 1)=[◢, ^], (0, 2)=[v], (1, 3)=[<], (3, 8)=[^], (0, 5)=[^], (9, 2)=[^, v, ^, >, v, ◣, v], (8, 2)=[v], (9, 3)=[>, ◥, >, ◥, ◥, v], (9, 5)=[^, v, ◢, ◥, <, v], (9, 6)=[<, >, v, >, ◣, ◥, ◣, ◣, v], (3, 1)=[^], (2, 0)=[v, ^, ^]}
16 Jan 2025 22:42:52 GMT Zwierzę poruszyło się z (0, 3) na (0, 2)
16 Jan 2025 22:42:52 GMT Długość listy pozycji: 12
Lista pozycji zwierząt: {(2, 1)=[◢, ^], (0, 2)=[v], (1, 4)=[^], (3, 8)=[^], (0, 5)=[^], (9, 2)=[^, v, ^, >, v, ◣, v], (8, 2)=[v], (9, 3)=[>, ◥, >, ◥, ◥, v], (9, 5)=[^, v, ◢, ◥, <, v], (9, 6)=[<, >, v, >, ◣, ◥, ◣, ◣, v], (3, 1)=[^], (2, 0)=[v, ^, ^]}
16 Jan 2025 22:42:52 GMT Zwierzę poruszyło się z (1, 3) na (1, 4)
16 Jan 2025 22:42:53 GMT Długość listy pozycji: 12
Lista pozycji zwierząt: {(2, 1)=[◢, ^], (0, 2)=[v], (1, 4)=[^], (3, 8)=[^], (0, 6)=[^], (9, 2)=[^, v, ^, >, v, ◣, v], (8, 2)=[v], (9, 3)=[>, ◥, >, ◥, ◥, v], (9, 5)=[^, v, ◢, ◥, <, v], (9, 6)=[<, >, v, >, ◣, ◥, ◣, ◣, v], (3, 1)=[^], (2, 0)=[v, ^, ^]}
16 Jan 2025 22:42:53 GMT Zwierzę poruszyło się z (0, 5) na (0, 6)
16 Jan 2025 22:42:53 GMT Zwierze zostało położone na (2, 1)
16 Jan 2025 22:42:53 GMT Urodziło się nowe zwierzę na (2, 1)
16 Jan 2025 22:42:53 GMT Zwierze zostało położone na (9, 2)
16 Jan 2025 22:42:53 GMT Urodziło się nowe zwierzę na (9, 2)
16 Jan 2025 22:42:53 GMT Zwierze zostało położone na (9, 3)
16 Jan 2025 22:42:53 GMT Urodziło się nowe zwierzę na (9, 3)
16 Jan 2025 22:42:53 GMT Zwierze zostało położone na (9, 5)
16 Jan 2025 22:42:53 GMT Urodziło się nowe zwierzę na (9, 5)
16 Jan 2025 22:42:53 GMT Zwierze zostało położone na (9, 6)
16 Jan 2025 22:42:53 GMT Urodziło się nowe zwierzę na (9, 6)
16 Jan 2025 22:42:53 GMT Zwierze zostało położone na (2, 0)
16 Jan 2025 22:42:53 GMT Urodziło się nowe zwierzę na (2, 0)
16 Jan 2025 22:42:53 GMT Roślinka wyrosła na null
16 Jan 2025 22:42:53 GMT Roślinka wyrosła na null
16 Jan 2025 22:42:53 GMT Roślinka wyrosła na null
16 Jan 2025 22:42:53 GMT Roślinka wyrosła na null
16 Jan 2025 22:42:53 GMT Roślinka wyrosła na null
16 Jan 2025 22:42:53 GMT Roślinka wyrosła na null
16 Jan 2025 22:42:53 GMT Roślinka wyrosła na null
16 Jan 2025 22:42:53 GMT Roślinka wyrosła na null
16 Jan 2025 22:42:53 GMT Roślinka wyrosła na null
16 Jan 2025 22:42:53 GMT Roślinka wyrosła na null
16 Jan 2025 22:42:54 GMT Długość listy pozycji: 11
Lista pozycji zwierząt: {(2, 1)=[>, ◢, ^], (0, 2)=[v], (1, 4)=[^], (3, 8)=[^], (0, 6)=[^], (9, 2)=[^, v, >, ^, >, ◥, ◣, ◥], (9, 3)=[◥, ◥, >, ◥, >, ◥, ◥, ◥], (9, 5)=[v, ^, v, ◢, ◥, <, v], (9, 6)=[>, <, >, v, >, ◣, ◥, ◣, ◣, v], (3, 1)=[^], (2, 0)=[◥, v, ^, ^]}
16 Jan 2025 22:42:54 GMT Zwierzę poruszyło się z (8, 2) na (9, 3)
16 Jan 2025 22:42:54 GMT Długość listy pozycji: 11
Lista pozycji zwierząt: {(2, 1)=[>, ◢, ^], (0, 2)=[v], (1, 4)=[^], (2, 8)=[<], (0, 6)=[^], (9, 2)=[^, v, >, ^, >, ◥, ◣, ◥], (9, 3)=[◥, ◥, >, ◥, >, ◥, ◥, ◥], (9, 5)=[v, ^, v, ◢, ◥, <, v], (9, 6)=[>, <, >, v, >, ◣, ◥, ◣, ◣, v], (3, 1)=[^], (2, 0)=[◥, v, ^, ^]}
16 Jan 2025 22:42:54 GMT Zwierzę poruszyło się z (3, 8) na (2, 8)
16 Jan 2025 22:42:54 GMT Długość listy pozycji: 11
Lista pozycji zwierząt: {(2, 1)=[>, ◢, ^], (0, 2)=[v], (1, 4)=[^], (2, 8)=[<], (0, 6)=[^], (9, 2)=[^, v, >, ^, >, ◥, ◣, ◥], (9, 3)=[◥, ◥, >, ◥, >, ◥, ◥, ◥], (9, 5)=[v, ^, v, ◢, ◥, <, v], (3, 0)=[v], (9, 6)=[>, <, >, v, >, ◣, ◥, ◣, ◣, v], (2, 0)=[◥, v, ^, ^]}
16 Jan 2025 22:42:54 GMT Zwierzę poruszyło się z (3, 1) na (3, 0)
16 Jan 2025 22:42:54 GMT Długość listy pozycji: 12
Lista pozycji zwierząt: {(2, 1)=[>, ◢, ^], (0, 2)=[v], (1, 4)=[^], (2, 8)=[<], (0, 6)=[^], (9, 2)=[^, v, >, ^, >, ◥, ◣, ◥], (9, 3)=[◥, ◥, >, ◥, >, ◥, ◥, ◥], (9, 5)=[v, ^, ◤, ◢, ◥, <, ◤], (3, 0)=[v], (9, 6)=[>, <, >, ◤, >, ◣, ◥, ◣, ◣, ◤], (8, 6)=[◤], (2, 0)=[◥, v, ^, ^]}
16 Jan 2025 22:42:54 GMT Zwierzę poruszyło się z (9, 5) na (8, 6)
16 Jan 2025 22:42:54 GMT Długość listy pozycji: 12
Lista pozycji zwierząt: {(2, 1)=[>, ◢, ^], (0, 2)=[v], (1, 4)=[^], (2, 8)=[<], (0, 6)=[^], (9, 2)=[v, >, ^, >, ◥, ◣, ◥], (9, 3)=[^, ◥, ◥, >, ◥, >, ◥, ◥, ◥], (9, 5)=[v, ^, ◤, ◢, ◥, <, ◤], (3, 0)=[v], (9, 6)=[>, <, >, ◤, >, ◣, ◥, ◣, ◣, ◤], (8, 6)=[◤], (2, 0)=[◥, v, ^, ^]}
16 Jan 2025 22:42:54 GMT Zwierzę poruszyło się z (9, 2) na (9, 3)
16 Jan 2025 22:42:54 GMT Długość listy pozycji: 13
Lista pozycji zwierząt: {(2, 1)=[>, ◢, <], (1, 1)=[<], (0, 2)=[v], (1, 4)=[^], (2, 8)=[<], (0, 6)=[^], (9, 2)=[v, >, ^, >, ◥, ◣, ◥], (9, 3)=[^, ◥, ◥, >, ◥, >, ◥, ◥, ◥], (9, 5)=[v, ^, ◤, ◢, ◥, <, ◤], (3, 0)=[v], (9, 6)=[>, <, >, ◤, >, ◣, ◥, ◣, ◣, ◤], (8, 6)=[◤], (2, 0)=[◥, v, ^, <]}
16 Jan 2025 22:42:54 GMT Zwierzę poruszyło się z (2, 1) na (1, 1)
16 Jan 2025 22:42:54 GMT Długość listy pozycji: 13
Lista pozycji zwierząt: {(2, 1)=[>, ◢, <], (1, 1)=[<], (1, 3)=[◥], (1, 4)=[^], (2, 8)=[<], (0, 6)=[^], (9, 2)=[v, >, ^, >, ◥, ◣, ◥], (9, 3)=[^, ◥, ◥, >, ◥, >, ◥, ◥, ◥], (9, 5)=[v, ^, ◤, ◢, ◥, <, ◤], (3, 0)=[v], (9, 6)=[>, <, >, ◤, >, ◣, ◥, ◣, ◣, ◤], (8, 6)=[◤], (2, 0)=[◥, v, ^, <]}
16 Jan 2025 22:42:54 GMT Zwierzę poruszyło się z (0, 2) na (1, 3)
16 Jan 2025 22:42:54 GMT Długość listy pozycji: 13
Lista pozycji zwierząt: {(2, 1)=[>, ◢, <], (1, 1)=[<], (2, 4)=[>], (1, 3)=[◥], (2, 8)=[<], (0, 6)=[^], (9, 2)=[v, >, ^, >, ◥, ◣, ◥], (9, 3)=[^, ◥, ◥, >, ◥, >, ◥, ◥, ◥], (9, 5)=[v, ^, ◤, ◢, ◥, <, ◤], (3, 0)=[v], (9, 6)=[>, <, >, ◤, >, ◣, ◥, ◣, ◣, ◤], (8, 6)=[◤], (2, 0)=[◥, v, ^, <]}
16 Jan 2025 22:42:54 GMT Zwierzę poruszyło się z (1, 4) na (2, 4)
16 Jan 2025 22:42:54 GMT Długość listy pozycji: 13
Lista pozycji zwierząt: {(2, 1)=[>, ◢, <], (1, 1)=[<], (2, 4)=[>], (1, 3)=[◥], (2, 8)=[<], (0, 7)=[^], (9, 2)=[v, >, ^, >, ◥, ◣, ◥], (9, 3)=[^, ◥, ◥, >, ◥, >, ◥, ◥, ◥], (9, 5)=[v, ^, ◤, ◢, ◥, <, ◤], (3, 0)=[v], (9, 6)=[>, <, >, ◤, >, ◣, ◥, ◣, ◣, ◤], (8, 6)=[◤], (2, 0)=[◥, v, ^, <]}
16 Jan 2025 22:42:54 GMT Zwierzę poruszyło się z (0, 6) na (0, 7)
16 Jan 2025 22:42:55 GMT Zwierze zostało położone na (2, 1)
16 Jan 2025 22:42:55 GMT Urodziło się nowe zwierzę na (2, 1)
16 Jan 2025 22:42:55 GMT Zwierze zostało położone na (9, 2)
16 Jan 2025 22:42:55 GMT Urodziło się nowe zwierzę na (9, 2)
16 Jan 2025 22:42:55 GMT Zwierze zostało położone na (9, 3)
16 Jan 2025 22:42:55 GMT Urodziło się nowe zwierzę na (9, 3)
16 Jan 2025 22:42:55 GMT Zwierze zostało położone na (9, 5)
16 Jan 2025 22:42:55 GMT Urodziło się nowe zwierzę na (9, 5)
16 Jan 2025 22:42:55 GMT Zwierze zostało położone na (9, 6)
16 Jan 2025 22:42:55 GMT Urodziło się nowe zwierzę na (9, 6)
16 Jan 2025 22:42:55 GMT Zwierze zostało położone na (2, 0)
16 Jan 2025 22:42:55 GMT Urodziło się nowe zwierzę na (2, 0)
16 Jan 2025 22:42:55 GMT Roślinka wyrosła na null
16 Jan 2025 22:42:55 GMT Roślinka wyrosła na null
16 Jan 2025 22:42:55 GMT Roślinka wyrosła na null
16 Jan 2025 22:42:55 GMT Roślinka wyrosła na null
16 Jan 2025 22:42:55 GMT Roślinka wyrosła na null
16 Jan 2025 22:42:55 GMT Roślinka wyrosła na null
16 Jan 2025 22:42:55 GMT Roślinka wyrosła na null
16 Jan 2025 22:42:55 GMT Roślinka wyrosła na null
16 Jan 2025 22:42:55 GMT Roślinka wyrosła na null
16 Jan 2025 22:42:55 GMT Roślinka wyrosła na null
16 Jan 2025 22:42:55 GMT Zwierzę umarło na (9, 3)
16 Jan 2025 22:42:55 GMT Zwierzę umarło na (8, 6)
16 Jan 2025 22:42:55 GMT Zwierzę umarło na (9, 3)
16 Jan 2025 22:42:55 GMT Zwierzę umarło na (1, 1)
16 Jan 2025 22:42:55 GMT Długość listy pozycji: 13
Lista pozycji zwierząt: {(2, 1)=[◥, >, ◢, <], (1, 1)=[], (2, 4)=[>], (1, 3)=[◥], (2, 7)=[v], (0, 7)=[^], (9, 2)=[v, >, ◣, ^, >, ◥, ◣, ◥], (9, 3)=[^, ◥, <, >, ◥, >, ◥, ◥, ◥], (9, 5)=[◢, v, ^, ◤, ◢, ◥, <, ◤], (3, 0)=[v], (9, 6)=[>, >, <, >, ◤, >, ◣, ◥, ◣, ◣, ◤], (8, 6)=[], (2, 0)=[>, ◥, v, ^, <]}
16 Jan 2025 22:42:55 GMT Zwierzę poruszyło się z (2, 8) na (2, 7)
16 Jan 2025 22:42:56 GMT Długość listy pozycji: 13
Lista pozycji zwierząt: {(2, 1)=[◥, >, ◢, <], (1, 1)=[], (2, 4)=[>], (1, 3)=[◥], (2, 7)=[v], (0, 7)=[^], (9, 2)=[v, >, ◣, ^, >, ◥, ◣, ◥], (9, 3)=[^, ◥, <, >, ◥, >, ◥, ◥, ◥], (9, 5)=[◢, v, ^, ◤, ◢, ◥, <, ◤], (9, 6)=[>, >, <, >, ◤, >, ◣, ◥, ◣, ◣, ◤], (3, 1)=[^], (8, 6)=[], (2, 0)=[>, ◥, v, ^, <]}
16 Jan 2025 22:42:56 GMT Zwierzę poruszyło się z (3, 0) na (3, 1)
16 Jan 2025 22:42:56 GMT Długość listy pozycji: 13
Lista pozycji zwierząt: {(2, 1)=[◥, >, ◢, <], (1, 1)=[], (2, 4)=[>], (0, 3)=[<], (2, 7)=[v], (0, 7)=[^], (9, 2)=[v, >, ◣, ^, >, ◥, ◣, ◥], (9, 3)=[^, ◥, <, >, ◥, >, ◥, ◥, ◥], (9, 5)=[◢, v, ^, ◤, ◢, ◥, <, ◤], (9, 6)=[>, >, <, >, ◤, >, ◣, ◥, ◣, ◣, ◤], (3, 1)=[^], (8, 6)=[], (2, 0)=[>, ◥, v, ^, <]}
16 Jan 2025 22:42:56 GMT Zwierzę poruszyło się z (1, 3) na (0, 3)
16 Jan 2025 22:42:56 GMT Długość listy pozycji: 13
Lista pozycji zwierząt: {(2, 1)=[◥, >, ◢, <], (1, 1)=[], (2, 3)=[v], (0, 3)=[<], (2, 7)=[v], (0, 7)=[^], (9, 2)=[v, >, ◣, ^, >, ◥, ◣, ◥], (9, 3)=[^, ◥, <, >, ◥, >, ◥, ◥, ◥], (9, 5)=[◢, v, ^, ◤, ◢, ◥, <, ◤], (9, 6)=[>, >, <, >, ◤, >, ◣, ◥, ◣, ◣, ◤], (3, 1)=[^], (8, 6)=[], (2, 0)=[>, ◥, v, ^, <]}
16 Jan 2025 22:42:56 GMT Zwierzę poruszyło się z (2, 4) na (2, 3)
16 Jan 2025 22:42:56 GMT Długość listy pozycji: 13
Lista pozycji zwierząt: {(2, 1)=[◥, >, ◢, <], (1, 1)=[], (2, 3)=[v], (0, 3)=[<], (2, 7)=[v], (0, 8)=[^], (9, 2)=[v, >, ◣, ^, >, ◥, ◣, ◥], (9, 3)=[^, ◥, <, >, ◥, >, ◥, ◥, ◥], (9, 5)=[◢, v, ^, ◤, ◢, ◥, <, ◤], (9, 6)=[>, >, <, >, ◤, >, ◣, ◥, ◣, ◣, ◤], (3, 1)=[^], (8, 6)=[], (2, 0)=[>, ◥, v, ^, <]}
16 Jan 2025 22:42:56 GMT Zwierzę poruszyło się z (0, 7) na (0, 8)
16 Jan 2025 22:42:56 GMT Zwierzę zjadło roślinkę na (0, 8)
16 Jan 2025 22:42:56 GMT Zwierze zostało położone na (2, 1)
16 Jan 2025 22:42:56 GMT Urodziło się nowe zwierzę na (2, 1)
16 Jan 2025 22:42:56 GMT Zwierze zostało położone na (9, 2)
16 Jan 2025 22:42:56 GMT Urodziło się nowe zwierzę na (9, 2)
