19 Jan 2025 01:06:43 GMT Zwierze zostało położone na (4, 2)
19 Jan 2025 01:06:43 GMT Zwierze zostało położone na (6, 7)
19 Jan 2025 01:06:43 GMT Zwierze zostało położone na (9, 5)
19 Jan 2025 01:06:43 GMT Zwierze zostało położone na (0, 5)
19 Jan 2025 01:06:43 GMT Zwierze zostało położone na (5, 6)
19 Jan 2025 01:06:43 GMT Zwierze zostało położone na (7, 4)
19 Jan 2025 01:06:43 GMT Zwierze zostało położone na (5, 5)
19 Jan 2025 01:06:43 GMT Zwierze zostało położone na (2, 3)
19 Jan 2025 01:06:44 GMT Zwierze zostało położone na (7, 2)
19 Jan 2025 01:06:44 GMT Zwierze zostało położone na (4, 9)
19 Jan 2025 01:06:44 GMT Długość listy pozycji: 10
Lista pozycji zwierząt: {(5, 5)=[◣], (2, 3)=[v], (5, 6)=[>], (6, 7)=[◥], (4, 9)=[v], (0, 5)=[>], (7, 2)=[◢], (9, 5)=[◢], (7, 4)=[◣], (4, 2)=[>]}
19 Jan 2025 01:06:44 GMT Zwierzę poruszyło się z (4, 2) na (4, 2)
19 Jan 2025 01:06:44 GMT Długość listy pozycji: 10
Lista pozycji zwierząt: {(5, 5)=[◣], (2, 3)=[v], (5, 6)=[>], (6, 7)=[>], (4, 9)=[v], (0, 5)=[>], (7, 2)=[◢], (9, 5)=[◢], (7, 4)=[◣], (4, 2)=[>]}
19 Jan 2025 01:06:44 GMT Zwierzę poruszyło się z (6, 7) na (6, 7)
19 Jan 2025 01:06:44 GMT Długość listy pozycji: 10
Lista pozycji zwierząt: {(5, 5)=[◣], (2, 3)=[v], (5, 6)=[>], (6, 7)=[>], (4, 9)=[v], (0, 5)=[>], (7, 2)=[◢], (9, 5)=[<], (7, 4)=[◣], (4, 2)=[>]}
19 Jan 2025 01:06:44 GMT Zwierzę poruszyło się z (9, 5) na (9, 5)
19 Jan 2025 01:06:44 GMT Długość listy pozycji: 10
Lista pozycji zwierząt: {(5, 5)=[◣], (2, 3)=[v], (5, 6)=[>], (6, 7)=[>], (4, 9)=[v], (0, 5)=[v], (7, 2)=[◢], (9, 5)=[<], (7, 4)=[◣], (4, 2)=[>]}
19 Jan 2025 01:06:44 GMT Zwierzę poruszyło się z (0, 5) na (0, 5)
19 Jan 2025 01:06:44 GMT Długość listy pozycji: 10
Lista pozycji zwierząt: {(5, 5)=[◣], (2, 3)=[v], (5, 6)=[v], (6, 7)=[>], (4, 9)=[v], (0, 5)=[v], (7, 2)=[◢], (9, 5)=[<], (7, 4)=[◣], (4, 2)=[>]}
19 Jan 2025 01:06:44 GMT Zwierzę poruszyło się z (5, 6) na (5, 6)
19 Jan 2025 01:06:44 GMT Długość listy pozycji: 10
Lista pozycji zwierząt: {(5, 5)=[◣], (2, 3)=[v], (5, 6)=[v], (6, 7)=[>], (4, 9)=[v], (0, 5)=[v], (7, 2)=[◢], (9, 5)=[<], (7, 4)=[>], (4, 2)=[>]}
19 Jan 2025 01:06:44 GMT Zwierzę poruszyło się z (7, 4) na (7, 4)
19 Jan 2025 01:06:44 GMT Długość listy pozycji: 10
Lista pozycji zwierząt: {(5, 5)=[>], (2, 3)=[v], (5, 6)=[v], (6, 7)=[>], (4, 9)=[v], (0, 5)=[v], (7, 2)=[◢], (9, 5)=[<], (7, 4)=[>], (4, 2)=[>]}
19 Jan 2025 01:06:44 GMT Zwierzę poruszyło się z (5, 5) na (5, 5)
19 Jan 2025 01:06:44 GMT Długość listy pozycji: 10
Lista pozycji zwierząt: {(5, 5)=[>], (2, 3)=[^], (5, 6)=[v], (6, 7)=[>], (4, 9)=[v], (0, 5)=[v], (7, 2)=[◢], (9, 5)=[<], (7, 4)=[>], (4, 2)=[>]}
19 Jan 2025 01:06:44 GMT Zwierzę poruszyło się z (2, 3) na (2, 3)
19 Jan 2025 01:06:45 GMT Długość listy pozycji: 10
Lista pozycji zwierząt: {(5, 5)=[>], (2, 3)=[^], (5, 6)=[v], (6, 7)=[>], (4, 9)=[v], (0, 5)=[v], (7, 2)=[<], (9, 5)=[<], (7, 4)=[>], (4, 2)=[>]}
19 Jan 2025 01:06:45 GMT Zwierzę poruszyło się z (7, 2) na (7, 2)
19 Jan 2025 01:06:45 GMT Długość listy pozycji: 10
Lista pozycji zwierząt: {(5, 5)=[>], (2, 3)=[^], (5, 6)=[v], (6, 7)=[>], (4, 9)=[v], (0, 5)=[v], (7, 2)=[<], (9, 5)=[<], (7, 4)=[>], (4, 2)=[>]}
19 Jan 2025 01:06:45 GMT Zwierzę poruszyło się z (4, 9) na (4, 9)
19 Jan 2025 01:06:45 GMT Zwierzę zjadło roślinkę na (0, 5)
19 Jan 2025 01:06:45 GMT Roślinka wyrosła na (4, 6)
19 Jan 2025 01:06:45 GMT Roślinka wyrosła na (7, 8)
19 Jan 2025 01:06:45 GMT Roślinka wyrosła na (0, 6)
19 Jan 2025 01:06:45 GMT Roślinka wyrosła na (8, 5)
19 Jan 2025 01:06:45 GMT Roślinka wyrosła na (1, 5)
19 Jan 2025 01:06:45 GMT Roślinka wyrosła na (5, 5)
19 Jan 2025 01:06:45 GMT Roślinka wyrosła na (5, 6)
19 Jan 2025 01:06:45 GMT Roślinka wyrosła na (7, 7)
19 Jan 2025 01:06:45 GMT Roślinka wyrosła na (9, 5)
19 Jan 2025 01:06:45 GMT Roślinka wyrosła na (7, 6)
19 Jan 2025 01:06:45 GMT Długość listy pozycji: 10
Lista pozycji zwierząt: {(5, 5)=[>], (2, 3)=[^], (5, 6)=[v], (6, 7)=[>], (4, 9)=[v], (0, 5)=[v], (7, 2)=[<], (9, 5)=[<], (7, 4)=[>], (4, 2)=[◢]}
19 Jan 2025 01:06:45 GMT Zwierzę poruszyło się z (4, 2) na (4, 2)
19 Jan 2025 01:06:45 GMT Długość listy pozycji: 10
Lista pozycji zwierząt: {(5, 5)=[>], (2, 3)=[^], (5, 6)=[v], (6, 7)=[v], (4, 9)=[v], (0, 5)=[v], (7, 2)=[<], (9, 5)=[<], (7, 4)=[>], (4, 2)=[◢]}
19 Jan 2025 01:06:45 GMT Zwierzę poruszyło się z (6, 7) na (6, 7)
19 Jan 2025 01:06:45 GMT Długość listy pozycji: 10
Lista pozycji zwierząt: {(5, 5)=[>], (2, 3)=[^], (5, 6)=[v], (6, 7)=[v], (4, 9)=[v], (0, 5)=[v], (7, 2)=[<], (9, 5)=[^], (7, 4)=[>], (4, 2)=[◢]}
19 Jan 2025 01:06:45 GMT Zwierzę poruszyło się z (9, 5) na (9, 5)
19 Jan 2025 01:06:46 GMT Długość listy pozycji: 10
Lista pozycji zwierząt: {(5, 5)=[>], (2, 3)=[^], (5, 6)=[v], (6, 7)=[v], (4, 9)=[v], (0, 5)=[^], (7, 2)=[<], (9, 5)=[^], (7, 4)=[>], (4, 2)=[◢]}
19 Jan 2025 01:06:46 GMT Zwierzę poruszyło się z (0, 5) na (0, 5)
19 Jan 2025 01:06:46 GMT Długość listy pozycji: 10
Lista pozycji zwierząt: {(5, 5)=[>], (2, 3)=[^], (5, 6)=[>], (6, 7)=[v], (4, 9)=[v], (0, 5)=[^], (7, 2)=[<], (9, 5)=[^], (7, 4)=[>], (4, 2)=[◢]}
19 Jan 2025 01:06:46 GMT Zwierzę poruszyło się z (5, 6) na (5, 6)
19 Jan 2025 01:06:46 GMT Długość listy pozycji: 10
Lista pozycji zwierząt: {(5, 5)=[>], (2, 3)=[^], (5, 6)=[>], (6, 7)=[v], (4, 9)=[v], (0, 5)=[^], (7, 2)=[<], (9, 5)=[^], (7, 4)=[◢], (4, 2)=[◢]}
19 Jan 2025 01:06:46 GMT Zwierzę poruszyło się z (7, 4) na (7, 4)
19 Jan 2025 01:06:46 GMT Długość listy pozycji: 10
Lista pozycji zwierząt: {(5, 5)=[◢], (2, 3)=[^], (5, 6)=[>], (6, 7)=[v], (4, 9)=[v], (0, 5)=[^], (7, 2)=[<], (9, 5)=[^], (7, 4)=[◢], (4, 2)=[◢]}
19 Jan 2025 01:06:46 GMT Zwierzę poruszyło się z (5, 5) na (5, 5)
19 Jan 2025 01:06:46 GMT Długość listy pozycji: 10
Lista pozycji zwierząt: {(5, 5)=[◢], (2, 3)=[◣], (5, 6)=[>], (6, 7)=[v], (4, 9)=[v], (0, 5)=[^], (7, 2)=[<], (9, 5)=[^], (7, 4)=[◢], (4, 2)=[◢]}
19 Jan 2025 01:06:46 GMT Zwierzę poruszyło się z (2, 3) na (2, 3)
19 Jan 2025 01:06:46 GMT Długość listy pozycji: 10
Lista pozycji zwierząt: {(5, 5)=[◢], (2, 3)=[◣], (5, 6)=[>], (6, 7)=[v], (4, 9)=[v], (0, 5)=[^], (7, 2)=[v], (9, 5)=[^], (7, 4)=[◢], (4, 2)=[◢]}
19 Jan 2025 01:06:46 GMT Zwierzę poruszyło się z (7, 2) na (7, 2)
19 Jan 2025 01:06:46 GMT Długość listy pozycji: 10
Lista pozycji zwierząt: {(5, 5)=[◢], (2, 3)=[◣], (5, 6)=[>], (6, 7)=[v], (4, 9)=[◣], (0, 5)=[^], (7, 2)=[v], (9, 5)=[^], (7, 4)=[◢], (4, 2)=[◢]}
19 Jan 2025 01:06:46 GMT Zwierzę poruszyło się z (4, 9) na (4, 9)
19 Jan 2025 01:06:46 GMT Zwierzę zjadło roślinkę na (5, 5)
19 Jan 2025 01:06:46 GMT Zwierzę zjadło roślinkę na (5, 6)
19 Jan 2025 01:06:46 GMT Zwierzę zjadło roślinkę na (9, 5)
19 Jan 2025 01:06:47 GMT Roślinka wyrosła na (6, 5)
19 Jan 2025 01:06:47 GMT Roślinka wyrosła na (8, 6)
19 Jan 2025 01:06:47 GMT Roślinka wyrosła na (4, 5)
19 Jan 2025 01:06:47 GMT Roślinka wyrosła na (4, 1)
19 Jan 2025 01:06:47 GMT Roślinka wyrosła na (3, 6)
19 Jan 2025 01:06:47 GMT Roślinka wyrosła na (9, 6)
19 Jan 2025 01:06:47 GMT Roślinka wyrosła na (4, 4)
19 Jan 2025 01:06:47 GMT Roślinka wyrosła na (1, 8)
19 Jan 2025 01:06:47 GMT Roślinka wyrosła na (2, 1)
19 Jan 2025 01:06:47 GMT Roślinka wyrosła na (6, 3)
19 Jan 2025 01:06:47 GMT Długość listy pozycji: 10
Lista pozycji zwierząt: {(5, 5)=[◢], (2, 3)=[◣], (5, 6)=[>], (6, 7)=[v], (4, 9)=[◣], (0, 5)=[^], (7, 2)=[v], (9, 5)=[^], (7, 4)=[◢], (4, 2)=[◢]}
19 Jan 2025 01:06:47 GMT Zwierzę poruszyło się z (4, 2) na (4, 2)
19 Jan 2025 01:06:47 GMT Długość listy pozycji: 10
Lista pozycji zwierząt: {(5, 5)=[◢], (2, 3)=[◣], (5, 6)=[>], (6, 7)=[◤], (4, 9)=[◣], (0, 5)=[^], (7, 2)=[v], (9, 5)=[^], (7, 4)=[◢], (4, 2)=[◢]}
19 Jan 2025 01:06:47 GMT Zwierzę poruszyło się z (6, 7) na (6, 7)
19 Jan 2025 01:06:47 GMT Długość listy pozycji: 10
Lista pozycji zwierząt: {(5, 5)=[◢], (2, 3)=[◣], (5, 6)=[>], (6, 7)=[◤], (4, 9)=[◣], (0, 5)=[^], (7, 2)=[v], (9, 5)=[◣], (7, 4)=[◢], (4, 2)=[◢]}
19 Jan 2025 01:06:47 GMT Zwierzę poruszyło się z (9, 5) na (9, 5)
19 Jan 2025 01:06:47 GMT Długość listy pozycji: 9
Lista pozycji zwierząt: {(5, 5)=[◢], (2, 3)=[◣], (5, 6)=[>], (6, 7)=[◤], (4, 9)=[◣], (7, 2)=[v], (9, 5)=[◣, <], (7, 4)=[◢], (4, 2)=[◢]}
19 Jan 2025 01:06:47 GMT Zwierzę poruszyło się z (0, 5) na (9, 5)
19 Jan 2025 01:06:47 GMT Długość listy pozycji: 9
Lista pozycji zwierząt: {(5, 5)=[◢], (2, 3)=[◣], (5, 6)=[◤], (6, 7)=[◤], (4, 9)=[◣], (7, 2)=[v], (9, 5)=[◣, <], (7, 4)=[◢], (4, 2)=[◢]}
19 Jan 2025 01:06:47 GMT Zwierzę poruszyło się z (5, 6) na (5, 6)
19 Jan 2025 01:06:47 GMT Długość listy pozycji: 9
Lista pozycji zwierząt: {(5, 5)=[◢], (2, 3)=[◣], (5, 6)=[◤], (6, 7)=[◤], (4, 9)=[◣], (7, 2)=[v], (9, 5)=[◣, <], (7, 4)=[◥], (4, 2)=[◢]}
19 Jan 2025 01:06:47 GMT Zwierzę poruszyło się z (7, 4) na (7, 4)
19 Jan 2025 01:06:47 GMT Długość listy pozycji: 9
Lista pozycji zwierząt: {(5, 5)=[v], (2, 3)=[◣], (5, 6)=[◤], (6, 7)=[◤], (4, 9)=[◣], (7, 2)=[v], (9, 5)=[◣, <], (7, 4)=[◥], (4, 2)=[◢]}
19 Jan 2025 01:06:47 GMT Zwierzę poruszyło się z (5, 5) na (5, 5)
19 Jan 2025 01:06:47 GMT Długość listy pozycji: 9
Lista pozycji zwierząt: {(5, 5)=[v], (2, 3)=[◤], (5, 6)=[◤], (6, 7)=[◤], (4, 9)=[◣], (7, 2)=[v], (9, 5)=[◣, <], (7, 4)=[◥], (4, 2)=[◢]}
19 Jan 2025 01:06:48 GMT Zwierzę poruszyło się z (2, 3) na (2, 3)
19 Jan 2025 01:06:48 GMT Długość listy pozycji: 9
Lista pozycji zwierząt: {(5, 5)=[v], (2, 3)=[◤], (5, 6)=[◤], (6, 7)=[◤], (4, 9)=[◣], (7, 2)=[◣], (9, 5)=[◣, <], (7, 4)=[◥], (4, 2)=[◢]}
19 Jan 2025 01:06:48 GMT Zwierzę poruszyło się z (7, 2) na (7, 2)
19 Jan 2025 01:06:48 GMT Długość listy pozycji: 9
Lista pozycji zwierząt: {(5, 5)=[v], (2, 3)=[◤], (5, 6)=[◤], (6, 7)=[◤], (4, 9)=[>], (7, 2)=[◣], (9, 5)=[◣, <], (7, 4)=[◥], (4, 2)=[◢]}
19 Jan 2025 01:06:48 GMT Zwierzę poruszyło się z (4, 9) na (4, 9)
19 Jan 2025 01:06:48 GMT Zwierze zostało położone na (9, 5)
19 Jan 2025 01:06:48 GMT Urodziło się nowe zwierzę na (9, 5)
19 Jan 2025 01:06:48 GMT Roślinka wyrosła na (9, 1)
19 Jan 2025 01:06:48 GMT Roślinka wyrosła na (5, 3)
19 Jan 2025 01:06:48 GMT Roślinka wyrosła na (9, 9)
19 Jan 2025 01:06:48 GMT Roślinka wyrosła na (5, 0)
19 Jan 2025 01:06:48 GMT Roślinka wyrosła na (4, 0)
19 Jan 2025 01:06:48 GMT Roślinka wyrosła na (1, 7)
19 Jan 2025 01:06:48 GMT Roślinka wyrosła na (5, 8)
19 Jan 2025 01:06:48 GMT Roślinka wyrosła na (0, 2)
19 Jan 2025 01:06:48 GMT Roślinka wyrosła na (2, 2)
19 Jan 2025 01:06:48 GMT Roślinka wyrosła na (2, 9)
19 Jan 2025 01:06:48 GMT Zwierzę umarło na (9, 5)
19 Jan 2025 01:06:48 GMT Długość listy pozycji: 9
Lista pozycji zwierząt: {(5, 5)=[v], (2, 3)=[◤], (5, 6)=[◤], (6, 7)=[◤], (4, 9)=[>], (7, 2)=[◣], (9, 5)=[◣, <], (7, 4)=[◥], (4, 2)=[◥]}
19 Jan 2025 01:06:48 GMT Zwierzę poruszyło się z (4, 2) na (4, 2)
19 Jan 2025 01:06:48 GMT Długość listy pozycji: 9
Lista pozycji zwierząt: {(5, 5)=[v], (2, 3)=[◤], (5, 6)=[◤], (6, 7)=[^], (4, 9)=[>], (7, 2)=[◣], (9, 5)=[◣, <], (7, 4)=[◥], (4, 2)=[◥]}
19 Jan 2025 01:06:48 GMT Zwierzę poruszyło się z (6, 7) na (6, 7)
19 Jan 2025 01:06:49 GMT Długość listy pozycji: 9
Lista pozycji zwierząt: {(5, 5)=[v], (2, 3)=[◤], (5, 6)=[◤], (6, 7)=[^], (4, 9)=[>], (7, 2)=[◣], (9, 5)=[◣, ◣], (7, 4)=[◥], (4, 2)=[◥]}
19 Jan 2025 01:06:49 GMT Zwierzę poruszyło się z (9, 5) na (9, 5)
19 Jan 2025 01:06:49 GMT Długość listy pozycji: 9
Lista pozycji zwierząt: {(5, 5)=[v], (2, 3)=[◤], (5, 6)=[◥], (6, 7)=[^], (4, 9)=[>], (7, 2)=[◣], (9, 5)=[◣, ◣], (7, 4)=[◥], (4, 2)=[◥]}
19 Jan 2025 01:06:49 GMT Zwierzę poruszyło się z (5, 6) na (5, 6)
19 Jan 2025 01:06:49 GMT Długość listy pozycji: 9
Lista pozycji zwierząt: {(5, 5)=[v], (2, 3)=[◤], (5, 6)=[◥], (6, 7)=[^], (4, 9)=[>], (7, 2)=[◣], (9, 5)=[◣, ◣], (7, 4)=[<], (4, 2)=[◥]}
19 Jan 2025 01:06:49 GMT Zwierzę poruszyło się z (7, 4) na (7, 4)
19 Jan 2025 01:06:49 GMT Długość listy pozycji: 9
Lista pozycji zwierząt: {(5, 5)=[>], (2, 3)=[◤], (5, 6)=[◥], (6, 7)=[^], (4, 9)=[>], (7, 2)=[◣], (9, 5)=[◣, ◣], (7, 4)=[<], (4, 2)=[◥]}
19 Jan 2025 01:06:49 GMT Zwierzę poruszyło się z (5, 5) na (5, 5)
19 Jan 2025 01:06:49 GMT Długość listy pozycji: 9
Lista pozycji zwierząt: {(5, 5)=[>], (2, 3)=[◣], (5, 6)=[◥], (6, 7)=[^], (4, 9)=[>], (7, 2)=[◣], (9, 5)=[◣, ◣], (7, 4)=[<], (4, 2)=[◥]}
19 Jan 2025 01:06:49 GMT Zwierzę poruszyło się z (2, 3) na (2, 3)
19 Jan 2025 01:06:49 GMT Długość listy pozycji: 9
Lista pozycji zwierząt: {(5, 5)=[>], (2, 3)=[◣], (5, 6)=[◥], (6, 7)=[^], (4, 9)=[>], (7, 2)=[◥], (9, 5)=[◣, ◣], (7, 4)=[<], (4, 2)=[◥]}
19 Jan 2025 01:06:49 GMT Zwierzę poruszyło się z (7, 2) na (7, 2)
19 Jan 2025 01:06:49 GMT Długość listy pozycji: 9
Lista pozycji zwierząt: {(5, 5)=[>], (2, 3)=[◣], (5, 6)=[◥], (6, 7)=[^], (4, 9)=[◣], (7, 2)=[◥], (9, 5)=[◣, ◣], (7, 4)=[<], (4, 2)=[◥]}
19 Jan 2025 01:06:49 GMT Zwierzę poruszyło się z (4, 9) na (4, 9)
19 Jan 2025 01:06:49 GMT Zwierze zostało położone na (9, 5)
19 Jan 2025 01:06:49 GMT Urodziło się nowe zwierzę na (9, 5)
19 Jan 2025 01:06:50 GMT Roślinka wyrosła na (7, 1)
19 Jan 2025 01:06:50 GMT Roślinka wyrosła na (6, 2)
19 Jan 2025 01:06:50 GMT Roślinka wyrosła na (1, 9)
19 Jan 2025 01:06:50 GMT Roślinka wyrosła na (9, 2)
19 Jan 2025 01:06:50 GMT Roślinka wyrosła na (8, 3)
19 Jan 2025 01:06:50 GMT Roślinka wyrosła na (4, 9)
19 Jan 2025 01:06:50 GMT Roślinka wyrosła na (4, 7)
19 Jan 2025 01:06:50 GMT Roślinka wyrosła na (0, 1)
19 Jan 2025 01:06:50 GMT Roślinka wyrosła na (3, 3)
19 Jan 2025 01:06:50 GMT Roślinka wyrosła na (6, 1)
19 Jan 2025 01:06:50 GMT Długość listy pozycji: 9
Lista pozycji zwierząt: {(5, 5)=[>], (2, 3)=[◣], (5, 6)=[◥], (6, 7)=[^], (4, 9)=[◣], (7, 2)=[◥], (9, 5)=[◤, ◣, ◣], (7, 4)=[<], (4, 2)=[<]}
19 Jan 2025 01:06:50 GMT Zwierzę poruszyło się z (4, 2) na (4, 2)
19 Jan 2025 01:06:50 GMT Długość listy pozycji: 9
Lista pozycji zwierząt: {(5, 5)=[>], (2, 3)=[◣], (5, 6)=[◥], (6, 7)=[◣], (4, 9)=[◣], (7, 2)=[◥], (9, 5)=[◤, ◣, ◣], (7, 4)=[<], (4, 2)=[<]}
19 Jan 2025 01:06:50 GMT Zwierzę poruszyło się z (6, 7) na (6, 7)
19 Jan 2025 01:06:50 GMT Długość listy pozycji: 9
Lista pozycji zwierząt: {(5, 5)=[>], (2, 3)=[◣], (5, 6)=[◥], (6, 7)=[◣], (4, 9)=[◣], (7, 2)=[◥], (9, 5)=[◤, ^, ◣, ^], (7, 4)=[<], (4, 2)=[<]}
19 Jan 2025 01:06:50 GMT Zwierzę poruszyło się z (9, 5) na (9, 5)
19 Jan 2025 01:06:50 GMT Długość listy pozycji: 9
Lista pozycji zwierząt: {(5, 5)=[>], (2, 3)=[◣], (5, 6)=[◣], (6, 7)=[◣], (4, 9)=[◣], (7, 2)=[◥], (9, 5)=[◤, ^, ◣, ^], (7, 4)=[<], (4, 2)=[<]}
19 Jan 2025 01:06:50 GMT Zwierzę poruszyło się z (5, 6) na (5, 6)
19 Jan 2025 01:06:50 GMT Długość listy pozycji: 9
Lista pozycji zwierząt: {(5, 5)=[>], (2, 3)=[◣], (5, 6)=[◣], (6, 7)=[◣], (4, 9)=[◣], (7, 2)=[◥], (9, 5)=[◤, ^, ◣, ^], (7, 4)=[^], (4, 2)=[<]}
19 Jan 2025 01:06:50 GMT Zwierzę poruszyło się z (7, 4) na (7, 4)
19 Jan 2025 01:06:50 GMT Długość listy pozycji: 9
Lista pozycji zwierząt: {(5, 5)=[v], (2, 3)=[◣], (5, 6)=[◣], (6, 7)=[◣], (4, 9)=[◣], (7, 2)=[◥], (9, 5)=[◤, ^, ◣, ^], (7, 4)=[^], (4, 2)=[<]}
19 Jan 2025 01:06:50 GMT Zwierzę poruszyło się z (5, 5) na (5, 5)
19 Jan 2025 01:06:51 GMT Długość listy pozycji: 9
Lista pozycji zwierząt: {(5, 5)=[v], (2, 3)=[^], (5, 6)=[◣], (6, 7)=[◣], (4, 9)=[◣], (7, 2)=[◥], (9, 5)=[◤, ^, ◣, ^], (7, 4)=[^], (4, 2)=[<]}
19 Jan 2025 01:06:51 GMT Zwierzę poruszyło się z (2, 3) na (2, 3)
19 Jan 2025 01:06:51 GMT Długość listy pozycji: 9
Lista pozycji zwierząt: {(5, 5)=[v], (2, 3)=[^], (5, 6)=[◣], (6, 7)=[◣], (4, 9)=[◣], (7, 2)=[v], (9, 5)=[◤, ^, ◣, ^], (7, 4)=[^], (4, 2)=[<]}
19 Jan 2025 01:06:51 GMT Zwierzę poruszyło się z (7, 2) na (7, 2)
19 Jan 2025 01:06:51 GMT Długość listy pozycji: 9
Lista pozycji zwierząt: {(5, 5)=[v], (2, 3)=[^], (5, 6)=[◣], (6, 7)=[◣], (4, 9)=[<], (7, 2)=[v], (9, 5)=[◤, ^, ◣, ^], (7, 4)=[^], (4, 2)=[<]}
19 Jan 2025 01:06:51 GMT Zwierzę poruszyło się z (4, 9) na (4, 9)
19 Jan 2025 01:06:51 GMT Zwierzę zjadło roślinkę na (4, 9)
19 Jan 2025 01:06:51 GMT Zwierze zostało położone na (9, 5)
19 Jan 2025 01:06:51 GMT Urodziło się nowe zwierzę na (9, 5)
19 Jan 2025 01:06:51 GMT Roślinka wyrosła na (1, 0)
19 Jan 2025 01:06:51 GMT Roślinka wyrosła na (3, 9)
19 Jan 2025 01:06:51 GMT Roślinka wyrosła na (4, 2)
19 Jan 2025 01:06:51 GMT Roślinka wyrosła na (4, 3)
19 Jan 2025 01:06:51 GMT Roślinka wyrosła na (7, 0)
19 Jan 2025 01:06:51 GMT Roślinka wyrosła na (1, 2)
19 Jan 2025 01:06:52 GMT Roślinka wyrosła na (6, 8)
19 Jan 2025 01:06:52 GMT Roślinka wyrosła na (8, 0)
19 Jan 2025 01:06:52 GMT Roślinka wyrosła na (5, 9)
19 Jan 2025 01:06:52 GMT Roślinka wyrosła na (2, 7)
19 Jan 2025 01:06:52 GMT Długość listy pozycji: 9
Lista pozycji zwierząt: {(5, 5)=[v], (2, 3)=[^], (5, 6)=[◣], (6, 7)=[◣], (4, 9)=[<], (7, 2)=[v], (9, 5)=[^, ◤, ^, ◣, ^], (7, 4)=[^], (4, 2)=[◢]}
19 Jan 2025 01:06:52 GMT Zwierzę poruszyło się z (4, 2) na (4, 2)
19 Jan 2025 01:06:52 GMT Długość listy pozycji: 9
Lista pozycji zwierząt: {(5, 5)=[v], (2, 3)=[^], (5, 6)=[◣], (6, 7)=[◣], (4, 9)=[<], (7, 2)=[v], (9, 5)=[^, ◤, ^, ◣, ^], (7, 4)=[^], (4, 2)=[◢]}
19 Jan 2025 01:06:52 GMT Zwierzę poruszyło się z (6, 7) na (6, 7)
19 Jan 2025 01:06:52 GMT Długość listy pozycji: 10
Lista pozycji zwierząt: {(5, 5)=[v], (2, 3)=[^], (5, 6)=[◣], (6, 7)=[◣], (0, 4)=[◢], (4, 9)=[<], (7, 2)=[v], (9, 5)=[^, ◤, ◢, ◣, ◢], (7, 4)=[^], (4, 2)=[◢]}
19 Jan 2025 01:06:52 GMT Zwierzę poruszyło się z (9, 5) na (0, 4)
19 Jan 2025 01:06:52 GMT Długość listy pozycji: 10
Lista pozycji zwierząt: {(5, 5)=[v], (2, 3)=[^], (5, 6)=[◢], (6, 7)=[◣], (0, 4)=[◢], (4, 9)=[<], (7, 2)=[v], (9, 5)=[^, ◤, ◢, ◣, ◢], (7, 4)=[^], (4, 2)=[◢]}
19 Jan 2025 01:06:52 GMT Zwierzę poruszyło się z (5, 6) na (5, 6)
19 Jan 2025 01:06:52 GMT Długość listy pozycji: 10
Lista pozycji zwierząt: {(5, 5)=[v], (2, 3)=[^], (5, 6)=[◢], (6, 7)=[◣], (0, 4)=[◢], (4, 9)=[<], (7, 2)=[v], (9, 5)=[^, ◤, ◢, ◣, ◢], (7, 4)=[<], (4, 2)=[◢]}
19 Jan 2025 01:06:52 GMT Zwierzę poruszyło się z (7, 4) na (7, 4)
19 Jan 2025 01:06:52 GMT Długość listy pozycji: 10
Lista pozycji zwierząt: {(5, 5)=[v], (2, 3)=[^], (5, 6)=[◢], (6, 7)=[◣], (0, 4)=[◢], (4, 9)=[<], (7, 2)=[v], (9, 5)=[^, ◤, ◢, ◣, ◢], (7, 4)=[<], (4, 2)=[◢]}
19 Jan 2025 01:06:52 GMT Zwierzę poruszyło się z (5, 5) na (5, 5)
19 Jan 2025 01:06:52 GMT Długość listy pozycji: 10
Lista pozycji zwierząt: {(5, 5)=[v], (2, 3)=[◤], (5, 6)=[◢], (6, 7)=[◣], (0, 4)=[◢], (4, 9)=[<], (7, 2)=[v], (9, 5)=[^, ◤, ◢, ◣, ◢], (7, 4)=[<], (4, 2)=[◢]}
19 Jan 2025 01:06:52 GMT Zwierzę poruszyło się z (2, 3) na (2, 3)
19 Jan 2025 01:06:53 GMT Długość listy pozycji: 10
Lista pozycji zwierząt: {(5, 5)=[v], (2, 3)=[◤], (5, 6)=[◢], (6, 7)=[◣], (0, 4)=[◢], (4, 9)=[<], (7, 2)=[◤], (9, 5)=[^, ◤, ◢, ◣, ◢], (7, 4)=[<], (4, 2)=[◢]}
19 Jan 2025 01:06:53 GMT Zwierzę poruszyło się z (7, 2) na (7, 2)
19 Jan 2025 01:06:53 GMT Długość listy pozycji: 10
Lista pozycji zwierząt: {(5, 5)=[v], (2, 3)=[◤], (5, 6)=[◢], (6, 7)=[◣], (0, 4)=[◢], (4, 9)=[<], (7, 2)=[◤], (9, 5)=[^, ◤, ◢, ◣, ◢], (7, 4)=[<], (4, 2)=[◢]}
19 Jan 2025 01:06:53 GMT Zwierzę poruszyło się z (4, 9) na (4, 9)
19 Jan 2025 01:06:53 GMT Zwierzę zjadło roślinkę na (4, 2)
19 Jan 2025 01:06:53 GMT Zwierze zostało położone na (9, 5)
19 Jan 2025 01:06:53 GMT Urodziło się nowe zwierzę na (9, 5)
19 Jan 2025 01:06:53 GMT Roślinka wyrosła na (0, 7)
19 Jan 2025 01:06:53 GMT Roślinka wyrosła na (7, 4)
19 Jan 2025 01:06:53 GMT Roślinka wyrosła na (7, 3)
19 Jan 2025 01:06:53 GMT Roślinka wyrosła na (6, 0)
19 Jan 2025 01:06:53 GMT Roślinka wyrosła na (8, 9)
19 Jan 2025 01:06:53 GMT Roślinka wyrosła na (3, 8)
19 Jan 2025 01:06:53 GMT Roślinka wyrosła na (0, 9)
19 Jan 2025 01:06:53 GMT Roślinka wyrosła na (3, 0)
19 Jan 2025 01:06:53 GMT Roślinka wyrosła na (8, 4)
19 Jan 2025 01:06:53 GMT Roślinka wyrosła na (1, 3)
19 Jan 2025 01:06:53 GMT Długość listy pozycji: 10
Lista pozycji zwierząt: {(5, 5)=[v], (2, 3)=[◤], (5, 6)=[◢], (6, 7)=[◣], (0, 4)=[◢], (4, 9)=[<], (7, 2)=[◤], (9, 5)=[>, ^, ◤, ◢, ◣, ◢], (7, 4)=[<], (4, 2)=[◤]}
19 Jan 2025 01:06:53 GMT Zwierzę poruszyło się z (4, 2) na (4, 2)
19 Jan 2025 01:06:53 GMT Długość listy pozycji: 10
Lista pozycji zwierząt: {(5, 5)=[v], (2, 3)=[◤], (5, 6)=[◢], (6, 7)=[◤], (0, 4)=[◢], (4, 9)=[<], (7, 2)=[◤], (9, 5)=[>, ^, ◤, ◢, ◣, ◢], (7, 4)=[<], (4, 2)=[◤]}
19 Jan 2025 01:06:53 GMT Zwierzę poruszyło się z (6, 7) na (6, 7)
19 Jan 2025 01:06:54 GMT Długość listy pozycji: 10
Lista pozycji zwierząt: {(5, 5)=[v], (2, 3)=[◤], (5, 6)=[◢], (6, 7)=[◤], (4, 9)=[<], (9, 3)=[◣], (7, 2)=[◤], (9, 5)=[>, ^, ◤, ◣, ◣, ◣], (7, 4)=[<], (4, 2)=[◤]}
19 Jan 2025 01:06:54 GMT Zwierzę poruszyło się z (0, 4) na (9, 3)
19 Jan 2025 01:06:54 GMT Długość listy pozycji: 10
Lista pozycji zwierząt: {(5, 5)=[v], (2, 3)=[◤], (5, 6)=[◣], (6, 7)=[◤], (4, 9)=[<], (9, 3)=[◣], (7, 2)=[◤], (9, 5)=[>, ^, ◤, ◣, ◣, ◣], (7, 4)=[<], (4, 2)=[◤]}
19 Jan 2025 01:06:54 GMT Zwierzę poruszyło się z (5, 6) na (5, 6)
19 Jan 2025 01:06:54 GMT Długość listy pozycji: 10
Lista pozycji zwierząt: {(5, 5)=[v], (2, 3)=[◤], (5, 6)=[◣], (6, 7)=[◤], (4, 9)=[<], (9, 3)=[◣], (7, 2)=[◤], (9, 5)=[>, ^, ◤, ◣, ◣, ◣], (7, 4)=[◢], (4, 2)=[◤]}
19 Jan 2025 01:06:54 GMT Zwierzę poruszyło się z (7, 4) na (7, 4)
19 Jan 2025 01:06:54 GMT Długość listy pozycji: 10
Lista pozycji zwierząt: {(5, 5)=[^], (2, 3)=[◤], (5, 6)=[◣], (6, 7)=[◤], (4, 9)=[<], (9, 3)=[◣], (7, 2)=[◤], (9, 5)=[>, ^, ◤, ◣, ◣, ◣], (7, 4)=[◢], (4, 2)=[◤]}
19 Jan 2025 01:06:54 GMT Zwierzę poruszyło się z (5, 5) na (5, 5)
19 Jan 2025 01:06:54 GMT Długość listy pozycji: 10
Lista pozycji zwierząt: {(5, 5)=[^], (2, 3)=[>], (5, 6)=[◣], (6, 7)=[◤], (4, 9)=[<], (9, 3)=[◣], (7, 2)=[◤], (9, 5)=[>, ^, ◤, ◣, ◣, ◣], (7, 4)=[◢], (4, 2)=[◤]}
19 Jan 2025 01:06:54 GMT Zwierzę poruszyło się z (2, 3) na (2, 3)
19 Jan 2025 01:06:54 GMT Długość listy pozycji: 10
Lista pozycji zwierząt: {(5, 5)=[^], (2, 3)=[>], (5, 6)=[◣], (6, 7)=[◤], (4, 9)=[<], (9, 3)=[◣], (7, 2)=[◣], (9, 5)=[>, ^, ◤, ◣, ◣, ◣], (7, 4)=[◢], (4, 2)=[◤]}
19 Jan 2025 01:06:54 GMT Zwierzę poruszyło się z (7, 2) na (7, 2)
19 Jan 2025 01:06:54 GMT Długość listy pozycji: 10
Lista pozycji zwierząt: {(5, 5)=[^], (2, 3)=[>], (5, 6)=[◣], (6, 7)=[◤], (4, 9)=[v], (9, 3)=[◣], (7, 2)=[◣], (9, 5)=[>, ^, ◤, ◣, ◣, ◣], (7, 4)=[◢], (4, 2)=[◤]}
19 Jan 2025 01:06:54 GMT Zwierzę poruszyło się z (4, 9) na (4, 9)
19 Jan 2025 01:06:54 GMT Zwierzę zjadło roślinkę na (7, 4)
19 Jan 2025 01:06:54 GMT Zwierze zostało położone na (9, 5)
19 Jan 2025 01:06:54 GMT Urodziło się nowe zwierzę na (9, 5)
19 Jan 2025 01:06:55 GMT Roślinka wyrosła na (6, 4)
19 Jan 2025 01:06:55 GMT Roślinka wyrosła na (8, 2)
19 Jan 2025 01:06:55 GMT Roślinka wyrosła na (5, 7)
19 Jan 2025 01:06:55 GMT Roślinka wyrosła na (5, 4)
19 Jan 2025 01:06:55 GMT Roślinka wyrosła na (3, 1)
19 Jan 2025 01:06:55 GMT Roślinka wyrosła na (7, 2)
19 Jan 2025 01:06:55 GMT Roślinka wyrosła na (9, 0)
19 Jan 2025 01:06:55 GMT Roślinka wyrosła na (9, 4)
19 Jan 2025 01:06:55 GMT Roślinka wyrosła na (5, 2)
19 Jan 2025 01:06:55 GMT Roślinka wyrosła na (5, 1)
19 Jan 2025 01:06:55 GMT Długość listy pozycji: 10
Lista pozycji zwierząt: {(5, 5)=[^], (2, 3)=[>], (5, 6)=[◣], (6, 7)=[◤], (4, 9)=[v], (9, 3)=[◣], (7, 2)=[◣], (9, 5)=[v, >, ^, ◤, ◣, ◣, ◣], (7, 4)=[◢], (4, 2)=[<]}
19 Jan 2025 01:06:55 GMT Zwierzę poruszyło się z (4, 2) na (4, 2)
19 Jan 2025 01:06:55 GMT Długość listy pozycji: 10
Lista pozycji zwierząt: {(5, 5)=[^], (2, 3)=[>], (5, 6)=[◣], (6, 7)=[^], (4, 9)=[v], (9, 3)=[◣], (7, 2)=[◣], (9, 5)=[v, >, ^, ◤, ◣, ◣, ◣], (7, 4)=[◢], (4, 2)=[<]}
19 Jan 2025 01:06:55 GMT Zwierzę poruszyło się z (6, 7) na (6, 7)
19 Jan 2025 01:06:55 GMT Długość listy pozycji: 10
Lista pozycji zwierząt: {(5, 5)=[^], (2, 3)=[>], (5, 6)=[◣], (6, 7)=[^], (0, 3)=[>], (4, 9)=[v], (7, 2)=[◣], (9, 5)=[v, >, ^, ◤, >, ◣, >], (7, 4)=[◢], (4, 2)=[<]}
19 Jan 2025 01:06:55 GMT Zwierzę poruszyło się z (9, 3) na (0, 3)
19 Jan 2025 01:06:55 GMT Długość listy pozycji: 10
Lista pozycji zwierząt: {(5, 5)=[^], (2, 3)=[>], (5, 6)=[◢], (6, 7)=[^], (0, 3)=[>], (4, 9)=[v], (7, 2)=[◣], (9, 5)=[v, >, ^, ◤, >, ◣, >], (7, 4)=[◢], (4, 2)=[<]}
19 Jan 2025 01:06:55 GMT Zwierzę poruszyło się z (5, 6) na (5, 6)
