18 Jan 2025 21:47:43 GMT Zwierze zostało położone na (0, 6)
18 Jan 2025 21:47:43 GMT Zwierze zostało położone na (1, 0)
18 Jan 2025 21:47:43 GMT Zwierze zostało położone na (0, 7)
18 Jan 2025 21:47:43 GMT Zwierze zostało położone na (0, 3)
18 Jan 2025 21:47:43 GMT Długość listy pozycji: 4
Lista pozycji zwierząt: {(1, 0)=[◢], (0, 3)=[^], (1, 6)=[>], (0, 7)=[◥]}
18 Jan 2025 21:47:43 GMT Zwierzę poruszyło się z (0, 6) na (1, 6)
18 Jan 2025 21:47:43 GMT Długość listy pozycji: 4
Lista pozycji zwierząt: {(0, 0)=[<], (0, 3)=[^], (1, 6)=[>], (0, 7)=[◥]}
18 Jan 2025 21:47:43 GMT Zwierzę poruszyło się z (1, 0) na (0, 0)
18 Jan 2025 21:47:43 GMT Długość listy pozycji: 4
Lista pozycji zwierząt: {(0, 0)=[<], (0, 3)=[^], (1, 6)=[>], (1, 7)=[>]}
18 Jan 2025 21:47:43 GMT Zwierzę poruszyło się z (0, 7) na (1, 7)
18 Jan 2025 21:47:44 GMT Długość listy pozycji: 4
Lista pozycji zwierząt: {(0, 0)=[<], (0, 4)=[^], (1, 6)=[>], (1, 7)=[>]}
18 Jan 2025 21:47:44 GMT Zwierzę poruszyło się z (0, 3) na (0, 4)
18 Jan 2025 21:47:44 GMT Zwierzę zjadło roślinkę na (0, 0)
18 Jan 2025 21:47:44 GMT Zwierzę zjadło roślinkę na (1, 6)
18 Jan 2025 21:47:44 GMT Roślinka wyrosła na (1, 4)
18 Jan 2025 21:47:44 GMT Roślinka wyrosła na (1, 3)
18 Jan 2025 21:47:44 GMT Roślinka wyrosła na (1, 7)
18 Jan 2025 21:47:44 GMT Roślinka wyrosła na (0, 4)
18 Jan 2025 21:47:44 GMT Roślinka wyrosła na (1, 0)
18 Jan 2025 21:47:44 GMT Roślinka wyrosła na (0, 1)
18 Jan 2025 21:47:44 GMT Roślinka wyrosła na (0, 2)
18 Jan 2025 21:47:44 GMT Roślinka wyrosła na (1, 2)
18 Jan 2025 21:47:44 GMT Roślinka wyrosła na (1, 8)
18 Jan 2025 21:47:44 GMT Roślinka wyrosła na (0, 8)
18 Jan 2025 21:47:44 GMT Długość listy pozycji: 4
Lista pozycji zwierząt: {(0, 0)=[<], (0, 4)=[^], (1, 7)=[>], (0, 7)=[◤]}
18 Jan 2025 21:47:44 GMT Zwierzę poruszyło się z (1, 6) na (0, 7)
18 Jan 2025 21:47:44 GMT Długość listy pozycji: 4
Lista pozycji zwierząt: {(1, 1)=[◥], (0, 4)=[^], (1, 7)=[>], (0, 7)=[◤]}
18 Jan 2025 21:47:44 GMT Zwierzę poruszyło się z (0, 0) na (1, 1)
18 Jan 2025 21:47:44 GMT Długość listy pozycji: 4
Lista pozycji zwierząt: {(1, 1)=[◥], (0, 4)=[^], (0, 6)=[◢], (0, 7)=[◤]}
18 Jan 2025 21:47:44 GMT Zwierzę poruszyło się z (1, 7) na (0, 6)
18 Jan 2025 21:47:44 GMT Długość listy pozycji: 4
Lista pozycji zwierząt: {(1, 1)=[◥], (0, 5)=[^], (0, 6)=[◢], (0, 7)=[◤]}
18 Jan 2025 21:47:44 GMT Zwierzę poruszyło się z (0, 4) na (0, 5)
18 Jan 2025 21:47:45 GMT Zwierzę zjadło roślinkę na (1, 1)
18 Jan 2025 21:47:45 GMT Zwierzę zjadło roślinkę na (0, 5)
18 Jan 2025 21:47:45 GMT Zwierzę zjadło roślinkę na (0, 6)
18 Jan 2025 21:47:45 GMT Zwierzę zjadło roślinkę na (0, 7)
18 Jan 2025 21:47:45 GMT Roślinka wyrosła na null
18 Jan 2025 21:47:45 GMT Roślinka wyrosła na null
18 Jan 2025 21:47:45 GMT Roślinka wyrosła na null
18 Jan 2025 21:47:45 GMT Roślinka wyrosła na null
18 Jan 2025 21:47:45 GMT Roślinka wyrosła na null
18 Jan 2025 21:47:45 GMT Roślinka wyrosła na null
18 Jan 2025 21:47:45 GMT Roślinka wyrosła na null
18 Jan 2025 21:47:45 GMT Roślinka wyrosła na null
18 Jan 2025 21:47:45 GMT Roślinka wyrosła na null
18 Jan 2025 21:47:45 GMT Roślinka wyrosła na null
18 Jan 2025 21:47:45 GMT Długość listy pozycji: 3
Lista pozycji zwierząt: {(1, 1)=[◥], (0, 5)=[^], (0, 6)=[v, ◢]}
18 Jan 2025 21:47:45 GMT Zwierzę poruszyło się z (0, 7) na (0, 6)
18 Jan 2025 21:47:45 GMT Długość listy pozycji: 3
Lista pozycji zwierząt: {(1, 0)=[v], (0, 5)=[^], (0, 6)=[v, ◢]}
18 Jan 2025 21:47:45 GMT Zwierzę poruszyło się z (1, 1) na (1, 0)
18 Jan 2025 21:47:45 GMT Długość listy pozycji: 3
Lista pozycji zwierząt: {(1, 0)=[v], (0, 5)=[^, v], (0, 6)=[v]}
18 Jan 2025 21:47:45 GMT Zwierzę poruszyło się z (0, 6) na (0, 5)
18 Jan 2025 21:47:45 GMT Długość listy pozycji: 3
Lista pozycji zwierząt: {(1, 0)=[v], (0, 5)=[v], (0, 6)=[v, ^]}
18 Jan 2025 21:47:45 GMT Zwierzę poruszyło się z (0, 5) na (0, 6)
18 Jan 2025 21:47:45 GMT Zwierzę zjadło roślinkę na (1, 0)
18 Jan 2025 21:47:46 GMT Zwierze zostało położone na (0, 6)
18 Jan 2025 21:47:46 GMT Urodziło się nowe zwierzę na (0, 6)
18 Jan 2025 21:47:46 GMT Roślinka wyrosła na null
18 Jan 2025 21:47:46 GMT Roślinka wyrosła na null
18 Jan 2025 21:47:46 GMT Roślinka wyrosła na null
18 Jan 2025 21:47:46 GMT Roślinka wyrosła na null
18 Jan 2025 21:47:46 GMT Roślinka wyrosła na null
18 Jan 2025 21:47:46 GMT Roślinka wyrosła na null
18 Jan 2025 21:47:46 GMT Roślinka wyrosła na null
18 Jan 2025 21:47:46 GMT Roślinka wyrosła na null
18 Jan 2025 21:47:46 GMT Roślinka wyrosła na null
18 Jan 2025 21:47:46 GMT Roślinka wyrosła na null
18 Jan 2025 21:47:46 GMT Długość listy pozycji: 4
Lista pozycji zwierząt: {(1, 0)=[v], (0, 5)=[v], (1, 7)=[◥], (0, 6)=[v, ^]}
18 Jan 2025 21:47:46 GMT Zwierzę poruszyło się z (0, 6) na (1, 7)
18 Jan 2025 21:47:46 GMT Długość listy pozycji: 4
Lista pozycji zwierząt: {(0, 1)=[◤], (0, 5)=[v], (1, 7)=[◥], (0, 6)=[v, ^]}
18 Jan 2025 21:47:46 GMT Zwierzę poruszyło się z (1, 0) na (0, 1)
18 Jan 2025 21:47:46 GMT Długość listy pozycji: 4
Lista pozycji zwierząt: {(0, 1)=[◤], (1, 4)=[◣], (1, 7)=[◥], (0, 6)=[v, ^]}
18 Jan 2025 21:47:46 GMT Zwierzę poruszyło się z (0, 5) na (1, 4)
18 Jan 2025 21:47:46 GMT Długość listy pozycji: 5
Lista pozycji zwierząt: {(0, 1)=[◤], (1, 4)=[◣], (1, 7)=[◥], (0, 6)=[v], (0, 7)=[^]}
18 Jan 2025 21:47:46 GMT Zwierzę poruszyło się z (0, 6) na (0, 7)
18 Jan 2025 21:47:46 GMT Zwierzę zjadło roślinkę na (0, 1)
18 Jan 2025 21:47:46 GMT Zwierzę zjadło roślinkę na (1, 4)
18 Jan 2025 21:47:46 GMT Zwierzę zjadło roślinkę na (1, 7)
18 Jan 2025 21:47:47 GMT Roślinka wyrosła na null
18 Jan 2025 21:47:47 GMT Roślinka wyrosła na null
18 Jan 2025 21:47:47 GMT Roślinka wyrosła na null
18 Jan 2025 21:47:47 GMT Roślinka wyrosła na null
18 Jan 2025 21:47:47 GMT Roślinka wyrosła na null
18 Jan 2025 21:47:47 GMT Roślinka wyrosła na null
18 Jan 2025 21:47:47 GMT Roślinka wyrosła na null
18 Jan 2025 21:47:47 GMT Roślinka wyrosła na null
18 Jan 2025 21:47:47 GMT Roślinka wyrosła na null
18 Jan 2025 21:47:47 GMT Roślinka wyrosła na null
18 Jan 2025 21:47:47 GMT Długość listy pozycji: 4
Lista pozycji zwierząt: {(0, 1)=[◤], (1, 4)=[◣], (0, 6)=[v], (0, 7)=[^, <]}
18 Jan 2025 21:47:47 GMT Zwierzę poruszyło się z (1, 7) na (0, 7)
18 Jan 2025 21:47:47 GMT Długość listy pozycji: 4
Lista pozycji zwierząt: {(1, 1)=[>], (1, 4)=[◣], (0, 6)=[v], (0, 7)=[^, <]}
18 Jan 2025 21:47:47 GMT Zwierzę poruszyło się z (0, 1) na (1, 1)
18 Jan 2025 21:47:47 GMT Długość listy pozycji: 4
Lista pozycji zwierząt: {(1, 1)=[>], (0, 4)=[<], (0, 6)=[v], (0, 7)=[^, <]}
18 Jan 2025 21:47:47 GMT Zwierzę poruszyło się z (1, 4) na (0, 4)
18 Jan 2025 21:47:47 GMT Długość listy pozycji: 5
Lista pozycji zwierząt: {(1, 1)=[>], (0, 4)=[<], (0, 6)=[v], (0, 7)=[<], (0, 8)=[^]}
18 Jan 2025 21:47:47 GMT Zwierzę poruszyło się z (0, 7) na (0, 8)
18 Jan 2025 21:47:47 GMT Zwierzę zjadło roślinkę na (0, 4)
18 Jan 2025 21:47:47 GMT Zwierzę zjadło roślinkę na (0, 8)
18 Jan 2025 21:47:47 GMT Roślinka wyrosła na null
18 Jan 2025 21:47:47 GMT Roślinka wyrosła na null
18 Jan 2025 21:47:47 GMT Roślinka wyrosła na null
18 Jan 2025 21:47:47 GMT Roślinka wyrosła na null
18 Jan 2025 21:47:47 GMT Roślinka wyrosła na null
18 Jan 2025 21:47:47 GMT Roślinka wyrosła na null
18 Jan 2025 21:47:47 GMT Roślinka wyrosła na null
18 Jan 2025 21:47:47 GMT Roślinka wyrosła na null
18 Jan 2025 21:47:47 GMT Roślinka wyrosła na null
18 Jan 2025 21:47:47 GMT Roślinka wyrosła na null
18 Jan 2025 21:47:48 GMT Długość listy pozycji: 5
Lista pozycji zwierząt: {(1, 1)=[>], (0, 4)=[<], (1, 6)=[◢], (0, 6)=[v], (0, 8)=[^]}
18 Jan 2025 21:47:48 GMT Zwierzę poruszyło się z (0, 7) na (1, 6)
18 Jan 2025 21:47:48 GMT Długość listy pozycji: 5
Lista pozycji zwierząt: {(0, 0)=[◣], (0, 4)=[<], (1, 6)=[◢], (0, 6)=[v], (0, 8)=[^]}
18 Jan 2025 21:47:48 GMT Zwierzę poruszyło się z (1, 1) na (0, 0)
18 Jan 2025 21:47:48 GMT Długość listy pozycji: 5
Lista pozycji zwierząt: {(0, 0)=[◣], (1, 5)=[◤], (1, 6)=[◢], (0, 6)=[v], (0, 8)=[^]}
18 Jan 2025 21:47:48 GMT Zwierzę poruszyło się z (0, 4) na (1, 5)
18 Jan 2025 21:47:48 GMT Długość listy pozycji: 5
Lista pozycji zwierząt: {(0, 0)=[◣], (1, 5)=[◤], (1, 6)=[◢], (0, 6)=[v], (0, 9)=[^]}
18 Jan 2025 21:47:48 GMT Zwierzę poruszyło się z (0, 8) na (0, 9)
18 Jan 2025 21:47:48 GMT Zwierzę zjadło roślinkę na (1, 5)
18 Jan 2025 21:47:48 GMT Zwierzę zjadło roślinkę na (0, 9)
18 Jan 2025 21:47:48 GMT Roślinka wyrosła na null
18 Jan 2025 21:47:48 GMT Roślinka wyrosła na null
18 Jan 2025 21:47:48 GMT Roślinka wyrosła na null
18 Jan 2025 21:47:48 GMT Roślinka wyrosła na null
18 Jan 2025 21:47:48 GMT Roślinka wyrosła na null
18 Jan 2025 21:47:48 GMT Roślinka wyrosła na null
18 Jan 2025 21:47:48 GMT Roślinka wyrosła na null
18 Jan 2025 21:47:48 GMT Roślinka wyrosła na null
18 Jan 2025 21:47:48 GMT Roślinka wyrosła na null
18 Jan 2025 21:47:48 GMT Roślinka wyrosła na null
18 Jan 2025 21:47:49 GMT Długość listy pozycji: 5
Lista pozycji zwierząt: {(0, 0)=[◣], (1, 5)=[◤], (1, 7)=[^], (0, 6)=[v], (0, 9)=[^]}
18 Jan 2025 21:47:49 GMT Zwierzę poruszyło się z (1, 6) na (1, 7)
18 Jan 2025 21:47:49 GMT Długość listy pozycji: 5
Lista pozycji zwierząt: {(0, 1)=[^], (1, 5)=[◤], (1, 7)=[^], (0, 6)=[v], (0, 9)=[^]}
18 Jan 2025 21:47:49 GMT Zwierzę poruszyło się z (0, 0) na (0, 1)
18 Jan 2025 21:47:49 GMT Długość listy pozycji: 5
Lista pozycji zwierząt: {(0, 1)=[^], (1, 6)=[^], (1, 7)=[^], (0, 6)=[v], (0, 9)=[^]}
18 Jan 2025 21:47:49 GMT Zwierzę poruszyło się z (1, 5) na (1, 6)
18 Jan 2025 21:47:49 GMT Długość listy pozycji: 5
Lista pozycji zwierząt: {(0, 1)=[^], (1, 6)=[^], (1, 7)=[^], (0, 6)=[v], (0, 9)=[v]}
18 Jan 2025 21:47:49 GMT Zwierzę poruszyło się z (0, 9) na (0, 9)
18 Jan 2025 21:47:49 GMT Roślinka wyrosła na null
18 Jan 2025 21:47:49 GMT Roślinka wyrosła na null
18 Jan 2025 21:47:49 GMT Roślinka wyrosła na null
18 Jan 2025 21:47:49 GMT Roślinka wyrosła na null
18 Jan 2025 21:47:49 GMT Roślinka wyrosła na null
18 Jan 2025 21:47:49 GMT Roślinka wyrosła na null
18 Jan 2025 21:47:49 GMT Roślinka wyrosła na null
18 Jan 2025 21:47:49 GMT Roślinka wyrosła na null
18 Jan 2025 21:47:49 GMT Roślinka wyrosła na null
18 Jan 2025 21:47:49 GMT Roślinka wyrosła na null
18 Jan 2025 21:47:49 GMT Długość listy pozycji: 4
Lista pozycji zwierząt: {(0, 1)=[^], (1, 6)=[^], (0, 6)=[v, ◣], (0, 9)=[v]}
18 Jan 2025 21:47:49 GMT Zwierzę poruszyło się z (1, 7) na (0, 6)
18 Jan 2025 21:47:50 GMT Długość listy pozycji: 4
Lista pozycji zwierząt: {(1, 0)=[◢], (1, 6)=[^], (0, 6)=[v, ◣], (0, 9)=[v]}
18 Jan 2025 21:47:50 GMT Zwierzę poruszyło się z (0, 1) na (1, 0)
18 Jan 2025 21:47:50 GMT Długość listy pozycji: 4
Lista pozycji zwierząt: {(1, 0)=[◢], (0, 6)=[v, ◣], (0, 7)=[◥], (0, 9)=[v]}
18 Jan 2025 21:47:50 GMT Zwierzę poruszyło się z (1, 6) na (0, 7)
18 Jan 2025 21:47:50 GMT Długość listy pozycji: 4
Lista pozycji zwierząt: {(1, 0)=[◢], (0, 6)=[v, ◣], (0, 7)=[◥], (0, 8)=[v]}
18 Jan 2025 21:47:50 GMT Zwierzę poruszyło się z (0, 9) na (0, 8)
18 Jan 2025 21:47:50 GMT Zwierze zostało położone na (0, 6)
18 Jan 2025 21:47:50 GMT Urodziło się nowe zwierzę na (0, 6)
18 Jan 2025 21:47:50 GMT Roślinka wyrosła na null
18 Jan 2025 21:47:50 GMT Roślinka wyrosła na null
18 Jan 2025 21:47:50 GMT Roślinka wyrosła na null
18 Jan 2025 21:47:50 GMT Roślinka wyrosła na null
18 Jan 2025 21:47:50 GMT Roślinka wyrosła na null
18 Jan 2025 21:47:50 GMT Roślinka wyrosła na null
18 Jan 2025 21:47:50 GMT Roślinka wyrosła na null
18 Jan 2025 21:47:50 GMT Roślinka wyrosła na null
18 Jan 2025 21:47:50 GMT Roślinka wyrosła na null
18 Jan 2025 21:47:50 GMT Roślinka wyrosła na null
18 Jan 2025 21:47:50 GMT Długość listy pozycji: 5
Lista pozycji zwierząt: {(1, 0)=[◢], (1, 6)=[>], (0, 6)=[◣, v, >], (0, 7)=[◥], (0, 8)=[v]}
18 Jan 2025 21:47:50 GMT Zwierzę poruszyło się z (0, 6) na (1, 6)
18 Jan 2025 21:47:50 GMT Długość listy pozycji: 5
Lista pozycji zwierząt: {(0, 0)=[<], (1, 6)=[>], (0, 6)=[◣, v, >], (0, 7)=[◥], (0, 8)=[v]}
18 Jan 2025 21:47:50 GMT Zwierzę poruszyło się z (1, 0) na (0, 0)
18 Jan 2025 21:47:51 GMT Długość listy pozycji: 5
Lista pozycji zwierząt: {(0, 0)=[<], (1, 6)=[>], (1, 7)=[>], (0, 6)=[◣, v, >], (0, 8)=[v]}
18 Jan 2025 21:47:51 GMT Zwierzę poruszyło się z (0, 7) na (1, 7)
18 Jan 2025 21:47:51 GMT Długość listy pozycji: 5
Lista pozycji zwierząt: {(0, 0)=[<], (1, 6)=[>], (1, 7)=[>], (0, 6)=[◣, v, >], (0, 7)=[v]}
18 Jan 2025 21:47:51 GMT Zwierzę poruszyło się z (0, 8) na (0, 7)
18 Jan 2025 21:47:51 GMT Zwierze zostało położone na (0, 6)
18 Jan 2025 21:47:51 GMT Urodziło się nowe zwierzę na (0, 6)
18 Jan 2025 21:47:52 GMT Roślinka wyrosła na null
18 Jan 2025 21:47:52 GMT Roślinka wyrosła na null
18 Jan 2025 21:47:52 GMT Roślinka wyrosła na null
18 Jan 2025 21:47:52 GMT Roślinka wyrosła na null
18 Jan 2025 21:47:52 GMT Roślinka wyrosła na null
18 Jan 2025 21:47:52 GMT Roślinka wyrosła na null
18 Jan 2025 21:47:52 GMT Roślinka wyrosła na null
18 Jan 2025 21:47:52 GMT Roślinka wyrosła na null
18 Jan 2025 21:47:52 GMT Roślinka wyrosła na null
18 Jan 2025 21:47:52 GMT Roślinka wyrosła na null
18 Jan 2025 21:47:52 GMT Długość listy pozycji: 4
Lista pozycji zwierząt: {(0, 0)=[<], (1, 7)=[>], (0, 6)=[>, ◣, v, ◤], (0, 7)=[v, ◤]}
18 Jan 2025 21:47:52 GMT Zwierzę poruszyło się z (1, 6) na (0, 7)
18 Jan 2025 21:47:52 GMT Długość listy pozycji: 4
Lista pozycji zwierząt: {(1, 1)=[◥], (1, 7)=[>], (0, 6)=[>, ◣, v, ◤], (0, 7)=[v, ◤]}
18 Jan 2025 21:47:52 GMT Zwierzę poruszyło się z (0, 0) na (1, 1)
18 Jan 2025 21:47:52 GMT Długość listy pozycji: 3
Lista pozycji zwierząt: {(1, 1)=[◥], (0, 6)=[◢, >, ◣, v, ◤], (0, 7)=[v, ◤]}
18 Jan 2025 21:47:52 GMT Zwierzę poruszyło się z (1, 7) na (0, 6)
18 Jan 2025 21:47:52 GMT Długość listy pozycji: 3
Lista pozycji zwierząt: {(1, 1)=[◥], (0, 6)=[◢, v, >, ◣, v, ◤], (0, 7)=[◤]}
18 Jan 2025 21:47:52 GMT Zwierzę poruszyło się z (0, 7) na (0, 6)
18 Jan 2025 21:47:53 GMT Zwierze zostało położone na (0, 6)
18 Jan 2025 21:47:53 GMT Urodziło się nowe zwierzę na (0, 6)
18 Jan 2025 21:47:53 GMT Roślinka wyrosła na null
18 Jan 2025 21:47:53 GMT Roślinka wyrosła na null
18 Jan 2025 21:47:53 GMT Roślinka wyrosła na null
18 Jan 2025 21:47:53 GMT Roślinka wyrosła na null
18 Jan 2025 21:47:53 GMT Roślinka wyrosła na null
18 Jan 2025 21:47:53 GMT Roślinka wyrosła na null
18 Jan 2025 21:47:53 GMT Roślinka wyrosła na null
18 Jan 2025 21:47:53 GMT Roślinka wyrosła na null
18 Jan 2025 21:47:53 GMT Roślinka wyrosła na null
18 Jan 2025 21:47:53 GMT Roślinka wyrosła na null
18 Jan 2025 21:47:53 GMT Długość listy pozycji: 2
Lista pozycji zwierząt: {(1, 1)=[◥], (0, 6)=[◢, v, >, ◤, v, ◣, v, v]}
18 Jan 2025 21:47:53 GMT Zwierzę poruszyło się z (0, 7) na (0, 6)
18 Jan 2025 21:47:53 GMT Długość listy pozycji: 2
Lista pozycji zwierząt: {(1, 0)=[v], (0, 6)=[◢, v, >, ◤, v, ◣, v, v]}
18 Jan 2025 21:47:53 GMT Zwierzę poruszyło się z (1, 1) na (1, 0)
18 Jan 2025 21:47:53 GMT Długość listy pozycji: 3
Lista pozycji zwierząt: {(1, 0)=[v], (0, 5)=[v], (0, 6)=[v, v, >, ◤, v, ◣, v, v]}
18 Jan 2025 21:47:53 GMT Zwierzę poruszyło się z (0, 6) na (0, 5)
18 Jan 2025 21:47:53 GMT Długość listy pozycji: 3
Lista pozycji zwierząt: {(1, 0)=[v], (0, 5)=[v, v], (0, 6)=[v, >, ◤, v, ◣, v, v]}
18 Jan 2025 21:47:53 GMT Zwierzę poruszyło się z (0, 6) na (0, 5)
18 Jan 2025 21:47:54 GMT Zwierze zostało położone na (0, 5)
18 Jan 2025 21:47:54 GMT Urodziło się nowe zwierzę na (0, 5)
18 Jan 2025 21:47:54 GMT Zwierze zostało położone na (0, 5)
18 Jan 2025 21:47:54 GMT Urodziło się nowe zwierzę na (0, 6)
18 Jan 2025 21:47:54 GMT Roślinka wyrosła na null
18 Jan 2025 21:47:54 GMT Roślinka wyrosła na null
18 Jan 2025 21:47:54 GMT Roślinka wyrosła na null
18 Jan 2025 21:47:54 GMT Roślinka wyrosła na null
18 Jan 2025 21:47:54 GMT Roślinka wyrosła na null
18 Jan 2025 21:47:54 GMT Roślinka wyrosła na null
18 Jan 2025 21:47:54 GMT Roślinka wyrosła na null
18 Jan 2025 21:47:54 GMT Roślinka wyrosła na null
18 Jan 2025 21:47:54 GMT Roślinka wyrosła na null
18 Jan 2025 21:47:54 GMT Roślinka wyrosła na null
18 Jan 2025 21:47:54 GMT Długość listy pozycji: 4
Lista pozycji zwierząt: {(1, 0)=[v], (0, 5)=[◥, ◢, v, v], (1, 7)=[◥], (0, 6)=[v, >, ◤, ◣, v, ◥]}
18 Jan 2025 21:47:54 GMT Zwierzę poruszyło się z (0, 6) na (1, 7)
18 Jan 2025 21:47:54 GMT Długość listy pozycji: 4
Lista pozycji zwierząt: {(0, 1)=[◤], (0, 5)=[◥, ◢, v, v], (1, 7)=[◥], (0, 6)=[v, >, ◤, ◣, v, ◥]}
18 Jan 2025 21:47:54 GMT Zwierzę poruszyło się z (1, 0) na (0, 1)
18 Jan 2025 21:47:54 GMT Długość listy pozycji: 5
Lista pozycji zwierząt: {(0, 1)=[◤], (1, 4)=[◣], (0, 5)=[◥, ◢, v, ◣], (1, 7)=[◥], (0, 6)=[◣, >, ◤, ◣, v, ◥]}
18 Jan 2025 21:47:54 GMT Zwierzę poruszyło się z (0, 5) na (1, 4)
18 Jan 2025 21:47:54 GMT Długość listy pozycji: 6
Lista pozycji zwierząt: {(0, 1)=[◤], (1, 4)=[◣], (0, 4)=[v], (0, 5)=[◥, ◢, ◣], (1, 7)=[◥], (0, 6)=[◣, >, ◤, ◣, v, ◥]}
18 Jan 2025 21:47:54 GMT Zwierzę poruszyło się z (0, 5) na (0, 4)
18 Jan 2025 21:47:55 GMT Zwierze zostało położone na (0, 5)
18 Jan 2025 21:47:55 GMT Urodziło się nowe zwierzę na (0, 5)
18 Jan 2025 21:47:55 GMT Zwierze zostało położone na (0, 6)
18 Jan 2025 21:47:55 GMT Urodziło się nowe zwierzę na (0, 6)
18 Jan 2025 21:47:55 GMT Roślinka wyrosła na null
18 Jan 2025 21:47:55 GMT Roślinka wyrosła na null
18 Jan 2025 21:47:55 GMT Roślinka wyrosła na null
18 Jan 2025 21:47:55 GMT Roślinka wyrosła na null
18 Jan 2025 21:47:55 GMT Roślinka wyrosła na null
18 Jan 2025 21:47:55 GMT Roślinka wyrosła na null
18 Jan 2025 21:47:55 GMT Roślinka wyrosła na null
18 Jan 2025 21:47:55 GMT Roślinka wyrosła na null
18 Jan 2025 21:47:55 GMT Roślinka wyrosła na null
18 Jan 2025 21:47:55 GMT Roślinka wyrosła na null
18 Jan 2025 21:47:55 GMT Długość listy pozycji: 6
Lista pozycji zwierząt: {(0, 1)=[◤], (1, 4)=[◣], (0, 4)=[v], (0, 5)=[◥, ◢, ^, ◣], (0, 6)=[◥, ◣, >, ◤, ◣, v, <], (0, 7)=[<]}
18 Jan 2025 21:47:55 GMT Zwierzę poruszyło się z (1, 7) na (0, 7)
18 Jan 2025 21:47:55 GMT Długość listy pozycji: 6
Lista pozycji zwierząt: {(1, 1)=[>], (1, 4)=[◣], (0, 4)=[v], (0, 5)=[◥, ◢, ^, ◣], (0, 6)=[◥, ◣, >, ◤, ◣, v, <], (0, 7)=[<]}
18 Jan 2025 21:47:55 GMT Zwierzę poruszyło się z (0, 1) na (1, 1)
18 Jan 2025 21:47:55 GMT Długość listy pozycji: 5
Lista pozycji zwierząt: {(1, 1)=[>], (0, 4)=[v, <], (0, 5)=[◥, ◢, ^, <], (0, 6)=[◥, <, >, ◤, ◣, v, <], (0, 7)=[<]}
18 Jan 2025 21:47:55 GMT Zwierzę poruszyło się z (1, 4) na (0, 4)
18 Jan 2025 21:47:55 GMT Długość listy pozycji: 6
Lista pozycji zwierząt: {(1, 1)=[>], (0, 3)=[v], (0, 4)=[<], (0, 5)=[◥, ◢, ^, <], (0, 6)=[◥, <, >, ◤, ◣, v, <], (0, 7)=[<]}
18 Jan 2025 21:47:55 GMT Zwierzę poruszyło się z (0, 4) na (0, 3)
18 Jan 2025 21:47:55 GMT Zwierzę zjadło roślinkę na (0, 3)
18 Jan 2025 21:47:56 GMT Zwierze zostało położone na (0, 5)
18 Jan 2025 21:47:56 GMT Urodziło się nowe zwierzę na (0, 5)
18 Jan 2025 21:47:56 GMT Zwierze zostało położone na (0, 6)
18 Jan 2025 21:47:56 GMT Urodziło się nowe zwierzę na (0, 6)
18 Jan 2025 21:47:56 GMT Roślinka wyrosła na null
18 Jan 2025 21:47:56 GMT Roślinka wyrosła na null
18 Jan 2025 21:47:56 GMT Roślinka wyrosła na null
18 Jan 2025 21:47:56 GMT Roślinka wyrosła na null
18 Jan 2025 21:47:56 GMT Roślinka wyrosła na null
18 Jan 2025 21:47:56 GMT Roślinka wyrosła na null
18 Jan 2025 21:47:56 GMT Roślinka wyrosła na null
18 Jan 2025 21:47:56 GMT Roślinka wyrosła na null
18 Jan 2025 21:47:56 GMT Roślinka wyrosła na null
18 Jan 2025 21:47:56 GMT Roślinka wyrosła na null
18 Jan 2025 21:47:56 GMT Długość listy pozycji: 6
Lista pozycji zwierząt: {(1, 1)=[>], (0, 3)=[v], (0, 4)=[<], (1, 6)=[◢], (0, 5)=[<, ◥, ◢, ^, <], (0, 6)=[>, ◥, <, >, ◤, ◣, v, ◢]}
18 Jan 2025 21:47:56 GMT Zwierzę poruszyło się z (0, 7) na (1, 6)
18 Jan 2025 21:47:56 GMT Długość listy pozycji: 6
Lista pozycji zwierząt: {(0, 0)=[◣], (0, 3)=[v], (0, 4)=[<], (1, 6)=[◢], (0, 5)=[<, ◥, ◢, ^, <], (0, 6)=[>, ◥, <, >, ◤, ◣, v, ◢]}
18 Jan 2025 21:47:56 GMT Zwierzę poruszyło się z (1, 1) na (0, 0)
18 Jan 2025 21:47:56 GMT Długość listy pozycji: 6
Lista pozycji zwierząt: {(0, 0)=[◣], (0, 3)=[v], (1, 5)=[◤], (1, 6)=[◢], (0, 5)=[<, ◥, ◢, ^, ◤], (0, 6)=[>, ◥, ◤, >, ◤, ◣, v, ◢]}
18 Jan 2025 21:47:56 GMT Zwierzę poruszyło się z (0, 4) na (1, 5)
18 Jan 2025 21:47:56 GMT Długość listy pozycji: 6
Lista pozycji zwierząt: {(0, 0)=[◣], (0, 2)=[v], (1, 5)=[◤], (1, 6)=[◢], (0, 5)=[<, ◥, ◢, ^, ◤], (0, 6)=[>, ◥, ◤, >, ◤, ◣, v, ◢]}
18 Jan 2025 21:47:56 GMT Zwierzę poruszyło się z (0, 3) na (0, 2)
18 Jan 2025 21:47:56 GMT Zwierzę zjadło roślinkę na (0, 2)
18 Jan 2025 21:47:57 GMT Zwierze zostało położone na (0, 5)
18 Jan 2025 21:47:57 GMT Urodziło się nowe zwierzę na (0, 5)
18 Jan 2025 21:47:57 GMT Zwierze zostało położone na (0, 6)
18 Jan 2025 21:47:57 GMT Urodziło się nowe zwierzę na (0, 6)
18 Jan 2025 21:47:57 GMT Roślinka wyrosła na null
18 Jan 2025 21:47:57 GMT Roślinka wyrosła na null
18 Jan 2025 21:47:57 GMT Roślinka wyrosła na null
18 Jan 2025 21:47:57 GMT Roślinka wyrosła na null
18 Jan 2025 21:47:57 GMT Roślinka wyrosła na null
18 Jan 2025 21:47:57 GMT Roślinka wyrosła na null
18 Jan 2025 21:47:57 GMT Roślinka wyrosła na null
18 Jan 2025 21:47:57 GMT Roślinka wyrosła na null
18 Jan 2025 21:47:57 GMT Roślinka wyrosła na null
18 Jan 2025 21:47:57 GMT Roślinka wyrosła na null
18 Jan 2025 21:47:57 GMT Długość listy pozycji: 6
Lista pozycji zwierząt: {(0, 0)=[◣], (0, 2)=[v], (1, 5)=[◤], (0, 5)=[◥, <, ◥, ◢, ^, ◤], (1, 7)=[^], (0, 6)=[<, >, ◥, ◤, >, ◤, ◣, v, ^]}
18 Jan 2025 21:47:57 GMT Zwierzę poruszyło się z (1, 6) na (1, 7)
18 Jan 2025 21:47:57 GMT Długość listy pozycji: 6
Lista pozycji zwierząt: {(0, 1)=[^], (0, 2)=[v], (1, 5)=[◤], (0, 5)=[◥, <, ◥, ◢, ^, ◤], (1, 7)=[^], (0, 6)=[<, >, ◥, ◤, >, ◤, ◣, v, ^]}
18 Jan 2025 21:47:57 GMT Zwierzę poruszyło się z (0, 0) na (0, 1)
18 Jan 2025 21:47:57 GMT Długość listy pozycji: 6
Lista pozycji zwierząt: {(0, 1)=[^], (0, 2)=[v], (1, 6)=[^], (0, 5)=[◥, <, ◥, ◢, ^, ^], (1, 7)=[^], (0, 6)=[<, >, ◥, ^, >, ◤, ◣, v, ^]}
18 Jan 2025 21:47:57 GMT Zwierzę poruszyło się z (1, 5) na (1, 6)
18 Jan 2025 21:47:57 GMT Długość listy pozycji: 5
Lista pozycji zwierząt: {(0, 1)=[^, v], (1, 6)=[^], (0, 5)=[◥, <, ◥, ◢, ^, ^], (1, 7)=[^], (0, 6)=[<, >, ◥, ^, >, ◤, ◣, v, ^]}
18 Jan 2025 21:47:57 GMT Zwierzę poruszyło się z (0, 2) na (0, 1)
18 Jan 2025 21:47:58 GMT Zwierze zostało położone na (0, 1)
18 Jan 2025 21:47:58 GMT Urodziło się nowe zwierzę na (0, 1)
18 Jan 2025 21:47:58 GMT Zwierze zostało położone na (0, 5)
18 Jan 2025 21:47:58 GMT Urodziło się nowe zwierzę na (0, 5)
18 Jan 2025 21:47:58 GMT Zwierze zostało położone na (0, 6)
18 Jan 2025 21:47:58 GMT Urodziło się nowe zwierzę na (0, 6)
18 Jan 2025 21:47:58 GMT Roślinka wyrosła na null
18 Jan 2025 21:47:58 GMT Roślinka wyrosła na null
18 Jan 2025 21:47:58 GMT Roślinka wyrosła na null
18 Jan 2025 21:47:58 GMT Roślinka wyrosła na null
18 Jan 2025 21:47:58 GMT Roślinka wyrosła na null
18 Jan 2025 21:47:58 GMT Roślinka wyrosła na null
18 Jan 2025 21:47:58 GMT Roślinka wyrosła na null
18 Jan 2025 21:47:58 GMT Roślinka wyrosła na null
18 Jan 2025 21:47:58 GMT Roślinka wyrosła na null
18 Jan 2025 21:47:58 GMT Roślinka wyrosła na null
18 Jan 2025 21:47:58 GMT Długość listy pozycji: 4
Lista pozycji zwierząt: {(0, 1)=[^, v, v], (1, 6)=[^], (0, 5)=[^, ◥, <, ◥, ◢, ^, ^], (0, 6)=[◢, <, >, ◥, ^, >, ◣, ◤, ◣, v, ◣]}
18 Jan 2025 21:47:58 GMT Zwierzę poruszyło się z (1, 7) na (0, 6)
18 Jan 2025 21:47:58 GMT Długość listy pozycji: 5
Lista pozycji zwierząt: {(1, 0)=[◢], (0, 1)=[◢, v, v], (1, 6)=[^], (0, 5)=[^, ◥, <, ◥, ◢, ^, ^], (0, 6)=[◢, <, >, ◥, ^, >, ◣, ◤, ◣, v, ◣]}
18 Jan 2025 21:47:58 GMT Zwierzę poruszyło się z (0, 1) na (1, 0)
18 Jan 2025 21:47:58 GMT Długość listy pozycji: 5
Lista pozycji zwierząt: {(1, 0)=[◢], (0, 1)=[◢, v, v], (0, 5)=[^, ◥, <, ◥, ◢, ^, ◥], (0, 6)=[◢, <, >, ◥, ◥, >, ◣, ◤, ◣, v, ◣], (0, 7)=[◥]}
18 Jan 2025 21:47:58 GMT Zwierzę poruszyło się z (1, 6) na (0, 7)
18 Jan 2025 21:47:58 GMT Długość listy pozycji: 6
Lista pozycji zwierząt: {(1, 0)=[◢], (0, 0)=[v], (0, 1)=[◢, v], (0, 5)=[^, ◥, <, ◥, ◢, ^, ◥], (0, 6)=[◢, <, >, ◥, ◥, >, ◣, ◤, ◣, v, ◣], (0, 7)=[◥]}
18 Jan 2025 21:47:58 GMT Zwierzę poruszyło się z (0, 1) na (0, 0)
18 Jan 2025 21:47:59 GMT Zwierze zostało położone na (1, 0)
18 Jan 2025 21:47:59 GMT Urodziło się nowe zwierzę na (0, 1)
18 Jan 2025 21:47:59 GMT Zwierze zostało położone na (0, 5)
18 Jan 2025 21:47:59 GMT Urodziło się nowe zwierzę na (0, 5)
18 Jan 2025 21:47:59 GMT Zwierze zostało położone na (0, 6)
18 Jan 2025 21:47:59 GMT Urodziło się nowe zwierzę na (0, 6)
18 Jan 2025 21:47:59 GMT Roślinka wyrosła na null
18 Jan 2025 21:47:59 GMT Roślinka wyrosła na null
18 Jan 2025 21:47:59 GMT Roślinka wyrosła na null
18 Jan 2025 21:47:59 GMT Roślinka wyrosła na null
18 Jan 2025 21:47:59 GMT Roślinka wyrosła na null
18 Jan 2025 21:47:59 GMT Roślinka wyrosła na null
18 Jan 2025 21:47:59 GMT Roślinka wyrosła na null
18 Jan 2025 21:47:59 GMT Roślinka wyrosła na null
18 Jan 2025 21:47:59 GMT Roślinka wyrosła na null
18 Jan 2025 21:47:59 GMT Roślinka wyrosła na null
18 Jan 2025 21:47:59 GMT Długość listy pozycji: 7
Lista pozycji zwierząt: {(1, 0)=[◣, ◢], (0, 0)=[v], (0, 1)=[v, ◢], (1, 6)=[>], (0, 5)=[>, ^, ◥, <, ◥, ◢, ^, ◥], (0, 6)=[◢, ◢, <, >, ◥, ◥, >, ◤, ◣, v, >], (0, 7)=[◥]}
18 Jan 2025 21:47:59 GMT Zwierzę poruszyło się z (0, 6) na (1, 6)
18 Jan 2025 21:47:59 GMT Długość listy pozycji: 7
Lista pozycji zwierząt: {(1, 0)=[◣], (0, 0)=[v, <], (0, 1)=[v, <], (1, 6)=[>], (0, 5)=[>, ^, ◥, <, ◥, ◢, ^, ◥], (0, 6)=[◢, ◢, <, >, ◥, ◥, >, ◤, ◣, v, >], (0, 7)=[◥]}
18 Jan 2025 21:47:59 GMT Zwierzę poruszyło się z (1, 0) na (0, 0)
18 Jan 2025 21:47:59 GMT Długość listy pozycji: 7
Lista pozycji zwierząt: {(1, 0)=[◣], (0, 0)=[v, <], (0, 1)=[v, <], (1, 6)=[>], (0, 5)=[>, ^, ◥, <, ◥, ◢, ^, >], (1, 7)=[>], (0, 6)=[◢, ◢, <, >, ◥, >, >, ◤, ◣, v, >]}
18 Jan 2025 21:47:59 GMT Zwierzę poruszyło się z (0, 7) na (1, 7)
18 Jan 2025 21:47:59 GMT Długość listy pozycji: 7
Lista pozycji zwierząt: {(1, 0)=[◣], (0, 0)=[^, <], (0, 1)=[v, <], (1, 6)=[>], (0, 5)=[>, ^, ◥, <, ◥, ◢, ^, >], (1, 7)=[>], (0, 6)=[◢, ◢, <, >, ◥, >, >, ◤, ◣, v, >]}
18 Jan 2025 21:47:59 GMT Zwierzę poruszyło się z (0, 0) na (0, 0)
18 Jan 2025 21:48:00 GMT Zwierze zostało położone na (0, 0)
18 Jan 2025 21:48:00 GMT Urodziło się nowe zwierzę na (0, 0)
18 Jan 2025 21:48:00 GMT Zwierze zostało położone na (0, 1)
18 Jan 2025 21:48:00 GMT Urodziło się nowe zwierzę na (0, 1)
18 Jan 2025 21:48:00 GMT Zwierze zostało położone na (0, 5)
18 Jan 2025 21:48:00 GMT Urodziło się nowe zwierzę na (0, 5)
18 Jan 2025 21:48:00 GMT Zwierze zostało położone na (0, 6)
18 Jan 2025 21:48:00 GMT Urodziło się nowe zwierzę na (0, 6)
18 Jan 2025 21:48:00 GMT Roślinka wyrosła na null
18 Jan 2025 21:48:00 GMT Roślinka wyrosła na null
18 Jan 2025 21:48:00 GMT Roślinka wyrosła na null
18 Jan 2025 21:48:00 GMT Roślinka wyrosła na null
18 Jan 2025 21:48:00 GMT Roślinka wyrosła na null
18 Jan 2025 21:48:00 GMT Roślinka wyrosła na null
18 Jan 2025 21:48:00 GMT Roślinka wyrosła na null
18 Jan 2025 21:48:00 GMT Roślinka wyrosła na null
18 Jan 2025 21:48:00 GMT Roślinka wyrosła na null
18 Jan 2025 21:48:00 GMT Roślinka wyrosła na null
18 Jan 2025 21:48:00 GMT Długość listy pozycji: 7
Lista pozycji zwierząt: {(1, 0)=[◣], (0, 0)=[<, ^, <], (0, 1)=[◢, v, <], (0, 5)=[◣, >, ^, ◥, <, ◥, ◢, ^, >], (1, 7)=[>], (0, 6)=[v, ◢, ◢, <, >, ◥, >, >, ◤, ◣, v, ◤], (0, 7)=[◤]}
18 Jan 2025 21:48:00 GMT Zwierzę poruszyło się z (1, 6) na (0, 7)
18 Jan 2025 21:48:00 GMT Długość listy pozycji: 8
Lista pozycji zwierząt: {(1, 0)=[◣], (1, 1)=[◥], (0, 0)=[<, ^, ◥], (0, 1)=[◢, v, ◥], (0, 5)=[◣, >, ^, ◥, <, ◥, ◢, ^, >], (1, 7)=[>], (0, 6)=[v, ◢, ◢, <, >, ◥, >, >, ◤, ◣, v, ◤], (0, 7)=[◤]}
18 Jan 2025 21:48:00 GMT Zwierzę poruszyło się z (0, 0) na (1, 1)
18 Jan 2025 21:48:01 GMT Długość listy pozycji: 7
Lista pozycji zwierząt: {(1, 0)=[◣], (1, 1)=[◥], (0, 0)=[<, ^, ◥], (0, 1)=[◢, v, ◥], (0, 5)=[◣, >, ^, ◥, <, ◥, ◢, ^, ◢], (0, 6)=[v, ◢, ◢, <, >, ◥, ◢, >, ◢, ◤, ◣, v, ◤], (0, 7)=[◤]}
18 Jan 2025 21:48:01 GMT Zwierzę poruszyło się z (1, 7) na (0, 6)
18 Jan 2025 21:48:01 GMT Długość listy pozycji: 7
Lista pozycji zwierząt: {(1, 0)=[◣], (1, 1)=[◥], (0, 0)=[<, ◥], (0, 1)=[◢, ^, v, ◥], (0, 5)=[◣, >, ^, ◥, <, ◥, ◢, ^, ◢], (0, 6)=[v, ◢, ◢, <, >, ◥, ◢, >, ◢, ◤, ◣, v, ◤], (0, 7)=[◤]}
18 Jan 2025 21:48:01 GMT Zwierzę poruszyło się z (0, 0) na (0, 1)
18 Jan 2025 21:48:01 GMT Zwierze zostało położone na (0, 0)
18 Jan 2025 21:48:01 GMT Urodziło się nowe zwierzę na (0, 0)
18 Jan 2025 21:48:01 GMT Zwierze zostało położone na (0, 1)
18 Jan 2025 21:48:01 GMT Urodziło się nowe zwierzę na (0, 1)
18 Jan 2025 21:48:01 GMT Zwierze zostało położone na (0, 5)
18 Jan 2025 21:48:01 GMT Urodziło się nowe zwierzę na (0, 5)
18 Jan 2025 21:48:01 GMT Zwierze zostało położone na (0, 6)
18 Jan 2025 21:48:01 GMT Urodziło się nowe zwierzę na (0, 6)
18 Jan 2025 21:48:01 GMT Roślinka wyrosła na null
18 Jan 2025 21:48:01 GMT Roślinka wyrosła na null
18 Jan 2025 21:48:01 GMT Roślinka wyrosła na null
18 Jan 2025 21:48:01 GMT Roślinka wyrosła na null
18 Jan 2025 21:48:01 GMT Roślinka wyrosła na null
18 Jan 2025 21:48:01 GMT Roślinka wyrosła na null
18 Jan 2025 21:48:01 GMT Roślinka wyrosła na null
18 Jan 2025 21:48:01 GMT Roślinka wyrosła na null
18 Jan 2025 21:48:01 GMT Roślinka wyrosła na null
18 Jan 2025 21:48:01 GMT Roślinka wyrosła na null
18 Jan 2025 21:48:01 GMT Długość listy pozycji: 6
Lista pozycji zwierząt: {(1, 0)=[◣], (1, 1)=[◥], (0, 0)=[◥, <, ◥], (0, 1)=[>, ◢, ^, v, ◥], (0, 5)=[◤, ◣, >, ^, ◥, <, ◥, ◢, ^, ◢], (0, 6)=[v, v, ◢, ◢, <, >, ◥, ◢, >, ◢, v, ◤, ◣, v, v]}
18 Jan 2025 21:48:01 GMT Zwierzę poruszyło się z (0, 7) na (0, 6)
18 Jan 2025 21:48:02 GMT Długość listy pozycji: 5
Lista pozycji zwierząt: {(1, 0)=[◣, v], (0, 0)=[◥, <, v], (0, 1)=[>, ◢, ^, v, v], (0, 5)=[◤, ◣, >, ^, ◥, <, ◥, ◢, ^, ◢], (0, 6)=[v, v, ◢, ◢, <, >, ◥, ◢, >, ◢, v, ◤, ◣, v, v]}
18 Jan 2025 21:48:02 GMT Zwierzę poruszyło się z (1, 1) na (1, 0)
18 Jan 2025 21:48:02 GMT Długość listy pozycji: 5
Lista pozycji zwierząt: {(1, 0)=[◣, v], (0, 0)=[◥, <, v], (0, 1)=[>, ◢, ^, v, v], (0, 5)=[◤, v, ◣, >, ^, ◥, <, ◥, ◢, ^, v], (0, 6)=[v, v, ◢, ◢, <, >, ◥, v, >, v, ◤, ◣, v, v]}
18 Jan 2025 21:48:02 GMT Zwierzę poruszyło się z (0, 6) na (0, 5)
18 Jan 2025 21:48:02 GMT Długość listy pozycji: 6
Lista pozycji zwierząt: {(1, 0)=[◣, v], (0, 0)=[◥, <, v], (0, 1)=[>, ◢, ^, v, v], (0, 2)=[^], (0, 5)=[◤, v, ◣, >, ^, ◥, <, ◥, ◢, ^, v], (0, 6)=[v, v, ◢, ◢, <, >, ◥, v, >, v, ◤, ◣, v, v]}
18 Jan 2025 21:48:02 GMT Zwierzę poruszyło się z (0, 1) na (0, 2)
18 Jan 2025 21:48:02 GMT Zwierze zostało położone na (1, 0)
18 Jan 2025 21:48:02 GMT Urodziło się nowe zwierzę na (1, 0)
18 Jan 2025 21:48:02 GMT Zwierze zostało położone na (0, 0)
18 Jan 2025 21:48:02 GMT Urodziło się nowe zwierzę na (0, 0)
18 Jan 2025 21:48:02 GMT Zwierze zostało położone na (0, 1)
18 Jan 2025 21:48:02 GMT Urodziło się nowe zwierzę na (0, 1)
18 Jan 2025 21:48:02 GMT Zwierze zostało położone na (0, 5)
18 Jan 2025 21:48:02 GMT Urodziło się nowe zwierzę na (0, 5)
18 Jan 2025 21:48:02 GMT Zwierze zostało położone na (0, 6)
18 Jan 2025 21:48:02 GMT Urodziło się nowe zwierzę na (0, 6)
18 Jan 2025 21:48:02 GMT Roślinka wyrosła na null
18 Jan 2025 21:48:02 GMT Roślinka wyrosła na null
18 Jan 2025 21:48:02 GMT Roślinka wyrosła na null
18 Jan 2025 21:48:02 GMT Roślinka wyrosła na null
18 Jan 2025 21:48:02 GMT Roślinka wyrosła na null
18 Jan 2025 21:48:02 GMT Roślinka wyrosła na null
18 Jan 2025 21:48:02 GMT Roślinka wyrosła na null
18 Jan 2025 21:48:02 GMT Roślinka wyrosła na null
18 Jan 2025 21:48:02 GMT Roślinka wyrosła na null
18 Jan 2025 21:48:02 GMT Roślinka wyrosła na null
18 Jan 2025 21:48:03 GMT Długość listy pozycji: 7
Lista pozycji zwierząt: {(1, 0)=[◢, ◣, v], (0, 0)=[>, ◥, <, v], (0, 1)=[<, >, ◢, ^, v, v], (0, 2)=[^], (0, 5)=[◣, ◤, v, ◣, >, ^, ◥, <, ◥, ◢, ^, v], (1, 7)=[◥], (0, 6)=[◥, v, v, ◢, ◢, <, >, ◥, v, >, ◤, ◣, v, ◥]}
18 Jan 2025 21:48:03 GMT Zwierzę poruszyło się z (0, 6) na (1, 7)
18 Jan 2025 21:48:03 GMT Długość listy pozycji: 7
Lista pozycji zwierząt: {(1, 0)=[◢, ◣, ◤], (0, 0)=[>, ◥, <, ◤], (0, 1)=[<, ◤, >, ◢, ^, v, ◤], (0, 2)=[^], (0, 5)=[◣, ◤, v, ◣, >, ^, ◥, <, ◥, ◢, ^, v], (1, 7)=[◥], (0, 6)=[◥, v, v, ◢, ◢, <, >, ◥, v, >, ◤, ◣, v, ◥]}
18 Jan 2025 21:48:03 GMT Zwierzę poruszyło się z (1, 0) na (0, 1)
18 Jan 2025 21:48:03 GMT Długość listy pozycji: 8
Lista pozycji zwierząt: {(1, 0)=[◢, ◣, ◤], (0, 0)=[>, ◥, <, ◤], (0, 1)=[<, ◤, >, ◢, ^, v, ◤], (0, 2)=[^], (1, 4)=[◣], (0, 5)=[◣, ◤, ◣, ◣, >, ^, ◥, <, ◥, ◢, ^, ◣], (1, 7)=[◥], (0, 6)=[◥, v, v, ◢, ◢, <, >, ◥, ◣, >, ◤, ◣, v, ◥]}
18 Jan 2025 21:48:03 GMT Zwierzę poruszyło się z (0, 5) na (1, 4)
18 Jan 2025 21:48:03 GMT Długość listy pozycji: 8
Lista pozycji zwierząt: {(1, 0)=[◢, ◣, ◤], (0, 0)=[>, ◥, <, ◤], (0, 1)=[<, ◤, >, ◢, ^, v, ◤], (0, 3)=[^], (1, 4)=[◣], (0, 5)=[◣, ◤, ◣, ◣, >, ^, ◥, <, ◥, ◢, ^, ◣], (1, 7)=[◥], (0, 6)=[◥, v, v, ◢, ◢, <, >, ◥, ◣, >, ◤, ◣, v, ◥]}
18 Jan 2025 21:48:03 GMT Zwierzę poruszyło się z (0, 2) na (0, 3)
18 Jan 2025 21:48:03 GMT Zwierze zostało położone na (1, 0)
18 Jan 2025 21:48:03 GMT Urodziło się nowe zwierzę na (1, 0)
18 Jan 2025 21:48:03 GMT Zwierze zostało położone na (0, 0)
18 Jan 2025 21:48:03 GMT Urodziło się nowe zwierzę na (0, 0)
18 Jan 2025 21:48:03 GMT Zwierze zostało położone na (0, 1)
18 Jan 2025 21:48:03 GMT Urodziło się nowe zwierzę na (0, 1)
18 Jan 2025 21:48:03 GMT Zwierze zostało położone na (0, 5)
18 Jan 2025 21:48:03 GMT Urodziło się nowe zwierzę na (0, 5)
18 Jan 2025 21:48:04 GMT Zwierze zostało położone na (0, 6)
18 Jan 2025 21:48:04 GMT Urodziło się nowe zwierzę na (0, 6)
18 Jan 2025 21:48:04 GMT Roślinka wyrosła na null
18 Jan 2025 21:48:04 GMT Roślinka wyrosła na null
18 Jan 2025 21:48:04 GMT Roślinka wyrosła na null
18 Jan 2025 21:48:04 GMT Roślinka wyrosła na null
18 Jan 2025 21:48:04 GMT Roślinka wyrosła na null
18 Jan 2025 21:48:04 GMT Roślinka wyrosła na null
18 Jan 2025 21:48:04 GMT Roślinka wyrosła na null
18 Jan 2025 21:48:04 GMT Roślinka wyrosła na null
18 Jan 2025 21:48:04 GMT Roślinka wyrosła na null
18 Jan 2025 21:48:04 GMT Roślinka wyrosła na null
18 Jan 2025 21:48:04 GMT Zwierzę umarło na (1, 7)
18 Jan 2025 21:48:04 GMT Zwierzę umarło na (0, 1)
18 Jan 2025 21:48:04 GMT Zwierzę umarło na (1, 4)
18 Jan 2025 21:48:04 GMT Zwierzę umarło na (0, 3)
18 Jan 2025 21:48:04 GMT Zwierze zostało położone na (1, 0)
18 Jan 2025 21:48:04 GMT Urodziło się nowe zwierzę na (1, 0)
18 Jan 2025 21:48:04 GMT Zwierze zostało położone na (0, 0)
18 Jan 2025 21:48:04 GMT Urodziło się nowe zwierzę na (0, 0)
18 Jan 2025 21:48:04 GMT Zwierze zostało położone na (0, 1)
18 Jan 2025 21:48:04 GMT Urodziło się nowe zwierzę na (0, 1)
18 Jan 2025 21:48:04 GMT Zwierze zostało położone na (0, 5)
18 Jan 2025 21:48:04 GMT Urodziło się nowe zwierzę na (0, 5)
18 Jan 2025 21:48:04 GMT Zwierze zostało położone na (0, 6)
18 Jan 2025 21:48:04 GMT Urodziło się nowe zwierzę na (0, 6)
18 Jan 2025 21:48:04 GMT Roślinka wyrosła na null
18 Jan 2025 21:48:04 GMT Roślinka wyrosła na null
18 Jan 2025 21:48:04 GMT Roślinka wyrosła na null
18 Jan 2025 21:48:04 GMT Roślinka wyrosła na null
18 Jan 2025 21:48:04 GMT Roślinka wyrosła na null
18 Jan 2025 21:48:04 GMT Roślinka wyrosła na null
18 Jan 2025 21:48:04 GMT Roślinka wyrosła na null
18 Jan 2025 21:48:04 GMT Roślinka wyrosła na null
18 Jan 2025 21:48:04 GMT Roślinka wyrosła na null
18 Jan 2025 21:48:05 GMT Roślinka wyrosła na null
