18 Jan 2025 22:11:03 GMT Zwierze zostało położone na (9, 8)
18 Jan 2025 22:11:03 GMT Zwierze zostało położone na (8, 3)
18 Jan 2025 22:11:03 GMT Zwierze zostało położone na (3, 5)
18 Jan 2025 22:11:03 GMT Zwierze zostało położone na (7, 1)
18 Jan 2025 22:11:03 GMT Zwierze zostało położone na (9, 4)
18 Jan 2025 22:11:03 GMT Zwierze zostało położone na (3, 5)
18 Jan 2025 22:11:03 GMT Zwierze zostało położone na (6, 9)
18 Jan 2025 22:11:03 GMT Zwierze zostało położone na (8, 1)
18 Jan 2025 22:11:03 GMT Zwierze zostało położone na (2, 6)
18 Jan 2025 22:11:04 GMT Zwierze zostało położone na (3, 0)
18 Jan 2025 22:11:04 GMT Długość listy pozycji: 9
Lista pozycji zwierząt: {(3, 5)=[◤, ◤], (6, 9)=[◥], (2, 6)=[◢], (8, 1)=[v], (7, 1)=[◤], (9, 4)=[◢], (8, 3)=[◢], (3, 0)=[◣], (9, 7)=[v]}
18 Jan 2025 22:11:04 GMT Zwierzę poruszyło się z (9, 8) na (9, 7)
18 Jan 2025 22:11:04 GMT Długość listy pozycji: 9
Lista pozycji zwierząt: {(3, 5)=[◤, ◤], (6, 9)=[◥], (2, 6)=[◢], (8, 1)=[v], (7, 1)=[◤], (9, 4)=[◢], (7, 3)=[<], (3, 0)=[◣], (9, 7)=[v]}
18 Jan 2025 22:11:04 GMT Zwierzę poruszyło się z (8, 3) na (7, 3)
18 Jan 2025 22:11:04 GMT Długość listy pozycji: 10
Lista pozycji zwierząt: {(3, 5)=[◤], (2, 5)=[<], (6, 9)=[◥], (2, 6)=[◢], (8, 1)=[v], (7, 1)=[◤], (9, 4)=[◢], (7, 3)=[<], (3, 0)=[◣], (9, 7)=[v]}
18 Jan 2025 22:11:04 GMT Zwierzę poruszyło się z (3, 5) na (2, 5)
18 Jan 2025 22:11:04 GMT Długość listy pozycji: 10
Lista pozycji zwierząt: {(3, 5)=[◤], (2, 5)=[<], (6, 9)=[◥], (2, 6)=[◢], (8, 1)=[v], (6, 1)=[<], (9, 4)=[◢], (7, 3)=[<], (3, 0)=[◣], (9, 7)=[v]}
18 Jan 2025 22:11:04 GMT Zwierzę poruszyło się z (7, 1) na (6, 1)
18 Jan 2025 22:11:04 GMT Długość listy pozycji: 10
Lista pozycji zwierząt: {(3, 5)=[◤], (2, 5)=[<], (6, 9)=[◥], (2, 6)=[◢], (8, 1)=[v], (6, 1)=[<], (8, 4)=[<], (7, 3)=[<], (3, 0)=[◣], (9, 7)=[v]}
18 Jan 2025 22:11:04 GMT Zwierzę poruszyło się z (9, 4) na (8, 4)
18 Jan 2025 22:11:04 GMT Długość listy pozycji: 9
Lista pozycji zwierząt: {(2, 5)=[<, <], (6, 9)=[◥], (2, 6)=[◢], (8, 1)=[v], (6, 1)=[<], (8, 4)=[<], (7, 3)=[<], (3, 0)=[◣], (9, 7)=[v]}
18 Jan 2025 22:11:04 GMT Zwierzę poruszyło się z (3, 5) na (2, 5)
18 Jan 2025 22:11:04 GMT Długość listy pozycji: 9
Lista pozycji zwierząt: {(7, 9)=[>], (2, 5)=[<, <], (2, 6)=[◢], (8, 1)=[v], (6, 1)=[<], (8, 4)=[<], (7, 3)=[<], (3, 0)=[◣], (9, 7)=[v]}
18 Jan 2025 22:11:04 GMT Zwierzę poruszyło się z (6, 9) na (7, 9)
18 Jan 2025 22:11:04 GMT Długość listy pozycji: 9
Lista pozycji zwierząt: {(7, 9)=[>], (2, 5)=[<, <], (2, 6)=[◢], (8, 2)=[^], (6, 1)=[<], (8, 4)=[<], (7, 3)=[<], (3, 0)=[◣], (9, 7)=[v]}
18 Jan 2025 22:11:04 GMT Zwierzę poruszyło się z (8, 1) na (8, 2)
18 Jan 2025 22:11:04 GMT Długość listy pozycji: 9
Lista pozycji zwierząt: {(7, 9)=[>], (2, 5)=[<, <], (1, 6)=[<], (8, 2)=[^], (6, 1)=[<], (8, 4)=[<], (7, 3)=[<], (3, 0)=[◣], (9, 7)=[v]}
18 Jan 2025 22:11:04 GMT Zwierzę poruszyło się z (2, 6) na (1, 6)
18 Jan 2025 22:11:05 GMT Długość listy pozycji: 9
Lista pozycji zwierząt: {(7, 9)=[>], (2, 5)=[<, <], (1, 6)=[<], (8, 2)=[^], (6, 1)=[<], (4, 0)=[>], (8, 4)=[<], (7, 3)=[<], (9, 7)=[v]}
18 Jan 2025 22:11:05 GMT Zwierzę poruszyło się z (3, 0) na (4, 0)
18 Jan 2025 22:11:05 GMT Zwierzę zjadło roślinkę na (1, 6)
18 Jan 2025 22:11:05 GMT Zwierze zostało położone na (2, 5)
18 Jan 2025 22:11:05 GMT Urodziło się nowe zwierzę na (2, 5)
18 Jan 2025 22:11:05 GMT Roślinka wyrosła na (3, 5)
18 Jan 2025 22:11:05 GMT Roślinka wyrosła na (8, 5)
18 Jan 2025 22:11:05 GMT Roślinka wyrosła na (2, 6)
18 Jan 2025 22:11:05 GMT Roślinka wyrosła na (6, 6)
18 Jan 2025 22:11:05 GMT Roślinka wyrosła na (4, 6)
18 Jan 2025 22:11:05 GMT Roślinka wyrosła na (7, 6)
18 Jan 2025 22:11:05 GMT Roślinka wyrosła na (1, 7)
18 Jan 2025 22:11:05 GMT Roślinka wyrosła na (5, 0)
18 Jan 2025 22:11:05 GMT Roślinka wyrosła na (0, 6)
18 Jan 2025 22:11:05 GMT Roślinka wyrosła na (9, 5)
18 Jan 2025 22:11:05 GMT Zwierzę umarło na (2, 5)
18 Jan 2025 22:11:05 GMT Długość listy pozycji: 9
Lista pozycji zwierząt: {(8, 7)=[<], (7, 9)=[>], (2, 5)=[v, <], (1, 6)=[<], (8, 2)=[^], (6, 1)=[<], (4, 0)=[>], (8, 4)=[<], (7, 3)=[<]}
18 Jan 2025 22:11:05 GMT Zwierzę poruszyło się z (9, 7) na (8, 7)
18 Jan 2025 22:11:05 GMT Długość listy pozycji: 8
Lista pozycji zwierząt: {(8, 7)=[<], (7, 9)=[>], (2, 5)=[v, <], (1, 6)=[<], (8, 2)=[^], (6, 1)=[<], (4, 0)=[>], (8, 4)=[<, ◥]}
18 Jan 2025 22:11:05 GMT Zwierzę poruszyło się z (7, 3) na (8, 4)
18 Jan 2025 22:11:05 GMT Długość listy pozycji: 8
Lista pozycji zwierząt: {(8, 7)=[<], (7, 9)=[>], (2, 5)=[v, <], (1, 6)=[<], (8, 2)=[^], (5, 0)=[◣], (4, 0)=[>], (8, 4)=[<, ◥]}
18 Jan 2025 22:11:05 GMT Zwierzę poruszyło się z (6, 1) na (5, 0)
18 Jan 2025 22:11:06 GMT Długość listy pozycji: 9
Lista pozycji zwierząt: {(8, 7)=[<], (7, 9)=[>], (2, 5)=[v, <], (1, 6)=[<], (8, 2)=[^], (5, 0)=[◣], (9, 5)=[◥], (4, 0)=[>], (8, 4)=[◥]}
18 Jan 2025 22:11:06 GMT Zwierzę poruszyło się z (8, 4) na (9, 5)
18 Jan 2025 22:11:06 GMT Długość listy pozycji: 10
Lista pozycji zwierząt: {(8, 7)=[<], (7, 9)=[>], (1, 4)=[◣], (2, 5)=[v], (1, 6)=[<], (8, 2)=[^], (5, 0)=[◣], (9, 5)=[◥], (4, 0)=[>], (8, 4)=[◥]}
18 Jan 2025 22:11:06 GMT Zwierzę poruszyło się z (2, 5) na (1, 4)
18 Jan 2025 22:11:06 GMT Długość listy pozycji: 10
Lista pozycji zwierząt: {(8, 7)=[<], (8, 8)=[◢], (1, 4)=[◣], (2, 5)=[v], (1, 6)=[<], (8, 2)=[^], (5, 0)=[◣], (9, 5)=[◥], (4, 0)=[>], (8, 4)=[◥]}
18 Jan 2025 22:11:06 GMT Zwierzę poruszyło się z (7, 9) na (8, 8)
18 Jan 2025 22:11:06 GMT Długość listy pozycji: 10
Lista pozycji zwierząt: {(8, 7)=[<], (8, 8)=[◢], (1, 4)=[◣], (2, 5)=[v], (1, 6)=[<], (8, 1)=[v], (5, 0)=[◣], (9, 5)=[◥], (4, 0)=[>], (8, 4)=[◥]}
18 Jan 2025 22:11:06 GMT Zwierzę poruszyło się z (8, 2) na (8, 1)
18 Jan 2025 22:11:06 GMT Długość listy pozycji: 10
Lista pozycji zwierząt: {(8, 7)=[<], (8, 8)=[◢], (1, 4)=[◣], (2, 5)=[v], (2, 7)=[◥], (8, 1)=[v], (5, 0)=[◣], (9, 5)=[◥], (4, 0)=[>], (8, 4)=[◥]}
18 Jan 2025 22:11:06 GMT Zwierzę poruszyło się z (1, 6) na (2, 7)
18 Jan 2025 22:11:06 GMT Długość listy pozycji: 10
Lista pozycji zwierząt: {(8, 7)=[<], (8, 8)=[◢], (1, 4)=[◣], (2, 5)=[v], (2, 7)=[◥], (8, 1)=[v], (5, 0)=[◣], (9, 5)=[◥], (8, 4)=[◥], (3, 1)=[◤]}
18 Jan 2025 22:11:06 GMT Zwierzę poruszyło się z (4, 0) na (3, 1)
18 Jan 2025 22:11:06 GMT Zwierzę zjadło roślinkę na (5, 0)
18 Jan 2025 22:11:06 GMT Zwierzę zjadło roślinkę na (9, 5)
18 Jan 2025 22:11:06 GMT Roślinka wyrosła na (4, 5)
18 Jan 2025 22:11:06 GMT Roślinka wyrosła na (5, 5)
18 Jan 2025 22:11:06 GMT Roślinka wyrosła na (2, 5)
18 Jan 2025 22:11:06 GMT Roślinka wyrosła na (1, 5)
18 Jan 2025 22:11:06 GMT Roślinka wyrosła na (7, 8)
18 Jan 2025 22:11:06 GMT Roślinka wyrosła na (9, 7)
18 Jan 2025 22:11:06 GMT Roślinka wyrosła na (7, 2)
18 Jan 2025 22:11:06 GMT Roślinka wyrosła na (0, 7)
18 Jan 2025 22:11:06 GMT Roślinka wyrosła na (5, 9)
18 Jan 2025 22:11:06 GMT Roślinka wyrosła na (7, 1)
18 Jan 2025 22:11:07 GMT Długość listy pozycji: 9
Lista pozycji zwierząt: {(8, 8)=[◢, ^], (1, 4)=[◣], (2, 5)=[v], (2, 7)=[◥], (8, 1)=[v], (5, 0)=[◣], (9, 5)=[◥], (8, 4)=[◥], (3, 1)=[◤]}
18 Jan 2025 22:11:07 GMT Zwierzę poruszyło się z (8, 7) na (8, 8)
18 Jan 2025 22:11:07 GMT Długość listy pozycji: 9
Lista pozycji zwierząt: {(8, 8)=[◢, ^], (1, 4)=[◣], (2, 5)=[v], (2, 7)=[◥], (8, 1)=[v], (8, 3)=[v], (5, 0)=[◣], (9, 5)=[◥], (3, 1)=[◤]}
18 Jan 2025 22:11:07 GMT Zwierzę poruszyło się z (8, 4) na (8, 3)
18 Jan 2025 22:11:07 GMT Długość listy pozycji: 9
Lista pozycji zwierząt: {(8, 8)=[◢, ^], (1, 4)=[◣], (2, 5)=[v], (2, 7)=[◥], (8, 1)=[v], (8, 3)=[v], (5, 0)=[^], (9, 5)=[◥], (3, 1)=[◤]}
18 Jan 2025 22:11:07 GMT Zwierzę poruszyło się z (5, 0) na (5, 0)
18 Jan 2025 22:11:07 GMT Długość listy pozycji: 9
Lista pozycji zwierząt: {(8, 8)=[◢, ^], (1, 4)=[◣], (2, 5)=[v], (2, 7)=[◥], (8, 1)=[v], (9, 4)=[v], (8, 3)=[v], (5, 0)=[^], (3, 1)=[◤]}
18 Jan 2025 22:11:07 GMT Zwierzę poruszyło się z (9, 5) na (9, 4)
18 Jan 2025 22:11:07 GMT Długość listy pozycji: 9
Lista pozycji zwierząt: {(8, 8)=[◢, ^], (1, 3)=[v], (2, 5)=[v], (2, 7)=[◥], (8, 1)=[v], (9, 4)=[v], (8, 3)=[v], (5, 0)=[^], (3, 1)=[◤]}
18 Jan 2025 22:11:07 GMT Zwierzę poruszyło się z (1, 4) na (1, 3)
18 Jan 2025 22:11:07 GMT Długość listy pozycji: 10
Lista pozycji zwierząt: {(8, 7)=[v], (8, 8)=[^], (1, 3)=[v], (2, 5)=[v], (2, 7)=[◥], (8, 1)=[v], (9, 4)=[v], (8, 3)=[v], (5, 0)=[^], (3, 1)=[◤]}
18 Jan 2025 22:11:07 GMT Zwierzę poruszyło się z (8, 8) na (8, 7)
18 Jan 2025 22:11:07 GMT Długość listy pozycji: 10
Lista pozycji zwierząt: {(8, 7)=[v], (8, 8)=[^], (1, 3)=[v], (2, 5)=[v], (2, 7)=[◥], (8, 2)=[^], (9, 4)=[v], (8, 3)=[v], (5, 0)=[^], (3, 1)=[◤]}
18 Jan 2025 22:11:07 GMT Zwierzę poruszyło się z (8, 1) na (8, 2)
18 Jan 2025 22:11:07 GMT Długość listy pozycji: 10
Lista pozycji zwierząt: {(8, 7)=[v], (8, 8)=[^], (1, 3)=[v], (2, 5)=[v], (2, 6)=[v], (8, 2)=[^], (9, 4)=[v], (8, 3)=[v], (5, 0)=[^], (3, 1)=[◤]}
18 Jan 2025 22:11:07 GMT Zwierzę poruszyło się z (2, 7) na (2, 6)
18 Jan 2025 22:11:07 GMT Długość listy pozycji: 10
Lista pozycji zwierząt: {(8, 7)=[v], (8, 8)=[^], (1, 3)=[v], (2, 5)=[v], (2, 6)=[v], (8, 2)=[^], (9, 4)=[v], (8, 3)=[v], (5, 0)=[^], (3, 0)=[v]}
18 Jan 2025 22:11:07 GMT Zwierzę poruszyło się z (3, 1) na (3, 0)
18 Jan 2025 22:11:08 GMT Zwierzę zjadło roślinkę na (2, 5)
18 Jan 2025 22:11:08 GMT Zwierzę zjadło roślinkę na (2, 6)
18 Jan 2025 22:11:08 GMT Roślinka wyrosła na (0, 0)
18 Jan 2025 22:11:08 GMT Roślinka wyrosła na (8, 8)
18 Jan 2025 22:11:08 GMT Roślinka wyrosła na (5, 3)
18 Jan 2025 22:11:08 GMT Roślinka wyrosła na (0, 3)
18 Jan 2025 22:11:08 GMT Roślinka wyrosła na (5, 7)
18 Jan 2025 22:11:08 GMT Roślinka wyrosła na (0, 2)
18 Jan 2025 22:11:08 GMT Roślinka wyrosła na (8, 0)
18 Jan 2025 22:11:08 GMT Roślinka wyrosła na (0, 4)
18 Jan 2025 22:11:08 GMT Roślinka wyrosła na (4, 1)
18 Jan 2025 22:11:08 GMT Roślinka wyrosła na (5, 4)
18 Jan 2025 22:11:08 GMT Długość listy pozycji: 10
Lista pozycji zwierząt: {(9, 8)=[>], (8, 7)=[v], (1, 3)=[v], (2, 5)=[v], (2, 6)=[v], (8, 2)=[^], (9, 4)=[v], (8, 3)=[v], (5, 0)=[^], (3, 0)=[v]}
18 Jan 2025 22:11:08 GMT Zwierzę poruszyło się z (8, 8) na (9, 8)
18 Jan 2025 22:11:08 GMT Długość listy pozycji: 10
Lista pozycji zwierząt: {(9, 8)=[>], (8, 7)=[v], (1, 3)=[v], (2, 5)=[v], (2, 6)=[v], (8, 2)=[^], (9, 4)=[v], (5, 0)=[^], (7, 4)=[◤], (3, 0)=[v]}
18 Jan 2025 22:11:08 GMT Zwierzę poruszyło się z (8, 3) na (7, 4)
18 Jan 2025 22:11:08 GMT Długość listy pozycji: 10
Lista pozycji zwierząt: {(9, 8)=[>], (8, 7)=[v], (1, 3)=[v], (2, 5)=[v], (2, 6)=[v], (8, 2)=[^], (9, 4)=[v], (4, 1)=[◤], (7, 4)=[◤], (3, 0)=[v]}
18 Jan 2025 22:11:08 GMT Zwierzę poruszyło się z (5, 0) na (4, 1)
18 Jan 2025 22:11:08 GMT Długość listy pozycji: 10
Lista pozycji zwierząt: {(9, 8)=[>], (8, 7)=[v], (1, 3)=[v], (2, 5)=[v], (2, 6)=[v], (8, 2)=[^], (8, 5)=[◤], (4, 1)=[◤], (7, 4)=[◤], (3, 0)=[v]}
18 Jan 2025 22:11:08 GMT Zwierzę poruszyło się z (9, 4) na (8, 5)
18 Jan 2025 22:11:08 GMT Długość listy pozycji: 10
Lista pozycji zwierząt: {(9, 8)=[>], (8, 7)=[v], (2, 2)=[◢], (2, 5)=[v], (2, 6)=[v], (8, 2)=[^], (8, 5)=[◤], (4, 1)=[◤], (7, 4)=[◤], (3, 0)=[v]}
18 Jan 2025 22:11:08 GMT Zwierzę poruszyło się z (1, 3) na (2, 2)
18 Jan 2025 22:11:09 GMT Długość listy pozycji: 10
Lista pozycji zwierząt: {(7, 6)=[◣], (9, 8)=[>], (2, 2)=[◢], (2, 5)=[v], (2, 6)=[v], (8, 2)=[^], (8, 5)=[◤], (4, 1)=[◤], (7, 4)=[◤], (3, 0)=[v]}
18 Jan 2025 22:11:09 GMT Zwierzę poruszyło się z (8, 7) na (7, 6)
18 Jan 2025 22:11:09 GMT Długość listy pozycji: 10
Lista pozycji zwierząt: {(7, 6)=[◣], (9, 8)=[>], (2, 2)=[◢], (2, 5)=[v], (2, 6)=[v], (8, 1)=[v], (8, 5)=[◤], (4, 1)=[◤], (7, 4)=[◤], (3, 0)=[v]}
18 Jan 2025 22:11:09 GMT Zwierzę poruszyło się z (8, 2) na (8, 1)
18 Jan 2025 22:11:09 GMT Długość listy pozycji: 10
Lista pozycji zwierząt: {(7, 6)=[◣], (9, 8)=[>], (2, 2)=[◢], (2, 5)=[v], (1, 7)=[◤], (8, 1)=[v], (8, 5)=[◤], (4, 1)=[◤], (7, 4)=[◤], (3, 0)=[v]}
18 Jan 2025 22:11:09 GMT Zwierzę poruszyło się z (2, 6) na (1, 7)
18 Jan 2025 22:11:09 GMT Długość listy pozycji: 9
Lista pozycji zwierząt: {(7, 6)=[◣], (9, 8)=[>], (2, 2)=[◢], (2, 5)=[v], (1, 7)=[◤], (8, 1)=[v], (8, 5)=[◤], (4, 1)=[◤, ◥], (7, 4)=[◤]}
18 Jan 2025 22:11:09 GMT Zwierzę poruszyło się z (3, 0) na (4, 1)
18 Jan 2025 22:11:09 GMT Zwierzę zjadło roślinkę na (7, 6)
18 Jan 2025 22:11:09 GMT Zwierzę zjadło roślinkę na (1, 7)
18 Jan 2025 22:11:09 GMT Zwierzę zjadło roślinkę na (8, 5)
18 Jan 2025 22:11:09 GMT Zwierzę zjadło roślinkę na (4, 1)
18 Jan 2025 22:11:09 GMT Zwierze zostało położone na (4, 1)
18 Jan 2025 22:11:09 GMT Urodziło się nowe zwierzę na (4, 1)
18 Jan 2025 22:11:09 GMT Roślinka wyrosła na (4, 2)
18 Jan 2025 22:11:09 GMT Roślinka wyrosła na (0, 9)
18 Jan 2025 22:11:09 GMT Roślinka wyrosła na (0, 8)
18 Jan 2025 22:11:09 GMT Roślinka wyrosła na (0, 1)
18 Jan 2025 22:11:09 GMT Roślinka wyrosła na (5, 1)
18 Jan 2025 22:11:09 GMT Roślinka wyrosła na (8, 4)
18 Jan 2025 22:11:09 GMT Roślinka wyrosła na (9, 0)
18 Jan 2025 22:11:09 GMT Roślinka wyrosła na (9, 3)
18 Jan 2025 22:11:09 GMT Roślinka wyrosła na (1, 4)
18 Jan 2025 22:11:09 GMT Roślinka wyrosła na (4, 7)
18 Jan 2025 22:11:09 GMT Długość listy pozycji: 9
Lista pozycji zwierząt: {(7, 6)=[◣], (2, 2)=[◢], (2, 5)=[v], (1, 7)=[◤], (8, 1)=[v], (8, 5)=[◤], (4, 1)=[<, ◤, ◥], (7, 4)=[◤], (9, 7)=[v]}
18 Jan 2025 22:11:09 GMT Zwierzę poruszyło się z (9, 8) na (9, 7)
18 Jan 2025 22:11:10 GMT Długość listy pozycji: 9
Lista pozycji zwierząt: {(7, 6)=[◣], (2, 2)=[◢], (2, 5)=[v], (1, 7)=[◤], (8, 1)=[v], (8, 4)=[>], (8, 5)=[◤], (4, 1)=[<, ◤, ◥], (9, 7)=[v]}
18 Jan 2025 22:11:10 GMT Zwierzę poruszyło się z (7, 4) na (8, 4)
18 Jan 2025 22:11:10 GMT Długość listy pozycji: 10
Lista pozycji zwierząt: {(7, 6)=[◣], (2, 2)=[◢], (2, 5)=[v], (1, 7)=[◤], (8, 1)=[v], (8, 4)=[>], (8, 5)=[◤], (4, 1)=[<, ◥], (3, 1)=[<], (9, 7)=[v]}
18 Jan 2025 22:11:10 GMT Zwierzę poruszyło się z (4, 1) na (3, 1)
18 Jan 2025 22:11:10 GMT Długość listy pozycji: 10
Lista pozycji zwierząt: {(7, 6)=[◣], (2, 2)=[◢], (2, 5)=[v], (1, 7)=[◤], (8, 1)=[v], (9, 5)=[>], (8, 4)=[>], (4, 1)=[<, ◥], (3, 1)=[<], (9, 7)=[v]}
18 Jan 2025 22:11:10 GMT Zwierzę poruszyło się z (8, 5) na (9, 5)
18 Jan 2025 22:11:10 GMT Długość listy pozycji: 10
Lista pozycji zwierząt: {(3, 2)=[>], (7, 6)=[◣], (2, 5)=[v], (1, 7)=[◤], (8, 1)=[v], (9, 5)=[>], (8, 4)=[>], (4, 1)=[<, ◥], (3, 1)=[<], (9, 7)=[v]}
18 Jan 2025 22:11:10 GMT Zwierzę poruszyło się z (2, 2) na (3, 2)
18 Jan 2025 22:11:10 GMT Długość listy pozycji: 10
Lista pozycji zwierząt: {(3, 2)=[>], (6, 6)=[<], (2, 5)=[v], (1, 7)=[◤], (8, 1)=[v], (9, 5)=[>], (8, 4)=[>], (4, 1)=[<, ◥], (3, 1)=[<], (9, 7)=[v]}
18 Jan 2025 22:11:10 GMT Zwierzę poruszyło się z (7, 6) na (6, 6)
18 Jan 2025 22:11:10 GMT Długość listy pozycji: 10
Lista pozycji zwierząt: {(3, 2)=[>], (6, 6)=[<], (2, 5)=[v], (1, 7)=[◤], (8, 2)=[^], (9, 5)=[>], (8, 4)=[>], (4, 1)=[<, ◥], (3, 1)=[<], (9, 7)=[v]}
18 Jan 2025 22:11:10 GMT Zwierzę poruszyło się z (8, 1) na (8, 2)
18 Jan 2025 22:11:10 GMT Długość listy pozycji: 10
Lista pozycji zwierząt: {(3, 2)=[>], (6, 6)=[<], (2, 5)=[v], (2, 7)=[>], (8, 2)=[^], (9, 5)=[>], (8, 4)=[>], (4, 1)=[<, ◥], (3, 1)=[<], (9, 7)=[v]}
18 Jan 2025 22:11:10 GMT Zwierzę poruszyło się z (1, 7) na (2, 7)
18 Jan 2025 22:11:10 GMT Długość listy pozycji: 10
Lista pozycji zwierząt: {(3, 2)=[>], (6, 6)=[<], (2, 5)=[v], (2, 7)=[>], (8, 2)=[^], (9, 5)=[>], (8, 4)=[>], (4, 1)=[<], (3, 1)=[<, <], (9, 7)=[v]}
18 Jan 2025 22:11:10 GMT Zwierzę poruszyło się z (4, 1) na (3, 1)
18 Jan 2025 22:11:10 GMT Zwierzę zjadło roślinkę na (6, 6)
18 Jan 2025 22:11:10 GMT Zwierzę zjadło roślinkę na (8, 4)
18 Jan 2025 22:11:10 GMT Zwierzę zjadło roślinkę na (9, 7)
18 Jan 2025 22:11:11 GMT Zwierze zostało położone na (3, 1)
18 Jan 2025 22:11:11 GMT Urodziło się nowe zwierzę na (3, 1)
18 Jan 2025 22:11:11 GMT Roślinka wyrosła na (8, 9)
18 Jan 2025 22:11:11 GMT Roślinka wyrosła na (2, 7)
18 Jan 2025 22:11:11 GMT Roślinka wyrosła na (3, 2)
18 Jan 2025 22:11:11 GMT Roślinka wyrosła na (2, 8)
18 Jan 2025 22:11:11 GMT Roślinka wyrosła na (8, 2)
18 Jan 2025 22:11:11 GMT Roślinka wyrosła na (1, 3)
18 Jan 2025 22:11:11 GMT Roślinka wyrosła na (4, 0)
18 Jan 2025 22:11:11 GMT Roślinka wyrosła na (3, 3)
18 Jan 2025 22:11:11 GMT Roślinka wyrosła na (9, 2)
18 Jan 2025 22:11:11 GMT Roślinka wyrosła na (4, 9)
18 Jan 2025 22:11:11 GMT Zwierzę umarło na (3, 1)
18 Jan 2025 22:11:11 GMT Długość listy pozycji: 10
Lista pozycji zwierząt: {(8, 7)=[<], (3, 2)=[>], (6, 6)=[<], (2, 5)=[v], (2, 7)=[>], (8, 2)=[^], (9, 5)=[>], (8, 4)=[>], (4, 1)=[<], (3, 1)=[>, <]}
18 Jan 2025 22:11:11 GMT Zwierzę poruszyło się z (9, 7) na (8, 7)
18 Jan 2025 22:11:11 GMT Długość listy pozycji: 10
Lista pozycji zwierząt: {(8, 7)=[<], (3, 2)=[>], (6, 6)=[<], (2, 5)=[v], (2, 7)=[>], (8, 2)=[^], (7, 3)=[◣], (9, 5)=[>], (4, 1)=[<], (3, 1)=[>, <]}
18 Jan 2025 22:11:11 GMT Zwierzę poruszyło się z (8, 4) na (7, 3)
18 Jan 2025 22:11:11 GMT Długość listy pozycji: 10
Lista pozycji zwierząt: {(8, 7)=[<], (3, 2)=[>], (6, 6)=[<], (2, 5)=[v], (2, 7)=[>], (8, 2)=[^], (8, 4)=[◣], (7, 3)=[◣], (4, 1)=[<], (3, 1)=[>, <]}
18 Jan 2025 22:11:11 GMT Zwierzę poruszyło się z (9, 5) na (8, 4)
18 Jan 2025 22:11:11 GMT Długość listy pozycji: 10
Lista pozycji zwierząt: {(4, 3)=[◥], (8, 7)=[<], (6, 6)=[<], (2, 5)=[v], (2, 7)=[>], (8, 2)=[^], (8, 4)=[◣], (7, 3)=[◣], (4, 1)=[<], (3, 1)=[>, <]}
18 Jan 2025 22:11:11 GMT Zwierzę poruszyło się z (3, 2) na (4, 3)
18 Jan 2025 22:11:11 GMT Długość listy pozycji: 10
Lista pozycji zwierząt: {(4, 3)=[◥], (8, 7)=[<], (5, 7)=[◤], (2, 5)=[v], (2, 7)=[>], (8, 2)=[^], (8, 4)=[◣], (7, 3)=[◣], (4, 1)=[<], (3, 1)=[>, <]}
18 Jan 2025 22:11:11 GMT Zwierzę poruszyło się z (6, 6) na (5, 7)
18 Jan 2025 22:11:12 GMT Długość listy pozycji: 10
Lista pozycji zwierząt: {(4, 3)=[◥], (8, 7)=[<], (5, 7)=[◤], (2, 5)=[v], (2, 7)=[>], (8, 1)=[v], (8, 4)=[◣], (7, 3)=[◣], (4, 1)=[<], (3, 1)=[>, <]}
18 Jan 2025 22:11:12 GMT Zwierzę poruszyło się z (8, 2) na (8, 1)
18 Jan 2025 22:11:12 GMT Długość listy pozycji: 10
Lista pozycji zwierząt: {(4, 3)=[◥], (8, 7)=[<], (5, 7)=[◤], (2, 5)=[v], (1, 6)=[◣], (8, 1)=[v], (8, 4)=[◣], (7, 3)=[◣], (4, 1)=[<], (3, 1)=[>, <]}
18 Jan 2025 22:11:12 GMT Zwierzę poruszyło się z (2, 7) na (1, 6)
18 Jan 2025 22:11:12 GMT Długość listy pozycji: 11
Lista pozycji zwierząt: {(4, 3)=[◥], (8, 7)=[<], (5, 7)=[◤], (2, 5)=[v], (1, 6)=[◣], (8, 1)=[v], (4, 0)=[◢], (8, 4)=[◣], (7, 3)=[◣], (4, 1)=[<], (3, 1)=[>]}
18 Jan 2025 22:11:12 GMT Zwierzę poruszyło się z (3, 1) na (4, 0)
18 Jan 2025 22:11:12 GMT Zwierzę zjadło roślinkę na (4, 3)
18 Jan 2025 22:11:12 GMT Zwierzę zjadło roślinkę na (5, 7)
18 Jan 2025 22:11:12 GMT Zwierzę zjadło roślinkę na (4, 0)
18 Jan 2025 22:11:12 GMT Roślinka wyrosła na (6, 8)
18 Jan 2025 22:11:12 GMT Roślinka wyrosła na (6, 2)
18 Jan 2025 22:11:12 GMT Roślinka wyrosła na (2, 4)
18 Jan 2025 22:11:12 GMT Roślinka wyrosła na (3, 7)
18 Jan 2025 22:11:12 GMT Roślinka wyrosła na (3, 4)
18 Jan 2025 22:11:12 GMT Roślinka wyrosła na (7, 7)
18 Jan 2025 22:11:12 GMT Roślinka wyrosła na (7, 4)
18 Jan 2025 22:11:12 GMT Roślinka wyrosła na (1, 1)
18 Jan 2025 22:11:12 GMT Roślinka wyrosła na (9, 4)
18 Jan 2025 22:11:12 GMT Roślinka wyrosła na (3, 0)
18 Jan 2025 22:11:12 GMT Długość listy pozycji: 11
Lista pozycji zwierząt: {(4, 3)=[◥], (8, 8)=[^], (5, 7)=[◤], (2, 5)=[v], (1, 6)=[◣], (8, 1)=[v], (4, 0)=[◢], (8, 4)=[◣], (7, 3)=[◣], (4, 1)=[<], (3, 1)=[>]}
18 Jan 2025 22:11:12 GMT Zwierzę poruszyło się z (8, 7) na (8, 8)
18 Jan 2025 22:11:12 GMT Długość listy pozycji: 11
Lista pozycji zwierząt: {(4, 3)=[◥], (8, 8)=[^], (5, 7)=[◤], (2, 5)=[v], (1, 6)=[◣], (8, 1)=[v], (4, 0)=[◢], (8, 4)=[◣], (7, 4)=[^], (4, 1)=[<], (3, 1)=[>]}
18 Jan 2025 22:11:12 GMT Zwierzę poruszyło się z (7, 3) na (7, 4)
18 Jan 2025 22:11:13 GMT Długość listy pozycji: 11
Lista pozycji zwierząt: {(4, 3)=[◥], (8, 8)=[^], (5, 7)=[◤], (2, 5)=[v], (1, 6)=[◣], (8, 1)=[v], (4, 0)=[◢], (8, 5)=[^], (7, 4)=[^], (4, 1)=[<], (3, 1)=[>]}
18 Jan 2025 22:11:13 GMT Zwierzę poruszyło się z (8, 4) na (8, 5)
18 Jan 2025 22:11:13 GMT Długość listy pozycji: 11
Lista pozycji zwierząt: {(4, 4)=[^], (8, 8)=[^], (5, 7)=[◤], (2, 5)=[v], (1, 6)=[◣], (8, 1)=[v], (4, 0)=[◢], (8, 5)=[^], (7, 4)=[^], (4, 1)=[<], (3, 1)=[>]}
18 Jan 2025 22:11:13 GMT Zwierzę poruszyło się z (4, 3) na (4, 4)
18 Jan 2025 22:11:13 GMT Długość listy pozycji: 11
Lista pozycji zwierząt: {(4, 4)=[^], (8, 8)=[^], (5, 8)=[^], (2, 5)=[v], (1, 6)=[◣], (8, 1)=[v], (4, 0)=[◢], (8, 5)=[^], (7, 4)=[^], (4, 1)=[<], (3, 1)=[>]}
18 Jan 2025 22:11:13 GMT Zwierzę poruszyło się z (5, 7) na (5, 8)
18 Jan 2025 22:11:13 GMT Długość listy pozycji: 11
Lista pozycji zwierząt: {(4, 4)=[^], (8, 8)=[^], (5, 8)=[^], (2, 5)=[v], (1, 6)=[◣], (8, 2)=[^], (4, 0)=[◢], (8, 5)=[^], (7, 4)=[^], (4, 1)=[<], (3, 1)=[>]}
18 Jan 2025 22:11:13 GMT Zwierzę poruszyło się z (8, 1) na (8, 2)
18 Jan 2025 22:11:13 GMT Długość listy pozycji: 11
Lista pozycji zwierząt: {(4, 4)=[^], (8, 8)=[^], (5, 8)=[^], (2, 5)=[v], (1, 7)=[^], (8, 2)=[^], (4, 0)=[◢], (8, 5)=[^], (7, 4)=[^], (4, 1)=[<], (3, 1)=[>]}
18 Jan 2025 22:11:13 GMT Zwierzę poruszyło się z (1, 6) na (1, 7)
18 Jan 2025 22:11:13 GMT Długość listy pozycji: 10
Lista pozycji zwierząt: {(4, 4)=[^], (8, 8)=[^], (5, 8)=[^], (2, 5)=[v], (1, 7)=[^], (8, 2)=[^], (8, 5)=[^], (7, 4)=[^], (4, 1)=[<, ^], (3, 1)=[>]}
18 Jan 2025 22:11:13 GMT Zwierzę poruszyło się z (4, 0) na (4, 1)
18 Jan 2025 22:11:13 GMT Zwierzę zjadło roślinkę na (8, 8)
18 Jan 2025 22:11:13 GMT Zwierzę zjadło roślinkę na (8, 2)
18 Jan 2025 22:11:13 GMT Zwierzę zjadło roślinkę na (7, 4)
18 Jan 2025 22:11:13 GMT Zwierze zostało położone na (4, 1)
18 Jan 2025 22:11:13 GMT Urodziło się nowe zwierzę na (4, 1)
18 Jan 2025 22:11:13 GMT Roślinka wyrosła na (7, 9)
18 Jan 2025 22:11:13 GMT Roślinka wyrosła na (5, 8)
18 Jan 2025 22:11:13 GMT Roślinka wyrosła na (6, 4)
18 Jan 2025 22:11:13 GMT Roślinka wyrosła na (3, 8)
18 Jan 2025 22:11:13 GMT Roślinka wyrosła na (6, 1)
18 Jan 2025 22:11:13 GMT Roślinka wyrosła na (8, 3)
18 Jan 2025 22:11:13 GMT Roślinka wyrosła na (3, 1)
18 Jan 2025 22:11:13 GMT Roślinka wyrosła na (9, 1)
18 Jan 2025 22:11:13 GMT Roślinka wyrosła na (2, 9)
18 Jan 2025 22:11:13 GMT Roślinka wyrosła na (2, 1)
18 Jan 2025 22:11:14 GMT Długość listy pozycji: 10
Lista pozycji zwierząt: {(9, 8)=[>], (4, 4)=[^], (5, 8)=[^], (2, 5)=[v], (1, 7)=[^], (8, 2)=[^], (8, 5)=[^], (7, 4)=[^], (4, 1)=[^, <, ^], (3, 1)=[>]}
18 Jan 2025 22:11:14 GMT Zwierzę poruszyło się z (8, 8) na (9, 8)
18 Jan 2025 22:11:14 GMT Długość listy pozycji: 10
Lista pozycji zwierząt: {(9, 8)=[>], (4, 4)=[^], (5, 8)=[^], (2, 5)=[v], (1, 7)=[^], (8, 2)=[^], (8, 3)=[◢], (8, 5)=[^], (4, 1)=[^, <, ^], (3, 1)=[>]}
18 Jan 2025 22:11:14 GMT Zwierzę poruszyło się z (7, 4) na (8, 3)
18 Jan 2025 22:11:14 GMT Długość listy pozycji: 10
Lista pozycji zwierząt: {(9, 8)=[>], (4, 4)=[^], (5, 8)=[^], (2, 5)=[v], (1, 7)=[^], (8, 2)=[^], (9, 4)=[◢], (8, 3)=[◢], (4, 1)=[^, <, ^], (3, 1)=[>]}
18 Jan 2025 22:11:14 GMT Zwierzę poruszyło się z (8, 5) na (9, 4)
18 Jan 2025 22:11:14 GMT Długość listy pozycji: 10
Lista pozycji zwierząt: {(9, 8)=[>], (3, 5)=[◤], (5, 8)=[^], (2, 5)=[v], (1, 7)=[^], (8, 2)=[^], (9, 4)=[◢], (8, 3)=[◢], (4, 1)=[^, <, ^], (3, 1)=[>]}
18 Jan 2025 22:11:14 GMT Zwierzę poruszyło się z (4, 4) na (3, 5)
18 Jan 2025 22:11:14 GMT Długość listy pozycji: 10
Lista pozycji zwierząt: {(9, 8)=[>], (3, 5)=[◤], (6, 9)=[◥], (2, 5)=[v], (1, 7)=[^], (8, 2)=[^], (9, 4)=[◢], (8, 3)=[◢], (4, 1)=[^, <, ^], (3, 1)=[>]}
18 Jan 2025 22:11:14 GMT Zwierzę poruszyło się z (5, 8) na (6, 9)
18 Jan 2025 22:11:14 GMT Długość listy pozycji: 10
Lista pozycji zwierząt: {(9, 8)=[>], (3, 5)=[◤], (6, 9)=[◥], (2, 5)=[v], (1, 7)=[^], (8, 1)=[v], (9, 4)=[◢], (8, 3)=[◢], (4, 1)=[^, <, ^], (3, 1)=[>]}
18 Jan 2025 22:11:14 GMT Zwierzę poruszyło się z (8, 2) na (8, 1)
18 Jan 2025 22:11:14 GMT Długość listy pozycji: 10
Lista pozycji zwierząt: {(9, 8)=[>], (3, 5)=[◤], (6, 9)=[◥], (2, 5)=[v], (2, 6)=[◢], (8, 1)=[v], (9, 4)=[◢], (8, 3)=[◢], (4, 1)=[^, <, ^], (3, 1)=[>]}
18 Jan 2025 22:11:14 GMT Zwierzę poruszyło się z (1, 7) na (2, 6)
18 Jan 2025 22:11:14 GMT Długość listy pozycji: 11
Lista pozycji zwierząt: {(9, 8)=[>], (3, 5)=[◤], (6, 9)=[◥], (2, 5)=[v], (2, 6)=[◢], (8, 1)=[v], (9, 4)=[◢], (8, 3)=[◢], (3, 0)=[◣], (4, 1)=[^, <, ◣], (3, 1)=[>]}
18 Jan 2025 22:11:14 GMT Zwierzę poruszyło się z (4, 1) na (3, 0)
18 Jan 2025 22:11:15 GMT Zwierzę zjadło roślinkę na (3, 5)
18 Jan 2025 22:11:15 GMT Zwierzę zjadło roślinkę na (9, 4)
18 Jan 2025 22:11:15 GMT Zwierzę zjadło roślinkę na (8, 3)
18 Jan 2025 22:11:15 GMT Zwierzę zjadło roślinkę na (3, 0)
18 Jan 2025 22:11:15 GMT Zwierzę zjadło roślinkę na (3, 1)
18 Jan 2025 22:11:15 GMT Zwierze zostało położone na (4, 1)
18 Jan 2025 22:11:15 GMT Urodziło się nowe zwierzę na (4, 1)
18 Jan 2025 22:11:15 GMT Roślinka wyrosła na (6, 0)
18 Jan 2025 22:11:15 GMT Roślinka wyrosła na (4, 4)
18 Jan 2025 22:11:15 GMT Roślinka wyrosła na (2, 0)
18 Jan 2025 22:11:15 GMT Roślinka wyrosła na (2, 2)
18 Jan 2025 22:11:15 GMT Roślinka wyrosła na (8, 1)
18 Jan 2025 22:11:15 GMT Roślinka wyrosła na (9, 9)
18 Jan 2025 22:11:15 GMT Roślinka wyrosła na (1, 0)
18 Jan 2025 22:11:15 GMT Roślinka wyrosła na (2, 3)
18 Jan 2025 22:11:15 GMT Roślinka wyrosła na (4, 8)
18 Jan 2025 22:11:15 GMT Roślinka wyrosła na (1, 9)
18 Jan 2025 22:11:15 GMT Długość listy pozycji: 11
Lista pozycji zwierząt: {(3, 5)=[◤], (6, 9)=[◥], (2, 5)=[v], (2, 6)=[◢], (8, 1)=[v], (9, 4)=[◢], (8, 3)=[◢], (3, 0)=[◣], (4, 1)=[◣, ^, <, ◣], (9, 7)=[v], (3, 1)=[>]}
18 Jan 2025 22:11:15 GMT Zwierzę poruszyło się z (9, 8) na (9, 7)
18 Jan 2025 22:11:15 GMT Długość listy pozycji: 11
Lista pozycji zwierząt: {(3, 5)=[◤], (6, 9)=[◥], (2, 5)=[v], (2, 6)=[◢], (8, 1)=[v], (9, 4)=[◢], (7, 3)=[<], (3, 0)=[◣], (4, 1)=[◣, ^, <, ◣], (9, 7)=[v], (3, 1)=[>]}
18 Jan 2025 22:11:15 GMT Zwierzę poruszyło się z (8, 3) na (7, 3)
18 Jan 2025 22:11:15 GMT Długość listy pozycji: 11
Lista pozycji zwierząt: {(3, 5)=[◤], (6, 9)=[◥], (2, 5)=[v], (2, 6)=[◢], (8, 1)=[v], (8, 4)=[<], (7, 3)=[<], (3, 0)=[◣], (4, 1)=[◣, ^, <, ◣], (9, 7)=[v], (3, 1)=[>]}
18 Jan 2025 22:11:15 GMT Zwierzę poruszyło się z (9, 4) na (8, 4)
18 Jan 2025 22:11:15 GMT Długość listy pozycji: 10
Lista pozycji zwierząt: {(6, 9)=[◥], (2, 5)=[v, <], (2, 6)=[◢], (8, 1)=[v], (8, 4)=[<], (7, 3)=[<], (3, 0)=[◣], (4, 1)=[◣, ^, <, ◣], (9, 7)=[v], (3, 1)=[>]}
18 Jan 2025 22:11:15 GMT Zwierzę poruszyło się z (3, 5) na (2, 5)
18 Jan 2025 22:11:16 GMT Długość listy pozycji: 10
Lista pozycji zwierząt: {(7, 9)=[>], (2, 5)=[v, <], (2, 6)=[◢], (8, 1)=[v], (8, 4)=[<], (7, 3)=[<], (3, 0)=[◣], (4, 1)=[◣, ^, <, ◣], (9, 7)=[v], (3, 1)=[>]}
18 Jan 2025 22:11:16 GMT Zwierzę poruszyło się z (6, 9) na (7, 9)
18 Jan 2025 22:11:16 GMT Długość listy pozycji: 10
Lista pozycji zwierząt: {(7, 9)=[>], (2, 5)=[v, <], (2, 6)=[◢], (8, 2)=[^], (8, 4)=[<], (7, 3)=[<], (3, 0)=[◣], (4, 1)=[◣, ^, <, ◣], (9, 7)=[v], (3, 1)=[>]}
18 Jan 2025 22:11:16 GMT Zwierzę poruszyło się z (8, 1) na (8, 2)
18 Jan 2025 22:11:16 GMT Długość listy pozycji: 10
Lista pozycji zwierząt: {(7, 9)=[>], (2, 5)=[v, <], (1, 6)=[<], (8, 2)=[^], (8, 4)=[<], (7, 3)=[<], (3, 0)=[◣], (4, 1)=[◣, ^, <, ◣], (9, 7)=[v], (3, 1)=[>]}
18 Jan 2025 22:11:16 GMT Zwierzę poruszyło się z (2, 6) na (1, 6)
18 Jan 2025 22:11:16 GMT Długość listy pozycji: 10
Lista pozycji zwierząt: {(7, 9)=[>], (2, 5)=[v, <], (1, 6)=[<], (8, 2)=[^], (4, 0)=[>], (8, 4)=[<], (7, 3)=[<], (4, 1)=[◣, ^, <, >], (9, 7)=[v], (3, 1)=[>]}
18 Jan 2025 22:11:16 GMT Zwierzę poruszyło się z (3, 0) na (4, 0)
18 Jan 2025 22:11:17 GMT Zwierzę zjadło roślinkę na (7, 9)
18 Jan 2025 22:11:17 GMT Zwierze zostało położone na (2, 5)
18 Jan 2025 22:11:17 GMT Urodziło się nowe zwierzę na (2, 5)
18 Jan 2025 22:11:17 GMT Zwierze zostało położone na (4, 1)
18 Jan 2025 22:11:17 GMT Urodziło się nowe zwierzę na (4, 1)
18 Jan 2025 22:11:17 GMT Roślinka wyrosła na (9, 8)
18 Jan 2025 22:11:17 GMT Roślinka wyrosła na (7, 3)
18 Jan 2025 22:11:17 GMT Roślinka wyrosła na (7, 0)
18 Jan 2025 22:11:17 GMT Roślinka wyrosła na (3, 9)
18 Jan 2025 22:11:17 GMT Roślinka wyrosła na (8, 7)
18 Jan 2025 22:11:17 GMT Roślinka wyrosła na (5, 2)
18 Jan 2025 22:11:17 GMT Roślinka wyrosła na (1, 8)
18 Jan 2025 22:11:17 GMT Roślinka wyrosła na (6, 9)
18 Jan 2025 22:11:17 GMT Roślinka wyrosła na (6, 7)
18 Jan 2025 22:11:17 GMT Roślinka wyrosła na (6, 3)
18 Jan 2025 22:11:17 GMT Długość listy pozycji: 10
Lista pozycji zwierząt: {(8, 7)=[<], (7, 9)=[>], (2, 5)=[v, <, ◣], (1, 6)=[<], (8, 2)=[^], (4, 0)=[>], (8, 4)=[<], (7, 3)=[<], (4, 1)=[◥, ◣, ^, <, >], (3, 1)=[>]}
18 Jan 2025 22:11:17 GMT Zwierzę poruszyło się z (9, 7) na (8, 7)
18 Jan 2025 22:11:17 GMT Długość listy pozycji: 9
Lista pozycji zwierząt: {(8, 7)=[<], (7, 9)=[>], (2, 5)=[v, <, ◣], (1, 6)=[<], (8, 2)=[^], (4, 0)=[>], (8, 4)=[<, ◥], (4, 1)=[◥, ◣, ^, <, >], (3, 1)=[>]}
18 Jan 2025 22:11:17 GMT Zwierzę poruszyło się z (7, 3) na (8, 4)
18 Jan 2025 22:11:18 GMT Długość listy pozycji: 10
Lista pozycji zwierząt: {(8, 7)=[<], (7, 9)=[>], (2, 5)=[v, <, ◣], (1, 6)=[<], (8, 2)=[^], (9, 5)=[◥], (4, 0)=[>], (8, 4)=[◥], (4, 1)=[◥, ◣, ^, <, >], (3, 1)=[>]}
18 Jan 2025 22:11:18 GMT Zwierzę poruszyło się z (8, 4) na (9, 5)
18 Jan 2025 22:11:18 GMT Długość listy pozycji: 11
Lista pozycji zwierząt: {(8, 7)=[<], (7, 9)=[>], (1, 4)=[◣], (2, 5)=[v, ◣], (1, 6)=[<], (8, 2)=[^], (9, 5)=[◥], (4, 0)=[>], (8, 4)=[◥], (4, 1)=[◥, ◣, ^, <, >], (3, 1)=[>]}
18 Jan 2025 22:11:18 GMT Zwierzę poruszyło się z (2, 5) na (1, 4)
18 Jan 2025 22:11:18 GMT Długość listy pozycji: 11
Lista pozycji zwierząt: {(8, 7)=[<], (8, 8)=[◢], (1, 4)=[◣], (2, 5)=[v, ◣], (1, 6)=[<], (8, 2)=[^], (9, 5)=[◥], (4, 0)=[>], (8, 4)=[◥], (4, 1)=[◥, ◣, ^, <, >], (3, 1)=[>]}
18 Jan 2025 22:11:18 GMT Zwierzę poruszyło się z (7, 9) na (8, 8)
18 Jan 2025 22:11:18 GMT Długość listy pozycji: 11
Lista pozycji zwierząt: {(8, 7)=[<], (8, 8)=[◢], (1, 4)=[◣], (2, 5)=[v, ◣], (1, 6)=[<], (8, 1)=[v], (9, 5)=[◥], (4, 0)=[>], (8, 4)=[◥], (4, 1)=[◥, ◣, ^, <, >], (3, 1)=[>]}
18 Jan 2025 22:11:18 GMT Zwierzę poruszyło się z (8, 2) na (8, 1)
18 Jan 2025 22:11:18 GMT Długość listy pozycji: 11
Lista pozycji zwierząt: {(8, 7)=[<], (8, 8)=[◢], (1, 4)=[◣], (2, 5)=[v, ◣], (2, 7)=[◥], (8, 1)=[v], (9, 5)=[◥], (4, 0)=[>], (8, 4)=[◥], (4, 1)=[◥, ◣, ^, <, >], (3, 1)=[>]}
18 Jan 2025 22:11:18 GMT Zwierzę poruszyło się z (1, 6) na (2, 7)
18 Jan 2025 22:11:18 GMT Długość listy pozycji: 10
Lista pozycji zwierząt: {(8, 7)=[<], (8, 8)=[◢], (1, 4)=[◣], (2, 5)=[v, ◣], (2, 7)=[◥], (8, 1)=[v], (9, 5)=[◥], (8, 4)=[◥], (4, 1)=[◥, ◣, ^, <, ◤], (3, 1)=[>, ◤]}
18 Jan 2025 22:11:18 GMT Zwierzę poruszyło się z (4, 0) na (3, 1)
18 Jan 2025 22:11:18 GMT Zwierzę zjadło roślinkę na (8, 7)
18 Jan 2025 22:11:18 GMT Zwierzę zjadło roślinkę na (1, 4)
18 Jan 2025 22:11:18 GMT Zwierzę zjadło roślinkę na (2, 7)
18 Jan 2025 22:11:18 GMT Zwierzę zjadło roślinkę na (8, 1)
18 Jan 2025 22:11:18 GMT Zwierze zostało położone na (2, 5)
18 Jan 2025 22:11:18 GMT Urodziło się nowe zwierzę na (2, 5)
18 Jan 2025 22:11:18 GMT Zwierze zostało położone na (4, 1)
18 Jan 2025 22:11:18 GMT Urodziło się nowe zwierzę na (4, 1)
18 Jan 2025 22:11:19 GMT Zwierze zostało położone na (3, 1)
18 Jan 2025 22:11:19 GMT Urodziło się nowe zwierzę na (3, 1)
18 Jan 2025 22:11:19 GMT Roślinka wyrosła na null
18 Jan 2025 22:11:19 GMT Roślinka wyrosła na null
18 Jan 2025 22:11:19 GMT Roślinka wyrosła na null
18 Jan 2025 22:11:19 GMT Roślinka wyrosła na null
18 Jan 2025 22:11:19 GMT Roślinka wyrosła na null
18 Jan 2025 22:11:19 GMT Roślinka wyrosła na null
18 Jan 2025 22:11:19 GMT Roślinka wyrosła na null
18 Jan 2025 22:11:19 GMT Roślinka wyrosła na null
18 Jan 2025 22:11:19 GMT Roślinka wyrosła na null
18 Jan 2025 22:11:19 GMT Roślinka wyrosła na null
18 Jan 2025 22:11:19 GMT Długość listy pozycji: 9
Lista pozycji zwierząt: {(8, 8)=[◢, ^], (1, 4)=[◣], (2, 5)=[◣, ◣, v], (2, 7)=[◥], (8, 1)=[v], (9, 5)=[◥], (8, 4)=[◥], (4, 1)=[<, ◥, ◣, ^, <, ◤], (3, 1)=[>, ◤, ◣]}
18 Jan 2025 22:11:19 GMT Zwierzę poruszyło się z (8, 7) na (8, 8)
18 Jan 2025 22:11:19 GMT Długość listy pozycji: 9
Lista pozycji zwierząt: {(8, 8)=[◢, ^], (1, 4)=[◣], (2, 5)=[◣, ◣, v], (2, 7)=[◥], (8, 1)=[v], (8, 3)=[v], (9, 5)=[◥], (4, 1)=[<, ◥, ◣, ^, <, ◤], (3, 1)=[>, ◤, ◣]}
18 Jan 2025 22:11:19 GMT Zwierzę poruszyło się z (8, 4) na (8, 3)
18 Jan 2025 22:11:19 GMT Długość listy pozycji: 9
Lista pozycji zwierząt: {(8, 8)=[◢, ^], (1, 4)=[◣], (2, 5)=[◣, ◣, v], (2, 7)=[◥], (8, 1)=[v], (9, 4)=[v], (8, 3)=[v], (4, 1)=[<, ◥, ◣, ^, <, ◤], (3, 1)=[>, ◤, ◣]}
18 Jan 2025 22:11:19 GMT Zwierzę poruszyło się z (9, 5) na (9, 4)
18 Jan 2025 22:11:19 GMT Długość listy pozycji: 9
Lista pozycji zwierząt: {(8, 8)=[◢, ^], (1, 3)=[v], (2, 5)=[◣, ◣, v], (2, 7)=[◥], (8, 1)=[v], (9, 4)=[v], (8, 3)=[v], (4, 1)=[<, ◥, ◣, ^, <, ◤], (3, 1)=[>, ◤, ◣]}
18 Jan 2025 22:11:19 GMT Zwierzę poruszyło się z (1, 4) na (1, 3)
18 Jan 2025 22:11:19 GMT Długość listy pozycji: 10
Lista pozycji zwierząt: {(8, 7)=[v], (8, 8)=[^], (1, 3)=[v], (2, 5)=[◣, ◣, v], (2, 7)=[◥], (8, 1)=[v], (9, 4)=[v], (8, 3)=[v], (4, 1)=[<, ◥, ◣, ^, <, ◤], (3, 1)=[>, ◤, ◣]}
18 Jan 2025 22:11:19 GMT Zwierzę poruszyło się z (8, 8) na (8, 7)
18 Jan 2025 22:11:19 GMT Długość listy pozycji: 10
Lista pozycji zwierząt: {(8, 7)=[v], (8, 8)=[^], (1, 3)=[v], (2, 5)=[◣, ◣, v], (2, 7)=[◥], (8, 2)=[^], (9, 4)=[v], (8, 3)=[v], (4, 1)=[<, ◥, ◣, ^, <, ◤], (3, 1)=[>, ◤, ◣]}
18 Jan 2025 22:11:19 GMT Zwierzę poruszyło się z (8, 1) na (8, 2)
18 Jan 2025 22:11:19 GMT Długość listy pozycji: 10
Lista pozycji zwierząt: {(8, 7)=[v], (8, 8)=[^], (1, 3)=[v], (2, 5)=[◣, ◣, v], (2, 6)=[v], (8, 2)=[^], (9, 4)=[v], (8, 3)=[v], (4, 1)=[<, ◥, ◣, ^, <, ◤], (3, 1)=[>, ◤, ◣]}
18 Jan 2025 22:11:19 GMT Zwierzę poruszyło się z (2, 7) na (2, 6)
18 Jan 2025 22:11:20 GMT Długość listy pozycji: 11
Lista pozycji zwierząt: {(8, 7)=[v], (8, 8)=[^], (1, 3)=[v], (2, 5)=[◣, ◣, v], (2, 6)=[v], (8, 2)=[^], (9, 4)=[v], (8, 3)=[v], (3, 0)=[v], (4, 1)=[<, ◥, ◣, ^, <, v], (3, 1)=[>, ◣]}
18 Jan 2025 22:11:20 GMT Zwierzę poruszyło się z (3, 1) na (3, 0)
18 Jan 2025 22:11:20 GMT Zwierzę zjadło roślinkę na (1, 3)
18 Jan 2025 22:11:20 GMT Zwierze zostało położone na (2, 5)
18 Jan 2025 22:11:20 GMT Urodziło się nowe zwierzę na (2, 5)
18 Jan 2025 22:11:20 GMT Zwierze zostało położone na (4, 1)
18 Jan 2025 22:11:20 GMT Urodziło się nowe zwierzę na (4, 1)
18 Jan 2025 22:11:20 GMT Zwierze zostało położone na (3, 1)
18 Jan 2025 22:11:20 GMT Urodziło się nowe zwierzę na (3, 1)
18 Jan 2025 22:11:20 GMT Roślinka wyrosła na null
18 Jan 2025 22:11:20 GMT Roślinka wyrosła na null
18 Jan 2025 22:11:20 GMT Roślinka wyrosła na null
18 Jan 2025 22:11:20 GMT Roślinka wyrosła na null
18 Jan 2025 22:11:20 GMT Roślinka wyrosła na null
18 Jan 2025 22:11:20 GMT Roślinka wyrosła na null
18 Jan 2025 22:11:20 GMT Roślinka wyrosła na null
18 Jan 2025 22:11:20 GMT Roślinka wyrosła na null
18 Jan 2025 22:11:20 GMT Roślinka wyrosła na null
18 Jan 2025 22:11:20 GMT Roślinka wyrosła na null
18 Jan 2025 22:11:20 GMT Długość listy pozycji: 11
Lista pozycji zwierząt: {(9, 8)=[>], (8, 7)=[v], (1, 3)=[v], (2, 5)=[<, ◣, ◣, v], (2, 6)=[v], (8, 2)=[^], (9, 4)=[v], (8, 3)=[v], (3, 0)=[v], (4, 1)=[◤, <, ◥, ◣, ^, <, v], (3, 1)=[<, ◣, >]}
18 Jan 2025 22:11:20 GMT Zwierzę poruszyło się z (8, 8) na (9, 8)
18 Jan 2025 22:11:20 GMT Długość listy pozycji: 11
Lista pozycji zwierząt: {(9, 8)=[>], (8, 7)=[v], (1, 3)=[v], (2, 5)=[<, ◣, ◣, v], (2, 6)=[v], (8, 2)=[^], (9, 4)=[v], (7, 4)=[◤], (3, 0)=[v], (4, 1)=[◤, <, ◥, ◣, ^, <, v], (3, 1)=[<, ◣, >]}
18 Jan 2025 22:11:20 GMT Zwierzę poruszyło się z (8, 3) na (7, 4)
18 Jan 2025 22:11:21 GMT Długość listy pozycji: 11
Lista pozycji zwierząt: {(9, 8)=[>], (8, 7)=[v], (1, 3)=[v], (2, 5)=[<, ◣, ◣, v], (2, 6)=[v], (8, 2)=[^], (8, 5)=[◤], (7, 4)=[◤], (3, 0)=[v], (4, 1)=[◤, <, ◥, ◣, ^, <, v], (3, 1)=[<, ◣, >]}
18 Jan 2025 22:11:21 GMT Zwierzę poruszyło się z (9, 4) na (8, 5)
18 Jan 2025 22:11:21 GMT Długość listy pozycji: 11
Lista pozycji zwierząt: {(9, 8)=[>], (8, 7)=[v], (2, 2)=[◢], (2, 5)=[<, ◣, ◣, v], (2, 6)=[v], (8, 2)=[^], (8, 5)=[◤], (7, 4)=[◤], (3, 0)=[v], (4, 1)=[◤, <, ◥, ◣, ^, <, v], (3, 1)=[<, ◣, >]}
18 Jan 2025 22:11:21 GMT Zwierzę poruszyło się z (1, 3) na (2, 2)
18 Jan 2025 22:11:21 GMT Długość listy pozycji: 11
Lista pozycji zwierząt: {(7, 6)=[◣], (9, 8)=[>], (2, 2)=[◢], (2, 5)=[<, ◣, ◣, v], (2, 6)=[v], (8, 2)=[^], (8, 5)=[◤], (7, 4)=[◤], (3, 0)=[v], (4, 1)=[◤, <, ◥, ◣, ^, <, v], (3, 1)=[<, ◣, >]}
18 Jan 2025 22:11:21 GMT Zwierzę poruszyło się z (8, 7) na (7, 6)
18 Jan 2025 22:11:21 GMT Długość listy pozycji: 11
Lista pozycji zwierząt: {(7, 6)=[◣], (9, 8)=[>], (2, 2)=[◢], (2, 5)=[<, ◣, ◣, v], (2, 6)=[v], (8, 1)=[v], (8, 5)=[◤], (7, 4)=[◤], (3, 0)=[v], (4, 1)=[◤, <, ◥, ◣, ^, <, v], (3, 1)=[<, ◣, >]}
18 Jan 2025 22:11:21 GMT Zwierzę poruszyło się z (8, 2) na (8, 1)
18 Jan 2025 22:11:21 GMT Długość listy pozycji: 11
Lista pozycji zwierząt: {(7, 6)=[◣], (9, 8)=[>], (2, 2)=[◢], (2, 5)=[<, ◣, ◣, v], (1, 7)=[◤], (8, 1)=[v], (8, 5)=[◤], (7, 4)=[◤], (3, 0)=[v], (4, 1)=[◤, <, ◥, ◣, ^, <, v], (3, 1)=[<, ◣, >]}
18 Jan 2025 22:11:21 GMT Zwierzę poruszyło się z (2, 6) na (1, 7)
18 Jan 2025 22:11:21 GMT Długość listy pozycji: 10
Lista pozycji zwierząt: {(7, 6)=[◣], (9, 8)=[>], (2, 2)=[◢], (2, 5)=[<, ◣, ◣, v], (1, 7)=[◤], (8, 1)=[v], (8, 5)=[◤], (7, 4)=[◤], (4, 1)=[◤, ◥, <, ◥, ◣, ^, <, ◥], (3, 1)=[<, ◣, >]}
18 Jan 2025 22:11:21 GMT Zwierzę poruszyło się z (3, 0) na (4, 1)
18 Jan 2025 22:11:21 GMT Zwierzę zjadło roślinkę na (9, 8)
18 Jan 2025 22:11:21 GMT Zwierzę zjadło roślinkę na (2, 2)
18 Jan 2025 22:11:21 GMT Zwierze zostało położone na (2, 5)
18 Jan 2025 22:11:21 GMT Urodziło się nowe zwierzę na (2, 5)
18 Jan 2025 22:11:21 GMT Zwierze zostało położone na (4, 1)
18 Jan 2025 22:11:21 GMT Urodziło się nowe zwierzę na (4, 1)
18 Jan 2025 22:11:21 GMT Zwierze zostało położone na (3, 1)
18 Jan 2025 22:11:21 GMT Urodziło się nowe zwierzę na (3, 1)
18 Jan 2025 22:11:22 GMT Roślinka wyrosła na null
18 Jan 2025 22:11:22 GMT Roślinka wyrosła na null
18 Jan 2025 22:11:22 GMT Roślinka wyrosła na null
18 Jan 2025 22:11:22 GMT Roślinka wyrosła na null
18 Jan 2025 22:11:22 GMT Roślinka wyrosła na null
18 Jan 2025 22:11:22 GMT Roślinka wyrosła na null
18 Jan 2025 22:11:22 GMT Roślinka wyrosła na null
18 Jan 2025 22:11:22 GMT Roślinka wyrosła na null
18 Jan 2025 22:11:22 GMT Roślinka wyrosła na null
18 Jan 2025 22:11:22 GMT Roślinka wyrosła na null
18 Jan 2025 22:11:22 GMT Długość listy pozycji: 10
Lista pozycji zwierząt: {(7, 6)=[◣], (2, 2)=[◢], (2, 5)=[<, <, ◣, ◣, v], (1, 7)=[◤], (8, 1)=[v], (8, 5)=[◤], (7, 4)=[◤], (4, 1)=[◥, ◤, ◥, <, ◥, ◣, ^, <, ◥], (9, 7)=[v], (3, 1)=[v, <, ◣, >]}
18 Jan 2025 22:11:22 GMT Zwierzę poruszyło się z (9, 8) na (9, 7)
18 Jan 2025 22:11:22 GMT Długość listy pozycji: 10
Lista pozycji zwierząt: {(7, 6)=[◣], (2, 2)=[◢], (2, 5)=[<, <, ◣, ◣, v], (1, 7)=[◤], (8, 1)=[v], (8, 4)=[>], (8, 5)=[◤], (4, 1)=[◥, ◤, ◥, <, ◥, ◣, ^, <, ◥], (9, 7)=[v], (3, 1)=[v, <, ◣, >]}
18 Jan 2025 22:11:22 GMT Zwierzę poruszyło się z (7, 4) na (8, 4)
18 Jan 2025 22:11:22 GMT Długość listy pozycji: 10
Lista pozycji zwierząt: {(7, 6)=[◣], (2, 2)=[◢], (2, 5)=[<, <, ◣, ◣, v], (1, 7)=[◤], (8, 1)=[v], (9, 5)=[>], (8, 4)=[>], (4, 1)=[◥, ◤, ◥, <, ◥, ◣, ^, <, ◥], (9, 7)=[v], (3, 1)=[v, <, ◣, >]}
18 Jan 2025 22:11:22 GMT Zwierzę poruszyło się z (8, 5) na (9, 5)
18 Jan 2025 22:11:22 GMT Długość listy pozycji: 10
Lista pozycji zwierząt: {(3, 2)=[>], (7, 6)=[◣], (2, 5)=[<, <, ◣, ◣, v], (1, 7)=[◤], (8, 1)=[v], (9, 5)=[>], (8, 4)=[>], (4, 1)=[◥, ◤, ◥, <, ◥, ◣, ^, <, ◥], (9, 7)=[v], (3, 1)=[v, <, ◣, >]}
18 Jan 2025 22:11:22 GMT Zwierzę poruszyło się z (2, 2) na (3, 2)
18 Jan 2025 22:11:22 GMT Długość listy pozycji: 10
Lista pozycji zwierząt: {(3, 2)=[>], (6, 6)=[<], (2, 5)=[<, <, ◣, ◣, v], (1, 7)=[◤], (8, 1)=[v], (9, 5)=[>], (8, 4)=[>], (4, 1)=[◥, ◤, ◥, <, ◥, ◣, ^, <, ◥], (9, 7)=[v], (3, 1)=[v, <, ◣, >]}
18 Jan 2025 22:11:22 GMT Zwierzę poruszyło się z (7, 6) na (6, 6)
18 Jan 2025 22:11:22 GMT Długość listy pozycji: 10
Lista pozycji zwierząt: {(3, 2)=[>], (6, 6)=[<], (2, 5)=[<, <, ◣, ◣, v], (1, 7)=[◤], (8, 2)=[^], (9, 5)=[>], (8, 4)=[>], (4, 1)=[◥, ◤, ◥, <, ◥, ◣, ^, <, ◥], (9, 7)=[v], (3, 1)=[v, <, ◣, >]}
18 Jan 2025 22:11:22 GMT Zwierzę poruszyło się z (8, 1) na (8, 2)
18 Jan 2025 22:11:22 GMT Długość listy pozycji: 10
Lista pozycji zwierząt: {(3, 2)=[>], (6, 6)=[<], (2, 5)=[<, <, ◣, ◣, v], (2, 7)=[>], (8, 2)=[^], (9, 5)=[>], (8, 4)=[>], (4, 1)=[◥, ◤, ◥, <, ◥, ◣, ^, <, ◥], (9, 7)=[v], (3, 1)=[v, <, ◣, >]}
18 Jan 2025 22:11:22 GMT Zwierzę poruszyło się z (1, 7) na (2, 7)
18 Jan 2025 22:11:23 GMT Długość listy pozycji: 10
Lista pozycji zwierząt: {(3, 2)=[>], (6, 6)=[<], (2, 5)=[<, <, ◣, ◣, v], (2, 7)=[>], (8, 2)=[^], (9, 5)=[>], (8, 4)=[>], (4, 1)=[◥, ◤, <, <, ◥, ◣, ^, <, <], (9, 7)=[v], (3, 1)=[v, <, <, ◣, >]}
18 Jan 2025 22:11:23 GMT Zwierzę poruszyło się z (4, 1) na (3, 1)
18 Jan 2025 22:11:23 GMT Zwierzę zjadło roślinkę na (3, 2)
18 Jan 2025 22:11:23 GMT Zwierze zostało położone na (2, 5)
18 Jan 2025 22:11:23 GMT Urodziło się nowe zwierzę na (2, 5)
18 Jan 2025 22:11:23 GMT Zwierze zostało położone na (4, 1)
18 Jan 2025 22:11:23 GMT Urodziło się nowe zwierzę na (4, 1)
18 Jan 2025 22:11:23 GMT Zwierze zostało położone na (3, 1)
18 Jan 2025 22:11:23 GMT Urodziło się nowe zwierzę na (3, 1)
18 Jan 2025 22:11:23 GMT Roślinka wyrosła na null
18 Jan 2025 22:11:23 GMT Roślinka wyrosła na null
18 Jan 2025 22:11:23 GMT Roślinka wyrosła na null
18 Jan 2025 22:11:23 GMT Roślinka wyrosła na null
18 Jan 2025 22:11:23 GMT Roślinka wyrosła na null
18 Jan 2025 22:11:23 GMT Roślinka wyrosła na null
18 Jan 2025 22:11:23 GMT Roślinka wyrosła na null
18 Jan 2025 22:11:23 GMT Roślinka wyrosła na null
18 Jan 2025 22:11:23 GMT Roślinka wyrosła na null
18 Jan 2025 22:11:23 GMT Roślinka wyrosła na null
18 Jan 2025 22:11:23 GMT Długość listy pozycji: 10
Lista pozycji zwierząt: {(8, 7)=[<], (3, 2)=[>], (6, 6)=[<], (2, 5)=[>, <, <, ◣, ◣, v], (2, 7)=[>], (8, 2)=[^], (9, 5)=[>], (8, 4)=[>], (4, 1)=[<, ◥, ◤, <, <, ◥, ◣, ^, <, <], (3, 1)=[v, v, <, <, ◣, >]}
18 Jan 2025 22:11:23 GMT Zwierzę poruszyło się z (9, 7) na (8, 7)
18 Jan 2025 22:11:23 GMT Długość listy pozycji: 10
Lista pozycji zwierząt: {(8, 7)=[<], (3, 2)=[>], (6, 6)=[<], (2, 5)=[>, <, <, ◣, ◣, v], (2, 7)=[>], (8, 2)=[^], (7, 3)=[◣], (9, 5)=[>], (4, 1)=[<, ◥, ◤, <, <, ◥, ◣, ^, <, <], (3, 1)=[v, v, <, <, ◣, >]}
18 Jan 2025 22:11:23 GMT Zwierzę poruszyło się z (8, 4) na (7, 3)
18 Jan 2025 22:11:24 GMT Długość listy pozycji: 10
Lista pozycji zwierząt: {(8, 7)=[<], (3, 2)=[>], (6, 6)=[<], (2, 5)=[>, <, <, ◣, ◣, v], (2, 7)=[>], (8, 2)=[^], (8, 4)=[◣], (7, 3)=[◣], (4, 1)=[<, ◥, ◤, <, <, ◥, ◣, ^, <, <], (3, 1)=[v, v, <, <, ◣, >]}
18 Jan 2025 22:11:24 GMT Zwierzę poruszyło się z (9, 5) na (8, 4)
18 Jan 2025 22:11:24 GMT Długość listy pozycji: 10
Lista pozycji zwierząt: {(4, 3)=[◥], (8, 7)=[<], (6, 6)=[<], (2, 5)=[>, <, <, ◣, ◣, v], (2, 7)=[>], (8, 2)=[^], (8, 4)=[◣], (7, 3)=[◣], (4, 1)=[<, ◥, ◤, <, <, ◥, ◣, ^, <, <], (3, 1)=[v, v, <, <, ◣, >]}
18 Jan 2025 22:11:24 GMT Zwierzę poruszyło się z (3, 2) na (4, 3)
18 Jan 2025 22:11:24 GMT Długość listy pozycji: 10
Lista pozycji zwierząt: {(4, 3)=[◥], (8, 7)=[<], (5, 7)=[◤], (2, 5)=[>, <, <, ◣, ◣, v], (2, 7)=[>], (8, 2)=[^], (8, 4)=[◣], (7, 3)=[◣], (4, 1)=[<, ◥, ◤, <, <, ◥, ◣, ^, <, <], (3, 1)=[v, v, <, <, ◣, >]}
18 Jan 2025 22:11:24 GMT Zwierzę poruszyło się z (6, 6) na (5, 7)
18 Jan 2025 22:11:24 GMT Długość listy pozycji: 10
Lista pozycji zwierząt: {(4, 3)=[◥], (8, 7)=[<], (5, 7)=[◤], (2, 5)=[>, <, <, ◣, ◣, v], (2, 7)=[>], (8, 1)=[v], (8, 4)=[◣], (7, 3)=[◣], (4, 1)=[<, ◥, ◤, <, <, ◥, ◣, ^, <, <], (3, 1)=[v, v, <, <, ◣, >]}
18 Jan 2025 22:11:24 GMT Zwierzę poruszyło się z (8, 2) na (8, 1)
18 Jan 2025 22:11:24 GMT Długość listy pozycji: 10
Lista pozycji zwierząt: {(4, 3)=[◥], (8, 7)=[<], (5, 7)=[◤], (2, 5)=[>, <, <, ◣, ◣, v], (1, 6)=[◣], (8, 1)=[v], (8, 4)=[◣], (7, 3)=[◣], (4, 1)=[<, ◥, ◤, <, <, ◥, ◣, ^, <, <], (3, 1)=[v, v, <, <, ◣, >]}
18 Jan 2025 22:11:24 GMT Zwierzę poruszyło się z (2, 7) na (1, 6)
18 Jan 2025 22:11:24 GMT Długość listy pozycji: 11
Lista pozycji zwierząt: {(4, 3)=[◥], (8, 7)=[<], (5, 7)=[◤], (2, 5)=[>, <, <, ◣, ◣, v], (1, 6)=[◣], (8, 1)=[v], (4, 0)=[◢], (8, 4)=[◣], (7, 3)=[◣], (4, 1)=[<, ◥, ◤, ◢, <, ◥, ◣, ^, <, ◢], (3, 1)=[v, v, <, ◣, >]}
18 Jan 2025 22:11:24 GMT Zwierzę poruszyło się z (3, 1) na (4, 0)
18 Jan 2025 22:11:24 GMT Zwierzę zjadło roślinkę na (7, 3)
18 Jan 2025 22:11:24 GMT Zwierze zostało położone na (2, 5)
18 Jan 2025 22:11:24 GMT Urodziło się nowe zwierzę na (2, 5)
18 Jan 2025 22:11:24 GMT Zwierze zostało położone na (4, 1)
18 Jan 2025 22:11:24 GMT Urodziło się nowe zwierzę na (4, 1)
18 Jan 2025 22:11:24 GMT Zwierze zostało położone na (3, 1)
18 Jan 2025 22:11:24 GMT Urodziło się nowe zwierzę na (3, 1)
18 Jan 2025 22:11:25 GMT Roślinka wyrosła na null
18 Jan 2025 22:11:25 GMT Roślinka wyrosła na null
18 Jan 2025 22:11:25 GMT Roślinka wyrosła na null
18 Jan 2025 22:11:25 GMT Roślinka wyrosła na null
18 Jan 2025 22:11:25 GMT Roślinka wyrosła na null
18 Jan 2025 22:11:25 GMT Roślinka wyrosła na null
18 Jan 2025 22:11:25 GMT Roślinka wyrosła na null
18 Jan 2025 22:11:25 GMT Roślinka wyrosła na null
18 Jan 2025 22:11:25 GMT Roślinka wyrosła na null
18 Jan 2025 22:11:25 GMT Roślinka wyrosła na null
18 Jan 2025 22:11:25 GMT Długość listy pozycji: 11
Lista pozycji zwierząt: {(4, 3)=[◥], (8, 8)=[^], (5, 7)=[◤], (2, 5)=[◣, >, <, <, ◣, ◣, v], (1, 6)=[◣], (8, 1)=[v], (4, 0)=[◢], (8, 4)=[◣], (7, 3)=[◣], (4, 1)=[◣, <, ◥, ◤, ◢, <, ◥, ◣, ^, <, ◢], (3, 1)=[◥, v, v, <, ◣, >]}
18 Jan 2025 22:11:25 GMT Zwierzę poruszyło się z (8, 7) na (8, 8)
18 Jan 2025 22:11:25 GMT Długość listy pozycji: 11
Lista pozycji zwierząt: {(4, 3)=[◥], (8, 8)=[^], (5, 7)=[◤], (2, 5)=[◣, >, <, <, ◣, ◣, v], (1, 6)=[◣], (8, 1)=[v], (4, 0)=[◢], (8, 4)=[◣], (7, 4)=[^], (4, 1)=[◣, <, ◥, ◤, ◢, <, ◥, ◣, ^, <, ◢], (3, 1)=[◥, v, v, <, ◣, >]}
18 Jan 2025 22:11:25 GMT Zwierzę poruszyło się z (7, 3) na (7, 4)
18 Jan 2025 22:11:25 GMT Długość listy pozycji: 11
Lista pozycji zwierząt: {(4, 3)=[◥], (8, 8)=[^], (5, 7)=[◤], (2, 5)=[◣, >, <, <, ◣, ◣, v], (1, 6)=[◣], (8, 1)=[v], (4, 0)=[◢], (8, 5)=[^], (7, 4)=[^], (4, 1)=[◣, <, ◥, ◤, ◢, <, ◥, ◣, ^, <, ◢], (3, 1)=[◥, v, v, <, ◣, >]}
18 Jan 2025 22:11:25 GMT Zwierzę poruszyło się z (8, 4) na (8, 5)
18 Jan 2025 22:11:25 GMT Długość listy pozycji: 11
Lista pozycji zwierząt: {(4, 4)=[^], (8, 8)=[^], (5, 7)=[◤], (2, 5)=[◣, >, <, <, ◣, ◣, v], (1, 6)=[◣], (8, 1)=[v], (4, 0)=[◢], (8, 5)=[^], (7, 4)=[^], (4, 1)=[◣, <, ◥, ◤, ◢, <, ◥, ◣, ^, <, ◢], (3, 1)=[◥, v, v, <, ◣, >]}
18 Jan 2025 22:11:25 GMT Zwierzę poruszyło się z (4, 3) na (4, 4)
18 Jan 2025 22:11:25 GMT Długość listy pozycji: 11
Lista pozycji zwierząt: {(4, 4)=[^], (8, 8)=[^], (5, 8)=[^], (2, 5)=[◣, >, <, <, ◣, ◣, v], (1, 6)=[◣], (8, 1)=[v], (4, 0)=[◢], (8, 5)=[^], (7, 4)=[^], (4, 1)=[◣, <, ◥, ◤, ◢, <, ◥, ◣, ^, <, ◢], (3, 1)=[◥, v, v, <, ◣, >]}
18 Jan 2025 22:11:25 GMT Zwierzę poruszyło się z (5, 7) na (5, 8)
18 Jan 2025 22:11:25 GMT Długość listy pozycji: 11
Lista pozycji zwierząt: {(4, 4)=[^], (8, 8)=[^], (5, 8)=[^], (2, 5)=[◣, >, <, <, ◣, ◣, v], (1, 6)=[◣], (8, 2)=[^], (4, 0)=[◢], (8, 5)=[^], (7, 4)=[^], (4, 1)=[◣, <, ◥, ◤, ◢, <, ◥, ◣, ^, <, ◢], (3, 1)=[◥, v, v, <, ◣, >]}
18 Jan 2025 22:11:25 GMT Zwierzę poruszyło się z (8, 1) na (8, 2)
18 Jan 2025 22:11:25 GMT Długość listy pozycji: 11
Lista pozycji zwierząt: {(4, 4)=[^], (8, 8)=[^], (5, 8)=[^], (2, 5)=[◣, >, <, <, ◣, ◣, v], (1, 7)=[^], (8, 2)=[^], (4, 0)=[◢], (8, 5)=[^], (7, 4)=[^], (4, 1)=[◣, <, ◥, ◤, ◢, <, ◥, ◣, ^, <, ◢], (3, 1)=[◥, v, v, <, ◣, >]}
18 Jan 2025 22:11:25 GMT Zwierzę poruszyło się z (1, 6) na (1, 7)
18 Jan 2025 22:11:26 GMT Długość listy pozycji: 10
Lista pozycji zwierząt: {(4, 4)=[^], (8, 8)=[^], (5, 8)=[^], (2, 5)=[◣, >, <, <, ◣, ◣, v], (1, 7)=[^], (8, 2)=[^], (8, 5)=[^], (7, 4)=[^], (4, 1)=[◣, ^, <, ◥, ◤, ^, <, ◥, ◣, ^, <, ^], (3, 1)=[◥, v, v, <, ◣, >]}
18 Jan 2025 22:11:26 GMT Zwierzę poruszyło się z (4, 0) na (4, 1)
18 Jan 2025 22:11:26 GMT Zwierzę zjadło roślinkę na (4, 4)
18 Jan 2025 22:11:26 GMT Zwierzę zjadło roślinkę na (5, 8)
18 Jan 2025 22:11:26 GMT Zwierze zostało położone na (2, 5)
18 Jan 2025 22:11:26 GMT Urodziło się nowe zwierzę na (2, 5)
18 Jan 2025 22:11:26 GMT Zwierze zostało położone na (4, 1)
18 Jan 2025 22:11:26 GMT Urodziło się nowe zwierzę na (4, 1)
18 Jan 2025 22:11:26 GMT Zwierze zostało położone na (3, 1)
18 Jan 2025 22:11:26 GMT Urodziło się nowe zwierzę na (3, 1)
18 Jan 2025 22:11:26 GMT Roślinka wyrosła na null
18 Jan 2025 22:11:26 GMT Roślinka wyrosła na null
18 Jan 2025 22:11:26 GMT Roślinka wyrosła na null
18 Jan 2025 22:11:26 GMT Roślinka wyrosła na null
18 Jan 2025 22:11:26 GMT Roślinka wyrosła na null
18 Jan 2025 22:11:26 GMT Roślinka wyrosła na null
18 Jan 2025 22:11:26 GMT Roślinka wyrosła na null
18 Jan 2025 22:11:26 GMT Roślinka wyrosła na null
18 Jan 2025 22:11:26 GMT Roślinka wyrosła na null
18 Jan 2025 22:11:26 GMT Roślinka wyrosła na null
18 Jan 2025 22:11:26 GMT Długość listy pozycji: 10
Lista pozycji zwierząt: {(9, 8)=[>], (4, 4)=[^], (5, 8)=[^], (2, 5)=[◥, ◣, >, <, <, ◣, ◣, v], (1, 7)=[^], (8, 2)=[^], (8, 5)=[^], (7, 4)=[^], (4, 1)=[◥, ◣, ^, <, ◥, ◤, ^, <, ◥, ◣, ^, <, ^], (3, 1)=[◥, ◥, v, v, <, ◣, >]}
18 Jan 2025 22:11:26 GMT Zwierzę poruszyło się z (8, 8) na (9, 8)
18 Jan 2025 22:11:26 GMT Długość listy pozycji: 10
Lista pozycji zwierząt: {(9, 8)=[>], (4, 4)=[^], (5, 8)=[^], (2, 5)=[◥, ◣, >, <, <, ◣, ◣, v], (1, 7)=[^], (8, 2)=[^], (8, 3)=[◢], (8, 5)=[^], (4, 1)=[◥, ◣, ^, <, ◥, ◤, ^, <, ◥, ◣, ^, <, ^], (3, 1)=[◥, ◥, v, v, <, ◣, >]}
18 Jan 2025 22:11:26 GMT Zwierzę poruszyło się z (7, 4) na (8, 3)
18 Jan 2025 22:11:27 GMT Długość listy pozycji: 10
Lista pozycji zwierząt: {(9, 8)=[>], (4, 4)=[^], (5, 8)=[^], (2, 5)=[◥, ◣, >, <, <, ◣, ◣, v], (1, 7)=[^], (8, 2)=[^], (9, 4)=[◢], (8, 3)=[◢], (4, 1)=[◥, ◣, ^, <, ◥, ◤, ^, <, ◥, ◣, ^, <, ^], (3, 1)=[◥, ◥, v, v, <, ◣, >]}
18 Jan 2025 22:11:27 GMT Zwierzę poruszyło się z (8, 5) na (9, 4)
18 Jan 2025 22:11:27 GMT Długość listy pozycji: 10
Lista pozycji zwierząt: {(9, 8)=[>], (3, 5)=[◤], (5, 8)=[^], (2, 5)=[◥, ◣, >, <, <, ◣, ◣, v], (1, 7)=[^], (8, 2)=[^], (9, 4)=[◢], (8, 3)=[◢], (4, 1)=[◥, ◣, ^, <, ◥, ◤, ^, <, ◥, ◣, ^, <, ^], (3, 1)=[◥, ◥, v, v, <, ◣, >]}
18 Jan 2025 22:11:27 GMT Zwierzę poruszyło się z (4, 4) na (3, 5)
18 Jan 2025 22:11:27 GMT Długość listy pozycji: 10
Lista pozycji zwierząt: {(9, 8)=[>], (3, 5)=[◤], (6, 9)=[◥], (2, 5)=[◥, ◣, >, <, <, ◣, ◣, v], (1, 7)=[^], (8, 2)=[^], (9, 4)=[◢], (8, 3)=[◢], (4, 1)=[◥, ◣, ^, <, ◥, ◤, ^, <, ◥, ◣, ^, <, ^], (3, 1)=[◥, ◥, v, v, <, ◣, >]}
18 Jan 2025 22:11:27 GMT Zwierzę poruszyło się z (5, 8) na (6, 9)
18 Jan 2025 22:11:27 GMT Długość listy pozycji: 10
Lista pozycji zwierząt: {(9, 8)=[>], (3, 5)=[◤], (6, 9)=[◥], (2, 5)=[◥, ◣, >, <, <, ◣, ◣, v], (1, 7)=[^], (8, 1)=[v], (9, 4)=[◢], (8, 3)=[◢], (4, 1)=[◥, ◣, ^, <, ◥, ◤, ^, <, ◥, ◣, ^, <, ^], (3, 1)=[◥, ◥, v, v, <, ◣, >]}
18 Jan 2025 22:11:27 GMT Zwierzę poruszyło się z (8, 2) na (8, 1)
18 Jan 2025 22:11:27 GMT Długość listy pozycji: 10
Lista pozycji zwierząt: {(9, 8)=[>], (3, 5)=[◤], (6, 9)=[◥], (2, 5)=[◥, ◣, >, <, <, ◣, ◣, v], (2, 6)=[◢], (8, 1)=[v], (9, 4)=[◢], (8, 3)=[◢], (4, 1)=[◥, ◣, ^, <, ◥, ◤, ^, <, ◥, ◣, ^, <, ^], (3, 1)=[◥, ◥, v, v, <, ◣, >]}
18 Jan 2025 22:11:27 GMT Zwierzę poruszyło się z (1, 7) na (2, 6)
18 Jan 2025 22:11:27 GMT Długość listy pozycji: 11
Lista pozycji zwierząt: {(9, 8)=[>], (3, 5)=[◤], (6, 9)=[◥], (2, 5)=[◥, ◣, >, <, <, ◣, ◣, v], (2, 6)=[◢], (8, 1)=[v], (9, 4)=[◢], (8, 3)=[◢], (3, 0)=[◣], (4, 1)=[◥, ◣, ◣, <, ◥, ◤, ◣, <, ◥, ◣, ^, <, ◣], (3, 1)=[◥, ◥, v, v, <, ◣, >]}
18 Jan 2025 22:11:27 GMT Zwierzę poruszyło się z (4, 1) na (3, 0)
18 Jan 2025 22:11:27 GMT Zwierzę zjadło roślinkę na (6, 9)
18 Jan 2025 22:11:27 GMT Zwierze zostało położone na (2, 5)
18 Jan 2025 22:11:27 GMT Urodziło się nowe zwierzę na (2, 5)
18 Jan 2025 22:11:27 GMT Zwierze zostało położone na (4, 1)
18 Jan 2025 22:11:27 GMT Urodziło się nowe zwierzę na (4, 1)
18 Jan 2025 22:11:27 GMT Zwierze zostało położone na (3, 1)
18 Jan 2025 22:11:27 GMT Urodziło się nowe zwierzę na (3, 1)
18 Jan 2025 22:11:28 GMT Roślinka wyrosła na null
18 Jan 2025 22:11:28 GMT Roślinka wyrosła na null
18 Jan 2025 22:11:28 GMT Roślinka wyrosła na null
18 Jan 2025 22:11:28 GMT Roślinka wyrosła na null
18 Jan 2025 22:11:28 GMT Roślinka wyrosła na null
18 Jan 2025 22:11:28 GMT Roślinka wyrosła na null
18 Jan 2025 22:11:28 GMT Roślinka wyrosła na null
18 Jan 2025 22:11:28 GMT Roślinka wyrosła na null
18 Jan 2025 22:11:28 GMT Roślinka wyrosła na null
18 Jan 2025 22:11:28 GMT Roślinka wyrosła na null
