16 Jan 2025 22:27:47 GMT Zwierze zostało położone na (7, 4)
16 Jan 2025 22:27:47 GMT Zwierze zostało położone na (1, 5)
16 Jan 2025 22:27:47 GMT Zwierze zostało położone na (9, 6)
16 Jan 2025 22:27:47 GMT Zwierze zostało położone na (3, 7)
16 Jan 2025 22:27:47 GMT Zwierze zostało położone na (0, 5)
16 Jan 2025 22:27:48 GMT Zwierze zostało położone na (5, 1)
16 Jan 2025 22:27:48 GMT Zwierze zostało położone na (4, 5)
16 Jan 2025 22:27:48 GMT Zwierze zostało położone na (0, 4)
16 Jan 2025 22:27:48 GMT Zwierze zostało położone na (3, 4)
16 Jan 2025 22:27:48 GMT Zwierze zostało położone na (4, 5)
16 Jan 2025 22:27:48 GMT Długość listy pozycji: 9
Lista pozycji zwierząt: {(3, 4)=[>], (4, 5)=[◣, <], (0, 4)=[>], (3, 7)=[◥], (1, 5)=[^], (0, 5)=[^], (5, 1)=[v], (9, 6)=[◥], (6, 4)=[<]}
16 Jan 2025 22:27:48 GMT Zwierzę poruszyło się z (7, 4) na (6, 4)
16 Jan 2025 22:27:48 GMT Długość listy pozycji: 9
Lista pozycji zwierząt: {(3, 4)=[>], (4, 5)=[◣, <], (0, 4)=[>], (3, 7)=[◥], (1, 6)=[^], (0, 5)=[^], (5, 1)=[v], (9, 6)=[◥], (6, 4)=[<]}
16 Jan 2025 22:27:48 GMT Zwierzę poruszyło się z (1, 5) na (1, 6)
16 Jan 2025 22:27:48 GMT Długość listy pozycji: 9
Lista pozycji zwierząt: {(3, 4)=[>], (4, 5)=[◣, <], (0, 4)=[>], (3, 7)=[◥], (1, 6)=[^], (0, 5)=[^], (0, 6)=[>], (5, 1)=[v], (6, 4)=[<]}
16 Jan 2025 22:27:48 GMT Zwierzę poruszyło się z (9, 6) na (0, 6)
16 Jan 2025 22:27:48 GMT Długość listy pozycji: 9
Lista pozycji zwierząt: {(3, 4)=[>], (4, 5)=[◣, <], (4, 7)=[>], (0, 4)=[>], (1, 6)=[^], (0, 5)=[^], (0, 6)=[>], (5, 1)=[v], (6, 4)=[<]}
16 Jan 2025 22:27:48 GMT Zwierzę poruszyło się z (3, 7) na (4, 7)
16 Jan 2025 22:27:48 GMT Długość listy pozycji: 8
Lista pozycji zwierząt: {(3, 4)=[>], (4, 5)=[◣, <], (4, 7)=[>], (0, 4)=[>], (1, 6)=[^], (0, 6)=[>, ^], (5, 1)=[v], (6, 4)=[<]}
16 Jan 2025 22:27:48 GMT Zwierzę poruszyło się z (0, 5) na (0, 6)
16 Jan 2025 22:27:48 GMT Długość listy pozycji: 8
Lista pozycji zwierząt: {(3, 4)=[>], (4, 5)=[◣, <], (4, 7)=[>], (0, 4)=[>], (1, 6)=[^], (0, 6)=[>, ^], (5, 2)=[^], (6, 4)=[<]}
16 Jan 2025 22:27:48 GMT Zwierzę poruszyło się z (5, 1) na (5, 2)
16 Jan 2025 22:27:48 GMT Długość listy pozycji: 9
Lista pozycji zwierząt: {(5, 5)=[>], (3, 4)=[>], (4, 5)=[<], (4, 7)=[>], (0, 4)=[>], (1, 6)=[^], (0, 6)=[>, ^], (5, 2)=[^], (6, 4)=[<]}
16 Jan 2025 22:27:48 GMT Zwierzę poruszyło się z (4, 5) na (5, 5)
16 Jan 2025 22:27:48 GMT Długość listy pozycji: 9
Lista pozycji zwierząt: {(5, 5)=[>], (3, 4)=[>], (4, 5)=[<], (0, 3)=[v], (4, 7)=[>], (1, 6)=[^], (0, 6)=[>, ^], (5, 2)=[^], (6, 4)=[<]}
16 Jan 2025 22:27:48 GMT Zwierzę poruszyło się z (0, 4) na (0, 3)
16 Jan 2025 22:27:48 GMT Długość listy pozycji: 9
Lista pozycji zwierząt: {(3, 3)=[v], (5, 5)=[>], (4, 5)=[<], (0, 3)=[v], (4, 7)=[>], (1, 6)=[^], (0, 6)=[>, ^], (5, 2)=[^], (6, 4)=[<]}
16 Jan 2025 22:27:48 GMT Zwierzę poruszyło się z (3, 4) na (3, 3)
16 Jan 2025 22:27:48 GMT Długość listy pozycji: 9
Lista pozycji zwierząt: {(4, 4)=[v], (3, 3)=[v], (5, 5)=[>], (0, 3)=[v], (4, 7)=[>], (1, 6)=[^], (0, 6)=[>, ^], (5, 2)=[^], (6, 4)=[<]}
16 Jan 2025 22:27:48 GMT Zwierzę poruszyło się z (4, 5) na (4, 4)
16 Jan 2025 22:27:48 GMT Zwierzę zjadło roślinkę na (0, 6)
16 Jan 2025 22:27:48 GMT Zwierze zostało położone na (0, 6)
16 Jan 2025 22:27:48 GMT Urodziło się nowe zwierzę na (0, 6)
16 Jan 2025 22:27:48 GMT Roślinka wyrosła na (8, 9)
16 Jan 2025 22:27:48 GMT Roślinka wyrosła na (4, 1)
16 Jan 2025 22:27:48 GMT Roślinka wyrosła na (1, 6)
16 Jan 2025 22:27:48 GMT Roślinka wyrosła na (8, 6)
16 Jan 2025 22:27:48 GMT Roślinka wyrosła na (7, 5)
16 Jan 2025 22:27:48 GMT Roślinka wyrosła na (7, 6)
16 Jan 2025 22:27:48 GMT Roślinka wyrosła na (5, 6)
16 Jan 2025 22:27:48 GMT Roślinka wyrosła na (9, 6)
16 Jan 2025 22:27:48 GMT Roślinka wyrosła na (6, 6)
16 Jan 2025 22:27:48 GMT Roślinka wyrosła na (1, 5)
16 Jan 2025 22:27:48 GMT Zwierzę umarło na (0, 6)
16 Jan 2025 22:27:48 GMT Długość listy pozycji: 9
Lista pozycji zwierząt: {(4, 4)=[v], (3, 3)=[v], (5, 5)=[>], (0, 3)=[v], (4, 7)=[>], (1, 6)=[^], (0, 6)=[^, ^], (5, 2)=[^], (5, 3)=[◣]}
16 Jan 2025 22:27:48 GMT Zwierzę poruszyło się z (6, 4) na (5, 3)
16 Jan 2025 22:27:48 GMT Długość listy pozycji: 9
Lista pozycji zwierząt: {(4, 4)=[v], (3, 3)=[v], (5, 5)=[>], (0, 3)=[v], (4, 7)=[>], (1, 7)=[^], (0, 6)=[^, ^], (5, 2)=[^], (5, 3)=[◣]}
16 Jan 2025 22:27:48 GMT Zwierzę poruszyło się z (1, 6) na (1, 7)
16 Jan 2025 22:27:48 GMT Długość listy pozycji: 9
Lista pozycji zwierząt: {(4, 4)=[v], (3, 3)=[v], (5, 5)=[>], (5, 6)=[◢], (0, 3)=[v], (1, 7)=[^], (0, 6)=[^, ^], (5, 2)=[^], (5, 3)=[◣]}
16 Jan 2025 22:27:48 GMT Zwierzę poruszyło się z (4, 7) na (5, 6)
16 Jan 2025 22:27:48 GMT Długość listy pozycji: 10
Lista pozycji zwierząt: {(4, 4)=[v], (3, 3)=[v], (5, 5)=[>], (5, 6)=[◢], (0, 3)=[v], (1, 7)=[^], (0, 6)=[^], (0, 7)=[^], (5, 2)=[^], (5, 3)=[◣]}
16 Jan 2025 22:27:48 GMT Zwierzę poruszyło się z (0, 6) na (0, 7)
16 Jan 2025 22:27:48 GMT Długość listy pozycji: 10
Lista pozycji zwierząt: {(4, 4)=[v], (3, 3)=[v], (5, 5)=[>], (5, 6)=[◢], (0, 3)=[v], (1, 7)=[^], (0, 6)=[^], (0, 7)=[^], (5, 1)=[v], (5, 3)=[◣]}
16 Jan 2025 22:27:48 GMT Zwierzę poruszyło się z (5, 2) na (5, 1)
16 Jan 2025 22:27:48 GMT Długość listy pozycji: 10
Lista pozycji zwierząt: {(4, 4)=[v], (3, 3)=[v], (5, 6)=[◢], (4, 6)=[◤], (0, 3)=[v], (1, 7)=[^], (0, 6)=[^], (0, 7)=[^], (5, 1)=[v], (5, 3)=[◣]}
16 Jan 2025 22:27:48 GMT Zwierzę poruszyło się z (5, 5) na (4, 6)
16 Jan 2025 22:27:48 GMT Długość listy pozycji: 10
Lista pozycji zwierząt: {(4, 4)=[v], (3, 3)=[v], (5, 6)=[◢], (4, 6)=[◤], (1, 7)=[^], (0, 6)=[^], (0, 7)=[^], (9, 3)=[<], (5, 1)=[v], (5, 3)=[◣]}
16 Jan 2025 22:27:48 GMT Zwierzę poruszyło się z (0, 3) na (9, 3)
16 Jan 2025 22:27:48 GMT Długość listy pozycji: 10
Lista pozycji zwierząt: {(4, 4)=[v], (2, 3)=[<], (5, 6)=[◢], (4, 6)=[◤], (1, 7)=[^], (0, 6)=[^], (0, 7)=[^], (9, 3)=[<], (5, 1)=[v], (5, 3)=[◣]}
16 Jan 2025 22:27:48 GMT Zwierzę poruszyło się z (3, 3) na (2, 3)
16 Jan 2025 22:27:48 GMT Długość listy pozycji: 10
Lista pozycji zwierząt: {(5, 4)=[>], (2, 3)=[<], (5, 6)=[◢], (4, 6)=[◤], (1, 7)=[^], (0, 6)=[^], (0, 7)=[^], (9, 3)=[<], (5, 1)=[v], (5, 3)=[◣]}
16 Jan 2025 22:27:48 GMT Zwierzę poruszyło się z (4, 4) na (5, 4)
16 Jan 2025 22:27:48 GMT Zwierzę zjadło roślinkę na (5, 6)
16 Jan 2025 22:27:48 GMT Roślinka wyrosła na (4, 6)
16 Jan 2025 22:27:48 GMT Roślinka wyrosła na (5, 5)
16 Jan 2025 22:27:48 GMT Roślinka wyrosła na (0, 3)
16 Jan 2025 22:27:48 GMT Roślinka wyrosła na (3, 3)
16 Jan 2025 22:27:48 GMT Roślinka wyrosła na (7, 7)
16 Jan 2025 22:27:48 GMT Roślinka wyrosła na (1, 0)
16 Jan 2025 22:27:48 GMT Roślinka wyrosła na (1, 8)
16 Jan 2025 22:27:48 GMT Roślinka wyrosła na (7, 0)
16 Jan 2025 22:27:48 GMT Roślinka wyrosła na (8, 3)
16 Jan 2025 22:27:48 GMT Roślinka wyrosła na (9, 0)
16 Jan 2025 22:27:48 GMT Długość listy pozycji: 10
Lista pozycji zwierząt: {(5, 4)=[>], (2, 3)=[<], (5, 6)=[◢], (4, 6)=[◤], (1, 7)=[^], (0, 6)=[^], (0, 7)=[^], (9, 3)=[<], (5, 1)=[v], (5, 2)=[v]}
16 Jan 2025 22:27:48 GMT Zwierzę poruszyło się z (5, 3) na (5, 2)
16 Jan 2025 22:27:48 GMT Długość listy pozycji: 10
Lista pozycji zwierząt: {(5, 4)=[>], (2, 3)=[<], (5, 6)=[◢], (4, 6)=[◤], (0, 6)=[^], (1, 8)=[^], (0, 7)=[^], (9, 3)=[<], (5, 1)=[v], (5, 2)=[v]}
16 Jan 2025 22:27:48 GMT Zwierzę poruszyło się z (1, 7) na (1, 8)
16 Jan 2025 22:27:48 GMT Długość listy pozycji: 10
Lista pozycji zwierząt: {(5, 4)=[>], (5, 5)=[v], (2, 3)=[<], (4, 6)=[◤], (0, 6)=[^], (1, 8)=[^], (0, 7)=[^], (9, 3)=[<], (5, 1)=[v], (5, 2)=[v]}
16 Jan 2025 22:27:48 GMT Zwierzę poruszyło się z (5, 6) na (5, 5)
16 Jan 2025 22:27:48 GMT Długość listy pozycji: 10
Lista pozycji zwierząt: {(5, 4)=[>], (5, 5)=[v], (2, 3)=[<], (4, 6)=[◤], (0, 6)=[^], (1, 8)=[^], (0, 8)=[^], (9, 3)=[<], (5, 1)=[v], (5, 2)=[v]}
16 Jan 2025 22:27:48 GMT Zwierzę poruszyło się z (0, 7) na (0, 8)
16 Jan 2025 22:27:48 GMT Długość listy pozycji: 9
Lista pozycji zwierząt: {(5, 4)=[>], (5, 5)=[v], (2, 3)=[<], (4, 6)=[◤], (0, 6)=[^], (1, 8)=[^], (0, 8)=[^], (9, 3)=[<], (5, 2)=[v, ^]}
16 Jan 2025 22:27:48 GMT Zwierzę poruszyło się z (5, 1) na (5, 2)
16 Jan 2025 22:27:48 GMT Długość listy pozycji: 9
Lista pozycji zwierząt: {(5, 4)=[>], (5, 5)=[v], (4, 5)=[v], (2, 3)=[<], (0, 6)=[^], (1, 8)=[^], (0, 8)=[^], (9, 3)=[<], (5, 2)=[v, ^]}
16 Jan 2025 22:27:48 GMT Zwierzę poruszyło się z (4, 6) na (4, 5)
16 Jan 2025 22:27:48 GMT Długość listy pozycji: 9
Lista pozycji zwierząt: {(5, 4)=[>], (5, 5)=[v], (4, 5)=[v], (2, 3)=[<], (0, 6)=[^], (1, 8)=[^], (0, 8)=[^], (9, 4)=[^], (5, 2)=[v, ^]}
16 Jan 2025 22:27:48 GMT Zwierzę poruszyło się z (9, 3) na (9, 4)
16 Jan 2025 22:27:48 GMT Długość listy pozycji: 9
Lista pozycji zwierząt: {(5, 4)=[>], (5, 5)=[v], (4, 5)=[v], (2, 4)=[^], (0, 6)=[^], (1, 8)=[^], (0, 8)=[^], (9, 4)=[^], (5, 2)=[v, ^]}
16 Jan 2025 22:27:48 GMT Zwierzę poruszyło się z (2, 3) na (2, 4)
16 Jan 2025 22:27:48 GMT Długość listy pozycji: 8
Lista pozycji zwierząt: {(5, 5)=[v, ^], (4, 5)=[v], (2, 4)=[^], (0, 6)=[^], (1, 8)=[^], (0, 8)=[^], (9, 4)=[^], (5, 2)=[v, ^]}
16 Jan 2025 22:27:48 GMT Zwierzę poruszyło się z (5, 4) na (5, 5)
16 Jan 2025 22:27:48 GMT Zwierzę zjadło roślinkę na (5, 5)
16 Jan 2025 22:27:48 GMT Zwierzę zjadło roślinkę na (4, 5)
16 Jan 2025 22:27:48 GMT Zwierzę zjadło roślinkę na (1, 8)
16 Jan 2025 22:27:49 GMT Zwierze zostało położone na (5, 5)
16 Jan 2025 22:27:49 GMT Urodziło się nowe zwierzę na (5, 5)
16 Jan 2025 22:27:49 GMT Zwierze zostało położone na (5, 2)
16 Jan 2025 22:27:49 GMT Urodziło się nowe zwierzę na (5, 2)
16 Jan 2025 22:27:49 GMT Roślinka wyrosła na (0, 0)
16 Jan 2025 22:27:49 GMT Roślinka wyrosła na (2, 0)
16 Jan 2025 22:27:49 GMT Roślinka wyrosła na (4, 8)
16 Jan 2025 22:27:49 GMT Roślinka wyrosła na (5, 8)
16 Jan 2025 22:27:49 GMT Roślinka wyrosła na (2, 4)
16 Jan 2025 22:27:49 GMT Roślinka wyrosła na (8, 7)
16 Jan 2025 22:27:49 GMT Roślinka wyrosła na (9, 9)
16 Jan 2025 22:27:49 GMT Roślinka wyrosła na (4, 4)
16 Jan 2025 22:27:49 GMT Roślinka wyrosła na (5, 4)
16 Jan 2025 22:27:49 GMT Roślinka wyrosła na (0, 9)
16 Jan 2025 22:27:49 GMT Zwierzę umarło na (5, 2)
16 Jan 2025 22:27:49 GMT Długość listy pozycji: 8
Lista pozycji zwierząt: {(5, 5)=[◤, v, ^], (4, 5)=[v], (2, 4)=[^], (0, 6)=[^], (1, 9)=[^], (0, 8)=[^], (9, 4)=[^], (5, 2)=[◢, ^]}
16 Jan 2025 22:27:49 GMT Zwierzę poruszyło się z (1, 8) na (1, 9)
16 Jan 2025 22:27:49 GMT Długość listy pozycji: 9
Lista pozycji zwierząt: {(4, 4)=[◣], (5, 5)=[◤, ^], (4, 5)=[v], (2, 4)=[^], (0, 6)=[^], (1, 9)=[^], (0, 8)=[^], (9, 4)=[^], (5, 2)=[◢, ^]}
16 Jan 2025 22:27:49 GMT Zwierzę poruszyło się z (5, 5) na (4, 4)
16 Jan 2025 22:27:49 GMT Długość listy pozycji: 9
Lista pozycji zwierząt: {(4, 4)=[◣], (5, 5)=[◤, ^], (4, 5)=[v], (2, 4)=[^], (0, 6)=[^], (1, 9)=[^], (0, 9)=[^], (9, 4)=[^], (5, 2)=[◢, ^]}
16 Jan 2025 22:27:49 GMT Zwierzę poruszyło się z (0, 8) na (0, 9)
16 Jan 2025 22:27:49 GMT Długość listy pozycji: 10
Lista pozycji zwierząt: {(4, 4)=[◣], (5, 5)=[◤, ^], (4, 5)=[v], (2, 4)=[^], (0, 6)=[^], (1, 9)=[^], (0, 9)=[^], (9, 4)=[^], (5, 1)=[v], (5, 2)=[◢]}
16 Jan 2025 22:27:49 GMT Zwierzę poruszyło się z (5, 2) na (5, 1)
16 Jan 2025 22:27:49 GMT Długość listy pozycji: 10
Lista pozycji zwierząt: {(4, 4)=[◣], (5, 5)=[◤, ^], (5, 6)=[◥], (2, 4)=[^], (0, 6)=[^], (1, 9)=[^], (0, 9)=[^], (9, 4)=[^], (5, 1)=[v], (5, 2)=[◢]}
16 Jan 2025 22:27:49 GMT Zwierzę poruszyło się z (4, 5) na (5, 6)
16 Jan 2025 22:27:49 GMT Długość listy pozycji: 10
Lista pozycji zwierząt: {(4, 4)=[◣], (5, 5)=[◤, ^], (5, 6)=[◥], (2, 4)=[^], (0, 4)=[>], (0, 6)=[^], (1, 9)=[^], (0, 9)=[^], (5, 1)=[v], (5, 2)=[◢]}
16 Jan 2025 22:27:49 GMT Zwierzę poruszyło się z (9, 4) na (0, 4)
16 Jan 2025 22:27:49 GMT Długość listy pozycji: 10
Lista pozycji zwierząt: {(4, 4)=[◣], (5, 5)=[◤, ^], (3, 4)=[>], (5, 6)=[◥], (0, 4)=[>], (0, 6)=[^], (1, 9)=[^], (0, 9)=[^], (5, 1)=[v], (5, 2)=[◢]}
16 Jan 2025 22:27:49 GMT Zwierzę poruszyło się z (2, 4) na (3, 4)
16 Jan 2025 22:27:49 GMT Długość listy pozycji: 11
Lista pozycji zwierząt: {(4, 4)=[◣], (5, 5)=[◤], (4, 5)=[<], (3, 4)=[>], (5, 6)=[◥], (0, 4)=[>], (0, 6)=[^], (1, 9)=[^], (0, 9)=[^], (5, 1)=[v], (5, 2)=[◢]}
16 Jan 2025 22:27:49 GMT Zwierzę poruszyło się z (5, 5) na (4, 5)
16 Jan 2025 22:27:49 GMT Zwierzę zjadło roślinkę na (4, 4)
16 Jan 2025 22:27:49 GMT Zwierzę zjadło roślinkę na (0, 9)
16 Jan 2025 22:27:49 GMT Roślinka wyrosła na (9, 7)
16 Jan 2025 22:27:49 GMT Roślinka wyrosła na (8, 8)
16 Jan 2025 22:27:49 GMT Roślinka wyrosła na (6, 0)
16 Jan 2025 22:27:49 GMT Roślinka wyrosła na (5, 7)
16 Jan 2025 22:27:49 GMT Roślinka wyrosła na (2, 3)
16 Jan 2025 22:27:49 GMT Roślinka wyrosła na (3, 9)
16 Jan 2025 22:27:49 GMT Roślinka wyrosła na (9, 1)
16 Jan 2025 22:27:49 GMT Roślinka wyrosła na (6, 2)
16 Jan 2025 22:27:49 GMT Roślinka wyrosła na (3, 7)
16 Jan 2025 22:27:49 GMT Roślinka wyrosła na (5, 2)
16 Jan 2025 22:27:49 GMT Długość listy pozycji: 11
Lista pozycji zwierząt: {(4, 4)=[◣], (5, 5)=[◤], (4, 5)=[<], (3, 4)=[>], (5, 6)=[◥], (0, 4)=[>], (0, 6)=[^], (1, 9)=[v], (0, 9)=[^], (5, 1)=[v], (5, 2)=[◢]}
16 Jan 2025 22:27:49 GMT Zwierzę poruszyło się z (1, 9) na (1, 9)
16 Jan 2025 22:27:49 GMT Długość listy pozycji: 10
Lista pozycji zwierząt: {(5, 5)=[◤], (4, 5)=[<], (3, 4)=[<, >], (5, 6)=[◥], (0, 4)=[>], (0, 6)=[^], (1, 9)=[v], (0, 9)=[^], (5, 1)=[v], (5, 2)=[◢]}
16 Jan 2025 22:27:49 GMT Zwierzę poruszyło się z (4, 4) na (3, 4)
16 Jan 2025 22:27:49 GMT Długość listy pozycji: 10
Lista pozycji zwierząt: {(5, 5)=[◤], (4, 5)=[<], (3, 4)=[<, >], (5, 6)=[◥], (0, 4)=[>], (0, 6)=[^], (1, 9)=[v], (0, 9)=[v], (5, 1)=[v], (5, 2)=[◢]}
16 Jan 2025 22:27:49 GMT Zwierzę poruszyło się z (0, 9) na (0, 9)
16 Jan 2025 22:27:49 GMT Długość listy pozycji: 9
Lista pozycji zwierząt: {(5, 5)=[◤], (4, 5)=[<], (3, 4)=[<, >], (5, 6)=[◥], (0, 4)=[>], (0, 6)=[^], (1, 9)=[v], (0, 9)=[v], (5, 2)=[◢, ^]}
16 Jan 2025 22:27:49 GMT Zwierzę poruszyło się z (5, 1) na (5, 2)
16 Jan 2025 22:27:49 GMT Długość listy pozycji: 9
Lista pozycji zwierząt: {(5, 5)=[◤], (4, 5)=[<], (3, 4)=[<, >], (4, 6)=[<], (0, 4)=[>], (0, 6)=[^], (1, 9)=[v], (0, 9)=[v], (5, 2)=[◢, ^]}
16 Jan 2025 22:27:49 GMT Zwierzę poruszyło się z (5, 6) na (4, 6)
16 Jan 2025 22:27:49 GMT Długość listy pozycji: 9
Lista pozycji zwierząt: {(5, 5)=[◤], (4, 5)=[<], (3, 4)=[<, >], (4, 6)=[<], (0, 3)=[v], (0, 6)=[^], (1, 9)=[v], (0, 9)=[v], (5, 2)=[◢, ^]}
16 Jan 2025 22:27:49 GMT Zwierzę poruszyło się z (0, 4) na (0, 3)
16 Jan 2025 22:27:49 GMT Długość listy pozycji: 10
Lista pozycji zwierząt: {(3, 3)=[v], (5, 5)=[◤], (4, 5)=[<], (3, 4)=[<], (4, 6)=[<], (0, 3)=[v], (0, 6)=[^], (1, 9)=[v], (0, 9)=[v], (5, 2)=[◢, ^]}
16 Jan 2025 22:27:49 GMT Zwierzę poruszyło się z (3, 4) na (3, 3)
16 Jan 2025 22:27:49 GMT Długość listy pozycji: 10
Lista pozycji zwierząt: {(4, 4)=[v], (3, 3)=[v], (5, 5)=[◤], (3, 4)=[<], (4, 6)=[<], (0, 3)=[v], (0, 6)=[^], (1, 9)=[v], (0, 9)=[v], (5, 2)=[◢, ^]}
16 Jan 2025 22:27:49 GMT Zwierzę poruszyło się z (4, 5) na (4, 4)
16 Jan 2025 22:27:49 GMT Zwierzę zjadło roślinkę na (3, 3)
16 Jan 2025 22:27:49 GMT Zwierzę zjadło roślinkę na (4, 6)
16 Jan 2025 22:27:49 GMT Zwierzę zjadło roślinkę na (0, 3)
16 Jan 2025 22:27:49 GMT Zwierzę zjadło roślinkę na (5, 2)
16 Jan 2025 22:27:49 GMT Zwierze zostało położone na (5, 2)
16 Jan 2025 22:27:49 GMT Urodziło się nowe zwierzę na (5, 2)
16 Jan 2025 22:27:49 GMT Roślinka wyrosła na (6, 7)
16 Jan 2025 22:27:49 GMT Roślinka wyrosła na (2, 9)
16 Jan 2025 22:27:49 GMT Roślinka wyrosła na (1, 1)
16 Jan 2025 22:27:49 GMT Roślinka wyrosła na (2, 1)
16 Jan 2025 22:27:49 GMT Roślinka wyrosła na (9, 3)
16 Jan 2025 22:27:49 GMT Roślinka wyrosła na (2, 8)
16 Jan 2025 22:27:49 GMT Roślinka wyrosła na (0, 7)
16 Jan 2025 22:27:49 GMT Roślinka wyrosła na (4, 0)
16 Jan 2025 22:27:49 GMT Roślinka wyrosła na (0, 8)
16 Jan 2025 22:27:49 GMT Roślinka wyrosła na (7, 4)
16 Jan 2025 22:27:49 GMT Długość listy pozycji: 10
Lista pozycji zwierząt: {(4, 4)=[v], (3, 3)=[v], (5, 5)=[◤], (3, 4)=[<], (4, 6)=[<], (0, 3)=[v], (0, 6)=[^], (1, 8)=[v], (0, 9)=[v], (5, 2)=[◥, ◢, ^]}
16 Jan 2025 22:27:49 GMT Zwierzę poruszyło się z (1, 9) na (1, 8)
16 Jan 2025 22:27:49 GMT Długość listy pozycji: 10
Lista pozycji zwierząt: {(4, 4)=[v], (3, 3)=[v], (5, 5)=[◤], (4, 6)=[<], (2, 5)=[◤], (0, 3)=[v], (0, 6)=[^], (1, 8)=[v], (0, 9)=[v], (5, 2)=[◥, ◢, ^]}
16 Jan 2025 22:27:49 GMT Zwierzę poruszyło się z (3, 4) na (2, 5)
16 Jan 2025 22:27:49 GMT Długość listy pozycji: 10
Lista pozycji zwierząt: {(4, 4)=[v], (3, 3)=[v], (5, 5)=[◤], (4, 6)=[<], (2, 5)=[◤], (0, 3)=[v], (0, 6)=[^], (1, 8)=[v], (0, 8)=[v], (5, 2)=[◥, ◢, ^]}
16 Jan 2025 22:27:49 GMT Zwierzę poruszyło się z (0, 9) na (0, 8)
16 Jan 2025 22:27:49 GMT Długość listy pozycji: 11
Lista pozycji zwierząt: {(4, 4)=[v], (3, 3)=[v], (5, 5)=[◤], (4, 6)=[<], (2, 5)=[◤], (0, 3)=[v], (0, 6)=[^], (1, 8)=[v], (0, 8)=[v], (5, 1)=[v], (5, 2)=[◥, ◢]}
16 Jan 2025 22:27:49 GMT Zwierzę poruszyło się z (5, 2) na (5, 1)
16 Jan 2025 22:27:49 GMT Długość listy pozycji: 10
Lista pozycji zwierząt: {(4, 4)=[v], (3, 3)=[v], (5, 5)=[◢, ◤], (2, 5)=[◤], (0, 3)=[v], (0, 6)=[^], (1, 8)=[v], (0, 8)=[v], (5, 1)=[v], (5, 2)=[◥, ◢]}
16 Jan 2025 22:27:49 GMT Zwierzę poruszyło się z (4, 6) na (5, 5)
16 Jan 2025 22:27:49 GMT Długość listy pozycji: 10
Lista pozycji zwierząt: {(4, 4)=[v], (3, 3)=[v], (5, 5)=[◢, ◤], (2, 5)=[◤], (0, 6)=[^], (1, 8)=[v], (0, 8)=[v], (9, 3)=[<], (5, 1)=[v], (5, 2)=[◥, ◢]}
16 Jan 2025 22:27:49 GMT Zwierzę poruszyło się z (0, 3) na (9, 3)
16 Jan 2025 22:27:49 GMT Długość listy pozycji: 10
Lista pozycji zwierząt: {(4, 4)=[v], (5, 5)=[◢, ◤], (2, 3)=[<], (2, 5)=[◤], (0, 6)=[^], (1, 8)=[v], (0, 8)=[v], (9, 3)=[<], (5, 1)=[v], (5, 2)=[◥, ◢]}
16 Jan 2025 22:27:49 GMT Zwierzę poruszyło się z (3, 3) na (2, 3)
16 Jan 2025 22:27:49 GMT Długość listy pozycji: 10
Lista pozycji zwierząt: {(5, 4)=[>], (5, 5)=[◢, ◤], (2, 3)=[<], (2, 5)=[◤], (0, 6)=[^], (1, 8)=[v], (0, 8)=[v], (9, 3)=[<], (5, 1)=[v], (5, 2)=[◥, ◢]}
16 Jan 2025 22:27:49 GMT Zwierzę poruszyło się z (4, 4) na (5, 4)
16 Jan 2025 22:27:49 GMT Zwierzę zjadło roślinkę na (5, 4)
16 Jan 2025 22:27:49 GMT Zwierzę zjadło roślinkę na (2, 3)
16 Jan 2025 22:27:49 GMT Zwierzę zjadło roślinkę na (2, 5)
16 Jan 2025 22:27:49 GMT Zwierzę zjadło roślinkę na (0, 8)
16 Jan 2025 22:27:49 GMT Zwierzę zjadło roślinkę na (9, 3)
16 Jan 2025 22:27:49 GMT Zwierze zostało położone na (5, 5)
16 Jan 2025 22:27:49 GMT Urodziło się nowe zwierzę na (5, 5)
16 Jan 2025 22:27:49 GMT Zwierze zostało położone na (5, 2)
16 Jan 2025 22:27:49 GMT Urodziło się nowe zwierzę na (5, 2)
16 Jan 2025 22:27:49 GMT Roślinka wyrosła na (1, 9)
16 Jan 2025 22:27:49 GMT Roślinka wyrosła na (0, 4)
16 Jan 2025 22:27:49 GMT Roślinka wyrosła na (4, 9)
16 Jan 2025 22:27:49 GMT Roślinka wyrosła na (9, 2)
16 Jan 2025 22:27:49 GMT Roślinka wyrosła na (4, 2)
16 Jan 2025 22:27:49 GMT Roślinka wyrosła na (6, 8)
16 Jan 2025 22:27:49 GMT Roślinka wyrosła na (7, 1)
16 Jan 2025 22:27:49 GMT Roślinka wyrosła na (1, 3)
16 Jan 2025 22:27:49 GMT Roślinka wyrosła na (8, 2)
16 Jan 2025 22:27:49 GMT Roślinka wyrosła na (7, 3)
16 Jan 2025 22:27:49 GMT Długość listy pozycji: 10
Lista pozycji zwierząt: {(5, 4)=[>], (5, 5)=[◢, ◤, ◣], (2, 3)=[<], (2, 5)=[◤], (1, 7)=[v], (0, 6)=[^], (0, 8)=[v], (9, 3)=[<], (5, 1)=[v], (5, 2)=[<, ◥, ◢]}
16 Jan 2025 22:27:49 GMT Zwierzę poruszyło się z (1, 8) na (1, 7)
16 Jan 2025 22:27:49 GMT Długość listy pozycji: 10
Lista pozycji zwierząt: {(5, 4)=[>], (5, 5)=[◢, ◤, ◣], (2, 3)=[<], (2, 6)=[^], (1, 7)=[v], (0, 6)=[^], (0, 8)=[v], (9, 3)=[<], (5, 1)=[v], (5, 2)=[<, ◥, ◢]}
16 Jan 2025 22:27:49 GMT Zwierzę poruszyło się z (2, 5) na (2, 6)
16 Jan 2025 22:27:49 GMT Długość listy pozycji: 10
Lista pozycji zwierząt: {(5, 4)=[>], (5, 5)=[◢, ◤, ◣], (2, 3)=[<], (2, 6)=[^], (1, 7)=[v], (0, 6)=[^], (0, 7)=[v], (9, 3)=[<], (5, 1)=[v], (5, 2)=[<, ◥, ◢]}
16 Jan 2025 22:27:49 GMT Zwierzę poruszyło się z (0, 8) na (0, 7)
16 Jan 2025 22:27:50 GMT Długość listy pozycji: 9
Lista pozycji zwierząt: {(5, 4)=[>], (5, 5)=[◢, ◤, ◣], (2, 3)=[<], (2, 6)=[^], (1, 7)=[v], (0, 6)=[^], (0, 7)=[v], (9, 3)=[<], (5, 2)=[<, ^, ◥, ◢]}
16 Jan 2025 22:27:50 GMT Zwierzę poruszyło się z (5, 1) na (5, 2)
16 Jan 2025 22:27:50 GMT Długość listy pozycji: 10
Lista pozycji zwierząt: {(5, 4)=[>], (5, 5)=[^, ◤, ◣], (5, 6)=[^], (2, 3)=[<], (2, 6)=[^], (1, 7)=[v], (0, 6)=[^], (0, 7)=[v], (9, 3)=[<], (5, 2)=[<, ^, ◥, ◢]}
16 Jan 2025 22:27:50 GMT Zwierzę poruszyło się z (5, 5) na (5, 6)
16 Jan 2025 22:27:50 GMT Długość listy pozycji: 10
Lista pozycji zwierząt: {(5, 4)=[>], (5, 5)=[^, ◤, ◣], (5, 6)=[^], (2, 3)=[<], (2, 6)=[^], (1, 7)=[v], (0, 6)=[^], (0, 7)=[v], (9, 4)=[^], (5, 2)=[<, ^, ◥, ◢]}
16 Jan 2025 22:27:50 GMT Zwierzę poruszyło się z (9, 3) na (9, 4)
16 Jan 2025 22:27:50 GMT Długość listy pozycji: 10
Lista pozycji zwierząt: {(5, 4)=[>], (5, 5)=[^, ◤, ◣], (5, 6)=[^], (2, 4)=[^], (2, 6)=[^], (1, 7)=[v], (0, 6)=[^], (0, 7)=[v], (9, 4)=[^], (5, 2)=[<, ^, ◥, ◢]}
16 Jan 2025 22:27:50 GMT Zwierzę poruszyło się z (2, 3) na (2, 4)
16 Jan 2025 22:27:50 GMT Długość listy pozycji: 9
Lista pozycji zwierząt: {(5, 5)=[^, ◤, ◣, ^], (5, 6)=[^], (2, 4)=[^], (2, 6)=[^], (1, 7)=[v], (0, 6)=[^], (0, 7)=[v], (9, 4)=[^], (5, 2)=[<, ^, ◥, ◢]}
16 Jan 2025 22:27:50 GMT Zwierzę poruszyło się z (5, 4) na (5, 5)
16 Jan 2025 22:27:50 GMT Zwierzę zjadło roślinkę na (2, 4)
16 Jan 2025 22:27:50 GMT Zwierzę zjadło roślinkę na (2, 6)
16 Jan 2025 22:27:50 GMT Zwierzę zjadło roślinkę na (0, 7)
16 Jan 2025 22:27:50 GMT Zwierze zostało położone na (5, 5)
16 Jan 2025 22:27:50 GMT Urodziło się nowe zwierzę na (5, 5)
16 Jan 2025 22:27:50 GMT Zwierze zostało położone na (5, 2)
16 Jan 2025 22:27:50 GMT Urodziło się nowe zwierzę na (5, 2)
16 Jan 2025 22:27:50 GMT Roślinka wyrosła na (8, 4)
16 Jan 2025 22:27:50 GMT Roślinka wyrosła na (6, 1)
16 Jan 2025 22:27:50 GMT Roślinka wyrosła na (5, 1)
16 Jan 2025 22:27:50 GMT Roślinka wyrosła na (7, 8)
16 Jan 2025 22:27:50 GMT Roślinka wyrosła na (1, 2)
16 Jan 2025 22:27:50 GMT Roślinka wyrosła na (0, 2)
16 Jan 2025 22:27:50 GMT Roślinka wyrosła na (6, 9)
16 Jan 2025 22:27:50 GMT Roślinka wyrosła na (3, 0)
16 Jan 2025 22:27:50 GMT Roślinka wyrosła na (1, 4)
16 Jan 2025 22:27:50 GMT Roślinka wyrosła na (7, 9)
16 Jan 2025 22:27:50 GMT Długość listy pozycji: 9
Lista pozycji zwierząt: {(5, 5)=[^, ◤, v, ◣, ^], (5, 6)=[^], (2, 4)=[^], (2, 6)=[^], (1, 6)=[v], (0, 6)=[^], (0, 7)=[v], (9, 4)=[^], (5, 2)=[>, <, ^, ◥, ◢]}
16 Jan 2025 22:27:50 GMT Zwierzę poruszyło się z (1, 7) na (1, 6)
16 Jan 2025 22:27:50 GMT Długość listy pozycji: 9
Lista pozycji zwierząt: {(5, 5)=[^, ◤, v, ◣, ^], (5, 6)=[^], (2, 4)=[^], (3, 7)=[◥], (1, 6)=[v], (0, 6)=[^], (0, 7)=[v], (9, 4)=[^], (5, 2)=[>, <, ^, ◥, ◢]}
16 Jan 2025 22:27:50 GMT Zwierzę poruszyło się z (2, 6) na (3, 7)
16 Jan 2025 22:27:50 GMT Długość listy pozycji: 8
Lista pozycji zwierząt: {(5, 5)=[^, ◤, v, ◣, ^], (5, 6)=[^], (2, 4)=[^], (3, 7)=[◥], (1, 6)=[v], (0, 6)=[v, ^], (9, 4)=[^], (5, 2)=[>, <, ^, ◥, ◢]}
16 Jan 2025 22:27:50 GMT Zwierzę poruszyło się z (0, 7) na (0, 6)
16 Jan 2025 22:27:50 GMT Długość listy pozycji: 9
Lista pozycji zwierząt: {(5, 5)=[^, ◤, v, ◣, ^], (5, 6)=[^], (2, 4)=[^], (3, 7)=[◥], (1, 6)=[v], (0, 6)=[v, ^], (9, 4)=[^], (5, 1)=[v], (5, 2)=[>, <, v, ◥, ◢]}
16 Jan 2025 22:27:50 GMT Zwierzę poruszyło się z (5, 2) na (5, 1)
16 Jan 2025 22:27:50 GMT Długość listy pozycji: 9
Lista pozycji zwierząt: {(5, 5)=[◣, ◤, v, ◣, ^], (4, 5)=[◣], (2, 4)=[^], (3, 7)=[◥], (1, 6)=[v], (0, 6)=[v, ^], (9, 4)=[^], (5, 1)=[v], (5, 2)=[>, <, v, ◥, ◢]}
16 Jan 2025 22:27:50 GMT Zwierzę poruszyło się z (5, 6) na (4, 5)
16 Jan 2025 22:27:50 GMT Długość listy pozycji: 9
Lista pozycji zwierząt: {(5, 5)=[◣, ◤, v, ◣, ^], (4, 5)=[◣], (2, 4)=[^], (0, 4)=[>], (3, 7)=[◥], (1, 6)=[v], (0, 6)=[v, ^], (5, 1)=[v], (5, 2)=[>, <, v, ◥, ◢]}
16 Jan 2025 22:27:50 GMT Zwierzę poruszyło się z (9, 4) na (0, 4)
16 Jan 2025 22:27:50 GMT Długość listy pozycji: 9
Lista pozycji zwierząt: {(5, 5)=[◣, ◤, v, ◣, ^], (3, 4)=[>], (4, 5)=[◣], (0, 4)=[>], (3, 7)=[◥], (1, 6)=[v], (0, 6)=[v, ^], (5, 1)=[v], (5, 2)=[>, <, v, ◥, ◢]}
16 Jan 2025 22:27:50 GMT Zwierzę poruszyło się z (2, 4) na (3, 4)
16 Jan 2025 22:27:50 GMT Długość listy pozycji: 9
Lista pozycji zwierząt: {(5, 5)=[◣, ◤, v, ◣], (3, 4)=[>], (4, 5)=[◣, <], (0, 4)=[>], (3, 7)=[◥], (1, 6)=[v], (0, 6)=[v, ^], (5, 1)=[v], (5, 2)=[>, <, v, ◥, ◢]}
16 Jan 2025 22:27:50 GMT Zwierzę poruszyło się z (5, 5) na (4, 5)
16 Jan 2025 22:27:50 GMT Zwierzę zjadło roślinkę na (0, 4)
16 Jan 2025 22:27:50 GMT Zwierzę zjadło roślinkę na (3, 7)
16 Jan 2025 22:27:50 GMT Zwierzę zjadło roślinkę na (1, 6)
16 Jan 2025 22:27:50 GMT Zwierzę zjadło roślinkę na (5, 1)
16 Jan 2025 22:27:50 GMT Zwierze zostało położone na (5, 5)
16 Jan 2025 22:27:50 GMT Urodziło się nowe zwierzę na (5, 5)
16 Jan 2025 22:27:50 GMT Zwierze zostało położone na (4, 5)
16 Jan 2025 22:27:50 GMT Urodziło się nowe zwierzę na (4, 5)
16 Jan 2025 22:27:50 GMT Zwierze zostało położone na (0, 6)
16 Jan 2025 22:27:50 GMT Urodziło się nowe zwierzę na (0, 6)
16 Jan 2025 22:27:50 GMT Zwierze zostało położone na (5, 2)
16 Jan 2025 22:27:50 GMT Urodziło się nowe zwierzę na (5, 2)
16 Jan 2025 22:27:50 GMT Roślinka wyrosła na (3, 2)
16 Jan 2025 22:27:50 GMT Roślinka wyrosła na (6, 4)
16 Jan 2025 22:27:50 GMT Roślinka wyrosła na (9, 4)
16 Jan 2025 22:27:50 GMT Roślinka wyrosła na (6, 3)
16 Jan 2025 22:27:50 GMT Roślinka wyrosła na (3, 4)
16 Jan 2025 22:27:50 GMT Roślinka wyrosła na (4, 3)
16 Jan 2025 22:27:50 GMT Roślinka wyrosła na (5, 0)
16 Jan 2025 22:27:50 GMT Roślinka wyrosła na (2, 7)
16 Jan 2025 22:27:50 GMT Roślinka wyrosła na (5, 3)
16 Jan 2025 22:27:50 GMT Roślinka wyrosła na (2, 2)
16 Jan 2025 22:27:50 GMT Zwierzę umarło na (4, 5)
16 Jan 2025 22:27:50 GMT Zwierzę umarło na (4, 5)
16 Jan 2025 22:27:50 GMT Długość listy pozycji: 9
Lista pozycji zwierząt: {(5, 5)=[◢, ◣, ◤, v, ◣], (3, 4)=[>], (4, 5)=[◣], (1, 5)=[v], (0, 4)=[>], (3, 7)=[◥], (0, 6)=[v, ^, ◥], (5, 1)=[v], (5, 2)=[<, >, <, v, ◥, ◢]}
16 Jan 2025 22:27:50 GMT Zwierzę poruszyło się z (1, 6) na (1, 5)
16 Jan 2025 22:27:50 GMT Długość listy pozycji: 9
Lista pozycji zwierząt: {(5, 5)=[◢, ◣, ◤, v, ◣], (3, 4)=[>], (4, 5)=[◣], (4, 7)=[>], (1, 5)=[v], (0, 4)=[>], (0, 6)=[v, ^, ◥], (5, 1)=[v], (5, 2)=[<, >, <, v, ◥, ◢]}
16 Jan 2025 22:27:50 GMT Zwierzę poruszyło się z (3, 7) na (4, 7)
16 Jan 2025 22:27:50 GMT Długość listy pozycji: 10
Lista pozycji zwierząt: {(5, 5)=[◢, ◣, ◤, v, ◣], (3, 4)=[>], (4, 5)=[◣], (4, 7)=[>], (1, 5)=[v], (0, 4)=[>], (0, 5)=[v], (0, 6)=[v, ^, ◥], (5, 1)=[v], (5, 2)=[<, >, <, v, ◥, ◢]}
16 Jan 2025 22:27:50 GMT Zwierzę poruszyło się z (0, 6) na (0, 5)
16 Jan 2025 22:27:50 GMT Długość listy pozycji: 9
Lista pozycji zwierząt: {(5, 5)=[◢, ◣, ◤, v, ◣], (3, 4)=[>], (4, 5)=[◣], (4, 7)=[>], (1, 5)=[v], (0, 4)=[>], (0, 5)=[v], (0, 6)=[v, ^, ◥], (5, 2)=[<, ^, >, <, ^, ◥, ◢]}
16 Jan 2025 22:27:50 GMT Zwierzę poruszyło się z (5, 1) na (5, 2)
16 Jan 2025 22:27:50 GMT Długość listy pozycji: 9
Lista pozycji zwierząt: {(5, 5)=[◢, ◣, ◤, v, ◣], (3, 4)=[>], (4, 5)=[◣], (0, 3)=[v], (4, 7)=[>], (1, 5)=[v], (0, 5)=[v], (0, 6)=[v, ^, ◥], (5, 2)=[<, ^, >, <, ^, ◥, ◢]}
16 Jan 2025 22:27:50 GMT Zwierzę poruszyło się z (0, 4) na (0, 3)
16 Jan 2025 22:27:50 GMT Długość listy pozycji: 9
Lista pozycji zwierząt: {(3, 3)=[v], (5, 5)=[◢, ◣, ◤, v, ◣], (4, 5)=[◣], (0, 3)=[v], (4, 7)=[>], (1, 5)=[v], (0, 5)=[v], (0, 6)=[v, ^, ◥], (5, 2)=[<, ^, >, <, ^, ◥, ◢]}
16 Jan 2025 22:27:50 GMT Zwierzę poruszyło się z (3, 4) na (3, 3)
16 Jan 2025 22:27:50 GMT Zwierzę zjadło roślinkę na (1, 5)
16 Jan 2025 22:27:50 GMT Zwierzę zjadło roślinkę na (0, 5)
16 Jan 2025 22:27:50 GMT Zwierze zostało położone na (5, 5)
16 Jan 2025 22:27:50 GMT Urodziło się nowe zwierzę na (5, 5)
16 Jan 2025 22:27:50 GMT Zwierze zostało położone na (0, 5)
16 Jan 2025 22:27:50 GMT Urodziło się nowe zwierzę na (0, 6)
16 Jan 2025 22:27:51 GMT Zwierze zostało położone na (5, 2)
16 Jan 2025 22:27:51 GMT Urodziło się nowe zwierzę na (5, 2)
16 Jan 2025 22:27:51 GMT Roślinka wyrosła na (3, 8)
16 Jan 2025 22:27:51 GMT Roślinka wyrosła na (8, 0)
16 Jan 2025 22:27:51 GMT Roślinka wyrosła na (8, 1)
16 Jan 2025 22:27:51 GMT Roślinka wyrosła na (5, 9)
16 Jan 2025 22:27:51 GMT Roślinka wyrosła na (3, 1)
16 Jan 2025 22:27:51 GMT Roślinka wyrosła na (4, 7)
16 Jan 2025 22:27:51 GMT Roślinka wyrosła na (7, 2)
16 Jan 2025 22:27:51 GMT Roślinka wyrosła na (0, 1)
16 Jan 2025 22:27:51 GMT Roślinka wyrosła na (9, 8)
16 Jan 2025 22:27:51 GMT Roślinka wyrosła na (1, 7)
16 Jan 2025 22:27:51 GMT Długość listy pozycji: 9
Lista pozycji zwierząt: {(3, 3)=[v], (5, 5)=[<, ◢, ◣, ◤, v, ◣], (4, 5)=[◣], (1, 4)=[v], (0, 3)=[v], (4, 7)=[>], (0, 5)=[◣, v], (0, 6)=[v, ^, ◥], (5, 2)=[<, <, ^, >, <, ^, ◥, ◢]}
16 Jan 2025 22:27:51 GMT Zwierzę poruszyło się z (1, 5) na (1, 4)
16 Jan 2025 22:27:51 GMT Długość listy pozycji: 9
Lista pozycji zwierząt: {(3, 3)=[v], (5, 5)=[<, ◢, ◣, ◤, v, ◣], (5, 6)=[◢], (4, 5)=[◣], (1, 4)=[v], (0, 3)=[v], (0, 5)=[◣, v], (0, 6)=[v, ^, ◥], (5, 2)=[<, <, ^, >, <, ^, ◥, ◢]}
16 Jan 2025 22:27:51 GMT Zwierzę poruszyło się z (4, 7) na (5, 6)
16 Jan 2025 22:27:51 GMT Długość listy pozycji: 10
Lista pozycji zwierząt: {(3, 3)=[v], (5, 5)=[<, ◢, ◣, ◤, v, ◣], (5, 6)=[◢], (4, 5)=[◣], (1, 4)=[v], (0, 3)=[v], (0, 4)=[v], (0, 5)=[◣], (0, 6)=[v, ^, ◥], (5, 2)=[<, <, ^, >, <, ^, ◥, ◢]}
16 Jan 2025 22:27:51 GMT Zwierzę poruszyło się z (0, 5) na (0, 4)
16 Jan 2025 22:27:51 GMT Długość listy pozycji: 11
Lista pozycji zwierząt: {(3, 3)=[v], (5, 5)=[<, ◢, ◣, ◤, v, ◣], (5, 6)=[◢], (4, 5)=[◣], (1, 4)=[v], (0, 3)=[v], (0, 4)=[v], (0, 5)=[◣], (0, 6)=[v, ^, ◥], (5, 1)=[v], (5, 2)=[<, <, >, <, v, ◥, ◢]}
16 Jan 2025 22:27:51 GMT Zwierzę poruszyło się z (5, 2) na (5, 1)
16 Jan 2025 22:27:51 GMT Długość listy pozycji: 11
Lista pozycji zwierząt: {(3, 3)=[v], (5, 5)=[<, ◢, ◣, ◤, v, ◣], (5, 6)=[◢], (4, 5)=[◣], (1, 4)=[v], (0, 4)=[v], (0, 5)=[◣], (0, 6)=[v, ^, ◥], (9, 3)=[<], (5, 1)=[v], (5, 2)=[<, <, >, <, v, ◥, ◢]}
16 Jan 2025 22:27:51 GMT Zwierzę poruszyło się z (0, 3) na (9, 3)
16 Jan 2025 22:27:51 GMT Długość listy pozycji: 11
Lista pozycji zwierząt: {(5, 5)=[<, ◢, ◣, ◤, v, ◣], (2, 3)=[<], (5, 6)=[◢], (4, 5)=[◣], (1, 4)=[v], (0, 4)=[v], (0, 5)=[◣], (0, 6)=[v, ^, ◥], (9, 3)=[<], (5, 1)=[v], (5, 2)=[<, <, >, <, v, ◥, ◢]}
16 Jan 2025 22:27:51 GMT Zwierzę poruszyło się z (3, 3) na (2, 3)
16 Jan 2025 22:27:51 GMT Zwierzę zjadło roślinkę na (1, 4)
16 Jan 2025 22:27:51 GMT Zwierze zostało położone na (5, 5)
16 Jan 2025 22:27:51 GMT Urodziło się nowe zwierzę na (5, 5)
16 Jan 2025 22:27:51 GMT Zwierze zostało położone na (0, 4)
16 Jan 2025 22:27:51 GMT Urodziło się nowe zwierzę na (0, 6)
16 Jan 2025 22:27:51 GMT Zwierze zostało położone na (5, 2)
16 Jan 2025 22:27:51 GMT Urodziło się nowe zwierzę na (5, 2)
16 Jan 2025 22:27:51 GMT Roślinka wyrosła na null
16 Jan 2025 22:27:51 GMT Roślinka wyrosła na null
16 Jan 2025 22:27:51 GMT Roślinka wyrosła na null
16 Jan 2025 22:27:51 GMT Roślinka wyrosła na null
16 Jan 2025 22:27:51 GMT Roślinka wyrosła na null
16 Jan 2025 22:27:51 GMT Roślinka wyrosła na null
16 Jan 2025 22:27:51 GMT Roślinka wyrosła na null
16 Jan 2025 22:27:51 GMT Roślinka wyrosła na null
16 Jan 2025 22:27:51 GMT Roślinka wyrosła na null
16 Jan 2025 22:27:51 GMT Roślinka wyrosła na null
16 Jan 2025 22:27:51 GMT Zwierzę umarło na (0, 4)
16 Jan 2025 22:27:51 GMT Długość listy pozycji: 11
Lista pozycji zwierząt: {(5, 5)=[<, <, ◢, ◣, ◤, v, ◣], (2, 3)=[<], (5, 6)=[◢], (4, 5)=[◣], (1, 3)=[v], (0, 4)=[<], (0, 5)=[◣], (0, 6)=[v, ^, ◥], (9, 3)=[<], (5, 1)=[v], (5, 2)=[◣, <, <, >, <, v, ◥, ◢]}
16 Jan 2025 22:27:51 GMT Zwierzę poruszyło się z (1, 4) na (1, 3)
16 Jan 2025 22:27:51 GMT Długość listy pozycji: 10
Lista pozycji zwierząt: {(5, 5)=[v, <, <, ◢, ◣, ◤, v, ◣], (2, 3)=[<], (4, 5)=[◣], (1, 3)=[v], (0, 4)=[<], (0, 5)=[◣], (0, 6)=[v, ^, ◥], (9, 3)=[<], (5, 1)=[v], (5, 2)=[◣, <, <, >, <, v, ◥, ◢]}
16 Jan 2025 22:27:51 GMT Zwierzę poruszyło się z (5, 6) na (5, 5)
16 Jan 2025 22:27:51 GMT Długość listy pozycji: 9
Lista pozycji zwierząt: {(5, 5)=[v, <, <, ◢, ◣, ◤, v, ◣], (2, 3)=[<], (4, 5)=[◣], (1, 3)=[v], (0, 4)=[<], (0, 5)=[◣], (0, 6)=[v, ^, ◥], (9, 3)=[<], (5, 2)=[◣, ^, <, <, >, <, ^, ◥, ◢]}
16 Jan 2025 22:27:51 GMT Zwierzę poruszyło się z (5, 1) na (5, 2)
16 Jan 2025 22:27:51 GMT Długość listy pozycji: 9
Lista pozycji zwierząt: {(5, 5)=[v, <, <, ◢, ◣, ◤, v, ◣], (2, 3)=[<], (4, 5)=[◣], (1, 3)=[v], (0, 4)=[<], (0, 5)=[◣], (0, 6)=[v, ^, ◥], (9, 4)=[^], (5, 2)=[◣, ^, <, <, >, <, ^, ◥, ◢]}
16 Jan 2025 22:27:51 GMT Zwierzę poruszyło się z (9, 3) na (9, 4)
16 Jan 2025 22:27:51 GMT Długość listy pozycji: 9
Lista pozycji zwierząt: {(5, 5)=[v, <, <, ◢, ◣, ◤, v, ◣], (4, 5)=[◣], (2, 4)=[^], (1, 3)=[v], (0, 4)=[<], (0, 5)=[◣], (0, 6)=[v, ^, ◥], (9, 4)=[^], (5, 2)=[◣, ^, <, <, >, <, ^, ◥, ◢]}
16 Jan 2025 22:27:51 GMT Zwierzę poruszyło się z (2, 3) na (2, 4)
16 Jan 2025 22:27:51 GMT Zwierzę zjadło roślinkę na (1, 3)
16 Jan 2025 22:27:51 GMT Zwierzę zjadło roślinkę na (9, 4)
16 Jan 2025 22:27:51 GMT Zwierze zostało położone na (5, 5)
16 Jan 2025 22:27:51 GMT Urodziło się nowe zwierzę na (5, 5)
16 Jan 2025 22:27:51 GMT Zwierze zostało położone na (0, 6)
16 Jan 2025 22:27:51 GMT Urodziło się nowe zwierzę na (0, 6)
16 Jan 2025 22:27:51 GMT Zwierze zostało położone na (5, 2)
16 Jan 2025 22:27:51 GMT Urodziło się nowe zwierzę na (5, 2)
16 Jan 2025 22:27:51 GMT Roślinka wyrosła na null
16 Jan 2025 22:27:51 GMT Roślinka wyrosła na null
16 Jan 2025 22:27:51 GMT Roślinka wyrosła na null
16 Jan 2025 22:27:51 GMT Roślinka wyrosła na null
16 Jan 2025 22:27:51 GMT Roślinka wyrosła na null
16 Jan 2025 22:27:51 GMT Roślinka wyrosła na null
16 Jan 2025 22:27:51 GMT Roślinka wyrosła na null
16 Jan 2025 22:27:51 GMT Roślinka wyrosła na null
16 Jan 2025 22:27:51 GMT Roślinka wyrosła na null
16 Jan 2025 22:27:51 GMT Roślinka wyrosła na null
16 Jan 2025 22:27:51 GMT Długość listy pozycji: 9
Lista pozycji zwierząt: {(5, 5)=[v, <, <, <, ◢, ◣, ◤, v, ◣], (1, 2)=[v], (4, 5)=[◣], (2, 4)=[^], (0, 4)=[<], (0, 5)=[◣], (0, 6)=[>, v, ^, ◥], (9, 4)=[^], (5, 2)=[v, ◣, ^, <, <, >, <, ^, ◥, ◢]}
16 Jan 2025 22:27:51 GMT Zwierzę poruszyło się z (1, 3) na (1, 2)
16 Jan 2025 22:27:51 GMT Długość listy pozycji: 10
Lista pozycji zwierząt: {(4, 4)=[◣], (5, 5)=[◣, <, <, <, ◢, ◣, ◤, v, ◣], (1, 2)=[v], (4, 5)=[◣], (2, 4)=[^], (0, 4)=[<], (0, 5)=[◣], (0, 6)=[>, v, ^, ◥], (9, 4)=[^], (5, 2)=[v, ◣, ^, <, <, >, <, ^, ◥, ◢]}
16 Jan 2025 22:27:51 GMT Zwierzę poruszyło się z (5, 5) na (4, 4)
16 Jan 2025 22:27:51 GMT Długość listy pozycji: 11
Lista pozycji zwierząt: {(4, 4)=[◣], (5, 5)=[◣, <, <, <, ◢, ◣, ◤, v, ◣], (1, 2)=[v], (4, 5)=[◣], (2, 4)=[^], (0, 4)=[<], (0, 5)=[◣], (0, 6)=[>, v, ^, ◥], (9, 4)=[^], (5, 1)=[v], (5, 2)=[v, ◣, <, <, >, <, v, ◥, ◢]}
16 Jan 2025 22:27:51 GMT Zwierzę poruszyło się z (5, 2) na (5, 1)
16 Jan 2025 22:27:51 GMT Długość listy pozycji: 10
Lista pozycji zwierząt: {(4, 4)=[◣], (5, 5)=[◣, <, <, <, ◢, ◣, ◤, v, ◣], (1, 2)=[v], (4, 5)=[◣], (2, 4)=[^], (0, 4)=[>, <], (0, 5)=[◣], (0, 6)=[>, v, ^, ◥], (5, 1)=[v], (5, 2)=[v, ◣, <, <, >, <, v, ◥, ◢]}
16 Jan 2025 22:27:51 GMT Zwierzę poruszyło się z (9, 4) na (0, 4)
16 Jan 2025 22:27:51 GMT Długość listy pozycji: 10
Lista pozycji zwierząt: {(4, 4)=[◣], (5, 5)=[◣, <, <, <, ◢, ◣, ◤, v, ◣], (3, 4)=[>], (1, 2)=[v], (4, 5)=[◣], (0, 4)=[>, <], (0, 5)=[◣], (0, 6)=[>, v, ^, ◥], (5, 1)=[v], (5, 2)=[v, ◣, <, <, >, <, v, ◥, ◢]}
16 Jan 2025 22:27:51 GMT Zwierzę poruszyło się z (2, 4) na (3, 4)
16 Jan 2025 22:27:51 GMT Zwierzę zjadło roślinkę na (3, 4)
16 Jan 2025 22:27:51 GMT Zwierzę zjadło roślinkę na (1, 2)
16 Jan 2025 22:27:52 GMT Zwierze zostało położone na (4, 4)
16 Jan 2025 22:27:52 GMT Urodziło się nowe zwierzę na (5, 5)
16 Jan 2025 22:27:52 GMT Zwierze zostało położone na (0, 4)
16 Jan 2025 22:27:52 GMT Urodziło się nowe zwierzę na (0, 4)
16 Jan 2025 22:27:52 GMT Zwierze zostało położone na (0, 6)
16 Jan 2025 22:27:52 GMT Urodziło się nowe zwierzę na (0, 6)
16 Jan 2025 22:27:52 GMT Zwierze zostało położone na (5, 2)
16 Jan 2025 22:27:52 GMT Urodziło się nowe zwierzę na (5, 2)
16 Jan 2025 22:27:52 GMT Roślinka wyrosła na null
16 Jan 2025 22:27:52 GMT Roślinka wyrosła na null
16 Jan 2025 22:27:52 GMT Roślinka wyrosła na null
16 Jan 2025 22:27:52 GMT Roślinka wyrosła na null
16 Jan 2025 22:27:52 GMT Roślinka wyrosła na null
16 Jan 2025 22:27:52 GMT Roślinka wyrosła na null
16 Jan 2025 22:27:52 GMT Roślinka wyrosła na null
16 Jan 2025 22:27:52 GMT Roślinka wyrosła na null
16 Jan 2025 22:27:52 GMT Roślinka wyrosła na null
16 Jan 2025 22:27:52 GMT Roślinka wyrosła na null
16 Jan 2025 22:27:52 GMT Długość listy pozycji: 10
Lista pozycji zwierząt: {(1, 1)=[v], (4, 4)=[v, ◣], (5, 5)=[◣, <, <, <, ◢, ◣, ◤, v, ◣], (3, 4)=[>], (4, 5)=[◣], (0, 4)=[>, <, ◥], (0, 5)=[◣], (0, 6)=[◢, >, v, ^, ◥], (5, 1)=[v], (5, 2)=[◢, v, ◣, <, <, >, <, v, ◥, ◢]}
16 Jan 2025 22:27:52 GMT Zwierzę poruszyło się z (1, 2) na (1, 1)
16 Jan 2025 22:27:52 GMT Długość listy pozycji: 10
Lista pozycji zwierząt: {(1, 1)=[v], (4, 4)=[v], (5, 5)=[<, <, <, <, ◢, ◣, ◤, v, ◣], (3, 4)=[>, <], (4, 5)=[◣], (0, 4)=[>, <, ◥], (0, 5)=[◣], (0, 6)=[◢, >, v, ^, ◥], (5, 1)=[v], (5, 2)=[◢, v, ◣, <, <, >, <, v, ◥, ◢]}
16 Jan 2025 22:27:52 GMT Zwierzę poruszyło się z (4, 4) na (3, 4)
16 Jan 2025 22:27:52 GMT Długość listy pozycji: 9
Lista pozycji zwierząt: {(1, 1)=[v], (4, 4)=[v], (5, 5)=[<, <, <, <, ◢, ◣, ◤, v, ◣], (3, 4)=[>, <], (4, 5)=[◣], (0, 4)=[>, <, ◥], (0, 5)=[◣], (0, 6)=[◢, >, v, ^, ◥], (5, 2)=[◢, ^, v, ◣, <, <, >, <, ^, ◥, ◢]}
16 Jan 2025 22:27:52 GMT Zwierzę poruszyło się z (5, 1) na (5, 2)
16 Jan 2025 22:27:52 GMT Długość listy pozycji: 10
Lista pozycji zwierząt: {(1, 1)=[v], (4, 4)=[v], (5, 5)=[<, <, <, <, ◢, ◣, ◤, v, ◣], (3, 4)=[>, <], (4, 5)=[◣], (0, 3)=[v], (0, 4)=[v, <, ◥], (0, 5)=[◣], (0, 6)=[◢, >, v, ^, ◥], (5, 2)=[◢, ^, v, ◣, <, <, >, <, ^, ◥, ◢]}
16 Jan 2025 22:27:52 GMT Zwierzę poruszyło się z (0, 4) na (0, 3)
16 Jan 2025 22:27:52 GMT Długość listy pozycji: 11
Lista pozycji zwierząt: {(3, 3)=[v], (1, 1)=[v], (4, 4)=[v], (5, 5)=[<, <, <, <, ◢, ◣, ◤, v, ◣], (3, 4)=[<], (4, 5)=[◣], (0, 3)=[v], (0, 4)=[v, <, ◥], (0, 5)=[◣], (0, 6)=[◢, >, v, ^, ◥], (5, 2)=[◢, ^, v, ◣, <, <, >, <, ^, ◥, ◢]}
16 Jan 2025 22:27:52 GMT Zwierzę poruszyło się z (3, 4) na (3, 3)
16 Jan 2025 22:27:52 GMT Zwierzę zjadło roślinkę na (1, 1)
