16 Jan 2025 22:40:22 GMT Zwierze zostało położone na (77, 39)
16 Jan 2025 22:40:22 GMT Zwierze zostało położone na (85, 61)
16 Jan 2025 22:40:22 GMT Zwierze zostało położone na (72, 60)
16 Jan 2025 22:40:23 GMT Zwierze zostało położone na (91, 81)
16 Jan 2025 22:40:23 GMT Zwierze zostało położone na (46, 1)
16 Jan 2025 22:40:23 GMT Zwierze zostało położone na (87, 33)
16 Jan 2025 22:40:23 GMT Zwierze zostało położone na (95, 78)
16 Jan 2025 22:40:23 GMT Zwierze zostało położone na (62, 13)
16 Jan 2025 22:40:23 GMT Zwierze zostało położone na (87, 1)
16 Jan 2025 22:40:23 GMT Zwierze zostało położone na (26, 92)
16 Jan 2025 22:40:23 GMT Długość listy pozycji: 10
Lista pozycji zwierząt: {(62, 13)=[^], (95, 78)=[◢], (26, 92)=[>], (46, 1)=[<], (72, 60)=[v], (91, 81)=[<], (85, 61)=[>], (77, 38)=[v], (87, 1)=[<], (87, 33)=[v]}
16 Jan 2025 22:40:23 GMT Zwierzę poruszyło się z (77, 39) na (77, 38)
16 Jan 2025 22:40:23 GMT Długość listy pozycji: 10
Lista pozycji zwierząt: {(62, 13)=[^], (95, 78)=[◢], (26, 92)=[>], (46, 1)=[<], (72, 60)=[v], (91, 81)=[<], (85, 60)=[v], (77, 38)=[v], (87, 1)=[<], (87, 33)=[v]}
16 Jan 2025 22:40:23 GMT Zwierzę poruszyło się z (85, 61) na (85, 60)
16 Jan 2025 22:40:23 GMT Długość listy pozycji: 10
Lista pozycji zwierząt: {(62, 13)=[^], (95, 78)=[◢], (26, 92)=[>], (46, 1)=[<], (72, 61)=[^], (91, 81)=[<], (85, 60)=[v], (77, 38)=[v], (87, 1)=[<], (87, 33)=[v]}
16 Jan 2025 22:40:23 GMT Zwierzę poruszyło się z (72, 60) na (72, 61)
16 Jan 2025 22:40:23 GMT Długość listy pozycji: 10
Lista pozycji zwierząt: {(62, 13)=[^], (95, 78)=[◢], (26, 92)=[>], (46, 1)=[<], (91, 80)=[v], (72, 61)=[^], (85, 60)=[v], (77, 38)=[v], (87, 1)=[<], (87, 33)=[v]}
16 Jan 2025 22:40:23 GMT Zwierzę poruszyło się z (91, 81) na (91, 80)
16 Jan 2025 22:40:23 GMT Długość listy pozycji: 10
Lista pozycji zwierząt: {(62, 13)=[^], (95, 78)=[◢], (46, 0)=[v], (26, 92)=[>], (91, 80)=[v], (72, 61)=[^], (85, 60)=[v], (77, 38)=[v], (87, 1)=[<], (87, 33)=[v]}
16 Jan 2025 22:40:23 GMT Zwierzę poruszyło się z (46, 1) na (46, 0)
16 Jan 2025 22:40:24 GMT Długość listy pozycji: 10
Lista pozycji zwierząt: {(62, 13)=[^], (95, 78)=[◢], (46, 0)=[v], (26, 92)=[>], (91, 80)=[v], (72, 61)=[^], (85, 60)=[v], (77, 38)=[v], (87, 1)=[<], (87, 34)=[^]}
16 Jan 2025 22:40:24 GMT Zwierzę poruszyło się z (87, 33) na (87, 34)
16 Jan 2025 22:40:24 GMT Długość listy pozycji: 10
Lista pozycji zwierząt: {(62, 13)=[^], (94, 78)=[<], (46, 0)=[v], (26, 92)=[>], (91, 80)=[v], (72, 61)=[^], (85, 60)=[v], (77, 38)=[v], (87, 1)=[<], (87, 34)=[^]}
16 Jan 2025 22:40:24 GMT Zwierzę poruszyło się z (95, 78) na (94, 78)
16 Jan 2025 22:40:24 GMT Długość listy pozycji: 10
Lista pozycji zwierząt: {(62, 14)=[^], (94, 78)=[<], (46, 0)=[v], (26, 92)=[>], (91, 80)=[v], (72, 61)=[^], (85, 60)=[v], (77, 38)=[v], (87, 1)=[<], (87, 34)=[^]}
16 Jan 2025 22:40:24 GMT Zwierzę poruszyło się z (62, 13) na (62, 14)
16 Jan 2025 22:40:24 GMT Długość listy pozycji: 10
Lista pozycji zwierząt: {(62, 14)=[^], (94, 78)=[<], (46, 0)=[v], (26, 92)=[>], (91, 80)=[v], (72, 61)=[^], (85, 60)=[v], (87, 0)=[v], (77, 38)=[v], (87, 34)=[^]}
16 Jan 2025 22:40:24 GMT Zwierzę poruszyło się z (87, 1) na (87, 0)
16 Jan 2025 22:40:24 GMT Długość listy pozycji: 10
Lista pozycji zwierząt: {(62, 14)=[^], (94, 78)=[<], (26, 91)=[v], (46, 0)=[v], (91, 80)=[v], (72, 61)=[^], (85, 60)=[v], (87, 0)=[v], (77, 38)=[v], (87, 34)=[^]}
16 Jan 2025 22:40:24 GMT Zwierzę poruszyło się z (26, 92) na (26, 91)
16 Jan 2025 22:40:24 GMT Roślinka wyrosła na (85, 60)
16 Jan 2025 22:40:24 GMT Roślinka wyrosła na (84, 52)
16 Jan 2025 22:40:24 GMT Roślinka wyrosła na (64, 45)
16 Jan 2025 22:40:24 GMT Roślinka wyrosła na (95, 56)
16 Jan 2025 22:40:24 GMT Roślinka wyrosła na (83, 0)
16 Jan 2025 22:40:24 GMT Roślinka wyrosła na (39, 58)
16 Jan 2025 22:40:24 GMT Roślinka wyrosła na (20, 47)
16 Jan 2025 22:40:24 GMT Roślinka wyrosła na (54, 50)
16 Jan 2025 22:40:24 GMT Roślinka wyrosła na (68, 53)
16 Jan 2025 22:40:24 GMT Roślinka wyrosła na (54, 41)
16 Jan 2025 22:40:24 GMT Długość listy pozycji: 10
Lista pozycji zwierząt: {(62, 14)=[^], (94, 78)=[<], (26, 91)=[v], (46, 0)=[v], (91, 80)=[v], (72, 61)=[^], (85, 60)=[v], (87, 0)=[v], (76, 38)=[<], (87, 34)=[^]}
16 Jan 2025 22:40:24 GMT Zwierzę poruszyło się z (77, 38) na (76, 38)
16 Jan 2025 22:40:25 GMT Długość listy pozycji: 10
Lista pozycji zwierząt: {(62, 14)=[^], (94, 78)=[<], (26, 91)=[v], (46, 0)=[v], (91, 80)=[v], (72, 61)=[^], (84, 60)=[<], (87, 0)=[v], (76, 38)=[<], (87, 34)=[^]}
16 Jan 2025 22:40:25 GMT Zwierzę poruszyło się z (85, 60) na (84, 60)
16 Jan 2025 22:40:25 GMT Długość listy pozycji: 10
Lista pozycji zwierząt: {(62, 14)=[^], (94, 78)=[<], (26, 91)=[v], (46, 0)=[v], (72, 60)=[v], (91, 80)=[v], (84, 60)=[<], (87, 0)=[v], (76, 38)=[<], (87, 34)=[^]}
16 Jan 2025 22:40:25 GMT Zwierzę poruszyło się z (72, 61) na (72, 60)
16 Jan 2025 22:40:25 GMT Długość listy pozycji: 10
Lista pozycji zwierząt: {(62, 14)=[^], (94, 78)=[<], (26, 91)=[v], (46, 0)=[v], (92, 80)=[>], (72, 60)=[v], (84, 60)=[<], (87, 0)=[v], (76, 38)=[<], (87, 34)=[^]}
16 Jan 2025 22:40:25 GMT Zwierzę poruszyło się z (91, 80) na (92, 80)
16 Jan 2025 22:40:25 GMT Długość listy pozycji: 10
Lista pozycji zwierząt: {(62, 14)=[^], (94, 78)=[<], (47, 0)=[>], (26, 91)=[v], (92, 80)=[>], (72, 60)=[v], (84, 60)=[<], (87, 0)=[v], (76, 38)=[<], (87, 34)=[^]}
16 Jan 2025 22:40:25 GMT Zwierzę poruszyło się z (46, 0) na (47, 0)
16 Jan 2025 22:40:25 GMT Długość listy pozycji: 10
Lista pozycji zwierząt: {(62, 14)=[^], (94, 78)=[<], (47, 0)=[>], (26, 91)=[v], (92, 80)=[>], (72, 60)=[v], (84, 60)=[<], (87, 0)=[v], (87, 33)=[v], (76, 38)=[<]}
16 Jan 2025 22:40:25 GMT Zwierzę poruszyło się z (87, 34) na (87, 33)
16 Jan 2025 22:40:25 GMT Długość listy pozycji: 10
Lista pozycji zwierząt: {(95, 79)=[◥], (62, 14)=[^], (47, 0)=[>], (26, 91)=[v], (92, 80)=[>], (72, 60)=[v], (84, 60)=[<], (87, 0)=[v], (87, 33)=[v], (76, 38)=[<]}
16 Jan 2025 22:40:25 GMT Zwierzę poruszyło się z (94, 78) na (95, 79)
16 Jan 2025 22:40:25 GMT Długość listy pozycji: 10
Lista pozycji zwierząt: {(95, 79)=[◥], (62, 15)=[^], (47, 0)=[>], (26, 91)=[v], (92, 80)=[>], (72, 60)=[v], (84, 60)=[<], (87, 0)=[v], (87, 33)=[v], (76, 38)=[<]}
16 Jan 2025 22:40:25 GMT Zwierzę poruszyło się z (62, 14) na (62, 15)
16 Jan 2025 22:40:25 GMT Długość listy pozycji: 10
Lista pozycji zwierząt: {(95, 79)=[◥], (62, 15)=[^], (47, 0)=[>], (26, 91)=[v], (92, 80)=[>], (72, 60)=[v], (88, 0)=[>], (84, 60)=[<], (87, 33)=[v], (76, 38)=[<]}
16 Jan 2025 22:40:25 GMT Zwierzę poruszyło się z (87, 0) na (88, 0)
16 Jan 2025 22:40:25 GMT Długość listy pozycji: 10
Lista pozycji zwierząt: {(95, 79)=[◥], (62, 15)=[^], (47, 0)=[>], (25, 91)=[<], (92, 80)=[>], (72, 60)=[v], (88, 0)=[>], (84, 60)=[<], (87, 33)=[v], (76, 38)=[<]}
16 Jan 2025 22:40:25 GMT Zwierzę poruszyło się z (26, 91) na (25, 91)
16 Jan 2025 22:40:26 GMT Roślinka wyrosła na (71, 50)
16 Jan 2025 22:40:26 GMT Roślinka wyrosła na (17, 12)
16 Jan 2025 22:40:26 GMT Roślinka wyrosła na (48, 53)
16 Jan 2025 22:40:26 GMT Roślinka wyrosła na (29, 43)
16 Jan 2025 22:40:26 GMT Roślinka wyrosła na (53, 47)
16 Jan 2025 22:40:26 GMT Roślinka wyrosła na (23, 43)
16 Jan 2025 22:40:26 GMT Roślinka wyrosła na (15, 60)
16 Jan 2025 22:40:26 GMT Roślinka wyrosła na (65, 35)
16 Jan 2025 22:40:26 GMT Roślinka wyrosła na (84, 58)
16 Jan 2025 22:40:26 GMT Roślinka wyrosła na (47, 52)
16 Jan 2025 22:40:26 GMT Długość listy pozycji: 10
Lista pozycji zwierząt: {(95, 79)=[◥], (62, 15)=[^], (47, 0)=[>], (25, 91)=[<], (92, 80)=[>], (72, 60)=[v], (88, 0)=[>], (84, 60)=[<], (87, 33)=[v], (76, 39)=[^]}
16 Jan 2025 22:40:26 GMT Zwierzę poruszyło się z (76, 38) na (76, 39)
16 Jan 2025 22:40:26 GMT Długość listy pozycji: 10
Lista pozycji zwierząt: {(95, 79)=[◥], (62, 15)=[^], (47, 0)=[>], (25, 91)=[<], (92, 80)=[>], (72, 60)=[v], (88, 0)=[>], (84, 61)=[^], (87, 33)=[v], (76, 39)=[^]}
16 Jan 2025 22:40:26 GMT Zwierzę poruszyło się z (84, 60) na (84, 61)
16 Jan 2025 22:40:26 GMT Długość listy pozycji: 10
Lista pozycji zwierząt: {(95, 79)=[◥], (62, 15)=[^], (47, 0)=[>], (25, 91)=[<], (92, 80)=[>], (72, 61)=[^], (88, 0)=[>], (84, 61)=[^], (87, 33)=[v], (76, 39)=[^]}
16 Jan 2025 22:40:26 GMT Zwierzę poruszyło się z (72, 60) na (72, 61)
16 Jan 2025 22:40:26 GMT Długość listy pozycji: 10
Lista pozycji zwierząt: {(95, 79)=[◥], (62, 15)=[^], (47, 0)=[>], (25, 91)=[<], (92, 81)=[^], (72, 61)=[^], (88, 0)=[>], (84, 61)=[^], (87, 33)=[v], (76, 39)=[^]}
16 Jan 2025 22:40:26 GMT Zwierzę poruszyło się z (92, 80) na (92, 81)
16 Jan 2025 22:40:26 GMT Długość listy pozycji: 10
Lista pozycji zwierząt: {(95, 79)=[◥], (62, 15)=[^], (47, 1)=[^], (25, 91)=[<], (92, 81)=[^], (72, 61)=[^], (88, 0)=[>], (84, 61)=[^], (87, 33)=[v], (76, 39)=[^]}
16 Jan 2025 22:40:26 GMT Zwierzę poruszyło się z (47, 0) na (47, 1)
16 Jan 2025 22:40:27 GMT Długość listy pozycji: 10
Lista pozycji zwierząt: {(95, 79)=[◥], (62, 15)=[^], (47, 1)=[^], (25, 91)=[<], (92, 81)=[^], (72, 61)=[^], (88, 0)=[>], (84, 61)=[^], (87, 34)=[^], (76, 39)=[^]}
16 Jan 2025 22:40:27 GMT Zwierzę poruszyło się z (87, 33) na (87, 34)
16 Jan 2025 22:40:27 GMT Długość listy pozycji: 10
Lista pozycji zwierząt: {(95, 78)=[v], (62, 15)=[^], (47, 1)=[^], (25, 91)=[<], (92, 81)=[^], (72, 61)=[^], (88, 0)=[>], (84, 61)=[^], (87, 34)=[^], (76, 39)=[^]}
16 Jan 2025 22:40:27 GMT Zwierzę poruszyło się z (95, 79) na (95, 78)
16 Jan 2025 22:40:27 GMT Długość listy pozycji: 10
Lista pozycji zwierząt: {(95, 78)=[v], (62, 16)=[^], (47, 1)=[^], (25, 91)=[<], (92, 81)=[^], (72, 61)=[^], (88, 0)=[>], (84, 61)=[^], (87, 34)=[^], (76, 39)=[^]}
16 Jan 2025 22:40:27 GMT Zwierzę poruszyło się z (62, 15) na (62, 16)
16 Jan 2025 22:40:27 GMT Długość listy pozycji: 10
Lista pozycji zwierząt: {(95, 78)=[v], (62, 16)=[^], (47, 1)=[^], (25, 91)=[<], (92, 81)=[^], (72, 61)=[^], (88, 1)=[^], (84, 61)=[^], (87, 34)=[^], (76, 39)=[^]}
16 Jan 2025 22:40:27 GMT Zwierzę poruszyło się z (88, 0) na (88, 1)
16 Jan 2025 22:40:27 GMT Długość listy pozycji: 10
Lista pozycji zwierząt: {(95, 78)=[v], (62, 16)=[^], (47, 1)=[^], (25, 92)=[^], (92, 81)=[^], (72, 61)=[^], (88, 1)=[^], (84, 61)=[^], (87, 34)=[^], (76, 39)=[^]}
16 Jan 2025 22:40:27 GMT Zwierzę poruszyło się z (25, 91) na (25, 92)
16 Jan 2025 22:40:27 GMT Roślinka wyrosła na (10, 49)
16 Jan 2025 22:40:27 GMT Roślinka wyrosła na (80, 59)
16 Jan 2025 22:40:27 GMT Roślinka wyrosła na (32, 77)
16 Jan 2025 22:40:27 GMT Roślinka wyrosła na (62, 42)
16 Jan 2025 22:40:27 GMT Roślinka wyrosła na (53, 42)
16 Jan 2025 22:40:27 GMT Roślinka wyrosła na (8, 17)
16 Jan 2025 22:40:27 GMT Roślinka wyrosła na (72, 41)
16 Jan 2025 22:40:27 GMT Roślinka wyrosła na (68, 58)
16 Jan 2025 22:40:27 GMT Roślinka wyrosła na (20, 49)
16 Jan 2025 22:40:27 GMT Roślinka wyrosła na (46, 57)
16 Jan 2025 22:40:28 GMT Długość listy pozycji: 10
Lista pozycji zwierząt: {(95, 78)=[v], (62, 16)=[^], (47, 1)=[^], (25, 92)=[^], (92, 81)=[^], (72, 61)=[^], (88, 1)=[^], (84, 61)=[^], (77, 39)=[>], (87, 34)=[^]}
16 Jan 2025 22:40:28 GMT Zwierzę poruszyło się z (76, 39) na (77, 39)
16 Jan 2025 22:40:28 GMT Długość listy pozycji: 10
Lista pozycji zwierząt: {(95, 78)=[v], (62, 16)=[^], (47, 1)=[^], (25, 92)=[^], (92, 81)=[^], (72, 61)=[^], (85, 61)=[>], (88, 1)=[^], (77, 39)=[>], (87, 34)=[^]}
16 Jan 2025 22:40:28 GMT Zwierzę poruszyło się z (84, 61) na (85, 61)
16 Jan 2025 22:40:28 GMT Długość listy pozycji: 10
Lista pozycji zwierząt: {(95, 78)=[v], (62, 16)=[^], (47, 1)=[^], (25, 92)=[^], (72, 60)=[v], (92, 81)=[^], (85, 61)=[>], (88, 1)=[^], (77, 39)=[>], (87, 34)=[^]}
16 Jan 2025 22:40:28 GMT Zwierzę poruszyło się z (72, 61) na (72, 60)
16 Jan 2025 22:40:28 GMT Długość listy pozycji: 10
Lista pozycji zwierząt: {(95, 78)=[v], (62, 16)=[^], (47, 1)=[^], (25, 92)=[^], (72, 60)=[v], (91, 81)=[<], (85, 61)=[>], (88, 1)=[^], (77, 39)=[>], (87, 34)=[^]}
16 Jan 2025 22:40:28 GMT Zwierzę poruszyło się z (92, 81) na (91, 81)
16 Jan 2025 22:40:28 GMT Długość listy pozycji: 10
Lista pozycji zwierząt: {(95, 78)=[v], (62, 16)=[^], (46, 1)=[<], (25, 92)=[^], (72, 60)=[v], (91, 81)=[<], (85, 61)=[>], (88, 1)=[^], (77, 39)=[>], (87, 34)=[^]}
16 Jan 2025 22:40:28 GMT Zwierzę poruszyło się z (47, 1) na (46, 1)
16 Jan 2025 22:40:28 GMT Długość listy pozycji: 10
Lista pozycji zwierząt: {(95, 78)=[v], (62, 16)=[^], (46, 1)=[<], (25, 92)=[^], (72, 60)=[v], (91, 81)=[<], (85, 61)=[>], (88, 1)=[^], (87, 33)=[v], (77, 39)=[>]}
16 Jan 2025 22:40:28 GMT Zwierzę poruszyło się z (87, 34) na (87, 33)
16 Jan 2025 22:40:28 GMT Długość listy pozycji: 10
Lista pozycji zwierząt: {(94, 79)=[◤], (62, 16)=[^], (46, 1)=[<], (25, 92)=[^], (72, 60)=[v], (91, 81)=[<], (85, 61)=[>], (88, 1)=[^], (87, 33)=[v], (77, 39)=[>]}
16 Jan 2025 22:40:28 GMT Zwierzę poruszyło się z (95, 78) na (94, 79)
16 Jan 2025 22:40:28 GMT Długość listy pozycji: 10
Lista pozycji zwierząt: {(94, 79)=[◤], (62, 17)=[^], (46, 1)=[<], (25, 92)=[^], (72, 60)=[v], (91, 81)=[<], (85, 61)=[>], (88, 1)=[^], (87, 33)=[v], (77, 39)=[>]}
16 Jan 2025 22:40:28 GMT Zwierzę poruszyło się z (62, 16) na (62, 17)
16 Jan 2025 22:40:28 GMT Długość listy pozycji: 10
Lista pozycji zwierząt: {(94, 79)=[◤], (62, 17)=[^], (46, 1)=[<], (25, 92)=[^], (72, 60)=[v], (91, 81)=[<], (85, 61)=[>], (87, 1)=[<], (87, 33)=[v], (77, 39)=[>]}
16 Jan 2025 22:40:29 GMT Zwierzę poruszyło się z (88, 1) na (87, 1)
16 Jan 2025 22:40:29 GMT Długość listy pozycji: 10
Lista pozycji zwierząt: {(94, 79)=[◤], (26, 92)=[>], (62, 17)=[^], (46, 1)=[<], (72, 60)=[v], (91, 81)=[<], (85, 61)=[>], (87, 1)=[<], (87, 33)=[v], (77, 39)=[>]}
16 Jan 2025 22:40:29 GMT Zwierzę poruszyło się z (25, 92) na (26, 92)
16 Jan 2025 22:40:29 GMT Roślinka wyrosła na (9, 60)
16 Jan 2025 22:40:29 GMT Roślinka wyrosła na (72, 60)
16 Jan 2025 22:40:29 GMT Roślinka wyrosła na (8, 54)
16 Jan 2025 22:40:29 GMT Roślinka wyrosła na (35, 50)
16 Jan 2025 22:40:29 GMT Roślinka wyrosła na (86, 46)
16 Jan 2025 22:40:29 GMT Roślinka wyrosła na (81, 96)
16 Jan 2025 22:40:29 GMT Roślinka wyrosła na (43, 49)
16 Jan 2025 22:40:29 GMT Roślinka wyrosła na (56, 41)
16 Jan 2025 22:40:29 GMT Roślinka wyrosła na (47, 59)
16 Jan 2025 22:40:29 GMT Roślinka wyrosła na (64, 53)
16 Jan 2025 22:40:30 GMT Długość listy pozycji: 10
Lista pozycji zwierząt: {(94, 79)=[◤], (26, 92)=[>], (62, 17)=[^], (46, 1)=[<], (72, 60)=[v], (91, 81)=[<], (85, 61)=[>], (77, 38)=[v], (87, 1)=[<], (87, 33)=[v]}
16 Jan 2025 22:40:30 GMT Zwierzę poruszyło się z (77, 39) na (77, 38)
16 Jan 2025 22:40:30 GMT Długość listy pozycji: 10
Lista pozycji zwierząt: {(94, 79)=[◤], (26, 92)=[>], (62, 17)=[^], (46, 1)=[<], (72, 60)=[v], (91, 81)=[<], (85, 60)=[v], (77, 38)=[v], (87, 1)=[<], (87, 33)=[v]}
16 Jan 2025 22:40:30 GMT Zwierzę poruszyło się z (85, 61) na (85, 60)
16 Jan 2025 22:40:30 GMT Długość listy pozycji: 10
Lista pozycji zwierząt: {(94, 79)=[◤], (26, 92)=[>], (62, 17)=[^], (46, 1)=[<], (72, 61)=[^], (91, 81)=[<], (85, 60)=[v], (77, 38)=[v], (87, 1)=[<], (87, 33)=[v]}
16 Jan 2025 22:40:30 GMT Zwierzę poruszyło się z (72, 60) na (72, 61)
16 Jan 2025 22:40:30 GMT Długość listy pozycji: 10
Lista pozycji zwierząt: {(94, 79)=[◤], (26, 92)=[>], (62, 17)=[^], (46, 1)=[<], (91, 80)=[v], (72, 61)=[^], (85, 60)=[v], (77, 38)=[v], (87, 1)=[<], (87, 33)=[v]}
16 Jan 2025 22:40:30 GMT Zwierzę poruszyło się z (91, 81) na (91, 80)
16 Jan 2025 22:40:30 GMT Długość listy pozycji: 10
Lista pozycji zwierząt: {(94, 79)=[◤], (46, 0)=[v], (26, 92)=[>], (62, 17)=[^], (91, 80)=[v], (72, 61)=[^], (85, 60)=[v], (77, 38)=[v], (87, 1)=[<], (87, 33)=[v]}
16 Jan 2025 22:40:30 GMT Zwierzę poruszyło się z (46, 1) na (46, 0)
16 Jan 2025 22:40:30 GMT Długość listy pozycji: 10
Lista pozycji zwierząt: {(94, 79)=[◤], (46, 0)=[v], (26, 92)=[>], (62, 17)=[^], (91, 80)=[v], (72, 61)=[^], (85, 60)=[v], (77, 38)=[v], (87, 1)=[<], (87, 34)=[^]}
16 Jan 2025 22:40:30 GMT Zwierzę poruszyło się z (87, 33) na (87, 34)
16 Jan 2025 22:40:30 GMT Długość listy pozycji: 10
Lista pozycji zwierząt: {(95, 79)=[>], (46, 0)=[v], (26, 92)=[>], (62, 17)=[^], (91, 80)=[v], (72, 61)=[^], (85, 60)=[v], (77, 38)=[v], (87, 1)=[<], (87, 34)=[^]}
16 Jan 2025 22:40:30 GMT Zwierzę poruszyło się z (94, 79) na (95, 79)
16 Jan 2025 22:40:30 GMT Długość listy pozycji: 10
Lista pozycji zwierząt: {(95, 79)=[>], (46, 0)=[v], (26, 92)=[>], (62, 18)=[^], (91, 80)=[v], (72, 61)=[^], (85, 60)=[v], (77, 38)=[v], (87, 1)=[<], (87, 34)=[^]}
16 Jan 2025 22:40:30 GMT Zwierzę poruszyło się z (62, 17) na (62, 18)
16 Jan 2025 22:40:30 GMT Długość listy pozycji: 10
Lista pozycji zwierząt: {(95, 79)=[>], (46, 0)=[v], (26, 92)=[>], (62, 18)=[^], (91, 80)=[v], (72, 61)=[^], (85, 60)=[v], (87, 0)=[v], (77, 38)=[v], (87, 34)=[^]}
16 Jan 2025 22:40:30 GMT Zwierzę poruszyło się z (87, 1) na (87, 0)
16 Jan 2025 22:40:30 GMT Długość listy pozycji: 10
Lista pozycji zwierząt: {(95, 79)=[>], (26, 91)=[v], (46, 0)=[v], (62, 18)=[^], (91, 80)=[v], (72, 61)=[^], (85, 60)=[v], (87, 0)=[v], (77, 38)=[v], (87, 34)=[^]}
16 Jan 2025 22:40:30 GMT Zwierzę poruszyło się z (26, 92) na (26, 91)
16 Jan 2025 22:40:31 GMT Zwierzę zjadło roślinkę na (85, 60)
16 Jan 2025 22:40:31 GMT Roślinka wyrosła na (70, 50)
16 Jan 2025 22:40:31 GMT Roślinka wyrosła na (44, 55)
16 Jan 2025 22:40:31 GMT Roślinka wyrosła na (21, 59)
16 Jan 2025 22:40:31 GMT Roślinka wyrosła na (43, 44)
16 Jan 2025 22:40:31 GMT Roślinka wyrosła na (9, 57)
16 Jan 2025 22:40:31 GMT Roślinka wyrosła na (75, 53)
16 Jan 2025 22:40:31 GMT Roślinka wyrosła na (4, 44)
16 Jan 2025 22:40:31 GMT Roślinka wyrosła na (8, 45)
16 Jan 2025 22:40:31 GMT Roślinka wyrosła na (57, 34)
16 Jan 2025 22:40:31 GMT Roślinka wyrosła na (13, 48)
16 Jan 2025 22:40:31 GMT Długość listy pozycji: 10
Lista pozycji zwierząt: {(95, 79)=[>], (26, 91)=[v], (46, 0)=[v], (62, 18)=[^], (91, 80)=[v], (72, 61)=[^], (85, 60)=[v], (87, 0)=[v], (76, 38)=[<], (87, 34)=[^]}
16 Jan 2025 22:40:31 GMT Zwierzę poruszyło się z (77, 38) na (76, 38)
16 Jan 2025 22:40:31 GMT Długość listy pozycji: 10
Lista pozycji zwierząt: {(95, 79)=[>], (26, 91)=[v], (46, 0)=[v], (62, 18)=[^], (91, 80)=[v], (72, 61)=[^], (84, 60)=[<], (87, 0)=[v], (76, 38)=[<], (87, 34)=[^]}
16 Jan 2025 22:40:31 GMT Zwierzę poruszyło się z (85, 60) na (84, 60)
16 Jan 2025 22:40:31 GMT Długość listy pozycji: 10
Lista pozycji zwierząt: {(95, 79)=[>], (26, 91)=[v], (46, 0)=[v], (72, 60)=[v], (62, 18)=[^], (91, 80)=[v], (84, 60)=[<], (87, 0)=[v], (76, 38)=[<], (87, 34)=[^]}
16 Jan 2025 22:40:31 GMT Zwierzę poruszyło się z (72, 61) na (72, 60)
16 Jan 2025 22:40:31 GMT Długość listy pozycji: 10
Lista pozycji zwierząt: {(95, 79)=[>], (26, 91)=[v], (46, 0)=[v], (92, 80)=[>], (72, 60)=[v], (62, 18)=[^], (84, 60)=[<], (87, 0)=[v], (76, 38)=[<], (87, 34)=[^]}
16 Jan 2025 22:40:31 GMT Zwierzę poruszyło się z (91, 80) na (92, 80)
16 Jan 2025 22:40:31 GMT Długość listy pozycji: 10
Lista pozycji zwierząt: {(95, 79)=[>], (47, 0)=[>], (26, 91)=[v], (92, 80)=[>], (72, 60)=[v], (62, 18)=[^], (84, 60)=[<], (87, 0)=[v], (76, 38)=[<], (87, 34)=[^]}
16 Jan 2025 22:40:31 GMT Zwierzę poruszyło się z (46, 0) na (47, 0)
16 Jan 2025 22:40:32 GMT Długość listy pozycji: 10
Lista pozycji zwierząt: {(95, 79)=[>], (47, 0)=[>], (26, 91)=[v], (92, 80)=[>], (72, 60)=[v], (62, 18)=[^], (84, 60)=[<], (87, 0)=[v], (87, 33)=[v], (76, 38)=[<]}
16 Jan 2025 22:40:32 GMT Zwierzę poruszyło się z (87, 34) na (87, 33)
16 Jan 2025 22:40:32 GMT Długość listy pozycji: 10
Lista pozycji zwierząt: {(94, 78)=[◣], (47, 0)=[>], (26, 91)=[v], (92, 80)=[>], (72, 60)=[v], (62, 18)=[^], (84, 60)=[<], (87, 0)=[v], (87, 33)=[v], (76, 38)=[<]}
16 Jan 2025 22:40:32 GMT Zwierzę poruszyło się z (95, 79) na (94, 78)
16 Jan 2025 22:40:32 GMT Długość listy pozycji: 10
Lista pozycji zwierząt: {(94, 78)=[◣], (47, 0)=[>], (26, 91)=[v], (92, 80)=[>], (72, 60)=[v], (62, 19)=[^], (84, 60)=[<], (87, 0)=[v], (87, 33)=[v], (76, 38)=[<]}
16 Jan 2025 22:40:32 GMT Zwierzę poruszyło się z (62, 18) na (62, 19)
16 Jan 2025 22:40:32 GMT Długość listy pozycji: 10
Lista pozycji zwierząt: {(94, 78)=[◣], (47, 0)=[>], (26, 91)=[v], (92, 80)=[>], (72, 60)=[v], (62, 19)=[^], (88, 0)=[>], (84, 60)=[<], (87, 33)=[v], (76, 38)=[<]}
16 Jan 2025 22:40:32 GMT Zwierzę poruszyło się z (87, 0) na (88, 0)
16 Jan 2025 22:40:32 GMT Długość listy pozycji: 10
Lista pozycji zwierząt: {(94, 78)=[◣], (47, 0)=[>], (25, 91)=[<], (92, 80)=[>], (72, 60)=[v], (62, 19)=[^], (88, 0)=[>], (84, 60)=[<], (87, 33)=[v], (76, 38)=[<]}
16 Jan 2025 22:40:32 GMT Zwierzę poruszyło się z (26, 91) na (25, 91)
16 Jan 2025 22:40:32 GMT Zwierzę zjadło roślinkę na (72, 60)
16 Jan 2025 22:40:32 GMT Roślinka wyrosła na (58, 97)
16 Jan 2025 22:40:32 GMT Roślinka wyrosła na (64, 95)
16 Jan 2025 22:40:32 GMT Roślinka wyrosła na (34, 56)
16 Jan 2025 22:40:33 GMT Roślinka wyrosła na (99, 47)
16 Jan 2025 22:40:33 GMT Roślinka wyrosła na (75, 21)
16 Jan 2025 22:40:33 GMT Roślinka wyrosła na (90, 47)
16 Jan 2025 22:40:33 GMT Roślinka wyrosła na (57, 50)
16 Jan 2025 22:40:33 GMT Roślinka wyrosła na (89, 50)
16 Jan 2025 22:40:33 GMT Roślinka wyrosła na (78, 54)
16 Jan 2025 22:40:33 GMT Roślinka wyrosła na (54, 56)
16 Jan 2025 22:40:33 GMT Długość listy pozycji: 10
Lista pozycji zwierząt: {(94, 78)=[◣], (47, 0)=[>], (25, 91)=[<], (92, 80)=[>], (72, 60)=[v], (62, 19)=[^], (88, 0)=[>], (84, 60)=[<], (87, 33)=[v], (76, 39)=[^]}
16 Jan 2025 22:40:33 GMT Zwierzę poruszyło się z (76, 38) na (76, 39)
16 Jan 2025 22:40:33 GMT Długość listy pozycji: 10
Lista pozycji zwierząt: {(94, 78)=[◣], (47, 0)=[>], (25, 91)=[<], (92, 80)=[>], (72, 60)=[v], (62, 19)=[^], (88, 0)=[>], (84, 61)=[^], (87, 33)=[v], (76, 39)=[^]}
16 Jan 2025 22:40:33 GMT Zwierzę poruszyło się z (84, 60) na (84, 61)
16 Jan 2025 22:40:33 GMT Długość listy pozycji: 10
Lista pozycji zwierząt: {(94, 78)=[◣], (47, 0)=[>], (25, 91)=[<], (92, 80)=[>], (72, 61)=[^], (62, 19)=[^], (88, 0)=[>], (84, 61)=[^], (87, 33)=[v], (76, 39)=[^]}
16 Jan 2025 22:40:33 GMT Zwierzę poruszyło się z (72, 60) na (72, 61)
16 Jan 2025 22:40:33 GMT Długość listy pozycji: 10
Lista pozycji zwierząt: {(94, 78)=[◣], (47, 0)=[>], (25, 91)=[<], (92, 81)=[^], (72, 61)=[^], (62, 19)=[^], (88, 0)=[>], (84, 61)=[^], (87, 33)=[v], (76, 39)=[^]}
16 Jan 2025 22:40:33 GMT Zwierzę poruszyło się z (92, 80) na (92, 81)
16 Jan 2025 22:40:33 GMT Długość listy pozycji: 10
Lista pozycji zwierząt: {(94, 78)=[◣], (47, 1)=[^], (25, 91)=[<], (92, 81)=[^], (72, 61)=[^], (62, 19)=[^], (88, 0)=[>], (84, 61)=[^], (87, 33)=[v], (76, 39)=[^]}
16 Jan 2025 22:40:33 GMT Zwierzę poruszyło się z (47, 0) na (47, 1)
16 Jan 2025 22:40:33 GMT Długość listy pozycji: 10
Lista pozycji zwierząt: {(94, 78)=[◣], (47, 1)=[^], (25, 91)=[<], (92, 81)=[^], (72, 61)=[^], (62, 19)=[^], (88, 0)=[>], (84, 61)=[^], (87, 34)=[^], (76, 39)=[^]}
16 Jan 2025 22:40:33 GMT Zwierzę poruszyło się z (87, 33) na (87, 34)
16 Jan 2025 22:40:34 GMT Długość listy pozycji: 10
Lista pozycji zwierząt: {(94, 79)=[^], (47, 1)=[^], (25, 91)=[<], (92, 81)=[^], (72, 61)=[^], (62, 19)=[^], (88, 0)=[>], (84, 61)=[^], (87, 34)=[^], (76, 39)=[^]}
16 Jan 2025 22:40:34 GMT Zwierzę poruszyło się z (94, 78) na (94, 79)
16 Jan 2025 22:40:34 GMT Długość listy pozycji: 10
Lista pozycji zwierząt: {(94, 79)=[^], (47, 1)=[^], (25, 91)=[<], (92, 81)=[^], (72, 61)=[^], (62, 20)=[^], (88, 0)=[>], (84, 61)=[^], (87, 34)=[^], (76, 39)=[^]}
16 Jan 2025 22:40:34 GMT Zwierzę poruszyło się z (62, 19) na (62, 20)
16 Jan 2025 22:40:34 GMT Długość listy pozycji: 10
Lista pozycji zwierząt: {(94, 79)=[^], (47, 1)=[^], (25, 91)=[<], (92, 81)=[^], (72, 61)=[^], (62, 20)=[^], (88, 1)=[^], (84, 61)=[^], (87, 34)=[^], (76, 39)=[^]}
16 Jan 2025 22:40:34 GMT Zwierzę poruszyło się z (88, 0) na (88, 1)
16 Jan 2025 22:40:34 GMT Długość listy pozycji: 10
Lista pozycji zwierząt: {(94, 79)=[^], (47, 1)=[^], (25, 92)=[^], (92, 81)=[^], (72, 61)=[^], (62, 20)=[^], (88, 1)=[^], (84, 61)=[^], (87, 34)=[^], (76, 39)=[^]}
16 Jan 2025 22:40:34 GMT Zwierzę poruszyło się z (25, 91) na (25, 92)
16 Jan 2025 22:40:34 GMT Roślinka wyrosła na (53, 11)
16 Jan 2025 22:40:34 GMT Roślinka wyrosła na (45, 56)
16 Jan 2025 22:40:34 GMT Roślinka wyrosła na (12, 43)
16 Jan 2025 22:40:34 GMT Roślinka wyrosła na (40, 47)
16 Jan 2025 22:40:34 GMT Roślinka wyrosła na (84, 54)
16 Jan 2025 22:40:34 GMT Roślinka wyrosła na (69, 60)
16 Jan 2025 22:40:34 GMT Roślinka wyrosła na (53, 60)
16 Jan 2025 22:40:34 GMT Roślinka wyrosła na (54, 53)
16 Jan 2025 22:40:34 GMT Roślinka wyrosła na (28, 52)
16 Jan 2025 22:40:34 GMT Roślinka wyrosła na (71, 45)
16 Jan 2025 22:40:35 GMT Długość listy pozycji: 10
Lista pozycji zwierząt: {(94, 79)=[^], (47, 1)=[^], (25, 92)=[^], (92, 81)=[^], (72, 61)=[^], (62, 20)=[^], (88, 1)=[^], (84, 61)=[^], (77, 39)=[>], (87, 34)=[^]}
16 Jan 2025 22:40:35 GMT Zwierzę poruszyło się z (76, 39) na (77, 39)
16 Jan 2025 22:40:35 GMT Długość listy pozycji: 10
Lista pozycji zwierząt: {(94, 79)=[^], (47, 1)=[^], (25, 92)=[^], (92, 81)=[^], (72, 61)=[^], (62, 20)=[^], (85, 61)=[>], (88, 1)=[^], (77, 39)=[>], (87, 34)=[^]}
16 Jan 2025 22:40:35 GMT Zwierzę poruszyło się z (84, 61) na (85, 61)
16 Jan 2025 22:40:35 GMT Długość listy pozycji: 10
Lista pozycji zwierząt: {(94, 79)=[^], (47, 1)=[^], (25, 92)=[^], (72, 60)=[v], (92, 81)=[^], (62, 20)=[^], (85, 61)=[>], (88, 1)=[^], (77, 39)=[>], (87, 34)=[^]}
16 Jan 2025 22:40:35 GMT Zwierzę poruszyło się z (72, 61) na (72, 60)
16 Jan 2025 22:40:35 GMT Długość listy pozycji: 10
Lista pozycji zwierząt: {(94, 79)=[^], (47, 1)=[^], (25, 92)=[^], (72, 60)=[v], (91, 81)=[<], (62, 20)=[^], (85, 61)=[>], (88, 1)=[^], (77, 39)=[>], (87, 34)=[^]}
16 Jan 2025 22:40:35 GMT Zwierzę poruszyło się z (92, 81) na (91, 81)
16 Jan 2025 22:40:35 GMT Długość listy pozycji: 10
Lista pozycji zwierząt: {(94, 79)=[^], (46, 1)=[<], (25, 92)=[^], (72, 60)=[v], (91, 81)=[<], (62, 20)=[^], (85, 61)=[>], (88, 1)=[^], (77, 39)=[>], (87, 34)=[^]}
16 Jan 2025 22:40:35 GMT Zwierzę poruszyło się z (47, 1) na (46, 1)
16 Jan 2025 22:40:35 GMT Długość listy pozycji: 10
Lista pozycji zwierząt: {(94, 79)=[^], (46, 1)=[<], (25, 92)=[^], (72, 60)=[v], (91, 81)=[<], (62, 20)=[^], (85, 61)=[>], (88, 1)=[^], (87, 33)=[v], (77, 39)=[>]}
16 Jan 2025 22:40:35 GMT Zwierzę poruszyło się z (87, 34) na (87, 33)
16 Jan 2025 22:40:35 GMT Długość listy pozycji: 10
Lista pozycji zwierząt: {(95, 78)=[◢], (46, 1)=[<], (25, 92)=[^], (72, 60)=[v], (91, 81)=[<], (62, 20)=[^], (85, 61)=[>], (88, 1)=[^], (87, 33)=[v], (77, 39)=[>]}
16 Jan 2025 22:40:35 GMT Zwierzę poruszyło się z (94, 79) na (95, 78)
16 Jan 2025 22:40:36 GMT Długość listy pozycji: 10
Lista pozycji zwierząt: {(95, 78)=[◢], (46, 1)=[<], (25, 92)=[^], (72, 60)=[v], (91, 81)=[<], (62, 21)=[^], (85, 61)=[>], (88, 1)=[^], (87, 33)=[v], (77, 39)=[>]}
16 Jan 2025 22:40:36 GMT Zwierzę poruszyło się z (62, 20) na (62, 21)
16 Jan 2025 22:40:36 GMT Długość listy pozycji: 10
Lista pozycji zwierząt: {(95, 78)=[◢], (46, 1)=[<], (25, 92)=[^], (72, 60)=[v], (91, 81)=[<], (62, 21)=[^], (85, 61)=[>], (87, 1)=[<], (87, 33)=[v], (77, 39)=[>]}
16 Jan 2025 22:40:36 GMT Zwierzę poruszyło się z (88, 1) na (87, 1)
16 Jan 2025 22:40:36 GMT Długość listy pozycji: 10
Lista pozycji zwierząt: {(95, 78)=[◢], (26, 92)=[>], (46, 1)=[<], (72, 60)=[v], (91, 81)=[<], (62, 21)=[^], (85, 61)=[>], (87, 1)=[<], (87, 33)=[v], (77, 39)=[>]}
16 Jan 2025 22:40:36 GMT Zwierzę poruszyło się z (25, 92) na (26, 92)
16 Jan 2025 22:40:36 GMT Roślinka wyrosła na (79, 17)
16 Jan 2025 22:40:36 GMT Roślinka wyrosła na (24, 48)
16 Jan 2025 22:40:36 GMT Roślinka wyrosła na (70, 85)
16 Jan 2025 22:40:36 GMT Roślinka wyrosła na (53, 53)
16 Jan 2025 22:40:36 GMT Roślinka wyrosła na (20, 58)
16 Jan 2025 22:40:36 GMT Roślinka wyrosła na (59, 42)
16 Jan 2025 22:40:36 GMT Roślinka wyrosła na (43, 35)
16 Jan 2025 22:40:36 GMT Roślinka wyrosła na (49, 55)
16 Jan 2025 22:40:36 GMT Roślinka wyrosła na (89, 48)
16 Jan 2025 22:40:36 GMT Roślinka wyrosła na (13, 72)
16 Jan 2025 22:40:36 GMT Długość listy pozycji: 10
Lista pozycji zwierząt: {(95, 78)=[◢], (26, 92)=[>], (46, 1)=[<], (72, 60)=[v], (91, 81)=[<], (62, 21)=[^], (85, 61)=[>], (77, 38)=[v], (87, 1)=[<], (87, 33)=[v]}
16 Jan 2025 22:40:36 GMT Zwierzę poruszyło się z (77, 39) na (77, 38)
16 Jan 2025 22:40:36 GMT Długość listy pozycji: 10
Lista pozycji zwierząt: {(95, 78)=[◢], (26, 92)=[>], (46, 1)=[<], (72, 60)=[v], (91, 81)=[<], (85, 60)=[v], (62, 21)=[^], (77, 38)=[v], (87, 1)=[<], (87, 33)=[v]}
16 Jan 2025 22:40:36 GMT Zwierzę poruszyło się z (85, 61) na (85, 60)
16 Jan 2025 22:40:37 GMT Długość listy pozycji: 10
Lista pozycji zwierząt: {(95, 78)=[◢], (26, 92)=[>], (46, 1)=[<], (72, 61)=[^], (91, 81)=[<], (85, 60)=[v], (62, 21)=[^], (77, 38)=[v], (87, 1)=[<], (87, 33)=[v]}
16 Jan 2025 22:40:37 GMT Zwierzę poruszyło się z (72, 60) na (72, 61)
16 Jan 2025 22:40:37 GMT Długość listy pozycji: 10
Lista pozycji zwierząt: {(95, 78)=[◢], (26, 92)=[>], (46, 1)=[<], (91, 80)=[v], (72, 61)=[^], (85, 60)=[v], (62, 21)=[^], (77, 38)=[v], (87, 1)=[<], (87, 33)=[v]}
16 Jan 2025 22:40:37 GMT Zwierzę poruszyło się z (91, 81) na (91, 80)
16 Jan 2025 22:40:37 GMT Długość listy pozycji: 10
Lista pozycji zwierząt: {(95, 78)=[◢], (46, 0)=[v], (26, 92)=[>], (91, 80)=[v], (72, 61)=[^], (85, 60)=[v], (62, 21)=[^], (77, 38)=[v], (87, 1)=[<], (87, 33)=[v]}
16 Jan 2025 22:40:37 GMT Zwierzę poruszyło się z (46, 1) na (46, 0)
16 Jan 2025 22:40:37 GMT Długość listy pozycji: 10
Lista pozycji zwierząt: {(95, 78)=[◢], (46, 0)=[v], (26, 92)=[>], (91, 80)=[v], (72, 61)=[^], (85, 60)=[v], (62, 21)=[^], (77, 38)=[v], (87, 1)=[<], (87, 34)=[^]}
16 Jan 2025 22:40:37 GMT Zwierzę poruszyło się z (87, 33) na (87, 34)
16 Jan 2025 22:40:37 GMT Długość listy pozycji: 10
Lista pozycji zwierząt: {(94, 78)=[<], (46, 0)=[v], (26, 92)=[>], (91, 80)=[v], (72, 61)=[^], (85, 60)=[v], (62, 21)=[^], (77, 38)=[v], (87, 1)=[<], (87, 34)=[^]}
16 Jan 2025 22:40:37 GMT Zwierzę poruszyło się z (95, 78) na (94, 78)
16 Jan 2025 22:40:37 GMT Długość listy pozycji: 10
Lista pozycji zwierząt: {(94, 78)=[<], (46, 0)=[v], (26, 92)=[>], (91, 80)=[v], (72, 61)=[^], (85, 60)=[v], (62, 22)=[^], (77, 38)=[v], (87, 1)=[<], (87, 34)=[^]}
16 Jan 2025 22:40:37 GMT Zwierzę poruszyło się z (62, 21) na (62, 22)
16 Jan 2025 22:40:37 GMT Długość listy pozycji: 10
Lista pozycji zwierząt: {(94, 78)=[<], (46, 0)=[v], (26, 92)=[>], (91, 80)=[v], (72, 61)=[^], (85, 60)=[v], (62, 22)=[^], (87, 0)=[v], (77, 38)=[v], (87, 34)=[^]}
16 Jan 2025 22:40:37 GMT Zwierzę poruszyło się z (87, 1) na (87, 0)
16 Jan 2025 22:40:37 GMT Długość listy pozycji: 10
Lista pozycji zwierząt: {(94, 78)=[<], (26, 91)=[v], (46, 0)=[v], (91, 80)=[v], (72, 61)=[^], (85, 60)=[v], (62, 22)=[^], (87, 0)=[v], (77, 38)=[v], (87, 34)=[^]}
16 Jan 2025 22:40:37 GMT Zwierzę poruszyło się z (26, 92) na (26, 91)
16 Jan 2025 22:40:38 GMT Roślinka wyrosła na (72, 58)
16 Jan 2025 22:40:38 GMT Roślinka wyrosła na (62, 7)
16 Jan 2025 22:40:38 GMT Roślinka wyrosła na (44, 52)
16 Jan 2025 22:40:38 GMT Roślinka wyrosła na (91, 44)
16 Jan 2025 22:40:38 GMT Roślinka wyrosła na (87, 55)
16 Jan 2025 22:40:38 GMT Roślinka wyrosła na (62, 12)
16 Jan 2025 22:40:38 GMT Roślinka wyrosła na (28, 56)
16 Jan 2025 22:40:38 GMT Roślinka wyrosła na (31, 43)
16 Jan 2025 22:40:38 GMT Roślinka wyrosła na (4, 43)
16 Jan 2025 22:40:38 GMT Roślinka wyrosła na (51, 49)
16 Jan 2025 22:40:38 GMT Długość listy pozycji: 10
Lista pozycji zwierząt: {(94, 78)=[<], (26, 91)=[v], (46, 0)=[v], (91, 80)=[v], (72, 61)=[^], (85, 60)=[v], (62, 22)=[^], (87, 0)=[v], (76, 38)=[<], (87, 34)=[^]}
16 Jan 2025 22:40:38 GMT Zwierzę poruszyło się z (77, 38) na (76, 38)
16 Jan 2025 22:40:38 GMT Długość listy pozycji: 10
Lista pozycji zwierząt: {(94, 78)=[<], (26, 91)=[v], (46, 0)=[v], (91, 80)=[v], (72, 61)=[^], (84, 60)=[<], (62, 22)=[^], (87, 0)=[v], (76, 38)=[<], (87, 34)=[^]}
16 Jan 2025 22:40:38 GMT Zwierzę poruszyło się z (85, 60) na (84, 60)
16 Jan 2025 22:40:38 GMT Długość listy pozycji: 10
Lista pozycji zwierząt: {(94, 78)=[<], (26, 91)=[v], (46, 0)=[v], (72, 60)=[v], (91, 80)=[v], (84, 60)=[<], (62, 22)=[^], (87, 0)=[v], (76, 38)=[<], (87, 34)=[^]}
16 Jan 2025 22:40:38 GMT Zwierzę poruszyło się z (72, 61) na (72, 60)
16 Jan 2025 22:40:39 GMT Długość listy pozycji: 10
Lista pozycji zwierząt: {(94, 78)=[<], (26, 91)=[v], (46, 0)=[v], (92, 80)=[>], (72, 60)=[v], (84, 60)=[<], (62, 22)=[^], (87, 0)=[v], (76, 38)=[<], (87, 34)=[^]}
16 Jan 2025 22:40:39 GMT Zwierzę poruszyło się z (91, 80) na (92, 80)
16 Jan 2025 22:40:39 GMT Długość listy pozycji: 10
Lista pozycji zwierząt: {(94, 78)=[<], (47, 0)=[>], (26, 91)=[v], (92, 80)=[>], (72, 60)=[v], (84, 60)=[<], (62, 22)=[^], (87, 0)=[v], (76, 38)=[<], (87, 34)=[^]}
16 Jan 2025 22:40:39 GMT Zwierzę poruszyło się z (46, 0) na (47, 0)
16 Jan 2025 22:40:39 GMT Długość listy pozycji: 10
Lista pozycji zwierząt: {(94, 78)=[<], (47, 0)=[>], (26, 91)=[v], (92, 80)=[>], (72, 60)=[v], (84, 60)=[<], (62, 22)=[^], (87, 0)=[v], (87, 33)=[v], (76, 38)=[<]}
16 Jan 2025 22:40:39 GMT Zwierzę poruszyło się z (87, 34) na (87, 33)
16 Jan 2025 22:40:39 GMT Długość listy pozycji: 10
Lista pozycji zwierząt: {(95, 79)=[◥], (47, 0)=[>], (26, 91)=[v], (92, 80)=[>], (72, 60)=[v], (84, 60)=[<], (62, 22)=[^], (87, 0)=[v], (87, 33)=[v], (76, 38)=[<]}
16 Jan 2025 22:40:39 GMT Zwierzę poruszyło się z (94, 78) na (95, 79)
16 Jan 2025 22:40:39 GMT Długość listy pozycji: 10
Lista pozycji zwierząt: {(95, 79)=[◥], (47, 0)=[>], (26, 91)=[v], (92, 80)=[>], (72, 60)=[v], (84, 60)=[<], (62, 23)=[^], (87, 0)=[v], (87, 33)=[v], (76, 38)=[<]}
16 Jan 2025 22:40:39 GMT Zwierzę poruszyło się z (62, 22) na (62, 23)
16 Jan 2025 22:40:39 GMT Długość listy pozycji: 10
Lista pozycji zwierząt: {(95, 79)=[◥], (47, 0)=[>], (26, 91)=[v], (92, 80)=[>], (72, 60)=[v], (88, 0)=[>], (84, 60)=[<], (62, 23)=[^], (87, 33)=[v], (76, 38)=[<]}
16 Jan 2025 22:40:39 GMT Zwierzę poruszyło się z (87, 0) na (88, 0)
16 Jan 2025 22:40:39 GMT Długość listy pozycji: 10
Lista pozycji zwierząt: {(95, 79)=[◥], (47, 0)=[>], (25, 91)=[<], (92, 80)=[>], (72, 60)=[v], (88, 0)=[>], (84, 60)=[<], (62, 23)=[^], (87, 33)=[v], (76, 38)=[<]}
16 Jan 2025 22:40:39 GMT Zwierzę poruszyło się z (26, 91) na (25, 91)
16 Jan 2025 22:40:40 GMT Roślinka wyrosła na (77, 51)
16 Jan 2025 22:40:40 GMT Roślinka wyrosła na (43, 50)
16 Jan 2025 22:40:40 GMT Roślinka wyrosła na (4, 45)
16 Jan 2025 22:40:40 GMT Roślinka wyrosła na (39, 2)
16 Jan 2025 22:40:40 GMT Roślinka wyrosła na (92, 45)
16 Jan 2025 22:40:40 GMT Roślinka wyrosła na (44, 47)
16 Jan 2025 22:40:40 GMT Roślinka wyrosła na (85, 49)
16 Jan 2025 22:40:40 GMT Roślinka wyrosła na (8, 42)
16 Jan 2025 22:40:40 GMT Roślinka wyrosła na (29, 41)
16 Jan 2025 22:40:40 GMT Roślinka wyrosła na (32, 52)
16 Jan 2025 22:40:40 GMT Zwierzę umarło na (76, 38)
16 Jan 2025 22:40:40 GMT Zwierzę umarło na (92, 80)
16 Jan 2025 22:40:40 GMT Zwierzę umarło na (47, 0)
16 Jan 2025 22:40:40 GMT Zwierzę umarło na (87, 33)
16 Jan 2025 22:40:40 GMT Zwierzę umarło na (95, 79)
16 Jan 2025 22:40:40 GMT Zwierzę umarło na (62, 23)
16 Jan 2025 22:40:40 GMT Zwierzę umarło na (88, 0)
16 Jan 2025 22:40:40 GMT Zwierzę umarło na (25, 91)
16 Jan 2025 22:40:40 GMT Długość listy pozycji: 10
Lista pozycji zwierząt: {(95, 79)=[], (47, 0)=[], (25, 91)=[], (92, 80)=[], (72, 60)=[v], (88, 0)=[], (84, 61)=[^], (62, 23)=[], (87, 33)=[], (76, 38)=[]}
16 Jan 2025 22:40:40 GMT Zwierzę poruszyło się z (84, 60) na (84, 61)
16 Jan 2025 22:40:40 GMT Długość listy pozycji: 10
Lista pozycji zwierząt: {(95, 79)=[], (47, 0)=[], (25, 91)=[], (92, 80)=[], (72, 61)=[^], (88, 0)=[], (84, 61)=[^], (62, 23)=[], (87, 33)=[], (76, 38)=[]}
16 Jan 2025 22:40:40 GMT Zwierzę poruszyło się z (72, 60) na (72, 61)
16 Jan 2025 22:40:40 GMT Roślinka wyrosła na (83, 28)
16 Jan 2025 22:40:40 GMT Roślinka wyrosła na (29, 57)
16 Jan 2025 22:40:40 GMT Roślinka wyrosła na (15, 50)
16 Jan 2025 22:40:40 GMT Roślinka wyrosła na (15, 30)
16 Jan 2025 22:40:40 GMT Roślinka wyrosła na (64, 22)
16 Jan 2025 22:40:40 GMT Roślinka wyrosła na (71, 53)
16 Jan 2025 22:40:40 GMT Roślinka wyrosła na (66, 53)
16 Jan 2025 22:40:40 GMT Roślinka wyrosła na (97, 53)
16 Jan 2025 22:40:40 GMT Roślinka wyrosła na (86, 56)
16 Jan 2025 22:40:40 GMT Roślinka wyrosła na (38, 93)
16 Jan 2025 22:40:41 GMT Długość listy pozycji: 10
Lista pozycji zwierząt: {(95, 79)=[], (47, 0)=[], (25, 91)=[], (92, 80)=[], (72, 61)=[^], (85, 61)=[>], (88, 0)=[], (62, 23)=[], (87, 33)=[], (76, 38)=[]}
16 Jan 2025 22:40:41 GMT Zwierzę poruszyło się z (84, 61) na (85, 61)
16 Jan 2025 22:40:41 GMT Długość listy pozycji: 10
Lista pozycji zwierząt: {(95, 79)=[], (47, 0)=[], (25, 91)=[], (72, 60)=[v], (92, 80)=[], (85, 61)=[>], (88, 0)=[], (62, 23)=[], (87, 33)=[], (76, 38)=[]}
16 Jan 2025 22:40:41 GMT Zwierzę poruszyło się z (72, 61) na (72, 60)
16 Jan 2025 22:40:41 GMT Roślinka wyrosła na (21, 81)
16 Jan 2025 22:40:41 GMT Roślinka wyrosła na (49, 42)
16 Jan 2025 22:40:41 GMT Roślinka wyrosła na (64, 43)
16 Jan 2025 22:40:41 GMT Roślinka wyrosła na (3, 52)
16 Jan 2025 22:40:41 GMT Roślinka wyrosła na (65, 61)
16 Jan 2025 22:40:41 GMT Roślinka wyrosła na (28, 8)
16 Jan 2025 22:40:41 GMT Roślinka wyrosła na (95, 60)
16 Jan 2025 22:40:41 GMT Roślinka wyrosła na (48, 54)
16 Jan 2025 22:40:41 GMT Roślinka wyrosła na (79, 46)
16 Jan 2025 22:40:42 GMT Roślinka wyrosła na (55, 81)
16 Jan 2025 22:40:42 GMT Długość listy pozycji: 10
Lista pozycji zwierząt: {(95, 79)=[], (47, 0)=[], (25, 91)=[], (72, 60)=[v], (92, 80)=[], (85, 60)=[v], (88, 0)=[], (62, 23)=[], (87, 33)=[], (76, 38)=[]}
16 Jan 2025 22:40:42 GMT Zwierzę poruszyło się z (85, 61) na (85, 60)
16 Jan 2025 22:40:42 GMT Długość listy pozycji: 10
Lista pozycji zwierząt: {(95, 79)=[], (47, 0)=[], (25, 91)=[], (92, 80)=[], (72, 61)=[^], (85, 60)=[v], (88, 0)=[], (62, 23)=[], (87, 33)=[], (76, 38)=[]}
16 Jan 2025 22:40:42 GMT Zwierzę poruszyło się z (72, 60) na (72, 61)
16 Jan 2025 22:40:42 GMT Roślinka wyrosła na (33, 44)
16 Jan 2025 22:40:42 GMT Roślinka wyrosła na (62, 24)
16 Jan 2025 22:40:42 GMT Roślinka wyrosła na (64, 30)
16 Jan 2025 22:40:42 GMT Roślinka wyrosła na (89, 56)
16 Jan 2025 22:40:42 GMT Roślinka wyrosła na (14, 68)
16 Jan 2025 22:40:42 GMT Roślinka wyrosła na (82, 55)
16 Jan 2025 22:40:42 GMT Roślinka wyrosła na (68, 30)
16 Jan 2025 22:40:42 GMT Roślinka wyrosła na (7, 58)
16 Jan 2025 22:40:42 GMT Roślinka wyrosła na (83, 76)
16 Jan 2025 22:40:42 GMT Roślinka wyrosła na (41, 57)
16 Jan 2025 22:40:43 GMT Długość listy pozycji: 10
Lista pozycji zwierząt: {(95, 79)=[], (47, 0)=[], (25, 91)=[], (92, 80)=[], (72, 61)=[^], (84, 60)=[<], (88, 0)=[], (62, 23)=[], (87, 33)=[], (76, 38)=[]}
16 Jan 2025 22:40:43 GMT Zwierzę poruszyło się z (85, 60) na (84, 60)
16 Jan 2025 22:40:43 GMT Długość listy pozycji: 10
Lista pozycji zwierząt: {(95, 79)=[], (47, 0)=[], (25, 91)=[], (72, 60)=[v], (92, 80)=[], (84, 60)=[<], (88, 0)=[], (62, 23)=[], (87, 33)=[], (76, 38)=[]}
16 Jan 2025 22:40:43 GMT Zwierzę poruszyło się z (72, 61) na (72, 60)
16 Jan 2025 22:40:43 GMT Roślinka wyrosła na (9, 40)
16 Jan 2025 22:40:43 GMT Roślinka wyrosła na (74, 56)
16 Jan 2025 22:40:43 GMT Roślinka wyrosła na (78, 57)
16 Jan 2025 22:40:43 GMT Roślinka wyrosła na (19, 58)
16 Jan 2025 22:40:43 GMT Roślinka wyrosła na (6, 58)
16 Jan 2025 22:40:43 GMT Roślinka wyrosła na (81, 56)
16 Jan 2025 22:40:43 GMT Roślinka wyrosła na (54, 48)
16 Jan 2025 22:40:43 GMT Roślinka wyrosła na (92, 41)
16 Jan 2025 22:40:43 GMT Roślinka wyrosła na (37, 55)
16 Jan 2025 22:40:43 GMT Roślinka wyrosła na (60, 67)
16 Jan 2025 22:40:43 GMT Długość listy pozycji: 10
Lista pozycji zwierząt: {(95, 79)=[], (47, 0)=[], (25, 91)=[], (72, 60)=[v], (92, 80)=[], (88, 0)=[], (84, 61)=[^], (62, 23)=[], (87, 33)=[], (76, 38)=[]}
16 Jan 2025 22:40:43 GMT Zwierzę poruszyło się z (84, 60) na (84, 61)
16 Jan 2025 22:40:43 GMT Długość listy pozycji: 10
Lista pozycji zwierząt: {(95, 79)=[], (47, 0)=[], (25, 91)=[], (92, 80)=[], (72, 61)=[^], (88, 0)=[], (84, 61)=[^], (62, 23)=[], (87, 33)=[], (76, 38)=[]}
16 Jan 2025 22:40:43 GMT Zwierzę poruszyło się z (72, 60) na (72, 61)
16 Jan 2025 22:40:44 GMT Roślinka wyrosła na (25, 35)
16 Jan 2025 22:40:44 GMT Roślinka wyrosła na (29, 85)
16 Jan 2025 22:40:44 GMT Roślinka wyrosła na (23, 55)
16 Jan 2025 22:40:44 GMT Roślinka wyrosła na (15, 2)
16 Jan 2025 22:40:44 GMT Roślinka wyrosła na (77, 31)
16 Jan 2025 22:40:44 GMT Roślinka wyrosła na (40, 58)
16 Jan 2025 22:40:44 GMT Roślinka wyrosła na (17, 64)
16 Jan 2025 22:40:44 GMT Roślinka wyrosła na (46, 93)
16 Jan 2025 22:40:44 GMT Roślinka wyrosła na (76, 54)
16 Jan 2025 22:40:44 GMT Roślinka wyrosła na (2, 53)
16 Jan 2025 22:40:44 GMT Długość listy pozycji: 10
Lista pozycji zwierząt: {(95, 79)=[], (47, 0)=[], (25, 91)=[], (92, 80)=[], (72, 61)=[^], (85, 61)=[>], (88, 0)=[], (62, 23)=[], (87, 33)=[], (76, 38)=[]}
16 Jan 2025 22:40:44 GMT Zwierzę poruszyło się z (84, 61) na (85, 61)
16 Jan 2025 22:40:44 GMT Długość listy pozycji: 10
Lista pozycji zwierząt: {(95, 79)=[], (47, 0)=[], (25, 91)=[], (72, 60)=[v], (92, 80)=[], (85, 61)=[>], (88, 0)=[], (62, 23)=[], (87, 33)=[], (76, 38)=[]}
16 Jan 2025 22:40:44 GMT Zwierzę poruszyło się z (72, 61) na (72, 60)
16 Jan 2025 22:40:45 GMT Roślinka wyrosła na (6, 43)
16 Jan 2025 22:40:45 GMT Roślinka wyrosła na (29, 81)
16 Jan 2025 22:40:45 GMT Roślinka wyrosła na (15, 59)
16 Jan 2025 22:40:45 GMT Roślinka wyrosła na (12, 47)
16 Jan 2025 22:40:45 GMT Roślinka wyrosła na (83, 56)
16 Jan 2025 22:40:45 GMT Roślinka wyrosła na (89, 72)
16 Jan 2025 22:40:45 GMT Roślinka wyrosła na (66, 46)
16 Jan 2025 22:40:45 GMT Roślinka wyrosła na (55, 53)
16 Jan 2025 22:40:45 GMT Roślinka wyrosła na (7, 42)
16 Jan 2025 22:40:45 GMT Roślinka wyrosła na (41, 2)
16 Jan 2025 22:40:45 GMT Długość listy pozycji: 10
Lista pozycji zwierząt: {(95, 79)=[], (47, 0)=[], (25, 91)=[], (72, 60)=[v], (92, 80)=[], (85, 60)=[v], (88, 0)=[], (62, 23)=[], (87, 33)=[], (76, 38)=[]}
16 Jan 2025 22:40:45 GMT Zwierzę poruszyło się z (85, 61) na (85, 60)
16 Jan 2025 22:40:45 GMT Długość listy pozycji: 10
Lista pozycji zwierząt: {(95, 79)=[], (47, 0)=[], (25, 91)=[], (92, 80)=[], (72, 61)=[^], (85, 60)=[v], (88, 0)=[], (62, 23)=[], (87, 33)=[], (76, 38)=[]}
16 Jan 2025 22:40:45 GMT Zwierzę poruszyło się z (72, 60) na (72, 61)
16 Jan 2025 22:40:45 GMT Roślinka wyrosła na (77, 49)
16 Jan 2025 22:40:45 GMT Roślinka wyrosła na (24, 51)
16 Jan 2025 22:40:45 GMT Roślinka wyrosła na (78, 41)
16 Jan 2025 22:40:45 GMT Roślinka wyrosła na (62, 44)
16 Jan 2025 22:40:45 GMT Roślinka wyrosła na (29, 67)
16 Jan 2025 22:40:45 GMT Roślinka wyrosła na (99, 53)
16 Jan 2025 22:40:45 GMT Roślinka wyrosła na (89, 51)
16 Jan 2025 22:40:45 GMT Roślinka wyrosła na (63, 60)
16 Jan 2025 22:40:45 GMT Roślinka wyrosła na (70, 59)
16 Jan 2025 22:40:45 GMT Roślinka wyrosła na (39, 59)
16 Jan 2025 22:40:46 GMT Długość listy pozycji: 10
Lista pozycji zwierząt: {(95, 79)=[], (47, 0)=[], (25, 91)=[], (92, 80)=[], (72, 61)=[^], (84, 60)=[<], (88, 0)=[], (62, 23)=[], (87, 33)=[], (76, 38)=[]}
16 Jan 2025 22:40:46 GMT Zwierzę poruszyło się z (85, 60) na (84, 60)
16 Jan 2025 22:40:46 GMT Długość listy pozycji: 10
Lista pozycji zwierząt: {(95, 79)=[], (47, 0)=[], (25, 91)=[], (72, 60)=[v], (92, 80)=[], (84, 60)=[<], (88, 0)=[], (62, 23)=[], (87, 33)=[], (76, 38)=[]}
16 Jan 2025 22:40:46 GMT Zwierzę poruszyło się z (72, 61) na (72, 60)
16 Jan 2025 22:40:46 GMT Roślinka wyrosła na (81, 46)
16 Jan 2025 22:40:46 GMT Roślinka wyrosła na (81, 55)
16 Jan 2025 22:40:46 GMT Roślinka wyrosła na (47, 13)
16 Jan 2025 22:40:46 GMT Roślinka wyrosła na (37, 47)
16 Jan 2025 22:40:46 GMT Roślinka wyrosła na (81, 6)
16 Jan 2025 22:40:46 GMT Roślinka wyrosła na (63, 66)
16 Jan 2025 22:40:46 GMT Roślinka wyrosła na (92, 42)
16 Jan 2025 22:40:46 GMT Roślinka wyrosła na (69, 46)
16 Jan 2025 22:40:46 GMT Roślinka wyrosła na (67, 59)
16 Jan 2025 22:40:46 GMT Roślinka wyrosła na (70, 56)
16 Jan 2025 22:40:46 GMT Długość listy pozycji: 10
Lista pozycji zwierząt: {(95, 79)=[], (47, 0)=[], (25, 91)=[], (72, 60)=[v], (92, 80)=[], (88, 0)=[], (84, 61)=[^], (62, 23)=[], (87, 33)=[], (76, 38)=[]}
16 Jan 2025 22:40:46 GMT Zwierzę poruszyło się z (84, 60) na (84, 61)
16 Jan 2025 22:40:46 GMT Długość listy pozycji: 10
Lista pozycji zwierząt: {(95, 79)=[], (47, 0)=[], (25, 91)=[], (92, 80)=[], (72, 61)=[^], (88, 0)=[], (84, 61)=[^], (62, 23)=[], (87, 33)=[], (76, 38)=[]}
16 Jan 2025 22:40:46 GMT Zwierzę poruszyło się z (72, 60) na (72, 61)
16 Jan 2025 22:40:48 GMT Roślinka wyrosła na (5, 53)
16 Jan 2025 22:40:48 GMT Roślinka wyrosła na (17, 59)
16 Jan 2025 22:40:48 GMT Roślinka wyrosła na (89, 59)
16 Jan 2025 22:40:48 GMT Roślinka wyrosła na (95, 44)
16 Jan 2025 22:40:48 GMT Roślinka wyrosła na (27, 97)
16 Jan 2025 22:40:48 GMT Roślinka wyrosła na (35, 54)
16 Jan 2025 22:40:48 GMT Roślinka wyrosła na (88, 49)
16 Jan 2025 22:40:48 GMT Roślinka wyrosła na (56, 60)
16 Jan 2025 22:40:48 GMT Roślinka wyrosła na (4, 57)
16 Jan 2025 22:40:48 GMT Roślinka wyrosła na (53, 52)
16 Jan 2025 22:40:48 GMT Długość listy pozycji: 10
Lista pozycji zwierząt: {(95, 79)=[], (47, 0)=[], (25, 91)=[], (92, 80)=[], (72, 61)=[^], (85, 61)=[>], (88, 0)=[], (62, 23)=[], (87, 33)=[], (76, 38)=[]}
16 Jan 2025 22:40:48 GMT Zwierzę poruszyło się z (84, 61) na (85, 61)
16 Jan 2025 22:40:48 GMT Długość listy pozycji: 10
Lista pozycji zwierząt: {(95, 79)=[], (47, 0)=[], (25, 91)=[], (72, 60)=[v], (92, 80)=[], (85, 61)=[>], (88, 0)=[], (62, 23)=[], (87, 33)=[], (76, 38)=[]}
16 Jan 2025 22:40:48 GMT Zwierzę poruszyło się z (72, 61) na (72, 60)
16 Jan 2025 22:40:48 GMT Roślinka wyrosła na (54, 44)
16 Jan 2025 22:40:48 GMT Roślinka wyrosła na (89, 44)
16 Jan 2025 22:40:48 GMT Roślinka wyrosła na (29, 53)
16 Jan 2025 22:40:48 GMT Roślinka wyrosła na (11, 48)
16 Jan 2025 22:40:48 GMT Roślinka wyrosła na (23, 42)
16 Jan 2025 22:40:48 GMT Roślinka wyrosła na (70, 57)
16 Jan 2025 22:40:48 GMT Roślinka wyrosła na (12, 56)
16 Jan 2025 22:40:48 GMT Roślinka wyrosła na (61, 59)
16 Jan 2025 22:40:49 GMT Roślinka wyrosła na (0, 47)
16 Jan 2025 22:40:49 GMT Roślinka wyrosła na (90, 97)
16 Jan 2025 22:40:49 GMT Zwierzę umarło na (85, 61)
16 Jan 2025 22:40:49 GMT Zwierzę umarło na (72, 60)
16 Jan 2025 22:40:49 GMT Roślinka wyrosła na (41, 46)
16 Jan 2025 22:40:49 GMT Roślinka wyrosła na (5, 52)
16 Jan 2025 22:40:49 GMT Roślinka wyrosła na (42, 44)
16 Jan 2025 22:40:49 GMT Roślinka wyrosła na (8, 60)
16 Jan 2025 22:40:49 GMT Roślinka wyrosła na (5, 49)
16 Jan 2025 22:40:49 GMT Roślinka wyrosła na (91, 60)
16 Jan 2025 22:40:49 GMT Roślinka wyrosła na (17, 44)
16 Jan 2025 22:40:49 GMT Roślinka wyrosła na (21, 40)
16 Jan 2025 22:40:49 GMT Roślinka wyrosła na (65, 62)
16 Jan 2025 22:40:49 GMT Roślinka wyrosła na (86, 41)
