18 Jan 2025 22:02:55 GMT Zwierze zostało położone na (7, 1)
18 Jan 2025 22:02:55 GMT Zwierze zostało położone na (0, 7)
18 Jan 2025 22:02:55 GMT Zwierze zostało położone na (3, 1)
18 Jan 2025 22:02:55 GMT Zwierze zostało położone na (5, 3)
18 Jan 2025 22:02:55 GMT Zwierze zostało położone na (3, 6)
18 Jan 2025 22:02:55 GMT Zwierze zostało położone na (5, 6)
18 Jan 2025 22:02:55 GMT Zwierze zostało położone na (1, 0)
18 Jan 2025 22:02:55 GMT Zwierze zostało położone na (8, 5)
18 Jan 2025 22:02:55 GMT Zwierze zostało położone na (2, 4)
18 Jan 2025 22:02:55 GMT Zwierze zostało położone na (6, 8)
18 Jan 2025 22:02:55 GMT Długość listy pozycji: 10
Lista pozycji zwierząt: {(1, 0)=[◤], (5, 6)=[>], (6, 8)=[◣], (2, 4)=[<], (3, 6)=[^], (0, 7)=[◢], (7, 0)=[v], (8, 5)=[◤], (5, 3)=[◣], (3, 1)=[<]}
18 Jan 2025 22:02:55 GMT Zwierzę poruszyło się z (7, 1) na (7, 0)
18 Jan 2025 22:02:56 GMT Długość listy pozycji: 10
Lista pozycji zwierząt: {(1, 0)=[◤], (5, 6)=[>], (6, 8)=[◣], (2, 4)=[<], (3, 6)=[^], (7, 0)=[v], (8, 5)=[◤], (9, 7)=[<], (5, 3)=[◣], (3, 1)=[<]}
18 Jan 2025 22:02:56 GMT Zwierzę poruszyło się z (0, 7) na (9, 7)
18 Jan 2025 22:02:56 GMT Długość listy pozycji: 10
Lista pozycji zwierząt: {(1, 0)=[◤], (5, 6)=[>], (6, 8)=[◣], (2, 4)=[<], (3, 6)=[^], (7, 0)=[v], (3, 0)=[v], (8, 5)=[◤], (9, 7)=[<], (5, 3)=[◣]}
18 Jan 2025 22:02:56 GMT Zwierzę poruszyło się z (3, 1) na (3, 0)
18 Jan 2025 22:02:56 GMT Długość listy pozycji: 10
Lista pozycji zwierząt: {(1, 0)=[◤], (5, 6)=[>], (6, 8)=[◣], (2, 4)=[<], (3, 6)=[^], (7, 0)=[v], (6, 3)=[>], (3, 0)=[v], (8, 5)=[◤], (9, 7)=[<]}
18 Jan 2025 22:02:56 GMT Zwierzę poruszyło się z (5, 3) na (6, 3)
18 Jan 2025 22:02:56 GMT Długość listy pozycji: 10
Lista pozycji zwierząt: {(1, 0)=[◤], (5, 6)=[>], (6, 8)=[◣], (2, 4)=[<], (3, 7)=[^], (7, 0)=[v], (6, 3)=[>], (3, 0)=[v], (8, 5)=[◤], (9, 7)=[<]}
18 Jan 2025 22:02:56 GMT Zwierzę poruszyło się z (3, 6) na (3, 7)
18 Jan 2025 22:02:56 GMT Długość listy pozycji: 10
Lista pozycji zwierząt: {(1, 0)=[◤], (5, 5)=[v], (6, 8)=[◣], (2, 4)=[<], (3, 7)=[^], (7, 0)=[v], (6, 3)=[>], (3, 0)=[v], (8, 5)=[◤], (9, 7)=[<]}
18 Jan 2025 22:02:56 GMT Zwierzę poruszyło się z (5, 6) na (5, 5)
18 Jan 2025 22:02:56 GMT Długość listy pozycji: 10
Lista pozycji zwierząt: {(0, 0)=[<], (5, 5)=[v], (6, 8)=[◣], (2, 4)=[<], (3, 7)=[^], (7, 0)=[v], (6, 3)=[>], (3, 0)=[v], (8, 5)=[◤], (9, 7)=[<]}
18 Jan 2025 22:02:56 GMT Zwierzę poruszyło się z (1, 0) na (0, 0)
18 Jan 2025 22:02:56 GMT Długość listy pozycji: 10
Lista pozycji zwierząt: {(0, 0)=[<], (5, 5)=[v], (6, 8)=[◣], (2, 4)=[<], (3, 7)=[^], (7, 0)=[v], (6, 3)=[>], (3, 0)=[v], (7, 5)=[<], (9, 7)=[<]}
18 Jan 2025 22:02:56 GMT Zwierzę poruszyło się z (8, 5) na (7, 5)
18 Jan 2025 22:02:56 GMT Długość listy pozycji: 10
Lista pozycji zwierząt: {(0, 0)=[<], (5, 5)=[v], (2, 3)=[v], (6, 8)=[◣], (3, 7)=[^], (7, 0)=[v], (6, 3)=[>], (3, 0)=[v], (7, 5)=[<], (9, 7)=[<]}
18 Jan 2025 22:02:56 GMT Zwierzę poruszyło się z (2, 4) na (2, 3)
18 Jan 2025 22:02:56 GMT Długość listy pozycji: 10
Lista pozycji zwierząt: {(0, 0)=[<], (5, 5)=[v], (7, 8)=[>], (2, 3)=[v], (3, 7)=[^], (7, 0)=[v], (6, 3)=[>], (3, 0)=[v], (7, 5)=[<], (9, 7)=[<]}
18 Jan 2025 22:02:56 GMT Zwierzę poruszyło się z (6, 8) na (7, 8)
18 Jan 2025 22:02:57 GMT Zwierzę zjadło roślinkę na (7, 5)
18 Jan 2025 22:02:57 GMT Roślinka wyrosła na (8, 4)
18 Jan 2025 22:02:57 GMT Roślinka wyrosła na (2, 9)
18 Jan 2025 22:02:57 GMT Roślinka wyrosła na (9, 5)
18 Jan 2025 22:02:57 GMT Roślinka wyrosła na (9, 2)
18 Jan 2025 22:02:57 GMT Roślinka wyrosła na (0, 0)
18 Jan 2025 22:02:57 GMT Roślinka wyrosła na (0, 6)
18 Jan 2025 22:02:57 GMT Roślinka wyrosła na (3, 9)
18 Jan 2025 22:02:57 GMT Roślinka wyrosła na (6, 6)
18 Jan 2025 22:02:57 GMT Roślinka wyrosła na (3, 5)
18 Jan 2025 22:02:57 GMT Roślinka wyrosła na (4, 6)
18 Jan 2025 22:02:57 GMT Długość listy pozycji: 10
Lista pozycji zwierząt: {(0, 0)=[<], (5, 5)=[v], (7, 8)=[>], (2, 3)=[v], (3, 7)=[^], (8, 0)=[>], (6, 3)=[>], (3, 0)=[v], (7, 5)=[<], (9, 7)=[<]}
18 Jan 2025 22:02:57 GMT Zwierzę poruszyło się z (7, 0) na (8, 0)
18 Jan 2025 22:02:57 GMT Długość listy pozycji: 10
Lista pozycji zwierząt: {(0, 0)=[<], (5, 5)=[v], (7, 8)=[>], (2, 3)=[v], (3, 7)=[^], (0, 8)=[◥], (8, 0)=[>], (6, 3)=[>], (3, 0)=[v], (7, 5)=[<]}
18 Jan 2025 22:02:57 GMT Zwierzę poruszyło się z (9, 7) na (0, 8)
18 Jan 2025 22:02:57 GMT Długość listy pozycji: 10
Lista pozycji zwierząt: {(0, 0)=[<], (5, 5)=[v], (7, 8)=[>], (2, 3)=[v], (3, 7)=[^], (0, 8)=[◥], (8, 0)=[>], (4, 0)=[>], (6, 3)=[>], (7, 5)=[<]}
18 Jan 2025 22:02:57 GMT Zwierzę poruszyło się z (3, 0) na (4, 0)
18 Jan 2025 22:02:57 GMT Długość listy pozycji: 10
Lista pozycji zwierząt: {(5, 4)=[◤], (0, 0)=[<], (5, 5)=[v], (7, 8)=[>], (2, 3)=[v], (3, 7)=[^], (0, 8)=[◥], (8, 0)=[>], (4, 0)=[>], (7, 5)=[<]}
18 Jan 2025 22:02:57 GMT Zwierzę poruszyło się z (6, 3) na (5, 4)
18 Jan 2025 22:02:57 GMT Długość listy pozycji: 10
Lista pozycji zwierząt: {(5, 4)=[◤], (0, 0)=[<], (5, 5)=[v], (7, 8)=[>], (2, 3)=[v], (3, 8)=[^], (0, 8)=[◥], (8, 0)=[>], (4, 0)=[>], (7, 5)=[<]}
18 Jan 2025 22:02:57 GMT Zwierzę poruszyło się z (3, 7) na (3, 8)
18 Jan 2025 22:02:58 GMT Długość listy pozycji: 10
Lista pozycji zwierząt: {(5, 4)=[◤], (0, 0)=[<], (4, 5)=[<], (7, 8)=[>], (2, 3)=[v], (3, 8)=[^], (0, 8)=[◥], (8, 0)=[>], (4, 0)=[>], (7, 5)=[<]}
18 Jan 2025 22:02:58 GMT Zwierzę poruszyło się z (5, 5) na (4, 5)
18 Jan 2025 22:02:58 GMT Długość listy pozycji: 10
Lista pozycji zwierząt: {(5, 4)=[◤], (0, 0)=[◥], (4, 5)=[<], (7, 8)=[>], (2, 3)=[v], (3, 8)=[^], (0, 8)=[◥], (8, 0)=[>], (4, 0)=[>], (7, 5)=[<]}
18 Jan 2025 22:02:58 GMT Zwierzę poruszyło się z (0, 0) na (0, 0)
18 Jan 2025 22:02:58 GMT Długość listy pozycji: 10
Lista pozycji zwierząt: {(5, 4)=[◤], (0, 0)=[◥], (4, 5)=[<], (7, 8)=[>], (2, 3)=[v], (3, 8)=[^], (0, 8)=[◥], (8, 0)=[>], (4, 0)=[>], (6, 4)=[◣]}
18 Jan 2025 22:02:58 GMT Zwierzę poruszyło się z (7, 5) na (6, 4)
18 Jan 2025 22:02:58 GMT Długość listy pozycji: 10
Lista pozycji zwierząt: {(5, 4)=[◤], (3, 3)=[>], (0, 0)=[◥], (4, 5)=[<], (7, 8)=[>], (3, 8)=[^], (0, 8)=[◥], (8, 0)=[>], (4, 0)=[>], (6, 4)=[◣]}
18 Jan 2025 22:02:58 GMT Zwierzę poruszyło się z (2, 3) na (3, 3)
18 Jan 2025 22:02:58 GMT Długość listy pozycji: 10
Lista pozycji zwierząt: {(5, 4)=[◤], (3, 3)=[>], (0, 0)=[◥], (4, 5)=[<], (6, 9)=[◤], (3, 8)=[^], (0, 8)=[◥], (8, 0)=[>], (4, 0)=[>], (6, 4)=[◣]}
18 Jan 2025 22:02:58 GMT Zwierzę poruszyło się z (7, 8) na (6, 9)
18 Jan 2025 22:02:58 GMT Zwierzę zjadło roślinkę na (0, 0)
18 Jan 2025 22:02:58 GMT Roślinka wyrosła na (4, 5)
18 Jan 2025 22:02:58 GMT Roślinka wyrosła na (2, 6)
18 Jan 2025 22:02:58 GMT Roślinka wyrosła na (6, 5)
18 Jan 2025 22:02:58 GMT Roślinka wyrosła na (0, 5)
18 Jan 2025 22:02:58 GMT Roślinka wyrosła na (6, 9)
18 Jan 2025 22:02:58 GMT Roślinka wyrosła na (5, 5)
18 Jan 2025 22:02:58 GMT Roślinka wyrosła na (1, 5)
18 Jan 2025 22:02:58 GMT Roślinka wyrosła na (8, 5)
18 Jan 2025 22:02:58 GMT Roślinka wyrosła na (6, 3)
18 Jan 2025 22:02:58 GMT Roślinka wyrosła na (8, 9)
18 Jan 2025 22:02:59 GMT Długość listy pozycji: 10
Lista pozycji zwierząt: {(5, 4)=[◤], (3, 3)=[>], (0, 0)=[◥], (4, 5)=[<], (6, 9)=[◤], (3, 8)=[^], (0, 8)=[◥], (8, 1)=[^], (4, 0)=[>], (6, 4)=[◣]}
18 Jan 2025 22:02:59 GMT Zwierzę poruszyło się z (8, 0) na (8, 1)
18 Jan 2025 22:02:59 GMT Długość listy pozycji: 10
Lista pozycji zwierząt: {(5, 4)=[◤], (3, 3)=[>], (0, 0)=[◥], (4, 5)=[<], (6, 9)=[◤], (3, 8)=[^], (0, 7)=[v], (8, 1)=[^], (4, 0)=[>], (6, 4)=[◣]}
18 Jan 2025 22:02:59 GMT Zwierzę poruszyło się z (0, 8) na (0, 7)
18 Jan 2025 22:02:59 GMT Długość listy pozycji: 10
Lista pozycji zwierząt: {(5, 4)=[◤], (3, 3)=[>], (0, 0)=[◥], (4, 5)=[<], (6, 9)=[◤], (3, 8)=[^], (0, 7)=[v], (8, 1)=[^], (4, 1)=[^], (6, 4)=[◣]}
18 Jan 2025 22:02:59 GMT Zwierzę poruszyło się z (4, 0) na (4, 1)
18 Jan 2025 22:02:59 GMT Długość listy pozycji: 10
Lista pozycji zwierząt: {(3, 3)=[>], (0, 0)=[◥], (4, 5)=[<], (6, 9)=[◤], (3, 8)=[^], (0, 7)=[v], (8, 1)=[^], (4, 1)=[^], (5, 3)=[v], (6, 4)=[◣]}
18 Jan 2025 22:02:59 GMT Zwierzę poruszyło się z (5, 4) na (5, 3)
18 Jan 2025 22:02:59 GMT Długość listy pozycji: 10
Lista pozycji zwierząt: {(3, 3)=[>], (0, 0)=[◥], (4, 5)=[<], (6, 9)=[◤], (3, 9)=[^], (0, 7)=[v], (8, 1)=[^], (4, 1)=[^], (5, 3)=[v], (6, 4)=[◣]}
18 Jan 2025 22:02:59 GMT Zwierzę poruszyło się z (3, 8) na (3, 9)
18 Jan 2025 22:02:59 GMT Długość listy pozycji: 10
Lista pozycji zwierząt: {(3, 3)=[>], (0, 0)=[◥], (4, 6)=[^], (6, 9)=[◤], (3, 9)=[^], (0, 7)=[v], (8, 1)=[^], (4, 1)=[^], (5, 3)=[v], (6, 4)=[◣]}
18 Jan 2025 22:02:59 GMT Zwierzę poruszyło się z (4, 5) na (4, 6)
18 Jan 2025 22:02:59 GMT Długość listy pozycji: 10
Lista pozycji zwierząt: {(3, 3)=[>], (0, 1)=[^], (4, 6)=[^], (6, 9)=[◤], (3, 9)=[^], (0, 7)=[v], (8, 1)=[^], (4, 1)=[^], (5, 3)=[v], (6, 4)=[◣]}
18 Jan 2025 22:02:59 GMT Zwierzę poruszyło się z (0, 0) na (0, 1)
18 Jan 2025 22:02:59 GMT Długość listy pozycji: 10
Lista pozycji zwierząt: {(3, 3)=[>], (0, 1)=[^], (4, 6)=[^], (6, 9)=[◤], (3, 9)=[^], (0, 7)=[v], (8, 1)=[^], (6, 3)=[v], (4, 1)=[^], (5, 3)=[v]}
18 Jan 2025 22:02:59 GMT Zwierzę poruszyło się z (6, 4) na (6, 3)
18 Jan 2025 22:02:59 GMT Długość listy pozycji: 10
Lista pozycji zwierząt: {(3, 4)=[^], (0, 1)=[^], (4, 6)=[^], (6, 9)=[◤], (3, 9)=[^], (0, 7)=[v], (8, 1)=[^], (6, 3)=[v], (4, 1)=[^], (5, 3)=[v]}
18 Jan 2025 22:02:59 GMT Zwierzę poruszyło się z (3, 3) na (3, 4)
18 Jan 2025 22:02:59 GMT Długość listy pozycji: 10
Lista pozycji zwierząt: {(3, 4)=[^], (0, 1)=[^], (6, 8)=[v], (4, 6)=[^], (3, 9)=[^], (0, 7)=[v], (8, 1)=[^], (6, 3)=[v], (4, 1)=[^], (5, 3)=[v]}
18 Jan 2025 22:02:59 GMT Zwierzę poruszyło się z (6, 9) na (6, 8)
18 Jan 2025 22:03:00 GMT Zwierzę zjadło roślinkę na (4, 6)
18 Jan 2025 22:03:00 GMT Zwierzę zjadło roślinkę na (3, 9)
18 Jan 2025 22:03:00 GMT Zwierzę zjadło roślinkę na (6, 3)
18 Jan 2025 22:03:00 GMT Roślinka wyrosła na (6, 7)
18 Jan 2025 22:03:00 GMT Roślinka wyrosła na (0, 8)
18 Jan 2025 22:03:00 GMT Roślinka wyrosła na (8, 0)
18 Jan 2025 22:03:00 GMT Roślinka wyrosła na (5, 7)
18 Jan 2025 22:03:00 GMT Roślinka wyrosła na (1, 9)
18 Jan 2025 22:03:00 GMT Roślinka wyrosła na (1, 2)
18 Jan 2025 22:03:00 GMT Roślinka wyrosła na (2, 2)
18 Jan 2025 22:03:00 GMT Roślinka wyrosła na (1, 3)
18 Jan 2025 22:03:00 GMT Roślinka wyrosła na (2, 7)
18 Jan 2025 22:03:00 GMT Roślinka wyrosła na (3, 8)
18 Jan 2025 22:03:00 GMT Długość listy pozycji: 10
Lista pozycji zwierząt: {(3, 4)=[^], (0, 1)=[^], (6, 8)=[v], (4, 6)=[^], (3, 9)=[^], (0, 7)=[v], (7, 1)=[<], (6, 3)=[v], (4, 1)=[^], (5, 3)=[v]}
18 Jan 2025 22:03:00 GMT Zwierzę poruszyło się z (8, 1) na (7, 1)
18 Jan 2025 22:03:00 GMT Długość listy pozycji: 10
Lista pozycji zwierząt: {(9, 8)=[◤], (3, 4)=[^], (0, 1)=[^], (6, 8)=[v], (4, 6)=[^], (3, 9)=[^], (7, 1)=[<], (6, 3)=[v], (4, 1)=[^], (5, 3)=[v]}
18 Jan 2025 22:03:00 GMT Zwierzę poruszyło się z (0, 7) na (9, 8)
18 Jan 2025 22:03:00 GMT Długość listy pozycji: 10
Lista pozycji zwierząt: {(9, 8)=[◤], (3, 4)=[^], (0, 1)=[^], (6, 8)=[v], (4, 6)=[^], (3, 9)=[^], (7, 1)=[<], (6, 3)=[v], (3, 1)=[<], (5, 3)=[v]}
18 Jan 2025 22:03:00 GMT Zwierzę poruszyło się z (4, 1) na (3, 1)
18 Jan 2025 22:03:00 GMT Długość listy pozycji: 10
Lista pozycji zwierząt: {(9, 8)=[◤], (3, 4)=[^], (0, 1)=[^], (6, 8)=[v], (4, 6)=[^], (3, 9)=[^], (7, 1)=[<], (6, 3)=[v], (6, 4)=[◥], (3, 1)=[<]}
18 Jan 2025 22:03:00 GMT Zwierzę poruszyło się z (5, 3) na (6, 4)
18 Jan 2025 22:03:00 GMT Długość listy pozycji: 10
Lista pozycji zwierząt: {(9, 8)=[◤], (3, 4)=[^], (0, 1)=[^], (6, 8)=[v], (4, 6)=[^], (3, 9)=[v], (7, 1)=[<], (6, 3)=[v], (6, 4)=[◥], (3, 1)=[<]}
18 Jan 2025 22:03:00 GMT Zwierzę poruszyło się z (3, 9) na (3, 9)
18 Jan 2025 22:03:01 GMT Długość listy pozycji: 10
Lista pozycji zwierząt: {(9, 8)=[◤], (5, 6)=[>], (3, 4)=[^], (0, 1)=[^], (6, 8)=[v], (3, 9)=[v], (7, 1)=[<], (6, 3)=[v], (6, 4)=[◥], (3, 1)=[<]}
18 Jan 2025 22:03:01 GMT Zwierzę poruszyło się z (4, 6) na (5, 6)
18 Jan 2025 22:03:01 GMT Długość listy pozycji: 10
Lista pozycji zwierząt: {(9, 8)=[◤], (5, 6)=[>], (3, 4)=[^], (6, 8)=[v], (3, 9)=[v], (9, 2)=[◤], (7, 1)=[<], (6, 3)=[v], (6, 4)=[◥], (3, 1)=[<]}
18 Jan 2025 22:03:01 GMT Zwierzę poruszyło się z (0, 1) na (9, 2)
18 Jan 2025 22:03:01 GMT Długość listy pozycji: 10
Lista pozycji zwierząt: {(9, 8)=[◤], (5, 6)=[>], (3, 4)=[^], (6, 8)=[v], (3, 9)=[v], (9, 2)=[◤], (7, 1)=[<], (7, 2)=[◢], (6, 4)=[◥], (3, 1)=[<]}
18 Jan 2025 22:03:01 GMT Zwierzę poruszyło się z (6, 3) na (7, 2)
18 Jan 2025 22:03:01 GMT Długość listy pozycji: 10
Lista pozycji zwierząt: {(9, 8)=[◤], (5, 6)=[>], (2, 4)=[<], (6, 8)=[v], (3, 9)=[v], (9, 2)=[◤], (7, 1)=[<], (7, 2)=[◢], (6, 4)=[◥], (3, 1)=[<]}
18 Jan 2025 22:03:01 GMT Zwierzę poruszyło się z (3, 4) na (2, 4)
18 Jan 2025 22:03:01 GMT Długość listy pozycji: 10
Lista pozycji zwierząt: {(9, 8)=[◤], (5, 6)=[>], (7, 9)=[◥], (2, 4)=[<], (3, 9)=[v], (9, 2)=[◤], (7, 1)=[<], (7, 2)=[◢], (6, 4)=[◥], (3, 1)=[<]}
18 Jan 2025 22:03:01 GMT Zwierzę poruszyło się z (6, 8) na (7, 9)
18 Jan 2025 22:03:01 GMT Zwierzę zjadło roślinkę na (5, 6)
18 Jan 2025 22:03:01 GMT Zwierzę zjadło roślinkę na (9, 2)
18 Jan 2025 22:03:01 GMT Roślinka wyrosła na (0, 1)
18 Jan 2025 22:03:01 GMT Roślinka wyrosła na (7, 1)
18 Jan 2025 22:03:01 GMT Roślinka wyrosła na (3, 2)
18 Jan 2025 22:03:01 GMT Roślinka wyrosła na (5, 2)
18 Jan 2025 22:03:01 GMT Roślinka wyrosła na (8, 2)
18 Jan 2025 22:03:01 GMT Roślinka wyrosła na (7, 9)
18 Jan 2025 22:03:01 GMT Roślinka wyrosła na (9, 4)
18 Jan 2025 22:03:01 GMT Roślinka wyrosła na (1, 7)
18 Jan 2025 22:03:01 GMT Roślinka wyrosła na (0, 3)
18 Jan 2025 22:03:01 GMT Roślinka wyrosła na (5, 0)
18 Jan 2025 22:03:02 GMT Długość listy pozycji: 10
Lista pozycji zwierząt: {(9, 8)=[◤], (5, 6)=[>], (7, 9)=[◥], (2, 4)=[<], (3, 9)=[v], (7, 0)=[v], (9, 2)=[◤], (7, 2)=[◢], (6, 4)=[◥], (3, 1)=[<]}
18 Jan 2025 22:03:02 GMT Zwierzę poruszyło się z (7, 1) na (7, 0)
18 Jan 2025 22:03:02 GMT Długość listy pozycji: 10
Lista pozycji zwierząt: {(5, 6)=[>], (7, 9)=[◥], (2, 4)=[<], (3, 9)=[v], (0, 8)=[>], (7, 0)=[v], (9, 2)=[◤], (7, 2)=[◢], (6, 4)=[◥], (3, 1)=[<]}
18 Jan 2025 22:03:02 GMT Zwierzę poruszyło się z (9, 8) na (0, 8)
18 Jan 2025 22:03:02 GMT Długość listy pozycji: 10
Lista pozycji zwierząt: {(5, 6)=[>], (7, 9)=[◥], (2, 4)=[<], (3, 9)=[v], (0, 8)=[>], (7, 0)=[v], (9, 2)=[◤], (7, 2)=[◢], (3, 0)=[v], (6, 4)=[◥]}
18 Jan 2025 22:03:02 GMT Zwierzę poruszyło się z (3, 1) na (3, 0)
18 Jan 2025 22:03:02 GMT Długość listy pozycji: 10
Lista pozycji zwierząt: {(5, 4)=[<], (5, 6)=[>], (7, 9)=[◥], (2, 4)=[<], (3, 9)=[v], (0, 8)=[>], (7, 0)=[v], (9, 2)=[◤], (7, 2)=[◢], (3, 0)=[v]}
18 Jan 2025 22:03:02 GMT Zwierzę poruszyło się z (6, 4) na (5, 4)
18 Jan 2025 22:03:02 GMT Długość listy pozycji: 10
Lista pozycji zwierząt: {(5, 4)=[<], (5, 6)=[>], (7, 9)=[◥], (2, 4)=[<], (3, 8)=[v], (0, 8)=[>], (7, 0)=[v], (9, 2)=[◤], (7, 2)=[◢], (3, 0)=[v]}
18 Jan 2025 22:03:02 GMT Zwierzę poruszyło się z (3, 9) na (3, 8)
18 Jan 2025 22:03:02 GMT Długość listy pozycji: 10
Lista pozycji zwierząt: {(5, 4)=[<], (5, 5)=[v], (7, 9)=[◥], (2, 4)=[<], (3, 8)=[v], (0, 8)=[>], (7, 0)=[v], (9, 2)=[◤], (7, 2)=[◢], (3, 0)=[v]}
18 Jan 2025 22:03:02 GMT Zwierzę poruszyło się z (5, 6) na (5, 5)
18 Jan 2025 22:03:02 GMT Długość listy pozycji: 10
Lista pozycji zwierząt: {(5, 4)=[<], (5, 5)=[v], (7, 9)=[◥], (2, 4)=[<], (3, 8)=[v], (0, 8)=[>], (7, 0)=[v], (8, 2)=[<], (7, 2)=[◢], (3, 0)=[v]}
18 Jan 2025 22:03:02 GMT Zwierzę poruszyło się z (9, 2) na (8, 2)
18 Jan 2025 22:03:02 GMT Długość listy pozycji: 9
Lista pozycji zwierząt: {(5, 4)=[<], (5, 5)=[v], (7, 9)=[◥], (2, 4)=[<], (3, 8)=[v], (0, 8)=[>], (7, 0)=[v], (8, 2)=[<, >], (3, 0)=[v]}
18 Jan 2025 22:03:02 GMT Zwierzę poruszyło się z (7, 2) na (8, 2)
18 Jan 2025 22:03:02 GMT Długość listy pozycji: 9
Lista pozycji zwierząt: {(5, 4)=[<], (5, 5)=[v], (2, 3)=[v], (7, 9)=[◥], (3, 8)=[v], (0, 8)=[>], (7, 0)=[v], (8, 2)=[<, >], (3, 0)=[v]}
18 Jan 2025 22:03:02 GMT Zwierzę poruszyło się z (2, 4) na (2, 3)
18 Jan 2025 22:03:02 GMT Długość listy pozycji: 9
Lista pozycji zwierząt: {(5, 4)=[<], (5, 5)=[v], (2, 3)=[v], (6, 9)=[<], (3, 8)=[v], (0, 8)=[>], (7, 0)=[v], (8, 2)=[<, >], (3, 0)=[v]}
18 Jan 2025 22:03:02 GMT Zwierzę poruszyło się z (7, 9) na (6, 9)
18 Jan 2025 22:03:03 GMT Zwierzę zjadło roślinkę na (5, 5)
18 Jan 2025 22:03:03 GMT Zwierzę zjadło roślinkę na (6, 9)
18 Jan 2025 22:03:03 GMT Zwierzę zjadło roślinkę na (3, 8)
18 Jan 2025 22:03:03 GMT Zwierzę zjadło roślinkę na (0, 8)
18 Jan 2025 22:03:03 GMT Zwierzę zjadło roślinkę na (8, 2)
18 Jan 2025 22:03:03 GMT Zwierze zostało położone na (8, 2)
18 Jan 2025 22:03:03 GMT Urodziło się nowe zwierzę na (8, 2)
18 Jan 2025 22:03:03 GMT Roślinka wyrosła na (9, 9)
18 Jan 2025 22:03:03 GMT Roślinka wyrosła na (6, 8)
18 Jan 2025 22:03:03 GMT Roślinka wyrosła na (2, 4)
18 Jan 2025 22:03:03 GMT Roślinka wyrosła na (3, 3)
18 Jan 2025 22:03:03 GMT Roślinka wyrosła na (4, 9)
18 Jan 2025 22:03:03 GMT Roślinka wyrosła na (9, 7)
18 Jan 2025 22:03:03 GMT Roślinka wyrosła na (0, 9)
18 Jan 2025 22:03:03 GMT Roślinka wyrosła na (9, 8)
18 Jan 2025 22:03:03 GMT Roślinka wyrosła na (8, 8)
18 Jan 2025 22:03:03 GMT Roślinka wyrosła na (4, 1)
18 Jan 2025 22:03:03 GMT Długość listy pozycji: 9
Lista pozycji zwierząt: {(5, 4)=[<], (5, 5)=[v], (2, 3)=[v], (6, 9)=[<], (3, 8)=[v], (8, 0)=[>], (0, 8)=[>], (8, 2)=[<, >, ^], (3, 0)=[v]}
18 Jan 2025 22:03:03 GMT Zwierzę poruszyło się z (7, 0) na (8, 0)
18 Jan 2025 22:03:03 GMT Długość listy pozycji: 9
Lista pozycji zwierząt: {(5, 4)=[<], (5, 5)=[v], (2, 3)=[v], (6, 9)=[<], (3, 8)=[v], (8, 0)=[>], (8, 2)=[<, >, ^], (3, 0)=[v], (9, 7)=[◣]}
18 Jan 2025 22:03:03 GMT Zwierzę poruszyło się z (0, 8) na (9, 7)
18 Jan 2025 22:03:03 GMT Długość listy pozycji: 9
Lista pozycji zwierząt: {(5, 4)=[<], (5, 5)=[v], (2, 3)=[v], (6, 9)=[<], (3, 8)=[v], (8, 0)=[>], (8, 2)=[<, >, ^], (4, 0)=[>], (9, 7)=[◣]}
18 Jan 2025 22:03:03 GMT Zwierzę poruszyło się z (3, 0) na (4, 0)
18 Jan 2025 22:03:03 GMT Długość listy pozycji: 9
Lista pozycji zwierząt: {(5, 5)=[v], (2, 3)=[v], (6, 9)=[<], (3, 8)=[v], (8, 0)=[>], (8, 2)=[<, >, ^], (4, 0)=[>], (6, 3)=[◢], (9, 7)=[◣]}
18 Jan 2025 22:03:03 GMT Zwierzę poruszyło się z (5, 4) na (6, 3)
18 Jan 2025 22:03:04 GMT Długość listy pozycji: 9
Lista pozycji zwierząt: {(5, 5)=[v], (2, 3)=[v], (6, 9)=[<], (3, 7)=[v], (8, 0)=[>], (8, 2)=[<, >, ^], (4, 0)=[>], (6, 3)=[◢], (9, 7)=[◣]}
18 Jan 2025 22:03:04 GMT Zwierzę poruszyło się z (3, 8) na (3, 7)
18 Jan 2025 22:03:04 GMT Długość listy pozycji: 9
Lista pozycji zwierząt: {(4, 5)=[<], (2, 3)=[v], (6, 9)=[<], (3, 7)=[v], (8, 0)=[>], (8, 2)=[<, >, ^], (4, 0)=[>], (6, 3)=[◢], (9, 7)=[◣]}
18 Jan 2025 22:03:04 GMT Zwierzę poruszyło się z (5, 5) na (4, 5)
18 Jan 2025 22:03:04 GMT Długość listy pozycji: 10
Lista pozycji zwierząt: {(4, 5)=[<], (2, 3)=[v], (6, 9)=[<], (3, 7)=[v], (8, 0)=[>], (7, 1)=[◣], (8, 2)=[◣, >, ^], (4, 0)=[>], (6, 3)=[◢], (9, 7)=[◣]}
18 Jan 2025 22:03:04 GMT Zwierzę poruszyło się z (8, 2) na (7, 1)
18 Jan 2025 22:03:04 GMT Długość listy pozycji: 11
Lista pozycji zwierząt: {(4, 5)=[<], (2, 3)=[v], (6, 9)=[<], (3, 7)=[v], (8, 0)=[>], (9, 3)=[◥], (7, 1)=[◣], (8, 2)=[◣, ^], (4, 0)=[>], (6, 3)=[◢], (9, 7)=[◣]}
18 Jan 2025 22:03:04 GMT Zwierzę poruszyło się z (8, 2) na (9, 3)
18 Jan 2025 22:03:04 GMT Długość listy pozycji: 11
Lista pozycji zwierząt: {(3, 3)=[>], (4, 5)=[<], (6, 9)=[<], (3, 7)=[v], (8, 0)=[>], (9, 3)=[◥], (7, 1)=[◣], (8, 2)=[◣, ^], (4, 0)=[>], (6, 3)=[◢], (9, 7)=[◣]}
18 Jan 2025 22:03:04 GMT Zwierzę poruszyło się z (2, 3) na (3, 3)
18 Jan 2025 22:03:04 GMT Długość listy pozycji: 11
Lista pozycji zwierząt: {(3, 3)=[>], (7, 8)=[◢], (4, 5)=[<], (3, 7)=[v], (8, 0)=[>], (9, 3)=[◥], (7, 1)=[◣], (8, 2)=[◣, ^], (4, 0)=[>], (6, 3)=[◢], (9, 7)=[◣]}
18 Jan 2025 22:03:04 GMT Zwierzę poruszyło się z (6, 9) na (7, 8)
18 Jan 2025 22:03:04 GMT Zwierzę zjadło roślinkę na (3, 3)
18 Jan 2025 22:03:04 GMT Zwierzę zjadło roślinkę na (4, 5)
18 Jan 2025 22:03:04 GMT Zwierzę zjadło roślinkę na (8, 0)
18 Jan 2025 22:03:04 GMT Zwierzę zjadło roślinkę na (7, 1)
18 Jan 2025 22:03:04 GMT Zwierzę zjadło roślinkę na (9, 7)
18 Jan 2025 22:03:04 GMT Zwierze zostało położone na (7, 1)
18 Jan 2025 22:03:04 GMT Urodziło się nowe zwierzę na (8, 2)
18 Jan 2025 22:03:04 GMT Roślinka wyrosła na (6, 1)
18 Jan 2025 22:03:04 GMT Roślinka wyrosła na (7, 7)
18 Jan 2025 22:03:04 GMT Roślinka wyrosła na (9, 1)
18 Jan 2025 22:03:04 GMT Roślinka wyrosła na (2, 3)
18 Jan 2025 22:03:04 GMT Roślinka wyrosła na (4, 0)
18 Jan 2025 22:03:04 GMT Roślinka wyrosła na (7, 3)
18 Jan 2025 22:03:05 GMT Roślinka wyrosła na (4, 2)
18 Jan 2025 22:03:05 GMT Roślinka wyrosła na (4, 7)
18 Jan 2025 22:03:05 GMT Roślinka wyrosła na (7, 8)
18 Jan 2025 22:03:05 GMT Roślinka wyrosła na (1, 8)
18 Jan 2025 22:03:05 GMT Długość listy pozycji: 11
Lista pozycji zwierząt: {(3, 3)=[>], (7, 8)=[◢], (4, 5)=[<], (3, 7)=[v], (8, 1)=[^], (9, 3)=[◥], (7, 1)=[<, ◣], (8, 2)=[◣, ^], (4, 0)=[>], (6, 3)=[◢], (9, 7)=[◣]}
18 Jan 2025 22:03:05 GMT Zwierzę poruszyło się z (8, 0) na (8, 1)
18 Jan 2025 22:03:05 GMT Długość listy pozycji: 11
Lista pozycji zwierząt: {(9, 8)=[^], (3, 3)=[>], (7, 8)=[◢], (4, 5)=[<], (3, 7)=[v], (8, 1)=[^], (9, 3)=[◥], (7, 1)=[<, ◣], (8, 2)=[◣, ^], (4, 0)=[>], (6, 3)=[◢]}
18 Jan 2025 22:03:05 GMT Zwierzę poruszyło się z (9, 7) na (9, 8)
18 Jan 2025 22:03:05 GMT Długość listy pozycji: 11
Lista pozycji zwierząt: {(9, 8)=[^], (3, 3)=[>], (7, 8)=[◢], (4, 5)=[<], (3, 7)=[v], (8, 1)=[^], (9, 3)=[◥], (7, 1)=[<, ◣], (8, 2)=[◣, ^], (4, 1)=[^], (6, 3)=[◢]}
18 Jan 2025 22:03:05 GMT Zwierzę poruszyło się z (4, 0) na (4, 1)
18 Jan 2025 22:03:05 GMT Długość listy pozycji: 11
Lista pozycji zwierząt: {(9, 8)=[^], (3, 3)=[>], (7, 8)=[◢], (4, 5)=[<], (3, 7)=[v], (8, 1)=[^], (9, 3)=[◥], (7, 1)=[<, ◣], (8, 2)=[◣, ^], (4, 1)=[^], (6, 4)=[^]}
18 Jan 2025 22:03:05 GMT Zwierzę poruszyło się z (6, 3) na (6, 4)
18 Jan 2025 22:03:05 GMT Długość listy pozycji: 11
Lista pozycji zwierząt: {(9, 8)=[^], (3, 3)=[>], (7, 8)=[◢], (4, 5)=[<], (3, 6)=[v], (8, 1)=[^], (9, 3)=[◥], (7, 1)=[<, ◣], (8, 2)=[◣, ^], (4, 1)=[^], (6, 4)=[^]}
18 Jan 2025 22:03:05 GMT Zwierzę poruszyło się z (3, 7) na (3, 6)
18 Jan 2025 22:03:05 GMT Długość listy pozycji: 11
Lista pozycji zwierząt: {(9, 8)=[^], (3, 3)=[>], (7, 8)=[◢], (4, 6)=[^], (3, 6)=[v], (8, 1)=[^], (9, 3)=[◥], (7, 1)=[<, ◣], (8, 2)=[◣, ^], (4, 1)=[^], (6, 4)=[^]}
18 Jan 2025 22:03:05 GMT Zwierzę poruszyło się z (4, 5) na (4, 6)
18 Jan 2025 22:03:05 GMT Długość listy pozycji: 12
Lista pozycji zwierząt: {(9, 8)=[^], (3, 3)=[>], (7, 8)=[◢], (4, 6)=[^], (3, 6)=[v], (7, 0)=[v], (8, 1)=[^], (9, 3)=[◥], (7, 1)=[<], (8, 2)=[v, ^], (4, 1)=[^], (6, 4)=[^]}
18 Jan 2025 22:03:05 GMT Zwierzę poruszyło się z (7, 1) na (7, 0)
18 Jan 2025 22:03:05 GMT Długość listy pozycji: 12
Lista pozycji zwierząt: {(9, 8)=[^], (3, 3)=[>], (7, 8)=[◢], (4, 6)=[^], (3, 6)=[v], (7, 0)=[v], (8, 1)=[^], (7, 1)=[<], (8, 2)=[v, ^], (9, 4)=[^], (4, 1)=[^], (6, 4)=[^]}
18 Jan 2025 22:03:05 GMT Zwierzę poruszyło się z (9, 3) na (9, 4)
18 Jan 2025 22:03:06 GMT Długość listy pozycji: 12
Lista pozycji zwierząt: {(9, 8)=[^], (3, 4)=[^], (7, 8)=[◢], (4, 6)=[^], (3, 6)=[v], (7, 0)=[v], (8, 1)=[^], (7, 1)=[<], (8, 2)=[v, ^], (9, 4)=[^], (4, 1)=[^], (6, 4)=[^]}
18 Jan 2025 22:03:06 GMT Zwierzę poruszyło się z (3, 3) na (3, 4)
18 Jan 2025 22:03:06 GMT Długość listy pozycji: 12
Lista pozycji zwierząt: {(9, 8)=[^], (3, 4)=[^], (7, 9)=[^], (4, 6)=[^], (3, 6)=[v], (7, 0)=[v], (8, 1)=[^], (7, 1)=[<], (8, 2)=[v, ^], (9, 4)=[^], (4, 1)=[^], (6, 4)=[^]}
18 Jan 2025 22:03:06 GMT Zwierzę poruszyło się z (7, 8) na (7, 9)
18 Jan 2025 22:03:06 GMT Zwierzę zjadło roślinkę na (9, 8)
18 Jan 2025 22:03:06 GMT Zwierzę zjadło roślinkę na (7, 9)
18 Jan 2025 22:03:06 GMT Zwierzę zjadło roślinkę na (3, 6)
18 Jan 2025 22:03:06 GMT Zwierzę zjadło roślinkę na (9, 4)
18 Jan 2025 22:03:06 GMT Zwierzę zjadło roślinkę na (4, 1)
