16 Jan 2025 22:53:34 GMT Zwierze zostało położone na (8, 8)
16 Jan 2025 22:53:34 GMT Zwierze zostało położone na (2, 1)
16 Jan 2025 22:53:34 GMT Zwierze zostało położone na (3, 7)
16 Jan 2025 22:53:34 GMT Zwierze zostało położone na (6, 4)
16 Jan 2025 22:53:34 GMT Zwierze zostało położone na (8, 2)
16 Jan 2025 22:53:34 GMT Zwierze zostało położone na (8, 3)
16 Jan 2025 22:53:34 GMT Zwierze zostało położone na (1, 4)
16 Jan 2025 22:53:34 GMT Zwierze zostało położone na (2, 0)
16 Jan 2025 22:53:34 GMT Zwierze zostało położone na (4, 2)
16 Jan 2025 22:53:34 GMT Zwierze zostało położone na (2, 0)
16 Jan 2025 22:53:35 GMT Długość listy pozycji: 9
Lista pozycji zwierząt: {(9, 8)=[>], (2, 1)=[◥], (1, 4)=[>], (3, 7)=[^], (8, 2)=[◥], (8, 3)=[>], (4, 2)=[^], (2, 0)=[◢, ^], (6, 4)=[>]}
16 Jan 2025 22:53:35 GMT Zwierzę poruszyło się z (8, 8) na (9, 8)
16 Jan 2025 22:53:35 GMT Długość listy pozycji: 9
Lista pozycji zwierząt: {(9, 8)=[>], (1, 4)=[>], (3, 7)=[^], (8, 2)=[◥], (8, 3)=[>], (3, 1)=[>], (4, 2)=[^], (2, 0)=[◢, ^], (6, 4)=[>]}
16 Jan 2025 22:53:35 GMT Zwierzę poruszyło się z (2, 1) na (3, 1)
16 Jan 2025 22:53:35 GMT Długość listy pozycji: 9
Lista pozycji zwierząt: {(9, 8)=[>], (1, 4)=[>], (3, 8)=[^], (8, 2)=[◥], (8, 3)=[>], (3, 1)=[>], (4, 2)=[^], (2, 0)=[◢, ^], (6, 4)=[>]}
16 Jan 2025 22:53:35 GMT Zwierzę poruszyło się z (3, 7) na (3, 8)
16 Jan 2025 22:53:35 GMT Długość listy pozycji: 9
Lista pozycji zwierząt: {(9, 8)=[>], (1, 4)=[>], (3, 8)=[^], (8, 2)=[◥], (8, 3)=[>], (6, 3)=[v], (3, 1)=[>], (4, 2)=[^], (2, 0)=[◢, ^]}
16 Jan 2025 22:53:35 GMT Zwierzę poruszyło się z (6, 4) na (6, 3)
16 Jan 2025 22:53:35 GMT Długość listy pozycji: 9
Lista pozycji zwierząt: {(9, 8)=[>], (1, 4)=[>], (3, 8)=[^], (9, 2)=[>], (8, 3)=[>], (6, 3)=[v], (3, 1)=[>], (4, 2)=[^], (2, 0)=[◢, ^]}
16 Jan 2025 22:53:35 GMT Zwierzę poruszyło się z (8, 2) na (9, 2)
16 Jan 2025 22:53:35 GMT Długość listy pozycji: 9
Lista pozycji zwierząt: {(9, 8)=[>], (1, 4)=[>], (3, 8)=[^], (9, 2)=[>], (8, 2)=[v], (6, 3)=[v], (3, 1)=[>], (4, 2)=[^], (2, 0)=[◢, ^]}
16 Jan 2025 22:53:35 GMT Zwierzę poruszyło się z (8, 3) na (8, 2)
16 Jan 2025 22:53:35 GMT Długość listy pozycji: 9
Lista pozycji zwierząt: {(9, 8)=[>], (1, 3)=[v], (3, 8)=[^], (9, 2)=[>], (8, 2)=[v], (6, 3)=[v], (3, 1)=[>], (4, 2)=[^], (2, 0)=[◢, ^]}
16 Jan 2025 22:53:35 GMT Zwierzę poruszyło się z (1, 4) na (1, 3)
16 Jan 2025 22:53:35 GMT Długość listy pozycji: 10
Lista pozycji zwierząt: {(1, 0)=[<], (9, 8)=[>], (1, 3)=[v], (3, 8)=[^], (9, 2)=[>], (8, 2)=[v], (6, 3)=[v], (3, 1)=[>], (4, 2)=[^], (2, 0)=[^]}
16 Jan 2025 22:53:35 GMT Zwierzę poruszyło się z (2, 0) na (1, 0)
16 Jan 2025 22:53:35 GMT Długość listy pozycji: 10
Lista pozycji zwierząt: {(4, 3)=[^], (1, 0)=[<], (9, 8)=[>], (1, 3)=[v], (3, 8)=[^], (9, 2)=[>], (8, 2)=[v], (6, 3)=[v], (3, 1)=[>], (2, 0)=[^]}
16 Jan 2025 22:53:35 GMT Zwierzę poruszyło się z (4, 2) na (4, 3)
16 Jan 2025 22:53:36 GMT Długość listy pozycji: 10
Lista pozycji zwierząt: {(2, 1)=[^], (4, 3)=[^], (1, 0)=[<], (9, 8)=[>], (1, 3)=[v], (3, 8)=[^], (9, 2)=[>], (8, 2)=[v], (6, 3)=[v], (3, 1)=[>]}
16 Jan 2025 22:53:36 GMT Zwierzę poruszyło się z (2, 0) na (2, 1)
16 Jan 2025 22:53:36 GMT Roślinka wyrosła na (9, 6)
16 Jan 2025 22:53:36 GMT Roślinka wyrosła na (3, 5)
16 Jan 2025 22:53:36 GMT Roślinka wyrosła na (3, 6)
16 Jan 2025 22:53:36 GMT Roślinka wyrosła na (4, 6)
16 Jan 2025 22:53:36 GMT Roślinka wyrosła na (6, 5)
16 Jan 2025 22:53:36 GMT Roślinka wyrosła na (5, 6)
16 Jan 2025 22:53:36 GMT Roślinka wyrosła na (3, 8)
16 Jan 2025 22:53:36 GMT Roślinka wyrosła na (7, 5)
16 Jan 2025 22:53:36 GMT Roślinka wyrosła na (1, 6)
16 Jan 2025 22:53:36 GMT Roślinka wyrosła na (0, 6)
16 Jan 2025 22:53:36 GMT Długość listy pozycji: 10
Lista pozycji zwierząt: {(2, 1)=[^], (4, 3)=[^], (1, 0)=[<], (8, 9)=[◤], (1, 3)=[v], (3, 8)=[^], (9, 2)=[>], (8, 2)=[v], (6, 3)=[v], (3, 1)=[>]}
16 Jan 2025 22:53:36 GMT Zwierzę poruszyło się z (9, 8) na (8, 9)
16 Jan 2025 22:53:36 GMT Długość listy pozycji: 10
Lista pozycji zwierząt: {(2, 1)=[^], (4, 3)=[^], (1, 0)=[<], (8, 9)=[◤], (1, 3)=[v], (3, 8)=[^], (9, 2)=[>], (8, 2)=[v], (4, 0)=[◢], (6, 3)=[v]}
16 Jan 2025 22:53:36 GMT Zwierzę poruszyło się z (3, 1) na (4, 0)
16 Jan 2025 22:53:36 GMT Długość listy pozycji: 10
Lista pozycji zwierząt: {(2, 1)=[^], (4, 3)=[^], (1, 0)=[<], (8, 9)=[◤], (1, 3)=[v], (3, 9)=[^], (9, 2)=[>], (8, 2)=[v], (4, 0)=[◢], (6, 3)=[v]}
16 Jan 2025 22:53:36 GMT Zwierzę poruszyło się z (3, 8) na (3, 9)
16 Jan 2025 22:53:36 GMT Długość listy pozycji: 10
Lista pozycji zwierząt: {(2, 1)=[^], (4, 3)=[^], (1, 0)=[<], (8, 9)=[◤], (1, 3)=[v], (3, 9)=[^], (9, 2)=[>], (8, 2)=[v], (4, 0)=[◢], (5, 3)=[<]}
16 Jan 2025 22:53:36 GMT Zwierzę poruszyło się z (6, 3) na (5, 3)
16 Jan 2025 22:53:37 GMT Długość listy pozycji: 10
Lista pozycji zwierząt: {(2, 1)=[^], (4, 3)=[^], (1, 0)=[<], (0, 1)=[◢], (8, 9)=[◤], (1, 3)=[v], (3, 9)=[^], (8, 2)=[v], (4, 0)=[◢], (5, 3)=[<]}
16 Jan 2025 22:53:37 GMT Zwierzę poruszyło się z (9, 2) na (0, 1)
16 Jan 2025 22:53:37 GMT Długość listy pozycji: 10
Lista pozycji zwierząt: {(2, 1)=[^], (4, 3)=[^], (1, 0)=[<], (0, 1)=[◢], (8, 9)=[◤], (1, 3)=[v], (3, 9)=[^], (7, 2)=[<], (4, 0)=[◢], (5, 3)=[<]}
16 Jan 2025 22:53:37 GMT Zwierzę poruszyło się z (8, 2) na (7, 2)
16 Jan 2025 22:53:37 GMT Długość listy pozycji: 10
Lista pozycji zwierząt: {(2, 1)=[^], (4, 3)=[^], (1, 0)=[<], (0, 1)=[◢], (8, 9)=[◤], (0, 3)=[<], (3, 9)=[^], (7, 2)=[<], (4, 0)=[◢], (5, 3)=[<]}
16 Jan 2025 22:53:37 GMT Zwierzę poruszyło się z (1, 3) na (0, 3)
16 Jan 2025 22:53:37 GMT Długość listy pozycji: 9
Lista pozycji zwierząt: {(2, 1)=[^, ◥], (4, 3)=[^], (0, 1)=[◢], (8, 9)=[◤], (0, 3)=[<], (3, 9)=[^], (7, 2)=[<], (4, 0)=[◢], (5, 3)=[<]}
16 Jan 2025 22:53:37 GMT Zwierzę poruszyło się z (1, 0) na (2, 1)
16 Jan 2025 22:53:37 GMT Długość listy pozycji: 9
Lista pozycji zwierząt: {(2, 1)=[^, ◥], (4, 4)=[^], (0, 1)=[◢], (8, 9)=[◤], (0, 3)=[<], (3, 9)=[^], (7, 2)=[<], (4, 0)=[◢], (5, 3)=[<]}
16 Jan 2025 22:53:37 GMT Zwierzę poruszyło się z (4, 3) na (4, 4)
16 Jan 2025 22:53:37 GMT Długość listy pozycji: 10
Lista pozycji zwierząt: {(2, 1)=[◥], (2, 2)=[^], (4, 4)=[^], (0, 1)=[◢], (8, 9)=[◤], (0, 3)=[<], (3, 9)=[^], (7, 2)=[<], (4, 0)=[◢], (5, 3)=[<]}
16 Jan 2025 22:53:37 GMT Zwierzę poruszyło się z (2, 1) na (2, 2)
16 Jan 2025 22:53:37 GMT Zwierzę zjadło roślinkę na (4, 0)
16 Jan 2025 22:53:37 GMT Roślinka wyrosła na (6, 4)
16 Jan 2025 22:53:37 GMT Roślinka wyrosła na (3, 7)
16 Jan 2025 22:53:37 GMT Roślinka wyrosła na (2, 6)
16 Jan 2025 22:53:37 GMT Roślinka wyrosła na (8, 6)
16 Jan 2025 22:53:37 GMT Roślinka wyrosła na (5, 5)
16 Jan 2025 22:53:37 GMT Roślinka wyrosła na (2, 4)
16 Jan 2025 22:53:37 GMT Roślinka wyrosła na (3, 0)
16 Jan 2025 22:53:37 GMT Roślinka wyrosła na (1, 3)
16 Jan 2025 22:53:37 GMT Roślinka wyrosła na (7, 3)
16 Jan 2025 22:53:37 GMT Roślinka wyrosła na (8, 2)
16 Jan 2025 22:53:38 GMT Długość listy pozycji: 10
Lista pozycji zwierząt: {(2, 1)=[◥], (8, 8)=[v], (2, 2)=[^], (4, 4)=[^], (0, 1)=[◢], (0, 3)=[<], (3, 9)=[^], (7, 2)=[<], (4, 0)=[◢], (5, 3)=[<]}
16 Jan 2025 22:53:38 GMT Zwierzę poruszyło się z (8, 9) na (8, 8)
16 Jan 2025 22:53:38 GMT Długość listy pozycji: 10
Lista pozycji zwierząt: {(2, 1)=[◥], (8, 8)=[v], (2, 2)=[^], (4, 4)=[^], (0, 1)=[◢], (0, 3)=[<], (3, 9)=[^], (7, 2)=[<], (4, 0)=[^], (5, 3)=[<]}
16 Jan 2025 22:53:38 GMT Zwierzę poruszyło się z (4, 0) na (4, 0)
16 Jan 2025 22:53:38 GMT Długość listy pozycji: 10
Lista pozycji zwierząt: {(2, 1)=[◥], (8, 8)=[v], (2, 2)=[^], (4, 4)=[^], (0, 1)=[◢], (0, 3)=[<], (3, 9)=[v], (7, 2)=[<], (4, 0)=[^], (5, 3)=[<]}
16 Jan 2025 22:53:38 GMT Zwierzę poruszyło się z (3, 9) na (3, 9)
16 Jan 2025 22:53:38 GMT Długość listy pozycji: 10
Lista pozycji zwierząt: {(5, 4)=[^], (2, 1)=[◥], (8, 8)=[v], (2, 2)=[^], (4, 4)=[^], (0, 1)=[◢], (0, 3)=[<], (3, 9)=[v], (7, 2)=[<], (4, 0)=[^]}
16 Jan 2025 22:53:38 GMT Zwierzę poruszyło się z (5, 3) na (5, 4)
16 Jan 2025 22:53:38 GMT Długość listy pozycji: 10
Lista pozycji zwierząt: {(5, 4)=[^], (2, 1)=[◥], (0, 0)=[v], (8, 8)=[v], (2, 2)=[^], (4, 4)=[^], (0, 3)=[<], (3, 9)=[v], (7, 2)=[<], (4, 0)=[^]}
16 Jan 2025 22:53:38 GMT Zwierzę poruszyło się z (0, 1) na (0, 0)
16 Jan 2025 22:53:38 GMT Długość listy pozycji: 10
Lista pozycji zwierząt: {(5, 4)=[^], (2, 1)=[◥], (0, 0)=[v], (8, 8)=[v], (2, 2)=[^], (4, 4)=[^], (0, 3)=[<], (3, 9)=[v], (7, 3)=[^], (4, 0)=[^]}
16 Jan 2025 22:53:38 GMT Zwierzę poruszyło się z (7, 2) na (7, 3)
16 Jan 2025 22:53:38 GMT Długość listy pozycji: 10
Lista pozycji zwierząt: {(5, 4)=[^], (2, 1)=[◥], (0, 0)=[v], (8, 8)=[v], (2, 2)=[^], (4, 4)=[^], (0, 4)=[^], (3, 9)=[v], (7, 3)=[^], (4, 0)=[^]}
16 Jan 2025 22:53:38 GMT Zwierzę poruszyło się z (0, 3) na (0, 4)
16 Jan 2025 22:53:38 GMT Długość listy pozycji: 10
Lista pozycji zwierząt: {(5, 4)=[^], (0, 0)=[v], (8, 8)=[v], (2, 2)=[^], (4, 4)=[^], (0, 4)=[^], (3, 9)=[v], (7, 3)=[^], (4, 0)=[^], (2, 0)=[v]}
16 Jan 2025 22:53:38 GMT Zwierzę poruszyło się z (2, 1) na (2, 0)
16 Jan 2025 22:53:38 GMT Długość listy pozycji: 10
Lista pozycji zwierząt: {(5, 4)=[^], (0, 0)=[v], (8, 8)=[v], (2, 2)=[^], (4, 5)=[^], (0, 4)=[^], (3, 9)=[v], (7, 3)=[^], (4, 0)=[^], (2, 0)=[v]}
16 Jan 2025 22:53:38 GMT Zwierzę poruszyło się z (4, 4) na (4, 5)
16 Jan 2025 22:53:39 GMT Długość listy pozycji: 10
Lista pozycji zwierząt: {(5, 4)=[^], (0, 0)=[v], (8, 8)=[v], (2, 3)=[^], (4, 5)=[^], (0, 4)=[^], (3, 9)=[v], (7, 3)=[^], (4, 0)=[^], (2, 0)=[v]}
16 Jan 2025 22:53:39 GMT Zwierzę poruszyło się z (2, 2) na (2, 3)
16 Jan 2025 22:53:39 GMT Zwierzę zjadło roślinkę na (4, 5)
16 Jan 2025 22:53:39 GMT Zwierzę zjadło roślinkę na (7, 3)
16 Jan 2025 22:53:39 GMT Roślinka wyrosła na (3, 4)
16 Jan 2025 22:53:39 GMT Roślinka wyrosła na (8, 4)
16 Jan 2025 22:53:39 GMT Roślinka wyrosła na (3, 3)
16 Jan 2025 22:53:39 GMT Roślinka wyrosła na (4, 8)
16 Jan 2025 22:53:39 GMT Roślinka wyrosła na (9, 7)
16 Jan 2025 22:53:39 GMT Roślinka wyrosła na (4, 1)
16 Jan 2025 22:53:39 GMT Roślinka wyrosła na (3, 2)
16 Jan 2025 22:53:39 GMT Roślinka wyrosła na (4, 4)
16 Jan 2025 22:53:39 GMT Roślinka wyrosła na (1, 1)
16 Jan 2025 22:53:39 GMT Roślinka wyrosła na (1, 8)
16 Jan 2025 22:53:39 GMT Długość listy pozycji: 10
Lista pozycji zwierząt: {(5, 4)=[^], (9, 9)=[◥], (0, 0)=[v], (2, 3)=[^], (4, 5)=[^], (0, 4)=[^], (3, 9)=[v], (7, 3)=[^], (4, 0)=[^], (2, 0)=[v]}
16 Jan 2025 22:53:39 GMT Zwierzę poruszyło się z (8, 8) na (9, 9)
16 Jan 2025 22:53:39 GMT Długość listy pozycji: 10
Lista pozycji zwierząt: {(5, 4)=[^], (9, 9)=[◥], (0, 0)=[v], (2, 3)=[^], (4, 5)=[^], (0, 4)=[^], (3, 9)=[v], (5, 1)=[◥], (7, 3)=[^], (2, 0)=[v]}
16 Jan 2025 22:53:39 GMT Zwierzę poruszyło się z (4, 0) na (5, 1)
16 Jan 2025 22:53:39 GMT Długość listy pozycji: 10
Lista pozycji zwierząt: {(5, 4)=[^], (9, 9)=[◥], (0, 0)=[v], (2, 3)=[^], (4, 5)=[^], (0, 4)=[^], (3, 8)=[v], (5, 1)=[◥], (7, 3)=[^], (2, 0)=[v]}
16 Jan 2025 22:53:39 GMT Zwierzę poruszyło się z (3, 9) na (3, 8)
16 Jan 2025 22:53:39 GMT Długość listy pozycji: 10
Lista pozycji zwierząt: {(9, 9)=[◥], (0, 0)=[v], (2, 3)=[^], (4, 5)=[^], (0, 4)=[^], (3, 8)=[v], (5, 1)=[◥], (7, 3)=[^], (6, 4)=[>], (2, 0)=[v]}
16 Jan 2025 22:53:39 GMT Zwierzę poruszyło się z (5, 4) na (6, 4)
16 Jan 2025 22:53:40 GMT Długość listy pozycji: 10
Lista pozycji zwierząt: {(9, 9)=[◥], (0, 0)=[◥], (2, 3)=[^], (4, 5)=[^], (0, 4)=[^], (3, 8)=[v], (5, 1)=[◥], (7, 3)=[^], (6, 4)=[>], (2, 0)=[v]}
16 Jan 2025 22:53:40 GMT Zwierzę poruszyło się z (0, 0) na (0, 0)
16 Jan 2025 22:53:40 GMT Długość listy pozycji: 10
Lista pozycji zwierząt: {(9, 9)=[◥], (0, 0)=[◥], (2, 3)=[^], (4, 5)=[^], (0, 4)=[^], (3, 8)=[v], (8, 3)=[>], (5, 1)=[◥], (6, 4)=[>], (2, 0)=[v]}
16 Jan 2025 22:53:40 GMT Zwierzę poruszyło się z (7, 3) na (8, 3)
16 Jan 2025 22:53:40 GMT Długość listy pozycji: 10
Lista pozycji zwierząt: {(9, 9)=[◥], (0, 0)=[◥], (2, 3)=[^], (4, 5)=[^], (1, 4)=[>], (3, 8)=[v], (8, 3)=[>], (5, 1)=[◥], (6, 4)=[>], (2, 0)=[v]}
16 Jan 2025 22:53:40 GMT Zwierzę poruszyło się z (0, 4) na (1, 4)
16 Jan 2025 22:53:40 GMT Długość listy pozycji: 10
Lista pozycji zwierząt: {(1, 1)=[◤], (9, 9)=[◥], (0, 0)=[◥], (2, 3)=[^], (4, 5)=[^], (1, 4)=[>], (3, 8)=[v], (8, 3)=[>], (5, 1)=[◥], (6, 4)=[>]}
16 Jan 2025 22:53:40 GMT Zwierzę poruszyło się z (2, 0) na (1, 1)
16 Jan 2025 22:53:40 GMT Długość listy pozycji: 10
Lista pozycji zwierząt: {(1, 1)=[◤], (9, 9)=[◥], (0, 0)=[◥], (2, 3)=[^], (4, 6)=[^], (1, 4)=[>], (3, 8)=[v], (8, 3)=[>], (5, 1)=[◥], (6, 4)=[>]}
16 Jan 2025 22:53:40 GMT Zwierzę poruszyło się z (4, 5) na (4, 6)
16 Jan 2025 22:53:40 GMT Długość listy pozycji: 10
Lista pozycji zwierząt: {(1, 1)=[◤], (9, 9)=[◥], (0, 0)=[◥], (2, 4)=[^], (4, 6)=[^], (1, 4)=[>], (3, 8)=[v], (8, 3)=[>], (5, 1)=[◥], (6, 4)=[>]}
16 Jan 2025 22:53:40 GMT Zwierzę poruszyło się z (2, 3) na (2, 4)
16 Jan 2025 22:53:40 GMT Zwierzę zjadło roślinkę na (1, 1)
16 Jan 2025 22:53:40 GMT Zwierzę zjadło roślinkę na (2, 4)
16 Jan 2025 22:53:40 GMT Zwierzę zjadło roślinkę na (4, 6)
16 Jan 2025 22:53:40 GMT Zwierzę zjadło roślinkę na (1, 4)
16 Jan 2025 22:53:40 GMT Zwierzę zjadło roślinkę na (3, 8)
16 Jan 2025 22:53:40 GMT Zwierzę zjadło roślinkę na (6, 4)
16 Jan 2025 22:53:40 GMT Roślinka wyrosła na (7, 2)
16 Jan 2025 22:53:40 GMT Roślinka wyrosła na (1, 7)
16 Jan 2025 22:53:40 GMT Roślinka wyrosła na (4, 2)
16 Jan 2025 22:53:40 GMT Roślinka wyrosła na (9, 3)
16 Jan 2025 22:53:40 GMT Roślinka wyrosła na (2, 8)
16 Jan 2025 22:53:40 GMT Roślinka wyrosła na (3, 9)
16 Jan 2025 22:53:40 GMT Roślinka wyrosła na (5, 8)
16 Jan 2025 22:53:40 GMT Roślinka wyrosła na (8, 1)
16 Jan 2025 22:53:40 GMT Roślinka wyrosła na (2, 0)
16 Jan 2025 22:53:40 GMT Roślinka wyrosła na (8, 0)
16 Jan 2025 22:53:41 GMT Długość listy pozycji: 10
Lista pozycji zwierząt: {(1, 1)=[◤], (0, 0)=[◥], (8, 9)=[<], (2, 4)=[^], (4, 6)=[^], (1, 4)=[>], (3, 8)=[v], (8, 3)=[>], (5, 1)=[◥], (6, 4)=[>]}
16 Jan 2025 22:53:41 GMT Zwierzę poruszyło się z (9, 9) na (8, 9)
16 Jan 2025 22:53:41 GMT Długość listy pozycji: 10
Lista pozycji zwierząt: {(1, 1)=[◤], (0, 0)=[◥], (8, 9)=[<], (2, 4)=[^], (4, 6)=[^], (1, 4)=[>], (3, 8)=[v], (6, 1)=[>], (8, 3)=[>], (6, 4)=[>]}
16 Jan 2025 22:53:41 GMT Zwierzę poruszyło się z (5, 1) na (6, 1)
16 Jan 2025 22:53:41 GMT Długość listy pozycji: 10
Lista pozycji zwierząt: {(1, 1)=[◤], (0, 0)=[◥], (8, 9)=[<], (2, 4)=[^], (4, 6)=[^], (1, 4)=[>], (3, 7)=[v], (6, 1)=[>], (8, 3)=[>], (6, 4)=[>]}
16 Jan 2025 22:53:41 GMT Zwierzę poruszyło się z (3, 8) na (3, 7)
16 Jan 2025 22:53:41 GMT Długość listy pozycji: 10
Lista pozycji zwierząt: {(1, 1)=[◤], (0, 0)=[◥], (8, 9)=[<], (2, 4)=[^], (4, 6)=[^], (1, 4)=[>], (3, 7)=[v], (6, 1)=[>], (8, 3)=[>], (6, 3)=[v]}
16 Jan 2025 22:53:41 GMT Zwierzę poruszyło się z (6, 4) na (6, 3)
16 Jan 2025 22:53:41 GMT Długość listy pozycji: 10
Lista pozycji zwierząt: {(1, 0)=[>], (1, 1)=[◤], (8, 9)=[<], (2, 4)=[^], (4, 6)=[^], (1, 4)=[>], (3, 7)=[v], (6, 1)=[>], (8, 3)=[>], (6, 3)=[v]}
16 Jan 2025 22:53:41 GMT Zwierzę poruszyło się z (0, 0) na (1, 0)
16 Jan 2025 22:53:41 GMT Długość listy pozycji: 10
Lista pozycji zwierząt: {(1, 0)=[>], (1, 1)=[◤], (8, 9)=[<], (2, 4)=[^], (4, 6)=[^], (1, 4)=[>], (3, 7)=[v], (8, 2)=[v], (6, 1)=[>], (6, 3)=[v]}
16 Jan 2025 22:53:41 GMT Zwierzę poruszyło się z (8, 3) na (8, 2)
16 Jan 2025 22:53:41 GMT Długość listy pozycji: 10
Lista pozycji zwierząt: {(1, 0)=[>], (1, 1)=[◤], (8, 9)=[<], (1, 3)=[v], (2, 4)=[^], (4, 6)=[^], (3, 7)=[v], (8, 2)=[v], (6, 1)=[>], (6, 3)=[v]}
16 Jan 2025 22:53:41 GMT Zwierzę poruszyło się z (1, 4) na (1, 3)
16 Jan 2025 22:53:41 GMT Długość listy pozycji: 10
Lista pozycji zwierząt: {(2, 1)=[>], (1, 0)=[>], (8, 9)=[<], (1, 3)=[v], (2, 4)=[^], (4, 6)=[^], (3, 7)=[v], (8, 2)=[v], (6, 1)=[>], (6, 3)=[v]}
16 Jan 2025 22:53:41 GMT Zwierzę poruszyło się z (1, 1) na (2, 1)
16 Jan 2025 22:53:41 GMT Długość listy pozycji: 10
Lista pozycji zwierząt: {(2, 1)=[>], (1, 0)=[>], (8, 9)=[<], (1, 3)=[v], (2, 4)=[^], (4, 7)=[^], (3, 7)=[v], (8, 2)=[v], (6, 1)=[>], (6, 3)=[v]}
16 Jan 2025 22:53:41 GMT Zwierzę poruszyło się z (4, 6) na (4, 7)
16 Jan 2025 22:53:42 GMT Długość listy pozycji: 10
Lista pozycji zwierząt: {(2, 1)=[>], (1, 0)=[>], (8, 9)=[<], (1, 3)=[v], (2, 5)=[^], (4, 7)=[^], (3, 7)=[v], (8, 2)=[v], (6, 1)=[>], (6, 3)=[v]}
16 Jan 2025 22:53:42 GMT Zwierzę poruszyło się z (2, 4) na (2, 5)
16 Jan 2025 22:53:42 GMT Zwierzę zjadło roślinkę na (1, 3)
16 Jan 2025 22:53:42 GMT Zwierzę zjadło roślinkę na (2, 5)
16 Jan 2025 22:53:42 GMT Zwierzę zjadło roślinkę na (3, 7)
16 Jan 2025 22:53:42 GMT Zwierzę zjadło roślinkę na (8, 2)
16 Jan 2025 22:53:42 GMT Roślinka wyrosła na (2, 2)
16 Jan 2025 22:53:42 GMT Roślinka wyrosła na (5, 7)
16 Jan 2025 22:53:42 GMT Roślinka wyrosła na (8, 8)
16 Jan 2025 22:53:42 GMT Roślinka wyrosła na (9, 8)
16 Jan 2025 22:53:42 GMT Roślinka wyrosła na (1, 2)
16 Jan 2025 22:53:42 GMT Roślinka wyrosła na (5, 4)
16 Jan 2025 22:53:42 GMT Roślinka wyrosła na (7, 9)
16 Jan 2025 22:53:42 GMT Roślinka wyrosła na (2, 3)
16 Jan 2025 22:53:42 GMT Roślinka wyrosła na (8, 3)
16 Jan 2025 22:53:42 GMT Roślinka wyrosła na (8, 9)
16 Jan 2025 22:53:42 GMT Długość listy pozycji: 10
Lista pozycji zwierząt: {(9, 8)=[◢], (2, 1)=[>], (1, 0)=[>], (1, 3)=[v], (2, 5)=[^], (4, 7)=[^], (3, 7)=[v], (8, 2)=[v], (6, 1)=[>], (6, 3)=[v]}
16 Jan 2025 22:53:42 GMT Zwierzę poruszyło się z (8, 9) na (9, 8)
16 Jan 2025 22:53:42 GMT Długość listy pozycji: 10
Lista pozycji zwierząt: {(9, 8)=[◢], (2, 1)=[>], (1, 0)=[>], (1, 3)=[v], (2, 5)=[^], (4, 7)=[^], (3, 7)=[v], (7, 0)=[◢], (8, 2)=[v], (6, 3)=[v]}
16 Jan 2025 22:53:42 GMT Zwierzę poruszyło się z (6, 1) na (7, 0)
16 Jan 2025 22:53:42 GMT Długość listy pozycji: 10
Lista pozycji zwierząt: {(9, 8)=[◢], (2, 1)=[>], (1, 0)=[>], (1, 3)=[v], (3, 6)=[v], (2, 5)=[^], (4, 7)=[^], (7, 0)=[◢], (8, 2)=[v], (6, 3)=[v]}
16 Jan 2025 22:53:42 GMT Zwierzę poruszyło się z (3, 7) na (3, 6)
16 Jan 2025 22:53:43 GMT Długość listy pozycji: 10
Lista pozycji zwierząt: {(9, 8)=[◢], (2, 1)=[>], (1, 0)=[>], (1, 3)=[v], (3, 6)=[v], (2, 5)=[^], (4, 7)=[^], (7, 0)=[◢], (8, 2)=[v], (5, 3)=[<]}
16 Jan 2025 22:53:43 GMT Zwierzę poruszyło się z (6, 3) na (5, 3)
16 Jan 2025 22:53:43 GMT Długość listy pozycji: 10
Lista pozycji zwierząt: {(9, 8)=[◢], (2, 1)=[>], (1, 0)=[◤], (1, 3)=[v], (3, 6)=[v], (2, 5)=[^], (4, 7)=[^], (7, 0)=[◢], (8, 2)=[v], (5, 3)=[<]}
16 Jan 2025 22:53:43 GMT Zwierzę poruszyło się z (1, 0) na (1, 0)
16 Jan 2025 22:53:43 GMT Długość listy pozycji: 10
Lista pozycji zwierząt: {(9, 8)=[◢], (2, 1)=[>], (1, 0)=[◤], (1, 3)=[v], (3, 6)=[v], (2, 5)=[^], (4, 7)=[^], (7, 0)=[◢], (7, 2)=[<], (5, 3)=[<]}
16 Jan 2025 22:53:43 GMT Zwierzę poruszyło się z (8, 2) na (7, 2)
16 Jan 2025 22:53:43 GMT Długość listy pozycji: 10
Lista pozycji zwierząt: {(9, 8)=[◢], (2, 1)=[>], (1, 0)=[◤], (0, 3)=[<], (3, 6)=[v], (2, 5)=[^], (4, 7)=[^], (7, 0)=[◢], (7, 2)=[<], (5, 3)=[<]}
16 Jan 2025 22:53:43 GMT Zwierzę poruszyło się z (1, 3) na (0, 3)
16 Jan 2025 22:53:43 GMT Długość listy pozycji: 9
Lista pozycji zwierząt: {(9, 8)=[◢], (1, 0)=[◣, ◤], (0, 3)=[<], (3, 6)=[v], (2, 5)=[^], (4, 7)=[^], (7, 0)=[◢], (7, 2)=[<], (5, 3)=[<]}
16 Jan 2025 22:53:43 GMT Zwierzę poruszyło się z (2, 1) na (1, 0)
16 Jan 2025 22:53:43 GMT Długość listy pozycji: 9
Lista pozycji zwierząt: {(9, 8)=[◢], (1, 0)=[◣, ◤], (0, 3)=[<], (3, 6)=[v], (2, 5)=[^], (4, 8)=[^], (7, 0)=[◢], (7, 2)=[<], (5, 3)=[<]}
16 Jan 2025 22:53:43 GMT Zwierzę poruszyło się z (4, 7) na (4, 8)
16 Jan 2025 22:53:43 GMT Długość listy pozycji: 9
Lista pozycji zwierząt: {(9, 8)=[◢], (1, 0)=[◣, ◤], (0, 3)=[<], (3, 6)=[v], (2, 6)=[^], (4, 8)=[^], (7, 0)=[◢], (7, 2)=[<], (5, 3)=[<]}
16 Jan 2025 22:53:43 GMT Zwierzę poruszyło się z (2, 5) na (2, 6)
16 Jan 2025 22:53:43 GMT Zwierzę zjadło roślinkę na (9, 8)
16 Jan 2025 22:53:43 GMT Zwierzę zjadło roślinkę na (3, 6)
16 Jan 2025 22:53:43 GMT Zwierzę zjadło roślinkę na (2, 6)
16 Jan 2025 22:53:43 GMT Zwierzę zjadło roślinkę na (4, 8)
16 Jan 2025 22:53:43 GMT Zwierzę zjadło roślinkę na (7, 2)
16 Jan 2025 22:53:43 GMT Zwierze zostało położone na (1, 0)
16 Jan 2025 22:53:43 GMT Urodziło się nowe zwierzę na (1, 0)
16 Jan 2025 22:53:44 GMT Roślinka wyrosła na (0, 0)
16 Jan 2025 22:53:44 GMT Roślinka wyrosła na (5, 1)
16 Jan 2025 22:53:44 GMT Roślinka wyrosła na (4, 9)
16 Jan 2025 22:53:44 GMT Roślinka wyrosła na (1, 0)
16 Jan 2025 22:53:44 GMT Roślinka wyrosła na (7, 7)
16 Jan 2025 22:53:44 GMT Roślinka wyrosła na (7, 0)
16 Jan 2025 22:53:44 GMT Roślinka wyrosła na (6, 7)
16 Jan 2025 22:53:44 GMT Roślinka wyrosła na (0, 8)
16 Jan 2025 22:53:44 GMT Roślinka wyrosła na (6, 8)
16 Jan 2025 22:53:44 GMT Roślinka wyrosła na (0, 3)
16 Jan 2025 22:53:44 GMT Zwierzę umarło na (1, 0)
16 Jan 2025 22:53:44 GMT Długość listy pozycji: 9
Lista pozycji zwierząt: {(1, 0)=[v, ◤], (9, 9)=[^], (0, 3)=[<], (3, 6)=[v], (2, 6)=[^], (4, 8)=[^], (7, 0)=[◢], (7, 2)=[<], (5, 3)=[<]}
16 Jan 2025 22:53:44 GMT Zwierzę poruszyło się z (9, 8) na (9, 9)
16 Jan 2025 22:53:44 GMT Długość listy pozycji: 9
Lista pozycji zwierząt: {(1, 0)=[v, ◤], (9, 9)=[^], (0, 3)=[<], (3, 6)=[v], (2, 6)=[^], (4, 8)=[^], (7, 0)=[^], (7, 2)=[<], (5, 3)=[<]}
16 Jan 2025 22:53:44 GMT Zwierzę poruszyło się z (7, 0) na (7, 0)
16 Jan 2025 22:53:44 GMT Długość listy pozycji: 9
Lista pozycji zwierząt: {(1, 0)=[v, ◤], (9, 9)=[^], (3, 5)=[v], (0, 3)=[<], (2, 6)=[^], (4, 8)=[^], (7, 0)=[^], (7, 2)=[<], (5, 3)=[<]}
16 Jan 2025 22:53:44 GMT Zwierzę poruszyło się z (3, 6) na (3, 5)
16 Jan 2025 22:53:44 GMT Długość listy pozycji: 9
Lista pozycji zwierząt: {(5, 4)=[^], (1, 0)=[v, ◤], (9, 9)=[^], (3, 5)=[v], (0, 3)=[<], (2, 6)=[^], (4, 8)=[^], (7, 0)=[^], (7, 2)=[<]}
16 Jan 2025 22:53:44 GMT Zwierzę poruszyło się z (5, 3) na (5, 4)
16 Jan 2025 22:53:44 GMT Długość listy pozycji: 10
Lista pozycji zwierząt: {(5, 4)=[^], (1, 0)=[v], (1, 1)=[^], (9, 9)=[^], (3, 5)=[v], (0, 3)=[<], (2, 6)=[^], (4, 8)=[^], (7, 0)=[^], (7, 2)=[<]}
16 Jan 2025 22:53:44 GMT Zwierzę poruszyło się z (1, 0) na (1, 1)
16 Jan 2025 22:53:44 GMT Długość listy pozycji: 10
Lista pozycji zwierząt: {(5, 4)=[^], (1, 0)=[v], (1, 1)=[^], (9, 9)=[^], (3, 5)=[v], (0, 3)=[<], (2, 6)=[^], (4, 8)=[^], (7, 0)=[^], (7, 3)=[^]}
16 Jan 2025 22:53:44 GMT Zwierzę poruszyło się z (7, 2) na (7, 3)
16 Jan 2025 22:53:44 GMT Długość listy pozycji: 10
Lista pozycji zwierząt: {(5, 4)=[^], (1, 0)=[v], (1, 1)=[^], (9, 9)=[^], (3, 5)=[v], (0, 4)=[^], (2, 6)=[^], (4, 8)=[^], (7, 0)=[^], (7, 3)=[^]}
16 Jan 2025 22:53:44 GMT Zwierzę poruszyło się z (0, 3) na (0, 4)
16 Jan 2025 22:53:45 GMT Długość listy pozycji: 10
Lista pozycji zwierząt: {(5, 4)=[^], (1, 0)=[v], (1, 1)=[^], (9, 9)=[^], (3, 5)=[v], (0, 4)=[^], (2, 6)=[^], (4, 9)=[^], (7, 0)=[^], (7, 3)=[^]}
16 Jan 2025 22:53:45 GMT Zwierzę poruszyło się z (4, 8) na (4, 9)
16 Jan 2025 22:53:45 GMT Długość listy pozycji: 10
Lista pozycji zwierząt: {(5, 4)=[^], (1, 0)=[v], (1, 1)=[^], (9, 9)=[^], (3, 5)=[v], (0, 4)=[^], (2, 7)=[^], (4, 9)=[^], (7, 0)=[^], (7, 3)=[^]}
16 Jan 2025 22:53:45 GMT Zwierzę poruszyło się z (2, 6) na (2, 7)
16 Jan 2025 22:53:45 GMT Zwierzę zjadło roślinkę na (5, 4)
16 Jan 2025 22:53:45 GMT Zwierzę zjadło roślinkę na (1, 0)
16 Jan 2025 22:53:45 GMT Zwierzę zjadło roślinkę na (3, 5)
16 Jan 2025 22:53:45 GMT Zwierzę zjadło roślinkę na (4, 9)
16 Jan 2025 22:53:45 GMT Zwierzę zjadło roślinkę na (7, 0)
16 Jan 2025 22:53:45 GMT Roślinka wyrosła na (0, 2)
16 Jan 2025 22:53:45 GMT Roślinka wyrosła na (3, 1)
16 Jan 2025 22:53:45 GMT Roślinka wyrosła na (0, 7)
16 Jan 2025 22:53:45 GMT Roślinka wyrosła na (2, 9)
16 Jan 2025 22:53:45 GMT Roślinka wyrosła na (6, 0)
16 Jan 2025 22:53:45 GMT Roślinka wyrosła na (0, 4)
16 Jan 2025 22:53:45 GMT Roślinka wyrosła na (5, 9)
16 Jan 2025 22:53:45 GMT Roślinka wyrosła na (0, 9)
16 Jan 2025 22:53:45 GMT Roślinka wyrosła na (0, 1)
16 Jan 2025 22:53:45 GMT Roślinka wyrosła na (9, 1)
16 Jan 2025 22:53:45 GMT Długość listy pozycji: 10
Lista pozycji zwierząt: {(5, 4)=[^], (1, 0)=[v], (8, 8)=[◣], (1, 1)=[^], (3, 5)=[v], (0, 4)=[^], (2, 7)=[^], (4, 9)=[^], (7, 0)=[^], (7, 3)=[^]}
16 Jan 2025 22:53:45 GMT Zwierzę poruszyło się z (9, 9) na (8, 8)
16 Jan 2025 22:53:45 GMT Długość listy pozycji: 10
Lista pozycji zwierząt: {(5, 4)=[^], (1, 0)=[v], (8, 8)=[◣], (1, 1)=[^], (3, 5)=[v], (0, 4)=[^], (2, 7)=[^], (4, 9)=[^], (8, 1)=[◥], (7, 3)=[^]}
16 Jan 2025 22:53:45 GMT Zwierzę poruszyło się z (7, 0) na (8, 1)
16 Jan 2025 22:53:45 GMT Długość listy pozycji: 10
Lista pozycji zwierząt: {(5, 4)=[^], (1, 0)=[v], (8, 8)=[◣], (1, 1)=[^], (3, 4)=[v], (0, 4)=[^], (2, 7)=[^], (4, 9)=[^], (8, 1)=[◥], (7, 3)=[^]}
16 Jan 2025 22:53:45 GMT Zwierzę poruszyło się z (3, 5) na (3, 4)
16 Jan 2025 22:53:46 GMT Długość listy pozycji: 10
Lista pozycji zwierząt: {(1, 0)=[v], (8, 8)=[◣], (1, 1)=[^], (3, 4)=[v], (0, 4)=[^], (2, 7)=[^], (4, 9)=[^], (8, 1)=[◥], (7, 3)=[^], (6, 4)=[>]}
16 Jan 2025 22:53:46 GMT Zwierzę poruszyło się z (5, 4) na (6, 4)
16 Jan 2025 22:53:46 GMT Długość listy pozycji: 10
Lista pozycji zwierząt: {(1, 0)=[v], (2, 2)=[◥], (8, 8)=[◣], (3, 4)=[v], (0, 4)=[^], (2, 7)=[^], (4, 9)=[^], (8, 1)=[◥], (7, 3)=[^], (6, 4)=[>]}
16 Jan 2025 22:53:46 GMT Zwierzę poruszyło się z (1, 1) na (2, 2)
16 Jan 2025 22:53:46 GMT Długość listy pozycji: 10
Lista pozycji zwierząt: {(1, 0)=[v], (2, 2)=[◥], (8, 8)=[◣], (3, 4)=[v], (0, 4)=[^], (2, 7)=[^], (4, 9)=[^], (8, 1)=[◥], (8, 3)=[>], (6, 4)=[>]}
16 Jan 2025 22:53:46 GMT Zwierzę poruszyło się z (7, 3) na (8, 3)
16 Jan 2025 22:53:46 GMT Długość listy pozycji: 10
Lista pozycji zwierząt: {(1, 0)=[v], (2, 2)=[◥], (8, 8)=[◣], (3, 4)=[v], (1, 4)=[>], (2, 7)=[^], (4, 9)=[^], (8, 1)=[◥], (8, 3)=[>], (6, 4)=[>]}
16 Jan 2025 22:53:46 GMT Zwierzę poruszyło się z (0, 4) na (1, 4)
16 Jan 2025 22:53:46 GMT Długość listy pozycji: 10
Lista pozycji zwierząt: {(1, 0)=[v], (2, 2)=[◥], (8, 8)=[◣], (3, 4)=[v], (1, 4)=[>], (2, 7)=[^], (4, 9)=[v], (8, 1)=[◥], (8, 3)=[>], (6, 4)=[>]}
16 Jan 2025 22:53:46 GMT Zwierzę poruszyło się z (4, 9) na (4, 9)
16 Jan 2025 22:53:46 GMT Długość listy pozycji: 10
Lista pozycji zwierząt: {(1, 0)=[v], (2, 2)=[◥], (8, 8)=[◣], (3, 4)=[v], (1, 4)=[>], (4, 9)=[v], (2, 8)=[^], (8, 1)=[◥], (8, 3)=[>], (6, 4)=[>]}
16 Jan 2025 22:53:46 GMT Zwierzę poruszyło się z (2, 7) na (2, 8)
16 Jan 2025 22:53:46 GMT Zwierzę zjadło roślinkę na (2, 2)
16 Jan 2025 22:53:46 GMT Zwierzę zjadło roślinkę na (8, 8)
16 Jan 2025 22:53:46 GMT Zwierzę zjadło roślinkę na (3, 4)
16 Jan 2025 22:53:46 GMT Zwierzę zjadło roślinkę na (2, 8)
16 Jan 2025 22:53:46 GMT Zwierzę zjadło roślinkę na (8, 1)
16 Jan 2025 22:53:46 GMT Zwierzę zjadło roślinkę na (8, 3)
16 Jan 2025 22:53:47 GMT Roślinka wyrosła na (5, 3)
16 Jan 2025 22:53:47 GMT Roślinka wyrosła na (9, 0)
16 Jan 2025 22:53:47 GMT Roślinka wyrosła na (2, 7)
16 Jan 2025 22:53:47 GMT Roślinka wyrosła na (6, 3)
16 Jan 2025 22:53:47 GMT Roślinka wyrosła na (7, 1)
16 Jan 2025 22:53:47 GMT Roślinka wyrosła na (4, 3)
16 Jan 2025 22:53:47 GMT Roślinka wyrosła na (8, 7)
16 Jan 2025 22:53:47 GMT Roślinka wyrosła na (9, 9)
16 Jan 2025 22:53:47 GMT Roślinka wyrosła na (5, 2)
16 Jan 2025 22:53:47 GMT Roślinka wyrosła na (2, 1)
16 Jan 2025 22:53:47 GMT Długość listy pozycji: 10
Lista pozycji zwierząt: {(9, 8)=[>], (1, 0)=[v], (2, 2)=[◥], (3, 4)=[v], (1, 4)=[>], (4, 9)=[v], (2, 8)=[^], (8, 1)=[◥], (8, 3)=[>], (6, 4)=[>]}
16 Jan 2025 22:53:47 GMT Zwierzę poruszyło się z (8, 8) na (9, 8)
16 Jan 2025 22:53:47 GMT Długość listy pozycji: 10
Lista pozycji zwierząt: {(9, 8)=[>], (1, 0)=[v], (2, 2)=[◥], (3, 4)=[v], (1, 4)=[>], (4, 9)=[v], (2, 8)=[^], (9, 1)=[>], (8, 3)=[>], (6, 4)=[>]}
16 Jan 2025 22:53:47 GMT Zwierzę poruszyło się z (8, 1) na (9, 1)
16 Jan 2025 22:53:48 GMT Długość listy pozycji: 10
Lista pozycji zwierząt: {(9, 8)=[>], (1, 0)=[v], (3, 3)=[v], (2, 2)=[◥], (1, 4)=[>], (4, 9)=[v], (2, 8)=[^], (9, 1)=[>], (8, 3)=[>], (6, 4)=[>]}
16 Jan 2025 22:53:48 GMT Zwierzę poruszyło się z (3, 4) na (3, 3)
16 Jan 2025 22:53:48 GMT Długość listy pozycji: 10
Lista pozycji zwierząt: {(9, 8)=[>], (1, 0)=[v], (3, 3)=[v], (2, 2)=[◥], (1, 4)=[>], (4, 9)=[v], (2, 8)=[^], (9, 1)=[>], (8, 3)=[>], (6, 3)=[v]}
16 Jan 2025 22:53:48 GMT Zwierzę poruszyło się z (6, 4) na (6, 3)
16 Jan 2025 22:53:48 GMT Długość listy pozycji: 10
Lista pozycji zwierząt: {(3, 2)=[>], (9, 8)=[>], (1, 0)=[v], (3, 3)=[v], (1, 4)=[>], (4, 9)=[v], (2, 8)=[^], (9, 1)=[>], (8, 3)=[>], (6, 3)=[v]}
16 Jan 2025 22:53:48 GMT Zwierzę poruszyło się z (2, 2) na (3, 2)
16 Jan 2025 22:53:48 GMT Długość listy pozycji: 10
Lista pozycji zwierząt: {(3, 2)=[>], (9, 8)=[>], (1, 0)=[v], (3, 3)=[v], (1, 4)=[>], (4, 9)=[v], (2, 8)=[^], (9, 1)=[>], (8, 2)=[v], (6, 3)=[v]}
16 Jan 2025 22:53:48 GMT Zwierzę poruszyło się z (8, 3) na (8, 2)
16 Jan 2025 22:53:48 GMT Długość listy pozycji: 10
Lista pozycji zwierząt: {(3, 2)=[>], (9, 8)=[>], (1, 0)=[v], (3, 3)=[v], (1, 3)=[v], (4, 9)=[v], (2, 8)=[^], (9, 1)=[>], (8, 2)=[v], (6, 3)=[v]}
16 Jan 2025 22:53:48 GMT Zwierzę poruszyło się z (1, 4) na (1, 3)
16 Jan 2025 22:53:48 GMT Długość listy pozycji: 10
Lista pozycji zwierząt: {(3, 2)=[>], (9, 8)=[>], (1, 0)=[v], (3, 3)=[v], (1, 3)=[v], (4, 8)=[v], (2, 8)=[^], (9, 1)=[>], (8, 2)=[v], (6, 3)=[v]}
16 Jan 2025 22:53:48 GMT Zwierzę poruszyło się z (4, 9) na (4, 8)
16 Jan 2025 22:53:48 GMT Długość listy pozycji: 10
Lista pozycji zwierząt: {(3, 2)=[>], (9, 8)=[>], (1, 0)=[v], (3, 3)=[v], (1, 3)=[v], (4, 8)=[v], (2, 9)=[^], (9, 1)=[>], (8, 2)=[v], (6, 3)=[v]}
16 Jan 2025 22:53:48 GMT Zwierzę poruszyło się z (2, 8) na (2, 9)
16 Jan 2025 22:53:48 GMT Zwierzę zjadło roślinkę na (3, 2)
16 Jan 2025 22:53:48 GMT Zwierzę zjadło roślinkę na (3, 3)
16 Jan 2025 22:53:48 GMT Zwierzę zjadło roślinkę na (2, 9)
16 Jan 2025 22:53:48 GMT Zwierzę zjadło roślinkę na (9, 1)
16 Jan 2025 22:53:48 GMT Zwierzę zjadło roślinkę na (6, 3)
16 Jan 2025 22:53:49 GMT Roślinka wyrosła na (9, 4)
16 Jan 2025 22:53:49 GMT Roślinka wyrosła na (7, 4)
16 Jan 2025 22:53:49 GMT Roślinka wyrosła na (1, 9)
16 Jan 2025 22:53:49 GMT Roślinka wyrosła na (6, 9)
16 Jan 2025 22:53:49 GMT Roślinka wyrosła na (9, 2)
16 Jan 2025 22:53:49 GMT Roślinka wyrosła na (4, 7)
16 Jan 2025 22:53:49 GMT Roślinka wyrosła na (5, 0)
16 Jan 2025 22:53:49 GMT Roślinka wyrosła na (7, 8)
16 Jan 2025 22:53:49 GMT Roślinka wyrosła na (6, 1)
16 Jan 2025 22:53:49 GMT Roślinka wyrosła na (6, 2)
16 Jan 2025 22:53:49 GMT Długość listy pozycji: 10
Lista pozycji zwierząt: {(3, 2)=[>], (1, 0)=[v], (3, 3)=[v], (8, 9)=[◤], (1, 3)=[v], (4, 8)=[v], (2, 9)=[^], (9, 1)=[>], (8, 2)=[v], (6, 3)=[v]}
16 Jan 2025 22:53:49 GMT Zwierzę poruszyło się z (9, 8) na (8, 9)
16 Jan 2025 22:53:49 GMT Długość listy pozycji: 10
Lista pozycji zwierząt: {(3, 2)=[>], (1, 0)=[v], (0, 0)=[◢], (3, 3)=[v], (8, 9)=[◤], (1, 3)=[v], (4, 8)=[v], (2, 9)=[^], (8, 2)=[v], (6, 3)=[v]}
16 Jan 2025 22:53:49 GMT Zwierzę poruszyło się z (9, 1) na (0, 0)
16 Jan 2025 22:53:49 GMT Długość listy pozycji: 9
Lista pozycji zwierząt: {(3, 2)=[v, >], (1, 0)=[v], (0, 0)=[◢], (8, 9)=[◤], (1, 3)=[v], (4, 8)=[v], (2, 9)=[^], (8, 2)=[v], (6, 3)=[v]}
16 Jan 2025 22:53:49 GMT Zwierzę poruszyło się z (3, 3) na (3, 2)
16 Jan 2025 22:53:49 GMT Długość listy pozycji: 9
Lista pozycji zwierząt: {(3, 2)=[v, >], (1, 0)=[v], (0, 0)=[◢], (8, 9)=[◤], (1, 3)=[v], (4, 8)=[v], (2, 9)=[^], (8, 2)=[v], (5, 3)=[<]}
16 Jan 2025 22:53:49 GMT Zwierzę poruszyło się z (6, 3) na (5, 3)
16 Jan 2025 22:53:49 GMT Długość listy pozycji: 10
Lista pozycji zwierząt: {(3, 2)=[v], (1, 0)=[v], (0, 0)=[◢], (8, 9)=[◤], (1, 3)=[v], (4, 8)=[v], (2, 9)=[^], (8, 2)=[v], (4, 1)=[◢], (5, 3)=[<]}
16 Jan 2025 22:53:49 GMT Zwierzę poruszyło się z (3, 2) na (4, 1)
16 Jan 2025 22:53:49 GMT Długość listy pozycji: 10
Lista pozycji zwierząt: {(3, 2)=[v], (1, 0)=[v], (0, 0)=[◢], (8, 9)=[◤], (1, 3)=[v], (4, 8)=[v], (2, 9)=[^], (7, 2)=[<], (4, 1)=[◢], (5, 3)=[<]}
16 Jan 2025 22:53:49 GMT Zwierzę poruszyło się z (8, 2) na (7, 2)
16 Jan 2025 22:53:49 GMT Długość listy pozycji: 10
Lista pozycji zwierząt: {(3, 2)=[v], (1, 0)=[v], (0, 0)=[◢], (8, 9)=[◤], (0, 3)=[<], (4, 8)=[v], (2, 9)=[^], (7, 2)=[<], (4, 1)=[◢], (5, 3)=[<]}
16 Jan 2025 22:53:49 GMT Zwierzę poruszyło się z (1, 3) na (0, 3)
16 Jan 2025 22:53:50 GMT Długość listy pozycji: 10
Lista pozycji zwierząt: {(3, 2)=[v], (1, 0)=[v], (0, 0)=[◢], (8, 9)=[◤], (4, 7)=[v], (0, 3)=[<], (2, 9)=[^], (7, 2)=[<], (4, 1)=[◢], (5, 3)=[<]}
16 Jan 2025 22:53:50 GMT Zwierzę poruszyło się z (4, 8) na (4, 7)
16 Jan 2025 22:53:50 GMT Długość listy pozycji: 10
Lista pozycji zwierząt: {(3, 2)=[v], (1, 0)=[v], (0, 0)=[◢], (8, 9)=[◤], (4, 7)=[v], (0, 3)=[<], (2, 9)=[v], (7, 2)=[<], (4, 1)=[◢], (5, 3)=[<]}
16 Jan 2025 22:53:50 GMT Zwierzę poruszyło się z (2, 9) na (2, 9)
16 Jan 2025 22:53:50 GMT Zwierzę zjadło roślinkę na (0, 0)
16 Jan 2025 22:53:50 GMT Zwierzę zjadło roślinkę na (8, 9)
16 Jan 2025 22:53:50 GMT Zwierzę zjadło roślinkę na (4, 7)
16 Jan 2025 22:53:50 GMT Zwierzę zjadło roślinkę na (0, 3)
16 Jan 2025 22:53:50 GMT Zwierzę zjadło roślinkę na (4, 1)
16 Jan 2025 22:53:50 GMT Zwierzę zjadło roślinkę na (5, 3)
16 Jan 2025 22:53:50 GMT Roślinka wyrosła na null
16 Jan 2025 22:53:50 GMT Roślinka wyrosła na null
16 Jan 2025 22:53:50 GMT Roślinka wyrosła na null
16 Jan 2025 22:53:50 GMT Roślinka wyrosła na null
16 Jan 2025 22:53:50 GMT Roślinka wyrosła na null
16 Jan 2025 22:53:50 GMT Roślinka wyrosła na null
16 Jan 2025 22:53:50 GMT Roślinka wyrosła na null
16 Jan 2025 22:53:50 GMT Roślinka wyrosła na null
16 Jan 2025 22:53:50 GMT Roślinka wyrosła na null
16 Jan 2025 22:53:50 GMT Roślinka wyrosła na null
16 Jan 2025 22:53:50 GMT Długość listy pozycji: 10
Lista pozycji zwierząt: {(3, 2)=[v], (1, 0)=[v], (8, 8)=[v], (0, 0)=[◢], (4, 7)=[v], (0, 3)=[<], (2, 9)=[v], (7, 2)=[<], (4, 1)=[◢], (5, 3)=[<]}
16 Jan 2025 22:53:50 GMT Zwierzę poruszyło się z (8, 9) na (8, 8)
16 Jan 2025 22:53:50 GMT Długość listy pozycji: 10
Lista pozycji zwierząt: {(3, 2)=[v], (1, 0)=[v], (8, 8)=[v], (0, 0)=[^], (4, 7)=[v], (0, 3)=[<], (2, 9)=[v], (7, 2)=[<], (4, 1)=[◢], (5, 3)=[<]}
16 Jan 2025 22:53:50 GMT Zwierzę poruszyło się z (0, 0) na (0, 0)
16 Jan 2025 22:53:50 GMT Długość listy pozycji: 10
Lista pozycji zwierząt: {(1, 0)=[v], (8, 8)=[v], (0, 0)=[^], (4, 7)=[v], (0, 3)=[<], (2, 9)=[v], (7, 2)=[<], (4, 1)=[◢], (3, 1)=[v], (5, 3)=[<]}
16 Jan 2025 22:53:50 GMT Zwierzę poruszyło się z (3, 2) na (3, 1)
16 Jan 2025 22:53:51 GMT Długość listy pozycji: 10
Lista pozycji zwierząt: {(5, 4)=[^], (1, 0)=[v], (8, 8)=[v], (0, 0)=[^], (4, 7)=[v], (0, 3)=[<], (2, 9)=[v], (7, 2)=[<], (4, 1)=[◢], (3, 1)=[v]}
16 Jan 2025 22:53:51 GMT Zwierzę poruszyło się z (5, 3) na (5, 4)
16 Jan 2025 22:53:51 GMT Długość listy pozycji: 10
Lista pozycji zwierząt: {(5, 4)=[^], (1, 0)=[v], (8, 8)=[v], (0, 0)=[^], (4, 7)=[v], (0, 3)=[<], (2, 9)=[v], (7, 2)=[<], (4, 0)=[v], (3, 1)=[v]}
16 Jan 2025 22:53:51 GMT Zwierzę poruszyło się z (4, 1) na (4, 0)
16 Jan 2025 22:53:51 GMT Długość listy pozycji: 10
Lista pozycji zwierząt: {(5, 4)=[^], (1, 0)=[v], (8, 8)=[v], (0, 0)=[^], (4, 7)=[v], (0, 3)=[<], (2, 9)=[v], (7, 3)=[^], (4, 0)=[v], (3, 1)=[v]}
16 Jan 2025 22:53:51 GMT Zwierzę poruszyło się z (7, 2) na (7, 3)
16 Jan 2025 22:53:51 GMT Długość listy pozycji: 10
Lista pozycji zwierząt: {(5, 4)=[^], (1, 0)=[v], (8, 8)=[v], (0, 0)=[^], (4, 7)=[v], (0, 4)=[^], (2, 9)=[v], (7, 3)=[^], (4, 0)=[v], (3, 1)=[v]}
16 Jan 2025 22:53:51 GMT Zwierzę poruszyło się z (0, 3) na (0, 4)
16 Jan 2025 22:53:51 GMT Długość listy pozycji: 10
Lista pozycji zwierząt: {(5, 4)=[^], (1, 0)=[v], (8, 8)=[v], (0, 0)=[^], (4, 6)=[v], (0, 4)=[^], (2, 9)=[v], (7, 3)=[^], (4, 0)=[v], (3, 1)=[v]}
16 Jan 2025 22:53:51 GMT Zwierzę poruszyło się z (4, 7) na (4, 6)
16 Jan 2025 22:53:51 GMT Długość listy pozycji: 10
Lista pozycji zwierząt: {(5, 4)=[^], (1, 0)=[v], (8, 8)=[v], (0, 0)=[^], (4, 6)=[v], (0, 4)=[^], (2, 8)=[v], (7, 3)=[^], (4, 0)=[v], (3, 1)=[v]}
16 Jan 2025 22:53:51 GMT Zwierzę poruszyło się z (2, 9) na (2, 8)
16 Jan 2025 22:53:51 GMT Zwierzę zjadło roślinkę na (0, 4)
16 Jan 2025 22:53:51 GMT Zwierzę zjadło roślinkę na (3, 1)
16 Jan 2025 22:53:51 GMT Roślinka wyrosła na null
16 Jan 2025 22:53:51 GMT Roślinka wyrosła na null
16 Jan 2025 22:53:51 GMT Roślinka wyrosła na null
16 Jan 2025 22:53:51 GMT Roślinka wyrosła na null
16 Jan 2025 22:53:51 GMT Roślinka wyrosła na null
16 Jan 2025 22:53:51 GMT Roślinka wyrosła na null
16 Jan 2025 22:53:51 GMT Roślinka wyrosła na null
16 Jan 2025 22:53:51 GMT Roślinka wyrosła na null
16 Jan 2025 22:53:51 GMT Roślinka wyrosła na null
16 Jan 2025 22:53:51 GMT Roślinka wyrosła na null
16 Jan 2025 22:53:52 GMT Długość listy pozycji: 10
Lista pozycji zwierząt: {(5, 4)=[^], (1, 0)=[v], (9, 9)=[◥], (0, 0)=[^], (4, 6)=[v], (0, 4)=[^], (2, 8)=[v], (7, 3)=[^], (4, 0)=[v], (3, 1)=[v]}
16 Jan 2025 22:53:52 GMT Zwierzę poruszyło się z (8, 8) na (9, 9)
16 Jan 2025 22:53:52 GMT Długość listy pozycji: 10
Lista pozycji zwierząt: {(5, 4)=[^], (1, 0)=[v], (1, 1)=[◥], (9, 9)=[◥], (4, 6)=[v], (0, 4)=[^], (2, 8)=[v], (7, 3)=[^], (4, 0)=[v], (3, 1)=[v]}
16 Jan 2025 22:53:52 GMT Zwierzę poruszyło się z (0, 0) na (1, 1)
16 Jan 2025 22:53:52 GMT Długość listy pozycji: 10
Lista pozycji zwierząt: {(5, 4)=[^], (1, 0)=[v], (1, 1)=[◥], (9, 9)=[◥], (4, 6)=[v], (0, 4)=[^], (2, 8)=[v], (7, 3)=[^], (4, 0)=[v], (3, 0)=[v]}
16 Jan 2025 22:53:52 GMT Zwierzę poruszyło się z (3, 1) na (3, 0)
16 Jan 2025 22:53:52 GMT Długość listy pozycji: 10
Lista pozycji zwierząt: {(1, 0)=[v], (1, 1)=[◥], (9, 9)=[◥], (4, 6)=[v], (0, 4)=[^], (2, 8)=[v], (7, 3)=[^], (4, 0)=[v], (3, 0)=[v], (6, 4)=[>]}
16 Jan 2025 22:53:52 GMT Zwierzę poruszyło się z (5, 4) na (6, 4)
16 Jan 2025 22:53:52 GMT Długość listy pozycji: 10
Lista pozycji zwierząt: {(1, 0)=[v], (1, 1)=[◥], (9, 9)=[◥], (4, 6)=[v], (0, 4)=[^], (2, 8)=[v], (7, 3)=[^], (4, 0)=[◥], (3, 0)=[v], (6, 4)=[>]}
16 Jan 2025 22:53:52 GMT Zwierzę poruszyło się z (4, 0) na (4, 0)
16 Jan 2025 22:53:52 GMT Długość listy pozycji: 10
Lista pozycji zwierząt: {(1, 0)=[v], (1, 1)=[◥], (9, 9)=[◥], (4, 6)=[v], (0, 4)=[^], (2, 8)=[v], (8, 3)=[>], (4, 0)=[◥], (3, 0)=[v], (6, 4)=[>]}
16 Jan 2025 22:53:52 GMT Zwierzę poruszyło się z (7, 3) na (8, 3)
16 Jan 2025 22:53:52 GMT Długość listy pozycji: 10
Lista pozycji zwierząt: {(1, 0)=[v], (1, 1)=[◥], (9, 9)=[◥], (4, 6)=[v], (1, 4)=[>], (2, 8)=[v], (8, 3)=[>], (4, 0)=[◥], (3, 0)=[v], (6, 4)=[>]}
16 Jan 2025 22:53:52 GMT Zwierzę poruszyło się z (0, 4) na (1, 4)
16 Jan 2025 22:53:52 GMT Długość listy pozycji: 10
Lista pozycji zwierząt: {(1, 0)=[v], (1, 1)=[◥], (9, 9)=[◥], (4, 5)=[v], (1, 4)=[>], (2, 8)=[v], (8, 3)=[>], (4, 0)=[◥], (3, 0)=[v], (6, 4)=[>]}
16 Jan 2025 22:53:52 GMT Zwierzę poruszyło się z (4, 6) na (4, 5)
16 Jan 2025 22:53:52 GMT Długość listy pozycji: 10
Lista pozycji zwierząt: {(1, 0)=[v], (1, 1)=[◥], (9, 9)=[◥], (4, 5)=[v], (1, 4)=[>], (2, 7)=[v], (8, 3)=[>], (4, 0)=[◥], (3, 0)=[v], (6, 4)=[>]}
16 Jan 2025 22:53:52 GMT Zwierzę poruszyło się z (2, 8) na (2, 7)
16 Jan 2025 22:53:53 GMT Zwierzę zjadło roślinkę na (9, 9)
16 Jan 2025 22:53:53 GMT Zwierzę zjadło roślinkę na (2, 7)
16 Jan 2025 22:53:53 GMT Zwierzę zjadło roślinkę na (3, 0)
16 Jan 2025 22:53:53 GMT Roślinka wyrosła na null
16 Jan 2025 22:53:53 GMT Roślinka wyrosła na null
16 Jan 2025 22:53:53 GMT Roślinka wyrosła na null
16 Jan 2025 22:53:53 GMT Roślinka wyrosła na null
16 Jan 2025 22:53:53 GMT Roślinka wyrosła na null
16 Jan 2025 22:53:53 GMT Roślinka wyrosła na null
16 Jan 2025 22:53:53 GMT Roślinka wyrosła na null
16 Jan 2025 22:53:53 GMT Roślinka wyrosła na null
16 Jan 2025 22:53:53 GMT Roślinka wyrosła na null
16 Jan 2025 22:53:53 GMT Roślinka wyrosła na null
16 Jan 2025 22:53:53 GMT Długość listy pozycji: 10
Lista pozycji zwierząt: {(1, 0)=[v], (1, 1)=[◥], (8, 9)=[<], (4, 5)=[v], (1, 4)=[>], (2, 7)=[v], (8, 3)=[>], (4, 0)=[◥], (3, 0)=[v], (6, 4)=[>]}
16 Jan 2025 22:53:53 GMT Zwierzę poruszyło się z (9, 9) na (8, 9)
16 Jan 2025 22:53:53 GMT Długość listy pozycji: 10
Lista pozycji zwierząt: {(2, 1)=[>], (1, 0)=[v], (8, 9)=[<], (4, 5)=[v], (1, 4)=[>], (2, 7)=[v], (8, 3)=[>], (4, 0)=[◥], (3, 0)=[v], (6, 4)=[>]}
16 Jan 2025 22:53:53 GMT Zwierzę poruszyło się z (1, 1) na (2, 1)
16 Jan 2025 22:53:53 GMT Długość listy pozycji: 10
Lista pozycji zwierząt: {(2, 1)=[>], (1, 0)=[v], (8, 9)=[<], (4, 5)=[v], (1, 4)=[>], (2, 7)=[v], (8, 3)=[>], (4, 0)=[◥], (3, 0)=[^], (6, 4)=[>]}
16 Jan 2025 22:53:53 GMT Zwierzę poruszyło się z (3, 0) na (3, 0)
16 Jan 2025 22:53:53 GMT Długość listy pozycji: 10
Lista pozycji zwierząt: {(2, 1)=[>], (1, 0)=[v], (8, 9)=[<], (4, 5)=[v], (1, 4)=[>], (2, 7)=[v], (8, 3)=[>], (4, 0)=[◥], (6, 3)=[v], (3, 0)=[^]}
16 Jan 2025 22:53:53 GMT Zwierzę poruszyło się z (6, 4) na (6, 3)
16 Jan 2025 22:53:53 GMT Długość listy pozycji: 10
Lista pozycji zwierząt: {(2, 1)=[>], (1, 0)=[v], (8, 9)=[<], (4, 5)=[v], (1, 4)=[>], (2, 7)=[v], (5, 0)=[>], (8, 3)=[>], (6, 3)=[v], (3, 0)=[^]}
16 Jan 2025 22:53:53 GMT Zwierzę poruszyło się z (4, 0) na (5, 0)
16 Jan 2025 22:53:54 GMT Długość listy pozycji: 10
Lista pozycji zwierząt: {(2, 1)=[>], (1, 0)=[v], (8, 9)=[<], (4, 5)=[v], (1, 4)=[>], (2, 7)=[v], (8, 2)=[v], (5, 0)=[>], (6, 3)=[v], (3, 0)=[^]}
16 Jan 2025 22:53:54 GMT Zwierzę poruszyło się z (8, 3) na (8, 2)
16 Jan 2025 22:53:54 GMT Długość listy pozycji: 10
Lista pozycji zwierząt: {(2, 1)=[>], (1, 0)=[v], (8, 9)=[<], (4, 5)=[v], (1, 3)=[v], (2, 7)=[v], (8, 2)=[v], (5, 0)=[>], (6, 3)=[v], (3, 0)=[^]}
16 Jan 2025 22:53:54 GMT Zwierzę poruszyło się z (1, 4) na (1, 3)
16 Jan 2025 22:53:54 GMT Długość listy pozycji: 10
Lista pozycji zwierząt: {(2, 1)=[>], (1, 0)=[v], (4, 4)=[v], (8, 9)=[<], (1, 3)=[v], (2, 7)=[v], (8, 2)=[v], (5, 0)=[>], (6, 3)=[v], (3, 0)=[^]}
16 Jan 2025 22:53:54 GMT Zwierzę poruszyło się z (4, 5) na (4, 4)
16 Jan 2025 22:53:54 GMT Długość listy pozycji: 10
Lista pozycji zwierząt: {(2, 1)=[>], (1, 0)=[v], (4, 4)=[v], (8, 9)=[<], (1, 3)=[v], (2, 6)=[v], (8, 2)=[v], (5, 0)=[>], (6, 3)=[v], (3, 0)=[^]}
16 Jan 2025 22:53:54 GMT Zwierzę poruszyło się z (2, 7) na (2, 6)
16 Jan 2025 22:53:54 GMT Zwierzę zjadło roślinkę na (2, 1)
16 Jan 2025 22:53:54 GMT Zwierzę zjadło roślinkę na (4, 4)
16 Jan 2025 22:53:54 GMT Zwierzę zjadło roślinkę na (5, 0)
16 Jan 2025 22:53:54 GMT Roślinka wyrosła na null
16 Jan 2025 22:53:54 GMT Roślinka wyrosła na null
16 Jan 2025 22:53:54 GMT Roślinka wyrosła na null
16 Jan 2025 22:53:54 GMT Roślinka wyrosła na null
16 Jan 2025 22:53:54 GMT Roślinka wyrosła na null
16 Jan 2025 22:53:54 GMT Roślinka wyrosła na null
16 Jan 2025 22:53:54 GMT Roślinka wyrosła na null
16 Jan 2025 22:53:54 GMT Roślinka wyrosła na null
16 Jan 2025 22:53:54 GMT Roślinka wyrosła na null
16 Jan 2025 22:53:54 GMT Roślinka wyrosła na null
16 Jan 2025 22:53:54 GMT Długość listy pozycji: 10
Lista pozycji zwierząt: {(9, 8)=[◢], (2, 1)=[>], (1, 0)=[v], (4, 4)=[v], (1, 3)=[v], (2, 6)=[v], (8, 2)=[v], (5, 0)=[>], (6, 3)=[v], (3, 0)=[^]}
16 Jan 2025 22:53:54 GMT Zwierzę poruszyło się z (8, 9) na (9, 8)
16 Jan 2025 22:53:55 GMT Długość listy pozycji: 9
Lista pozycji zwierząt: {(9, 8)=[◢], (1, 0)=[v], (4, 4)=[v], (1, 3)=[v], (2, 6)=[v], (8, 2)=[v], (5, 0)=[>], (6, 3)=[v], (3, 0)=[^, ◢]}
16 Jan 2025 22:53:55 GMT Zwierzę poruszyło się z (2, 1) na (3, 0)
16 Jan 2025 22:53:55 GMT Długość listy pozycji: 10
Lista pozycji zwierząt: {(9, 8)=[◢], (1, 0)=[v], (4, 4)=[v], (1, 3)=[v], (2, 6)=[v], (8, 2)=[v], (5, 0)=[>], (6, 3)=[v], (3, 0)=[◢], (3, 1)=[^]}
16 Jan 2025 22:53:55 GMT Zwierzę poruszyło się z (3, 0) na (3, 1)
16 Jan 2025 22:53:55 GMT Długość listy pozycji: 10
Lista pozycji zwierząt: {(9, 8)=[◢], (1, 0)=[v], (4, 4)=[v], (1, 3)=[v], (2, 6)=[v], (8, 2)=[v], (5, 0)=[>], (3, 0)=[◢], (5, 3)=[<], (3, 1)=[^]}
16 Jan 2025 22:53:55 GMT Zwierzę poruszyło się z (6, 3) na (5, 3)
16 Jan 2025 22:53:55 GMT Długość listy pozycji: 10
Lista pozycji zwierząt: {(9, 8)=[◢], (1, 0)=[v], (4, 4)=[v], (1, 3)=[v], (2, 6)=[v], (8, 2)=[v], (5, 0)=[◤], (3, 0)=[◢], (5, 3)=[<], (3, 1)=[^]}
16 Jan 2025 22:53:55 GMT Zwierzę poruszyło się z (5, 0) na (5, 0)
16 Jan 2025 22:53:55 GMT Długość listy pozycji: 10
Lista pozycji zwierząt: {(9, 8)=[◢], (1, 0)=[v], (4, 4)=[v], (1, 3)=[v], (2, 6)=[v], (7, 2)=[<], (5, 0)=[◤], (3, 0)=[◢], (5, 3)=[<], (3, 1)=[^]}
16 Jan 2025 22:53:55 GMT Zwierzę poruszyło się z (8, 2) na (7, 2)
16 Jan 2025 22:53:55 GMT Długość listy pozycji: 10
Lista pozycji zwierząt: {(9, 8)=[◢], (1, 0)=[v], (4, 4)=[v], (0, 3)=[<], (2, 6)=[v], (7, 2)=[<], (5, 0)=[◤], (3, 0)=[◢], (5, 3)=[<], (3, 1)=[^]}
16 Jan 2025 22:53:55 GMT Zwierzę poruszyło się z (1, 3) na (0, 3)
16 Jan 2025 22:53:55 GMT Długość listy pozycji: 10
Lista pozycji zwierząt: {(4, 3)=[v], (9, 8)=[◢], (1, 0)=[v], (0, 3)=[<], (2, 6)=[v], (7, 2)=[<], (5, 0)=[◤], (3, 0)=[◢], (5, 3)=[<], (3, 1)=[^]}
16 Jan 2025 22:53:55 GMT Zwierzę poruszyło się z (4, 4) na (4, 3)
16 Jan 2025 22:53:55 GMT Długość listy pozycji: 10
Lista pozycji zwierząt: {(4, 3)=[v], (9, 8)=[◢], (1, 0)=[v], (2, 5)=[v], (0, 3)=[<], (7, 2)=[<], (5, 0)=[◤], (3, 0)=[◢], (5, 3)=[<], (3, 1)=[^]}
16 Jan 2025 22:53:55 GMT Zwierzę poruszyło się z (2, 6) na (2, 5)
16 Jan 2025 22:53:55 GMT Zwierzę zjadło roślinkę na (4, 3)
16 Jan 2025 22:53:56 GMT Roślinka wyrosła na null
16 Jan 2025 22:53:56 GMT Roślinka wyrosła na null
16 Jan 2025 22:53:56 GMT Roślinka wyrosła na null
16 Jan 2025 22:53:56 GMT Roślinka wyrosła na null
16 Jan 2025 22:53:56 GMT Roślinka wyrosła na null
16 Jan 2025 22:53:56 GMT Roślinka wyrosła na null
16 Jan 2025 22:53:56 GMT Roślinka wyrosła na null
16 Jan 2025 22:53:56 GMT Roślinka wyrosła na null
16 Jan 2025 22:53:56 GMT Roślinka wyrosła na null
16 Jan 2025 22:53:56 GMT Roślinka wyrosła na null
16 Jan 2025 22:53:56 GMT Długość listy pozycji: 10
Lista pozycji zwierząt: {(4, 3)=[v], (1, 0)=[v], (9, 9)=[^], (2, 5)=[v], (0, 3)=[<], (7, 2)=[<], (5, 0)=[◤], (3, 0)=[◢], (5, 3)=[<], (3, 1)=[^]}
16 Jan 2025 22:53:56 GMT Zwierzę poruszyło się z (9, 8) na (9, 9)
16 Jan 2025 22:53:56 GMT Długość listy pozycji: 10
Lista pozycji zwierząt: {(4, 3)=[v], (1, 0)=[v], (9, 9)=[^], (2, 5)=[v], (0, 3)=[<], (7, 2)=[<], (5, 0)=[◤], (3, 0)=[^], (5, 3)=[<], (3, 1)=[^]}
16 Jan 2025 22:53:56 GMT Zwierzę poruszyło się z (3, 0) na (3, 0)
16 Jan 2025 22:53:56 GMT Długość listy pozycji: 10
Lista pozycji zwierząt: {(3, 2)=[^], (4, 3)=[v], (1, 0)=[v], (9, 9)=[^], (2, 5)=[v], (0, 3)=[<], (7, 2)=[<], (5, 0)=[◤], (3, 0)=[^], (5, 3)=[<]}
16 Jan 2025 22:53:56 GMT Zwierzę poruszyło się z (3, 1) na (3, 2)
16 Jan 2025 22:53:56 GMT Długość listy pozycji: 10
Lista pozycji zwierząt: {(5, 4)=[^], (3, 2)=[^], (4, 3)=[v], (1, 0)=[v], (9, 9)=[^], (2, 5)=[v], (0, 3)=[<], (7, 2)=[<], (5, 0)=[◤], (3, 0)=[^]}
16 Jan 2025 22:53:56 GMT Zwierzę poruszyło się z (5, 3) na (5, 4)
16 Jan 2025 22:53:56 GMT Długość listy pozycji: 10
Lista pozycji zwierząt: {(5, 4)=[^], (3, 2)=[^], (4, 3)=[v], (1, 0)=[v], (9, 9)=[^], (2, 5)=[v], (0, 3)=[<], (7, 2)=[<], (5, 1)=[^], (3, 0)=[^]}
16 Jan 2025 22:53:56 GMT Zwierzę poruszyło się z (5, 0) na (5, 1)
16 Jan 2025 22:53:57 GMT Długość listy pozycji: 10
Lista pozycji zwierząt: {(5, 4)=[^], (3, 2)=[^], (4, 3)=[v], (1, 0)=[v], (9, 9)=[^], (2, 5)=[v], (0, 3)=[<], (7, 3)=[^], (5, 1)=[^], (3, 0)=[^]}
16 Jan 2025 22:53:57 GMT Zwierzę poruszyło się z (7, 2) na (7, 3)
16 Jan 2025 22:53:57 GMT Długość listy pozycji: 10
Lista pozycji zwierząt: {(5, 4)=[^], (3, 2)=[^], (4, 3)=[v], (1, 0)=[v], (9, 9)=[^], (2, 5)=[v], (0, 4)=[^], (7, 3)=[^], (5, 1)=[^], (3, 0)=[^]}
16 Jan 2025 22:53:57 GMT Zwierzę poruszyło się z (0, 3) na (0, 4)
16 Jan 2025 22:53:57 GMT Długość listy pozycji: 10
Lista pozycji zwierząt: {(5, 4)=[^], (3, 2)=[^], (1, 0)=[v], (9, 9)=[^], (2, 5)=[v], (0, 4)=[^], (7, 3)=[^], (5, 1)=[^], (3, 0)=[^], (4, 2)=[v]}
16 Jan 2025 22:53:57 GMT Zwierzę poruszyło się z (4, 3) na (4, 2)
16 Jan 2025 22:53:57 GMT Długość listy pozycji: 10
Lista pozycji zwierząt: {(5, 4)=[^], (3, 2)=[^], (1, 0)=[v], (9, 9)=[^], (2, 4)=[v], (0, 4)=[^], (7, 3)=[^], (5, 1)=[^], (3, 0)=[^], (4, 2)=[v]}
16 Jan 2025 22:53:57 GMT Zwierzę poruszyło się z (2, 5) na (2, 4)
16 Jan 2025 22:53:57 GMT Zwierzę zjadło roślinkę na (5, 1)
16 Jan 2025 22:53:57 GMT Zwierzę zjadło roślinkę na (4, 2)
16 Jan 2025 22:53:57 GMT Roślinka wyrosła na null
16 Jan 2025 22:53:57 GMT Roślinka wyrosła na null
16 Jan 2025 22:53:57 GMT Roślinka wyrosła na null
16 Jan 2025 22:53:57 GMT Roślinka wyrosła na null
16 Jan 2025 22:53:57 GMT Roślinka wyrosła na null
16 Jan 2025 22:53:57 GMT Roślinka wyrosła na null
16 Jan 2025 22:53:57 GMT Roślinka wyrosła na null
16 Jan 2025 22:53:57 GMT Roślinka wyrosła na null
16 Jan 2025 22:53:57 GMT Roślinka wyrosła na null
16 Jan 2025 22:53:57 GMT Roślinka wyrosła na null
16 Jan 2025 22:53:57 GMT Długość listy pozycji: 10
Lista pozycji zwierząt: {(5, 4)=[^], (3, 2)=[^], (1, 0)=[v], (8, 8)=[◣], (2, 4)=[v], (0, 4)=[^], (7, 3)=[^], (5, 1)=[^], (3, 0)=[^], (4, 2)=[v]}
16 Jan 2025 22:53:57 GMT Zwierzę poruszyło się z (9, 9) na (8, 8)
16 Jan 2025 22:53:58 GMT Długość listy pozycji: 10
Lista pozycji zwierząt: {(5, 4)=[^], (3, 2)=[^], (1, 0)=[v], (8, 8)=[◣], (2, 4)=[v], (0, 4)=[^], (7, 3)=[^], (5, 1)=[^], (4, 1)=[◥], (4, 2)=[v]}
16 Jan 2025 22:53:58 GMT Zwierzę poruszyło się z (3, 0) na (4, 1)
16 Jan 2025 22:53:58 GMT Długość listy pozycji: 10
Lista pozycji zwierząt: {(5, 4)=[^], (1, 0)=[v], (3, 3)=[^], (8, 8)=[◣], (2, 4)=[v], (0, 4)=[^], (7, 3)=[^], (5, 1)=[^], (4, 1)=[◥], (4, 2)=[v]}
16 Jan 2025 22:53:58 GMT Zwierzę poruszyło się z (3, 2) na (3, 3)
16 Jan 2025 22:53:58 GMT Długość listy pozycji: 10
Lista pozycji zwierząt: {(1, 0)=[v], (3, 3)=[^], (8, 8)=[◣], (2, 4)=[v], (0, 4)=[^], (7, 3)=[^], (5, 1)=[^], (4, 1)=[◥], (6, 4)=[>], (4, 2)=[v]}
16 Jan 2025 22:53:58 GMT Zwierzę poruszyło się z (5, 4) na (6, 4)
16 Jan 2025 22:53:58 GMT Długość listy pozycji: 10
Lista pozycji zwierząt: {(1, 0)=[v], (3, 3)=[^], (8, 8)=[◣], (2, 4)=[v], (0, 4)=[^], (6, 2)=[◥], (7, 3)=[^], (4, 1)=[◥], (6, 4)=[>], (4, 2)=[v]}
16 Jan 2025 22:53:58 GMT Zwierzę poruszyło się z (5, 1) na (6, 2)
16 Jan 2025 22:53:58 GMT Długość listy pozycji: 10
Lista pozycji zwierząt: {(1, 0)=[v], (3, 3)=[^], (8, 8)=[◣], (2, 4)=[v], (0, 4)=[^], (8, 3)=[>], (6, 2)=[◥], (4, 1)=[◥], (6, 4)=[>], (4, 2)=[v]}
16 Jan 2025 22:53:58 GMT Zwierzę poruszyło się z (7, 3) na (8, 3)
16 Jan 2025 22:53:58 GMT Długość listy pozycji: 10
Lista pozycji zwierząt: {(1, 0)=[v], (3, 3)=[^], (8, 8)=[◣], (2, 4)=[v], (1, 4)=[>], (8, 3)=[>], (6, 2)=[◥], (4, 1)=[◥], (6, 4)=[>], (4, 2)=[v]}
16 Jan 2025 22:53:58 GMT Zwierzę poruszyło się z (0, 4) na (1, 4)
16 Jan 2025 22:53:58 GMT Długość listy pozycji: 9
Lista pozycji zwierząt: {(1, 0)=[v], (3, 3)=[^], (8, 8)=[◣], (2, 4)=[v], (1, 4)=[>], (8, 3)=[>], (6, 2)=[◥], (4, 1)=[v, ◥], (6, 4)=[>]}
16 Jan 2025 22:53:58 GMT Zwierzę poruszyło się z (4, 2) na (4, 1)
16 Jan 2025 22:53:58 GMT Długość listy pozycji: 9
Lista pozycji zwierząt: {(1, 0)=[v], (3, 3)=[^], (8, 8)=[◣], (2, 3)=[v], (1, 4)=[>], (8, 3)=[>], (6, 2)=[◥], (4, 1)=[v, ◥], (6, 4)=[>]}
16 Jan 2025 22:53:58 GMT Zwierzę poruszyło się z (2, 4) na (2, 3)
16 Jan 2025 22:53:58 GMT Zwierzę zjadło roślinkę na (2, 3)
16 Jan 2025 22:53:58 GMT Zwierzę zjadło roślinkę na (6, 2)
16 Jan 2025 22:53:59 GMT Zwierze zostało położone na (4, 1)
16 Jan 2025 22:53:59 GMT Urodziło się nowe zwierzę na (4, 1)
16 Jan 2025 22:53:59 GMT Roślinka wyrosła na null
16 Jan 2025 22:53:59 GMT Roślinka wyrosła na null
16 Jan 2025 22:53:59 GMT Roślinka wyrosła na null
16 Jan 2025 22:53:59 GMT Roślinka wyrosła na null
16 Jan 2025 22:53:59 GMT Roślinka wyrosła na null
16 Jan 2025 22:53:59 GMT Roślinka wyrosła na null
16 Jan 2025 22:53:59 GMT Roślinka wyrosła na null
16 Jan 2025 22:53:59 GMT Roślinka wyrosła na null
16 Jan 2025 22:53:59 GMT Roślinka wyrosła na null
16 Jan 2025 22:53:59 GMT Roślinka wyrosła na null
16 Jan 2025 22:53:59 GMT Długość listy pozycji: 9
Lista pozycji zwierząt: {(9, 8)=[>], (1, 0)=[v], (3, 3)=[^], (2, 3)=[v], (1, 4)=[>], (8, 3)=[>], (6, 2)=[◥], (4, 1)=[v, ◥, ◥], (6, 4)=[>]}
16 Jan 2025 22:53:59 GMT Zwierzę poruszyło się z (8, 8) na (9, 8)
16 Jan 2025 22:53:59 GMT Długość listy pozycji: 10
Lista pozycji zwierząt: {(9, 8)=[>], (1, 0)=[v], (3, 3)=[^], (2, 3)=[v], (1, 4)=[>], (8, 3)=[>], (5, 1)=[>], (6, 2)=[◥], (4, 1)=[v, ◥], (6, 4)=[>]}
16 Jan 2025 22:53:59 GMT Zwierzę poruszyło się z (4, 1) na (5, 1)
16 Jan 2025 22:53:59 GMT Długość listy pozycji: 10
Lista pozycji zwierząt: {(9, 8)=[>], (1, 0)=[v], (3, 4)=[^], (2, 3)=[v], (1, 4)=[>], (8, 3)=[>], (5, 1)=[>], (6, 2)=[◥], (4, 1)=[v, ◥], (6, 4)=[>]}
16 Jan 2025 22:53:59 GMT Zwierzę poruszyło się z (3, 3) na (3, 4)
16 Jan 2025 22:53:59 GMT Długość listy pozycji: 10
Lista pozycji zwierząt: {(9, 8)=[>], (1, 0)=[v], (3, 4)=[^], (2, 3)=[v], (1, 4)=[>], (8, 3)=[>], (5, 1)=[>], (6, 2)=[◥], (6, 3)=[v], (4, 1)=[v, ◥]}
16 Jan 2025 22:53:59 GMT Zwierzę poruszyło się z (6, 4) na (6, 3)
16 Jan 2025 22:53:59 GMT Długość listy pozycji: 10
Lista pozycji zwierząt: {(9, 8)=[>], (1, 0)=[v], (3, 4)=[^], (2, 3)=[v], (1, 4)=[>], (7, 2)=[>], (8, 3)=[>], (5, 1)=[>], (6, 3)=[v], (4, 1)=[v, ◥]}
16 Jan 2025 22:53:59 GMT Zwierzę poruszyło się z (6, 2) na (7, 2)
16 Jan 2025 22:54:00 GMT Długość listy pozycji: 10
Lista pozycji zwierząt: {(9, 8)=[>], (1, 0)=[v], (3, 4)=[^], (2, 3)=[v], (1, 4)=[>], (8, 2)=[v], (7, 2)=[>], (5, 1)=[>], (6, 3)=[v], (4, 1)=[v, ◥]}
16 Jan 2025 22:54:00 GMT Zwierzę poruszyło się z (8, 3) na (8, 2)
