16 Jan 2025 22:35:07 GMT Zwierze zostało położone na (4, 3)
16 Jan 2025 22:35:07 GMT Zwierze zostało położone na (2, 7)
16 Jan 2025 22:35:07 GMT Zwierze zostało położone na (2, 8)
16 Jan 2025 22:35:07 GMT Zwierze zostało położone na (4, 8)
16 Jan 2025 22:35:08 GMT Zwierze zostało położone na (3, 2)
16 Jan 2025 22:35:08 GMT Zwierze zostało położone na (2, 8)
16 Jan 2025 22:35:08 GMT Zwierze zostało położone na (9, 7)
16 Jan 2025 22:35:08 GMT Zwierze zostało położone na (9, 4)
16 Jan 2025 22:35:08 GMT Zwierze zostało położone na (9, 3)
16 Jan 2025 22:35:08 GMT Zwierze zostało położone na (8, 9)
16 Jan 2025 22:35:08 GMT Długość listy pozycji: 9
Lista pozycji zwierząt: {(3, 2)=[◣], (8, 9)=[>], (4, 8)=[<], (2, 7)=[◥], (2, 8)=[v, >], (9, 3)=[^], (9, 4)=[^], (4, 2)=[v], (9, 7)=[◣]}
16 Jan 2025 22:35:08 GMT Zwierzę poruszyło się z (4, 3) na (4, 2)
16 Jan 2025 22:35:08 GMT Długość listy pozycji: 9
Lista pozycji zwierząt: {(3, 2)=[◣], (8, 9)=[>], (3, 7)=[>], (4, 8)=[<], (2, 8)=[v, >], (9, 3)=[^], (9, 4)=[^], (4, 2)=[v], (9, 7)=[◣]}
16 Jan 2025 22:35:08 GMT Zwierzę poruszyło się z (2, 7) na (3, 7)
16 Jan 2025 22:35:08 GMT Długość listy pozycji: 10
Lista pozycji zwierząt: {(3, 2)=[◣], (8, 9)=[>], (3, 7)=[>], (4, 8)=[<], (2, 8)=[>], (2, 9)=[^], (9, 3)=[^], (9, 4)=[^], (4, 2)=[v], (9, 7)=[◣]}
16 Jan 2025 22:35:08 GMT Zwierzę poruszyło się z (2, 8) na (2, 9)
16 Jan 2025 22:35:08 GMT Długość listy pozycji: 10
Lista pozycji zwierząt: {(3, 2)=[◣], (8, 9)=[>], (4, 7)=[v], (3, 7)=[>], (2, 8)=[>], (2, 9)=[^], (9, 3)=[^], (9, 4)=[^], (4, 2)=[v], (9, 7)=[◣]}
16 Jan 2025 22:35:08 GMT Zwierzę poruszyło się z (4, 8) na (4, 7)
16 Jan 2025 22:35:08 GMT Długość listy pozycji: 9
Lista pozycji zwierząt: {(8, 9)=[>], (4, 7)=[v], (3, 7)=[>], (2, 8)=[>], (2, 9)=[^], (9, 3)=[^], (9, 4)=[^], (4, 2)=[v, >], (9, 7)=[◣]}
16 Jan 2025 22:35:08 GMT Zwierzę poruszyło się z (3, 2) na (4, 2)
16 Jan 2025 22:35:09 GMT Długość listy pozycji: 9
Lista pozycji zwierząt: {(8, 9)=[>], (4, 7)=[v], (3, 7)=[>], (2, 7)=[v], (2, 9)=[^], (9, 3)=[^], (9, 4)=[^], (4, 2)=[v, >], (9, 7)=[◣]}
16 Jan 2025 22:35:09 GMT Zwierzę poruszyło się z (2, 8) na (2, 7)
16 Jan 2025 22:35:09 GMT Długość listy pozycji: 9
Lista pozycji zwierząt: {(8, 9)=[>], (4, 7)=[v], (3, 7)=[>], (2, 7)=[v], (0, 7)=[>], (2, 9)=[^], (9, 3)=[^], (9, 4)=[^], (4, 2)=[v, >]}
16 Jan 2025 22:35:09 GMT Zwierzę poruszyło się z (9, 7) na (0, 7)
16 Jan 2025 22:35:09 GMT Długość listy pozycji: 9
Lista pozycji zwierząt: {(8, 9)=[>], (4, 7)=[v], (3, 7)=[>], (2, 7)=[v], (0, 7)=[>], (2, 9)=[^], (9, 3)=[^], (9, 5)=[^], (4, 2)=[v, >]}
16 Jan 2025 22:35:09 GMT Zwierzę poruszyło się z (9, 4) na (9, 5)
16 Jan 2025 22:35:09 GMT Długość listy pozycji: 9
Lista pozycji zwierząt: {(8, 9)=[>], (4, 7)=[v], (3, 7)=[>], (2, 7)=[v], (0, 7)=[>], (2, 9)=[^], (9, 4)=[^], (9, 5)=[^], (4, 2)=[v, >]}
16 Jan 2025 22:35:09 GMT Zwierzę poruszyło się z (9, 3) na (9, 4)
16 Jan 2025 22:35:09 GMT Długość listy pozycji: 9
Lista pozycji zwierząt: {(8, 8)=[v], (4, 7)=[v], (3, 7)=[>], (2, 7)=[v], (0, 7)=[>], (2, 9)=[^], (9, 4)=[^], (9, 5)=[^], (4, 2)=[v, >]}
16 Jan 2025 22:35:09 GMT Zwierzę poruszyło się z (8, 9) na (8, 8)
16 Jan 2025 22:35:09 GMT Zwierzę zjadło roślinkę na (9, 5)
16 Jan 2025 22:35:09 GMT Zwierze zostało położone na (4, 2)
16 Jan 2025 22:35:09 GMT Urodziło się nowe zwierzę na (4, 2)
16 Jan 2025 22:35:09 GMT Roślinka wyrosła na (7, 4)
16 Jan 2025 22:35:09 GMT Roślinka wyrosła na (4, 1)
16 Jan 2025 22:35:09 GMT Roślinka wyrosła na (0, 5)
16 Jan 2025 22:35:09 GMT Roślinka wyrosła na (5, 5)
16 Jan 2025 22:35:09 GMT Roślinka wyrosła na (4, 6)
16 Jan 2025 22:35:09 GMT Roślinka wyrosła na (5, 0)
16 Jan 2025 22:35:09 GMT Roślinka wyrosła na (2, 5)
16 Jan 2025 22:35:09 GMT Roślinka wyrosła na (5, 4)
16 Jan 2025 22:35:09 GMT Roślinka wyrosła na (4, 5)
16 Jan 2025 22:35:09 GMT Roślinka wyrosła na (8, 5)
16 Jan 2025 22:35:10 GMT Zwierzę umarło na (4, 2)
16 Jan 2025 22:35:10 GMT Długość listy pozycji: 9
Lista pozycji zwierząt: {(8, 8)=[v], (4, 6)=[◢], (4, 7)=[v], (2, 7)=[v], (0, 7)=[>], (2, 9)=[^], (9, 4)=[^], (9, 5)=[^], (4, 2)=[<, >]}
16 Jan 2025 22:35:10 GMT Zwierzę poruszyło się z (3, 7) na (4, 6)
16 Jan 2025 22:35:10 GMT Długość listy pozycji: 9
Lista pozycji zwierząt: {(8, 8)=[v], (4, 6)=[◢], (4, 7)=[v], (2, 7)=[v], (2, 8)=[v], (0, 7)=[>], (9, 4)=[^], (9, 5)=[^], (4, 2)=[<, >]}
16 Jan 2025 22:35:10 GMT Zwierzę poruszyło się z (2, 9) na (2, 8)
16 Jan 2025 22:35:10 GMT Długość listy pozycji: 9
Lista pozycji zwierząt: {(8, 8)=[v], (5, 7)=[>], (4, 6)=[◢], (2, 7)=[v], (2, 8)=[v], (0, 7)=[>], (9, 4)=[^], (9, 5)=[^], (4, 2)=[<, >]}
16 Jan 2025 22:35:10 GMT Zwierzę poruszyło się z (4, 7) na (5, 7)
16 Jan 2025 22:35:10 GMT Długość listy pozycji: 10
Lista pozycji zwierząt: {(3, 3)=[◤], (8, 8)=[v], (5, 7)=[>], (4, 6)=[◢], (2, 7)=[v], (2, 8)=[v], (0, 7)=[>], (9, 4)=[^], (9, 5)=[^], (4, 2)=[<]}
16 Jan 2025 22:35:10 GMT Zwierzę poruszyło się z (4, 2) na (3, 3)
16 Jan 2025 22:35:10 GMT Długość listy pozycji: 10
Lista pozycji zwierząt: {(3, 3)=[◤], (8, 8)=[v], (5, 7)=[>], (4, 6)=[◢], (1, 7)=[<], (2, 8)=[v], (0, 7)=[>], (9, 4)=[^], (9, 5)=[^], (4, 2)=[<]}
16 Jan 2025 22:35:10 GMT Zwierzę poruszyło się z (2, 7) na (1, 7)
16 Jan 2025 22:35:10 GMT Długość listy pozycji: 10
Lista pozycji zwierząt: {(9, 8)=[◤], (3, 3)=[◤], (8, 8)=[v], (5, 7)=[>], (4, 6)=[◢], (1, 7)=[<], (2, 8)=[v], (9, 4)=[^], (9, 5)=[^], (4, 2)=[<]}
16 Jan 2025 22:35:10 GMT Zwierzę poruszyło się z (0, 7) na (9, 8)
16 Jan 2025 22:35:10 GMT Długość listy pozycji: 10
Lista pozycji zwierząt: {(9, 8)=[◤], (3, 3)=[◤], (8, 8)=[v], (5, 7)=[>], (4, 6)=[◢], (1, 7)=[<], (2, 8)=[v], (9, 4)=[^], (9, 6)=[^], (4, 2)=[<]}
16 Jan 2025 22:35:10 GMT Zwierzę poruszyło się z (9, 5) na (9, 6)
16 Jan 2025 22:35:10 GMT Długość listy pozycji: 10
Lista pozycji zwierząt: {(9, 8)=[◤], (3, 3)=[◤], (8, 8)=[v], (5, 7)=[>], (4, 6)=[◢], (1, 7)=[<], (2, 8)=[v], (9, 5)=[^], (9, 6)=[^], (4, 2)=[<]}
16 Jan 2025 22:35:10 GMT Zwierzę poruszyło się z (9, 4) na (9, 5)
16 Jan 2025 22:35:10 GMT Długość listy pozycji: 10
Lista pozycji zwierząt: {(9, 8)=[◤], (3, 3)=[◤], (7, 8)=[<], (5, 7)=[>], (4, 6)=[◢], (1, 7)=[<], (2, 8)=[v], (9, 5)=[^], (9, 6)=[^], (4, 2)=[<]}
16 Jan 2025 22:35:10 GMT Zwierzę poruszyło się z (8, 8) na (7, 8)
16 Jan 2025 22:35:11 GMT Zwierzę zjadło roślinkę na (4, 6)
16 Jan 2025 22:35:11 GMT Roślinka wyrosła na (1, 6)
16 Jan 2025 22:35:11 GMT Roślinka wyrosła na (6, 6)
16 Jan 2025 22:35:11 GMT Roślinka wyrosła na (9, 6)
16 Jan 2025 22:35:11 GMT Roślinka wyrosła na (8, 6)
16 Jan 2025 22:35:11 GMT Roślinka wyrosła na (0, 6)
16 Jan 2025 22:35:11 GMT Roślinka wyrosła na (4, 2)
16 Jan 2025 22:35:11 GMT Roślinka wyrosła na (2, 9)
16 Jan 2025 22:35:11 GMT Roślinka wyrosła na (9, 8)
16 Jan 2025 22:35:11 GMT Roślinka wyrosła na (4, 3)
16 Jan 2025 22:35:11 GMT Roślinka wyrosła na (1, 2)
16 Jan 2025 22:35:11 GMT Długość listy pozycji: 10
Lista pozycji zwierząt: {(9, 8)=[◤], (3, 3)=[◤], (4, 5)=[v], (7, 8)=[<], (5, 7)=[>], (1, 7)=[<], (2, 8)=[v], (9, 5)=[^], (9, 6)=[^], (4, 2)=[<]}
16 Jan 2025 22:35:11 GMT Zwierzę poruszyło się z (4, 6) na (4, 5)
16 Jan 2025 22:35:11 GMT Długość listy pozycji: 10
Lista pozycji zwierząt: {(9, 8)=[◤], (3, 3)=[◤], (4, 5)=[v], (7, 8)=[<], (5, 7)=[>], (1, 7)=[<], (2, 9)=[^], (9, 5)=[^], (9, 6)=[^], (4, 2)=[<]}
16 Jan 2025 22:35:11 GMT Zwierzę poruszyło się z (2, 8) na (2, 9)
16 Jan 2025 22:35:11 GMT Długość listy pozycji: 10
Lista pozycji zwierząt: {(9, 8)=[◤], (3, 3)=[◤], (4, 5)=[v], (7, 8)=[<], (5, 8)=[^], (1, 7)=[<], (2, 9)=[^], (9, 5)=[^], (9, 6)=[^], (4, 2)=[<]}
16 Jan 2025 22:35:11 GMT Zwierzę poruszyło się z (5, 7) na (5, 8)
16 Jan 2025 22:35:11 GMT Długość listy pozycji: 10
Lista pozycji zwierząt: {(3, 2)=[v], (9, 8)=[◤], (4, 5)=[v], (7, 8)=[<], (5, 8)=[^], (1, 7)=[<], (2, 9)=[^], (9, 5)=[^], (9, 6)=[^], (4, 2)=[<]}
16 Jan 2025 22:35:11 GMT Zwierzę poruszyło się z (3, 3) na (3, 2)
16 Jan 2025 22:35:11 GMT Długość listy pozycji: 10
Lista pozycji zwierząt: {(3, 2)=[v], (9, 8)=[◤], (4, 5)=[v], (7, 8)=[<], (5, 8)=[^], (1, 8)=[^], (2, 9)=[^], (9, 5)=[^], (9, 6)=[^], (4, 2)=[<]}
16 Jan 2025 22:35:11 GMT Zwierzę poruszyło się z (1, 7) na (1, 8)
16 Jan 2025 22:35:12 GMT Długość listy pozycji: 10
Lista pozycji zwierząt: {(3, 2)=[v], (4, 5)=[v], (7, 8)=[<], (5, 8)=[^], (1, 8)=[^], (2, 9)=[^], (9, 5)=[^], (9, 6)=[^], (9, 7)=[v], (4, 2)=[<]}
16 Jan 2025 22:35:12 GMT Zwierzę poruszyło się z (9, 8) na (9, 7)
16 Jan 2025 22:35:12 GMT Długość listy pozycji: 9
Lista pozycji zwierząt: {(3, 2)=[v], (4, 5)=[v], (7, 8)=[<], (5, 8)=[^], (1, 8)=[^], (2, 9)=[^], (9, 5)=[^], (9, 7)=[^, v], (4, 2)=[<]}
16 Jan 2025 22:35:12 GMT Zwierzę poruszyło się z (9, 6) na (9, 7)
16 Jan 2025 22:35:12 GMT Długość listy pozycji: 9
Lista pozycji zwierząt: {(3, 2)=[v], (4, 5)=[v], (7, 8)=[<], (5, 8)=[^], (1, 8)=[^], (2, 9)=[^], (9, 6)=[^], (9, 7)=[^, v], (4, 2)=[<]}
16 Jan 2025 22:35:12 GMT Zwierzę poruszyło się z (9, 5) na (9, 6)
16 Jan 2025 22:35:12 GMT Długość listy pozycji: 9
Lista pozycji zwierząt: {(3, 2)=[v], (4, 5)=[v], (7, 9)=[^], (5, 8)=[^], (1, 8)=[^], (2, 9)=[^], (9, 6)=[^], (9, 7)=[^, v], (4, 2)=[<]}
16 Jan 2025 22:35:12 GMT Zwierzę poruszyło się z (7, 8) na (7, 9)
16 Jan 2025 22:35:12 GMT Zwierzę zjadło roślinkę na (4, 5)
16 Jan 2025 22:35:12 GMT Zwierzę zjadło roślinkę na (2, 9)
16 Jan 2025 22:35:12 GMT Zwierzę zjadło roślinkę na (9, 6)
16 Jan 2025 22:35:12 GMT Zwierzę zjadło roślinkę na (4, 2)
16 Jan 2025 22:35:12 GMT Zwierze zostało położone na (9, 7)
16 Jan 2025 22:35:12 GMT Urodziło się nowe zwierzę na (9, 7)
16 Jan 2025 22:35:12 GMT Roślinka wyrosła na (7, 0)
16 Jan 2025 22:35:12 GMT Roślinka wyrosła na (6, 3)
16 Jan 2025 22:35:12 GMT Roślinka wyrosła na (1, 3)
16 Jan 2025 22:35:12 GMT Roślinka wyrosła na (5, 9)
16 Jan 2025 22:35:12 GMT Roślinka wyrosła na (5, 2)
16 Jan 2025 22:35:12 GMT Roślinka wyrosła na (2, 0)
16 Jan 2025 22:35:12 GMT Roślinka wyrosła na (3, 7)
16 Jan 2025 22:35:12 GMT Roślinka wyrosła na (0, 8)
16 Jan 2025 22:35:12 GMT Roślinka wyrosła na (6, 8)
16 Jan 2025 22:35:12 GMT Roślinka wyrosła na (8, 1)
16 Jan 2025 22:35:12 GMT Zwierzę umarło na (9, 7)
16 Jan 2025 22:35:13 GMT Długość listy pozycji: 9
Lista pozycji zwierząt: {(3, 2)=[v], (3, 4)=[◣], (7, 9)=[^], (5, 8)=[^], (1, 8)=[^], (2, 9)=[^], (9, 6)=[^], (9, 7)=[◥, v], (4, 2)=[<]}
16 Jan 2025 22:35:13 GMT Zwierzę poruszyło się z (4, 5) na (3, 4)
16 Jan 2025 22:35:13 GMT Długość listy pozycji: 9
Lista pozycji zwierząt: {(3, 2)=[v], (3, 4)=[◣], (7, 9)=[^], (5, 8)=[^], (2, 8)=[v], (1, 8)=[^], (9, 6)=[^], (9, 7)=[◥, v], (4, 2)=[<]}
16 Jan 2025 22:35:13 GMT Zwierzę poruszyło się z (2, 9) na (2, 8)
16 Jan 2025 22:35:13 GMT Długość listy pozycji: 9
Lista pozycji zwierząt: {(3, 2)=[v], (3, 4)=[◣], (7, 9)=[^], (4, 8)=[<], (2, 8)=[v], (1, 8)=[^], (9, 6)=[^], (9, 7)=[◥, v], (4, 2)=[<]}
16 Jan 2025 22:35:13 GMT Zwierzę poruszyło się z (5, 8) na (4, 8)
16 Jan 2025 22:35:13 GMT Długość listy pozycji: 9
Lista pozycji zwierząt: {(4, 3)=[◥], (3, 4)=[◣], (7, 9)=[^], (4, 8)=[<], (2, 8)=[v], (1, 8)=[^], (9, 6)=[^], (9, 7)=[◥, v], (4, 2)=[<]}
16 Jan 2025 22:35:13 GMT Zwierzę poruszyło się z (3, 2) na (4, 3)
16 Jan 2025 22:35:13 GMT Długość listy pozycji: 8
Lista pozycji zwierząt: {(4, 3)=[◥], (3, 4)=[◣], (7, 9)=[^], (4, 8)=[<], (2, 8)=[v, >], (9, 6)=[^], (9, 7)=[◥, v], (4, 2)=[<]}
16 Jan 2025 22:35:13 GMT Zwierzę poruszyło się z (1, 8) na (2, 8)
16 Jan 2025 22:35:13 GMT Długość listy pozycji: 9
Lista pozycji zwierząt: {(4, 3)=[◥], (3, 4)=[◣], (7, 9)=[^], (4, 8)=[<], (2, 8)=[v, >], (0, 8)=[◥], (9, 6)=[^], (9, 7)=[◥], (4, 2)=[<]}
16 Jan 2025 22:35:13 GMT Zwierzę poruszyło się z (9, 7) na (0, 8)
16 Jan 2025 22:35:13 GMT Długość listy pozycji: 8
Lista pozycji zwierząt: {(4, 3)=[◥], (3, 4)=[◣], (7, 9)=[^], (4, 8)=[<], (2, 8)=[v, >], (0, 8)=[◥], (9, 7)=[◥, ^], (4, 2)=[<]}
16 Jan 2025 22:35:13 GMT Zwierzę poruszyło się z (9, 6) na (9, 7)
16 Jan 2025 22:35:13 GMT Długość listy pozycji: 8
Lista pozycji zwierząt: {(4, 3)=[◥], (8, 9)=[>], (3, 4)=[◣], (4, 8)=[<], (2, 8)=[v, >], (0, 8)=[◥], (9, 7)=[◥, ^], (4, 2)=[<]}
16 Jan 2025 22:35:13 GMT Zwierzę poruszyło się z (7, 9) na (8, 9)
16 Jan 2025 22:35:13 GMT Zwierzę zjadło roślinkę na (4, 3)
16 Jan 2025 22:35:13 GMT Zwierzę zjadło roślinkę na (0, 8)
16 Jan 2025 22:35:14 GMT Zwierze zostało położone na (2, 8)
16 Jan 2025 22:35:14 GMT Urodziło się nowe zwierzę na (2, 8)
16 Jan 2025 22:35:14 GMT Zwierze zostało położone na (9, 7)
16 Jan 2025 22:35:14 GMT Urodziło się nowe zwierzę na (9, 7)
16 Jan 2025 22:35:14 GMT Roślinka wyrosła na (7, 8)
16 Jan 2025 22:35:14 GMT Roślinka wyrosła na (1, 9)
16 Jan 2025 22:35:14 GMT Roślinka wyrosła na (5, 3)
16 Jan 2025 22:35:14 GMT Roślinka wyrosła na (2, 8)
16 Jan 2025 22:35:14 GMT Roślinka wyrosła na (1, 1)
16 Jan 2025 22:35:14 GMT Roślinka wyrosła na (2, 7)
16 Jan 2025 22:35:14 GMT Roślinka wyrosła na (4, 8)
16 Jan 2025 22:35:14 GMT Roślinka wyrosła na (8, 8)
16 Jan 2025 22:35:14 GMT Roślinka wyrosła na (1, 0)
16 Jan 2025 22:35:14 GMT Roślinka wyrosła na (9, 9)
16 Jan 2025 22:35:14 GMT Zwierzę umarło na (2, 8)
16 Jan 2025 22:35:14 GMT Długość listy pozycji: 8
Lista pozycji zwierząt: {(4, 3)=[◥], (8, 9)=[>], (2, 4)=[<], (4, 8)=[<], (2, 8)=[◢, >], (0, 8)=[◥], (9, 7)=[<, ◥, ^], (4, 2)=[<]}
16 Jan 2025 22:35:14 GMT Zwierzę poruszyło się z (3, 4) na (2, 4)
16 Jan 2025 22:35:14 GMT Długość listy pozycji: 8
Lista pozycji zwierząt: {(4, 3)=[◥], (8, 9)=[>], (2, 4)=[<], (4, 7)=[v], (2, 8)=[◢, >], (0, 8)=[◥], (9, 7)=[<, ◥, ^], (4, 2)=[<]}
16 Jan 2025 22:35:14 GMT Zwierzę poruszyło się z (4, 8) na (4, 7)
16 Jan 2025 22:35:14 GMT Długość listy pozycji: 8
Lista pozycji zwierząt: {(3, 3)=[<], (8, 9)=[>], (2, 4)=[<], (4, 7)=[v], (2, 8)=[◢, >], (0, 8)=[◥], (9, 7)=[<, ◥, ^], (4, 2)=[<]}
16 Jan 2025 22:35:14 GMT Zwierzę poruszyło się z (4, 3) na (3, 3)
16 Jan 2025 22:35:14 GMT Długość listy pozycji: 9
Lista pozycji zwierząt: {(3, 3)=[<], (8, 9)=[>], (2, 4)=[<], (4, 7)=[v], (2, 7)=[v], (2, 8)=[◢], (0, 8)=[◥], (9, 7)=[<, ◥, ^], (4, 2)=[<]}
16 Jan 2025 22:35:14 GMT Zwierzę poruszyło się z (2, 8) na (2, 7)
16 Jan 2025 22:35:14 GMT Długość listy pozycji: 9
Lista pozycji zwierząt: {(9, 8)=[<], (3, 3)=[<], (8, 9)=[>], (2, 4)=[<], (4, 7)=[v], (2, 7)=[v], (2, 8)=[◢], (9, 7)=[<, ◥, ^], (4, 2)=[<]}
16 Jan 2025 22:35:14 GMT Zwierzę poruszyło się z (0, 8) na (9, 8)
16 Jan 2025 22:35:15 GMT Długość listy pozycji: 9
Lista pozycji zwierząt: {(9, 8)=[<, ^], (3, 3)=[<], (8, 9)=[>], (2, 4)=[<], (4, 7)=[v], (2, 7)=[v], (2, 8)=[◢], (9, 7)=[<, ◥, ^], (4, 2)=[<]}
16 Jan 2025 22:35:15 GMT Zwierzę poruszyło się z (9, 7) na (9, 8)
16 Jan 2025 22:35:15 GMT Długość listy pozycji: 9
Lista pozycji zwierząt: {(9, 8)=[<, ^], (8, 8)=[v], (3, 3)=[<], (2, 4)=[<], (4, 7)=[v], (2, 7)=[v], (2, 8)=[◢], (9, 7)=[<, ◥, ^], (4, 2)=[<]}
16 Jan 2025 22:35:15 GMT Zwierzę poruszyło się z (8, 9) na (8, 8)
16 Jan 2025 22:35:15 GMT Zwierzę zjadło roślinkę na (9, 8)
16 Jan 2025 22:35:15 GMT Zwierzę zjadło roślinkę na (8, 8)
16 Jan 2025 22:35:15 GMT Zwierzę zjadło roślinkę na (2, 7)
16 Jan 2025 22:35:15 GMT Zwierzę zjadło roślinkę na (2, 8)
16 Jan 2025 22:35:15 GMT Zwierze zostało położone na (9, 8)
16 Jan 2025 22:35:15 GMT Urodziło się nowe zwierzę na (9, 8)
16 Jan 2025 22:35:15 GMT Zwierze zostało położone na (9, 7)
16 Jan 2025 22:35:15 GMT Urodziło się nowe zwierzę na (9, 7)
16 Jan 2025 22:35:15 GMT Roślinka wyrosła na (6, 1)
16 Jan 2025 22:35:15 GMT Roślinka wyrosła na (6, 9)
16 Jan 2025 22:35:15 GMT Roślinka wyrosła na (7, 1)
16 Jan 2025 22:35:15 GMT Roślinka wyrosła na (9, 1)
16 Jan 2025 22:35:15 GMT Roślinka wyrosła na (0, 3)
16 Jan 2025 22:35:15 GMT Roślinka wyrosła na (6, 7)
16 Jan 2025 22:35:15 GMT Roślinka wyrosła na (8, 3)
16 Jan 2025 22:35:15 GMT Roślinka wyrosła na (3, 2)
16 Jan 2025 22:35:15 GMT Roślinka wyrosła na (1, 4)
16 Jan 2025 22:35:15 GMT Roślinka wyrosła na (4, 4)
16 Jan 2025 22:35:15 GMT Długość listy pozycji: 9
Lista pozycji zwierząt: {(9, 8)=[◢, <, ^], (8, 8)=[v], (3, 3)=[<], (4, 7)=[v], (1, 5)=[◤], (2, 7)=[v], (2, 8)=[◢], (9, 7)=[◥, <, ◥, ^], (4, 2)=[<]}
16 Jan 2025 22:35:15 GMT Zwierzę poruszyło się z (2, 4) na (1, 5)
16 Jan 2025 22:35:15 GMT Długość listy pozycji: 9
Lista pozycji zwierząt: {(9, 8)=[◢, <, ^], (8, 8)=[v], (3, 3)=[<], (5, 7)=[>], (1, 5)=[◤], (2, 7)=[v], (2, 8)=[◢], (9, 7)=[◥, <, ◥, ^], (4, 2)=[<]}
16 Jan 2025 22:35:15 GMT Zwierzę poruszyło się z (4, 7) na (5, 7)
16 Jan 2025 22:35:16 GMT Długość listy pozycji: 8
Lista pozycji zwierząt: {(9, 8)=[◢, <, ^], (8, 8)=[v], (5, 7)=[>], (1, 5)=[◤], (2, 7)=[v], (2, 8)=[◢], (9, 7)=[◥, <, ◥, ^], (4, 2)=[<, ◢]}
16 Jan 2025 22:35:16 GMT Zwierzę poruszyło się z (3, 3) na (4, 2)
16 Jan 2025 22:35:16 GMT Długość listy pozycji: 8
Lista pozycji zwierząt: {(9, 8)=[◢, <, ^], (8, 8)=[v], (5, 7)=[>], (1, 5)=[◤], (1, 7)=[<], (2, 8)=[◢], (9, 7)=[◥, <, ◥, ^], (4, 2)=[<, ◢]}
16 Jan 2025 22:35:16 GMT Zwierzę poruszyło się z (2, 7) na (1, 7)
16 Jan 2025 22:35:16 GMT Długość listy pozycji: 9
Lista pozycji zwierząt: {(9, 8)=[◢, ^], (8, 8)=[v], (5, 7)=[>], (1, 5)=[◤], (1, 7)=[<], (2, 8)=[◢], (0, 7)=[◢], (9, 7)=[◥, <, ◥, ^], (4, 2)=[<, ◢]}
16 Jan 2025 22:35:16 GMT Zwierzę poruszyło się z (9, 8) na (0, 7)
16 Jan 2025 22:35:16 GMT Długość listy pozycji: 10
Lista pozycji zwierząt: {(9, 8)=[◢], (9, 9)=[^], (8, 8)=[v], (5, 7)=[>], (1, 5)=[◤], (1, 7)=[<], (2, 8)=[◢], (0, 7)=[◢], (9, 7)=[◥, <, ◥, ^], (4, 2)=[<, ◢]}
16 Jan 2025 22:35:16 GMT Zwierzę poruszyło się z (9, 8) na (9, 9)
16 Jan 2025 22:35:16 GMT Długość listy pozycji: 10
Lista pozycji zwierząt: {(9, 8)=[◢], (9, 9)=[^], (7, 8)=[<], (5, 7)=[>], (1, 5)=[◤], (1, 7)=[<], (2, 8)=[◢], (0, 7)=[◢], (9, 7)=[◥, <, ◥, ^], (4, 2)=[<, ◢]}
16 Jan 2025 22:35:16 GMT Zwierzę poruszyło się z (8, 8) na (7, 8)
16 Jan 2025 22:35:16 GMT Zwierzę zjadło roślinkę na (9, 9)
16 Jan 2025 22:35:16 GMT Zwierzę zjadło roślinkę na (7, 8)
16 Jan 2025 22:35:16 GMT Zwierzę zjadło roślinkę na (1, 5)
16 Jan 2025 22:35:16 GMT Zwierze zostało położone na (9, 7)
16 Jan 2025 22:35:16 GMT Urodziło się nowe zwierzę na (9, 7)
16 Jan 2025 22:35:17 GMT Zwierze zostało położone na (4, 2)
16 Jan 2025 22:35:17 GMT Urodziło się nowe zwierzę na (4, 2)
16 Jan 2025 22:35:17 GMT Roślinka wyrosła na (3, 1)
16 Jan 2025 22:35:17 GMT Roślinka wyrosła na (5, 1)
16 Jan 2025 22:35:17 GMT Roślinka wyrosła na (7, 2)
16 Jan 2025 22:35:17 GMT Roślinka wyrosła na (3, 0)
16 Jan 2025 22:35:17 GMT Roślinka wyrosła na (3, 3)
16 Jan 2025 22:35:17 GMT Roślinka wyrosła na (8, 7)
16 Jan 2025 22:35:17 GMT Roślinka wyrosła na (7, 7)
16 Jan 2025 22:35:17 GMT Roślinka wyrosła na (6, 2)
16 Jan 2025 22:35:17 GMT Roślinka wyrosła na (5, 8)
16 Jan 2025 22:35:17 GMT Roślinka wyrosła na (9, 3)
16 Jan 2025 22:35:17 GMT Długość listy pozycji: 10
Lista pozycji zwierząt: {(9, 8)=[◢], (9, 9)=[^], (7, 8)=[<], (5, 7)=[>], (1, 6)=[^], (1, 7)=[<], (2, 8)=[◢], (0, 7)=[◢], (9, 7)=[>, ◥, <, ◥, ^], (4, 2)=[v, <, ◢]}
16 Jan 2025 22:35:17 GMT Zwierzę poruszyło się z (1, 5) na (1, 6)
16 Jan 2025 22:35:17 GMT Długość listy pozycji: 10
Lista pozycji zwierząt: {(9, 8)=[◢], (9, 9)=[^], (7, 8)=[<], (5, 8)=[^], (1, 6)=[^], (1, 7)=[<], (2, 8)=[◢], (0, 7)=[◢], (9, 7)=[>, ◥, <, ◥, ^], (4, 2)=[v, <, ◢]}
16 Jan 2025 22:35:17 GMT Zwierzę poruszyło się z (5, 7) na (5, 8)
16 Jan 2025 22:35:17 GMT Długość listy pozycji: 11
Lista pozycji zwierząt: {(4, 3)=[^], (9, 8)=[◢], (9, 9)=[^], (7, 8)=[<], (5, 8)=[^], (1, 6)=[^], (1, 7)=[<], (2, 8)=[◢], (0, 7)=[◢], (9, 7)=[>, ◥, <, ◥, ^], (4, 2)=[v, <, ^]}
16 Jan 2025 22:35:17 GMT Zwierzę poruszyło się z (4, 2) na (4, 3)
16 Jan 2025 22:35:17 GMT Długość listy pozycji: 11
Lista pozycji zwierząt: {(4, 3)=[^], (9, 8)=[◢], (9, 9)=[^], (7, 8)=[<], (5, 8)=[^], (1, 6)=[^], (2, 8)=[◢], (1, 8)=[^], (0, 7)=[◢], (9, 7)=[>, ◥, <, ◥, ^], (4, 2)=[v, <, ^]}
16 Jan 2025 22:35:17 GMT Zwierzę poruszyło się z (1, 7) na (1, 8)
16 Jan 2025 22:35:17 GMT Długość listy pozycji: 11
Lista pozycji zwierząt: {(4, 3)=[^], (9, 8)=[◢], (9, 9)=[^], (7, 8)=[<], (5, 8)=[^], (1, 6)=[^], (2, 8)=[◢], (1, 8)=[^], (0, 8)=[^], (9, 7)=[>, ◥, <, ◥, ^], (4, 2)=[v, <, ^]}
16 Jan 2025 22:35:17 GMT Zwierzę poruszyło się z (0, 7) na (0, 8)
16 Jan 2025 22:35:18 GMT Długość listy pozycji: 11
Lista pozycji zwierząt: {(4, 3)=[^], (9, 8)=[◢], (9, 9)=[v], (7, 8)=[<], (5, 8)=[^], (1, 6)=[^], (2, 8)=[◢], (1, 8)=[^], (0, 8)=[^], (9, 7)=[>, ◥, <, ◥, v], (4, 2)=[v, <, ^]}
16 Jan 2025 22:35:18 GMT Zwierzę poruszyło się z (9, 9) na (9, 9)
16 Jan 2025 22:35:18 GMT Długość listy pozycji: 11
Lista pozycji zwierząt: {(4, 3)=[^], (9, 8)=[◢], (9, 9)=[v], (7, 9)=[^], (5, 8)=[^], (1, 6)=[^], (2, 8)=[◢], (1, 8)=[^], (0, 8)=[^], (9, 7)=[>, ◥, <, ◥, v], (4, 2)=[v, <, ^]}
16 Jan 2025 22:35:18 GMT Zwierzę poruszyło się z (7, 8) na (7, 9)
16 Jan 2025 22:35:18 GMT Zwierzę zjadło roślinkę na (5, 8)
16 Jan 2025 22:35:18 GMT Zwierzę zjadło roślinkę na (1, 6)
16 Jan 2025 22:35:18 GMT Zwierze zostało położone na (9, 7)
16 Jan 2025 22:35:18 GMT Urodziło się nowe zwierzę na (9, 7)
16 Jan 2025 22:35:18 GMT Zwierze zostało położone na (4, 2)
16 Jan 2025 22:35:18 GMT Urodziło się nowe zwierzę na (4, 2)
16 Jan 2025 22:35:18 GMT Roślinka wyrosła na (8, 9)
16 Jan 2025 22:35:18 GMT Roślinka wyrosła na (9, 4)
16 Jan 2025 22:35:18 GMT Roślinka wyrosła na (1, 8)
16 Jan 2025 22:35:18 GMT Roślinka wyrosła na (2, 3)
16 Jan 2025 22:35:18 GMT Roślinka wyrosła na (7, 9)
16 Jan 2025 22:35:18 GMT Roślinka wyrosła na (3, 8)
16 Jan 2025 22:35:18 GMT Roślinka wyrosła na (0, 9)
16 Jan 2025 22:35:18 GMT Roślinka wyrosła na (4, 9)
16 Jan 2025 22:35:18 GMT Roślinka wyrosła na (6, 0)
16 Jan 2025 22:35:18 GMT Roślinka wyrosła na (9, 2)
16 Jan 2025 22:35:19 GMT Długość listy pozycji: 11
Lista pozycji zwierząt: {(4, 3)=[^], (9, 8)=[◢], (9, 9)=[v], (7, 9)=[^], (5, 8)=[^], (2, 7)=[◥], (2, 8)=[◢], (1, 8)=[^], (0, 8)=[^], (9, 7)=[◥, >, ◥, <, ◥, v], (4, 2)=[◢, v, <, ^]}
16 Jan 2025 22:35:19 GMT Zwierzę poruszyło się z (1, 6) na (2, 7)
16 Jan 2025 22:35:19 GMT Długość listy pozycji: 11
Lista pozycji zwierząt: {(4, 3)=[^], (9, 8)=[◢], (9, 9)=[v], (7, 9)=[^], (4, 8)=[<], (2, 7)=[◥], (2, 8)=[◢], (1, 8)=[^], (0, 8)=[^], (9, 7)=[◥, >, ◥, <, ◥, v], (4, 2)=[◢, v, <, ^]}
16 Jan 2025 22:35:19 GMT Zwierzę poruszyło się z (5, 8) na (4, 8)
16 Jan 2025 22:35:19 GMT Długość listy pozycji: 11
Lista pozycji zwierząt: {(3, 2)=[◣], (9, 8)=[◢], (9, 9)=[v], (7, 9)=[^], (4, 8)=[<], (2, 7)=[◥], (2, 8)=[◢], (1, 8)=[^], (0, 8)=[^], (9, 7)=[◥, >, ◥, <, ◥, v], (4, 2)=[◢, v, <, ◣]}
16 Jan 2025 22:35:19 GMT Zwierzę poruszyło się z (4, 3) na (3, 2)
16 Jan 2025 22:35:19 GMT Długość listy pozycji: 10
Lista pozycji zwierząt: {(3, 2)=[◣], (9, 8)=[◢], (9, 9)=[v], (7, 9)=[^], (4, 8)=[<], (2, 7)=[◥], (2, 8)=[◢, >], (0, 8)=[^], (9, 7)=[◥, >, ◥, <, ◥, v], (4, 2)=[◢, v, <, ◣]}
16 Jan 2025 22:35:19 GMT Zwierzę poruszyło się z (1, 8) na (2, 8)
16 Jan 2025 22:35:19 GMT Długość listy pozycji: 9
Lista pozycji zwierząt: {(3, 2)=[◣], (9, 8)=[◢], (9, 9)=[v], (7, 9)=[^], (4, 8)=[<], (2, 7)=[◥], (2, 8)=[◢, >], (9, 7)=[◥, ◣, >, ◥, <, ◥, v], (4, 2)=[◢, v, <, ◣]}
16 Jan 2025 22:35:19 GMT Zwierzę poruszyło się z (0, 8) na (9, 7)
16 Jan 2025 22:35:19 GMT Długość listy pozycji: 8
Lista pozycji zwierząt: {(3, 2)=[◣], (9, 8)=[v, ◢], (7, 9)=[^], (4, 8)=[<], (2, 7)=[◥], (2, 8)=[◢, >], (9, 7)=[◥, ◣, >, ◥, <, ◥, v], (4, 2)=[◢, v, <, ◣]}
16 Jan 2025 22:35:19 GMT Zwierzę poruszyło się z (9, 9) na (9, 8)
16 Jan 2025 22:35:19 GMT Długość listy pozycji: 8
Lista pozycji zwierząt: {(3, 2)=[◣], (9, 8)=[v, ◢], (8, 9)=[>], (4, 8)=[<], (2, 7)=[◥], (2, 8)=[◢, >], (9, 7)=[◥, ◣, >, ◥, <, ◥, v], (4, 2)=[◢, v, <, ◣]}
16 Jan 2025 22:35:19 GMT Zwierzę poruszyło się z (7, 9) na (8, 9)
16 Jan 2025 22:35:19 GMT Zwierzę zjadło roślinkę na (3, 2)
16 Jan 2025 22:35:19 GMT Zwierzę zjadło roślinkę na (8, 9)
16 Jan 2025 22:35:19 GMT Zwierzę zjadło roślinkę na (4, 8)
16 Jan 2025 22:35:19 GMT Zwierze zostało położone na (9, 8)
16 Jan 2025 22:35:19 GMT Urodziło się nowe zwierzę na (9, 8)
16 Jan 2025 22:35:20 GMT Zwierze zostało położone na (2, 8)
16 Jan 2025 22:35:20 GMT Urodziło się nowe zwierzę na (2, 8)
16 Jan 2025 22:35:20 GMT Zwierze zostało położone na (9, 7)
16 Jan 2025 22:35:20 GMT Urodziło się nowe zwierzę na (9, 7)
16 Jan 2025 22:35:20 GMT Zwierze zostało położone na (4, 2)
16 Jan 2025 22:35:20 GMT Urodziło się nowe zwierzę na (4, 2)
16 Jan 2025 22:35:20 GMT Roślinka wyrosła na (2, 2)
16 Jan 2025 22:35:20 GMT Roślinka wyrosła na (8, 2)
16 Jan 2025 22:35:20 GMT Roślinka wyrosła na (4, 7)
16 Jan 2025 22:35:20 GMT Roślinka wyrosła na (9, 7)
16 Jan 2025 22:35:20 GMT Roślinka wyrosła na (0, 7)
16 Jan 2025 22:35:20 GMT Roślinka wyrosła na (3, 4)
16 Jan 2025 22:35:20 GMT Roślinka wyrosła na (4, 0)
16 Jan 2025 22:35:20 GMT Roślinka wyrosła na (8, 4)
16 Jan 2025 22:35:20 GMT Roślinka wyrosła na (0, 1)
16 Jan 2025 22:35:20 GMT Roślinka wyrosła na (0, 2)
16 Jan 2025 22:35:20 GMT Długość listy pozycji: 8
Lista pozycji zwierząt: {(3, 2)=[◣], (9, 8)=[v, ◢, ◥], (8, 9)=[>], (3, 7)=[>], (4, 8)=[<], (2, 8)=[<, ◢, >], (9, 7)=[<, ◥, ◣, >, ◥, <, ◥, v], (4, 2)=[◢, ◢, v, <, ◣]}
16 Jan 2025 22:35:20 GMT Zwierzę poruszyło się z (2, 7) na (3, 7)
16 Jan 2025 22:35:20 GMT Długość listy pozycji: 8
Lista pozycji zwierząt: {(3, 2)=[◣], (9, 8)=[v, ◢, ◥], (8, 9)=[>], (4, 7)=[v], (3, 7)=[>], (2, 8)=[<, ◢, >], (9, 7)=[<, ◥, ◣, >, ◥, <, ◥, v], (4, 2)=[◢, ◢, v, <, ◣]}
16 Jan 2025 22:35:20 GMT Zwierzę poruszyło się z (4, 8) na (4, 7)
16 Jan 2025 22:35:20 GMT Długość listy pozycji: 7
Lista pozycji zwierząt: {(9, 8)=[v, ◢, ◥], (8, 9)=[>], (4, 7)=[v], (3, 7)=[>], (2, 8)=[<, ◢, >], (9, 7)=[<, ◥, ◣, >, ◥, <, ◥, v], (4, 2)=[>, ◢, ◢, v, <, >]}
16 Jan 2025 22:35:20 GMT Zwierzę poruszyło się z (3, 2) na (4, 2)
16 Jan 2025 22:35:20 GMT Długość listy pozycji: 8
Lista pozycji zwierząt: {(9, 8)=[v, ◢, ◥], (8, 9)=[>], (4, 7)=[v], (3, 7)=[>], (2, 7)=[v], (2, 8)=[<, ◢, v], (9, 7)=[<, ◥, ◣, >, ◥, <, ◥, v], (4, 2)=[>, ◢, ◢, v, <, >]}
16 Jan 2025 22:35:20 GMT Zwierzę poruszyło się z (2, 8) na (2, 7)
16 Jan 2025 22:35:20 GMT Długość listy pozycji: 9
Lista pozycji zwierząt: {(9, 8)=[v, ◢, ◥], (8, 9)=[>], (4, 7)=[v], (3, 7)=[>], (2, 7)=[v], (2, 8)=[<, ◢, v], (0, 7)=[>], (9, 7)=[<, ◥, >, ◥, <, ◥, v], (4, 2)=[>, ◢, ◢, v, <, >]}
16 Jan 2025 22:35:20 GMT Zwierzę poruszyło się z (9, 7) na (0, 7)
16 Jan 2025 22:35:21 GMT Długość listy pozycji: 9
Lista pozycji zwierząt: {(9, 8)=[v, ◢, ◥], (8, 9)=[>], (4, 7)=[v], (3, 7)=[>], (2, 7)=[v], (2, 8)=[<, ◢, v], (0, 7)=[>], (9, 7)=[<, v, ◥, >, ◥, <, ◥, v], (4, 2)=[>, ◢, ◢, v, <, >]}
16 Jan 2025 22:35:21 GMT Zwierzę poruszyło się z (9, 8) na (9, 7)
16 Jan 2025 22:35:21 GMT Długość listy pozycji: 9
Lista pozycji zwierząt: {(9, 8)=[v, ◢, ◥], (8, 8)=[v], (4, 7)=[v], (3, 7)=[>], (2, 7)=[v], (2, 8)=[<, ◢, v], (0, 7)=[>], (9, 7)=[<, v, ◥, >, ◥, <, ◥, v], (4, 2)=[>, ◢, ◢, v, <, >]}
16 Jan 2025 22:35:21 GMT Zwierzę poruszyło się z (8, 9) na (8, 8)
16 Jan 2025 22:35:21 GMT Zwierzę zjadło roślinkę na (4, 7)
16 Jan 2025 22:35:21 GMT Zwierzę zjadło roślinkę na (3, 7)
16 Jan 2025 22:35:21 GMT Zwierzę zjadło roślinkę na (0, 7)
16 Jan 2025 22:35:21 GMT Zwierzę zjadło roślinkę na (9, 7)
16 Jan 2025 22:35:21 GMT Zwierze zostało położone na (9, 8)
16 Jan 2025 22:35:21 GMT Urodziło się nowe zwierzę na (9, 8)
16 Jan 2025 22:35:21 GMT Zwierze zostało położone na (2, 8)
16 Jan 2025 22:35:21 GMT Urodziło się nowe zwierzę na (2, 8)
16 Jan 2025 22:35:21 GMT Zwierze zostało położone na (9, 7)
16 Jan 2025 22:35:21 GMT Urodziło się nowe zwierzę na (9, 7)
16 Jan 2025 22:35:21 GMT Zwierze zostało położone na (4, 2)
16 Jan 2025 22:35:21 GMT Urodziło się nowe zwierzę na (4, 2)
16 Jan 2025 22:35:21 GMT Roślinka wyrosła na (7, 3)
16 Jan 2025 22:35:21 GMT Roślinka wyrosła na (5, 7)
16 Jan 2025 22:35:21 GMT Roślinka wyrosła na (0, 0)
16 Jan 2025 22:35:21 GMT Roślinka wyrosła na (2, 1)
16 Jan 2025 22:35:21 GMT Roślinka wyrosła na (9, 0)
16 Jan 2025 22:35:21 GMT Roślinka wyrosła na (0, 4)
16 Jan 2025 22:35:21 GMT Roślinka wyrosła na (3, 9)
16 Jan 2025 22:35:21 GMT Roślinka wyrosła na (1, 7)
16 Jan 2025 22:35:21 GMT Roślinka wyrosła na (2, 4)
16 Jan 2025 22:35:21 GMT Roślinka wyrosła na (8, 0)
16 Jan 2025 22:35:22 GMT Długość listy pozycji: 9
Lista pozycji zwierząt: {(9, 8)=[<, v, ◢, ◥], (8, 8)=[v], (4, 6)=[◢], (4, 7)=[v], (2, 7)=[v], (2, 8)=[◣, <, ◢, v], (0, 7)=[>], (9, 7)=[>, <, v, ◥, >, ◥, <, ◥, v], (4, 2)=[>, ◢, >, ◢, v, <, >]}
16 Jan 2025 22:35:22 GMT Zwierzę poruszyło się z (3, 7) na (4, 6)
16 Jan 2025 22:35:22 GMT Długość listy pozycji: 9
Lista pozycji zwierząt: {(9, 8)=[<, v, ◢, ◥], (8, 8)=[v], (5, 7)=[>], (4, 6)=[◢], (2, 7)=[v], (2, 8)=[◣, <, ◢, v], (0, 7)=[>], (9, 7)=[>, <, v, ◥, >, ◥, <, ◥, v], (4, 2)=[>, ◢, >, ◢, v, <, >]}
16 Jan 2025 22:35:22 GMT Zwierzę poruszyło się z (4, 7) na (5, 7)
16 Jan 2025 22:35:22 GMT Długość listy pozycji: 10
Lista pozycji zwierząt: {(9, 8)=[<, v, ◢, ◥], (3, 3)=[◤], (8, 8)=[v], (5, 7)=[>], (4, 6)=[◢], (2, 7)=[v], (2, 8)=[◣, <, ◢, v], (0, 7)=[>], (9, 7)=[>, <, v, ◥, >, ◥, <, ◥, v], (4, 2)=[◤, ◢, >, ◢, v, <]}
16 Jan 2025 22:35:22 GMT Zwierzę poruszyło się z (4, 2) na (3, 3)
16 Jan 2025 22:35:22 GMT Długość listy pozycji: 10
Lista pozycji zwierząt: {(9, 8)=[<, v, ◢, ◥], (3, 3)=[◤], (8, 8)=[v], (5, 7)=[>], (4, 6)=[◢], (1, 7)=[<], (2, 8)=[◣, <, ◢, <], (0, 7)=[>], (9, 7)=[>, <, v, ◥, >, ◥, <, ◥, v], (4, 2)=[◤, ◢, >, ◢, v, <]}
16 Jan 2025 22:35:22 GMT Zwierzę poruszyło się z (2, 7) na (1, 7)
16 Jan 2025 22:35:22 GMT Długość listy pozycji: 9
Lista pozycji zwierząt: {(9, 8)=[<, ◤, v, ◢, ◥], (3, 3)=[◤], (8, 8)=[v], (5, 7)=[>], (4, 6)=[◢], (1, 7)=[<], (2, 8)=[◣, <, ◢, <], (9, 7)=[>, <, v, ◥, >, ◥, <, ◥, v], (4, 2)=[◤, ◢, >, ◢, v, <]}
16 Jan 2025 22:35:22 GMT Zwierzę poruszyło się z (0, 7) na (9, 8)
16 Jan 2025 22:35:22 GMT Długość listy pozycji: 10
Lista pozycji zwierząt: {(9, 8)=[<, ◤, v, ◢, ◥], (3, 3)=[◤], (8, 8)=[v], (5, 7)=[>], (4, 6)=[◢], (1, 7)=[<], (2, 8)=[◣, <, ◢, <], (9, 6)=[v], (9, 7)=[>, <, ◥, >, ◥, <, ◥, v], (4, 2)=[◤, ◢, >, ◢, v, <]}
16 Jan 2025 22:35:22 GMT Zwierzę poruszyło się z (9, 7) na (9, 6)
16 Jan 2025 22:35:22 GMT Długość listy pozycji: 10
Lista pozycji zwierząt: {(9, 8)=[<, ◤, v, ◢, ◥], (3, 3)=[◤], (7, 8)=[<], (5, 7)=[>], (4, 6)=[◢], (1, 7)=[<], (2, 8)=[◣, <, ◢, <], (9, 6)=[v], (9, 7)=[>, <, ◥, >, ◥, <, ◥, v], (4, 2)=[◤, ◢, >, ◢, v, <]}
16 Jan 2025 22:35:22 GMT Zwierzę poruszyło się z (8, 8) na (7, 8)
16 Jan 2025 22:35:22 GMT Zwierzę zjadło roślinkę na (3, 3)
16 Jan 2025 22:35:22 GMT Zwierzę zjadło roślinkę na (5, 7)
16 Jan 2025 22:35:22 GMT Zwierzę zjadło roślinkę na (1, 7)
16 Jan 2025 22:35:23 GMT Zwierze zostało położone na (9, 8)
16 Jan 2025 22:35:23 GMT Urodziło się nowe zwierzę na (9, 8)
16 Jan 2025 22:35:23 GMT Zwierze zostało położone na (2, 8)
16 Jan 2025 22:35:23 GMT Urodziło się nowe zwierzę na (2, 8)
16 Jan 2025 22:35:23 GMT Zwierze zostało położone na (9, 7)
16 Jan 2025 22:35:23 GMT Urodziło się nowe zwierzę na (9, 7)
16 Jan 2025 22:35:23 GMT Zwierze zostało położone na (4, 2)
16 Jan 2025 22:35:23 GMT Urodziło się nowe zwierzę na (4, 2)
16 Jan 2025 22:35:23 GMT Roślinka wyrosła na null
16 Jan 2025 22:35:23 GMT Roślinka wyrosła na null
16 Jan 2025 22:35:23 GMT Roślinka wyrosła na null
16 Jan 2025 22:35:23 GMT Roślinka wyrosła na null
16 Jan 2025 22:35:23 GMT Roślinka wyrosła na null
16 Jan 2025 22:35:23 GMT Roślinka wyrosła na null
16 Jan 2025 22:35:23 GMT Roślinka wyrosła na null
16 Jan 2025 22:35:23 GMT Roślinka wyrosła na null
16 Jan 2025 22:35:23 GMT Roślinka wyrosła na null
16 Jan 2025 22:35:23 GMT Roślinka wyrosła na null
16 Jan 2025 22:35:23 GMT Zwierzę umarło na (3, 3)
16 Jan 2025 22:35:23 GMT Zwierzę umarło na (9, 6)
16 Jan 2025 22:35:23 GMT Długość listy pozycji: 10
Lista pozycji zwierząt: {(9, 8)=[<, <, ◤, v, ◢, ◥], (3, 3)=[], (4, 5)=[v], (7, 8)=[<], (5, 7)=[>], (1, 7)=[<], (2, 8)=[◢, ◣, <, ◢, <], (9, 6)=[], (9, 7)=[<, >, <, ◥, >, ◥, <, ◥, v], (4, 2)=[>, ◤, ◢, >, ◢, v, <]}
16 Jan 2025 22:35:23 GMT Zwierzę poruszyło się z (4, 6) na (4, 5)
16 Jan 2025 22:35:23 GMT Długość listy pozycji: 10
Lista pozycji zwierząt: {(9, 8)=[<, <, ◤, v, ◢, ◥], (3, 3)=[], (4, 5)=[v], (7, 8)=[<], (5, 8)=[^], (1, 7)=[<], (2, 8)=[◢, ◣, <, ◢, <], (9, 6)=[], (9, 7)=[<, >, <, ◥, >, ◥, <, ◥, v], (4, 2)=[>, ◤, ◢, >, ◢, v, <]}
16 Jan 2025 22:35:23 GMT Zwierzę poruszyło się z (5, 7) na (5, 8)
16 Jan 2025 22:35:23 GMT Długość listy pozycji: 10
Lista pozycji zwierząt: {(9, 8)=[<, <, ◤, v, ◢, ◥], (3, 3)=[], (4, 5)=[v], (7, 8)=[<], (5, 8)=[^], (2, 8)=[◢, ◣, <, ◢, ^], (1, 8)=[^], (9, 6)=[], (9, 7)=[<, >, <, ◥, >, ◥, <, ◥, v], (4, 2)=[>, ◤, ◢, >, ◢, v, <]}
16 Jan 2025 22:35:23 GMT Zwierzę poruszyło się z (1, 7) na (1, 8)
16 Jan 2025 22:35:23 GMT Długość listy pozycji: 10
Lista pozycji zwierząt: {(9, 8)=[<, <, v, ◢, ◥], (3, 3)=[], (4, 5)=[v], (7, 8)=[<], (5, 8)=[^], (2, 8)=[◢, ◣, <, ◢, ^], (1, 8)=[^], (9, 6)=[], (9, 7)=[<, v, >, <, ◥, >, ◥, <, ◥, v], (4, 2)=[>, ◤, ◢, >, ◢, v, <]}
16 Jan 2025 22:35:23 GMT Zwierzę poruszyło się z (9, 8) na (9, 7)
16 Jan 2025 22:35:24 GMT Długość listy pozycji: 10
Lista pozycji zwierząt: {(9, 8)=[<, <, v, ◢, ◥], (3, 3)=[], (4, 5)=[v], (7, 9)=[^], (5, 8)=[^], (2, 8)=[◢, ◣, <, ◢, ^], (1, 8)=[^], (9, 6)=[], (9, 7)=[<, v, >, <, ◥, >, ◥, <, ◥, v], (4, 2)=[>, ◤, ◢, >, ◢, v, <]}
16 Jan 2025 22:35:24 GMT Zwierzę poruszyło się z (7, 8) na (7, 9)
16 Jan 2025 22:35:24 GMT Zwierzę zjadło roślinkę na (7, 9)
16 Jan 2025 22:35:24 GMT Zwierzę zjadło roślinkę na (1, 8)
16 Jan 2025 22:35:24 GMT Zwierze zostało położone na (9, 8)
16 Jan 2025 22:35:24 GMT Urodziło się nowe zwierzę na (9, 8)
16 Jan 2025 22:35:24 GMT Zwierze zostało położone na (2, 8)
16 Jan 2025 22:35:24 GMT Urodziło się nowe zwierzę na (2, 8)
16 Jan 2025 22:35:24 GMT Zwierze zostało położone na (9, 7)
16 Jan 2025 22:35:24 GMT Urodziło się nowe zwierzę na (9, 7)
16 Jan 2025 22:35:24 GMT Zwierze zostało położone na (4, 2)
16 Jan 2025 22:35:24 GMT Urodziło się nowe zwierzę na (4, 2)
16 Jan 2025 22:35:24 GMT Roślinka wyrosła na null
16 Jan 2025 22:35:24 GMT Roślinka wyrosła na null
16 Jan 2025 22:35:24 GMT Roślinka wyrosła na null
16 Jan 2025 22:35:24 GMT Roślinka wyrosła na null
16 Jan 2025 22:35:24 GMT Roślinka wyrosła na null
16 Jan 2025 22:35:24 GMT Roślinka wyrosła na null
16 Jan 2025 22:35:24 GMT Roślinka wyrosła na null
16 Jan 2025 22:35:24 GMT Roślinka wyrosła na null
16 Jan 2025 22:35:24 GMT Roślinka wyrosła na null
16 Jan 2025 22:35:24 GMT Roślinka wyrosła na null
16 Jan 2025 22:35:24 GMT Długość listy pozycji: 10
Lista pozycji zwierząt: {(9, 8)=[◢, <, <, v, ◢, ◥], (3, 3)=[], (3, 4)=[◣], (7, 9)=[^], (5, 8)=[^], (2, 8)=[>, ◢, ◣, <, ◢, ^], (1, 8)=[^], (9, 6)=[], (9, 7)=[◥, <, v, >, <, ◥, >, ◥, <, ◥, v], (4, 2)=[>, >, ◤, ◢, >, ◢, v, <]}
16 Jan 2025 22:35:24 GMT Zwierzę poruszyło się z (4, 5) na (3, 4)
16 Jan 2025 22:35:25 GMT Długość listy pozycji: 10
Lista pozycji zwierząt: {(9, 8)=[◢, <, <, v, ◢, ◥], (3, 3)=[], (3, 4)=[◣], (7, 9)=[^], (4, 8)=[<], (2, 8)=[>, ◢, ◣, <, ◢, ^], (1, 8)=[^], (9, 6)=[], (9, 7)=[◥, <, v, >, <, ◥, >, ◥, <, ◥, v], (4, 2)=[>, >, ◤, ◢, >, ◢, v, <]}
16 Jan 2025 22:35:25 GMT Zwierzę poruszyło się z (5, 8) na (4, 8)
16 Jan 2025 22:35:25 GMT Długość listy pozycji: 9
Lista pozycji zwierząt: {(9, 8)=[◢, <, <, v, ◢, ◥], (3, 3)=[], (3, 4)=[◣], (7, 9)=[^], (4, 8)=[<], (2, 8)=[>, >, ◢, ◣, <, ◢, >], (9, 6)=[], (9, 7)=[◥, <, v, >, <, ◥, >, ◥, <, ◥, v], (4, 2)=[>, >, ◤, ◢, >, ◢, v, <]}
16 Jan 2025 22:35:25 GMT Zwierzę poruszyło się z (1, 8) na (2, 8)
16 Jan 2025 22:35:25 GMT Długość listy pozycji: 10
Lista pozycji zwierząt: {(9, 8)=[◢, <, <, v, ◢, ◥], (3, 3)=[], (3, 4)=[◣], (7, 9)=[^], (4, 8)=[<], (2, 8)=[>, >, ◢, ◣, <, ◢, >], (0, 8)=[◥], (9, 6)=[], (9, 7)=[◥, <, ◥, >, <, ◥, >, ◥, <, ◥, v], (4, 2)=[>, >, ◤, ◢, >, ◢, v, <]}
16 Jan 2025 22:35:25 GMT Zwierzę poruszyło się z (9, 7) na (0, 8)
16 Jan 2025 22:35:25 GMT Długość listy pozycji: 10
Lista pozycji zwierząt: {(9, 8)=[◢, <, <, v, ◢, ◥], (3, 3)=[], (8, 9)=[>], (3, 4)=[◣], (4, 8)=[<], (2, 8)=[>, >, ◢, ◣, <, ◢, >], (0, 8)=[◥], (9, 6)=[], (9, 7)=[◥, <, ◥, >, <, ◥, >, ◥, <, ◥, v], (4, 2)=[>, >, ◤, ◢, >, ◢, v, <]}
16 Jan 2025 22:35:25 GMT Zwierzę poruszyło się z (7, 9) na (8, 9)
16 Jan 2025 22:35:25 GMT Zwierzę zjadło roślinkę na (3, 4)
16 Jan 2025 22:35:25 GMT Zwierze zostało położone na (9, 8)
16 Jan 2025 22:35:25 GMT Urodziło się nowe zwierzę na (9, 8)
16 Jan 2025 22:35:25 GMT Zwierze zostało położone na (2, 8)
16 Jan 2025 22:35:25 GMT Urodziło się nowe zwierzę na (2, 8)
16 Jan 2025 22:35:25 GMT Zwierze zostało położone na (9, 7)
16 Jan 2025 22:35:25 GMT Urodziło się nowe zwierzę na (9, 7)
16 Jan 2025 22:35:25 GMT Zwierze zostało położone na (4, 2)
16 Jan 2025 22:35:25 GMT Urodziło się nowe zwierzę na (4, 2)
16 Jan 2025 22:35:26 GMT Roślinka wyrosła na null
16 Jan 2025 22:35:26 GMT Roślinka wyrosła na null
16 Jan 2025 22:35:26 GMT Roślinka wyrosła na null
16 Jan 2025 22:35:26 GMT Roślinka wyrosła na null
16 Jan 2025 22:35:26 GMT Roślinka wyrosła na null
16 Jan 2025 22:35:26 GMT Roślinka wyrosła na null
16 Jan 2025 22:35:26 GMT Roślinka wyrosła na null
16 Jan 2025 22:35:26 GMT Roślinka wyrosła na null
16 Jan 2025 22:35:26 GMT Roślinka wyrosła na null
16 Jan 2025 22:35:26 GMT Roślinka wyrosła na null
16 Jan 2025 22:35:26 GMT Długość listy pozycji: 10
Lista pozycji zwierząt: {(9, 8)=[◤, ◢, <, <, v, ◢, ◥], (3, 3)=[], (8, 9)=[>], (2, 4)=[<], (4, 8)=[<], (2, 8)=[>, >, >, ◢, ◣, <, ◢, >], (0, 8)=[◥], (9, 6)=[], (9, 7)=[◢, ◥, <, ◥, >, <, ◥, >, ◥, <, ◥, v], (4, 2)=[◢, >, >, ◤, ◢, >, ◢, v, <]}
16 Jan 2025 22:35:26 GMT Zwierzę poruszyło się z (3, 4) na (2, 4)
16 Jan 2025 22:35:26 GMT Długość listy pozycji: 10
Lista pozycji zwierząt: {(9, 8)=[◤, ◢, <, <, v, ◢, ◥], (3, 3)=[], (8, 9)=[>], (2, 4)=[<], (4, 7)=[v], (2, 8)=[>, >, >, ◢, ◣, <, ◢, >], (0, 8)=[◥], (9, 6)=[], (9, 7)=[◢, ◥, <, ◥, >, <, ◥, >, ◥, <, ◥, v], (4, 2)=[◢, >, >, ◤, ◢, >, ◢, v, <]}
16 Jan 2025 22:35:26 GMT Zwierzę poruszyło się z (4, 8) na (4, 7)
16 Jan 2025 22:35:26 GMT Długość listy pozycji: 11
Lista pozycji zwierząt: {(9, 8)=[◤, ◢, <, <, v, ◢, ◥], (3, 3)=[], (8, 9)=[>], (2, 4)=[<], (4, 7)=[v], (2, 7)=[v], (2, 8)=[v, >, >, ◢, ◣, <, ◢, v], (0, 8)=[◥], (9, 6)=[], (9, 7)=[◢, ◥, <, ◥, >, <, ◥, >, ◥, <, ◥, v], (4, 2)=[◢, >, >, ◤, ◢, >, ◢, v, <]}
16 Jan 2025 22:35:26 GMT Zwierzę poruszyło się z (2, 8) na (2, 7)
16 Jan 2025 22:35:26 GMT Długość listy pozycji: 10
Lista pozycji zwierząt: {(9, 8)=[◤, ◢, <, <, v, ◢, ◥, <], (3, 3)=[], (8, 9)=[>], (2, 4)=[<], (4, 7)=[v], (2, 7)=[v], (2, 8)=[v, >, >, ◢, ◣, <, ◢, v], (9, 6)=[], (9, 7)=[◢, ◥, <, <, >, <, ◥, >, ◥, <, ◥, v], (4, 2)=[◢, >, >, ◤, ◢, >, ◢, v, <]}
16 Jan 2025 22:35:26 GMT Zwierzę poruszyło się z (0, 8) na (9, 8)
16 Jan 2025 22:35:26 GMT Długość listy pozycji: 10
Lista pozycji zwierząt: {(9, 8)=[◤, ◢, <, <, v, ◢, ◥, <], (8, 8)=[v], (3, 3)=[], (2, 4)=[<], (4, 7)=[v], (2, 7)=[v], (2, 8)=[v, >, >, ◢, ◣, <, ◢, v], (9, 6)=[], (9, 7)=[◢, ◥, <, <, >, <, ◥, >, ◥, <, ◥, v], (4, 2)=[◢, >, >, ◤, ◢, >, ◢, v, <]}
16 Jan 2025 22:35:26 GMT Zwierzę poruszyło się z (8, 9) na (8, 8)
16 Jan 2025 22:35:26 GMT Zwierzę zjadło roślinkę na (2, 4)
16 Jan 2025 22:35:27 GMT Zwierze zostało położone na (9, 8)
16 Jan 2025 22:35:27 GMT Urodziło się nowe zwierzę na (9, 8)
