19 Jan 2025 01:10:35 GMT Zwierze zostało położone na (6, 2)
19 Jan 2025 01:10:35 GMT Zwierze zostało położone na (0, 3)
19 Jan 2025 01:10:35 GMT Zwierze zostało położone na (0, 2)
19 Jan 2025 01:10:35 GMT Zwierze zostało położone na (6, 7)
19 Jan 2025 01:10:35 GMT Zwierze zostało położone na (0, 8)
19 Jan 2025 01:10:35 GMT Zwierze zostało położone na (0, 6)
19 Jan 2025 01:10:35 GMT Zwierze zostało położone na (4, 3)
19 Jan 2025 01:10:35 GMT Zwierze zostało położone na (6, 8)
19 Jan 2025 01:10:35 GMT Zwierze zostało położone na (3, 8)
19 Jan 2025 01:10:36 GMT Zwierze zostało położone na (0, 6)
19 Jan 2025 01:10:36 GMT Długość listy pozycji: 9
Lista pozycji zwierząt: {(4, 3)=[◢], (6, 7)=[◣], (6, 8)=[v], (0, 2)=[◣], (0, 3)=[◢], (3, 8)=[◢], (0, 6)=[<, ◤], (0, 8)=[^], (6, 2)=[^]}
19 Jan 2025 01:10:36 GMT Zwierzę poruszyło się z (6, 2) na (6, 2)
19 Jan 2025 01:10:36 GMT Długość listy pozycji: 9
Lista pozycji zwierząt: {(4, 3)=[◢], (6, 7)=[◣], (6, 8)=[v], (0, 2)=[◣], (3, 8)=[◢], (0, 6)=[<, ◤], (0, 8)=[^], (9, 3)=[<], (6, 2)=[^]}
19 Jan 2025 01:10:36 GMT Zwierzę poruszyło się z (0, 3) na (9, 3)
19 Jan 2025 01:10:36 GMT Długość listy pozycji: 9
Lista pozycji zwierząt: {(4, 3)=[◢], (6, 7)=[◣], (6, 8)=[v], (0, 2)=[>], (3, 8)=[◢], (0, 6)=[<, ◤], (0, 8)=[^], (9, 3)=[<], (6, 2)=[^]}
19 Jan 2025 01:10:36 GMT Zwierzę poruszyło się z (0, 2) na (0, 2)
19 Jan 2025 01:10:36 GMT Długość listy pozycji: 9
Lista pozycji zwierząt: {(4, 3)=[◢], (6, 7)=[>], (6, 8)=[v], (0, 2)=[>], (3, 8)=[◢], (0, 6)=[<, ◤], (0, 8)=[^], (9, 3)=[<], (6, 2)=[^]}
19 Jan 2025 01:10:36 GMT Zwierzę poruszyło się z (6, 7) na (6, 7)
19 Jan 2025 01:10:36 GMT Długość listy pozycji: 9
Lista pozycji zwierząt: {(4, 3)=[◢], (6, 7)=[>], (6, 8)=[v], (0, 2)=[>], (3, 8)=[◢], (0, 6)=[<, ◤], (0, 8)=[^], (9, 3)=[<], (6, 2)=[^]}
19 Jan 2025 01:10:36 GMT Zwierzę poruszyło się z (0, 8) na (0, 8)
19 Jan 2025 01:10:36 GMT Długość listy pozycji: 9
Lista pozycji zwierząt: {(4, 3)=[◢], (6, 7)=[>], (6, 8)=[v], (0, 2)=[>], (3, 8)=[◢], (0, 6)=[v, ◤], (0, 8)=[^], (9, 3)=[<], (6, 2)=[^]}
19 Jan 2025 01:10:36 GMT Zwierzę poruszyło się z (0, 6) na (0, 6)
19 Jan 2025 01:10:36 GMT Długość listy pozycji: 9
Lista pozycji zwierząt: {(4, 3)=[<], (6, 7)=[>], (6, 8)=[v], (0, 2)=[>], (3, 8)=[◢], (0, 6)=[v, ◤], (0, 8)=[^], (9, 3)=[<], (6, 2)=[^]}
19 Jan 2025 01:10:36 GMT Zwierzę poruszyło się z (4, 3) na (4, 3)
19 Jan 2025 01:10:36 GMT Długość listy pozycji: 9
Lista pozycji zwierząt: {(4, 3)=[<], (6, 7)=[>], (6, 8)=[^], (0, 2)=[>], (3, 8)=[◢], (0, 6)=[v, ◤], (0, 8)=[^], (9, 3)=[<], (6, 2)=[^]}
19 Jan 2025 01:10:36 GMT Zwierzę poruszyło się z (6, 8) na (6, 8)
19 Jan 2025 01:10:36 GMT Długość listy pozycji: 9
Lista pozycji zwierząt: {(4, 3)=[<], (6, 7)=[>], (6, 8)=[^], (0, 2)=[>], (3, 8)=[<], (0, 6)=[v, ◤], (0, 8)=[^], (9, 3)=[<], (6, 2)=[^]}
19 Jan 2025 01:10:36 GMT Zwierzę poruszyło się z (3, 8) na (3, 8)
19 Jan 2025 01:10:37 GMT Długość listy pozycji: 10
Lista pozycji zwierząt: {(4, 3)=[<], (6, 7)=[>], (6, 8)=[^], (0, 2)=[>], (3, 8)=[<], (0, 6)=[v], (0, 8)=[^], (9, 3)=[<], (6, 2)=[^], (9, 6)=[<]}
19 Jan 2025 01:10:37 GMT Zwierzę poruszyło się z (0, 6) na (9, 6)
19 Jan 2025 01:10:37 GMT Roślinka wyrosła na (0, 6)
19 Jan 2025 01:10:37 GMT Roślinka wyrosła na (9, 6)
19 Jan 2025 01:10:37 GMT Roślinka wyrosła na (8, 5)
19 Jan 2025 01:10:37 GMT Roślinka wyrosła na (7, 5)
19 Jan 2025 01:10:37 GMT Roślinka wyrosła na (3, 6)
19 Jan 2025 01:10:37 GMT Roślinka wyrosła na (4, 1)
19 Jan 2025 01:10:37 GMT Roślinka wyrosła na (1, 8)
19 Jan 2025 01:10:37 GMT Roślinka wyrosła na (0, 5)
19 Jan 2025 01:10:37 GMT Roślinka wyrosła na (6, 6)
19 Jan 2025 01:10:37 GMT Roślinka wyrosła na (3, 5)
19 Jan 2025 01:10:37 GMT Długość listy pozycji: 10
Lista pozycji zwierząt: {(4, 3)=[<], (6, 7)=[>], (6, 8)=[^], (0, 2)=[>], (3, 8)=[<], (0, 6)=[v], (0, 8)=[^], (9, 3)=[<], (6, 2)=[◣], (9, 6)=[<]}
19 Jan 2025 01:10:37 GMT Zwierzę poruszyło się z (6, 2) na (6, 2)
19 Jan 2025 01:10:37 GMT Długość listy pozycji: 10
Lista pozycji zwierząt: {(4, 3)=[<], (6, 7)=[>], (6, 8)=[^], (0, 2)=[>], (0, 3)=[>], (3, 8)=[<], (0, 6)=[v], (0, 8)=[^], (6, 2)=[◣], (9, 6)=[<]}
19 Jan 2025 01:10:37 GMT Zwierzę poruszyło się z (9, 3) na (0, 3)
19 Jan 2025 01:10:37 GMT Długość listy pozycji: 10
Lista pozycji zwierząt: {(4, 3)=[<], (6, 7)=[>], (6, 8)=[^], (0, 3)=[>], (3, 8)=[<], (0, 6)=[v], (9, 1)=[◣], (0, 8)=[^], (6, 2)=[◣], (9, 6)=[<]}
19 Jan 2025 01:10:37 GMT Zwierzę poruszyło się z (0, 2) na (9, 1)
19 Jan 2025 01:10:37 GMT Długość listy pozycji: 10
Lista pozycji zwierząt: {(4, 3)=[<], (6, 7)=[^], (6, 8)=[^], (0, 3)=[>], (3, 8)=[<], (0, 6)=[v], (9, 1)=[◣], (0, 8)=[^], (6, 2)=[◣], (9, 6)=[<]}
19 Jan 2025 01:10:37 GMT Zwierzę poruszyło się z (6, 7) na (6, 7)
19 Jan 2025 01:10:38 GMT Długość listy pozycji: 10
Lista pozycji zwierząt: {(4, 3)=[<], (6, 7)=[^], (6, 8)=[^], (0, 3)=[>], (3, 8)=[<], (0, 6)=[v], (9, 1)=[◣], (0, 8)=[◥], (6, 2)=[◣], (9, 6)=[<]}
19 Jan 2025 01:10:38 GMT Zwierzę poruszyło się z (0, 8) na (0, 8)
19 Jan 2025 01:10:38 GMT Długość listy pozycji: 10
Lista pozycji zwierząt: {(4, 3)=[<], (6, 7)=[^], (6, 8)=[^], (0, 3)=[>], (3, 8)=[<], (9, 1)=[◣], (0, 8)=[◥], (6, 2)=[◣], (9, 6)=[<], (9, 7)=[◤]}
19 Jan 2025 01:10:38 GMT Zwierzę poruszyło się z (0, 6) na (9, 7)
19 Jan 2025 01:10:38 GMT Długość listy pozycji: 10
Lista pozycji zwierząt: {(4, 3)=[^], (6, 7)=[^], (6, 8)=[^], (0, 3)=[>], (3, 8)=[<], (9, 1)=[◣], (0, 8)=[◥], (6, 2)=[◣], (9, 6)=[<], (9, 7)=[◤]}
19 Jan 2025 01:10:38 GMT Zwierzę poruszyło się z (4, 3) na (4, 3)
19 Jan 2025 01:10:38 GMT Długość listy pozycji: 10
Lista pozycji zwierząt: {(4, 3)=[^], (6, 7)=[^], (6, 8)=[◥], (0, 3)=[>], (3, 8)=[<], (9, 1)=[◣], (0, 8)=[◥], (6, 2)=[◣], (9, 6)=[<], (9, 7)=[◤]}
19 Jan 2025 01:10:38 GMT Zwierzę poruszyło się z (6, 8) na (6, 8)
19 Jan 2025 01:10:38 GMT Długość listy pozycji: 10
Lista pozycji zwierząt: {(4, 3)=[^], (6, 7)=[^], (6, 8)=[◥], (0, 3)=[>], (3, 8)=[>], (9, 1)=[◣], (0, 8)=[◥], (6, 2)=[◣], (9, 6)=[<], (9, 7)=[◤]}
19 Jan 2025 01:10:38 GMT Zwierzę poruszyło się z (3, 8) na (3, 8)
19 Jan 2025 01:10:38 GMT Długość listy pozycji: 10
Lista pozycji zwierząt: {(4, 3)=[^], (6, 7)=[^], (6, 8)=[◥], (0, 3)=[>], (3, 8)=[>], (0, 7)=[◥], (9, 1)=[◣], (0, 8)=[◥], (6, 2)=[◣], (9, 7)=[◤]}
19 Jan 2025 01:10:38 GMT Zwierzę poruszyło się z (9, 6) na (0, 7)
19 Jan 2025 01:10:38 GMT Roślinka wyrosła na (2, 5)
19 Jan 2025 01:10:38 GMT Roślinka wyrosła na (6, 3)
19 Jan 2025 01:10:38 GMT Roślinka wyrosła na (4, 5)
19 Jan 2025 01:10:38 GMT Roślinka wyrosła na (2, 6)
19 Jan 2025 01:10:38 GMT Roślinka wyrosła na (4, 6)
19 Jan 2025 01:10:38 GMT Roślinka wyrosła na (6, 4)
19 Jan 2025 01:10:38 GMT Roślinka wyrosła na (3, 9)
19 Jan 2025 01:10:38 GMT Roślinka wyrosła na (6, 0)
19 Jan 2025 01:10:38 GMT Roślinka wyrosła na (6, 8)
19 Jan 2025 01:10:38 GMT Roślinka wyrosła na (9, 2)
19 Jan 2025 01:10:39 GMT Długość listy pozycji: 10
Lista pozycji zwierząt: {(4, 3)=[^], (6, 7)=[^], (6, 8)=[◥], (0, 3)=[>], (3, 8)=[>], (0, 7)=[◥], (9, 1)=[◣], (0, 8)=[◥], (6, 2)=[◥], (9, 7)=[◤]}
19 Jan 2025 01:10:39 GMT Zwierzę poruszyło się z (6, 2) na (6, 2)
19 Jan 2025 01:10:39 GMT Długość listy pozycji: 10
Lista pozycji zwierząt: {(4, 3)=[^], (6, 7)=[^], (6, 8)=[◥], (0, 3)=[^], (3, 8)=[>], (0, 7)=[◥], (9, 1)=[◣], (0, 8)=[◥], (6, 2)=[◥], (9, 7)=[◤]}
19 Jan 2025 01:10:39 GMT Zwierzę poruszyło się z (0, 3) na (0, 3)
19 Jan 2025 01:10:39 GMT Długość listy pozycji: 10
Lista pozycji zwierząt: {(4, 3)=[^], (6, 7)=[^], (6, 8)=[◥], (0, 3)=[^], (3, 8)=[>], (0, 7)=[◥], (9, 1)=[^], (0, 8)=[◥], (6, 2)=[◥], (9, 7)=[◤]}
19 Jan 2025 01:10:39 GMT Zwierzę poruszyło się z (9, 1) na (9, 1)
19 Jan 2025 01:10:39 GMT Długość listy pozycji: 10
Lista pozycji zwierząt: {(4, 3)=[^], (6, 7)=[◣], (6, 8)=[◥], (0, 3)=[^], (3, 8)=[>], (0, 7)=[◥], (9, 1)=[^], (0, 8)=[◥], (6, 2)=[◥], (9, 7)=[◤]}
19 Jan 2025 01:10:39 GMT Zwierzę poruszyło się z (6, 7) na (6, 7)
19 Jan 2025 01:10:39 GMT Długość listy pozycji: 9
Lista pozycji zwierząt: {(4, 3)=[^], (6, 7)=[◣], (6, 8)=[◥], (0, 3)=[^], (3, 8)=[>], (0, 7)=[◥], (9, 1)=[^], (6, 2)=[◥], (9, 7)=[◣, ◤]}
19 Jan 2025 01:10:39 GMT Zwierzę poruszyło się z (0, 8) na (9, 7)
19 Jan 2025 01:10:39 GMT Długość listy pozycji: 10
Lista pozycji zwierząt: {(4, 3)=[^], (6, 7)=[◣], (6, 8)=[◥], (0, 3)=[^], (3, 8)=[>], (0, 7)=[◥], (0, 8)=[◥], (9, 1)=[^], (6, 2)=[◥], (9, 7)=[◣]}
19 Jan 2025 01:10:39 GMT Zwierzę poruszyło się z (9, 7) na (0, 8)
19 Jan 2025 01:10:39 GMT Długość listy pozycji: 10
Lista pozycji zwierząt: {(4, 3)=[◢], (6, 7)=[◣], (6, 8)=[◥], (0, 3)=[^], (3, 8)=[>], (0, 7)=[◥], (0, 8)=[◥], (9, 1)=[^], (6, 2)=[◥], (9, 7)=[◣]}
19 Jan 2025 01:10:39 GMT Zwierzę poruszyło się z (4, 3) na (4, 3)
19 Jan 2025 01:10:39 GMT Długość listy pozycji: 10
Lista pozycji zwierząt: {(4, 3)=[◢], (6, 7)=[◣], (6, 8)=[<], (0, 3)=[^], (3, 8)=[>], (0, 7)=[◥], (0, 8)=[◥], (9, 1)=[^], (6, 2)=[◥], (9, 7)=[◣]}
19 Jan 2025 01:10:39 GMT Zwierzę poruszyło się z (6, 8) na (6, 8)
19 Jan 2025 01:10:39 GMT Długość listy pozycji: 10
Lista pozycji zwierząt: {(4, 3)=[◢], (6, 7)=[◣], (6, 8)=[<], (0, 3)=[^], (3, 8)=[<], (0, 7)=[◥], (0, 8)=[◥], (9, 1)=[^], (6, 2)=[◥], (9, 7)=[◣]}
19 Jan 2025 01:10:39 GMT Zwierzę poruszyło się z (3, 8) na (3, 8)
19 Jan 2025 01:10:40 GMT Długość listy pozycji: 10
Lista pozycji zwierząt: {(4, 3)=[◢], (6, 7)=[◣], (6, 8)=[<], (0, 3)=[^], (3, 8)=[<], (0, 7)=[◢], (0, 8)=[◥], (9, 1)=[^], (6, 2)=[◥], (9, 7)=[◣]}
19 Jan 2025 01:10:40 GMT Zwierzę poruszyło się z (0, 7) na (0, 7)
19 Jan 2025 01:10:40 GMT Zwierzę zjadło roślinkę na (6, 8)
19 Jan 2025 01:10:40 GMT Roślinka wyrosła na (1, 4)
19 Jan 2025 01:10:40 GMT Roślinka wyrosła na (5, 2)
19 Jan 2025 01:10:40 GMT Roślinka wyrosła na (3, 2)
19 Jan 2025 01:10:40 GMT Roślinka wyrosła na (5, 7)
19 Jan 2025 01:10:40 GMT Roślinka wyrosła na (1, 0)
19 Jan 2025 01:10:40 GMT Roślinka wyrosła na (4, 4)
19 Jan 2025 01:10:40 GMT Roślinka wyrosła na (6, 2)
19 Jan 2025 01:10:40 GMT Roślinka wyrosła na (5, 4)
19 Jan 2025 01:10:40 GMT Roślinka wyrosła na (7, 4)
19 Jan 2025 01:10:40 GMT Roślinka wyrosła na (9, 3)
19 Jan 2025 01:10:40 GMT Długość listy pozycji: 10
Lista pozycji zwierząt: {(4, 3)=[◢], (6, 7)=[◣], (6, 8)=[<], (0, 3)=[^], (3, 8)=[<], (0, 7)=[◢], (0, 8)=[◥], (9, 1)=[^], (6, 2)=[>], (9, 7)=[◣]}
19 Jan 2025 01:10:40 GMT Zwierzę poruszyło się z (6, 2) na (6, 2)
19 Jan 2025 01:10:40 GMT Długość listy pozycji: 10
Lista pozycji zwierząt: {(4, 3)=[◢], (6, 7)=[◣], (6, 8)=[<], (0, 3)=[v], (3, 8)=[<], (0, 7)=[◢], (0, 8)=[◥], (9, 1)=[^], (6, 2)=[>], (9, 7)=[◣]}
19 Jan 2025 01:10:40 GMT Zwierzę poruszyło się z (0, 3) na (0, 3)
19 Jan 2025 01:10:40 GMT Długość listy pozycji: 10
Lista pozycji zwierząt: {(4, 3)=[◢], (6, 7)=[◣], (6, 8)=[<], (0, 3)=[v], (3, 8)=[<], (0, 7)=[◢], (0, 8)=[◥], (9, 1)=[<], (6, 2)=[>], (9, 7)=[◣]}
19 Jan 2025 01:10:40 GMT Zwierzę poruszyło się z (9, 1) na (9, 1)
19 Jan 2025 01:10:40 GMT Długość listy pozycji: 10
Lista pozycji zwierząt: {(4, 3)=[◢], (6, 7)=[◥], (6, 8)=[<], (0, 3)=[v], (3, 8)=[<], (0, 7)=[◢], (0, 8)=[◥], (9, 1)=[<], (6, 2)=[>], (9, 7)=[◣]}
19 Jan 2025 01:10:40 GMT Zwierzę poruszyło się z (6, 7) na (6, 7)
19 Jan 2025 01:10:41 GMT Długość listy pozycji: 10
Lista pozycji zwierząt: {(4, 3)=[◢], (6, 7)=[◥], (6, 8)=[<], (0, 3)=[v], (3, 8)=[<], (0, 6)=[◢], (0, 7)=[◢], (0, 8)=[◥], (9, 1)=[<], (6, 2)=[>]}
19 Jan 2025 01:10:41 GMT Zwierzę poruszyło się z (9, 7) na (0, 6)
19 Jan 2025 01:10:41 GMT Długość listy pozycji: 10
Lista pozycji zwierząt: {(4, 3)=[◢], (6, 7)=[◥], (6, 8)=[<], (0, 3)=[v], (3, 8)=[<], (0, 6)=[◢], (0, 7)=[◢], (9, 1)=[<], (6, 2)=[>], (9, 7)=[◣]}
19 Jan 2025 01:10:41 GMT Zwierzę poruszyło się z (0, 8) na (9, 7)
19 Jan 2025 01:10:41 GMT Długość listy pozycji: 10
Lista pozycji zwierząt: {(4, 3)=[◥], (6, 7)=[◥], (6, 8)=[<], (0, 3)=[v], (3, 8)=[<], (0, 6)=[◢], (0, 7)=[◢], (9, 1)=[<], (6, 2)=[>], (9, 7)=[◣]}
19 Jan 2025 01:10:41 GMT Zwierzę poruszyło się z (4, 3) na (4, 3)
19 Jan 2025 01:10:41 GMT Długość listy pozycji: 10
Lista pozycji zwierząt: {(4, 3)=[◥], (6, 7)=[◥], (6, 8)=[v], (0, 3)=[v], (3, 8)=[<], (0, 6)=[◢], (0, 7)=[◢], (9, 1)=[<], (6, 2)=[>], (9, 7)=[◣]}
19 Jan 2025 01:10:41 GMT Zwierzę poruszyło się z (6, 8) na (6, 8)
19 Jan 2025 01:10:41 GMT Długość listy pozycji: 10
Lista pozycji zwierząt: {(4, 3)=[◥], (6, 7)=[◥], (6, 8)=[v], (0, 3)=[v], (3, 8)=[◥], (0, 6)=[◢], (0, 7)=[◢], (9, 1)=[<], (6, 2)=[>], (9, 7)=[◣]}
19 Jan 2025 01:10:41 GMT Zwierzę poruszyło się z (3, 8) na (3, 8)
19 Jan 2025 01:10:41 GMT Długość listy pozycji: 9
Lista pozycji zwierząt: {(4, 3)=[◥], (6, 7)=[◥], (6, 8)=[v], (0, 3)=[v], (3, 8)=[◥], (0, 6)=[◢], (9, 1)=[<], (6, 2)=[>], (9, 7)=[◣, <]}
19 Jan 2025 01:10:41 GMT Zwierzę poruszyło się z (0, 7) na (9, 7)
19 Jan 2025 01:10:41 GMT Zwierzę zjadło roślinkę na (0, 6)
19 Jan 2025 01:10:41 GMT Zwierzę zjadło roślinkę na (6, 2)
19 Jan 2025 01:10:42 GMT Zwierze zostało położone na (9, 7)
19 Jan 2025 01:10:42 GMT Urodziło się nowe zwierzę na (9, 7)
19 Jan 2025 01:10:42 GMT Roślinka wyrosła na (2, 9)
19 Jan 2025 01:10:42 GMT Roślinka wyrosła na (3, 4)
19 Jan 2025 01:10:42 GMT Roślinka wyrosła na (8, 1)
19 Jan 2025 01:10:42 GMT Roślinka wyrosła na (9, 0)
19 Jan 2025 01:10:42 GMT Roślinka wyrosła na (2, 7)
19 Jan 2025 01:10:42 GMT Roślinka wyrosła na (7, 1)
19 Jan 2025 01:10:42 GMT Roślinka wyrosła na (1, 3)
19 Jan 2025 01:10:42 GMT Roślinka wyrosła na (2, 3)
19 Jan 2025 01:10:42 GMT Roślinka wyrosła na (0, 3)
19 Jan 2025 01:10:42 GMT Roślinka wyrosła na (1, 9)
19 Jan 2025 01:10:42 GMT Zwierzę umarło na (9, 7)
19 Jan 2025 01:10:42 GMT Długość listy pozycji: 9
Lista pozycji zwierząt: {(4, 3)=[◥], (6, 7)=[◥], (6, 8)=[v], (0, 3)=[v], (3, 8)=[◥], (0, 6)=[◢], (9, 1)=[<], (6, 2)=[<], (9, 7)=[>, <]}
19 Jan 2025 01:10:42 GMT Zwierzę poruszyło się z (6, 2) na (6, 2)
19 Jan 2025 01:10:42 GMT Długość listy pozycji: 9
Lista pozycji zwierząt: {(4, 3)=[◥], (6, 7)=[◥], (6, 8)=[v], (0, 3)=[^], (3, 8)=[◥], (0, 6)=[◢], (9, 1)=[<], (6, 2)=[<], (9, 7)=[>, <]}
19 Jan 2025 01:10:42 GMT Zwierzę poruszyło się z (0, 3) na (0, 3)
19 Jan 2025 01:10:42 GMT Długość listy pozycji: 9
Lista pozycji zwierząt: {(4, 3)=[◥], (0, 0)=[◢], (6, 7)=[◥], (6, 8)=[v], (0, 3)=[^], (3, 8)=[◥], (0, 6)=[◢], (6, 2)=[<], (9, 7)=[>, <]}
19 Jan 2025 01:10:42 GMT Zwierzę poruszyło się z (9, 1) na (0, 0)
19 Jan 2025 01:10:42 GMT Długość listy pozycji: 9
Lista pozycji zwierząt: {(4, 3)=[◥], (0, 0)=[◢], (6, 7)=[<], (6, 8)=[v], (0, 3)=[^], (3, 8)=[◥], (0, 6)=[◢], (6, 2)=[<], (9, 7)=[>, <]}
19 Jan 2025 01:10:42 GMT Zwierzę poruszyło się z (6, 7) na (6, 7)
19 Jan 2025 01:10:42 GMT Długość listy pozycji: 8
Lista pozycji zwierząt: {(4, 3)=[◥], (0, 0)=[◢], (6, 7)=[<], (6, 8)=[v], (0, 3)=[^], (3, 8)=[◥], (6, 2)=[<], (9, 7)=[>, ◤, <]}
19 Jan 2025 01:10:42 GMT Zwierzę poruszyło się z (0, 6) na (9, 7)
19 Jan 2025 01:10:42 GMT Długość listy pozycji: 8
Lista pozycji zwierząt: {(4, 3)=[◣], (0, 0)=[◢], (6, 7)=[<], (6, 8)=[v], (0, 3)=[^], (3, 8)=[◥], (6, 2)=[<], (9, 7)=[>, ◤, <]}
19 Jan 2025 01:10:42 GMT Zwierzę poruszyło się z (4, 3) na (4, 3)
19 Jan 2025 01:10:43 GMT Długość listy pozycji: 8
Lista pozycji zwierząt: {(4, 3)=[◣], (0, 0)=[◢], (6, 7)=[<], (6, 8)=[^], (0, 3)=[^], (3, 8)=[◥], (6, 2)=[<], (9, 7)=[>, ◤, <]}
19 Jan 2025 01:10:43 GMT Zwierzę poruszyło się z (6, 8) na (6, 8)
19 Jan 2025 01:10:43 GMT Długość listy pozycji: 8
Lista pozycji zwierząt: {(4, 3)=[◣], (0, 0)=[◢], (6, 7)=[<], (6, 8)=[^], (0, 3)=[^], (3, 8)=[◣], (6, 2)=[<], (9, 7)=[>, ◤, <]}
19 Jan 2025 01:10:43 GMT Zwierzę poruszyło się z (3, 8) na (3, 8)
19 Jan 2025 01:10:43 GMT Długość listy pozycji: 9
Lista pozycji zwierząt: {(4, 3)=[◣], (0, 0)=[◢], (6, 7)=[<], (6, 8)=[^], (0, 3)=[^], (3, 8)=[◣], (0, 8)=[◥], (6, 2)=[<], (9, 7)=[>, ◤]}
19 Jan 2025 01:10:43 GMT Zwierzę poruszyło się z (9, 7) na (0, 8)
19 Jan 2025 01:10:43 GMT Zwierzę zjadło roślinkę na (0, 3)
19 Jan 2025 01:10:43 GMT Zwierze zostało położone na (9, 7)
19 Jan 2025 01:10:43 GMT Urodziło się nowe zwierzę na (9, 7)
19 Jan 2025 01:10:43 GMT Roślinka wyrosła na (0, 2)
19 Jan 2025 01:10:43 GMT Roślinka wyrosła na (4, 2)
19 Jan 2025 01:10:43 GMT Roślinka wyrosła na (7, 9)
19 Jan 2025 01:10:43 GMT Roślinka wyrosła na (7, 3)
19 Jan 2025 01:10:43 GMT Roślinka wyrosła na (0, 9)
19 Jan 2025 01:10:43 GMT Roślinka wyrosła na (7, 7)
19 Jan 2025 01:10:43 GMT Roślinka wyrosła na (5, 0)
19 Jan 2025 01:10:43 GMT Roślinka wyrosła na (0, 4)
19 Jan 2025 01:10:43 GMT Roślinka wyrosła na (8, 2)
19 Jan 2025 01:10:43 GMT Roślinka wyrosła na (1, 2)
19 Jan 2025 01:10:43 GMT Długość listy pozycji: 9
Lista pozycji zwierząt: {(4, 3)=[◣], (0, 0)=[◢], (6, 7)=[<], (6, 8)=[^], (0, 3)=[^], (3, 8)=[◣], (0, 8)=[◥], (6, 2)=[^], (9, 7)=[◥, >, ◤]}
19 Jan 2025 01:10:43 GMT Zwierzę poruszyło się z (6, 2) na (6, 2)
19 Jan 2025 01:10:44 GMT Długość listy pozycji: 9
Lista pozycji zwierząt: {(4, 3)=[◣], (0, 0)=[◢], (6, 7)=[<], (6, 8)=[^], (3, 8)=[◣], (0, 8)=[◥], (9, 2)=[◣], (6, 2)=[^], (9, 7)=[◥, >, ◤]}
19 Jan 2025 01:10:44 GMT Zwierzę poruszyło się z (0, 3) na (9, 2)
19 Jan 2025 01:10:44 GMT Długość listy pozycji: 9
Lista pozycji zwierząt: {(4, 3)=[◣], (6, 7)=[<], (6, 8)=[^], (3, 8)=[◣], (9, 0)=[<], (0, 8)=[◥], (9, 2)=[◣], (6, 2)=[^], (9, 7)=[◥, >, ◤]}
19 Jan 2025 01:10:44 GMT Zwierzę poruszyło się z (0, 0) na (9, 0)
19 Jan 2025 01:10:44 GMT Długość listy pozycji: 9
Lista pozycji zwierząt: {(4, 3)=[◣], (6, 7)=[v], (6, 8)=[^], (3, 8)=[◣], (9, 0)=[<], (0, 8)=[◥], (9, 2)=[◣], (6, 2)=[^], (9, 7)=[◥, >, ◤]}
19 Jan 2025 01:10:44 GMT Zwierzę poruszyło się z (6, 7) na (6, 7)
19 Jan 2025 01:10:44 GMT Długość listy pozycji: 9
Lista pozycji zwierząt: {(4, 3)=[◣], (6, 7)=[v], (6, 8)=[^], (3, 8)=[◣], (9, 0)=[<], (0, 8)=[◥], (9, 2)=[◣], (6, 2)=[^], (9, 7)=[◥, ◣, >, ◣]}
19 Jan 2025 01:10:44 GMT Zwierzę poruszyło się z (9, 7) na (9, 7)
19 Jan 2025 01:10:44 GMT Długość listy pozycji: 9
Lista pozycji zwierząt: {(4, 3)=[◤], (6, 7)=[v], (6, 8)=[^], (3, 8)=[◣], (9, 0)=[<], (0, 8)=[◥], (9, 2)=[◣], (6, 2)=[^], (9, 7)=[◥, ◣, >, ◣]}
19 Jan 2025 01:10:44 GMT Zwierzę poruszyło się z (4, 3) na (4, 3)
19 Jan 2025 01:10:44 GMT Długość listy pozycji: 9
Lista pozycji zwierząt: {(4, 3)=[◤], (6, 7)=[v], (6, 8)=[◣], (3, 8)=[◣], (9, 0)=[<], (0, 8)=[◥], (9, 2)=[◣], (6, 2)=[^], (9, 7)=[◥, ◣, >, ◣]}
19 Jan 2025 01:10:44 GMT Zwierzę poruszyło się z (6, 8) na (6, 8)
19 Jan 2025 01:10:44 GMT Długość listy pozycji: 9
Lista pozycji zwierząt: {(4, 3)=[◤], (6, 7)=[v], (6, 8)=[◣], (3, 8)=[◥], (9, 0)=[<], (0, 8)=[◥], (9, 2)=[◣], (6, 2)=[^], (9, 7)=[◥, ◣, >, ◣]}
19 Jan 2025 01:10:44 GMT Zwierzę poruszyło się z (3, 8) na (3, 8)
19 Jan 2025 01:10:44 GMT Długość listy pozycji: 9
Lista pozycji zwierząt: {(4, 3)=[◤], (6, 7)=[v], (6, 8)=[◣], (3, 8)=[◥], (9, 0)=[<], (0, 8)=[>], (9, 2)=[◣], (6, 2)=[^], (9, 7)=[◥, ◣, >, ◣]}
19 Jan 2025 01:10:44 GMT Zwierzę poruszyło się z (0, 8) na (0, 8)
19 Jan 2025 01:10:44 GMT Zwierzę zjadło roślinkę na (9, 0)
19 Jan 2025 01:10:44 GMT Zwierzę zjadło roślinkę na (9, 2)
19 Jan 2025 01:10:45 GMT Zwierze zostało położone na (9, 7)
19 Jan 2025 01:10:45 GMT Urodziło się nowe zwierzę na (9, 7)
19 Jan 2025 01:10:45 GMT Roślinka wyrosła na (8, 7)
19 Jan 2025 01:10:45 GMT Roślinka wyrosła na (4, 0)
19 Jan 2025 01:10:45 GMT Roślinka wyrosła na (2, 1)
19 Jan 2025 01:10:45 GMT Roślinka wyrosła na (7, 8)
19 Jan 2025 01:10:45 GMT Roślinka wyrosła na (7, 2)
19 Jan 2025 01:10:45 GMT Roślinka wyrosła na (1, 7)
19 Jan 2025 01:10:45 GMT Roślinka wyrosła na (6, 7)
19 Jan 2025 01:10:45 GMT Roślinka wyrosła na (9, 7)
19 Jan 2025 01:10:45 GMT Roślinka wyrosła na (0, 7)
19 Jan 2025 01:10:45 GMT Roślinka wyrosła na (2, 0)
19 Jan 2025 01:10:45 GMT Długość listy pozycji: 9
Lista pozycji zwierząt: {(4, 3)=[◤], (6, 7)=[v], (6, 8)=[◣], (3, 8)=[◥], (9, 0)=[<], (0, 8)=[>], (9, 2)=[◣], (6, 2)=[◤], (9, 7)=[<, ◥, ◣, >, ◣]}
19 Jan 2025 01:10:45 GMT Zwierzę poruszyło się z (6, 2) na (6, 2)
19 Jan 2025 01:10:45 GMT Długość listy pozycji: 9
Lista pozycji zwierząt: {(4, 3)=[◤], (6, 7)=[v], (0, 2)=[>], (6, 8)=[◣], (3, 8)=[◥], (9, 0)=[<], (0, 8)=[>], (6, 2)=[◤], (9, 7)=[<, ◥, ◣, >, ◣]}
19 Jan 2025 01:10:45 GMT Zwierzę poruszyło się z (9, 2) na (0, 2)
19 Jan 2025 01:10:45 GMT Długość listy pozycji: 9
Lista pozycji zwierząt: {(4, 3)=[◤], (6, 7)=[v], (0, 2)=[>], (6, 8)=[◣], (3, 8)=[◥], (9, 0)=[◥], (0, 8)=[>], (6, 2)=[◤], (9, 7)=[<, ◥, ◣, >, ◣]}
19 Jan 2025 01:10:45 GMT Zwierzę poruszyło się z (9, 0) na (9, 0)
19 Jan 2025 01:10:45 GMT Długość listy pozycji: 9
Lista pozycji zwierząt: {(4, 3)=[◤], (6, 7)=[◤], (0, 2)=[>], (6, 8)=[◣], (3, 8)=[◥], (9, 0)=[◥], (0, 8)=[>], (6, 2)=[◤], (9, 7)=[<, ◥, ◣, >, ◣]}
19 Jan 2025 01:10:45 GMT Zwierzę poruszyło się z (6, 7) na (6, 7)
19 Jan 2025 01:10:45 GMT Długość listy pozycji: 9
Lista pozycji zwierząt: {(4, 3)=[◤], (6, 7)=[◤], (0, 2)=[>], (6, 8)=[◣], (3, 8)=[◥], (9, 0)=[◥], (0, 8)=[◥, >], (6, 2)=[◤], (9, 7)=[<, ◥, ◥, >, ◥]}
19 Jan 2025 01:10:45 GMT Zwierzę poruszyło się z (9, 7) na (0, 8)
19 Jan 2025 01:10:46 GMT Długość listy pozycji: 9
Lista pozycji zwierząt: {(4, 3)=[◤], (6, 7)=[◤], (0, 2)=[>], (6, 8)=[◣], (3, 8)=[◥], (9, 0)=[◥], (0, 8)=[◥, >], (6, 2)=[◤], (9, 7)=[<, ◥, ◥, >, ◥]}
19 Jan 2025 01:10:46 GMT Zwierzę poruszyło się z (4, 3) na (4, 3)
19 Jan 2025 01:10:46 GMT Długość listy pozycji: 9
Lista pozycji zwierząt: {(4, 3)=[◤], (6, 7)=[◤], (0, 2)=[>], (6, 8)=[^], (3, 8)=[◥], (9, 0)=[◥], (0, 8)=[◥, >], (6, 2)=[◤], (9, 7)=[<, ◥, ◥, >, ◥]}
19 Jan 2025 01:10:46 GMT Zwierzę poruszyło się z (6, 8) na (6, 8)
19 Jan 2025 01:10:46 GMT Długość listy pozycji: 9
Lista pozycji zwierząt: {(4, 3)=[◤], (6, 7)=[◤], (0, 2)=[>], (6, 8)=[^], (3, 8)=[v], (9, 0)=[◥], (0, 8)=[◥, >], (6, 2)=[◤], (9, 7)=[<, ◥, ◥, >, ◥]}
19 Jan 2025 01:10:46 GMT Zwierzę poruszyło się z (3, 8) na (3, 8)
19 Jan 2025 01:10:46 GMT Długość listy pozycji: 9
Lista pozycji zwierząt: {(4, 3)=[◤], (6, 7)=[◤], (0, 2)=[>], (6, 8)=[^], (3, 8)=[v], (9, 0)=[◥], (0, 8)=[◥, v], (6, 2)=[◤], (9, 7)=[<, ◥, ◥, >, ◥]}
19 Jan 2025 01:10:46 GMT Zwierzę poruszyło się z (0, 8) na (0, 8)
19 Jan 2025 01:10:46 GMT Zwierzę zjadło roślinkę na (6, 7)
19 Jan 2025 01:10:46 GMT Zwierzę zjadło roślinkę na (0, 2)
19 Jan 2025 01:10:46 GMT Zwierzę zjadło roślinkę na (9, 7)
19 Jan 2025 01:10:46 GMT Zwierze zostało położone na (0, 8)
19 Jan 2025 01:10:46 GMT Urodziło się nowe zwierzę na (0, 8)
19 Jan 2025 01:10:46 GMT Zwierze zostało położone na (9, 7)
19 Jan 2025 01:10:46 GMT Urodziło się nowe zwierzę na (9, 7)
19 Jan 2025 01:10:46 GMT Roślinka wyrosła na (3, 3)
19 Jan 2025 01:10:46 GMT Roślinka wyrosła na (7, 0)
19 Jan 2025 01:10:46 GMT Roślinka wyrosła na (5, 3)
19 Jan 2025 01:10:46 GMT Roślinka wyrosła na (3, 8)
19 Jan 2025 01:10:46 GMT Roślinka wyrosła na (8, 3)
19 Jan 2025 01:10:46 GMT Roślinka wyrosła na (8, 8)
19 Jan 2025 01:10:46 GMT Roślinka wyrosła na (9, 8)
19 Jan 2025 01:10:46 GMT Roślinka wyrosła na (6, 1)
19 Jan 2025 01:10:46 GMT Roślinka wyrosła na (4, 3)
19 Jan 2025 01:10:46 GMT Roślinka wyrosła na (5, 9)
19 Jan 2025 01:10:47 GMT Zwierzę umarło na (0, 8)
19 Jan 2025 01:10:47 GMT Długość listy pozycji: 9
Lista pozycji zwierząt: {(4, 3)=[◤], (6, 7)=[◤], (0, 2)=[>], (6, 8)=[^], (3, 8)=[v], (9, 0)=[◥], (0, 8)=[^, v], (6, 2)=[◣], (9, 7)=[<, <, ◥, ◥, >, ◥]}
19 Jan 2025 01:10:47 GMT Zwierzę poruszyło się z (6, 2) na (6, 2)
19 Jan 2025 01:10:47 GMT Długość listy pozycji: 9
Lista pozycji zwierząt: {(4, 3)=[◤], (6, 7)=[◤], (0, 2)=[◢], (6, 8)=[^], (3, 8)=[v], (9, 0)=[◥], (0, 8)=[^, v], (6, 2)=[◣], (9, 7)=[<, <, ◥, ◥, >, ◥]}
19 Jan 2025 01:10:47 GMT Zwierzę poruszyło się z (0, 2) na (0, 2)
19 Jan 2025 01:10:47 GMT Długość listy pozycji: 9
Lista pozycji zwierząt: {(4, 3)=[◤], (6, 7)=[◤], (0, 2)=[◢], (6, 8)=[^], (3, 8)=[v], (9, 0)=[^], (0, 8)=[^, v], (6, 2)=[◣], (9, 7)=[<, <, ◥, ◥, >, ◥]}
19 Jan 2025 01:10:47 GMT Zwierzę poruszyło się z (9, 0) na (9, 0)
19 Jan 2025 01:10:47 GMT Długość listy pozycji: 9
Lista pozycji zwierząt: {(4, 3)=[◤], (6, 7)=[>], (0, 2)=[◢], (6, 8)=[^], (3, 8)=[v], (9, 0)=[^], (0, 8)=[^, v], (6, 2)=[◣], (9, 7)=[<, <, ◥, ◥, >, ◥]}
19 Jan 2025 01:10:47 GMT Zwierzę poruszyło się z (6, 7) na (6, 7)
19 Jan 2025 01:10:47 GMT Długość listy pozycji: 9
Lista pozycji zwierząt: {(4, 3)=[◢], (6, 7)=[>], (0, 2)=[◢], (6, 8)=[^], (3, 8)=[v], (9, 0)=[^], (0, 8)=[^, v], (6, 2)=[◣], (9, 7)=[<, <, ◥, ◥, >, ◥]}
19 Jan 2025 01:10:47 GMT Zwierzę poruszyło się z (4, 3) na (4, 3)
19 Jan 2025 01:10:47 GMT Długość listy pozycji: 9
Lista pozycji zwierząt: {(4, 3)=[◢], (6, 7)=[>], (0, 2)=[◢], (6, 8)=[v], (3, 8)=[v], (9, 0)=[^], (0, 8)=[^, v], (6, 2)=[◣], (9, 7)=[<, <, ◥, ◥, >, ◥]}
19 Jan 2025 01:10:47 GMT Zwierzę poruszyło się z (6, 8) na (6, 8)
19 Jan 2025 01:10:47 GMT Długość listy pozycji: 9
Lista pozycji zwierząt: {(4, 3)=[◢], (6, 7)=[>], (0, 2)=[◢], (6, 8)=[v], (3, 8)=[◤], (9, 0)=[^], (0, 8)=[^, v], (6, 2)=[◣], (9, 7)=[<, <, ◥, ◥, >, ◥]}
19 Jan 2025 01:10:47 GMT Zwierzę poruszyło się z (3, 8) na (3, 8)
19 Jan 2025 01:10:47 GMT Długość listy pozycji: 9
Lista pozycji zwierząt: {(4, 3)=[◢], (6, 7)=[>], (0, 2)=[◢], (6, 8)=[v], (3, 8)=[◤], (9, 0)=[^], (0, 8)=[^, ◥], (6, 2)=[◣], (9, 7)=[<, <, ◥, ◥, >, ◥]}
19 Jan 2025 01:10:47 GMT Zwierzę poruszyło się z (0, 8) na (0, 8)
19 Jan 2025 01:10:48 GMT Zwierzę zjadło roślinkę na (4, 3)
19 Jan 2025 01:10:48 GMT Zwierzę zjadło roślinkę na (3, 8)
19 Jan 2025 01:10:48 GMT Zwierze zostało położone na (0, 8)
19 Jan 2025 01:10:48 GMT Urodziło się nowe zwierzę na (0, 8)
19 Jan 2025 01:10:48 GMT Zwierze zostało położone na (9, 7)
19 Jan 2025 01:10:48 GMT Urodziło się nowe zwierzę na (9, 7)
19 Jan 2025 01:10:48 GMT Roślinka wyrosła na (5, 8)
19 Jan 2025 01:10:48 GMT Roślinka wyrosła na (0, 0)
19 Jan 2025 01:10:48 GMT Roślinka wyrosła na (2, 2)
19 Jan 2025 01:10:48 GMT Roślinka wyrosła na (5, 1)
19 Jan 2025 01:10:48 GMT Roślinka wyrosła na (0, 8)
19 Jan 2025 01:10:48 GMT Roślinka wyrosła na (3, 1)
19 Jan 2025 01:10:48 GMT Roślinka wyrosła na (9, 1)
19 Jan 2025 01:10:48 GMT Roślinka wyrosła na (4, 7)
19 Jan 2025 01:10:48 GMT Roślinka wyrosła na (9, 4)
19 Jan 2025 01:10:48 GMT Roślinka wyrosła na (0, 1)
19 Jan 2025 01:10:48 GMT Długość listy pozycji: 9
Lista pozycji zwierząt: {(4, 3)=[◢], (6, 7)=[>], (0, 2)=[◢], (6, 8)=[v], (3, 8)=[◤], (9, 0)=[^], (0, 8)=[>, ^, ◥], (6, 2)=[◤], (9, 7)=[<, <, <, ◥, ◥, >, ◥]}
19 Jan 2025 01:10:48 GMT Zwierzę poruszyło się z (6, 2) na (6, 2)
19 Jan 2025 01:10:48 GMT Długość listy pozycji: 9
Lista pozycji zwierząt: {(4, 3)=[◢], (6, 7)=[>], (6, 8)=[v], (3, 8)=[◤], (9, 0)=[^], (9, 1)=[◣], (0, 8)=[>, ^, ◥], (6, 2)=[◤], (9, 7)=[<, <, <, ◥, ◥, >, ◥]}
19 Jan 2025 01:10:48 GMT Zwierzę poruszyło się z (0, 2) na (9, 1)
19 Jan 2025 01:10:48 GMT Długość listy pozycji: 9
Lista pozycji zwierząt: {(4, 3)=[◢], (0, 0)=[>], (6, 7)=[>], (6, 8)=[v], (3, 8)=[◤], (9, 1)=[◣], (0, 8)=[>, ^, ◥], (6, 2)=[◤], (9, 7)=[<, <, <, ◥, ◥, >, ◥]}
19 Jan 2025 01:10:48 GMT Zwierzę poruszyło się z (9, 0) na (0, 0)
19 Jan 2025 01:10:48 GMT Długość listy pozycji: 9
Lista pozycji zwierząt: {(4, 3)=[◢], (0, 0)=[>], (6, 7)=[^], (6, 8)=[v], (3, 8)=[◤], (9, 1)=[◣], (0, 8)=[>, ^, ◥], (6, 2)=[◤], (9, 7)=[<, <, <, ◥, ◥, >, ◥]}
19 Jan 2025 01:10:48 GMT Zwierzę poruszyło się z (6, 7) na (6, 7)
19 Jan 2025 01:10:49 GMT Długość listy pozycji: 9
Lista pozycji zwierząt: {(4, 3)=[^], (0, 0)=[>], (6, 7)=[^], (6, 8)=[v], (3, 8)=[◤], (9, 1)=[◣], (0, 8)=[>, ^, ◥], (6, 2)=[◤], (9, 7)=[<, <, <, ◥, ◥, >, ◥]}
19 Jan 2025 01:10:49 GMT Zwierzę poruszyło się z (4, 3) na (4, 3)
19 Jan 2025 01:10:49 GMT Długość listy pozycji: 9
Lista pozycji zwierząt: {(4, 3)=[^], (0, 0)=[>], (6, 7)=[^], (6, 8)=[◥], (3, 8)=[◤], (9, 1)=[◣], (0, 8)=[>, ^, ◥], (6, 2)=[◤], (9, 7)=[<, <, <, ◥, ◥, >, ◥]}
19 Jan 2025 01:10:49 GMT Zwierzę poruszyło się z (6, 8) na (6, 8)
19 Jan 2025 01:10:49 GMT Długość listy pozycji: 9
Lista pozycji zwierząt: {(4, 3)=[^], (0, 0)=[>], (6, 7)=[^], (6, 8)=[◥], (3, 8)=[<], (9, 1)=[◣], (0, 8)=[>, ^, ◥], (6, 2)=[◤], (9, 7)=[<, <, <, ◥, ◥, >, ◥]}
19 Jan 2025 01:10:49 GMT Zwierzę poruszyło się z (3, 8) na (3, 8)
19 Jan 2025 01:10:49 GMT Długość listy pozycji: 9
Lista pozycji zwierząt: {(4, 3)=[^], (0, 0)=[>], (6, 7)=[^], (6, 8)=[◥], (3, 8)=[<], (9, 1)=[◣], (0, 8)=[>, v, ^, v], (6, 2)=[◤], (9, 7)=[<, <, <, ◥, ◥, >, ◥]}
19 Jan 2025 01:10:49 GMT Zwierzę poruszyło się z (0, 8) na (0, 8)
19 Jan 2025 01:10:49 GMT Zwierzę zjadło roślinkę na (0, 0)
19 Jan 2025 01:10:49 GMT Zwierzę zjadło roślinkę na (9, 1)
19 Jan 2025 01:10:49 GMT Zwierzę zjadło roślinkę na (0, 8)
19 Jan 2025 01:10:49 GMT Zwierze zostało położone na (0, 8)
19 Jan 2025 01:10:49 GMT Urodziło się nowe zwierzę na (0, 8)
19 Jan 2025 01:10:49 GMT Zwierze zostało położone na (9, 7)
19 Jan 2025 01:10:49 GMT Urodziło się nowe zwierzę na (9, 7)
19 Jan 2025 01:10:49 GMT Roślinka wyrosła na (2, 8)
19 Jan 2025 01:10:49 GMT Roślinka wyrosła na (4, 8)
19 Jan 2025 01:10:49 GMT Roślinka wyrosła na (9, 9)
19 Jan 2025 01:10:49 GMT Roślinka wyrosła na (8, 9)
19 Jan 2025 01:10:49 GMT Roślinka wyrosła na (3, 0)
19 Jan 2025 01:10:49 GMT Roślinka wyrosła na (4, 9)
19 Jan 2025 01:10:49 GMT Roślinka wyrosła na (8, 0)
19 Jan 2025 01:10:49 GMT Roślinka wyrosła na (2, 4)
19 Jan 2025 01:10:49 GMT Roślinka wyrosła na (8, 4)
19 Jan 2025 01:10:49 GMT Roślinka wyrosła na (1, 1)
19 Jan 2025 01:10:50 GMT Długość listy pozycji: 9
Lista pozycji zwierząt: {(4, 3)=[^], (0, 0)=[>], (6, 7)=[^], (6, 8)=[◥], (3, 8)=[<], (9, 1)=[◣], (0, 8)=[◢, >, v, ^, v], (6, 2)=[◤], (9, 7)=[v, <, <, <, ◥, ◥, >, ◥]}
19 Jan 2025 01:10:50 GMT Zwierzę poruszyło się z (6, 2) na (6, 2)
19 Jan 2025 01:10:50 GMT Długość listy pozycji: 9
Lista pozycji zwierząt: {(4, 3)=[^], (0, 0)=[>], (0, 1)=[>], (6, 7)=[^], (6, 8)=[◥], (3, 8)=[<], (0, 8)=[◢, >, v, ^, v], (6, 2)=[◤], (9, 7)=[v, <, <, <, ◥, ◥, >, ◥]}
19 Jan 2025 01:10:50 GMT Zwierzę poruszyło się z (9, 1) na (0, 1)
19 Jan 2025 01:10:50 GMT Długość listy pozycji: 9
Lista pozycji zwierząt: {(4, 3)=[^], (0, 1)=[>], (6, 7)=[^], (6, 8)=[◥], (3, 8)=[<], (9, 0)=[<], (0, 8)=[◢, >, v, ^, v], (6, 2)=[◤], (9, 7)=[v, <, <, <, ◥, ◥, >, ◥]}
19 Jan 2025 01:10:50 GMT Zwierzę poruszyło się z (0, 0) na (9, 0)
19 Jan 2025 01:10:50 GMT Długość listy pozycji: 9
Lista pozycji zwierząt: {(4, 3)=[^], (0, 1)=[>], (6, 7)=[◥], (6, 8)=[◥], (3, 8)=[<], (9, 0)=[<], (0, 8)=[◢, >, v, ^, v], (6, 2)=[◤], (9, 7)=[v, <, <, <, ◥, ◥, >, ◥]}
19 Jan 2025 01:10:50 GMT Zwierzę poruszyło się z (6, 7) na (6, 7)
19 Jan 2025 01:10:50 GMT Długość listy pozycji: 9
Lista pozycji zwierząt: {(4, 3)=[<], (0, 1)=[>], (6, 7)=[◥], (6, 8)=[◥], (3, 8)=[<], (9, 0)=[<], (0, 8)=[◢, >, v, ^, v], (6, 2)=[◤], (9, 7)=[v, <, <, <, ◥, ◥, >, ◥]}
19 Jan 2025 01:10:50 GMT Zwierzę poruszyło się z (4, 3) na (4, 3)
19 Jan 2025 01:10:50 GMT Długość listy pozycji: 9
Lista pozycji zwierząt: {(4, 3)=[<], (0, 1)=[>], (6, 7)=[◥], (6, 8)=[<], (3, 8)=[<], (9, 0)=[<], (0, 8)=[◢, >, v, ^, v], (6, 2)=[◤], (9, 7)=[v, <, <, <, ◥, ◥, >, ◥]}
19 Jan 2025 01:10:50 GMT Zwierzę poruszyło się z (6, 8) na (6, 8)
19 Jan 2025 01:10:50 GMT Długość listy pozycji: 9
Lista pozycji zwierząt: {(4, 3)=[<], (0, 1)=[>], (6, 7)=[◥], (6, 8)=[<], (3, 8)=[◥], (9, 0)=[<], (0, 8)=[◢, >, v, ^, v], (6, 2)=[◤], (9, 7)=[v, <, <, <, ◥, ◥, >, ◥]}
19 Jan 2025 01:10:50 GMT Zwierzę poruszyło się z (3, 8) na (3, 8)
19 Jan 2025 01:10:50 GMT Długość listy pozycji: 9
Lista pozycji zwierząt: {(4, 3)=[<], (0, 1)=[>], (6, 7)=[◥], (6, 8)=[<], (3, 8)=[◥], (9, 0)=[<], (0, 8)=[◢, >, ◥, ^, ◥], (6, 2)=[◤], (9, 7)=[v, <, <, <, ◥, ◥, >, ◥]}
19 Jan 2025 01:10:50 GMT Zwierzę poruszyło się z (0, 8) na (0, 8)
19 Jan 2025 01:10:51 GMT Zwierzę zjadło roślinkę na (0, 1)
19 Jan 2025 01:10:51 GMT Zwierze zostało położone na (0, 8)
19 Jan 2025 01:10:51 GMT Urodziło się nowe zwierzę na (0, 8)
19 Jan 2025 01:10:51 GMT Zwierze zostało położone na (9, 7)
19 Jan 2025 01:10:51 GMT Urodziło się nowe zwierzę na (9, 7)
19 Jan 2025 01:10:51 GMT Roślinka wyrosła na null
19 Jan 2025 01:10:51 GMT Roślinka wyrosła na null
19 Jan 2025 01:10:51 GMT Roślinka wyrosła na null
19 Jan 2025 01:10:51 GMT Roślinka wyrosła na null
19 Jan 2025 01:10:51 GMT Roślinka wyrosła na null
19 Jan 2025 01:10:51 GMT Roślinka wyrosła na null
19 Jan 2025 01:10:51 GMT Roślinka wyrosła na null
19 Jan 2025 01:10:51 GMT Roślinka wyrosła na null
19 Jan 2025 01:10:51 GMT Roślinka wyrosła na null
19 Jan 2025 01:10:51 GMT Roślinka wyrosła na null
19 Jan 2025 01:10:51 GMT Zwierzę umarło na (0, 8)
19 Jan 2025 01:10:51 GMT Długość listy pozycji: 9
Lista pozycji zwierząt: {(4, 3)=[<], (0, 1)=[>], (6, 7)=[◥], (6, 8)=[<], (3, 8)=[◥], (9, 0)=[<], (0, 8)=[◤, ◢, >, ◥, ^], (6, 2)=[◢], (9, 7)=[◢, v, <, <, <, ◥, ◥, >, ◥]}
19 Jan 2025 01:10:51 GMT Zwierzę poruszyło się z (6, 2) na (6, 2)
19 Jan 2025 01:10:51 GMT Długość listy pozycji: 8
Lista pozycji zwierząt: {(4, 3)=[<], (6, 7)=[◥], (6, 8)=[<], (3, 8)=[◥], (9, 0)=[◣, <], (0, 8)=[◤, ◢, >, ◥, ^], (6, 2)=[◢], (9, 7)=[◢, v, <, <, <, ◥, ◥, >, ◥]}
19 Jan 2025 01:10:51 GMT Zwierzę poruszyło się z (0, 1) na (9, 0)
19 Jan 2025 01:10:51 GMT Długość listy pozycji: 8
Lista pozycji zwierząt: {(4, 3)=[<], (6, 7)=[◥], (6, 8)=[<], (3, 8)=[◥], (9, 0)=[◣, ◤], (0, 8)=[◤, ◢, >, ◥, ^], (6, 2)=[◢], (9, 7)=[◢, v, <, <, <, ◥, ◥, >, ◥]}
19 Jan 2025 01:10:51 GMT Zwierzę poruszyło się z (9, 0) na (9, 0)
19 Jan 2025 01:10:51 GMT Długość listy pozycji: 8
Lista pozycji zwierząt: {(4, 3)=[<], (6, 7)=[<], (6, 8)=[<], (3, 8)=[◥], (9, 0)=[◣, ◤], (0, 8)=[◤, ◢, >, ◥, ^], (6, 2)=[◢], (9, 7)=[◢, v, <, <, <, ◥, ◥, >, ◥]}
19 Jan 2025 01:10:51 GMT Zwierzę poruszyło się z (6, 7) na (6, 7)
19 Jan 2025 01:10:52 GMT Długość listy pozycji: 8
Lista pozycji zwierząt: {(4, 3)=[◥], (6, 7)=[<], (6, 8)=[<], (3, 8)=[◥], (9, 0)=[◣, ◤], (0, 8)=[◤, ◢, >, ◥, ^], (6, 2)=[◢], (9, 7)=[◢, v, <, <, <, ◥, ◥, >, ◥]}
19 Jan 2025 01:10:52 GMT Zwierzę poruszyło się z (4, 3) na (4, 3)
19 Jan 2025 01:10:52 GMT Długość listy pozycji: 8
Lista pozycji zwierząt: {(4, 3)=[◥], (6, 7)=[<], (6, 8)=[>], (3, 8)=[◥], (9, 0)=[◣, ◤], (0, 8)=[◤, ◢, >, ◥, ^], (6, 2)=[◢], (9, 7)=[◢, v, <, <, <, ◥, ◥, >, ◥]}
19 Jan 2025 01:10:52 GMT Zwierzę poruszyło się z (6, 8) na (6, 8)
19 Jan 2025 01:10:52 GMT Długość listy pozycji: 8
Lista pozycji zwierząt: {(4, 3)=[◥], (6, 7)=[<], (6, 8)=[>], (3, 8)=[v], (9, 0)=[◣, ◤], (0, 8)=[◤, ◢, >, ◥, ^], (6, 2)=[◢], (9, 7)=[◢, v, <, <, <, ◥, ◥, >, ◥]}
19 Jan 2025 01:10:52 GMT Zwierzę poruszyło się z (3, 8) na (3, 8)
19 Jan 2025 01:10:52 GMT Zwierze zostało położone na (9, 0)
19 Jan 2025 01:10:52 GMT Urodziło się nowe zwierzę na (9, 0)
19 Jan 2025 01:10:52 GMT Zwierze zostało położone na (0, 8)
19 Jan 2025 01:10:52 GMT Urodziło się nowe zwierzę na (0, 8)
19 Jan 2025 01:10:52 GMT Zwierze zostało położone na (9, 7)
19 Jan 2025 01:10:52 GMT Urodziło się nowe zwierzę na (9, 7)
19 Jan 2025 01:10:52 GMT Roślinka wyrosła na null
19 Jan 2025 01:10:52 GMT Roślinka wyrosła na null
19 Jan 2025 01:10:52 GMT Roślinka wyrosła na null
19 Jan 2025 01:10:52 GMT Roślinka wyrosła na null
19 Jan 2025 01:10:52 GMT Roślinka wyrosła na null
19 Jan 2025 01:10:52 GMT Roślinka wyrosła na null
19 Jan 2025 01:10:52 GMT Roślinka wyrosła na null
19 Jan 2025 01:10:52 GMT Roślinka wyrosła na null
19 Jan 2025 01:10:52 GMT Roślinka wyrosła na null
19 Jan 2025 01:10:52 GMT Roślinka wyrosła na null
19 Jan 2025 01:10:53 GMT Długość listy pozycji: 8
Lista pozycji zwierząt: {(4, 3)=[◥], (6, 7)=[<], (6, 8)=[>], (3, 8)=[v], (9, 0)=[◣, ^, ◤], (0, 8)=[◥, ◤, ◢, >, ◥, ^], (6, 2)=[^], (9, 7)=[^, ◢, v, <, <, <, ◥, ◥, >, ◥]}
19 Jan 2025 01:10:53 GMT Zwierzę poruszyło się z (6, 2) na (6, 2)
19 Jan 2025 01:10:53 GMT Długość listy pozycji: 9
Lista pozycji zwierząt: {(4, 3)=[◥], (0, 1)=[◥], (6, 7)=[<], (6, 8)=[>], (3, 8)=[v], (9, 0)=[^, ◤], (0, 8)=[◥, ◤, ◢, >, ◥, ^], (6, 2)=[^], (9, 7)=[^, ◢, v, <, <, <, ◥, ◥, >, ◥]}
19 Jan 2025 01:10:53 GMT Zwierzę poruszyło się z (9, 0) na (0, 1)
19 Jan 2025 01:10:53 GMT Długość listy pozycji: 10
Lista pozycji zwierząt: {(4, 3)=[◥], (0, 0)=[>], (0, 1)=[◥], (6, 7)=[<], (6, 8)=[>], (3, 8)=[v], (9, 0)=[^], (0, 8)=[◥, ◤, ◢, >, ◥, ^], (6, 2)=[^], (9, 7)=[^, ◢, v, <, <, <, ◥, ◥, >, ◥]}
19 Jan 2025 01:10:53 GMT Zwierzę poruszyło się z (9, 0) na (0, 0)
19 Jan 2025 01:10:53 GMT Długość listy pozycji: 10
Lista pozycji zwierząt: {(4, 3)=[◥], (0, 0)=[>], (0, 1)=[◥], (6, 7)=[v], (6, 8)=[>], (3, 8)=[v], (9, 0)=[^], (0, 8)=[◥, ◤, ◢, >, ◥, ^], (6, 2)=[^], (9, 7)=[^, ◢, v, <, <, <, ◥, ◥, >, ◥]}
19 Jan 2025 01:10:53 GMT Zwierzę poruszyło się z (6, 7) na (6, 7)
19 Jan 2025 01:10:53 GMT Długość listy pozycji: 10
Lista pozycji zwierząt: {(4, 3)=[◢], (0, 0)=[>], (0, 1)=[◥], (6, 7)=[v], (6, 8)=[>], (3, 8)=[v], (9, 0)=[^], (0, 8)=[◥, ◤, ◢, >, ◥, ^], (6, 2)=[^], (9, 7)=[^, ◢, v, <, <, <, ◥, ◥, >, ◥]}
19 Jan 2025 01:10:53 GMT Zwierzę poruszyło się z (4, 3) na (4, 3)
19 Jan 2025 01:10:53 GMT Długość listy pozycji: 10
Lista pozycji zwierząt: {(4, 3)=[◢], (0, 0)=[>], (0, 1)=[◥], (6, 7)=[v], (6, 8)=[◢], (3, 8)=[v], (9, 0)=[^], (0, 8)=[◥, ◤, ◢, >, ◥, ^], (6, 2)=[^], (9, 7)=[^, ◢, v, <, <, <, ◥, ◥, >, ◥]}
19 Jan 2025 01:10:53 GMT Zwierzę poruszyło się z (6, 8) na (6, 8)
19 Jan 2025 01:10:53 GMT Długość listy pozycji: 10
Lista pozycji zwierząt: {(4, 3)=[◢], (0, 0)=[>], (0, 1)=[◥], (6, 7)=[v], (6, 8)=[◢], (3, 8)=[^], (9, 0)=[^], (0, 8)=[◥, ◤, ◢, >, ◥, ^], (6, 2)=[^], (9, 7)=[^, ◢, v, <, <, <, ◥, ◥, >, ◥]}
19 Jan 2025 01:10:53 GMT Zwierzę poruszyło się z (3, 8) na (3, 8)
19 Jan 2025 01:10:54 GMT Zwierze zostało położone na (0, 8)
19 Jan 2025 01:10:54 GMT Urodziło się nowe zwierzę na (0, 8)
19 Jan 2025 01:10:54 GMT Zwierze zostało położone na (9, 7)
19 Jan 2025 01:10:54 GMT Urodziło się nowe zwierzę na (9, 7)
19 Jan 2025 01:10:54 GMT Roślinka wyrosła na null
19 Jan 2025 01:10:54 GMT Roślinka wyrosła na null
19 Jan 2025 01:10:54 GMT Roślinka wyrosła na null
19 Jan 2025 01:10:54 GMT Roślinka wyrosła na null
19 Jan 2025 01:10:54 GMT Roślinka wyrosła na null
19 Jan 2025 01:10:54 GMT Roślinka wyrosła na null
19 Jan 2025 01:10:54 GMT Roślinka wyrosła na null
19 Jan 2025 01:10:54 GMT Roślinka wyrosła na null
19 Jan 2025 01:10:54 GMT Roślinka wyrosła na null
19 Jan 2025 01:10:54 GMT Roślinka wyrosła na null
19 Jan 2025 01:10:54 GMT Długość listy pozycji: 10
Lista pozycji zwierząt: {(4, 3)=[◢], (0, 0)=[>], (0, 1)=[◥], (6, 7)=[v], (6, 8)=[◢], (3, 8)=[^], (9, 0)=[^], (0, 8)=[◤, ◥, ◤, ◢, >, ◥, ^], (6, 2)=[v], (9, 7)=[◢, ^, ◢, v, <, <, <, ◥, ◥, >, ◥]}
19 Jan 2025 01:10:54 GMT Zwierzę poruszyło się z (6, 2) na (6, 2)
19 Jan 2025 01:10:54 GMT Długość listy pozycji: 10
Lista pozycji zwierząt: {(4, 3)=[◢], (0, 0)=[>], (6, 7)=[v], (6, 8)=[◢], (3, 8)=[^], (9, 0)=[^], (0, 8)=[◤, ◥, ◤, ◢, >, ◥, ^], (9, 2)=[◤], (6, 2)=[v], (9, 7)=[◢, ^, ◢, v, <, <, <, ◥, ◥, >, ◥]}
19 Jan 2025 01:10:54 GMT Zwierzę poruszyło się z (0, 1) na (9, 2)
19 Jan 2025 01:10:54 GMT Długość listy pozycji: 10
Lista pozycji zwierząt: {(4, 3)=[◢], (0, 0)=[◥], (6, 7)=[v], (6, 8)=[◢], (3, 8)=[^], (9, 0)=[^], (0, 8)=[◤, ◥, ◤, ◢, >, ◥, ^], (9, 2)=[◤], (6, 2)=[v], (9, 7)=[◢, ^, ◢, v, <, <, <, ◥, ◥, >, ◥]}
19 Jan 2025 01:10:54 GMT Zwierzę poruszyło się z (0, 0) na (0, 0)
19 Jan 2025 01:10:54 GMT Długość listy pozycji: 10
Lista pozycji zwierząt: {(4, 3)=[◢], (0, 0)=[◥], (6, 7)=[◥], (6, 8)=[◢], (3, 8)=[^], (9, 0)=[^], (0, 8)=[◤, ◥, ◤, ◢, >, ◥, ^], (9, 2)=[◤], (6, 2)=[v], (9, 7)=[◢, ^, ◢, v, <, <, <, ◥, ◥, >, ◥]}
19 Jan 2025 01:10:54 GMT Zwierzę poruszyło się z (6, 7) na (6, 7)
19 Jan 2025 01:10:54 GMT Długość listy pozycji: 10
Lista pozycji zwierząt: {(4, 3)=[<], (0, 0)=[◥], (6, 7)=[◥], (6, 8)=[◢], (3, 8)=[^], (9, 0)=[^], (0, 8)=[◤, ◥, ◤, ◢, >, ◥, ^], (9, 2)=[◤], (6, 2)=[v], (9, 7)=[◢, ^, ◢, v, <, <, <, ◥, ◥, >, ◥]}
19 Jan 2025 01:10:54 GMT Zwierzę poruszyło się z (4, 3) na (4, 3)
19 Jan 2025 01:10:55 GMT Długość listy pozycji: 10
Lista pozycji zwierząt: {(4, 3)=[<], (0, 0)=[◥], (6, 7)=[◥], (6, 8)=[^], (3, 8)=[^], (9, 0)=[^], (0, 8)=[◤, ◥, ◤, ◢, >, ◥, ^], (9, 2)=[◤], (6, 2)=[v], (9, 7)=[◢, ^, ◢, v, <, <, <, ◥, ◥, >, ◥]}
19 Jan 2025 01:10:55 GMT Zwierzę poruszyło się z (6, 8) na (6, 8)
19 Jan 2025 01:10:55 GMT Długość listy pozycji: 10
Lista pozycji zwierząt: {(4, 3)=[<], (0, 0)=[◥], (6, 7)=[◥], (6, 8)=[^], (3, 8)=[v], (9, 0)=[^], (0, 8)=[◤, ◥, ◤, ◢, >, ◥, ^], (9, 2)=[◤], (6, 2)=[v], (9, 7)=[◢, ^, ◢, v, <, <, <, ◥, ◥, >, ◥]}
19 Jan 2025 01:10:55 GMT Zwierzę poruszyło się z (3, 8) na (3, 8)
19 Jan 2025 01:10:55 GMT Zwierze zostało położone na (0, 8)
19 Jan 2025 01:10:55 GMT Urodziło się nowe zwierzę na (0, 8)
19 Jan 2025 01:10:55 GMT Zwierze zostało położone na (9, 7)
19 Jan 2025 01:10:55 GMT Urodziło się nowe zwierzę na (9, 7)
19 Jan 2025 01:10:55 GMT Roślinka wyrosła na null
19 Jan 2025 01:10:55 GMT Roślinka wyrosła na null
19 Jan 2025 01:10:55 GMT Roślinka wyrosła na null
19 Jan 2025 01:10:55 GMT Roślinka wyrosła na null
19 Jan 2025 01:10:55 GMT Roślinka wyrosła na null
19 Jan 2025 01:10:55 GMT Roślinka wyrosła na null
19 Jan 2025 01:10:55 GMT Roślinka wyrosła na null
19 Jan 2025 01:10:55 GMT Roślinka wyrosła na null
19 Jan 2025 01:10:55 GMT Roślinka wyrosła na null
19 Jan 2025 01:10:55 GMT Roślinka wyrosła na null
19 Jan 2025 01:10:55 GMT Długość listy pozycji: 10
Lista pozycji zwierząt: {(4, 3)=[<], (0, 0)=[◥], (6, 7)=[◥], (6, 8)=[^], (3, 8)=[v], (9, 0)=[^], (0, 8)=[◤, ◤, ◥, ◤, ◢, >, ◥, ^], (9, 2)=[◤], (6, 2)=[◣], (9, 7)=[◥, ◢, ^, ◢, v, <, <, <, ◥, ◥, >, ◥]}
19 Jan 2025 01:10:55 GMT Zwierzę poruszyło się z (6, 2) na (6, 2)
19 Jan 2025 01:10:56 GMT Długość listy pozycji: 10
Lista pozycji zwierząt: {(4, 3)=[<], (0, 0)=[◥], (0, 1)=[◢], (6, 7)=[◥], (6, 8)=[^], (3, 8)=[v], (9, 0)=[^], (0, 8)=[◤, ◤, ◥, ◤, ◢, >, ◥, ^], (6, 2)=[◣], (9, 7)=[◥, ◢, ^, ◢, v, <, <, <, ◥, ◥, >, ◥]}
19 Jan 2025 01:10:56 GMT Zwierzę poruszyło się z (9, 2) na (0, 1)
19 Jan 2025 01:10:56 GMT Długość listy pozycji: 10
Lista pozycji zwierząt: {(4, 3)=[<], (0, 1)=[◢], (6, 7)=[◥], (6, 8)=[^], (3, 8)=[v], (9, 0)=[^], (9, 1)=[◤], (0, 8)=[◤, ◤, ◥, ◤, ◢, >, ◥, ^], (6, 2)=[◣], (9, 7)=[◥, ◢, ^, ◢, v, <, <, <, ◥, ◥, >, ◥]}
19 Jan 2025 01:10:56 GMT Zwierzę poruszyło się z (0, 0) na (9, 1)
19 Jan 2025 01:10:56 GMT Długość listy pozycji: 10
Lista pozycji zwierząt: {(4, 3)=[<], (0, 1)=[◢], (6, 7)=[◣], (6, 8)=[^], (3, 8)=[v], (9, 0)=[^], (9, 1)=[◤], (0, 8)=[◤, ◤, ◥, ◤, ◢, >, ◥, ^], (6, 2)=[◣], (9, 7)=[◥, ◢, ^, ◢, v, <, <, <, ◥, ◥, >, ◥]}
19 Jan 2025 01:10:56 GMT Zwierzę poruszyło się z (6, 7) na (6, 7)
19 Jan 2025 01:10:56 GMT Długość listy pozycji: 10
Lista pozycji zwierząt: {(4, 3)=[v], (0, 1)=[◢], (6, 7)=[◣], (6, 8)=[^], (3, 8)=[v], (9, 0)=[^], (9, 1)=[◤], (0, 8)=[◤, ◤, ◥, ◤, ◢, >, ◥, ^], (6, 2)=[◣], (9, 7)=[◥, ◢, ^, ◢, v, <, <, <, ◥, ◥, >, ◥]}
19 Jan 2025 01:10:56 GMT Zwierzę poruszyło się z (4, 3) na (4, 3)
19 Jan 2025 01:10:56 GMT Długość listy pozycji: 10
Lista pozycji zwierząt: {(4, 3)=[v], (0, 1)=[◢], (6, 7)=[◣], (6, 8)=[<], (3, 8)=[v], (9, 0)=[^], (9, 1)=[◤], (0, 8)=[◤, ◤, ◥, ◤, ◢, >, ◥, ^], (6, 2)=[◣], (9, 7)=[◥, ◢, ^, ◢, v, <, <, <, ◥, ◥, >, ◥]}
19 Jan 2025 01:10:56 GMT Zwierzę poruszyło się z (6, 8) na (6, 8)
19 Jan 2025 01:10:56 GMT Długość listy pozycji: 10
Lista pozycji zwierząt: {(4, 3)=[v], (0, 1)=[◢], (6, 7)=[◣], (6, 8)=[<], (3, 8)=[◤], (9, 0)=[^], (9, 1)=[◤], (0, 8)=[◤, ◤, ◥, ◤, ◢, >, ◥, ^], (6, 2)=[◣], (9, 7)=[◥, ◢, ^, ◢, v, <, <, <, ◥, ◥, >, ◥]}
19 Jan 2025 01:10:56 GMT Zwierzę poruszyło się z (3, 8) na (3, 8)
19 Jan 2025 01:10:56 GMT Zwierze zostało położone na (0, 8)
19 Jan 2025 01:10:56 GMT Urodziło się nowe zwierzę na (0, 8)
19 Jan 2025 01:10:56 GMT Zwierze zostało położone na (9, 7)
19 Jan 2025 01:10:56 GMT Urodziło się nowe zwierzę na (9, 7)
19 Jan 2025 01:10:57 GMT Roślinka wyrosła na null
19 Jan 2025 01:10:57 GMT Roślinka wyrosła na null
19 Jan 2025 01:10:57 GMT Roślinka wyrosła na null
19 Jan 2025 01:10:57 GMT Roślinka wyrosła na null
19 Jan 2025 01:10:57 GMT Roślinka wyrosła na null
19 Jan 2025 01:10:57 GMT Roślinka wyrosła na null
19 Jan 2025 01:10:57 GMT Roślinka wyrosła na null
19 Jan 2025 01:10:57 GMT Roślinka wyrosła na null
19 Jan 2025 01:10:57 GMT Roślinka wyrosła na null
19 Jan 2025 01:10:57 GMT Roślinka wyrosła na null
19 Jan 2025 01:10:57 GMT Długość listy pozycji: 10
Lista pozycji zwierząt: {(4, 3)=[v], (0, 1)=[◢], (6, 7)=[◣], (6, 8)=[<], (3, 8)=[◤], (9, 0)=[^], (9, 1)=[◤], (0, 8)=[◣, ◤, ◤, ◥, ◤, ◢, >, ◥, ^], (6, 2)=[◥], (9, 7)=[<, ◥, ◢, ^, ◢, v, <, <, <, ◥, ◥, >, ◥]}
19 Jan 2025 01:10:57 GMT Zwierzę poruszyło się z (6, 2) na (6, 2)
19 Jan 2025 01:10:57 GMT Długość listy pozycji: 10
Lista pozycji zwierząt: {(4, 3)=[v], (6, 7)=[◣], (6, 8)=[<], (3, 8)=[◤], (9, 0)=[^], (9, 1)=[◤], (0, 8)=[◣, ◤, ◤, ◥, ◤, ◢, >, ◥, ^], (9, 2)=[◤], (6, 2)=[◥], (9, 7)=[<, ◥, ◢, ^, ◢, v, <, <, <, ◥, ◥, >, ◥]}
19 Jan 2025 01:10:57 GMT Zwierzę poruszyło się z (0, 1) na (9, 2)
19 Jan 2025 01:10:57 GMT Długość listy pozycji: 10
Lista pozycji zwierząt: {(4, 3)=[v], (6, 7)=[◣], (6, 8)=[<], (3, 8)=[◤], (9, 0)=[^], (9, 1)=[v], (0, 8)=[◣, ◤, ◤, ◥, ◤, ◢, >, ◥, ^], (9, 2)=[◤], (6, 2)=[◥], (9, 7)=[<, ◥, ◢, ^, ◢, v, <, <, <, ◥, ◥, >, ◥]}
19 Jan 2025 01:10:57 GMT Zwierzę poruszyło się z (9, 1) na (9, 1)
19 Jan 2025 01:10:57 GMT Długość listy pozycji: 10
Lista pozycji zwierząt: {(4, 3)=[v], (6, 7)=[>], (6, 8)=[<], (3, 8)=[◤], (9, 0)=[^], (9, 1)=[v], (0, 8)=[◣, ◤, ◤, ◥, ◤, ◢, >, ◥, ^], (9, 2)=[◤], (6, 2)=[◥], (9, 7)=[<, ◥, ◢, ^, ◢, v, <, <, <, ◥, ◥, >, ◥]}
19 Jan 2025 01:10:57 GMT Zwierzę poruszyło się z (6, 7) na (6, 7)
19 Jan 2025 01:10:57 GMT Długość listy pozycji: 10
Lista pozycji zwierząt: {(4, 3)=[^], (6, 7)=[>], (6, 8)=[<], (3, 8)=[◤], (9, 0)=[^], (9, 1)=[v], (0, 8)=[◣, ◤, ◤, ◥, ◤, ◢, >, ◥, ^], (9, 2)=[◤], (6, 2)=[◥], (9, 7)=[<, ◥, ◢, ^, ◢, v, <, <, <, ◥, ◥, >, ◥]}
19 Jan 2025 01:10:57 GMT Zwierzę poruszyło się z (4, 3) na (4, 3)
19 Jan 2025 01:10:57 GMT Długość listy pozycji: 10
Lista pozycji zwierząt: {(4, 3)=[^], (6, 7)=[>], (6, 8)=[>], (3, 8)=[◤], (9, 0)=[^], (9, 1)=[v], (0, 8)=[◣, ◤, ◤, ◥, ◤, ◢, >, ◥, ^], (9, 2)=[◤], (6, 2)=[◥], (9, 7)=[<, ◥, ◢, ^, ◢, v, <, <, <, ◥, ◥, >, ◥]}
19 Jan 2025 01:10:57 GMT Zwierzę poruszyło się z (6, 8) na (6, 8)
19 Jan 2025 01:10:57 GMT Długość listy pozycji: 10
Lista pozycji zwierząt: {(4, 3)=[^], (6, 7)=[>], (6, 8)=[>], (3, 8)=[◢], (9, 0)=[^], (9, 1)=[v], (0, 8)=[◣, ◤, ◤, ◥, ◤, ◢, >, ◥, ^], (9, 2)=[◤], (6, 2)=[◥], (9, 7)=[<, ◥, ◢, ^, ◢, v, <, <, <, ◥, ◥, >, ◥]}
19 Jan 2025 01:10:57 GMT Zwierzę poruszyło się z (3, 8) na (3, 8)
19 Jan 2025 01:10:58 GMT Zwierze zostało położone na (0, 8)
19 Jan 2025 01:10:58 GMT Urodziło się nowe zwierzę na (0, 8)
19 Jan 2025 01:10:58 GMT Zwierze zostało położone na (9, 7)
19 Jan 2025 01:10:58 GMT Urodziło się nowe zwierzę na (9, 7)
19 Jan 2025 01:10:58 GMT Roślinka wyrosła na null
19 Jan 2025 01:10:58 GMT Roślinka wyrosła na null
19 Jan 2025 01:10:58 GMT Roślinka wyrosła na null
19 Jan 2025 01:10:58 GMT Roślinka wyrosła na null
19 Jan 2025 01:10:58 GMT Roślinka wyrosła na null
19 Jan 2025 01:10:58 GMT Roślinka wyrosła na null
19 Jan 2025 01:10:58 GMT Roślinka wyrosła na null
19 Jan 2025 01:10:58 GMT Roślinka wyrosła na null
19 Jan 2025 01:10:58 GMT Roślinka wyrosła na null
19 Jan 2025 01:10:58 GMT Roślinka wyrosła na null
19 Jan 2025 01:10:58 GMT Długość listy pozycji: 10
Lista pozycji zwierząt: {(4, 3)=[^], (6, 7)=[>], (6, 8)=[>], (3, 8)=[◢], (9, 0)=[^], (9, 1)=[v], (0, 8)=[◢, ◣, ◤, ◤, ◥, ◤, ◢, >, ◥, ^], (9, 2)=[◤], (6, 2)=[◢], (9, 7)=[v, <, ◥, ◢, ^, ◢, v, <, <, <, ◥, ◥, >, ◥]}
19 Jan 2025 01:10:58 GMT Zwierzę poruszyło się z (6, 2) na (6, 2)
19 Jan 2025 01:10:58 GMT Długość listy pozycji: 10
Lista pozycji zwierząt: {(4, 3)=[^], (6, 7)=[>], (6, 8)=[>], (3, 8)=[◢], (9, 0)=[^], (9, 1)=[v], (0, 8)=[◢, ◣, ◤, ◤, ◥, ◤, ◢, >, ◥, ^], (9, 2)=[v], (6, 2)=[◢], (9, 7)=[v, <, ◥, ◢, ^, ◢, v, <, <, <, ◥, ◥, >, ◥]}
19 Jan 2025 01:10:58 GMT Zwierzę poruszyło się z (9, 2) na (9, 2)
19 Jan 2025 01:10:58 GMT Długość listy pozycji: 10
Lista pozycji zwierząt: {(4, 3)=[^], (6, 7)=[>], (6, 8)=[>], (3, 8)=[◢], (9, 0)=[^], (9, 1)=[◤], (0, 8)=[◢, ◣, ◤, ◤, ◥, ◤, ◢, >, ◥, ^], (9, 2)=[v], (6, 2)=[◢], (9, 7)=[v, <, ◥, ◢, ^, ◢, v, <, <, <, ◥, ◥, >, ◥]}
19 Jan 2025 01:10:58 GMT Zwierzę poruszyło się z (9, 1) na (9, 1)
19 Jan 2025 01:10:59 GMT Długość listy pozycji: 10
Lista pozycji zwierząt: {(4, 3)=[^], (6, 7)=[^], (6, 8)=[>], (3, 8)=[◢], (9, 0)=[^], (9, 1)=[◤], (0, 8)=[◢, ◣, ◤, ◤, ◥, ◤, ◢, >, ◥, ^], (9, 2)=[v], (6, 2)=[◢], (9, 7)=[v, <, ◥, ◢, ^, ◢, v, <, <, <, ◥, ◥, >, ◥]}
19 Jan 2025 01:10:59 GMT Zwierzę poruszyło się z (6, 7) na (6, 7)
19 Jan 2025 01:10:59 GMT Długość listy pozycji: 10
Lista pozycji zwierząt: {(4, 3)=[>], (6, 7)=[^], (6, 8)=[>], (3, 8)=[◢], (9, 0)=[^], (9, 1)=[◤], (0, 8)=[◢, ◣, ◤, ◤, ◥, ◤, ◢, >, ◥, ^], (9, 2)=[v], (6, 2)=[◢], (9, 7)=[v, <, ◥, ◢, ^, ◢, v, <, <, <, ◥, ◥, >, ◥]}
19 Jan 2025 01:10:59 GMT Zwierzę poruszyło się z (4, 3) na (4, 3)
19 Jan 2025 01:10:59 GMT Długość listy pozycji: 10
Lista pozycji zwierząt: {(4, 3)=[>], (6, 7)=[^], (6, 8)=[◤], (3, 8)=[◢], (9, 0)=[^], (9, 1)=[◤], (0, 8)=[◢, ◣, ◤, ◤, ◥, ◤, ◢, >, ◥, ^], (9, 2)=[v], (6, 2)=[◢], (9, 7)=[v, <, ◥, ◢, ^, ◢, v, <, <, <, ◥, ◥, >, ◥]}
19 Jan 2025 01:10:59 GMT Zwierzę poruszyło się z (6, 8) na (6, 8)
19 Jan 2025 01:10:59 GMT Długość listy pozycji: 10
Lista pozycji zwierząt: {(4, 3)=[>], (6, 7)=[^], (6, 8)=[◤], (3, 8)=[◤], (9, 0)=[^], (9, 1)=[◤], (0, 8)=[◢, ◣, ◤, ◤, ◥, ◤, ◢, >, ◥, ^], (9, 2)=[v], (6, 2)=[◢], (9, 7)=[v, <, ◥, ◢, ^, ◢, v, <, <, <, ◥, ◥, >, ◥]}
19 Jan 2025 01:10:59 GMT Zwierzę poruszyło się z (3, 8) na (3, 8)
19 Jan 2025 01:10:59 GMT Zwierze zostało położone na (0, 8)
19 Jan 2025 01:10:59 GMT Urodziło się nowe zwierzę na (0, 8)
19 Jan 2025 01:10:59 GMT Zwierze zostało położone na (9, 7)
19 Jan 2025 01:10:59 GMT Urodziło się nowe zwierzę na (9, 7)
19 Jan 2025 01:10:59 GMT Roślinka wyrosła na null
19 Jan 2025 01:10:59 GMT Roślinka wyrosła na null
19 Jan 2025 01:10:59 GMT Roślinka wyrosła na null
19 Jan 2025 01:10:59 GMT Roślinka wyrosła na null
19 Jan 2025 01:10:59 GMT Roślinka wyrosła na null
19 Jan 2025 01:10:59 GMT Roślinka wyrosła na null
19 Jan 2025 01:10:59 GMT Roślinka wyrosła na null
19 Jan 2025 01:10:59 GMT Roślinka wyrosła na null
19 Jan 2025 01:10:59 GMT Roślinka wyrosła na null
19 Jan 2025 01:10:59 GMT Roślinka wyrosła na null
19 Jan 2025 01:11:00 GMT Długość listy pozycji: 10
Lista pozycji zwierząt: {(4, 3)=[>], (6, 7)=[^], (6, 8)=[◤], (3, 8)=[◤], (9, 0)=[^], (9, 1)=[◤], (0, 8)=[◥, ◢, ◣, ◤, ◤, ◥, ◤, ◢, >, ◥, ^], (9, 2)=[v], (6, 2)=[>], (9, 7)=[◣, v, <, ◥, ◢, ^, ◢, v, <, <, <, ◥, ◥, >, ◥]}
19 Jan 2025 01:11:00 GMT Zwierzę poruszyło się z (6, 2) na (6, 2)
19 Jan 2025 01:11:00 GMT Długość listy pozycji: 10
Lista pozycji zwierząt: {(4, 3)=[>], (6, 7)=[^], (6, 8)=[◤], (0, 3)=[◥], (3, 8)=[◤], (9, 0)=[^], (9, 1)=[◤], (0, 8)=[◥, ◢, ◣, ◤, ◤, ◥, ◤, ◢, >, ◥, ^], (6, 2)=[>], (9, 7)=[◣, v, <, ◥, ◢, ^, ◢, v, <, <, <, ◥, ◥, >, ◥]}
19 Jan 2025 01:11:00 GMT Zwierzę poruszyło się z (9, 2) na (0, 3)
19 Jan 2025 01:11:00 GMT Długość listy pozycji: 10
Lista pozycji zwierząt: {(4, 3)=[>], (6, 7)=[^], (6, 8)=[◤], (0, 3)=[◥], (3, 8)=[◤], (9, 0)=[^], (9, 1)=[<], (0, 8)=[◥, ◢, ◣, ◤, ◤, ◥, ◤, ◢, >, ◥, ^], (6, 2)=[>], (9, 7)=[◣, v, <, ◥, ◢, ^, ◢, v, <, <, <, ◥, ◥, >, ◥]}
19 Jan 2025 01:11:00 GMT Zwierzę poruszyło się z (9, 1) na (9, 1)
19 Jan 2025 01:11:00 GMT Długość listy pozycji: 10
Lista pozycji zwierząt: {(4, 3)=[>], (6, 7)=[◢], (6, 8)=[◤], (0, 3)=[◥], (3, 8)=[◤], (9, 0)=[^], (9, 1)=[<], (0, 8)=[◥, ◢, ◣, ◤, ◤, ◥, ◤, ◢, >, ◥, ^], (6, 2)=[>], (9, 7)=[◣, v, <, ◥, ◢, ^, ◢, v, <, <, <, ◥, ◥, >, ◥]}
19 Jan 2025 01:11:00 GMT Zwierzę poruszyło się z (6, 7) na (6, 7)
19 Jan 2025 01:11:00 GMT Długość listy pozycji: 10
Lista pozycji zwierząt: {(4, 3)=[>], (6, 7)=[◢], (6, 8)=[◤], (0, 3)=[◥], (3, 8)=[◤], (9, 0)=[^], (9, 1)=[<], (0, 8)=[◥, ◢, ◣, ◤, ◤, ◥, ◤, ◢, >, ◥, ^], (6, 2)=[>], (9, 7)=[◣, v, <, ◥, ◢, ^, ◢, v, <, <, <, ◥, ◥, >, ◥]}
19 Jan 2025 01:11:00 GMT Zwierzę poruszyło się z (4, 3) na (4, 3)
19 Jan 2025 01:11:00 GMT Długość listy pozycji: 10
Lista pozycji zwierząt: {(4, 3)=[>], (6, 7)=[◢], (6, 8)=[>], (0, 3)=[◥], (3, 8)=[◤], (9, 0)=[^], (9, 1)=[<], (0, 8)=[◥, ◢, ◣, ◤, ◤, ◥, ◤, ◢, >, ◥, ^], (6, 2)=[>], (9, 7)=[◣, v, <, ◥, ◢, ^, ◢, v, <, <, <, ◥, ◥, >, ◥]}
19 Jan 2025 01:11:00 GMT Zwierzę poruszyło się z (6, 8) na (6, 8)
19 Jan 2025 01:11:00 GMT Długość listy pozycji: 10
Lista pozycji zwierząt: {(4, 3)=[>], (6, 7)=[◢], (6, 8)=[>], (0, 3)=[◥], (3, 8)=[>], (9, 0)=[^], (9, 1)=[<], (0, 8)=[◥, ◢, ◣, ◤, ◤, ◥, ◤, ◢, >, ◥, ^], (6, 2)=[>], (9, 7)=[◣, v, <, ◥, ◢, ^, ◢, v, <, <, <, ◥, ◥, >, ◥]}
19 Jan 2025 01:11:00 GMT Zwierzę poruszyło się z (3, 8) na (3, 8)
19 Jan 2025 01:11:01 GMT Zwierze zostało położone na (0, 8)
19 Jan 2025 01:11:01 GMT Urodziło się nowe zwierzę na (0, 8)
19 Jan 2025 01:11:01 GMT Zwierze zostało położone na (9, 7)
19 Jan 2025 01:11:01 GMT Urodziło się nowe zwierzę na (9, 7)
19 Jan 2025 01:11:01 GMT Roślinka wyrosła na null
19 Jan 2025 01:11:01 GMT Roślinka wyrosła na null
19 Jan 2025 01:11:01 GMT Roślinka wyrosła na null
19 Jan 2025 01:11:01 GMT Roślinka wyrosła na null
19 Jan 2025 01:11:01 GMT Roślinka wyrosła na null
19 Jan 2025 01:11:01 GMT Roślinka wyrosła na null
19 Jan 2025 01:11:01 GMT Roślinka wyrosła na null
19 Jan 2025 01:11:01 GMT Roślinka wyrosła na null
19 Jan 2025 01:11:01 GMT Roślinka wyrosła na null
19 Jan 2025 01:11:01 GMT Roślinka wyrosła na null
19 Jan 2025 01:11:01 GMT Długość listy pozycji: 10
Lista pozycji zwierząt: {(4, 3)=[>], (6, 7)=[◢], (6, 8)=[>], (0, 3)=[◥], (3, 8)=[>], (9, 0)=[^], (9, 1)=[<], (0, 8)=[>, ◥, ◢, ◣, ◤, ◤, ◥, ◤, ◢, >, ◥, ^], (6, 2)=[^], (9, 7)=[>, ◣, v, <, ◥, ◢, ^, ◢, v, <, <, <, ◥, ◥, >, ◥]}
19 Jan 2025 01:11:01 GMT Zwierzę poruszyło się z (6, 2) na (6, 2)
19 Jan 2025 01:11:01 GMT Długość listy pozycji: 10
Lista pozycji zwierząt: {(4, 3)=[>], (6, 7)=[◢], (6, 8)=[>], (0, 3)=[>], (3, 8)=[>], (9, 0)=[^], (9, 1)=[<], (0, 8)=[>, ◥, ◢, ◣, ◤, ◤, ◥, ◤, ◢, >, ◥, ^], (6, 2)=[^], (9, 7)=[>, ◣, v, <, ◥, ◢, ^, ◢, v, <, <, <, ◥, ◥, >, ◥]}
19 Jan 2025 01:11:01 GMT Zwierzę poruszyło się z (0, 3) na (0, 3)
19 Jan 2025 01:11:01 GMT Długość listy pozycji: 10
Lista pozycji zwierząt: {(4, 3)=[>], (6, 7)=[◢], (6, 8)=[>], (0, 3)=[>], (3, 8)=[>], (9, 0)=[^], (9, 1)=[◣], (0, 8)=[>, ◥, ◢, ◣, ◤, ◤, ◥, ◤, ◢, >, ◥, ^], (6, 2)=[^], (9, 7)=[>, ◣, v, <, ◥, ◢, ^, ◢, v, <, <, <, ◥, ◥, >, ◥]}
19 Jan 2025 01:11:01 GMT Zwierzę poruszyło się z (9, 1) na (9, 1)
19 Jan 2025 01:11:01 GMT Długość listy pozycji: 10
Lista pozycji zwierząt: {(4, 3)=[>], (6, 7)=[<], (6, 8)=[>], (0, 3)=[>], (3, 8)=[>], (9, 0)=[^], (9, 1)=[◣], (0, 8)=[>, ◥, ◢, ◣, ◤, ◤, ◥, ◤, ◢, >, ◥, ^], (6, 2)=[^], (9, 7)=[>, ◣, v, <, ◥, ◢, ^, ◢, v, <, <, <, ◥, ◥, >, ◥]}
19 Jan 2025 01:11:01 GMT Zwierzę poruszyło się z (6, 7) na (6, 7)
19 Jan 2025 01:11:01 GMT Długość listy pozycji: 10
Lista pozycji zwierząt: {(4, 3)=[<], (6, 7)=[<], (6, 8)=[>], (0, 3)=[>], (3, 8)=[>], (9, 0)=[^], (9, 1)=[◣], (0, 8)=[>, ◥, ◢, ◣, ◤, ◤, ◥, ◤, ◢, >, ◥, ^], (6, 2)=[^], (9, 7)=[>, ◣, v, <, ◥, ◢, ^, ◢, v, <, <, <, ◥, ◥, >, ◥]}
19 Jan 2025 01:11:01 GMT Zwierzę poruszyło się z (4, 3) na (4, 3)
19 Jan 2025 01:11:02 GMT Długość listy pozycji: 10
Lista pozycji zwierząt: {(4, 3)=[<], (6, 7)=[<], (6, 8)=[<], (0, 3)=[>], (3, 8)=[>], (9, 0)=[^], (9, 1)=[◣], (0, 8)=[>, ◥, ◢, ◣, ◤, ◤, ◥, ◤, ◢, >, ◥, ^], (6, 2)=[^], (9, 7)=[>, ◣, v, <, ◥, ◢, ^, ◢, v, <, <, <, ◥, ◥, >, ◥]}
19 Jan 2025 01:11:02 GMT Zwierzę poruszyło się z (6, 8) na (6, 8)
19 Jan 2025 01:11:02 GMT Długość listy pozycji: 10
Lista pozycji zwierząt: {(4, 3)=[<], (6, 7)=[<], (6, 8)=[<], (0, 3)=[>], (3, 8)=[◣], (9, 0)=[^], (9, 1)=[◣], (0, 8)=[>, ◥, ◢, ◣, ◤, ◤, ◥, ◤, ◢, >, ◥, ^], (6, 2)=[^], (9, 7)=[>, ◣, v, <, ◥, ◢, ^, ◢, v, <, <, <, ◥, ◥, >, ◥]}
19 Jan 2025 01:11:02 GMT Zwierzę poruszyło się z (3, 8) na (3, 8)
19 Jan 2025 01:11:02 GMT Zwierze zostało położone na (0, 8)
19 Jan 2025 01:11:02 GMT Urodziło się nowe zwierzę na (0, 8)
19 Jan 2025 01:11:02 GMT Zwierze zostało położone na (9, 7)
19 Jan 2025 01:11:02 GMT Urodziło się nowe zwierzę na (9, 7)
19 Jan 2025 01:11:02 GMT Roślinka wyrosła na null
19 Jan 2025 01:11:02 GMT Roślinka wyrosła na null
19 Jan 2025 01:11:02 GMT Roślinka wyrosła na null
19 Jan 2025 01:11:02 GMT Roślinka wyrosła na null
19 Jan 2025 01:11:02 GMT Roślinka wyrosła na null
19 Jan 2025 01:11:02 GMT Roślinka wyrosła na null
19 Jan 2025 01:11:02 GMT Roślinka wyrosła na null
19 Jan 2025 01:11:02 GMT Roślinka wyrosła na null
19 Jan 2025 01:11:02 GMT Roślinka wyrosła na null
19 Jan 2025 01:11:02 GMT Roślinka wyrosła na null
19 Jan 2025 01:11:02 GMT Długość listy pozycji: 10
Lista pozycji zwierząt: {(4, 3)=[<], (6, 7)=[<], (6, 8)=[<], (0, 3)=[>], (3, 8)=[◣], (9, 0)=[^], (9, 1)=[◣], (0, 8)=[>, >, ◥, ◢, ◣, ◤, ◤, ◥, ◤, ◢, >, ◥, ^], (6, 2)=[>], (9, 7)=[◣, >, ◣, v, <, ◥, ◢, ^, ◢, v, <, <, <, ◥, ◥, >, ◥]}
19 Jan 2025 01:11:02 GMT Zwierzę poruszyło się z (6, 2) na (6, 2)
19 Jan 2025 01:11:03 GMT Długość listy pozycji: 10
Lista pozycji zwierząt: {(4, 3)=[<], (6, 7)=[<], (6, 8)=[<], (0, 3)=[v], (3, 8)=[◣], (9, 0)=[^], (9, 1)=[◣], (0, 8)=[>, >, ◥, ◢, ◣, ◤, ◤, ◥, ◤, ◢, >, ◥, ^], (6, 2)=[>], (9, 7)=[◣, >, ◣, v, <, ◥, ◢, ^, ◢, v, <, <, <, ◥, ◥, >, ◥]}
19 Jan 2025 01:11:03 GMT Zwierzę poruszyło się z (0, 3) na (0, 3)
19 Jan 2025 01:11:03 GMT Długość listy pozycji: 10
Lista pozycji zwierząt: {(4, 3)=[<], (6, 7)=[<], (6, 8)=[<], (0, 3)=[v], (3, 8)=[◣], (9, 0)=[^], (9, 1)=[◤], (0, 8)=[>, >, ◥, ◢, ◣, ◤, ◤, ◥, ◤, ◢, >, ◥, ^], (6, 2)=[>], (9, 7)=[◣, >, ◣, v, <, ◥, ◢, ^, ◢, v, <, <, <, ◥, ◥, >, ◥]}
19 Jan 2025 01:11:03 GMT Zwierzę poruszyło się z (9, 1) na (9, 1)
19 Jan 2025 01:11:03 GMT Długość listy pozycji: 10
Lista pozycji zwierząt: {(4, 3)=[<], (6, 7)=[v], (6, 8)=[<], (0, 3)=[v], (3, 8)=[◣], (9, 0)=[^], (9, 1)=[◤], (0, 8)=[>, >, ◥, ◢, ◣, ◤, ◤, ◥, ◤, ◢, >, ◥, ^], (6, 2)=[>], (9, 7)=[◣, >, ◣, v, <, ◥, ◢, ^, ◢, v, <, <, <, ◥, ◥, >, ◥]}
19 Jan 2025 01:11:03 GMT Zwierzę poruszyło się z (6, 7) na (6, 7)
19 Jan 2025 01:11:03 GMT Długość listy pozycji: 10
Lista pozycji zwierząt: {(4, 3)=[◢], (6, 7)=[v], (6, 8)=[<], (0, 3)=[v], (3, 8)=[◣], (9, 0)=[^], (9, 1)=[◤], (0, 8)=[>, >, ◥, ◢, ◣, ◤, ◤, ◥, ◤, ◢, >, ◥, ^], (6, 2)=[>], (9, 7)=[◣, >, ◣, v, <, ◥, ◢, ^, ◢, v, <, <, <, ◥, ◥, >, ◥]}
19 Jan 2025 01:11:03 GMT Zwierzę poruszyło się z (4, 3) na (4, 3)
19 Jan 2025 01:11:03 GMT Długość listy pozycji: 10
Lista pozycji zwierząt: {(4, 3)=[◢], (6, 7)=[v], (6, 8)=[◢], (0, 3)=[v], (3, 8)=[◣], (9, 0)=[^], (9, 1)=[◤], (0, 8)=[>, >, ◥, ◢, ◣, ◤, ◤, ◥, ◤, ◢, >, ◥, ^], (6, 2)=[>], (9, 7)=[◣, >, ◣, v, <, ◥, ◢, ^, ◢, v, <, <, <, ◥, ◥, >, ◥]}
19 Jan 2025 01:11:03 GMT Zwierzę poruszyło się z (6, 8) na (6, 8)
19 Jan 2025 01:11:03 GMT Długość listy pozycji: 10
Lista pozycji zwierząt: {(4, 3)=[◢], (6, 7)=[v], (6, 8)=[◢], (0, 3)=[v], (3, 8)=[v], (9, 0)=[^], (9, 1)=[◤], (0, 8)=[>, >, ◥, ◢, ◣, ◤, ◤, ◥, ◤, ◢, >, ◥, ^], (6, 2)=[>], (9, 7)=[◣, >, ◣, v, <, ◥, ◢, ^, ◢, v, <, <, <, ◥, ◥, >, ◥]}
19 Jan 2025 01:11:03 GMT Zwierzę poruszyło się z (3, 8) na (3, 8)
19 Jan 2025 01:11:03 GMT Zwierze zostało położone na (0, 8)
19 Jan 2025 01:11:03 GMT Urodziło się nowe zwierzę na (0, 8)
19 Jan 2025 01:11:03 GMT Zwierze zostało położone na (9, 7)
19 Jan 2025 01:11:03 GMT Urodziło się nowe zwierzę na (9, 7)
19 Jan 2025 01:11:04 GMT Roślinka wyrosła na null
19 Jan 2025 01:11:04 GMT Roślinka wyrosła na null
19 Jan 2025 01:11:04 GMT Roślinka wyrosła na null
19 Jan 2025 01:11:04 GMT Roślinka wyrosła na null
19 Jan 2025 01:11:04 GMT Roślinka wyrosła na null
19 Jan 2025 01:11:04 GMT Roślinka wyrosła na null
19 Jan 2025 01:11:04 GMT Roślinka wyrosła na null
19 Jan 2025 01:11:04 GMT Roślinka wyrosła na null
19 Jan 2025 01:11:04 GMT Roślinka wyrosła na null
19 Jan 2025 01:11:04 GMT Roślinka wyrosła na null
19 Jan 2025 01:11:04 GMT Długość listy pozycji: 10
Lista pozycji zwierząt: {(4, 3)=[◢], (6, 7)=[v], (6, 8)=[◢], (0, 3)=[v], (3, 8)=[v], (9, 0)=[^], (9, 1)=[◤], (0, 8)=[>, >, >, ◥, ◢, ◣, ◤, ◤, ◥, ◤, ◢, >, ◥, ^], (6, 2)=[>], (9, 7)=[^, ◣, >, ◣, v, <, ◥, ◢, ^, ◢, v, <, <, <, ◥, ◥, >, ◥]}
19 Jan 2025 01:11:04 GMT Zwierzę poruszyło się z (6, 2) na (6, 2)
19 Jan 2025 01:11:04 GMT Długość listy pozycji: 10
Lista pozycji zwierząt: {(4, 3)=[◢], (6, 7)=[v], (6, 8)=[◢], (0, 3)=[◥], (3, 8)=[v], (9, 0)=[^], (9, 1)=[◤], (0, 8)=[>, >, >, ◥, ◢, ◣, ◤, ◤, ◥, ◤, ◢, >, ◥, ^], (6, 2)=[>], (9, 7)=[^, ◣, >, ◣, v, <, ◥, ◢, ^, ◢, v, <, <, <, ◥, ◥, >, ◥]}
19 Jan 2025 01:11:04 GMT Zwierzę poruszyło się z (0, 3) na (0, 3)
19 Jan 2025 01:11:04 GMT Długość listy pozycji: 10
Lista pozycji zwierząt: {(4, 3)=[◢], (0, 0)=[◢], (6, 7)=[v], (6, 8)=[◢], (0, 3)=[◥], (3, 8)=[v], (9, 0)=[^], (0, 8)=[>, >, >, ◥, ◢, ◣, ◤, ◤, ◥, ◤, ◢, >, ◥, ^], (6, 2)=[>], (9, 7)=[^, ◣, >, ◣, v, <, ◥, ◢, ^, ◢, v, <, <, <, ◥, ◥, >, ◥]}
19 Jan 2025 01:11:04 GMT Zwierzę poruszyło się z (9, 1) na (0, 0)
19 Jan 2025 01:11:04 GMT Długość listy pozycji: 10
Lista pozycji zwierząt: {(4, 3)=[◢], (0, 0)=[◢], (6, 7)=[◣], (6, 8)=[◢], (0, 3)=[◥], (3, 8)=[v], (9, 0)=[^], (0, 8)=[>, >, >, ◥, ◢, ◣, ◤, ◤, ◥, ◤, ◢, >, ◥, ^], (6, 2)=[>], (9, 7)=[^, ◣, >, ◣, v, <, ◥, ◢, ^, ◢, v, <, <, <, ◥, ◥, >, ◥]}
19 Jan 2025 01:11:04 GMT Zwierzę poruszyło się z (6, 7) na (6, 7)
19 Jan 2025 01:11:04 GMT Długość listy pozycji: 10
Lista pozycji zwierząt: {(4, 3)=[◥], (0, 0)=[◢], (6, 7)=[◣], (6, 8)=[◢], (0, 3)=[◥], (3, 8)=[v], (9, 0)=[^], (0, 8)=[>, >, >, ◥, ◢, ◣, ◤, ◤, ◥, ◤, ◢, >, ◥, ^], (6, 2)=[>], (9, 7)=[^, ◣, >, ◣, v, <, ◥, ◢, ^, ◢, v, <, <, <, ◥, ◥, >, ◥]}
19 Jan 2025 01:11:04 GMT Zwierzę poruszyło się z (4, 3) na (4, 3)
19 Jan 2025 01:11:04 GMT Długość listy pozycji: 10
Lista pozycji zwierząt: {(4, 3)=[◥], (0, 0)=[◢], (6, 7)=[◣], (6, 8)=[^], (0, 3)=[◥], (3, 8)=[v], (9, 0)=[^], (0, 8)=[>, >, >, ◥, ◢, ◣, ◤, ◤, ◥, ◤, ◢, >, ◥, ^], (6, 2)=[>], (9, 7)=[^, ◣, >, ◣, v, <, ◥, ◢, ^, ◢, v, <, <, <, ◥, ◥, >, ◥]}
19 Jan 2025 01:11:04 GMT Zwierzę poruszyło się z (6, 8) na (6, 8)
19 Jan 2025 01:11:04 GMT Długość listy pozycji: 10
Lista pozycji zwierząt: {(4, 3)=[◥], (0, 0)=[◢], (6, 7)=[◣], (6, 8)=[^], (0, 3)=[◥], (3, 8)=[◤], (9, 0)=[^], (0, 8)=[>, >, >, ◥, ◢, ◣, ◤, ◤, ◥, ◤, ◢, >, ◥, ^], (6, 2)=[>], (9, 7)=[^, ◣, >, ◣, v, <, ◥, ◢, ^, ◢, v, <, <, <, ◥, ◥, >, ◥]}
19 Jan 2025 01:11:04 GMT Zwierzę poruszyło się z (3, 8) na (3, 8)
19 Jan 2025 01:11:05 GMT Zwierze zostało położone na (0, 8)
19 Jan 2025 01:11:05 GMT Urodziło się nowe zwierzę na (0, 8)
19 Jan 2025 01:11:05 GMT Zwierze zostało położone na (9, 7)
19 Jan 2025 01:11:05 GMT Urodziło się nowe zwierzę na (9, 7)
19 Jan 2025 01:11:05 GMT Roślinka wyrosła na null
19 Jan 2025 01:11:05 GMT Roślinka wyrosła na null
19 Jan 2025 01:11:05 GMT Roślinka wyrosła na null
19 Jan 2025 01:11:05 GMT Roślinka wyrosła na null
19 Jan 2025 01:11:05 GMT Roślinka wyrosła na null
19 Jan 2025 01:11:05 GMT Roślinka wyrosła na null
19 Jan 2025 01:11:05 GMT Roślinka wyrosła na null
19 Jan 2025 01:11:05 GMT Roślinka wyrosła na null
19 Jan 2025 01:11:05 GMT Roślinka wyrosła na null
19 Jan 2025 01:11:05 GMT Roślinka wyrosła na null
19 Jan 2025 01:11:05 GMT Zwierzę umarło na (6, 2)
19 Jan 2025 01:11:05 GMT Zwierzę umarło na (6, 7)
19 Jan 2025 01:11:05 GMT Zwierzę umarło na (4, 3)
19 Jan 2025 01:11:05 GMT Zwierzę umarło na (6, 8)
19 Jan 2025 01:11:05 GMT Zwierzę umarło na (3, 8)
19 Jan 2025 01:11:05 GMT Długość listy pozycji: 10
Lista pozycji zwierząt: {(4, 3)=[], (0, 0)=[◢], (6, 7)=[], (6, 8)=[], (0, 3)=[v], (3, 8)=[], (9, 0)=[^], (0, 8)=[◣, >, >, >, ◥, ◢, ◣, ◤, ◤, ◥, ◤, ◢, >, ◥, ^], (6, 2)=[], (9, 7)=[v, ^, ◣, >, ◣, v, <, ◥, ◢, ^, ◢, v, <, <, <, ◥, ◥, >, ◥]}
19 Jan 2025 01:11:05 GMT Zwierzę poruszyło się z (0, 3) na (0, 3)
19 Jan 2025 01:11:05 GMT Długość listy pozycji: 10
Lista pozycji zwierząt: {(4, 3)=[], (0, 0)=[^], (6, 7)=[], (6, 8)=[], (0, 3)=[v], (3, 8)=[], (9, 0)=[^], (0, 8)=[◣, >, >, >, ◥, ◢, ◣, ◤, ◤, ◥, ◤, ◢, >, ◥, ^], (6, 2)=[], (9, 7)=[v, ^, ◣, >, ◣, v, <, ◥, ◢, ^, ◢, v, <, <, <, ◥, ◥, >, ◥]}
19 Jan 2025 01:11:05 GMT Zwierzę poruszyło się z (0, 0) na (0, 0)
19 Jan 2025 01:11:06 GMT Zwierze zostało położone na (0, 8)
19 Jan 2025 01:11:06 GMT Urodziło się nowe zwierzę na (0, 8)
19 Jan 2025 01:11:06 GMT Zwierze zostało położone na (9, 7)
19 Jan 2025 01:11:06 GMT Urodziło się nowe zwierzę na (9, 7)
19 Jan 2025 01:11:06 GMT Roślinka wyrosła na null
19 Jan 2025 01:11:06 GMT Roślinka wyrosła na null
19 Jan 2025 01:11:06 GMT Roślinka wyrosła na null
19 Jan 2025 01:11:06 GMT Roślinka wyrosła na null
19 Jan 2025 01:11:06 GMT Roślinka wyrosła na null
19 Jan 2025 01:11:06 GMT Roślinka wyrosła na null
19 Jan 2025 01:11:06 GMT Roślinka wyrosła na null
19 Jan 2025 01:11:06 GMT Roślinka wyrosła na null
19 Jan 2025 01:11:06 GMT Roślinka wyrosła na null
19 Jan 2025 01:11:06 GMT Roślinka wyrosła na null
19 Jan 2025 01:11:06 GMT Długość listy pozycji: 10
Lista pozycji zwierząt: {(4, 3)=[], (0, 0)=[^], (6, 7)=[], (6, 8)=[], (0, 3)=[^], (3, 8)=[], (9, 0)=[^], (0, 8)=[^, ◣, >, >, >, ◥, ◢, ◣, ◤, ◤, ◥, ◤, ◢, >, ◥, ^], (6, 2)=[], (9, 7)=[◤, v, ^, ◣, >, ◣, v, <, ◥, ◢, ^, ◢, v, <, <, <, ◥, ◥, >, ◥]}
19 Jan 2025 01:11:06 GMT Zwierzę poruszyło się z (0, 3) na (0, 3)
19 Jan 2025 01:11:06 GMT Długość listy pozycji: 10
Lista pozycji zwierząt: {(4, 3)=[], (0, 0)=[◤], (6, 7)=[], (6, 8)=[], (0, 3)=[^], (3, 8)=[], (9, 0)=[^], (0, 8)=[^, ◣, >, >, >, ◥, ◢, ◣, ◤, ◤, ◥, ◤, ◢, >, ◥, ^], (6, 2)=[], (9, 7)=[◤, v, ^, ◣, >, ◣, v, <, ◥, ◢, ^, ◢, v, <, <, <, ◥, ◥, >, ◥]}
19 Jan 2025 01:11:06 GMT Zwierzę poruszyło się z (0, 0) na (0, 0)
19 Jan 2025 01:11:07 GMT Zwierze zostało położone na (0, 8)
19 Jan 2025 01:11:07 GMT Urodziło się nowe zwierzę na (0, 8)
19 Jan 2025 01:11:07 GMT Zwierze zostało położone na (9, 7)
19 Jan 2025 01:11:07 GMT Urodziło się nowe zwierzę na (9, 7)
19 Jan 2025 01:11:07 GMT Roślinka wyrosła na null
19 Jan 2025 01:11:07 GMT Roślinka wyrosła na null
19 Jan 2025 01:11:07 GMT Roślinka wyrosła na null
19 Jan 2025 01:11:07 GMT Roślinka wyrosła na null
19 Jan 2025 01:11:07 GMT Roślinka wyrosła na null
19 Jan 2025 01:11:07 GMT Roślinka wyrosła na null
19 Jan 2025 01:11:07 GMT Roślinka wyrosła na null
19 Jan 2025 01:11:07 GMT Roślinka wyrosła na null
19 Jan 2025 01:11:07 GMT Roślinka wyrosła na null
19 Jan 2025 01:11:07 GMT Roślinka wyrosła na null
19 Jan 2025 01:11:07 GMT Długość listy pozycji: 10
Lista pozycji zwierząt: {(4, 3)=[], (0, 0)=[◤], (6, 7)=[], (6, 8)=[], (3, 8)=[], (9, 0)=[^], (0, 8)=[v, ^, ◣, >, >, >, ◥, ◢, ◣, ◤, ◤, ◥, ◤, ◢, >, ◥, ^], (9, 3)=[<], (6, 2)=[], (9, 7)=[<, ◤, v, ^, ◣, >, ◣, v, <, ◥, ◢, ^, ◢, v, <, <, <, ◥, ◥, >, ◥]}
19 Jan 2025 01:11:07 GMT Zwierzę poruszyło się z (0, 3) na (9, 3)
19 Jan 2025 01:11:07 GMT Długość listy pozycji: 10
Lista pozycji zwierząt: {(4, 3)=[], (0, 0)=[>], (6, 7)=[], (6, 8)=[], (3, 8)=[], (9, 0)=[^], (0, 8)=[v, ^, ◣, >, >, >, ◥, ◢, ◣, ◤, ◤, ◥, ◤, ◢, >, ◥, ^], (9, 3)=[<], (6, 2)=[], (9, 7)=[<, ◤, v, ^, ◣, >, ◣, v, <, ◥, ◢, ^, ◢, v, <, <, <, ◥, ◥, >, ◥]}
19 Jan 2025 01:11:07 GMT Zwierzę poruszyło się z (0, 0) na (0, 0)
19 Jan 2025 01:11:07 GMT Zwierzę zjadło roślinkę na (9, 3)
19 Jan 2025 01:11:07 GMT Zwierze zostało położone na (0, 8)
19 Jan 2025 01:11:07 GMT Urodziło się nowe zwierzę na (0, 8)
19 Jan 2025 01:11:08 GMT Zwierze zostało położone na (9, 7)
19 Jan 2025 01:11:08 GMT Urodziło się nowe zwierzę na (9, 7)
19 Jan 2025 01:11:08 GMT Roślinka wyrosła na null
19 Jan 2025 01:11:08 GMT Roślinka wyrosła na null
19 Jan 2025 01:11:08 GMT Roślinka wyrosła na null
19 Jan 2025 01:11:08 GMT Roślinka wyrosła na null
19 Jan 2025 01:11:08 GMT Roślinka wyrosła na null
19 Jan 2025 01:11:08 GMT Roślinka wyrosła na null
19 Jan 2025 01:11:08 GMT Roślinka wyrosła na null
19 Jan 2025 01:11:08 GMT Roślinka wyrosła na null
19 Jan 2025 01:11:08 GMT Roślinka wyrosła na null
19 Jan 2025 01:11:08 GMT Roślinka wyrosła na null
19 Jan 2025 01:11:08 GMT Długość listy pozycji: 10
Lista pozycji zwierząt: {(4, 3)=[], (0, 0)=[>], (6, 7)=[], (6, 8)=[], (0, 3)=[>], (3, 8)=[], (9, 0)=[^], (0, 8)=[>, v, ^, ◣, >, >, >, ◥, ◢, ◣, ◤, ◤, ◥, ◤, ◢, >, ◥, ^], (6, 2)=[], (9, 7)=[◤, <, ◤, v, ^, ◣, >, ◣, v, <, ◥, ◢, ^, ◢, v, <, <, <, ◥, ◥, >, ◥]}
19 Jan 2025 01:11:08 GMT Zwierzę poruszyło się z (9, 3) na (0, 3)
19 Jan 2025 01:11:08 GMT Długość listy pozycji: 10
Lista pozycji zwierząt: {(4, 3)=[], (0, 0)=[^], (6, 7)=[], (6, 8)=[], (0, 3)=[>], (3, 8)=[], (9, 0)=[^], (0, 8)=[>, v, ^, ◣, >, >, >, ◥, ◢, ◣, ◤, ◤, ◥, ◤, ◢, >, ◥, ^], (6, 2)=[], (9, 7)=[◤, <, ◤, v, ^, ◣, >, ◣, v, <, ◥, ◢, ^, ◢, v, <, <, <, ◥, ◥, >, ◥]}
19 Jan 2025 01:11:08 GMT Zwierzę poruszyło się z (0, 0) na (0, 0)
19 Jan 2025 01:11:08 GMT Zwierze zostało położone na (0, 8)
19 Jan 2025 01:11:08 GMT Urodziło się nowe zwierzę na (0, 8)
19 Jan 2025 01:11:08 GMT Zwierze zostało położone na (9, 7)
19 Jan 2025 01:11:08 GMT Urodziło się nowe zwierzę na (9, 7)
19 Jan 2025 01:11:09 GMT Roślinka wyrosła na null
19 Jan 2025 01:11:09 GMT Roślinka wyrosła na null
19 Jan 2025 01:11:09 GMT Roślinka wyrosła na null
19 Jan 2025 01:11:09 GMT Roślinka wyrosła na null
19 Jan 2025 01:11:09 GMT Roślinka wyrosła na null
19 Jan 2025 01:11:09 GMT Roślinka wyrosła na null
19 Jan 2025 01:11:09 GMT Roślinka wyrosła na null
19 Jan 2025 01:11:09 GMT Roślinka wyrosła na null
19 Jan 2025 01:11:09 GMT Roślinka wyrosła na null
19 Jan 2025 01:11:09 GMT Roślinka wyrosła na null
19 Jan 2025 01:11:09 GMT Długość listy pozycji: 10
Lista pozycji zwierząt: {(4, 3)=[], (0, 0)=[^], (6, 7)=[], (6, 8)=[], (3, 8)=[], (9, 0)=[^], (0, 8)=[<, >, v, ^, ◣, >, >, >, ◥, ◢, ◣, ◤, ◤, ◥, ◤, ◢, >, ◥, ^], (9, 3)=[<], (6, 2)=[], (9, 7)=[<, ◤, <, ◤, v, ^, ◣, >, ◣, v, <, ◥, ◢, ^, ◢, v, <, <, <, ◥, ◥, >, ◥]}
19 Jan 2025 01:11:09 GMT Zwierzę poruszyło się z (0, 3) na (9, 3)
19 Jan 2025 01:11:09 GMT Długość listy pozycji: 10
Lista pozycji zwierząt: {(4, 3)=[], (0, 0)=[◥], (6, 7)=[], (6, 8)=[], (3, 8)=[], (9, 0)=[^], (0, 8)=[<, >, v, ^, ◣, >, >, >, ◥, ◢, ◣, ◤, ◤, ◥, ◤, ◢, >, ◥, ^], (9, 3)=[<], (6, 2)=[], (9, 7)=[<, ◤, <, ◤, v, ^, ◣, >, ◣, v, <, ◥, ◢, ^, ◢, v, <, <, <, ◥, ◥, >, ◥]}
19 Jan 2025 01:11:09 GMT Zwierzę poruszyło się z (0, 0) na (0, 0)
19 Jan 2025 01:11:09 GMT Zwierze zostało położone na (0, 8)
19 Jan 2025 01:11:09 GMT Urodziło się nowe zwierzę na (0, 8)
19 Jan 2025 01:11:09 GMT Zwierze zostało położone na (9, 7)
19 Jan 2025 01:11:09 GMT Urodziło się nowe zwierzę na (9, 7)
19 Jan 2025 01:11:09 GMT Roślinka wyrosła na null
19 Jan 2025 01:11:09 GMT Roślinka wyrosła na null
19 Jan 2025 01:11:09 GMT Roślinka wyrosła na null
19 Jan 2025 01:11:09 GMT Roślinka wyrosła na null
19 Jan 2025 01:11:09 GMT Roślinka wyrosła na null
19 Jan 2025 01:11:09 GMT Roślinka wyrosła na null
19 Jan 2025 01:11:09 GMT Roślinka wyrosła na null
19 Jan 2025 01:11:10 GMT Roślinka wyrosła na null
19 Jan 2025 01:11:10 GMT Roślinka wyrosła na null
19 Jan 2025 01:11:10 GMT Roślinka wyrosła na null
19 Jan 2025 01:11:10 GMT Długość listy pozycji: 10
Lista pozycji zwierząt: {(4, 3)=[], (0, 0)=[◥], (6, 7)=[], (0, 2)=[◢], (6, 8)=[], (3, 8)=[], (9, 0)=[^], (0, 8)=[◤, <, >, v, ^, ◣, >, >, >, ◥, ◢, ◣, ◤, ◤, ◥, ◤, ◢, >, ◥, ^], (6, 2)=[], (9, 7)=[◢, <, ◤, <, ◤, v, ^, ◣, >, ◣, v, <, ◥, ◢, ^, ◢, v, <, <, <, ◥, ◥, >, ◥]}
19 Jan 2025 01:11:10 GMT Zwierzę poruszyło się z (9, 3) na (0, 2)
19 Jan 2025 01:11:10 GMT Długość listy pozycji: 10
Lista pozycji zwierząt: {(4, 3)=[], (0, 0)=[^], (6, 7)=[], (0, 2)=[◢], (6, 8)=[], (3, 8)=[], (9, 0)=[^], (0, 8)=[◤, <, >, v, ^, ◣, >, >, >, ◥, ◢, ◣, ◤, ◤, ◥, ◤, ◢, >, ◥, ^], (6, 2)=[], (9, 7)=[◢, <, ◤, <, ◤, v, ^, ◣, >, ◣, v, <, ◥, ◢, ^, ◢, v, <, <, <, ◥, ◥, >, ◥]}
19 Jan 2025 01:11:10 GMT Zwierzę poruszyło się z (0, 0) na (0, 0)
19 Jan 2025 01:11:10 GMT Zwierze zostało położone na (0, 8)
19 Jan 2025 01:11:10 GMT Urodziło się nowe zwierzę na (0, 8)
19 Jan 2025 01:11:10 GMT Zwierze zostało położone na (9, 7)
19 Jan 2025 01:11:10 GMT Urodziło się nowe zwierzę na (9, 7)
19 Jan 2025 01:11:10 GMT Roślinka wyrosła na null
19 Jan 2025 01:11:10 GMT Roślinka wyrosła na null
19 Jan 2025 01:11:10 GMT Roślinka wyrosła na null
19 Jan 2025 01:11:10 GMT Roślinka wyrosła na null
19 Jan 2025 01:11:10 GMT Roślinka wyrosła na null
19 Jan 2025 01:11:10 GMT Roślinka wyrosła na null
19 Jan 2025 01:11:10 GMT Roślinka wyrosła na null
19 Jan 2025 01:11:10 GMT Roślinka wyrosła na null
19 Jan 2025 01:11:10 GMT Roślinka wyrosła na null
19 Jan 2025 01:11:10 GMT Roślinka wyrosła na null
19 Jan 2025 01:11:11 GMT Długość listy pozycji: 10
Lista pozycji zwierząt: {(4, 3)=[], (0, 0)=[^], (6, 7)=[], (0, 2)=[^], (6, 8)=[], (3, 8)=[], (9, 0)=[^], (0, 8)=[v, ◤, <, >, v, ^, ◣, >, >, >, ◥, ◢, ◣, ◤, ◤, ◥, ◤, ◢, >, ◥, ^], (6, 2)=[], (9, 7)=[>, ◢, <, ◤, <, ◤, v, ^, ◣, >, ◣, v, <, ◥, ◢, ^, ◢, v, <, <, <, ◥, ◥, >, ◥]}
19 Jan 2025 01:11:11 GMT Zwierzę poruszyło się z (0, 2) na (0, 2)
19 Jan 2025 01:11:11 GMT Długość listy pozycji: 10
Lista pozycji zwierząt: {(4, 3)=[], (6, 7)=[], (0, 2)=[^], (6, 8)=[], (3, 8)=[], (9, 0)=[^], (9, 1)=[◤], (0, 8)=[v, ◤, <, >, v, ^, ◣, >, >, >, ◥, ◢, ◣, ◤, ◤, ◥, ◤, ◢, >, ◥, ^], (6, 2)=[], (9, 7)=[>, ◢, <, ◤, <, ◤, v, ^, ◣, >, ◣, v, <, ◥, ◢, ^, ◢, v, <, <, <, ◥, ◥, >, ◥]}
19 Jan 2025 01:11:11 GMT Zwierzę poruszyło się z (0, 0) na (9, 1)
19 Jan 2025 01:11:11 GMT Zwierze zostało położone na (0, 8)
19 Jan 2025 01:11:11 GMT Urodziło się nowe zwierzę na (0, 8)
19 Jan 2025 01:11:11 GMT Zwierze zostało położone na (9, 7)
19 Jan 2025 01:11:11 GMT Urodziło się nowe zwierzę na (9, 7)
19 Jan 2025 01:11:11 GMT Roślinka wyrosła na null
19 Jan 2025 01:11:11 GMT Roślinka wyrosła na null
19 Jan 2025 01:11:11 GMT Roślinka wyrosła na null
19 Jan 2025 01:11:11 GMT Roślinka wyrosła na null
19 Jan 2025 01:11:12 GMT Roślinka wyrosła na null
19 Jan 2025 01:11:12 GMT Roślinka wyrosła na null
19 Jan 2025 01:11:12 GMT Roślinka wyrosła na null
19 Jan 2025 01:11:12 GMT Roślinka wyrosła na null
19 Jan 2025 01:11:12 GMT Roślinka wyrosła na null
19 Jan 2025 01:11:12 GMT Roślinka wyrosła na null
19 Jan 2025 01:11:12 GMT Długość listy pozycji: 10
Lista pozycji zwierząt: {(4, 3)=[], (6, 7)=[], (0, 2)=[◥], (6, 8)=[], (3, 8)=[], (9, 0)=[^], (9, 1)=[◤], (0, 8)=[v, v, ◤, <, >, v, ^, ◣, >, >, >, ◥, ◢, ◣, ◤, ◤, ◥, ◤, ◢, >, ◥, ^], (6, 2)=[], (9, 7)=[<, >, ◢, <, ◤, <, ◤, v, ^, ◣, >, ◣, v, <, ◥, ◢, ^, ◢, v, <, <, <, ◥, ◥, >, ◥]}
19 Jan 2025 01:11:12 GMT Zwierzę poruszyło się z (0, 2) na (0, 2)
19 Jan 2025 01:11:12 GMT Długość listy pozycji: 10
Lista pozycji zwierząt: {(4, 3)=[], (6, 7)=[], (0, 2)=[◥], (6, 8)=[], (3, 8)=[], (9, 0)=[^], (9, 1)=[<], (0, 8)=[v, v, ◤, <, >, v, ^, ◣, >, >, >, ◥, ◢, ◣, ◤, ◤, ◥, ◤, ◢, >, ◥, ^], (6, 2)=[], (9, 7)=[<, >, ◢, <, ◤, <, ◤, v, ^, ◣, >, ◣, v, <, ◥, ◢, ^, ◢, v, <, <, <, ◥, ◥, >, ◥]}
19 Jan 2025 01:11:12 GMT Zwierzę poruszyło się z (9, 1) na (9, 1)
19 Jan 2025 01:11:12 GMT Zwierze zostało położone na (0, 8)
19 Jan 2025 01:11:12 GMT Urodziło się nowe zwierzę na (0, 8)
19 Jan 2025 01:11:13 GMT Zwierze zostało położone na (9, 7)
19 Jan 2025 01:11:13 GMT Urodziło się nowe zwierzę na (9, 7)
19 Jan 2025 01:11:13 GMT Roślinka wyrosła na null
19 Jan 2025 01:11:13 GMT Roślinka wyrosła na null
19 Jan 2025 01:11:13 GMT Roślinka wyrosła na null
19 Jan 2025 01:11:13 GMT Roślinka wyrosła na null
19 Jan 2025 01:11:13 GMT Roślinka wyrosła na null
19 Jan 2025 01:11:13 GMT Roślinka wyrosła na null
19 Jan 2025 01:11:13 GMT Roślinka wyrosła na null
19 Jan 2025 01:11:13 GMT Roślinka wyrosła na null
19 Jan 2025 01:11:13 GMT Roślinka wyrosła na null
19 Jan 2025 01:11:13 GMT Roślinka wyrosła na null
19 Jan 2025 01:11:13 GMT Długość listy pozycji: 10
Lista pozycji zwierząt: {(4, 3)=[], (6, 7)=[], (0, 2)=[◢], (6, 8)=[], (3, 8)=[], (9, 0)=[^], (9, 1)=[<], (0, 8)=[v, v, v, ◤, <, >, v, ^, ◣, >, >, >, ◥, ◢, ◣, ◤, ◤, ◥, ◤, ◢, >, ◥, ^], (6, 2)=[], (9, 7)=[>, <, >, ◢, <, ◤, <, ◤, v, ^, ◣, >, ◣, v, <, ◥, ◢, ^, ◢, v, <, <, <, ◥, ◥, >, ◥]}
19 Jan 2025 01:11:13 GMT Zwierzę poruszyło się z (0, 2) na (0, 2)
19 Jan 2025 01:11:13 GMT Długość listy pozycji: 10
Lista pozycji zwierząt: {(4, 3)=[], (6, 7)=[], (0, 2)=[◢], (6, 8)=[], (3, 8)=[], (9, 0)=[^], (9, 1)=[^], (0, 8)=[v, v, v, ◤, <, >, v, ^, ◣, >, >, >, ◥, ◢, ◣, ◤, ◤, ◥, ◤, ◢, >, ◥, ^], (6, 2)=[], (9, 7)=[>, <, >, ◢, <, ◤, <, ◤, v, ^, ◣, >, ◣, v, <, ◥, ◢, ^, ◢, v, <, <, <, ◥, ◥, >, ◥]}
19 Jan 2025 01:11:13 GMT Zwierzę poruszyło się z (9, 1) na (9, 1)
19 Jan 2025 01:11:14 GMT Zwierze zostało położone na (0, 8)
19 Jan 2025 01:11:14 GMT Urodziło się nowe zwierzę na (0, 8)
19 Jan 2025 01:11:14 GMT Zwierze zostało położone na (9, 7)
19 Jan 2025 01:11:14 GMT Urodziło się nowe zwierzę na (9, 7)
19 Jan 2025 01:11:15 GMT Roślinka wyrosła na null
19 Jan 2025 01:11:15 GMT Roślinka wyrosła na null
19 Jan 2025 01:11:15 GMT Roślinka wyrosła na null
19 Jan 2025 01:11:15 GMT Roślinka wyrosła na null
19 Jan 2025 01:11:15 GMT Roślinka wyrosła na null
19 Jan 2025 01:11:15 GMT Roślinka wyrosła na null
19 Jan 2025 01:11:15 GMT Roślinka wyrosła na null
19 Jan 2025 01:11:15 GMT Roślinka wyrosła na null
19 Jan 2025 01:11:15 GMT Roślinka wyrosła na null
19 Jan 2025 01:11:15 GMT Roślinka wyrosła na null
19 Jan 2025 01:11:15 GMT Długość listy pozycji: 10
Lista pozycji zwierząt: {(4, 3)=[], (6, 7)=[], (0, 2)=[^], (6, 8)=[], (3, 8)=[], (9, 0)=[^], (9, 1)=[^], (0, 8)=[^, v, v, v, ◤, <, >, v, ^, ◣, >, >, >, ◥, ◢, ◣, ◤, ◤, ◥, ◤, ◢, >, ◥, ^], (6, 2)=[], (9, 7)=[v, >, <, >, ◢, <, ◤, <, ◤, v, ^, ◣, >, ◣, v, <, ◥, ◢, ^, ◢, v, <, <, <, ◥, ◥, >, ◥]}
19 Jan 2025 01:11:15 GMT Zwierzę poruszyło się z (0, 2) na (0, 2)
19 Jan 2025 01:11:15 GMT Długość listy pozycji: 10
Lista pozycji zwierząt: {(4, 3)=[], (6, 7)=[], (0, 2)=[^], (6, 8)=[], (3, 8)=[], (9, 0)=[^], (9, 1)=[v], (0, 8)=[^, v, v, v, ◤, <, >, v, ^, ◣, >, >, >, ◥, ◢, ◣, ◤, ◤, ◥, ◤, ◢, >, ◥, ^], (6, 2)=[], (9, 7)=[v, >, <, >, ◢, <, ◤, <, ◤, v, ^, ◣, >, ◣, v, <, ◥, ◢, ^, ◢, v, <, <, <, ◥, ◥, >, ◥]}
19 Jan 2025 01:11:15 GMT Zwierzę poruszyło się z (9, 1) na (9, 1)
19 Jan 2025 01:11:15 GMT Zwierze zostało położone na (0, 8)
19 Jan 2025 01:11:15 GMT Urodziło się nowe zwierzę na (0, 8)
19 Jan 2025 01:11:17 GMT Zwierze zostało położone na (9, 7)
19 Jan 2025 01:11:17 GMT Urodziło się nowe zwierzę na (9, 7)
19 Jan 2025 01:11:17 GMT Roślinka wyrosła na null
19 Jan 2025 01:11:17 GMT Roślinka wyrosła na null
19 Jan 2025 01:11:17 GMT Roślinka wyrosła na null
19 Jan 2025 01:11:17 GMT Roślinka wyrosła na null
19 Jan 2025 01:11:17 GMT Roślinka wyrosła na null
19 Jan 2025 01:11:17 GMT Roślinka wyrosła na null
19 Jan 2025 01:11:17 GMT Roślinka wyrosła na null
19 Jan 2025 01:11:17 GMT Roślinka wyrosła na null
19 Jan 2025 01:11:17 GMT Roślinka wyrosła na null
19 Jan 2025 01:11:17 GMT Roślinka wyrosła na null
19 Jan 2025 01:11:17 GMT Zwierzę umarło na (9, 1)
19 Jan 2025 01:11:17 GMT Długość listy pozycji: 10
Lista pozycji zwierząt: {(4, 3)=[], (6, 7)=[], (0, 2)=[◢], (6, 8)=[], (3, 8)=[], (9, 0)=[^], (9, 1)=[], (0, 8)=[◢, ^, v, v, v, ◤, <, >, v, ^, ◣, >, >, >, ◥, ◢, ◣, ◤, ◤, ◥, ◤, ◢, >, ◥, ^], (6, 2)=[], (9, 7)=[v, v, >, <, >, ◢, <, ◤, <, ◤, v, ^, ◣, >, ◣, v, <, ◥, ◢, ^, ◢, v, <, <, <, ◥, ◥, >, ◥]}
19 Jan 2025 01:11:17 GMT Zwierzę poruszyło się z (0, 2) na (0, 2)
19 Jan 2025 01:11:18 GMT Zwierze zostało położone na (0, 8)
19 Jan 2025 01:11:18 GMT Urodziło się nowe zwierzę na (0, 8)
19 Jan 2025 01:11:22 GMT Zwierze zostało położone na (9, 7)
19 Jan 2025 01:11:22 GMT Urodziło się nowe zwierzę na (9, 7)
19 Jan 2025 01:11:22 GMT Roślinka wyrosła na null
19 Jan 2025 01:11:22 GMT Roślinka wyrosła na null
19 Jan 2025 01:11:22 GMT Roślinka wyrosła na null
19 Jan 2025 01:11:22 GMT Roślinka wyrosła na null
19 Jan 2025 01:11:22 GMT Roślinka wyrosła na null
19 Jan 2025 01:11:22 GMT Roślinka wyrosła na null
19 Jan 2025 01:11:22 GMT Roślinka wyrosła na null
19 Jan 2025 01:11:22 GMT Roślinka wyrosła na null
19 Jan 2025 01:11:22 GMT Roślinka wyrosła na null
19 Jan 2025 01:11:22 GMT Roślinka wyrosła na null
19 Jan 2025 01:11:22 GMT Długość listy pozycji: 10
Lista pozycji zwierząt: {(4, 3)=[], (6, 7)=[], (6, 8)=[], (3, 8)=[], (9, 0)=[^], (9, 1)=[], (0, 8)=[◢, ◢, ^, v, v, v, ◤, <, >, v, ^, ◣, >, >, >, ◥, ◢, ◣, ◤, ◤, ◥, ◤, ◢, >, ◥, ^], (9, 3)=[◤], (6, 2)=[], (9, 7)=[◢, v, v, >, <, >, ◢, <, ◤, <, ◤, v, ^, ◣, >, ◣, v, <, ◥, ◢, ^, ◢, v, <, <, <, ◥, ◥, >, ◥]}
19 Jan 2025 01:11:22 GMT Zwierzę poruszyło się z (0, 2) na (9, 3)
19 Jan 2025 01:11:23 GMT Zwierze zostało położone na (0, 8)
19 Jan 2025 01:11:23 GMT Urodziło się nowe zwierzę na (0, 8)
19 Jan 2025 01:11:29 GMT Zwierze zostało położone na (9, 7)
19 Jan 2025 01:11:29 GMT Urodziło się nowe zwierzę na (9, 7)
19 Jan 2025 01:11:29 GMT Roślinka wyrosła na null
19 Jan 2025 01:11:29 GMT Roślinka wyrosła na null
19 Jan 2025 01:11:29 GMT Roślinka wyrosła na null
19 Jan 2025 01:11:29 GMT Roślinka wyrosła na null
19 Jan 2025 01:11:29 GMT Roślinka wyrosła na null
19 Jan 2025 01:11:29 GMT Roślinka wyrosła na null
19 Jan 2025 01:11:29 GMT Roślinka wyrosła na null
19 Jan 2025 01:11:29 GMT Roślinka wyrosła na null
19 Jan 2025 01:11:29 GMT Roślinka wyrosła na null
19 Jan 2025 01:11:29 GMT Roślinka wyrosła na null
19 Jan 2025 01:11:30 GMT Długość listy pozycji: 10
Lista pozycji zwierząt: {(4, 3)=[], (6, 7)=[], (6, 8)=[], (3, 8)=[], (9, 0)=[^], (9, 1)=[], (0, 8)=[◥, ◢, ◢, ^, v, v, v, ◤, <, >, v, ^, ◣, >, >, >, ◥, ◢, ◣, ◤, ◤, ◥, ◤, ◢, >, ◥, ^], (9, 3)=[◣], (6, 2)=[], (9, 7)=[◤, ◢, v, v, >, <, >, ◢, <, ◤, <, ◤, v, ^, ◣, >, ◣, v, <, ◥, ◢, ^, ◢, v, <, <, <, ◥, ◥, >, ◥]}
19 Jan 2025 01:11:30 GMT Zwierzę poruszyło się z (9, 3) na (9, 3)
19 Jan 2025 01:11:31 GMT Zwierze zostało położone na (0, 8)
19 Jan 2025 01:11:31 GMT Urodziło się nowe zwierzę na (0, 8)
19 Jan 2025 01:11:58 GMT Zwierze zostało położone na (9, 7)
19 Jan 2025 01:11:58 GMT Urodziło się nowe zwierzę na (9, 7)
19 Jan 2025 01:11:58 GMT Roślinka wyrosła na null
19 Jan 2025 01:11:58 GMT Roślinka wyrosła na null
19 Jan 2025 01:11:58 GMT Roślinka wyrosła na null
19 Jan 2025 01:11:58 GMT Roślinka wyrosła na null
19 Jan 2025 01:11:58 GMT Roślinka wyrosła na null
19 Jan 2025 01:11:58 GMT Roślinka wyrosła na null
19 Jan 2025 01:11:58 GMT Roślinka wyrosła na null
19 Jan 2025 01:11:58 GMT Roślinka wyrosła na null
19 Jan 2025 01:11:58 GMT Roślinka wyrosła na null
19 Jan 2025 01:11:58 GMT Roślinka wyrosła na null
19 Jan 2025 01:11:59 GMT Długość listy pozycji: 10
Lista pozycji zwierząt: {(4, 3)=[], (6, 7)=[], (6, 8)=[], (0, 4)=[◥], (3, 8)=[], (9, 0)=[^], (9, 1)=[], (0, 8)=[>, ◥, ◢, ◢, ^, v, v, v, ◤, <, >, v, ^, ◣, >, >, >, ◥, ◢, ◣, ◤, ◤, ◥, ◤, ◢, >, ◥, ^], (6, 2)=[], (9, 7)=[◢, ◤, ◢, v, v, >, <, >, ◢, <, ◤, <, ◤, v, ^, ◣, >, ◣, v, <, ◥, ◢, ^, ◢, v, <, <, <, ◥, ◥, >, ◥]}
19 Jan 2025 01:11:59 GMT Zwierzę poruszyło się z (9, 3) na (0, 4)
19 Jan 2025 01:11:59 GMT Zwierzę zjadło roślinkę na (0, 4)
19 Jan 2025 01:12:10 GMT Zwierze zostało położone na (0, 8)
19 Jan 2025 01:12:10 GMT Urodziło się nowe zwierzę na (0, 8)
19 Jan 2025 01:12:55 GMT Zwierze zostało położone na (9, 7)
19 Jan 2025 01:12:55 GMT Urodziło się nowe zwierzę na (9, 7)
19 Jan 2025 01:12:55 GMT Roślinka wyrosła na null
19 Jan 2025 01:12:55 GMT Roślinka wyrosła na null
19 Jan 2025 01:12:55 GMT Roślinka wyrosła na null
19 Jan 2025 01:12:55 GMT Roślinka wyrosła na null
19 Jan 2025 01:12:55 GMT Roślinka wyrosła na null
19 Jan 2025 01:12:55 GMT Roślinka wyrosła na null
19 Jan 2025 01:12:55 GMT Roślinka wyrosła na null
19 Jan 2025 01:12:55 GMT Roślinka wyrosła na null
19 Jan 2025 01:12:55 GMT Roślinka wyrosła na null
19 Jan 2025 01:12:55 GMT Roślinka wyrosła na null
19 Jan 2025 01:12:56 GMT Długość listy pozycji: 10
Lista pozycji zwierząt: {(4, 3)=[], (6, 7)=[], (6, 8)=[], (3, 8)=[], (9, 0)=[^], (9, 1)=[], (0, 8)=[v, >, ◥, ◢, ◢, ^, v, v, v, ◤, <, >, v, ^, ◣, >, >, >, ◥, ◢, ◣, ◤, ◤, ◥, ◤, ◢, >, ◥, ^], (9, 3)=[◣], (6, 2)=[], (9, 7)=[v, ◢, ◤, ◢, v, v, >, <, >, ◢, <, ◤, <, ◤, v, ^, ◣, >, ◣, v, <, ◥, ◢, ^, ◢, v, <, <, <, ◥, ◥, >, ◥]}
19 Jan 2025 01:12:56 GMT Zwierzę poruszyło się z (0, 4) na (9, 3)
19 Jan 2025 01:13:02 GMT Zwierze zostało położone na (0, 8)
19 Jan 2025 01:13:02 GMT Urodziło się nowe zwierzę na (0, 8)
