16 Jan 2025 22:52:21 GMT Zwierze zostało położone na (6, 8)
16 Jan 2025 22:52:21 GMT Zwierze zostało położone na (4, 6)
16 Jan 2025 22:52:21 GMT Zwierze zostało położone na (5, 3)
16 Jan 2025 22:52:22 GMT Zwierze zostało położone na (8, 8)
16 Jan 2025 22:52:22 GMT Zwierze zostało położone na (1, 5)
16 Jan 2025 22:52:22 GMT Zwierze zostało położone na (3, 2)
16 Jan 2025 22:52:22 GMT Zwierze zostało położone na (3, 7)
16 Jan 2025 22:52:22 GMT Zwierze zostało położone na (1, 1)
16 Jan 2025 22:52:22 GMT Zwierze zostało położone na (3, 8)
16 Jan 2025 22:52:22 GMT Zwierze zostało położone na (4, 0)
16 Jan 2025 22:52:22 GMT Długość listy pozycji: 10
Lista pozycji zwierząt: {(3, 2)=[◢], (1, 1)=[v], (8, 8)=[◢], (6, 7)=[v], (4, 6)=[◥], (3, 7)=[v], (1, 5)=[v], (3, 8)=[◣], (4, 0)=[^], (5, 3)=[◢]}
16 Jan 2025 22:52:22 GMT Zwierzę poruszyło się z (6, 8) na (6, 7)
16 Jan 2025 22:52:22 GMT Długość listy pozycji: 10
Lista pozycji zwierząt: {(3, 2)=[◢], (1, 1)=[v], (8, 8)=[◢], (5, 6)=[>], (6, 7)=[v], (3, 7)=[v], (1, 5)=[v], (3, 8)=[◣], (4, 0)=[^], (5, 3)=[◢]}
16 Jan 2025 22:52:22 GMT Zwierzę poruszyło się z (4, 6) na (5, 6)
16 Jan 2025 22:52:22 GMT Długość listy pozycji: 10
Lista pozycji zwierząt: {(4, 3)=[<], (3, 2)=[◢], (1, 1)=[v], (8, 8)=[◢], (5, 6)=[>], (6, 7)=[v], (3, 7)=[v], (1, 5)=[v], (3, 8)=[◣], (4, 0)=[^]}
16 Jan 2025 22:52:22 GMT Zwierzę poruszyło się z (5, 3) na (4, 3)
16 Jan 2025 22:52:22 GMT Długość listy pozycji: 10
Lista pozycji zwierząt: {(4, 3)=[<], (3, 2)=[◢], (1, 1)=[v], (7, 8)=[<], (5, 6)=[>], (6, 7)=[v], (3, 7)=[v], (1, 5)=[v], (3, 8)=[◣], (4, 0)=[^]}
16 Jan 2025 22:52:22 GMT Zwierzę poruszyło się z (8, 8) na (7, 8)
16 Jan 2025 22:52:22 GMT Długość listy pozycji: 10
Lista pozycji zwierząt: {(4, 3)=[<], (3, 2)=[◢], (1, 1)=[v], (7, 8)=[<], (5, 6)=[>], (6, 7)=[v], (3, 7)=[v], (1, 6)=[^], (3, 8)=[◣], (4, 0)=[^]}
16 Jan 2025 22:52:22 GMT Zwierzę poruszyło się z (1, 5) na (1, 6)
16 Jan 2025 22:52:23 GMT Długość listy pozycji: 10
Lista pozycji zwierząt: {(4, 3)=[<], (2, 2)=[<], (1, 1)=[v], (7, 8)=[<], (5, 6)=[>], (6, 7)=[v], (3, 7)=[v], (1, 6)=[^], (3, 8)=[◣], (4, 0)=[^]}
16 Jan 2025 22:52:23 GMT Zwierzę poruszyło się z (3, 2) na (2, 2)
16 Jan 2025 22:52:23 GMT Długość listy pozycji: 9
Lista pozycji zwierząt: {(4, 3)=[<], (2, 2)=[<], (1, 1)=[v], (7, 8)=[<], (5, 6)=[>], (6, 7)=[v], (1, 6)=[^], (3, 8)=[◣, ^], (4, 0)=[^]}
16 Jan 2025 22:52:23 GMT Zwierzę poruszyło się z (3, 7) na (3, 8)
16 Jan 2025 22:52:23 GMT Długość listy pozycji: 9
Lista pozycji zwierząt: {(4, 3)=[<], (2, 2)=[<], (1, 2)=[^], (7, 8)=[<], (5, 6)=[>], (6, 7)=[v], (1, 6)=[^], (3, 8)=[◣, ^], (4, 0)=[^]}
16 Jan 2025 22:52:23 GMT Zwierzę poruszyło się z (1, 1) na (1, 2)
16 Jan 2025 22:52:23 GMT Długość listy pozycji: 10
Lista pozycji zwierząt: {(4, 3)=[<], (2, 2)=[<], (1, 2)=[^], (7, 8)=[<], (5, 6)=[>], (6, 7)=[v], (4, 8)=[>], (1, 6)=[^], (3, 8)=[^], (4, 0)=[^]}
16 Jan 2025 22:52:23 GMT Zwierzę poruszyło się z (3, 8) na (4, 8)
16 Jan 2025 22:52:23 GMT Długość listy pozycji: 10
Lista pozycji zwierząt: {(4, 3)=[<], (2, 2)=[<], (1, 2)=[^], (7, 8)=[<], (5, 6)=[>], (6, 7)=[v], (4, 8)=[>], (1, 6)=[^], (3, 8)=[^], (4, 1)=[^]}
16 Jan 2025 22:52:23 GMT Zwierzę poruszyło się z (4, 0) na (4, 1)
16 Jan 2025 22:52:23 GMT Zwierzę zjadło roślinkę na (5, 6)
16 Jan 2025 22:52:23 GMT Roślinka wyrosła na (6, 5)
16 Jan 2025 22:52:23 GMT Roślinka wyrosła na (0, 5)
16 Jan 2025 22:52:23 GMT Roślinka wyrosła na (3, 5)
16 Jan 2025 22:52:23 GMT Roślinka wyrosła na (1, 5)
16 Jan 2025 22:52:23 GMT Roślinka wyrosła na (3, 8)
16 Jan 2025 22:52:23 GMT Roślinka wyrosła na (0, 6)
16 Jan 2025 22:52:23 GMT Roślinka wyrosła na (0, 7)
16 Jan 2025 22:52:23 GMT Roślinka wyrosła na (9, 5)
16 Jan 2025 22:52:23 GMT Roślinka wyrosła na (5, 5)
16 Jan 2025 22:52:23 GMT Roślinka wyrosła na (4, 5)
16 Jan 2025 22:52:24 GMT Długość listy pozycji: 10
Lista pozycji zwierząt: {(4, 3)=[<], (7, 7)=[>], (2, 2)=[<], (1, 2)=[^], (7, 8)=[<], (5, 6)=[>], (4, 8)=[>], (1, 6)=[^], (3, 8)=[^], (4, 1)=[^]}
16 Jan 2025 22:52:24 GMT Zwierzę poruszyło się z (6, 7) na (7, 7)
16 Jan 2025 22:52:24 GMT Długość listy pozycji: 10
Lista pozycji zwierząt: {(6, 5)=[◢], (4, 3)=[<], (7, 7)=[>], (2, 2)=[<], (1, 2)=[^], (7, 8)=[<], (4, 8)=[>], (1, 6)=[^], (3, 8)=[^], (4, 1)=[^]}
16 Jan 2025 22:52:24 GMT Zwierzę poruszyło się z (5, 6) na (6, 5)
16 Jan 2025 22:52:24 GMT Długość listy pozycji: 10
Lista pozycji zwierząt: {(5, 4)=[◥], (6, 5)=[◢], (7, 7)=[>], (2, 2)=[<], (1, 2)=[^], (7, 8)=[<], (4, 8)=[>], (1, 6)=[^], (3, 8)=[^], (4, 1)=[^]}
16 Jan 2025 22:52:24 GMT Zwierzę poruszyło się z (4, 3) na (5, 4)
16 Jan 2025 22:52:24 GMT Długość listy pozycji: 10
Lista pozycji zwierząt: {(5, 4)=[◥], (6, 5)=[◢], (7, 7)=[>], (2, 2)=[<], (8, 9)=[◥], (1, 2)=[^], (4, 8)=[>], (1, 6)=[^], (3, 8)=[^], (4, 1)=[^]}
16 Jan 2025 22:52:24 GMT Zwierzę poruszyło się z (7, 8) na (8, 9)
16 Jan 2025 22:52:24 GMT Długość listy pozycji: 10
Lista pozycji zwierząt: {(5, 4)=[◥], (6, 5)=[◢], (7, 7)=[>], (2, 2)=[<], (8, 9)=[◥], (1, 2)=[^], (1, 5)=[v], (4, 8)=[>], (3, 8)=[^], (4, 1)=[^]}
16 Jan 2025 22:52:24 GMT Zwierzę poruszyło się z (1, 6) na (1, 5)
16 Jan 2025 22:52:24 GMT Długość listy pozycji: 10
Lista pozycji zwierząt: {(5, 4)=[◥], (6, 5)=[◢], (3, 3)=[◥], (7, 7)=[>], (8, 9)=[◥], (1, 2)=[^], (1, 5)=[v], (4, 8)=[>], (3, 8)=[^], (4, 1)=[^]}
16 Jan 2025 22:52:24 GMT Zwierzę poruszyło się z (2, 2) na (3, 3)
16 Jan 2025 22:52:24 GMT Długość listy pozycji: 10
Lista pozycji zwierząt: {(5, 4)=[◥], (6, 5)=[◢], (3, 3)=[◥], (7, 7)=[>], (8, 9)=[◥], (1, 2)=[^], (3, 7)=[v], (1, 5)=[v], (4, 8)=[>], (4, 1)=[^]}
16 Jan 2025 22:52:24 GMT Zwierzę poruszyło się z (3, 8) na (3, 7)
16 Jan 2025 22:52:24 GMT Długość listy pozycji: 10
Lista pozycji zwierząt: {(5, 4)=[◥], (6, 5)=[◢], (1, 1)=[v], (3, 3)=[◥], (7, 7)=[>], (8, 9)=[◥], (3, 7)=[v], (1, 5)=[v], (4, 8)=[>], (4, 1)=[^]}
16 Jan 2025 22:52:24 GMT Zwierzę poruszyło się z (1, 2) na (1, 1)
16 Jan 2025 22:52:24 GMT Długość listy pozycji: 10
Lista pozycji zwierząt: {(5, 4)=[◥], (6, 5)=[◢], (1, 1)=[v], (3, 3)=[◥], (7, 7)=[>], (8, 9)=[◥], (3, 7)=[v], (1, 5)=[v], (3, 9)=[◤], (4, 1)=[^]}
16 Jan 2025 22:52:24 GMT Zwierzę poruszyło się z (4, 8) na (3, 9)
16 Jan 2025 22:52:24 GMT Długość listy pozycji: 10
Lista pozycji zwierząt: {(5, 4)=[◥], (6, 5)=[◢], (1, 1)=[v], (3, 3)=[◥], (7, 7)=[>], (8, 9)=[◥], (3, 7)=[v], (1, 5)=[v], (3, 9)=[◤], (4, 2)=[^]}
16 Jan 2025 22:52:25 GMT Zwierzę poruszyło się z (4, 1) na (4, 2)
16 Jan 2025 22:52:25 GMT Zwierzę zjadło roślinkę na (6, 5)
16 Jan 2025 22:52:25 GMT Zwierzę zjadło roślinkę na (3, 3)
16 Jan 2025 22:52:25 GMT Zwierzę zjadło roślinkę na (1, 5)
16 Jan 2025 22:52:25 GMT Roślinka wyrosła na (2, 5)
16 Jan 2025 22:52:25 GMT Roślinka wyrosła na (7, 5)
16 Jan 2025 22:52:25 GMT Roślinka wyrosła na (1, 6)
16 Jan 2025 22:52:25 GMT Roślinka wyrosła na (2, 6)
16 Jan 2025 22:52:25 GMT Roślinka wyrosła na (6, 6)
16 Jan 2025 22:52:25 GMT Roślinka wyrosła na (7, 7)
16 Jan 2025 22:52:25 GMT Roślinka wyrosła na (6, 2)
16 Jan 2025 22:52:25 GMT Roślinka wyrosła na (3, 1)
16 Jan 2025 22:52:25 GMT Roślinka wyrosła na (5, 9)
16 Jan 2025 22:52:25 GMT Roślinka wyrosła na (1, 1)
16 Jan 2025 22:52:25 GMT Długość listy pozycji: 10
Lista pozycji zwierząt: {(5, 4)=[◥], (6, 5)=[◢], (1, 1)=[v], (3, 3)=[◥], (7, 8)=[^], (8, 9)=[◥], (3, 7)=[v], (1, 5)=[v], (3, 9)=[◤], (4, 2)=[^]}
16 Jan 2025 22:52:25 GMT Zwierzę poruszyło się z (7, 7) na (7, 8)
16 Jan 2025 22:52:25 GMT Długość listy pozycji: 10
Lista pozycji zwierząt: {(5, 4)=[◥], (1, 1)=[v], (3, 3)=[◥], (7, 8)=[^], (8, 9)=[◥], (3, 7)=[v], (1, 5)=[v], (3, 9)=[◤], (6, 4)=[v], (4, 2)=[^]}
16 Jan 2025 22:52:25 GMT Zwierzę poruszyło się z (6, 5) na (6, 4)
16 Jan 2025 22:52:25 GMT Długość listy pozycji: 10
Lista pozycji zwierząt: {(1, 1)=[v], (3, 3)=[◥], (7, 8)=[^], (8, 9)=[◥], (3, 7)=[v], (1, 5)=[v], (3, 9)=[◤], (5, 3)=[v], (6, 4)=[v], (4, 2)=[^]}
16 Jan 2025 22:52:25 GMT Zwierzę poruszyło się z (5, 4) na (5, 3)
16 Jan 2025 22:52:25 GMT Długość listy pozycji: 10
Lista pozycji zwierząt: {(8, 8)=[v], (1, 1)=[v], (3, 3)=[◥], (7, 8)=[^], (3, 7)=[v], (1, 5)=[v], (3, 9)=[◤], (5, 3)=[v], (6, 4)=[v], (4, 2)=[^]}
16 Jan 2025 22:52:25 GMT Zwierzę poruszyło się z (8, 9) na (8, 8)
16 Jan 2025 22:52:25 GMT Długość listy pozycji: 10
Lista pozycji zwierząt: {(8, 8)=[v], (1, 1)=[v], (3, 3)=[◥], (7, 8)=[^], (3, 7)=[v], (1, 6)=[^], (3, 9)=[◤], (5, 3)=[v], (6, 4)=[v], (4, 2)=[^]}
16 Jan 2025 22:52:25 GMT Zwierzę poruszyło się z (1, 5) na (1, 6)
16 Jan 2025 22:52:26 GMT Długość listy pozycji: 10
Lista pozycji zwierząt: {(3, 2)=[v], (8, 8)=[v], (1, 1)=[v], (7, 8)=[^], (3, 7)=[v], (1, 6)=[^], (3, 9)=[◤], (5, 3)=[v], (6, 4)=[v], (4, 2)=[^]}
16 Jan 2025 22:52:26 GMT Zwierzę poruszyło się z (3, 3) na (3, 2)
16 Jan 2025 22:52:26 GMT Długość listy pozycji: 10
Lista pozycji zwierząt: {(3, 2)=[v], (8, 8)=[v], (1, 1)=[v], (7, 8)=[^], (3, 8)=[^], (1, 6)=[^], (3, 9)=[◤], (5, 3)=[v], (6, 4)=[v], (4, 2)=[^]}
16 Jan 2025 22:52:26 GMT Zwierzę poruszyło się z (3, 7) na (3, 8)
16 Jan 2025 22:52:26 GMT Długość listy pozycji: 10
Lista pozycji zwierząt: {(3, 2)=[v], (8, 8)=[v], (1, 2)=[^], (7, 8)=[^], (3, 8)=[^], (1, 6)=[^], (3, 9)=[◤], (5, 3)=[v], (6, 4)=[v], (4, 2)=[^]}
16 Jan 2025 22:52:26 GMT Zwierzę poruszyło się z (1, 1) na (1, 2)
16 Jan 2025 22:52:26 GMT Długość listy pozycji: 9
Lista pozycji zwierząt: {(3, 2)=[v], (8, 8)=[v], (1, 2)=[^], (7, 8)=[^], (3, 8)=[^, v], (1, 6)=[^], (5, 3)=[v], (6, 4)=[v], (4, 2)=[^]}
16 Jan 2025 22:52:26 GMT Zwierzę poruszyło się z (3, 9) na (3, 8)
16 Jan 2025 22:52:26 GMT Długość listy pozycji: 9
Lista pozycji zwierząt: {(4, 3)=[^], (3, 2)=[v], (8, 8)=[v], (1, 2)=[^], (7, 8)=[^], (3, 8)=[^, v], (1, 6)=[^], (5, 3)=[v], (6, 4)=[v]}
16 Jan 2025 22:52:26 GMT Zwierzę poruszyło się z (4, 2) na (4, 3)
16 Jan 2025 22:52:26 GMT Zwierzę zjadło roślinkę na (3, 8)
16 Jan 2025 22:52:26 GMT Zwierzę zjadło roślinkę na (1, 6)
16 Jan 2025 22:52:26 GMT Zwierzę zjadło roślinkę na (6, 4)
16 Jan 2025 22:52:26 GMT Zwierze zostało położone na (3, 8)
16 Jan 2025 22:52:26 GMT Urodziło się nowe zwierzę na (3, 8)
16 Jan 2025 22:52:26 GMT Roślinka wyrosła na (9, 4)
16 Jan 2025 22:52:26 GMT Roślinka wyrosła na (8, 0)
16 Jan 2025 22:52:26 GMT Roślinka wyrosła na (5, 0)
16 Jan 2025 22:52:26 GMT Roślinka wyrosła na (0, 9)
16 Jan 2025 22:52:26 GMT Roślinka wyrosła na (0, 1)
16 Jan 2025 22:52:26 GMT Roślinka wyrosła na (4, 9)
16 Jan 2025 22:52:26 GMT Roślinka wyrosła na (7, 1)
16 Jan 2025 22:52:26 GMT Roślinka wyrosła na (9, 7)
16 Jan 2025 22:52:26 GMT Roślinka wyrosła na (5, 1)
16 Jan 2025 22:52:26 GMT Roślinka wyrosła na (8, 4)
16 Jan 2025 22:52:27 GMT Zwierzę umarło na (3, 8)
16 Jan 2025 22:52:27 GMT Długość listy pozycji: 9
Lista pozycji zwierząt: {(4, 3)=[^], (3, 2)=[v], (8, 8)=[v], (1, 2)=[^], (6, 8)=[<], (3, 8)=[◣, v], (1, 6)=[^], (5, 3)=[v], (6, 4)=[v]}
16 Jan 2025 22:52:27 GMT Zwierzę poruszyło się z (7, 8) na (6, 8)
16 Jan 2025 22:52:27 GMT Długość listy pozycji: 8
Lista pozycji zwierząt: {(4, 3)=[^], (3, 2)=[v], (8, 8)=[v], (1, 2)=[^], (6, 8)=[<], (3, 8)=[◣, v], (1, 6)=[^], (5, 3)=[◣, v]}
16 Jan 2025 22:52:27 GMT Zwierzę poruszyło się z (6, 4) na (5, 3)
16 Jan 2025 22:52:27 GMT Długość listy pozycji: 9
Lista pozycji zwierząt: {(4, 3)=[^], (3, 2)=[v], (4, 4)=[◤], (8, 8)=[v], (1, 2)=[^], (6, 8)=[<], (3, 8)=[◣, v], (1, 6)=[^], (5, 3)=[◣]}
16 Jan 2025 22:52:27 GMT Zwierzę poruszyło się z (5, 3) na (4, 4)
16 Jan 2025 22:52:27 GMT Długość listy pozycji: 9
Lista pozycji zwierząt: {(4, 3)=[^], (3, 2)=[v], (4, 4)=[◤], (1, 2)=[^], (7, 9)=[◤], (6, 8)=[<], (3, 8)=[◣, v], (1, 6)=[^], (5, 3)=[◣]}
16 Jan 2025 22:52:27 GMT Zwierzę poruszyło się z (8, 8) na (7, 9)
16 Jan 2025 22:52:27 GMT Długość listy pozycji: 9
Lista pozycji zwierząt: {(4, 3)=[^], (3, 2)=[v], (4, 4)=[◤], (1, 2)=[^], (7, 9)=[◤], (6, 8)=[<], (1, 5)=[v], (3, 8)=[◣, v], (5, 3)=[◣]}
16 Jan 2025 22:52:27 GMT Zwierzę poruszyło się z (1, 6) na (1, 5)
16 Jan 2025 22:52:27 GMT Długość listy pozycji: 9
Lista pozycji zwierząt: {(4, 3)=[^], (4, 4)=[◤], (2, 3)=[◤], (1, 2)=[^], (7, 9)=[◤], (6, 8)=[<], (1, 5)=[v], (3, 8)=[◣, v], (5, 3)=[◣]}
16 Jan 2025 22:52:27 GMT Zwierzę poruszyło się z (3, 2) na (2, 3)
16 Jan 2025 22:52:27 GMT Długość listy pozycji: 9
Lista pozycji zwierząt: {(4, 3)=[^], (1, 1)=[v], (4, 4)=[◤], (2, 3)=[◤], (7, 9)=[◤], (6, 8)=[<], (1, 5)=[v], (3, 8)=[◣, v], (5, 3)=[◣]}
16 Jan 2025 22:52:27 GMT Zwierzę poruszyło się z (1, 2) na (1, 1)
16 Jan 2025 22:52:27 GMT Długość listy pozycji: 10
Lista pozycji zwierząt: {(4, 3)=[^], (1, 1)=[v], (4, 4)=[◤], (2, 3)=[◤], (7, 9)=[◤], (6, 8)=[<], (1, 5)=[v], (4, 9)=[◥], (3, 8)=[◣], (5, 3)=[◣]}
16 Jan 2025 22:52:27 GMT Zwierzę poruszyło się z (3, 8) na (4, 9)
16 Jan 2025 22:52:27 GMT Długość listy pozycji: 9
Lista pozycji zwierząt: {(1, 1)=[v], (4, 4)=[◤, ^], (2, 3)=[◤], (7, 9)=[◤], (6, 8)=[<], (1, 5)=[v], (4, 9)=[◥], (3, 8)=[◣], (5, 3)=[◣]}
16 Jan 2025 22:52:27 GMT Zwierzę poruszyło się z (4, 3) na (4, 4)
16 Jan 2025 22:52:28 GMT Zwierzę zjadło roślinkę na (1, 1)
16 Jan 2025 22:52:28 GMT Zwierzę zjadło roślinkę na (4, 9)
16 Jan 2025 22:52:28 GMT Zwierze zostało położone na (4, 4)
16 Jan 2025 22:52:28 GMT Urodziło się nowe zwierzę na (4, 4)
16 Jan 2025 22:52:28 GMT Roślinka wyrosła na (3, 9)
16 Jan 2025 22:52:28 GMT Roślinka wyrosła na (6, 9)
16 Jan 2025 22:52:28 GMT Roślinka wyrosła na (1, 0)
16 Jan 2025 22:52:28 GMT Roślinka wyrosła na (9, 2)
16 Jan 2025 22:52:28 GMT Roślinka wyrosła na (9, 0)
16 Jan 2025 22:52:28 GMT Roślinka wyrosła na (7, 0)
16 Jan 2025 22:52:28 GMT Roślinka wyrosła na (1, 9)
16 Jan 2025 22:52:28 GMT Roślinka wyrosła na (4, 3)
16 Jan 2025 22:52:28 GMT Roślinka wyrosła na (5, 2)
16 Jan 2025 22:52:28 GMT Roślinka wyrosła na (1, 2)
16 Jan 2025 22:52:28 GMT Zwierzę umarło na (4, 4)
16 Jan 2025 22:52:28 GMT Długość listy pozycji: 9
Lista pozycji zwierząt: {(1, 1)=[v], (4, 4)=[>, ^], (6, 7)=[v], (2, 3)=[◤], (7, 9)=[◤], (1, 5)=[v], (4, 9)=[◥], (3, 8)=[◣], (5, 3)=[◣]}
16 Jan 2025 22:52:28 GMT Zwierzę poruszyło się z (6, 8) na (6, 7)
16 Jan 2025 22:52:28 GMT Długość listy pozycji: 9
Lista pozycji zwierząt: {(4, 3)=[<], (1, 1)=[v], (4, 4)=[>, ^], (6, 7)=[v], (2, 3)=[◤], (7, 9)=[◤], (1, 5)=[v], (4, 9)=[◥], (3, 8)=[◣]}
16 Jan 2025 22:52:28 GMT Zwierzę poruszyło się z (5, 3) na (4, 3)
16 Jan 2025 22:52:28 GMT Długość listy pozycji: 9
Lista pozycji zwierząt: {(4, 3)=[<], (1, 1)=[v], (4, 4)=[>, ^], (8, 9)=[>], (6, 7)=[v], (2, 3)=[◤], (1, 5)=[v], (4, 9)=[◥], (3, 8)=[◣]}
16 Jan 2025 22:52:28 GMT Zwierzę poruszyło się z (7, 9) na (8, 9)
16 Jan 2025 22:52:28 GMT Długość listy pozycji: 9
Lista pozycji zwierząt: {(4, 3)=[<], (1, 1)=[v], (4, 4)=[>, ^], (8, 9)=[>], (6, 7)=[v], (2, 3)=[◤], (1, 6)=[^], (4, 9)=[◥], (3, 8)=[◣]}
16 Jan 2025 22:52:28 GMT Zwierzę poruszyło się z (1, 5) na (1, 6)
16 Jan 2025 22:52:29 GMT Długość listy pozycji: 9
Lista pozycji zwierząt: {(4, 3)=[<], (3, 3)=[>], (1, 1)=[v], (4, 4)=[>, ^], (8, 9)=[>], (6, 7)=[v], (1, 6)=[^], (4, 9)=[◥], (3, 8)=[◣]}
16 Jan 2025 22:52:29 GMT Zwierzę poruszyło się z (2, 3) na (3, 3)
16 Jan 2025 22:52:29 GMT Długość listy pozycji: 9
Lista pozycji zwierząt: {(4, 3)=[<], (3, 3)=[>], (4, 4)=[>, ^], (1, 2)=[^], (8, 9)=[>], (6, 7)=[v], (1, 6)=[^], (4, 9)=[◥], (3, 8)=[◣]}
16 Jan 2025 22:52:29 GMT Zwierzę poruszyło się z (1, 1) na (1, 2)
16 Jan 2025 22:52:29 GMT Długość listy pozycji: 9
Lista pozycji zwierząt: {(4, 3)=[<], (3, 3)=[>], (4, 4)=[>, ^], (1, 2)=[^], (8, 9)=[>], (6, 7)=[v], (1, 6)=[^], (3, 8)=[◣], (3, 9)=[<]}
16 Jan 2025 22:52:29 GMT Zwierzę poruszyło się z (4, 9) na (3, 9)
16 Jan 2025 22:52:29 GMT Długość listy pozycji: 10
Lista pozycji zwierząt: {(4, 3)=[<], (3, 3)=[>], (4, 4)=[>], (4, 5)=[^], (1, 2)=[^], (8, 9)=[>], (6, 7)=[v], (1, 6)=[^], (3, 8)=[◣], (3, 9)=[<]}
16 Jan 2025 22:52:29 GMT Zwierzę poruszyło się z (4, 4) na (4, 5)
16 Jan 2025 22:52:29 GMT Zwierzę zjadło roślinkę na (4, 3)
16 Jan 2025 22:52:29 GMT Zwierzę zjadło roślinkę na (4, 5)
16 Jan 2025 22:52:29 GMT Zwierzę zjadło roślinkę na (1, 2)
16 Jan 2025 22:52:29 GMT Zwierzę zjadło roślinkę na (3, 9)
16 Jan 2025 22:52:29 GMT Roślinka wyrosła na (2, 2)
16 Jan 2025 22:52:29 GMT Roślinka wyrosła na (1, 3)
16 Jan 2025 22:52:29 GMT Roślinka wyrosła na (7, 3)
16 Jan 2025 22:52:29 GMT Roślinka wyrosła na (4, 4)
16 Jan 2025 22:52:29 GMT Roślinka wyrosła na (2, 0)
16 Jan 2025 22:52:29 GMT Roślinka wyrosła na (9, 3)
16 Jan 2025 22:52:29 GMT Roślinka wyrosła na (0, 3)
16 Jan 2025 22:52:29 GMT Roślinka wyrosła na (3, 4)
16 Jan 2025 22:52:29 GMT Roślinka wyrosła na (0, 4)
16 Jan 2025 22:52:29 GMT Roślinka wyrosła na (2, 8)
16 Jan 2025 22:52:29 GMT Długość listy pozycji: 10
Lista pozycji zwierząt: {(4, 3)=[<], (7, 7)=[>], (3, 3)=[>], (4, 4)=[>], (4, 5)=[^], (1, 2)=[^], (8, 9)=[>], (1, 6)=[^], (3, 8)=[◣], (3, 9)=[<]}
16 Jan 2025 22:52:29 GMT Zwierzę poruszyło się z (6, 7) na (7, 7)
16 Jan 2025 22:52:29 GMT Długość listy pozycji: 10
Lista pozycji zwierząt: {(7, 7)=[>], (3, 3)=[>], (4, 4)=[>], (3, 4)=[◤], (4, 5)=[^], (1, 2)=[^], (8, 9)=[>], (1, 6)=[^], (3, 8)=[◣], (3, 9)=[<]}
16 Jan 2025 22:52:29 GMT Zwierzę poruszyło się z (4, 3) na (3, 4)
16 Jan 2025 22:52:30 GMT Długość listy pozycji: 10
Lista pozycji zwierząt: {(7, 7)=[>], (3, 3)=[>], (4, 4)=[>], (7, 8)=[◣], (3, 4)=[◤], (4, 5)=[^], (1, 2)=[^], (1, 6)=[^], (3, 8)=[◣], (3, 9)=[<]}
16 Jan 2025 22:52:30 GMT Zwierzę poruszyło się z (8, 9) na (7, 8)
16 Jan 2025 22:52:30 GMT Długość listy pozycji: 10
Lista pozycji zwierząt: {(7, 7)=[>], (3, 3)=[>], (4, 4)=[>], (7, 8)=[◣], (3, 4)=[◤], (4, 5)=[^], (1, 2)=[^], (1, 5)=[v], (3, 8)=[◣], (3, 9)=[<]}
16 Jan 2025 22:52:30 GMT Zwierzę poruszyło się z (1, 6) na (1, 5)
16 Jan 2025 22:52:30 GMT Długość listy pozycji: 10
Lista pozycji zwierząt: {(2, 2)=[◣], (7, 7)=[>], (4, 4)=[>], (7, 8)=[◣], (3, 4)=[◤], (4, 5)=[^], (1, 2)=[^], (1, 5)=[v], (3, 8)=[◣], (3, 9)=[<]}
16 Jan 2025 22:52:30 GMT Zwierzę poruszyło się z (3, 3) na (2, 2)
16 Jan 2025 22:52:30 GMT Długość listy pozycji: 10
Lista pozycji zwierząt: {(1, 1)=[v], (2, 2)=[◣], (7, 7)=[>], (4, 4)=[>], (7, 8)=[◣], (3, 4)=[◤], (4, 5)=[^], (1, 5)=[v], (3, 8)=[◣], (3, 9)=[<]}
16 Jan 2025 22:52:30 GMT Zwierzę poruszyło się z (1, 2) na (1, 1)
16 Jan 2025 22:52:30 GMT Długość listy pozycji: 10
Lista pozycji zwierząt: {(1, 1)=[v], (2, 2)=[◣], (7, 7)=[>], (4, 4)=[>], (7, 8)=[◣], (3, 4)=[◤], (4, 5)=[^], (4, 8)=[◢], (1, 5)=[v], (3, 8)=[◣]}
16 Jan 2025 22:52:30 GMT Zwierzę poruszyło się z (3, 9) na (4, 8)
16 Jan 2025 22:52:30 GMT Długość listy pozycji: 10
Lista pozycji zwierząt: {(1, 1)=[v], (2, 2)=[◣], (7, 7)=[>], (4, 4)=[>], (7, 8)=[◣], (3, 4)=[◤], (4, 6)=[^], (4, 8)=[◢], (1, 5)=[v], (3, 8)=[◣]}
16 Jan 2025 22:52:30 GMT Zwierzę poruszyło się z (4, 5) na (4, 6)
16 Jan 2025 22:52:30 GMT Zwierzę zjadło roślinkę na (2, 2)
16 Jan 2025 22:52:30 GMT Zwierzę zjadło roślinkę na (7, 7)
16 Jan 2025 22:52:30 GMT Zwierzę zjadło roślinkę na (4, 4)
16 Jan 2025 22:52:30 GMT Zwierzę zjadło roślinkę na (3, 4)
16 Jan 2025 22:52:30 GMT Zwierzę zjadło roślinkę na (4, 6)
16 Jan 2025 22:52:30 GMT Roślinka wyrosła na (1, 7)
16 Jan 2025 22:52:30 GMT Roślinka wyrosła na (4, 1)
16 Jan 2025 22:52:31 GMT Roślinka wyrosła na (2, 7)
16 Jan 2025 22:52:31 GMT Roślinka wyrosła na (7, 2)
16 Jan 2025 22:52:31 GMT Roślinka wyrosła na (2, 4)
16 Jan 2025 22:52:31 GMT Roślinka wyrosła na (4, 7)
16 Jan 2025 22:52:31 GMT Roślinka wyrosła na (0, 2)
16 Jan 2025 22:52:31 GMT Roślinka wyrosła na (8, 1)
16 Jan 2025 22:52:31 GMT Roślinka wyrosła na (4, 2)
16 Jan 2025 22:52:31 GMT Roślinka wyrosła na (1, 8)
16 Jan 2025 22:52:31 GMT Długość listy pozycji: 9
Lista pozycji zwierząt: {(1, 1)=[v], (2, 2)=[◣], (4, 4)=[>], (7, 8)=[^, ◣], (3, 4)=[◤], (4, 6)=[^], (4, 8)=[◢], (1, 5)=[v], (3, 8)=[◣]}
16 Jan 2025 22:52:31 GMT Zwierzę poruszyło się z (7, 7) na (7, 8)
16 Jan 2025 22:52:31 GMT Długość listy pozycji: 9
Lista pozycji zwierząt: {(1, 1)=[v], (2, 2)=[◣], (4, 4)=[>], (7, 8)=[^, ◣], (3, 5)=[^], (4, 6)=[^], (4, 8)=[◢], (1, 5)=[v], (3, 8)=[◣]}
16 Jan 2025 22:52:31 GMT Zwierzę poruszyło się z (3, 4) na (3, 5)
16 Jan 2025 22:52:32 GMT Długość listy pozycji: 10
Lista pozycji zwierząt: {(1, 1)=[v], (2, 2)=[◣], (4, 4)=[>], (7, 8)=[^], (7, 9)=[^], (3, 5)=[^], (4, 6)=[^], (4, 8)=[◢], (1, 5)=[v], (3, 8)=[◣]}
16 Jan 2025 22:52:32 GMT Zwierzę poruszyło się z (7, 8) na (7, 9)
16 Jan 2025 22:52:32 GMT Długość listy pozycji: 10
Lista pozycji zwierząt: {(1, 1)=[v], (2, 2)=[◣], (4, 4)=[>], (7, 8)=[^], (7, 9)=[^], (3, 5)=[^], (4, 6)=[^], (4, 8)=[◢], (1, 6)=[^], (3, 8)=[◣]}
16 Jan 2025 22:52:32 GMT Zwierzę poruszyło się z (1, 5) na (1, 6)
16 Jan 2025 22:52:32 GMT Długość listy pozycji: 10
Lista pozycji zwierząt: {(1, 1)=[v], (4, 4)=[>], (2, 3)=[^], (7, 8)=[^], (7, 9)=[^], (3, 5)=[^], (4, 6)=[^], (4, 8)=[◢], (1, 6)=[^], (3, 8)=[◣]}
16 Jan 2025 22:52:32 GMT Zwierzę poruszyło się z (2, 2) na (2, 3)
16 Jan 2025 22:52:32 GMT Długość listy pozycji: 10
Lista pozycji zwierząt: {(4, 4)=[>], (1, 2)=[^], (2, 3)=[^], (7, 8)=[^], (7, 9)=[^], (3, 5)=[^], (4, 6)=[^], (4, 8)=[◢], (1, 6)=[^], (3, 8)=[◣]}
16 Jan 2025 22:52:32 GMT Zwierzę poruszyło się z (1, 1) na (1, 2)
16 Jan 2025 22:52:32 GMT Długość listy pozycji: 10
Lista pozycji zwierząt: {(4, 4)=[>], (1, 2)=[^], (2, 3)=[^], (7, 8)=[^], (7, 9)=[^], (3, 5)=[^], (4, 6)=[^], (4, 9)=[^], (1, 6)=[^], (3, 8)=[◣]}
16 Jan 2025 22:52:32 GMT Zwierzę poruszyło się z (4, 8) na (4, 9)
16 Jan 2025 22:52:32 GMT Długość listy pozycji: 10
Lista pozycji zwierząt: {(4, 4)=[>], (1, 2)=[^], (2, 3)=[^], (7, 8)=[^], (7, 9)=[^], (3, 5)=[^], (4, 7)=[^], (4, 9)=[^], (1, 6)=[^], (3, 8)=[◣]}
16 Jan 2025 22:52:32 GMT Zwierzę poruszyło się z (4, 6) na (4, 7)
16 Jan 2025 22:52:32 GMT Zwierzę zjadło roślinkę na (3, 5)
16 Jan 2025 22:52:32 GMT Zwierzę zjadło roślinkę na (4, 7)
16 Jan 2025 22:52:32 GMT Roślinka wyrosła na (5, 4)
16 Jan 2025 22:52:32 GMT Roślinka wyrosła na (2, 9)
16 Jan 2025 22:52:32 GMT Roślinka wyrosła na (5, 7)
16 Jan 2025 22:52:32 GMT Roślinka wyrosła na (8, 8)
16 Jan 2025 22:52:32 GMT Roślinka wyrosła na (9, 9)
16 Jan 2025 22:52:32 GMT Roślinka wyrosła na (3, 7)
16 Jan 2025 22:52:32 GMT Roślinka wyrosła na (6, 7)
16 Jan 2025 22:52:32 GMT Roślinka wyrosła na (2, 3)
16 Jan 2025 22:52:33 GMT Roślinka wyrosła na (9, 8)
16 Jan 2025 22:52:33 GMT Roślinka wyrosła na (0, 0)
16 Jan 2025 22:52:33 GMT Długość listy pozycji: 10
Lista pozycji zwierząt: {(4, 4)=[>], (1, 2)=[^], (2, 3)=[^], (6, 8)=[<], (7, 9)=[^], (3, 5)=[^], (4, 7)=[^], (4, 9)=[^], (1, 6)=[^], (3, 8)=[◣]}
16 Jan 2025 22:52:33 GMT Zwierzę poruszyło się z (7, 8) na (6, 8)
16 Jan 2025 22:52:33 GMT Długość listy pozycji: 10
Lista pozycji zwierząt: {(4, 4)=[>], (1, 2)=[^], (2, 3)=[^], (4, 6)=[◥], (6, 8)=[<], (7, 9)=[^], (4, 7)=[^], (4, 9)=[^], (1, 6)=[^], (3, 8)=[◣]}
16 Jan 2025 22:52:33 GMT Zwierzę poruszyło się z (3, 5) na (4, 6)
16 Jan 2025 22:52:33 GMT Długość listy pozycji: 10
Lista pozycji zwierząt: {(8, 8)=[◢], (4, 4)=[>], (1, 2)=[^], (2, 3)=[^], (4, 6)=[◥], (6, 8)=[<], (4, 7)=[^], (4, 9)=[^], (1, 6)=[^], (3, 8)=[◣]}
16 Jan 2025 22:52:33 GMT Zwierzę poruszyło się z (7, 9) na (8, 8)
16 Jan 2025 22:52:33 GMT Długość listy pozycji: 10
Lista pozycji zwierząt: {(8, 8)=[◢], (4, 4)=[>], (1, 2)=[^], (2, 3)=[^], (4, 6)=[◥], (6, 8)=[<], (4, 7)=[^], (1, 5)=[v], (4, 9)=[^], (3, 8)=[◣]}
16 Jan 2025 22:52:33 GMT Zwierzę poruszyło się z (1, 6) na (1, 5)
16 Jan 2025 22:52:33 GMT Długość listy pozycji: 10
Lista pozycji zwierząt: {(3, 2)=[◢], (8, 8)=[◢], (4, 4)=[>], (1, 2)=[^], (4, 6)=[◥], (6, 8)=[<], (4, 7)=[^], (1, 5)=[v], (4, 9)=[^], (3, 8)=[◣]}
16 Jan 2025 22:52:33 GMT Zwierzę poruszyło się z (2, 3) na (3, 2)
16 Jan 2025 22:52:33 GMT Długość listy pozycji: 10
Lista pozycji zwierząt: {(3, 2)=[◢], (1, 1)=[v], (8, 8)=[◢], (4, 4)=[>], (4, 6)=[◥], (6, 8)=[<], (4, 7)=[^], (1, 5)=[v], (4, 9)=[^], (3, 8)=[◣]}
16 Jan 2025 22:52:33 GMT Zwierzę poruszyło się z (1, 2) na (1, 1)
16 Jan 2025 22:52:33 GMT Długość listy pozycji: 9
Lista pozycji zwierząt: {(3, 2)=[◢], (1, 1)=[v], (8, 8)=[◢], (4, 4)=[>], (4, 6)=[◥], (6, 8)=[<], (4, 7)=[^], (1, 5)=[v], (3, 8)=[◣, ◣]}
16 Jan 2025 22:52:33 GMT Zwierzę poruszyło się z (4, 9) na (3, 8)
16 Jan 2025 22:52:33 GMT Długość listy pozycji: 9
Lista pozycji zwierząt: {(3, 2)=[◢], (1, 1)=[v], (8, 8)=[◢], (4, 4)=[>], (4, 6)=[◥], (6, 8)=[<], (4, 8)=[^], (1, 5)=[v], (3, 8)=[◣, ◣]}
16 Jan 2025 22:52:33 GMT Zwierzę poruszyło się z (4, 7) na (4, 8)
16 Jan 2025 22:52:34 GMT Zwierzę zjadło roślinkę na (8, 8)
16 Jan 2025 22:52:34 GMT Zwierze zostało położone na (3, 8)
16 Jan 2025 22:52:34 GMT Urodziło się nowe zwierzę na (3, 8)
16 Jan 2025 22:52:34 GMT Roślinka wyrosła na (7, 4)
16 Jan 2025 22:52:34 GMT Roślinka wyrosła na (6, 8)
16 Jan 2025 22:52:34 GMT Roślinka wyrosła na (6, 3)
16 Jan 2025 22:52:34 GMT Roślinka wyrosła na (7, 9)
16 Jan 2025 22:52:34 GMT Roślinka wyrosła na (8, 7)
16 Jan 2025 22:52:34 GMT Roślinka wyrosła na (3, 0)
16 Jan 2025 22:52:34 GMT Roślinka wyrosła na (7, 8)
16 Jan 2025 22:52:34 GMT Roślinka wyrosła na (1, 4)
16 Jan 2025 22:52:34 GMT Roślinka wyrosła na (6, 0)
16 Jan 2025 22:52:34 GMT Roślinka wyrosła na (0, 8)
16 Jan 2025 22:52:34 GMT Długość listy pozycji: 9
Lista pozycji zwierząt: {(3, 2)=[◢], (1, 1)=[v], (8, 8)=[◢], (4, 4)=[>], (6, 7)=[v], (4, 6)=[◥], (4, 8)=[^], (1, 5)=[v], (3, 8)=[◣, ◣, ◤]}
16 Jan 2025 22:52:34 GMT Zwierzę poruszyło się z (6, 8) na (6, 7)
16 Jan 2025 22:52:34 GMT Długość listy pozycji: 9
Lista pozycji zwierząt: {(3, 2)=[◢], (1, 1)=[v], (8, 8)=[◢], (4, 4)=[>], (5, 6)=[>], (6, 7)=[v], (4, 8)=[^], (1, 5)=[v], (3, 8)=[◣, ◣, ◤]}
16 Jan 2025 22:52:34 GMT Zwierzę poruszyło się z (4, 6) na (5, 6)
16 Jan 2025 22:52:34 GMT Długość listy pozycji: 9
Lista pozycji zwierząt: {(3, 2)=[◢], (1, 1)=[v], (4, 4)=[>], (7, 8)=[<], (5, 6)=[>], (6, 7)=[v], (4, 8)=[^], (1, 5)=[v], (3, 8)=[◣, ◣, ◤]}
16 Jan 2025 22:52:34 GMT Zwierzę poruszyło się z (8, 8) na (7, 8)
16 Jan 2025 22:52:34 GMT Długość listy pozycji: 9
Lista pozycji zwierząt: {(3, 2)=[◢], (1, 1)=[v], (4, 4)=[>], (7, 8)=[<], (5, 6)=[>], (6, 7)=[v], (4, 8)=[^], (1, 6)=[^], (3, 8)=[◣, ◣, ◤]}
16 Jan 2025 22:52:34 GMT Zwierzę poruszyło się z (1, 5) na (1, 6)
16 Jan 2025 22:52:34 GMT Długość listy pozycji: 9
Lista pozycji zwierząt: {(2, 2)=[<], (1, 1)=[v], (4, 4)=[>], (7, 8)=[<], (5, 6)=[>], (6, 7)=[v], (4, 8)=[^], (1, 6)=[^], (3, 8)=[◣, ◣, ◤]}
16 Jan 2025 22:52:34 GMT Zwierzę poruszyło się z (3, 2) na (2, 2)
16 Jan 2025 22:52:35 GMT Długość listy pozycji: 9
Lista pozycji zwierząt: {(2, 2)=[<], (4, 4)=[>], (1, 2)=[^], (7, 8)=[<], (5, 6)=[>], (6, 7)=[v], (4, 8)=[^], (1, 6)=[^], (3, 8)=[◣, ◣, ◤]}
16 Jan 2025 22:52:35 GMT Zwierzę poruszyło się z (1, 1) na (1, 2)
16 Jan 2025 22:52:35 GMT Długość listy pozycji: 9
Lista pozycji zwierząt: {(2, 2)=[<], (4, 4)=[>], (1, 2)=[^], (7, 8)=[<], (5, 6)=[>], (6, 7)=[v], (4, 8)=[^, >], (1, 6)=[^], (3, 8)=[>, ◣, ◤]}
16 Jan 2025 22:52:35 GMT Zwierzę poruszyło się z (3, 8) na (4, 8)
16 Jan 2025 22:52:35 GMT Długość listy pozycji: 10
Lista pozycji zwierząt: {(2, 2)=[<], (4, 4)=[>], (1, 2)=[^], (7, 8)=[<], (5, 6)=[>], (6, 7)=[v], (4, 8)=[>], (4, 9)=[^], (1, 6)=[^], (3, 8)=[>, ◣, ◤]}
16 Jan 2025 22:52:35 GMT Zwierzę poruszyło się z (4, 8) na (4, 9)
16 Jan 2025 22:52:35 GMT Zwierzę zjadło roślinkę na (7, 8)
16 Jan 2025 22:52:35 GMT Zwierzę zjadło roślinkę na (6, 7)
16 Jan 2025 22:52:35 GMT Zwierze zostało położone na (3, 8)
16 Jan 2025 22:52:35 GMT Urodziło się nowe zwierzę na (3, 8)
16 Jan 2025 22:52:35 GMT Roślinka wyrosła na (8, 2)
16 Jan 2025 22:52:35 GMT Roślinka wyrosła na (5, 8)
16 Jan 2025 22:52:35 GMT Roślinka wyrosła na (4, 8)
16 Jan 2025 22:52:35 GMT Roślinka wyrosła na (4, 0)
16 Jan 2025 22:52:35 GMT Roślinka wyrosła na (2, 1)
16 Jan 2025 22:52:35 GMT Roślinka wyrosła na (5, 3)
16 Jan 2025 22:52:35 GMT Roślinka wyrosła na (8, 9)
16 Jan 2025 22:52:35 GMT Roślinka wyrosła na (9, 1)
16 Jan 2025 22:52:35 GMT Roślinka wyrosła na (8, 3)
16 Jan 2025 22:52:35 GMT Roślinka wyrosła na (3, 2)
16 Jan 2025 22:52:35 GMT Zwierzę umarło na (4, 8)
16 Jan 2025 22:52:35 GMT Długość listy pozycji: 10
Lista pozycji zwierząt: {(7, 7)=[>], (2, 2)=[<], (4, 4)=[>], (1, 2)=[^], (7, 8)=[<], (5, 6)=[>], (4, 8)=[], (4, 9)=[^], (1, 6)=[^], (3, 8)=[>, >, ◣, ◤]}
16 Jan 2025 22:52:35 GMT Zwierzę poruszyło się z (6, 7) na (7, 7)
16 Jan 2025 22:52:36 GMT Długość listy pozycji: 10
Lista pozycji zwierząt: {(6, 5)=[◢], (7, 7)=[>], (2, 2)=[<], (4, 4)=[>], (1, 2)=[^], (7, 8)=[<], (4, 8)=[], (4, 9)=[^], (1, 6)=[^], (3, 8)=[>, >, ◣, ◤]}
16 Jan 2025 22:52:36 GMT Zwierzę poruszyło się z (5, 6) na (6, 5)
16 Jan 2025 22:52:36 GMT Długość listy pozycji: 10
Lista pozycji zwierząt: {(6, 5)=[◢], (7, 7)=[>], (2, 2)=[<], (4, 4)=[>], (8, 9)=[◥], (1, 2)=[^], (4, 8)=[], (4, 9)=[^], (1, 6)=[^], (3, 8)=[>, >, ◣, ◤]}
16 Jan 2025 22:52:36 GMT Zwierzę poruszyło się z (7, 8) na (8, 9)
16 Jan 2025 22:52:36 GMT Długość listy pozycji: 10
Lista pozycji zwierząt: {(6, 5)=[◢], (7, 7)=[>], (2, 2)=[<], (4, 4)=[>], (8, 9)=[◥], (1, 2)=[^], (1, 5)=[v], (4, 8)=[], (4, 9)=[^], (3, 8)=[>, >, ◣, ◤]}
16 Jan 2025 22:52:36 GMT Zwierzę poruszyło się z (1, 6) na (1, 5)
16 Jan 2025 22:52:36 GMT Długość listy pozycji: 10
Lista pozycji zwierząt: {(6, 5)=[◢], (3, 3)=[◥], (7, 7)=[>], (4, 4)=[>], (8, 9)=[◥], (1, 2)=[^], (1, 5)=[v], (4, 8)=[], (4, 9)=[^], (3, 8)=[>, >, ◣, ◤]}
16 Jan 2025 22:52:36 GMT Zwierzę poruszyło się z (2, 2) na (3, 3)
16 Jan 2025 22:52:36 GMT Długość listy pozycji: 10
Lista pozycji zwierząt: {(6, 5)=[◢], (1, 1)=[v], (3, 3)=[◥], (7, 7)=[>], (4, 4)=[>], (8, 9)=[◥], (1, 5)=[v], (4, 8)=[], (4, 9)=[^], (3, 8)=[>, >, ◣, ◤]}
16 Jan 2025 22:52:36 GMT Zwierzę poruszyło się z (1, 2) na (1, 1)
16 Jan 2025 22:52:36 GMT Długość listy pozycji: 10
Lista pozycji zwierząt: {(6, 5)=[◢], (1, 1)=[v], (3, 3)=[◥], (7, 7)=[>], (4, 4)=[>], (8, 9)=[◥], (1, 5)=[v], (4, 8)=[], (4, 9)=[v], (3, 8)=[>, >, ◣, ◤]}
16 Jan 2025 22:52:36 GMT Zwierzę poruszyło się z (4, 9) na (4, 9)
16 Jan 2025 22:52:36 GMT Zwierzę zjadło roślinkę na (8, 9)
