16 Jan 2025 22:34:45 GMT Zwierze zostało położone na (1, 2)
16 Jan 2025 22:34:45 GMT Zwierze zostało położone na (4, 2)
16 Jan 2025 22:34:45 GMT Zwierze zostało położone na (2, 5)
16 Jan 2025 22:34:45 GMT Zwierze zostało położone na (3, 5)
16 Jan 2025 22:34:45 GMT Zwierze zostało położone na (4, 3)
16 Jan 2025 22:34:45 GMT Zwierze zostało położone na (3, 5)
16 Jan 2025 22:34:45 GMT Zwierze zostało położone na (8, 6)
16 Jan 2025 22:34:45 GMT Zwierze zostało położone na (5, 0)
16 Jan 2025 22:34:45 GMT Zwierze zostało położone na (4, 0)
16 Jan 2025 22:34:45 GMT Zwierze zostało położone na (4, 1)
16 Jan 2025 22:34:45 GMT Długość listy pozycji: 9
Lista pozycji zwierząt: {(4, 3)=[v], (2, 2)=[>], (3, 5)=[v, ◣], (2, 5)=[v], (5, 0)=[>], (4, 0)=[◤], (4, 1)=[◢], (8, 6)=[◢], (4, 2)=[◣]}
16 Jan 2025 22:34:45 GMT Zwierzę poruszyło się z (1, 2) na (2, 2)
16 Jan 2025 22:34:46 GMT Długość listy pozycji: 9
Lista pozycji zwierząt: {(4, 3)=[v], (2, 2)=[>], (3, 5)=[v, ◣], (2, 5)=[v], (5, 0)=[>], (4, 0)=[◤], (5, 2)=[>], (4, 1)=[◢], (8, 6)=[◢]}
16 Jan 2025 22:34:46 GMT Zwierzę poruszyło się z (4, 2) na (5, 2)
16 Jan 2025 22:34:46 GMT Długość listy pozycji: 9
Lista pozycji zwierząt: {(4, 3)=[v], (2, 2)=[>], (3, 5)=[v, ◣], (2, 6)=[^], (5, 0)=[>], (4, 0)=[◤], (5, 2)=[>], (4, 1)=[◢], (8, 6)=[◢]}
16 Jan 2025 22:34:46 GMT Zwierzę poruszyło się z (2, 5) na (2, 6)
16 Jan 2025 22:34:46 GMT Długość listy pozycji: 10
Lista pozycji zwierząt: {(4, 3)=[v], (2, 2)=[>], (3, 5)=[◣], (3, 6)=[^], (2, 6)=[^], (5, 0)=[>], (4, 0)=[◤], (5, 2)=[>], (4, 1)=[◢], (8, 6)=[◢]}
16 Jan 2025 22:34:46 GMT Zwierzę poruszyło się z (3, 5) na (3, 6)
16 Jan 2025 22:34:46 GMT Długość listy pozycji: 10
Lista pozycji zwierząt: {(4, 4)=[^], (2, 2)=[>], (3, 5)=[◣], (3, 6)=[^], (2, 6)=[^], (5, 0)=[>], (4, 0)=[◤], (5, 2)=[>], (4, 1)=[◢], (8, 6)=[◢]}
16 Jan 2025 22:34:46 GMT Zwierzę poruszyło się z (4, 3) na (4, 4)
16 Jan 2025 22:34:46 GMT Długość listy pozycji: 10
Lista pozycji zwierząt: {(4, 4)=[^], (2, 2)=[>], (4, 5)=[>], (3, 6)=[^], (2, 6)=[^], (5, 0)=[>], (4, 0)=[◤], (5, 2)=[>], (4, 1)=[◢], (8, 6)=[◢]}
16 Jan 2025 22:34:46 GMT Zwierzę poruszyło się z (3, 5) na (4, 5)
16 Jan 2025 22:34:46 GMT Długość listy pozycji: 10
Lista pozycji zwierząt: {(7, 6)=[<], (4, 4)=[^], (2, 2)=[>], (4, 5)=[>], (3, 6)=[^], (2, 6)=[^], (5, 0)=[>], (4, 0)=[◤], (5, 2)=[>], (4, 1)=[◢]}
16 Jan 2025 22:34:46 GMT Zwierzę poruszyło się z (8, 6) na (7, 6)
16 Jan 2025 22:34:46 GMT Długość listy pozycji: 10
Lista pozycji zwierząt: {(7, 6)=[<], (4, 4)=[^], (2, 2)=[>], (4, 5)=[>], (3, 6)=[^], (2, 6)=[^], (5, 0)=[^], (4, 0)=[◤], (5, 2)=[>], (4, 1)=[◢]}
16 Jan 2025 22:34:46 GMT Zwierzę poruszyło się z (5, 0) na (5, 0)
16 Jan 2025 22:34:46 GMT Długość listy pozycji: 10
Lista pozycji zwierząt: {(7, 6)=[<], (4, 4)=[^], (2, 2)=[>], (4, 5)=[>], (3, 6)=[^], (2, 6)=[^], (5, 0)=[^], (3, 0)=[<], (5, 2)=[>], (4, 1)=[◢]}
16 Jan 2025 22:34:46 GMT Zwierzę poruszyło się z (4, 0) na (3, 0)
16 Jan 2025 22:34:46 GMT Długość listy pozycji: 10
Lista pozycji zwierząt: {(7, 6)=[<], (4, 4)=[^], (2, 2)=[>], (4, 5)=[>], (3, 6)=[^], (2, 6)=[^], (5, 0)=[^], (3, 0)=[<], (5, 2)=[>], (3, 1)=[<]}
16 Jan 2025 22:34:46 GMT Zwierzę poruszyło się z (4, 1) na (3, 1)
16 Jan 2025 22:34:47 GMT Zwierzę zjadło roślinkę na (4, 5)
16 Jan 2025 22:34:47 GMT Zwierzę zjadło roślinkę na (5, 0)
16 Jan 2025 22:34:47 GMT Zwierzę zjadło roślinkę na (5, 2)
16 Jan 2025 22:34:47 GMT Roślinka wyrosła na (3, 6)
16 Jan 2025 22:34:47 GMT Roślinka wyrosła na (5, 6)
16 Jan 2025 22:34:47 GMT Roślinka wyrosła na (1, 6)
16 Jan 2025 22:34:47 GMT Roślinka wyrosła na (8, 5)
16 Jan 2025 22:34:47 GMT Roślinka wyrosła na (5, 5)
16 Jan 2025 22:34:47 GMT Roślinka wyrosła na (8, 6)
16 Jan 2025 22:34:47 GMT Roślinka wyrosła na (6, 6)
16 Jan 2025 22:34:47 GMT Roślinka wyrosła na (7, 6)
16 Jan 2025 22:34:47 GMT Roślinka wyrosła na (1, 5)
16 Jan 2025 22:34:47 GMT Roślinka wyrosła na (9, 6)
16 Jan 2025 22:34:47 GMT Długość listy pozycji: 9
Lista pozycji zwierząt: {(7, 6)=[<], (4, 4)=[^], (4, 5)=[>], (3, 6)=[^], (2, 6)=[^], (5, 0)=[^], (3, 0)=[<], (5, 2)=[>], (3, 1)=[<, ◢]}
16 Jan 2025 22:34:47 GMT Zwierzę poruszyło się z (2, 2) na (3, 1)
16 Jan 2025 22:34:47 GMT Długość listy pozycji: 9
Lista pozycji zwierząt: {(4, 3)=[◤], (7, 6)=[<], (4, 4)=[^], (4, 5)=[>], (3, 6)=[^], (2, 6)=[^], (5, 0)=[^], (3, 0)=[<], (3, 1)=[<, ◢]}
16 Jan 2025 22:34:47 GMT Zwierzę poruszyło się z (5, 2) na (4, 3)
16 Jan 2025 22:34:47 GMT Długość listy pozycji: 9
Lista pozycji zwierząt: {(4, 3)=[◤], (7, 6)=[<], (4, 4)=[^], (4, 5)=[>], (2, 5)=[v], (3, 6)=[^], (5, 0)=[^], (3, 0)=[<], (3, 1)=[<, ◢]}
16 Jan 2025 22:34:47 GMT Zwierzę poruszyło się z (2, 6) na (2, 5)
16 Jan 2025 22:34:47 GMT Długość listy pozycji: 9
Lista pozycji zwierząt: {(4, 3)=[◤], (7, 6)=[<], (4, 4)=[^], (4, 5)=[>], (3, 5)=[v], (2, 5)=[v], (5, 0)=[^], (3, 0)=[<], (3, 1)=[<, ◢]}
16 Jan 2025 22:34:47 GMT Zwierzę poruszyło się z (3, 6) na (3, 5)
16 Jan 2025 22:34:47 GMT Długość listy pozycji: 8
Lista pozycji zwierząt: {(4, 3)=[◤, v], (7, 6)=[<], (4, 5)=[>], (3, 5)=[v], (2, 5)=[v], (5, 0)=[^], (3, 0)=[<], (3, 1)=[<, ◢]}
16 Jan 2025 22:34:47 GMT Zwierzę poruszyło się z (4, 4) na (4, 3)
16 Jan 2025 22:34:47 GMT Długość listy pozycji: 8
Lista pozycji zwierząt: {(4, 3)=[◤, v], (7, 6)=[<], (3, 5)=[v], (3, 6)=[◤], (2, 5)=[v], (5, 0)=[^], (3, 0)=[<], (3, 1)=[<, ◢]}
16 Jan 2025 22:34:47 GMT Zwierzę poruszyło się z (4, 5) na (3, 6)
16 Jan 2025 22:34:48 GMT Długość listy pozycji: 8
Lista pozycji zwierząt: {(8, 7)=[◥], (4, 3)=[◤, v], (3, 5)=[v], (3, 6)=[◤], (2, 5)=[v], (5, 0)=[^], (3, 0)=[<], (3, 1)=[<, ◢]}
16 Jan 2025 22:34:48 GMT Zwierzę poruszyło się z (7, 6) na (8, 7)
16 Jan 2025 22:34:48 GMT Długość listy pozycji: 8
Lista pozycji zwierząt: {(8, 7)=[◥], (4, 3)=[◤, v], (3, 5)=[v], (3, 6)=[◤], (2, 5)=[v], (6, 0)=[>], (3, 0)=[<], (3, 1)=[<, ◢]}
16 Jan 2025 22:34:48 GMT Zwierzę poruszyło się z (5, 0) na (6, 0)
16 Jan 2025 22:34:48 GMT Długość listy pozycji: 8
Lista pozycji zwierząt: {(8, 7)=[◥], (4, 3)=[◤, v], (3, 5)=[v], (3, 6)=[◤], (2, 5)=[v], (6, 0)=[>], (3, 0)=[◥], (3, 1)=[<, ◢]}
16 Jan 2025 22:34:48 GMT Zwierzę poruszyło się z (3, 0) na (3, 0)
16 Jan 2025 22:34:48 GMT Długość listy pozycji: 9
Lista pozycji zwierząt: {(8, 7)=[◥], (4, 3)=[◤, v], (3, 5)=[v], (3, 6)=[◤], (2, 5)=[v], (6, 0)=[>], (3, 0)=[◥], (4, 2)=[◥], (3, 1)=[◢]}
16 Jan 2025 22:34:48 GMT Zwierzę poruszyło się z (3, 1) na (4, 2)
16 Jan 2025 22:34:48 GMT Zwierzę zjadło roślinkę na (3, 5)
16 Jan 2025 22:34:48 GMT Zwierzę zjadło roślinkę na (3, 6)
16 Jan 2025 22:34:48 GMT Zwierzę zjadło roślinkę na (2, 5)
16 Jan 2025 22:34:48 GMT Zwierze zostało położone na (4, 3)
16 Jan 2025 22:34:48 GMT Urodziło się nowe zwierzę na (4, 3)
16 Jan 2025 22:34:48 GMT Roślinka wyrosła na (2, 6)
16 Jan 2025 22:34:48 GMT Roślinka wyrosła na (4, 6)
16 Jan 2025 22:34:48 GMT Roślinka wyrosła na (0, 7)
16 Jan 2025 22:34:48 GMT Roślinka wyrosła na (4, 8)
16 Jan 2025 22:34:48 GMT Roślinka wyrosła na (8, 0)
16 Jan 2025 22:34:48 GMT Roślinka wyrosła na (7, 7)
16 Jan 2025 22:34:48 GMT Roślinka wyrosła na (5, 8)
16 Jan 2025 22:34:48 GMT Roślinka wyrosła na (5, 9)
16 Jan 2025 22:34:48 GMT Roślinka wyrosła na (8, 8)
16 Jan 2025 22:34:48 GMT Roślinka wyrosła na (3, 4)
16 Jan 2025 22:34:48 GMT Zwierzę umarło na (4, 3)
16 Jan 2025 22:34:49 GMT Długość listy pozycji: 8
Lista pozycji zwierząt: {(8, 7)=[◥], (4, 3)=[◥, v], (3, 5)=[v], (3, 6)=[◤], (2, 5)=[v], (6, 0)=[>], (3, 0)=[◥, v], (4, 2)=[◥]}
16 Jan 2025 22:34:49 GMT Zwierzę poruszyło się z (3, 1) na (3, 0)
16 Jan 2025 22:34:49 GMT Długość listy pozycji: 8
Lista pozycji zwierząt: {(8, 7)=[◥], (4, 3)=[◥, v], (3, 5)=[v], (3, 6)=[◤], (2, 6)=[^], (6, 0)=[>], (3, 0)=[◥, v], (4, 2)=[◥]}
16 Jan 2025 22:34:49 GMT Zwierzę poruszyło się z (2, 5) na (2, 6)
16 Jan 2025 22:34:49 GMT Długość listy pozycji: 7
Lista pozycji zwierząt: {(8, 7)=[◥], (4, 3)=[◥, v], (3, 6)=[◤, ^], (2, 6)=[^], (6, 0)=[>], (3, 0)=[◥, v], (4, 2)=[◥]}
16 Jan 2025 22:34:49 GMT Zwierzę poruszyło się z (3, 5) na (3, 6)
16 Jan 2025 22:34:49 GMT Długość listy pozycji: 8
Lista pozycji zwierząt: {(8, 7)=[◥], (4, 3)=[◥], (4, 4)=[^], (3, 6)=[◤, ^], (2, 6)=[^], (6, 0)=[>], (3, 0)=[◥, v], (4, 2)=[◥]}
16 Jan 2025 22:34:49 GMT Zwierzę poruszyło się z (4, 3) na (4, 4)
16 Jan 2025 22:34:49 GMT Długość listy pozycji: 9
Lista pozycji zwierząt: {(8, 7)=[◥], (4, 3)=[◥], (4, 4)=[^], (3, 5)=[v], (3, 6)=[^], (2, 6)=[^], (6, 0)=[>], (3, 0)=[◥, v], (4, 2)=[◥]}
16 Jan 2025 22:34:49 GMT Zwierzę poruszyło się z (3, 6) na (3, 5)
16 Jan 2025 22:34:49 GMT Długość listy pozycji: 9
Lista pozycji zwierząt: {(4, 3)=[◥], (4, 4)=[^], (3, 5)=[v], (3, 6)=[^], (2, 6)=[^], (6, 0)=[>], (3, 0)=[◥, v], (8, 6)=[v], (4, 2)=[◥]}
16 Jan 2025 22:34:49 GMT Zwierzę poruszyło się z (8, 7) na (8, 6)
16 Jan 2025 22:34:49 GMT Długość listy pozycji: 9
Lista pozycji zwierząt: {(4, 3)=[◥], (4, 4)=[^], (3, 5)=[v], (3, 6)=[^], (2, 6)=[^], (6, 0)=[^], (3, 0)=[◥, v], (8, 6)=[v], (4, 2)=[◥]}
16 Jan 2025 22:34:49 GMT Zwierzę poruszyło się z (6, 0) na (6, 0)
16 Jan 2025 22:34:49 GMT Długość listy pozycji: 10
Lista pozycji zwierząt: {(4, 3)=[◥], (4, 4)=[^], (3, 5)=[v], (3, 6)=[^], (2, 6)=[^], (6, 0)=[^], (3, 0)=[v], (3, 1)=[^], (8, 6)=[v], (4, 2)=[◥]}
16 Jan 2025 22:34:49 GMT Zwierzę poruszyło się z (3, 0) na (3, 1)
16 Jan 2025 22:34:49 GMT Długość listy pozycji: 10
Lista pozycji zwierząt: {(4, 3)=[◥], (4, 4)=[^], (3, 5)=[v], (3, 6)=[^], (2, 6)=[^], (6, 0)=[^], (4, 1)=[v], (3, 0)=[v], (3, 1)=[^], (8, 6)=[v]}
16 Jan 2025 22:34:49 GMT Zwierzę poruszyło się z (4, 2) na (4, 1)
16 Jan 2025 22:34:50 GMT Zwierzę zjadło roślinkę na (2, 6)
16 Jan 2025 22:34:50 GMT Zwierzę zjadło roślinkę na (8, 6)
16 Jan 2025 22:34:50 GMT Roślinka wyrosła na (4, 3)
16 Jan 2025 22:34:50 GMT Roślinka wyrosła na (8, 2)
16 Jan 2025 22:34:50 GMT Roślinka wyrosła na (6, 0)
16 Jan 2025 22:34:50 GMT Roślinka wyrosła na (7, 8)
16 Jan 2025 22:34:50 GMT Roślinka wyrosła na (7, 1)
16 Jan 2025 22:34:50 GMT Roślinka wyrosła na (4, 2)
16 Jan 2025 22:34:50 GMT Roślinka wyrosła na (9, 8)
16 Jan 2025 22:34:50 GMT Roślinka wyrosła na (1, 7)
16 Jan 2025 22:34:50 GMT Roślinka wyrosła na (4, 4)
16 Jan 2025 22:34:50 GMT Roślinka wyrosła na (1, 8)
16 Jan 2025 22:34:50 GMT Długość listy pozycji: 10
Lista pozycji zwierząt: {(4, 3)=[◥], (4, 4)=[^], (3, 5)=[v], (3, 6)=[^], (2, 6)=[^], (6, 0)=[^], (4, 1)=[v], (3, 0)=[◥], (3, 1)=[^], (8, 6)=[v]}
16 Jan 2025 22:34:50 GMT Zwierzę poruszyło się z (3, 0) na (3, 0)
16 Jan 2025 22:34:50 GMT Długość listy pozycji: 10
Lista pozycji zwierząt: {(4, 3)=[◥], (4, 4)=[^], (3, 5)=[v], (2, 5)=[v], (3, 6)=[^], (6, 0)=[^], (4, 1)=[v], (3, 0)=[◥], (3, 1)=[^], (8, 6)=[v]}
16 Jan 2025 22:34:50 GMT Zwierzę poruszyło się z (2, 6) na (2, 5)
16 Jan 2025 22:34:50 GMT Długość listy pozycji: 9
Lista pozycji zwierząt: {(4, 3)=[◥], (4, 4)=[^], (3, 5)=[v, v], (2, 5)=[v], (6, 0)=[^], (4, 1)=[v], (3, 0)=[◥], (3, 1)=[^], (8, 6)=[v]}
16 Jan 2025 22:34:50 GMT Zwierzę poruszyło się z (3, 6) na (3, 5)
16 Jan 2025 22:34:51 GMT Długość listy pozycji: 8
Lista pozycji zwierząt: {(4, 3)=[◥, v], (3, 5)=[v, v], (2, 5)=[v], (6, 0)=[^], (4, 1)=[v], (3, 0)=[◥], (3, 1)=[^], (8, 6)=[v]}
16 Jan 2025 22:34:51 GMT Zwierzę poruszyło się z (4, 4) na (4, 3)
16 Jan 2025 22:34:51 GMT Długość listy pozycji: 9
Lista pozycji zwierząt: {(4, 3)=[◥, v], (4, 6)=[◥], (3, 5)=[v], (2, 5)=[v], (6, 0)=[^], (4, 1)=[v], (3, 0)=[◥], (3, 1)=[^], (8, 6)=[v]}
16 Jan 2025 22:34:51 GMT Zwierzę poruszyło się z (3, 5) na (4, 6)
16 Jan 2025 22:34:51 GMT Długość listy pozycji: 9
Lista pozycji zwierząt: {(4, 3)=[◥, v], (7, 7)=[◤], (4, 6)=[◥], (3, 5)=[v], (2, 5)=[v], (6, 0)=[^], (4, 1)=[v], (3, 0)=[◥], (3, 1)=[^]}
16 Jan 2025 22:34:51 GMT Zwierzę poruszyło się z (8, 6) na (7, 7)
16 Jan 2025 22:34:51 GMT Długość listy pozycji: 9
Lista pozycji zwierząt: {(4, 3)=[◥, v], (7, 7)=[◤], (4, 6)=[◥], (3, 5)=[v], (2, 5)=[v], (7, 0)=[>], (4, 1)=[v], (3, 0)=[◥], (3, 1)=[^]}
16 Jan 2025 22:34:51 GMT Zwierzę poruszyło się z (6, 0) na (7, 0)
16 Jan 2025 22:34:51 GMT Długość listy pozycji: 9
Lista pozycji zwierząt: {(4, 3)=[◥, v], (2, 2)=[◤], (7, 7)=[◤], (4, 6)=[◥], (3, 5)=[v], (2, 5)=[v], (7, 0)=[>], (4, 1)=[v], (3, 0)=[◥]}
16 Jan 2025 22:34:51 GMT Zwierzę poruszyło się z (3, 1) na (2, 2)
16 Jan 2025 22:34:51 GMT Długość listy pozycji: 9
Lista pozycji zwierząt: {(3, 2)=[◤], (4, 3)=[◥, v], (2, 2)=[◤], (7, 7)=[◤], (4, 6)=[◥], (3, 5)=[v], (2, 5)=[v], (7, 0)=[>], (3, 0)=[◥]}
16 Jan 2025 22:34:51 GMT Zwierzę poruszyło się z (4, 1) na (3, 2)
16 Jan 2025 22:34:51 GMT Zwierzę zjadło roślinkę na (4, 3)
16 Jan 2025 22:34:51 GMT Zwierzę zjadło roślinkę na (7, 7)
16 Jan 2025 22:34:51 GMT Zwierzę zjadło roślinkę na (4, 6)
16 Jan 2025 22:34:51 GMT Zwierze zostało położone na (4, 3)
16 Jan 2025 22:34:51 GMT Urodziło się nowe zwierzę na (4, 3)
16 Jan 2025 22:34:52 GMT Roślinka wyrosła na (0, 8)
16 Jan 2025 22:34:52 GMT Roślinka wyrosła na (6, 7)
16 Jan 2025 22:34:52 GMT Roślinka wyrosła na (0, 3)
16 Jan 2025 22:34:52 GMT Roślinka wyrosła na (8, 7)
16 Jan 2025 22:34:52 GMT Roślinka wyrosła na (0, 0)
16 Jan 2025 22:34:52 GMT Roślinka wyrosła na (1, 1)
16 Jan 2025 22:34:52 GMT Roślinka wyrosła na (6, 9)
16 Jan 2025 22:34:52 GMT Roślinka wyrosła na (2, 7)
16 Jan 2025 22:34:52 GMT Roślinka wyrosła na (2, 0)
16 Jan 2025 22:34:52 GMT Roślinka wyrosła na (6, 4)
16 Jan 2025 22:34:52 GMT Długość listy pozycji: 9
Lista pozycji zwierząt: {(3, 2)=[◤], (4, 3)=[<, ◥, v], (2, 2)=[◤], (7, 7)=[◤], (4, 6)=[◥], (3, 5)=[v], (2, 5)=[v], (7, 0)=[>], (4, 0)=[>]}
16 Jan 2025 22:34:52 GMT Zwierzę poruszyło się z (3, 0) na (4, 0)
16 Jan 2025 22:34:52 GMT Długość listy pozycji: 9
Lista pozycji zwierząt: {(3, 2)=[◤], (4, 3)=[<, ◥, v], (2, 2)=[◤], (7, 7)=[◤], (4, 6)=[◥], (3, 5)=[v], (2, 6)=[^], (7, 0)=[>], (4, 0)=[>]}
16 Jan 2025 22:34:52 GMT Zwierzę poruszyło się z (2, 5) na (2, 6)
16 Jan 2025 22:34:52 GMT Długość listy pozycji: 9
Lista pozycji zwierząt: {(3, 2)=[◤], (4, 3)=[<, ◥, v], (2, 2)=[◤], (7, 7)=[◤], (4, 6)=[◥], (3, 6)=[^], (2, 6)=[^], (7, 0)=[>], (4, 0)=[>]}
16 Jan 2025 22:34:52 GMT Zwierzę poruszyło się z (3, 5) na (3, 6)
16 Jan 2025 22:34:52 GMT Długość listy pozycji: 10
Lista pozycji zwierząt: {(3, 2)=[◤], (4, 3)=[<, ◥], (4, 4)=[^], (2, 2)=[◤], (7, 7)=[◤], (4, 6)=[◥], (3, 6)=[^], (2, 6)=[^], (7, 0)=[>], (4, 0)=[>]}
16 Jan 2025 22:34:52 GMT Zwierzę poruszyło się z (4, 3) na (4, 4)
16 Jan 2025 22:34:52 GMT Długość listy pozycji: 9
Lista pozycji zwierząt: {(3, 2)=[◤], (4, 3)=[<, ◥], (4, 4)=[^], (2, 2)=[◤], (7, 7)=[◤], (3, 6)=[<, ^], (2, 6)=[^], (7, 0)=[>], (4, 0)=[>]}
16 Jan 2025 22:34:52 GMT Zwierzę poruszyło się z (4, 6) na (3, 6)
16 Jan 2025 22:34:52 GMT Długość listy pozycji: 9
Lista pozycji zwierząt: {(8, 7)=[>], (3, 2)=[◤], (4, 3)=[<, ◥], (4, 4)=[^], (2, 2)=[◤], (3, 6)=[<, ^], (2, 6)=[^], (7, 0)=[>], (4, 0)=[>]}
16 Jan 2025 22:34:52 GMT Zwierzę poruszyło się z (7, 7) na (8, 7)
16 Jan 2025 22:34:52 GMT Długość listy pozycji: 9
Lista pozycji zwierząt: {(8, 7)=[>], (3, 2)=[◤], (4, 3)=[<, ◥], (4, 4)=[^], (2, 2)=[◤], (3, 6)=[<, ^], (2, 6)=[^], (7, 0)=[^], (4, 0)=[>]}
16 Jan 2025 22:34:52 GMT Zwierzę poruszyło się z (7, 0) na (7, 0)
16 Jan 2025 22:34:53 GMT Długość listy pozycji: 9
Lista pozycji zwierząt: {(8, 7)=[>], (3, 2)=[◤], (4, 3)=[<, ◥], (4, 4)=[^], (1, 2)=[<], (3, 6)=[<, ^], (2, 6)=[^], (7, 0)=[^], (4, 0)=[>]}
16 Jan 2025 22:34:53 GMT Zwierzę poruszyło się z (2, 2) na (1, 2)
16 Jan 2025 22:34:53 GMT Długość listy pozycji: 9
Lista pozycji zwierząt: {(8, 7)=[>], (4, 3)=[<, ◥], (4, 4)=[^], (1, 2)=[<], (3, 6)=[<, ^], (2, 6)=[^], (7, 0)=[^], (4, 0)=[>], (4, 2)=[>]}
16 Jan 2025 22:34:53 GMT Zwierzę poruszyło się z (3, 2) na (4, 2)
16 Jan 2025 22:34:53 GMT Zwierzę zjadło roślinkę na (8, 7)
16 Jan 2025 22:34:53 GMT Zwierzę zjadło roślinkę na (4, 4)
16 Jan 2025 22:34:53 GMT Zwierzę zjadło roślinkę na (4, 2)
16 Jan 2025 22:34:53 GMT Zwierze zostało położone na (4, 3)
16 Jan 2025 22:34:53 GMT Urodziło się nowe zwierzę na (4, 3)
16 Jan 2025 22:34:53 GMT Zwierze zostało położone na (3, 6)
16 Jan 2025 22:34:53 GMT Urodziło się nowe zwierzę na (3, 6)
16 Jan 2025 22:34:53 GMT Roślinka wyrosła na (6, 8)
16 Jan 2025 22:34:53 GMT Roślinka wyrosła na (7, 3)
16 Jan 2025 22:34:53 GMT Roślinka wyrosła na (2, 1)
16 Jan 2025 22:34:53 GMT Roślinka wyrosła na (3, 0)
16 Jan 2025 22:34:53 GMT Roślinka wyrosła na (3, 8)
16 Jan 2025 22:34:53 GMT Roślinka wyrosła na (7, 9)
16 Jan 2025 22:34:53 GMT Roślinka wyrosła na (9, 4)
16 Jan 2025 22:34:53 GMT Roślinka wyrosła na (9, 1)
16 Jan 2025 22:34:53 GMT Roślinka wyrosła na (4, 9)
16 Jan 2025 22:34:53 GMT Roślinka wyrosła na (3, 3)
16 Jan 2025 22:34:53 GMT Długość listy pozycji: 9
Lista pozycji zwierząt: {(8, 7)=[>], (4, 3)=[>, <, ◥], (4, 4)=[^], (1, 2)=[<], (3, 6)=[◥, <, ^], (2, 6)=[^], (7, 0)=[^], (4, 0)=[◤], (4, 2)=[>]}
16 Jan 2025 22:34:53 GMT Zwierzę poruszyło się z (4, 0) na (4, 0)
16 Jan 2025 22:34:54 GMT Długość listy pozycji: 9
Lista pozycji zwierząt: {(8, 7)=[>], (4, 3)=[>, <, ◥], (4, 4)=[^], (1, 2)=[<], (2, 5)=[v], (3, 6)=[◥, <, ^], (7, 0)=[^], (4, 0)=[◤], (4, 2)=[>]}
16 Jan 2025 22:34:54 GMT Zwierzę poruszyło się z (2, 6) na (2, 5)
16 Jan 2025 22:34:54 GMT Długość listy pozycji: 10
Lista pozycji zwierząt: {(8, 7)=[>], (4, 3)=[>, <, ◥], (4, 4)=[^], (1, 2)=[<], (3, 5)=[v], (2, 5)=[v], (3, 6)=[◥, <], (7, 0)=[^], (4, 0)=[◤], (4, 2)=[>]}
16 Jan 2025 22:34:54 GMT Zwierzę poruszyło się z (3, 6) na (3, 5)
16 Jan 2025 22:34:54 GMT Długość listy pozycji: 9
Lista pozycji zwierząt: {(8, 7)=[>], (4, 3)=[>, v, <, ◥], (1, 2)=[<], (3, 5)=[v], (2, 5)=[v], (3, 6)=[◥, <], (7, 0)=[^], (4, 0)=[◤], (4, 2)=[>]}
16 Jan 2025 22:34:54 GMT Zwierzę poruszyło się z (4, 4) na (4, 3)
16 Jan 2025 22:34:54 GMT Długość listy pozycji: 10
Lista pozycji zwierząt: {(8, 7)=[>], (4, 3)=[>, v, <, ◥], (4, 5)=[◢], (1, 2)=[<], (3, 5)=[v], (2, 5)=[v], (3, 6)=[◥], (7, 0)=[^], (4, 0)=[◤], (4, 2)=[>]}
16 Jan 2025 22:34:54 GMT Zwierzę poruszyło się z (3, 6) na (4, 5)
16 Jan 2025 22:34:54 GMT Długość listy pozycji: 10
Lista pozycji zwierząt: {(7, 6)=[◣], (4, 3)=[>, v, <, ◥], (4, 5)=[◢], (1, 2)=[<], (3, 5)=[v], (2, 5)=[v], (3, 6)=[◥], (7, 0)=[^], (4, 0)=[◤], (4, 2)=[>]}
16 Jan 2025 22:34:54 GMT Zwierzę poruszyło się z (8, 7) na (7, 6)
16 Jan 2025 22:34:54 GMT Długość listy pozycji: 10
Lista pozycji zwierząt: {(7, 6)=[◣], (4, 3)=[>, v, <, ◥], (4, 5)=[◢], (1, 2)=[<], (3, 5)=[v], (2, 5)=[v], (3, 6)=[◥], (8, 0)=[>], (4, 0)=[◤], (4, 2)=[>]}
16 Jan 2025 22:34:54 GMT Zwierzę poruszyło się z (7, 0) na (8, 0)
16 Jan 2025 22:34:54 GMT Długość listy pozycji: 10
Lista pozycji zwierząt: {(7, 6)=[◣], (4, 3)=[>, v, <, ◥], (0, 1)=[◣], (4, 5)=[◢], (3, 5)=[v], (2, 5)=[v], (3, 6)=[◥], (8, 0)=[>], (4, 0)=[◤], (4, 2)=[>]}
16 Jan 2025 22:34:54 GMT Zwierzę poruszyło się z (1, 2) na (0, 1)
16 Jan 2025 22:34:54 GMT Długość listy pozycji: 10
Lista pozycji zwierząt: {(7, 6)=[◣], (4, 3)=[>, v, <, ◥], (0, 1)=[◣], (4, 5)=[◢], (3, 5)=[v], (2, 5)=[v], (3, 6)=[◥], (8, 0)=[>], (4, 0)=[◤], (3, 1)=[◣]}
16 Jan 2025 22:34:54 GMT Zwierzę poruszyło się z (4, 2) na (3, 1)
16 Jan 2025 22:34:54 GMT Zwierzę zjadło roślinkę na (7, 6)
16 Jan 2025 22:34:54 GMT Zwierzę zjadło roślinkę na (8, 0)
16 Jan 2025 22:34:55 GMT Zwierze zostało położone na (4, 3)
16 Jan 2025 22:34:55 GMT Urodziło się nowe zwierzę na (4, 3)
16 Jan 2025 22:34:55 GMT Roślinka wyrosła na (3, 2)
16 Jan 2025 22:34:55 GMT Roślinka wyrosła na (5, 3)
16 Jan 2025 22:34:55 GMT Roślinka wyrosła na (3, 1)
16 Jan 2025 22:34:55 GMT Roślinka wyrosła na (7, 2)
16 Jan 2025 22:34:55 GMT Roślinka wyrosła na (3, 7)
16 Jan 2025 22:34:55 GMT Roślinka wyrosła na (2, 9)
16 Jan 2025 22:34:55 GMT Roślinka wyrosła na (4, 7)
16 Jan 2025 22:34:55 GMT Roślinka wyrosła na (9, 3)
16 Jan 2025 22:34:55 GMT Roślinka wyrosła na (6, 2)
16 Jan 2025 22:34:55 GMT Roślinka wyrosła na (2, 3)
16 Jan 2025 22:34:55 GMT Długość listy pozycji: 10
Lista pozycji zwierząt: {(7, 6)=[◣], (4, 3)=[◥, >, v, <, ◥], (0, 1)=[◣], (4, 5)=[◢], (3, 5)=[v], (2, 5)=[v], (3, 6)=[◥], (8, 0)=[>], (4, 1)=[^], (3, 1)=[◣]}
16 Jan 2025 22:34:55 GMT Zwierzę poruszyło się z (4, 0) na (4, 1)
16 Jan 2025 22:34:55 GMT Długość listy pozycji: 10
Lista pozycji zwierząt: {(7, 6)=[◣], (4, 3)=[◥, >, v, <, ◥], (0, 1)=[◣], (4, 5)=[◢], (3, 5)=[v], (3, 6)=[◥], (2, 6)=[^], (8, 0)=[>], (4, 1)=[^], (3, 1)=[◣]}
16 Jan 2025 22:34:55 GMT Zwierzę poruszyło się z (2, 5) na (2, 6)
16 Jan 2025 22:34:55 GMT Długość listy pozycji: 9
Lista pozycji zwierząt: {(7, 6)=[◣], (4, 3)=[◥, >, v, <, ◥], (0, 1)=[◣], (4, 5)=[◢], (3, 6)=[◥, ^], (2, 6)=[^], (8, 0)=[>], (4, 1)=[^], (3, 1)=[◣]}
16 Jan 2025 22:34:55 GMT Zwierzę poruszyło się z (3, 5) na (3, 6)
16 Jan 2025 22:34:55 GMT Długość listy pozycji: 10
Lista pozycji zwierząt: {(7, 6)=[◣], (4, 3)=[◥, >, ^, <, ◥], (4, 4)=[^], (0, 1)=[◣], (4, 5)=[◢], (3, 6)=[◥, ^], (2, 6)=[^], (8, 0)=[>], (4, 1)=[^], (3, 1)=[◣]}
16 Jan 2025 22:34:55 GMT Zwierzę poruszyło się z (4, 3) na (4, 4)
16 Jan 2025 22:34:55 GMT Długość listy pozycji: 10
Lista pozycji zwierząt: {(7, 6)=[◣], (4, 3)=[◥, >, ^, <, ◥], (4, 4)=[^], (0, 1)=[◣], (4, 6)=[^], (3, 6)=[◥, ^], (2, 6)=[^], (8, 0)=[>], (4, 1)=[^], (3, 1)=[◣]}
16 Jan 2025 22:34:55 GMT Zwierzę poruszyło się z (4, 5) na (4, 6)
16 Jan 2025 22:34:56 GMT Długość listy pozycji: 10
Lista pozycji zwierząt: {(4, 3)=[◥, >, ^, <, ◥], (7, 7)=[^], (4, 4)=[^], (0, 1)=[◣], (4, 6)=[^], (3, 6)=[◥, ^], (2, 6)=[^], (8, 0)=[>], (4, 1)=[^], (3, 1)=[◣]}
16 Jan 2025 22:34:56 GMT Zwierzę poruszyło się z (7, 6) na (7, 7)
16 Jan 2025 22:34:56 GMT Długość listy pozycji: 10
Lista pozycji zwierząt: {(4, 3)=[◥, >, ^, <, ◥], (7, 7)=[^], (4, 4)=[^], (0, 1)=[◣], (4, 6)=[^], (3, 6)=[◥, ^], (2, 6)=[^], (8, 0)=[^], (4, 1)=[^], (3, 1)=[◣]}
16 Jan 2025 22:34:56 GMT Zwierzę poruszyło się z (8, 0) na (8, 0)
16 Jan 2025 22:34:56 GMT Długość listy pozycji: 10
Lista pozycji zwierząt: {(4, 3)=[◥, >, ^, <, ◥], (0, 0)=[v], (7, 7)=[^], (4, 4)=[^], (4, 6)=[^], (3, 6)=[◥, ^], (2, 6)=[^], (8, 0)=[^], (4, 1)=[^], (3, 1)=[◣]}
16 Jan 2025 22:34:56 GMT Zwierzę poruszyło się z (0, 1) na (0, 0)
16 Jan 2025 22:34:56 GMT Długość listy pozycji: 10
Lista pozycji zwierząt: {(3, 2)=[^], (4, 3)=[◥, >, ^, <, ◥], (0, 0)=[v], (7, 7)=[^], (4, 4)=[^], (4, 6)=[^], (3, 6)=[◥, ^], (2, 6)=[^], (8, 0)=[^], (4, 1)=[^]}
16 Jan 2025 22:34:56 GMT Zwierzę poruszyło się z (3, 1) na (3, 2)
16 Jan 2025 22:34:56 GMT Zwierzę zjadło roślinkę na (3, 2)
16 Jan 2025 22:34:56 GMT Zwierzę zjadło roślinkę na (0, 0)
16 Jan 2025 22:34:56 GMT Zwierze zostało położone na (4, 3)
16 Jan 2025 22:34:56 GMT Urodziło się nowe zwierzę na (4, 3)
16 Jan 2025 22:34:56 GMT Zwierze zostało położone na (3, 6)
16 Jan 2025 22:34:56 GMT Urodziło się nowe zwierzę na (3, 6)
16 Jan 2025 22:34:56 GMT Roślinka wyrosła na (1, 9)
16 Jan 2025 22:34:56 GMT Roślinka wyrosła na (8, 1)
16 Jan 2025 22:34:56 GMT Roślinka wyrosła na (9, 2)
16 Jan 2025 22:34:56 GMT Roślinka wyrosła na (1, 0)
16 Jan 2025 22:34:56 GMT Roślinka wyrosła na (7, 0)
16 Jan 2025 22:34:56 GMT Roślinka wyrosła na (9, 7)
16 Jan 2025 22:34:56 GMT Roślinka wyrosła na (4, 0)
16 Jan 2025 22:34:56 GMT Roślinka wyrosła na (0, 2)
16 Jan 2025 22:34:56 GMT Roślinka wyrosła na (5, 4)
16 Jan 2025 22:34:56 GMT Roślinka wyrosła na (4, 1)
16 Jan 2025 22:34:57 GMT Długość listy pozycji: 10
Lista pozycji zwierząt: {(3, 2)=[^], (4, 3)=[◢, ◥, >, ^, <, ◥], (0, 0)=[v], (7, 7)=[^], (4, 4)=[^], (4, 6)=[^], (3, 6)=[<, ◥, ^], (2, 6)=[^], (8, 0)=[^], (5, 2)=[◥]}
16 Jan 2025 22:34:57 GMT Zwierzę poruszyło się z (4, 1) na (5, 2)
16 Jan 2025 22:34:57 GMT Długość listy pozycji: 10
Lista pozycji zwierząt: {(3, 2)=[^], (4, 3)=[◢, ◥, >, ^, <, ◥], (0, 0)=[v], (7, 7)=[^], (4, 4)=[^], (4, 6)=[^], (2, 5)=[v], (3, 6)=[<, ◥, ^], (8, 0)=[^], (5, 2)=[◥]}
16 Jan 2025 22:34:57 GMT Zwierzę poruszyło się z (2, 6) na (2, 5)
16 Jan 2025 22:34:57 GMT Długość listy pozycji: 11
Lista pozycji zwierząt: {(3, 2)=[^], (4, 3)=[◢, ◥, >, ^, <, ◥], (0, 0)=[v], (7, 7)=[^], (4, 4)=[^], (3, 5)=[v], (4, 6)=[^], (2, 5)=[v], (3, 6)=[<, ◥, v], (8, 0)=[^], (5, 2)=[◥]}
16 Jan 2025 22:34:57 GMT Zwierzę poruszyło się z (3, 6) na (3, 5)
16 Jan 2025 22:34:57 GMT Długość listy pozycji: 10
Lista pozycji zwierząt: {(3, 2)=[^], (4, 3)=[◢, v, ◥, >, v, <, ◥], (0, 0)=[v], (7, 7)=[^], (3, 5)=[v], (4, 6)=[^], (2, 5)=[v], (3, 6)=[<, ◥, v], (8, 0)=[^], (5, 2)=[◥]}
16 Jan 2025 22:34:57 GMT Zwierzę poruszyło się z (4, 4) na (4, 3)
16 Jan 2025 22:34:57 GMT Długość listy pozycji: 9
Lista pozycji zwierząt: {(3, 2)=[^], (4, 3)=[◢, v, ◥, >, v, <, ◥], (0, 0)=[v], (7, 7)=[^], (3, 5)=[◣, v], (2, 5)=[v], (3, 6)=[<, ◥, v], (8, 0)=[^], (5, 2)=[◥]}
16 Jan 2025 22:34:57 GMT Zwierzę poruszyło się z (4, 6) na (3, 5)
16 Jan 2025 22:34:57 GMT Długość listy pozycji: 9
Lista pozycji zwierząt: {(3, 2)=[^], (4, 3)=[◢, v, ◥, >, v, <, ◥], (0, 0)=[v], (3, 5)=[◣, v], (2, 5)=[v], (3, 6)=[<, ◥, v], (8, 0)=[^], (5, 2)=[◥], (8, 6)=[◢]}
16 Jan 2025 22:34:57 GMT Zwierzę poruszyło się z (7, 7) na (8, 6)
16 Jan 2025 22:34:57 GMT Długość listy pozycji: 9
Lista pozycji zwierząt: {(3, 2)=[^], (4, 3)=[◢, v, ◥, >, v, <, ◥], (0, 0)=[v], (3, 5)=[◣, v], (2, 5)=[v], (3, 6)=[<, ◥, v], (9, 0)=[>], (5, 2)=[◥], (8, 6)=[◢]}
16 Jan 2025 22:34:57 GMT Zwierzę poruszyło się z (8, 0) na (9, 0)
16 Jan 2025 22:34:57 GMT Długość listy pozycji: 9
Lista pozycji zwierząt: {(3, 2)=[^], (4, 3)=[◢, v, ◥, >, v, <, ◥], (0, 0)=[◤], (3, 5)=[◣, v], (2, 5)=[v], (3, 6)=[<, ◥, v], (9, 0)=[>], (5, 2)=[◥], (8, 6)=[◢]}
16 Jan 2025 22:34:57 GMT Zwierzę poruszyło się z (0, 0) na (0, 0)
16 Jan 2025 22:34:57 GMT Długość listy pozycji: 9
Lista pozycji zwierząt: {(4, 3)=[◢, v, ◥, >, v, <, ◥], (0, 0)=[◤], (3, 5)=[◣, v], (2, 5)=[v], (3, 6)=[<, ◥, v], (9, 0)=[>], (4, 1)=[◢], (5, 2)=[◥], (8, 6)=[◢]}
16 Jan 2025 22:34:57 GMT Zwierzę poruszyło się z (3, 2) na (4, 1)
16 Jan 2025 22:34:58 GMT Zwierzę zjadło roślinkę na (4, 1)
16 Jan 2025 22:34:58 GMT Zwierze zostało położone na (4, 3)
16 Jan 2025 22:34:58 GMT Urodziło się nowe zwierzę na (4, 3)
16 Jan 2025 22:34:58 GMT Zwierze zostało położone na (3, 5)
16 Jan 2025 22:34:58 GMT Urodziło się nowe zwierzę na (3, 5)
16 Jan 2025 22:34:59 GMT Zwierze zostało położone na (3, 6)
16 Jan 2025 22:34:59 GMT Urodziło się nowe zwierzę na (3, 6)
16 Jan 2025 22:34:59 GMT Roślinka wyrosła na (8, 3)
16 Jan 2025 22:34:59 GMT Roślinka wyrosła na (8, 9)
16 Jan 2025 22:34:59 GMT Roślinka wyrosła na (2, 2)
16 Jan 2025 22:34:59 GMT Roślinka wyrosła na (6, 1)
16 Jan 2025 22:34:59 GMT Roślinka wyrosła na (5, 7)
16 Jan 2025 22:34:59 GMT Roślinka wyrosła na (6, 3)
16 Jan 2025 22:34:59 GMT Roślinka wyrosła na (1, 4)
16 Jan 2025 22:34:59 GMT Roślinka wyrosła na (0, 1)
16 Jan 2025 22:34:59 GMT Roślinka wyrosła na (9, 9)
16 Jan 2025 22:34:59 GMT Roślinka wyrosła na (0, 4)
16 Jan 2025 22:34:59 GMT Zwierzę umarło na (3, 5)
16 Jan 2025 22:34:59 GMT Długość listy pozycji: 9
Lista pozycji zwierząt: {(4, 3)=[◢, ◢, v, ◥, >, v, <, ◥], (0, 0)=[◤], (3, 5)=[<, v], (2, 5)=[v], (3, 6)=[^, <, ◥, v], (9, 0)=[>], (6, 2)=[>], (4, 1)=[◢], (8, 6)=[◢]}
16 Jan 2025 22:34:59 GMT Zwierzę poruszyło się z (5, 2) na (6, 2)
16 Jan 2025 22:34:59 GMT Długość listy pozycji: 9
Lista pozycji zwierząt: {(4, 3)=[◢, ◢, v, ◥, >, v, <, ◥], (0, 0)=[◤], (3, 5)=[<, v], (3, 6)=[^, <, ◥, v], (2, 6)=[^], (9, 0)=[>], (6, 2)=[>], (4, 1)=[◢], (8, 6)=[◢]}
16 Jan 2025 22:34:59 GMT Zwierzę poruszyło się z (2, 5) na (2, 6)
16 Jan 2025 22:34:59 GMT Długość listy pozycji: 9
Lista pozycji zwierząt: {(4, 3)=[◢, ◢, v, ◥, >, v, <, ◥], (0, 0)=[◤], (3, 5)=[<], (3, 6)=[^, ^, <, ◥, ^], (2, 6)=[^], (9, 0)=[>], (6, 2)=[>], (4, 1)=[◢], (8, 6)=[◢]}
16 Jan 2025 22:34:59 GMT Zwierzę poruszyło się z (3, 5) na (3, 6)
16 Jan 2025 22:34:59 GMT Długość listy pozycji: 10
Lista pozycji zwierząt: {(4, 3)=[◢, ◢, ◥, >, ^, <, ◥], (4, 4)=[^], (0, 0)=[◤], (3, 5)=[<], (3, 6)=[^, ^, <, ◥, ^], (2, 6)=[^], (9, 0)=[>], (6, 2)=[>], (4, 1)=[◢], (8, 6)=[◢]}
16 Jan 2025 22:34:59 GMT Zwierzę poruszyło się z (4, 3) na (4, 4)
16 Jan 2025 22:35:00 GMT Długość listy pozycji: 10
Lista pozycji zwierząt: {(7, 6)=[<], (4, 3)=[◢, ◢, ◥, >, ^, <, ◥], (4, 4)=[^], (0, 0)=[◤], (3, 5)=[<], (3, 6)=[^, ^, <, ◥, ^], (2, 6)=[^], (9, 0)=[>], (6, 2)=[>], (4, 1)=[◢]}
16 Jan 2025 22:35:00 GMT Zwierzę poruszyło się z (8, 6) na (7, 6)
16 Jan 2025 22:35:00 GMT Długość listy pozycji: 10
Lista pozycji zwierząt: {(7, 6)=[<], (4, 3)=[◢, ◢, ◥, >, ^, <, ◥], (4, 4)=[^], (0, 0)=[◤], (3, 5)=[<], (3, 6)=[^, ^, <, ◥, ^], (2, 6)=[^], (9, 0)=[^], (6, 2)=[>], (4, 1)=[◢]}
16 Jan 2025 22:35:00 GMT Zwierzę poruszyło się z (9, 0) na (9, 0)
16 Jan 2025 22:35:00 GMT Długość listy pozycji: 9
Lista pozycji zwierząt: {(7, 6)=[<], (4, 3)=[◢, ◢, ◥, >, ^, <, ◥], (4, 4)=[^], (3, 5)=[<], (3, 6)=[^, ^, <, ◥, ^], (2, 6)=[^], (9, 0)=[^, <], (6, 2)=[>], (4, 1)=[◢]}
16 Jan 2025 22:35:00 GMT Zwierzę poruszyło się z (0, 0) na (9, 0)
16 Jan 2025 22:35:00 GMT Długość listy pozycji: 9
Lista pozycji zwierząt: {(7, 6)=[<], (4, 3)=[◢, ◢, ◥, >, ^, <, ◥], (4, 4)=[^], (3, 5)=[<], (3, 6)=[^, ^, <, ◥, ^], (2, 6)=[^], (9, 0)=[^, <], (6, 2)=[>], (3, 1)=[<]}
16 Jan 2025 22:35:00 GMT Zwierzę poruszyło się z (4, 1) na (3, 1)
16 Jan 2025 22:35:00 GMT Zwierzę zjadło roślinkę na (6, 2)
16 Jan 2025 22:35:00 GMT Zwierzę zjadło roślinkę na (3, 1)
16 Jan 2025 22:35:00 GMT Zwierze zostało położone na (4, 3)
16 Jan 2025 22:35:00 GMT Urodziło się nowe zwierzę na (4, 3)
16 Jan 2025 22:35:00 GMT Zwierze zostało położone na (3, 6)
16 Jan 2025 22:35:00 GMT Urodziło się nowe zwierzę na (3, 6)
16 Jan 2025 22:35:00 GMT Zwierze zostało położone na (9, 0)
16 Jan 2025 22:35:00 GMT Urodziło się nowe zwierzę na (9, 0)
16 Jan 2025 22:35:00 GMT Roślinka wyrosła na (2, 8)
16 Jan 2025 22:35:00 GMT Roślinka wyrosła na (7, 4)
16 Jan 2025 22:35:00 GMT Roślinka wyrosła na (1, 2)
16 Jan 2025 22:35:00 GMT Roślinka wyrosła na (0, 9)
16 Jan 2025 22:35:00 GMT Roślinka wyrosła na (9, 0)
16 Jan 2025 22:35:01 GMT Roślinka wyrosła na (5, 1)
16 Jan 2025 22:35:01 GMT Roślinka wyrosła na (1, 3)
16 Jan 2025 22:35:01 GMT Roślinka wyrosła na (8, 4)
16 Jan 2025 22:35:01 GMT Roślinka wyrosła na (3, 9)
16 Jan 2025 22:35:01 GMT Roślinka wyrosła na (2, 4)
16 Jan 2025 22:35:01 GMT Długość listy pozycji: 9
Lista pozycji zwierząt: {(7, 6)=[<], (4, 3)=[◣, ◢, ◢, ◥, >, ^, <, ◥], (4, 4)=[^], (3, 5)=[<], (3, 6)=[>, ^, ^, <, ◥, ^], (2, 6)=[^], (9, 0)=[>, ^, <], (7, 1)=[◢], (3, 1)=[<]}
16 Jan 2025 22:35:01 GMT Zwierzę poruszyło się z (6, 2) na (7, 1)
16 Jan 2025 22:35:01 GMT Długość listy pozycji: 9
Lista pozycji zwierząt: {(7, 6)=[<], (4, 3)=[◣, ◢, ◢, ◥, >, ^, <, ◥], (4, 4)=[^], (3, 5)=[<], (2, 5)=[v], (3, 6)=[>, ^, ^, <, ◥, ^], (9, 0)=[>, ^, <], (7, 1)=[◢], (3, 1)=[<]}
16 Jan 2025 22:35:01 GMT Zwierzę poruszyło się z (2, 6) na (2, 5)
16 Jan 2025 22:35:01 GMT Długość listy pozycji: 9
Lista pozycji zwierząt: {(7, 6)=[<], (4, 3)=[◣, ◢, ◢, ◥, >, ^, <, ◥], (4, 4)=[^], (3, 5)=[<, v], (2, 5)=[v], (3, 6)=[>, ^, <, ◥, v], (9, 0)=[>, ^, <], (7, 1)=[◢], (3, 1)=[<]}
16 Jan 2025 22:35:01 GMT Zwierzę poruszyło się z (3, 6) na (3, 5)
16 Jan 2025 22:35:01 GMT Długość listy pozycji: 8
Lista pozycji zwierząt: {(7, 6)=[<], (4, 3)=[◣, v, ◢, ◢, ◥, >, v, <, ◥], (3, 5)=[<, v], (2, 5)=[v], (3, 6)=[>, ^, <, ◥, v], (9, 0)=[>, ^, <], (7, 1)=[◢], (3, 1)=[<]}
16 Jan 2025 22:35:01 GMT Zwierzę poruszyło się z (4, 4) na (4, 3)
16 Jan 2025 22:35:01 GMT Długość listy pozycji: 8
Lista pozycji zwierząt: {(8, 7)=[◥], (4, 3)=[◣, v, ◢, ◢, ◥, >, v, <, ◥], (3, 5)=[<, v], (2, 5)=[v], (3, 6)=[>, ^, <, ◥, v], (9, 0)=[>, ^, <], (7, 1)=[◢], (3, 1)=[<]}
16 Jan 2025 22:35:01 GMT Zwierzę poruszyło się z (7, 6) na (8, 7)
16 Jan 2025 22:35:01 GMT Długość listy pozycji: 9
Lista pozycji zwierząt: {(8, 7)=[◥], (4, 3)=[◣, v, ◢, ◢, ◥, >, v, <, ◥], (0, 0)=[>], (3, 5)=[<, v], (2, 5)=[v], (3, 6)=[>, ^, <, ◥, v], (9, 0)=[>, <], (7, 1)=[◢], (3, 1)=[<]}
16 Jan 2025 22:35:01 GMT Zwierzę poruszyło się z (9, 0) na (0, 0)
16 Jan 2025 22:35:01 GMT Długość listy pozycji: 9
Lista pozycji zwierząt: {(8, 7)=[◥], (4, 3)=[◣, v, ◢, ◢, ◥, >, v, <, ◥], (0, 0)=[>], (3, 5)=[<, v], (2, 5)=[v], (3, 6)=[>, ^, <, ◥, v], (9, 0)=[>, ◥], (7, 1)=[◢], (3, 1)=[<]}
16 Jan 2025 22:35:01 GMT Zwierzę poruszyło się z (9, 0) na (9, 0)
16 Jan 2025 22:35:01 GMT Długość listy pozycji: 9
Lista pozycji zwierząt: {(8, 7)=[◥], (4, 3)=[◣, v, ◢, ◢, ◥, >, v, <, ◥], (0, 0)=[>], (3, 5)=[<, v], (2, 5)=[v], (3, 6)=[>, ^, <, ◥, v], (9, 0)=[>, ◥], (7, 1)=[◢], (4, 2)=[◥]}
16 Jan 2025 22:35:01 GMT Zwierzę poruszyło się z (3, 1) na (4, 2)
16 Jan 2025 22:35:02 GMT Zwierzę zjadło roślinkę na (9, 0)
16 Jan 2025 22:35:02 GMT Zwierzę zjadło roślinkę na (7, 1)
16 Jan 2025 22:35:02 GMT Zwierze zostało położone na (4, 3)
16 Jan 2025 22:35:02 GMT Urodziło się nowe zwierzę na (4, 3)
16 Jan 2025 22:35:02 GMT Zwierze zostało położone na (3, 5)
16 Jan 2025 22:35:02 GMT Urodziło się nowe zwierzę na (3, 5)
16 Jan 2025 22:35:02 GMT Zwierze zostało położone na (3, 6)
16 Jan 2025 22:35:02 GMT Urodziło się nowe zwierzę na (3, 6)
16 Jan 2025 22:35:02 GMT Zwierze zostało położone na (9, 0)
16 Jan 2025 22:35:02 GMT Urodziło się nowe zwierzę na (9, 0)
16 Jan 2025 22:35:02 GMT Roślinka wyrosła na null
16 Jan 2025 22:35:02 GMT Roślinka wyrosła na null
16 Jan 2025 22:35:02 GMT Roślinka wyrosła na null
16 Jan 2025 22:35:02 GMT Roślinka wyrosła na null
16 Jan 2025 22:35:02 GMT Roślinka wyrosła na null
16 Jan 2025 22:35:02 GMT Roślinka wyrosła na null
16 Jan 2025 22:35:02 GMT Roślinka wyrosła na null
16 Jan 2025 22:35:02 GMT Roślinka wyrosła na null
16 Jan 2025 22:35:02 GMT Roślinka wyrosła na null
16 Jan 2025 22:35:02 GMT Roślinka wyrosła na null
