18 Jan 2025 21:48:16 GMT Zwierze zostało położone na (0, 4)
18 Jan 2025 21:48:16 GMT Zwierze zostało położone na (1, 8)
18 Jan 2025 21:48:16 GMT Zwierze zostało położone na (0, 6)
18 Jan 2025 21:48:16 GMT Zwierze zostało położone na (1, 3)
18 Jan 2025 21:48:16 GMT Długość listy pozycji: 4
Lista pozycji zwierząt: {(1, 3)=[◥], (1, 4)=[<], (0, 6)=[<], (1, 8)=[^]}
18 Jan 2025 21:48:16 GMT Zwierzę poruszyło się z (0, 4) na (1, 4)
18 Jan 2025 21:48:16 GMT Długość listy pozycji: 4
Lista pozycji zwierząt: {(1, 3)=[◥], (1, 4)=[<], (0, 6)=[<], (1, 9)=[^]}
18 Jan 2025 21:48:16 GMT Zwierzę poruszyło się z (1, 8) na (1, 9)
18 Jan 2025 21:48:16 GMT Długość listy pozycji: 4
Lista pozycji zwierząt: {(1, 3)=[◥], (1, 4)=[<], (0, 5)=[v], (1, 9)=[^]}
18 Jan 2025 21:48:16 GMT Zwierzę poruszyło się z (0, 6) na (0, 5)
18 Jan 2025 21:48:16 GMT Długość listy pozycji: 4
Lista pozycji zwierząt: {(0, 3)=[>], (1, 4)=[<], (0, 5)=[v], (1, 9)=[^]}
18 Jan 2025 21:48:16 GMT Zwierzę poruszyło się z (1, 3) na (0, 3)
18 Jan 2025 21:48:16 GMT Zwierzę zjadło roślinkę na (0, 3)
18 Jan 2025 21:48:16 GMT Zwierzę zjadło roślinkę na (1, 4)
18 Jan 2025 21:48:16 GMT Zwierzę zjadło roślinkę na (0, 5)
18 Jan 2025 21:48:17 GMT Roślinka wyrosła na (1, 7)
18 Jan 2025 21:48:17 GMT Roślinka wyrosła na (0, 8)
18 Jan 2025 21:48:17 GMT Roślinka wyrosła na (1, 0)
18 Jan 2025 21:48:17 GMT Roślinka wyrosła na (0, 4)
18 Jan 2025 21:48:17 GMT Roślinka wyrosła na (0, 9)
18 Jan 2025 21:48:17 GMT Roślinka wyrosła na (1, 1)
18 Jan 2025 21:48:17 GMT Roślinka wyrosła na (0, 7)
18 Jan 2025 21:48:17 GMT Roślinka wyrosła na (1, 3)
18 Jan 2025 21:48:17 GMT Roślinka wyrosła na (1, 8)
18 Jan 2025 21:48:17 GMT Roślinka wyrosła na (1, 9)
18 Jan 2025 21:48:17 GMT Długość listy pozycji: 3
Lista pozycji zwierząt: {(0, 3)=[>, ◣], (0, 5)=[v], (1, 9)=[^]}
18 Jan 2025 21:48:17 GMT Zwierzę poruszyło się z (1, 4) na (0, 3)
18 Jan 2025 21:48:17 GMT Długość listy pozycji: 3
Lista pozycji zwierząt: {(0, 3)=[>, ◣], (0, 5)=[v], (1, 9)=[v]}
18 Jan 2025 21:48:17 GMT Zwierzę poruszyło się z (1, 9) na (1, 9)
18 Jan 2025 21:48:17 GMT Długość listy pozycji: 3
Lista pozycji zwierząt: {(0, 3)=[>, ◣], (1, 5)=[>], (1, 9)=[v]}
18 Jan 2025 21:48:17 GMT Zwierzę poruszyło się z (0, 5) na (1, 5)
18 Jan 2025 21:48:17 GMT Długość listy pozycji: 4
Lista pozycji zwierząt: {(1, 2)=[◢], (0, 3)=[◣], (1, 5)=[>], (1, 9)=[v]}
18 Jan 2025 21:48:17 GMT Zwierzę poruszyło się z (0, 3) na (1, 2)
18 Jan 2025 21:48:17 GMT Zwierzę zjadło roślinkę na (1, 2)
18 Jan 2025 21:48:17 GMT Zwierzę zjadło roślinkę na (1, 5)
18 Jan 2025 21:48:17 GMT Zwierzę zjadło roślinkę na (1, 9)
18 Jan 2025 21:48:17 GMT Roślinka wyrosła na null
18 Jan 2025 21:48:17 GMT Roślinka wyrosła na null
18 Jan 2025 21:48:17 GMT Roślinka wyrosła na null
18 Jan 2025 21:48:17 GMT Roślinka wyrosła na null
18 Jan 2025 21:48:17 GMT Roślinka wyrosła na null
18 Jan 2025 21:48:17 GMT Roślinka wyrosła na null
18 Jan 2025 21:48:17 GMT Roślinka wyrosła na null
18 Jan 2025 21:48:17 GMT Roślinka wyrosła na null
18 Jan 2025 21:48:17 GMT Roślinka wyrosła na null
18 Jan 2025 21:48:17 GMT Roślinka wyrosła na null
18 Jan 2025 21:48:18 GMT Długość listy pozycji: 4
Lista pozycji zwierząt: {(1, 2)=[◢], (0, 2)=[v], (1, 5)=[>], (1, 9)=[v]}
18 Jan 2025 21:48:18 GMT Zwierzę poruszyło się z (0, 3) na (0, 2)
18 Jan 2025 21:48:18 GMT Długość listy pozycji: 4
Lista pozycji zwierząt: {(1, 2)=[◢], (0, 2)=[v], (1, 5)=[>], (1, 8)=[v]}
18 Jan 2025 21:48:18 GMT Zwierzę poruszyło się z (1, 9) na (1, 8)
18 Jan 2025 21:48:18 GMT Długość listy pozycji: 4
Lista pozycji zwierząt: {(1, 2)=[◢], (0, 2)=[v], (1, 6)=[^], (1, 8)=[v]}
18 Jan 2025 21:48:18 GMT Zwierzę poruszyło się z (1, 5) na (1, 6)
18 Jan 2025 21:48:18 GMT Długość listy pozycji: 4
Lista pozycji zwierząt: {(1, 1)=[v], (0, 2)=[v], (1, 6)=[^], (1, 8)=[v]}
18 Jan 2025 21:48:18 GMT Zwierzę poruszyło się z (1, 2) na (1, 1)
18 Jan 2025 21:48:18 GMT Zwierzę zjadło roślinkę na (1, 1)
18 Jan 2025 21:48:18 GMT Zwierzę zjadło roślinkę na (0, 2)
18 Jan 2025 21:48:18 GMT Zwierzę zjadło roślinkę na (1, 6)
18 Jan 2025 21:48:18 GMT Zwierzę zjadło roślinkę na (1, 8)
18 Jan 2025 21:48:18 GMT Roślinka wyrosła na null
18 Jan 2025 21:48:18 GMT Roślinka wyrosła na null
18 Jan 2025 21:48:18 GMT Roślinka wyrosła na null
18 Jan 2025 21:48:18 GMT Roślinka wyrosła na null
18 Jan 2025 21:48:18 GMT Roślinka wyrosła na null
18 Jan 2025 21:48:18 GMT Roślinka wyrosła na null
18 Jan 2025 21:48:18 GMT Roślinka wyrosła na null
18 Jan 2025 21:48:18 GMT Roślinka wyrosła na null
18 Jan 2025 21:48:18 GMT Roślinka wyrosła na null
18 Jan 2025 21:48:18 GMT Roślinka wyrosła na null
18 Jan 2025 21:48:19 GMT Długość listy pozycji: 3
Lista pozycji zwierząt: {(1, 1)=[v, ◢], (1, 6)=[^], (1, 8)=[v]}
18 Jan 2025 21:48:19 GMT Zwierzę poruszyło się z (0, 2) na (1, 1)
18 Jan 2025 21:48:19 GMT Długość listy pozycji: 3
Lista pozycji zwierząt: {(1, 1)=[v, ◢], (1, 6)=[^], (1, 7)=[v]}
18 Jan 2025 21:48:19 GMT Zwierzę poruszyło się z (1, 8) na (1, 7)
18 Jan 2025 21:48:19 GMT Długość listy pozycji: 3
Lista pozycji zwierząt: {(1, 1)=[v, ◢], (0, 6)=[<], (1, 7)=[v]}
18 Jan 2025 21:48:19 GMT Zwierzę poruszyło się z (1, 6) na (0, 6)
18 Jan 2025 21:48:19 GMT Długość listy pozycji: 4
Lista pozycji zwierząt: {(0, 0)=[◣], (1, 1)=[◢], (0, 6)=[<], (1, 7)=[v]}
18 Jan 2025 21:48:19 GMT Zwierzę poruszyło się z (1, 1) na (0, 0)
18 Jan 2025 21:48:19 GMT Zwierzę zjadło roślinkę na (0, 0)
18 Jan 2025 21:48:19 GMT Zwierzę zjadło roślinkę na (0, 6)
18 Jan 2025 21:48:19 GMT Zwierzę zjadło roślinkę na (1, 7)
18 Jan 2025 21:48:19 GMT Roślinka wyrosła na null
18 Jan 2025 21:48:19 GMT Roślinka wyrosła na null
18 Jan 2025 21:48:19 GMT Roślinka wyrosła na null
18 Jan 2025 21:48:19 GMT Roślinka wyrosła na null
18 Jan 2025 21:48:19 GMT Roślinka wyrosła na null
18 Jan 2025 21:48:19 GMT Roślinka wyrosła na null
18 Jan 2025 21:48:19 GMT Roślinka wyrosła na null
18 Jan 2025 21:48:19 GMT Roślinka wyrosła na null
18 Jan 2025 21:48:19 GMT Roślinka wyrosła na null
18 Jan 2025 21:48:19 GMT Roślinka wyrosła na null
18 Jan 2025 21:48:19 GMT Długość listy pozycji: 4
Lista pozycji zwierząt: {(0, 0)=[◣], (0, 1)=[>], (0, 6)=[<], (1, 7)=[v]}
18 Jan 2025 21:48:19 GMT Zwierzę poruszyło się z (1, 1) na (0, 1)
18 Jan 2025 21:48:20 GMT Długość listy pozycji: 4
Lista pozycji zwierząt: {(0, 0)=[◣], (0, 1)=[>], (1, 6)=[v], (0, 6)=[<]}
18 Jan 2025 21:48:20 GMT Zwierzę poruszyło się z (1, 7) na (1, 6)
18 Jan 2025 21:48:20 GMT Długość listy pozycji: 4
Lista pozycji zwierząt: {(0, 0)=[◣], (0, 1)=[>], (0, 5)=[v], (1, 6)=[v]}
18 Jan 2025 21:48:20 GMT Zwierzę poruszyło się z (0, 6) na (0, 5)
18 Jan 2025 21:48:20 GMT Długość listy pozycji: 4
Lista pozycji zwierząt: {(1, 0)=[<], (0, 1)=[>], (0, 5)=[v], (1, 6)=[v]}
18 Jan 2025 21:48:20 GMT Zwierzę poruszyło się z (0, 0) na (1, 0)
18 Jan 2025 21:48:20 GMT Zwierzę zjadło roślinkę na (1, 0)
18 Jan 2025 21:48:20 GMT Zwierzę zjadło roślinkę na (0, 1)
18 Jan 2025 21:48:20 GMT Roślinka wyrosła na null
18 Jan 2025 21:48:20 GMT Roślinka wyrosła na null
18 Jan 2025 21:48:20 GMT Roślinka wyrosła na null
18 Jan 2025 21:48:20 GMT Roślinka wyrosła na null
18 Jan 2025 21:48:20 GMT Roślinka wyrosła na null
18 Jan 2025 21:48:20 GMT Roślinka wyrosła na null
18 Jan 2025 21:48:20 GMT Roślinka wyrosła na null
18 Jan 2025 21:48:20 GMT Roślinka wyrosła na null
18 Jan 2025 21:48:20 GMT Roślinka wyrosła na null
18 Jan 2025 21:48:20 GMT Roślinka wyrosła na null
18 Jan 2025 21:48:20 GMT Długość listy pozycji: 4
Lista pozycji zwierząt: {(1, 0)=[<], (1, 2)=[◥], (0, 5)=[v], (1, 6)=[v]}
18 Jan 2025 21:48:20 GMT Zwierzę poruszyło się z (0, 1) na (1, 2)
18 Jan 2025 21:48:20 GMT Długość listy pozycji: 4
Lista pozycji zwierząt: {(1, 0)=[<], (1, 2)=[◥], (1, 5)=[v], (0, 5)=[v]}
18 Jan 2025 21:48:20 GMT Zwierzę poruszyło się z (1, 6) na (1, 5)
18 Jan 2025 21:48:21 GMT Długość listy pozycji: 3
Lista pozycji zwierząt: {(1, 0)=[<], (1, 2)=[◥], (1, 5)=[>, v]}
18 Jan 2025 21:48:21 GMT Zwierzę poruszyło się z (0, 5) na (1, 5)
18 Jan 2025 21:48:21 GMT Długość listy pozycji: 3
Lista pozycji zwierząt: {(0, 1)=[◤], (1, 2)=[◥], (1, 5)=[>, v]}
18 Jan 2025 21:48:21 GMT Zwierzę poruszyło się z (1, 0) na (0, 1)
18 Jan 2025 21:48:21 GMT Zwierze zostało położone na (1, 5)
18 Jan 2025 21:48:21 GMT Urodziło się nowe zwierzę na (1, 5)
18 Jan 2025 21:48:21 GMT Roślinka wyrosła na null
18 Jan 2025 21:48:21 GMT Roślinka wyrosła na null
18 Jan 2025 21:48:21 GMT Roślinka wyrosła na null
18 Jan 2025 21:48:21 GMT Roślinka wyrosła na null
18 Jan 2025 21:48:21 GMT Roślinka wyrosła na null
18 Jan 2025 21:48:21 GMT Roślinka wyrosła na null
18 Jan 2025 21:48:21 GMT Roślinka wyrosła na null
18 Jan 2025 21:48:21 GMT Roślinka wyrosła na null
18 Jan 2025 21:48:21 GMT Roślinka wyrosła na null
18 Jan 2025 21:48:21 GMT Roślinka wyrosła na null
18 Jan 2025 21:48:21 GMT Długość listy pozycji: 3
Lista pozycji zwierząt: {(0, 1)=[◤], (1, 3)=[^], (1, 5)=[>, v, >]}
18 Jan 2025 21:48:21 GMT Zwierzę poruszyło się z (1, 2) na (1, 3)
18 Jan 2025 21:48:21 GMT Długość listy pozycji: 4
Lista pozycji zwierząt: {(0, 1)=[◤], (1, 3)=[^], (1, 4)=[v], (1, 5)=[>, >]}
18 Jan 2025 21:48:21 GMT Zwierzę poruszyło się z (1, 5) na (1, 4)
18 Jan 2025 21:48:21 GMT Długość listy pozycji: 5
Lista pozycji zwierząt: {(0, 1)=[◤], (1, 3)=[^], (1, 4)=[v], (1, 5)=[>], (1, 6)=[^]}
18 Jan 2025 21:48:22 GMT Zwierzę poruszyło się z (1, 5) na (1, 6)
18 Jan 2025 21:48:22 GMT Długość listy pozycji: 5
Lista pozycji zwierząt: {(0, 2)=[^], (1, 3)=[^], (1, 4)=[v], (1, 5)=[>], (1, 6)=[^]}
18 Jan 2025 21:48:22 GMT Zwierzę poruszyło się z (0, 1) na (0, 2)
18 Jan 2025 21:48:22 GMT Zwierzę zjadło roślinkę na (1, 3)
18 Jan 2025 21:48:22 GMT Roślinka wyrosła na null
18 Jan 2025 21:48:22 GMT Roślinka wyrosła na null
18 Jan 2025 21:48:22 GMT Roślinka wyrosła na null
18 Jan 2025 21:48:22 GMT Roślinka wyrosła na null
18 Jan 2025 21:48:22 GMT Roślinka wyrosła na null
18 Jan 2025 21:48:22 GMT Roślinka wyrosła na null
18 Jan 2025 21:48:22 GMT Roślinka wyrosła na null
18 Jan 2025 21:48:22 GMT Roślinka wyrosła na null
18 Jan 2025 21:48:22 GMT Roślinka wyrosła na null
18 Jan 2025 21:48:22 GMT Roślinka wyrosła na null
18 Jan 2025 21:48:22 GMT Długość listy pozycji: 5
Lista pozycji zwierząt: {(0, 2)=[^], (1, 4)=[v], (0, 4)=[◤], (1, 5)=[>], (1, 6)=[^]}
18 Jan 2025 21:48:22 GMT Zwierzę poruszyło się z (1, 3) na (0, 4)
18 Jan 2025 21:48:22 GMT Długość listy pozycji: 5
Lista pozycji zwierząt: {(1, 3)=[v], (0, 2)=[^], (0, 4)=[◤], (1, 5)=[>], (1, 6)=[^]}
18 Jan 2025 21:48:22 GMT Zwierzę poruszyło się z (1, 4) na (1, 3)
18 Jan 2025 21:48:22 GMT Długość listy pozycji: 5
Lista pozycji zwierząt: {(1, 3)=[v], (0, 2)=[^], (0, 4)=[◤], (1, 5)=[>], (0, 6)=[<]}
18 Jan 2025 21:48:22 GMT Zwierzę poruszyło się z (1, 6) na (0, 6)
18 Jan 2025 21:48:22 GMT Długość listy pozycji: 4
Lista pozycji zwierząt: {(1, 3)=[◥, v], (0, 4)=[◤], (1, 5)=[>], (0, 6)=[<]}
18 Jan 2025 21:48:22 GMT Zwierzę poruszyło się z (0, 2) na (1, 3)
18 Jan 2025 21:48:23 GMT Zwierzę zjadło roślinkę na (0, 4)
18 Jan 2025 21:48:23 GMT Zwierze zostało położone na (1, 3)
18 Jan 2025 21:48:23 GMT Urodziło się nowe zwierzę na (1, 3)
18 Jan 2025 21:48:23 GMT Roślinka wyrosła na null
18 Jan 2025 21:48:23 GMT Roślinka wyrosła na null
18 Jan 2025 21:48:23 GMT Roślinka wyrosła na null
18 Jan 2025 21:48:23 GMT Roślinka wyrosła na null
18 Jan 2025 21:48:23 GMT Roślinka wyrosła na null
18 Jan 2025 21:48:23 GMT Roślinka wyrosła na null
18 Jan 2025 21:48:23 GMT Roślinka wyrosła na null
18 Jan 2025 21:48:23 GMT Roślinka wyrosła na null
18 Jan 2025 21:48:23 GMT Roślinka wyrosła na null
18 Jan 2025 21:48:23 GMT Roślinka wyrosła na null
18 Jan 2025 21:48:23 GMT Długość listy pozycji: 4
Lista pozycji zwierząt: {(1, 3)=[◥, v, ◣], (1, 4)=[<], (1, 5)=[>], (0, 6)=[<]}
18 Jan 2025 21:48:23 GMT Zwierzę poruszyło się z (0, 4) na (1, 4)
18 Jan 2025 21:48:23 GMT Długość listy pozycji: 5
Lista pozycji zwierząt: {(1, 2)=[v], (1, 3)=[◥, ◣], (1, 4)=[<], (1, 5)=[>], (0, 6)=[<]}
18 Jan 2025 21:48:23 GMT Zwierzę poruszyło się z (1, 3) na (1, 2)
18 Jan 2025 21:48:23 GMT Długość listy pozycji: 5
Lista pozycji zwierząt: {(1, 2)=[v], (1, 3)=[◥, ◣], (1, 4)=[<], (1, 5)=[>], (0, 5)=[v]}
18 Jan 2025 21:48:23 GMT Zwierzę poruszyło się z (0, 6) na (0, 5)
18 Jan 2025 21:48:23 GMT Długość listy pozycji: 6
Lista pozycji zwierząt: {(1, 2)=[v], (1, 3)=[◣], (0, 3)=[>], (1, 4)=[<], (1, 5)=[>], (0, 5)=[v]}
18 Jan 2025 21:48:23 GMT Zwierzę poruszyło się z (1, 3) na (0, 3)
18 Jan 2025 21:48:24 GMT Roślinka wyrosła na null
18 Jan 2025 21:48:24 GMT Roślinka wyrosła na null
18 Jan 2025 21:48:24 GMT Roślinka wyrosła na null
18 Jan 2025 21:48:24 GMT Roślinka wyrosła na null
18 Jan 2025 21:48:24 GMT Roślinka wyrosła na null
18 Jan 2025 21:48:24 GMT Roślinka wyrosła na null
18 Jan 2025 21:48:24 GMT Roślinka wyrosła na null
18 Jan 2025 21:48:24 GMT Roślinka wyrosła na null
18 Jan 2025 21:48:24 GMT Roślinka wyrosła na null
18 Jan 2025 21:48:24 GMT Roślinka wyrosła na null
18 Jan 2025 21:48:24 GMT Długość listy pozycji: 5
Lista pozycji zwierząt: {(1, 2)=[v], (1, 3)=[◣], (0, 3)=[◣, >], (1, 5)=[>], (0, 5)=[v]}
18 Jan 2025 21:48:24 GMT Zwierzę poruszyło się z (1, 4) na (0, 3)
18 Jan 2025 21:48:24 GMT Długość listy pozycji: 5
Lista pozycji zwierząt: {(1, 1)=[v], (1, 3)=[◣], (0, 3)=[◣, >], (1, 5)=[>], (0, 5)=[v]}
18 Jan 2025 21:48:24 GMT Zwierzę poruszyło się z (1, 2) na (1, 1)
18 Jan 2025 21:48:24 GMT Długość listy pozycji: 4
Lista pozycji zwierząt: {(1, 1)=[v], (1, 3)=[◣], (0, 3)=[◣, >], (1, 5)=[>, >]}
18 Jan 2025 21:48:24 GMT Zwierzę poruszyło się z (0, 5) na (1, 5)
18 Jan 2025 21:48:24 GMT Długość listy pozycji: 5
Lista pozycji zwierząt: {(1, 1)=[v], (1, 2)=[◢], (1, 3)=[◣], (0, 3)=[◣], (1, 5)=[>, >]}
18 Jan 2025 21:48:24 GMT Zwierzę poruszyło się z (0, 3) na (1, 2)
18 Jan 2025 21:48:25 GMT Zwierze zostało położone na (1, 5)
18 Jan 2025 21:48:25 GMT Urodziło się nowe zwierzę na (1, 5)
18 Jan 2025 21:48:25 GMT Roślinka wyrosła na null
18 Jan 2025 21:48:25 GMT Roślinka wyrosła na null
18 Jan 2025 21:48:25 GMT Roślinka wyrosła na null
18 Jan 2025 21:48:25 GMT Roślinka wyrosła na null
18 Jan 2025 21:48:25 GMT Roślinka wyrosła na null
18 Jan 2025 21:48:25 GMT Roślinka wyrosła na null
18 Jan 2025 21:48:25 GMT Roślinka wyrosła na null
18 Jan 2025 21:48:25 GMT Roślinka wyrosła na null
18 Jan 2025 21:48:25 GMT Roślinka wyrosła na null
18 Jan 2025 21:48:25 GMT Roślinka wyrosła na null
18 Jan 2025 21:48:25 GMT Zwierzę umarło na (1, 5)
18 Jan 2025 21:48:25 GMT Długość listy pozycji: 5
Lista pozycji zwierząt: {(1, 1)=[v], (1, 2)=[◢], (0, 2)=[v], (1, 3)=[◣], (1, 5)=[>, >, >]}
18 Jan 2025 21:48:25 GMT Zwierzę poruszyło się z (0, 3) na (0, 2)
18 Jan 2025 21:48:25 GMT Długość listy pozycji: 5
Lista pozycji zwierząt: {(1, 0)=[v], (1, 2)=[◢], (0, 2)=[v], (1, 3)=[◣], (1, 5)=[>, >, >]}
18 Jan 2025 21:48:25 GMT Zwierzę poruszyło się z (1, 1) na (1, 0)
18 Jan 2025 21:48:25 GMT Długość listy pozycji: 5
Lista pozycji zwierząt: {(1, 0)=[v], (1, 1)=[v], (0, 2)=[v], (1, 3)=[◣], (1, 5)=[>, >, >]}
18 Jan 2025 21:48:25 GMT Zwierzę poruszyło się z (1, 2) na (1, 1)
18 Jan 2025 21:48:25 GMT Zwierze zostało położone na (1, 5)
18 Jan 2025 21:48:25 GMT Urodziło się nowe zwierzę na (1, 5)
18 Jan 2025 21:48:26 GMT Roślinka wyrosła na null
18 Jan 2025 21:48:26 GMT Roślinka wyrosła na null
18 Jan 2025 21:48:26 GMT Roślinka wyrosła na null
18 Jan 2025 21:48:26 GMT Roślinka wyrosła na null
18 Jan 2025 21:48:26 GMT Roślinka wyrosła na null
18 Jan 2025 21:48:26 GMT Roślinka wyrosła na null
18 Jan 2025 21:48:26 GMT Roślinka wyrosła na null
18 Jan 2025 21:48:26 GMT Roślinka wyrosła na null
18 Jan 2025 21:48:26 GMT Roślinka wyrosła na null
18 Jan 2025 21:48:26 GMT Roślinka wyrosła na null
18 Jan 2025 21:48:26 GMT Długość listy pozycji: 4
Lista pozycji zwierząt: {(1, 0)=[v], (1, 1)=[◢, v], (1, 3)=[◣], (1, 5)=[◤, >, >, >]}
18 Jan 2025 21:48:26 GMT Zwierzę poruszyło się z (0, 2) na (1, 1)
18 Jan 2025 21:48:26 GMT Długość listy pozycji: 4
Lista pozycji zwierząt: {(1, 0)=[^], (1, 1)=[◢, v], (1, 3)=[◣], (1, 5)=[◤, >, >, >]}
18 Jan 2025 21:48:26 GMT Zwierzę poruszyło się z (1, 0) na (1, 0)
18 Jan 2025 21:48:26 GMT Długość listy pozycji: 5
Lista pozycji zwierząt: {(1, 0)=[^], (0, 0)=[◣], (1, 1)=[◢], (1, 3)=[◣], (1, 5)=[◤, >, >, >]}
18 Jan 2025 21:48:26 GMT Zwierzę poruszyło się z (1, 1) na (0, 0)
18 Jan 2025 21:48:26 GMT Zwierze zostało położone na (1, 5)
18 Jan 2025 21:48:26 GMT Urodziło się nowe zwierzę na (1, 5)
18 Jan 2025 21:48:26 GMT Roślinka wyrosła na null
18 Jan 2025 21:48:26 GMT Roślinka wyrosła na null
18 Jan 2025 21:48:26 GMT Roślinka wyrosła na null
18 Jan 2025 21:48:26 GMT Roślinka wyrosła na null
18 Jan 2025 21:48:26 GMT Roślinka wyrosła na null
18 Jan 2025 21:48:26 GMT Roślinka wyrosła na null
18 Jan 2025 21:48:26 GMT Roślinka wyrosła na null
18 Jan 2025 21:48:26 GMT Roślinka wyrosła na null
18 Jan 2025 21:48:26 GMT Roślinka wyrosła na null
18 Jan 2025 21:48:26 GMT Roślinka wyrosła na null
18 Jan 2025 21:48:27 GMT Długość listy pozycji: 5
Lista pozycji zwierząt: {(1, 0)=[^], (0, 0)=[◣], (0, 1)=[>], (1, 3)=[◣], (1, 5)=[^, ◤, >, >, >]}
18 Jan 2025 21:48:27 GMT Zwierzę poruszyło się z (1, 1) na (0, 1)
18 Jan 2025 21:48:27 GMT Długość listy pozycji: 5
Lista pozycji zwierząt: {(1, 1)=[^], (0, 0)=[◣], (0, 1)=[>], (1, 3)=[◣], (1, 5)=[^, ◤, >, >, >]}
18 Jan 2025 21:48:27 GMT Zwierzę poruszyło się z (1, 0) na (1, 1)
18 Jan 2025 21:48:27 GMT Długość listy pozycji: 5
Lista pozycji zwierząt: {(1, 0)=[<], (1, 1)=[^], (0, 1)=[>], (1, 3)=[◣], (1, 5)=[^, ◤, >, >, >]}
18 Jan 2025 21:48:27 GMT Zwierzę poruszyło się z (0, 0) na (1, 0)
18 Jan 2025 21:48:27 GMT Zwierze zostało położone na (1, 5)
18 Jan 2025 21:48:27 GMT Urodziło się nowe zwierzę na (1, 5)
18 Jan 2025 21:48:27 GMT Roślinka wyrosła na null
18 Jan 2025 21:48:27 GMT Roślinka wyrosła na null
18 Jan 2025 21:48:27 GMT Roślinka wyrosła na null
18 Jan 2025 21:48:27 GMT Roślinka wyrosła na null
18 Jan 2025 21:48:27 GMT Roślinka wyrosła na null
18 Jan 2025 21:48:27 GMT Roślinka wyrosła na null
18 Jan 2025 21:48:27 GMT Roślinka wyrosła na null
18 Jan 2025 21:48:27 GMT Roślinka wyrosła na null
18 Jan 2025 21:48:27 GMT Roślinka wyrosła na null
18 Jan 2025 21:48:27 GMT Roślinka wyrosła na null
18 Jan 2025 21:48:27 GMT Długość listy pozycji: 5
Lista pozycji zwierząt: {(1, 0)=[<], (1, 1)=[^], (1, 2)=[◥], (1, 3)=[◣], (1, 5)=[◥, ^, ◤, >, >, >]}
18 Jan 2025 21:48:27 GMT Zwierzę poruszyło się z (0, 1) na (1, 2)
18 Jan 2025 21:48:28 GMT Długość listy pozycji: 4
Lista pozycji zwierząt: {(1, 0)=[<], (1, 2)=[◥, ^], (1, 3)=[◣], (1, 5)=[◥, ^, ◤, >, >, >]}
18 Jan 2025 21:48:28 GMT Zwierzę poruszyło się z (1, 1) na (1, 2)
18 Jan 2025 21:48:28 GMT Długość listy pozycji: 4
Lista pozycji zwierząt: {(0, 1)=[◤], (1, 2)=[◥, ^], (1, 3)=[◣], (1, 5)=[◥, ^, ◤, >, >, >]}
18 Jan 2025 21:48:28 GMT Zwierzę poruszyło się z (1, 0) na (0, 1)
18 Jan 2025 21:48:28 GMT Zwierze zostało położone na (1, 2)
18 Jan 2025 21:48:28 GMT Urodziło się nowe zwierzę na (1, 2)
18 Jan 2025 21:48:28 GMT Zwierze zostało położone na (1, 5)
18 Jan 2025 21:48:28 GMT Urodziło się nowe zwierzę na (1, 5)
18 Jan 2025 21:48:28 GMT Roślinka wyrosła na null
18 Jan 2025 21:48:28 GMT Roślinka wyrosła na null
18 Jan 2025 21:48:28 GMT Roślinka wyrosła na null
18 Jan 2025 21:48:28 GMT Roślinka wyrosła na null
18 Jan 2025 21:48:28 GMT Roślinka wyrosła na null
18 Jan 2025 21:48:28 GMT Roślinka wyrosła na null
18 Jan 2025 21:48:28 GMT Roślinka wyrosła na null
18 Jan 2025 21:48:28 GMT Roślinka wyrosła na null
18 Jan 2025 21:48:28 GMT Roślinka wyrosła na null
18 Jan 2025 21:48:28 GMT Roślinka wyrosła na null
18 Jan 2025 21:48:28 GMT Długość listy pozycji: 4
Lista pozycji zwierząt: {(0, 1)=[◤], (1, 2)=[^, ◥], (1, 3)=[^, ◣], (1, 5)=[v, ◥, ^, ◤, >, >, >]}
18 Jan 2025 21:48:28 GMT Zwierzę poruszyło się z (1, 2) na (1, 3)
18 Jan 2025 21:48:28 GMT Długość listy pozycji: 4
Lista pozycji zwierząt: {(0, 1)=[◤], (1, 2)=[◥], (1, 3)=[^, ^, ◣], (1, 5)=[v, ◥, ^, ◤, >, >, >]}
18 Jan 2025 21:48:28 GMT Zwierzę poruszyło się z (1, 2) na (1, 3)
18 Jan 2025 21:48:29 GMT Długość listy pozycji: 4
Lista pozycji zwierząt: {(1, 2)=[◥], (0, 2)=[^], (1, 3)=[^, ^, ◣], (1, 5)=[v, ◥, ^, ◤, >, >, >]}
18 Jan 2025 21:48:29 GMT Zwierzę poruszyło się z (0, 1) na (0, 2)
18 Jan 2025 21:48:29 GMT Zwierze zostało położone na (1, 3)
18 Jan 2025 21:48:29 GMT Urodziło się nowe zwierzę na (1, 3)
18 Jan 2025 21:48:29 GMT Zwierze zostało położone na (1, 5)
18 Jan 2025 21:48:29 GMT Urodziło się nowe zwierzę na (1, 5)
18 Jan 2025 21:48:29 GMT Roślinka wyrosła na null
18 Jan 2025 21:48:29 GMT Roślinka wyrosła na null
18 Jan 2025 21:48:29 GMT Roślinka wyrosła na null
18 Jan 2025 21:48:29 GMT Roślinka wyrosła na null
18 Jan 2025 21:48:29 GMT Roślinka wyrosła na null
18 Jan 2025 21:48:29 GMT Roślinka wyrosła na null
18 Jan 2025 21:48:29 GMT Roślinka wyrosła na null
18 Jan 2025 21:48:29 GMT Roślinka wyrosła na null
18 Jan 2025 21:48:29 GMT Roślinka wyrosła na null
18 Jan 2025 21:48:29 GMT Roślinka wyrosła na null
18 Jan 2025 21:48:29 GMT Długość listy pozycji: 5
Lista pozycji zwierząt: {(1, 2)=[◥], (0, 2)=[^], (1, 3)=[◤, ^, ◣, ◤], (0, 4)=[◤], (1, 5)=[>, v, ◥, ^, ◤, >, >, >]}
18 Jan 2025 21:48:29 GMT Zwierzę poruszyło się z (1, 3) na (0, 4)
18 Jan 2025 21:48:29 GMT Długość listy pozycji: 6
Lista pozycji zwierząt: {(1, 2)=[◥], (0, 2)=[^], (1, 3)=[◤, ◣, ◤], (1, 4)=[^], (0, 4)=[◤], (1, 5)=[>, v, ◥, ^, ◤, >, >, >]}
18 Jan 2025 21:48:29 GMT Zwierzę poruszyło się z (1, 3) na (1, 4)
18 Jan 2025 21:48:29 GMT Długość listy pozycji: 5
Lista pozycji zwierząt: {(1, 2)=[◥], (1, 3)=[◥, ◤, ◣, ◤], (1, 4)=[^], (0, 4)=[◤], (1, 5)=[>, v, ◥, ^, ◤, >, >, >]}
18 Jan 2025 21:48:29 GMT Zwierzę poruszyło się z (0, 2) na (1, 3)
18 Jan 2025 21:48:30 GMT Zwierze zostało położone na (1, 3)
18 Jan 2025 21:48:30 GMT Urodziło się nowe zwierzę na (1, 3)
18 Jan 2025 21:48:30 GMT Zwierze zostało położone na (1, 5)
18 Jan 2025 21:48:30 GMT Urodziło się nowe zwierzę na (1, 5)
18 Jan 2025 21:48:30 GMT Roślinka wyrosła na null
18 Jan 2025 21:48:30 GMT Roślinka wyrosła na null
18 Jan 2025 21:48:30 GMT Roślinka wyrosła na null
18 Jan 2025 21:48:30 GMT Roślinka wyrosła na null
18 Jan 2025 21:48:30 GMT Roślinka wyrosła na null
18 Jan 2025 21:48:30 GMT Roślinka wyrosła na null
18 Jan 2025 21:48:30 GMT Roślinka wyrosła na null
18 Jan 2025 21:48:30 GMT Roślinka wyrosła na null
18 Jan 2025 21:48:30 GMT Roślinka wyrosła na null
18 Jan 2025 21:48:30 GMT Roślinka wyrosła na null
18 Jan 2025 21:48:30 GMT Długość listy pozycji: 4
Lista pozycji zwierząt: {(1, 2)=[◥], (1, 3)=[◥, <, ◣, ◤, ◥], (1, 4)=[^, <], (1, 5)=[>, >, v, ◥, ^, ◤, >, >, >]}
18 Jan 2025 21:48:30 GMT Zwierzę poruszyło się z (0, 4) na (1, 4)
18 Jan 2025 21:48:30 GMT Długość listy pozycji: 4
Lista pozycji zwierząt: {(1, 2)=[◥], (1, 3)=[◥, <, ◣, ◤, ◥], (1, 4)=[<], (1, 5)=[^, >, >, v, ◥, ^, ◤, >, >, >]}
18 Jan 2025 21:48:30 GMT Zwierzę poruszyło się z (1, 4) na (1, 5)
18 Jan 2025 21:48:30 GMT Długość listy pozycji: 5
Lista pozycji zwierząt: {(1, 2)=[◥], (1, 3)=[>, <, ◣, ◤, ◥], (0, 3)=[>], (1, 4)=[<], (1, 5)=[^, >, >, v, ◥, ^, ◤, >, >, >]}
18 Jan 2025 21:48:30 GMT Zwierzę poruszyło się z (1, 3) na (0, 3)
