18 Jan 2025 21:47:50 GMT Zwierze zostało położone na (0, 7)
18 Jan 2025 21:47:50 GMT Zwierze zostało położone na (0, 6)
18 Jan 2025 21:47:50 GMT Zwierze zostało położone na (1, 3)
18 Jan 2025 21:47:50 GMT Zwierze zostało położone na (1, 8)
18 Jan 2025 21:47:50 GMT Długość listy pozycji: 4
Lista pozycji zwierząt: {(1, 3)=[◣], (1, 7)=[>], (0, 6)=[<], (1, 8)=[v]}
18 Jan 2025 21:47:50 GMT Zwierzę poruszyło się z (0, 7) na (1, 7)
18 Jan 2025 21:47:50 GMT Długość listy pozycji: 4
Lista pozycji zwierząt: {(1, 3)=[◣], (0, 5)=[v], (1, 7)=[>], (1, 8)=[v]}
18 Jan 2025 21:47:50 GMT Zwierzę poruszyło się z (0, 6) na (0, 5)
18 Jan 2025 21:47:50 GMT Długość listy pozycji: 4
Lista pozycji zwierząt: {(0, 3)=[>], (0, 5)=[v], (1, 7)=[>], (1, 8)=[v]}
18 Jan 2025 21:47:50 GMT Zwierzę poruszyło się z (1, 3) na (0, 3)
18 Jan 2025 21:47:51 GMT Długość listy pozycji: 4
Lista pozycji zwierząt: {(0, 3)=[>], (0, 5)=[v], (1, 7)=[>], (1, 9)=[^]}
18 Jan 2025 21:47:51 GMT Zwierzę poruszyło się z (1, 8) na (1, 9)
18 Jan 2025 21:47:51 GMT Zwierzę zjadło roślinkę na (0, 5)
18 Jan 2025 21:47:51 GMT Roślinka wyrosła na (1, 7)
18 Jan 2025 21:47:51 GMT Roślinka wyrosła na (1, 9)
18 Jan 2025 21:47:51 GMT Roślinka wyrosła na (0, 0)
18 Jan 2025 21:47:51 GMT Roślinka wyrosła na (0, 4)
18 Jan 2025 21:47:51 GMT Roślinka wyrosła na (0, 9)
18 Jan 2025 21:47:51 GMT Roślinka wyrosła na (1, 1)
18 Jan 2025 21:47:51 GMT Roślinka wyrosła na (0, 3)
18 Jan 2025 21:47:51 GMT Roślinka wyrosła na (0, 8)
18 Jan 2025 21:47:51 GMT Roślinka wyrosła na (1, 0)
18 Jan 2025 21:47:51 GMT Roślinka wyrosła na (0, 2)
18 Jan 2025 21:47:51 GMT Długość listy pozycji: 4
Lista pozycji zwierząt: {(0, 3)=[>], (0, 5)=[v], (0, 8)=[◤], (1, 9)=[^]}
18 Jan 2025 21:47:51 GMT Zwierzę poruszyło się z (1, 7) na (0, 8)
18 Jan 2025 21:47:51 GMT Długość listy pozycji: 4
Lista pozycji zwierząt: {(0, 3)=[>], (1, 5)=[>], (0, 8)=[◤], (1, 9)=[^]}
18 Jan 2025 21:47:51 GMT Zwierzę poruszyło się z (0, 5) na (1, 5)
18 Jan 2025 21:47:52 GMT Długość listy pozycji: 4
Lista pozycji zwierząt: {(1, 4)=[◤], (1, 5)=[>], (0, 8)=[◤], (1, 9)=[^]}
18 Jan 2025 21:47:52 GMT Zwierzę poruszyło się z (0, 3) na (1, 4)
18 Jan 2025 21:47:52 GMT Długość listy pozycji: 4
Lista pozycji zwierząt: {(1, 4)=[◤], (1, 5)=[>], (1, 8)=[v], (0, 8)=[◤]}
18 Jan 2025 21:47:52 GMT Zwierzę poruszyło się z (1, 9) na (1, 8)
18 Jan 2025 21:47:52 GMT Zwierzę zjadło roślinkę na (1, 4)
18 Jan 2025 21:47:52 GMT Zwierzę zjadło roślinkę na (1, 5)
18 Jan 2025 21:47:52 GMT Zwierzę zjadło roślinkę na (1, 8)
18 Jan 2025 21:47:52 GMT Zwierzę zjadło roślinkę na (0, 8)
18 Jan 2025 21:47:52 GMT Roślinka wyrosła na null
18 Jan 2025 21:47:52 GMT Roślinka wyrosła na null
18 Jan 2025 21:47:52 GMT Roślinka wyrosła na null
18 Jan 2025 21:47:52 GMT Roślinka wyrosła na null
18 Jan 2025 21:47:52 GMT Roślinka wyrosła na null
18 Jan 2025 21:47:52 GMT Roślinka wyrosła na null
18 Jan 2025 21:47:52 GMT Roślinka wyrosła na null
18 Jan 2025 21:47:52 GMT Roślinka wyrosła na null
18 Jan 2025 21:47:52 GMT Roślinka wyrosła na null
18 Jan 2025 21:47:52 GMT Roślinka wyrosła na null
18 Jan 2025 21:47:52 GMT Długość listy pozycji: 4
Lista pozycji zwierząt: {(1, 4)=[◤], (1, 5)=[>], (0, 7)=[v], (1, 8)=[v]}
18 Jan 2025 21:47:52 GMT Zwierzę poruszyło się z (0, 8) na (0, 7)
18 Jan 2025 21:47:52 GMT Długość listy pozycji: 4
Lista pozycji zwierząt: {(1, 4)=[◤], (1, 6)=[^], (0, 7)=[v], (1, 8)=[v]}
18 Jan 2025 21:47:52 GMT Zwierzę poruszyło się z (1, 5) na (1, 6)
18 Jan 2025 21:47:52 GMT Długość listy pozycji: 4
Lista pozycji zwierząt: {(1, 3)=[v], (1, 6)=[^], (0, 7)=[v], (1, 8)=[v]}
18 Jan 2025 21:47:52 GMT Zwierzę poruszyło się z (1, 4) na (1, 3)
18 Jan 2025 21:47:53 GMT Długość listy pozycji: 4
Lista pozycji zwierząt: {(1, 3)=[v], (1, 6)=[^], (0, 7)=[v], (1, 9)=[^]}
18 Jan 2025 21:47:53 GMT Zwierzę poruszyło się z (1, 8) na (1, 9)
18 Jan 2025 21:47:53 GMT Zwierzę zjadło roślinkę na (1, 3)
18 Jan 2025 21:47:53 GMT Zwierzę zjadło roślinkę na (1, 6)
18 Jan 2025 21:47:53 GMT Zwierzę zjadło roślinkę na (0, 7)
18 Jan 2025 21:47:53 GMT Zwierzę zjadło roślinkę na (1, 9)
18 Jan 2025 21:47:53 GMT Roślinka wyrosła na null
18 Jan 2025 21:47:53 GMT Roślinka wyrosła na null
18 Jan 2025 21:47:53 GMT Roślinka wyrosła na null
18 Jan 2025 21:47:53 GMT Roślinka wyrosła na null
18 Jan 2025 21:47:53 GMT Roślinka wyrosła na null
18 Jan 2025 21:47:53 GMT Roślinka wyrosła na null
18 Jan 2025 21:47:53 GMT Roślinka wyrosła na null
18 Jan 2025 21:47:53 GMT Roślinka wyrosła na null
18 Jan 2025 21:47:53 GMT Roślinka wyrosła na null
18 Jan 2025 21:47:53 GMT Roślinka wyrosła na null
18 Jan 2025 21:47:53 GMT Długość listy pozycji: 4
Lista pozycji zwierząt: {(1, 3)=[v], (1, 6)=[^], (1, 8)=[◥], (1, 9)=[^]}
18 Jan 2025 21:47:53 GMT Zwierzę poruszyło się z (0, 7) na (1, 8)
18 Jan 2025 21:47:53 GMT Długość listy pozycji: 4
Lista pozycji zwierząt: {(1, 3)=[v], (0, 6)=[<], (1, 8)=[◥], (1, 9)=[^]}
18 Jan 2025 21:47:53 GMT Zwierzę poruszyło się z (1, 6) na (0, 6)
18 Jan 2025 21:47:53 GMT Długość listy pozycji: 4
Lista pozycji zwierząt: {(0, 4)=[◥], (0, 6)=[<], (1, 8)=[◥], (1, 9)=[^]}
18 Jan 2025 21:47:53 GMT Zwierzę poruszyło się z (1, 3) na (0, 4)
18 Jan 2025 21:47:53 GMT Długość listy pozycji: 3
Lista pozycji zwierząt: {(0, 4)=[◥], (0, 6)=[<], (1, 8)=[◥, v]}
18 Jan 2025 21:47:53 GMT Zwierzę poruszyło się z (1, 9) na (1, 8)
18 Jan 2025 21:47:54 GMT Zwierzę zjadło roślinkę na (0, 4)
18 Jan 2025 21:47:54 GMT Zwierzę zjadło roślinkę na (0, 6)
18 Jan 2025 21:47:54 GMT Zwierze zostało położone na (1, 8)
18 Jan 2025 21:47:54 GMT Urodziło się nowe zwierzę na (1, 8)
18 Jan 2025 21:47:54 GMT Roślinka wyrosła na null
18 Jan 2025 21:47:54 GMT Roślinka wyrosła na null
18 Jan 2025 21:47:54 GMT Roślinka wyrosła na null
18 Jan 2025 21:47:54 GMT Roślinka wyrosła na null
18 Jan 2025 21:47:54 GMT Roślinka wyrosła na null
18 Jan 2025 21:47:54 GMT Roślinka wyrosła na null
18 Jan 2025 21:47:54 GMT Roślinka wyrosła na null
18 Jan 2025 21:47:54 GMT Roślinka wyrosła na null
18 Jan 2025 21:47:54 GMT Roślinka wyrosła na null
18 Jan 2025 21:47:54 GMT Roślinka wyrosła na null
18 Jan 2025 21:47:54 GMT Długość listy pozycji: 4
Lista pozycji zwierząt: {(0, 4)=[◥], (0, 6)=[<], (1, 8)=[<, v, ^], (0, 8)=[<]}
18 Jan 2025 21:47:54 GMT Zwierzę poruszyło się z (1, 8) na (0, 8)
18 Jan 2025 21:47:54 GMT Długość listy pozycji: 4
Lista pozycji zwierząt: {(0, 4)=[◥], (0, 5)=[v], (1, 8)=[<, v, ^], (0, 8)=[<]}
18 Jan 2025 21:47:54 GMT Zwierzę poruszyło się z (0, 6) na (0, 5)
18 Jan 2025 21:47:54 GMT Długość listy pozycji: 4
Lista pozycji zwierząt: {(1, 4)=[<], (0, 5)=[v], (1, 8)=[<, v, ^], (0, 8)=[<]}
18 Jan 2025 21:47:54 GMT Zwierzę poruszyło się z (0, 4) na (1, 4)
18 Jan 2025 21:47:54 GMT Długość listy pozycji: 5
Lista pozycji zwierząt: {(1, 4)=[<], (0, 5)=[v], (1, 8)=[<, ^], (1, 9)=[^], (0, 8)=[<]}
18 Jan 2025 21:47:54 GMT Zwierzę poruszyło się z (1, 8) na (1, 9)
