18 Jan 2025 21:45:44 GMT Zwierze zostało położone na (3, 9)
18 Jan 2025 21:45:44 GMT Zwierze zostało położone na (1, 7)
18 Jan 2025 21:45:44 GMT Zwierze zostało położone na (1, 0)
18 Jan 2025 21:45:44 GMT Zwierze zostało położone na (3, 7)
18 Jan 2025 21:45:44 GMT Zwierze zostało położone na (1, 2)
18 Jan 2025 21:45:44 GMT Zwierze zostało położone na (4, 3)
18 Jan 2025 21:45:45 GMT Zwierze zostało położone na (3, 9)
18 Jan 2025 21:45:45 GMT Zwierze zostało położone na (2, 5)
18 Jan 2025 21:45:45 GMT Zwierze zostało położone na (2, 3)
18 Jan 2025 21:45:45 GMT Zwierze zostało położone na (5, 0)
18 Jan 2025 21:45:45 GMT Długość listy pozycji: 10
Lista pozycji zwierząt: {(4, 3)=[^], (1, 0)=[◢], (2, 3)=[<], (1, 2)=[◣], (2, 5)=[>], (3, 7)=[◥], (3, 8)=[v], (1, 7)=[◢], (3, 9)=[v], (5, 0)=[v]}
18 Jan 2025 21:45:45 GMT Zwierzę poruszyło się z (3, 9) na (3, 8)
18 Jan 2025 21:45:45 GMT Długość listy pozycji: 10
Lista pozycji zwierząt: {(4, 3)=[^], (1, 0)=[◢], (2, 3)=[<], (1, 2)=[◣], (2, 5)=[>], (3, 7)=[◥], (3, 8)=[v], (3, 9)=[v], (0, 7)=[<], (5, 0)=[v]}
18 Jan 2025 21:45:45 GMT Zwierzę poruszyło się z (1, 7) na (0, 7)
18 Jan 2025 21:45:45 GMT Długość listy pozycji: 10
Lista pozycji zwierząt: {(4, 3)=[^], (0, 0)=[<], (2, 3)=[<], (1, 2)=[◣], (2, 5)=[>], (3, 7)=[◥], (3, 8)=[v], (3, 9)=[v], (0, 7)=[<], (5, 0)=[v]}
18 Jan 2025 21:45:45 GMT Zwierzę poruszyło się z (1, 0) na (0, 0)
18 Jan 2025 21:45:45 GMT Długość listy pozycji: 10
Lista pozycji zwierząt: {(4, 3)=[^], (0, 0)=[<], (2, 3)=[<], (1, 2)=[◣], (4, 7)=[>], (2, 5)=[>], (3, 8)=[v], (3, 9)=[v], (0, 7)=[<], (5, 0)=[v]}
18 Jan 2025 21:45:45 GMT Zwierzę poruszyło się z (3, 7) na (4, 7)
18 Jan 2025 21:45:45 GMT Długość listy pozycji: 10
Lista pozycji zwierząt: {(4, 3)=[^], (2, 2)=[>], (0, 0)=[<], (2, 3)=[<], (4, 7)=[>], (2, 5)=[>], (3, 8)=[v], (3, 9)=[v], (0, 7)=[<], (5, 0)=[v]}
18 Jan 2025 21:45:45 GMT Zwierzę poruszyło się z (1, 2) na (2, 2)
18 Jan 2025 21:45:45 GMT Długość listy pozycji: 10
Lista pozycji zwierząt: {(4, 4)=[^], (2, 2)=[>], (0, 0)=[<], (2, 3)=[<], (4, 7)=[>], (2, 5)=[>], (3, 8)=[v], (3, 9)=[v], (0, 7)=[<], (5, 0)=[v]}
18 Jan 2025 21:45:45 GMT Zwierzę poruszyło się z (4, 3) na (4, 4)
18 Jan 2025 21:45:45 GMT Długość listy pozycji: 10
Lista pozycji zwierząt: {(4, 4)=[^], (2, 2)=[>], (0, 0)=[<], (2, 3)=[<], (4, 7)=[>], (2, 5)=[>], (3, 8)=[v], (3, 9)=[v], (0, 7)=[<], (5, 0)=[v]}
18 Jan 2025 21:45:45 GMT Zwierzę poruszyło się z (3, 9) na (3, 9)
18 Jan 2025 21:45:46 GMT Długość listy pozycji: 10
Lista pozycji zwierząt: {(4, 4)=[^], (2, 2)=[>], (0, 0)=[<], (2, 3)=[<], (2, 4)=[v], (4, 7)=[>], (3, 8)=[v], (3, 9)=[v], (0, 7)=[<], (5, 0)=[v]}
18 Jan 2025 21:45:46 GMT Zwierzę poruszyło się z (2, 5) na (2, 4)
18 Jan 2025 21:45:46 GMT Długość listy pozycji: 9
Lista pozycji zwierząt: {(4, 4)=[^], (2, 2)=[>, v], (0, 0)=[<], (2, 4)=[v], (4, 7)=[>], (3, 8)=[v], (3, 9)=[v], (0, 7)=[<], (5, 0)=[v]}
18 Jan 2025 21:45:46 GMT Zwierzę poruszyło się z (2, 3) na (2, 2)
18 Jan 2025 21:45:46 GMT Długość listy pozycji: 9
Lista pozycji zwierząt: {(4, 4)=[^], (2, 2)=[>, v], (0, 0)=[<], (2, 4)=[v], (4, 7)=[>], (3, 8)=[v], (3, 9)=[v], (0, 7)=[<], (5, 1)=[^]}
18 Jan 2025 21:45:46 GMT Zwierzę poruszyło się z (5, 0) na (5, 1)
18 Jan 2025 21:45:46 GMT Zwierze zostało położone na (2, 2)
18 Jan 2025 21:45:46 GMT Urodziło się nowe zwierzę na (2, 2)
18 Jan 2025 21:45:46 GMT Roślinka wyrosła na (7, 5)
18 Jan 2025 21:45:46 GMT Roślinka wyrosła na (5, 5)
18 Jan 2025 21:45:46 GMT Roślinka wyrosła na (4, 1)
18 Jan 2025 21:45:46 GMT Roślinka wyrosła na (1, 6)
18 Jan 2025 21:45:46 GMT Roślinka wyrosła na (5, 6)
18 Jan 2025 21:45:46 GMT Roślinka wyrosła na (2, 6)
18 Jan 2025 21:45:46 GMT Roślinka wyrosła na (8, 5)
18 Jan 2025 21:45:46 GMT Roślinka wyrosła na (4, 6)
18 Jan 2025 21:45:46 GMT Roślinka wyrosła na (2, 5)
18 Jan 2025 21:45:46 GMT Roślinka wyrosła na (9, 4)
18 Jan 2025 21:45:46 GMT Zwierzę umarło na (2, 2)
18 Jan 2025 21:45:46 GMT Długość listy pozycji: 9
Lista pozycji zwierząt: {(4, 4)=[^], (2, 2)=[◢, v], (0, 0)=[<], (2, 4)=[v], (4, 7)=[>], (4, 8)=[>], (3, 9)=[v], (0, 7)=[<], (5, 1)=[^]}
18 Jan 2025 21:45:46 GMT Zwierzę poruszyło się z (3, 8) na (4, 8)
18 Jan 2025 21:45:47 GMT Długość listy pozycji: 9
Lista pozycji zwierząt: {(4, 4)=[^], (2, 2)=[◢, v], (0, 0)=[<], (2, 4)=[v], (4, 7)=[>], (4, 8)=[>], (3, 9)=[v], (1, 8)=[◥], (5, 1)=[^]}
18 Jan 2025 21:45:47 GMT Zwierzę poruszyło się z (0, 7) na (1, 8)
18 Jan 2025 21:45:47 GMT Długość listy pozycji: 9
Lista pozycji zwierząt: {(1, 1)=[◥], (4, 4)=[^], (2, 2)=[◢, v], (2, 4)=[v], (4, 7)=[>], (4, 8)=[>], (3, 9)=[v], (1, 8)=[◥], (5, 1)=[^]}
18 Jan 2025 21:45:47 GMT Zwierzę poruszyło się z (0, 0) na (1, 1)
18 Jan 2025 21:45:47 GMT Długość listy pozycji: 9
Lista pozycji zwierząt: {(1, 1)=[◥], (4, 4)=[^], (2, 2)=[◢, v], (5, 6)=[◢], (2, 4)=[v], (4, 8)=[>], (3, 9)=[v], (1, 8)=[◥], (5, 1)=[^]}
18 Jan 2025 21:45:47 GMT Zwierzę poruszyło się z (4, 7) na (5, 6)
18 Jan 2025 21:45:47 GMT Długość listy pozycji: 9
Lista pozycji zwierząt: {(1, 1)=[◥], (2, 2)=[◢, v], (4, 5)=[^], (5, 6)=[◢], (2, 4)=[v], (4, 8)=[>], (3, 9)=[v], (1, 8)=[◥], (5, 1)=[^]}
18 Jan 2025 21:45:47 GMT Zwierzę poruszyło się z (4, 4) na (4, 5)
18 Jan 2025 21:45:47 GMT Długość listy pozycji: 9
Lista pozycji zwierząt: {(1, 1)=[◥], (2, 2)=[◢, v], (4, 5)=[^], (5, 6)=[◢], (2, 4)=[v], (4, 8)=[>], (3, 9)=[v], (1, 8)=[◥], (5, 1)=[^]}
18 Jan 2025 21:45:47 GMT Zwierzę poruszyło się z (3, 9) na (3, 9)
18 Jan 2025 21:45:47 GMT Długość listy pozycji: 9
Lista pozycji zwierząt: {(1, 1)=[◥], (2, 2)=[◢, v], (4, 5)=[^], (5, 6)=[◢], (1, 4)=[<], (4, 8)=[>], (3, 9)=[v], (1, 8)=[◥], (5, 1)=[^]}
18 Jan 2025 21:45:47 GMT Zwierzę poruszyło się z (2, 4) na (1, 4)
18 Jan 2025 21:45:47 GMT Długość listy pozycji: 10
Lista pozycji zwierząt: {(3, 2)=[>], (1, 1)=[◥], (2, 2)=[◢], (4, 5)=[^], (5, 6)=[◢], (1, 4)=[<], (4, 8)=[>], (3, 9)=[v], (1, 8)=[◥], (5, 1)=[^]}
18 Jan 2025 21:45:47 GMT Zwierzę poruszyło się z (2, 2) na (3, 2)
18 Jan 2025 21:45:47 GMT Długość listy pozycji: 10
Lista pozycji zwierząt: {(3, 2)=[>], (1, 1)=[◥], (2, 2)=[◢], (4, 5)=[^], (5, 6)=[◢], (1, 4)=[<], (4, 8)=[>], (3, 9)=[v], (1, 8)=[◥], (5, 0)=[v]}
18 Jan 2025 21:45:47 GMT Zwierzę poruszyło się z (5, 1) na (5, 0)
18 Jan 2025 21:45:47 GMT Zwierzę zjadło roślinkę na (4, 5)
18 Jan 2025 21:45:47 GMT Zwierzę zjadło roślinkę na (5, 6)
18 Jan 2025 21:45:48 GMT Roślinka wyrosła na (4, 4)
18 Jan 2025 21:45:48 GMT Roślinka wyrosła na (8, 6)
18 Jan 2025 21:45:48 GMT Roślinka wyrosła na (0, 6)
18 Jan 2025 21:45:48 GMT Roślinka wyrosła na (0, 8)
18 Jan 2025 21:45:48 GMT Roślinka wyrosła na (6, 3)
18 Jan 2025 21:45:48 GMT Roślinka wyrosła na (1, 4)
18 Jan 2025 21:45:48 GMT Roślinka wyrosła na (8, 9)
18 Jan 2025 21:45:48 GMT Roślinka wyrosła na (8, 7)
18 Jan 2025 21:45:48 GMT Roślinka wyrosła na (7, 1)
18 Jan 2025 21:45:48 GMT Roślinka wyrosła na (3, 3)
18 Jan 2025 21:45:48 GMT Długość listy pozycji: 10
Lista pozycji zwierząt: {(3, 2)=[>], (1, 1)=[◥], (2, 2)=[◢], (4, 5)=[^], (5, 6)=[◢], (1, 4)=[<], (4, 9)=[^], (3, 9)=[v], (1, 8)=[◥], (5, 0)=[v]}
18 Jan 2025 21:45:48 GMT Zwierzę poruszyło się z (4, 8) na (4, 9)
18 Jan 2025 21:45:48 GMT Długość listy pozycji: 10
Lista pozycji zwierząt: {(3, 2)=[>], (1, 1)=[◥], (2, 2)=[◢], (4, 5)=[^], (5, 6)=[◢], (1, 4)=[<], (4, 9)=[^], (1, 7)=[v], (3, 9)=[v], (5, 0)=[v]}
18 Jan 2025 21:45:48 GMT Zwierzę poruszyło się z (1, 8) na (1, 7)
18 Jan 2025 21:45:48 GMT Długość listy pozycji: 10
Lista pozycji zwierząt: {(1, 0)=[v], (3, 2)=[>], (2, 2)=[◢], (4, 5)=[^], (5, 6)=[◢], (1, 4)=[<], (4, 9)=[^], (1, 7)=[v], (3, 9)=[v], (5, 0)=[v]}
18 Jan 2025 21:45:48 GMT Zwierzę poruszyło się z (1, 1) na (1, 0)
18 Jan 2025 21:45:48 GMT Długość listy pozycji: 10
Lista pozycji zwierząt: {(1, 0)=[v], (3, 2)=[>], (5, 5)=[v], (2, 2)=[◢], (4, 5)=[^], (1, 4)=[<], (4, 9)=[^], (1, 7)=[v], (3, 9)=[v], (5, 0)=[v]}
18 Jan 2025 21:45:48 GMT Zwierzę poruszyło się z (5, 6) na (5, 5)
18 Jan 2025 21:45:48 GMT Długość listy pozycji: 10
Lista pozycji zwierząt: {(1, 0)=[v], (3, 2)=[>], (5, 5)=[v], (2, 2)=[◢], (4, 6)=[^], (1, 4)=[<], (4, 9)=[^], (1, 7)=[v], (3, 9)=[v], (5, 0)=[v]}
18 Jan 2025 21:45:48 GMT Zwierzę poruszyło się z (4, 5) na (4, 6)
18 Jan 2025 21:45:48 GMT Długość listy pozycji: 10
Lista pozycji zwierząt: {(1, 0)=[v], (3, 2)=[>], (5, 5)=[v], (2, 2)=[◢], (4, 6)=[^], (1, 4)=[<], (4, 9)=[^], (1, 7)=[v], (3, 9)=[v], (5, 0)=[v]}
18 Jan 2025 21:45:48 GMT Zwierzę poruszyło się z (3, 9) na (3, 9)
18 Jan 2025 21:45:48 GMT Długość listy pozycji: 10
Lista pozycji zwierząt: {(1, 0)=[v], (3, 2)=[>], (5, 5)=[v], (2, 2)=[◢], (4, 6)=[^], (1, 5)=[^], (4, 9)=[^], (1, 7)=[v], (3, 9)=[v], (5, 0)=[v]}
18 Jan 2025 21:45:48 GMT Zwierzę poruszyło się z (1, 4) na (1, 5)
18 Jan 2025 21:45:49 GMT Długość listy pozycji: 10
Lista pozycji zwierząt: {(1, 0)=[v], (3, 3)=[^], (5, 5)=[v], (2, 2)=[◢], (4, 6)=[^], (1, 5)=[^], (4, 9)=[^], (1, 7)=[v], (3, 9)=[v], (5, 0)=[v]}
18 Jan 2025 21:45:49 GMT Zwierzę poruszyło się z (3, 2) na (3, 3)
18 Jan 2025 21:45:49 GMT Długość listy pozycji: 10
Lista pozycji zwierząt: {(1, 0)=[v], (3, 3)=[^], (5, 5)=[v], (2, 2)=[◢], (4, 6)=[^], (1, 5)=[^], (4, 9)=[^], (1, 7)=[v], (3, 9)=[v], (5, 1)=[^]}
18 Jan 2025 21:45:49 GMT Zwierzę poruszyło się z (5, 0) na (5, 1)
18 Jan 2025 21:45:49 GMT Zwierzę zjadło roślinkę na (3, 3)
18 Jan 2025 21:45:49 GMT Zwierzę zjadło roślinkę na (5, 5)
18 Jan 2025 21:45:49 GMT Zwierzę zjadło roślinkę na (4, 6)
18 Jan 2025 21:45:49 GMT Zwierzę zjadło roślinkę na (1, 5)
18 Jan 2025 21:45:49 GMT Roślinka wyrosła na (9, 7)
18 Jan 2025 21:45:49 GMT Roślinka wyrosła na (6, 4)
18 Jan 2025 21:45:49 GMT Roślinka wyrosła na (2, 4)
18 Jan 2025 21:45:49 GMT Roślinka wyrosła na (5, 9)
18 Jan 2025 21:45:49 GMT Roślinka wyrosła na (6, 8)
18 Jan 2025 21:45:49 GMT Roślinka wyrosła na (2, 2)
18 Jan 2025 21:45:49 GMT Roślinka wyrosła na (9, 0)
18 Jan 2025 21:45:49 GMT Roślinka wyrosła na (0, 4)
18 Jan 2025 21:45:49 GMT Roślinka wyrosła na (3, 4)
18 Jan 2025 21:45:49 GMT Roślinka wyrosła na (5, 1)
18 Jan 2025 21:45:49 GMT Długość listy pozycji: 9
Lista pozycji zwierząt: {(1, 0)=[v], (3, 3)=[^], (5, 5)=[v], (2, 2)=[◢], (4, 6)=[^], (1, 5)=[^], (1, 7)=[v], (3, 9)=[v, <], (5, 1)=[^]}
18 Jan 2025 21:45:49 GMT Zwierzę poruszyło się z (4, 9) na (3, 9)
18 Jan 2025 21:45:49 GMT Długość listy pozycji: 9
Lista pozycji zwierząt: {(1, 0)=[v], (3, 3)=[^], (5, 5)=[v], (2, 2)=[◢], (4, 6)=[^], (1, 5)=[^], (3, 9)=[v, <], (0, 8)=[◤], (5, 1)=[^]}
18 Jan 2025 21:45:49 GMT Zwierzę poruszyło się z (1, 7) na (0, 8)
18 Jan 2025 21:45:49 GMT Długość listy pozycji: 9
Lista pozycji zwierząt: {(3, 3)=[^], (5, 5)=[v], (2, 2)=[◢], (0, 1)=[◤], (4, 6)=[^], (1, 5)=[^], (3, 9)=[v, <], (0, 8)=[◤], (5, 1)=[^]}
18 Jan 2025 21:45:49 GMT Zwierzę poruszyło się z (1, 0) na (0, 1)
18 Jan 2025 21:45:50 GMT Długość listy pozycji: 9
Lista pozycji zwierząt: {(4, 4)=[◣], (3, 3)=[^], (2, 2)=[◢], (0, 1)=[◤], (4, 6)=[^], (1, 5)=[^], (3, 9)=[v, <], (0, 8)=[◤], (5, 1)=[^]}
18 Jan 2025 21:45:50 GMT Zwierzę poruszyło się z (5, 5) na (4, 4)
18 Jan 2025 21:45:50 GMT Długość listy pozycji: 9
Lista pozycji zwierząt: {(4, 4)=[◣], (3, 3)=[^], (2, 2)=[◢], (0, 1)=[◤], (4, 7)=[^], (1, 5)=[^], (3, 9)=[v, <], (0, 8)=[◤], (5, 1)=[^]}
18 Jan 2025 21:45:50 GMT Zwierzę poruszyło się z (4, 6) na (4, 7)
18 Jan 2025 21:45:50 GMT Długość listy pozycji: 9
Lista pozycji zwierząt: {(4, 4)=[◣], (3, 3)=[^], (2, 2)=[◢], (0, 1)=[◤], (4, 7)=[^], (1, 5)=[^], (3, 9)=[<, v], (0, 8)=[◤], (5, 1)=[^]}
18 Jan 2025 21:45:50 GMT Zwierzę poruszyło się z (3, 9) na (3, 9)
18 Jan 2025 21:45:50 GMT Długość listy pozycji: 9
Lista pozycji zwierząt: {(4, 4)=[◣], (3, 3)=[^], (2, 2)=[◢], (0, 1)=[◤], (2, 5)=[>], (4, 7)=[^], (3, 9)=[<, v], (0, 8)=[◤], (5, 1)=[^]}
18 Jan 2025 21:45:50 GMT Zwierzę poruszyło się z (1, 5) na (2, 5)
18 Jan 2025 21:45:50 GMT Długość listy pozycji: 9
Lista pozycji zwierząt: {(4, 4)=[◣], (2, 2)=[◢], (2, 3)=[<], (0, 1)=[◤], (2, 5)=[>], (4, 7)=[^], (3, 9)=[<, v], (0, 8)=[◤], (5, 1)=[^]}
18 Jan 2025 21:45:50 GMT Zwierzę poruszyło się z (3, 3) na (2, 3)
18 Jan 2025 21:45:50 GMT Długość listy pozycji: 9
Lista pozycji zwierząt: {(4, 4)=[◣], (2, 2)=[◢], (2, 3)=[<], (0, 1)=[◤], (2, 5)=[>], (4, 7)=[^], (3, 9)=[<, v], (0, 8)=[◤], (5, 0)=[v]}
18 Jan 2025 21:45:50 GMT Zwierzę poruszyło się z (5, 1) na (5, 0)
18 Jan 2025 21:45:50 GMT Zwierzę zjadło roślinkę na (4, 4)
18 Jan 2025 21:45:50 GMT Zwierzę zjadło roślinkę na (2, 2)
18 Jan 2025 21:45:50 GMT Zwierzę zjadło roślinkę na (2, 5)
18 Jan 2025 21:45:50 GMT Zwierzę zjadło roślinkę na (0, 8)
18 Jan 2025 21:45:50 GMT Zwierze zostało położone na (3, 9)
18 Jan 2025 21:45:50 GMT Urodziło się nowe zwierzę na (3, 9)
18 Jan 2025 21:45:51 GMT Roślinka wyrosła na (8, 3)
18 Jan 2025 21:45:51 GMT Roślinka wyrosła na (7, 2)
18 Jan 2025 21:45:51 GMT Roślinka wyrosła na (5, 3)
18 Jan 2025 21:45:51 GMT Roślinka wyrosła na (9, 8)
18 Jan 2025 21:45:51 GMT Roślinka wyrosła na (0, 0)
18 Jan 2025 21:45:51 GMT Roślinka wyrosła na (0, 7)
18 Jan 2025 21:45:51 GMT Roślinka wyrosła na (1, 1)
18 Jan 2025 21:45:51 GMT Roślinka wyrosła na (7, 0)
18 Jan 2025 21:45:51 GMT Roślinka wyrosła na (6, 0)
18 Jan 2025 21:45:51 GMT Roślinka wyrosła na (4, 8)
18 Jan 2025 21:45:51 GMT Zwierzę umarło na (3, 9)
18 Jan 2025 21:45:51 GMT Długość listy pozycji: 9
Lista pozycji zwierząt: {(4, 4)=[◣], (2, 2)=[◢], (2, 3)=[<], (0, 1)=[◤], (2, 5)=[>], (4, 7)=[^], (3, 9)=[v, v], (1, 8)=[>], (5, 0)=[v]}
18 Jan 2025 21:45:51 GMT Zwierzę poruszyło się z (0, 8) na (1, 8)
18 Jan 2025 21:45:51 GMT Długość listy pozycji: 9
Lista pozycji zwierząt: {(1, 1)=[>], (4, 4)=[◣], (2, 2)=[◢], (2, 3)=[<], (2, 5)=[>], (4, 7)=[^], (3, 9)=[v, v], (1, 8)=[>], (5, 0)=[v]}
18 Jan 2025 21:45:51 GMT Zwierzę poruszyło się z (0, 1) na (1, 1)
18 Jan 2025 21:45:51 GMT Długość listy pozycji: 9
Lista pozycji zwierząt: {(1, 1)=[>], (2, 2)=[◢], (3, 4)=[<], (2, 3)=[<], (2, 5)=[>], (4, 7)=[^], (3, 9)=[v, v], (1, 8)=[>], (5, 0)=[v]}
18 Jan 2025 21:45:51 GMT Zwierzę poruszyło się z (4, 4) na (3, 4)
18 Jan 2025 21:45:51 GMT Długość listy pozycji: 9
Lista pozycji zwierząt: {(1, 1)=[>], (2, 2)=[◢], (3, 4)=[<], (2, 3)=[<], (2, 5)=[>], (4, 8)=[^], (3, 9)=[v, v], (1, 8)=[>], (5, 0)=[v]}
18 Jan 2025 21:45:51 GMT Zwierzę poruszyło się z (4, 7) na (4, 8)
18 Jan 2025 21:45:51 GMT Długość listy pozycji: 9
Lista pozycji zwierząt: {(1, 1)=[>], (2, 2)=[◢], (3, 4)=[<], (2, 3)=[<], (2, 5)=[>], (4, 8)=[^], (3, 9)=[v, v], (1, 8)=[>], (5, 0)=[v]}
18 Jan 2025 21:45:51 GMT Zwierzę poruszyło się z (3, 9) na (3, 9)
18 Jan 2025 21:45:51 GMT Długość listy pozycji: 9
Lista pozycji zwierząt: {(1, 1)=[>], (2, 2)=[◢], (3, 4)=[<], (2, 3)=[<], (2, 4)=[v], (4, 8)=[^], (3, 9)=[v, v], (1, 8)=[>], (5, 0)=[v]}
18 Jan 2025 21:45:51 GMT Zwierzę poruszyło się z (2, 5) na (2, 4)
18 Jan 2025 21:45:51 GMT Długość listy pozycji: 8
Lista pozycji zwierząt: {(1, 1)=[>], (2, 2)=[◢, v], (3, 4)=[<], (2, 4)=[v], (4, 8)=[^], (3, 9)=[v, v], (1, 8)=[>], (5, 0)=[v]}
18 Jan 2025 21:45:51 GMT Zwierzę poruszyło się z (2, 3) na (2, 2)
18 Jan 2025 21:45:51 GMT Długość listy pozycji: 8
Lista pozycji zwierząt: {(1, 1)=[>], (2, 2)=[◢, v], (3, 4)=[<], (2, 4)=[v], (4, 8)=[^], (3, 9)=[v, v], (1, 8)=[>], (5, 1)=[^]}
18 Jan 2025 21:45:51 GMT Zwierzę poruszyło się z (5, 0) na (5, 1)
18 Jan 2025 21:45:52 GMT Zwierzę zjadło roślinkę na (1, 1)
18 Jan 2025 21:45:52 GMT Zwierzę zjadło roślinkę na (3, 4)
18 Jan 2025 21:45:52 GMT Zwierzę zjadło roślinkę na (2, 4)
18 Jan 2025 21:45:52 GMT Zwierzę zjadło roślinkę na (4, 8)
18 Jan 2025 21:45:52 GMT Zwierzę zjadło roślinkę na (5, 1)
18 Jan 2025 21:45:52 GMT Zwierze zostało położone na (2, 2)
18 Jan 2025 21:45:52 GMT Urodziło się nowe zwierzę na (2, 2)
18 Jan 2025 21:45:52 GMT Zwierze zostało położone na (3, 9)
18 Jan 2025 21:45:52 GMT Urodziło się nowe zwierzę na (3, 9)
18 Jan 2025 21:45:52 GMT Roślinka wyrosła na (2, 3)
18 Jan 2025 21:45:52 GMT Roślinka wyrosła na (3, 0)
18 Jan 2025 21:45:52 GMT Roślinka wyrosła na (6, 1)
18 Jan 2025 21:45:52 GMT Roślinka wyrosła na (6, 7)
18 Jan 2025 21:45:52 GMT Roślinka wyrosła na (9, 1)
18 Jan 2025 21:45:52 GMT Roślinka wyrosła na (7, 8)
18 Jan 2025 21:45:52 GMT Roślinka wyrosła na (0, 1)
18 Jan 2025 21:45:52 GMT Roślinka wyrosła na (7, 9)
18 Jan 2025 21:45:52 GMT Roślinka wyrosła na (3, 2)
18 Jan 2025 21:45:52 GMT Roślinka wyrosła na (1, 2)
18 Jan 2025 21:45:52 GMT Długość listy pozycji: 8
Lista pozycji zwierząt: {(1, 1)=[>], (2, 2)=[>, ◢, v], (3, 4)=[<], (2, 4)=[v], (4, 8)=[^], (3, 9)=[◣, v, v], (0, 7)=[◣], (5, 1)=[^]}
18 Jan 2025 21:45:52 GMT Zwierzę poruszyło się z (1, 8) na (0, 7)
18 Jan 2025 21:45:52 GMT Długość listy pozycji: 8
Lista pozycji zwierząt: {(0, 0)=[◣], (2, 2)=[>, ◢, v], (3, 4)=[<], (2, 4)=[v], (4, 8)=[^], (3, 9)=[◣, v, v], (0, 7)=[◣], (5, 1)=[^]}
18 Jan 2025 21:45:52 GMT Zwierzę poruszyło się z (1, 1) na (0, 0)
18 Jan 2025 21:45:52 GMT Długość listy pozycji: 8
Lista pozycji zwierząt: {(0, 0)=[◣], (2, 2)=[>, ◢, v], (2, 4)=[v], (2, 5)=[◤], (4, 8)=[^], (3, 9)=[◣, v, v], (0, 7)=[◣], (5, 1)=[^]}
18 Jan 2025 21:45:52 GMT Zwierzę poruszyło się z (3, 4) na (2, 5)
18 Jan 2025 21:45:53 GMT Długość listy pozycji: 8
Lista pozycji zwierząt: {(0, 0)=[◣], (2, 2)=[>, ◢, v], (2, 4)=[v], (2, 5)=[◤], (4, 9)=[^], (3, 9)=[◣, v, v], (0, 7)=[◣], (5, 1)=[^]}
18 Jan 2025 21:45:53 GMT Zwierzę poruszyło się z (4, 8) na (4, 9)
18 Jan 2025 21:45:53 GMT Długość listy pozycji: 8
Lista pozycji zwierząt: {(0, 0)=[◣], (2, 2)=[>, ◢, v], (2, 4)=[v], (2, 5)=[◤], (4, 9)=[^], (3, 9)=[◣, v, v, v], (0, 7)=[◣], (5, 1)=[^]}
18 Jan 2025 21:45:53 GMT Zwierzę poruszyło się z (3, 9) na (3, 9)
18 Jan 2025 21:45:53 GMT Długość listy pozycji: 8
Lista pozycji zwierząt: {(0, 0)=[◣], (2, 2)=[>, ◢, v], (1, 4)=[<], (2, 5)=[◤], (4, 9)=[^], (3, 9)=[◣, v, v, v], (0, 7)=[◣], (5, 1)=[^]}
18 Jan 2025 21:45:53 GMT Zwierzę poruszyło się z (2, 4) na (1, 4)
18 Jan 2025 21:45:53 GMT Długość listy pozycji: 9
Lista pozycji zwierząt: {(3, 2)=[>], (0, 0)=[◣], (2, 2)=[>, ◢, >], (1, 4)=[<], (2, 5)=[◤], (4, 9)=[^], (3, 9)=[◣, v, v, v], (0, 7)=[◣], (5, 1)=[^]}
18 Jan 2025 21:45:53 GMT Zwierzę poruszyło się z (2, 2) na (3, 2)
18 Jan 2025 21:45:53 GMT Długość listy pozycji: 9
Lista pozycji zwierząt: {(3, 2)=[>], (0, 0)=[◣], (2, 2)=[>, ◢, >], (1, 4)=[<], (2, 5)=[◤], (4, 9)=[^], (3, 9)=[◣, v, v, v], (0, 7)=[◣], (5, 0)=[v]}
18 Jan 2025 21:45:53 GMT Zwierzę poruszyło się z (5, 1) na (5, 0)
18 Jan 2025 21:45:53 GMT Zwierzę zjadło roślinkę na (3, 2)
18 Jan 2025 21:45:53 GMT Zwierzę zjadło roślinkę na (0, 0)
18 Jan 2025 21:45:53 GMT Zwierzę zjadło roślinkę na (1, 4)
18 Jan 2025 21:45:53 GMT Zwierzę zjadło roślinkę na (0, 7)
18 Jan 2025 21:45:53 GMT Zwierze zostało położone na (2, 2)
18 Jan 2025 21:45:53 GMT Urodziło się nowe zwierzę na (2, 2)
18 Jan 2025 21:45:53 GMT Zwierze zostało położone na (3, 9)
18 Jan 2025 21:45:53 GMT Urodziło się nowe zwierzę na (3, 9)
18 Jan 2025 21:45:53 GMT Roślinka wyrosła na (0, 9)
18 Jan 2025 21:45:53 GMT Roślinka wyrosła na (5, 7)
18 Jan 2025 21:45:53 GMT Roślinka wyrosła na (2, 0)
18 Jan 2025 21:45:53 GMT Roślinka wyrosła na (4, 9)
18 Jan 2025 21:45:53 GMT Roślinka wyrosła na (2, 9)
18 Jan 2025 21:45:53 GMT Roślinka wyrosła na (3, 1)
18 Jan 2025 21:45:53 GMT Roślinka wyrosła na (5, 8)
18 Jan 2025 21:45:53 GMT Roślinka wyrosła na (2, 8)
18 Jan 2025 21:45:53 GMT Roślinka wyrosła na (8, 1)
18 Jan 2025 21:45:53 GMT Roślinka wyrosła na (7, 3)
18 Jan 2025 21:45:54 GMT Długość listy pozycji: 9
Lista pozycji zwierząt: {(3, 2)=[>], (0, 0)=[◣], (2, 2)=[◣, >, ◢, >], (1, 4)=[<], (2, 5)=[◤], (4, 9)=[^], (3, 9)=[^, ◣, v, v, v], (0, 8)=[^], (5, 0)=[v]}
18 Jan 2025 21:45:54 GMT Zwierzę poruszyło się z (0, 7) na (0, 8)
18 Jan 2025 21:45:54 GMT Długość listy pozycji: 9
Lista pozycji zwierząt: {(3, 2)=[>], (2, 2)=[◣, >, ◢, >], (0, 1)=[^], (1, 4)=[<], (2, 5)=[◤], (4, 9)=[^], (3, 9)=[^, ◣, v, v, v], (0, 8)=[^], (5, 0)=[v]}
18 Jan 2025 21:45:54 GMT Zwierzę poruszyło się z (0, 0) na (0, 1)
18 Jan 2025 21:45:54 GMT Długość listy pozycji: 9
Lista pozycji zwierząt: {(3, 2)=[>], (2, 2)=[◣, >, ◢, >], (0, 1)=[^], (1, 4)=[<], (2, 6)=[^], (4, 9)=[^], (3, 9)=[^, ◣, v, v, v], (0, 8)=[^], (5, 0)=[v]}
18 Jan 2025 21:45:54 GMT Zwierzę poruszyło się z (2, 5) na (2, 6)
18 Jan 2025 21:45:54 GMT Długość listy pozycji: 9
Lista pozycji zwierząt: {(3, 2)=[>], (2, 2)=[◣, >, ◢, >], (0, 1)=[^], (1, 4)=[<], (2, 6)=[^], (4, 9)=[v], (3, 9)=[^, ◣, v, v, v], (0, 8)=[^], (5, 0)=[v]}
18 Jan 2025 21:45:54 GMT Zwierzę poruszyło się z (4, 9) na (4, 9)
18 Jan 2025 21:45:54 GMT Długość listy pozycji: 9
Lista pozycji zwierząt: {(3, 2)=[>], (2, 2)=[◣, >, ◢, >], (0, 1)=[^], (1, 4)=[<], (2, 6)=[^], (4, 9)=[v], (3, 9)=[^, v, ◣, v, v, v], (0, 8)=[^], (5, 0)=[v]}
18 Jan 2025 21:45:54 GMT Zwierzę poruszyło się z (3, 9) na (3, 9)
18 Jan 2025 21:45:54 GMT Długość listy pozycji: 9
Lista pozycji zwierząt: {(3, 2)=[>], (2, 2)=[◣, >, ◢, >], (0, 1)=[^], (1, 5)=[^], (2, 6)=[^], (4, 9)=[v], (3, 9)=[^, v, ◣, v, v, v], (0, 8)=[^], (5, 0)=[v]}
18 Jan 2025 21:45:54 GMT Zwierzę poruszyło się z (1, 4) na (1, 5)
18 Jan 2025 21:45:54 GMT Długość listy pozycji: 9
Lista pozycji zwierząt: {(3, 3)=[^], (2, 2)=[◣, >, ◢, ^], (0, 1)=[^], (1, 5)=[^], (2, 6)=[^], (4, 9)=[v], (3, 9)=[^, v, ◣, v, v, v], (0, 8)=[^], (5, 0)=[v]}
18 Jan 2025 21:45:54 GMT Zwierzę poruszyło się z (3, 2) na (3, 3)
18 Jan 2025 21:45:54 GMT Długość listy pozycji: 9
Lista pozycji zwierząt: {(3, 3)=[^], (2, 2)=[◣, >, ◢, ^], (0, 1)=[^], (1, 5)=[^], (2, 6)=[^], (4, 9)=[v], (3, 9)=[^, v, ◣, v, v, v], (0, 8)=[^], (5, 1)=[^]}
18 Jan 2025 21:45:54 GMT Zwierzę poruszyło się z (5, 0) na (5, 1)
18 Jan 2025 21:45:55 GMT Zwierzę zjadło roślinkę na (0, 1)
18 Jan 2025 21:45:55 GMT Zwierzę zjadło roślinkę na (2, 6)
18 Jan 2025 21:45:55 GMT Zwierzę zjadło roślinkę na (4, 9)
18 Jan 2025 21:45:55 GMT Zwierze zostało położone na (2, 2)
18 Jan 2025 21:45:55 GMT Urodziło się nowe zwierzę na (2, 2)
18 Jan 2025 21:45:55 GMT Zwierze zostało położone na (3, 9)
18 Jan 2025 21:45:55 GMT Urodziło się nowe zwierzę na (3, 9)
18 Jan 2025 21:45:55 GMT Roślinka wyrosła na (2, 1)
18 Jan 2025 21:45:55 GMT Roślinka wyrosła na (3, 7)
18 Jan 2025 21:45:55 GMT Roślinka wyrosła na (0, 3)
18 Jan 2025 21:45:55 GMT Roślinka wyrosła na (7, 4)
18 Jan 2025 21:45:55 GMT Roślinka wyrosła na (1, 3)
18 Jan 2025 21:45:55 GMT Roślinka wyrosła na (8, 0)
18 Jan 2025 21:45:55 GMT Roślinka wyrosła na (5, 4)
18 Jan 2025 21:45:55 GMT Roślinka wyrosła na (8, 2)
18 Jan 2025 21:45:55 GMT Roślinka wyrosła na (4, 0)
18 Jan 2025 21:45:55 GMT Roślinka wyrosła na (3, 9)
18 Jan 2025 21:45:55 GMT Długość listy pozycji: 9
Lista pozycji zwierząt: {(3, 3)=[^], (2, 2)=[◣, ◣, >, ◢, ^], (0, 1)=[^], (1, 5)=[^], (2, 6)=[^], (4, 9)=[v], (1, 7)=[◢], (3, 9)=[◣, ^, v, ◣, v, v, v], (5, 1)=[^]}
18 Jan 2025 21:45:55 GMT Zwierzę poruszyło się z (0, 8) na (1, 7)
18 Jan 2025 21:45:55 GMT Długość listy pozycji: 9
Lista pozycji zwierząt: {(1, 0)=[◢], (3, 3)=[^], (2, 2)=[◣, ◣, >, ◢, ^], (1, 5)=[^], (2, 6)=[^], (4, 9)=[v], (1, 7)=[◢], (3, 9)=[◣, ^, v, ◣, v, v, v], (5, 1)=[^]}
18 Jan 2025 21:45:55 GMT Zwierzę poruszyło się z (0, 1) na (1, 0)
18 Jan 2025 21:45:55 GMT Długość listy pozycji: 9
Lista pozycji zwierząt: {(1, 0)=[◢], (3, 3)=[^], (2, 2)=[◣, ◣, >, ◢, ^], (3, 7)=[◥], (1, 5)=[^], (4, 9)=[v], (1, 7)=[◢], (3, 9)=[◣, ^, v, ◣, v, v, v], (5, 1)=[^]}
18 Jan 2025 21:45:55 GMT Zwierzę poruszyło się z (2, 6) na (3, 7)
18 Jan 2025 21:45:55 GMT Długość listy pozycji: 9
Lista pozycji zwierząt: {(1, 0)=[◢], (3, 3)=[^], (2, 2)=[◣, ◣, >, ◢, ^], (4, 8)=[v], (3, 7)=[◥], (1, 5)=[^], (1, 7)=[◢], (3, 9)=[◣, ^, v, ◣, v, v, v], (5, 1)=[^]}
18 Jan 2025 21:45:55 GMT Zwierzę poruszyło się z (4, 9) na (4, 8)
18 Jan 2025 21:45:56 GMT Długość listy pozycji: 9
Lista pozycji zwierząt: {(1, 0)=[◢], (3, 3)=[^], (2, 2)=[◣, ◣, >, ◢, ^], (4, 8)=[v], (3, 7)=[◥], (1, 5)=[^], (1, 7)=[◢], (3, 9)=[◣, v, ^, v, ◣, v, v, v], (5, 1)=[^]}
18 Jan 2025 21:45:56 GMT Zwierzę poruszyło się z (3, 9) na (3, 9)
18 Jan 2025 21:45:56 GMT Długość listy pozycji: 9
Lista pozycji zwierząt: {(1, 0)=[◢], (3, 3)=[^], (2, 2)=[◣, ◣, >, ◢, ^], (2, 5)=[>], (4, 8)=[v], (3, 7)=[◥], (1, 7)=[◢], (3, 9)=[◣, v, ^, v, ◣, v, v, v], (5, 1)=[^]}
18 Jan 2025 21:45:56 GMT Zwierzę poruszyło się z (1, 5) na (2, 5)
18 Jan 2025 21:45:56 GMT Długość listy pozycji: 9
Lista pozycji zwierząt: {(1, 0)=[◢], (2, 2)=[◣, ◣, >, ◢, <], (2, 3)=[<], (2, 5)=[>], (4, 8)=[v], (3, 7)=[◥], (1, 7)=[◢], (3, 9)=[◣, v, ^, v, ◣, v, v, v], (5, 1)=[^]}
18 Jan 2025 21:45:56 GMT Zwierzę poruszyło się z (3, 3) na (2, 3)
18 Jan 2025 21:45:56 GMT Długość listy pozycji: 9
Lista pozycji zwierząt: {(1, 0)=[◢], (2, 2)=[◣, ◣, >, ◢, <], (2, 3)=[<], (2, 5)=[>], (4, 8)=[v], (3, 7)=[◥], (1, 7)=[◢], (3, 9)=[◣, v, ^, v, ◣, v, v, v], (5, 0)=[v]}
18 Jan 2025 21:45:56 GMT Zwierzę poruszyło się z (5, 1) na (5, 0)
18 Jan 2025 21:45:56 GMT Zwierzę zjadło roślinkę na (2, 3)
18 Jan 2025 21:45:56 GMT Zwierzę zjadło roślinkę na (3, 7)
18 Jan 2025 21:45:56 GMT Zwierzę zjadło roślinkę na (3, 9)
18 Jan 2025 21:45:56 GMT Zwierze zostało położone na (2, 2)
18 Jan 2025 21:45:56 GMT Urodziło się nowe zwierzę na (2, 2)
18 Jan 2025 21:45:56 GMT Zwierze zostało położone na (3, 9)
18 Jan 2025 21:45:56 GMT Urodziło się nowe zwierzę na (3, 9)
18 Jan 2025 21:45:56 GMT Roślinka wyrosła na (9, 9)
18 Jan 2025 21:45:56 GMT Roślinka wyrosła na (4, 2)
18 Jan 2025 21:45:56 GMT Roślinka wyrosła na (9, 2)
18 Jan 2025 21:45:56 GMT Roślinka wyrosła na (1, 8)
18 Jan 2025 21:45:56 GMT Roślinka wyrosła na (4, 7)
18 Jan 2025 21:45:56 GMT Roślinka wyrosła na (2, 7)
18 Jan 2025 21:45:56 GMT Roślinka wyrosła na (6, 2)
18 Jan 2025 21:45:56 GMT Roślinka wyrosła na (5, 2)
18 Jan 2025 21:45:56 GMT Roślinka wyrosła na (3, 8)
18 Jan 2025 21:45:56 GMT Roślinka wyrosła na (1, 0)
18 Jan 2025 21:45:57 GMT Długość listy pozycji: 9
Lista pozycji zwierząt: {(1, 0)=[◢], (2, 2)=[<, ◣, ◣, >, ◢, <], (2, 3)=[<], (2, 5)=[>], (4, 8)=[v], (3, 7)=[◥], (3, 9)=[>, ◣, v, ^, v, ◣, v, v, v], (0, 7)=[<], (5, 0)=[v]}
18 Jan 2025 21:45:57 GMT Zwierzę poruszyło się z (1, 7) na (0, 7)
18 Jan 2025 21:45:57 GMT Długość listy pozycji: 9
Lista pozycji zwierząt: {(0, 0)=[<], (2, 2)=[<, ◣, ◣, >, ◢, <], (2, 3)=[<], (2, 5)=[>], (4, 8)=[v], (3, 7)=[◥], (3, 9)=[>, ◣, v, ^, v, ◣, v, v, v], (0, 7)=[<], (5, 0)=[v]}
18 Jan 2025 21:45:57 GMT Zwierzę poruszyło się z (1, 0) na (0, 0)
18 Jan 2025 21:45:57 GMT Długość listy pozycji: 9
Lista pozycji zwierząt: {(0, 0)=[<], (2, 2)=[<, ◣, ◣, >, ◢, <], (2, 3)=[<], (4, 7)=[>], (2, 5)=[>], (4, 8)=[v], (3, 9)=[>, ◣, v, ^, v, ◣, v, v, v], (0, 7)=[<], (5, 0)=[v]}
18 Jan 2025 21:45:57 GMT Zwierzę poruszyło się z (3, 7) na (4, 7)
18 Jan 2025 21:45:57 GMT Długość listy pozycji: 8
Lista pozycji zwierząt: {(0, 0)=[<], (2, 2)=[<, ◣, ◣, >, ◢, <], (2, 3)=[<], (4, 7)=[>, v], (2, 5)=[>], (3, 9)=[>, ◣, v, ^, v, ◣, v, v, v], (0, 7)=[<], (5, 0)=[v]}
18 Jan 2025 21:45:57 GMT Zwierzę poruszyło się z (4, 8) na (4, 7)
18 Jan 2025 21:45:57 GMT Długość listy pozycji: 8
Lista pozycji zwierząt: {(0, 0)=[<], (2, 2)=[<, ◣, ◣, >, ◢, <], (2, 3)=[<], (4, 7)=[>, v], (2, 5)=[>], (3, 9)=[>, ◣, v, ^, v, ◣, v, v, v], (0, 7)=[<], (5, 0)=[v]}
18 Jan 2025 21:45:57 GMT Zwierzę poruszyło się z (3, 9) na (3, 9)
18 Jan 2025 21:45:57 GMT Długość listy pozycji: 8
Lista pozycji zwierząt: {(0, 0)=[<], (2, 2)=[<, ◣, ◣, >, ◢, <], (2, 3)=[<], (2, 4)=[v], (4, 7)=[>, v], (3, 9)=[>, ◣, v, ^, v, ◣, v, v, v], (0, 7)=[<], (5, 0)=[v]}
18 Jan 2025 21:45:57 GMT Zwierzę poruszyło się z (2, 5) na (2, 4)
18 Jan 2025 21:45:57 GMT Długość listy pozycji: 7
Lista pozycji zwierząt: {(0, 0)=[<], (2, 2)=[v, <, ◣, ◣, >, ◢, v], (2, 4)=[v], (4, 7)=[>, v], (3, 9)=[>, ◣, v, ^, v, ◣, v, v, v], (0, 7)=[<], (5, 0)=[v]}
18 Jan 2025 21:45:57 GMT Zwierzę poruszyło się z (2, 3) na (2, 2)
18 Jan 2025 21:45:57 GMT Długość listy pozycji: 7
Lista pozycji zwierząt: {(0, 0)=[<], (2, 2)=[v, <, ◣, ◣, >, ◢, v], (2, 4)=[v], (4, 7)=[>, v], (3, 9)=[>, ◣, v, ^, v, ◣, v, v, v], (0, 7)=[<], (5, 1)=[^]}
18 Jan 2025 21:45:57 GMT Zwierzę poruszyło się z (5, 0) na (5, 1)
18 Jan 2025 21:45:57 GMT Zwierzę zjadło roślinkę na (4, 7)
18 Jan 2025 21:45:58 GMT Zwierze zostało położone na (2, 2)
18 Jan 2025 21:45:58 GMT Urodziło się nowe zwierzę na (2, 2)
18 Jan 2025 21:45:58 GMT Zwierze zostało położone na (4, 7)
18 Jan 2025 21:45:58 GMT Urodziło się nowe zwierzę na (4, 7)
18 Jan 2025 21:45:58 GMT Zwierze zostało położone na (3, 9)
18 Jan 2025 21:45:58 GMT Urodziło się nowe zwierzę na (3, 9)
18 Jan 2025 21:45:58 GMT Roślinka wyrosła na (5, 0)
18 Jan 2025 21:45:58 GMT Roślinka wyrosła na (4, 3)
18 Jan 2025 21:45:58 GMT Roślinka wyrosła na (9, 3)
18 Jan 2025 21:45:58 GMT Roślinka wyrosła na (7, 7)
18 Jan 2025 21:45:58 GMT Roślinka wyrosła na (6, 9)
18 Jan 2025 21:45:58 GMT Roślinka wyrosła na (1, 9)
18 Jan 2025 21:45:58 GMT Roślinka wyrosła na (1, 7)
18 Jan 2025 21:45:58 GMT Roślinka wyrosła na (8, 4)
18 Jan 2025 21:45:58 GMT Roślinka wyrosła na (0, 2)
18 Jan 2025 21:45:58 GMT Roślinka wyrosła na (8, 8)
18 Jan 2025 21:45:58 GMT Długość listy pozycji: 7
Lista pozycji zwierząt: {(0, 0)=[<], (2, 2)=[v, <, v, ◣, ◣, >, ◢, v], (2, 4)=[v], (4, 7)=[>, v, v], (3, 9)=[◣, >, ◣, v, ^, v, ◣, v, v, v], (1, 8)=[◥], (5, 1)=[^]}
18 Jan 2025 21:45:58 GMT Zwierzę poruszyło się z (0, 7) na (1, 8)
18 Jan 2025 21:45:58 GMT Długość listy pozycji: 7
Lista pozycji zwierząt: {(1, 1)=[◥], (2, 2)=[v, <, v, ◣, ◣, >, ◢, v], (2, 4)=[v], (4, 7)=[>, v, v], (3, 9)=[◣, >, ◣, v, ^, v, ◣, v, v, v], (1, 8)=[◥], (5, 1)=[^]}
18 Jan 2025 21:45:58 GMT Zwierzę poruszyło się z (0, 0) na (1, 1)
18 Jan 2025 21:45:58 GMT Długość listy pozycji: 8
Lista pozycji zwierząt: {(1, 1)=[◥], (2, 2)=[v, <, v, ◣, ◣, >, ◢, v], (5, 6)=[◢], (2, 4)=[v], (4, 7)=[v, v], (3, 9)=[◣, >, ◣, v, ^, v, ◣, v, v, v], (1, 8)=[◥], (5, 1)=[^]}
18 Jan 2025 21:45:58 GMT Zwierzę poruszyło się z (4, 7) na (5, 6)
18 Jan 2025 21:45:58 GMT Długość listy pozycji: 9
Lista pozycji zwierząt: {(1, 1)=[◥], (2, 2)=[v, <, v, ◣, ◣, >, ◢, v], (5, 6)=[◢], (4, 6)=[v], (2, 4)=[v], (4, 7)=[v], (3, 9)=[◣, >, ◣, v, ^, v, ◣, v, v, v], (1, 8)=[◥], (5, 1)=[^]}
18 Jan 2025 21:45:58 GMT Zwierzę poruszyło się z (4, 7) na (4, 6)
18 Jan 2025 21:45:59 GMT Długość listy pozycji: 9
Lista pozycji zwierząt: {(1, 1)=[◥], (2, 2)=[v, <, v, ◣, ◣, >, ◢, v], (5, 6)=[◢], (4, 6)=[v], (2, 4)=[v], (4, 7)=[v], (3, 9)=[◣, >, ◣, ^, v, ◣, v, v, v], (1, 8)=[◥], (5, 1)=[^]}
18 Jan 2025 21:45:59 GMT Zwierzę poruszyło się z (3, 9) na (3, 9)
18 Jan 2025 21:45:59 GMT Długość listy pozycji: 9
Lista pozycji zwierząt: {(1, 1)=[◥], (2, 2)=[v, <, v, ◣, ◣, >, ◢, v], (5, 6)=[◢], (4, 6)=[v], (1, 4)=[<], (4, 7)=[v], (3, 9)=[◣, >, ◣, ^, v, ◣, v, v, v], (1, 8)=[◥], (5, 1)=[^]}
18 Jan 2025 21:45:59 GMT Zwierzę poruszyło się z (2, 4) na (1, 4)
18 Jan 2025 21:45:59 GMT Długość listy pozycji: 10
Lista pozycji zwierząt: {(3, 2)=[>], (1, 1)=[◥], (2, 2)=[>, <, v, ◣, ◣, >, ◢, >], (5, 6)=[◢], (4, 6)=[v], (1, 4)=[<], (4, 7)=[v], (3, 9)=[◣, >, ◣, ^, v, ◣, v, v, v], (1, 8)=[◥], (5, 1)=[^]}
18 Jan 2025 21:45:59 GMT Zwierzę poruszyło się z (2, 2) na (3, 2)
18 Jan 2025 21:45:59 GMT Długość listy pozycji: 10
Lista pozycji zwierząt: {(3, 2)=[>], (1, 1)=[◥], (2, 2)=[>, <, v, ◣, ◣, >, ◢, >], (5, 6)=[◢], (4, 6)=[v], (1, 4)=[<], (4, 7)=[v], (3, 9)=[◣, >, ◣, ^, v, ◣, v, v, v], (1, 8)=[◥], (5, 0)=[v]}
18 Jan 2025 21:45:59 GMT Zwierzę poruszyło się z (5, 1) na (5, 0)
18 Jan 2025 21:45:59 GMT Zwierzę zjadło roślinkę na (1, 8)
18 Jan 2025 21:45:59 GMT Zwierzę zjadło roślinkę na (5, 0)
18 Jan 2025 21:45:59 GMT Zwierze zostało położone na (2, 2)
18 Jan 2025 21:45:59 GMT Urodziło się nowe zwierzę na (2, 2)
18 Jan 2025 21:45:59 GMT Zwierze zostało położone na (3, 9)
18 Jan 2025 21:45:59 GMT Urodziło się nowe zwierzę na (3, 9)
18 Jan 2025 21:45:59 GMT Roślinka wyrosła na null
18 Jan 2025 21:45:59 GMT Roślinka wyrosła na null
18 Jan 2025 21:45:59 GMT Roślinka wyrosła na null
18 Jan 2025 21:45:59 GMT Roślinka wyrosła na null
18 Jan 2025 21:45:59 GMT Roślinka wyrosła na null
18 Jan 2025 21:45:59 GMT Roślinka wyrosła na null
18 Jan 2025 21:45:59 GMT Roślinka wyrosła na null
18 Jan 2025 21:45:59 GMT Roślinka wyrosła na null
18 Jan 2025 21:45:59 GMT Roślinka wyrosła na null
18 Jan 2025 21:45:59 GMT Roślinka wyrosła na null
18 Jan 2025 21:45:59 GMT Zwierzę umarło na (3, 9)
18 Jan 2025 21:46:00 GMT Długość listy pozycji: 10
Lista pozycji zwierząt: {(3, 2)=[>], (1, 1)=[◥], (2, 2)=[◢, >, <, v, ◣, ◣, >, ◢, >], (5, 6)=[◢], (4, 6)=[v], (1, 4)=[<], (4, 7)=[v], (1, 7)=[v], (3, 9)=[◥, ◣, >, ◣, ^, v, ◣, v, v], (5, 0)=[v]}
18 Jan 2025 21:46:00 GMT Zwierzę poruszyło się z (1, 8) na (1, 7)
18 Jan 2025 21:46:00 GMT Długość listy pozycji: 10
Lista pozycji zwierząt: {(1, 0)=[v], (3, 2)=[>], (2, 2)=[◢, >, <, v, ◣, ◣, >, ◢, >], (5, 6)=[◢], (4, 6)=[v], (1, 4)=[<], (4, 7)=[v], (1, 7)=[v], (3, 9)=[◥, ◣, >, ◣, ^, v, ◣, v, v], (5, 0)=[v]}
18 Jan 2025 21:46:00 GMT Zwierzę poruszyło się z (1, 1) na (1, 0)
18 Jan 2025 21:46:00 GMT Długość listy pozycji: 10
Lista pozycji zwierząt: {(1, 0)=[v], (3, 2)=[>], (5, 5)=[v], (2, 2)=[◢, >, <, v, ◣, ◣, >, ◢, >], (4, 6)=[v], (1, 4)=[<], (4, 7)=[v], (1, 7)=[v], (3, 9)=[◥, ◣, >, ◣, ^, v, ◣, v, v], (5, 0)=[v]}
18 Jan 2025 21:46:00 GMT Zwierzę poruszyło się z (5, 6) na (5, 5)
18 Jan 2025 21:46:00 GMT Długość listy pozycji: 10
Lista pozycji zwierząt: {(1, 0)=[v], (3, 2)=[>], (5, 5)=[v], (2, 2)=[◢, >, <, v, ◣, ◣, >, ◢, >], (4, 5)=[v], (1, 4)=[<], (4, 7)=[v], (1, 7)=[v], (3, 9)=[◥, ◣, >, ◣, ^, v, ◣, v, v], (5, 0)=[v]}
18 Jan 2025 21:46:00 GMT Zwierzę poruszyło się z (4, 6) na (4, 5)
18 Jan 2025 21:46:00 GMT Długość listy pozycji: 10
Lista pozycji zwierząt: {(1, 0)=[v], (3, 2)=[>], (5, 5)=[v], (2, 2)=[◢, >, <, v, ◣, ◣, >, ◢, >], (4, 5)=[v], (4, 7)=[v], (1, 5)=[^], (1, 7)=[v], (3, 9)=[◥, ◣, >, ◣, ^, v, ◣, v, v], (5, 0)=[v]}
18 Jan 2025 21:46:00 GMT Zwierzę poruszyło się z (1, 4) na (1, 5)
18 Jan 2025 21:46:00 GMT Długość listy pozycji: 10
Lista pozycji zwierząt: {(1, 0)=[v], (3, 3)=[^], (5, 5)=[v], (2, 2)=[◢, ^, <, v, ◣, ◣, >, ◢, ^], (4, 5)=[v], (4, 7)=[v], (1, 5)=[^], (1, 7)=[v], (3, 9)=[◥, ◣, >, ◣, ^, v, ◣, v, v], (5, 0)=[v]}
18 Jan 2025 21:46:00 GMT Zwierzę poruszyło się z (3, 2) na (3, 3)
18 Jan 2025 21:46:00 GMT Długość listy pozycji: 10
Lista pozycji zwierząt: {(1, 0)=[v], (3, 3)=[^], (5, 5)=[v], (2, 2)=[◢, ^, <, v, ◣, ◣, >, ◢, ^], (4, 5)=[v], (4, 7)=[v], (1, 5)=[^], (1, 7)=[v], (3, 9)=[◥, ◣, >, ◣, ^, v, ◣, v, v], (5, 1)=[^]}
18 Jan 2025 21:46:00 GMT Zwierzę poruszyło się z (5, 0) na (5, 1)
18 Jan 2025 21:46:00 GMT Zwierzę zjadło roślinkę na (1, 0)
18 Jan 2025 21:46:00 GMT Zwierzę zjadło roślinkę na (1, 7)
18 Jan 2025 21:46:00 GMT Zwierze zostało położone na (2, 2)
18 Jan 2025 21:46:00 GMT Urodziło się nowe zwierzę na (2, 2)
18 Jan 2025 21:46:01 GMT Zwierze zostało położone na (3, 9)
18 Jan 2025 21:46:01 GMT Urodziło się nowe zwierzę na (3, 9)
18 Jan 2025 21:46:01 GMT Roślinka wyrosła na null
18 Jan 2025 21:46:01 GMT Roślinka wyrosła na null
18 Jan 2025 21:46:01 GMT Roślinka wyrosła na null
18 Jan 2025 21:46:01 GMT Roślinka wyrosła na null
18 Jan 2025 21:46:01 GMT Roślinka wyrosła na null
18 Jan 2025 21:46:01 GMT Roślinka wyrosła na null
18 Jan 2025 21:46:01 GMT Roślinka wyrosła na null
18 Jan 2025 21:46:01 GMT Roślinka wyrosła na null
18 Jan 2025 21:46:01 GMT Roślinka wyrosła na null
18 Jan 2025 21:46:01 GMT Roślinka wyrosła na null
18 Jan 2025 21:46:01 GMT Długość listy pozycji: 10
Lista pozycji zwierząt: {(1, 0)=[v], (3, 3)=[^], (5, 5)=[v], (2, 2)=[◣, ◢, ^, <, v, ◣, ◣, >, ◢, ^], (4, 5)=[v], (4, 7)=[v], (1, 5)=[^], (3, 9)=[◣, ◥, ◣, >, ◣, ^, v, ◣, v, v], (0, 8)=[◤], (5, 1)=[^]}
18 Jan 2025 21:46:01 GMT Zwierzę poruszyło się z (1, 7) na (0, 8)
18 Jan 2025 21:46:01 GMT Długość listy pozycji: 10
Lista pozycji zwierząt: {(3, 3)=[^], (5, 5)=[v], (2, 2)=[◣, ◢, ^, <, v, ◣, ◣, >, ◢, ^], (0, 1)=[◤], (4, 5)=[v], (4, 7)=[v], (1, 5)=[^], (3, 9)=[◣, ◥, ◣, >, ◣, ^, v, ◣, v, v], (0, 8)=[◤], (5, 1)=[^]}
18 Jan 2025 21:46:01 GMT Zwierzę poruszyło się z (1, 0) na (0, 1)
18 Jan 2025 21:46:01 GMT Długość listy pozycji: 10
Lista pozycji zwierząt: {(4, 4)=[◣], (3, 3)=[^], (2, 2)=[◣, ◢, ^, <, v, ◣, ◣, >, ◢, ^], (0, 1)=[◤], (4, 5)=[v], (4, 7)=[v], (1, 5)=[^], (3, 9)=[◣, ◥, ◣, >, ◣, ^, v, ◣, v, v], (0, 8)=[◤], (5, 1)=[^]}
18 Jan 2025 21:46:01 GMT Zwierzę poruszyło się z (5, 5) na (4, 4)
18 Jan 2025 21:46:01 GMT Długość listy pozycji: 9
Lista pozycji zwierząt: {(4, 4)=[◣, v], (3, 3)=[^], (2, 2)=[◣, ◢, ^, <, v, ◣, ◣, >, ◢, ^], (0, 1)=[◤], (4, 7)=[v], (1, 5)=[^], (3, 9)=[◣, ◥, ◣, >, ◣, ^, v, ◣, v, v], (0, 8)=[◤], (5, 1)=[^]}
18 Jan 2025 21:46:01 GMT Zwierzę poruszyło się z (4, 5) na (4, 4)
18 Jan 2025 21:46:01 GMT Długość listy pozycji: 9
Lista pozycji zwierząt: {(4, 4)=[◣, v], (3, 3)=[^], (2, 2)=[◣, ◢, ^, <, v, ◣, ◣, >, ◢, ^], (0, 1)=[◤], (2, 5)=[>], (4, 7)=[v], (3, 9)=[◣, ◥, ◣, >, ◣, ^, v, ◣, v, v], (0, 8)=[◤], (5, 1)=[^]}
18 Jan 2025 21:46:01 GMT Zwierzę poruszyło się z (1, 5) na (2, 5)
18 Jan 2025 21:46:01 GMT Długość listy pozycji: 9
Lista pozycji zwierząt: {(4, 4)=[◣, v], (2, 2)=[◣, ◢, <, <, v, ◣, ◣, >, ◢, <], (2, 3)=[<], (0, 1)=[◤], (2, 5)=[>], (4, 7)=[v], (3, 9)=[◣, ◥, ◣, >, ◣, ^, v, ◣, v, v], (0, 8)=[◤], (5, 1)=[^]}
18 Jan 2025 21:46:01 GMT Zwierzę poruszyło się z (3, 3) na (2, 3)
18 Jan 2025 21:46:02 GMT Długość listy pozycji: 9
Lista pozycji zwierząt: {(4, 4)=[◣, v], (2, 2)=[◣, ◢, <, <, v, ◣, ◣, >, ◢, <], (2, 3)=[<], (0, 1)=[◤], (2, 5)=[>], (4, 7)=[v], (3, 9)=[◣, ◥, ◣, >, ◣, ^, v, ◣, v, v], (0, 8)=[◤], (5, 0)=[v]}
18 Jan 2025 21:46:02 GMT Zwierzę poruszyło się z (5, 1) na (5, 0)
18 Jan 2025 21:46:02 GMT Zwierze zostało położone na (4, 4)
18 Jan 2025 21:46:02 GMT Urodziło się nowe zwierzę na (4, 4)
18 Jan 2025 21:46:02 GMT Zwierze zostało położone na (2, 2)
18 Jan 2025 21:46:02 GMT Urodziło się nowe zwierzę na (2, 2)
18 Jan 2025 21:46:02 GMT Zwierze zostało położone na (3, 9)
18 Jan 2025 21:46:02 GMT Urodziło się nowe zwierzę na (3, 9)
18 Jan 2025 21:46:02 GMT Roślinka wyrosła na null
18 Jan 2025 21:46:02 GMT Roślinka wyrosła na null
18 Jan 2025 21:46:02 GMT Roślinka wyrosła na null
18 Jan 2025 21:46:02 GMT Roślinka wyrosła na null
18 Jan 2025 21:46:02 GMT Roślinka wyrosła na null
18 Jan 2025 21:46:02 GMT Roślinka wyrosła na null
18 Jan 2025 21:46:02 GMT Roślinka wyrosła na null
18 Jan 2025 21:46:02 GMT Roślinka wyrosła na null
18 Jan 2025 21:46:02 GMT Roślinka wyrosła na null
18 Jan 2025 21:46:02 GMT Roślinka wyrosła na null
18 Jan 2025 21:46:02 GMT Długość listy pozycji: 9
Lista pozycji zwierząt: {(4, 4)=[◣, v, >], (2, 2)=[◣, ◣, ◢, <, <, v, ◣, ◣, >, ◢, <], (2, 3)=[<], (0, 1)=[◤], (2, 5)=[>], (4, 7)=[v], (3, 9)=[^, ◣, ◥, ◣, >, ◣, ^, v, ◣, v, v], (1, 8)=[>], (5, 0)=[v]}
18 Jan 2025 21:46:02 GMT Zwierzę poruszyło się z (0, 8) na (1, 8)
18 Jan 2025 21:46:02 GMT Długość listy pozycji: 9
Lista pozycji zwierząt: {(1, 1)=[>], (4, 4)=[◣, v, >], (2, 2)=[◣, ◣, ◢, <, <, v, ◣, ◣, >, ◢, <], (2, 3)=[<], (2, 5)=[>], (4, 7)=[v], (3, 9)=[^, ◣, ◥, ◣, >, ◣, ^, v, ◣, v, v], (1, 8)=[>], (5, 0)=[v]}
18 Jan 2025 21:46:02 GMT Zwierzę poruszyło się z (0, 1) na (1, 1)
18 Jan 2025 21:46:03 GMT Długość listy pozycji: 10
Lista pozycji zwierząt: {(1, 1)=[>], (4, 4)=[<, v, >], (2, 2)=[◣, ◣, ◢, <, <, v, ◣, ◣, >, ◢, <], (3, 4)=[<], (2, 3)=[<], (2, 5)=[>], (4, 7)=[v], (3, 9)=[^, ◣, ◥, ◣, >, ◣, ^, v, ◣, v, v], (1, 8)=[>], (5, 0)=[v]}
18 Jan 2025 21:46:03 GMT Zwierzę poruszyło się z (4, 4) na (3, 4)
18 Jan 2025 21:46:03 GMT Długość listy pozycji: 11
Lista pozycji zwierząt: {(4, 3)=[v], (1, 1)=[>], (4, 4)=[<, >], (2, 2)=[◣, ◣, ◢, <, <, v, ◣, ◣, >, ◢, <], (3, 4)=[<], (2, 3)=[<], (2, 5)=[>], (4, 7)=[v], (3, 9)=[^, ◣, ◥, ◣, >, ◣, ^, v, ◣, v, v], (1, 8)=[>], (5, 0)=[v]}
18 Jan 2025 21:46:03 GMT Zwierzę poruszyło się z (4, 4) na (4, 3)
18 Jan 2025 21:46:03 GMT Długość listy pozycji: 11
Lista pozycji zwierząt: {(4, 3)=[v], (1, 1)=[>], (4, 4)=[<, >], (2, 2)=[◣, ◣, ◢, <, <, v, ◣, ◣, >, ◢, <], (3, 4)=[<], (2, 3)=[<], (2, 4)=[v], (4, 7)=[v], (3, 9)=[^, ◣, ◥, ◣, >, ◣, ^, v, ◣, v, v], (1, 8)=[>], (5, 0)=[v]}
18 Jan 2025 21:46:03 GMT Zwierzę poruszyło się z (2, 5) na (2, 4)
18 Jan 2025 21:46:03 GMT Długość listy pozycji: 10
Lista pozycji zwierząt: {(4, 3)=[v], (1, 1)=[>], (4, 4)=[<, >], (2, 2)=[◣, ◣, ◢, v, <, v, v, ◣, ◣, >, ◢, v], (3, 4)=[<], (2, 4)=[v], (4, 7)=[v], (3, 9)=[^, ◣, ◥, ◣, >, ◣, ^, v, ◣, v, v], (1, 8)=[>], (5, 0)=[v]}
18 Jan 2025 21:46:03 GMT Zwierzę poruszyło się z (2, 3) na (2, 2)
18 Jan 2025 21:46:03 GMT Długość listy pozycji: 10
Lista pozycji zwierząt: {(4, 3)=[v], (1, 1)=[>], (4, 4)=[<, >], (2, 2)=[◣, ◣, ◢, v, <, v, v, ◣, ◣, >, ◢, v], (3, 4)=[<], (2, 4)=[v], (4, 7)=[v], (3, 9)=[^, ◣, ◥, ◣, >, ◣, ^, v, ◣, v, v], (1, 8)=[>], (5, 1)=[^]}
18 Jan 2025 21:46:03 GMT Zwierzę poruszyło się z (5, 0) na (5, 1)
18 Jan 2025 21:46:03 GMT Zwierzę zjadło roślinkę na (4, 3)
18 Jan 2025 21:46:03 GMT Zwierze zostało położone na (3, 4)
18 Jan 2025 21:46:03 GMT Urodziło się nowe zwierzę na (4, 4)
18 Jan 2025 21:46:03 GMT Zwierze zostało położone na (2, 2)
18 Jan 2025 21:46:03 GMT Urodziło się nowe zwierzę na (2, 2)
18 Jan 2025 21:46:03 GMT Zwierze zostało położone na (3, 4)
18 Jan 2025 21:46:03 GMT Urodziło się nowe zwierzę na (3, 4)
18 Jan 2025 21:46:03 GMT Zwierze zostało położone na (3, 9)
18 Jan 2025 21:46:03 GMT Urodziło się nowe zwierzę na (3, 9)
18 Jan 2025 21:46:04 GMT Roślinka wyrosła na null
18 Jan 2025 21:46:04 GMT Roślinka wyrosła na null
18 Jan 2025 21:46:04 GMT Roślinka wyrosła na null
18 Jan 2025 21:46:04 GMT Roślinka wyrosła na null
18 Jan 2025 21:46:04 GMT Roślinka wyrosła na null
18 Jan 2025 21:46:04 GMT Roślinka wyrosła na null
18 Jan 2025 21:46:04 GMT Roślinka wyrosła na null
18 Jan 2025 21:46:04 GMT Roślinka wyrosła na null
18 Jan 2025 21:46:04 GMT Roślinka wyrosła na null
18 Jan 2025 21:46:04 GMT Roślinka wyrosła na null
18 Jan 2025 21:46:04 GMT Długość listy pozycji: 10
Lista pozycji zwierząt: {(4, 3)=[v], (1, 1)=[>], (4, 4)=[<, >], (2, 2)=[◣, ◣, ◣, ◢, v, <, v, v, ◣, ◣, >, ◢, v], (3, 4)=[<, v, <], (2, 4)=[v], (4, 7)=[v], (3, 9)=[^, ^, ◣, ◥, ◣, >, ◣, ^, v, ◣, v, v], (0, 7)=[◣], (5, 1)=[^]}
18 Jan 2025 21:46:04 GMT Zwierzę poruszyło się z (1, 8) na (0, 7)
18 Jan 2025 21:46:04 GMT Długość listy pozycji: 10
Lista pozycji zwierząt: {(4, 3)=[v], (0, 0)=[◣], (4, 4)=[<, >], (2, 2)=[◣, ◣, ◣, ◢, v, <, v, v, ◣, ◣, >, ◢, v], (3, 4)=[<, v, <], (2, 4)=[v], (4, 7)=[v], (3, 9)=[^, ^, ◣, ◥, ◣, >, ◣, ^, v, ◣, v, v], (0, 7)=[◣], (5, 1)=[^]}
18 Jan 2025 21:46:04 GMT Zwierzę poruszyło się z (1, 1) na (0, 0)
18 Jan 2025 21:46:04 GMT Długość listy pozycji: 11
Lista pozycji zwierząt: {(4, 3)=[v], (0, 0)=[◣], (4, 4)=[◤, >], (2, 2)=[◣, ◣, ◣, ◢, v, <, v, v, ◣, ◣, >, ◢, v], (3, 4)=[<, v, ◤], (2, 4)=[v], (2, 5)=[◤], (4, 7)=[v], (3, 9)=[^, ^, ◣, ◥, ◣, >, ◣, ^, v, ◣, v, v], (0, 7)=[◣], (5, 1)=[^]}
18 Jan 2025 21:46:04 GMT Zwierzę poruszyło się z (3, 4) na (2, 5)
18 Jan 2025 21:46:04 GMT Długość listy pozycji: 11
Lista pozycji zwierząt: {(0, 0)=[◣], (4, 4)=[◤, >], (2, 2)=[◣, ◣, ◣, ◢, v, <, v, v, ◣, ◣, >, ◢, v], (3, 4)=[<, v, ◤], (2, 4)=[v], (2, 5)=[◤], (4, 7)=[v], (3, 9)=[^, ^, ◣, ◥, ◣, >, ◣, ^, v, ◣, v, v], (0, 7)=[◣], (5, 1)=[^], (4, 2)=[v]}
18 Jan 2025 21:46:04 GMT Zwierzę poruszyło się z (4, 3) na (4, 2)
18 Jan 2025 21:46:04 GMT Długość listy pozycji: 11
Lista pozycji zwierząt: {(0, 0)=[◣], (4, 4)=[◤, >], (2, 2)=[◣, ◣, ◣, ◢, v, <, v, v, ◣, ◣, >, ◢, v], (3, 4)=[<, v, ◤], (1, 4)=[<], (2, 5)=[◤], (4, 7)=[v], (3, 9)=[^, ^, ◣, ◥, ◣, >, ◣, ^, v, ◣, v, v], (0, 7)=[◣], (5, 1)=[^], (4, 2)=[v]}
18 Jan 2025 21:46:04 GMT Zwierzę poruszyło się z (2, 4) na (1, 4)
18 Jan 2025 21:46:04 GMT Długość listy pozycji: 12
Lista pozycji zwierząt: {(3, 2)=[>], (0, 0)=[◣], (4, 4)=[◤, >], (2, 2)=[◣, ◣, ◣, ◢, >, <, v, ◣, ◣, >, ◢, >], (3, 4)=[<, v, ◤], (1, 4)=[<], (2, 5)=[◤], (4, 7)=[v], (3, 9)=[^, ^, ◣, ◥, ◣, >, ◣, ^, v, ◣, v, v], (0, 7)=[◣], (5, 1)=[^], (4, 2)=[v]}
18 Jan 2025 21:46:04 GMT Zwierzę poruszyło się z (2, 2) na (3, 2)
18 Jan 2025 21:46:04 GMT Długość listy pozycji: 12
Lista pozycji zwierząt: {(3, 2)=[>], (0, 0)=[◣], (4, 4)=[◤, >], (2, 2)=[◣, ◣, ◣, ◢, >, <, v, ◣, ◣, >, ◢, >], (3, 4)=[<, v, ◤], (1, 4)=[<], (2, 5)=[◤], (4, 7)=[v], (3, 9)=[^, ^, ◣, ◥, ◣, >, ◣, ^, v, ◣, v, v], (0, 7)=[◣], (5, 0)=[v], (4, 2)=[v]}
18 Jan 2025 21:46:04 GMT Zwierzę poruszyło się z (5, 1) na (5, 0)
18 Jan 2025 21:46:04 GMT Zwierzę zjadło roślinkę na (4, 2)
18 Jan 2025 21:46:05 GMT Zwierze zostało położone na (2, 5)
18 Jan 2025 21:46:05 GMT Urodziło się nowe zwierzę na (4, 4)
18 Jan 2025 21:46:05 GMT Zwierze zostało położone na (2, 2)
18 Jan 2025 21:46:05 GMT Urodziło się nowe zwierzę na (2, 2)
18 Jan 2025 21:46:05 GMT Zwierze zostało położone na (3, 4)
18 Jan 2025 21:46:05 GMT Urodziło się nowe zwierzę na (3, 4)
18 Jan 2025 21:46:05 GMT Zwierze zostało położone na (2, 5)
18 Jan 2025 21:46:05 GMT Urodziło się nowe zwierzę na (2, 5)
18 Jan 2025 21:46:05 GMT Zwierze zostało położone na (3, 9)
18 Jan 2025 21:46:05 GMT Urodziło się nowe zwierzę na (3, 9)
18 Jan 2025 21:46:05 GMT Roślinka wyrosła na null
18 Jan 2025 21:46:05 GMT Roślinka wyrosła na null
18 Jan 2025 21:46:05 GMT Roślinka wyrosła na null
18 Jan 2025 21:46:05 GMT Roślinka wyrosła na null
18 Jan 2025 21:46:05 GMT Roślinka wyrosła na null
18 Jan 2025 21:46:05 GMT Roślinka wyrosła na null
18 Jan 2025 21:46:05 GMT Roślinka wyrosła na null
18 Jan 2025 21:46:05 GMT Roślinka wyrosła na null
18 Jan 2025 21:46:05 GMT Roślinka wyrosła na null
18 Jan 2025 21:46:05 GMT Roślinka wyrosła na null
18 Jan 2025 21:46:05 GMT Zwierzę umarło na (2, 5)
18 Jan 2025 21:46:05 GMT Długość listy pozycji: 12
Lista pozycji zwierząt: {(3, 2)=[>], (0, 0)=[◣], (4, 4)=[>, ◤], (2, 2)=[^, ◣, ◣, ◣, ◢, >, <, v, ◣, ◣, >, ◢, >], (3, 4)=[<, <, v, ◤], (1, 4)=[<], (2, 5)=[>, v], (4, 7)=[v], (3, 9)=[◣, ^, ^, ◣, ◥, ◣, >, ◣, ^, v, ◣, v, v], (0, 8)=[^], (5, 0)=[v], (4, 2)=[v]}
18 Jan 2025 21:46:05 GMT Zwierzę poruszyło się z (0, 7) na (0, 8)
18 Jan 2025 21:46:05 GMT Długość listy pozycji: 12
Lista pozycji zwierząt: {(3, 2)=[>], (4, 4)=[>, ◤], (2, 2)=[^, ◣, ◣, ◣, ◢, >, <, v, ◣, ◣, >, ◢, >], (0, 1)=[^], (3, 4)=[<, <, v, ◤], (1, 4)=[<], (2, 5)=[>, v], (4, 7)=[v], (3, 9)=[◣, ^, ^, ◣, ◥, ◣, >, ◣, ^, v, ◣, v, v], (0, 8)=[^], (5, 0)=[v], (4, 2)=[v]}
18 Jan 2025 21:46:05 GMT Zwierzę poruszyło się z (0, 0) na (0, 1)
18 Jan 2025 21:46:05 GMT Długość listy pozycji: 12
Lista pozycji zwierząt: {(3, 2)=[>], (4, 4)=[>, ◤], (2, 2)=[^, ◣, ◣, ◣, ◢, >, <, v, ◣, ◣, >, ◢, >], (0, 1)=[^], (3, 4)=[<, <, v, ◤], (1, 4)=[<], (2, 5)=[>, v], (4, 7)=[v], (3, 9)=[◣, ^, ^, ◣, ◥, ◣, >, ◣, ^, v, ◣, v, v], (0, 8)=[^], (5, 0)=[v], (4, 1)=[v]}
18 Jan 2025 21:46:05 GMT Zwierzę poruszyło się z (4, 2) na (4, 1)
18 Jan 2025 21:46:06 GMT Długość listy pozycji: 12
Lista pozycji zwierząt: {(3, 2)=[>], (4, 4)=[>, ◤], (2, 2)=[^, ◣, ◣, ◣, ◢, >, <, v, ◣, ◣, >, ◢, >], (0, 1)=[^], (3, 4)=[<, <, v, ◤], (2, 5)=[>, v], (4, 7)=[v], (1, 5)=[^], (3, 9)=[◣, ^, ^, ◣, ◥, ◣, >, ◣, ^, v, ◣, v, v], (0, 8)=[^], (5, 0)=[v], (4, 1)=[v]}
18 Jan 2025 21:46:06 GMT Zwierzę poruszyło się z (1, 4) na (1, 5)
18 Jan 2025 21:46:06 GMT Długość listy pozycji: 12
Lista pozycji zwierząt: {(3, 3)=[^], (4, 4)=[>, ◤], (2, 2)=[^, ◣, ◣, ◣, ◢, ^, <, v, ◣, ◣, >, ◢, ^], (0, 1)=[^], (3, 4)=[<, <, v, ◤], (2, 5)=[>, v], (4, 7)=[v], (1, 5)=[^], (3, 9)=[◣, ^, ^, ◣, ◥, ◣, >, ◣, ^, v, ◣, v, v], (0, 8)=[^], (5, 0)=[v], (4, 1)=[v]}
18 Jan 2025 21:46:06 GMT Zwierzę poruszyło się z (3, 2) na (3, 3)
18 Jan 2025 21:46:06 GMT Długość listy pozycji: 12
Lista pozycji zwierząt: {(3, 3)=[^], (4, 4)=[>, ◤], (2, 2)=[^, ◣, ◣, ◣, ◢, ^, <, v, ◣, ◣, >, ◢, ^], (0, 1)=[^], (3, 4)=[<, <, v, ◤], (2, 5)=[>, v], (4, 7)=[v], (1, 5)=[^], (3, 9)=[◣, ^, ^, ◣, ◥, ◣, >, ◣, ^, v, ◣, v, v], (0, 8)=[^], (5, 1)=[^], (4, 1)=[v]}
18 Jan 2025 21:46:06 GMT Zwierzę poruszyło się z (5, 0) na (5, 1)
18 Jan 2025 21:46:06 GMT Zwierzę zjadło roślinkę na (4, 1)
18 Jan 2025 21:46:06 GMT Zwierze zostało położone na (4, 4)
18 Jan 2025 21:46:06 GMT Urodziło się nowe zwierzę na (4, 4)
18 Jan 2025 21:46:06 GMT Zwierze zostało położone na (2, 2)
18 Jan 2025 21:46:06 GMT Urodziło się nowe zwierzę na (2, 2)
18 Jan 2025 21:46:06 GMT Zwierze zostało położone na (3, 4)
18 Jan 2025 21:46:06 GMT Urodziło się nowe zwierzę na (3, 4)
18 Jan 2025 21:46:06 GMT Zwierze zostało położone na (2, 5)
18 Jan 2025 21:46:06 GMT Urodziło się nowe zwierzę na (2, 5)
18 Jan 2025 21:46:06 GMT Zwierze zostało położone na (3, 9)
18 Jan 2025 21:46:06 GMT Urodziło się nowe zwierzę na (3, 9)
18 Jan 2025 21:46:07 GMT Roślinka wyrosła na null
18 Jan 2025 21:46:07 GMT Roślinka wyrosła na null
18 Jan 2025 21:46:07 GMT Roślinka wyrosła na null
18 Jan 2025 21:46:07 GMT Roślinka wyrosła na null
18 Jan 2025 21:46:07 GMT Roślinka wyrosła na null
18 Jan 2025 21:46:07 GMT Roślinka wyrosła na null
18 Jan 2025 21:46:07 GMT Roślinka wyrosła na null
18 Jan 2025 21:46:07 GMT Roślinka wyrosła na null
18 Jan 2025 21:46:07 GMT Roślinka wyrosła na null
18 Jan 2025 21:46:07 GMT Roślinka wyrosła na null
18 Jan 2025 21:46:07 GMT Długość listy pozycji: 12
Lista pozycji zwierząt: {(3, 3)=[^], (4, 4)=[>, >, ◤], (2, 2)=[◣, ^, ◣, ◣, ◣, ◢, ^, <, v, ◣, ◣, >, ◢, ^], (0, 1)=[^], (3, 4)=[◤, <, <, v, ◤], (2, 5)=[◥, >, v], (4, 7)=[v], (1, 5)=[^], (1, 7)=[◢], (3, 9)=[◣, ◣, ^, ^, ◣, ◥, ◣, >, ◣, ^, v, ◣, v, v], (5, 1)=[^], (4, 1)=[v]}
18 Jan 2025 21:46:07 GMT Zwierzę poruszyło się z (0, 8) na (1, 7)
18 Jan 2025 21:46:07 GMT Długość listy pozycji: 12
Lista pozycji zwierząt: {(1, 0)=[◢], (3, 3)=[^], (4, 4)=[>, >, ◤], (2, 2)=[◣, ^, ◣, ◣, ◣, ◢, ^, <, v, ◣, ◣, >, ◢, ^], (3, 4)=[◤, <, <, v, ◤], (2, 5)=[◥, >, v], (4, 7)=[v], (1, 5)=[^], (1, 7)=[◢], (3, 9)=[◣, ◣, ^, ^, ◣, ◥, ◣, >, ◣, ^, v, ◣, v, v], (5, 1)=[^], (4, 1)=[v]}
18 Jan 2025 21:46:07 GMT Zwierzę poruszyło się z (0, 1) na (1, 0)
18 Jan 2025 21:46:07 GMT Długość listy pozycji: 12
Lista pozycji zwierząt: {(1, 0)=[◢], (3, 3)=[^], (4, 4)=[>, >, ◤], (2, 2)=[◣, ^, ◣, ◣, ◣, ◢, ^, <, v, ◣, ◣, >, ◢, ^], (3, 4)=[◤, <, <, v, ◤], (2, 5)=[◥, >, v], (4, 7)=[v], (1, 5)=[^], (1, 7)=[◢], (3, 9)=[◣, ◣, ^, ^, ◣, ◥, ◣, >, ◣, ^, v, ◣, v, v], (4, 0)=[v], (5, 1)=[^]}
18 Jan 2025 21:46:07 GMT Zwierzę poruszyło się z (4, 1) na (4, 0)
18 Jan 2025 21:46:07 GMT Długość listy pozycji: 11
Lista pozycji zwierząt: {(1, 0)=[◢], (3, 3)=[^], (4, 4)=[>, >, ◤], (2, 2)=[◣, ^, ◣, ◣, ◣, ◢, ^, <, v, ◣, ◣, >, ◢, ^], (3, 4)=[◤, <, <, v, ◤], (2, 5)=[>, ◥, >, v], (4, 7)=[v], (1, 7)=[◢], (3, 9)=[◣, ◣, ^, ^, ◣, ◥, ◣, >, ◣, ^, v, ◣, v, v], (4, 0)=[v], (5, 1)=[^]}
18 Jan 2025 21:46:07 GMT Zwierzę poruszyło się z (1, 5) na (2, 5)
18 Jan 2025 21:46:07 GMT Długość listy pozycji: 11
Lista pozycji zwierząt: {(1, 0)=[◢], (4, 4)=[>, >, ◤], (2, 2)=[◣, ^, ◣, ◣, ◣, ◢, <, <, v, ◣, ◣, >, ◢, <], (2, 3)=[<], (3, 4)=[◤, <, <, v, ◤], (2, 5)=[>, ◥, >, v], (4, 7)=[v], (1, 7)=[◢], (3, 9)=[◣, ◣, ^, ^, ◣, ◥, ◣, >, ◣, ^, v, ◣, v, v], (4, 0)=[v], (5, 1)=[^]}
18 Jan 2025 21:46:07 GMT Zwierzę poruszyło się z (3, 3) na (2, 3)
18 Jan 2025 21:46:07 GMT Długość listy pozycji: 11
Lista pozycji zwierząt: {(1, 0)=[◢], (4, 4)=[>, >, ◤], (2, 2)=[◣, ^, ◣, ◣, ◣, ◢, <, <, v, ◣, ◣, >, ◢, <], (2, 3)=[<], (3, 4)=[◤, <, <, v, ◤], (2, 5)=[>, ◥, >, v], (4, 7)=[v], (1, 7)=[◢], (3, 9)=[◣, ◣, ^, ^, ◣, ◥, ◣, >, ◣, ^, v, ◣, v, v], (5, 0)=[v], (4, 0)=[v]}
18 Jan 2025 21:46:07 GMT Zwierzę poruszyło się z (5, 1) na (5, 0)
18 Jan 2025 21:46:07 GMT Zwierzę zjadło roślinkę na (4, 0)
18 Jan 2025 21:46:08 GMT Zwierze zostało położone na (4, 4)
18 Jan 2025 21:46:08 GMT Urodziło się nowe zwierzę na (4, 4)
18 Jan 2025 21:46:08 GMT Zwierze zostało położone na (2, 2)
18 Jan 2025 21:46:08 GMT Urodziło się nowe zwierzę na (2, 2)
18 Jan 2025 21:46:08 GMT Zwierze zostało położone na (3, 4)
18 Jan 2025 21:46:08 GMT Urodziło się nowe zwierzę na (3, 4)
18 Jan 2025 21:46:08 GMT Zwierze zostało położone na (2, 5)
18 Jan 2025 21:46:08 GMT Urodziło się nowe zwierzę na (2, 5)
18 Jan 2025 21:46:08 GMT Zwierze zostało położone na (3, 9)
18 Jan 2025 21:46:08 GMT Urodziło się nowe zwierzę na (3, 9)
18 Jan 2025 21:46:08 GMT Roślinka wyrosła na null
18 Jan 2025 21:46:08 GMT Roślinka wyrosła na null
18 Jan 2025 21:46:08 GMT Roślinka wyrosła na null
18 Jan 2025 21:46:08 GMT Roślinka wyrosła na null
18 Jan 2025 21:46:08 GMT Roślinka wyrosła na null
18 Jan 2025 21:46:08 GMT Roślinka wyrosła na null
18 Jan 2025 21:46:08 GMT Roślinka wyrosła na null
18 Jan 2025 21:46:08 GMT Roślinka wyrosła na null
18 Jan 2025 21:46:08 GMT Roślinka wyrosła na null
18 Jan 2025 21:46:08 GMT Roślinka wyrosła na null
18 Jan 2025 21:46:08 GMT Długość listy pozycji: 11
Lista pozycji zwierząt: {(1, 0)=[◢], (4, 4)=[^, >, >, ◤], (2, 2)=[<, ◣, ^, ◣, ◣, ◣, ◢, <, <, v, ◣, ◣, >, ◢, <], (2, 3)=[<], (3, 4)=[◣, ◤, <, <, v, ◤], (2, 5)=[>, ◥, ◢, >, v], (4, 7)=[v], (3, 9)=[<, ◣, ◣, ^, ^, ◣, ◥, ◣, >, ◣, ^, v, ◣, v, v], (0, 7)=[<], (5, 0)=[v], (4, 0)=[v]}
18 Jan 2025 21:46:08 GMT Zwierzę poruszyło się z (1, 7) na (0, 7)
18 Jan 2025 21:46:08 GMT Długość listy pozycji: 11
Lista pozycji zwierząt: {(0, 0)=[<], (4, 4)=[^, >, >, ◤], (2, 2)=[<, ◣, ^, ◣, ◣, ◣, ◢, <, <, v, ◣, ◣, >, ◢, <], (2, 3)=[<], (3, 4)=[◣, ◤, <, <, v, ◤], (2, 5)=[>, ◥, ◢, >, v], (4, 7)=[v], (3, 9)=[<, ◣, ◣, ^, ^, ◣, ◥, ◣, >, ◣, ^, v, ◣, v, v], (0, 7)=[<], (5, 0)=[v], (4, 0)=[v]}
18 Jan 2025 21:46:08 GMT Zwierzę poruszyło się z (1, 0) na (0, 0)
18 Jan 2025 21:46:08 GMT Długość listy pozycji: 11
Lista pozycji zwierząt: {(0, 0)=[<], (4, 4)=[^, >, >, ◤], (2, 2)=[<, ◣, ^, ◣, ◣, ◣, ◢, <, <, v, ◣, ◣, >, ◢, <], (2, 3)=[<], (3, 4)=[◣, ◤, <, <, v, ◤], (2, 5)=[>, ◥, ◢, >, v], (4, 7)=[v], (3, 9)=[<, ◣, ◣, ^, ^, ◣, ◥, ◣, >, ◣, ^, v, ◣, v, v], (0, 7)=[<], (5, 0)=[v], (4, 0)=[^]}
18 Jan 2025 21:46:08 GMT Zwierzę poruszyło się z (4, 0) na (4, 0)
18 Jan 2025 21:46:08 GMT Długość listy pozycji: 12
Lista pozycji zwierząt: {(0, 0)=[<], (4, 4)=[^, >, >, ◤], (2, 2)=[<, ◣, ^, ◣, ◣, ◣, ◢, <, <, v, ◣, ◣, >, ◢, <], (2, 3)=[<], (3, 4)=[◣, ◤, <, <, v, ◤], (2, 4)=[v], (2, 5)=[v, ◥, ◢, >, v], (4, 7)=[v], (3, 9)=[<, ◣, ◣, ^, ^, ◣, ◥, ◣, >, ◣, ^, v, ◣, v, v], (0, 7)=[<], (5, 0)=[v], (4, 0)=[^]}
18 Jan 2025 21:46:08 GMT Zwierzę poruszyło się z (2, 5) na (2, 4)
18 Jan 2025 21:46:09 GMT Długość listy pozycji: 11
Lista pozycji zwierząt: {(0, 0)=[<], (4, 4)=[^, >, >, ◤], (2, 2)=[<, v, ◣, ^, ◣, ◣, ◣, ◢, v, <, v, ◣, ◣, >, ◢, v], (3, 4)=[◣, ◤, <, <, v, ◤], (2, 4)=[v], (2, 5)=[v, ◥, ◢, >, v], (4, 7)=[v], (3, 9)=[<, ◣, ◣, ^, ^, ◣, ◥, ◣, >, ◣, ^, v, ◣, v, v], (0, 7)=[<], (5, 0)=[v], (4, 0)=[^]}
18 Jan 2025 21:46:09 GMT Zwierzę poruszyło się z (2, 3) na (2, 2)
18 Jan 2025 21:46:09 GMT Długość listy pozycji: 11
Lista pozycji zwierząt: {(0, 0)=[<], (4, 4)=[^, >, >, ◤], (2, 2)=[<, v, ◣, ^, ◣, ◣, ◣, ◢, v, <, v, ◣, ◣, >, ◢, v], (3, 4)=[◣, ◤, <, <, v, ◤], (2, 4)=[v], (2, 5)=[v, ◥, ◢, >, v], (4, 7)=[v], (3, 9)=[<, ◣, ◣, ^, ^, ◣, ◥, ◣, >, ◣, ^, v, ◣, v, v], (0, 7)=[<], (5, 1)=[^], (4, 0)=[^]}
18 Jan 2025 21:46:09 GMT Zwierzę poruszyło się z (5, 0) na (5, 1)
18 Jan 2025 21:46:09 GMT Zwierze zostało położone na (4, 4)
18 Jan 2025 21:46:09 GMT Urodziło się nowe zwierzę na (4, 4)
18 Jan 2025 21:46:09 GMT Zwierze zostało położone na (2, 2)
18 Jan 2025 21:46:09 GMT Urodziło się nowe zwierzę na (2, 2)
18 Jan 2025 21:46:09 GMT Zwierze zostało położone na (3, 4)
18 Jan 2025 21:46:09 GMT Urodziło się nowe zwierzę na (3, 4)
18 Jan 2025 21:46:09 GMT Zwierze zostało położone na (2, 5)
18 Jan 2025 21:46:09 GMT Urodziło się nowe zwierzę na (2, 5)
18 Jan 2025 21:46:09 GMT Zwierze zostało położone na (3, 9)
18 Jan 2025 21:46:09 GMT Urodziło się nowe zwierzę na (3, 9)
18 Jan 2025 21:46:09 GMT Roślinka wyrosła na null
18 Jan 2025 21:46:09 GMT Roślinka wyrosła na null
18 Jan 2025 21:46:09 GMT Roślinka wyrosła na null
18 Jan 2025 21:46:09 GMT Roślinka wyrosła na null
18 Jan 2025 21:46:09 GMT Roślinka wyrosła na null
18 Jan 2025 21:46:09 GMT Roślinka wyrosła na null
18 Jan 2025 21:46:09 GMT Roślinka wyrosła na null
18 Jan 2025 21:46:09 GMT Roślinka wyrosła na null
18 Jan 2025 21:46:09 GMT Roślinka wyrosła na null
18 Jan 2025 21:46:09 GMT Roślinka wyrosła na null
18 Jan 2025 21:46:10 GMT Długość listy pozycji: 11
Lista pozycji zwierząt: {(0, 0)=[<], (4, 4)=[v, ^, >, >, ◤], (2, 2)=[◥, <, v, ◣, ^, ◣, ◣, ◣, ◢, v, <, v, ◣, ◣, >, ◢, v], (3, 4)=[>, ◣, ◤, <, <, v, ◤], (2, 4)=[v], (2, 5)=[^, v, ◥, ◢, >, v], (4, 7)=[v], (3, 9)=[^, <, ◣, ◣, ^, ^, ◣, ◥, ◣, >, ◣, ^, v, ◣, v, v], (1, 8)=[◥], (5, 1)=[^], (4, 0)=[^]}
18 Jan 2025 21:46:10 GMT Zwierzę poruszyło się z (0, 7) na (1, 8)
18 Jan 2025 21:46:10 GMT Długość listy pozycji: 11
Lista pozycji zwierząt: {(1, 1)=[◥], (4, 4)=[v, ^, >, >, ◤], (2, 2)=[◥, <, v, ◣, ^, ◣, ◣, ◣, ◢, v, <, v, ◣, ◣, >, ◢, v], (3, 4)=[>, ◣, ◤, <, <, v, ◤], (2, 4)=[v], (2, 5)=[^, v, ◥, ◢, >, v], (4, 7)=[v], (3, 9)=[^, <, ◣, ◣, ^, ^, ◣, ◥, ◣, >, ◣, ^, v, ◣, v, v], (1, 8)=[◥], (5, 1)=[^], (4, 0)=[^]}
18 Jan 2025 21:46:10 GMT Zwierzę poruszyło się z (0, 0) na (1, 1)
18 Jan 2025 21:46:10 GMT Długość listy pozycji: 11
Lista pozycji zwierząt: {(1, 1)=[◥], (4, 4)=[v, ^, >, >, ◤], (2, 2)=[◥, <, v, ◣, ^, ◣, ◣, ◣, ◢, v, <, v, ◣, ◣, >, ◢, v], (3, 4)=[>, ◣, ◤, <, <, v, ◤], (2, 4)=[v], (2, 5)=[^, v, ◥, ◢, >, v], (4, 7)=[v], (3, 9)=[^, <, ◣, ◣, ^, ^, ◣, ◥, ◣, >, ◣, ^, v, ◣, v, v], (1, 8)=[◥], (5, 1)=[^], (4, 1)=[^]}
18 Jan 2025 21:46:10 GMT Zwierzę poruszyło się z (4, 0) na (4, 1)
18 Jan 2025 21:46:10 GMT Długość listy pozycji: 11
Lista pozycji zwierząt: {(1, 1)=[◥], (4, 4)=[v, ^, >, >, ◤], (2, 2)=[◥, <, v, ◣, ^, ◣, ◣, ◣, ◢, v, <, v, ◣, ◣, >, ◢, v], (3, 4)=[>, ◣, ◤, <, <, v, ◤], (1, 4)=[<], (2, 5)=[^, <, ◥, ◢, >, v], (4, 7)=[v], (3, 9)=[^, <, ◣, ◣, ^, ^, ◣, ◥, ◣, >, ◣, ^, v, ◣, v, v], (1, 8)=[◥], (5, 1)=[^], (4, 1)=[^]}
18 Jan 2025 21:46:10 GMT Zwierzę poruszyło się z (2, 4) na (1, 4)
18 Jan 2025 21:46:10 GMT Długość listy pozycji: 12
Lista pozycji zwierząt: {(3, 2)=[>], (1, 1)=[◥], (4, 4)=[v, ^, >, >, ◤], (2, 2)=[◥, <, ◣, ^, ◣, ◣, ◣, ◢, >, <, v, ◣, ◣, >, ◢, >], (3, 4)=[>, ◣, ◤, <, <, v, ◤], (1, 4)=[<], (2, 5)=[^, <, ◥, ◢, >, v], (4, 7)=[v], (3, 9)=[^, <, ◣, ◣, ^, ^, ◣, ◥, ◣, >, ◣, ^, v, ◣, v, v], (1, 8)=[◥], (5, 1)=[^], (4, 1)=[^]}
18 Jan 2025 21:46:10 GMT Zwierzę poruszyło się z (2, 2) na (3, 2)
18 Jan 2025 21:46:10 GMT Długość listy pozycji: 12
Lista pozycji zwierząt: {(3, 2)=[>], (1, 1)=[◥], (4, 4)=[v, ^, >, >, ◤], (2, 2)=[◥, <, ◣, ^, ◣, ◣, ◣, ◢, >, <, v, ◣, ◣, >, ◢, >], (3, 4)=[>, ◣, ◤, <, <, v, ◤], (1, 4)=[<], (2, 5)=[^, <, ◥, ◢, >, v], (4, 7)=[v], (3, 9)=[^, <, ◣, ◣, ^, ^, ◣, ◥, ◣, >, ◣, ^, v, ◣, v, v], (1, 8)=[◥], (5, 0)=[v], (4, 1)=[^]}
18 Jan 2025 21:46:10 GMT Zwierzę poruszyło się z (5, 1) na (5, 0)
18 Jan 2025 21:46:10 GMT Zwierze zostało położone na (4, 4)
18 Jan 2025 21:46:10 GMT Urodziło się nowe zwierzę na (4, 4)
18 Jan 2025 21:46:10 GMT Zwierze zostało położone na (2, 2)
18 Jan 2025 21:46:10 GMT Urodziło się nowe zwierzę na (2, 2)
18 Jan 2025 21:46:11 GMT Zwierze zostało położone na (3, 4)
18 Jan 2025 21:46:11 GMT Urodziło się nowe zwierzę na (3, 4)
18 Jan 2025 21:46:11 GMT Zwierze zostało położone na (2, 5)
18 Jan 2025 21:46:11 GMT Urodziło się nowe zwierzę na (2, 5)
18 Jan 2025 21:46:11 GMT Zwierze zostało położone na (3, 9)
18 Jan 2025 21:46:11 GMT Urodziło się nowe zwierzę na (3, 9)
18 Jan 2025 21:46:11 GMT Roślinka wyrosła na null
18 Jan 2025 21:46:11 GMT Roślinka wyrosła na null
18 Jan 2025 21:46:11 GMT Roślinka wyrosła na null
18 Jan 2025 21:46:11 GMT Roślinka wyrosła na null
18 Jan 2025 21:46:11 GMT Roślinka wyrosła na null
18 Jan 2025 21:46:11 GMT Roślinka wyrosła na null
18 Jan 2025 21:46:11 GMT Roślinka wyrosła na null
18 Jan 2025 21:46:11 GMT Roślinka wyrosła na null
18 Jan 2025 21:46:11 GMT Roślinka wyrosła na null
18 Jan 2025 21:46:11 GMT Roślinka wyrosła na null
18 Jan 2025 21:46:11 GMT Długość listy pozycji: 12
Lista pozycji zwierząt: {(3, 2)=[>], (1, 1)=[◥], (4, 4)=[v, v, ^, >, >, ◤], (2, 2)=[◥, ◥, <, ◣, ^, ◣, ◣, ◣, ◢, >, <, v, ◣, ◣, >, ◢, >], (3, 4)=[<, >, ◣, ◤, <, <, v, ◤], (1, 4)=[<], (2, 5)=[◥, ^, <, ◥, ◢, >, v], (4, 7)=[v], (1, 7)=[v], (3, 9)=[◤, ^, <, ◣, ◣, ^, ^, ◣, ◥, ◣, >, ◣, ^, v, ◣, v, v], (5, 0)=[v], (4, 1)=[^]}
18 Jan 2025 21:46:11 GMT Zwierzę poruszyło się z (1, 8) na (1, 7)
18 Jan 2025 21:46:11 GMT Długość listy pozycji: 12
Lista pozycji zwierząt: {(1, 0)=[v], (3, 2)=[>], (4, 4)=[v, v, ^, >, >, ◤], (2, 2)=[◥, ◥, <, ◣, ^, ◣, ◣, ◣, ◢, >, <, v, ◣, ◣, >, ◢, >], (3, 4)=[<, >, ◣, ◤, <, <, v, ◤], (1, 4)=[<], (2, 5)=[◥, ^, <, ◥, ◢, >, v], (4, 7)=[v], (1, 7)=[v], (3, 9)=[◤, ^, <, ◣, ◣, ^, ^, ◣, ◥, ◣, >, ◣, ^, v, ◣, v, v], (5, 0)=[v], (4, 1)=[^]}
18 Jan 2025 21:46:11 GMT Zwierzę poruszyło się z (1, 1) na (1, 0)
18 Jan 2025 21:46:11 GMT Długość listy pozycji: 12
Lista pozycji zwierząt: {(1, 0)=[v], (3, 2)=[>], (4, 4)=[v, v, ^, >, >, ◤], (2, 2)=[◥, ◥, <, ◣, ^, ◣, ◣, ◣, ◢, >, <, v, ◣, ◣, >, ◢, >], (3, 4)=[<, >, ◣, ◤, <, <, v, ◤], (1, 4)=[<], (2, 5)=[◥, ^, <, ◥, ◢, >, v], (4, 7)=[v], (1, 7)=[v], (3, 9)=[◤, ^, <, ◣, ◣, ^, ^, ◣, ◥, ◣, >, ◣, ^, v, ◣, v, v], (5, 0)=[v], (4, 2)=[^]}
18 Jan 2025 21:46:11 GMT Zwierzę poruszyło się z (4, 1) na (4, 2)
18 Jan 2025 21:46:11 GMT Długość listy pozycji: 12
Lista pozycji zwierząt: {(1, 0)=[v], (3, 2)=[>], (4, 4)=[v, v, ^, >, >, ◤], (2, 2)=[◥, ◥, <, ◣, ^, ◣, ◣, ◣, ◢, >, <, v, ◣, ◣, >, ◢, >], (3, 4)=[<, >, ◣, ◤, <, <, v, ◤], (2, 5)=[◥, ^, ^, ◥, ◢, >, v], (4, 7)=[v], (1, 5)=[^], (1, 7)=[v], (3, 9)=[◤, ^, <, ◣, ◣, ^, ^, ◣, ◥, ◣, >, ◣, ^, v, ◣, v, v], (5, 0)=[v], (4, 2)=[^]}
18 Jan 2025 21:46:11 GMT Zwierzę poruszyło się z (1, 4) na (1, 5)
18 Jan 2025 21:46:11 GMT Długość listy pozycji: 12
Lista pozycji zwierząt: {(1, 0)=[v], (3, 3)=[^], (4, 4)=[v, v, ^, >, >, ◤], (2, 2)=[◥, ◥, <, ◣, ^, ◣, ◣, ◣, ◢, ^, <, v, ◣, ◣, >, ◢, ^], (3, 4)=[<, >, ◣, ◤, <, <, v, ◤], (2, 5)=[◥, ^, ^, ◥, ◢, >, v], (4, 7)=[v], (1, 5)=[^], (1, 7)=[v], (3, 9)=[◤, ^, <, ◣, ◣, ^, ^, ◣, ◥, ◣, >, ◣, ^, v, ◣, v, v], (5, 0)=[v], (4, 2)=[^]}
18 Jan 2025 21:46:11 GMT Zwierzę poruszyło się z (3, 2) na (3, 3)
18 Jan 2025 21:46:12 GMT Długość listy pozycji: 12
Lista pozycji zwierząt: {(1, 0)=[v], (3, 3)=[^], (4, 4)=[v, v, ^, >, >, ◤], (2, 2)=[◥, ◥, <, ◣, ^, ◣, ◣, ◣, ◢, ^, <, v, ◣, ◣, >, ◢, ^], (3, 4)=[<, >, ◣, ◤, <, <, v, ◤], (2, 5)=[◥, ^, ^, ◥, ◢, >, v], (4, 7)=[v], (1, 5)=[^], (1, 7)=[v], (3, 9)=[◤, ^, <, ◣, ◣, ^, ^, ◣, ◥, ◣, >, ◣, ^, v, ◣, v, v], (5, 1)=[^], (4, 2)=[^]}
18 Jan 2025 21:46:12 GMT Zwierzę poruszyło się z (5, 0) na (5, 1)
18 Jan 2025 21:46:12 GMT Zwierze zostało położone na (4, 4)
18 Jan 2025 21:46:12 GMT Urodziło się nowe zwierzę na (4, 4)
18 Jan 2025 21:46:12 GMT Zwierze zostało położone na (2, 2)
18 Jan 2025 21:46:12 GMT Urodziło się nowe zwierzę na (2, 2)
18 Jan 2025 21:46:12 GMT Zwierze zostało położone na (3, 4)
18 Jan 2025 21:46:12 GMT Urodziło się nowe zwierzę na (3, 4)
18 Jan 2025 21:46:12 GMT Zwierze zostało położone na (2, 5)
18 Jan 2025 21:46:12 GMT Urodziło się nowe zwierzę na (2, 5)
18 Jan 2025 21:46:12 GMT Zwierze zostało położone na (3, 9)
18 Jan 2025 21:46:12 GMT Urodziło się nowe zwierzę na (3, 9)
18 Jan 2025 21:46:12 GMT Roślinka wyrosła na null
18 Jan 2025 21:46:12 GMT Roślinka wyrosła na null
18 Jan 2025 21:46:12 GMT Roślinka wyrosła na null
18 Jan 2025 21:46:12 GMT Roślinka wyrosła na null
18 Jan 2025 21:46:12 GMT Roślinka wyrosła na null
18 Jan 2025 21:46:12 GMT Roślinka wyrosła na null
18 Jan 2025 21:46:12 GMT Roślinka wyrosła na null
18 Jan 2025 21:46:12 GMT Roślinka wyrosła na null
18 Jan 2025 21:46:12 GMT Roślinka wyrosła na null
18 Jan 2025 21:46:12 GMT Roślinka wyrosła na null
18 Jan 2025 21:46:13 GMT Długość listy pozycji: 12
Lista pozycji zwierząt: {(1, 0)=[v], (3, 3)=[^], (4, 4)=[v, v, v, ^, >, >, ◤], (2, 2)=[◤, ◥, ◥, <, ◣, ^, ◣, ◣, ◣, ◢, ^, <, v, ◣, ◣, >, ◢, ^], (3, 4)=[>, <, >, ◣, ◤, <, <, v, ◤], (2, 5)=[◣, ◥, ^, ^, ◥, ◢, >, v], (4, 7)=[v], (1, 5)=[^], (3, 9)=[◢, ◤, ^, <, ◣, ◣, ^, ^, ◣, ◥, ◣, >, ◣, ^, v, ◣, v, v], (0, 8)=[◤], (5, 1)=[^], (4, 2)=[^]}
18 Jan 2025 21:46:13 GMT Zwierzę poruszyło się z (1, 7) na (0, 8)
18 Jan 2025 21:46:13 GMT Długość listy pozycji: 12
Lista pozycji zwierząt: {(3, 3)=[^], (4, 4)=[v, v, v, ^, >, >, ◤], (2, 2)=[◤, ◥, ◥, <, ◣, ^, ◣, ◣, ◣, ◢, ^, <, v, ◣, ◣, >, ◢, ^], (0, 1)=[◤], (3, 4)=[>, <, >, ◣, ◤, <, <, v, ◤], (2, 5)=[◣, ◥, ^, ^, ◥, ◢, >, v], (4, 7)=[v], (1, 5)=[^], (3, 9)=[◢, ◤, ^, <, ◣, ◣, ^, ^, ◣, ◥, ◣, >, ◣, ^, v, ◣, v, v], (0, 8)=[◤], (5, 1)=[^], (4, 2)=[^]}
18 Jan 2025 21:46:13 GMT Zwierzę poruszyło się z (1, 0) na (0, 1)
18 Jan 2025 21:46:13 GMT Długość listy pozycji: 12
Lista pozycji zwierząt: {(4, 3)=[^], (3, 3)=[^], (4, 4)=[v, v, v, ^, >, >, ◤], (2, 2)=[◤, ◥, ◥, <, ◣, ^, ◣, ◣, ◣, ◢, ^, <, v, ◣, ◣, >, ◢, ^], (0, 1)=[◤], (3, 4)=[>, <, >, ◣, ◤, <, <, v, ◤], (2, 5)=[◣, ◥, ^, ^, ◥, ◢, >, v], (4, 7)=[v], (1, 5)=[^], (3, 9)=[◢, ◤, ^, <, ◣, ◣, ^, ^, ◣, ◥, ◣, >, ◣, ^, v, ◣, v, v], (0, 8)=[◤], (5, 1)=[^]}
18 Jan 2025 21:46:13 GMT Zwierzę poruszyło się z (4, 2) na (4, 3)
18 Jan 2025 21:46:13 GMT Długość listy pozycji: 11
Lista pozycji zwierząt: {(4, 3)=[^], (3, 3)=[^], (4, 4)=[v, v, v, ^, >, >, ◤], (2, 2)=[◤, ◥, ◥, <, ◣, ^, ◣, ◣, ◣, ◢, ^, <, v, ◣, ◣, >, ◢, ^], (0, 1)=[◤], (3, 4)=[>, <, >, ◣, ◤, <, <, v, ◤], (2, 5)=[◣, ◥, ^, >, ◥, ◢, >, >, v], (4, 7)=[v], (3, 9)=[◢, ◤, ^, <, ◣, ◣, ^, ^, ◣, ◥, ◣, >, ◣, ^, v, ◣, v, v], (0, 8)=[◤], (5, 1)=[^]}
18 Jan 2025 21:46:13 GMT Zwierzę poruszyło się z (1, 5) na (2, 5)
18 Jan 2025 21:46:13 GMT Długość listy pozycji: 11
Lista pozycji zwierząt: {(4, 3)=[^], (4, 4)=[v, v, v, ^, >, >, ◤], (2, 2)=[◤, ◥, ◥, <, ◣, ^, ◣, ◣, ◣, ◢, <, <, v, ◣, ◣, >, ◢, <], (2, 3)=[<], (0, 1)=[◤], (3, 4)=[>, <, >, ◣, ◤, <, <, v, ◤], (2, 5)=[◣, ◥, ^, >, ◥, ◢, >, >, v], (4, 7)=[v], (3, 9)=[◢, ◤, ^, <, ◣, ◣, ^, ^, ◣, ◥, ◣, >, ◣, ^, v, ◣, v, v], (0, 8)=[◤], (5, 1)=[^]}
18 Jan 2025 21:46:13 GMT Zwierzę poruszyło się z (3, 3) na (2, 3)
18 Jan 2025 21:46:13 GMT Długość listy pozycji: 11
Lista pozycji zwierząt: {(4, 3)=[^], (4, 4)=[v, v, v, ^, >, >, ◤], (2, 2)=[◤, ◥, ◥, <, ◣, ^, ◣, ◣, ◣, ◢, <, <, v, ◣, ◣, >, ◢, <], (2, 3)=[<], (0, 1)=[◤], (3, 4)=[>, <, >, ◣, ◤, <, <, v, ◤], (2, 5)=[◣, ◥, ^, >, ◥, ◢, >, >, v], (4, 7)=[v], (3, 9)=[◢, ◤, ^, <, ◣, ◣, ^, ^, ◣, ◥, ◣, >, ◣, ^, v, ◣, v, v], (0, 8)=[◤], (5, 0)=[v]}
18 Jan 2025 21:46:13 GMT Zwierzę poruszyło się z (5, 1) na (5, 0)
18 Jan 2025 21:46:13 GMT Zwierze zostało położone na (4, 4)
18 Jan 2025 21:46:13 GMT Urodziło się nowe zwierzę na (4, 4)
18 Jan 2025 21:46:13 GMT Zwierze zostało położone na (2, 2)
18 Jan 2025 21:46:13 GMT Urodziło się nowe zwierzę na (2, 2)
18 Jan 2025 21:46:13 GMT Zwierze zostało położone na (3, 4)
18 Jan 2025 21:46:13 GMT Urodziło się nowe zwierzę na (3, 4)
18 Jan 2025 21:46:14 GMT Zwierze zostało położone na (2, 5)
18 Jan 2025 21:46:14 GMT Urodziło się nowe zwierzę na (2, 5)
18 Jan 2025 21:46:14 GMT Zwierze zostało położone na (3, 9)
18 Jan 2025 21:46:14 GMT Urodziło się nowe zwierzę na (3, 9)
18 Jan 2025 21:46:14 GMT Roślinka wyrosła na null
18 Jan 2025 21:46:14 GMT Roślinka wyrosła na null
18 Jan 2025 21:46:14 GMT Roślinka wyrosła na null
18 Jan 2025 21:46:14 GMT Roślinka wyrosła na null
18 Jan 2025 21:46:14 GMT Roślinka wyrosła na null
18 Jan 2025 21:46:14 GMT Roślinka wyrosła na null
18 Jan 2025 21:46:14 GMT Roślinka wyrosła na null
18 Jan 2025 21:46:14 GMT Roślinka wyrosła na null
18 Jan 2025 21:46:14 GMT Roślinka wyrosła na null
18 Jan 2025 21:46:14 GMT Roślinka wyrosła na null
18 Jan 2025 21:46:14 GMT Zwierzę umarło na (2, 5)
18 Jan 2025 21:46:14 GMT Zwierzę umarło na (2, 3)
18 Jan 2025 21:46:14 GMT Długość listy pozycji: 11
Lista pozycji zwierząt: {(4, 3)=[^], (4, 4)=[◤, v, v, v, ^, >, >, ◤], (2, 2)=[<, ◤, ◥, ◥, <, ◣, ^, ◣, ◣, ◣, ◢, <, <, v, ◣, ◣, >, ◢, <], (2, 3)=[], (0, 1)=[◤], (3, 4)=[◢, >, <, >, ◣, ◤, <, <, v, ◤], (2, 5)=[◣, ◣, ◥, ^, >, ◥, ◢, >, v], (4, 7)=[v], (3, 9)=[>, ◢, ◤, ^, <, ◣, ◣, ^, ^, ◣, ◥, ◣, >, ◣, ^, v, ◣, v, v], (1, 8)=[>], (5, 0)=[v]}
18 Jan 2025 21:46:14 GMT Zwierzę poruszyło się z (0, 8) na (1, 8)
18 Jan 2025 21:46:14 GMT Długość listy pozycji: 11
Lista pozycji zwierząt: {(4, 3)=[^], (1, 1)=[>], (4, 4)=[◤, v, v, v, ^, >, >, ◤], (2, 2)=[<, ◤, ◥, ◥, <, ◣, ^, ◣, ◣, ◣, ◢, <, <, v, ◣, ◣, >, ◢, <], (2, 3)=[], (3, 4)=[◢, >, <, >, ◣, ◤, <, <, v, ◤], (2, 5)=[◣, ◣, ◥, ^, >, ◥, ◢, >, v], (4, 7)=[v], (3, 9)=[>, ◢, ◤, ^, <, ◣, ◣, ^, ^, ◣, ◥, ◣, >, ◣, ^, v, ◣, v, v], (1, 8)=[>], (5, 0)=[v]}
18 Jan 2025 21:46:14 GMT Zwierzę poruszyło się z (0, 1) na (1, 1)
18 Jan 2025 21:46:14 GMT Długość listy pozycji: 10
Lista pozycji zwierząt: {(1, 1)=[>], (4, 4)=[^, ◤, v, v, v, ^, >, >, ◤], (2, 2)=[<, ◤, ◥, ◥, <, ◣, ^, ◣, ◣, ◣, ◢, <, <, v, ◣, ◣, >, ◢, <], (2, 3)=[], (3, 4)=[◢, >, <, >, ◣, ◤, <, <, v, ◤], (2, 5)=[◣, ◣, ◥, ^, >, ◥, ◢, >, v], (4, 7)=[v], (3, 9)=[>, ◢, ◤, ^, <, ◣, ◣, ^, ^, ◣, ◥, ◣, >, ◣, ^, v, ◣, v, v], (1, 8)=[>], (5, 0)=[v]}
18 Jan 2025 21:46:14 GMT Zwierzę poruszyło się z (4, 3) na (4, 4)
18 Jan 2025 21:46:14 GMT Długość listy pozycji: 10
Lista pozycji zwierząt: {(1, 1)=[>], (4, 4)=[^, ◤, v, v, v, ^, >, >, ◤], (2, 2)=[<, ◤, ◥, ◥, <, ◣, ^, ◣, ◣, ◣, ◢, <, <, v, ◣, ◣, >, ◢, <], (2, 3)=[], (3, 4)=[◢, >, <, >, ◣, ◤, <, <, v, ◤], (2, 5)=[◣, ◣, ◥, ^, >, ◥, ◢, >, v], (4, 7)=[v], (3, 9)=[>, ◢, ◤, ^, <, ◣, ◣, ^, ^, ◣, ◥, ◣, >, ◣, ^, v, ◣, v, v], (1, 8)=[>], (5, 1)=[^]}
18 Jan 2025 21:46:14 GMT Zwierzę poruszyło się z (5, 0) na (5, 1)
18 Jan 2025 21:46:15 GMT Zwierze zostało położone na (4, 4)
18 Jan 2025 21:46:15 GMT Urodziło się nowe zwierzę na (4, 4)
18 Jan 2025 21:46:15 GMT Zwierze zostało położone na (2, 2)
18 Jan 2025 21:46:15 GMT Urodziło się nowe zwierzę na (2, 2)
18 Jan 2025 21:46:15 GMT Zwierze zostało położone na (3, 4)
18 Jan 2025 21:46:15 GMT Urodziło się nowe zwierzę na (3, 4)
18 Jan 2025 21:46:15 GMT Zwierze zostało położone na (2, 5)
18 Jan 2025 21:46:15 GMT Urodziło się nowe zwierzę na (2, 5)
18 Jan 2025 21:46:15 GMT Zwierze zostało położone na (3, 9)
18 Jan 2025 21:46:15 GMT Urodziło się nowe zwierzę na (3, 9)
18 Jan 2025 21:46:15 GMT Roślinka wyrosła na null
18 Jan 2025 21:46:15 GMT Roślinka wyrosła na null
18 Jan 2025 21:46:15 GMT Roślinka wyrosła na null
18 Jan 2025 21:46:15 GMT Roślinka wyrosła na null
18 Jan 2025 21:46:15 GMT Roślinka wyrosła na null
18 Jan 2025 21:46:15 GMT Roślinka wyrosła na null
18 Jan 2025 21:46:15 GMT Roślinka wyrosła na null
18 Jan 2025 21:46:15 GMT Roślinka wyrosła na null
18 Jan 2025 21:46:15 GMT Roślinka wyrosła na null
18 Jan 2025 21:46:15 GMT Roślinka wyrosła na null
18 Jan 2025 21:46:15 GMT Długość listy pozycji: 10
Lista pozycji zwierząt: {(1, 1)=[>], (4, 4)=[^, ◤, v, v, v, v, ^, >, >, ◤], (2, 2)=[v, <, ◤, ◥, ◥, <, ◣, ^, ◣, ◣, ◣, ◢, <, <, v, ◣, ◣, >, ◢, <], (2, 3)=[], (3, 4)=[◤, ◢, >, <, >, ◣, ◤, <, <, v, ◤], (2, 5)=[◥, ◣, ◣, ◥, ^, >, ◥, ◢, >, v], (4, 7)=[v], (3, 9)=[◥, >, ◢, ◤, ^, <, ◣, ◣, ^, ^, ◣, ◥, ◣, >, ◣, ^, v, ◣, v, v], (0, 7)=[◣], (5, 1)=[^]}
18 Jan 2025 21:46:15 GMT Zwierzę poruszyło się z (1, 8) na (0, 7)
18 Jan 2025 21:46:15 GMT Długość listy pozycji: 10
Lista pozycji zwierząt: {(0, 0)=[◣], (4, 4)=[^, ◤, v, v, v, v, ^, >, >, ◤], (2, 2)=[v, <, ◤, ◥, ◥, <, ◣, ^, ◣, ◣, ◣, ◢, <, <, v, ◣, ◣, >, ◢, <], (2, 3)=[], (3, 4)=[◤, ◢, >, <, >, ◣, ◤, <, <, v, ◤], (2, 5)=[◥, ◣, ◣, ◥, ^, >, ◥, ◢, >, v], (4, 7)=[v], (3, 9)=[◥, >, ◢, ◤, ^, <, ◣, ◣, ^, ^, ◣, ◥, ◣, >, ◣, ^, v, ◣, v, v], (0, 7)=[◣], (5, 1)=[^]}
18 Jan 2025 21:46:15 GMT Zwierzę poruszyło się z (1, 1) na (0, 0)
18 Jan 2025 21:46:15 GMT Długość listy pozycji: 11
Lista pozycji zwierząt: {(0, 0)=[◣], (4, 4)=[◤, v, v, v, v, ^, >, >, ◤], (2, 2)=[v, <, ◤, ◥, ◥, <, ◣, ^, ◣, ◣, ◣, ◢, <, <, v, ◣, ◣, >, ◢, <], (4, 5)=[^], (2, 3)=[], (3, 4)=[◤, ◢, >, <, >, ◣, ◤, <, <, v, ◤], (2, 5)=[◥, ◣, ◣, ◥, ^, >, ◥, ◢, >, v], (4, 7)=[v], (3, 9)=[◥, >, ◢, ◤, ^, <, ◣, ◣, ^, ^, ◣, ◥, ◣, >, ◣, ^, v, ◣, v, v], (0, 7)=[◣], (5, 1)=[^]}
18 Jan 2025 21:46:15 GMT Zwierzę poruszyło się z (4, 4) na (4, 5)
18 Jan 2025 21:46:16 GMT Długość listy pozycji: 11
Lista pozycji zwierząt: {(0, 0)=[◣], (4, 4)=[◤, v, v, v, v, ^, >, >, ◤], (2, 2)=[v, <, ◤, ◥, ◥, <, ◣, ^, ◣, ◣, ◣, ◢, <, <, v, ◣, ◣, >, ◢, <], (4, 5)=[^], (2, 3)=[], (3, 4)=[◤, ◢, >, <, >, ◣, ◤, <, <, v, ◤], (2, 5)=[◥, ◣, ◣, ◥, ^, >, ◥, ◢, >, v], (4, 7)=[v], (3, 9)=[◥, >, ◢, ◤, ^, <, ◣, ◣, ^, ^, ◣, ◥, ◣, >, ◣, ^, v, ◣, v, v], (0, 7)=[◣], (5, 0)=[v]}
18 Jan 2025 21:46:16 GMT Zwierzę poruszyło się z (5, 1) na (5, 0)
18 Jan 2025 21:46:16 GMT Zwierze zostało położone na (4, 4)
18 Jan 2025 21:46:16 GMT Urodziło się nowe zwierzę na (4, 4)
18 Jan 2025 21:46:16 GMT Zwierze zostało położone na (2, 2)
18 Jan 2025 21:46:16 GMT Urodziło się nowe zwierzę na (2, 2)
18 Jan 2025 21:46:16 GMT Zwierze zostało położone na (3, 4)
18 Jan 2025 21:46:16 GMT Urodziło się nowe zwierzę na (3, 4)
18 Jan 2025 21:46:16 GMT Zwierze zostało położone na (2, 5)
18 Jan 2025 21:46:16 GMT Urodziło się nowe zwierzę na (2, 5)
18 Jan 2025 21:46:16 GMT Zwierze zostało położone na (3, 9)
18 Jan 2025 21:46:16 GMT Urodziło się nowe zwierzę na (3, 9)
18 Jan 2025 21:46:16 GMT Roślinka wyrosła na null
18 Jan 2025 21:46:16 GMT Roślinka wyrosła na null
18 Jan 2025 21:46:16 GMT Roślinka wyrosła na null
18 Jan 2025 21:46:16 GMT Roślinka wyrosła na null
18 Jan 2025 21:46:16 GMT Roślinka wyrosła na null
18 Jan 2025 21:46:16 GMT Roślinka wyrosła na null
18 Jan 2025 21:46:16 GMT Roślinka wyrosła na null
18 Jan 2025 21:46:16 GMT Roślinka wyrosła na null
18 Jan 2025 21:46:16 GMT Roślinka wyrosła na null
18 Jan 2025 21:46:16 GMT Roślinka wyrosła na null
18 Jan 2025 21:46:16 GMT Długość listy pozycji: 11
Lista pozycji zwierząt: {(0, 0)=[◣], (4, 4)=[◤, v, ◢, v, v, v, ^, >, >, ◤], (2, 2)=[◣, v, <, ◤, ◥, ◥, <, ◣, ^, ◣, ◣, ◣, ◢, <, <, v, ◣, ◣, >, ◢, <], (4, 5)=[^], (2, 3)=[], (3, 4)=[◢, ◤, ◢, >, <, >, ◣, ◤, <, <, v, ◤], (2, 5)=[>, ◥, ◣, ◣, ◥, ^, >, ◥, ◢, >, v], (4, 7)=[v], (3, 9)=[◤, ◥, >, ◢, ◤, ^, <, ◣, ◣, ^, ^, ◣, ◥, ◣, >, ◣, ^, v, ◣, v, v], (0, 8)=[^], (5, 0)=[v]}
18 Jan 2025 21:46:16 GMT Zwierzę poruszyło się z (0, 7) na (0, 8)
18 Jan 2025 21:46:17 GMT Długość listy pozycji: 11
Lista pozycji zwierząt: {(4, 4)=[◤, v, ◢, v, v, v, ^, >, >, ◤], (2, 2)=[◣, v, <, ◤, ◥, ◥, <, ◣, ^, ◣, ◣, ◣, ◢, <, <, v, ◣, ◣, >, ◢, <], (0, 1)=[^], (4, 5)=[^], (2, 3)=[], (3, 4)=[◢, ◤, ◢, >, <, >, ◣, ◤, <, <, v, ◤], (2, 5)=[>, ◥, ◣, ◣, ◥, ^, >, ◥, ◢, >, v], (4, 7)=[v], (3, 9)=[◤, ◥, >, ◢, ◤, ^, <, ◣, ◣, ^, ^, ◣, ◥, ◣, >, ◣, ^, v, ◣, v, v], (0, 8)=[^], (5, 0)=[v]}
18 Jan 2025 21:46:17 GMT Zwierzę poruszyło się z (0, 0) na (0, 1)
18 Jan 2025 21:46:17 GMT Długość listy pozycji: 11
Lista pozycji zwierząt: {(4, 4)=[◤, v, ◢, v, v, v, ^, >, >, ◤], (2, 2)=[◣, v, <, ◤, ◥, ◥, <, ◣, ^, ◣, ◣, ◣, ◢, <, <, v, ◣, ◣, >, ◢, <], (0, 1)=[^], (2, 3)=[], (3, 4)=[◢, ◤, ◢, >, <, >, ◣, ◤, <, <, v, ◤], (4, 6)=[^], (2, 5)=[>, ◥, ◣, ◣, ◥, ^, >, ◥, ◢, >, v], (4, 7)=[v], (3, 9)=[◤, ◥, >, ◢, ◤, ^, <, ◣, ◣, ^, ^, ◣, ◥, ◣, >, ◣, ^, v, ◣, v, v], (0, 8)=[^], (5, 0)=[v]}
18 Jan 2025 21:46:17 GMT Zwierzę poruszyło się z (4, 5) na (4, 6)
18 Jan 2025 21:46:17 GMT Długość listy pozycji: 11
Lista pozycji zwierząt: {(4, 4)=[◤, v, ◢, v, v, v, ^, >, >, ◤], (2, 2)=[◣, v, <, ◤, ◥, ◥, <, ◣, ^, ◣, ◣, ◣, ◢, <, <, v, ◣, ◣, >, ◢, <], (0, 1)=[^], (2, 3)=[], (3, 4)=[◢, ◤, ◢, >, <, >, ◣, ◤, <, <, v, ◤], (4, 6)=[^], (2, 5)=[>, ◥, ◣, ◣, ◥, ^, >, ◥, ◢, >, v], (4, 7)=[v], (3, 9)=[◤, ◥, >, ◢, ◤, ^, <, ◣, ◣, ^, ^, ◣, ◥, ◣, >, ◣, ^, v, ◣, v, v], (0, 8)=[^], (5, 1)=[^]}
18 Jan 2025 21:46:17 GMT Zwierzę poruszyło się z (5, 0) na (5, 1)
18 Jan 2025 21:46:17 GMT Zwierze zostało położone na (4, 4)
18 Jan 2025 21:46:17 GMT Urodziło się nowe zwierzę na (4, 4)
18 Jan 2025 21:46:17 GMT Zwierze zostało położone na (2, 2)
18 Jan 2025 21:46:17 GMT Urodziło się nowe zwierzę na (2, 2)
18 Jan 2025 21:46:17 GMT Zwierze zostało położone na (3, 4)
18 Jan 2025 21:46:17 GMT Urodziło się nowe zwierzę na (3, 4)
18 Jan 2025 21:46:17 GMT Zwierze zostało położone na (2, 5)
18 Jan 2025 21:46:17 GMT Urodziło się nowe zwierzę na (2, 5)
18 Jan 2025 21:46:17 GMT Zwierze zostało położone na (3, 9)
18 Jan 2025 21:46:17 GMT Urodziło się nowe zwierzę na (3, 9)
18 Jan 2025 21:46:17 GMT Roślinka wyrosła na null
18 Jan 2025 21:46:17 GMT Roślinka wyrosła na null
18 Jan 2025 21:46:17 GMT Roślinka wyrosła na null
18 Jan 2025 21:46:17 GMT Roślinka wyrosła na null
18 Jan 2025 21:46:17 GMT Roślinka wyrosła na null
18 Jan 2025 21:46:17 GMT Roślinka wyrosła na null
18 Jan 2025 21:46:17 GMT Roślinka wyrosła na null
18 Jan 2025 21:46:17 GMT Roślinka wyrosła na null
18 Jan 2025 21:46:18 GMT Roślinka wyrosła na null
18 Jan 2025 21:46:18 GMT Roślinka wyrosła na null
18 Jan 2025 21:46:18 GMT Długość listy pozycji: 11
Lista pozycji zwierząt: {(4, 4)=[◤, v, ◢, >, v, v, v, ^, >, >, ◤], (2, 2)=[^, ◣, v, <, ◤, ◥, ◥, <, ◣, ^, ◣, ◣, ◣, ◢, <, <, v, ◣, ◣, >, ◢, <], (0, 1)=[^], (2, 3)=[], (3, 4)=[>, ◢, ◤, ◢, >, <, >, ◣, ◤, <, <, v, ◤], (4, 6)=[^], (2, 5)=[◣, >, ◥, ◣, ◣, ◥, ^, >, ◥, ◢, >, v], (4, 7)=[v], (1, 7)=[◢], (3, 9)=[v, ◤, ◥, >, ◢, ◤, ^, <, ◣, ◣, ^, ^, ◣, ◥, ◣, >, ◣, ^, v, ◣, v, v], (5, 1)=[^]}
18 Jan 2025 21:46:18 GMT Zwierzę poruszyło się z (0, 8) na (1, 7)
18 Jan 2025 21:46:18 GMT Długość listy pozycji: 11
Lista pozycji zwierząt: {(1, 0)=[◢], (4, 4)=[◤, v, ◢, >, v, v, v, ^, >, >, ◤], (2, 2)=[^, ◣, v, <, ◤, ◥, ◥, <, ◣, ^, ◣, ◣, ◣, ◢, <, <, v, ◣, ◣, >, ◢, <], (2, 3)=[], (3, 4)=[>, ◢, ◤, ◢, >, <, >, ◣, ◤, <, <, v, ◤], (4, 6)=[^], (2, 5)=[◣, >, ◥, ◣, ◣, ◥, ^, >, ◥, ◢, >, v], (4, 7)=[v], (1, 7)=[◢], (3, 9)=[v, ◤, ◥, >, ◢, ◤, ^, <, ◣, ◣, ^, ^, ◣, ◥, ◣, >, ◣, ^, v, ◣, v, v], (5, 1)=[^]}
18 Jan 2025 21:46:18 GMT Zwierzę poruszyło się z (0, 1) na (1, 0)
18 Jan 2025 21:46:18 GMT Długość listy pozycji: 10
Lista pozycji zwierząt: {(1, 0)=[◢], (4, 4)=[◤, v, ◢, >, v, v, v, ^, >, >, ◤], (2, 2)=[^, ◣, v, <, ◤, ◥, ◥, <, ◣, ^, ◣, ◣, ◣, ◢, <, <, v, ◣, ◣, >, ◢, <], (2, 3)=[], (3, 4)=[>, ◢, ◤, ◢, >, <, >, ◣, ◤, <, <, v, ◤], (2, 5)=[◣, >, ◥, ◣, ◣, ◥, ^, >, ◥, ◢, >, v], (4, 7)=[^, v], (1, 7)=[◢], (3, 9)=[v, ◤, ◥, >, ◢, ◤, ^, <, ◣, ◣, ^, ^, ◣, ◥, ◣, >, ◣, ^, v, ◣, v, v], (5, 1)=[^]}
18 Jan 2025 21:46:18 GMT Zwierzę poruszyło się z (4, 6) na (4, 7)
18 Jan 2025 21:46:18 GMT Długość listy pozycji: 10
Lista pozycji zwierząt: {(1, 0)=[◢], (4, 4)=[◤, v, ◢, >, v, v, v, ^, >, >, ◤], (2, 2)=[^, ◣, v, <, ◤, ◥, ◥, <, ◣, ^, ◣, ◣, ◣, ◢, <, <, v, ◣, ◣, >, ◢, <], (2, 3)=[], (3, 4)=[>, ◢, ◤, ◢, >, <, >, ◣, ◤, <, <, v, ◤], (2, 5)=[◣, >, ◥, ◣, ◣, ◥, ^, >, ◥, ◢, >, v], (4, 7)=[^, v], (1, 7)=[◢], (3, 9)=[v, ◤, ◥, >, ◢, ◤, ^, <, ◣, ◣, ^, ^, ◣, ◥, ◣, >, ◣, ^, v, ◣, v, v], (5, 0)=[v]}
18 Jan 2025 21:46:18 GMT Zwierzę poruszyło się z (5, 1) na (5, 0)
18 Jan 2025 21:46:18 GMT Zwierze zostało położone na (4, 4)
18 Jan 2025 21:46:18 GMT Urodziło się nowe zwierzę na (4, 4)
18 Jan 2025 21:46:18 GMT Zwierze zostało położone na (2, 2)
18 Jan 2025 21:46:18 GMT Urodziło się nowe zwierzę na (2, 2)
18 Jan 2025 21:46:18 GMT Zwierze zostało położone na (3, 4)
18 Jan 2025 21:46:18 GMT Urodziło się nowe zwierzę na (3, 4)
18 Jan 2025 21:46:19 GMT Zwierze zostało położone na (2, 5)
18 Jan 2025 21:46:19 GMT Urodziło się nowe zwierzę na (2, 5)
18 Jan 2025 21:46:19 GMT Zwierze zostało położone na (4, 7)
18 Jan 2025 21:46:19 GMT Urodziło się nowe zwierzę na (4, 7)
18 Jan 2025 21:46:19 GMT Zwierze zostało położone na (3, 9)
18 Jan 2025 21:46:19 GMT Urodziło się nowe zwierzę na (3, 9)
18 Jan 2025 21:46:19 GMT Roślinka wyrosła na null
18 Jan 2025 21:46:19 GMT Roślinka wyrosła na null
18 Jan 2025 21:46:19 GMT Roślinka wyrosła na null
18 Jan 2025 21:46:19 GMT Roślinka wyrosła na null
18 Jan 2025 21:46:19 GMT Roślinka wyrosła na null
18 Jan 2025 21:46:19 GMT Roślinka wyrosła na null
18 Jan 2025 21:46:19 GMT Roślinka wyrosła na null
18 Jan 2025 21:46:19 GMT Roślinka wyrosła na null
18 Jan 2025 21:46:19 GMT Roślinka wyrosła na null
18 Jan 2025 21:46:19 GMT Roślinka wyrosła na null
18 Jan 2025 21:46:19 GMT Długość listy pozycji: 10
Lista pozycji zwierząt: {(1, 0)=[◢], (4, 4)=[◤, v, ◢, v, >, v, v, v, ^, >, >, ◤], (2, 2)=[>, ^, ◣, v, <, ◤, ◥, ◥, <, ◣, ^, ◣, ◣, ◣, ◢, <, <, v, ◣, ◣, >, ◢, <], (2, 3)=[], (3, 4)=[◣, >, ◢, ◤, ◢, >, <, >, ◣, ◤, <, <, v, ◤], (2, 5)=[◢, ◣, >, ◥, ◣, ◣, ◥, ^, >, ◥, ◢, >, v], (4, 7)=[^, v, ^], (3, 9)=[◢, v, ◤, ◥, >, ◢, ◤, ^, <, ◣, ◣, ^, ^, ◣, ◥, ◣, >, ◣, ^, v, ◣, v, v], (0, 7)=[<], (5, 0)=[v]}
18 Jan 2025 21:46:19 GMT Zwierzę poruszyło się z (1, 7) na (0, 7)
18 Jan 2025 21:46:19 GMT Długość listy pozycji: 10
Lista pozycji zwierząt: {(0, 0)=[<], (4, 4)=[◤, v, ◢, v, >, v, v, v, ^, >, >, ◤], (2, 2)=[>, ^, ◣, v, <, ◤, ◥, ◥, <, ◣, ^, ◣, ◣, ◣, ◢, <, <, v, ◣, ◣, >, ◢, <], (2, 3)=[], (3, 4)=[◣, >, ◢, ◤, ◢, >, <, >, ◣, ◤, <, <, v, ◤], (2, 5)=[◢, ◣, >, ◥, ◣, ◣, ◥, ^, >, ◥, ◢, >, v], (4, 7)=[^, v, ^], (3, 9)=[◢, v, ◤, ◥, >, ◢, ◤, ^, <, ◣, ◣, ^, ^, ◣, ◥, ◣, >, ◣, ^, v, ◣, v, v], (0, 7)=[<], (5, 0)=[v]}
18 Jan 2025 21:46:19 GMT Zwierzę poruszyło się z (1, 0) na (0, 0)
18 Jan 2025 21:46:19 GMT Długość listy pozycji: 11
Lista pozycji zwierząt: {(0, 0)=[<], (4, 4)=[◤, v, ◢, v, >, v, v, v, ^, >, >, ◤], (2, 2)=[>, ^, ◣, v, <, ◤, ◥, ◥, <, ◣, ^, ◣, ◣, ◣, ◢, <, <, v, ◣, ◣, >, ◢, <], (2, 3)=[], (3, 4)=[◣, >, ◢, ◤, ◢, >, <, >, ◣, ◤, <, <, v, ◤], (2, 5)=[◢, ◣, >, ◥, ◣, ◣, ◥, ^, >, ◥, ◢, >, v], (4, 7)=[v, ^], (4, 8)=[^], (3, 9)=[◢, v, ◤, ◥, >, ◢, ◤, ^, <, ◣, ◣, ^, ^, ◣, ◥, ◣, >, ◣, ^, v, ◣, v, v], (0, 7)=[<], (5, 0)=[v]}
18 Jan 2025 21:46:19 GMT Zwierzę poruszyło się z (4, 7) na (4, 8)
18 Jan 2025 21:46:19 GMT Długość listy pozycji: 11
Lista pozycji zwierząt: {(0, 0)=[<], (4, 4)=[◤, v, ◢, v, >, v, v, v, ^, >, >, ◤], (2, 2)=[>, ^, ◣, v, <, ◤, ◥, ◥, <, ◣, ^, ◣, ◣, ◣, ◢, <, <, v, ◣, ◣, >, ◢, <], (2, 3)=[], (3, 4)=[◣, >, ◢, ◤, ◢, >, <, >, ◣, ◤, <, <, v, ◤], (2, 5)=[◢, ◣, >, ◥, ◣, ◣, ◥, ^, >, ◥, ◢, >, v], (4, 7)=[v, ^], (4, 8)=[^], (3, 9)=[◢, v, ◤, ◥, >, ◢, ◤, ^, <, ◣, ◣, ^, ^, ◣, ◥, ◣, >, ◣, ^, v, ◣, v, v], (0, 7)=[<], (5, 1)=[^]}
18 Jan 2025 21:46:19 GMT Zwierzę poruszyło się z (5, 0) na (5, 1)
18 Jan 2025 21:46:20 GMT Zwierze zostało położone na (4, 4)
18 Jan 2025 21:46:20 GMT Urodziło się nowe zwierzę na (4, 4)
18 Jan 2025 21:46:20 GMT Zwierze zostało położone na (2, 2)
18 Jan 2025 21:46:20 GMT Urodziło się nowe zwierzę na (2, 2)
18 Jan 2025 21:46:20 GMT Zwierze zostało położone na (3, 4)
18 Jan 2025 21:46:20 GMT Urodziło się nowe zwierzę na (3, 4)
18 Jan 2025 21:46:20 GMT Zwierze zostało położone na (2, 5)
18 Jan 2025 21:46:20 GMT Urodziło się nowe zwierzę na (2, 5)
18 Jan 2025 21:46:20 GMT Zwierze zostało położone na (4, 7)
18 Jan 2025 21:46:20 GMT Urodziło się nowe zwierzę na (4, 7)
18 Jan 2025 21:46:20 GMT Zwierze zostało położone na (3, 9)
18 Jan 2025 21:46:20 GMT Urodziło się nowe zwierzę na (3, 9)
18 Jan 2025 21:46:20 GMT Roślinka wyrosła na null
18 Jan 2025 21:46:20 GMT Roślinka wyrosła na null
18 Jan 2025 21:46:20 GMT Roślinka wyrosła na null
18 Jan 2025 21:46:20 GMT Roślinka wyrosła na null
18 Jan 2025 21:46:20 GMT Roślinka wyrosła na null
18 Jan 2025 21:46:20 GMT Roślinka wyrosła na null
18 Jan 2025 21:46:20 GMT Roślinka wyrosła na null
18 Jan 2025 21:46:20 GMT Roślinka wyrosła na null
18 Jan 2025 21:46:20 GMT Roślinka wyrosła na null
18 Jan 2025 21:46:20 GMT Roślinka wyrosła na null
18 Jan 2025 21:46:20 GMT Długość listy pozycji: 11
Lista pozycji zwierząt: {(0, 0)=[<], (4, 4)=[◤, v, ◢, v, ◢, >, v, v, v, ^, >, >, ◤], (2, 2)=[◥, >, ^, ◣, v, <, ◤, ◥, ◥, <, ◣, ^, ◣, ◣, ◣, ◢, <, <, v, ◣, ◣, >, ◢, <], (2, 3)=[], (3, 4)=[◤, ◣, >, ◢, ◤, ◢, >, <, >, ◣, ◤, <, <, v, ◤], (2, 5)=[◤, ◢, ◣, >, ◥, ◣, ◣, ◥, ^, >, ◥, ◢, >, v], (4, 7)=[v, ^, <], (4, 8)=[^], (3, 9)=[◣, ◢, v, ◤, ◥, >, ◢, ◤, ^, <, ◣, ◣, ^, ^, ◣, ◥, ◣, >, ◣, ^, v, ◣, v, v], (1, 8)=[◥], (5, 1)=[^]}
18 Jan 2025 21:46:20 GMT Zwierzę poruszyło się z (0, 7) na (1, 8)
18 Jan 2025 21:46:20 GMT Długość listy pozycji: 11
Lista pozycji zwierząt: {(1, 1)=[◥], (4, 4)=[◤, v, ◢, v, ◢, >, v, v, v, ^, >, >, ◤], (2, 2)=[◥, >, ^, ◣, v, <, ◤, ◥, ◥, <, ◣, ^, ◣, ◣, ◣, ◢, <, <, v, ◣, ◣, >, ◢, <], (2, 3)=[], (3, 4)=[◤, ◣, >, ◢, ◤, ◢, >, <, >, ◣, ◤, <, <, v, ◤], (2, 5)=[◤, ◢, ◣, >, ◥, ◣, ◣, ◥, ^, >, ◥, ◢, >, v], (4, 7)=[v, ^, <], (4, 8)=[^], (3, 9)=[◣, ◢, v, ◤, ◥, >, ◢, ◤, ^, <, ◣, ◣, ^, ^, ◣, ◥, ◣, >, ◣, ^, v, ◣, v, v], (1, 8)=[◥], (5, 1)=[^]}
18 Jan 2025 21:46:20 GMT Zwierzę poruszyło się z (0, 0) na (1, 1)
18 Jan 2025 21:46:21 GMT Długość listy pozycji: 11
Lista pozycji zwierząt: {(1, 1)=[◥], (4, 4)=[◤, v, ◢, v, ◢, >, v, v, v, ^, >, >, ◤], (2, 2)=[◥, >, ^, ◣, v, <, ◤, ◥, ◥, <, ◣, ^, ◣, ◣, ◣, ◢, <, <, v, ◣, ◣, >, ◢, <], (2, 3)=[], (3, 4)=[◤, ◣, >, ◢, ◤, ◢, >, <, >, ◣, ◤, <, <, v, ◤], (2, 5)=[◤, ◢, ◣, >, ◥, ◣, ◣, ◥, ^, >, ◥, ◢, >, v], (4, 7)=[v, ^, <], (4, 9)=[^], (3, 9)=[◣, ◢, v, ◤, ◥, >, ◢, ◤, ^, <, ◣, ◣, ^, ^, ◣, ◥, ◣, >, ◣, ^, v, ◣, v, v], (1, 8)=[◥], (5, 1)=[^]}
18 Jan 2025 21:46:21 GMT Zwierzę poruszyło się z (4, 8) na (4, 9)
18 Jan 2025 21:46:21 GMT Długość listy pozycji: 11
Lista pozycji zwierząt: {(1, 1)=[◥], (4, 4)=[◤, v, ◢, v, ◢, >, v, v, v, ^, >, >, ◤], (2, 2)=[◥, >, ^, ◣, v, <, ◤, ◥, ◥, <, ◣, ^, ◣, ◣, ◣, ◢, <, <, v, ◣, ◣, >, ◢, <], (2, 3)=[], (3, 4)=[◤, ◣, >, ◢, ◤, ◢, >, <, >, ◣, ◤, <, <, v, ◤], (2, 5)=[◤, ◢, ◣, >, ◥, ◣, ◣, ◥, ^, >, ◥, ◢, >, v], (4, 7)=[v, ^, <], (4, 9)=[^], (3, 9)=[◣, ◢, v, ◤, ◥, >, ◢, ◤, ^, <, ◣, ◣, ^, ^, ◣, ◥, ◣, >, ◣, ^, v, ◣, v, v], (1, 8)=[◥], (5, 0)=[v]}
18 Jan 2025 21:46:21 GMT Zwierzę poruszyło się z (5, 1) na (5, 0)
18 Jan 2025 21:46:21 GMT Zwierze zostało położone na (4, 4)
18 Jan 2025 21:46:21 GMT Urodziło się nowe zwierzę na (4, 4)
18 Jan 2025 21:46:21 GMT Zwierze zostało położone na (2, 2)
18 Jan 2025 21:46:21 GMT Urodziło się nowe zwierzę na (2, 2)
18 Jan 2025 21:46:21 GMT Zwierze zostało położone na (3, 4)
18 Jan 2025 21:46:21 GMT Urodziło się nowe zwierzę na (3, 4)
18 Jan 2025 21:46:21 GMT Zwierze zostało położone na (2, 5)
18 Jan 2025 21:46:21 GMT Urodziło się nowe zwierzę na (2, 5)
18 Jan 2025 21:46:21 GMT Zwierze zostało położone na (4, 7)
18 Jan 2025 21:46:21 GMT Urodziło się nowe zwierzę na (4, 7)
18 Jan 2025 21:46:21 GMT Zwierze zostało położone na (3, 9)
18 Jan 2025 21:46:21 GMT Urodziło się nowe zwierzę na (3, 9)
18 Jan 2025 21:46:22 GMT Roślinka wyrosła na null
18 Jan 2025 21:46:22 GMT Roślinka wyrosła na null
18 Jan 2025 21:46:22 GMT Roślinka wyrosła na null
18 Jan 2025 21:46:22 GMT Roślinka wyrosła na null
18 Jan 2025 21:46:22 GMT Roślinka wyrosła na null
18 Jan 2025 21:46:22 GMT Roślinka wyrosła na null
18 Jan 2025 21:46:22 GMT Roślinka wyrosła na null
18 Jan 2025 21:46:22 GMT Roślinka wyrosła na null
18 Jan 2025 21:46:22 GMT Roślinka wyrosła na null
18 Jan 2025 21:46:22 GMT Roślinka wyrosła na null
18 Jan 2025 21:46:22 GMT Długość listy pozycji: 11
Lista pozycji zwierząt: {(1, 1)=[◥], (4, 4)=[◤, v, ◢, v, ◢, <, >, v, v, v, ^, >, >, ◤], (2, 2)=[◢, ◥, >, ^, ◣, v, <, ◤, ◥, ◥, <, ◣, ^, ◣, ◣, ◣, ◢, <, <, v, ◣, ◣, >, ◢, <], (2, 3)=[], (3, 4)=[>, ◤, ◣, >, ◢, ◤, ◢, >, <, >, ◣, ◤, <, <, v, ◤], (2, 5)=[>, ◤, ◢, ◣, >, ◥, ◣, ◣, ◥, ^, >, ◥, ◢, >, v], (4, 7)=[◣, v, ^, <], (4, 9)=[^], (1, 7)=[v], (3, 9)=[◣, ◣, ◢, v, ◤, ◥, >, ◢, ◤, ^, <, ◣, ◣, ^, ^, ◣, ◥, ◣, >, ◣, ^, v, ◣, v, v], (5, 0)=[v]}
18 Jan 2025 21:46:22 GMT Zwierzę poruszyło się z (1, 8) na (1, 7)
18 Jan 2025 21:46:22 GMT Długość listy pozycji: 11
Lista pozycji zwierząt: {(1, 0)=[v], (4, 4)=[◤, v, ◢, v, ◢, <, >, v, v, v, ^, >, >, ◤], (2, 2)=[◢, ◥, >, ^, ◣, v, <, ◤, ◥, ◥, <, ◣, ^, ◣, ◣, ◣, ◢, <, <, v, ◣, ◣, >, ◢, <], (2, 3)=[], (3, 4)=[>, ◤, ◣, >, ◢, ◤, ◢, >, <, >, ◣, ◤, <, <, v, ◤], (2, 5)=[>, ◤, ◢, ◣, >, ◥, ◣, ◣, ◥, ^, >, ◥, ◢, >, v], (4, 7)=[◣, v, ^, <], (4, 9)=[^], (1, 7)=[v], (3, 9)=[◣, ◣, ◢, v, ◤, ◥, >, ◢, ◤, ^, <, ◣, ◣, ^, ^, ◣, ◥, ◣, >, ◣, ^, v, ◣, v, v], (5, 0)=[v]}
18 Jan 2025 21:46:22 GMT Zwierzę poruszyło się z (1, 1) na (1, 0)
18 Jan 2025 21:46:22 GMT Długość listy pozycji: 11
Lista pozycji zwierząt: {(1, 0)=[v], (4, 4)=[◤, v, ◢, v, ◢, <, >, v, v, v, ^, >, >, ◤], (2, 2)=[◢, ◥, >, ^, ◣, v, <, ◤, ◥, ◥, <, ◣, ^, ◣, ◣, ◣, ◢, <, <, v, ◣, ◣, >, ◢, <], (2, 3)=[], (3, 4)=[>, ◤, ◣, >, ◢, ◤, ◢, >, <, >, ◣, ◤, <, <, v, ◤], (2, 5)=[>, ◤, ◢, ◣, >, ◥, ◣, ◣, ◥, ^, >, ◥, ◢, >, v], (4, 7)=[◣, v, ^, <], (4, 9)=[v], (1, 7)=[v], (3, 9)=[◣, ◣, ◢, v, ◤, ◥, >, ◢, ◤, ^, <, ◣, ◣, ^, ^, ◣, ◥, ◣, >, ◣, ^, v, ◣, v, v], (5, 0)=[v]}
18 Jan 2025 21:46:22 GMT Zwierzę poruszyło się z (4, 9) na (4, 9)
18 Jan 2025 21:46:22 GMT Długość listy pozycji: 11
Lista pozycji zwierząt: {(1, 0)=[v], (4, 4)=[◤, v, ◢, v, ◢, <, >, v, v, v, ^, >, >, ◤], (2, 2)=[◢, ◥, >, ^, ◣, v, <, ◤, ◥, ◥, <, ◣, ^, ◣, ◣, ◣, ◢, <, <, v, ◣, ◣, >, ◢, <], (2, 3)=[], (3, 4)=[>, ◤, ◣, >, ◢, ◤, ◢, >, <, >, ◣, ◤, <, <, v, ◤], (2, 5)=[>, ◤, ◢, ◣, >, ◥, ◣, ◣, ◥, ^, >, ◥, ◢, >, v], (4, 7)=[◣, v, ^, <], (4, 9)=[v], (1, 7)=[v], (3, 9)=[◣, ◣, ◢, v, ◤, ◥, >, ◢, ◤, ^, <, ◣, ◣, ^, ^, ◣, ◥, ◣, >, ◣, ^, v, ◣, v, v], (5, 1)=[^]}
18 Jan 2025 21:46:22 GMT Zwierzę poruszyło się z (5, 0) na (5, 1)
18 Jan 2025 21:46:22 GMT Zwierze zostało położone na (4, 4)
18 Jan 2025 21:46:22 GMT Urodziło się nowe zwierzę na (4, 4)
18 Jan 2025 21:46:23 GMT Zwierze zostało położone na (2, 2)
18 Jan 2025 21:46:23 GMT Urodziło się nowe zwierzę na (2, 2)
18 Jan 2025 21:46:23 GMT Zwierze zostało położone na (3, 4)
18 Jan 2025 21:46:23 GMT Urodziło się nowe zwierzę na (3, 4)
18 Jan 2025 21:46:23 GMT Zwierze zostało położone na (2, 5)
18 Jan 2025 21:46:23 GMT Urodziło się nowe zwierzę na (2, 5)
18 Jan 2025 21:46:23 GMT Zwierze zostało położone na (4, 7)
18 Jan 2025 21:46:23 GMT Urodziło się nowe zwierzę na (4, 7)
18 Jan 2025 21:46:23 GMT Zwierze zostało położone na (3, 9)
18 Jan 2025 21:46:23 GMT Urodziło się nowe zwierzę na (3, 9)
18 Jan 2025 21:46:23 GMT Roślinka wyrosła na null
18 Jan 2025 21:46:23 GMT Roślinka wyrosła na null
18 Jan 2025 21:46:23 GMT Roślinka wyrosła na null
18 Jan 2025 21:46:23 GMT Roślinka wyrosła na null
18 Jan 2025 21:46:23 GMT Roślinka wyrosła na null
18 Jan 2025 21:46:23 GMT Roślinka wyrosła na null
18 Jan 2025 21:46:23 GMT Roślinka wyrosła na null
18 Jan 2025 21:46:23 GMT Roślinka wyrosła na null
18 Jan 2025 21:46:23 GMT Roślinka wyrosła na null
18 Jan 2025 21:46:23 GMT Roślinka wyrosła na null
18 Jan 2025 21:46:23 GMT Długość listy pozycji: 11
Lista pozycji zwierząt: {(1, 0)=[v], (4, 4)=[◤, v, ◢, v, ◢, <, ◣, >, v, v, v, ^, >, >, ◤], (2, 2)=[v, ◢, ◥, >, ^, ◣, v, <, ◤, ◥, ◥, <, ◣, ^, ◣, ◣, ◣, ◢, <, <, v, ◣, ◣, >, ◢, <], (2, 3)=[], (3, 4)=[^, >, ◤, ◣, >, ◢, ◤, ◢, >, <, >, ◣, ◤, <, <, v, ◤], (2, 5)=[>, >, ◤, ◢, ◣, >, ◥, ◣, ◣, ◥, ^, >, ◥, ◢, >, v], (4, 7)=[>, ◣, v, ^, <], (4, 9)=[v], (3, 9)=[◥, ◣, ◣, ◢, v, ◤, ◥, >, ◢, ◤, ^, <, ◣, ◣, ^, ^, ◣, ◥, ◣, >, ◣, ^, v, ◣, v, v], (0, 8)=[◤], (5, 1)=[^]}
18 Jan 2025 21:46:23 GMT Zwierzę poruszyło się z (1, 7) na (0, 8)
18 Jan 2025 21:46:23 GMT Długość listy pozycji: 11
Lista pozycji zwierząt: {(4, 4)=[◤, v, ◢, v, ◢, <, ◣, >, v, v, v, ^, >, >, ◤], (2, 2)=[v, ◢, ◥, >, ^, ◣, v, <, ◤, ◥, ◥, <, ◣, ^, ◣, ◣, ◣, ◢, <, <, v, ◣, ◣, >, ◢, <], (0, 1)=[◤], (2, 3)=[], (3, 4)=[^, >, ◤, ◣, >, ◢, ◤, ◢, >, <, >, ◣, ◤, <, <, v, ◤], (2, 5)=[>, >, ◤, ◢, ◣, >, ◥, ◣, ◣, ◥, ^, >, ◥, ◢, >, v], (4, 7)=[>, ◣, v, ^, <], (4, 9)=[v], (3, 9)=[◥, ◣, ◣, ◢, v, ◤, ◥, >, ◢, ◤, ^, <, ◣, ◣, ^, ^, ◣, ◥, ◣, >, ◣, ^, v, ◣, v, v], (0, 8)=[◤], (5, 1)=[^]}
18 Jan 2025 21:46:23 GMT Zwierzę poruszyło się z (1, 0) na (0, 1)
18 Jan 2025 21:46:24 GMT Długość listy pozycji: 11
Lista pozycji zwierząt: {(4, 4)=[◤, v, ◢, v, ◢, <, ◣, >, v, v, v, ^, >, >, ◤], (2, 2)=[v, ◢, ◥, >, ^, ◣, v, <, ◤, ◥, ◥, <, ◣, ^, ◣, ◣, ◣, ◢, <, <, v, ◣, ◣, >, ◢, <], (0, 1)=[◤], (2, 3)=[], (3, 4)=[^, >, ◤, ◣, >, ◢, ◤, ◢, >, <, >, ◣, ◤, <, <, v, ◤], (2, 5)=[>, >, ◤, ◢, ◣, >, ◥, ◣, ◣, ◥, ^, >, ◥, ◢, >, v], (4, 7)=[>, ◣, v, ^, <], (4, 8)=[v], (3, 9)=[◥, ◣, ◣, ◢, v, ◤, ◥, >, ◢, ◤, ^, <, ◣, ◣, ^, ^, ◣, ◥, ◣, >, ◣, ^, v, ◣, v, v], (0, 8)=[◤], (5, 1)=[^]}
18 Jan 2025 21:46:24 GMT Zwierzę poruszyło się z (4, 9) na (4, 8)
18 Jan 2025 21:46:24 GMT Długość listy pozycji: 11
Lista pozycji zwierząt: {(4, 4)=[◤, v, ◢, v, ◢, <, ◣, >, v, v, v, ^, >, >, ◤], (2, 2)=[v, ◢, ◥, >, ^, ◣, v, <, ◤, ◥, ◥, <, ◣, ^, ◣, ◣, ◣, ◢, <, <, v, ◣, ◣, >, ◢, <], (0, 1)=[◤], (2, 3)=[], (3, 4)=[^, >, ◤, ◣, >, ◢, ◤, ◢, >, <, >, ◣, ◤, <, <, v, ◤], (2, 5)=[>, >, ◤, ◢, ◣, >, ◥, ◣, ◣, ◥, ^, >, ◥, ◢, >, v], (4, 7)=[>, ◣, v, ^, <], (4, 8)=[v], (3, 9)=[◥, ◣, ◣, ◢, v, ◤, ◥, >, ◢, ◤, ^, <, ◣, ◣, ^, ^, ◣, ◥, ◣, >, ◣, ^, v, ◣, v, v], (0, 8)=[◤], (5, 0)=[v]}
18 Jan 2025 21:46:24 GMT Zwierzę poruszyło się z (5, 1) na (5, 0)
18 Jan 2025 21:46:24 GMT Zwierze zostało położone na (4, 4)
18 Jan 2025 21:46:24 GMT Urodziło się nowe zwierzę na (4, 4)
18 Jan 2025 21:46:24 GMT Zwierze zostało położone na (2, 2)
18 Jan 2025 21:46:24 GMT Urodziło się nowe zwierzę na (2, 2)
18 Jan 2025 21:46:24 GMT Zwierze zostało położone na (3, 4)
18 Jan 2025 21:46:24 GMT Urodziło się nowe zwierzę na (3, 4)
18 Jan 2025 21:46:24 GMT Zwierze zostało położone na (2, 5)
18 Jan 2025 21:46:24 GMT Urodziło się nowe zwierzę na (2, 5)
18 Jan 2025 21:46:24 GMT Zwierze zostało położone na (4, 7)
18 Jan 2025 21:46:24 GMT Urodziło się nowe zwierzę na (4, 7)
18 Jan 2025 21:46:25 GMT Zwierze zostało położone na (3, 9)
18 Jan 2025 21:46:25 GMT Urodziło się nowe zwierzę na (3, 9)
18 Jan 2025 21:46:25 GMT Roślinka wyrosła na null
18 Jan 2025 21:46:25 GMT Roślinka wyrosła na null
18 Jan 2025 21:46:25 GMT Roślinka wyrosła na null
18 Jan 2025 21:46:25 GMT Roślinka wyrosła na null
18 Jan 2025 21:46:25 GMT Roślinka wyrosła na null
18 Jan 2025 21:46:25 GMT Roślinka wyrosła na null
18 Jan 2025 21:46:25 GMT Roślinka wyrosła na null
18 Jan 2025 21:46:25 GMT Roślinka wyrosła na null
18 Jan 2025 21:46:25 GMT Roślinka wyrosła na null
18 Jan 2025 21:46:25 GMT Roślinka wyrosła na null
18 Jan 2025 21:46:25 GMT Długość listy pozycji: 11
Lista pozycji zwierząt: {(4, 4)=[◤, v, ◢, v, ◢, <, ◣, ◢, >, v, v, v, ^, >, >, ◤], (2, 2)=[<, v, ◢, ◥, >, ^, ◣, v, <, ◤, ◥, ◥, <, ◣, ^, ◣, ◣, ◣, ◢, <, <, v, ◣, ◣, >, ◢, <], (0, 1)=[◤], (2, 3)=[], (3, 4)=[>, ^, >, ◤, ◣, >, ◢, ◤, ◢, >, <, >, ◣, ◤, <, <, v, ◤], (2, 5)=[◣, >, >, ◤, ◢, ◣, >, ◥, ◣, ◣, ◥, ^, >, ◥, ◢, >, v], (4, 7)=[◢, >, ◣, v, ^, <], (4, 8)=[v], (3, 9)=[v, ◥, ◣, ◣, ◢, v, ◤, ◥, >, ◢, ◤, ^, <, ◣, ◣, ^, ^, ◣, ◥, ◣, >, ◣, ^, v, ◣, v, v], (1, 8)=[>], (5, 0)=[v]}
18 Jan 2025 21:46:25 GMT Zwierzę poruszyło się z (0, 8) na (1, 8)
18 Jan 2025 21:46:25 GMT Długość listy pozycji: 11
Lista pozycji zwierząt: {(1, 1)=[>], (4, 4)=[◤, v, ◢, v, ◢, <, ◣, ◢, >, v, v, v, ^, >, >, ◤], (2, 2)=[<, v, ◢, ◥, >, ^, ◣, v, <, ◤, ◥, ◥, <, ◣, ^, ◣, ◣, ◣, ◢, <, <, v, ◣, ◣, >, ◢, <], (2, 3)=[], (3, 4)=[>, ^, >, ◤, ◣, >, ◢, ◤, ◢, >, <, >, ◣, ◤, <, <, v, ◤], (2, 5)=[◣, >, >, ◤, ◢, ◣, >, ◥, ◣, ◣, ◥, ^, >, ◥, ◢, >, v], (4, 7)=[◢, >, ◣, v, ^, <], (4, 8)=[v], (3, 9)=[v, ◥, ◣, ◣, ◢, v, ◤, ◥, >, ◢, ◤, ^, <, ◣, ◣, ^, ^, ◣, ◥, ◣, >, ◣, ^, v, ◣, v, v], (1, 8)=[>], (5, 0)=[v]}
18 Jan 2025 21:46:25 GMT Zwierzę poruszyło się z (0, 1) na (1, 1)
18 Jan 2025 21:46:25 GMT Długość listy pozycji: 10
Lista pozycji zwierząt: {(1, 1)=[>], (4, 4)=[◤, v, ◢, v, ◢, <, ◣, ◢, >, v, v, v, ^, >, >, ◤], (2, 2)=[<, v, ◢, ◥, >, ^, ◣, v, <, ◤, ◥, ◥, <, ◣, ^, ◣, ◣, ◣, ◢, <, <, v, ◣, ◣, >, ◢, <], (2, 3)=[], (3, 4)=[>, ^, >, ◤, ◣, >, ◢, ◤, ◢, >, <, >, ◣, ◤, <, <, v, ◤], (2, 5)=[◣, >, >, ◤, ◢, ◣, >, ◥, ◣, ◣, ◥, ^, >, ◥, ◢, >, v], (4, 7)=[v, ◢, >, ◣, v, ^, <], (3, 9)=[v, ◥, ◣, ◣, ◢, v, ◤, ◥, >, ◢, ◤, ^, <, ◣, ◣, ^, ^, ◣, ◥, ◣, >, ◣, ^, v, ◣, v, v], (1, 8)=[>], (5, 0)=[v]}
18 Jan 2025 21:46:25 GMT Zwierzę poruszyło się z (4, 8) na (4, 7)
18 Jan 2025 21:46:25 GMT Długość listy pozycji: 10
Lista pozycji zwierząt: {(1, 1)=[>], (4, 4)=[◤, v, ◢, v, ◢, <, ◣, ◢, >, v, v, v, ^, >, >, ◤], (2, 2)=[<, v, ◢, ◥, >, ^, ◣, v, <, ◤, ◥, ◥, <, ◣, ^, ◣, ◣, ◣, ◢, <, <, v, ◣, ◣, >, ◢, <], (2, 3)=[], (3, 4)=[>, ^, >, ◤, ◣, >, ◢, ◤, ◢, >, <, >, ◣, ◤, <, <, v, ◤], (2, 5)=[◣, >, >, ◤, ◢, ◣, >, ◥, ◣, ◣, ◥, ^, >, ◥, ◢, >, v], (4, 7)=[v, ◢, >, ◣, v, ^, <], (3, 9)=[v, ◥, ◣, ◣, ◢, v, ◤, ◥, >, ◢, ◤, ^, <, ◣, ◣, ^, ^, ◣, ◥, ◣, >, ◣, ^, v, ◣, v, v], (1, 8)=[>], (5, 1)=[^]}
18 Jan 2025 21:46:25 GMT Zwierzę poruszyło się z (5, 0) na (5, 1)
18 Jan 2025 21:46:26 GMT Zwierze zostało położone na (4, 4)
18 Jan 2025 21:46:26 GMT Urodziło się nowe zwierzę na (4, 4)
18 Jan 2025 21:46:26 GMT Zwierze zostało położone na (2, 2)
18 Jan 2025 21:46:26 GMT Urodziło się nowe zwierzę na (2, 2)
18 Jan 2025 21:46:26 GMT Zwierze zostało położone na (3, 4)
18 Jan 2025 21:46:26 GMT Urodziło się nowe zwierzę na (3, 4)
18 Jan 2025 21:46:26 GMT Zwierze zostało położone na (2, 5)
18 Jan 2025 21:46:26 GMT Urodziło się nowe zwierzę na (2, 5)
18 Jan 2025 21:46:26 GMT Zwierze zostało położone na (4, 7)
18 Jan 2025 21:46:26 GMT Urodziło się nowe zwierzę na (4, 7)
18 Jan 2025 21:46:27 GMT Zwierze zostało położone na (3, 9)
18 Jan 2025 21:46:27 GMT Urodziło się nowe zwierzę na (3, 9)
18 Jan 2025 21:46:27 GMT Roślinka wyrosła na null
18 Jan 2025 21:46:27 GMT Roślinka wyrosła na null
18 Jan 2025 21:46:27 GMT Roślinka wyrosła na null
18 Jan 2025 21:46:27 GMT Roślinka wyrosła na null
18 Jan 2025 21:46:27 GMT Roślinka wyrosła na null
18 Jan 2025 21:46:27 GMT Roślinka wyrosła na null
18 Jan 2025 21:46:27 GMT Roślinka wyrosła na null
18 Jan 2025 21:46:27 GMT Roślinka wyrosła na null
18 Jan 2025 21:46:27 GMT Roślinka wyrosła na null
18 Jan 2025 21:46:27 GMT Roślinka wyrosła na null
18 Jan 2025 21:46:27 GMT Długość listy pozycji: 10
Lista pozycji zwierząt: {(1, 1)=[>], (4, 4)=[◤, v, ◢, v, ◢, <, ◣, ◢, v, >, v, v, v, ^, >, >, ◤], (2, 2)=[>, <, v, ◢, ◥, >, ^, ◣, v, <, ◤, ◥, ◥, <, ◣, ^, ◣, ◣, ◣, ◢, <, <, v, ◣, ◣, >, ◢, <], (2, 3)=[], (3, 4)=[>, >, ^, >, ◤, ◣, >, ◢, ◤, ◢, >, <, >, ◣, ◤, <, <, v, ◤], (2, 5)=[>, ◣, >, >, ◤, ◢, ◣, >, ◥, ◣, ◣, ◥, ^, >, ◥, ◢, >, v], (4, 7)=[v, ◢, >, >, ◣, v, ^, <], (3, 9)=[◥, v, ◥, ◣, ◣, ◢, v, ◤, ◥, >, ◢, ◤, ^, <, ◣, ◣, ^, ^, ◣, ◥, ◣, >, ◣, ^, v, ◣, v, v], (0, 7)=[◣], (5, 1)=[^]}
18 Jan 2025 21:46:27 GMT Zwierzę poruszyło się z (1, 8) na (0, 7)
18 Jan 2025 21:46:28 GMT Długość listy pozycji: 10
Lista pozycji zwierząt: {(0, 0)=[◣], (4, 4)=[◤, v, ◢, v, ◢, <, ◣, ◢, v, >, v, v, v, ^, >, >, ◤], (2, 2)=[>, <, v, ◢, ◥, >, ^, ◣, v, <, ◤, ◥, ◥, <, ◣, ^, ◣, ◣, ◣, ◢, <, <, v, ◣, ◣, >, ◢, <], (2, 3)=[], (3, 4)=[>, >, ^, >, ◤, ◣, >, ◢, ◤, ◢, >, <, >, ◣, ◤, <, <, v, ◤], (2, 5)=[>, ◣, >, >, ◤, ◢, ◣, >, ◥, ◣, ◣, ◥, ^, >, ◥, ◢, >, v], (4, 7)=[v, ◢, >, >, ◣, v, ^, <], (3, 9)=[◥, v, ◥, ◣, ◣, ◢, v, ◤, ◥, >, ◢, ◤, ^, <, ◣, ◣, ^, ^, ◣, ◥, ◣, >, ◣, ^, v, ◣, v, v], (0, 7)=[◣], (5, 1)=[^]}
18 Jan 2025 21:46:28 GMT Zwierzę poruszyło się z (1, 1) na (0, 0)
18 Jan 2025 21:46:28 GMT Długość listy pozycji: 11
Lista pozycji zwierząt: {(0, 0)=[◣], (4, 4)=[◤, v, ◢, v, ◢, <, ◣, ◢, v, >, v, v, v, ^, >, >, ◤], (2, 2)=[>, <, v, ◢, ◥, >, ^, ◣, v, <, ◤, ◥, ◥, <, ◣, ^, ◣, ◣, ◣, ◢, <, <, v, ◣, ◣, >, ◢, <], (2, 3)=[], (3, 4)=[>, >, ^, >, ◤, ◣, >, ◢, ◤, ◢, >, <, >, ◣, ◤, <, <, v, ◤], (4, 6)=[v], (2, 5)=[>, ◣, >, >, ◤, ◢, ◣, >, ◥, ◣, ◣, ◥, ^, >, ◥, ◢, >, v], (4, 7)=[v, ◢, >, >, ◣, v, ^, <], (3, 9)=[◥, v, ◥, ◣, ◣, ◢, v, ◤, ◥, >, ◢, ◤, ^, <, ◣, ◣, ^, ^, ◣, ◥, ◣, >, ◣, ^, v, ◣, v, v], (0, 7)=[◣], (5, 1)=[^]}
18 Jan 2025 21:46:28 GMT Zwierzę poruszyło się z (4, 7) na (4, 6)
18 Jan 2025 21:46:28 GMT Długość listy pozycji: 11
Lista pozycji zwierząt: {(0, 0)=[◣], (4, 4)=[◤, v, ◢, v, ◢, <, ◣, ◢, v, >, v, v, v, ^, >, >, ◤], (2, 2)=[>, <, v, ◢, ◥, >, ^, ◣, v, <, ◤, ◥, ◥, <, ◣, ^, ◣, ◣, ◣, ◢, <, <, v, ◣, ◣, >, ◢, <], (2, 3)=[], (3, 4)=[>, >, ^, >, ◤, ◣, >, ◢, ◤, ◢, >, <, >, ◣, ◤, <, <, v, ◤], (4, 6)=[v], (2, 5)=[>, ◣, >, >, ◤, ◢, ◣, >, ◥, ◣, ◣, ◥, ^, >, ◥, ◢, >, v], (4, 7)=[v, ◢, >, >, ◣, v, ^, <], (3, 9)=[◥, v, ◥, ◣, ◣, ◢, v, ◤, ◥, >, ◢, ◤, ^, <, ◣, ◣, ^, ^, ◣, ◥, ◣, >, ◣, ^, v, ◣, v, v], (0, 7)=[◣], (5, 0)=[v]}
18 Jan 2025 21:46:28 GMT Zwierzę poruszyło się z (5, 1) na (5, 0)
18 Jan 2025 21:46:28 GMT Zwierze zostało położone na (4, 4)
18 Jan 2025 21:46:28 GMT Urodziło się nowe zwierzę na (4, 4)
18 Jan 2025 21:46:28 GMT Zwierze zostało położone na (2, 2)
18 Jan 2025 21:46:28 GMT Urodziło się nowe zwierzę na (2, 2)
18 Jan 2025 21:46:29 GMT Zwierze zostało położone na (3, 4)
18 Jan 2025 21:46:29 GMT Urodziło się nowe zwierzę na (3, 4)
18 Jan 2025 21:46:29 GMT Zwierze zostało położone na (2, 5)
18 Jan 2025 21:46:29 GMT Urodziło się nowe zwierzę na (2, 5)
18 Jan 2025 21:46:29 GMT Zwierze zostało położone na (4, 6)
18 Jan 2025 21:46:29 GMT Urodziło się nowe zwierzę na (4, 7)
