18 Jan 2025 22:36:37 GMT Zwierze zostało położone na (3, 9)
18 Jan 2025 22:36:37 GMT Zwierze zostało położone na (2, 7)
18 Jan 2025 22:36:37 GMT Zwierze zostało położone na (3, 7)
18 Jan 2025 22:36:37 GMT Zwierze zostało położone na (7, 8)
18 Jan 2025 22:36:37 GMT Zwierze zostało położone na (7, 4)
18 Jan 2025 22:36:37 GMT Zwierze zostało położone na (1, 5)
18 Jan 2025 22:36:37 GMT Zwierze zostało położone na (4, 9)
18 Jan 2025 22:36:37 GMT Zwierze zostało położone na (1, 5)
18 Jan 2025 22:36:37 GMT Zwierze zostało położone na (5, 7)
18 Jan 2025 22:36:38 GMT Zwierze zostało położone na (1, 3)
18 Jan 2025 22:36:38 GMT Długość listy pozycji: 9
Lista pozycji zwierząt: {(7, 8)=[◣], (1, 3)=[>], (5, 7)=[v], (1, 5)=[◢, ◤], (3, 7)=[◣], (3, 8)=[v], (4, 9)=[>], (2, 7)=[>], (7, 4)=[◢]}
18 Jan 2025 22:36:38 GMT Zwierzę poruszyło się z (3, 9) na (3, 8)
18 Jan 2025 22:36:38 GMT Długość listy pozycji: 9
Lista pozycji zwierząt: {(7, 8)=[◣], (1, 3)=[>], (5, 7)=[v], (2, 6)=[v], (1, 5)=[◢, ◤], (3, 7)=[◣], (3, 8)=[v], (4, 9)=[>], (7, 4)=[◢]}
18 Jan 2025 22:36:38 GMT Zwierzę poruszyło się z (2, 7) na (2, 6)
18 Jan 2025 22:36:38 GMT Długość listy pozycji: 9
Lista pozycji zwierząt: {(7, 8)=[◣], (1, 3)=[>], (5, 7)=[v], (4, 7)=[>], (2, 6)=[v], (1, 5)=[◢, ◤], (3, 8)=[v], (4, 9)=[>], (7, 4)=[◢]}
18 Jan 2025 22:36:38 GMT Zwierzę poruszyło się z (3, 7) na (4, 7)
18 Jan 2025 22:36:38 GMT Długość listy pozycji: 9
Lista pozycji zwierząt: {(8, 8)=[>], (1, 3)=[>], (5, 7)=[v], (4, 7)=[>], (2, 6)=[v], (1, 5)=[◢, ◤], (3, 8)=[v], (4, 9)=[>], (7, 4)=[◢]}
18 Jan 2025 22:36:38 GMT Zwierzę poruszyło się z (7, 8) na (8, 8)
18 Jan 2025 22:36:38 GMT Długość listy pozycji: 9
Lista pozycji zwierząt: {(8, 8)=[>], (1, 3)=[>], (5, 7)=[v], (4, 7)=[>], (2, 6)=[v], (1, 5)=[◢, ◤], (3, 8)=[v], (4, 9)=[>], (6, 4)=[<]}
18 Jan 2025 22:36:38 GMT Zwierzę poruszyło się z (7, 4) na (6, 4)
18 Jan 2025 22:36:38 GMT Długość listy pozycji: 10
Lista pozycji zwierząt: {(8, 8)=[>], (1, 3)=[>], (5, 7)=[v], (4, 7)=[>], (2, 6)=[v], (1, 5)=[◤], (0, 5)=[<], (3, 8)=[v], (4, 9)=[>], (6, 4)=[<]}
18 Jan 2025 22:36:38 GMT Zwierzę poruszyło się z (1, 5) na (0, 5)
18 Jan 2025 22:36:38 GMT Długość listy pozycji: 10
Lista pozycji zwierząt: {(8, 8)=[>], (1, 3)=[>], (5, 7)=[v], (4, 7)=[>], (4, 8)=[v], (2, 6)=[v], (1, 5)=[◤], (0, 5)=[<], (3, 8)=[v], (6, 4)=[<]}
18 Jan 2025 22:36:38 GMT Zwierzę poruszyło się z (4, 9) na (4, 8)
18 Jan 2025 22:36:38 GMT Długość listy pozycji: 9
Lista pozycji zwierząt: {(8, 8)=[>], (1, 3)=[>], (5, 7)=[v], (4, 7)=[>], (4, 8)=[v], (2, 6)=[v], (0, 5)=[<, <], (3, 8)=[v], (6, 4)=[<]}
18 Jan 2025 22:36:38 GMT Zwierzę poruszyło się z (1, 5) na (0, 5)
18 Jan 2025 22:36:38 GMT Długość listy pozycji: 9
Lista pozycji zwierząt: {(8, 8)=[>], (1, 3)=[>], (5, 8)=[^], (4, 7)=[>], (4, 8)=[v], (2, 6)=[v], (0, 5)=[<, <], (3, 8)=[v], (6, 4)=[<]}
18 Jan 2025 22:36:39 GMT Zwierzę poruszyło się z (5, 7) na (5, 8)
18 Jan 2025 22:36:39 GMT Długość listy pozycji: 9
Lista pozycji zwierząt: {(8, 8)=[>], (1, 2)=[v], (5, 8)=[^], (4, 7)=[>], (4, 8)=[v], (2, 6)=[v], (0, 5)=[<, <], (3, 8)=[v], (6, 4)=[<]}
18 Jan 2025 22:36:39 GMT Zwierzę poruszyło się z (1, 3) na (1, 2)
18 Jan 2025 22:36:39 GMT Zwierze zostało położone na (0, 5)
18 Jan 2025 22:36:39 GMT Urodziło się nowe zwierzę na (0, 5)
18 Jan 2025 22:36:39 GMT Roślinka wyrosła na (3, 5)
18 Jan 2025 22:36:39 GMT Roślinka wyrosła na (9, 6)
18 Jan 2025 22:36:39 GMT Roślinka wyrosła na (7, 5)
18 Jan 2025 22:36:39 GMT Roślinka wyrosła na (3, 6)
18 Jan 2025 22:36:39 GMT Roślinka wyrosła na (8, 6)
18 Jan 2025 22:36:39 GMT Roślinka wyrosła na (7, 6)
18 Jan 2025 22:36:39 GMT Roślinka wyrosła na (2, 5)
18 Jan 2025 22:36:39 GMT Roślinka wyrosła na (5, 5)
18 Jan 2025 22:36:39 GMT Roślinka wyrosła na (1, 6)
18 Jan 2025 22:36:39 GMT Roślinka wyrosła na (5, 6)
18 Jan 2025 22:36:39 GMT Zwierzę umarło na (0, 5)
18 Jan 2025 22:36:39 GMT Długość listy pozycji: 8
Lista pozycji zwierząt: {(8, 8)=[>], (1, 2)=[v], (5, 8)=[^], (4, 7)=[>], (4, 8)=[v, >], (2, 6)=[v], (0, 5)=[◣, <], (6, 4)=[<]}
18 Jan 2025 22:36:39 GMT Zwierzę poruszyło się z (3, 8) na (4, 8)
18 Jan 2025 22:36:39 GMT Długość listy pozycji: 8
Lista pozycji zwierząt: {(8, 8)=[>], (1, 2)=[v], (5, 8)=[^], (4, 7)=[>], (4, 8)=[v, >], (1, 6)=[<], (0, 5)=[◣, <], (6, 4)=[<]}
18 Jan 2025 22:36:39 GMT Zwierzę poruszyło się z (2, 6) na (1, 6)
18 Jan 2025 22:36:39 GMT Długość listy pozycji: 8
Lista pozycji zwierząt: {(8, 8)=[>], (1, 2)=[v], (5, 8)=[^], (4, 8)=[v, >], (3, 8)=[◤], (1, 6)=[<], (0, 5)=[◣, <], (6, 4)=[<]}
18 Jan 2025 22:36:39 GMT Zwierzę poruszyło się z (4, 7) na (3, 8)
18 Jan 2025 22:36:40 GMT Długość listy pozycji: 8
Lista pozycji zwierząt: {(1, 2)=[v], (7, 9)=[◤], (5, 8)=[^], (4, 8)=[v, >], (3, 8)=[◤], (1, 6)=[<], (0, 5)=[◣, <], (6, 4)=[<]}
18 Jan 2025 22:36:40 GMT Zwierzę poruszyło się z (8, 8) na (7, 9)
18 Jan 2025 22:36:40 GMT Długość listy pozycji: 8
Lista pozycji zwierząt: {(1, 2)=[v], (7, 9)=[◤], (5, 8)=[^], (4, 8)=[v, >], (3, 8)=[◤], (1, 6)=[<], (0, 5)=[◣, <], (7, 5)=[◥]}
18 Jan 2025 22:36:40 GMT Zwierzę poruszyło się z (6, 4) na (7, 5)
18 Jan 2025 22:36:40 GMT Długość listy pozycji: 8
Lista pozycji zwierząt: {(1, 2)=[v], (7, 9)=[◤], (5, 8)=[^], (4, 8)=[>], (3, 8)=[◤, <], (1, 6)=[<], (0, 5)=[◣, <], (7, 5)=[◥]}
18 Jan 2025 22:36:40 GMT Zwierzę poruszyło się z (4, 8) na (3, 8)
18 Jan 2025 22:36:40 GMT Długość listy pozycji: 9
Lista pozycji zwierząt: {(1, 2)=[v], (7, 9)=[◤], (5, 8)=[^], (4, 8)=[>], (3, 8)=[◤, <], (1, 6)=[<], (0, 5)=[◣], (9, 4)=[◣], (7, 5)=[◥]}
18 Jan 2025 22:36:40 GMT Zwierzę poruszyło się z (0, 5) na (9, 4)
18 Jan 2025 22:36:40 GMT Długość listy pozycji: 9
Lista pozycji zwierząt: {(1, 2)=[v], (5, 7)=[v], (7, 9)=[◤], (4, 8)=[>], (3, 8)=[◤, <], (1, 6)=[<], (0, 5)=[◣], (9, 4)=[◣], (7, 5)=[◥]}
18 Jan 2025 22:36:40 GMT Zwierzę poruszyło się z (5, 8) na (5, 7)
18 Jan 2025 22:36:40 GMT Długość listy pozycji: 9
Lista pozycji zwierząt: {(0, 2)=[<], (5, 7)=[v], (7, 9)=[◤], (4, 8)=[>], (3, 8)=[◤, <], (1, 6)=[<], (0, 5)=[◣], (9, 4)=[◣], (7, 5)=[◥]}
18 Jan 2025 22:36:40 GMT Zwierzę poruszyło się z (1, 2) na (0, 2)
18 Jan 2025 22:36:40 GMT Zwierzę zjadło roślinkę na (1, 6)
18 Jan 2025 22:36:40 GMT Zwierzę zjadło roślinkę na (7, 5)
18 Jan 2025 22:36:40 GMT Zwierze zostało położone na (3, 8)
18 Jan 2025 22:36:40 GMT Urodziło się nowe zwierzę na (3, 8)
18 Jan 2025 22:36:40 GMT Roślinka wyrosła na (6, 6)
18 Jan 2025 22:36:40 GMT Roślinka wyrosła na (6, 8)
18 Jan 2025 22:36:40 GMT Roślinka wyrosła na (2, 6)
18 Jan 2025 22:36:40 GMT Roślinka wyrosła na (0, 5)
18 Jan 2025 22:36:40 GMT Roślinka wyrosła na (7, 4)
18 Jan 2025 22:36:40 GMT Roślinka wyrosła na (0, 0)
18 Jan 2025 22:36:40 GMT Roślinka wyrosła na (5, 4)
18 Jan 2025 22:36:40 GMT Roślinka wyrosła na (4, 1)
18 Jan 2025 22:36:40 GMT Roślinka wyrosła na (2, 3)
18 Jan 2025 22:36:40 GMT Roślinka wyrosła na (2, 9)
18 Jan 2025 22:36:41 GMT Zwierzę umarło na (3, 8)
18 Jan 2025 22:36:41 GMT Długość listy pozycji: 9
Lista pozycji zwierząt: {(0, 2)=[<], (5, 7)=[v], (7, 9)=[◤], (4, 9)=[^], (3, 8)=[<, <], (1, 6)=[<], (0, 5)=[◣], (9, 4)=[◣], (7, 5)=[◥]}
18 Jan 2025 22:36:41 GMT Zwierzę poruszyło się z (4, 8) na (4, 9)
18 Jan 2025 22:36:41 GMT Długość listy pozycji: 9
Lista pozycji zwierząt: {(0, 2)=[<], (5, 7)=[v], (7, 9)=[◤], (4, 9)=[^], (3, 8)=[<, <], (0, 5)=[◣], (1, 7)=[^], (9, 4)=[◣], (7, 5)=[◥]}
18 Jan 2025 22:36:41 GMT Zwierzę poruszyło się z (1, 6) na (1, 7)
18 Jan 2025 22:36:41 GMT Długość listy pozycji: 9
Lista pozycji zwierząt: {(7, 8)=[v], (0, 2)=[<], (5, 7)=[v], (4, 9)=[^], (3, 8)=[<, <], (0, 5)=[◣], (1, 7)=[^], (9, 4)=[◣], (7, 5)=[◥]}
18 Jan 2025 22:36:41 GMT Zwierzę poruszyło się z (7, 9) na (7, 8)
18 Jan 2025 22:36:41 GMT Długość listy pozycji: 9
Lista pozycji zwierząt: {(7, 8)=[v], (0, 2)=[<], (5, 7)=[v], (4, 9)=[^], (3, 8)=[<, <], (0, 5)=[◣], (1, 7)=[^], (9, 4)=[◣], (7, 4)=[v]}
18 Jan 2025 22:36:41 GMT Zwierzę poruszyło się z (7, 5) na (7, 4)
18 Jan 2025 22:36:41 GMT Długość listy pozycji: 10
Lista pozycji zwierząt: {(7, 8)=[v], (0, 2)=[<], (5, 7)=[v], (4, 9)=[^], (3, 8)=[<], (0, 5)=[◣], (3, 9)=[^], (1, 7)=[^], (9, 4)=[◣], (7, 4)=[v]}
18 Jan 2025 22:36:41 GMT Zwierzę poruszyło się z (3, 8) na (3, 9)
18 Jan 2025 22:36:41 GMT Długość listy pozycji: 10
Lista pozycji zwierząt: {(7, 8)=[v], (0, 2)=[<], (5, 7)=[v], (4, 9)=[^], (3, 8)=[<], (0, 5)=[◣], (3, 9)=[^], (1, 7)=[^], (9, 3)=[v], (7, 4)=[v]}
18 Jan 2025 22:36:41 GMT Zwierzę poruszyło się z (9, 4) na (9, 3)
18 Jan 2025 22:36:41 GMT Długość listy pozycji: 10
Lista pozycji zwierząt: {(7, 8)=[v], (0, 2)=[<], (5, 8)=[^], (4, 9)=[^], (3, 8)=[<], (0, 5)=[◣], (3, 9)=[^], (1, 7)=[^], (9, 3)=[v], (7, 4)=[v]}
18 Jan 2025 22:36:41 GMT Zwierzę poruszyło się z (5, 7) na (5, 8)
18 Jan 2025 22:36:41 GMT Długość listy pozycji: 10
Lista pozycji zwierząt: {(7, 8)=[v], (0, 3)=[^], (5, 8)=[^], (4, 9)=[^], (3, 8)=[<], (0, 5)=[◣], (3, 9)=[^], (1, 7)=[^], (9, 3)=[v], (7, 4)=[v]}
18 Jan 2025 22:36:41 GMT Zwierzę poruszyło się z (0, 2) na (0, 3)
18 Jan 2025 22:36:41 GMT Zwierzę zjadło roślinkę na (0, 5)
18 Jan 2025 22:36:42 GMT Zwierzę zjadło roślinkę na (7, 4)
18 Jan 2025 22:36:42 GMT Roślinka wyrosła na (7, 0)
18 Jan 2025 22:36:42 GMT Roślinka wyrosła na (9, 8)
18 Jan 2025 22:36:42 GMT Roślinka wyrosła na (1, 3)
18 Jan 2025 22:36:42 GMT Roślinka wyrosła na (0, 3)
18 Jan 2025 22:36:42 GMT Roślinka wyrosła na (1, 0)
18 Jan 2025 22:36:42 GMT Roślinka wyrosła na (8, 1)
18 Jan 2025 22:36:42 GMT Roślinka wyrosła na (6, 1)
18 Jan 2025 22:36:42 GMT Roślinka wyrosła na (1, 7)
18 Jan 2025 22:36:42 GMT Roślinka wyrosła na (5, 9)
18 Jan 2025 22:36:42 GMT Roślinka wyrosła na (9, 1)
18 Jan 2025 22:36:42 GMT Długość listy pozycji: 9
Lista pozycji zwierząt: {(7, 8)=[v], (0, 3)=[^], (5, 8)=[^], (3, 8)=[<], (0, 5)=[◣], (3, 9)=[^, <], (1, 7)=[^], (9, 3)=[v], (7, 4)=[v]}
18 Jan 2025 22:36:42 GMT Zwierzę poruszyło się z (4, 9) na (3, 9)
18 Jan 2025 22:36:42 GMT Długość listy pozycji: 9
Lista pozycji zwierząt: {(7, 8)=[v], (0, 3)=[^], (5, 8)=[^], (2, 7)=[>], (3, 8)=[<], (0, 5)=[◣], (3, 9)=[^, <], (9, 3)=[v], (7, 4)=[v]}
18 Jan 2025 22:36:42 GMT Zwierzę poruszyło się z (1, 7) na (2, 7)
18 Jan 2025 22:36:42 GMT Długość listy pozycji: 9
Lista pozycji zwierząt: {(8, 9)=[◥], (0, 3)=[^], (5, 8)=[^], (2, 7)=[>], (3, 8)=[<], (0, 5)=[◣], (3, 9)=[^, <], (9, 3)=[v], (7, 4)=[v]}
18 Jan 2025 22:36:42 GMT Zwierzę poruszyło się z (7, 8) na (8, 9)
18 Jan 2025 22:36:42 GMT Długość listy pozycji: 9
Lista pozycji zwierząt: {(6, 5)=[◤], (8, 9)=[◥], (0, 3)=[^], (5, 8)=[^], (2, 7)=[>], (3, 8)=[<], (0, 5)=[◣], (3, 9)=[^, <], (9, 3)=[v]}
18 Jan 2025 22:36:42 GMT Zwierzę poruszyło się z (7, 4) na (6, 5)
18 Jan 2025 22:36:42 GMT Długość listy pozycji: 10
Lista pozycji zwierząt: {(6, 5)=[◤], (8, 9)=[◥], (0, 3)=[^], (5, 8)=[^], (4, 9)=[>], (2, 7)=[>], (3, 8)=[<], (0, 5)=[◣], (3, 9)=[<], (9, 3)=[v]}
18 Jan 2025 22:36:42 GMT Zwierzę poruszyło się z (3, 9) na (4, 9)
18 Jan 2025 22:36:42 GMT Długość listy pozycji: 10
Lista pozycji zwierząt: {(6, 5)=[◤], (8, 9)=[◥], (0, 2)=[◢], (0, 3)=[^], (5, 8)=[^], (4, 9)=[>], (2, 7)=[>], (3, 8)=[<], (0, 5)=[◣], (3, 9)=[<]}
18 Jan 2025 22:36:42 GMT Zwierzę poruszyło się z (9, 3) na (0, 2)
18 Jan 2025 22:36:43 GMT Długość listy pozycji: 10
Lista pozycji zwierząt: {(6, 5)=[◤], (8, 9)=[◥], (5, 7)=[v], (0, 2)=[◢], (0, 3)=[^], (4, 9)=[>], (2, 7)=[>], (3, 8)=[<], (0, 5)=[◣], (3, 9)=[<]}
18 Jan 2025 22:36:43 GMT Zwierzę poruszyło się z (5, 8) na (5, 7)
18 Jan 2025 22:36:43 GMT Długość listy pozycji: 10
Lista pozycji zwierząt: {(6, 5)=[◤], (8, 9)=[◥], (1, 3)=[>], (5, 7)=[v], (0, 2)=[◢], (4, 9)=[>], (2, 7)=[>], (3, 8)=[<], (0, 5)=[◣], (3, 9)=[<]}
18 Jan 2025 22:36:43 GMT Zwierzę poruszyło się z (0, 3) na (1, 3)
18 Jan 2025 22:36:43 GMT Zwierzę zjadło roślinkę na (6, 5)
18 Jan 2025 22:36:43 GMT Zwierzę zjadło roślinkę na (1, 3)
18 Jan 2025 22:36:43 GMT Roślinka wyrosła na (6, 3)
18 Jan 2025 22:36:43 GMT Roślinka wyrosła na (3, 0)
18 Jan 2025 22:36:43 GMT Roślinka wyrosła na (7, 1)
18 Jan 2025 22:36:43 GMT Roślinka wyrosła na (1, 4)
18 Jan 2025 22:36:43 GMT Roślinka wyrosła na (7, 2)
18 Jan 2025 22:36:43 GMT Roślinka wyrosła na (8, 2)
18 Jan 2025 22:36:43 GMT Roślinka wyrosła na (4, 3)
18 Jan 2025 22:36:43 GMT Roślinka wyrosła na (9, 9)
18 Jan 2025 22:36:43 GMT Roślinka wyrosła na (7, 7)
18 Jan 2025 22:36:43 GMT Roślinka wyrosła na (6, 7)
18 Jan 2025 22:36:43 GMT Długość listy pozycji: 9
Lista pozycji zwierząt: {(6, 5)=[◤], (8, 9)=[◥], (1, 3)=[>], (5, 7)=[v], (0, 2)=[◢], (4, 9)=[>], (2, 7)=[>], (3, 8)=[<, v], (0, 5)=[◣]}
18 Jan 2025 22:36:43 GMT Zwierzę poruszyło się z (3, 9) na (3, 8)
18 Jan 2025 22:36:43 GMT Długość listy pozycji: 9
Lista pozycji zwierząt: {(6, 5)=[◤], (8, 9)=[◥], (1, 3)=[>], (5, 7)=[v], (0, 2)=[◢], (2, 6)=[v], (4, 9)=[>], (3, 8)=[<, v], (0, 5)=[◣]}
18 Jan 2025 22:36:43 GMT Zwierzę poruszyło się z (2, 7) na (2, 6)
18 Jan 2025 22:36:43 GMT Długość listy pozycji: 9
Lista pozycji zwierząt: {(6, 5)=[◤], (7, 9)=[<], (1, 3)=[>], (5, 7)=[v], (0, 2)=[◢], (2, 6)=[v], (4, 9)=[>], (3, 8)=[<, v], (0, 5)=[◣]}
18 Jan 2025 22:36:43 GMT Zwierzę poruszyło się z (8, 9) na (7, 9)
18 Jan 2025 22:36:44 GMT Długość listy pozycji: 9
Lista pozycji zwierząt: {(7, 9)=[<], (1, 3)=[>], (5, 7)=[v], (0, 2)=[◢], (2, 6)=[v], (4, 9)=[>], (3, 8)=[<, v], (0, 5)=[◣], (7, 5)=[>]}
18 Jan 2025 22:36:44 GMT Zwierzę poruszyło się z (6, 5) na (7, 5)
18 Jan 2025 22:36:44 GMT Długość listy pozycji: 9
Lista pozycji zwierząt: {(7, 9)=[<], (1, 3)=[>], (5, 7)=[v], (0, 2)=[◢], (4, 8)=[v], (2, 6)=[v], (3, 8)=[<, v], (0, 5)=[◣], (7, 5)=[>]}
18 Jan 2025 22:36:44 GMT Zwierzę poruszyło się z (4, 9) na (4, 8)
18 Jan 2025 22:36:44 GMT Długość listy pozycji: 9
Lista pozycji zwierząt: {(1, 2)=[>], (7, 9)=[<], (1, 3)=[>], (5, 7)=[v], (4, 8)=[v], (2, 6)=[v], (3, 8)=[<, v], (0, 5)=[◣], (7, 5)=[>]}
18 Jan 2025 22:36:44 GMT Zwierzę poruszyło się z (0, 2) na (1, 2)
18 Jan 2025 22:36:44 GMT Długość listy pozycji: 9
Lista pozycji zwierząt: {(1, 2)=[>], (7, 9)=[<], (1, 3)=[>], (5, 8)=[^], (4, 8)=[v], (2, 6)=[v], (3, 8)=[<, v], (0, 5)=[◣], (7, 5)=[>]}
18 Jan 2025 22:36:44 GMT Zwierzę poruszyło się z (5, 7) na (5, 8)
18 Jan 2025 22:36:44 GMT Długość listy pozycji: 8
Lista pozycji zwierząt: {(1, 2)=[v, >], (7, 9)=[<], (5, 8)=[^], (4, 8)=[v], (2, 6)=[v], (3, 8)=[<, v], (0, 5)=[◣], (7, 5)=[>]}
18 Jan 2025 22:36:44 GMT Zwierzę poruszyło się z (1, 3) na (1, 2)
18 Jan 2025 22:36:44 GMT Zwierzę zjadło roślinkę na (2, 6)
18 Jan 2025 22:36:44 GMT Zwierze zostało położone na (1, 2)
18 Jan 2025 22:36:44 GMT Urodziło się nowe zwierzę na (1, 2)
18 Jan 2025 22:36:44 GMT Zwierze zostało położone na (3, 8)
18 Jan 2025 22:36:44 GMT Urodziło się nowe zwierzę na (3, 8)
18 Jan 2025 22:36:44 GMT Roślinka wyrosła na (2, 2)
18 Jan 2025 22:36:44 GMT Roślinka wyrosła na (1, 2)
18 Jan 2025 22:36:44 GMT Roślinka wyrosła na (7, 8)
18 Jan 2025 22:36:44 GMT Roślinka wyrosła na (3, 2)
18 Jan 2025 22:36:44 GMT Roślinka wyrosła na (0, 1)
18 Jan 2025 22:36:44 GMT Roślinka wyrosła na (5, 0)
18 Jan 2025 22:36:44 GMT Roślinka wyrosła na (0, 2)
18 Jan 2025 22:36:44 GMT Roślinka wyrosła na (1, 8)
18 Jan 2025 22:36:44 GMT Roślinka wyrosła na (2, 1)
18 Jan 2025 22:36:44 GMT Roślinka wyrosła na (5, 2)
18 Jan 2025 22:36:45 GMT Zwierzę umarło na (1, 2)
18 Jan 2025 22:36:45 GMT Długość listy pozycji: 8
Lista pozycji zwierząt: {(1, 2)=[>, >], (7, 9)=[<], (5, 8)=[^], (4, 8)=[v, >], (2, 6)=[v], (3, 8)=[>, <, >], (0, 5)=[◣], (7, 5)=[>]}
18 Jan 2025 22:36:45 GMT Zwierzę poruszyło się z (3, 8) na (4, 8)
18 Jan 2025 22:36:45 GMT Długość listy pozycji: 8
Lista pozycji zwierząt: {(1, 2)=[>, >], (7, 9)=[<], (5, 8)=[^], (4, 8)=[v, >], (1, 6)=[<], (3, 8)=[>, <, >], (0, 5)=[◣], (7, 5)=[>]}
18 Jan 2025 22:36:45 GMT Zwierzę poruszyło się z (2, 6) na (1, 6)
18 Jan 2025 22:36:45 GMT Długość listy pozycji: 8
Lista pozycji zwierząt: {(8, 8)=[◢], (1, 2)=[>, >], (5, 8)=[^], (4, 8)=[v, >], (1, 6)=[<], (3, 8)=[>, <, >], (0, 5)=[◣], (7, 5)=[>]}
18 Jan 2025 22:36:45 GMT Zwierzę poruszyło się z (7, 9) na (8, 8)
18 Jan 2025 22:36:45 GMT Długość listy pozycji: 8
Lista pozycji zwierząt: {(8, 8)=[◢], (1, 2)=[>, >], (5, 8)=[^], (4, 8)=[v, >], (1, 6)=[<], (3, 8)=[>, <, >], (0, 5)=[◣], (6, 4)=[◣]}
18 Jan 2025 22:36:45 GMT Zwierzę poruszyło się z (7, 5) na (6, 4)
18 Jan 2025 22:36:45 GMT Długość listy pozycji: 8
Lista pozycji zwierząt: {(8, 8)=[◢], (1, 2)=[>, >], (5, 8)=[^], (4, 8)=[>], (1, 6)=[<], (3, 8)=[>, <, <, >], (0, 5)=[◣], (6, 4)=[◣]}
18 Jan 2025 22:36:45 GMT Zwierzę poruszyło się z (4, 8) na (3, 8)
18 Jan 2025 22:36:45 GMT Długość listy pozycji: 9
Lista pozycji zwierząt: {(8, 8)=[◢], (2, 3)=[◥], (1, 2)=[>], (5, 8)=[^], (4, 8)=[>], (1, 6)=[<], (3, 8)=[>, <, <, >], (0, 5)=[◣], (6, 4)=[◣]}
18 Jan 2025 22:36:45 GMT Zwierzę poruszyło się z (1, 2) na (2, 3)
18 Jan 2025 22:36:45 GMT Długość listy pozycji: 9
Lista pozycji zwierząt: {(8, 8)=[◢], (2, 3)=[◥], (1, 2)=[>], (5, 7)=[v], (4, 8)=[>], (1, 6)=[<], (3, 8)=[>, <, <, >], (0, 5)=[◣], (6, 4)=[◣]}
18 Jan 2025 22:36:45 GMT Zwierzę poruszyło się z (5, 8) na (5, 7)
18 Jan 2025 22:36:45 GMT Zwierzę zjadło roślinkę na (2, 3)
18 Jan 2025 22:36:45 GMT Zwierzę zjadło roślinkę na (1, 2)
18 Jan 2025 22:36:46 GMT Zwierze zostało położone na (3, 8)
18 Jan 2025 22:36:46 GMT Urodziło się nowe zwierzę na (3, 8)
18 Jan 2025 22:36:46 GMT Roślinka wyrosła na (7, 9)
18 Jan 2025 22:36:46 GMT Roślinka wyrosła na (9, 7)
18 Jan 2025 22:36:46 GMT Roślinka wyrosła na (2, 0)
18 Jan 2025 22:36:46 GMT Roślinka wyrosła na (9, 4)
18 Jan 2025 22:36:46 GMT Roślinka wyrosła na (3, 1)
18 Jan 2025 22:36:46 GMT Roślinka wyrosła na (3, 4)
18 Jan 2025 22:36:46 GMT Roślinka wyrosła na (3, 3)
18 Jan 2025 22:36:46 GMT Roślinka wyrosła na (5, 3)
18 Jan 2025 22:36:46 GMT Roślinka wyrosła na (0, 9)
18 Jan 2025 22:36:47 GMT Roślinka wyrosła na (0, 4)
18 Jan 2025 22:36:47 GMT Długość listy pozycji: 9
Lista pozycji zwierząt: {(8, 8)=[◢], (2, 3)=[◥], (1, 2)=[>], (5, 7)=[v], (4, 9)=[^], (1, 6)=[<], (3, 8)=[◢, >, <, <, ^], (0, 5)=[◣], (6, 4)=[◣]}
18 Jan 2025 22:36:47 GMT Zwierzę poruszyło się z (4, 8) na (4, 9)
18 Jan 2025 22:36:47 GMT Długość listy pozycji: 9
Lista pozycji zwierząt: {(8, 8)=[◢], (2, 3)=[◥], (1, 2)=[>], (5, 7)=[v], (4, 9)=[^], (3, 8)=[◢, >, <, <, ^], (0, 5)=[◣], (1, 7)=[^], (6, 4)=[◣]}
18 Jan 2025 22:36:47 GMT Zwierzę poruszyło się z (1, 6) na (1, 7)
18 Jan 2025 22:36:47 GMT Długość listy pozycji: 9
Lista pozycji zwierząt: {(8, 9)=[^], (2, 3)=[◥], (1, 2)=[>], (5, 7)=[v], (4, 9)=[^], (3, 8)=[◢, >, <, <, ^], (0, 5)=[◣], (1, 7)=[^], (6, 4)=[◣]}
18 Jan 2025 22:36:47 GMT Zwierzę poruszyło się z (8, 8) na (8, 9)
18 Jan 2025 22:36:47 GMT Długość listy pozycji: 9
Lista pozycji zwierząt: {(6, 5)=[^], (8, 9)=[^], (2, 3)=[◥], (1, 2)=[>], (5, 7)=[v], (4, 9)=[^], (3, 8)=[◢, >, <, <, ^], (0, 5)=[◣], (1, 7)=[^]}
18 Jan 2025 22:36:47 GMT Zwierzę poruszyło się z (6, 4) na (6, 5)
18 Jan 2025 22:36:47 GMT Długość listy pozycji: 10
Lista pozycji zwierząt: {(6, 5)=[^], (8, 9)=[^], (2, 3)=[◥], (1, 2)=[>], (5, 7)=[v], (4, 9)=[^], (3, 8)=[◢, >, ^, <, ^], (0, 5)=[◣], (3, 9)=[^], (1, 7)=[^]}
18 Jan 2025 22:36:47 GMT Zwierzę poruszyło się z (3, 8) na (3, 9)
18 Jan 2025 22:36:47 GMT Długość listy pozycji: 10
Lista pozycji zwierząt: {(6, 5)=[^], (8, 9)=[^], (1, 2)=[>], (2, 4)=[^], (5, 7)=[v], (4, 9)=[^], (3, 8)=[◢, >, ^, <, ^], (0, 5)=[◣], (3, 9)=[^], (1, 7)=[^]}
18 Jan 2025 22:36:47 GMT Zwierzę poruszyło się z (2, 3) na (2, 4)
18 Jan 2025 22:36:47 GMT Długość listy pozycji: 10
Lista pozycji zwierząt: {(6, 5)=[^], (8, 9)=[^], (1, 2)=[>], (2, 4)=[^], (5, 8)=[^], (4, 9)=[^], (3, 8)=[◢, >, ^, <, ^], (0, 5)=[◣], (3, 9)=[^], (1, 7)=[^]}
18 Jan 2025 22:36:47 GMT Zwierzę poruszyło się z (5, 7) na (5, 8)
18 Jan 2025 22:36:47 GMT Zwierzę zjadło roślinkę na (1, 7)
18 Jan 2025 22:36:48 GMT Zwierze zostało położone na (3, 8)
18 Jan 2025 22:36:48 GMT Urodziło się nowe zwierzę na (3, 8)
18 Jan 2025 22:36:48 GMT Roślinka wyrosła na (4, 0)
18 Jan 2025 22:36:48 GMT Roślinka wyrosła na (9, 0)
18 Jan 2025 22:36:48 GMT Roślinka wyrosła na (3, 8)
18 Jan 2025 22:36:48 GMT Roślinka wyrosła na (5, 1)
18 Jan 2025 22:36:48 GMT Roślinka wyrosła na (2, 7)
18 Jan 2025 22:36:48 GMT Roślinka wyrosła na (4, 8)
18 Jan 2025 22:36:48 GMT Roślinka wyrosła na (4, 2)
18 Jan 2025 22:36:48 GMT Roślinka wyrosła na (6, 9)
18 Jan 2025 22:36:48 GMT Roślinka wyrosła na (5, 8)
18 Jan 2025 22:36:48 GMT Roślinka wyrosła na (7, 3)
18 Jan 2025 22:36:48 GMT Długość listy pozycji: 9
Lista pozycji zwierząt: {(6, 5)=[^], (8, 9)=[^], (1, 2)=[>], (2, 4)=[^], (5, 8)=[^], (3, 8)=[◢, ◢, >, ^, <, <], (0, 5)=[◣], (3, 9)=[^, <], (1, 7)=[^]}
18 Jan 2025 22:36:48 GMT Zwierzę poruszyło się z (4, 9) na (3, 9)
18 Jan 2025 22:36:48 GMT Długość listy pozycji: 9
Lista pozycji zwierząt: {(6, 5)=[^], (8, 9)=[^], (1, 2)=[>], (2, 4)=[^], (5, 8)=[^], (2, 7)=[>], (3, 8)=[◢, ◢, >, ^, <, <], (0, 5)=[◣], (3, 9)=[^, <]}
18 Jan 2025 22:36:48 GMT Zwierzę poruszyło się z (1, 7) na (2, 7)
18 Jan 2025 22:36:48 GMT Długość listy pozycji: 9
Lista pozycji zwierząt: {(6, 5)=[^], (7, 8)=[◣], (1, 2)=[>], (2, 4)=[^], (5, 8)=[^], (2, 7)=[>], (3, 8)=[◢, ◢, >, ^, <, <], (0, 5)=[◣], (3, 9)=[^, <]}
18 Jan 2025 22:36:48 GMT Zwierzę poruszyło się z (8, 9) na (7, 8)
18 Jan 2025 22:36:48 GMT Długość listy pozycji: 9
Lista pozycji zwierząt: {(7, 8)=[◣], (1, 2)=[>], (2, 4)=[^], (5, 8)=[^], (2, 7)=[>], (3, 8)=[◢, ◢, >, ^, <, <], (0, 5)=[◣], (3, 9)=[^, <], (7, 4)=[◢]}
18 Jan 2025 22:36:48 GMT Zwierzę poruszyło się z (6, 5) na (7, 4)
18 Jan 2025 22:36:48 GMT Długość listy pozycji: 10
Lista pozycji zwierząt: {(7, 8)=[◣], (1, 2)=[>], (2, 4)=[^], (5, 8)=[^], (4, 9)=[>], (2, 7)=[>], (3, 8)=[◢, ◢, >, >, <, <], (0, 5)=[◣], (3, 9)=[<], (7, 4)=[◢]}
18 Jan 2025 22:36:48 GMT Zwierzę poruszyło się z (3, 9) na (4, 9)
18 Jan 2025 22:36:49 GMT Długość listy pozycji: 10
Lista pozycji zwierząt: {(7, 8)=[◣], (1, 2)=[>], (5, 8)=[^], (1, 5)=[◤], (4, 9)=[>], (2, 7)=[>], (3, 8)=[◢, ◢, >, >, <, <], (0, 5)=[◣], (3, 9)=[<], (7, 4)=[◢]}
18 Jan 2025 22:36:49 GMT Zwierzę poruszyło się z (2, 4) na (1, 5)
18 Jan 2025 22:36:49 GMT Długość listy pozycji: 10
Lista pozycji zwierząt: {(7, 8)=[◣], (1, 2)=[>], (5, 7)=[v], (1, 5)=[◤], (4, 9)=[>], (2, 7)=[>], (3, 8)=[◢, ◢, >, >, <, <], (0, 5)=[◣], (3, 9)=[<], (7, 4)=[◢]}
18 Jan 2025 22:36:49 GMT Zwierzę poruszyło się z (5, 8) na (5, 7)
18 Jan 2025 22:36:49 GMT Zwierzę zjadło roślinkę na (7, 8)
18 Jan 2025 22:36:49 GMT Zwierzę zjadło roślinkę na (1, 5)
18 Jan 2025 22:36:49 GMT Zwierzę zjadło roślinkę na (2, 7)
18 Jan 2025 22:36:49 GMT Zwierzę zjadło roślinkę na (3, 8)
18 Jan 2025 22:36:49 GMT Zwierze zostało położone na (3, 8)
18 Jan 2025 22:36:49 GMT Urodziło się nowe zwierzę na (3, 8)
18 Jan 2025 22:36:49 GMT Roślinka wyrosła na (8, 4)
18 Jan 2025 22:36:49 GMT Roślinka wyrosła na (8, 8)
18 Jan 2025 22:36:49 GMT Roślinka wyrosła na (2, 4)
18 Jan 2025 22:36:49 GMT Roślinka wyrosła na (0, 7)
18 Jan 2025 22:36:49 GMT Roślinka wyrosła na (8, 9)
18 Jan 2025 22:36:49 GMT Roślinka wyrosła na (4, 9)
18 Jan 2025 22:36:49 GMT Roślinka wyrosła na (3, 9)
18 Jan 2025 22:36:49 GMT Roślinka wyrosła na (6, 4)
18 Jan 2025 22:36:49 GMT Roślinka wyrosła na (8, 7)
18 Jan 2025 22:36:49 GMT Roślinka wyrosła na (3, 7)
18 Jan 2025 22:36:50 GMT Długość listy pozycji: 9
Lista pozycji zwierząt: {(7, 8)=[◣], (1, 2)=[>], (5, 7)=[v], (1, 5)=[◤], (4, 9)=[>], (2, 7)=[>], (3, 8)=[>, ◢, v, ◢, >, >, <, v], (0, 5)=[◣], (7, 4)=[◢]}
18 Jan 2025 22:36:50 GMT Zwierzę poruszyło się z (3, 9) na (3, 8)
18 Jan 2025 22:36:50 GMT Długość listy pozycji: 9
Lista pozycji zwierząt: {(7, 8)=[◣], (1, 2)=[>], (5, 7)=[v], (2, 6)=[v], (1, 5)=[◤], (4, 9)=[>], (3, 8)=[>, ◢, v, ◢, >, >, <, v], (0, 5)=[◣], (7, 4)=[◢]}
18 Jan 2025 22:36:50 GMT Zwierzę poruszyło się z (2, 7) na (2, 6)
18 Jan 2025 22:36:50 GMT Długość listy pozycji: 9
Lista pozycji zwierząt: {(8, 8)=[>], (1, 2)=[>], (5, 7)=[v], (2, 6)=[v], (1, 5)=[◤], (4, 9)=[>], (3, 8)=[>, ◢, v, ◢, >, >, <, v], (0, 5)=[◣], (7, 4)=[◢]}
18 Jan 2025 22:36:50 GMT Zwierzę poruszyło się z (7, 8) na (8, 8)
18 Jan 2025 22:36:50 GMT Długość listy pozycji: 9
Lista pozycji zwierząt: {(8, 8)=[>], (1, 2)=[>], (5, 7)=[v], (2, 6)=[v], (1, 5)=[◤], (4, 9)=[>], (3, 8)=[>, ◢, v, ◢, >, >, <, v], (0, 5)=[◣], (6, 4)=[<]}
18 Jan 2025 22:36:50 GMT Zwierzę poruszyło się z (7, 4) na (6, 4)
18 Jan 2025 22:36:50 GMT Długość listy pozycji: 9
Lista pozycji zwierząt: {(8, 8)=[>], (1, 2)=[>], (5, 7)=[v], (4, 8)=[v], (2, 6)=[v], (1, 5)=[◤], (3, 8)=[>, ◢, v, ◢, >, v, <, v], (0, 5)=[◣], (6, 4)=[<]}
18 Jan 2025 22:36:50 GMT Zwierzę poruszyło się z (4, 9) na (4, 8)
18 Jan 2025 22:36:50 GMT Długość listy pozycji: 8
Lista pozycji zwierząt: {(8, 8)=[>], (1, 2)=[>], (5, 7)=[v], (4, 8)=[v], (2, 6)=[v], (3, 8)=[>, ◢, v, ◢, >, v, <, v], (0, 5)=[◣, <], (6, 4)=[<]}
18 Jan 2025 22:36:50 GMT Zwierzę poruszyło się z (1, 5) na (0, 5)
18 Jan 2025 22:36:50 GMT Długość listy pozycji: 8
Lista pozycji zwierząt: {(8, 8)=[>], (1, 2)=[>], (5, 8)=[^], (4, 8)=[v], (2, 6)=[v], (3, 8)=[>, ◢, v, ◢, >, v, <, v], (0, 5)=[◣, <], (6, 4)=[<]}
18 Jan 2025 22:36:50 GMT Zwierzę poruszyło się z (5, 7) na (5, 8)
18 Jan 2025 22:36:50 GMT Zwierzę zjadło roślinkę na (8, 8)
18 Jan 2025 22:36:50 GMT Zwierzę zjadło roślinkę na (5, 8)
18 Jan 2025 22:36:50 GMT Zwierzę zjadło roślinkę na (4, 8)
18 Jan 2025 22:36:50 GMT Zwierzę zjadło roślinkę na (6, 4)
18 Jan 2025 22:36:51 GMT Zwierze zostało położone na (3, 8)
18 Jan 2025 22:36:51 GMT Urodziło się nowe zwierzę na (3, 8)
18 Jan 2025 22:36:51 GMT Zwierze zostało położone na (0, 5)
18 Jan 2025 22:36:51 GMT Urodziło się nowe zwierzę na (0, 5)
18 Jan 2025 22:36:51 GMT Roślinka wyrosła na (8, 0)
18 Jan 2025 22:36:51 GMT Roślinka wyrosła na (6, 2)
18 Jan 2025 22:36:51 GMT Roślinka wyrosła na (1, 9)
18 Jan 2025 22:36:51 GMT Roślinka wyrosła na (9, 3)
18 Jan 2025 22:36:51 GMT Roślinka wyrosła na (5, 7)
18 Jan 2025 22:36:51 GMT Roślinka wyrosła na (9, 2)
18 Jan 2025 22:36:51 GMT Roślinka wyrosła na (4, 7)
18 Jan 2025 22:36:51 GMT Roślinka wyrosła na (0, 8)
18 Jan 2025 22:36:51 GMT Roślinka wyrosła na (1, 1)
18 Jan 2025 22:36:51 GMT Roślinka wyrosła na (8, 3)
18 Jan 2025 22:36:51 GMT Długość listy pozycji: 8
Lista pozycji zwierząt: {(8, 8)=[>], (1, 2)=[>], (5, 8)=[^], (4, 8)=[v, >], (2, 6)=[v], (3, 8)=[<, >, ◢, ◢, >, v, <, >], (0, 5)=[◣, <, ◥], (6, 4)=[<]}
18 Jan 2025 22:36:51 GMT Zwierzę poruszyło się z (3, 8) na (4, 8)
18 Jan 2025 22:36:51 GMT Długość listy pozycji: 8
Lista pozycji zwierząt: {(8, 8)=[>], (1, 2)=[>], (5, 8)=[^], (4, 8)=[v, >], (1, 6)=[<], (3, 8)=[<, >, ◢, ◢, >, v, <, >], (0, 5)=[◣, <, ◥], (6, 4)=[<]}
18 Jan 2025 22:36:51 GMT Zwierzę poruszyło się z (2, 6) na (1, 6)
18 Jan 2025 22:36:51 GMT Długość listy pozycji: 8
Lista pozycji zwierząt: {(1, 2)=[>], (7, 9)=[◤], (5, 8)=[^], (4, 8)=[v, >], (1, 6)=[<], (3, 8)=[<, >, ◢, ◢, >, v, <, >], (0, 5)=[◣, <, ◥], (6, 4)=[<]}
18 Jan 2025 22:36:51 GMT Zwierzę poruszyło się z (8, 8) na (7, 9)
18 Jan 2025 22:36:51 GMT Długość listy pozycji: 8
Lista pozycji zwierząt: {(1, 2)=[>], (7, 9)=[◤], (5, 8)=[^], (4, 8)=[v, >], (1, 6)=[<], (3, 8)=[<, >, ◢, ◢, >, v, <, >], (0, 5)=[◣, <, ◥], (7, 5)=[◥]}
18 Jan 2025 22:36:51 GMT Zwierzę poruszyło się z (6, 4) na (7, 5)
18 Jan 2025 22:36:51 GMT Długość listy pozycji: 8
Lista pozycji zwierząt: {(1, 2)=[>], (7, 9)=[◤], (5, 8)=[^], (4, 8)=[>], (1, 6)=[<], (3, 8)=[<, <, >, ◢, ◢, >, <, <, >], (0, 5)=[◣, <, ◥], (7, 5)=[◥]}
18 Jan 2025 22:36:51 GMT Zwierzę poruszyło się z (4, 8) na (3, 8)
18 Jan 2025 22:36:52 GMT Długość listy pozycji: 9
Lista pozycji zwierząt: {(1, 2)=[>], (7, 9)=[◤], (5, 8)=[^], (4, 8)=[>], (1, 6)=[<], (3, 8)=[<, <, >, ◢, ◢, >, <, <, >], (0, 5)=[◣, ◥], (9, 4)=[◣], (7, 5)=[◥]}
18 Jan 2025 22:36:52 GMT Zwierzę poruszyło się z (0, 5) na (9, 4)
18 Jan 2025 22:36:52 GMT Długość listy pozycji: 9
Lista pozycji zwierząt: {(1, 2)=[>], (5, 7)=[v], (7, 9)=[◤], (4, 8)=[>], (1, 6)=[<], (3, 8)=[<, <, >, ◢, ◢, >, <, <, >], (0, 5)=[◣, ◥], (9, 4)=[◣], (7, 5)=[◥]}
18 Jan 2025 22:36:52 GMT Zwierzę poruszyło się z (5, 8) na (5, 7)
18 Jan 2025 22:36:52 GMT Zwierzę zjadło roślinkę na (5, 7)
18 Jan 2025 22:36:52 GMT Zwierzę zjadło roślinkę na (7, 9)
18 Jan 2025 22:36:52 GMT Zwierzę zjadło roślinkę na (9, 4)
18 Jan 2025 22:36:52 GMT Zwierze zostało położone na (3, 8)
18 Jan 2025 22:36:52 GMT Urodziło się nowe zwierzę na (3, 8)
18 Jan 2025 22:36:52 GMT Zwierze zostało położone na (0, 5)
18 Jan 2025 22:36:52 GMT Urodziło się nowe zwierzę na (0, 5)
18 Jan 2025 22:36:52 GMT Roślinka wyrosła na null
18 Jan 2025 22:36:52 GMT Roślinka wyrosła na null
18 Jan 2025 22:36:52 GMT Roślinka wyrosła na null
18 Jan 2025 22:36:52 GMT Roślinka wyrosła na null
18 Jan 2025 22:36:52 GMT Roślinka wyrosła na null
18 Jan 2025 22:36:52 GMT Roślinka wyrosła na null
18 Jan 2025 22:36:52 GMT Roślinka wyrosła na null
18 Jan 2025 22:36:52 GMT Roślinka wyrosła na null
18 Jan 2025 22:36:52 GMT Roślinka wyrosła na null
18 Jan 2025 22:36:52 GMT Roślinka wyrosła na null
18 Jan 2025 22:36:52 GMT Zwierzę umarło na (4, 8)
18 Jan 2025 22:36:52 GMT Długość listy pozycji: 9
Lista pozycji zwierząt: {(1, 2)=[>], (5, 7)=[v], (7, 9)=[◤], (4, 8)=[], (3, 8)=[◣, <, <, >, ◢, ◢, >, <, <, >], (0, 5)=[>, ◥, ◣], (1, 7)=[^], (9, 4)=[◣], (7, 5)=[◥]}
18 Jan 2025 22:36:52 GMT Zwierzę poruszyło się z (1, 6) na (1, 7)
18 Jan 2025 22:36:52 GMT Długość listy pozycji: 9
Lista pozycji zwierząt: {(7, 8)=[v], (1, 2)=[>], (5, 7)=[v], (4, 8)=[], (3, 8)=[◣, <, <, >, ◢, ◢, >, <, <, >], (0, 5)=[>, ◥, ◣], (1, 7)=[^], (9, 4)=[◣], (7, 5)=[◥]}
18 Jan 2025 22:36:52 GMT Zwierzę poruszyło się z (7, 9) na (7, 8)
18 Jan 2025 22:36:53 GMT Długość listy pozycji: 9
Lista pozycji zwierząt: {(7, 8)=[v], (1, 2)=[>], (5, 7)=[v], (4, 8)=[], (3, 8)=[◣, <, <, >, ◢, ◢, >, <, <, >], (0, 5)=[>, ◥, ◣], (1, 7)=[^], (9, 4)=[◣], (7, 4)=[v]}
18 Jan 2025 22:36:53 GMT Zwierzę poruszyło się z (7, 5) na (7, 4)
18 Jan 2025 22:36:53 GMT Długość listy pozycji: 10
Lista pozycji zwierząt: {(7, 8)=[v], (1, 2)=[>], (5, 7)=[v], (4, 8)=[], (3, 8)=[◣, <, ^, >, ◢, ◢, >, ^, <, >], (0, 5)=[>, ◥, ◣], (3, 9)=[^], (1, 7)=[^], (9, 4)=[◣], (7, 4)=[v]}
18 Jan 2025 22:36:53 GMT Zwierzę poruszyło się z (3, 8) na (3, 9)
18 Jan 2025 22:36:53 GMT Długość listy pozycji: 10
Lista pozycji zwierząt: {(7, 8)=[v], (1, 2)=[>], (5, 7)=[v], (4, 8)=[], (3, 8)=[◣, <, ^, >, ◢, ◢, >, ^, <, >], (0, 5)=[>, ◥, ◣], (3, 9)=[^], (1, 7)=[^], (9, 3)=[v], (7, 4)=[v]}
18 Jan 2025 22:36:53 GMT Zwierzę poruszyło się z (9, 4) na (9, 3)
18 Jan 2025 22:36:53 GMT Długość listy pozycji: 10
Lista pozycji zwierząt: {(7, 8)=[v], (1, 2)=[>], (5, 8)=[^], (4, 8)=[], (3, 8)=[◣, <, ^, >, ◢, ◢, >, ^, <, >], (0, 5)=[>, ◥, ◣], (3, 9)=[^], (1, 7)=[^], (9, 3)=[v], (7, 4)=[v]}
18 Jan 2025 22:36:53 GMT Zwierzę poruszyło się z (5, 7) na (5, 8)
18 Jan 2025 22:36:53 GMT Zwierzę zjadło roślinkę na (3, 9)
18 Jan 2025 22:36:53 GMT Zwierzę zjadło roślinkę na (9, 3)
18 Jan 2025 22:36:53 GMT Zwierze zostało położone na (3, 8)
18 Jan 2025 22:36:53 GMT Urodziło się nowe zwierzę na (3, 8)
18 Jan 2025 22:36:53 GMT Zwierze zostało położone na (0, 5)
18 Jan 2025 22:36:53 GMT Urodziło się nowe zwierzę na (0, 5)
18 Jan 2025 22:36:53 GMT Roślinka wyrosła na null
18 Jan 2025 22:36:53 GMT Roślinka wyrosła na null
18 Jan 2025 22:36:53 GMT Roślinka wyrosła na null
18 Jan 2025 22:36:53 GMT Roślinka wyrosła na null
18 Jan 2025 22:36:53 GMT Roślinka wyrosła na null
18 Jan 2025 22:36:54 GMT Roślinka wyrosła na null
18 Jan 2025 22:36:54 GMT Roślinka wyrosła na null
18 Jan 2025 22:36:54 GMT Roślinka wyrosła na null
18 Jan 2025 22:36:54 GMT Roślinka wyrosła na null
18 Jan 2025 22:36:54 GMT Roślinka wyrosła na null
18 Jan 2025 22:36:54 GMT Długość listy pozycji: 10
Lista pozycji zwierząt: {(7, 8)=[v], (1, 2)=[>], (5, 8)=[^], (4, 8)=[], (2, 7)=[>], (3, 8)=[◤, ◣, <, ^, >, ◢, ◢, >, ^, <, >], (0, 5)=[◣, >, ◥, ◣], (3, 9)=[^], (9, 3)=[v], (7, 4)=[v]}
18 Jan 2025 22:36:54 GMT Zwierzę poruszyło się z (1, 7) na (2, 7)
18 Jan 2025 22:36:54 GMT Długość listy pozycji: 10
Lista pozycji zwierząt: {(8, 9)=[◥], (1, 2)=[>], (5, 8)=[^], (4, 8)=[], (2, 7)=[>], (3, 8)=[◤, ◣, <, ^, >, ◢, ◢, >, ^, <, >], (0, 5)=[◣, >, ◥, ◣], (3, 9)=[^], (9, 3)=[v], (7, 4)=[v]}
18 Jan 2025 22:36:54 GMT Zwierzę poruszyło się z (7, 8) na (8, 9)
18 Jan 2025 22:36:54 GMT Długość listy pozycji: 10
Lista pozycji zwierząt: {(6, 5)=[◤], (8, 9)=[◥], (1, 2)=[>], (5, 8)=[^], (4, 8)=[], (2, 7)=[>], (3, 8)=[◤, ◣, <, ^, >, ◢, ◢, >, ^, <, >], (0, 5)=[◣, >, ◥, ◣], (3, 9)=[^], (9, 3)=[v]}
18 Jan 2025 22:36:54 GMT Zwierzę poruszyło się z (7, 4) na (6, 5)
18 Jan 2025 22:36:54 GMT Długość listy pozycji: 10
Lista pozycji zwierząt: {(6, 5)=[◤], (8, 9)=[◥], (1, 2)=[>], (5, 8)=[^], (4, 8)=[], (4, 9)=[>], (2, 7)=[>], (3, 8)=[◤, ◣, <, >, >, ◢, ◢, >, >, <, >], (0, 5)=[◣, >, ◥, ◣], (9, 3)=[v]}
18 Jan 2025 22:36:54 GMT Zwierzę poruszyło się z (3, 9) na (4, 9)
18 Jan 2025 22:36:54 GMT Długość listy pozycji: 10
Lista pozycji zwierząt: {(6, 5)=[◤], (8, 9)=[◥], (1, 2)=[>], (0, 2)=[◢], (5, 8)=[^], (4, 8)=[], (4, 9)=[>], (2, 7)=[>], (3, 8)=[◤, ◣, <, >, >, ◢, ◢, >, >, <, >], (0, 5)=[◣, >, ◥, ◣]}
18 Jan 2025 22:36:54 GMT Zwierzę poruszyło się z (9, 3) na (0, 2)
18 Jan 2025 22:36:54 GMT Długość listy pozycji: 10
Lista pozycji zwierząt: {(6, 5)=[◤], (8, 9)=[◥], (1, 2)=[>], (5, 7)=[v], (0, 2)=[◢], (4, 8)=[], (4, 9)=[>], (2, 7)=[>], (3, 8)=[◤, ◣, <, >, >, ◢, ◢, >, >, <, >], (0, 5)=[◣, >, ◥, ◣]}
18 Jan 2025 22:36:54 GMT Zwierzę poruszyło się z (5, 8) na (5, 7)
18 Jan 2025 22:36:54 GMT Zwierzę zjadło roślinkę na (8, 9)
18 Jan 2025 22:36:54 GMT Zwierzę zjadło roślinkę na (0, 2)
18 Jan 2025 22:36:54 GMT Zwierzę zjadło roślinkę na (4, 9)
18 Jan 2025 22:36:55 GMT Zwierze zostało położone na (3, 8)
18 Jan 2025 22:36:55 GMT Urodziło się nowe zwierzę na (3, 8)
18 Jan 2025 22:36:55 GMT Zwierze zostało położone na (0, 5)
18 Jan 2025 22:36:55 GMT Urodziło się nowe zwierzę na (0, 5)
18 Jan 2025 22:36:55 GMT Roślinka wyrosła na null
18 Jan 2025 22:36:55 GMT Roślinka wyrosła na null
18 Jan 2025 22:36:55 GMT Roślinka wyrosła na null
18 Jan 2025 22:36:55 GMT Roślinka wyrosła na null
18 Jan 2025 22:36:55 GMT Roślinka wyrosła na null
18 Jan 2025 22:36:55 GMT Roślinka wyrosła na null
18 Jan 2025 22:36:55 GMT Roślinka wyrosła na null
18 Jan 2025 22:36:55 GMT Roślinka wyrosła na null
18 Jan 2025 22:36:55 GMT Roślinka wyrosła na null
18 Jan 2025 22:36:55 GMT Roślinka wyrosła na null
18 Jan 2025 22:36:55 GMT Długość listy pozycji: 10
Lista pozycji zwierząt: {(6, 5)=[◤], (8, 9)=[◥], (1, 2)=[>], (5, 7)=[v], (0, 2)=[◢], (2, 6)=[v], (4, 8)=[], (4, 9)=[>], (3, 8)=[◤, ◤, ◣, <, >, >, ◢, ◢, >, >, <, >], (0, 5)=[◣, ◣, >, ◥, ◣]}
18 Jan 2025 22:36:55 GMT Zwierzę poruszyło się z (2, 7) na (2, 6)
18 Jan 2025 22:36:55 GMT Długość listy pozycji: 10
Lista pozycji zwierząt: {(6, 5)=[◤], (1, 2)=[>], (7, 9)=[<], (5, 7)=[v], (0, 2)=[◢], (2, 6)=[v], (4, 8)=[], (4, 9)=[>], (3, 8)=[◤, ◤, ◣, <, >, >, ◢, ◢, >, >, <, >], (0, 5)=[◣, ◣, >, ◥, ◣]}
18 Jan 2025 22:36:55 GMT Zwierzę poruszyło się z (8, 9) na (7, 9)
18 Jan 2025 22:36:55 GMT Długość listy pozycji: 10
Lista pozycji zwierząt: {(1, 2)=[>], (7, 9)=[<], (5, 7)=[v], (0, 2)=[◢], (2, 6)=[v], (4, 8)=[], (4, 9)=[>], (3, 8)=[◤, ◤, ◣, <, >, >, ◢, ◢, >, >, <, >], (0, 5)=[◣, ◣, >, ◥, ◣], (7, 5)=[>]}
18 Jan 2025 22:36:55 GMT Zwierzę poruszyło się z (6, 5) na (7, 5)
18 Jan 2025 22:36:56 GMT Długość listy pozycji: 9
Lista pozycji zwierząt: {(1, 2)=[>], (7, 9)=[<], (5, 7)=[v], (0, 2)=[◢], (2, 6)=[v], (4, 8)=[v], (3, 8)=[◤, ◤, ◣, <, v, >, ◢, ◢, >, v, <, >], (0, 5)=[◣, ◣, >, ◥, ◣], (7, 5)=[>]}
18 Jan 2025 22:36:56 GMT Zwierzę poruszyło się z (4, 9) na (4, 8)
18 Jan 2025 22:36:56 GMT Długość listy pozycji: 8
Lista pozycji zwierząt: {(1, 2)=[>, >], (7, 9)=[<], (5, 7)=[v], (2, 6)=[v], (4, 8)=[v], (3, 8)=[◤, ◤, ◣, <, v, >, ◢, ◢, >, v, <, >], (0, 5)=[◣, ◣, >, ◥, ◣], (7, 5)=[>]}
18 Jan 2025 22:36:56 GMT Zwierzę poruszyło się z (0, 2) na (1, 2)
18 Jan 2025 22:36:56 GMT Długość listy pozycji: 8
Lista pozycji zwierząt: {(1, 2)=[>, >], (7, 9)=[<], (5, 8)=[^], (2, 6)=[v], (4, 8)=[v], (3, 8)=[◤, ◤, ◣, <, v, >, ◢, ◢, >, v, <, >], (0, 5)=[◣, ◣, >, ◥, ◣], (7, 5)=[>]}
18 Jan 2025 22:36:56 GMT Zwierzę poruszyło się z (5, 7) na (5, 8)
18 Jan 2025 22:36:56 GMT Zwierze zostało położone na (1, 2)
18 Jan 2025 22:36:56 GMT Urodziło się nowe zwierzę na (1, 2)
18 Jan 2025 22:36:56 GMT Zwierze zostało położone na (3, 8)
18 Jan 2025 22:36:56 GMT Urodziło się nowe zwierzę na (3, 8)
18 Jan 2025 22:36:56 GMT Zwierze zostało położone na (0, 5)
18 Jan 2025 22:36:56 GMT Urodziło się nowe zwierzę na (0, 5)
18 Jan 2025 22:36:56 GMT Roślinka wyrosła na null
18 Jan 2025 22:36:56 GMT Roślinka wyrosła na null
18 Jan 2025 22:36:56 GMT Roślinka wyrosła na null
18 Jan 2025 22:36:56 GMT Roślinka wyrosła na null
18 Jan 2025 22:36:56 GMT Roślinka wyrosła na null
18 Jan 2025 22:36:56 GMT Roślinka wyrosła na null
18 Jan 2025 22:36:56 GMT Roślinka wyrosła na null
18 Jan 2025 22:36:56 GMT Roślinka wyrosła na null
18 Jan 2025 22:36:56 GMT Roślinka wyrosła na null
18 Jan 2025 22:36:56 GMT Roślinka wyrosła na null
18 Jan 2025 22:36:57 GMT Długość listy pozycji: 8
Lista pozycji zwierząt: {(1, 2)=[>, >, ◣], (7, 9)=[<], (5, 8)=[^], (4, 8)=[v], (1, 6)=[<], (3, 8)=[◢, ◤, ◤, ◣, <, v, >, ◢, ◢, >, v, <, >], (0, 5)=[◣, ◣, ◣, >, ◥, ◣], (7, 5)=[>]}
18 Jan 2025 22:36:57 GMT Zwierzę poruszyło się z (2, 6) na (1, 6)
18 Jan 2025 22:36:57 GMT Długość listy pozycji: 8
Lista pozycji zwierząt: {(8, 8)=[◢], (1, 2)=[>, >, ◣], (5, 8)=[^], (4, 8)=[v], (1, 6)=[<], (3, 8)=[◢, ◤, ◤, ◣, <, v, >, ◢, ◢, >, v, <, >], (0, 5)=[◣, ◣, ◣, >, ◥, ◣], (7, 5)=[>]}
18 Jan 2025 22:36:57 GMT Zwierzę poruszyło się z (7, 9) na (8, 8)
18 Jan 2025 22:36:57 GMT Długość listy pozycji: 8
Lista pozycji zwierząt: {(8, 8)=[◢], (1, 2)=[>, >, ◣], (5, 8)=[^], (4, 8)=[v], (1, 6)=[<], (3, 8)=[◢, ◤, ◤, ◣, <, v, >, ◢, ◢, >, v, <, >], (0, 5)=[◣, ◣, ◣, >, ◥, ◣], (6, 4)=[◣]}
18 Jan 2025 22:36:57 GMT Zwierzę poruszyło się z (7, 5) na (6, 4)
18 Jan 2025 22:36:57 GMT Długość listy pozycji: 7
Lista pozycji zwierząt: {(8, 8)=[◢], (1, 2)=[>, >, ◣], (5, 8)=[^], (1, 6)=[<], (3, 8)=[<, ◢, ◤, ◤, ◣, <, <, >, ◢, ◢, >, <, <, >], (0, 5)=[◣, ◣, ◣, >, ◥, ◣], (6, 4)=[◣]}
18 Jan 2025 22:36:57 GMT Zwierzę poruszyło się z (4, 8) na (3, 8)
18 Jan 2025 22:36:57 GMT Długość listy pozycji: 8
Lista pozycji zwierząt: {(8, 8)=[◢], (2, 3)=[◥], (1, 2)=[◥, >, ◣], (5, 8)=[^], (1, 6)=[<], (3, 8)=[<, ◢, ◤, ◤, ◣, <, <, >, ◢, ◢, >, <, <, >], (0, 5)=[◣, ◣, ◣, >, ◥, ◣], (6, 4)=[◣]}
18 Jan 2025 22:36:57 GMT Zwierzę poruszyło się z (1, 2) na (2, 3)
18 Jan 2025 22:36:57 GMT Długość listy pozycji: 8
Lista pozycji zwierząt: {(8, 8)=[◢], (2, 3)=[◥], (1, 2)=[◥, >, ◣], (5, 7)=[v], (1, 6)=[<], (3, 8)=[<, ◢, ◤, ◤, ◣, <, <, >, ◢, ◢, >, <, <, >], (0, 5)=[◣, ◣, ◣, >, ◥, ◣], (6, 4)=[◣]}
18 Jan 2025 22:36:57 GMT Zwierzę poruszyło się z (5, 8) na (5, 7)
18 Jan 2025 22:36:57 GMT Zwierze zostało położone na (2, 3)
18 Jan 2025 22:36:57 GMT Urodziło się nowe zwierzę na (1, 2)
18 Jan 2025 22:36:57 GMT Zwierze zostało położone na (3, 8)
18 Jan 2025 22:36:57 GMT Urodziło się nowe zwierzę na (3, 8)
18 Jan 2025 22:36:58 GMT Zwierze zostało położone na (0, 5)
18 Jan 2025 22:36:58 GMT Urodziło się nowe zwierzę na (0, 5)
18 Jan 2025 22:36:58 GMT Roślinka wyrosła na null
18 Jan 2025 22:36:58 GMT Roślinka wyrosła na null
18 Jan 2025 22:36:58 GMT Roślinka wyrosła na null
18 Jan 2025 22:36:58 GMT Roślinka wyrosła na null
18 Jan 2025 22:36:58 GMT Roślinka wyrosła na null
18 Jan 2025 22:36:58 GMT Roślinka wyrosła na null
18 Jan 2025 22:36:58 GMT Roślinka wyrosła na null
18 Jan 2025 22:36:58 GMT Roślinka wyrosła na null
18 Jan 2025 22:36:58 GMT Roślinka wyrosła na null
18 Jan 2025 22:36:58 GMT Roślinka wyrosła na null
18 Jan 2025 22:36:58 GMT Długość listy pozycji: 8
Lista pozycji zwierząt: {(8, 8)=[◢], (2, 3)=[>, ◥], (1, 2)=[>, ◥, ◣], (5, 7)=[v], (3, 8)=[<, ◢, ◤, ◤, ◤, ◣, <, <, >, ◢, ◢, >, <, <, >], (0, 5)=[◢, ◣, ◣, ◣, >, ◥, ◣], (1, 7)=[^], (6, 4)=[◣]}
18 Jan 2025 22:36:58 GMT Zwierzę poruszyło się z (1, 6) na (1, 7)
18 Jan 2025 22:36:58 GMT Długość listy pozycji: 8
Lista pozycji zwierząt: {(8, 9)=[^], (2, 3)=[>, ◥], (1, 2)=[>, ◥, ◣], (5, 7)=[v], (3, 8)=[<, ◢, ◤, ◤, ◤, ◣, <, <, >, ◢, ◢, >, <, <, >], (0, 5)=[◢, ◣, ◣, ◣, >, ◥, ◣], (1, 7)=[^], (6, 4)=[◣]}
18 Jan 2025 22:36:58 GMT Zwierzę poruszyło się z (8, 8) na (8, 9)
18 Jan 2025 22:36:58 GMT Długość listy pozycji: 8
Lista pozycji zwierząt: {(6, 5)=[^], (8, 9)=[^], (2, 3)=[>, ◥], (1, 2)=[>, ◥, ◣], (5, 7)=[v], (3, 8)=[<, ◢, ◤, ◤, ◤, ◣, <, <, >, ◢, ◢, >, <, <, >], (0, 5)=[◢, ◣, ◣, ◣, >, ◥, ◣], (1, 7)=[^]}
18 Jan 2025 22:36:58 GMT Zwierzę poruszyło się z (6, 4) na (6, 5)
18 Jan 2025 22:36:58 GMT Długość listy pozycji: 9
Lista pozycji zwierząt: {(6, 5)=[^], (8, 9)=[^], (2, 3)=[>, ◥], (1, 2)=[>, ◥, ◣], (5, 7)=[v], (3, 8)=[^, ◢, ◤, ◤, ◤, ◣, <, ^, >, ◢, ◢, >, ^, <, >], (0, 5)=[◢, ◣, ◣, ◣, >, ◥, ◣], (3, 9)=[^], (1, 7)=[^]}
18 Jan 2025 22:36:58 GMT Zwierzę poruszyło się z (3, 8) na (3, 9)
18 Jan 2025 22:36:58 GMT Długość listy pozycji: 10
Lista pozycji zwierząt: {(6, 5)=[^], (8, 9)=[^], (2, 3)=[>], (1, 2)=[>, ^, ◣], (2, 4)=[^], (5, 7)=[v], (3, 8)=[^, ◢, ◤, ◤, ◤, ◣, <, ^, >, ◢, ◢, >, ^, <, >], (0, 5)=[◢, ◣, ◣, ◣, >, ◥, ◣], (3, 9)=[^], (1, 7)=[^]}
18 Jan 2025 22:36:58 GMT Zwierzę poruszyło się z (2, 3) na (2, 4)
18 Jan 2025 22:36:58 GMT Długość listy pozycji: 10
Lista pozycji zwierząt: {(6, 5)=[^], (8, 9)=[^], (2, 3)=[>], (1, 2)=[>, ^, ◣], (2, 4)=[^], (5, 8)=[^], (3, 8)=[^, ◢, ◤, ◤, ◤, ◣, <, ^, >, ◢, ◢, >, ^, <, >], (0, 5)=[◢, ◣, ◣, ◣, >, ◥, ◣], (3, 9)=[^], (1, 7)=[^]}
18 Jan 2025 22:36:58 GMT Zwierzę poruszyło się z (5, 7) na (5, 8)
18 Jan 2025 22:36:59 GMT Zwierzę zjadło roślinkę na (2, 4)
18 Jan 2025 22:36:59 GMT Zwierze zostało położone na (1, 2)
18 Jan 2025 22:36:59 GMT Urodziło się nowe zwierzę na (1, 2)
18 Jan 2025 22:36:59 GMT Zwierze zostało położone na (3, 8)
18 Jan 2025 22:36:59 GMT Urodziło się nowe zwierzę na (3, 8)
18 Jan 2025 22:37:00 GMT Zwierze zostało położone na (0, 5)
18 Jan 2025 22:37:00 GMT Urodziło się nowe zwierzę na (0, 5)
18 Jan 2025 22:37:01 GMT Roślinka wyrosła na null
18 Jan 2025 22:37:01 GMT Roślinka wyrosła na null
18 Jan 2025 22:37:01 GMT Roślinka wyrosła na null
18 Jan 2025 22:37:01 GMT Roślinka wyrosła na null
18 Jan 2025 22:37:01 GMT Roślinka wyrosła na null
18 Jan 2025 22:37:01 GMT Roślinka wyrosła na null
18 Jan 2025 22:37:01 GMT Roślinka wyrosła na null
18 Jan 2025 22:37:01 GMT Roślinka wyrosła na null
18 Jan 2025 22:37:01 GMT Roślinka wyrosła na null
18 Jan 2025 22:37:01 GMT Roślinka wyrosła na null
18 Jan 2025 22:37:01 GMT Długość listy pozycji: 10
Lista pozycji zwierząt: {(6, 5)=[^], (8, 9)=[^], (2, 3)=[>], (1, 2)=[◣, ^, >, ◣], (2, 4)=[^], (5, 8)=[^], (2, 7)=[>], (3, 8)=[>, ^, ◢, ◤, ◤, ◤, ◣, <, ^, >, ◢, ◢, >, ^, <, >], (0, 5)=[>, ◢, ◣, ◣, ◣, >, ◥, ◣], (3, 9)=[^]}
18 Jan 2025 22:37:01 GMT Zwierzę poruszyło się z (1, 7) na (2, 7)
18 Jan 2025 22:37:01 GMT Długość listy pozycji: 10
Lista pozycji zwierząt: {(6, 5)=[^], (7, 8)=[◣], (2, 3)=[>], (1, 2)=[◣, ^, >, ◣], (2, 4)=[^], (5, 8)=[^], (2, 7)=[>], (3, 8)=[>, ^, ◢, ◤, ◤, ◤, ◣, <, ^, >, ◢, ◢, >, ^, <, >], (0, 5)=[>, ◢, ◣, ◣, ◣, >, ◥, ◣], (3, 9)=[^]}
18 Jan 2025 22:37:01 GMT Zwierzę poruszyło się z (8, 9) na (7, 8)
18 Jan 2025 22:37:01 GMT Długość listy pozycji: 10
Lista pozycji zwierząt: {(7, 8)=[◣], (2, 3)=[>], (1, 2)=[◣, ^, >, ◣], (2, 4)=[^], (5, 8)=[^], (2, 7)=[>], (3, 8)=[>, ^, ◢, ◤, ◤, ◤, ◣, <, ^, >, ◢, ◢, >, ^, <, >], (0, 5)=[>, ◢, ◣, ◣, ◣, >, ◥, ◣], (3, 9)=[^], (7, 4)=[◢]}
18 Jan 2025 22:37:01 GMT Zwierzę poruszyło się z (6, 5) na (7, 4)
18 Jan 2025 22:37:01 GMT Długość listy pozycji: 10
Lista pozycji zwierząt: {(7, 8)=[◣], (2, 3)=[>], (1, 2)=[◣, ^, >, ◣], (2, 4)=[^], (5, 8)=[^], (4, 9)=[>], (2, 7)=[>], (3, 8)=[>, >, ◢, ◤, ◤, ◤, ◣, <, >, >, ◢, ◢, >, >, <, >], (0, 5)=[>, ◢, ◣, ◣, ◣, >, ◥, ◣], (7, 4)=[◢]}
18 Jan 2025 22:37:01 GMT Zwierzę poruszyło się z (3, 9) na (4, 9)
18 Jan 2025 22:37:01 GMT Długość listy pozycji: 10
Lista pozycji zwierząt: {(7, 8)=[◣], (2, 3)=[>], (1, 2)=[◣, ◤, >, ◣], (5, 8)=[^], (1, 5)=[◤], (4, 9)=[>], (2, 7)=[>], (3, 8)=[>, >, ◢, ◤, ◤, ◤, ◣, <, >, >, ◢, ◢, >, >, <, >], (0, 5)=[>, ◢, ◣, ◣, ◣, >, ◥, ◣], (7, 4)=[◢]}
18 Jan 2025 22:37:01 GMT Zwierzę poruszyło się z (2, 4) na (1, 5)
18 Jan 2025 22:37:01 GMT Długość listy pozycji: 10
Lista pozycji zwierząt: {(7, 8)=[◣], (2, 3)=[>], (1, 2)=[◣, ◤, >, ◣], (5, 7)=[v], (1, 5)=[◤], (4, 9)=[>], (2, 7)=[>], (3, 8)=[>, >, ◢, ◤, ◤, ◤, ◣, <, >, >, ◢, ◢, >, >, <, >], (0, 5)=[>, ◢, ◣, ◣, ◣, >, ◥, ◣], (7, 4)=[◢]}
18 Jan 2025 22:37:01 GMT Zwierzę poruszyło się z (5, 8) na (5, 7)
18 Jan 2025 22:37:02 GMT Zwierze zostało położone na (1, 2)
18 Jan 2025 22:37:02 GMT Urodziło się nowe zwierzę na (1, 2)
18 Jan 2025 22:37:02 GMT Zwierze zostało położone na (3, 8)
18 Jan 2025 22:37:02 GMT Urodziło się nowe zwierzę na (3, 8)
18 Jan 2025 22:37:02 GMT Zwierze zostało położone na (0, 5)
18 Jan 2025 22:37:02 GMT Urodziło się nowe zwierzę na (0, 5)
18 Jan 2025 22:37:02 GMT Roślinka wyrosła na null
18 Jan 2025 22:37:02 GMT Roślinka wyrosła na null
18 Jan 2025 22:37:02 GMT Roślinka wyrosła na null
18 Jan 2025 22:37:02 GMT Roślinka wyrosła na null
18 Jan 2025 22:37:02 GMT Roślinka wyrosła na null
18 Jan 2025 22:37:02 GMT Roślinka wyrosła na null
18 Jan 2025 22:37:02 GMT Roślinka wyrosła na null
18 Jan 2025 22:37:02 GMT Roślinka wyrosła na null
18 Jan 2025 22:37:02 GMT Roślinka wyrosła na null
18 Jan 2025 22:37:02 GMT Roślinka wyrosła na null
18 Jan 2025 22:37:03 GMT Długość listy pozycji: 10
Lista pozycji zwierząt: {(7, 8)=[◣], (2, 3)=[>], (1, 2)=[◤, ◣, ◤, >, ◣], (5, 7)=[v], (2, 6)=[v], (1, 5)=[◤], (4, 9)=[>], (3, 8)=[<, >, >, ◢, ◤, ◤, ◤, ◣, <, >, >, ◢, ◢, >, >, <, >], (0, 5)=[<, >, ◢, ◣, ◣, ◣, >, ◥, ◣], (7, 4)=[◢]}
18 Jan 2025 22:37:03 GMT Zwierzę poruszyło się z (2, 7) na (2, 6)
18 Jan 2025 22:37:03 GMT Długość listy pozycji: 10
Lista pozycji zwierząt: {(8, 8)=[>], (2, 3)=[>], (1, 2)=[◤, ◣, ◤, >, ◣], (5, 7)=[v], (2, 6)=[v], (1, 5)=[◤], (4, 9)=[>], (3, 8)=[<, >, >, ◢, ◤, ◤, ◤, ◣, <, >, >, ◢, ◢, >, >, <, >], (0, 5)=[<, >, ◢, ◣, ◣, ◣, >, ◥, ◣], (7, 4)=[◢]}
18 Jan 2025 22:37:03 GMT Zwierzę poruszyło się z (7, 8) na (8, 8)
18 Jan 2025 22:37:03 GMT Długość listy pozycji: 10
Lista pozycji zwierząt: {(8, 8)=[>], (2, 3)=[>], (1, 2)=[◤, ◣, ◤, >, ◣], (5, 7)=[v], (2, 6)=[v], (1, 5)=[◤], (4, 9)=[>], (3, 8)=[<, >, >, ◢, ◤, ◤, ◤, ◣, <, >, >, ◢, ◢, >, >, <, >], (0, 5)=[<, >, ◢, ◣, ◣, ◣, >, ◥, ◣], (6, 4)=[<]}
18 Jan 2025 22:37:03 GMT Zwierzę poruszyło się z (7, 4) na (6, 4)
18 Jan 2025 22:37:03 GMT Długość listy pozycji: 10
Lista pozycji zwierząt: {(8, 8)=[>], (2, 3)=[>], (1, 2)=[◤, ◣, ◤, >, ◣], (5, 7)=[v], (4, 8)=[v], (2, 6)=[v], (1, 5)=[◤], (3, 8)=[<, >, v, ◢, ◤, ◤, ◤, ◣, <, v, >, ◢, ◢, >, v, <, >], (0, 5)=[<, >, ◢, ◣, ◣, ◣, >, ◥, ◣], (6, 4)=[<]}
18 Jan 2025 22:37:03 GMT Zwierzę poruszyło się z (4, 9) na (4, 8)
18 Jan 2025 22:37:04 GMT Długość listy pozycji: 9
Lista pozycji zwierząt: {(8, 8)=[>], (2, 3)=[>], (1, 2)=[◤, ◣, <, >, ◣], (5, 7)=[v], (4, 8)=[v], (2, 6)=[v], (3, 8)=[<, >, v, ◢, ◤, ◤, ◤, ◣, <, v, >, ◢, ◢, >, v, <, >], (0, 5)=[<, <, >, ◢, ◣, ◣, ◣, >, ◥, ◣], (6, 4)=[<]}
18 Jan 2025 22:37:04 GMT Zwierzę poruszyło się z (1, 5) na (0, 5)
18 Jan 2025 22:37:04 GMT Długość listy pozycji: 9
Lista pozycji zwierząt: {(8, 8)=[>], (2, 3)=[>], (1, 2)=[◤, ◣, <, >, ◣], (5, 8)=[^], (4, 8)=[v], (2, 6)=[v], (3, 8)=[<, >, v, ◢, ◤, ◤, ◤, ◣, <, v, >, ◢, ◢, >, v, <, >], (0, 5)=[<, <, >, ◢, ◣, ◣, ◣, >, ◥, ◣], (6, 4)=[<]}
18 Jan 2025 22:37:04 GMT Zwierzę poruszyło się z (5, 7) na (5, 8)
18 Jan 2025 22:37:04 GMT Zwierze zostało położone na (1, 2)
18 Jan 2025 22:37:04 GMT Urodziło się nowe zwierzę na (1, 2)
18 Jan 2025 22:37:04 GMT Zwierze zostało położone na (3, 8)
18 Jan 2025 22:37:04 GMT Urodziło się nowe zwierzę na (3, 8)
18 Jan 2025 22:37:04 GMT Zwierze zostało położone na (0, 5)
18 Jan 2025 22:37:04 GMT Urodziło się nowe zwierzę na (0, 5)
18 Jan 2025 22:37:04 GMT Roślinka wyrosła na null
18 Jan 2025 22:37:04 GMT Roślinka wyrosła na null
18 Jan 2025 22:37:04 GMT Roślinka wyrosła na null
18 Jan 2025 22:37:04 GMT Roślinka wyrosła na null
18 Jan 2025 22:37:04 GMT Roślinka wyrosła na null
18 Jan 2025 22:37:04 GMT Roślinka wyrosła na null
18 Jan 2025 22:37:04 GMT Roślinka wyrosła na null
18 Jan 2025 22:37:04 GMT Roślinka wyrosła na null
18 Jan 2025 22:37:04 GMT Roślinka wyrosła na null
18 Jan 2025 22:37:04 GMT Roślinka wyrosła na null
18 Jan 2025 22:37:04 GMT Długość listy pozycji: 9
Lista pozycji zwierząt: {(8, 8)=[>], (2, 3)=[>], (1, 2)=[<, ◤, ◣, <, >, ◣], (5, 8)=[^], (4, 8)=[v], (1, 6)=[<], (3, 8)=[◢, <, >, v, ◢, ◤, ◤, ◤, ◣, <, v, >, ◢, ◢, >, v, <, >], (0, 5)=[◤, <, <, >, ◢, ◣, ◣, ◣, >, ◥, ◣], (6, 4)=[<]}
18 Jan 2025 22:37:04 GMT Zwierzę poruszyło się z (2, 6) na (1, 6)
18 Jan 2025 22:37:05 GMT Długość listy pozycji: 9
Lista pozycji zwierząt: {(2, 3)=[>], (1, 2)=[<, ◤, ◣, <, >, ◣], (7, 9)=[◤], (5, 8)=[^], (4, 8)=[v], (1, 6)=[<], (3, 8)=[◢, <, >, v, ◢, ◤, ◤, ◤, ◣, <, v, >, ◢, ◢, >, v, <, >], (0, 5)=[◤, <, <, >, ◢, ◣, ◣, ◣, >, ◥, ◣], (6, 4)=[<]}
18 Jan 2025 22:37:05 GMT Zwierzę poruszyło się z (8, 8) na (7, 9)
18 Jan 2025 22:37:05 GMT Długość listy pozycji: 9
Lista pozycji zwierząt: {(2, 3)=[>], (1, 2)=[<, ◤, ◣, <, >, ◣], (7, 9)=[◤], (5, 8)=[^], (4, 8)=[v], (1, 6)=[<], (3, 8)=[◢, <, >, v, ◢, ◤, ◤, ◤, ◣, <, v, >, ◢, ◢, >, v, <, >], (0, 5)=[◤, <, <, >, ◢, ◣, ◣, ◣, >, ◥, ◣], (7, 5)=[◥]}
18 Jan 2025 22:37:05 GMT Zwierzę poruszyło się z (6, 4) na (7, 5)
18 Jan 2025 22:37:05 GMT Długość listy pozycji: 8
Lista pozycji zwierząt: {(2, 3)=[>], (1, 2)=[<, ◤, ◣, <, >, ◣], (7, 9)=[◤], (5, 8)=[^], (1, 6)=[<], (3, 8)=[◢, <, >, <, ◢, ◤, <, ◤, ◤, ◣, <, <, >, ◢, ◢, >, <, <, >], (0, 5)=[◤, <, <, >, ◢, ◣, ◣, ◣, >, ◥, ◣], (7, 5)=[◥]}
18 Jan 2025 22:37:05 GMT Zwierzę poruszyło się z (4, 8) na (3, 8)
18 Jan 2025 22:37:05 GMT Długość listy pozycji: 9
Lista pozycji zwierząt: {(2, 3)=[>], (1, 2)=[<, ◤, ◣, ◣, >, ◣], (7, 9)=[◤], (5, 8)=[^], (1, 6)=[<], (3, 8)=[◢, <, >, <, ◢, ◤, <, ◤, ◤, ◣, <, <, >, ◢, ◢, >, <, <, >], (0, 5)=[◤, <, ◣, >, ◢, ◣, ◣, ◣, >, ◥, ◣], (9, 4)=[◣], (7, 5)=[◥]}
18 Jan 2025 22:37:05 GMT Zwierzę poruszyło się z (0, 5) na (9, 4)
18 Jan 2025 22:37:05 GMT Długość listy pozycji: 9
Lista pozycji zwierząt: {(2, 3)=[>], (1, 2)=[<, ◤, ◣, ◣, >, ◣], (5, 7)=[v], (7, 9)=[◤], (1, 6)=[<], (3, 8)=[◢, <, >, <, ◢, ◤, <, ◤, ◤, ◣, <, <, >, ◢, ◢, >, <, <, >], (0, 5)=[◤, <, ◣, >, ◢, ◣, ◣, ◣, >, ◥, ◣], (9, 4)=[◣], (7, 5)=[◥]}
18 Jan 2025 22:37:05 GMT Zwierzę poruszyło się z (5, 8) na (5, 7)
18 Jan 2025 22:37:05 GMT Zwierze zostało położone na (1, 2)
18 Jan 2025 22:37:05 GMT Urodziło się nowe zwierzę na (1, 2)
18 Jan 2025 22:37:05 GMT Zwierze zostało położone na (3, 8)
18 Jan 2025 22:37:05 GMT Urodziło się nowe zwierzę na (3, 8)
18 Jan 2025 22:37:05 GMT Zwierze zostało położone na (0, 5)
18 Jan 2025 22:37:05 GMT Urodziło się nowe zwierzę na (0, 5)
18 Jan 2025 22:37:05 GMT Roślinka wyrosła na null
18 Jan 2025 22:37:05 GMT Roślinka wyrosła na null
18 Jan 2025 22:37:06 GMT Roślinka wyrosła na null
18 Jan 2025 22:37:06 GMT Roślinka wyrosła na null
18 Jan 2025 22:37:06 GMT Roślinka wyrosła na null
18 Jan 2025 22:37:06 GMT Roślinka wyrosła na null
18 Jan 2025 22:37:06 GMT Roślinka wyrosła na null
18 Jan 2025 22:37:06 GMT Roślinka wyrosła na null
18 Jan 2025 22:37:06 GMT Roślinka wyrosła na null
18 Jan 2025 22:37:06 GMT Roślinka wyrosła na null
18 Jan 2025 22:37:06 GMT Długość listy pozycji: 9
Lista pozycji zwierząt: {(2, 3)=[>], (1, 2)=[^, <, ◤, ◣, ◣, >, ◣], (5, 7)=[v], (7, 9)=[◤], (3, 8)=[◥, ◢, <, >, <, ◢, ◤, <, ◤, ◤, ◣, <, <, >, ◢, ◢, >, <, <, >], (0, 5)=[v, ◤, <, ◣, >, ◢, ◣, ◣, ◣, >, ◥, ◣], (1, 7)=[^], (9, 4)=[◣], (7, 5)=[◥]}
18 Jan 2025 22:37:06 GMT Zwierzę poruszyło się z (1, 6) na (1, 7)
18 Jan 2025 22:37:06 GMT Długość listy pozycji: 9
Lista pozycji zwierząt: {(7, 8)=[v], (2, 3)=[>], (1, 2)=[^, <, ◤, ◣, ◣, >, ◣], (5, 7)=[v], (3, 8)=[◥, ◢, <, >, <, ◢, ◤, <, ◤, ◤, ◣, <, <, >, ◢, ◢, >, <, <, >], (0, 5)=[v, ◤, <, ◣, >, ◢, ◣, ◣, ◣, >, ◥, ◣], (1, 7)=[^], (9, 4)=[◣], (7, 5)=[◥]}
18 Jan 2025 22:37:06 GMT Zwierzę poruszyło się z (7, 9) na (7, 8)
18 Jan 2025 22:37:06 GMT Długość listy pozycji: 9
Lista pozycji zwierząt: {(7, 8)=[v], (2, 3)=[>], (1, 2)=[^, <, ◤, ◣, ◣, >, ◣], (5, 7)=[v], (3, 8)=[◥, ◢, <, >, <, ◢, ◤, <, ◤, ◤, ◣, <, <, >, ◢, ◢, >, <, <, >], (0, 5)=[v, ◤, <, ◣, >, ◢, ◣, ◣, ◣, >, ◥, ◣], (1, 7)=[^], (9, 4)=[◣], (7, 4)=[v]}
18 Jan 2025 22:37:06 GMT Zwierzę poruszyło się z (7, 5) na (7, 4)
18 Jan 2025 22:37:06 GMT Długość listy pozycji: 10
Lista pozycji zwierząt: {(7, 8)=[v], (2, 3)=[>], (1, 2)=[^, <, ◤, ◣, ◣, >, ◣], (5, 7)=[v], (3, 8)=[◥, ◢, <, >, ^, ◢, ◤, ◤, ◤, ◣, <, ^, >, ◢, ◢, >, ^, <, >], (0, 5)=[v, ◤, <, ◣, >, ◢, ◣, ◣, ◣, >, ◥, ◣], (3, 9)=[^], (1, 7)=[^], (9, 4)=[◣], (7, 4)=[v]}
18 Jan 2025 22:37:06 GMT Zwierzę poruszyło się z (3, 8) na (3, 9)
18 Jan 2025 22:37:06 GMT Długość listy pozycji: 10
Lista pozycji zwierząt: {(7, 8)=[v], (2, 3)=[>], (1, 2)=[^, <, ◤, ◣, v, >, ◣], (5, 7)=[v], (3, 8)=[◥, ◢, <, >, ^, ◢, ◤, ◤, ◤, ◣, <, ^, >, ◢, ◢, >, ^, <, >], (0, 5)=[v, ◤, <, v, >, ◢, ◣, ◣, ◣, >, ◥, ◣], (3, 9)=[^], (1, 7)=[^], (9, 3)=[v], (7, 4)=[v]}
18 Jan 2025 22:37:06 GMT Zwierzę poruszyło się z (9, 4) na (9, 3)
18 Jan 2025 22:37:06 GMT Długość listy pozycji: 10
Lista pozycji zwierząt: {(7, 8)=[v], (2, 3)=[>], (1, 2)=[^, <, ◤, ◣, v, >, ◣], (5, 8)=[^], (3, 8)=[◥, ◢, <, >, ^, ◢, ◤, ◤, ◤, ◣, <, ^, >, ◢, ◢, >, ^, <, >], (0, 5)=[v, ◤, <, v, >, ◢, ◣, ◣, ◣, >, ◥, ◣], (3, 9)=[^], (1, 7)=[^], (9, 3)=[v], (7, 4)=[v]}
18 Jan 2025 22:37:06 GMT Zwierzę poruszyło się z (5, 7) na (5, 8)
18 Jan 2025 22:37:07 GMT Zwierze zostało położone na (1, 2)
18 Jan 2025 22:37:07 GMT Urodziło się nowe zwierzę na (1, 2)
18 Jan 2025 22:37:07 GMT Zwierze zostało położone na (3, 8)
18 Jan 2025 22:37:07 GMT Urodziło się nowe zwierzę na (3, 8)
18 Jan 2025 22:37:07 GMT Zwierze zostało położone na (0, 5)
18 Jan 2025 22:37:07 GMT Urodziło się nowe zwierzę na (0, 5)
18 Jan 2025 22:37:07 GMT Roślinka wyrosła na null
18 Jan 2025 22:37:07 GMT Roślinka wyrosła na null
18 Jan 2025 22:37:07 GMT Roślinka wyrosła na null
18 Jan 2025 22:37:07 GMT Roślinka wyrosła na null
18 Jan 2025 22:37:07 GMT Roślinka wyrosła na null
18 Jan 2025 22:37:07 GMT Roślinka wyrosła na null
18 Jan 2025 22:37:07 GMT Roślinka wyrosła na null
18 Jan 2025 22:37:07 GMT Roślinka wyrosła na null
18 Jan 2025 22:37:07 GMT Roślinka wyrosła na null
18 Jan 2025 22:37:07 GMT Roślinka wyrosła na null
18 Jan 2025 22:37:07 GMT Długość listy pozycji: 10
Lista pozycji zwierząt: {(7, 8)=[v], (2, 3)=[>], (1, 2)=[◥, ^, <, ◤, ◣, v, >, ◣], (5, 8)=[^], (2, 7)=[>], (3, 8)=[◥, ◥, ◢, <, >, ^, ◢, ◤, ◤, ◤, ◣, <, ^, >, ◢, ◢, >, ^, <, >], (0, 5)=[◢, v, ◤, <, v, >, ◢, ◣, ◣, ◣, >, ◥, ◣], (3, 9)=[^], (9, 3)=[v], (7, 4)=[v]}
18 Jan 2025 22:37:07 GMT Zwierzę poruszyło się z (1, 7) na (2, 7)
18 Jan 2025 22:37:07 GMT Długość listy pozycji: 10
Lista pozycji zwierząt: {(8, 9)=[◥], (2, 3)=[>], (1, 2)=[◥, ^, <, ◤, ◣, v, >, ◣], (5, 8)=[^], (2, 7)=[>], (3, 8)=[◥, ◥, ◢, <, >, ^, ◢, ◤, ◤, ◤, ◣, <, ^, >, ◢, ◢, >, ^, <, >], (0, 5)=[◢, v, ◤, <, v, >, ◢, ◣, ◣, ◣, >, ◥, ◣], (3, 9)=[^], (9, 3)=[v], (7, 4)=[v]}
18 Jan 2025 22:37:07 GMT Zwierzę poruszyło się z (7, 8) na (8, 9)
18 Jan 2025 22:37:07 GMT Długość listy pozycji: 10
Lista pozycji zwierząt: {(6, 5)=[◤], (8, 9)=[◥], (2, 3)=[>], (1, 2)=[◥, ^, <, ◤, ◣, v, >, ◣], (5, 8)=[^], (2, 7)=[>], (3, 8)=[◥, ◥, ◢, <, >, ^, ◢, ◤, ◤, ◤, ◣, <, ^, >, ◢, ◢, >, ^, <, >], (0, 5)=[◢, v, ◤, <, v, >, ◢, ◣, ◣, ◣, >, ◥, ◣], (3, 9)=[^], (9, 3)=[v]}
18 Jan 2025 22:37:07 GMT Zwierzę poruszyło się z (7, 4) na (6, 5)
18 Jan 2025 22:37:07 GMT Długość listy pozycji: 10
Lista pozycji zwierząt: {(6, 5)=[◤], (8, 9)=[◥], (2, 3)=[>], (1, 2)=[◥, ^, <, ◤, ◣, v, >, ◣], (5, 8)=[^], (4, 9)=[>], (2, 7)=[>], (3, 8)=[◥, ◥, ◢, <, >, >, ◢, ◤, ◤, ◤, ◣, <, >, >, ◢, ◢, >, >, <, >], (0, 5)=[◢, v, ◤, <, v, >, ◢, ◣, ◣, ◣, >, ◥, ◣], (9, 3)=[v]}
18 Jan 2025 22:37:07 GMT Zwierzę poruszyło się z (3, 9) na (4, 9)
18 Jan 2025 22:37:07 GMT Długość listy pozycji: 10
Lista pozycji zwierząt: {(6, 5)=[◤], (8, 9)=[◥], (2, 3)=[>], (1, 2)=[◥, ^, <, ◤, ◣, ◢, >, ◣], (0, 2)=[◢], (5, 8)=[^], (4, 9)=[>], (2, 7)=[>], (3, 8)=[◥, ◥, ◢, <, >, >, ◢, ◤, ◤, ◤, ◣, <, >, >, ◢, ◢, >, >, <, >], (0, 5)=[◢, v, ◤, <, ◢, >, ◢, ◣, ◣, ◣, >, ◥, ◣]}
18 Jan 2025 22:37:07 GMT Zwierzę poruszyło się z (9, 3) na (0, 2)
18 Jan 2025 22:37:08 GMT Długość listy pozycji: 10
Lista pozycji zwierząt: {(6, 5)=[◤], (8, 9)=[◥], (2, 3)=[>], (1, 2)=[◥, ^, <, ◤, ◣, ◢, >, ◣], (5, 7)=[v], (0, 2)=[◢], (4, 9)=[>], (2, 7)=[>], (3, 8)=[◥, ◥, ◢, <, >, >, ◢, ◤, ◤, ◤, ◣, <, >, >, ◢, ◢, >, >, <, >], (0, 5)=[◢, v, ◤, <, ◢, >, ◢, ◣, ◣, ◣, >, ◥, ◣]}
18 Jan 2025 22:37:08 GMT Zwierzę poruszyło się z (5, 8) na (5, 7)
18 Jan 2025 22:37:08 GMT Zwierze zostało położone na (1, 2)
18 Jan 2025 22:37:08 GMT Urodziło się nowe zwierzę na (1, 2)
18 Jan 2025 22:37:08 GMT Zwierze zostało położone na (3, 8)
18 Jan 2025 22:37:08 GMT Urodziło się nowe zwierzę na (3, 8)
18 Jan 2025 22:37:08 GMT Zwierze zostało położone na (0, 5)
18 Jan 2025 22:37:08 GMT Urodziło się nowe zwierzę na (0, 5)
18 Jan 2025 22:37:08 GMT Roślinka wyrosła na null
18 Jan 2025 22:37:08 GMT Roślinka wyrosła na null
18 Jan 2025 22:37:08 GMT Roślinka wyrosła na null
18 Jan 2025 22:37:08 GMT Roślinka wyrosła na null
18 Jan 2025 22:37:08 GMT Roślinka wyrosła na null
18 Jan 2025 22:37:08 GMT Roślinka wyrosła na null
18 Jan 2025 22:37:08 GMT Roślinka wyrosła na null
18 Jan 2025 22:37:08 GMT Roślinka wyrosła na null
18 Jan 2025 22:37:08 GMT Roślinka wyrosła na null
18 Jan 2025 22:37:08 GMT Roślinka wyrosła na null
18 Jan 2025 22:37:08 GMT Zwierzę umarło na (4, 9)
18 Jan 2025 22:37:08 GMT Długość listy pozycji: 10
Lista pozycji zwierząt: {(6, 5)=[◤], (8, 9)=[◥], (2, 3)=[>], (1, 2)=[>, ◥, ^, <, ◤, ◣, ◢, >, ◣], (5, 7)=[v], (0, 2)=[◢], (2, 6)=[v], (4, 9)=[], (3, 8)=[◣, ◥, ◥, ◢, <, >, >, ◢, ◤, ◤, ◤, ◣, <, >, >, ◢, ◢, >, >, <, >], (0, 5)=[>, ◢, v, ◤, <, ◢, >, ◢, ◣, ◣, ◣, >, ◥, ◣]}
18 Jan 2025 22:37:08 GMT Zwierzę poruszyło się z (2, 7) na (2, 6)
18 Jan 2025 22:37:08 GMT Długość listy pozycji: 10
Lista pozycji zwierząt: {(6, 5)=[◤], (2, 3)=[>], (1, 2)=[>, ◥, ^, <, ◤, ◣, ◢, >, ◣], (7, 9)=[<], (5, 7)=[v], (0, 2)=[◢], (2, 6)=[v], (4, 9)=[], (3, 8)=[◣, ◥, ◥, ◢, <, >, >, ◢, ◤, ◤, ◤, ◣, <, >, >, ◢, ◢, >, >, <, >], (0, 5)=[>, ◢, v, ◤, <, ◢, >, ◢, ◣, ◣, ◣, >, ◥, ◣]}
18 Jan 2025 22:37:08 GMT Zwierzę poruszyło się z (8, 9) na (7, 9)
18 Jan 2025 22:37:08 GMT Długość listy pozycji: 10
Lista pozycji zwierząt: {(2, 3)=[>], (1, 2)=[>, ◥, ^, <, ◤, ◣, ◢, >, ◣], (7, 9)=[<], (5, 7)=[v], (0, 2)=[◢], (2, 6)=[v], (4, 9)=[], (3, 8)=[◣, ◥, ◥, ◢, <, >, >, ◢, ◤, ◤, ◤, ◣, <, >, >, ◢, ◢, >, >, <, >], (0, 5)=[>, ◢, v, ◤, <, ◢, >, ◢, ◣, ◣, ◣, >, ◥, ◣], (7, 5)=[>]}
18 Jan 2025 22:37:08 GMT Zwierzę poruszyło się z (6, 5) na (7, 5)
18 Jan 2025 22:37:09 GMT Długość listy pozycji: 9
Lista pozycji zwierząt: {(2, 3)=[>], (1, 2)=[>, >, ◥, ^, <, ◤, ◣, >, >, ◣], (7, 9)=[<], (5, 7)=[v], (2, 6)=[v], (4, 9)=[], (3, 8)=[◣, ◥, ◥, ◢, <, >, >, ◢, ◤, ◤, ◤, ◣, <, >, >, ◢, ◢, >, >, <, >], (0, 5)=[>, ◢, v, ◤, <, >, >, ◢, ◣, ◣, ◣, >, ◥, ◣], (7, 5)=[>]}
18 Jan 2025 22:37:09 GMT Zwierzę poruszyło się z (0, 2) na (1, 2)
18 Jan 2025 22:37:09 GMT Długość listy pozycji: 9
Lista pozycji zwierząt: {(2, 3)=[>], (1, 2)=[>, >, ◥, ^, <, ◤, ◣, >, >, ◣], (7, 9)=[<], (5, 8)=[^], (2, 6)=[v], (4, 9)=[], (3, 8)=[◣, ◥, ◥, ◢, <, >, >, ◢, ◤, ◤, ◤, ◣, <, >, >, ◢, ◢, >, >, <, >], (0, 5)=[>, ◢, v, ◤, <, >, >, ◢, ◣, ◣, ◣, >, ◥, ◣], (7, 5)=[>]}
18 Jan 2025 22:37:09 GMT Zwierzę poruszyło się z (5, 7) na (5, 8)
18 Jan 2025 22:37:09 GMT Zwierze zostało położone na (1, 2)
18 Jan 2025 22:37:09 GMT Urodziło się nowe zwierzę na (1, 2)
18 Jan 2025 22:37:09 GMT Zwierze zostało położone na (3, 8)
18 Jan 2025 22:37:09 GMT Urodziło się nowe zwierzę na (3, 8)
18 Jan 2025 22:37:09 GMT Zwierze zostało położone na (0, 5)
18 Jan 2025 22:37:09 GMT Urodziło się nowe zwierzę na (0, 5)
18 Jan 2025 22:37:09 GMT Roślinka wyrosła na null
18 Jan 2025 22:37:09 GMT Roślinka wyrosła na null
18 Jan 2025 22:37:09 GMT Roślinka wyrosła na null
18 Jan 2025 22:37:09 GMT Roślinka wyrosła na null
18 Jan 2025 22:37:09 GMT Roślinka wyrosła na null
18 Jan 2025 22:37:09 GMT Roślinka wyrosła na null
18 Jan 2025 22:37:09 GMT Roślinka wyrosła na null
18 Jan 2025 22:37:09 GMT Roślinka wyrosła na null
18 Jan 2025 22:37:09 GMT Roślinka wyrosła na null
18 Jan 2025 22:37:09 GMT Roślinka wyrosła na null
18 Jan 2025 22:37:09 GMT Długość listy pozycji: 9
Lista pozycji zwierząt: {(2, 3)=[>], (1, 2)=[>, >, >, ◥, ^, <, ◤, ◣, >, >, ◣], (7, 9)=[<], (5, 8)=[^], (1, 6)=[<], (4, 9)=[], (3, 8)=[◥, ◣, ◥, ◥, ◢, <, >, >, ◢, ◤, ◤, ◤, ◣, <, >, >, ◢, ◢, >, >, <, >], (0, 5)=[>, >, ◢, v, ◤, <, >, >, ◢, ◣, ◣, ◣, >, ◥, ◣], (7, 5)=[>]}
18 Jan 2025 22:37:09 GMT Zwierzę poruszyło się z (2, 6) na (1, 6)
18 Jan 2025 22:37:10 GMT Długość listy pozycji: 9
Lista pozycji zwierząt: {(8, 8)=[◢], (2, 3)=[>], (1, 2)=[>, >, >, ◥, ^, <, ◤, ◣, >, >, ◣], (5, 8)=[^], (1, 6)=[<], (4, 9)=[], (3, 8)=[◥, ◣, ◥, ◥, ◢, <, >, >, ◢, ◤, ◤, ◤, ◣, <, >, >, ◢, ◢, >, >, <, >], (0, 5)=[>, >, ◢, v, ◤, <, >, >, ◢, ◣, ◣, ◣, >, ◥, ◣], (7, 5)=[>]}
18 Jan 2025 22:37:10 GMT Zwierzę poruszyło się z (7, 9) na (8, 8)
18 Jan 2025 22:37:10 GMT Długość listy pozycji: 9
Lista pozycji zwierząt: {(8, 8)=[◢], (2, 3)=[>], (1, 2)=[>, >, >, ◥, ^, <, ◤, ◣, >, >, ◣], (5, 8)=[^], (1, 6)=[<], (4, 9)=[], (3, 8)=[◥, ◣, ◥, ◥, ◢, <, >, >, ◢, ◤, ◤, ◤, ◣, <, >, >, ◢, ◢, >, >, <, >], (0, 5)=[>, >, ◢, v, ◤, <, >, >, ◢, ◣, ◣, ◣, >, ◥, ◣], (6, 4)=[◣]}
18 Jan 2025 22:37:10 GMT Zwierzę poruszyło się z (7, 5) na (6, 4)
18 Jan 2025 22:37:10 GMT Długość listy pozycji: 9
Lista pozycji zwierząt: {(8, 8)=[◢], (2, 3)=[>, ◥], (1, 2)=[>, >, ◥, ◥, ^, <, ◤, ◣, ◥, >, ◣], (5, 8)=[^], (1, 6)=[<], (4, 9)=[], (3, 8)=[◥, ◣, ◥, ◥, ◢, <, >, >, ◢, ◤, ◤, ◤, ◣, <, >, >, ◢, ◢, >, >, <, >], (0, 5)=[>, >, ◢, v, ◤, <, ◥, >, ◢, ◣, ◣, ◣, >, ◥, ◣], (6, 4)=[◣]}
18 Jan 2025 22:37:10 GMT Zwierzę poruszyło się z (1, 2) na (2, 3)
18 Jan 2025 22:37:10 GMT Długość listy pozycji: 9
Lista pozycji zwierząt: {(8, 8)=[◢], (2, 3)=[>, ◥], (1, 2)=[>, >, ◥, ◥, ^, <, ◤, ◣, ◥, >, ◣], (5, 7)=[v], (1, 6)=[<], (4, 9)=[], (3, 8)=[◥, ◣, ◥, ◥, ◢, <, >, >, ◢, ◤, ◤, ◤, ◣, <, >, >, ◢, ◢, >, >, <, >], (0, 5)=[>, >, ◢, v, ◤, <, ◥, >, ◢, ◣, ◣, ◣, >, ◥, ◣], (6, 4)=[◣]}
18 Jan 2025 22:37:10 GMT Zwierzę poruszyło się z (5, 8) na (5, 7)
18 Jan 2025 22:37:10 GMT Zwierze zostało położone na (2, 3)
18 Jan 2025 22:37:10 GMT Urodziło się nowe zwierzę na (2, 3)
18 Jan 2025 22:37:10 GMT Zwierze zostało położone na (1, 2)
18 Jan 2025 22:37:10 GMT Urodziło się nowe zwierzę na (1, 2)
18 Jan 2025 22:37:10 GMT Zwierze zostało położone na (3, 8)
18 Jan 2025 22:37:10 GMT Urodziło się nowe zwierzę na (3, 8)
18 Jan 2025 22:37:10 GMT Zwierze zostało położone na (0, 5)
18 Jan 2025 22:37:10 GMT Urodziło się nowe zwierzę na (0, 5)
18 Jan 2025 22:37:11 GMT Roślinka wyrosła na null
18 Jan 2025 22:37:11 GMT Roślinka wyrosła na null
18 Jan 2025 22:37:11 GMT Roślinka wyrosła na null
18 Jan 2025 22:37:11 GMT Roślinka wyrosła na null
18 Jan 2025 22:37:11 GMT Roślinka wyrosła na null
18 Jan 2025 22:37:11 GMT Roślinka wyrosła na null
18 Jan 2025 22:37:11 GMT Roślinka wyrosła na null
18 Jan 2025 22:37:11 GMT Roślinka wyrosła na null
18 Jan 2025 22:37:11 GMT Roślinka wyrosła na null
18 Jan 2025 22:37:11 GMT Roślinka wyrosła na null
18 Jan 2025 22:37:11 GMT Długość listy pozycji: 9
Lista pozycji zwierząt: {(8, 8)=[◢], (2, 3)=[>, >, ◥], (1, 2)=[>, >, >, ◥, ◥, ^, <, ◤, ◣, ◥, >, ◣], (5, 7)=[v], (4, 9)=[], (3, 8)=[◣, ◥, ◣, ◥, ◥, ◢, <, >, >, ◢, ◤, ◤, ◤, ◣, <, >, >, ◢, ◢, >, >, <, >], (0, 5)=[>, >, >, ◢, v, ◤, <, ◥, >, ◢, ◣, ◣, ◣, >, ◥, ◣], (1, 7)=[^], (6, 4)=[◣]}
18 Jan 2025 22:37:11 GMT Zwierzę poruszyło się z (1, 6) na (1, 7)
18 Jan 2025 22:37:11 GMT Długość listy pozycji: 9
Lista pozycji zwierząt: {(8, 9)=[^], (2, 3)=[>, >, ◥], (1, 2)=[>, >, >, ◥, ◥, ^, <, ◤, ◣, ◥, >, ◣], (5, 7)=[v], (4, 9)=[], (3, 8)=[◣, ◥, ◣, ◥, ◥, ◢, <, >, >, ◢, ◤, ◤, ◤, ◣, <, >, >, ◢, ◢, >, >, <, >], (0, 5)=[>, >, >, ◢, v, ◤, <, ◥, >, ◢, ◣, ◣, ◣, >, ◥, ◣], (1, 7)=[^], (6, 4)=[◣]}
18 Jan 2025 22:37:11 GMT Zwierzę poruszyło się z (8, 8) na (8, 9)
18 Jan 2025 22:37:11 GMT Długość listy pozycji: 9
Lista pozycji zwierząt: {(6, 5)=[^], (8, 9)=[^], (2, 3)=[>, >, ◥], (1, 2)=[>, >, >, ◥, ◥, ^, <, ◤, ◣, ◥, >, ◣], (5, 7)=[v], (4, 9)=[], (3, 8)=[◣, ◥, ◣, ◥, ◥, ◢, <, >, >, ◢, ◤, ◤, ◤, ◣, <, >, >, ◢, ◢, >, >, <, >], (0, 5)=[>, >, >, ◢, v, ◤, <, ◥, >, ◢, ◣, ◣, ◣, >, ◥, ◣], (1, 7)=[^]}
18 Jan 2025 22:37:11 GMT Zwierzę poruszyło się z (6, 4) na (6, 5)
18 Jan 2025 22:37:11 GMT Długość listy pozycji: 10
Lista pozycji zwierząt: {(6, 5)=[^], (8, 9)=[^], (2, 3)=[>, >, ^], (1, 2)=[>, >, >, ^, ◥, ^, <, ◤, ◣, ^, >, ◣], (2, 4)=[^], (5, 7)=[v], (4, 9)=[], (3, 8)=[◣, ◥, ◣, ◥, ◥, ◢, <, >, >, ◢, ◤, ◤, ◤, ◣, <, >, >, ◢, ◢, >, >, <, >], (0, 5)=[>, >, >, ◢, v, ◤, <, ^, >, ◢, ◣, ◣, ◣, >, ◥, ◣], (1, 7)=[^]}
18 Jan 2025 22:37:11 GMT Zwierzę poruszyło się z (2, 3) na (2, 4)
18 Jan 2025 22:37:11 GMT Długość listy pozycji: 10
Lista pozycji zwierząt: {(6, 5)=[^], (8, 9)=[^], (2, 3)=[>, >, ^], (1, 2)=[>, >, >, ^, ◥, ^, <, ◤, ◣, ^, >, ◣], (2, 4)=[^], (5, 8)=[^], (4, 9)=[], (3, 8)=[◣, ◥, ◣, ◥, ◥, ◢, <, >, >, ◢, ◤, ◤, ◤, ◣, <, >, >, ◢, ◢, >, >, <, >], (0, 5)=[>, >, >, ◢, v, ◤, <, ^, >, ◢, ◣, ◣, ◣, >, ◥, ◣], (1, 7)=[^]}
18 Jan 2025 22:37:11 GMT Zwierzę poruszyło się z (5, 7) na (5, 8)
18 Jan 2025 22:37:11 GMT Zwierze zostało położone na (2, 3)
18 Jan 2025 22:37:11 GMT Urodziło się nowe zwierzę na (2, 3)
18 Jan 2025 22:37:12 GMT Zwierze zostało położone na (1, 2)
18 Jan 2025 22:37:12 GMT Urodziło się nowe zwierzę na (1, 2)
