19 Jan 2025 01:19:59 GMT Zwierze zostało położone na (7, 2)
19 Jan 2025 01:20:00 GMT Zwierze zostało położone na (2, 3)
19 Jan 2025 01:20:00 GMT Zwierze zostało położone na (0, 0)
19 Jan 2025 01:20:00 GMT Zwierze zostało położone na (5, 7)
19 Jan 2025 01:20:00 GMT Zwierze zostało położone na (6, 5)
19 Jan 2025 01:20:00 GMT Zwierze zostało położone na (4, 1)
19 Jan 2025 01:20:00 GMT Zwierze zostało położone na (5, 3)
19 Jan 2025 01:20:00 GMT Zwierze zostało położone na (0, 7)
19 Jan 2025 01:20:00 GMT Zwierze zostało położone na (8, 5)
19 Jan 2025 01:20:00 GMT Zwierze zostało położone na (3, 1)
19 Jan 2025 01:20:00 GMT Długość listy pozycji: 10
Lista pozycji zwierząt: {(6, 5)=[v], (0, 0)=[◥], (2, 3)=[<], (5, 7)=[v], (0, 7)=[>], (7, 2)=[^], (8, 5)=[^], (4, 1)=[◢], (3, 1)=[>], (5, 3)=[◣]}
19 Jan 2025 01:20:00 GMT Zwierzę poruszyło się z (7, 2) na (7, 2)
19 Jan 2025 01:20:00 GMT Długość listy pozycji: 10
Lista pozycji zwierząt: {(6, 5)=[v], (0, 0)=[◥], (2, 3)=[v], (5, 7)=[v], (0, 7)=[>], (7, 2)=[^], (8, 5)=[^], (4, 1)=[◢], (3, 1)=[>], (5, 3)=[◣]}
19 Jan 2025 01:20:00 GMT Zwierzę poruszyło się z (2, 3) na (2, 3)
19 Jan 2025 01:20:00 GMT Długość listy pozycji: 10
Lista pozycji zwierząt: {(6, 5)=[v], (0, 0)=[>], (2, 3)=[v], (5, 7)=[v], (0, 7)=[>], (7, 2)=[^], (8, 5)=[^], (4, 1)=[◢], (3, 1)=[>], (5, 3)=[◣]}
19 Jan 2025 01:20:00 GMT Zwierzę poruszyło się z (0, 0) na (0, 0)
19 Jan 2025 01:20:01 GMT Długość listy pozycji: 10
Lista pozycji zwierząt: {(6, 5)=[v], (0, 0)=[>], (2, 3)=[v], (5, 7)=[^], (0, 7)=[>], (7, 2)=[^], (8, 5)=[^], (4, 1)=[◢], (3, 1)=[>], (5, 3)=[◣]}
19 Jan 2025 01:20:01 GMT Zwierzę poruszyło się z (5, 7) na (5, 7)
19 Jan 2025 01:20:01 GMT Długość listy pozycji: 10
Lista pozycji zwierząt: {(6, 5)=[^], (0, 0)=[>], (2, 3)=[v], (5, 7)=[^], (0, 7)=[>], (7, 2)=[^], (8, 5)=[^], (4, 1)=[◢], (3, 1)=[>], (5, 3)=[◣]}
19 Jan 2025 01:20:01 GMT Zwierzę poruszyło się z (6, 5) na (6, 5)
19 Jan 2025 01:20:01 GMT Długość listy pozycji: 10
Lista pozycji zwierząt: {(6, 5)=[^], (0, 0)=[>], (2, 3)=[v], (5, 7)=[^], (0, 7)=[>], (7, 2)=[^], (8, 5)=[^], (4, 1)=[<], (3, 1)=[>], (5, 3)=[◣]}
19 Jan 2025 01:20:01 GMT Zwierzę poruszyło się z (4, 1) na (4, 1)
19 Jan 2025 01:20:01 GMT Długość listy pozycji: 10
Lista pozycji zwierząt: {(6, 5)=[^], (0, 0)=[>], (2, 3)=[v], (5, 7)=[^], (0, 7)=[>], (7, 2)=[^], (8, 5)=[^], (4, 1)=[<], (3, 1)=[>], (5, 3)=[>]}
19 Jan 2025 01:20:01 GMT Zwierzę poruszyło się z (5, 3) na (5, 3)
19 Jan 2025 01:20:01 GMT Długość listy pozycji: 10
Lista pozycji zwierząt: {(6, 5)=[^], (0, 0)=[>], (2, 3)=[v], (5, 7)=[^], (0, 7)=[v], (7, 2)=[^], (8, 5)=[^], (4, 1)=[<], (3, 1)=[>], (5, 3)=[>]}
19 Jan 2025 01:20:01 GMT Zwierzę poruszyło się z (0, 7) na (0, 7)
19 Jan 2025 01:20:01 GMT Długość listy pozycji: 10
Lista pozycji zwierząt: {(6, 5)=[^], (0, 0)=[>], (2, 3)=[v], (5, 7)=[^], (0, 7)=[v], (7, 2)=[^], (8, 5)=[^], (4, 1)=[<], (3, 1)=[>], (5, 3)=[>]}
19 Jan 2025 01:20:01 GMT Zwierzę poruszyło się z (8, 5) na (8, 5)
19 Jan 2025 01:20:01 GMT Długość listy pozycji: 10
Lista pozycji zwierząt: {(6, 5)=[^], (0, 0)=[>], (2, 3)=[v], (5, 7)=[^], (0, 7)=[v], (7, 2)=[^], (8, 5)=[^], (4, 1)=[<], (3, 1)=[v], (5, 3)=[>]}
19 Jan 2025 01:20:01 GMT Zwierzę poruszyło się z (3, 1) na (3, 1)
19 Jan 2025 01:20:01 GMT Zwierzę zjadło roślinkę na (6, 5)
19 Jan 2025 01:20:01 GMT Roślinka wyrosła na (1, 6)
19 Jan 2025 01:20:01 GMT Roślinka wyrosła na (3, 6)
19 Jan 2025 01:20:02 GMT Roślinka wyrosła na (2, 6)
19 Jan 2025 01:20:02 GMT Roślinka wyrosła na (3, 5)
19 Jan 2025 01:20:02 GMT Roślinka wyrosła na (5, 6)
19 Jan 2025 01:20:02 GMT Roślinka wyrosła na (2, 5)
19 Jan 2025 01:20:02 GMT Roślinka wyrosła na (7, 5)
19 Jan 2025 01:20:02 GMT Roślinka wyrosła na (6, 2)
19 Jan 2025 01:20:02 GMT Roślinka wyrosła na (9, 6)
19 Jan 2025 01:20:02 GMT Roślinka wyrosła na (0, 5)
19 Jan 2025 01:20:02 GMT Długość listy pozycji: 10
Lista pozycji zwierząt: {(6, 5)=[^], (0, 0)=[>], (2, 3)=[v], (5, 7)=[^], (0, 7)=[v], (7, 2)=[◢], (8, 5)=[^], (4, 1)=[<], (3, 1)=[v], (5, 3)=[>]}
19 Jan 2025 01:20:02 GMT Zwierzę poruszyło się z (7, 2) na (7, 2)
19 Jan 2025 01:20:02 GMT Długość listy pozycji: 10
Lista pozycji zwierząt: {(6, 5)=[^], (0, 0)=[>], (2, 3)=[◤], (5, 7)=[^], (0, 7)=[v], (7, 2)=[◢], (8, 5)=[^], (4, 1)=[<], (3, 1)=[v], (5, 3)=[>]}
19 Jan 2025 01:20:02 GMT Zwierzę poruszyło się z (2, 3) na (2, 3)
19 Jan 2025 01:20:02 GMT Długość listy pozycji: 10
Lista pozycji zwierząt: {(6, 5)=[^], (2, 3)=[◤], (5, 7)=[^], (9, 0)=[<], (0, 7)=[v], (7, 2)=[◢], (8, 5)=[^], (4, 1)=[<], (3, 1)=[v], (5, 3)=[>]}
19 Jan 2025 01:20:02 GMT Zwierzę poruszyło się z (0, 0) na (9, 0)
19 Jan 2025 01:20:02 GMT Długość listy pozycji: 10
Lista pozycji zwierząt: {(6, 5)=[^], (2, 3)=[◤], (5, 7)=[v], (9, 0)=[<], (0, 7)=[v], (7, 2)=[◢], (8, 5)=[^], (4, 1)=[<], (3, 1)=[v], (5, 3)=[>]}
19 Jan 2025 01:20:02 GMT Zwierzę poruszyło się z (5, 7) na (5, 7)
19 Jan 2025 01:20:02 GMT Długość listy pozycji: 10
Lista pozycji zwierząt: {(6, 5)=[^], (2, 3)=[◤], (5, 7)=[v], (9, 0)=[<], (0, 7)=[v], (7, 2)=[◢], (8, 5)=[^], (4, 1)=[<], (3, 1)=[v], (5, 3)=[>]}
19 Jan 2025 01:20:02 GMT Zwierzę poruszyło się z (6, 5) na (6, 5)
19 Jan 2025 01:20:02 GMT Długość listy pozycji: 10
Lista pozycji zwierząt: {(6, 5)=[^], (2, 3)=[◤], (5, 7)=[v], (9, 0)=[<], (0, 7)=[v], (7, 2)=[◢], (8, 5)=[^], (4, 1)=[◤], (3, 1)=[v], (5, 3)=[>]}
19 Jan 2025 01:20:02 GMT Zwierzę poruszyło się z (4, 1) na (4, 1)
19 Jan 2025 01:20:02 GMT Długość listy pozycji: 10
Lista pozycji zwierząt: {(6, 5)=[^], (2, 3)=[◤], (5, 7)=[v], (9, 0)=[<], (0, 7)=[v], (7, 2)=[◢], (8, 5)=[^], (4, 1)=[◤], (3, 1)=[v], (5, 3)=[^]}
19 Jan 2025 01:20:02 GMT Zwierzę poruszyło się z (5, 3) na (5, 3)
19 Jan 2025 01:20:02 GMT Długość listy pozycji: 10
Lista pozycji zwierząt: {(6, 5)=[^], (2, 3)=[◤], (5, 7)=[v], (9, 0)=[<], (7, 2)=[◢], (9, 6)=[◣], (8, 5)=[^], (4, 1)=[◤], (3, 1)=[v], (5, 3)=[^]}
19 Jan 2025 01:20:02 GMT Zwierzę poruszyło się z (0, 7) na (9, 6)
19 Jan 2025 01:20:03 GMT Długość listy pozycji: 10
Lista pozycji zwierząt: {(6, 5)=[^], (2, 3)=[◤], (5, 7)=[v], (9, 0)=[<], (7, 2)=[◢], (9, 6)=[◣], (8, 5)=[◥], (4, 1)=[◤], (3, 1)=[v], (5, 3)=[^]}
19 Jan 2025 01:20:03 GMT Zwierzę poruszyło się z (8, 5) na (8, 5)
19 Jan 2025 01:20:03 GMT Długość listy pozycji: 10
Lista pozycji zwierząt: {(6, 5)=[^], (2, 3)=[◤], (5, 7)=[v], (9, 0)=[<], (7, 2)=[◢], (9, 6)=[◣], (8, 5)=[◥], (4, 1)=[◤], (3, 1)=[◣], (5, 3)=[^]}
19 Jan 2025 01:20:03 GMT Zwierzę poruszyło się z (3, 1) na (3, 1)
19 Jan 2025 01:20:03 GMT Zwierzę zjadło roślinkę na (9, 6)
19 Jan 2025 01:20:03 GMT Roślinka wyrosła na (4, 6)
19 Jan 2025 01:20:03 GMT Roślinka wyrosła na (8, 5)
19 Jan 2025 01:20:03 GMT Roślinka wyrosła na (9, 0)
19 Jan 2025 01:20:03 GMT Roślinka wyrosła na (1, 9)
19 Jan 2025 01:20:03 GMT Roślinka wyrosła na (4, 0)
19 Jan 2025 01:20:03 GMT Roślinka wyrosła na (6, 1)
19 Jan 2025 01:20:03 GMT Roślinka wyrosła na (3, 4)
19 Jan 2025 01:20:03 GMT Roślinka wyrosła na (8, 0)
19 Jan 2025 01:20:03 GMT Roślinka wyrosła na (7, 0)
19 Jan 2025 01:20:03 GMT Roślinka wyrosła na (6, 3)
19 Jan 2025 01:20:03 GMT Długość listy pozycji: 10
Lista pozycji zwierząt: {(6, 5)=[^], (2, 3)=[◤], (5, 7)=[v], (9, 0)=[<], (7, 2)=[◥], (9, 6)=[◣], (8, 5)=[◥], (4, 1)=[◤], (3, 1)=[◣], (5, 3)=[^]}
19 Jan 2025 01:20:03 GMT Zwierzę poruszyło się z (7, 2) na (7, 2)
19 Jan 2025 01:20:03 GMT Długość listy pozycji: 10
Lista pozycji zwierząt: {(6, 5)=[^], (2, 3)=[>], (5, 7)=[v], (9, 0)=[<], (7, 2)=[◥], (9, 6)=[◣], (8, 5)=[◥], (4, 1)=[◤], (3, 1)=[◣], (5, 3)=[^]}
19 Jan 2025 01:20:03 GMT Zwierzę poruszyło się z (2, 3) na (2, 3)
19 Jan 2025 01:20:03 GMT Długość listy pozycji: 10
Lista pozycji zwierząt: {(6, 5)=[^], (2, 3)=[>], (5, 7)=[v], (9, 0)=[◤], (7, 2)=[◥], (9, 6)=[◣], (8, 5)=[◥], (4, 1)=[◤], (3, 1)=[◣], (5, 3)=[^]}
19 Jan 2025 01:20:03 GMT Zwierzę poruszyło się z (9, 0) na (9, 0)
19 Jan 2025 01:20:04 GMT Długość listy pozycji: 10
Lista pozycji zwierząt: {(6, 5)=[^], (2, 3)=[>], (5, 7)=[◤], (9, 0)=[◤], (7, 2)=[◥], (9, 6)=[◣], (8, 5)=[◥], (4, 1)=[◤], (3, 1)=[◣], (5, 3)=[^]}
19 Jan 2025 01:20:04 GMT Zwierzę poruszyło się z (5, 7) na (5, 7)
19 Jan 2025 01:20:04 GMT Długość listy pozycji: 10
Lista pozycji zwierząt: {(6, 5)=[<], (2, 3)=[>], (5, 7)=[◤], (9, 0)=[◤], (7, 2)=[◥], (9, 6)=[◣], (8, 5)=[◥], (4, 1)=[◤], (3, 1)=[◣], (5, 3)=[^]}
19 Jan 2025 01:20:04 GMT Zwierzę poruszyło się z (6, 5) na (6, 5)
19 Jan 2025 01:20:04 GMT Długość listy pozycji: 10
Lista pozycji zwierząt: {(6, 5)=[<], (2, 3)=[>], (5, 7)=[◤], (9, 0)=[◤], (7, 2)=[◥], (9, 6)=[◣], (8, 5)=[◥], (4, 1)=[◥], (3, 1)=[◣], (5, 3)=[^]}
19 Jan 2025 01:20:04 GMT Zwierzę poruszyło się z (4, 1) na (4, 1)
19 Jan 2025 01:20:04 GMT Długość listy pozycji: 10
Lista pozycji zwierząt: {(6, 5)=[<], (2, 3)=[>], (5, 7)=[◤], (9, 0)=[◤], (7, 2)=[◥], (9, 6)=[◣], (8, 5)=[◥], (4, 1)=[◥], (3, 1)=[◣], (5, 3)=[◢]}
19 Jan 2025 01:20:04 GMT Zwierzę poruszyło się z (5, 3) na (5, 3)
19 Jan 2025 01:20:04 GMT Długość listy pozycji: 10
Lista pozycji zwierząt: {(6, 5)=[<], (2, 3)=[>], (5, 7)=[◤], (0, 5)=[◢], (9, 0)=[◤], (7, 2)=[◥], (8, 5)=[◥], (4, 1)=[◥], (3, 1)=[◣], (5, 3)=[◢]}
19 Jan 2025 01:20:04 GMT Zwierzę poruszyło się z (9, 6) na (0, 5)
19 Jan 2025 01:20:04 GMT Długość listy pozycji: 10
Lista pozycji zwierząt: {(6, 5)=[<], (2, 3)=[>], (5, 7)=[◤], (0, 5)=[◢], (9, 0)=[◤], (7, 2)=[◥], (8, 5)=[◣], (4, 1)=[◥], (3, 1)=[◣], (5, 3)=[◢]}
19 Jan 2025 01:20:04 GMT Zwierzę poruszyło się z (8, 5) na (8, 5)
19 Jan 2025 01:20:04 GMT Długość listy pozycji: 10
Lista pozycji zwierząt: {(6, 5)=[<], (2, 3)=[>], (5, 7)=[◤], (0, 5)=[◢], (9, 0)=[◤], (7, 2)=[◥], (8, 5)=[◣], (4, 1)=[◥], (3, 1)=[>], (5, 3)=[◢]}
19 Jan 2025 01:20:04 GMT Zwierzę poruszyło się z (3, 1) na (3, 1)
19 Jan 2025 01:20:04 GMT Zwierzę zjadło roślinkę na (0, 5)
19 Jan 2025 01:20:04 GMT Zwierzę zjadło roślinkę na (9, 0)
19 Jan 2025 01:20:04 GMT Zwierzę zjadło roślinkę na (8, 5)
19 Jan 2025 01:20:05 GMT Roślinka wyrosła na (0, 9)
19 Jan 2025 01:20:05 GMT Roślinka wyrosła na (5, 3)
19 Jan 2025 01:20:05 GMT Roślinka wyrosła na (1, 7)
19 Jan 2025 01:20:05 GMT Roślinka wyrosła na (7, 9)
19 Jan 2025 01:20:05 GMT Roślinka wyrosła na (6, 8)
19 Jan 2025 01:20:05 GMT Roślinka wyrosła na (8, 3)
19 Jan 2025 01:20:05 GMT Roślinka wyrosła na (2, 3)
19 Jan 2025 01:20:05 GMT Roślinka wyrosła na (7, 7)
19 Jan 2025 01:20:05 GMT Roślinka wyrosła na (5, 7)
19 Jan 2025 01:20:05 GMT Roślinka wyrosła na (3, 1)
19 Jan 2025 01:20:05 GMT Długość listy pozycji: 10
Lista pozycji zwierząt: {(6, 5)=[<], (2, 3)=[>], (5, 7)=[◤], (0, 5)=[◢], (9, 0)=[◤], (7, 2)=[◢], (8, 5)=[◣], (4, 1)=[◥], (3, 1)=[>], (5, 3)=[◢]}
19 Jan 2025 01:20:05 GMT Zwierzę poruszyło się z (7, 2) na (7, 2)
19 Jan 2025 01:20:05 GMT Długość listy pozycji: 10
Lista pozycji zwierząt: {(6, 5)=[<], (2, 3)=[◥], (5, 7)=[◤], (0, 5)=[◢], (9, 0)=[◤], (7, 2)=[◢], (8, 5)=[◣], (4, 1)=[◥], (3, 1)=[>], (5, 3)=[◢]}
19 Jan 2025 01:20:05 GMT Zwierzę poruszyło się z (2, 3) na (2, 3)
19 Jan 2025 01:20:05 GMT Długość listy pozycji: 10
Lista pozycji zwierząt: {(6, 5)=[<], (2, 3)=[◥], (5, 7)=[◤], (0, 5)=[◢], (9, 0)=[◥], (7, 2)=[◢], (8, 5)=[◣], (4, 1)=[◥], (3, 1)=[>], (5, 3)=[◢]}
19 Jan 2025 01:20:05 GMT Zwierzę poruszyło się z (9, 0) na (9, 0)
19 Jan 2025 01:20:05 GMT Długość listy pozycji: 10
Lista pozycji zwierząt: {(6, 5)=[<], (2, 3)=[◥], (5, 7)=[◤], (0, 5)=[◢], (9, 0)=[◥], (7, 2)=[◢], (8, 5)=[◣], (4, 1)=[◥], (3, 1)=[>], (5, 3)=[◢]}
19 Jan 2025 01:20:05 GMT Zwierzę poruszyło się z (5, 7) na (5, 7)
19 Jan 2025 01:20:05 GMT Długość listy pozycji: 10
Lista pozycji zwierząt: {(6, 5)=[◤], (2, 3)=[◥], (5, 7)=[◤], (0, 5)=[◢], (9, 0)=[◥], (7, 2)=[◢], (8, 5)=[◣], (4, 1)=[◥], (3, 1)=[>], (5, 3)=[◢]}
19 Jan 2025 01:20:05 GMT Zwierzę poruszyło się z (6, 5) na (6, 5)
19 Jan 2025 01:20:05 GMT Długość listy pozycji: 10
Lista pozycji zwierząt: {(6, 5)=[◤], (2, 3)=[◥], (5, 7)=[◤], (0, 5)=[◢], (9, 0)=[◥], (7, 2)=[◢], (8, 5)=[◣], (4, 1)=[v], (3, 1)=[>], (5, 3)=[◢]}
19 Jan 2025 01:20:05 GMT Zwierzę poruszyło się z (4, 1) na (4, 1)
19 Jan 2025 01:20:05 GMT Długość listy pozycji: 10
Lista pozycji zwierząt: {(6, 5)=[◤], (2, 3)=[◥], (5, 7)=[◤], (0, 5)=[◢], (9, 0)=[◥], (7, 2)=[◢], (8, 5)=[◣], (4, 1)=[v], (3, 1)=[>], (5, 3)=[v]}
19 Jan 2025 01:20:05 GMT Zwierzę poruszyło się z (5, 3) na (5, 3)
19 Jan 2025 01:20:06 GMT Długość listy pozycji: 10
Lista pozycji zwierząt: {(6, 5)=[◤], (2, 3)=[◥], (5, 7)=[◤], (9, 0)=[◥], (9, 4)=[◣], (7, 2)=[◢], (8, 5)=[◣], (4, 1)=[v], (3, 1)=[>], (5, 3)=[v]}
19 Jan 2025 01:20:06 GMT Zwierzę poruszyło się z (0, 5) na (9, 4)
19 Jan 2025 01:20:06 GMT Długość listy pozycji: 10
Lista pozycji zwierząt: {(6, 5)=[◤], (2, 3)=[◥], (5, 7)=[◤], (9, 0)=[◥], (9, 4)=[◣], (7, 2)=[◢], (8, 5)=[^], (4, 1)=[v], (3, 1)=[>], (5, 3)=[v]}
19 Jan 2025 01:20:06 GMT Zwierzę poruszyło się z (8, 5) na (8, 5)
19 Jan 2025 01:20:06 GMT Długość listy pozycji: 10
Lista pozycji zwierząt: {(6, 5)=[◤], (2, 3)=[◥], (5, 7)=[◤], (9, 0)=[◥], (9, 4)=[◣], (7, 2)=[◢], (8, 5)=[^], (4, 1)=[v], (3, 1)=[◣], (5, 3)=[v]}
19 Jan 2025 01:20:06 GMT Zwierzę poruszyło się z (3, 1) na (3, 1)
19 Jan 2025 01:20:06 GMT Zwierzę zjadło roślinkę na (2, 3)
19 Jan 2025 01:20:06 GMT Zwierzę zjadło roślinkę na (5, 7)
19 Jan 2025 01:20:06 GMT Zwierzę zjadło roślinkę na (3, 1)
19 Jan 2025 01:20:06 GMT Zwierzę zjadło roślinkę na (5, 3)
19 Jan 2025 01:20:06 GMT Roślinka wyrosła na (5, 2)
19 Jan 2025 01:20:06 GMT Roślinka wyrosła na (3, 3)
19 Jan 2025 01:20:06 GMT Roślinka wyrosła na (8, 2)
19 Jan 2025 01:20:06 GMT Roślinka wyrosła na (7, 2)
19 Jan 2025 01:20:06 GMT Roślinka wyrosła na (2, 0)
19 Jan 2025 01:20:06 GMT Roślinka wyrosła na (6, 0)
19 Jan 2025 01:20:06 GMT Roślinka wyrosła na (3, 9)
19 Jan 2025 01:20:06 GMT Roślinka wyrosła na (3, 8)
19 Jan 2025 01:20:06 GMT Roślinka wyrosła na (7, 4)
19 Jan 2025 01:20:06 GMT Roślinka wyrosła na (4, 7)
19 Jan 2025 01:20:06 GMT Długość listy pozycji: 10
Lista pozycji zwierząt: {(6, 5)=[◤], (2, 3)=[◥], (5, 7)=[◤], (9, 0)=[◥], (9, 4)=[◣], (7, 2)=[◥], (8, 5)=[^], (4, 1)=[v], (3, 1)=[◣], (5, 3)=[v]}
19 Jan 2025 01:20:06 GMT Zwierzę poruszyło się z (7, 2) na (7, 2)
19 Jan 2025 01:20:07 GMT Długość listy pozycji: 10
Lista pozycji zwierząt: {(6, 5)=[◤], (2, 3)=[>], (5, 7)=[◤], (9, 0)=[◥], (9, 4)=[◣], (7, 2)=[◥], (8, 5)=[^], (4, 1)=[v], (3, 1)=[◣], (5, 3)=[v]}
19 Jan 2025 01:20:07 GMT Zwierzę poruszyło się z (2, 3) na (2, 3)
19 Jan 2025 01:20:07 GMT Długość listy pozycji: 10
Lista pozycji zwierząt: {(6, 5)=[◤], (2, 3)=[>], (5, 7)=[◤], (9, 0)=[◤], (9, 4)=[◣], (7, 2)=[◥], (8, 5)=[^], (4, 1)=[v], (3, 1)=[◣], (5, 3)=[v]}
19 Jan 2025 01:20:07 GMT Zwierzę poruszyło się z (9, 0) na (9, 0)
19 Jan 2025 01:20:07 GMT Długość listy pozycji: 10
Lista pozycji zwierząt: {(6, 5)=[◤], (2, 3)=[>], (5, 7)=[◢], (9, 0)=[◤], (9, 4)=[◣], (7, 2)=[◥], (8, 5)=[^], (4, 1)=[v], (3, 1)=[◣], (5, 3)=[v]}
19 Jan 2025 01:20:07 GMT Zwierzę poruszyło się z (5, 7) na (5, 7)
19 Jan 2025 01:20:07 GMT Długość listy pozycji: 10
Lista pozycji zwierząt: {(6, 5)=[^], (2, 3)=[>], (5, 7)=[◢], (9, 0)=[◤], (9, 4)=[◣], (7, 2)=[◥], (8, 5)=[^], (4, 1)=[v], (3, 1)=[◣], (5, 3)=[v]}
19 Jan 2025 01:20:07 GMT Zwierzę poruszyło się z (6, 5) na (6, 5)
19 Jan 2025 01:20:07 GMT Długość listy pozycji: 10
Lista pozycji zwierząt: {(6, 5)=[^], (2, 3)=[>], (5, 7)=[◢], (9, 0)=[◤], (9, 4)=[◣], (7, 2)=[◥], (8, 5)=[^], (4, 1)=[◢], (3, 1)=[◣], (5, 3)=[v]}
19 Jan 2025 01:20:07 GMT Zwierzę poruszyło się z (4, 1) na (4, 1)
19 Jan 2025 01:20:07 GMT Długość listy pozycji: 10
Lista pozycji zwierząt: {(6, 5)=[^], (2, 3)=[>], (5, 7)=[◢], (9, 0)=[◤], (9, 4)=[◣], (7, 2)=[◥], (8, 5)=[^], (4, 1)=[◢], (3, 1)=[◣], (5, 3)=[v]}
19 Jan 2025 01:20:07 GMT Zwierzę poruszyło się z (5, 3) na (5, 3)
19 Jan 2025 01:20:07 GMT Długość listy pozycji: 10
Lista pozycji zwierząt: {(6, 5)=[^], (2, 3)=[>], (5, 7)=[◢], (9, 0)=[◤], (9, 4)=[◤], (7, 2)=[◥], (8, 5)=[^], (4, 1)=[◢], (3, 1)=[◣], (5, 3)=[v]}
19 Jan 2025 01:20:07 GMT Zwierzę poruszyło się z (9, 4) na (9, 4)
19 Jan 2025 01:20:07 GMT Długość listy pozycji: 10
Lista pozycji zwierząt: {(6, 5)=[^], (2, 3)=[>], (5, 7)=[◢], (9, 0)=[◤], (9, 4)=[◤], (7, 2)=[◥], (8, 5)=[<], (4, 1)=[◢], (3, 1)=[◣], (5, 3)=[v]}
19 Jan 2025 01:20:07 GMT Zwierzę poruszyło się z (8, 5) na (8, 5)
19 Jan 2025 01:20:07 GMT Długość listy pozycji: 10
Lista pozycji zwierząt: {(6, 5)=[^], (2, 3)=[>], (5, 7)=[◢], (9, 0)=[◤], (9, 4)=[◤], (7, 2)=[◥], (8, 5)=[<], (4, 1)=[◢], (3, 1)=[<], (5, 3)=[v]}
19 Jan 2025 01:20:07 GMT Zwierzę poruszyło się z (3, 1) na (3, 1)
19 Jan 2025 01:20:08 GMT Zwierzę zjadło roślinkę na (7, 2)
19 Jan 2025 01:20:08 GMT Roślinka wyrosła na (4, 3)
19 Jan 2025 01:20:08 GMT Roślinka wyrosła na (2, 4)
19 Jan 2025 01:20:08 GMT Roślinka wyrosła na (1, 8)
19 Jan 2025 01:20:08 GMT Roślinka wyrosła na (4, 4)
19 Jan 2025 01:20:08 GMT Roślinka wyrosła na (9, 4)
19 Jan 2025 01:20:08 GMT Roślinka wyrosła na (4, 1)
19 Jan 2025 01:20:08 GMT Roślinka wyrosła na (1, 1)
19 Jan 2025 01:20:08 GMT Roślinka wyrosła na (9, 2)
19 Jan 2025 01:20:08 GMT Roślinka wyrosła na (9, 3)
19 Jan 2025 01:20:08 GMT Roślinka wyrosła na (6, 7)
19 Jan 2025 01:20:08 GMT Długość listy pozycji: 10
Lista pozycji zwierząt: {(6, 5)=[^], (2, 3)=[>], (5, 7)=[◢], (9, 0)=[◤], (9, 4)=[◤], (7, 2)=[◤], (8, 5)=[<], (4, 1)=[◢], (3, 1)=[<], (5, 3)=[v]}
19 Jan 2025 01:20:08 GMT Zwierzę poruszyło się z (7, 2) na (7, 2)
19 Jan 2025 01:20:08 GMT Długość listy pozycji: 10
Lista pozycji zwierząt: {(6, 5)=[^], (2, 3)=[◣], (5, 7)=[◢], (9, 0)=[◤], (9, 4)=[◤], (7, 2)=[◤], (8, 5)=[<], (4, 1)=[◢], (3, 1)=[<], (5, 3)=[v]}
19 Jan 2025 01:20:08 GMT Zwierzę poruszyło się z (2, 3) na (2, 3)
19 Jan 2025 01:20:08 GMT Długość listy pozycji: 10
Lista pozycji zwierząt: {(6, 5)=[^], (2, 3)=[◣], (5, 7)=[◢], (9, 0)=[◥], (9, 4)=[◤], (7, 2)=[◤], (8, 5)=[<], (4, 1)=[◢], (3, 1)=[<], (5, 3)=[v]}
19 Jan 2025 01:20:08 GMT Zwierzę poruszyło się z (9, 0) na (9, 0)
19 Jan 2025 01:20:08 GMT Długość listy pozycji: 10
Lista pozycji zwierząt: {(6, 5)=[^], (2, 3)=[◣], (5, 7)=[^], (9, 0)=[◥], (9, 4)=[◤], (7, 2)=[◤], (8, 5)=[<], (4, 1)=[◢], (3, 1)=[<], (5, 3)=[v]}
19 Jan 2025 01:20:08 GMT Zwierzę poruszyło się z (5, 7) na (5, 7)
19 Jan 2025 01:20:08 GMT Długość listy pozycji: 10
Lista pozycji zwierząt: {(6, 5)=[◣], (2, 3)=[◣], (5, 7)=[^], (9, 0)=[◥], (9, 4)=[◤], (7, 2)=[◤], (8, 5)=[<], (4, 1)=[◢], (3, 1)=[<], (5, 3)=[v]}
19 Jan 2025 01:20:08 GMT Zwierzę poruszyło się z (6, 5) na (6, 5)
19 Jan 2025 01:20:09 GMT Długość listy pozycji: 10
Lista pozycji zwierząt: {(6, 5)=[◣], (2, 3)=[◣], (5, 7)=[^], (9, 0)=[◥], (9, 4)=[◤], (7, 2)=[◤], (8, 5)=[<], (4, 1)=[◣], (3, 1)=[<], (5, 3)=[v]}
19 Jan 2025 01:20:09 GMT Zwierzę poruszyło się z (4, 1) na (4, 1)
19 Jan 2025 01:20:09 GMT Długość listy pozycji: 10
Lista pozycji zwierząt: {(6, 5)=[◣], (2, 3)=[◣], (5, 7)=[^], (9, 0)=[◥], (9, 4)=[◤], (7, 2)=[◤], (8, 5)=[<], (4, 1)=[◣], (3, 1)=[<], (5, 3)=[◣]}
19 Jan 2025 01:20:09 GMT Zwierzę poruszyło się z (5, 3) na (5, 3)
19 Jan 2025 01:20:09 GMT Długość listy pozycji: 10
Lista pozycji zwierząt: {(6, 5)=[◣], (2, 3)=[◣], (5, 7)=[^], (9, 0)=[◥], (9, 4)=[◤], (7, 2)=[◤], (8, 5)=[<], (4, 1)=[◣], (3, 1)=[<], (5, 3)=[◣]}
19 Jan 2025 01:20:09 GMT Zwierzę poruszyło się z (9, 4) na (9, 4)
19 Jan 2025 01:20:09 GMT Długość listy pozycji: 10
Lista pozycji zwierząt: {(6, 5)=[◣], (2, 3)=[◣], (5, 7)=[^], (9, 0)=[◥], (9, 4)=[◤], (7, 2)=[◤], (8, 5)=[v], (4, 1)=[◣], (3, 1)=[<], (5, 3)=[◣]}
19 Jan 2025 01:20:09 GMT Zwierzę poruszyło się z (8, 5) na (8, 5)
19 Jan 2025 01:20:09 GMT Długość listy pozycji: 10
Lista pozycji zwierząt: {(6, 5)=[◣], (2, 3)=[◣], (5, 7)=[^], (9, 0)=[◥], (9, 4)=[◤], (7, 2)=[◤], (8, 5)=[v], (4, 1)=[◣], (3, 1)=[◣], (5, 3)=[◣]}
19 Jan 2025 01:20:09 GMT Zwierzę poruszyło się z (3, 1) na (3, 1)
