19 Jan 2025 01:15:11 GMT Zwierze zostało położone na (3, 4)
19 Jan 2025 01:15:11 GMT Zwierze zostało położone na (6, 4)
19 Jan 2025 01:15:11 GMT Zwierze zostało położone na (7, 0)
19 Jan 2025 01:15:12 GMT Zwierze zostało położone na (7, 0)
19 Jan 2025 01:15:12 GMT Zwierze zostało położone na (3, 0)
19 Jan 2025 01:15:12 GMT Zwierze zostało położone na (5, 2)
19 Jan 2025 01:15:12 GMT Zwierze zostało położone na (3, 2)
19 Jan 2025 01:15:12 GMT Zwierze zostało położone na (2, 4)
19 Jan 2025 01:15:12 GMT Zwierze zostało położone na (3, 2)
19 Jan 2025 01:15:12 GMT Zwierze zostało położone na (8, 7)
19 Jan 2025 01:15:12 GMT Długość listy pozycji: 8
Lista pozycji zwierząt: {(8, 7)=[^], (3, 2)=[◤, ◢], (3, 4)=[>], (2, 4)=[◤], (7, 0)=[◥, v], (5, 2)=[^], (3, 0)=[◢], (6, 4)=[◤]}
19 Jan 2025 01:15:12 GMT Zwierzę poruszyło się z (3, 4) na (3, 4)
19 Jan 2025 01:15:12 GMT Długość listy pozycji: 8
Lista pozycji zwierząt: {(8, 7)=[^], (3, 2)=[◤, ◢], (3, 4)=[>], (2, 4)=[◤], (7, 0)=[◥, v], (5, 2)=[^], (3, 0)=[◢], (6, 4)=[<]}
19 Jan 2025 01:15:12 GMT Zwierzę poruszyło się z (6, 4) na (6, 4)
19 Jan 2025 01:15:12 GMT Długość listy pozycji: 8
Lista pozycji zwierząt: {(8, 7)=[^], (3, 2)=[◤, ◢], (3, 4)=[>], (2, 4)=[◤], (7, 0)=[>, v], (5, 2)=[^], (3, 0)=[◢], (6, 4)=[<]}
19 Jan 2025 01:15:12 GMT Zwierzę poruszyło się z (7, 0) na (7, 0)
19 Jan 2025 01:15:12 GMT Długość listy pozycji: 8
Lista pozycji zwierząt: {(8, 7)=[^], (3, 2)=[◤, ◢], (3, 4)=[>], (2, 4)=[◤], (7, 0)=[>, ^], (5, 2)=[^], (3, 0)=[◢], (6, 4)=[<]}
19 Jan 2025 01:15:12 GMT Zwierzę poruszyło się z (7, 0) na (7, 0)
19 Jan 2025 01:15:13 GMT Długość listy pozycji: 8
Lista pozycji zwierząt: {(8, 7)=[^], (3, 2)=[◤, ◢], (3, 4)=[>], (2, 4)=[◤], (7, 0)=[>, ^], (5, 2)=[^], (3, 0)=[<], (6, 4)=[<]}
19 Jan 2025 01:15:13 GMT Zwierzę poruszyło się z (3, 0) na (3, 0)
19 Jan 2025 01:15:13 GMT Długość listy pozycji: 8
Lista pozycji zwierząt: {(8, 7)=[^], (3, 2)=[◤, ◢], (3, 4)=[>], (2, 4)=[◤], (7, 0)=[>, ^], (5, 2)=[^], (3, 0)=[<], (6, 4)=[<]}
19 Jan 2025 01:15:13 GMT Zwierzę poruszyło się z (5, 2) na (5, 2)
19 Jan 2025 01:15:13 GMT Długość listy pozycji: 8
Lista pozycji zwierząt: {(8, 7)=[^], (3, 2)=[<, ◢], (3, 4)=[>], (2, 4)=[◤], (7, 0)=[>, ^], (5, 2)=[^], (3, 0)=[<], (6, 4)=[<]}
19 Jan 2025 01:15:13 GMT Zwierzę poruszyło się z (3, 2) na (3, 2)
19 Jan 2025 01:15:13 GMT Długość listy pozycji: 8
Lista pozycji zwierząt: {(8, 7)=[^], (3, 2)=[<, ◢], (3, 4)=[>], (2, 4)=[<], (7, 0)=[>, ^], (5, 2)=[^], (3, 0)=[<], (6, 4)=[<]}
19 Jan 2025 01:15:13 GMT Zwierzę poruszyło się z (2, 4) na (2, 4)
19 Jan 2025 01:15:13 GMT Długość listy pozycji: 8
Lista pozycji zwierząt: {(8, 7)=[^], (3, 2)=[<, <], (3, 4)=[>], (2, 4)=[<], (7, 0)=[>, ^], (5, 2)=[^], (3, 0)=[<], (6, 4)=[<]}
19 Jan 2025 01:15:13 GMT Zwierzę poruszyło się z (3, 2) na (3, 2)
19 Jan 2025 01:15:13 GMT Długość listy pozycji: 8
Lista pozycji zwierząt: {(8, 7)=[^], (3, 2)=[<, <], (3, 4)=[>], (2, 4)=[<], (7, 0)=[>, ^], (5, 2)=[^], (3, 0)=[<], (6, 4)=[<]}
19 Jan 2025 01:15:13 GMT Zwierzę poruszyło się z (8, 7) na (8, 7)
19 Jan 2025 01:15:13 GMT Zwierze zostało położone na (3, 2)
19 Jan 2025 01:15:13 GMT Urodziło się nowe zwierzę na (3, 2)
19 Jan 2025 01:15:13 GMT Zwierze zostało położone na (7, 0)
19 Jan 2025 01:15:13 GMT Urodziło się nowe zwierzę na (7, 0)
19 Jan 2025 01:15:14 GMT Roślinka wyrosła na (1, 5)
19 Jan 2025 01:15:14 GMT Roślinka wyrosła na (4, 6)
19 Jan 2025 01:15:14 GMT Roślinka wyrosła na (2, 5)
19 Jan 2025 01:15:14 GMT Roślinka wyrosła na (5, 5)
19 Jan 2025 01:15:14 GMT Roślinka wyrosła na (9, 5)
19 Jan 2025 01:15:14 GMT Roślinka wyrosła na (6, 6)
19 Jan 2025 01:15:14 GMT Roślinka wyrosła na (0, 6)
19 Jan 2025 01:15:14 GMT Roślinka wyrosła na (6, 5)
19 Jan 2025 01:15:14 GMT Roślinka wyrosła na (7, 5)
19 Jan 2025 01:15:14 GMT Roślinka wyrosła na (3, 6)
19 Jan 2025 01:15:14 GMT Zwierzę umarło na (7, 0)
19 Jan 2025 01:15:14 GMT Zwierzę umarło na (3, 2)
19 Jan 2025 01:15:14 GMT Długość listy pozycji: 8
Lista pozycji zwierząt: {(8, 7)=[^], (3, 2)=[^, <], (3, 4)=[v], (2, 4)=[<], (7, 0)=[◥, ^], (5, 2)=[^], (3, 0)=[<], (6, 4)=[<]}
19 Jan 2025 01:15:14 GMT Zwierzę poruszyło się z (3, 4) na (3, 4)
19 Jan 2025 01:15:14 GMT Długość listy pozycji: 8
Lista pozycji zwierząt: {(8, 7)=[^], (3, 2)=[^, <], (3, 4)=[v], (2, 4)=[<], (7, 0)=[◥, ^], (5, 2)=[^], (3, 0)=[<], (6, 4)=[◤]}
19 Jan 2025 01:15:14 GMT Zwierzę poruszyło się z (6, 4) na (6, 4)
19 Jan 2025 01:15:14 GMT Długość listy pozycji: 8
Lista pozycji zwierząt: {(8, 7)=[^], (3, 2)=[^, <], (3, 4)=[v], (2, 4)=[<], (7, 0)=[◥, ◤], (5, 2)=[^], (3, 0)=[<], (6, 4)=[◤]}
19 Jan 2025 01:15:14 GMT Zwierzę poruszyło się z (7, 0) na (7, 0)
19 Jan 2025 01:15:14 GMT Długość listy pozycji: 8
Lista pozycji zwierząt: {(8, 7)=[^], (3, 2)=[^, <], (3, 4)=[v], (2, 4)=[<], (7, 0)=[◥, ◤], (5, 2)=[^], (3, 0)=[>], (6, 4)=[◤]}
19 Jan 2025 01:15:14 GMT Zwierzę poruszyło się z (3, 0) na (3, 0)
19 Jan 2025 01:15:14 GMT Długość listy pozycji: 8
Lista pozycji zwierząt: {(8, 7)=[^], (3, 2)=[^, <], (3, 4)=[v], (2, 4)=[<], (7, 0)=[◥, ◤], (5, 2)=[^], (3, 0)=[>], (6, 4)=[◤]}
19 Jan 2025 01:15:14 GMT Zwierzę poruszyło się z (5, 2) na (5, 2)
19 Jan 2025 01:15:14 GMT Długość listy pozycji: 8
Lista pozycji zwierząt: {(8, 7)=[^], (3, 2)=[^, <], (3, 4)=[v], (2, 4)=[^], (7, 0)=[◥, ◤], (5, 2)=[^], (3, 0)=[>], (6, 4)=[◤]}
19 Jan 2025 01:15:14 GMT Zwierzę poruszyło się z (2, 4) na (2, 4)
19 Jan 2025 01:15:14 GMT Długość listy pozycji: 8
Lista pozycji zwierząt: {(8, 7)=[^], (3, 2)=[^, ◥], (3, 4)=[v], (2, 4)=[^], (7, 0)=[◥, ◤], (5, 2)=[^], (3, 0)=[>], (6, 4)=[◤]}
19 Jan 2025 01:15:14 GMT Zwierzę poruszyło się z (3, 2) na (3, 2)
19 Jan 2025 01:15:15 GMT Długość listy pozycji: 8
Lista pozycji zwierząt: {(8, 7)=[◥], (3, 2)=[^, ◥], (3, 4)=[v], (2, 4)=[^], (7, 0)=[◥, ◤], (5, 2)=[^], (3, 0)=[>], (6, 4)=[◤]}
19 Jan 2025 01:15:15 GMT Zwierzę poruszyło się z (8, 7) na (8, 7)
19 Jan 2025 01:15:15 GMT Zwierze zostało położone na (3, 2)
19 Jan 2025 01:15:15 GMT Urodziło się nowe zwierzę na (3, 2)
19 Jan 2025 01:15:15 GMT Zwierze zostało położone na (7, 0)
19 Jan 2025 01:15:15 GMT Urodziło się nowe zwierzę na (7, 0)
19 Jan 2025 01:15:15 GMT Roślinka wyrosła na (7, 6)
19 Jan 2025 01:15:15 GMT Roślinka wyrosła na (1, 6)
19 Jan 2025 01:15:15 GMT Roślinka wyrosła na (8, 5)
19 Jan 2025 01:15:15 GMT Roślinka wyrosła na (4, 1)
19 Jan 2025 01:15:15 GMT Roślinka wyrosła na (9, 9)
19 Jan 2025 01:15:15 GMT Roślinka wyrosła na (1, 7)
19 Jan 2025 01:15:15 GMT Roślinka wyrosła na (6, 0)
19 Jan 2025 01:15:15 GMT Roślinka wyrosła na (3, 4)
19 Jan 2025 01:15:15 GMT Roślinka wyrosła na (6, 8)
19 Jan 2025 01:15:15 GMT Roślinka wyrosła na (7, 0)
19 Jan 2025 01:15:15 GMT Długość listy pozycji: 8
Lista pozycji zwierząt: {(8, 7)=[◥], (3, 2)=[^, ^, ◥], (3, 4)=[<], (2, 4)=[^], (7, 0)=[v, ◥, ◤], (5, 2)=[^], (3, 0)=[>], (6, 4)=[◤]}
19 Jan 2025 01:15:15 GMT Zwierzę poruszyło się z (3, 4) na (3, 4)
19 Jan 2025 01:15:15 GMT Długość listy pozycji: 8
Lista pozycji zwierząt: {(8, 7)=[◥], (3, 2)=[^, ^, ◥], (3, 4)=[<], (2, 4)=[^], (7, 0)=[v, ◥, ◤], (5, 2)=[^], (3, 0)=[>], (6, 4)=[^]}
19 Jan 2025 01:15:15 GMT Zwierzę poruszyło się z (6, 4) na (6, 4)
19 Jan 2025 01:15:15 GMT Długość listy pozycji: 8
Lista pozycji zwierząt: {(8, 7)=[◥], (3, 2)=[^, ^, ◥], (3, 4)=[<], (2, 4)=[^], (7, 0)=[v, <, ◥, <], (5, 2)=[^], (3, 0)=[>], (6, 4)=[^]}
19 Jan 2025 01:15:15 GMT Zwierzę poruszyło się z (7, 0) na (7, 0)
19 Jan 2025 01:15:16 GMT Długość listy pozycji: 8
Lista pozycji zwierząt: {(8, 7)=[◥], (3, 2)=[^, ^, ◥], (3, 4)=[<], (2, 4)=[^], (7, 0)=[v, <, ◥, <], (5, 2)=[^], (3, 0)=[◤], (6, 4)=[^]}
19 Jan 2025 01:15:16 GMT Zwierzę poruszyło się z (3, 0) na (3, 0)
19 Jan 2025 01:15:16 GMT Długość listy pozycji: 8
Lista pozycji zwierząt: {(8, 7)=[◥], (3, 2)=[^, ^, ◥], (3, 4)=[<], (2, 4)=[^], (7, 0)=[v, <, ◥, <], (5, 2)=[v], (3, 0)=[◤], (6, 4)=[^]}
19 Jan 2025 01:15:16 GMT Zwierzę poruszyło się z (5, 2) na (5, 2)
19 Jan 2025 01:15:16 GMT Długość listy pozycji: 8
Lista pozycji zwierząt: {(8, 7)=[◥], (3, 2)=[^, ^, ◥], (3, 4)=[<], (2, 4)=[<], (7, 0)=[v, <, ◥, <], (5, 2)=[v], (3, 0)=[◤], (6, 4)=[^]}
19 Jan 2025 01:15:16 GMT Zwierzę poruszyło się z (2, 4) na (2, 4)
19 Jan 2025 01:15:16 GMT Długość listy pozycji: 8
Lista pozycji zwierząt: {(8, 7)=[◥], (3, 2)=[^, ^, ^, ^], (3, 4)=[<], (2, 4)=[<], (7, 0)=[v, <, ◥, <], (5, 2)=[v], (3, 0)=[◤], (6, 4)=[^]}
19 Jan 2025 01:15:16 GMT Zwierzę poruszyło się z (3, 2) na (3, 2)
19 Jan 2025 01:15:16 GMT Długość listy pozycji: 8
Lista pozycji zwierząt: {(8, 7)=[<], (3, 2)=[^, ^, ^, ^], (3, 4)=[<], (2, 4)=[<], (7, 0)=[v, <, ◥, <], (5, 2)=[v], (3, 0)=[◤], (6, 4)=[^]}
19 Jan 2025 01:15:16 GMT Zwierzę poruszyło się z (8, 7) na (8, 7)
19 Jan 2025 01:15:16 GMT Zwierzę zjadło roślinkę na (3, 4)
19 Jan 2025 01:15:16 GMT Zwierzę zjadło roślinkę na (7, 0)
19 Jan 2025 01:15:16 GMT Zwierze zostało położone na (3, 2)
19 Jan 2025 01:15:16 GMT Urodziło się nowe zwierzę na (3, 2)
19 Jan 2025 01:15:16 GMT Zwierze zostało położone na (7, 0)
19 Jan 2025 01:15:16 GMT Urodziło się nowe zwierzę na (7, 0)
19 Jan 2025 01:15:16 GMT Roślinka wyrosła na (9, 1)
19 Jan 2025 01:15:16 GMT Roślinka wyrosła na (1, 1)
19 Jan 2025 01:15:16 GMT Roślinka wyrosła na (3, 0)
19 Jan 2025 01:15:16 GMT Roślinka wyrosła na (0, 0)
19 Jan 2025 01:15:16 GMT Roślinka wyrosła na (9, 2)
19 Jan 2025 01:15:16 GMT Roślinka wyrosła na (2, 3)
19 Jan 2025 01:15:16 GMT Roślinka wyrosła na (0, 7)
19 Jan 2025 01:15:16 GMT Roślinka wyrosła na (5, 7)
19 Jan 2025 01:15:16 GMT Roślinka wyrosła na (3, 1)
19 Jan 2025 01:15:16 GMT Roślinka wyrosła na (5, 0)
19 Jan 2025 01:15:17 GMT Długość listy pozycji: 8
Lista pozycji zwierząt: {(8, 7)=[<], (3, 2)=[>, ^, ^, ^, ^], (3, 4)=[◣], (2, 4)=[<], (7, 0)=[◢, v, <, ◥, <], (5, 2)=[v], (3, 0)=[◤], (6, 4)=[^]}
19 Jan 2025 01:15:17 GMT Zwierzę poruszyło się z (3, 4) na (3, 4)
19 Jan 2025 01:15:17 GMT Długość listy pozycji: 8
Lista pozycji zwierząt: {(8, 7)=[<], (3, 2)=[>, ^, ^, ^, ^], (3, 4)=[◣], (2, 4)=[<], (7, 0)=[◢, v, <, ◥, <], (5, 2)=[v], (3, 0)=[◤], (6, 4)=[<]}
19 Jan 2025 01:15:17 GMT Zwierzę poruszyło się z (6, 4) na (6, 4)
19 Jan 2025 01:15:17 GMT Długość listy pozycji: 8
Lista pozycji zwierząt: {(8, 7)=[<], (3, 2)=[>, ^, ^, ^, ^], (3, 4)=[◣], (2, 4)=[<], (7, 0)=[◢, v, ◤, ◥, ◤], (5, 2)=[v], (3, 0)=[◤], (6, 4)=[<]}
19 Jan 2025 01:15:17 GMT Zwierzę poruszyło się z (7, 0) na (7, 0)
19 Jan 2025 01:15:17 GMT Długość listy pozycji: 8
Lista pozycji zwierząt: {(8, 7)=[<], (3, 2)=[>, ^, ^, ^, ^], (3, 4)=[◣], (2, 4)=[<], (7, 0)=[◢, v, ◤, ◥, ◤], (5, 2)=[v], (3, 0)=[◥], (6, 4)=[<]}
19 Jan 2025 01:15:17 GMT Zwierzę poruszyło się z (3, 0) na (3, 0)
19 Jan 2025 01:15:17 GMT Długość listy pozycji: 8
Lista pozycji zwierząt: {(8, 7)=[<], (3, 2)=[>, ^, ^, ^, ^], (3, 4)=[◣], (2, 4)=[<], (7, 0)=[◢, v, ◤, ◥, ◤], (5, 2)=[◣], (3, 0)=[◥], (6, 4)=[<]}
19 Jan 2025 01:15:17 GMT Zwierzę poruszyło się z (5, 2) na (5, 2)
19 Jan 2025 01:15:17 GMT Długość listy pozycji: 8
Lista pozycji zwierząt: {(8, 7)=[<], (3, 2)=[>, ^, ^, ^, ^], (3, 4)=[◣], (2, 4)=[◢], (7, 0)=[◢, v, ◤, ◥, ◤], (5, 2)=[◣], (3, 0)=[◥], (6, 4)=[<]}
19 Jan 2025 01:15:17 GMT Zwierzę poruszyło się z (2, 4) na (2, 4)
19 Jan 2025 01:15:17 GMT Długość listy pozycji: 8
Lista pozycji zwierząt: {(8, 7)=[<], (3, 2)=[>, v, ^, v, ^, v], (3, 4)=[◣], (2, 4)=[◢], (7, 0)=[◢, v, ◤, ◥, ◤], (5, 2)=[◣], (3, 0)=[◥], (6, 4)=[<]}
19 Jan 2025 01:15:17 GMT Zwierzę poruszyło się z (3, 2) na (3, 2)
19 Jan 2025 01:15:17 GMT Długość listy pozycji: 8
Lista pozycji zwierząt: {(8, 7)=[>], (3, 2)=[>, v, ^, v, ^, v], (3, 4)=[◣], (2, 4)=[◢], (7, 0)=[◢, v, ◤, ◥, ◤], (5, 2)=[◣], (3, 0)=[◥], (6, 4)=[<]}
19 Jan 2025 01:15:17 GMT Zwierzę poruszyło się z (8, 7) na (8, 7)
19 Jan 2025 01:15:18 GMT Zwierzę zjadło roślinkę na (3, 0)
19 Jan 2025 01:15:18 GMT Zwierze zostało położone na (3, 2)
19 Jan 2025 01:15:18 GMT Urodziło się nowe zwierzę na (3, 2)
19 Jan 2025 01:15:18 GMT Zwierze zostało położone na (7, 0)
19 Jan 2025 01:15:18 GMT Urodziło się nowe zwierzę na (7, 0)
19 Jan 2025 01:15:18 GMT Roślinka wyrosła na (1, 2)
19 Jan 2025 01:15:18 GMT Roślinka wyrosła na (5, 3)
19 Jan 2025 01:15:18 GMT Roślinka wyrosła na (2, 4)
19 Jan 2025 01:15:18 GMT Roślinka wyrosła na (6, 2)
19 Jan 2025 01:15:18 GMT Roślinka wyrosła na (0, 8)
19 Jan 2025 01:15:18 GMT Roślinka wyrosła na (0, 4)
19 Jan 2025 01:15:18 GMT Roślinka wyrosła na (0, 2)
19 Jan 2025 01:15:18 GMT Roślinka wyrosła na (2, 0)
19 Jan 2025 01:15:18 GMT Roślinka wyrosła na (1, 8)
19 Jan 2025 01:15:18 GMT Roślinka wyrosła na (9, 8)
19 Jan 2025 01:15:18 GMT Długość listy pozycji: 8
Lista pozycji zwierząt: {(8, 7)=[>], (3, 2)=[v, >, v, ^, v, ^, v], (3, 4)=[>], (2, 4)=[◢], (7, 0)=[◥, ◢, v, ◤, ◥, ◤], (5, 2)=[◣], (3, 0)=[◥], (6, 4)=[<]}
19 Jan 2025 01:15:18 GMT Zwierzę poruszyło się z (3, 4) na (3, 4)
19 Jan 2025 01:15:18 GMT Długość listy pozycji: 8
Lista pozycji zwierząt: {(8, 7)=[>], (3, 2)=[v, >, v, ^, v, ^, v], (3, 4)=[>], (2, 4)=[◢], (7, 0)=[◥, ◢, v, ◤, ◥, ◤], (5, 2)=[◣], (3, 0)=[◥], (6, 4)=[◤]}
19 Jan 2025 01:15:18 GMT Zwierzę poruszyło się z (6, 4) na (6, 4)
19 Jan 2025 01:15:18 GMT Długość listy pozycji: 8
Lista pozycji zwierząt: {(8, 7)=[>], (3, 2)=[v, >, v, ^, v, ^, v], (3, 4)=[>], (2, 4)=[◢], (7, 0)=[◥, ^, ◢, v, ◥, ^], (5, 2)=[◣], (3, 0)=[◥], (6, 4)=[◤]}
19 Jan 2025 01:15:18 GMT Zwierzę poruszyło się z (7, 0) na (7, 0)
19 Jan 2025 01:15:19 GMT Długość listy pozycji: 8
Lista pozycji zwierząt: {(8, 7)=[>], (3, 2)=[v, >, v, ^, v, ^, v], (3, 4)=[>], (2, 4)=[◢], (7, 0)=[◥, ^, ◢, v, ◥, ^], (5, 2)=[◣], (3, 0)=[^], (6, 4)=[◤]}
19 Jan 2025 01:15:19 GMT Zwierzę poruszyło się z (3, 0) na (3, 0)
19 Jan 2025 01:15:19 GMT Długość listy pozycji: 8
Lista pozycji zwierząt: {(8, 7)=[>], (3, 2)=[v, >, v, ^, v, ^, v], (3, 4)=[>], (2, 4)=[◢], (7, 0)=[◥, ^, ◢, v, ◥, ^], (5, 2)=[◥], (3, 0)=[^], (6, 4)=[◤]}
19 Jan 2025 01:15:19 GMT Zwierzę poruszyło się z (5, 2) na (5, 2)
19 Jan 2025 01:15:19 GMT Długość listy pozycji: 8
Lista pozycji zwierząt: {(8, 7)=[>], (3, 2)=[v, >, v, ^, v, ^, v], (3, 4)=[>], (2, 4)=[◣], (7, 0)=[◥, ^, ◢, v, ◥, ^], (5, 2)=[◥], (3, 0)=[^], (6, 4)=[◤]}
19 Jan 2025 01:15:19 GMT Zwierzę poruszyło się z (2, 4) na (2, 4)
19 Jan 2025 01:15:19 GMT Długość listy pozycji: 8
Lista pozycji zwierząt: {(8, 7)=[>], (3, 2)=[v, <, >, <, ^, <, ^, <], (3, 4)=[>], (2, 4)=[◣], (7, 0)=[◥, ^, ◢, v, ◥, ^], (5, 2)=[◥], (3, 0)=[^], (6, 4)=[◤]}
19 Jan 2025 01:15:19 GMT Zwierzę poruszyło się z (3, 2) na (3, 2)
19 Jan 2025 01:15:19 GMT Długość listy pozycji: 8
Lista pozycji zwierząt: {(8, 7)=[◢], (3, 2)=[v, <, >, <, ^, <, ^, <], (3, 4)=[>], (2, 4)=[◣], (7, 0)=[◥, ^, ◢, v, ◥, ^], (5, 2)=[◥], (3, 0)=[^], (6, 4)=[◤]}
19 Jan 2025 01:15:19 GMT Zwierzę poruszyło się z (8, 7) na (8, 7)
19 Jan 2025 01:15:19 GMT Zwierzę zjadło roślinkę na (2, 4)
19 Jan 2025 01:15:19 GMT Zwierze zostało położone na (3, 2)
19 Jan 2025 01:15:19 GMT Urodziło się nowe zwierzę na (3, 2)
19 Jan 2025 01:15:19 GMT Zwierze zostało położone na (7, 0)
19 Jan 2025 01:15:19 GMT Urodziło się nowe zwierzę na (7, 0)
19 Jan 2025 01:15:19 GMT Roślinka wyrosła na (0, 1)
19 Jan 2025 01:15:19 GMT Roślinka wyrosła na (5, 4)
19 Jan 2025 01:15:19 GMT Roślinka wyrosła na (1, 4)
19 Jan 2025 01:15:19 GMT Roślinka wyrosła na (6, 4)
19 Jan 2025 01:15:19 GMT Roślinka wyrosła na (8, 4)
19 Jan 2025 01:15:19 GMT Roślinka wyrosła na (4, 0)
19 Jan 2025 01:15:19 GMT Roślinka wyrosła na (3, 7)
19 Jan 2025 01:15:19 GMT Roślinka wyrosła na (9, 0)
19 Jan 2025 01:15:19 GMT Roślinka wyrosła na (3, 2)
19 Jan 2025 01:15:19 GMT Roślinka wyrosła na (2, 2)
19 Jan 2025 01:15:20 GMT Długość listy pozycji: 8
Lista pozycji zwierząt: {(8, 7)=[◢], (3, 2)=[v, v, <, >, <, ^, <, ^, <], (3, 4)=[◤], (2, 4)=[◣], (7, 0)=[◣, ◥, ^, ◢, v, ◥, ^], (5, 2)=[◥], (3, 0)=[^], (6, 4)=[◤]}
19 Jan 2025 01:15:20 GMT Zwierzę poruszyło się z (3, 4) na (3, 4)
19 Jan 2025 01:15:20 GMT Długość listy pozycji: 8
Lista pozycji zwierząt: {(8, 7)=[◢], (3, 2)=[v, v, <, >, <, ^, <, ^, <], (3, 4)=[◤], (2, 4)=[◣], (7, 0)=[◣, ◥, ^, ◢, v, ◥, ^], (5, 2)=[◥], (3, 0)=[^], (6, 4)=[^]}
19 Jan 2025 01:15:20 GMT Zwierzę poruszyło się z (6, 4) na (6, 4)
19 Jan 2025 01:15:20 GMT Długość listy pozycji: 8
Lista pozycji zwierząt: {(8, 7)=[◢], (3, 2)=[v, v, <, >, <, ^, <, ^, <], (3, 4)=[◤], (2, 4)=[◣], (7, 0)=[◣, ◥, ◥, ◥, ◢, v, ◥, ◥], (5, 2)=[◥], (3, 0)=[^], (6, 4)=[^]}
19 Jan 2025 01:15:20 GMT Zwierzę poruszyło się z (7, 0) na (7, 0)
19 Jan 2025 01:15:20 GMT Długość listy pozycji: 8
Lista pozycji zwierząt: {(8, 7)=[◢], (3, 2)=[v, v, <, >, <, ^, <, ^, <], (3, 4)=[◤], (2, 4)=[◣], (7, 0)=[◣, ◥, ◥, ◥, ◢, v, ◥, ◥], (5, 2)=[◥], (3, 0)=[>], (6, 4)=[^]}
19 Jan 2025 01:15:20 GMT Zwierzę poruszyło się z (3, 0) na (3, 0)
19 Jan 2025 01:15:20 GMT Długość listy pozycji: 8
Lista pozycji zwierząt: {(8, 7)=[◢], (3, 2)=[v, v, <, >, <, ^, <, ^, <], (3, 4)=[◤], (2, 4)=[◣], (7, 0)=[◣, ◥, ◥, ◥, ◢, v, ◥, ◥], (5, 2)=[v], (3, 0)=[>], (6, 4)=[^]}
19 Jan 2025 01:15:20 GMT Zwierzę poruszyło się z (5, 2) na (5, 2)
19 Jan 2025 01:15:20 GMT Długość listy pozycji: 8
Lista pozycji zwierząt: {(8, 7)=[◢], (3, 2)=[v, v, <, >, <, ^, <, ^, <], (3, 4)=[◤], (2, 4)=[◤], (7, 0)=[◣, ◥, ◥, ◥, ◢, v, ◥, ◥], (5, 2)=[v], (3, 0)=[>], (6, 4)=[^]}
19 Jan 2025 01:15:20 GMT Zwierzę poruszyło się z (2, 4) na (2, 4)
19 Jan 2025 01:15:20 GMT Długość listy pozycji: 8
Lista pozycji zwierząt: {(8, 7)=[◢], (3, 2)=[v, v, v, v, >, v, ^, v, ^, v], (3, 4)=[◤], (2, 4)=[◤], (7, 0)=[◣, ◥, ◥, ◥, ◢, v, ◥, ◥], (5, 2)=[v], (3, 0)=[>], (6, 4)=[^]}
19 Jan 2025 01:15:20 GMT Zwierzę poruszyło się z (3, 2) na (3, 2)
19 Jan 2025 01:15:20 GMT Długość listy pozycji: 8
Lista pozycji zwierząt: {(8, 7)=[◥], (3, 2)=[v, v, v, v, >, v, ^, v, ^, v], (3, 4)=[◤], (2, 4)=[◤], (7, 0)=[◣, ◥, ◥, ◥, ◢, v, ◥, ◥], (5, 2)=[v], (3, 0)=[>], (6, 4)=[^]}
19 Jan 2025 01:15:20 GMT Zwierzę poruszyło się z (8, 7) na (8, 7)
19 Jan 2025 01:15:21 GMT Zwierzę zjadło roślinkę na (3, 2)
19 Jan 2025 01:15:21 GMT Zwierzę zjadło roślinkę na (6, 4)
19 Jan 2025 01:15:21 GMT Zwierze zostało położone na (3, 2)
19 Jan 2025 01:15:21 GMT Urodziło się nowe zwierzę na (3, 2)
19 Jan 2025 01:15:21 GMT Zwierze zostało położone na (7, 0)
19 Jan 2025 01:15:21 GMT Urodziło się nowe zwierzę na (7, 0)
19 Jan 2025 01:15:21 GMT Roślinka wyrosła na (4, 2)
19 Jan 2025 01:15:21 GMT Roślinka wyrosła na (6, 9)
19 Jan 2025 01:15:21 GMT Roślinka wyrosła na (5, 9)
19 Jan 2025 01:15:21 GMT Roślinka wyrosła na (8, 3)
19 Jan 2025 01:15:21 GMT Roślinka wyrosła na (0, 3)
19 Jan 2025 01:15:21 GMT Roślinka wyrosła na (7, 8)
19 Jan 2025 01:15:21 GMT Roślinka wyrosła na (3, 3)
19 Jan 2025 01:15:21 GMT Roślinka wyrosła na (8, 7)
19 Jan 2025 01:15:21 GMT Roślinka wyrosła na (2, 9)
19 Jan 2025 01:15:21 GMT Roślinka wyrosła na (5, 8)
19 Jan 2025 01:15:21 GMT Długość listy pozycji: 8
Lista pozycji zwierząt: {(8, 7)=[◥], (3, 2)=[◣, v, v, v, v, >, v, ^, v, ^, v], (3, 4)=[◢], (2, 4)=[◤], (7, 0)=[v, ◣, ◥, ◥, ◥, ◢, v, ◥, ◥], (5, 2)=[v], (3, 0)=[>], (6, 4)=[^]}
19 Jan 2025 01:15:21 GMT Zwierzę poruszyło się z (3, 4) na (3, 4)
19 Jan 2025 01:15:21 GMT Długość listy pozycji: 8
Lista pozycji zwierząt: {(8, 7)=[◥], (3, 2)=[◣, v, v, v, v, >, v, ^, v, ^, v], (3, 4)=[◢], (2, 4)=[◤], (7, 0)=[v, ◣, ◥, ◥, ◥, ◢, v, ◥, ◥], (5, 2)=[v], (3, 0)=[>], (6, 4)=[◥]}
19 Jan 2025 01:15:21 GMT Zwierzę poruszyło się z (6, 4) na (6, 4)
19 Jan 2025 01:15:21 GMT Długość listy pozycji: 8
Lista pozycji zwierząt: {(8, 7)=[◥], (3, 2)=[◣, v, v, v, v, >, v, ^, v, ^, v], (3, 4)=[◢], (2, 4)=[◤], (7, 0)=[v, <, ◣, <, ◥, <, ◢, v, ◥, <], (5, 2)=[v], (3, 0)=[>], (6, 4)=[◥]}
19 Jan 2025 01:15:21 GMT Zwierzę poruszyło się z (7, 0) na (7, 0)
19 Jan 2025 01:15:22 GMT Długość listy pozycji: 8
Lista pozycji zwierząt: {(8, 7)=[◥], (3, 2)=[◣, v, v, v, v, >, v, ^, v, ^, v], (3, 4)=[◢], (2, 4)=[◤], (7, 0)=[v, <, ◣, <, ◥, <, ◢, v, ◥, <], (5, 2)=[v], (3, 0)=[^], (6, 4)=[◥]}
19 Jan 2025 01:15:22 GMT Zwierzę poruszyło się z (3, 0) na (3, 0)
19 Jan 2025 01:15:22 GMT Długość listy pozycji: 8
Lista pozycji zwierząt: {(8, 7)=[◥], (3, 2)=[◣, v, v, v, v, >, v, ^, v, ^, v], (3, 4)=[◢], (2, 4)=[◤], (7, 0)=[v, <, ◣, <, ◥, <, ◢, v, ◥, <], (5, 2)=[◢], (3, 0)=[^], (6, 4)=[◥]}
19 Jan 2025 01:15:22 GMT Zwierzę poruszyło się z (5, 2) na (5, 2)
19 Jan 2025 01:15:22 GMT Długość listy pozycji: 8
Lista pozycji zwierząt: {(8, 7)=[◥], (3, 2)=[◣, v, v, v, v, >, v, ^, v, ^, v], (3, 4)=[◢], (2, 4)=[^], (7, 0)=[v, <, ◣, <, ◥, <, ◢, v, ◥, <], (5, 2)=[◢], (3, 0)=[^], (6, 4)=[◥]}
19 Jan 2025 01:15:22 GMT Zwierzę poruszyło się z (2, 4) na (2, 4)
19 Jan 2025 01:15:22 GMT Długość listy pozycji: 8
Lista pozycji zwierząt: {(8, 7)=[◥], (3, 2)=[◣, v, ◣, v, ◣, >, ◣, ^, ◣, ^, ◣], (3, 4)=[◢], (2, 4)=[^], (7, 0)=[v, <, ◣, <, ◥, <, ◢, v, ◥, <], (5, 2)=[◢], (3, 0)=[^], (6, 4)=[◥]}
19 Jan 2025 01:15:22 GMT Zwierzę poruszyło się z (3, 2) na (3, 2)
19 Jan 2025 01:15:22 GMT Długość listy pozycji: 8
Lista pozycji zwierząt: {(8, 7)=[>], (3, 2)=[◣, v, ◣, v, ◣, >, ◣, ^, ◣, ^, ◣], (3, 4)=[◢], (2, 4)=[^], (7, 0)=[v, <, ◣, <, ◥, <, ◢, v, ◥, <], (5, 2)=[◢], (3, 0)=[^], (6, 4)=[◥]}
19 Jan 2025 01:15:22 GMT Zwierzę poruszyło się z (8, 7) na (8, 7)
19 Jan 2025 01:15:22 GMT Zwierzę zjadło roślinkę na (8, 7)
19 Jan 2025 01:15:22 GMT Zwierze zostało położone na (3, 2)
19 Jan 2025 01:15:22 GMT Urodziło się nowe zwierzę na (3, 2)
19 Jan 2025 01:15:22 GMT Zwierze zostało położone na (7, 0)
19 Jan 2025 01:15:22 GMT Urodziło się nowe zwierzę na (7, 0)
19 Jan 2025 01:15:22 GMT Roślinka wyrosła na (4, 4)
19 Jan 2025 01:15:22 GMT Roślinka wyrosła na (9, 7)
19 Jan 2025 01:15:22 GMT Roślinka wyrosła na (7, 3)
19 Jan 2025 01:15:22 GMT Roślinka wyrosła na (2, 8)
19 Jan 2025 01:15:22 GMT Roślinka wyrosła na (0, 9)
19 Jan 2025 01:15:22 GMT Roślinka wyrosła na (8, 9)
19 Jan 2025 01:15:22 GMT Roślinka wyrosła na (4, 7)
19 Jan 2025 01:15:22 GMT Roślinka wyrosła na (8, 0)
19 Jan 2025 01:15:22 GMT Roślinka wyrosła na (5, 1)
19 Jan 2025 01:15:22 GMT Roślinka wyrosła na (9, 3)
19 Jan 2025 01:15:23 GMT Długość listy pozycji: 8
Lista pozycji zwierząt: {(8, 7)=[>], (3, 2)=[◣, ◣, v, ◣, v, ◣, >, ◣, ^, ◣, ^, ◣], (3, 4)=[^], (2, 4)=[^], (7, 0)=[>, v, <, ◣, <, ◥, <, ◢, v, ◥, <], (5, 2)=[◢], (3, 0)=[^], (6, 4)=[◥]}
19 Jan 2025 01:15:23 GMT Zwierzę poruszyło się z (3, 4) na (3, 4)
19 Jan 2025 01:15:23 GMT Długość listy pozycji: 8
Lista pozycji zwierząt: {(8, 7)=[>], (3, 2)=[◣, ◣, v, ◣, v, ◣, >, ◣, ^, ◣, ^, ◣], (3, 4)=[^], (2, 4)=[^], (7, 0)=[>, v, <, ◣, <, ◥, <, ◢, v, ◥, <], (5, 2)=[◢], (3, 0)=[^], (6, 4)=[◥]}
19 Jan 2025 01:15:23 GMT Zwierzę poruszyło się z (6, 4) na (6, 4)
19 Jan 2025 01:15:23 GMT Długość listy pozycji: 8
Lista pozycji zwierząt: {(8, 7)=[>], (3, 2)=[◣, ◣, v, ◣, v, ◣, >, ◣, ^, ◣, ^, ◣], (3, 4)=[^], (2, 4)=[^], (7, 0)=[>, <, v, <, ◣, <, ◥, <, ◢, v, ◥, <], (5, 2)=[◢], (3, 0)=[^], (6, 4)=[◥]}
19 Jan 2025 01:15:23 GMT Zwierzę poruszyło się z (7, 0) na (7, 0)
19 Jan 2025 01:15:23 GMT Długość listy pozycji: 8
Lista pozycji zwierząt: {(8, 7)=[>], (3, 2)=[◣, ◣, v, ◣, v, ◣, >, ◣, ^, ◣, ^, ◣], (3, 4)=[^], (2, 4)=[^], (7, 0)=[>, <, v, <, ◣, <, ◥, <, ◢, v, ◥, <], (5, 2)=[◢], (3, 0)=[◥], (6, 4)=[◥]}
19 Jan 2025 01:15:23 GMT Zwierzę poruszyło się z (3, 0) na (3, 0)
19 Jan 2025 01:15:23 GMT Długość listy pozycji: 8
Lista pozycji zwierząt: {(8, 7)=[>], (3, 2)=[◣, ◣, v, ◣, v, ◣, >, ◣, ^, ◣, ^, ◣], (3, 4)=[^], (2, 4)=[^], (7, 0)=[>, <, v, <, ◣, <, ◥, <, ◢, v, ◥, <], (5, 2)=[◢], (3, 0)=[◥], (6, 4)=[◥]}
19 Jan 2025 01:15:23 GMT Zwierzę poruszyło się z (5, 2) na (5, 2)
19 Jan 2025 01:15:23 GMT Długość listy pozycji: 8
Lista pozycji zwierząt: {(8, 7)=[>], (3, 2)=[◣, ◣, v, ◣, v, ◣, >, ◣, ^, ◣, ^, ◣], (3, 4)=[^], (2, 4)=[<], (7, 0)=[>, <, v, <, ◣, <, ◥, <, ◢, v, ◥, <], (5, 2)=[◢], (3, 0)=[◥], (6, 4)=[◥]}
19 Jan 2025 01:15:23 GMT Zwierzę poruszyło się z (2, 4) na (2, 4)
19 Jan 2025 01:15:23 GMT Długość listy pozycji: 8
Lista pozycji zwierząt: {(8, 7)=[>], (3, 2)=[◣, >, ◣, v, v, >, >, >, ^, >, ^, >], (3, 4)=[^], (2, 4)=[<], (7, 0)=[>, <, v, <, ◣, <, ◥, <, ◢, v, ◥, <], (5, 2)=[◢], (3, 0)=[◥], (6, 4)=[◥]}
19 Jan 2025 01:15:23 GMT Zwierzę poruszyło się z (3, 2) na (3, 2)
19 Jan 2025 01:15:23 GMT Długość listy pozycji: 8
Lista pozycji zwierząt: {(8, 7)=[^], (3, 2)=[◣, >, ◣, v, v, >, >, >, ^, >, ^, >], (3, 4)=[^], (2, 4)=[<], (7, 0)=[>, <, v, <, ◣, <, ◥, <, ◢, v, ◥, <], (5, 2)=[◢], (3, 0)=[◥], (6, 4)=[◥]}
19 Jan 2025 01:15:23 GMT Zwierzę poruszyło się z (8, 7) na (8, 7)
19 Jan 2025 01:15:24 GMT Zwierze zostało położone na (3, 2)
19 Jan 2025 01:15:24 GMT Urodziło się nowe zwierzę na (3, 2)
19 Jan 2025 01:15:24 GMT Zwierze zostało położone na (7, 0)
19 Jan 2025 01:15:24 GMT Urodziło się nowe zwierzę na (7, 0)
19 Jan 2025 01:15:24 GMT Roślinka wyrosła na (3, 8)
19 Jan 2025 01:15:24 GMT Roślinka wyrosła na (3, 9)
19 Jan 2025 01:15:24 GMT Roślinka wyrosła na (1, 0)
19 Jan 2025 01:15:24 GMT Roślinka wyrosła na (7, 2)
19 Jan 2025 01:15:24 GMT Roślinka wyrosła na (2, 1)
19 Jan 2025 01:15:24 GMT Roślinka wyrosła na (5, 2)
19 Jan 2025 01:15:24 GMT Roślinka wyrosła na (7, 4)
19 Jan 2025 01:15:24 GMT Roślinka wyrosła na (9, 4)
19 Jan 2025 01:15:24 GMT Roślinka wyrosła na (4, 9)
19 Jan 2025 01:15:24 GMT Roślinka wyrosła na (7, 9)
19 Jan 2025 01:15:24 GMT Długość listy pozycji: 8
Lista pozycji zwierząt: {(8, 7)=[^], (3, 2)=[^, ◣, >, ◣, v, v, >, >, >, ^, >, ^, >], (3, 4)=[◤], (2, 4)=[<], (7, 0)=[<, >, <, v, <, ◣, <, ◥, <, ◢, v, ◥, <], (5, 2)=[◢], (3, 0)=[◥], (6, 4)=[◥]}
19 Jan 2025 01:15:24 GMT Zwierzę poruszyło się z (3, 4) na (3, 4)
19 Jan 2025 01:15:24 GMT Długość listy pozycji: 8
Lista pozycji zwierząt: {(8, 7)=[^], (3, 2)=[^, ◣, >, ◣, v, v, >, >, >, ^, >, ^, >], (3, 4)=[◤], (2, 4)=[<], (7, 0)=[<, >, <, v, <, ◣, <, ◥, <, ◢, v, ◥, <], (5, 2)=[◢], (3, 0)=[◥], (6, 4)=[◢]}
19 Jan 2025 01:15:24 GMT Zwierzę poruszyło się z (6, 4) na (6, 4)
19 Jan 2025 01:15:24 GMT Długość listy pozycji: 8
Lista pozycji zwierząt: {(8, 7)=[^], (3, 2)=[^, ◣, >, ◣, v, v, >, >, >, ^, >, ^, >], (3, 4)=[◤], (2, 4)=[<], (7, 0)=[<, ^, >, ^, v, ^, ◣, ^, ◥, ^, ◢, v, ◥, ^], (5, 2)=[◢], (3, 0)=[◥], (6, 4)=[◢]}
19 Jan 2025 01:15:24 GMT Zwierzę poruszyło się z (7, 0) na (7, 0)
19 Jan 2025 01:15:25 GMT Długość listy pozycji: 8
Lista pozycji zwierząt: {(8, 7)=[^], (3, 2)=[^, ◣, >, ◣, v, v, >, >, >, ^, >, ^, >], (3, 4)=[◤], (2, 4)=[<], (7, 0)=[<, ^, >, ^, v, ^, ◣, ^, ◥, ^, ◢, v, ◥, ^], (5, 2)=[◢], (3, 0)=[◥], (6, 4)=[◢]}
19 Jan 2025 01:15:25 GMT Zwierzę poruszyło się z (3, 0) na (3, 0)
19 Jan 2025 01:15:25 GMT Długość listy pozycji: 8
Lista pozycji zwierząt: {(8, 7)=[^], (3, 2)=[^, ◣, >, ◣, v, v, >, >, >, ^, >, ^, >], (3, 4)=[◤], (2, 4)=[<], (7, 0)=[<, ^, >, ^, v, ^, ◣, ^, ◥, ^, ◢, v, ◥, ^], (5, 2)=[<], (3, 0)=[◥], (6, 4)=[◢]}
19 Jan 2025 01:15:25 GMT Zwierzę poruszyło się z (5, 2) na (5, 2)
19 Jan 2025 01:15:25 GMT Długość listy pozycji: 8
Lista pozycji zwierząt: {(8, 7)=[^], (3, 2)=[^, ◣, >, ◣, v, v, >, >, >, ^, >, ^, >], (3, 4)=[◤], (2, 4)=[◢], (7, 0)=[<, ^, >, ^, v, ^, ◣, ^, ◥, ^, ◢, v, ◥, ^], (5, 2)=[<], (3, 0)=[◥], (6, 4)=[◢]}
19 Jan 2025 01:15:25 GMT Zwierzę poruszyło się z (2, 4) na (2, 4)
19 Jan 2025 01:15:25 GMT Długość listy pozycji: 8
Lista pozycji zwierząt: {(8, 7)=[^], (3, 2)=[^, ◣, ◣, ◣, ◣, v, v, ◣, >, ◣, ^, ◣, ^, ◣], (3, 4)=[◤], (2, 4)=[◢], (7, 0)=[<, ^, >, ^, v, ^, ◣, ^, ◥, ^, ◢, v, ◥, ^], (5, 2)=[<], (3, 0)=[◥], (6, 4)=[◢]}
19 Jan 2025 01:15:25 GMT Zwierzę poruszyło się z (3, 2) na (3, 2)
19 Jan 2025 01:15:25 GMT Długość listy pozycji: 8
Lista pozycji zwierząt: {(8, 7)=[◣], (3, 2)=[^, ◣, ◣, ◣, ◣, v, v, ◣, >, ◣, ^, ◣, ^, ◣], (3, 4)=[◤], (2, 4)=[◢], (7, 0)=[<, ^, >, ^, v, ^, ◣, ^, ◥, ^, ◢, v, ◥, ^], (5, 2)=[<], (3, 0)=[◥], (6, 4)=[◢]}
19 Jan 2025 01:15:25 GMT Zwierzę poruszyło się z (8, 7) na (8, 7)
19 Jan 2025 01:15:25 GMT Zwierzę zjadło roślinkę na (5, 2)
19 Jan 2025 01:15:25 GMT Zwierze zostało położone na (3, 2)
19 Jan 2025 01:15:25 GMT Urodziło się nowe zwierzę na (3, 2)
19 Jan 2025 01:15:25 GMT Zwierze zostało położone na (7, 0)
19 Jan 2025 01:15:25 GMT Urodziło się nowe zwierzę na (7, 0)
19 Jan 2025 01:15:25 GMT Roślinka wyrosła na (8, 8)
19 Jan 2025 01:15:25 GMT Roślinka wyrosła na (1, 3)
19 Jan 2025 01:15:25 GMT Roślinka wyrosła na (2, 7)
19 Jan 2025 01:15:25 GMT Roślinka wyrosła na (8, 1)
19 Jan 2025 01:15:25 GMT Roślinka wyrosła na (6, 7)
19 Jan 2025 01:15:25 GMT Roślinka wyrosła na (8, 2)
19 Jan 2025 01:15:25 GMT Roślinka wyrosła na (4, 8)
19 Jan 2025 01:15:25 GMT Roślinka wyrosła na (4, 3)
19 Jan 2025 01:15:25 GMT Roślinka wyrosła na (1, 9)
19 Jan 2025 01:15:25 GMT Roślinka wyrosła na (6, 1)
19 Jan 2025 01:15:26 GMT Długość listy pozycji: 8
Lista pozycji zwierząt: {(8, 7)=[◣], (3, 2)=[v, ^, ◣, ◣, ◣, ◣, v, v, ◣, >, ◣, ^, ◣, ^, ◣], (3, 4)=[◥], (2, 4)=[◢], (7, 0)=[◤, <, ^, >, ^, v, ^, ◣, ^, ◥, ^, ◢, v, ◥, ^], (5, 2)=[<], (3, 0)=[◥], (6, 4)=[◢]}
19 Jan 2025 01:15:26 GMT Zwierzę poruszyło się z (3, 4) na (3, 4)
19 Jan 2025 01:15:26 GMT Długość listy pozycji: 8
Lista pozycji zwierząt: {(8, 7)=[◣], (3, 2)=[v, ^, ◣, ◣, ◣, ◣, v, v, ◣, >, ◣, ^, ◣, ^, ◣], (3, 4)=[◥], (2, 4)=[◢], (7, 0)=[◤, <, ^, >, ^, v, ^, ◣, ^, ◥, ^, ◢, v, ◥, ^], (5, 2)=[<], (3, 0)=[◥], (6, 4)=[^]}
19 Jan 2025 01:15:26 GMT Zwierzę poruszyło się z (6, 4) na (6, 4)
19 Jan 2025 01:15:26 GMT Długość listy pozycji: 8
Lista pozycji zwierząt: {(8, 7)=[◣], (3, 2)=[v, ^, ◣, ◣, ◣, ◣, v, v, ◣, >, ◣, ^, ◣, ^, ◣], (3, 4)=[◥], (2, 4)=[◢], (7, 0)=[◤, ◥, <, ◥, >, ◥, v, ◥, ◣, ◥, ◥, ◥, ◢, v, ◥, ◥], (5, 2)=[<], (3, 0)=[◥], (6, 4)=[^]}
19 Jan 2025 01:15:26 GMT Zwierzę poruszyło się z (7, 0) na (7, 0)
19 Jan 2025 01:15:26 GMT Długość listy pozycji: 8
Lista pozycji zwierząt: {(8, 7)=[◣], (3, 2)=[v, ^, ◣, ◣, ◣, ◣, v, v, ◣, >, ◣, ^, ◣, ^, ◣], (3, 4)=[◥], (2, 4)=[◢], (7, 0)=[◤, ◥, <, ◥, >, ◥, v, ◥, ◣, ◥, ◥, ◥, ◢, v, ◥, ◥], (5, 2)=[<], (3, 0)=[◥], (6, 4)=[^]}
19 Jan 2025 01:15:26 GMT Zwierzę poruszyło się z (3, 0) na (3, 0)
19 Jan 2025 01:15:26 GMT Długość listy pozycji: 8
Lista pozycji zwierząt: {(8, 7)=[◣], (3, 2)=[v, ^, ◣, ◣, ◣, ◣, v, v, ◣, >, ◣, ^, ◣, ^, ◣], (3, 4)=[◥], (2, 4)=[◢], (7, 0)=[◤, ◥, <, ◥, >, ◥, v, ◥, ◣, ◥, ◥, ◥, ◢, v, ◥, ◥], (5, 2)=[^], (3, 0)=[◥], (6, 4)=[^]}
19 Jan 2025 01:15:26 GMT Zwierzę poruszyło się z (5, 2) na (5, 2)
19 Jan 2025 01:15:26 GMT Długość listy pozycji: 8
Lista pozycji zwierząt: {(8, 7)=[◣], (3, 2)=[v, ^, ◣, ◣, ◣, ◣, v, v, ◣, >, ◣, ^, ◣, ^, ◣], (3, 4)=[◥], (2, 4)=[v], (7, 0)=[◤, ◥, <, ◥, >, ◥, v, ◥, ◣, ◥, ◥, ◥, ◢, v, ◥, ◥], (5, 2)=[^], (3, 0)=[◥], (6, 4)=[^]}
19 Jan 2025 01:15:26 GMT Zwierzę poruszyło się z (2, 4) na (2, 4)
19 Jan 2025 01:15:26 GMT Długość listy pozycji: 8
Lista pozycji zwierząt: {(8, 7)=[◣], (3, 2)=[v, ◥, ^, ◥, ◣, ◥, ◣, v, v, ◥, >, ◥, ^, ◥, ^, ◥], (3, 4)=[◥], (2, 4)=[v], (7, 0)=[◤, ◥, <, ◥, >, ◥, v, ◥, ◣, ◥, ◥, ◥, ◢, v, ◥, ◥], (5, 2)=[^], (3, 0)=[◥], (6, 4)=[^]}
19 Jan 2025 01:15:26 GMT Zwierzę poruszyło się z (3, 2) na (3, 2)
19 Jan 2025 01:15:26 GMT Długość listy pozycji: 8
Lista pozycji zwierząt: {(8, 7)=[◥], (3, 2)=[v, ◥, ^, ◥, ◣, ◥, ◣, v, v, ◥, >, ◥, ^, ◥, ^, ◥], (3, 4)=[◥], (2, 4)=[v], (7, 0)=[◤, ◥, <, ◥, >, ◥, v, ◥, ◣, ◥, ◥, ◥, ◢, v, ◥, ◥], (5, 2)=[^], (3, 0)=[◥], (6, 4)=[^]}
19 Jan 2025 01:15:26 GMT Zwierzę poruszyło się z (8, 7) na (8, 7)
19 Jan 2025 01:15:27 GMT Zwierze zostało położone na (3, 2)
19 Jan 2025 01:15:27 GMT Urodziło się nowe zwierzę na (3, 2)
19 Jan 2025 01:15:27 GMT Zwierze zostało położone na (7, 0)
19 Jan 2025 01:15:27 GMT Urodziło się nowe zwierzę na (7, 0)
19 Jan 2025 01:15:27 GMT Roślinka wyrosła na null
19 Jan 2025 01:15:27 GMT Roślinka wyrosła na null
19 Jan 2025 01:15:27 GMT Roślinka wyrosła na null
19 Jan 2025 01:15:27 GMT Roślinka wyrosła na null
19 Jan 2025 01:15:27 GMT Roślinka wyrosła na null
19 Jan 2025 01:15:27 GMT Roślinka wyrosła na null
19 Jan 2025 01:15:27 GMT Roślinka wyrosła na null
19 Jan 2025 01:15:27 GMT Roślinka wyrosła na null
19 Jan 2025 01:15:27 GMT Roślinka wyrosła na null
19 Jan 2025 01:15:27 GMT Roślinka wyrosła na null
19 Jan 2025 01:15:27 GMT Zwierzę umarło na (7, 0)
19 Jan 2025 01:15:27 GMT Zwierzę umarło na (3, 2)
19 Jan 2025 01:15:27 GMT Długość listy pozycji: 8
Lista pozycji zwierząt: {(8, 7)=[◥], (3, 2)=[◥, v, ◥, ^, ◥, ◣, ◥, ◣, v, v, ◥, >, ◥, ^, ◥, ^], (3, 4)=[>], (2, 4)=[v], (7, 0)=[◢, ◤, ◥, <, ◥, >, ◥, v, ◥, ◣, ◥, ◥, ◥, ◢, v, ◥], (5, 2)=[^], (3, 0)=[◥], (6, 4)=[^]}
19 Jan 2025 01:15:27 GMT Zwierzę poruszyło się z (3, 4) na (3, 4)
19 Jan 2025 01:15:27 GMT Długość listy pozycji: 8
Lista pozycji zwierząt: {(8, 7)=[◥], (3, 2)=[◥, v, ◥, ^, ◥, ◣, ◥, ◣, v, v, ◥, >, ◥, ^, ◥, ^], (3, 4)=[>], (2, 4)=[v], (7, 0)=[◢, ◤, ◥, <, ◥, >, ◥, v, ◥, ◣, ◥, ◥, ◥, ◢, v, ◥], (5, 2)=[^], (3, 0)=[◥], (6, 4)=[◤]}
19 Jan 2025 01:15:27 GMT Zwierzę poruszyło się z (6, 4) na (6, 4)
19 Jan 2025 01:15:27 GMT Długość listy pozycji: 8
Lista pozycji zwierząt: {(8, 7)=[◥], (3, 2)=[◥, v, ◥, ^, ◥, ◣, ◥, ◣, v, v, ◥, >, ◥, ^, ◥, ^], (3, 4)=[>], (2, 4)=[v], (7, 0)=[◢, ◤, ◥, <, ◥, >, ◥, v, ◥, ◣, ◥, ◥, ◥, ◢, v, ◥], (5, 2)=[^], (3, 0)=[^], (6, 4)=[◤]}
19 Jan 2025 01:15:27 GMT Zwierzę poruszyło się z (3, 0) na (3, 0)
19 Jan 2025 01:15:28 GMT Długość listy pozycji: 8
Lista pozycji zwierząt: {(8, 7)=[◥], (3, 2)=[◥, v, ◥, ^, ◥, ◣, ◥, ◣, v, v, ◥, >, ◥, ^, ◥, ^], (3, 4)=[>], (2, 4)=[v], (7, 0)=[◢, ◤, ◥, <, ◥, >, ◥, v, ◥, ◣, ◥, ◥, ◥, ◢, v, ◥], (5, 2)=[^], (3, 0)=[^], (6, 4)=[◤]}
19 Jan 2025 01:15:28 GMT Zwierzę poruszyło się z (5, 2) na (5, 2)
19 Jan 2025 01:15:28 GMT Długość listy pozycji: 8
Lista pozycji zwierząt: {(8, 7)=[◥], (3, 2)=[◥, v, ◥, ^, ◥, ◣, ◥, ◣, v, v, ◥, >, ◥, ^, ◥, ^], (3, 4)=[>], (2, 4)=[◢], (7, 0)=[◢, ◤, ◥, <, ◥, >, ◥, v, ◥, ◣, ◥, ◥, ◥, ◢, v, ◥], (5, 2)=[^], (3, 0)=[^], (6, 4)=[◤]}
19 Jan 2025 01:15:28 GMT Zwierzę poruszyło się z (2, 4) na (2, 4)
19 Jan 2025 01:15:28 GMT Długość listy pozycji: 8
Lista pozycji zwierząt: {(8, 7)=[◥], (3, 2)=[◥, v, ◥, ^, ◥, ◣, ◥, ◣, v, v, ◥, >, ◥, ^, ◥, ^], (3, 4)=[>], (2, 4)=[◢], (7, 0)=[◢, ◤, ◥, <, ◥, >, ◥, v, ◥, ◣, ◥, ◥, ◥, ◢, v, ◥], (5, 2)=[^], (3, 0)=[^], (6, 4)=[◤]}
19 Jan 2025 01:15:28 GMT Zwierzę poruszyło się z (8, 7) na (8, 7)
19 Jan 2025 01:15:28 GMT Zwierze zostało położone na (3, 2)
19 Jan 2025 01:15:28 GMT Urodziło się nowe zwierzę na (3, 2)
19 Jan 2025 01:15:28 GMT Zwierze zostało położone na (7, 0)
19 Jan 2025 01:15:28 GMT Urodziło się nowe zwierzę na (7, 0)
19 Jan 2025 01:15:28 GMT Roślinka wyrosła na null
19 Jan 2025 01:15:28 GMT Roślinka wyrosła na null
19 Jan 2025 01:15:28 GMT Roślinka wyrosła na null
19 Jan 2025 01:15:28 GMT Roślinka wyrosła na null
19 Jan 2025 01:15:28 GMT Roślinka wyrosła na null
19 Jan 2025 01:15:28 GMT Roślinka wyrosła na null
19 Jan 2025 01:15:28 GMT Roślinka wyrosła na null
19 Jan 2025 01:15:28 GMT Roślinka wyrosła na null
19 Jan 2025 01:15:28 GMT Roślinka wyrosła na null
19 Jan 2025 01:15:28 GMT Roślinka wyrosła na null
19 Jan 2025 01:15:29 GMT Długość listy pozycji: 8
Lista pozycji zwierząt: {(8, 7)=[◥], (3, 2)=[<, ◥, v, ◥, ^, ◥, ◣, ◥, ◣, v, v, ◥, >, ◥, ^, ◥, ^], (3, 4)=[v], (2, 4)=[◢], (7, 0)=[◥, ◢, ◤, ◥, <, ◥, >, ◥, v, ◥, ◣, ◥, ◥, ◥, ◢, v, ◥], (5, 2)=[^], (3, 0)=[^], (6, 4)=[◤]}
19 Jan 2025 01:15:29 GMT Zwierzę poruszyło się z (3, 4) na (3, 4)
19 Jan 2025 01:15:29 GMT Długość listy pozycji: 8
Lista pozycji zwierząt: {(8, 7)=[◥], (3, 2)=[<, ◥, v, ◥, ^, ◥, ◣, ◥, ◣, v, v, ◥, >, ◥, ^, ◥, ^], (3, 4)=[v], (2, 4)=[◢], (7, 0)=[◥, ◢, ◤, ◥, <, ◥, >, ◥, v, ◥, ◣, ◥, ◥, ◥, ◢, v, ◥], (5, 2)=[^], (3, 0)=[^], (6, 4)=[^]}
19 Jan 2025 01:15:29 GMT Zwierzę poruszyło się z (6, 4) na (6, 4)
19 Jan 2025 01:15:29 GMT Długość listy pozycji: 8
Lista pozycji zwierząt: {(8, 7)=[◥], (3, 2)=[<, ◥, v, ◥, ^, ◥, ◣, ◥, ◣, v, v, ◥, >, ◥, ^, ◥, ^], (3, 4)=[v], (2, 4)=[◢], (7, 0)=[◥, ◢, ◤, ◥, <, ◥, >, ◥, v, ◥, ◣, ◥, ◥, ◥, ◢, v, ◥], (5, 2)=[^], (3, 0)=[^], (6, 4)=[^]}
19 Jan 2025 01:15:29 GMT Zwierzę poruszyło się z (3, 0) na (3, 0)
19 Jan 2025 01:15:29 GMT Długość listy pozycji: 8
Lista pozycji zwierząt: {(8, 7)=[◥], (3, 2)=[<, ◥, v, ◥, ^, ◥, ◣, ◥, ◣, v, v, ◥, >, ◥, ^, ◥, ^], (3, 4)=[v], (2, 4)=[◢], (7, 0)=[◥, ◢, ◤, ◥, <, ◥, >, ◥, v, ◥, ◣, ◥, ◥, ◥, ◢, v, ◥], (5, 2)=[^], (3, 0)=[^], (6, 4)=[^]}
19 Jan 2025 01:15:29 GMT Zwierzę poruszyło się z (5, 2) na (5, 2)
19 Jan 2025 01:15:29 GMT Długość listy pozycji: 8
Lista pozycji zwierząt: {(8, 7)=[◥], (3, 2)=[<, ◥, v, ◥, ^, ◥, ◣, ◥, ◣, v, v, ◥, >, ◥, ^, ◥, ^], (3, 4)=[v], (2, 4)=[◣], (7, 0)=[◥, ◢, ◤, ◥, <, ◥, >, ◥, v, ◥, ◣, ◥, ◥, ◥, ◢, v, ◥], (5, 2)=[^], (3, 0)=[^], (6, 4)=[^]}
19 Jan 2025 01:15:29 GMT Zwierzę poruszyło się z (2, 4) na (2, 4)
19 Jan 2025 01:15:29 GMT Długość listy pozycji: 8
Lista pozycji zwierząt: {(8, 7)=[>], (3, 2)=[<, ◥, v, ◥, ^, ◥, ◣, ◥, ◣, v, v, ◥, >, ◥, ^, ◥, ^], (3, 4)=[v], (2, 4)=[◣], (7, 0)=[◥, ◢, ◤, ◥, <, ◥, >, ◥, v, ◥, ◣, ◥, ◥, ◥, ◢, v, ◥], (5, 2)=[^], (3, 0)=[^], (6, 4)=[^]}
19 Jan 2025 01:15:29 GMT Zwierzę poruszyło się z (8, 7) na (8, 7)
19 Jan 2025 01:15:29 GMT Zwierze zostało położone na (3, 2)
19 Jan 2025 01:15:29 GMT Urodziło się nowe zwierzę na (3, 2)
19 Jan 2025 01:15:29 GMT Zwierze zostało położone na (7, 0)
19 Jan 2025 01:15:29 GMT Urodziło się nowe zwierzę na (7, 0)
19 Jan 2025 01:15:30 GMT Roślinka wyrosła na null
19 Jan 2025 01:15:30 GMT Roślinka wyrosła na null
19 Jan 2025 01:15:30 GMT Roślinka wyrosła na null
19 Jan 2025 01:15:30 GMT Roślinka wyrosła na null
19 Jan 2025 01:15:30 GMT Roślinka wyrosła na null
19 Jan 2025 01:15:30 GMT Roślinka wyrosła na null
19 Jan 2025 01:15:30 GMT Roślinka wyrosła na null
19 Jan 2025 01:15:30 GMT Roślinka wyrosła na null
19 Jan 2025 01:15:30 GMT Roślinka wyrosła na null
19 Jan 2025 01:15:30 GMT Roślinka wyrosła na null
19 Jan 2025 01:15:30 GMT Długość listy pozycji: 8
Lista pozycji zwierząt: {(8, 7)=[>], (3, 2)=[◣, <, ◥, v, ◥, ^, ◥, ◣, ◥, ◣, v, v, ◥, >, ◥, ^, ◥, ^], (3, 4)=[<], (2, 4)=[◣], (7, 0)=[>, ◥, ◢, ◤, ◥, <, ◥, >, ◥, v, ◥, ◣, ◥, ◥, ◥, ◢, v, ◥], (5, 2)=[^], (3, 0)=[^], (6, 4)=[^]}
19 Jan 2025 01:15:30 GMT Zwierzę poruszyło się z (3, 4) na (3, 4)
19 Jan 2025 01:15:30 GMT Długość listy pozycji: 8
Lista pozycji zwierząt: {(8, 7)=[>], (3, 2)=[◣, <, ◥, v, ◥, ^, ◥, ◣, ◥, ◣, v, v, ◥, >, ◥, ^, ◥, ^], (3, 4)=[<], (2, 4)=[◣], (7, 0)=[>, ◥, ◢, ◤, ◥, <, ◥, >, ◥, v, ◥, ◣, ◥, ◥, ◥, ◢, v, ◥], (5, 2)=[^], (3, 0)=[^], (6, 4)=[◥]}
19 Jan 2025 01:15:30 GMT Zwierzę poruszyło się z (6, 4) na (6, 4)
19 Jan 2025 01:15:30 GMT Długość listy pozycji: 8
Lista pozycji zwierząt: {(8, 7)=[>], (3, 2)=[◣, <, ◥, v, ◥, ^, ◥, ◣, ◥, ◣, v, v, ◥, >, ◥, ^, ◥, ^], (3, 4)=[<], (2, 4)=[◣], (7, 0)=[>, ◥, ◢, ◤, ◥, <, ◥, >, ◥, v, ◥, ◣, ◥, ◥, ◥, ◢, v, ◥], (5, 2)=[^], (3, 0)=[◥], (6, 4)=[◥]}
19 Jan 2025 01:15:30 GMT Zwierzę poruszyło się z (3, 0) na (3, 0)
19 Jan 2025 01:15:30 GMT Długość listy pozycji: 8
Lista pozycji zwierząt: {(8, 7)=[>], (3, 2)=[◣, <, ◥, v, ◥, ^, ◥, ◣, ◥, ◣, v, v, ◥, >, ◥, ^, ◥, ^], (3, 4)=[<], (2, 4)=[◣], (7, 0)=[>, ◥, ◢, ◤, ◥, <, ◥, >, ◥, v, ◥, ◣, ◥, ◥, ◥, ◢, v, ◥], (5, 2)=[v], (3, 0)=[◥], (6, 4)=[◥]}
19 Jan 2025 01:15:30 GMT Zwierzę poruszyło się z (5, 2) na (5, 2)
19 Jan 2025 01:15:30 GMT Długość listy pozycji: 8
Lista pozycji zwierząt: {(8, 7)=[>], (3, 2)=[◣, <, ◥, v, ◥, ^, ◥, ◣, ◥, ◣, v, v, ◥, >, ◥, ^, ◥, ^], (3, 4)=[<], (2, 4)=[◢], (7, 0)=[>, ◥, ◢, ◤, ◥, <, ◥, >, ◥, v, ◥, ◣, ◥, ◥, ◥, ◢, v, ◥], (5, 2)=[v], (3, 0)=[◥], (6, 4)=[◥]}
19 Jan 2025 01:15:30 GMT Zwierzę poruszyło się z (2, 4) na (2, 4)
19 Jan 2025 01:15:30 GMT Długość listy pozycji: 8
Lista pozycji zwierząt: {(8, 7)=[◤], (3, 2)=[◣, <, ◥, v, ◥, ^, ◥, ◣, ◥, ◣, v, v, ◥, >, ◥, ^, ◥, ^], (3, 4)=[<], (2, 4)=[◢], (7, 0)=[>, ◥, ◢, ◤, ◥, <, ◥, >, ◥, v, ◥, ◣, ◥, ◥, ◥, ◢, v, ◥], (5, 2)=[v], (3, 0)=[◥], (6, 4)=[◥]}
19 Jan 2025 01:15:30 GMT Zwierzę poruszyło się z (8, 7) na (8, 7)
19 Jan 2025 01:15:31 GMT Zwierze zostało położone na (3, 2)
19 Jan 2025 01:15:31 GMT Urodziło się nowe zwierzę na (3, 2)
19 Jan 2025 01:15:31 GMT Zwierze zostało położone na (7, 0)
19 Jan 2025 01:15:31 GMT Urodziło się nowe zwierzę na (7, 0)
19 Jan 2025 01:15:31 GMT Roślinka wyrosła na null
19 Jan 2025 01:15:31 GMT Roślinka wyrosła na null
19 Jan 2025 01:15:31 GMT Roślinka wyrosła na null
19 Jan 2025 01:15:31 GMT Roślinka wyrosła na null
19 Jan 2025 01:15:31 GMT Roślinka wyrosła na null
19 Jan 2025 01:15:31 GMT Roślinka wyrosła na null
19 Jan 2025 01:15:31 GMT Roślinka wyrosła na null
19 Jan 2025 01:15:31 GMT Roślinka wyrosła na null
19 Jan 2025 01:15:31 GMT Roślinka wyrosła na null
19 Jan 2025 01:15:31 GMT Roślinka wyrosła na null
19 Jan 2025 01:15:31 GMT Długość listy pozycji: 8
Lista pozycji zwierząt: {(8, 7)=[◤], (3, 2)=[◥, ◣, <, ◥, v, ◥, ^, ◥, ◣, ◥, ◣, v, v, ◥, >, ◥, ^, ◥, ^], (3, 4)=[◣], (2, 4)=[◢], (7, 0)=[^, >, ◥, ◢, ◤, ◥, <, ◥, >, ◥, v, ◥, ◣, ◥, ◥, ◥, ◢, v, ◥], (5, 2)=[v], (3, 0)=[◥], (6, 4)=[◥]}
19 Jan 2025 01:15:31 GMT Zwierzę poruszyło się z (3, 4) na (3, 4)
19 Jan 2025 01:15:31 GMT Długość listy pozycji: 8
Lista pozycji zwierząt: {(8, 7)=[◤], (3, 2)=[◥, ◣, <, ◥, v, ◥, ^, ◥, ◣, ◥, ◣, v, v, ◥, >, ◥, ^, ◥, ^], (3, 4)=[◣], (2, 4)=[◢], (7, 0)=[^, >, ◥, ◢, ◤, ◥, <, ◥, >, ◥, v, ◥, ◣, ◥, ◥, ◥, ◢, v, ◥], (5, 2)=[v], (3, 0)=[◥], (6, 4)=[◤]}
19 Jan 2025 01:15:31 GMT Zwierzę poruszyło się z (6, 4) na (6, 4)
19 Jan 2025 01:15:31 GMT Długość listy pozycji: 8
Lista pozycji zwierząt: {(8, 7)=[◤], (3, 2)=[◥, ◣, <, ◥, v, ◥, ^, ◥, ◣, ◥, ◣, v, v, ◥, >, ◥, ^, ◥, ^], (3, 4)=[◣], (2, 4)=[◢], (7, 0)=[^, >, ◥, ◢, ◤, ◥, <, ◥, >, ◥, v, ◥, ◣, ◥, ◥, ◥, ◢, v, ◥], (5, 2)=[v], (3, 0)=[◤], (6, 4)=[◤]}
19 Jan 2025 01:15:31 GMT Zwierzę poruszyło się z (3, 0) na (3, 0)
19 Jan 2025 01:15:31 GMT Długość listy pozycji: 8
Lista pozycji zwierząt: {(8, 7)=[◤], (3, 2)=[◥, ◣, <, ◥, v, ◥, ^, ◥, ◣, ◥, ◣, v, v, ◥, >, ◥, ^, ◥, ^], (3, 4)=[◣], (2, 4)=[◢], (7, 0)=[^, >, ◥, ◢, ◤, ◥, <, ◥, >, ◥, v, ◥, ◣, ◥, ◥, ◥, ◢, v, ◥], (5, 2)=[◣], (3, 0)=[◤], (6, 4)=[◤]}
19 Jan 2025 01:15:31 GMT Zwierzę poruszyło się z (5, 2) na (5, 2)
19 Jan 2025 01:15:32 GMT Długość listy pozycji: 8
Lista pozycji zwierząt: {(8, 7)=[◤], (3, 2)=[◥, ◣, <, ◥, v, ◥, ^, ◥, ◣, ◥, ◣, v, v, ◥, >, ◥, ^, ◥, ^], (3, 4)=[◣], (2, 4)=[^], (7, 0)=[^, >, ◥, ◢, ◤, ◥, <, ◥, >, ◥, v, ◥, ◣, ◥, ◥, ◥, ◢, v, ◥], (5, 2)=[◣], (3, 0)=[◤], (6, 4)=[◤]}
19 Jan 2025 01:15:32 GMT Zwierzę poruszyło się z (2, 4) na (2, 4)
19 Jan 2025 01:15:32 GMT Długość listy pozycji: 8
Lista pozycji zwierząt: {(8, 7)=[◢], (3, 2)=[◥, ◣, <, ◥, v, ◥, ^, ◥, ◣, ◥, ◣, v, v, ◥, >, ◥, ^, ◥, ^], (3, 4)=[◣], (2, 4)=[^], (7, 0)=[^, >, ◥, ◢, ◤, ◥, <, ◥, >, ◥, v, ◥, ◣, ◥, ◥, ◥, ◢, v, ◥], (5, 2)=[◣], (3, 0)=[◤], (6, 4)=[◤]}
19 Jan 2025 01:15:32 GMT Zwierzę poruszyło się z (8, 7) na (8, 7)
19 Jan 2025 01:15:32 GMT Zwierze zostało położone na (3, 2)
19 Jan 2025 01:15:32 GMT Urodziło się nowe zwierzę na (3, 2)
19 Jan 2025 01:15:32 GMT Zwierze zostało położone na (7, 0)
19 Jan 2025 01:15:32 GMT Urodziło się nowe zwierzę na (7, 0)
19 Jan 2025 01:15:32 GMT Roślinka wyrosła na null
19 Jan 2025 01:15:32 GMT Roślinka wyrosła na null
19 Jan 2025 01:15:32 GMT Roślinka wyrosła na null
19 Jan 2025 01:15:32 GMT Roślinka wyrosła na null
19 Jan 2025 01:15:32 GMT Roślinka wyrosła na null
19 Jan 2025 01:15:32 GMT Roślinka wyrosła na null
19 Jan 2025 01:15:32 GMT Roślinka wyrosła na null
19 Jan 2025 01:15:32 GMT Roślinka wyrosła na null
19 Jan 2025 01:15:32 GMT Roślinka wyrosła na null
19 Jan 2025 01:15:32 GMT Roślinka wyrosła na null
19 Jan 2025 01:15:32 GMT Długość listy pozycji: 8
Lista pozycji zwierząt: {(8, 7)=[◢], (3, 2)=[◥, ◥, ◣, <, ◥, v, ◥, ^, ◥, ◣, ◥, ◣, v, v, ◥, >, ◥, ^, ◥, ^], (3, 4)=[>], (2, 4)=[^], (7, 0)=[>, ^, >, ◥, ◢, ◤, ◥, <, ◥, >, ◥, v, ◥, ◣, ◥, ◥, ◥, ◢, v, ◥], (5, 2)=[◣], (3, 0)=[◤], (6, 4)=[◤]}
19 Jan 2025 01:15:32 GMT Zwierzę poruszyło się z (3, 4) na (3, 4)
19 Jan 2025 01:15:32 GMT Długość listy pozycji: 8
Lista pozycji zwierząt: {(8, 7)=[◢], (3, 2)=[◥, ◥, ◣, <, ◥, v, ◥, ^, ◥, ◣, ◥, ◣, v, v, ◥, >, ◥, ^, ◥, ^], (3, 4)=[>], (2, 4)=[^], (7, 0)=[>, ^, >, ◥, ◢, ◤, ◥, <, ◥, >, ◥, v, ◥, ◣, ◥, ◥, ◥, ◢, v, ◥], (5, 2)=[◣], (3, 0)=[◤], (6, 4)=[^]}
19 Jan 2025 01:15:32 GMT Zwierzę poruszyło się z (6, 4) na (6, 4)
19 Jan 2025 01:15:33 GMT Długość listy pozycji: 8
Lista pozycji zwierząt: {(8, 7)=[◢], (3, 2)=[◥, ◥, ◣, <, ◥, v, ◥, ^, ◥, ◣, ◥, ◣, v, v, ◥, >, ◥, ^, ◥, ^], (3, 4)=[>], (2, 4)=[^], (7, 0)=[>, ^, >, ◥, ◢, ◤, ◥, <, ◥, >, ◥, v, ◥, ◣, ◥, ◥, ◥, ◢, v, ◥], (5, 2)=[◣], (3, 0)=[>], (6, 4)=[^]}
19 Jan 2025 01:15:33 GMT Zwierzę poruszyło się z (3, 0) na (3, 0)
19 Jan 2025 01:15:33 GMT Długość listy pozycji: 8
Lista pozycji zwierząt: {(8, 7)=[◢], (3, 2)=[◥, ◥, ◣, <, ◥, v, ◥, ^, ◥, ◣, ◥, ◣, v, v, ◥, >, ◥, ^, ◥, ^], (3, 4)=[>], (2, 4)=[^], (7, 0)=[>, ^, >, ◥, ◢, ◤, ◥, <, ◥, >, ◥, v, ◥, ◣, ◥, ◥, ◥, ◢, v, ◥], (5, 2)=[◥], (3, 0)=[>], (6, 4)=[^]}
19 Jan 2025 01:15:33 GMT Zwierzę poruszyło się z (5, 2) na (5, 2)
19 Jan 2025 01:15:33 GMT Długość listy pozycji: 8
Lista pozycji zwierząt: {(8, 7)=[◢], (3, 2)=[◥, ◥, ◣, <, ◥, v, ◥, ^, ◥, ◣, ◥, ◣, v, v, ◥, >, ◥, ^, ◥, ^], (3, 4)=[>], (2, 4)=[>], (7, 0)=[>, ^, >, ◥, ◢, ◤, ◥, <, ◥, >, ◥, v, ◥, ◣, ◥, ◥, ◥, ◢, v, ◥], (5, 2)=[◥], (3, 0)=[>], (6, 4)=[^]}
19 Jan 2025 01:15:33 GMT Zwierzę poruszyło się z (2, 4) na (2, 4)
19 Jan 2025 01:15:33 GMT Długość listy pozycji: 8
Lista pozycji zwierząt: {(8, 7)=[v], (3, 2)=[◥, ◥, ◣, <, ◥, v, ◥, ^, ◥, ◣, ◥, ◣, v, v, ◥, >, ◥, ^, ◥, ^], (3, 4)=[>], (2, 4)=[>], (7, 0)=[>, ^, >, ◥, ◢, ◤, ◥, <, ◥, >, ◥, v, ◥, ◣, ◥, ◥, ◥, ◢, v, ◥], (5, 2)=[◥], (3, 0)=[>], (6, 4)=[^]}
19 Jan 2025 01:15:33 GMT Zwierzę poruszyło się z (8, 7) na (8, 7)
19 Jan 2025 01:15:33 GMT Zwierze zostało położone na (3, 2)
19 Jan 2025 01:15:33 GMT Urodziło się nowe zwierzę na (3, 2)
19 Jan 2025 01:15:33 GMT Zwierze zostało położone na (7, 0)
19 Jan 2025 01:15:33 GMT Urodziło się nowe zwierzę na (7, 0)
19 Jan 2025 01:15:33 GMT Roślinka wyrosła na null
19 Jan 2025 01:15:33 GMT Roślinka wyrosła na null
19 Jan 2025 01:15:33 GMT Roślinka wyrosła na null
19 Jan 2025 01:15:33 GMT Roślinka wyrosła na null
19 Jan 2025 01:15:33 GMT Roślinka wyrosła na null
19 Jan 2025 01:15:33 GMT Roślinka wyrosła na null
19 Jan 2025 01:15:33 GMT Roślinka wyrosła na null
19 Jan 2025 01:15:33 GMT Roślinka wyrosła na null
19 Jan 2025 01:15:33 GMT Roślinka wyrosła na null
19 Jan 2025 01:15:33 GMT Roślinka wyrosła na null
19 Jan 2025 01:15:34 GMT Długość listy pozycji: 8
Lista pozycji zwierząt: {(8, 7)=[v], (3, 2)=[◤, ◥, ◥, ◣, <, ◥, v, ◥, ^, ◥, ◣, ◥, ◣, v, v, ◥, >, ◥, ^, ◥, ^], (3, 4)=[◤], (2, 4)=[>], (7, 0)=[◤, >, ^, >, ◥, ◢, ◤, ◥, <, ◥, >, ◥, v, ◥, ◣, ◥, ◥, ◥, ◢, v, ◥], (5, 2)=[◥], (3, 0)=[>], (6, 4)=[^]}
19 Jan 2025 01:15:34 GMT Zwierzę poruszyło się z (3, 4) na (3, 4)
19 Jan 2025 01:15:34 GMT Długość listy pozycji: 8
Lista pozycji zwierząt: {(8, 7)=[v], (3, 2)=[◤, ◥, ◥, ◣, <, ◥, v, ◥, ^, ◥, ◣, ◥, ◣, v, v, ◥, >, ◥, ^, ◥, ^], (3, 4)=[◤], (2, 4)=[>], (7, 0)=[◤, >, ^, >, ◥, ◢, ◤, ◥, <, ◥, >, ◥, v, ◥, ◣, ◥, ◥, ◥, ◢, v, ◥], (5, 2)=[◥], (3, 0)=[>], (6, 4)=[◥]}
19 Jan 2025 01:15:34 GMT Zwierzę poruszyło się z (6, 4) na (6, 4)
19 Jan 2025 01:15:34 GMT Długość listy pozycji: 8
Lista pozycji zwierząt: {(8, 7)=[v], (3, 2)=[◤, ◥, ◥, ◣, <, ◥, v, ◥, ^, ◥, ◣, ◥, ◣, v, v, ◥, >, ◥, ^, ◥, ^], (3, 4)=[◤], (2, 4)=[>], (7, 0)=[◤, >, ^, >, ◥, ◢, ◤, ◥, <, ◥, >, ◥, v, ◥, ◣, ◥, ◥, ◥, ◢, v, ◥], (5, 2)=[◥], (3, 0)=[^], (6, 4)=[◥]}
19 Jan 2025 01:15:34 GMT Zwierzę poruszyło się z (3, 0) na (3, 0)
19 Jan 2025 01:15:34 GMT Długość listy pozycji: 8
Lista pozycji zwierząt: {(8, 7)=[v], (3, 2)=[◤, ◥, ◥, ◣, <, ◥, v, ◥, ^, ◥, ◣, ◥, ◣, v, v, ◥, >, ◥, ^, ◥, ^], (3, 4)=[◤], (2, 4)=[>], (7, 0)=[◤, >, ^, >, ◥, ◢, ◤, ◥, <, ◥, >, ◥, v, ◥, ◣, ◥, ◥, ◥, ◢, v, ◥], (5, 2)=[v], (3, 0)=[^], (6, 4)=[◥]}
19 Jan 2025 01:15:34 GMT Zwierzę poruszyło się z (5, 2) na (5, 2)
19 Jan 2025 01:15:34 GMT Długość listy pozycji: 8
Lista pozycji zwierząt: {(8, 7)=[v], (3, 2)=[◤, ◥, ◥, ◣, <, ◥, v, ◥, ^, ◥, ◣, ◥, ◣, v, v, ◥, >, ◥, ^, ◥, ^], (3, 4)=[◤], (2, 4)=[v], (7, 0)=[◤, >, ^, >, ◥, ◢, ◤, ◥, <, ◥, >, ◥, v, ◥, ◣, ◥, ◥, ◥, ◢, v, ◥], (5, 2)=[v], (3, 0)=[^], (6, 4)=[◥]}
19 Jan 2025 01:15:34 GMT Zwierzę poruszyło się z (2, 4) na (2, 4)
19 Jan 2025 01:15:34 GMT Długość listy pozycji: 8
Lista pozycji zwierząt: {(8, 7)=[>], (3, 2)=[◤, ◥, ◥, ◣, <, ◥, v, ◥, ^, ◥, ◣, ◥, ◣, v, v, ◥, >, ◥, ^, ◥, ^], (3, 4)=[◤], (2, 4)=[v], (7, 0)=[◤, >, ^, >, ◥, ◢, ◤, ◥, <, ◥, >, ◥, v, ◥, ◣, ◥, ◥, ◥, ◢, v, ◥], (5, 2)=[v], (3, 0)=[^], (6, 4)=[◥]}
19 Jan 2025 01:15:34 GMT Zwierzę poruszyło się z (8, 7) na (8, 7)
19 Jan 2025 01:15:35 GMT Zwierze zostało położone na (3, 2)
19 Jan 2025 01:15:35 GMT Urodziło się nowe zwierzę na (3, 2)
19 Jan 2025 01:15:35 GMT Zwierze zostało położone na (7, 0)
19 Jan 2025 01:15:35 GMT Urodziło się nowe zwierzę na (7, 0)
19 Jan 2025 01:15:35 GMT Roślinka wyrosła na null
19 Jan 2025 01:15:35 GMT Roślinka wyrosła na null
19 Jan 2025 01:15:35 GMT Roślinka wyrosła na null
19 Jan 2025 01:15:35 GMT Roślinka wyrosła na null
19 Jan 2025 01:15:35 GMT Roślinka wyrosła na null
19 Jan 2025 01:15:35 GMT Roślinka wyrosła na null
19 Jan 2025 01:15:35 GMT Roślinka wyrosła na null
19 Jan 2025 01:15:35 GMT Roślinka wyrosła na null
19 Jan 2025 01:15:35 GMT Roślinka wyrosła na null
19 Jan 2025 01:15:35 GMT Roślinka wyrosła na null
19 Jan 2025 01:15:35 GMT Długość listy pozycji: 8
Lista pozycji zwierząt: {(8, 7)=[>], (3, 2)=[^, ◤, ◥, ◥, ◣, <, ◥, v, ◥, ^, ◥, ◣, ◥, ◣, v, v, ◥, >, ◥, ^, ◥, ^], (3, 4)=[◢], (2, 4)=[v], (7, 0)=[v, ◤, >, ^, >, ◥, ◢, ◤, ◥, <, ◥, >, ◥, v, ◥, ◣, ◥, ◥, ◥, ◢, v, ◥], (5, 2)=[v], (3, 0)=[^], (6, 4)=[◥]}
19 Jan 2025 01:15:35 GMT Zwierzę poruszyło się z (3, 4) na (3, 4)
19 Jan 2025 01:15:35 GMT Długość listy pozycji: 8
Lista pozycji zwierząt: {(8, 7)=[>], (3, 2)=[^, ◤, ◥, ◥, ◣, <, ◥, v, ◥, ^, ◥, ◣, ◥, ◣, v, v, ◥, >, ◥, ^, ◥, ^], (3, 4)=[◢], (2, 4)=[v], (7, 0)=[v, ◤, >, ^, >, ◥, ◢, ◤, ◥, <, ◥, >, ◥, v, ◥, ◣, ◥, ◥, ◥, ◢, v, ◥], (5, 2)=[v], (3, 0)=[^], (6, 4)=[>]}
19 Jan 2025 01:15:35 GMT Zwierzę poruszyło się z (6, 4) na (6, 4)
19 Jan 2025 01:15:35 GMT Długość listy pozycji: 8
Lista pozycji zwierząt: {(8, 7)=[>], (3, 2)=[^, ◤, ◥, ◥, ◣, <, ◥, v, ◥, ^, ◥, ◣, ◥, ◣, v, v, ◥, >, ◥, ^, ◥, ^], (3, 4)=[◢], (2, 4)=[v], (7, 0)=[v, ◤, >, ^, >, ◥, ◢, ◤, ◥, <, ◥, >, ◥, v, ◥, ◣, ◥, ◥, ◥, ◢, v, ◥], (5, 2)=[v], (3, 0)=[<], (6, 4)=[>]}
19 Jan 2025 01:15:35 GMT Zwierzę poruszyło się z (3, 0) na (3, 0)
19 Jan 2025 01:15:35 GMT Długość listy pozycji: 8
Lista pozycji zwierząt: {(8, 7)=[>], (3, 2)=[^, ◤, ◥, ◥, ◣, <, ◥, v, ◥, ^, ◥, ◣, ◥, ◣, v, v, ◥, >, ◥, ^, ◥, ^], (3, 4)=[◢], (2, 4)=[v], (7, 0)=[v, ◤, >, ^, >, ◥, ◢, ◤, ◥, <, ◥, >, ◥, v, ◥, ◣, ◥, ◥, ◥, ◢, v, ◥], (5, 2)=[◢], (3, 0)=[<], (6, 4)=[>]}
19 Jan 2025 01:15:35 GMT Zwierzę poruszyło się z (5, 2) na (5, 2)
19 Jan 2025 01:15:35 GMT Długość listy pozycji: 8
Lista pozycji zwierząt: {(8, 7)=[>], (3, 2)=[^, ◤, ◥, ◥, ◣, <, ◥, v, ◥, ^, ◥, ◣, ◥, ◣, v, v, ◥, >, ◥, ^, ◥, ^], (3, 4)=[◢], (2, 4)=[◣], (7, 0)=[v, ◤, >, ^, >, ◥, ◢, ◤, ◥, <, ◥, >, ◥, v, ◥, ◣, ◥, ◥, ◥, ◢, v, ◥], (5, 2)=[◢], (3, 0)=[<], (6, 4)=[>]}
19 Jan 2025 01:15:35 GMT Zwierzę poruszyło się z (2, 4) na (2, 4)
19 Jan 2025 01:15:35 GMT Długość listy pozycji: 8
Lista pozycji zwierząt: {(8, 7)=[◢], (3, 2)=[^, ◤, ◥, ◥, ◣, <, ◥, v, ◥, ^, ◥, ◣, ◥, ◣, v, v, ◥, >, ◥, ^, ◥, ^], (3, 4)=[◢], (2, 4)=[◣], (7, 0)=[v, ◤, >, ^, >, ◥, ◢, ◤, ◥, <, ◥, >, ◥, v, ◥, ◣, ◥, ◥, ◥, ◢, v, ◥], (5, 2)=[◢], (3, 0)=[<], (6, 4)=[>]}
19 Jan 2025 01:15:35 GMT Zwierzę poruszyło się z (8, 7) na (8, 7)
19 Jan 2025 01:15:36 GMT Zwierze zostało położone na (3, 2)
19 Jan 2025 01:15:36 GMT Urodziło się nowe zwierzę na (3, 2)
19 Jan 2025 01:15:36 GMT Zwierze zostało położone na (7, 0)
19 Jan 2025 01:15:36 GMT Urodziło się nowe zwierzę na (7, 0)
19 Jan 2025 01:15:36 GMT Roślinka wyrosła na null
19 Jan 2025 01:15:36 GMT Roślinka wyrosła na null
19 Jan 2025 01:15:36 GMT Roślinka wyrosła na null
19 Jan 2025 01:15:36 GMT Roślinka wyrosła na null
19 Jan 2025 01:15:36 GMT Roślinka wyrosła na null
19 Jan 2025 01:15:36 GMT Roślinka wyrosła na null
19 Jan 2025 01:15:36 GMT Roślinka wyrosła na null
19 Jan 2025 01:15:36 GMT Roślinka wyrosła na null
19 Jan 2025 01:15:36 GMT Roślinka wyrosła na null
19 Jan 2025 01:15:36 GMT Roślinka wyrosła na null
19 Jan 2025 01:15:36 GMT Długość listy pozycji: 8
Lista pozycji zwierząt: {(8, 7)=[◢], (3, 2)=[◤, ^, ◤, ◥, ◥, ◣, <, ◥, v, ◥, ^, ◥, ◣, ◥, ◣, v, v, ◥, >, ◥, ^, ◥, ^], (3, 4)=[^], (2, 4)=[◣], (7, 0)=[<, v, ◤, >, ^, >, ◥, ◢, ◤, ◥, <, ◥, >, ◥, v, ◥, ◣, ◥, ◥, ◥, ◢, v, ◥], (5, 2)=[◢], (3, 0)=[<], (6, 4)=[>]}
19 Jan 2025 01:15:36 GMT Zwierzę poruszyło się z (3, 4) na (3, 4)
19 Jan 2025 01:15:36 GMT Długość listy pozycji: 8
Lista pozycji zwierząt: {(8, 7)=[◢], (3, 2)=[◤, ^, ◤, ◥, ◥, ◣, <, ◥, v, ◥, ^, ◥, ◣, ◥, ◣, v, v, ◥, >, ◥, ^, ◥, ^], (3, 4)=[^], (2, 4)=[◣], (7, 0)=[<, v, ◤, >, ^, >, ◥, ◢, ◤, ◥, <, ◥, >, ◥, v, ◥, ◣, ◥, ◥, ◥, ◢, v, ◥], (5, 2)=[◢], (3, 0)=[<], (6, 4)=[>]}
19 Jan 2025 01:15:36 GMT Zwierzę poruszyło się z (6, 4) na (6, 4)
19 Jan 2025 01:15:36 GMT Długość listy pozycji: 8
Lista pozycji zwierząt: {(8, 7)=[◢], (3, 2)=[◤, ^, ◤, ◥, ◥, ◣, <, ◥, v, ◥, ^, ◥, ◣, ◥, ◣, v, v, ◥, >, ◥, ^, ◥, ^], (3, 4)=[^], (2, 4)=[◣], (7, 0)=[<, v, ◤, >, ^, >, ◥, ◢, ◤, ◥, <, ◥, >, ◥, v, ◥, ◣, ◥, ◥, ◥, ◢, v, ◥], (5, 2)=[◢], (3, 0)=[◤], (6, 4)=[>]}
19 Jan 2025 01:15:36 GMT Zwierzę poruszyło się z (3, 0) na (3, 0)
19 Jan 2025 01:15:37 GMT Długość listy pozycji: 8
Lista pozycji zwierząt: {(8, 7)=[◢], (3, 2)=[◤, ^, ◤, ◥, ◥, ◣, <, ◥, v, ◥, ^, ◥, ◣, ◥, ◣, v, v, ◥, >, ◥, ^, ◥, ^], (3, 4)=[^], (2, 4)=[◣], (7, 0)=[<, v, ◤, >, ^, >, ◥, ◢, ◤, ◥, <, ◥, >, ◥, v, ◥, ◣, ◥, ◥, ◥, ◢, v, ◥], (5, 2)=[◢], (3, 0)=[◤], (6, 4)=[>]}
19 Jan 2025 01:15:37 GMT Zwierzę poruszyło się z (5, 2) na (5, 2)
19 Jan 2025 01:15:37 GMT Długość listy pozycji: 8
Lista pozycji zwierząt: {(8, 7)=[◢], (3, 2)=[◤, ^, ◤, ◥, ◥, ◣, <, ◥, v, ◥, ^, ◥, ◣, ◥, ◣, v, v, ◥, >, ◥, ^, ◥, ^], (3, 4)=[^], (2, 4)=[◢], (7, 0)=[<, v, ◤, >, ^, >, ◥, ◢, ◤, ◥, <, ◥, >, ◥, v, ◥, ◣, ◥, ◥, ◥, ◢, v, ◥], (5, 2)=[◢], (3, 0)=[◤], (6, 4)=[>]}
19 Jan 2025 01:15:37 GMT Zwierzę poruszyło się z (2, 4) na (2, 4)
19 Jan 2025 01:15:37 GMT Długość listy pozycji: 8
Lista pozycji zwierząt: {(8, 7)=[◥], (3, 2)=[◤, ^, ◤, ◥, ◥, ◣, <, ◥, v, ◥, ^, ◥, ◣, ◥, ◣, v, v, ◥, >, ◥, ^, ◥, ^], (3, 4)=[^], (2, 4)=[◢], (7, 0)=[<, v, ◤, >, ^, >, ◥, ◢, ◤, ◥, <, ◥, >, ◥, v, ◥, ◣, ◥, ◥, ◥, ◢, v, ◥], (5, 2)=[◢], (3, 0)=[◤], (6, 4)=[>]}
19 Jan 2025 01:15:37 GMT Zwierzę poruszyło się z (8, 7) na (8, 7)
19 Jan 2025 01:15:37 GMT Zwierze zostało położone na (3, 2)
19 Jan 2025 01:15:37 GMT Urodziło się nowe zwierzę na (3, 2)
19 Jan 2025 01:15:37 GMT Zwierze zostało położone na (7, 0)
19 Jan 2025 01:15:37 GMT Urodziło się nowe zwierzę na (7, 0)
19 Jan 2025 01:15:37 GMT Roślinka wyrosła na null
19 Jan 2025 01:15:37 GMT Roślinka wyrosła na null
19 Jan 2025 01:15:37 GMT Roślinka wyrosła na null
19 Jan 2025 01:15:37 GMT Roślinka wyrosła na null
19 Jan 2025 01:15:37 GMT Roślinka wyrosła na null
19 Jan 2025 01:15:37 GMT Roślinka wyrosła na null
19 Jan 2025 01:15:37 GMT Roślinka wyrosła na null
19 Jan 2025 01:15:37 GMT Roślinka wyrosła na null
19 Jan 2025 01:15:37 GMT Roślinka wyrosła na null
19 Jan 2025 01:15:37 GMT Roślinka wyrosła na null
19 Jan 2025 01:15:38 GMT Długość listy pozycji: 8
Lista pozycji zwierząt: {(8, 7)=[◥], (3, 2)=[◥, ◤, ^, ◤, ◥, ◥, ◣, <, ◥, v, ◥, ^, ◥, ◣, ◥, ◣, v, v, ◥, >, ◥, ^, ◥, ^], (3, 4)=[◤], (2, 4)=[◢], (7, 0)=[◥, <, v, ◤, >, ^, >, ◥, ◢, ◤, ◥, <, ◥, >, ◥, v, ◥, ◣, ◥, ◥, ◥, ◢, v, ◥], (5, 2)=[◢], (3, 0)=[◤], (6, 4)=[>]}
19 Jan 2025 01:15:38 GMT Zwierzę poruszyło się z (3, 4) na (3, 4)
19 Jan 2025 01:15:38 GMT Długość listy pozycji: 8
Lista pozycji zwierząt: {(8, 7)=[◥], (3, 2)=[◥, ◤, ^, ◤, ◥, ◥, ◣, <, ◥, v, ◥, ^, ◥, ◣, ◥, ◣, v, v, ◥, >, ◥, ^, ◥, ^], (3, 4)=[◤], (2, 4)=[◢], (7, 0)=[◥, <, v, ◤, >, ^, >, ◥, ◢, ◤, ◥, <, ◥, >, ◥, v, ◥, ◣, ◥, ◥, ◥, ◢, v, ◥], (5, 2)=[◢], (3, 0)=[◤], (6, 4)=[v]}
19 Jan 2025 01:15:38 GMT Zwierzę poruszyło się z (6, 4) na (6, 4)
19 Jan 2025 01:15:38 GMT Długość listy pozycji: 8
Lista pozycji zwierząt: {(8, 7)=[◥], (3, 2)=[◥, ◤, ^, ◤, ◥, ◥, ◣, <, ◥, v, ◥, ^, ◥, ◣, ◥, ◣, v, v, ◥, >, ◥, ^, ◥, ^], (3, 4)=[◤], (2, 4)=[◢], (7, 0)=[◥, <, v, ◤, >, ^, >, ◥, ◢, ◤, ◥, <, ◥, >, ◥, v, ◥, ◣, ◥, ◥, ◥, ◢, v, ◥], (5, 2)=[◢], (3, 0)=[◤], (6, 4)=[v]}
19 Jan 2025 01:15:38 GMT Zwierzę poruszyło się z (3, 0) na (3, 0)
19 Jan 2025 01:15:38 GMT Długość listy pozycji: 8
Lista pozycji zwierząt: {(8, 7)=[◥], (3, 2)=[◥, ◤, ^, ◤, ◥, ◥, ◣, <, ◥, v, ◥, ^, ◥, ◣, ◥, ◣, v, v, ◥, >, ◥, ^, ◥, ^], (3, 4)=[◤], (2, 4)=[◢], (7, 0)=[◥, <, v, ◤, >, ^, >, ◥, ◢, ◤, ◥, <, ◥, >, ◥, v, ◥, ◣, ◥, ◥, ◥, ◢, v, ◥], (5, 2)=[<], (3, 0)=[◤], (6, 4)=[v]}
19 Jan 2025 01:15:38 GMT Zwierzę poruszyło się z (5, 2) na (5, 2)
19 Jan 2025 01:15:38 GMT Długość listy pozycji: 8
Lista pozycji zwierząt: {(8, 7)=[◥], (3, 2)=[◥, ◤, ^, ◤, ◥, ◥, ◣, <, ◥, v, ◥, ^, ◥, ◣, ◥, ◣, v, v, ◥, >, ◥, ^, ◥, ^], (3, 4)=[◤], (2, 4)=[^], (7, 0)=[◥, <, v, ◤, >, ^, >, ◥, ◢, ◤, ◥, <, ◥, >, ◥, v, ◥, ◣, ◥, ◥, ◥, ◢, v, ◥], (5, 2)=[<], (3, 0)=[◤], (6, 4)=[v]}
19 Jan 2025 01:15:38 GMT Zwierzę poruszyło się z (2, 4) na (2, 4)
19 Jan 2025 01:15:38 GMT Długość listy pozycji: 8
Lista pozycji zwierząt: {(8, 7)=[<], (3, 2)=[◥, ◤, ^, ◤, ◥, ◥, ◣, <, ◥, v, ◥, ^, ◥, ◣, ◥, ◣, v, v, ◥, >, ◥, ^, ◥, ^], (3, 4)=[◤], (2, 4)=[^], (7, 0)=[◥, <, v, ◤, >, ^, >, ◥, ◢, ◤, ◥, <, ◥, >, ◥, v, ◥, ◣, ◥, ◥, ◥, ◢, v, ◥], (5, 2)=[<], (3, 0)=[◤], (6, 4)=[v]}
19 Jan 2025 01:15:38 GMT Zwierzę poruszyło się z (8, 7) na (8, 7)
19 Jan 2025 01:15:38 GMT Zwierze zostało położone na (3, 2)
19 Jan 2025 01:15:38 GMT Urodziło się nowe zwierzę na (3, 2)
19 Jan 2025 01:15:39 GMT Zwierze zostało położone na (7, 0)
19 Jan 2025 01:15:39 GMT Urodziło się nowe zwierzę na (7, 0)
19 Jan 2025 01:15:39 GMT Roślinka wyrosła na null
19 Jan 2025 01:15:39 GMT Roślinka wyrosła na null
19 Jan 2025 01:15:39 GMT Roślinka wyrosła na null
19 Jan 2025 01:15:39 GMT Roślinka wyrosła na null
19 Jan 2025 01:15:39 GMT Roślinka wyrosła na null
19 Jan 2025 01:15:39 GMT Roślinka wyrosła na null
19 Jan 2025 01:15:39 GMT Roślinka wyrosła na null
19 Jan 2025 01:15:39 GMT Roślinka wyrosła na null
19 Jan 2025 01:15:39 GMT Roślinka wyrosła na null
19 Jan 2025 01:15:39 GMT Roślinka wyrosła na null
19 Jan 2025 01:15:39 GMT Długość listy pozycji: 8
Lista pozycji zwierząt: {(8, 7)=[<], (3, 2)=[◢, ◥, ◤, ^, ◤, ◥, ◥, ◣, <, ◥, v, ◥, ^, ◥, ◣, ◥, ◣, v, v, ◥, >, ◥, ^, ◥, ^], (3, 4)=[◥], (2, 4)=[^], (7, 0)=[◥, ◥, <, v, ◤, >, ^, >, ◥, ◢, ◤, ◥, <, ◥, >, ◥, v, ◥, ◣, ◥, ◥, ◥, ◢, v, ◥], (5, 2)=[<], (3, 0)=[◤], (6, 4)=[v]}
19 Jan 2025 01:15:39 GMT Zwierzę poruszyło się z (3, 4) na (3, 4)
19 Jan 2025 01:15:39 GMT Długość listy pozycji: 8
Lista pozycji zwierząt: {(8, 7)=[<], (3, 2)=[◢, ◥, ◤, ^, ◤, ◥, ◥, ◣, <, ◥, v, ◥, ^, ◥, ◣, ◥, ◣, v, v, ◥, >, ◥, ^, ◥, ^], (3, 4)=[◥], (2, 4)=[^], (7, 0)=[◥, ◥, <, v, ◤, >, ^, >, ◥, ◢, ◤, ◥, <, ◥, >, ◥, v, ◥, ◣, ◥, ◥, ◥, ◢, v, ◥], (5, 2)=[<], (3, 0)=[◤], (6, 4)=[◥]}
19 Jan 2025 01:15:39 GMT Zwierzę poruszyło się z (6, 4) na (6, 4)
19 Jan 2025 01:15:39 GMT Długość listy pozycji: 8
Lista pozycji zwierząt: {(8, 7)=[<], (3, 2)=[◢, ◥, ◤, ^, ◤, ◥, ◥, ◣, <, ◥, v, ◥, ^, ◥, ◣, ◥, ◣, v, v, ◥, >, ◥, ^, ◥, ^], (3, 4)=[◥], (2, 4)=[^], (7, 0)=[◥, ◥, <, v, ◤, >, ^, >, ◥, ◢, ◤, ◥, <, ◥, >, ◥, v, ◥, ◣, ◥, ◥, ◥, ◢, v, ◥], (5, 2)=[<], (3, 0)=[◤], (6, 4)=[◥]}
19 Jan 2025 01:15:39 GMT Zwierzę poruszyło się z (3, 0) na (3, 0)
19 Jan 2025 01:15:39 GMT Długość listy pozycji: 8
Lista pozycji zwierząt: {(8, 7)=[<], (3, 2)=[◢, ◥, ◤, ^, ◤, ◥, ◥, ◣, <, ◥, v, ◥, ^, ◥, ◣, ◥, ◣, v, v, ◥, >, ◥, ^, ◥, ^], (3, 4)=[◥], (2, 4)=[^], (7, 0)=[◥, ◥, <, v, ◤, >, ^, >, ◥, ◢, ◤, ◥, <, ◥, >, ◥, v, ◥, ◣, ◥, ◥, ◥, ◢, v, ◥], (5, 2)=[^], (3, 0)=[◤], (6, 4)=[◥]}
19 Jan 2025 01:15:39 GMT Zwierzę poruszyło się z (5, 2) na (5, 2)
19 Jan 2025 01:15:39 GMT Długość listy pozycji: 8
Lista pozycji zwierząt: {(8, 7)=[<], (3, 2)=[◢, ◥, ◤, ^, ◤, ◥, ◥, ◣, <, ◥, v, ◥, ^, ◥, ◣, ◥, ◣, v, v, ◥, >, ◥, ^, ◥, ^], (3, 4)=[◥], (2, 4)=[◥], (7, 0)=[◥, ◥, <, v, ◤, >, ^, >, ◥, ◢, ◤, ◥, <, ◥, >, ◥, v, ◥, ◣, ◥, ◥, ◥, ◢, v, ◥], (5, 2)=[^], (3, 0)=[◤], (6, 4)=[◥]}
19 Jan 2025 01:15:39 GMT Zwierzę poruszyło się z (2, 4) na (2, 4)
19 Jan 2025 01:15:39 GMT Długość listy pozycji: 8
Lista pozycji zwierząt: {(8, 7)=[>], (3, 2)=[◢, ◥, ◤, ^, ◤, ◥, ◥, ◣, <, ◥, v, ◥, ^, ◥, ◣, ◥, ◣, v, v, ◥, >, ◥, ^, ◥, ^], (3, 4)=[◥], (2, 4)=[◥], (7, 0)=[◥, ◥, <, v, ◤, >, ^, >, ◥, ◢, ◤, ◥, <, ◥, >, ◥, v, ◥, ◣, ◥, ◥, ◥, ◢, v, ◥], (5, 2)=[^], (3, 0)=[◤], (6, 4)=[◥]}
19 Jan 2025 01:15:39 GMT Zwierzę poruszyło się z (8, 7) na (8, 7)
19 Jan 2025 01:15:40 GMT Zwierze zostało położone na (3, 2)
19 Jan 2025 01:15:40 GMT Urodziło się nowe zwierzę na (3, 2)
19 Jan 2025 01:15:40 GMT Zwierze zostało położone na (7, 0)
19 Jan 2025 01:15:40 GMT Urodziło się nowe zwierzę na (7, 0)
19 Jan 2025 01:15:40 GMT Roślinka wyrosła na null
19 Jan 2025 01:15:40 GMT Roślinka wyrosła na null
19 Jan 2025 01:15:40 GMT Roślinka wyrosła na null
19 Jan 2025 01:15:40 GMT Roślinka wyrosła na null
19 Jan 2025 01:15:40 GMT Roślinka wyrosła na null
19 Jan 2025 01:15:40 GMT Roślinka wyrosła na null
19 Jan 2025 01:15:40 GMT Roślinka wyrosła na null
19 Jan 2025 01:15:40 GMT Roślinka wyrosła na null
19 Jan 2025 01:15:40 GMT Roślinka wyrosła na null
19 Jan 2025 01:15:40 GMT Roślinka wyrosła na null
19 Jan 2025 01:15:40 GMT Zwierzę umarło na (3, 4)
19 Jan 2025 01:15:40 GMT Zwierzę umarło na (6, 4)
19 Jan 2025 01:15:40 GMT Zwierzę umarło na (3, 0)
19 Jan 2025 01:15:40 GMT Zwierzę umarło na (5, 2)
19 Jan 2025 01:15:40 GMT Zwierzę umarło na (2, 4)
19 Jan 2025 01:15:40 GMT Zwierzę umarło na (8, 7)
19 Jan 2025 01:15:40 GMT Zwierze zostało położone na (3, 2)
19 Jan 2025 01:15:40 GMT Urodziło się nowe zwierzę na (3, 2)
19 Jan 2025 01:15:41 GMT Zwierze zostało położone na (7, 0)
19 Jan 2025 01:15:41 GMT Urodziło się nowe zwierzę na (7, 0)
19 Jan 2025 01:15:41 GMT Roślinka wyrosła na null
19 Jan 2025 01:15:41 GMT Roślinka wyrosła na null
19 Jan 2025 01:15:41 GMT Roślinka wyrosła na null
19 Jan 2025 01:15:41 GMT Roślinka wyrosła na null
19 Jan 2025 01:15:41 GMT Roślinka wyrosła na null
19 Jan 2025 01:15:41 GMT Roślinka wyrosła na null
19 Jan 2025 01:15:41 GMT Roślinka wyrosła na null
19 Jan 2025 01:15:41 GMT Roślinka wyrosła na null
19 Jan 2025 01:15:41 GMT Roślinka wyrosła na null
19 Jan 2025 01:15:41 GMT Roślinka wyrosła na null
