16 Jan 2025 22:28:42 GMT Zwierze zostało położone na (4, 2)
16 Jan 2025 22:28:42 GMT Zwierze zostało położone na (2, 4)
16 Jan 2025 22:28:42 GMT Zwierze zostało położone na (2, 2)
16 Jan 2025 22:28:42 GMT Zwierze zostało położone na (4, 3)
16 Jan 2025 22:28:42 GMT Zwierze zostało położone na (3, 1)
16 Jan 2025 22:28:42 GMT Zwierze zostało położone na (0, 0)
16 Jan 2025 22:28:42 GMT Zwierze zostało położone na (2, 1)
16 Jan 2025 22:28:42 GMT Zwierze zostało położone na (3, 4)
16 Jan 2025 22:28:42 GMT Zwierze zostało położone na (0, 3)
16 Jan 2025 22:28:42 GMT Zwierze zostało położone na (3, 4)
16 Jan 2025 22:28:42 GMT Długość listy pozycji: 9
Lista pozycji zwierząt: {(2, 1)=[^], (4, 3)=[◣], (0, 0)=[>], (2, 2)=[v], (3, 4)=[^, >], (0, 2)=[>], (2, 4)=[◣], (0, 3)=[>], (3, 1)=[v]}
16 Jan 2025 22:28:42 GMT Zwierzę poruszyło się z (4, 2) na (0, 2)
16 Jan 2025 22:28:43 GMT Długość listy pozycji: 8
Lista pozycji zwierząt: {(2, 1)=[^], (4, 3)=[◣], (0, 0)=[>], (2, 2)=[v], (3, 4)=[^, >, >], (0, 2)=[>], (0, 3)=[>], (3, 1)=[v]}
16 Jan 2025 22:28:43 GMT Zwierzę poruszyło się z (2, 4) na (3, 4)
16 Jan 2025 22:28:43 GMT Długość listy pozycji: 8
Lista pozycji zwierząt: {(2, 1)=[^], (4, 3)=[◣], (0, 0)=[>], (2, 3)=[^], (3, 4)=[^, >, >], (0, 2)=[>], (0, 3)=[>], (3, 1)=[v]}
16 Jan 2025 22:28:43 GMT Zwierzę poruszyło się z (2, 2) na (2, 3)
16 Jan 2025 22:28:43 GMT Długość listy pozycji: 7
Lista pozycji zwierząt: {(2, 1)=[^], (0, 0)=[>], (2, 3)=[^], (3, 4)=[^, >, >], (0, 2)=[>], (0, 3)=[>, >], (3, 1)=[v]}
16 Jan 2025 22:28:43 GMT Zwierzę poruszyło się z (4, 3) na (0, 3)
16 Jan 2025 22:28:43 GMT Długość listy pozycji: 7
Lista pozycji zwierząt: {(3, 2)=[^], (2, 1)=[^], (0, 0)=[>], (2, 3)=[^], (3, 4)=[^, >, >], (0, 2)=[>], (0, 3)=[>, >]}
16 Jan 2025 22:28:43 GMT Zwierzę poruszyło się z (3, 1) na (3, 2)
16 Jan 2025 22:28:43 GMT Długość listy pozycji: 7
Lista pozycji zwierząt: {(3, 2)=[^], (2, 1)=[^], (0, 0)=[^], (2, 3)=[^], (3, 4)=[^, >, >], (0, 2)=[>], (0, 3)=[>, >]}
16 Jan 2025 22:28:43 GMT Zwierzę poruszyło się z (0, 0) na (0, 0)
16 Jan 2025 22:28:43 GMT Długość listy pozycji: 7
Lista pozycji zwierząt: {(3, 2)=[^], (2, 2)=[^], (0, 0)=[^], (2, 3)=[^], (3, 4)=[^, >, >], (0, 2)=[>], (0, 3)=[>, >]}
16 Jan 2025 22:28:43 GMT Zwierzę poruszyło się z (2, 1) na (2, 2)
16 Jan 2025 22:28:43 GMT Długość listy pozycji: 7
Lista pozycji zwierząt: {(3, 2)=[^], (2, 2)=[^], (0, 0)=[^], (2, 3)=[^], (3, 4)=[>, >, v], (0, 2)=[>], (0, 3)=[>, >]}
16 Jan 2025 22:28:43 GMT Zwierzę poruszyło się z (3, 4) na (3, 4)
16 Jan 2025 22:28:43 GMT Długość listy pozycji: 7
Lista pozycji zwierząt: {(3, 2)=[^], (2, 2)=[^], (0, 0)=[^], (2, 3)=[^], (3, 4)=[>, >, v], (0, 2)=[>, v], (0, 3)=[>]}
16 Jan 2025 22:28:43 GMT Zwierzę poruszyło się z (0, 3) na (0, 2)
16 Jan 2025 22:28:43 GMT Długość listy pozycji: 8
Lista pozycji zwierząt: {(3, 2)=[^], (3, 3)=[v], (2, 2)=[^], (0, 0)=[^], (2, 3)=[^], (3, 4)=[>, v], (0, 2)=[>, v], (0, 3)=[>]}
16 Jan 2025 22:28:43 GMT Zwierzę poruszyło się z (3, 4) na (3, 3)
16 Jan 2025 22:28:44 GMT Zwierzę zjadło roślinkę na (3, 3)
16 Jan 2025 22:28:44 GMT Zwierzę zjadło roślinkę na (2, 3)
16 Jan 2025 22:28:44 GMT Zwierzę zjadło roślinkę na (0, 3)
16 Jan 2025 22:28:44 GMT Zwierze zostało położone na (3, 4)
16 Jan 2025 22:28:44 GMT Urodziło się nowe zwierzę na (3, 4)
16 Jan 2025 22:28:44 GMT Zwierze zostało położone na (0, 2)
16 Jan 2025 22:28:44 GMT Urodziło się nowe zwierzę na (0, 2)
16 Jan 2025 22:28:44 GMT Roślinka wyrosła na (3, 4)
16 Jan 2025 22:28:44 GMT Roślinka wyrosła na (0, 0)
16 Jan 2025 22:28:44 GMT Roślinka wyrosła na (2, 4)
16 Jan 2025 22:28:44 GMT Roślinka wyrosła na (2, 2)
16 Jan 2025 22:28:44 GMT Roślinka wyrosła na (4, 4)
16 Jan 2025 22:28:44 GMT Roślinka wyrosła na (1, 2)
16 Jan 2025 22:28:44 GMT Roślinka wyrosła na (4, 2)
16 Jan 2025 22:28:44 GMT Roślinka wyrosła na (3, 0)
16 Jan 2025 22:28:44 GMT Roślinka wyrosła na (2, 1)
16 Jan 2025 22:28:44 GMT Roślinka wyrosła na (3, 1)
16 Jan 2025 22:28:44 GMT Zwierzę umarło na (0, 2)
16 Jan 2025 22:28:44 GMT Zwierzę umarło na (3, 4)
16 Jan 2025 22:28:44 GMT Długość listy pozycji: 7
Lista pozycji zwierząt: {(3, 2)=[^], (3, 3)=[v], (2, 2)=[v, ^], (0, 0)=[^], (3, 4)=[v, v], (0, 2)=[◣, v], (0, 3)=[>]}
16 Jan 2025 22:28:44 GMT Zwierzę poruszyło się z (2, 3) na (2, 2)
16 Jan 2025 22:28:44 GMT Długość listy pozycji: 7
Lista pozycji zwierząt: {(3, 2)=[^], (4, 4)=[◤], (3, 3)=[v], (2, 2)=[v, ^], (0, 0)=[^], (3, 4)=[v, v], (0, 2)=[◣, v]}
16 Jan 2025 22:28:44 GMT Zwierzę poruszyło się z (0, 3) na (4, 4)
16 Jan 2025 22:28:44 GMT Długość listy pozycji: 7
Lista pozycji zwierząt: {(4, 4)=[◤], (3, 3)=[v], (2, 2)=[v, ^], (0, 0)=[^], (3, 4)=[v, v], (0, 2)=[◣, v], (3, 1)=[v]}
16 Jan 2025 22:28:44 GMT Zwierzę poruszyło się z (3, 2) na (3, 1)
16 Jan 2025 22:28:44 GMT Długość listy pozycji: 7
Lista pozycji zwierząt: {(1, 0)=[>], (4, 4)=[◤], (3, 3)=[v], (2, 2)=[v, ^], (3, 4)=[v, v], (0, 2)=[◣, v], (3, 1)=[v]}
16 Jan 2025 22:28:44 GMT Zwierzę poruszyło się z (0, 0) na (1, 0)
16 Jan 2025 22:28:45 GMT Długość listy pozycji: 8
Lista pozycji zwierząt: {(1, 0)=[>], (4, 4)=[◤], (3, 3)=[v], (2, 2)=[v], (2, 3)=[^], (3, 4)=[v, v], (0, 2)=[◣, v], (3, 1)=[v]}
16 Jan 2025 22:28:45 GMT Zwierzę poruszyło się z (2, 2) na (2, 3)
16 Jan 2025 22:28:45 GMT Długość listy pozycji: 8
Lista pozycji zwierząt: {(1, 0)=[>], (4, 4)=[◤], (3, 3)=[v, v], (2, 2)=[v], (2, 3)=[^], (3, 4)=[v], (0, 2)=[◣, v], (3, 1)=[v]}
16 Jan 2025 22:28:45 GMT Zwierzę poruszyło się z (3, 4) na (3, 3)
16 Jan 2025 22:28:45 GMT Długość listy pozycji: 9
Lista pozycji zwierząt: {(1, 0)=[>], (4, 4)=[◤], (3, 3)=[v, v], (2, 2)=[v], (2, 3)=[^], (3, 4)=[v], (0, 2)=[◣], (4, 2)=[<], (3, 1)=[v]}
16 Jan 2025 22:28:45 GMT Zwierzę poruszyło się z (0, 2) na (4, 2)
16 Jan 2025 22:28:45 GMT Długość listy pozycji: 9
Lista pozycji zwierząt: {(1, 0)=[>], (4, 4)=[◤], (3, 3)=[v], (2, 2)=[v], (2, 3)=[<, ^], (3, 4)=[v], (0, 2)=[◣], (4, 2)=[<], (3, 1)=[v]}
16 Jan 2025 22:28:45 GMT Zwierzę poruszyło się z (3, 3) na (2, 3)
16 Jan 2025 22:28:45 GMT Zwierzę zjadło roślinkę na (1, 0)
16 Jan 2025 22:28:45 GMT Zwierzę zjadło roślinkę na (4, 4)
16 Jan 2025 22:28:45 GMT Zwierzę zjadło roślinkę na (2, 2)
16 Jan 2025 22:28:45 GMT Zwierzę zjadło roślinkę na (3, 4)
16 Jan 2025 22:28:45 GMT Zwierzę zjadło roślinkę na (4, 2)
16 Jan 2025 22:28:45 GMT Zwierzę zjadło roślinkę na (3, 1)
16 Jan 2025 22:28:45 GMT Zwierze zostało położone na (2, 3)
16 Jan 2025 22:28:45 GMT Urodziło się nowe zwierzę na (2, 3)
16 Jan 2025 22:28:45 GMT Roślinka wyrosła na (1, 4)
16 Jan 2025 22:28:45 GMT Roślinka wyrosła na (2, 0)
16 Jan 2025 22:28:45 GMT Roślinka wyrosła na (3, 2)
16 Jan 2025 22:28:45 GMT Roślinka wyrosła na (0, 2)
16 Jan 2025 22:28:45 GMT Roślinka wyrosła na (0, 4)
16 Jan 2025 22:28:45 GMT Roślinka wyrosła na null
16 Jan 2025 22:28:45 GMT Roślinka wyrosła na null
16 Jan 2025 22:28:45 GMT Roślinka wyrosła na null
16 Jan 2025 22:28:45 GMT Roślinka wyrosła na null
16 Jan 2025 22:28:45 GMT Roślinka wyrosła na null
16 Jan 2025 22:28:45 GMT Zwierzę umarło na (2, 3)
16 Jan 2025 22:28:46 GMT Długość listy pozycji: 8
Lista pozycji zwierząt: {(1, 0)=[>], (4, 4)=[◤], (3, 3)=[v], (2, 3)=[^, ◥, ^], (3, 4)=[v], (0, 2)=[◣], (4, 2)=[<], (3, 1)=[v]}
16 Jan 2025 22:28:46 GMT Zwierzę poruszyło się z (2, 2) na (2, 3)
16 Jan 2025 22:28:46 GMT Długość listy pozycji: 8
Lista pozycji zwierząt: {(4, 3)=[v], (1, 0)=[>], (3, 3)=[v], (2, 3)=[^, ◥, ^], (3, 4)=[v], (0, 2)=[◣], (4, 2)=[<], (3, 1)=[v]}
16 Jan 2025 22:28:46 GMT Zwierzę poruszyło się z (4, 4) na (4, 3)
16 Jan 2025 22:28:46 GMT Długość listy pozycji: 8
Lista pozycji zwierząt: {(3, 2)=[^], (4, 3)=[v], (1, 0)=[>], (3, 3)=[v], (2, 3)=[^, ◥, ^], (3, 4)=[v], (0, 2)=[◣], (4, 2)=[<]}
16 Jan 2025 22:28:46 GMT Zwierzę poruszyło się z (3, 1) na (3, 2)
16 Jan 2025 22:28:46 GMT Długość listy pozycji: 8
Lista pozycji zwierząt: {(3, 2)=[^], (4, 3)=[v], (1, 0)=[^], (3, 3)=[v], (2, 3)=[^, ◥, ^], (3, 4)=[v], (0, 2)=[◣], (4, 2)=[<]}
16 Jan 2025 22:28:46 GMT Zwierzę poruszyło się z (1, 0) na (1, 0)
16 Jan 2025 22:28:46 GMT Długość listy pozycji: 9
Lista pozycji zwierząt: {(3, 2)=[^], (4, 3)=[v], (1, 0)=[^], (3, 3)=[v], (2, 3)=[^, ◥], (3, 4)=[v], (2, 4)=[^], (0, 2)=[◣], (4, 2)=[<]}
16 Jan 2025 22:28:46 GMT Zwierzę poruszyło się z (2, 3) na (2, 4)
16 Jan 2025 22:28:46 GMT Długość listy pozycji: 8
Lista pozycji zwierząt: {(3, 2)=[^, v], (4, 3)=[v], (1, 0)=[^], (2, 3)=[^, ◥], (3, 4)=[v], (2, 4)=[^], (0, 2)=[◣], (4, 2)=[<]}
16 Jan 2025 22:28:46 GMT Zwierzę poruszyło się z (3, 3) na (3, 2)
16 Jan 2025 22:28:46 GMT Długość listy pozycji: 7
Lista pozycji zwierząt: {(3, 2)=[^, v], (4, 3)=[v, ^], (1, 0)=[^], (2, 3)=[^, ◥], (3, 4)=[v], (2, 4)=[^], (0, 2)=[◣]}
16 Jan 2025 22:28:46 GMT Zwierzę poruszyło się z (4, 2) na (4, 3)
16 Jan 2025 22:28:46 GMT Zwierzę zjadło roślinkę na (3, 2)
16 Jan 2025 22:28:46 GMT Zwierzę zjadło roślinkę na (4, 3)
16 Jan 2025 22:28:46 GMT Zwierzę zjadło roślinkę na (2, 4)
16 Jan 2025 22:28:46 GMT Zwierzę zjadło roślinkę na (0, 2)
16 Jan 2025 22:28:46 GMT Zwierze zostało położone na (3, 2)
16 Jan 2025 22:28:46 GMT Urodziło się nowe zwierzę na (3, 2)
16 Jan 2025 22:28:47 GMT Zwierze zostało położone na (4, 3)
16 Jan 2025 22:28:47 GMT Urodziło się nowe zwierzę na (4, 3)
16 Jan 2025 22:28:47 GMT Zwierze zostało położone na (2, 3)
16 Jan 2025 22:28:47 GMT Urodziło się nowe zwierzę na (2, 3)
16 Jan 2025 22:28:47 GMT Roślinka wyrosła na null
16 Jan 2025 22:28:47 GMT Roślinka wyrosła na null
16 Jan 2025 22:28:47 GMT Roślinka wyrosła na null
16 Jan 2025 22:28:47 GMT Roślinka wyrosła na null
16 Jan 2025 22:28:47 GMT Roślinka wyrosła na null
16 Jan 2025 22:28:47 GMT Roślinka wyrosła na null
16 Jan 2025 22:28:47 GMT Roślinka wyrosła na null
16 Jan 2025 22:28:47 GMT Roślinka wyrosła na null
16 Jan 2025 22:28:47 GMT Roślinka wyrosła na null
16 Jan 2025 22:28:47 GMT Roślinka wyrosła na null
16 Jan 2025 22:28:47 GMT Długość listy pozycji: 8
Lista pozycji zwierząt: {(3, 2)=[◢, ^, v], (4, 3)=[◢, v, ^], (1, 0)=[^], (2, 2)=[v], (2, 3)=[v, ◥, ◢], (3, 4)=[v], (2, 4)=[^], (0, 2)=[◣]}
16 Jan 2025 22:28:47 GMT Zwierzę poruszyło się z (2, 3) na (2, 2)
16 Jan 2025 22:28:47 GMT Długość listy pozycji: 9
Lista pozycji zwierząt: {(3, 2)=[◢, ^, v], (4, 3)=[◢, ^], (1, 0)=[^], (2, 2)=[v], (2, 3)=[v, ◥, ◢], (3, 4)=[v], (2, 4)=[^], (0, 2)=[◣], (0, 4)=[◥]}
16 Jan 2025 22:28:47 GMT Zwierzę poruszyło się z (4, 3) na (0, 4)
16 Jan 2025 22:28:47 GMT Długość listy pozycji: 10
Lista pozycji zwierząt: {(3, 2)=[◢, v], (4, 3)=[◢, ^], (1, 0)=[^], (2, 2)=[v], (2, 3)=[v, ◥, ◢], (3, 4)=[v], (2, 4)=[^], (0, 2)=[◣], (0, 4)=[◥], (3, 1)=[v]}
16 Jan 2025 22:28:47 GMT Zwierzę poruszyło się z (3, 2) na (3, 1)
16 Jan 2025 22:28:47 GMT Długość listy pozycji: 10
Lista pozycji zwierząt: {(3, 2)=[◢, v], (4, 3)=[◢, ^], (2, 2)=[v], (2, 3)=[v, ◥, ◢], (3, 4)=[v], (2, 4)=[^], (0, 2)=[◣], (0, 4)=[◥], (2, 0)=[>], (3, 1)=[v]}
16 Jan 2025 22:28:47 GMT Zwierzę poruszyło się z (1, 0) na (2, 0)
16 Jan 2025 22:28:47 GMT Długość listy pozycji: 10
Lista pozycji zwierząt: {(3, 2)=[◢, v], (4, 3)=[◢, ^], (2, 2)=[v], (2, 3)=[v, ◥, ◢], (3, 4)=[v], (2, 4)=[v], (0, 2)=[◣], (0, 4)=[◥], (2, 0)=[>], (3, 1)=[v]}
16 Jan 2025 22:28:47 GMT Zwierzę poruszyło się z (2, 4) na (2, 4)
16 Jan 2025 22:28:47 GMT Długość listy pozycji: 10
Lista pozycji zwierząt: {(3, 2)=[◢], (4, 3)=[◢, ^], (2, 2)=[v], (2, 3)=[v, ◥, ◢], (3, 4)=[v], (2, 4)=[v], (0, 2)=[◣], (0, 4)=[◥], (2, 0)=[>], (3, 1)=[v, v]}
16 Jan 2025 22:28:47 GMT Zwierzę poruszyło się z (3, 2) na (3, 1)
16 Jan 2025 22:28:48 GMT Długość listy pozycji: 11
Lista pozycji zwierząt: {(3, 2)=[◢], (4, 3)=[◢], (2, 2)=[v], (2, 3)=[v, ◥, ◢], (3, 4)=[v], (2, 4)=[v], (0, 2)=[◣], (0, 3)=[>], (0, 4)=[◥], (2, 0)=[>], (3, 1)=[v, v]}
16 Jan 2025 22:28:48 GMT Zwierzę poruszyło się z (4, 3) na (0, 3)
16 Jan 2025 22:28:48 GMT Zwierzę zjadło roślinkę na (0, 4)
16 Jan 2025 22:28:48 GMT Zwierzę zjadło roślinkę na (2, 0)
