27 Jan 2025 16:22:50 GMT Zwierze zostało położone na (9, 0)
27 Jan 2025 16:22:50 GMT Zwierze zostało położone na (6, 3)
27 Jan 2025 16:22:50 GMT Zwierze zostało położone na (0, 9)
27 Jan 2025 16:22:50 GMT Zwierze zostało położone na (8, 1)
27 Jan 2025 16:22:50 GMT Zwierze zostało położone na (8, 3)
27 Jan 2025 16:22:50 GMT Zwierze zostało położone na (4, 8)
27 Jan 2025 16:22:50 GMT Zwierze zostało położone na (0, 3)
27 Jan 2025 16:22:50 GMT Zwierze zostało położone na (7, 6)
27 Jan 2025 16:22:50 GMT Zwierze zostało położone na (7, 9)
27 Jan 2025 16:22:50 GMT Zwierze zostało położone na (6, 8)
27 Jan 2025 16:22:50 GMT Zwierze zostało położone na (0, 3)
27 Jan 2025 16:22:50 GMT Zwierze zostało położone na (4, 6)
27 Jan 2025 16:22:50 GMT Zwierze zostało położone na (4, 0)
27 Jan 2025 16:22:50 GMT Zwierze zostało położone na (6, 0)
27 Jan 2025 16:22:50 GMT Zwierze zostało położone na (8, 6)
27 Jan 2025 16:22:50 GMT Zwierze zostało położone na (5, 1)
27 Jan 2025 16:22:50 GMT Zwierze zostało położone na (3, 8)
27 Jan 2025 16:22:50 GMT Zwierze zostało położone na (4, 3)
27 Jan 2025 16:22:50 GMT Zwierze zostało położone na (1, 2)
27 Jan 2025 16:22:50 GMT Zwierze zostało położone na (9, 5)
27 Jan 2025 16:22:50 GMT Zwierze zostało położone na (6, 4)
27 Jan 2025 16:22:50 GMT Zwierze zostało położone na (1, 0)
27 Jan 2025 16:22:50 GMT Zwierze zostało położone na (1, 1)
27 Jan 2025 16:22:50 GMT Zwierze zostało położone na (1, 9)
27 Jan 2025 16:22:50 GMT Zwierze zostało położone na (2, 8)
27 Jan 2025 16:22:50 GMT Zwierze zostało położone na (1, 0)
27 Jan 2025 16:22:50 GMT Zwierze zostało położone na (8, 5)
27 Jan 2025 16:22:50 GMT Zwierze zostało położone na (9, 0)
27 Jan 2025 16:22:50 GMT Zwierze zostało położone na (2, 8)
27 Jan 2025 16:22:50 GMT Zwierze zostało położone na (7, 0)
27 Jan 2025 16:22:50 GMT Zwierze zostało położone na (3, 8)
27 Jan 2025 16:22:50 GMT Zwierze zostało położone na (9, 3)
27 Jan 2025 16:22:50 GMT Zwierze zostało położone na (6, 9)
27 Jan 2025 16:22:50 GMT Zwierze zostało położone na (0, 6)
27 Jan 2025 16:22:50 GMT Zwierze zostało położone na (5, 4)
27 Jan 2025 16:22:50 GMT Zwierze zostało położone na (6, 0)
27 Jan 2025 16:22:50 GMT Zwierze zostało położone na (7, 1)
27 Jan 2025 16:22:50 GMT Zwierze zostało położone na (5, 5)
27 Jan 2025 16:22:50 GMT Zwierze zostało położone na (8, 9)
27 Jan 2025 16:22:50 GMT Zwierze zostało położone na (2, 4)
27 Jan 2025 16:22:50 GMT Zwierzę poruszyło się z (9, 0) na (0, 0)
27 Jan 2025 16:22:51 GMT Zwierzę poruszyło się z (6, 3) na (7, 3)
27 Jan 2025 16:22:51 GMT Zwierzę poruszyło się z (0, 9) na (0, 9)
27 Jan 2025 16:22:51 GMT Zwierzę poruszyło się z (8, 1) na (8, 2)
27 Jan 2025 16:22:51 GMT Zwierzę poruszyło się z (8, 3) na (9, 3)
27 Jan 2025 16:22:51 GMT Zwierzę poruszyło się z (4, 8) na (4, 7)
27 Jan 2025 16:22:52 GMT Zwierzę poruszyło się z (0, 3) na (0, 2)
27 Jan 2025 16:22:52 GMT Zwierzę poruszyło się z (7, 6) na (8, 6)
27 Jan 2025 16:22:52 GMT Zwierzę poruszyło się z (7, 9) na (7, 8)
27 Jan 2025 16:22:53 GMT Zwierzę poruszyło się z (6, 8) na (7, 8)
27 Jan 2025 16:22:53 GMT Zwierzę poruszyło się z (0, 3) na (9, 3)
27 Jan 2025 16:22:53 GMT Zwierzę poruszyło się z (4, 6) na (5, 6)
27 Jan 2025 16:22:53 GMT Zwierzę poruszyło się z (4, 0) na (4, 0)
27 Jan 2025 16:22:53 GMT Zwierzę poruszyło się z (6, 0) na (6, 0)
27 Jan 2025 16:22:53 GMT Zwierzę poruszyło się z (8, 6) na (8, 7)
27 Jan 2025 16:22:53 GMT Zwierzę poruszyło się z (5, 1) na (5, 0)
27 Jan 2025 16:22:53 GMT Zwierzę poruszyło się z (3, 8) na (3, 9)
27 Jan 2025 16:22:53 GMT Zwierzę poruszyło się z (4, 3) na (3, 3)
27 Jan 2025 16:22:54 GMT Zwierzę poruszyło się z (1, 2) na (2, 2)
27 Jan 2025 16:22:54 GMT Zwierzę poruszyło się z (9, 5) na (9, 4)
27 Jan 2025 16:22:54 GMT Zwierzę poruszyło się z (6, 4) na (6, 3)
27 Jan 2025 16:22:54 GMT Zwierzę poruszyło się z (1, 0) na (0, 0)
27 Jan 2025 16:22:54 GMT Zwierzę poruszyło się z (1, 1) na (0, 1)
27 Jan 2025 16:22:54 GMT Zwierzę poruszyło się z (1, 9) na (0, 9)
27 Jan 2025 16:22:54 GMT Zwierzę poruszyło się z (2, 8) na (2, 9)
27 Jan 2025 16:22:54 GMT Zwierzę poruszyło się z (1, 0) na (2, 0)
27 Jan 2025 16:22:54 GMT Zwierzę poruszyło się z (8, 5) na (8, 6)
27 Jan 2025 16:22:54 GMT Zwierzę poruszyło się z (9, 0) na (9, 1)
27 Jan 2025 16:22:55 GMT Zwierzę poruszyło się z (2, 8) na (2, 7)
27 Jan 2025 16:22:55 GMT Zwierzę poruszyło się z (7, 0) na (7, 0)
27 Jan 2025 16:22:55 GMT Zwierzę poruszyło się z (3, 8) na (3, 9)
27 Jan 2025 16:22:55 GMT Zwierzę poruszyło się z (9, 3) na (0, 3)
27 Jan 2025 16:22:55 GMT Zwierzę poruszyło się z (6, 9) na (6, 9)
27 Jan 2025 16:22:55 GMT Zwierzę poruszyło się z (0, 6) na (9, 6)
27 Jan 2025 16:22:55 GMT Zwierzę poruszyło się z (5, 4) na (4, 4)
27 Jan 2025 16:22:55 GMT Zwierzę poruszyło się z (6, 0) na (6, 1)
27 Jan 2025 16:22:55 GMT Zwierzę poruszyło się z (7, 1) na (8, 1)
27 Jan 2025 16:22:56 GMT Zwierzę poruszyło się z (5, 5) na (6, 5)
27 Jan 2025 16:22:56 GMT Zwierzę poruszyło się z (8, 9) na (8, 8)
27 Jan 2025 16:22:56 GMT Zwierzę poruszyło się z (2, 4) na (2, 5)
27 Jan 2025 16:22:56 GMT Zwierzę zjadło roślinkę na (2, 5)
27 Jan 2025 16:22:56 GMT Zwierze zostało położone na (0, 0)
27 Jan 2025 16:22:56 GMT Urodziło się nowe zwierzę na (0, 0)
27 Jan 2025 16:22:56 GMT Zwierze zostało położone na (0, 9)
27 Jan 2025 16:22:56 GMT Urodziło się nowe zwierzę na (0, 9)
27 Jan 2025 16:22:56 GMT Zwierze zostało położone na (9, 3)
27 Jan 2025 16:22:56 GMT Urodziło się nowe zwierzę na (9, 3)
27 Jan 2025 16:22:56 GMT Zwierze zostało położone na (7, 8)
27 Jan 2025 16:22:56 GMT Urodziło się nowe zwierzę na (7, 8)
27 Jan 2025 16:22:56 GMT Zwierze zostało położone na (3, 9)
27 Jan 2025 16:22:56 GMT Urodziło się nowe zwierzę na (3, 9)
27 Jan 2025 16:22:56 GMT Zwierze zostało położone na (8, 6)
27 Jan 2025 16:22:56 GMT Urodziło się nowe zwierzę na (8, 6)
27 Jan 2025 16:22:56 GMT Roślinka wyrosła na (1, 5)
27 Jan 2025 16:22:56 GMT Zwierzę umarło na (0, 0)
27 Jan 2025 16:22:56 GMT Zwierzę umarło na (0, 9)
27 Jan 2025 16:22:56 GMT Zwierzę umarło na (9, 3)
27 Jan 2025 16:22:56 GMT Zwierzę umarło na (8, 6)
27 Jan 2025 16:22:56 GMT Zwierzę umarło na (7, 8)
27 Jan 2025 16:22:56 GMT Zwierzę umarło na (7, 8)
27 Jan 2025 16:22:56 GMT Zwierzę umarło na (9, 3)
27 Jan 2025 16:22:56 GMT Zwierzę umarło na (3, 9)
27 Jan 2025 16:22:56 GMT Zwierzę umarło na (0, 0)
27 Jan 2025 16:22:56 GMT Zwierzę umarło na (0, 9)
27 Jan 2025 16:22:56 GMT Zwierzę umarło na (8, 6)
27 Jan 2025 16:22:56 GMT Zwierzę umarło na (3, 9)
27 Jan 2025 16:23:07 GMT Zwierzę poruszyło się z (7, 3) na (6, 2)
27 Jan 2025 16:23:07 GMT Zwierzę poruszyło się z (8, 2) na (8, 3)
27 Jan 2025 16:23:07 GMT Zwierzę poruszyło się z (4, 7) na (5, 7)
27 Jan 2025 16:23:07 GMT Zwierzę poruszyło się z (0, 2) na (0, 1)
27 Jan 2025 16:23:07 GMT Zwierzę poruszyło się z (5, 6) na (4, 5)
27 Jan 2025 16:23:07 GMT Zwierzę poruszyło się z (4, 0) na (4, 0)
27 Jan 2025 16:23:08 GMT Zwierzę poruszyło się z (6, 0) na (5, 1)
27 Jan 2025 16:23:08 GMT Zwierzę poruszyło się z (8, 7) na (7, 7)
27 Jan 2025 16:23:08 GMT Zwierzę poruszyło się z (5, 0) na (6, 0)
27 Jan 2025 16:23:08 GMT Zwierzę poruszyło się z (3, 3) na (4, 3)
27 Jan 2025 16:23:08 GMT Zwierzę poruszyło się z (2, 2) na (3, 2)
27 Jan 2025 16:23:08 GMT Zwierzę poruszyło się z (9, 4) na (0, 5)
27 Jan 2025 16:23:08 GMT Zwierzę poruszyło się z (6, 3) na (7, 4)
27 Jan 2025 16:23:08 GMT Zwierzę poruszyło się z (0, 1) na (1, 0)
27 Jan 2025 16:23:08 GMT Zwierzę poruszyło się z (2, 9) na (3, 9)
27 Jan 2025 16:23:08 GMT Zwierzę poruszyło się z (2, 0) na (2, 0)
27 Jan 2025 16:23:09 GMT Zwierzę poruszyło się z (9, 1) na (9, 0)
27 Jan 2025 16:23:09 GMT Zwierzę poruszyło się z (2, 7) na (3, 7)
27 Jan 2025 16:23:09 GMT Zwierzę poruszyło się z (7, 0) na (7, 0)
27 Jan 2025 16:23:09 GMT Zwierzę poruszyło się z (0, 3) na (0, 2)
27 Jan 2025 16:23:09 GMT Zwierzę poruszyło się z (6, 9) na (7, 9)
27 Jan 2025 16:23:09 GMT Zwierzę poruszyło się z (9, 6) na (9, 7)
27 Jan 2025 16:23:09 GMT Zwierzę poruszyło się z (4, 4) na (5, 5)
27 Jan 2025 16:23:09 GMT Zwierzę poruszyło się z (6, 1) na (5, 0)
27 Jan 2025 16:23:09 GMT Zwierzę poruszyło się z (8, 1) na (7, 1)
27 Jan 2025 16:23:09 GMT Zwierzę poruszyło się z (6, 5) na (7, 4)
27 Jan 2025 16:23:10 GMT Zwierzę poruszyło się z (8, 8) na (9, 9)
27 Jan 2025 16:23:10 GMT Zwierzę poruszyło się z (2, 5) na (3, 5)
27 Jan 2025 16:23:10 GMT Zwierzę poruszyło się z (0, 0) na (1, 0)
27 Jan 2025 16:23:10 GMT Zwierzę poruszyło się z (0, 9) na (0, 8)
27 Jan 2025 16:23:10 GMT Zwierzę poruszyło się z (9, 3) na (8, 3)
27 Jan 2025 16:23:10 GMT Zwierzę poruszyło się z (7, 8) na (8, 8)
27 Jan 2025 16:23:10 GMT Zwierzę poruszyło się z (3, 9) na (3, 8)
27 Jan 2025 16:23:10 GMT Zwierzę poruszyło się z (8, 6) na (9, 6)
27 Jan 2025 16:23:10 GMT Zwierzę zjadło roślinkę na (4, 5)
27 Jan 2025 16:23:10 GMT Zwierzę zjadło roślinkę na (0, 5)
27 Jan 2025 16:23:10 GMT Zwierzę zjadło roślinkę na (5, 5)
27 Jan 2025 16:23:11 GMT Roślinka wyrosła na (2, 6)
27 Jan 2025 16:23:11 GMT Zwierzę poruszyło się z (6, 2) na (5, 3)
27 Jan 2025 16:23:11 GMT Zwierzę poruszyło się z (8, 3) na (9, 4)
27 Jan 2025 16:23:11 GMT Zwierzę poruszyło się z (5, 7) na (5, 6)
27 Jan 2025 16:23:11 GMT Zwierzę poruszyło się z (0, 1) na (0, 2)
27 Jan 2025 16:23:11 GMT Zwierzę poruszyło się z (4, 5) na (5, 5)
27 Jan 2025 16:23:11 GMT Zwierzę poruszyło się z (4, 0) na (3, 0)
27 Jan 2025 16:23:11 GMT Zwierzę poruszyło się z (5, 1) na (5, 0)
27 Jan 2025 16:23:12 GMT Zwierzę poruszyło się z (7, 7) na (7, 6)
27 Jan 2025 16:23:12 GMT Zwierzę poruszyło się z (6, 0) na (6, 1)
27 Jan 2025 16:23:12 GMT Zwierzę poruszyło się z (4, 3) na (3, 2)
27 Jan 2025 16:23:12 GMT Zwierzę poruszyło się z (3, 2) na (2, 2)
27 Jan 2025 16:23:12 GMT Zwierzę poruszyło się z (0, 5) na (1, 6)
27 Jan 2025 16:23:12 GMT Zwierzę poruszyło się z (7, 4) na (7, 3)
27 Jan 2025 16:23:12 GMT Zwierzę poruszyło się z (1, 0) na (2, 0)
27 Jan 2025 16:23:12 GMT Zwierzę poruszyło się z (3, 9) na (4, 8)
27 Jan 2025 16:23:12 GMT Zwierzę poruszyło się z (2, 0) na (1, 0)
27 Jan 2025 16:23:12 GMT Zwierzę poruszyło się z (9, 0) na (9, 1)
27 Jan 2025 16:23:13 GMT Zwierzę poruszyło się z (3, 7) na (4, 7)
27 Jan 2025 16:23:13 GMT Zwierzę poruszyło się z (7, 0) na (8, 0)
27 Jan 2025 16:23:13 GMT Zwierzę poruszyło się z (0, 2) na (0, 1)
27 Jan 2025 16:23:13 GMT Zwierzę poruszyło się z (7, 9) na (7, 8)
27 Jan 2025 16:23:13 GMT Zwierzę poruszyło się z (9, 7) na (0, 7)
27 Jan 2025 16:23:13 GMT Zwierzę poruszyło się z (5, 5) na (6, 5)
27 Jan 2025 16:23:13 GMT Zwierzę poruszyło się z (5, 0) na (6, 0)
27 Jan 2025 16:23:13 GMT Zwierzę poruszyło się z (7, 1) na (6, 1)
27 Jan 2025 16:23:13 GMT Zwierzę poruszyło się z (7, 4) na (8, 5)
27 Jan 2025 16:23:13 GMT Zwierzę poruszyło się z (9, 9) na (8, 9)
27 Jan 2025 16:23:14 GMT Zwierzę poruszyło się z (3, 5) na (3, 6)
27 Jan 2025 16:23:14 GMT Zwierzę poruszyło się z (1, 0) na (0, 1)
27 Jan 2025 16:23:14 GMT Zwierzę poruszyło się z (0, 8) na (9, 9)
27 Jan 2025 16:23:14 GMT Zwierzę poruszyło się z (8, 3) na (9, 4)
27 Jan 2025 16:23:14 GMT Zwierzę poruszyło się z (8, 8) na (7, 7)
27 Jan 2025 16:23:14 GMT Zwierzę poruszyło się z (3, 8) na (2, 8)
27 Jan 2025 16:23:14 GMT Zwierzę poruszyło się z (9, 6) na (9, 5)
27 Jan 2025 16:23:14 GMT Zwierzę zjadło roślinkę na (4, 8)
27 Jan 2025 16:23:14 GMT Zwierzę zjadło roślinkę na (1, 6)
27 Jan 2025 16:23:15 GMT Roślinka wyrosła na (0, 5)
27 Jan 2025 16:23:15 GMT Zwierzę umarło na (5, 3)
27 Jan 2025 16:23:15 GMT Zwierzę umarło na (9, 4)
27 Jan 2025 16:23:15 GMT Zwierzę umarło na (5, 6)
27 Jan 2025 16:23:15 GMT Zwierzę umarło na (0, 2)
27 Jan 2025 16:23:15 GMT Zwierzę umarło na (3, 0)
27 Jan 2025 16:23:15 GMT Zwierzę umarło na (5, 0)
27 Jan 2025 16:23:15 GMT Zwierzę umarło na (7, 6)
27 Jan 2025 16:23:15 GMT Zwierzę umarło na (6, 1)
27 Jan 2025 16:23:15 GMT Zwierzę umarło na (3, 2)
27 Jan 2025 16:23:15 GMT Zwierzę umarło na (2, 2)
27 Jan 2025 16:23:15 GMT Zwierzę umarło na (7, 3)
27 Jan 2025 16:23:15 GMT Zwierzę umarło na (2, 0)
27 Jan 2025 16:23:15 GMT Zwierzę umarło na (1, 0)
27 Jan 2025 16:23:15 GMT Zwierzę umarło na (9, 1)
27 Jan 2025 16:23:15 GMT Zwierzę umarło na (4, 7)
27 Jan 2025 16:23:15 GMT Zwierzę umarło na (8, 0)
27 Jan 2025 16:23:15 GMT Zwierzę umarło na (0, 1)
27 Jan 2025 16:23:15 GMT Zwierzę umarło na (7, 8)
27 Jan 2025 16:23:15 GMT Zwierzę umarło na (0, 7)
27 Jan 2025 16:23:15 GMT Zwierzę umarło na (6, 0)
27 Jan 2025 16:23:15 GMT Zwierzę umarło na (6, 1)
27 Jan 2025 16:23:15 GMT Zwierzę umarło na (8, 5)
27 Jan 2025 16:23:15 GMT Zwierzę umarło na (8, 9)
27 Jan 2025 16:23:15 GMT Zwierzę poruszyło się z (5, 5) na (5, 4)
