19 Jan 2025 01:22:30 GMT Zwierze zostało położone na (6, 6)
19 Jan 2025 01:22:30 GMT Zwierze zostało położone na (2, 8)
19 Jan 2025 01:22:30 GMT Zwierze zostało położone na (4, 9)
19 Jan 2025 01:22:30 GMT Zwierze zostało położone na (9, 0)
19 Jan 2025 01:22:30 GMT Zwierze zostało położone na (0, 2)
19 Jan 2025 01:22:30 GMT Zwierze zostało położone na (6, 8)
19 Jan 2025 01:22:30 GMT Zwierze zostało położone na (2, 9)
19 Jan 2025 01:22:30 GMT Zwierze zostało położone na (8, 1)
19 Jan 2025 01:22:31 GMT Zwierze zostało położone na (3, 0)
19 Jan 2025 01:22:31 GMT Zwierze zostało położone na (3, 9)
19 Jan 2025 01:22:31 GMT Długość listy pozycji: 10
Lista pozycji zwierząt: {(6, 6)=[>], (6, 8)=[◢], (0, 2)=[>], (4, 9)=[◥], (3, 9)=[<], (2, 8)=[◣], (2, 9)=[v], (9, 0)=[◣], (8, 1)=[◣], (3, 0)=[◣]}
19 Jan 2025 01:22:31 GMT Zwierzę poruszyło się z (6, 6) na (6, 6)
19 Jan 2025 01:22:31 GMT Długość listy pozycji: 10
Lista pozycji zwierząt: {(6, 6)=[>], (6, 8)=[◢], (0, 2)=[>], (4, 9)=[◥], (3, 9)=[<], (2, 8)=[>], (2, 9)=[v], (9, 0)=[◣], (8, 1)=[◣], (3, 0)=[◣]}
19 Jan 2025 01:22:31 GMT Zwierzę poruszyło się z (2, 8) na (2, 8)
19 Jan 2025 01:22:31 GMT Długość listy pozycji: 10
Lista pozycji zwierząt: {(6, 6)=[>], (6, 8)=[◢], (0, 2)=[>], (4, 9)=[>], (3, 9)=[<], (2, 8)=[>], (2, 9)=[v], (9, 0)=[◣], (8, 1)=[◣], (3, 0)=[◣]}
19 Jan 2025 01:22:31 GMT Zwierzę poruszyło się z (4, 9) na (4, 9)
19 Jan 2025 01:22:31 GMT Długość listy pozycji: 10
Lista pozycji zwierząt: {(0, 0)=[>], (6, 6)=[>], (6, 8)=[◢], (0, 2)=[>], (4, 9)=[>], (3, 9)=[<], (2, 8)=[>], (2, 9)=[v], (8, 1)=[◣], (3, 0)=[◣]}
19 Jan 2025 01:22:31 GMT Zwierzę poruszyło się z (9, 0) na (0, 0)
19 Jan 2025 01:22:31 GMT Długość listy pozycji: 10
Lista pozycji zwierząt: {(0, 0)=[>], (6, 6)=[>], (6, 8)=[◢], (0, 2)=[v], (4, 9)=[>], (3, 9)=[<], (2, 8)=[>], (2, 9)=[v], (8, 1)=[◣], (3, 0)=[◣]}
19 Jan 2025 01:22:31 GMT Zwierzę poruszyło się z (0, 2) na (0, 2)
19 Jan 2025 01:22:31 GMT Długość listy pozycji: 10
Lista pozycji zwierząt: {(0, 0)=[>], (6, 6)=[>], (6, 8)=[<], (0, 2)=[v], (4, 9)=[>], (3, 9)=[<], (2, 8)=[>], (2, 9)=[v], (8, 1)=[◣], (3, 0)=[◣]}
19 Jan 2025 01:22:31 GMT Zwierzę poruszyło się z (6, 8) na (6, 8)
19 Jan 2025 01:22:31 GMT Długość listy pozycji: 10
Lista pozycji zwierząt: {(0, 0)=[>], (6, 6)=[>], (6, 8)=[<], (0, 2)=[v], (4, 9)=[>], (3, 9)=[<], (2, 8)=[>], (2, 9)=[v], (8, 1)=[◣], (3, 0)=[◣]}
19 Jan 2025 01:22:31 GMT Zwierzę poruszyło się z (2, 9) na (2, 9)
19 Jan 2025 01:22:31 GMT Długość listy pozycji: 10
Lista pozycji zwierząt: {(0, 0)=[>], (6, 6)=[>], (6, 8)=[<], (0, 2)=[v], (4, 9)=[>], (3, 9)=[<], (2, 8)=[>], (2, 9)=[v], (8, 1)=[>], (3, 0)=[◣]}
19 Jan 2025 01:22:31 GMT Zwierzę poruszyło się z (8, 1) na (8, 1)
19 Jan 2025 01:22:32 GMT Długość listy pozycji: 10
Lista pozycji zwierząt: {(0, 0)=[>], (6, 6)=[>], (6, 8)=[<], (0, 2)=[v], (4, 9)=[>], (3, 9)=[<], (2, 8)=[>], (2, 9)=[v], (8, 1)=[>], (3, 0)=[>]}
19 Jan 2025 01:22:32 GMT Zwierzę poruszyło się z (3, 0) na (3, 0)
19 Jan 2025 01:22:32 GMT Długość listy pozycji: 10
Lista pozycji zwierząt: {(0, 0)=[>], (6, 6)=[>], (6, 8)=[<], (0, 2)=[v], (4, 9)=[>], (3, 9)=[v], (2, 8)=[>], (2, 9)=[v], (8, 1)=[>], (3, 0)=[>]}
19 Jan 2025 01:22:32 GMT Zwierzę poruszyło się z (3, 9) na (3, 9)
19 Jan 2025 01:22:32 GMT Zwierzę zjadło roślinkę na (6, 6)
19 Jan 2025 01:22:32 GMT Zwierzę zjadło roślinkę na (0, 2)
19 Jan 2025 01:22:32 GMT Roślinka wyrosła na (5, 6)
19 Jan 2025 01:22:32 GMT Roślinka wyrosła na (1, 6)
19 Jan 2025 01:22:32 GMT Roślinka wyrosła na (2, 3)
19 Jan 2025 01:22:32 GMT Roślinka wyrosła na (5, 5)
19 Jan 2025 01:22:32 GMT Roślinka wyrosła na (3, 6)
19 Jan 2025 01:22:32 GMT Roślinka wyrosła na (7, 5)
19 Jan 2025 01:22:32 GMT Roślinka wyrosła na (1, 5)
19 Jan 2025 01:22:32 GMT Roślinka wyrosła na (8, 5)
19 Jan 2025 01:22:32 GMT Roślinka wyrosła na (7, 6)
19 Jan 2025 01:22:32 GMT Roślinka wyrosła na (2, 6)
19 Jan 2025 01:22:32 GMT Długość listy pozycji: 10
Lista pozycji zwierząt: {(0, 0)=[>], (6, 6)=[>], (6, 8)=[<], (0, 2)=[v], (4, 9)=[>], (3, 9)=[v], (2, 8)=[>], (2, 9)=[v], (8, 1)=[>], (3, 0)=[>]}
19 Jan 2025 01:22:32 GMT Zwierzę poruszyło się z (6, 6) na (6, 6)
19 Jan 2025 01:22:32 GMT Długość listy pozycji: 10
Lista pozycji zwierząt: {(0, 0)=[>], (6, 6)=[>], (6, 8)=[<], (0, 2)=[v], (4, 9)=[>], (3, 9)=[v], (2, 8)=[>], (2, 9)=[v], (8, 1)=[>], (3, 0)=[>]}
19 Jan 2025 01:22:32 GMT Zwierzę poruszyło się z (2, 8) na (2, 8)
19 Jan 2025 01:22:32 GMT Długość listy pozycji: 10
Lista pozycji zwierząt: {(0, 0)=[>], (6, 6)=[>], (6, 8)=[<], (0, 2)=[v], (4, 9)=[◢], (3, 9)=[v], (2, 8)=[>], (2, 9)=[v], (8, 1)=[>], (3, 0)=[>]}
19 Jan 2025 01:22:32 GMT Zwierzę poruszyło się z (4, 9) na (4, 9)
19 Jan 2025 01:22:33 GMT Długość listy pozycji: 10
Lista pozycji zwierząt: {(0, 0)=[◥], (6, 6)=[>], (6, 8)=[<], (0, 2)=[v], (4, 9)=[◢], (3, 9)=[v], (2, 8)=[>], (2, 9)=[v], (8, 1)=[>], (3, 0)=[>]}
19 Jan 2025 01:22:33 GMT Zwierzę poruszyło się z (0, 0) na (0, 0)
19 Jan 2025 01:22:33 GMT Długość listy pozycji: 10
Lista pozycji zwierząt: {(0, 0)=[◥], (6, 6)=[>], (6, 8)=[<], (4, 9)=[◢], (3, 9)=[v], (2, 8)=[>], (2, 9)=[v], (9, 2)=[<], (8, 1)=[>], (3, 0)=[>]}
19 Jan 2025 01:22:33 GMT Zwierzę poruszyło się z (0, 2) na (9, 2)
19 Jan 2025 01:22:33 GMT Długość listy pozycji: 10
Lista pozycji zwierząt: {(0, 0)=[◥], (6, 6)=[>], (6, 8)=[>], (4, 9)=[◢], (3, 9)=[v], (2, 8)=[>], (2, 9)=[v], (9, 2)=[<], (8, 1)=[>], (3, 0)=[>]}
19 Jan 2025 01:22:33 GMT Zwierzę poruszyło się z (6, 8) na (6, 8)
19 Jan 2025 01:22:33 GMT Długość listy pozycji: 10
Lista pozycji zwierząt: {(0, 0)=[◥], (6, 6)=[>], (6, 8)=[>], (4, 9)=[◢], (3, 9)=[v], (2, 8)=[>], (2, 9)=[◢], (9, 2)=[<], (8, 1)=[>], (3, 0)=[>]}
19 Jan 2025 01:22:33 GMT Zwierzę poruszyło się z (2, 9) na (2, 9)
19 Jan 2025 01:22:33 GMT Długość listy pozycji: 10
Lista pozycji zwierząt: {(0, 0)=[◥], (6, 6)=[>], (6, 8)=[>], (4, 9)=[◢], (3, 9)=[v], (2, 8)=[>], (2, 9)=[◢], (9, 2)=[<], (8, 1)=[^], (3, 0)=[>]}
19 Jan 2025 01:22:33 GMT Zwierzę poruszyło się z (8, 1) na (8, 1)
19 Jan 2025 01:22:33 GMT Długość listy pozycji: 10
Lista pozycji zwierząt: {(0, 0)=[◥], (6, 6)=[>], (6, 8)=[>], (4, 9)=[◢], (3, 9)=[v], (2, 8)=[>], (2, 9)=[◢], (9, 2)=[<], (8, 1)=[^], (3, 0)=[^]}
19 Jan 2025 01:22:33 GMT Zwierzę poruszyło się z (3, 0) na (3, 0)
19 Jan 2025 01:22:33 GMT Długość listy pozycji: 10
Lista pozycji zwierząt: {(0, 0)=[◥], (6, 6)=[>], (6, 8)=[>], (4, 9)=[◢], (3, 9)=[◣], (2, 8)=[>], (2, 9)=[◢], (9, 2)=[<], (8, 1)=[^], (3, 0)=[^]}
19 Jan 2025 01:22:33 GMT Zwierzę poruszyło się z (3, 9) na (3, 9)
19 Jan 2025 01:22:33 GMT Roślinka wyrosła na (9, 8)
19 Jan 2025 01:22:33 GMT Roślinka wyrosła na (6, 3)
19 Jan 2025 01:22:33 GMT Roślinka wyrosła na (9, 6)
19 Jan 2025 01:22:33 GMT Roślinka wyrosła na (4, 4)
19 Jan 2025 01:22:33 GMT Roślinka wyrosła na (4, 5)
19 Jan 2025 01:22:33 GMT Roślinka wyrosła na (6, 5)
19 Jan 2025 01:22:34 GMT Roślinka wyrosła na (4, 6)
19 Jan 2025 01:22:34 GMT Roślinka wyrosła na (0, 7)
19 Jan 2025 01:22:34 GMT Roślinka wyrosła na (3, 5)
19 Jan 2025 01:22:34 GMT Roślinka wyrosła na (4, 9)
19 Jan 2025 01:22:34 GMT Długość listy pozycji: 10
Lista pozycji zwierząt: {(0, 0)=[◥], (6, 6)=[v], (6, 8)=[>], (4, 9)=[◢], (3, 9)=[◣], (2, 8)=[>], (2, 9)=[◢], (9, 2)=[<], (8, 1)=[^], (3, 0)=[^]}
19 Jan 2025 01:22:34 GMT Zwierzę poruszyło się z (6, 6) na (6, 6)
19 Jan 2025 01:22:34 GMT Długość listy pozycji: 10
Lista pozycji zwierząt: {(0, 0)=[◥], (6, 6)=[v], (6, 8)=[>], (4, 9)=[◢], (3, 9)=[◣], (2, 8)=[^], (2, 9)=[◢], (9, 2)=[<], (8, 1)=[^], (3, 0)=[^]}
19 Jan 2025 01:22:34 GMT Zwierzę poruszyło się z (2, 8) na (2, 8)
19 Jan 2025 01:22:34 GMT Długość listy pozycji: 10
Lista pozycji zwierząt: {(0, 0)=[◥], (6, 6)=[v], (6, 8)=[>], (4, 9)=[◢], (3, 9)=[◣], (2, 8)=[^], (2, 9)=[◢], (9, 2)=[<], (8, 1)=[^], (3, 0)=[^]}
19 Jan 2025 01:22:34 GMT Zwierzę poruszyło się z (4, 9) na (4, 9)
19 Jan 2025 01:22:34 GMT Długość listy pozycji: 10
Lista pozycji zwierząt: {(0, 0)=[^], (6, 6)=[v], (6, 8)=[>], (4, 9)=[◢], (3, 9)=[◣], (2, 8)=[^], (2, 9)=[◢], (9, 2)=[<], (8, 1)=[^], (3, 0)=[^]}
19 Jan 2025 01:22:34 GMT Zwierzę poruszyło się z (0, 0) na (0, 0)
19 Jan 2025 01:22:34 GMT Długość listy pozycji: 10
Lista pozycji zwierząt: {(0, 0)=[^], (6, 6)=[v], (6, 8)=[>], (4, 9)=[◢], (3, 9)=[◣], (2, 8)=[^], (2, 9)=[◢], (9, 2)=[^], (8, 1)=[^], (3, 0)=[^]}
19 Jan 2025 01:22:34 GMT Zwierzę poruszyło się z (9, 2) na (9, 2)
19 Jan 2025 01:22:34 GMT Długość listy pozycji: 10
Lista pozycji zwierząt: {(0, 0)=[^], (6, 6)=[v], (6, 8)=[◤], (4, 9)=[◢], (3, 9)=[◣], (2, 8)=[^], (2, 9)=[◢], (9, 2)=[^], (8, 1)=[^], (3, 0)=[^]}
19 Jan 2025 01:22:34 GMT Zwierzę poruszyło się z (6, 8) na (6, 8)
19 Jan 2025 01:22:34 GMT Długość listy pozycji: 10
Lista pozycji zwierząt: {(0, 0)=[^], (6, 6)=[v], (6, 8)=[◤], (4, 9)=[◢], (3, 9)=[◣], (2, 8)=[^], (2, 9)=[◣], (9, 2)=[^], (8, 1)=[^], (3, 0)=[^]}
19 Jan 2025 01:22:34 GMT Zwierzę poruszyło się z (2, 9) na (2, 9)
19 Jan 2025 01:22:34 GMT Długość listy pozycji: 10
Lista pozycji zwierząt: {(0, 0)=[^], (6, 6)=[v], (6, 8)=[◤], (4, 9)=[◢], (3, 9)=[◣], (2, 8)=[^], (2, 9)=[◣], (9, 2)=[^], (8, 1)=[◤], (3, 0)=[^]}
19 Jan 2025 01:22:34 GMT Zwierzę poruszyło się z (8, 1) na (8, 1)
19 Jan 2025 01:22:35 GMT Długość listy pozycji: 10
Lista pozycji zwierząt: {(0, 0)=[^], (6, 6)=[v], (6, 8)=[◤], (4, 9)=[◢], (3, 9)=[◣], (2, 8)=[^], (2, 9)=[◣], (9, 2)=[^], (8, 1)=[◤], (3, 0)=[◥]}
19 Jan 2025 01:22:35 GMT Zwierzę poruszyło się z (3, 0) na (3, 0)
19 Jan 2025 01:22:35 GMT Długość listy pozycji: 10
Lista pozycji zwierząt: {(0, 0)=[^], (6, 6)=[v], (6, 8)=[◤], (4, 9)=[◢], (3, 9)=[<], (2, 8)=[^], (2, 9)=[◣], (9, 2)=[^], (8, 1)=[◤], (3, 0)=[◥]}
19 Jan 2025 01:22:35 GMT Zwierzę poruszyło się z (3, 9) na (3, 9)
19 Jan 2025 01:22:35 GMT Zwierzę zjadło roślinkę na (4, 9)
19 Jan 2025 01:22:35 GMT Roślinka wyrosła na (7, 3)
19 Jan 2025 01:22:35 GMT Roślinka wyrosła na (7, 0)
19 Jan 2025 01:22:35 GMT Roślinka wyrosła na (1, 7)
19 Jan 2025 01:22:35 GMT Roślinka wyrosła na (6, 7)
19 Jan 2025 01:22:35 GMT Roślinka wyrosła na (6, 8)
19 Jan 2025 01:22:35 GMT Roślinka wyrosła na (0, 3)
19 Jan 2025 01:22:35 GMT Roślinka wyrosła na (5, 9)
19 Jan 2025 01:22:35 GMT Roślinka wyrosła na (7, 1)
19 Jan 2025 01:22:35 GMT Roślinka wyrosła na (5, 7)
19 Jan 2025 01:22:35 GMT Roślinka wyrosła na (2, 7)
19 Jan 2025 01:22:35 GMT Długość listy pozycji: 10
Lista pozycji zwierząt: {(0, 0)=[^], (6, 6)=[v], (6, 8)=[◤], (4, 9)=[◢], (3, 9)=[<], (2, 8)=[^], (2, 9)=[◣], (9, 2)=[^], (8, 1)=[◤], (3, 0)=[◥]}
19 Jan 2025 01:22:35 GMT Zwierzę poruszyło się z (6, 6) na (6, 6)
19 Jan 2025 01:22:35 GMT Długość listy pozycji: 10
Lista pozycji zwierząt: {(0, 0)=[^], (6, 6)=[v], (6, 8)=[◤], (4, 9)=[◢], (3, 9)=[<], (2, 8)=[◥], (2, 9)=[◣], (9, 2)=[^], (8, 1)=[◤], (3, 0)=[◥]}
19 Jan 2025 01:22:35 GMT Zwierzę poruszyło się z (2, 8) na (2, 8)
19 Jan 2025 01:22:35 GMT Długość listy pozycji: 10
Lista pozycji zwierząt: {(0, 0)=[^], (6, 6)=[v], (6, 8)=[◤], (4, 9)=[<], (3, 9)=[<], (2, 8)=[◥], (2, 9)=[◣], (9, 2)=[^], (8, 1)=[◤], (3, 0)=[◥]}
19 Jan 2025 01:22:35 GMT Zwierzę poruszyło się z (4, 9) na (4, 9)
19 Jan 2025 01:22:36 GMT Długość listy pozycji: 10
Lista pozycji zwierząt: {(0, 0)=[◥], (6, 6)=[v], (6, 8)=[◤], (4, 9)=[<], (3, 9)=[<], (2, 8)=[◥], (2, 9)=[◣], (9, 2)=[^], (8, 1)=[◤], (3, 0)=[◥]}
19 Jan 2025 01:22:36 GMT Zwierzę poruszyło się z (0, 0) na (0, 0)
19 Jan 2025 01:22:36 GMT Długość listy pozycji: 10
Lista pozycji zwierząt: {(0, 0)=[◥], (6, 6)=[v], (0, 2)=[>], (6, 8)=[◤], (4, 9)=[<], (3, 9)=[<], (2, 8)=[◥], (2, 9)=[◣], (8, 1)=[◤], (3, 0)=[◥]}
19 Jan 2025 01:22:36 GMT Zwierzę poruszyło się z (9, 2) na (0, 2)
19 Jan 2025 01:22:36 GMT Długość listy pozycji: 10
Lista pozycji zwierząt: {(0, 0)=[◥], (6, 6)=[v], (0, 2)=[>], (6, 8)=[◣], (4, 9)=[<], (3, 9)=[<], (2, 8)=[◥], (2, 9)=[◣], (8, 1)=[◤], (3, 0)=[◥]}
19 Jan 2025 01:22:36 GMT Zwierzę poruszyło się z (6, 8) na (6, 8)
19 Jan 2025 01:22:36 GMT Długość listy pozycji: 10
Lista pozycji zwierząt: {(0, 0)=[◥], (6, 6)=[v], (0, 2)=[>], (6, 8)=[◣], (4, 9)=[<], (3, 9)=[<], (2, 8)=[◥], (2, 9)=[<], (8, 1)=[◤], (3, 0)=[◥]}
19 Jan 2025 01:22:36 GMT Zwierzę poruszyło się z (2, 9) na (2, 9)
19 Jan 2025 01:22:36 GMT Długość listy pozycji: 10
Lista pozycji zwierząt: {(0, 0)=[◥], (6, 6)=[v], (0, 2)=[>], (6, 8)=[◣], (4, 9)=[<], (3, 9)=[<], (2, 8)=[◥], (2, 9)=[<], (8, 1)=[◣], (3, 0)=[◥]}
19 Jan 2025 01:22:36 GMT Zwierzę poruszyło się z (8, 1) na (8, 1)
19 Jan 2025 01:22:36 GMT Długość listy pozycji: 10
Lista pozycji zwierząt: {(0, 0)=[◥], (6, 6)=[v], (0, 2)=[>], (6, 8)=[◣], (4, 9)=[<], (3, 9)=[<], (2, 8)=[◥], (2, 9)=[<], (8, 1)=[◣], (3, 0)=[^]}
19 Jan 2025 01:22:36 GMT Zwierzę poruszyło się z (3, 0) na (3, 0)
19 Jan 2025 01:22:36 GMT Długość listy pozycji: 10
Lista pozycji zwierząt: {(0, 0)=[◥], (6, 6)=[v], (0, 2)=[>], (6, 8)=[◣], (4, 9)=[<], (3, 9)=[◣], (2, 8)=[◥], (2, 9)=[<], (8, 1)=[◣], (3, 0)=[^]}
19 Jan 2025 01:22:36 GMT Zwierzę poruszyło się z (3, 9) na (3, 9)
19 Jan 2025 01:22:36 GMT Zwierzę zjadło roślinkę na (6, 8)
19 Jan 2025 01:22:37 GMT Roślinka wyrosła na (2, 2)
19 Jan 2025 01:22:37 GMT Roślinka wyrosła na (7, 8)
19 Jan 2025 01:22:37 GMT Roślinka wyrosła na (2, 1)
19 Jan 2025 01:22:37 GMT Roślinka wyrosła na (6, 0)
19 Jan 2025 01:22:37 GMT Roślinka wyrosła na (0, 9)
19 Jan 2025 01:22:37 GMT Roślinka wyrosła na (9, 2)
19 Jan 2025 01:22:37 GMT Roślinka wyrosła na (9, 0)
19 Jan 2025 01:22:37 GMT Roślinka wyrosła na (0, 8)
19 Jan 2025 01:22:37 GMT Roślinka wyrosła na (5, 8)
19 Jan 2025 01:22:37 GMT Roślinka wyrosła na (7, 2)
19 Jan 2025 01:22:37 GMT Długość listy pozycji: 10
Lista pozycji zwierząt: {(0, 0)=[◥], (6, 6)=[◣], (0, 2)=[>], (6, 8)=[◣], (4, 9)=[<], (3, 9)=[◣], (2, 8)=[◥], (2, 9)=[<], (8, 1)=[◣], (3, 0)=[^]}
19 Jan 2025 01:22:37 GMT Zwierzę poruszyło się z (6, 6) na (6, 6)
19 Jan 2025 01:22:37 GMT Długość listy pozycji: 10
Lista pozycji zwierząt: {(0, 0)=[◥], (6, 6)=[◣], (0, 2)=[>], (6, 8)=[◣], (4, 9)=[<], (3, 9)=[◣], (2, 8)=[◢], (2, 9)=[<], (8, 1)=[◣], (3, 0)=[^]}
19 Jan 2025 01:22:37 GMT Zwierzę poruszyło się z (2, 8) na (2, 8)
19 Jan 2025 01:22:37 GMT Długość listy pozycji: 10
Lista pozycji zwierząt: {(0, 0)=[◥], (6, 6)=[◣], (0, 2)=[>], (6, 8)=[◣], (4, 9)=[v], (3, 9)=[◣], (2, 8)=[◢], (2, 9)=[<], (8, 1)=[◣], (3, 0)=[^]}
19 Jan 2025 01:22:37 GMT Zwierzę poruszyło się z (4, 9) na (4, 9)
19 Jan 2025 01:22:37 GMT Długość listy pozycji: 10
Lista pozycji zwierząt: {(6, 6)=[◣], (0, 2)=[>], (6, 8)=[◣], (4, 9)=[v], (3, 9)=[◣], (2, 8)=[◢], (2, 9)=[<], (9, 1)=[◤], (8, 1)=[◣], (3, 0)=[^]}
19 Jan 2025 01:22:37 GMT Zwierzę poruszyło się z (0, 0) na (9, 1)
19 Jan 2025 01:22:37 GMT Długość listy pozycji: 10
Lista pozycji zwierząt: {(6, 6)=[◣], (0, 2)=[v], (6, 8)=[◣], (4, 9)=[v], (3, 9)=[◣], (2, 8)=[◢], (2, 9)=[<], (9, 1)=[◤], (8, 1)=[◣], (3, 0)=[^]}
19 Jan 2025 01:22:37 GMT Zwierzę poruszyło się z (0, 2) na (0, 2)
19 Jan 2025 01:22:37 GMT Długość listy pozycji: 10
Lista pozycji zwierząt: {(6, 6)=[◣], (0, 2)=[v], (6, 8)=[>], (4, 9)=[v], (3, 9)=[◣], (2, 8)=[◢], (2, 9)=[<], (9, 1)=[◤], (8, 1)=[◣], (3, 0)=[^]}
19 Jan 2025 01:22:37 GMT Zwierzę poruszyło się z (6, 8) na (6, 8)
19 Jan 2025 01:22:38 GMT Długość listy pozycji: 10
Lista pozycji zwierząt: {(6, 6)=[◣], (0, 2)=[v], (6, 8)=[>], (4, 9)=[v], (3, 9)=[◣], (2, 8)=[◢], (2, 9)=[v], (9, 1)=[◤], (8, 1)=[◣], (3, 0)=[^]}
19 Jan 2025 01:22:38 GMT Zwierzę poruszyło się z (2, 9) na (2, 9)
19 Jan 2025 01:22:38 GMT Długość listy pozycji: 10
Lista pozycji zwierząt: {(6, 6)=[◣], (0, 2)=[v], (6, 8)=[>], (4, 9)=[v], (3, 9)=[◣], (2, 8)=[◢], (2, 9)=[v], (9, 1)=[◤], (8, 1)=[◢], (3, 0)=[^]}
19 Jan 2025 01:22:38 GMT Zwierzę poruszyło się z (8, 1) na (8, 1)
19 Jan 2025 01:22:38 GMT Długość listy pozycji: 10
Lista pozycji zwierząt: {(6, 6)=[◣], (0, 2)=[v], (6, 8)=[>], (4, 9)=[v], (3, 9)=[◣], (2, 8)=[◢], (2, 9)=[v], (9, 1)=[◤], (8, 1)=[◢], (3, 0)=[◥]}
19 Jan 2025 01:22:38 GMT Zwierzę poruszyło się z (3, 0) na (3, 0)
19 Jan 2025 01:22:38 GMT Długość listy pozycji: 10
Lista pozycji zwierząt: {(6, 6)=[◣], (0, 2)=[v], (6, 8)=[>], (4, 9)=[v], (3, 9)=[◢], (2, 8)=[◢], (2, 9)=[v], (9, 1)=[◤], (8, 1)=[◢], (3, 0)=[◥]}
19 Jan 2025 01:22:38 GMT Zwierzę poruszyło się z (3, 9) na (3, 9)
19 Jan 2025 01:22:38 GMT Roślinka wyrosła na (2, 0)
19 Jan 2025 01:22:38 GMT Roślinka wyrosła na (6, 4)
19 Jan 2025 01:22:38 GMT Roślinka wyrosła na (3, 3)
19 Jan 2025 01:22:38 GMT Roślinka wyrosła na (5, 1)
19 Jan 2025 01:22:38 GMT Roślinka wyrosła na (9, 9)
19 Jan 2025 01:22:38 GMT Roślinka wyrosła na (2, 8)
19 Jan 2025 01:22:38 GMT Roślinka wyrosła na (3, 1)
19 Jan 2025 01:22:38 GMT Roślinka wyrosła na (8, 4)
19 Jan 2025 01:22:38 GMT Roślinka wyrosła na (1, 4)
19 Jan 2025 01:22:38 GMT Roślinka wyrosła na (6, 2)
19 Jan 2025 01:22:38 GMT Długość listy pozycji: 10
Lista pozycji zwierząt: {(6, 6)=[◥], (0, 2)=[v], (6, 8)=[>], (4, 9)=[v], (3, 9)=[◢], (2, 8)=[◢], (2, 9)=[v], (9, 1)=[◤], (8, 1)=[◢], (3, 0)=[◥]}
19 Jan 2025 01:22:38 GMT Zwierzę poruszyło się z (6, 6) na (6, 6)
19 Jan 2025 01:22:39 GMT Długość listy pozycji: 10
Lista pozycji zwierząt: {(6, 6)=[◥], (0, 2)=[v], (6, 8)=[>], (4, 9)=[v], (3, 9)=[◢], (2, 8)=[◥], (2, 9)=[v], (9, 1)=[◤], (8, 1)=[◢], (3, 0)=[◥]}
19 Jan 2025 01:22:39 GMT Zwierzę poruszyło się z (2, 8) na (2, 8)
19 Jan 2025 01:22:39 GMT Długość listy pozycji: 10
Lista pozycji zwierząt: {(6, 6)=[◥], (0, 2)=[v], (6, 8)=[>], (4, 9)=[◣], (3, 9)=[◢], (2, 8)=[◥], (2, 9)=[v], (9, 1)=[◤], (8, 1)=[◢], (3, 0)=[◥]}
19 Jan 2025 01:22:39 GMT Zwierzę poruszyło się z (4, 9) na (4, 9)
19 Jan 2025 01:22:39 GMT Długość listy pozycji: 10
Lista pozycji zwierząt: {(6, 6)=[◥], (0, 2)=[v], (6, 8)=[>], (4, 9)=[◣], (3, 9)=[◢], (2, 8)=[◥], (2, 9)=[v], (9, 1)=[^], (8, 1)=[◢], (3, 0)=[◥]}
19 Jan 2025 01:22:39 GMT Zwierzę poruszyło się z (9, 1) na (9, 1)
19 Jan 2025 01:22:39 GMT Długość listy pozycji: 10
Lista pozycji zwierząt: {(6, 6)=[◥], (0, 2)=[v], (6, 8)=[>], (4, 9)=[◣], (3, 9)=[◢], (2, 8)=[◥], (2, 9)=[v], (9, 1)=[^], (8, 1)=[◢], (3, 0)=[◥]}
19 Jan 2025 01:22:39 GMT Zwierzę poruszyło się z (0, 2) na (0, 2)
19 Jan 2025 01:22:39 GMT Długość listy pozycji: 10
Lista pozycji zwierząt: {(6, 6)=[◥], (0, 2)=[v], (6, 8)=[◢], (4, 9)=[◣], (3, 9)=[◢], (2, 8)=[◥], (2, 9)=[v], (9, 1)=[^], (8, 1)=[◢], (3, 0)=[◥]}
19 Jan 2025 01:22:39 GMT Zwierzę poruszyło się z (6, 8) na (6, 8)
19 Jan 2025 01:22:39 GMT Długość listy pozycji: 10
Lista pozycji zwierząt: {(6, 6)=[◥], (0, 2)=[v], (6, 8)=[◢], (4, 9)=[◣], (3, 9)=[◢], (2, 8)=[◥], (2, 9)=[v], (9, 1)=[^], (8, 1)=[◢], (3, 0)=[◥]}
19 Jan 2025 01:22:39 GMT Zwierzę poruszyło się z (2, 9) na (2, 9)
19 Jan 2025 01:22:39 GMT Długość listy pozycji: 10
Lista pozycji zwierząt: {(6, 6)=[◥], (0, 2)=[v], (6, 8)=[◢], (4, 9)=[◣], (3, 9)=[◢], (2, 8)=[◥], (2, 9)=[v], (9, 1)=[^], (8, 1)=[<], (3, 0)=[◥]}
19 Jan 2025 01:22:39 GMT Zwierzę poruszyło się z (8, 1) na (8, 1)
19 Jan 2025 01:22:39 GMT Długość listy pozycji: 10
Lista pozycji zwierząt: {(6, 6)=[◥], (0, 2)=[v], (6, 8)=[◢], (4, 9)=[◣], (3, 9)=[◢], (2, 8)=[◥], (2, 9)=[v], (9, 1)=[^], (8, 1)=[<], (3, 0)=[◥]}
19 Jan 2025 01:22:39 GMT Zwierzę poruszyło się z (3, 0) na (3, 0)
19 Jan 2025 01:22:39 GMT Długość listy pozycji: 10
Lista pozycji zwierząt: {(6, 6)=[◥], (0, 2)=[v], (6, 8)=[◢], (4, 9)=[◣], (3, 9)=[◣], (2, 8)=[◥], (2, 9)=[v], (9, 1)=[^], (8, 1)=[<], (3, 0)=[◥]}
19 Jan 2025 01:22:39 GMT Zwierzę poruszyło się z (3, 9) na (3, 9)
19 Jan 2025 01:22:40 GMT Zwierzę zjadło roślinkę na (2, 8)
19 Jan 2025 01:22:40 GMT Roślinka wyrosła na (3, 4)
19 Jan 2025 01:22:40 GMT Roślinka wyrosła na (3, 7)
19 Jan 2025 01:22:40 GMT Roślinka wyrosła na (8, 3)
19 Jan 2025 01:22:40 GMT Roślinka wyrosła na (5, 2)
19 Jan 2025 01:22:40 GMT Roślinka wyrosła na (3, 9)
19 Jan 2025 01:22:40 GMT Roślinka wyrosła na (9, 7)
19 Jan 2025 01:22:40 GMT Roślinka wyrosła na (3, 0)
19 Jan 2025 01:22:40 GMT Roślinka wyrosła na (3, 2)
19 Jan 2025 01:22:40 GMT Roślinka wyrosła na (4, 2)
19 Jan 2025 01:22:40 GMT Roślinka wyrosła na (1, 0)
19 Jan 2025 01:22:40 GMT Długość listy pozycji: 10
Lista pozycji zwierząt: {(6, 6)=[>], (0, 2)=[v], (6, 8)=[◢], (4, 9)=[◣], (3, 9)=[◣], (2, 8)=[◥], (2, 9)=[v], (9, 1)=[^], (8, 1)=[<], (3, 0)=[◥]}
19 Jan 2025 01:22:40 GMT Zwierzę poruszyło się z (6, 6) na (6, 6)
19 Jan 2025 01:22:40 GMT Długość listy pozycji: 10
Lista pozycji zwierząt: {(6, 6)=[>], (0, 2)=[v], (6, 8)=[◢], (4, 9)=[◣], (3, 9)=[◣], (2, 8)=[◢], (2, 9)=[v], (9, 1)=[^], (8, 1)=[<], (3, 0)=[◥]}
19 Jan 2025 01:22:40 GMT Zwierzę poruszyło się z (2, 8) na (2, 8)
19 Jan 2025 01:22:40 GMT Długość listy pozycji: 10
Lista pozycji zwierząt: {(6, 6)=[>], (0, 2)=[v], (6, 8)=[◢], (4, 9)=[◢], (3, 9)=[◣], (2, 8)=[◢], (2, 9)=[v], (9, 1)=[^], (8, 1)=[<], (3, 0)=[◥]}
19 Jan 2025 01:22:40 GMT Zwierzę poruszyło się z (4, 9) na (4, 9)
19 Jan 2025 01:22:40 GMT Długość listy pozycji: 10
Lista pozycji zwierząt: {(6, 6)=[>], (0, 2)=[v], (6, 8)=[◢], (4, 9)=[◢], (3, 9)=[◣], (2, 8)=[◢], (2, 9)=[v], (9, 1)=[<], (8, 1)=[<], (3, 0)=[◥]}
19 Jan 2025 01:22:40 GMT Zwierzę poruszyło się z (9, 1) na (9, 1)
19 Jan 2025 01:22:40 GMT Długość listy pozycji: 10
Lista pozycji zwierząt: {(6, 6)=[>], (6, 8)=[◢], (4, 9)=[◢], (3, 9)=[◣], (2, 8)=[◢], (2, 9)=[v], (9, 1)=[<], (9, 2)=[<], (8, 1)=[<], (3, 0)=[◥]}
19 Jan 2025 01:22:40 GMT Zwierzę poruszyło się z (0, 2) na (9, 2)
19 Jan 2025 01:22:41 GMT Długość listy pozycji: 10
Lista pozycji zwierząt: {(6, 6)=[>], (6, 8)=[◣], (4, 9)=[◢], (3, 9)=[◣], (2, 8)=[◢], (2, 9)=[v], (9, 1)=[<], (9, 2)=[<], (8, 1)=[<], (3, 0)=[◥]}
19 Jan 2025 01:22:41 GMT Zwierzę poruszyło się z (6, 8) na (6, 8)
19 Jan 2025 01:22:41 GMT Długość listy pozycji: 10
Lista pozycji zwierząt: {(6, 6)=[>], (6, 8)=[◣], (4, 9)=[◢], (3, 9)=[◣], (2, 8)=[◢], (2, 9)=[◣], (9, 1)=[<], (9, 2)=[<], (8, 1)=[<], (3, 0)=[◥]}
19 Jan 2025 01:22:41 GMT Zwierzę poruszyło się z (2, 9) na (2, 9)
19 Jan 2025 01:22:41 GMT Długość listy pozycji: 10
Lista pozycji zwierząt: {(6, 6)=[>], (6, 8)=[◣], (4, 9)=[◢], (3, 9)=[◣], (2, 8)=[◢], (2, 9)=[◣], (9, 1)=[<], (9, 2)=[<], (8, 1)=[<], (3, 0)=[◥]}
19 Jan 2025 01:22:41 GMT Zwierzę poruszyło się z (8, 1) na (8, 1)
19 Jan 2025 01:22:41 GMT Długość listy pozycji: 10
Lista pozycji zwierząt: {(6, 6)=[>], (6, 8)=[◣], (4, 9)=[◢], (3, 9)=[◣], (2, 8)=[◢], (2, 9)=[◣], (9, 1)=[<], (9, 2)=[<], (8, 1)=[<], (3, 0)=[◥]}
19 Jan 2025 01:22:41 GMT Zwierzę poruszyło się z (3, 0) na (3, 0)
19 Jan 2025 01:22:41 GMT Długość listy pozycji: 10
Lista pozycji zwierząt: {(6, 6)=[>], (6, 8)=[◣], (4, 9)=[◢], (3, 9)=[◣], (2, 8)=[◢], (2, 9)=[◣], (9, 1)=[<], (9, 2)=[<], (8, 1)=[<], (3, 0)=[◥]}
19 Jan 2025 01:22:41 GMT Zwierzę poruszyło się z (3, 9) na (3, 9)
19 Jan 2025 01:22:41 GMT Zwierzę zjadło roślinkę na (3, 9)
19 Jan 2025 01:22:41 GMT Zwierzę zjadło roślinkę na (9, 2)
19 Jan 2025 01:22:41 GMT Zwierzę zjadło roślinkę na (3, 0)
19 Jan 2025 01:22:41 GMT Roślinka wyrosła na (7, 9)
19 Jan 2025 01:22:41 GMT Roślinka wyrosła na (9, 3)
19 Jan 2025 01:22:41 GMT Roślinka wyrosła na (8, 9)
19 Jan 2025 01:22:41 GMT Roślinka wyrosła na (6, 1)
19 Jan 2025 01:22:41 GMT Roślinka wyrosła na (1, 3)
19 Jan 2025 01:22:41 GMT Roślinka wyrosła na (2, 9)
19 Jan 2025 01:22:41 GMT Roślinka wyrosła na (0, 0)
19 Jan 2025 01:22:41 GMT Roślinka wyrosła na (0, 4)
19 Jan 2025 01:22:41 GMT Roślinka wyrosła na (7, 7)
19 Jan 2025 01:22:41 GMT Roślinka wyrosła na (1, 8)
19 Jan 2025 01:22:42 GMT Długość listy pozycji: 10
Lista pozycji zwierząt: {(6, 6)=[>], (6, 8)=[◣], (4, 9)=[◢], (3, 9)=[◣], (2, 8)=[◢], (2, 9)=[◣], (9, 1)=[<], (9, 2)=[<], (8, 1)=[<], (3, 0)=[◥]}
19 Jan 2025 01:22:42 GMT Zwierzę poruszyło się z (6, 6) na (6, 6)
19 Jan 2025 01:22:42 GMT Długość listy pozycji: 10
Lista pozycji zwierząt: {(6, 6)=[>], (6, 8)=[◣], (4, 9)=[◢], (3, 9)=[◣], (2, 8)=[◥], (2, 9)=[◣], (9, 1)=[<], (9, 2)=[<], (8, 1)=[<], (3, 0)=[◥]}
19 Jan 2025 01:22:42 GMT Zwierzę poruszyło się z (2, 8) na (2, 8)
19 Jan 2025 01:22:42 GMT Długość listy pozycji: 10
Lista pozycji zwierząt: {(6, 6)=[>], (6, 8)=[◣], (4, 9)=[v], (3, 9)=[◣], (2, 8)=[◥], (2, 9)=[◣], (9, 1)=[<], (9, 2)=[<], (8, 1)=[<], (3, 0)=[◥]}
19 Jan 2025 01:22:42 GMT Zwierzę poruszyło się z (4, 9) na (4, 9)
19 Jan 2025 01:22:42 GMT Długość listy pozycji: 10
Lista pozycji zwierząt: {(6, 6)=[>], (6, 8)=[◣], (4, 9)=[v], (3, 9)=[◣], (2, 8)=[◥], (2, 9)=[◣], (9, 1)=[^], (9, 2)=[<], (8, 1)=[<], (3, 0)=[◥]}
19 Jan 2025 01:22:42 GMT Zwierzę poruszyło się z (9, 1) na (9, 1)
19 Jan 2025 01:22:42 GMT Długość listy pozycji: 10
Lista pozycji zwierząt: {(6, 6)=[>], (6, 8)=[◣], (4, 9)=[v], (3, 9)=[◣], (2, 8)=[◥], (2, 9)=[◣], (9, 1)=[^], (9, 2)=[v], (8, 1)=[<], (3, 0)=[◥]}
19 Jan 2025 01:22:42 GMT Zwierzę poruszyło się z (9, 2) na (9, 2)
19 Jan 2025 01:22:42 GMT Długość listy pozycji: 10
Lista pozycji zwierząt: {(6, 6)=[>], (6, 8)=[^], (4, 9)=[v], (3, 9)=[◣], (2, 8)=[◥], (2, 9)=[◣], (9, 1)=[^], (9, 2)=[v], (8, 1)=[<], (3, 0)=[◥]}
19 Jan 2025 01:22:42 GMT Zwierzę poruszyło się z (6, 8) na (6, 8)
19 Jan 2025 01:22:42 GMT Długość listy pozycji: 10
Lista pozycji zwierząt: {(6, 6)=[>], (6, 8)=[^], (4, 9)=[v], (3, 9)=[◣], (2, 8)=[◥], (2, 9)=[◢], (9, 1)=[^], (9, 2)=[v], (8, 1)=[<], (3, 0)=[◥]}
19 Jan 2025 01:22:42 GMT Zwierzę poruszyło się z (2, 9) na (2, 9)
19 Jan 2025 01:22:42 GMT Długość listy pozycji: 10
Lista pozycji zwierząt: {(6, 6)=[>], (6, 8)=[^], (4, 9)=[v], (3, 9)=[◣], (2, 8)=[◥], (2, 9)=[◢], (9, 1)=[^], (9, 2)=[v], (8, 1)=[v], (3, 0)=[◥]}
19 Jan 2025 01:22:42 GMT Zwierzę poruszyło się z (8, 1) na (8, 1)
19 Jan 2025 01:22:42 GMT Długość listy pozycji: 10
Lista pozycji zwierząt: {(6, 6)=[>], (6, 8)=[^], (4, 9)=[v], (3, 9)=[◣], (2, 8)=[◥], (2, 9)=[◢], (9, 1)=[^], (9, 2)=[v], (8, 1)=[v], (3, 0)=[^]}
19 Jan 2025 01:22:42 GMT Zwierzę poruszyło się z (3, 0) na (3, 0)
19 Jan 2025 01:22:43 GMT Długość listy pozycji: 10
Lista pozycji zwierząt: {(6, 6)=[>], (6, 8)=[^], (4, 9)=[v], (3, 9)=[◢], (2, 8)=[◥], (2, 9)=[◢], (9, 1)=[^], (9, 2)=[v], (8, 1)=[v], (3, 0)=[^]}
19 Jan 2025 01:22:43 GMT Zwierzę poruszyło się z (3, 9) na (3, 9)
19 Jan 2025 01:22:43 GMT Zwierzę zjadło roślinkę na (2, 9)
19 Jan 2025 01:22:43 GMT Roślinka wyrosła na (4, 0)
19 Jan 2025 01:22:43 GMT Roślinka wyrosła na (8, 7)
19 Jan 2025 01:22:43 GMT Roślinka wyrosła na (3, 8)
19 Jan 2025 01:22:43 GMT Roślinka wyrosła na (6, 9)
19 Jan 2025 01:22:43 GMT Roślinka wyrosła na (4, 1)
19 Jan 2025 01:22:43 GMT Roślinka wyrosła na (8, 1)
19 Jan 2025 01:22:43 GMT Roślinka wyrosła na (9, 1)
19 Jan 2025 01:22:43 GMT Roślinka wyrosła na (8, 0)
19 Jan 2025 01:22:43 GMT Roślinka wyrosła na (0, 1)
19 Jan 2025 01:22:43 GMT Roślinka wyrosła na (4, 7)
19 Jan 2025 01:22:43 GMT Długość listy pozycji: 10
Lista pozycji zwierząt: {(6, 6)=[v], (6, 8)=[^], (4, 9)=[v], (3, 9)=[◢], (2, 8)=[◥], (2, 9)=[◢], (9, 1)=[^], (9, 2)=[v], (8, 1)=[v], (3, 0)=[^]}
19 Jan 2025 01:22:43 GMT Zwierzę poruszyło się z (6, 6) na (6, 6)
19 Jan 2025 01:22:43 GMT Długość listy pozycji: 10
Lista pozycji zwierząt: {(6, 6)=[v], (6, 8)=[^], (4, 9)=[v], (3, 9)=[◢], (2, 8)=[v], (2, 9)=[◢], (9, 1)=[^], (9, 2)=[v], (8, 1)=[v], (3, 0)=[^]}
19 Jan 2025 01:22:43 GMT Zwierzę poruszyło się z (2, 8) na (2, 8)
19 Jan 2025 01:22:43 GMT Długość listy pozycji: 10
Lista pozycji zwierząt: {(6, 6)=[v], (6, 8)=[^], (4, 9)=[◣], (3, 9)=[◢], (2, 8)=[v], (2, 9)=[◢], (9, 1)=[^], (9, 2)=[v], (8, 1)=[v], (3, 0)=[^]}
19 Jan 2025 01:22:43 GMT Zwierzę poruszyło się z (4, 9) na (4, 9)
19 Jan 2025 01:22:43 GMT Długość listy pozycji: 10
Lista pozycji zwierząt: {(6, 6)=[v], (6, 8)=[^], (4, 9)=[◣], (3, 9)=[◢], (2, 8)=[v], (2, 9)=[◢], (9, 1)=[◣], (9, 2)=[v], (8, 1)=[v], (3, 0)=[^]}
19 Jan 2025 01:22:43 GMT Zwierzę poruszyło się z (9, 1) na (9, 1)
19 Jan 2025 01:22:44 GMT Długość listy pozycji: 10
Lista pozycji zwierząt: {(6, 6)=[v], (6, 8)=[^], (0, 3)=[◥], (4, 9)=[◣], (3, 9)=[◢], (2, 8)=[v], (2, 9)=[◢], (9, 1)=[◣], (8, 1)=[v], (3, 0)=[^]}
19 Jan 2025 01:22:44 GMT Zwierzę poruszyło się z (9, 2) na (0, 3)
19 Jan 2025 01:22:44 GMT Długość listy pozycji: 10
Lista pozycji zwierząt: {(6, 6)=[v], (6, 8)=[◣], (0, 3)=[◥], (4, 9)=[◣], (3, 9)=[◢], (2, 8)=[v], (2, 9)=[◢], (9, 1)=[◣], (8, 1)=[v], (3, 0)=[^]}
19 Jan 2025 01:22:44 GMT Zwierzę poruszyło się z (6, 8) na (6, 8)
19 Jan 2025 01:22:44 GMT Długość listy pozycji: 10
Lista pozycji zwierząt: {(6, 6)=[v], (6, 8)=[◣], (0, 3)=[◥], (4, 9)=[◣], (3, 9)=[◢], (2, 8)=[v], (2, 9)=[◣], (9, 1)=[◣], (8, 1)=[v], (3, 0)=[^]}
19 Jan 2025 01:22:44 GMT Zwierzę poruszyło się z (2, 9) na (2, 9)
