19 Jan 2025 01:20:14 GMT Zwierze zostało położone na (9, 1)
19 Jan 2025 01:20:14 GMT Zwierze zostało położone na (6, 9)
19 Jan 2025 01:20:14 GMT Zwierze zostało położone na (1, 9)
19 Jan 2025 01:20:15 GMT Zwierze zostało położone na (0, 9)
19 Jan 2025 01:20:15 GMT Zwierze zostało położone na (3, 8)
19 Jan 2025 01:20:15 GMT Zwierze zostało położone na (9, 7)
19 Jan 2025 01:20:15 GMT Zwierze zostało położone na (9, 9)
19 Jan 2025 01:20:15 GMT Zwierze zostało położone na (3, 9)
19 Jan 2025 01:20:15 GMT Zwierze zostało położone na (2, 5)
19 Jan 2025 01:20:15 GMT Zwierze zostało położone na (9, 9)
19 Jan 2025 01:20:15 GMT Długość listy pozycji: 9
Lista pozycji zwierząt: {(9, 9)=[◤, >], (0, 1)=[>], (2, 5)=[^], (6, 9)=[◢], (3, 8)=[◢], (3, 9)=[>], (1, 9)=[◢], (0, 9)=[◤], (9, 7)=[v]}
19 Jan 2025 01:20:15 GMT Zwierzę poruszyło się z (9, 1) na (0, 1)
19 Jan 2025 01:20:15 GMT Długość listy pozycji: 9
Lista pozycji zwierząt: {(9, 9)=[◤, >], (0, 1)=[>], (2, 5)=[^], (6, 9)=[<], (3, 8)=[◢], (3, 9)=[>], (1, 9)=[◢], (0, 9)=[◤], (9, 7)=[v]}
19 Jan 2025 01:20:15 GMT Zwierzę poruszyło się z (6, 9) na (6, 9)
19 Jan 2025 01:20:15 GMT Długość listy pozycji: 9
Lista pozycji zwierząt: {(9, 9)=[◤, >], (0, 1)=[>], (2, 5)=[^], (6, 9)=[<], (3, 8)=[◢], (3, 9)=[>], (1, 9)=[<], (0, 9)=[◤], (9, 7)=[v]}
19 Jan 2025 01:20:15 GMT Zwierzę poruszyło się z (1, 9) na (1, 9)
19 Jan 2025 01:20:15 GMT Długość listy pozycji: 8
Lista pozycji zwierząt: {(9, 9)=[<, ◤, >], (0, 1)=[>], (2, 5)=[^], (6, 9)=[<], (3, 8)=[◢], (3, 9)=[>], (1, 9)=[<], (9, 7)=[v]}
19 Jan 2025 01:20:15 GMT Zwierzę poruszyło się z (0, 9) na (9, 9)
19 Jan 2025 01:20:16 GMT Długość listy pozycji: 8
Lista pozycji zwierząt: {(9, 9)=[<, ◤, >], (0, 1)=[>], (2, 5)=[^], (6, 9)=[<], (3, 8)=[<], (3, 9)=[>], (1, 9)=[<], (9, 7)=[v]}
19 Jan 2025 01:20:16 GMT Zwierzę poruszyło się z (3, 8) na (3, 8)
19 Jan 2025 01:20:16 GMT Długość listy pozycji: 8
Lista pozycji zwierząt: {(9, 9)=[<, ◤, >], (0, 1)=[>], (2, 5)=[^], (6, 9)=[<], (3, 8)=[<], (3, 9)=[>], (1, 9)=[<], (9, 7)=[^]}
19 Jan 2025 01:20:16 GMT Zwierzę poruszyło się z (9, 7) na (9, 7)
19 Jan 2025 01:20:16 GMT Długość listy pozycji: 8
Lista pozycji zwierząt: {(9, 9)=[<, <, >], (0, 1)=[>], (2, 5)=[^], (6, 9)=[<], (3, 8)=[<], (3, 9)=[>], (1, 9)=[<], (9, 7)=[^]}
19 Jan 2025 01:20:16 GMT Zwierzę poruszyło się z (9, 9) na (9, 9)
19 Jan 2025 01:20:16 GMT Długość listy pozycji: 8
Lista pozycji zwierząt: {(9, 9)=[<, <, >], (0, 1)=[>], (2, 5)=[^], (6, 9)=[<], (3, 8)=[<], (3, 9)=[v], (1, 9)=[<], (9, 7)=[^]}
19 Jan 2025 01:20:16 GMT Zwierzę poruszyło się z (3, 9) na (3, 9)
19 Jan 2025 01:20:16 GMT Długość listy pozycji: 8
Lista pozycji zwierząt: {(9, 9)=[<, <, >], (0, 1)=[>], (2, 5)=[^], (6, 9)=[<], (3, 8)=[<], (3, 9)=[v], (1, 9)=[<], (9, 7)=[^]}
19 Jan 2025 01:20:16 GMT Zwierzę poruszyło się z (2, 5) na (2, 5)
19 Jan 2025 01:20:16 GMT Długość listy pozycji: 8
Lista pozycji zwierząt: {(9, 9)=[<, <, v], (0, 1)=[>], (2, 5)=[^], (6, 9)=[<], (3, 8)=[<], (3, 9)=[v], (1, 9)=[<], (9, 7)=[^]}
19 Jan 2025 01:20:16 GMT Zwierzę poruszyło się z (9, 9) na (9, 9)
19 Jan 2025 01:20:16 GMT Zwierze zostało położone na (9, 9)
19 Jan 2025 01:20:16 GMT Urodziło się nowe zwierzę na (9, 9)
19 Jan 2025 01:20:16 GMT Roślinka wyrosła na (5, 6)
19 Jan 2025 01:20:16 GMT Roślinka wyrosła na (3, 5)
19 Jan 2025 01:20:16 GMT Roślinka wyrosła na (7, 5)
19 Jan 2025 01:20:16 GMT Roślinka wyrosła na (6, 8)
19 Jan 2025 01:20:16 GMT Roślinka wyrosła na (4, 5)
19 Jan 2025 01:20:16 GMT Roślinka wyrosła na (8, 2)
19 Jan 2025 01:20:16 GMT Roślinka wyrosła na (2, 5)
19 Jan 2025 01:20:16 GMT Roślinka wyrosła na (0, 6)
19 Jan 2025 01:20:16 GMT Roślinka wyrosła na (5, 4)
19 Jan 2025 01:20:16 GMT Roślinka wyrosła na (8, 5)
19 Jan 2025 01:20:17 GMT Zwierzę umarło na (9, 9)
19 Jan 2025 01:20:17 GMT Długość listy pozycji: 8
Lista pozycji zwierząt: {(9, 9)=[◢, <, <, v], (0, 1)=[>], (2, 5)=[^], (6, 9)=[<], (3, 8)=[<], (3, 9)=[v], (1, 9)=[<], (9, 7)=[^]}
19 Jan 2025 01:20:17 GMT Zwierzę poruszyło się z (0, 1) na (0, 1)
19 Jan 2025 01:20:17 GMT Długość listy pozycji: 8
Lista pozycji zwierząt: {(9, 9)=[◢, <, <, v], (0, 1)=[>], (2, 5)=[^], (6, 9)=[◢], (3, 8)=[<], (3, 9)=[v], (1, 9)=[<], (9, 7)=[^]}
19 Jan 2025 01:20:17 GMT Zwierzę poruszyło się z (6, 9) na (6, 9)
19 Jan 2025 01:20:17 GMT Długość listy pozycji: 8
Lista pozycji zwierząt: {(9, 9)=[◢, <, <, v], (0, 1)=[>], (2, 5)=[^], (6, 9)=[◢], (3, 8)=[<], (3, 9)=[v], (1, 9)=[◢], (9, 7)=[^]}
19 Jan 2025 01:20:17 GMT Zwierzę poruszyło się z (1, 9) na (1, 9)
19 Jan 2025 01:20:17 GMT Długość listy pozycji: 8
Lista pozycji zwierząt: {(9, 9)=[◢, <, <, v], (0, 1)=[>], (2, 5)=[^], (6, 9)=[◢], (3, 8)=[v], (3, 9)=[v], (1, 9)=[◢], (9, 7)=[^]}
19 Jan 2025 01:20:17 GMT Zwierzę poruszyło się z (3, 8) na (3, 8)
19 Jan 2025 01:20:17 GMT Długość listy pozycji: 8
Lista pozycji zwierząt: {(9, 9)=[◢, <, <, v], (0, 1)=[>], (2, 5)=[^], (6, 9)=[◢], (3, 8)=[v], (3, 9)=[v], (0, 7)=[>], (1, 9)=[◢]}
19 Jan 2025 01:20:17 GMT Zwierzę poruszyło się z (9, 7) na (0, 7)
19 Jan 2025 01:20:17 GMT Długość listy pozycji: 8
Lista pozycji zwierząt: {(9, 9)=[◢, ◣, <, v], (0, 1)=[>], (2, 5)=[^], (6, 9)=[◢], (3, 8)=[v], (3, 9)=[v], (0, 7)=[>], (1, 9)=[◢]}
19 Jan 2025 01:20:17 GMT Zwierzę poruszyło się z (9, 9) na (9, 9)
19 Jan 2025 01:20:17 GMT Długość listy pozycji: 8
Lista pozycji zwierząt: {(9, 9)=[◢, ◣, <, v], (0, 1)=[>], (2, 5)=[^], (6, 9)=[◢], (3, 8)=[v], (3, 9)=[◣], (0, 7)=[>], (1, 9)=[◢]}
19 Jan 2025 01:20:17 GMT Zwierzę poruszyło się z (3, 9) na (3, 9)
19 Jan 2025 01:20:17 GMT Długość listy pozycji: 8
Lista pozycji zwierząt: {(9, 9)=[◢, ◣, <, v], (0, 1)=[>], (2, 5)=[◤], (6, 9)=[◢], (3, 8)=[v], (3, 9)=[◣], (0, 7)=[>], (1, 9)=[◢]}
19 Jan 2025 01:20:17 GMT Zwierzę poruszyło się z (2, 5) na (2, 5)
19 Jan 2025 01:20:18 GMT Długość listy pozycji: 8
Lista pozycji zwierząt: {(9, 9)=[◢, ◣, ◢, <, ◢], (0, 1)=[>], (2, 5)=[◤], (6, 9)=[◢], (3, 8)=[v], (3, 9)=[◣], (0, 7)=[>], (1, 9)=[◢]}
19 Jan 2025 01:20:18 GMT Zwierzę poruszyło się z (9, 9) na (9, 9)
19 Jan 2025 01:20:18 GMT Zwierzę zjadło roślinkę na (2, 5)
19 Jan 2025 01:20:18 GMT Zwierze zostało położone na (9, 9)
19 Jan 2025 01:20:18 GMT Urodziło się nowe zwierzę na (9, 9)
19 Jan 2025 01:20:18 GMT Roślinka wyrosła na (5, 1)
19 Jan 2025 01:20:18 GMT Roślinka wyrosła na (7, 6)
19 Jan 2025 01:20:18 GMT Roślinka wyrosła na (1, 7)
19 Jan 2025 01:20:18 GMT Roślinka wyrosła na (5, 5)
19 Jan 2025 01:20:18 GMT Roślinka wyrosła na (3, 6)
19 Jan 2025 01:20:18 GMT Roślinka wyrosła na (3, 0)
19 Jan 2025 01:20:18 GMT Roślinka wyrosła na (6, 1)
19 Jan 2025 01:20:18 GMT Roślinka wyrosła na (7, 4)
19 Jan 2025 01:20:18 GMT Roślinka wyrosła na (0, 4)
19 Jan 2025 01:20:18 GMT Roślinka wyrosła na (8, 9)
19 Jan 2025 01:20:18 GMT Długość listy pozycji: 8
Lista pozycji zwierząt: {(9, 9)=[◣, ◢, ◣, ◢, <, ◢], (0, 1)=[^], (2, 5)=[◤], (6, 9)=[◢], (3, 8)=[v], (3, 9)=[◣], (0, 7)=[>], (1, 9)=[◢]}
19 Jan 2025 01:20:18 GMT Zwierzę poruszyło się z (0, 1) na (0, 1)
19 Jan 2025 01:20:18 GMT Długość listy pozycji: 8
Lista pozycji zwierząt: {(9, 9)=[◣, ◢, ◣, ◢, <, ◢], (0, 1)=[^], (2, 5)=[◤], (6, 9)=[<], (3, 8)=[v], (3, 9)=[◣], (0, 7)=[>], (1, 9)=[◢]}
19 Jan 2025 01:20:18 GMT Zwierzę poruszyło się z (6, 9) na (6, 9)
19 Jan 2025 01:20:18 GMT Długość listy pozycji: 8
Lista pozycji zwierząt: {(9, 9)=[◣, ◢, ◣, ◢, <, ◢], (0, 1)=[^], (2, 5)=[◤], (6, 9)=[<], (3, 8)=[v], (3, 9)=[◣], (0, 7)=[>], (1, 9)=[◣]}
19 Jan 2025 01:20:18 GMT Zwierzę poruszyło się z (1, 9) na (1, 9)
19 Jan 2025 01:20:18 GMT Długość listy pozycji: 8
Lista pozycji zwierząt: {(9, 9)=[◣, ◢, ◣, ◢, <, ◢], (0, 1)=[^], (2, 5)=[◤], (6, 9)=[<], (3, 8)=[<], (3, 9)=[◣], (0, 7)=[>], (1, 9)=[◣]}
19 Jan 2025 01:20:18 GMT Zwierzę poruszyło się z (3, 8) na (3, 8)
19 Jan 2025 01:20:19 GMT Długość listy pozycji: 8
Lista pozycji zwierząt: {(9, 9)=[◣, ◢, ◣, ◢, <, ◢], (0, 1)=[^], (2, 5)=[◤], (6, 9)=[<], (3, 8)=[<], (3, 9)=[◣], (0, 7)=[>], (1, 9)=[◣]}
19 Jan 2025 01:20:19 GMT Zwierzę poruszyło się z (0, 7) na (0, 7)
19 Jan 2025 01:20:19 GMT Długość listy pozycji: 8
Lista pozycji zwierząt: {(9, 9)=[◣, ◢, ◢, ◢, <, ◢], (0, 1)=[^], (2, 5)=[◤], (6, 9)=[<], (3, 8)=[<], (3, 9)=[◣], (0, 7)=[>], (1, 9)=[◣]}
19 Jan 2025 01:20:19 GMT Zwierzę poruszyło się z (9, 9) na (9, 9)
19 Jan 2025 01:20:19 GMT Długość listy pozycji: 8
Lista pozycji zwierząt: {(9, 9)=[◣, ◢, ◢, ◢, <, ◢], (0, 1)=[^], (2, 5)=[◤], (6, 9)=[<], (3, 8)=[<], (3, 9)=[>], (0, 7)=[>], (1, 9)=[◣]}
19 Jan 2025 01:20:19 GMT Zwierzę poruszyło się z (3, 9) na (3, 9)
19 Jan 2025 01:20:19 GMT Długość listy pozycji: 8
Lista pozycji zwierząt: {(9, 9)=[◣, ◢, ◢, ◢, <, ◢], (0, 1)=[^], (2, 5)=[◥], (6, 9)=[<], (3, 8)=[<], (3, 9)=[>], (0, 7)=[>], (1, 9)=[◣]}
19 Jan 2025 01:20:19 GMT Zwierzę poruszyło się z (2, 5) na (2, 5)
19 Jan 2025 01:20:19 GMT Długość listy pozycji: 9
Lista pozycji zwierząt: {(9, 9)=[◣, ◢, ◢, ◢, <, ◢], (0, 1)=[^], (2, 5)=[◥], (6, 9)=[<], (3, 8)=[<], (3, 9)=[>], (0, 7)=[>], (0, 8)=[◢], (1, 9)=[◣]}
19 Jan 2025 01:20:19 GMT Zwierzę poruszyło się z (9, 9) na (0, 8)
19 Jan 2025 01:20:19 GMT Zwierze zostało położone na (9, 9)
19 Jan 2025 01:20:19 GMT Urodziło się nowe zwierzę na (9, 9)
19 Jan 2025 01:20:19 GMT Roślinka wyrosła na (5, 3)
19 Jan 2025 01:20:19 GMT Roślinka wyrosła na (7, 8)
19 Jan 2025 01:20:19 GMT Roślinka wyrosła na (3, 1)
19 Jan 2025 01:20:19 GMT Roślinka wyrosła na (5, 0)
19 Jan 2025 01:20:19 GMT Roślinka wyrosła na (4, 1)
19 Jan 2025 01:20:19 GMT Roślinka wyrosła na (9, 1)
19 Jan 2025 01:20:19 GMT Roślinka wyrosła na (0, 1)
19 Jan 2025 01:20:19 GMT Roślinka wyrosła na (9, 9)
19 Jan 2025 01:20:19 GMT Roślinka wyrosła na (0, 0)
19 Jan 2025 01:20:19 GMT Roślinka wyrosła na (6, 2)
19 Jan 2025 01:20:20 GMT Długość listy pozycji: 9
Lista pozycji zwierząt: {(9, 9)=[◣, ◣, ◢, ◢, ◢, <, ◢], (2, 5)=[◥], (6, 9)=[<], (3, 8)=[<], (3, 9)=[>], (9, 0)=[◣], (0, 7)=[>], (0, 8)=[◢], (1, 9)=[◣]}
19 Jan 2025 01:20:20 GMT Zwierzę poruszyło się z (0, 1) na (9, 0)
19 Jan 2025 01:20:20 GMT Długość listy pozycji: 9
Lista pozycji zwierząt: {(9, 9)=[◣, ◣, ◢, ◢, ◢, <, ◢], (2, 5)=[◥], (6, 9)=[◣], (3, 8)=[<], (3, 9)=[>], (9, 0)=[◣], (0, 7)=[>], (0, 8)=[◢], (1, 9)=[◣]}
19 Jan 2025 01:20:20 GMT Zwierzę poruszyło się z (6, 9) na (6, 9)
19 Jan 2025 01:20:20 GMT Długość listy pozycji: 9
Lista pozycji zwierząt: {(9, 9)=[◣, ◣, ◢, ◢, ◢, <, ◢], (2, 5)=[◥], (6, 9)=[◣], (3, 8)=[<], (3, 9)=[>], (9, 0)=[◣], (0, 7)=[>], (0, 8)=[◢], (1, 9)=[◢]}
19 Jan 2025 01:20:20 GMT Zwierzę poruszyło się z (1, 9) na (1, 9)
19 Jan 2025 01:20:20 GMT Długość listy pozycji: 9
Lista pozycji zwierząt: {(9, 9)=[◣, ◣, ◢, ◢, ◢, <, ◢], (2, 5)=[◥], (6, 9)=[◣], (3, 8)=[v], (3, 9)=[>], (9, 0)=[◣], (0, 7)=[>], (0, 8)=[◢], (1, 9)=[◢]}
19 Jan 2025 01:20:20 GMT Zwierzę poruszyło się z (3, 8) na (3, 8)
19 Jan 2025 01:20:20 GMT Długość listy pozycji: 9
Lista pozycji zwierząt: {(9, 9)=[◣, ◣, ◢, ◢, ◢, <, ◢], (2, 5)=[◥], (6, 9)=[◣], (3, 8)=[v], (3, 9)=[>], (9, 0)=[◣], (0, 7)=[^], (0, 8)=[◢], (1, 9)=[◢]}
19 Jan 2025 01:20:20 GMT Zwierzę poruszyło się z (0, 7) na (0, 7)
19 Jan 2025 01:20:20 GMT Długość listy pozycji: 9
Lista pozycji zwierząt: {(9, 9)=[◣, ◣, ◣, ◣, ◢, ◢, <, ◢], (2, 5)=[◥], (6, 9)=[◣], (3, 8)=[v], (3, 9)=[>], (9, 0)=[◣], (0, 7)=[^], (0, 8)=[◢], (1, 9)=[◢]}
19 Jan 2025 01:20:20 GMT Zwierzę poruszyło się z (9, 9) na (9, 9)
19 Jan 2025 01:20:20 GMT Długość listy pozycji: 9
Lista pozycji zwierząt: {(9, 9)=[◣, ◣, ◣, ◣, ◢, ◢, <, ◢], (2, 5)=[◥], (6, 9)=[◣], (3, 8)=[v], (3, 9)=[◣], (9, 0)=[◣], (0, 7)=[^], (0, 8)=[◢], (1, 9)=[◢]}
19 Jan 2025 01:20:20 GMT Zwierzę poruszyło się z (3, 9) na (3, 9)
19 Jan 2025 01:20:20 GMT Długość listy pozycji: 9
Lista pozycji zwierząt: {(9, 9)=[◣, ◣, ◣, ◣, ◢, ◢, <, ◢], (2, 5)=[◢], (6, 9)=[◣], (3, 8)=[v], (3, 9)=[◣], (9, 0)=[◣], (0, 7)=[^], (0, 8)=[◢], (1, 9)=[◢]}
19 Jan 2025 01:20:20 GMT Zwierzę poruszyło się z (2, 5) na (2, 5)
19 Jan 2025 01:20:20 GMT Długość listy pozycji: 9
Lista pozycji zwierząt: {(9, 8)=[<], (9, 9)=[◣, ◣, ◣, ◣, ◢, <, <, <], (2, 5)=[◢], (6, 9)=[◣], (3, 8)=[v], (3, 9)=[◣], (9, 0)=[◣], (0, 7)=[^], (1, 9)=[◢]}
19 Jan 2025 01:20:20 GMT Zwierzę poruszyło się z (0, 8) na (9, 8)
19 Jan 2025 01:20:21 GMT Zwierzę zjadło roślinkę na (9, 9)
19 Jan 2025 01:20:21 GMT Zwierze zostało położone na (9, 9)
19 Jan 2025 01:20:21 GMT Urodziło się nowe zwierzę na (9, 9)
19 Jan 2025 01:20:21 GMT Roślinka wyrosła na (5, 7)
19 Jan 2025 01:20:21 GMT Roślinka wyrosła na (6, 3)
19 Jan 2025 01:20:21 GMT Roślinka wyrosła na (7, 2)
19 Jan 2025 01:20:21 GMT Roślinka wyrosła na (2, 7)
19 Jan 2025 01:20:21 GMT Roślinka wyrosła na (0, 8)
19 Jan 2025 01:20:21 GMT Roślinka wyrosła na (9, 3)
19 Jan 2025 01:20:21 GMT Roślinka wyrosła na (8, 3)
19 Jan 2025 01:20:21 GMT Roślinka wyrosła na (3, 3)
19 Jan 2025 01:20:21 GMT Roślinka wyrosła na (7, 3)
19 Jan 2025 01:20:21 GMT Roślinka wyrosła na (0, 9)
19 Jan 2025 01:20:21 GMT Długość listy pozycji: 9
Lista pozycji zwierząt: {(9, 8)=[<], (9, 9)=[v, ◣, ◣, ◣, ◣, ◢, <, <, <], (2, 5)=[◢], (6, 9)=[◣], (3, 8)=[v], (3, 9)=[◣], (9, 0)=[◥], (0, 7)=[^], (1, 9)=[◢]}
19 Jan 2025 01:20:21 GMT Zwierzę poruszyło się z (9, 0) na (9, 0)
19 Jan 2025 01:20:21 GMT Długość listy pozycji: 9
Lista pozycji zwierząt: {(9, 8)=[<], (9, 9)=[v, ◣, ◣, ◣, ◣, ◢, <, <, <], (2, 5)=[◢], (6, 9)=[v], (3, 8)=[v], (3, 9)=[◣], (9, 0)=[◥], (0, 7)=[^], (1, 9)=[◢]}
19 Jan 2025 01:20:21 GMT Zwierzę poruszyło się z (6, 9) na (6, 9)
19 Jan 2025 01:20:21 GMT Długość listy pozycji: 9
Lista pozycji zwierząt: {(9, 8)=[<], (9, 9)=[v, ◣, ◣, ◣, ◣, ◢, <, <, <], (2, 5)=[◢], (6, 9)=[v], (3, 8)=[v], (3, 9)=[◣], (9, 0)=[◥], (0, 7)=[^], (1, 9)=[v]}
19 Jan 2025 01:20:21 GMT Zwierzę poruszyło się z (1, 9) na (1, 9)
19 Jan 2025 01:20:21 GMT Długość listy pozycji: 9
Lista pozycji zwierząt: {(9, 8)=[<], (9, 9)=[v, ◣, ◣, ◣, ◣, ◢, <, <, <], (2, 5)=[◢], (6, 9)=[v], (3, 8)=[>], (3, 9)=[◣], (9, 0)=[◥], (0, 7)=[^], (1, 9)=[v]}
19 Jan 2025 01:20:21 GMT Zwierzę poruszyło się z (3, 8) na (3, 8)
19 Jan 2025 01:20:22 GMT Długość listy pozycji: 9
Lista pozycji zwierząt: {(9, 8)=[<], (9, 9)=[v, ◣, ◣, ◣, ◣, ◢, <, <, <], (2, 5)=[◢], (6, 9)=[v], (3, 8)=[>], (3, 9)=[◣], (9, 0)=[◥], (0, 7)=[◢], (1, 9)=[v]}
19 Jan 2025 01:20:22 GMT Zwierzę poruszyło się z (0, 7) na (0, 7)
19 Jan 2025 01:20:22 GMT Długość listy pozycji: 9
Lista pozycji zwierząt: {(9, 8)=[<], (9, 9)=[v, ◣, v, ◣, v, ◢, <, <, <], (2, 5)=[◢], (6, 9)=[v], (3, 8)=[>], (3, 9)=[◣], (9, 0)=[◥], (0, 7)=[◢], (1, 9)=[v]}
19 Jan 2025 01:20:22 GMT Zwierzę poruszyło się z (9, 9) na (9, 9)
19 Jan 2025 01:20:22 GMT Długość listy pozycji: 9
Lista pozycji zwierząt: {(9, 8)=[<], (9, 9)=[v, ◣, v, ◣, v, ◢, <, <, <], (2, 5)=[◢], (6, 9)=[v], (3, 8)=[>], (3, 9)=[<], (9, 0)=[◥], (0, 7)=[◢], (1, 9)=[v]}
19 Jan 2025 01:20:22 GMT Zwierzę poruszyło się z (3, 9) na (3, 9)
19 Jan 2025 01:20:22 GMT Długość listy pozycji: 9
Lista pozycji zwierząt: {(9, 8)=[<], (9, 9)=[v, ◣, v, ◣, v, ◢, <, <, <], (2, 5)=[v], (6, 9)=[v], (3, 8)=[>], (3, 9)=[<], (9, 0)=[◥], (0, 7)=[◢], (1, 9)=[v]}
19 Jan 2025 01:20:22 GMT Zwierzę poruszyło się z (2, 5) na (2, 5)
19 Jan 2025 01:20:22 GMT Długość listy pozycji: 9
Lista pozycji zwierząt: {(9, 9)=[v, ◣, v, ◣, v, ◢, >, <, >], (2, 5)=[v], (6, 9)=[v], (3, 8)=[>], (3, 9)=[<], (9, 0)=[◥], (0, 7)=[◢], (0, 8)=[>], (1, 9)=[v]}
19 Jan 2025 01:20:22 GMT Zwierzę poruszyło się z (9, 8) na (0, 8)
19 Jan 2025 01:20:22 GMT Zwierzę zjadło roślinkę na (0, 8)
19 Jan 2025 01:20:22 GMT Zwierze zostało położone na (9, 9)
19 Jan 2025 01:20:22 GMT Urodziło się nowe zwierzę na (9, 9)
19 Jan 2025 01:20:22 GMT Roślinka wyrosła na (2, 9)
19 Jan 2025 01:20:22 GMT Roślinka wyrosła na (2, 8)
19 Jan 2025 01:20:22 GMT Roślinka wyrosła na (9, 7)
19 Jan 2025 01:20:22 GMT Roślinka wyrosła na (1, 0)
19 Jan 2025 01:20:22 GMT Roślinka wyrosła na (4, 8)
19 Jan 2025 01:20:22 GMT Roślinka wyrosła na (3, 7)
19 Jan 2025 01:20:22 GMT Roślinka wyrosła na (0, 2)
19 Jan 2025 01:20:22 GMT Roślinka wyrosła na (0, 7)
19 Jan 2025 01:20:22 GMT Roślinka wyrosła na (4, 9)
19 Jan 2025 01:20:22 GMT Roślinka wyrosła na (3, 9)
19 Jan 2025 01:20:23 GMT Długość listy pozycji: 9
Lista pozycji zwierząt: {(0, 0)=[>], (9, 9)=[v, v, ◣, v, ◣, v, ◢, >, <, >], (2, 5)=[v], (6, 9)=[v], (3, 8)=[>], (3, 9)=[<], (0, 7)=[◢], (0, 8)=[>], (1, 9)=[v]}
19 Jan 2025 01:20:23 GMT Zwierzę poruszyło się z (9, 0) na (0, 0)
19 Jan 2025 01:20:23 GMT Długość listy pozycji: 9
Lista pozycji zwierząt: {(0, 0)=[>], (9, 9)=[v, v, ◣, v, ◣, v, ◢, >, <, >], (2, 5)=[v], (6, 9)=[◢], (3, 8)=[>], (3, 9)=[<], (0, 7)=[◢], (0, 8)=[>], (1, 9)=[v]}
19 Jan 2025 01:20:23 GMT Zwierzę poruszyło się z (6, 9) na (6, 9)
19 Jan 2025 01:20:23 GMT Długość listy pozycji: 9
Lista pozycji zwierząt: {(0, 0)=[>], (9, 9)=[v, v, ◣, v, ◣, v, ◢, >, <, >], (2, 5)=[v], (6, 9)=[◢], (3, 8)=[>], (3, 9)=[<], (0, 7)=[◢], (0, 8)=[>], (1, 9)=[v]}
19 Jan 2025 01:20:23 GMT Zwierzę poruszyło się z (1, 9) na (1, 9)
19 Jan 2025 01:20:23 GMT Długość listy pozycji: 9
Lista pozycji zwierząt: {(0, 0)=[>], (9, 9)=[v, v, ◣, v, ◣, v, ◢, >, <, >], (2, 5)=[v], (6, 9)=[◢], (3, 8)=[◣], (3, 9)=[<], (0, 7)=[◢], (0, 8)=[>], (1, 9)=[v]}
19 Jan 2025 01:20:23 GMT Zwierzę poruszyło się z (3, 8) na (3, 8)
19 Jan 2025 01:20:23 GMT Długość listy pozycji: 9
Lista pozycji zwierząt: {(0, 0)=[>], (9, 9)=[v, v, ◣, v, ◣, v, ◢, >, <, >], (2, 5)=[v], (6, 9)=[◢], (3, 8)=[◣], (3, 9)=[<], (0, 8)=[>], (1, 9)=[v], (9, 6)=[◣]}
19 Jan 2025 01:20:23 GMT Zwierzę poruszyło się z (0, 7) na (9, 6)
19 Jan 2025 01:20:23 GMT Długość listy pozycji: 9
Lista pozycji zwierząt: {(0, 0)=[>], (9, 9)=[v, ◢, v, ◣, ◣, ◢, ◢, >, <, >], (2, 5)=[v], (6, 9)=[◢], (3, 8)=[◣], (3, 9)=[<], (0, 8)=[>], (1, 9)=[v], (9, 6)=[◣]}
19 Jan 2025 01:20:23 GMT Zwierzę poruszyło się z (9, 9) na (9, 9)
19 Jan 2025 01:20:23 GMT Długość listy pozycji: 9
Lista pozycji zwierząt: {(0, 0)=[>], (9, 9)=[v, ◢, v, ◣, ◣, ◢, ◢, >, <, >], (2, 5)=[v], (6, 9)=[◢], (3, 8)=[◣], (3, 9)=[v], (0, 8)=[>], (1, 9)=[v], (9, 6)=[◣]}
19 Jan 2025 01:20:23 GMT Zwierzę poruszyło się z (3, 9) na (3, 9)
19 Jan 2025 01:20:23 GMT Długość listy pozycji: 9
Lista pozycji zwierząt: {(0, 0)=[>], (9, 9)=[v, ◢, v, ◣, ◣, ◢, ◢, >, <, >], (2, 5)=[>], (6, 9)=[◢], (3, 8)=[◣], (3, 9)=[v], (0, 8)=[>], (1, 9)=[v], (9, 6)=[◣]}
19 Jan 2025 01:20:23 GMT Zwierzę poruszyło się z (2, 5) na (2, 5)
19 Jan 2025 01:20:23 GMT Długość listy pozycji: 9
Lista pozycji zwierząt: {(0, 0)=[>], (9, 9)=[v, ◢, v, ◣, ◣, ◢, ◢, ◢, <, ◢], (2, 5)=[>], (6, 9)=[◢], (3, 8)=[◣], (3, 9)=[v], (0, 8)=[◢], (1, 9)=[v], (9, 6)=[◣]}
19 Jan 2025 01:20:23 GMT Zwierzę poruszyło się z (0, 8) na (0, 8)
19 Jan 2025 01:20:24 GMT Zwierzę zjadło roślinkę na (0, 0)
19 Jan 2025 01:20:24 GMT Zwierzę zjadło roślinkę na (3, 9)
19 Jan 2025 01:20:24 GMT Zwierzę zjadło roślinkę na (9, 6)
19 Jan 2025 01:20:24 GMT Zwierze zostało położone na (9, 9)
19 Jan 2025 01:20:24 GMT Urodziło się nowe zwierzę na (9, 9)
19 Jan 2025 01:20:24 GMT Roślinka wyrosła na (7, 9)
19 Jan 2025 01:20:24 GMT Roślinka wyrosła na (8, 7)
19 Jan 2025 01:20:24 GMT Roślinka wyrosła na (9, 0)
19 Jan 2025 01:20:24 GMT Roślinka wyrosła na (7, 7)
19 Jan 2025 01:20:24 GMT Roślinka wyrosła na (1, 4)
19 Jan 2025 01:20:24 GMT Roślinka wyrosła na (8, 1)
19 Jan 2025 01:20:24 GMT Roślinka wyrosła na (0, 3)
19 Jan 2025 01:20:24 GMT Roślinka wyrosła na (6, 9)
19 Jan 2025 01:20:24 GMT Roślinka wyrosła na (7, 0)
19 Jan 2025 01:20:24 GMT Roślinka wyrosła na (8, 4)
19 Jan 2025 01:20:24 GMT Długość listy pozycji: 9
Lista pozycji zwierząt: {(0, 0)=[◥], (9, 9)=[<, v, ◢, v, ◣, ◣, ◢, ◢, ◢, <, ◢], (2, 5)=[>], (6, 9)=[◢], (3, 8)=[◣], (3, 9)=[v], (0, 8)=[◢], (1, 9)=[v], (9, 6)=[◣]}
19 Jan 2025 01:20:24 GMT Zwierzę poruszyło się z (0, 0) na (0, 0)
19 Jan 2025 01:20:24 GMT Długość listy pozycji: 9
Lista pozycji zwierząt: {(0, 0)=[◥], (9, 9)=[<, v, ◢, v, ◣, ◣, ◢, ◢, ◢, <, ◢], (2, 5)=[>], (6, 9)=[◢], (3, 8)=[◣], (3, 9)=[v], (0, 8)=[◢], (1, 9)=[v], (9, 6)=[◣]}
19 Jan 2025 01:20:24 GMT Zwierzę poruszyło się z (6, 9) na (6, 9)
19 Jan 2025 01:20:24 GMT Długość listy pozycji: 9
Lista pozycji zwierząt: {(0, 0)=[◥], (9, 9)=[<, v, ◢, v, ◣, ◣, ◢, ◢, ◢, <, ◢], (2, 5)=[>], (6, 9)=[◢], (3, 8)=[◣], (3, 9)=[v], (0, 8)=[◢], (1, 9)=[<], (9, 6)=[◣]}
19 Jan 2025 01:20:24 GMT Zwierzę poruszyło się z (1, 9) na (1, 9)
19 Jan 2025 01:20:24 GMT Długość listy pozycji: 9
Lista pozycji zwierząt: {(0, 0)=[◥], (9, 9)=[<, v, ◢, v, ◣, ◣, ◢, ◢, ◢, <, ◢], (2, 5)=[>], (6, 9)=[◢], (3, 8)=[>], (3, 9)=[v], (0, 8)=[◢], (1, 9)=[<], (9, 6)=[◣]}
19 Jan 2025 01:20:24 GMT Zwierzę poruszyło się z (3, 8) na (3, 8)
19 Jan 2025 01:20:25 GMT Długość listy pozycji: 9
Lista pozycji zwierząt: {(0, 0)=[◥], (9, 9)=[<, v, ◢, v, ◣, ◣, ◢, ◢, ◢, <, ◢], (2, 5)=[>], (6, 9)=[◢], (3, 8)=[>], (0, 6)=[>], (3, 9)=[v], (0, 8)=[◢], (1, 9)=[<]}
19 Jan 2025 01:20:25 GMT Zwierzę poruszyło się z (9, 6) na (0, 6)
19 Jan 2025 01:20:25 GMT Długość listy pozycji: 9
Lista pozycji zwierząt: {(0, 0)=[◥], (9, 9)=[<, v, ◢, v, ◣, ◣, ◢, ◢, ◢, <, ◢], (2, 5)=[>], (6, 9)=[◢], (3, 8)=[>], (0, 6)=[>], (3, 9)=[v], (0, 8)=[◢, ◢], (1, 9)=[<]}
19 Jan 2025 01:20:25 GMT Zwierzę poruszyło się z (9, 9) na (0, 8)
19 Jan 2025 01:20:25 GMT Długość listy pozycji: 9
Lista pozycji zwierząt: {(0, 0)=[◥], (9, 9)=[<, v, ◢, v, ◣, ◣, ◢, ◢, ◢, <, ◢], (2, 5)=[>], (6, 9)=[◢], (3, 8)=[>], (0, 6)=[>], (3, 9)=[◢], (0, 8)=[◢, ◢], (1, 9)=[<]}
19 Jan 2025 01:20:25 GMT Zwierzę poruszyło się z (3, 9) na (3, 9)
19 Jan 2025 01:20:25 GMT Długość listy pozycji: 9
Lista pozycji zwierząt: {(0, 0)=[◥], (9, 9)=[<, v, ◢, v, ◣, ◣, ◢, ◢, ◢, <, ◢], (2, 5)=[◣], (6, 9)=[◢], (3, 8)=[>], (0, 6)=[>], (3, 9)=[◢], (0, 8)=[◢, ◢], (1, 9)=[<]}
19 Jan 2025 01:20:25 GMT Zwierzę poruszyło się z (2, 5) na (2, 5)
19 Jan 2025 01:20:25 GMT Długość listy pozycji: 10
Lista pozycji zwierząt: {(0, 0)=[◥], (9, 9)=[<, v, ◢, v, ◣, ◣, ◢, ◢, ◣, <, ◣], (2, 5)=[◣], (6, 9)=[◢], (3, 8)=[>], (0, 6)=[>], (3, 9)=[◢], (0, 8)=[◢], (1, 9)=[<], (9, 7)=[◣]}
19 Jan 2025 01:20:25 GMT Zwierzę poruszyło się z (0, 8) na (9, 7)
19 Jan 2025 01:20:25 GMT Zwierzę zjadło roślinkę na (6, 9)
19 Jan 2025 01:20:25 GMT Zwierzę zjadło roślinkę na (0, 6)
19 Jan 2025 01:20:25 GMT Zwierzę zjadło roślinkę na (9, 7)
19 Jan 2025 01:20:25 GMT Zwierze zostało położone na (9, 9)
19 Jan 2025 01:20:25 GMT Urodziło się nowe zwierzę na (9, 9)
19 Jan 2025 01:20:25 GMT Roślinka wyrosła na (3, 4)
19 Jan 2025 01:20:25 GMT Roślinka wyrosła na (5, 2)
19 Jan 2025 01:20:25 GMT Roślinka wyrosła na (4, 4)
19 Jan 2025 01:20:25 GMT Roślinka wyrosła na (5, 8)
19 Jan 2025 01:20:25 GMT Roślinka wyrosła na (9, 4)
19 Jan 2025 01:20:25 GMT Roślinka wyrosła na (4, 3)
19 Jan 2025 01:20:25 GMT Roślinka wyrosła na (7, 1)
19 Jan 2025 01:20:25 GMT Roślinka wyrosła na (4, 7)
19 Jan 2025 01:20:25 GMT Roślinka wyrosła na (4, 0)
19 Jan 2025 01:20:25 GMT Roślinka wyrosła na (9, 2)
19 Jan 2025 01:20:26 GMT Długość listy pozycji: 10
Lista pozycji zwierząt: {(9, 9)=[^, <, v, ◢, v, ◣, ◣, ◢, ◢, ◣, <, ◣], (2, 5)=[◣], (6, 9)=[◢], (3, 8)=[>], (0, 6)=[>], (3, 9)=[◢], (9, 0)=[<], (0, 8)=[◢], (1, 9)=[<], (9, 7)=[◣]}
19 Jan 2025 01:20:26 GMT Zwierzę poruszyło się z (0, 0) na (9, 0)
19 Jan 2025 01:20:26 GMT Długość listy pozycji: 10
Lista pozycji zwierząt: {(9, 9)=[^, <, v, ◢, v, ◣, ◣, ◢, ◢, ◣, <, ◣], (2, 5)=[◣], (6, 9)=[◣], (3, 8)=[>], (0, 6)=[>], (3, 9)=[◢], (9, 0)=[<], (0, 8)=[◢], (1, 9)=[<], (9, 7)=[◣]}
19 Jan 2025 01:20:26 GMT Zwierzę poruszyło się z (6, 9) na (6, 9)
19 Jan 2025 01:20:26 GMT Długość listy pozycji: 10
Lista pozycji zwierząt: {(9, 9)=[^, <, v, ◢, v, ◣, ◣, ◢, ◢, ◣, <, ◣], (2, 5)=[◣], (6, 9)=[◣], (3, 8)=[>], (0, 6)=[>], (3, 9)=[◢], (9, 0)=[<], (0, 8)=[◢], (1, 9)=[v], (9, 7)=[◣]}
19 Jan 2025 01:20:26 GMT Zwierzę poruszyło się z (1, 9) na (1, 9)
19 Jan 2025 01:20:26 GMT Długość listy pozycji: 10
Lista pozycji zwierząt: {(9, 9)=[^, <, v, ◢, v, ◣, ◣, ◢, ◢, ◣, <, ◣], (2, 5)=[◣], (6, 9)=[◣], (3, 8)=[v], (0, 6)=[>], (3, 9)=[◢], (9, 0)=[<], (0, 8)=[◢], (1, 9)=[v], (9, 7)=[◣]}
19 Jan 2025 01:20:26 GMT Zwierzę poruszyło się z (3, 8) na (3, 8)
19 Jan 2025 01:20:26 GMT Długość listy pozycji: 10
Lista pozycji zwierząt: {(9, 9)=[^, <, v, ◢, v, ◣, ◣, ◢, ◢, ◣, <, ◣], (2, 5)=[◣], (6, 9)=[◣], (3, 8)=[v], (3, 9)=[◢], (9, 0)=[<], (0, 8)=[◢], (1, 9)=[v], (9, 5)=[◣], (9, 7)=[◣]}
19 Jan 2025 01:20:26 GMT Zwierzę poruszyło się z (0, 6) na (9, 5)
19 Jan 2025 01:20:26 GMT Długość listy pozycji: 10
Lista pozycji zwierząt: {(9, 9)=[^, <, v, ◥, v, ◣, ◣, ◥, ◢, ◣, <, ◣], (2, 5)=[◣], (6, 9)=[◣], (3, 8)=[v], (3, 9)=[◢], (9, 0)=[<], (0, 8)=[◥], (1, 9)=[v], (9, 5)=[◣], (9, 7)=[◣]}
19 Jan 2025 01:20:26 GMT Zwierzę poruszyło się z (0, 8) na (0, 8)
19 Jan 2025 01:20:26 GMT Długość listy pozycji: 10
Lista pozycji zwierząt: {(9, 9)=[^, <, v, ◥, v, ◣, ◣, ◥, ◢, ◣, <, ◣], (2, 5)=[◣], (6, 9)=[◣], (3, 8)=[v], (3, 9)=[v], (9, 0)=[<], (0, 8)=[◥], (1, 9)=[v], (9, 5)=[◣], (9, 7)=[◣]}
19 Jan 2025 01:20:26 GMT Zwierzę poruszyło się z (3, 9) na (3, 9)
19 Jan 2025 01:20:26 GMT Długość listy pozycji: 10
Lista pozycji zwierząt: {(9, 9)=[^, <, v, ◥, v, ◣, ◣, ◥, ◢, ◣, <, ◣], (2, 5)=[◤], (6, 9)=[◣], (3, 8)=[v], (3, 9)=[v], (9, 0)=[<], (0, 8)=[◥], (1, 9)=[v], (9, 5)=[◣], (9, 7)=[◣]}
19 Jan 2025 01:20:26 GMT Zwierzę poruszyło się z (2, 5) na (2, 5)
19 Jan 2025 01:20:26 GMT Długość listy pozycji: 10
Lista pozycji zwierząt: {(9, 9)=[^, <, v, ◥, v, ◣, ◣, ◥, ◢, ^, <, ^], (2, 5)=[◤], (6, 9)=[◣], (3, 8)=[v], (3, 9)=[v], (9, 0)=[<], (0, 8)=[◥], (1, 9)=[v], (9, 5)=[◣], (9, 7)=[^]}
19 Jan 2025 01:20:26 GMT Zwierzę poruszyło się z (9, 7) na (9, 7)
19 Jan 2025 01:20:27 GMT Zwierzę zjadło roślinkę na (9, 0)
19 Jan 2025 01:20:27 GMT Zwierzę zjadło roślinkę na (9, 5)
19 Jan 2025 01:20:27 GMT Zwierze zostało położone na (9, 9)
19 Jan 2025 01:20:27 GMT Urodziło się nowe zwierzę na (9, 9)
19 Jan 2025 01:20:27 GMT Roślinka wyrosła na (3, 8)
19 Jan 2025 01:20:27 GMT Roślinka wyrosła na (1, 9)
19 Jan 2025 01:20:27 GMT Roślinka wyrosła na (8, 8)
19 Jan 2025 01:20:27 GMT Roślinka wyrosła na (6, 0)
19 Jan 2025 01:20:27 GMT Roślinka wyrosła na (1, 8)
19 Jan 2025 01:20:27 GMT Roślinka wyrosła na (1, 2)
19 Jan 2025 01:20:27 GMT Roślinka wyrosła na (9, 8)
19 Jan 2025 01:20:27 GMT Roślinka wyrosła na (2, 3)
19 Jan 2025 01:20:27 GMT Roślinka wyrosła na (4, 2)
19 Jan 2025 01:20:27 GMT Roślinka wyrosła na (5, 9)
19 Jan 2025 01:20:27 GMT Długość listy pozycji: 10
Lista pozycji zwierząt: {(9, 9)=[◢, ^, <, v, ◥, v, ◣, ◣, ◥, ◢, ^, <, ^], (2, 5)=[◤], (6, 9)=[◣], (3, 8)=[v], (3, 9)=[v], (9, 0)=[◤], (0, 8)=[◥], (1, 9)=[v], (9, 5)=[◣], (9, 7)=[^]}
19 Jan 2025 01:20:27 GMT Zwierzę poruszyło się z (9, 0) na (9, 0)
19 Jan 2025 01:20:27 GMT Długość listy pozycji: 10
Lista pozycji zwierząt: {(9, 9)=[◢, ^, <, v, ◥, v, ◣, ◣, ◥, ◢, ^, <, ^], (2, 5)=[◤], (6, 9)=[>], (3, 8)=[v], (3, 9)=[v], (9, 0)=[◤], (0, 8)=[◥], (1, 9)=[v], (9, 5)=[◣], (9, 7)=[^]}
19 Jan 2025 01:20:27 GMT Zwierzę poruszyło się z (6, 9) na (6, 9)
19 Jan 2025 01:20:27 GMT Długość listy pozycji: 10
Lista pozycji zwierząt: {(9, 9)=[◢, ^, <, v, ◥, v, ◣, ◣, ◥, ◢, ^, <, ^], (2, 5)=[◤], (6, 9)=[>], (3, 8)=[v], (3, 9)=[v], (9, 0)=[◤], (0, 8)=[◥], (1, 9)=[◣], (9, 5)=[◣], (9, 7)=[^]}
19 Jan 2025 01:20:27 GMT Zwierzę poruszyło się z (1, 9) na (1, 9)
19 Jan 2025 01:20:27 GMT Długość listy pozycji: 10
Lista pozycji zwierząt: {(9, 9)=[◢, ^, <, v, ◥, v, ◣, ◣, ◥, ◢, ^, <, ^], (2, 5)=[◤], (6, 9)=[>], (3, 8)=[>], (3, 9)=[v], (9, 0)=[◤], (0, 8)=[◥], (1, 9)=[◣], (9, 5)=[◣], (9, 7)=[^]}
19 Jan 2025 01:20:27 GMT Zwierzę poruszyło się z (3, 8) na (3, 8)
19 Jan 2025 01:20:28 GMT Długość listy pozycji: 10
Lista pozycji zwierząt: {(9, 9)=[◢, ^, <, v, ◥, v, ◣, ◣, ◥, ◢, ^, <, ^], (2, 5)=[◤], (6, 9)=[>], (0, 5)=[>], (3, 8)=[>], (3, 9)=[v], (9, 0)=[◤], (0, 8)=[◥], (1, 9)=[◣], (9, 7)=[^]}
19 Jan 2025 01:20:28 GMT Zwierzę poruszyło się z (9, 5) na (0, 5)
19 Jan 2025 01:20:28 GMT Długość listy pozycji: 10
Lista pozycji zwierząt: {(9, 9)=[◢, ^, <, v, ◥, v, ◣, ◣, ◥, ◢, ^, <, ^], (2, 5)=[◤], (6, 9)=[>], (0, 5)=[>], (3, 8)=[>], (3, 9)=[v], (9, 0)=[◤], (0, 8)=[◥], (1, 9)=[◣], (9, 7)=[^]}
19 Jan 2025 01:20:28 GMT Zwierzę poruszyło się z (0, 8) na (0, 8)
19 Jan 2025 01:20:28 GMT Długość listy pozycji: 10
Lista pozycji zwierząt: {(9, 9)=[◢, ^, <, v, ◥, v, ◣, ◣, ◥, ◢, ^, <, ^], (2, 5)=[◤], (6, 9)=[>], (0, 5)=[>], (3, 8)=[>], (3, 9)=[◣], (9, 0)=[◤], (0, 8)=[◥], (1, 9)=[◣], (9, 7)=[^]}
19 Jan 2025 01:20:28 GMT Zwierzę poruszyło się z (3, 9) na (3, 9)
19 Jan 2025 01:20:28 GMT Długość listy pozycji: 10
Lista pozycji zwierząt: {(9, 9)=[◢, ^, <, v, ◥, v, ◣, ◣, ◥, ◢, ^, <, ^], (2, 5)=[v], (6, 9)=[>], (0, 5)=[>], (3, 8)=[>], (3, 9)=[◣], (9, 0)=[◤], (0, 8)=[◥], (1, 9)=[◣], (9, 7)=[^]}
19 Jan 2025 01:20:28 GMT Zwierzę poruszyło się z (2, 5) na (2, 5)
19 Jan 2025 01:20:28 GMT Długość listy pozycji: 10
Lista pozycji zwierząt: {(9, 9)=[◢, ^, <, v, ◥, v, ◣, ◣, ◥, ◢, ◢, <, ◢], (2, 5)=[v], (6, 9)=[>], (0, 5)=[>], (3, 8)=[>], (0, 6)=[◢], (3, 9)=[◣], (9, 0)=[◤], (0, 8)=[◥], (1, 9)=[◣]}
19 Jan 2025 01:20:28 GMT Zwierzę poruszyło się z (9, 7) na (0, 6)
19 Jan 2025 01:20:28 GMT Zwierzę zjadło roślinkę na (0, 5)
19 Jan 2025 01:20:28 GMT Zwierzę zjadło roślinkę na (3, 8)
19 Jan 2025 01:20:28 GMT Zwierzę zjadło roślinkę na (1, 9)
19 Jan 2025 01:20:29 GMT Zwierze zostało położone na (9, 9)
19 Jan 2025 01:20:29 GMT Urodziło się nowe zwierzę na (9, 9)
19 Jan 2025 01:20:29 GMT Roślinka wyrosła na (2, 1)
19 Jan 2025 01:20:29 GMT Roślinka wyrosła na (1, 1)
19 Jan 2025 01:20:29 GMT Roślinka wyrosła na (2, 4)
19 Jan 2025 01:20:29 GMT Roślinka wyrosła na (8, 0)
19 Jan 2025 01:20:29 GMT Roślinka wyrosła na (2, 2)
19 Jan 2025 01:20:30 GMT Roślinka wyrosła na (6, 4)
19 Jan 2025 01:20:30 GMT Roślinka wyrosła na (1, 3)
19 Jan 2025 01:20:30 GMT Roślinka wyrosła na (2, 0)
19 Jan 2025 01:20:30 GMT Roślinka wyrosła na (3, 2)
19 Jan 2025 01:20:30 GMT Roślinka wyrosła na (6, 7)
19 Jan 2025 01:20:30 GMT Długość listy pozycji: 10
Lista pozycji zwierząt: {(9, 9)=[<, ◢, ^, <, v, ◥, v, ◣, ◣, ◥, ◢, ◢, <, ◢], (2, 5)=[v], (6, 9)=[>], (0, 5)=[>], (3, 8)=[>], (0, 6)=[◢], (3, 9)=[◣], (9, 0)=[◤], (0, 8)=[◥], (1, 9)=[◣]}
19 Jan 2025 01:20:30 GMT Zwierzę poruszyło się z (9, 0) na (9, 0)
19 Jan 2025 01:20:30 GMT Długość listy pozycji: 10
Lista pozycji zwierząt: {(9, 9)=[<, ◢, ^, <, v, ◥, v, ◣, ◣, ◥, ◢, ◢, <, ◢], (2, 5)=[v], (6, 9)=[v], (0, 5)=[>], (3, 8)=[>], (0, 6)=[◢], (3, 9)=[◣], (9, 0)=[◤], (0, 8)=[◥], (1, 9)=[◣]}
19 Jan 2025 01:20:30 GMT Zwierzę poruszyło się z (6, 9) na (6, 9)
19 Jan 2025 01:20:30 GMT Długość listy pozycji: 10
Lista pozycji zwierząt: {(9, 9)=[<, ◢, ^, <, v, ◥, v, ◣, ◣, ◥, ◢, ◢, <, ◢], (2, 5)=[v], (6, 9)=[v], (0, 5)=[>], (3, 8)=[>], (0, 6)=[◢], (3, 9)=[◣], (9, 0)=[◤], (0, 8)=[◥], (1, 9)=[>]}
19 Jan 2025 01:20:30 GMT Zwierzę poruszyło się z (1, 9) na (1, 9)
19 Jan 2025 01:20:30 GMT Długość listy pozycji: 10
Lista pozycji zwierząt: {(9, 9)=[<, ◢, ^, <, v, ◥, v, ◣, ◣, ◥, ◢, ◢, <, ◢], (2, 5)=[v], (6, 9)=[v], (0, 5)=[>], (3, 8)=[^], (0, 6)=[◢], (3, 9)=[◣], (9, 0)=[◤], (0, 8)=[◥], (1, 9)=[>]}
19 Jan 2025 01:20:30 GMT Zwierzę poruszyło się z (3, 8) na (3, 8)
19 Jan 2025 01:20:30 GMT Długość listy pozycji: 10
Lista pozycji zwierząt: {(9, 9)=[<, ◢, ^, <, v, ◥, v, ◣, ◣, ◥, ◢, ◢, <, ◢], (2, 5)=[v], (6, 9)=[v], (3, 8)=[^], (0, 6)=[◢], (3, 9)=[◣], (9, 0)=[◤], (0, 8)=[◥], (1, 9)=[>], (9, 5)=[<]}
19 Jan 2025 01:20:30 GMT Zwierzę poruszyło się z (0, 5) na (9, 5)
19 Jan 2025 01:20:30 GMT Długość listy pozycji: 10
Lista pozycji zwierząt: {(9, 9)=[<, ◢, ^, <, v, ◥, v, ◣, ◣, ◥, ◢, ◢, <, ◢], (2, 5)=[v], (6, 9)=[v], (3, 8)=[^], (0, 6)=[◢], (3, 9)=[◣], (9, 0)=[◤], (0, 8)=[◥], (1, 9)=[>], (9, 5)=[<]}
19 Jan 2025 01:20:30 GMT Zwierzę poruszyło się z (0, 8) na (0, 8)
19 Jan 2025 01:20:31 GMT Długość listy pozycji: 10
Lista pozycji zwierząt: {(9, 9)=[<, ◢, ^, <, v, ◥, v, ◣, ◣, ◥, ◢, ◢, <, ◢], (2, 5)=[v], (6, 9)=[v], (3, 8)=[^], (0, 6)=[◢], (3, 9)=[◣], (9, 0)=[◤], (0, 8)=[◥], (1, 9)=[>], (9, 5)=[<]}
19 Jan 2025 01:20:31 GMT Zwierzę poruszyło się z (3, 9) na (3, 9)
19 Jan 2025 01:20:31 GMT Długość listy pozycji: 10
Lista pozycji zwierząt: {(9, 9)=[<, ◢, ^, <, v, ◥, v, ◣, ◣, ◥, ◢, ◢, <, ◢], (2, 5)=[◢], (6, 9)=[v], (3, 8)=[^], (0, 6)=[◢], (3, 9)=[◣], (9, 0)=[◤], (0, 8)=[◥], (1, 9)=[>], (9, 5)=[<]}
19 Jan 2025 01:20:31 GMT Zwierzę poruszyło się z (2, 5) na (2, 5)
19 Jan 2025 01:20:31 GMT Długość listy pozycji: 10
Lista pozycji zwierząt: {(9, 9)=[<, ◢, ^, <, v, ◥, v, ◣, ◣, ◥, ◢, >, <, >], (2, 5)=[◢], (6, 9)=[v], (3, 8)=[^], (0, 6)=[>], (3, 9)=[◣], (9, 0)=[◤], (0, 8)=[◥], (1, 9)=[>], (9, 5)=[<]}
19 Jan 2025 01:20:31 GMT Zwierzę poruszyło się z (0, 6) na (0, 6)
19 Jan 2025 01:20:31 GMT Zwierze zostało położone na (9, 9)
19 Jan 2025 01:20:31 GMT Urodziło się nowe zwierzę na (9, 9)
19 Jan 2025 01:20:31 GMT Roślinka wyrosła na null
19 Jan 2025 01:20:31 GMT Roślinka wyrosła na null
19 Jan 2025 01:20:31 GMT Roślinka wyrosła na null
19 Jan 2025 01:20:31 GMT Roślinka wyrosła na null
19 Jan 2025 01:20:31 GMT Roślinka wyrosła na null
19 Jan 2025 01:20:31 GMT Roślinka wyrosła na null
19 Jan 2025 01:20:31 GMT Roślinka wyrosła na null
19 Jan 2025 01:20:31 GMT Roślinka wyrosła na null
19 Jan 2025 01:20:31 GMT Roślinka wyrosła na null
19 Jan 2025 01:20:31 GMT Roślinka wyrosła na null
19 Jan 2025 01:20:31 GMT Zwierzę umarło na (0, 8)
19 Jan 2025 01:20:32 GMT Długość listy pozycji: 10
Lista pozycji zwierząt: {(9, 9)=[^, <, ◢, ^, <, v, ◥, v, ◣, ◣, ◥, ◢, >, <, >], (2, 5)=[◢], (6, 9)=[v], (3, 8)=[^], (0, 6)=[>], (3, 9)=[◣], (9, 0)=[^], (0, 8)=[], (1, 9)=[>], (9, 5)=[<]}
19 Jan 2025 01:20:32 GMT Zwierzę poruszyło się z (9, 0) na (9, 0)
19 Jan 2025 01:20:32 GMT Długość listy pozycji: 10
Lista pozycji zwierząt: {(9, 9)=[^, <, ◢, ^, <, v, ◥, v, ◣, ◣, ◥, ◢, >, <, >], (2, 5)=[◢], (6, 9)=[◢], (3, 8)=[^], (0, 6)=[>], (3, 9)=[◣], (9, 0)=[^], (0, 8)=[], (1, 9)=[>], (9, 5)=[<]}
19 Jan 2025 01:20:32 GMT Zwierzę poruszyło się z (6, 9) na (6, 9)
19 Jan 2025 01:20:32 GMT Długość listy pozycji: 10
Lista pozycji zwierząt: {(9, 9)=[^, <, ◢, ^, <, v, ◥, v, ◣, ◣, ◥, ◢, >, <, >], (2, 5)=[◢], (6, 9)=[◢], (3, 8)=[^], (0, 6)=[>], (3, 9)=[◣], (9, 0)=[^], (0, 8)=[], (1, 9)=[◣], (9, 5)=[<]}
19 Jan 2025 01:20:32 GMT Zwierzę poruszyło się z (1, 9) na (1, 9)
19 Jan 2025 01:20:32 GMT Długość listy pozycji: 10
Lista pozycji zwierząt: {(9, 9)=[^, <, ◢, ^, <, v, ◥, v, ◣, ◣, ◥, ◢, >, <, >], (2, 5)=[◢], (6, 9)=[◢], (3, 8)=[◢], (0, 6)=[>], (3, 9)=[◣], (9, 0)=[^], (0, 8)=[], (1, 9)=[◣], (9, 5)=[<]}
19 Jan 2025 01:20:32 GMT Zwierzę poruszyło się z (3, 8) na (3, 8)
19 Jan 2025 01:20:32 GMT Długość listy pozycji: 10
Lista pozycji zwierząt: {(9, 9)=[^, <, ◢, ^, <, v, ◥, v, ◣, ◣, ◥, ◢, >, <, >], (2, 5)=[◢], (6, 9)=[◢], (0, 5)=[>], (3, 8)=[◢], (0, 6)=[>], (3, 9)=[◣], (9, 0)=[^], (0, 8)=[], (1, 9)=[◣]}
19 Jan 2025 01:20:32 GMT Zwierzę poruszyło się z (9, 5) na (0, 5)
19 Jan 2025 01:20:32 GMT Długość listy pozycji: 10
Lista pozycji zwierząt: {(9, 9)=[^, <, ◢, ^, <, v, ◥, v, ◣, ◣, ◥, ◢, >, <, >], (2, 5)=[◢], (6, 9)=[◢], (0, 5)=[>], (3, 8)=[◢], (0, 6)=[>], (3, 9)=[◢], (9, 0)=[^], (0, 8)=[], (1, 9)=[◣]}
19 Jan 2025 01:20:32 GMT Zwierzę poruszyło się z (3, 9) na (3, 9)
19 Jan 2025 01:20:32 GMT Długość listy pozycji: 10
Lista pozycji zwierząt: {(9, 9)=[^, <, ◢, ^, <, v, ◥, v, ◣, ◣, ◥, ◢, >, <, >], (2, 5)=[◢], (6, 9)=[◢], (0, 5)=[>], (3, 8)=[◢], (0, 6)=[>], (3, 9)=[◢], (9, 0)=[^], (0, 8)=[], (1, 9)=[◣]}
19 Jan 2025 01:20:32 GMT Zwierzę poruszyło się z (2, 5) na (2, 5)
19 Jan 2025 01:20:32 GMT Długość listy pozycji: 10
Lista pozycji zwierząt: {(9, 9)=[^, <, ◢, ^, <, v, ◥, v, ◣, ◣, ◥, ◢, v, <, v], (2, 5)=[◢], (6, 9)=[◢], (0, 5)=[>], (3, 8)=[◢], (0, 6)=[v], (3, 9)=[◢], (9, 0)=[^], (0, 8)=[], (1, 9)=[◣]}
19 Jan 2025 01:20:32 GMT Zwierzę poruszyło się z (0, 6) na (0, 6)
19 Jan 2025 01:20:33 GMT Zwierze zostało położone na (9, 9)
19 Jan 2025 01:20:33 GMT Urodziło się nowe zwierzę na (9, 9)
19 Jan 2025 01:20:33 GMT Roślinka wyrosła na null
19 Jan 2025 01:20:33 GMT Roślinka wyrosła na null
19 Jan 2025 01:20:33 GMT Roślinka wyrosła na null
19 Jan 2025 01:20:33 GMT Roślinka wyrosła na null
19 Jan 2025 01:20:33 GMT Roślinka wyrosła na null
19 Jan 2025 01:20:33 GMT Roślinka wyrosła na null
19 Jan 2025 01:20:33 GMT Roślinka wyrosła na null
19 Jan 2025 01:20:33 GMT Roślinka wyrosła na null
19 Jan 2025 01:20:33 GMT Roślinka wyrosła na null
19 Jan 2025 01:20:33 GMT Roślinka wyrosła na null
19 Jan 2025 01:20:33 GMT Długość listy pozycji: 10
Lista pozycji zwierząt: {(9, 9)=[>, ^, <, ◢, ^, <, v, ◥, v, ◣, ◣, ◥, ◢, v, <, v], (2, 5)=[◢], (6, 9)=[◢], (0, 5)=[>], (3, 8)=[◢], (0, 6)=[v], (3, 9)=[◢], (9, 0)=[^], (0, 8)=[], (1, 9)=[◣]}
19 Jan 2025 01:20:33 GMT Zwierzę poruszyło się z (9, 0) na (9, 0)
19 Jan 2025 01:20:33 GMT Długość listy pozycji: 10
Lista pozycji zwierząt: {(9, 9)=[>, ^, <, ◢, ^, <, v, ◥, v, ◣, ◣, ◥, ◢, v, <, v], (2, 5)=[◢], (6, 9)=[v], (0, 5)=[>], (3, 8)=[◢], (0, 6)=[v], (3, 9)=[◢], (9, 0)=[^], (0, 8)=[], (1, 9)=[◣]}
19 Jan 2025 01:20:33 GMT Zwierzę poruszyło się z (6, 9) na (6, 9)
19 Jan 2025 01:20:33 GMT Długość listy pozycji: 10
Lista pozycji zwierząt: {(9, 9)=[>, ^, <, ◢, ^, <, v, ◥, v, ◣, ◣, ◥, ◢, v, <, v], (2, 5)=[◢], (6, 9)=[v], (0, 5)=[>], (3, 8)=[◢], (0, 6)=[v], (3, 9)=[◢], (9, 0)=[^], (0, 8)=[], (1, 9)=[<]}
19 Jan 2025 01:20:33 GMT Zwierzę poruszyło się z (1, 9) na (1, 9)
19 Jan 2025 01:20:33 GMT Długość listy pozycji: 10
Lista pozycji zwierząt: {(9, 9)=[>, ^, <, ◢, ^, <, v, ◥, v, ◣, ◣, ◥, ◢, v, <, v], (2, 5)=[◢], (6, 9)=[v], (0, 5)=[>], (3, 8)=[◥], (0, 6)=[v], (3, 9)=[◢], (9, 0)=[^], (0, 8)=[], (1, 9)=[<]}
19 Jan 2025 01:20:33 GMT Zwierzę poruszyło się z (3, 8) na (3, 8)
19 Jan 2025 01:20:33 GMT Długość listy pozycji: 10
Lista pozycji zwierząt: {(9, 9)=[>, ^, <, ◢, ^, <, v, ◥, v, ◣, ◣, ◥, ◢, v, <, v], (2, 5)=[◢], (6, 9)=[v], (0, 5)=[v], (3, 8)=[◥], (0, 6)=[v], (3, 9)=[◢], (9, 0)=[^], (0, 8)=[], (1, 9)=[<]}
19 Jan 2025 01:20:33 GMT Zwierzę poruszyło się z (0, 5) na (0, 5)
19 Jan 2025 01:20:34 GMT Długość listy pozycji: 10
Lista pozycji zwierząt: {(9, 9)=[>, ^, <, ◢, ^, <, v, ◥, v, ◣, ◣, ◥, ◢, v, <, v], (2, 5)=[◢], (6, 9)=[v], (0, 5)=[v], (3, 8)=[◥], (0, 6)=[v], (3, 9)=[v], (9, 0)=[^], (0, 8)=[], (1, 9)=[<]}
19 Jan 2025 01:20:34 GMT Zwierzę poruszyło się z (3, 9) na (3, 9)
19 Jan 2025 01:20:34 GMT Długość listy pozycji: 10
Lista pozycji zwierząt: {(9, 9)=[>, ^, <, ◢, ^, <, v, ◥, v, ◣, ◣, ◥, ◢, v, <, v], (2, 5)=[>], (6, 9)=[v], (0, 5)=[v], (3, 8)=[◥], (0, 6)=[v], (3, 9)=[v], (9, 0)=[^], (0, 8)=[], (1, 9)=[<]}
19 Jan 2025 01:20:34 GMT Zwierzę poruszyło się z (2, 5) na (2, 5)
19 Jan 2025 01:20:34 GMT Długość listy pozycji: 10
Lista pozycji zwierząt: {(9, 9)=[>, ^, <, ◢, ^, <, v, ◥, v, ◣, ◣, ◥, ◢, ◤, <, ◤], (2, 5)=[>], (6, 9)=[v], (0, 5)=[v], (3, 8)=[◥], (3, 9)=[v], (9, 0)=[^], (0, 8)=[], (1, 9)=[<], (9, 7)=[◤]}
19 Jan 2025 01:20:34 GMT Zwierzę poruszyło się z (0, 6) na (9, 7)
19 Jan 2025 01:20:34 GMT Zwierze zostało położone na (9, 9)
19 Jan 2025 01:20:34 GMT Urodziło się nowe zwierzę na (9, 9)
19 Jan 2025 01:20:34 GMT Roślinka wyrosła na null
19 Jan 2025 01:20:34 GMT Roślinka wyrosła na null
19 Jan 2025 01:20:34 GMT Roślinka wyrosła na null
19 Jan 2025 01:20:34 GMT Roślinka wyrosła na null
19 Jan 2025 01:20:34 GMT Roślinka wyrosła na null
19 Jan 2025 01:20:34 GMT Roślinka wyrosła na null
19 Jan 2025 01:20:34 GMT Roślinka wyrosła na null
19 Jan 2025 01:20:34 GMT Roślinka wyrosła na null
19 Jan 2025 01:20:34 GMT Roślinka wyrosła na null
19 Jan 2025 01:20:34 GMT Roślinka wyrosła na null
19 Jan 2025 01:20:35 GMT Długość listy pozycji: 10
Lista pozycji zwierząt: {(9, 9)=[^, >, ^, <, ◢, ^, <, v, ◥, v, ◣, ◣, ◥, ◢, ◤, <, ◤], (2, 5)=[>], (6, 9)=[v], (0, 5)=[v], (3, 8)=[◥], (3, 9)=[v], (9, 0)=[<], (0, 8)=[], (1, 9)=[<], (9, 7)=[◤]}
19 Jan 2025 01:20:35 GMT Zwierzę poruszyło się z (9, 0) na (9, 0)
19 Jan 2025 01:20:35 GMT Długość listy pozycji: 10
Lista pozycji zwierząt: {(9, 9)=[^, >, ^, <, ◢, ^, <, v, ◥, v, ◣, ◣, ◥, ◢, ◤, <, ◤], (2, 5)=[>], (6, 9)=[◢], (0, 5)=[v], (3, 8)=[◥], (3, 9)=[v], (9, 0)=[<], (0, 8)=[], (1, 9)=[<], (9, 7)=[◤]}
19 Jan 2025 01:20:35 GMT Zwierzę poruszyło się z (6, 9) na (6, 9)
19 Jan 2025 01:20:35 GMT Długość listy pozycji: 10
Lista pozycji zwierząt: {(9, 9)=[^, >, ^, <, ◢, ^, <, v, ◥, v, ◣, ◣, ◥, ◢, ◤, <, ◤], (2, 5)=[>], (6, 9)=[◢], (0, 5)=[v], (3, 8)=[◥], (3, 9)=[v], (9, 0)=[<], (0, 8)=[], (1, 9)=[v], (9, 7)=[◤]}
19 Jan 2025 01:20:35 GMT Zwierzę poruszyło się z (1, 9) na (1, 9)
19 Jan 2025 01:20:35 GMT Długość listy pozycji: 10
Lista pozycji zwierząt: {(9, 9)=[^, >, ^, <, ◢, ^, <, v, ◥, v, ◣, ◣, ◥, ◢, ◤, <, ◤], (2, 5)=[>], (6, 9)=[◢], (0, 5)=[v], (3, 8)=[◢], (3, 9)=[v], (9, 0)=[<], (0, 8)=[], (1, 9)=[v], (9, 7)=[◤]}
19 Jan 2025 01:20:35 GMT Zwierzę poruszyło się z (3, 8) na (3, 8)
19 Jan 2025 01:20:35 GMT Długość listy pozycji: 10
Lista pozycji zwierząt: {(9, 9)=[^, >, ^, <, ◢, ^, <, v, ◥, v, ◣, ◣, ◥, ◢, ◤, <, ◤], (2, 5)=[>], (6, 9)=[◢], (0, 5)=[v], (3, 8)=[◢], (3, 9)=[v], (9, 0)=[<], (0, 8)=[], (1, 9)=[v], (9, 7)=[◤]}
19 Jan 2025 01:20:35 GMT Zwierzę poruszyło się z (0, 5) na (0, 5)
19 Jan 2025 01:20:35 GMT Długość listy pozycji: 10
Lista pozycji zwierząt: {(9, 9)=[^, >, ^, <, ◢, ^, <, v, ◥, v, ◣, ◣, ◥, ◢, ◤, <, ◤], (2, 5)=[>], (6, 9)=[◢], (0, 5)=[v], (3, 8)=[◢], (3, 9)=[◣], (9, 0)=[<], (0, 8)=[], (1, 9)=[v], (9, 7)=[◤]}
19 Jan 2025 01:20:35 GMT Zwierzę poruszyło się z (3, 9) na (3, 9)
19 Jan 2025 01:20:35 GMT Długość listy pozycji: 10
Lista pozycji zwierząt: {(9, 9)=[^, >, ^, <, ◢, ^, <, v, ◥, v, ◣, ◣, ◥, ◢, ◤, <, ◤], (2, 5)=[v], (6, 9)=[◢], (0, 5)=[v], (3, 8)=[◢], (3, 9)=[◣], (9, 0)=[<], (0, 8)=[], (1, 9)=[v], (9, 7)=[◤]}
19 Jan 2025 01:20:35 GMT Zwierzę poruszyło się z (2, 5) na (2, 5)
19 Jan 2025 01:20:35 GMT Długość listy pozycji: 10
Lista pozycji zwierząt: {(9, 9)=[^, >, ^, <, ◢, ^, <, v, ◥, v, ◣, ◣, ◥, ◢, ◤, <, ◤], (2, 5)=[v], (6, 9)=[◢], (0, 5)=[v], (3, 8)=[◢], (3, 9)=[◣], (9, 0)=[<], (0, 8)=[], (1, 9)=[v], (9, 7)=[◤]}
19 Jan 2025 01:20:35 GMT Zwierzę poruszyło się z (9, 7) na (9, 7)
19 Jan 2025 01:20:36 GMT Zwierze zostało położone na (9, 9)
19 Jan 2025 01:20:36 GMT Urodziło się nowe zwierzę na (9, 9)
19 Jan 2025 01:20:36 GMT Roślinka wyrosła na null
19 Jan 2025 01:20:36 GMT Roślinka wyrosła na null
19 Jan 2025 01:20:36 GMT Roślinka wyrosła na null
19 Jan 2025 01:20:36 GMT Roślinka wyrosła na null
19 Jan 2025 01:20:36 GMT Roślinka wyrosła na null
19 Jan 2025 01:20:36 GMT Roślinka wyrosła na null
19 Jan 2025 01:20:36 GMT Roślinka wyrosła na null
19 Jan 2025 01:20:36 GMT Roślinka wyrosła na null
19 Jan 2025 01:20:36 GMT Roślinka wyrosła na null
19 Jan 2025 01:20:36 GMT Roślinka wyrosła na null
19 Jan 2025 01:20:36 GMT Długość listy pozycji: 10
Lista pozycji zwierząt: {(9, 9)=[v, ^, >, ^, <, ◢, ^, <, v, ◥, v, ◣, ◣, ◥, ◢, ◤, <, ◤], (2, 5)=[v], (6, 9)=[◢], (0, 5)=[v], (3, 8)=[◢], (3, 9)=[◣], (9, 0)=[◤], (0, 8)=[], (1, 9)=[v], (9, 7)=[◤]}
19 Jan 2025 01:20:36 GMT Zwierzę poruszyło się z (9, 0) na (9, 0)
19 Jan 2025 01:20:36 GMT Długość listy pozycji: 10
Lista pozycji zwierząt: {(9, 9)=[v, ^, >, ^, <, ◢, ^, <, v, ◥, v, ◣, ◣, ◥, ◢, ◤, <, ◤], (2, 5)=[v], (6, 9)=[<], (0, 5)=[v], (3, 8)=[◢], (3, 9)=[◣], (9, 0)=[◤], (0, 8)=[], (1, 9)=[v], (9, 7)=[◤]}
19 Jan 2025 01:20:36 GMT Zwierzę poruszyło się z (6, 9) na (6, 9)
19 Jan 2025 01:20:36 GMT Długość listy pozycji: 10
Lista pozycji zwierząt: {(9, 9)=[v, ^, >, ^, <, ◢, ^, <, v, ◥, v, ◣, ◣, ◥, ◢, ◤, <, ◤], (2, 5)=[v], (6, 9)=[<], (0, 5)=[v], (3, 8)=[◢], (3, 9)=[◣], (9, 0)=[◤], (0, 8)=[], (1, 9)=[>], (9, 7)=[◤]}
19 Jan 2025 01:20:36 GMT Zwierzę poruszyło się z (1, 9) na (1, 9)
19 Jan 2025 01:20:36 GMT Długość listy pozycji: 10
Lista pozycji zwierząt: {(9, 9)=[v, ^, >, ^, <, ◢, ^, <, v, ◥, v, ◣, ◣, ◥, ◢, ◤, <, ◤], (2, 5)=[v], (6, 9)=[<], (0, 5)=[v], (3, 8)=[◥], (3, 9)=[◣], (9, 0)=[◤], (0, 8)=[], (1, 9)=[>], (9, 7)=[◤]}
19 Jan 2025 01:20:36 GMT Zwierzę poruszyło się z (3, 8) na (3, 8)
19 Jan 2025 01:20:36 GMT Długość listy pozycji: 10
Lista pozycji zwierząt: {(9, 9)=[v, ^, >, ^, <, ◢, ^, <, v, ◥, v, ◣, ◣, ◥, ◢, ◤, <, ◤], (2, 5)=[v], (6, 9)=[<], (0, 5)=[>], (3, 8)=[◥], (3, 9)=[◣], (9, 0)=[◤], (0, 8)=[], (1, 9)=[>], (9, 7)=[◤]}
19 Jan 2025 01:20:36 GMT Zwierzę poruszyło się z (0, 5) na (0, 5)
19 Jan 2025 01:20:36 GMT Długość listy pozycji: 10
Lista pozycji zwierząt: {(9, 9)=[v, ^, >, ^, <, ◢, ^, <, v, ◥, v, ◣, ◣, ◥, ◢, ◤, <, ◤], (2, 5)=[v], (6, 9)=[<], (0, 5)=[>], (3, 8)=[◥], (3, 9)=[v], (9, 0)=[◤], (0, 8)=[], (1, 9)=[>], (9, 7)=[◤]}
19 Jan 2025 01:20:37 GMT Zwierzę poruszyło się z (3, 9) na (3, 9)
19 Jan 2025 01:20:37 GMT Długość listy pozycji: 10
Lista pozycji zwierząt: {(9, 9)=[v, ^, >, ^, <, ◢, ^, <, v, ◥, v, ◣, ◣, ◥, ◢, ◤, <, ◤], (2, 5)=[<], (6, 9)=[<], (0, 5)=[>], (3, 8)=[◥], (3, 9)=[v], (9, 0)=[◤], (0, 8)=[], (1, 9)=[>], (9, 7)=[◤]}
19 Jan 2025 01:20:37 GMT Zwierzę poruszyło się z (2, 5) na (2, 5)
19 Jan 2025 01:20:37 GMT Długość listy pozycji: 10
Lista pozycji zwierząt: {(9, 9)=[v, ^, >, ^, <, ◢, ^, <, v, ◥, v, ◣, ◣, ◥, ◢, >, <, >], (2, 5)=[<], (6, 9)=[<], (0, 5)=[>], (3, 8)=[◥], (3, 9)=[v], (0, 7)=[>], (9, 0)=[◤], (0, 8)=[], (1, 9)=[>]}
19 Jan 2025 01:20:37 GMT Zwierzę poruszyło się z (9, 7) na (0, 7)
19 Jan 2025 01:20:37 GMT Zwierzę zjadło roślinkę na (0, 7)
19 Jan 2025 01:20:37 GMT Zwierze zostało położone na (9, 9)
19 Jan 2025 01:20:37 GMT Urodziło się nowe zwierzę na (9, 9)
19 Jan 2025 01:20:37 GMT Roślinka wyrosła na null
19 Jan 2025 01:20:37 GMT Roślinka wyrosła na null
19 Jan 2025 01:20:37 GMT Roślinka wyrosła na null
19 Jan 2025 01:20:37 GMT Roślinka wyrosła na null
19 Jan 2025 01:20:37 GMT Roślinka wyrosła na null
19 Jan 2025 01:20:37 GMT Roślinka wyrosła na null
19 Jan 2025 01:20:37 GMT Roślinka wyrosła na null
19 Jan 2025 01:20:37 GMT Roślinka wyrosła na null
19 Jan 2025 01:20:37 GMT Roślinka wyrosła na null
19 Jan 2025 01:20:37 GMT Roślinka wyrosła na null
19 Jan 2025 01:20:37 GMT Długość listy pozycji: 10
Lista pozycji zwierząt: {(9, 9)=[◥, v, ^, >, ^, <, ◢, ^, <, v, ◥, v, ◣, ◣, ◥, ◢, >, <, >], (2, 5)=[<], (6, 9)=[<], (0, 5)=[>], (3, 8)=[◥], (3, 9)=[v], (0, 7)=[>], (9, 0)=[◤], (0, 8)=[], (1, 9)=[>]}
19 Jan 2025 01:20:37 GMT Zwierzę poruszyło się z (9, 0) na (9, 0)
19 Jan 2025 01:20:37 GMT Długość listy pozycji: 10
Lista pozycji zwierząt: {(9, 9)=[◥, v, ^, >, ^, <, ◢, ^, <, v, ◥, v, ◣, ◣, ◥, ◢, >, <, >], (2, 5)=[<], (6, 9)=[◣], (0, 5)=[>], (3, 8)=[◥], (3, 9)=[v], (0, 7)=[>], (9, 0)=[◤], (0, 8)=[], (1, 9)=[>]}
19 Jan 2025 01:20:38 GMT Zwierzę poruszyło się z (6, 9) na (6, 9)
19 Jan 2025 01:20:38 GMT Długość listy pozycji: 10
Lista pozycji zwierząt: {(9, 9)=[◥, v, ^, >, ^, <, ◢, ^, <, v, ◥, v, ◣, ◣, ◥, ◢, >, <, >], (2, 5)=[<], (6, 9)=[◣], (0, 5)=[>], (3, 8)=[◥], (3, 9)=[v], (0, 7)=[>], (9, 0)=[◤], (0, 8)=[], (1, 9)=[◢]}
19 Jan 2025 01:20:38 GMT Zwierzę poruszyło się z (1, 9) na (1, 9)
19 Jan 2025 01:20:38 GMT Długość listy pozycji: 10
Lista pozycji zwierząt: {(9, 9)=[◥, v, ^, >, ^, <, ◢, ^, <, v, ◥, v, ◣, ◣, ◥, ◢, >, <, >], (2, 5)=[<], (6, 9)=[◣], (0, 5)=[>], (3, 8)=[◤], (3, 9)=[v], (0, 7)=[>], (9, 0)=[◤], (0, 8)=[], (1, 9)=[◢]}
19 Jan 2025 01:20:38 GMT Zwierzę poruszyło się z (3, 8) na (3, 8)
19 Jan 2025 01:20:38 GMT Długość listy pozycji: 10
Lista pozycji zwierząt: {(9, 9)=[◥, v, ^, >, ^, <, ◢, ^, <, v, ◥, v, ◣, ◣, ◥, ◢, >, <, >], (2, 5)=[<], (6, 9)=[◣], (3, 8)=[◤], (3, 9)=[v], (0, 7)=[>], (9, 0)=[◤], (0, 8)=[], (1, 9)=[◢], (9, 4)=[◣]}
19 Jan 2025 01:20:38 GMT Zwierzę poruszyło się z (0, 5) na (9, 4)
19 Jan 2025 01:20:38 GMT Długość listy pozycji: 10
Lista pozycji zwierząt: {(9, 9)=[◥, v, ^, >, ^, <, ◢, ^, <, v, ◥, v, ◣, ◣, ◥, ◢, >, <, >], (2, 5)=[<], (6, 9)=[◣], (3, 8)=[◤], (3, 9)=[◣], (0, 7)=[>], (9, 0)=[◤], (0, 8)=[], (1, 9)=[◢], (9, 4)=[◣]}
19 Jan 2025 01:20:38 GMT Zwierzę poruszyło się z (3, 9) na (3, 9)
19 Jan 2025 01:20:38 GMT Długość listy pozycji: 10
Lista pozycji zwierząt: {(9, 9)=[◥, v, ^, >, ^, <, ◢, ^, <, v, ◥, v, ◣, ◣, ◥, ◢, >, <, >], (2, 5)=[◤], (6, 9)=[◣], (3, 8)=[◤], (3, 9)=[◣], (0, 7)=[>], (9, 0)=[◤], (0, 8)=[], (1, 9)=[◢], (9, 4)=[◣]}
19 Jan 2025 01:20:38 GMT Zwierzę poruszyło się z (2, 5) na (2, 5)
19 Jan 2025 01:20:38 GMT Długość listy pozycji: 10
Lista pozycji zwierząt: {(9, 9)=[◥, v, ^, >, ^, <, ◢, ^, <, v, ◥, v, ◣, ◣, ◥, ◢, <, <, <], (2, 5)=[◤], (6, 9)=[◣], (3, 8)=[◤], (3, 9)=[◣], (9, 0)=[◤], (0, 8)=[], (1, 9)=[◢], (9, 4)=[◣], (9, 7)=[<]}
19 Jan 2025 01:20:38 GMT Zwierzę poruszyło się z (0, 7) na (9, 7)
19 Jan 2025 01:20:38 GMT Zwierzę zjadło roślinkę na (9, 4)
19 Jan 2025 01:20:38 GMT Zwierze zostało położone na (9, 9)
19 Jan 2025 01:20:38 GMT Urodziło się nowe zwierzę na (9, 9)
19 Jan 2025 01:20:39 GMT Roślinka wyrosła na null
19 Jan 2025 01:20:39 GMT Roślinka wyrosła na null
19 Jan 2025 01:20:39 GMT Roślinka wyrosła na null
19 Jan 2025 01:20:39 GMT Roślinka wyrosła na null
19 Jan 2025 01:20:39 GMT Roślinka wyrosła na null
19 Jan 2025 01:20:39 GMT Roślinka wyrosła na null
19 Jan 2025 01:20:39 GMT Roślinka wyrosła na null
19 Jan 2025 01:20:39 GMT Roślinka wyrosła na null
19 Jan 2025 01:20:39 GMT Roślinka wyrosła na null
19 Jan 2025 01:20:39 GMT Roślinka wyrosła na null
19 Jan 2025 01:20:39 GMT Długość listy pozycji: 10
Lista pozycji zwierząt: {(9, 9)=[>, ◥, v, ^, >, ^, <, ◢, ^, <, v, ◥, v, ◣, ◣, ◥, ◢, <, <, <], (2, 5)=[◤], (6, 9)=[◣], (3, 8)=[◤], (3, 9)=[◣], (9, 0)=[^], (0, 8)=[], (1, 9)=[◢], (9, 4)=[◣], (9, 7)=[<]}
19 Jan 2025 01:20:39 GMT Zwierzę poruszyło się z (9, 0) na (9, 0)
19 Jan 2025 01:20:39 GMT Długość listy pozycji: 10
Lista pozycji zwierząt: {(9, 9)=[>, ◥, v, ^, >, ^, <, ◢, ^, <, v, ◥, v, ◣, ◣, ◥, ◢, <, <, <], (2, 5)=[◤], (6, 9)=[v], (3, 8)=[◤], (3, 9)=[◣], (9, 0)=[^], (0, 8)=[], (1, 9)=[◢], (9, 4)=[◣], (9, 7)=[<]}
19 Jan 2025 01:20:39 GMT Zwierzę poruszyło się z (6, 9) na (6, 9)
19 Jan 2025 01:20:39 GMT Długość listy pozycji: 10
Lista pozycji zwierząt: {(9, 9)=[>, ◥, v, ^, >, ^, <, ◢, ^, <, v, ◥, v, ◣, ◣, ◥, ◢, <, <, <], (2, 5)=[◤], (6, 9)=[v], (3, 8)=[◤], (3, 9)=[◣], (9, 0)=[^], (0, 8)=[], (1, 9)=[◢], (9, 4)=[◣], (9, 7)=[<]}
19 Jan 2025 01:20:39 GMT Zwierzę poruszyło się z (1, 9) na (1, 9)
19 Jan 2025 01:20:39 GMT Długość listy pozycji: 10
Lista pozycji zwierząt: {(9, 9)=[>, ◥, v, ^, >, ^, <, ◢, ^, <, v, ◥, v, ◣, ◣, ◥, ◢, <, <, <], (2, 5)=[◤], (6, 9)=[v], (3, 8)=[>], (3, 9)=[◣], (9, 0)=[^], (0, 8)=[], (1, 9)=[◢], (9, 4)=[◣], (9, 7)=[<]}
19 Jan 2025 01:20:39 GMT Zwierzę poruszyło się z (3, 8) na (3, 8)
19 Jan 2025 01:20:39 GMT Długość listy pozycji: 10
Lista pozycji zwierząt: {(9, 9)=[>, ◥, v, ^, >, ^, <, ◢, ^, <, v, ◥, v, ◣, ◣, ◥, ◢, <, <, <], (2, 5)=[◤], (6, 9)=[v], (3, 8)=[>], (3, 9)=[◣], (9, 0)=[^], (0, 8)=[], (1, 9)=[◢], (9, 4)=[◤], (9, 7)=[<]}
19 Jan 2025 01:20:39 GMT Zwierzę poruszyło się z (9, 4) na (9, 4)
19 Jan 2025 01:20:39 GMT Długość listy pozycji: 10
Lista pozycji zwierząt: {(9, 9)=[>, ◥, v, ^, >, ^, <, ◢, ^, <, v, ◥, v, ◣, ◣, ◥, ◢, <, <, <], (2, 5)=[◤], (6, 9)=[v], (3, 8)=[>], (3, 9)=[◢], (9, 0)=[^], (0, 8)=[], (1, 9)=[◢], (9, 4)=[◤], (9, 7)=[<]}
19 Jan 2025 01:20:39 GMT Zwierzę poruszyło się z (3, 9) na (3, 9)
19 Jan 2025 01:20:39 GMT Długość listy pozycji: 10
Lista pozycji zwierząt: {(9, 9)=[>, ◥, v, ^, >, ^, <, ◢, ^, <, v, ◥, v, ◣, ◣, ◥, ◢, <, <, <], (2, 5)=[◣], (6, 9)=[v], (3, 8)=[>], (3, 9)=[◢], (9, 0)=[^], (0, 8)=[], (1, 9)=[◢], (9, 4)=[◤], (9, 7)=[<]}
19 Jan 2025 01:20:39 GMT Zwierzę poruszyło się z (2, 5) na (2, 5)
19 Jan 2025 01:20:40 GMT Długość listy pozycji: 10
Lista pozycji zwierząt: {(9, 9)=[>, ◥, v, ^, >, ^, <, ◢, ^, <, v, ◥, v, ◣, ◣, ◥, ◢, ◤, <, ◤], (2, 5)=[◣], (6, 9)=[v], (3, 8)=[>], (3, 9)=[◢], (9, 0)=[^], (0, 8)=[], (1, 9)=[◢], (9, 4)=[◤], (9, 7)=[◤]}
19 Jan 2025 01:20:40 GMT Zwierzę poruszyło się z (9, 7) na (9, 7)
19 Jan 2025 01:20:40 GMT Zwierze zostało położone na (9, 9)
19 Jan 2025 01:20:40 GMT Urodziło się nowe zwierzę na (9, 9)
19 Jan 2025 01:20:40 GMT Roślinka wyrosła na null
19 Jan 2025 01:20:40 GMT Roślinka wyrosła na null
19 Jan 2025 01:20:40 GMT Roślinka wyrosła na null
19 Jan 2025 01:20:40 GMT Roślinka wyrosła na null
19 Jan 2025 01:20:40 GMT Roślinka wyrosła na null
19 Jan 2025 01:20:40 GMT Roślinka wyrosła na null
19 Jan 2025 01:20:40 GMT Roślinka wyrosła na null
19 Jan 2025 01:20:40 GMT Roślinka wyrosła na null
19 Jan 2025 01:20:40 GMT Roślinka wyrosła na null
19 Jan 2025 01:20:40 GMT Roślinka wyrosła na null
19 Jan 2025 01:20:40 GMT Długość listy pozycji: 10
Lista pozycji zwierząt: {(9, 9)=[v, >, ◥, v, ^, >, ^, <, ◢, ^, <, v, ◥, v, ◣, ◣, ◥, ◢, ◤, <, ◤], (2, 5)=[◣], (6, 9)=[v], (3, 8)=[>], (3, 9)=[◢], (9, 0)=[◤], (0, 8)=[], (1, 9)=[◢], (9, 4)=[◤], (9, 7)=[◤]}
19 Jan 2025 01:20:40 GMT Zwierzę poruszyło się z (9, 0) na (9, 0)
19 Jan 2025 01:20:40 GMT Długość listy pozycji: 10
Lista pozycji zwierząt: {(9, 9)=[v, >, ◥, v, ^, >, ^, <, ◢, ^, <, v, ◥, v, ◣, ◣, ◥, ◢, ◤, <, ◤], (2, 5)=[◣], (6, 9)=[v], (3, 8)=[>], (3, 9)=[◢], (9, 0)=[◤], (0, 8)=[], (1, 9)=[◢], (9, 4)=[◤], (9, 7)=[◤]}
19 Jan 2025 01:20:40 GMT Zwierzę poruszyło się z (6, 9) na (6, 9)
19 Jan 2025 01:20:40 GMT Długość listy pozycji: 10
Lista pozycji zwierząt: {(9, 9)=[v, >, ◥, v, ^, >, ^, <, ◢, ^, <, v, ◥, v, ◣, ◣, ◥, ◢, ◤, <, ◤], (2, 5)=[◣], (6, 9)=[v], (3, 8)=[>], (3, 9)=[◢], (9, 0)=[◤], (0, 8)=[], (1, 9)=[◣], (9, 4)=[◤], (9, 7)=[◤]}
19 Jan 2025 01:20:40 GMT Zwierzę poruszyło się z (1, 9) na (1, 9)
19 Jan 2025 01:20:41 GMT Długość listy pozycji: 10
Lista pozycji zwierząt: {(9, 9)=[v, >, ◥, v, ^, >, ^, <, ◢, ^, <, v, ◥, v, ◣, ◣, ◥, ◢, ◤, <, ◤], (2, 5)=[◣], (6, 9)=[v], (3, 8)=[◤], (3, 9)=[◢], (9, 0)=[◤], (0, 8)=[], (1, 9)=[◣], (9, 4)=[◤], (9, 7)=[◤]}
19 Jan 2025 01:20:41 GMT Zwierzę poruszyło się z (3, 8) na (3, 8)
19 Jan 2025 01:20:41 GMT Długość listy pozycji: 10
Lista pozycji zwierząt: {(9, 9)=[v, >, ◥, v, ^, >, ^, <, ◢, ^, <, v, ◥, v, ◣, ◣, ◥, ◢, ◤, <, ◤], (2, 5)=[◣], (6, 9)=[v], (3, 8)=[◤], (3, 9)=[◢], (9, 0)=[◤], (0, 8)=[], (1, 9)=[◣], (9, 4)=[v], (9, 7)=[◤]}
19 Jan 2025 01:20:41 GMT Zwierzę poruszyło się z (9, 4) na (9, 4)
19 Jan 2025 01:20:41 GMT Długość listy pozycji: 10
Lista pozycji zwierząt: {(9, 9)=[v, >, ◥, v, ^, >, ^, <, ◢, ^, <, v, ◥, v, ◣, ◣, ◥, ◢, ◤, <, ◤], (2, 5)=[◣], (6, 9)=[v], (3, 8)=[◤], (3, 9)=[<], (9, 0)=[◤], (0, 8)=[], (1, 9)=[◣], (9, 4)=[v], (9, 7)=[◤]}
19 Jan 2025 01:20:41 GMT Zwierzę poruszyło się z (3, 9) na (3, 9)
19 Jan 2025 01:20:41 GMT Długość listy pozycji: 10
Lista pozycji zwierząt: {(9, 9)=[v, >, ◥, v, ^, >, ^, <, ◢, ^, <, v, ◥, v, ◣, ◣, ◥, ◢, ◤, <, ◤], (2, 5)=[^], (6, 9)=[v], (3, 8)=[◤], (3, 9)=[<], (9, 0)=[◤], (0, 8)=[], (1, 9)=[◣], (9, 4)=[v], (9, 7)=[◤]}
19 Jan 2025 01:20:41 GMT Zwierzę poruszyło się z (2, 5) na (2, 5)
19 Jan 2025 01:20:41 GMT Długość listy pozycji: 9
Lista pozycji zwierząt: {(9, 9)=[v, >, ◥, v, ^, >, ^, <, ◢, ^, <, v, ◥, v, ◣, ◣, ◥, ◢, ◥, <, ◥], (2, 5)=[^], (6, 9)=[v], (3, 8)=[◤], (3, 9)=[<], (9, 0)=[◤], (0, 8)=[◥], (1, 9)=[◣], (9, 4)=[v]}
19 Jan 2025 01:20:41 GMT Zwierzę poruszyło się z (9, 7) na (0, 8)
19 Jan 2025 01:20:41 GMT Zwierze zostało położone na (9, 9)
19 Jan 2025 01:20:41 GMT Urodziło się nowe zwierzę na (9, 9)
19 Jan 2025 01:20:41 GMT Roślinka wyrosła na null
19 Jan 2025 01:20:41 GMT Roślinka wyrosła na null
19 Jan 2025 01:20:41 GMT Roślinka wyrosła na null
19 Jan 2025 01:20:41 GMT Roślinka wyrosła na null
19 Jan 2025 01:20:41 GMT Roślinka wyrosła na null
19 Jan 2025 01:20:41 GMT Roślinka wyrosła na null
19 Jan 2025 01:20:41 GMT Roślinka wyrosła na null
19 Jan 2025 01:20:41 GMT Roślinka wyrosła na null
19 Jan 2025 01:20:41 GMT Roślinka wyrosła na null
19 Jan 2025 01:20:41 GMT Roślinka wyrosła na null
19 Jan 2025 01:20:42 GMT Długość listy pozycji: 9
Lista pozycji zwierząt: {(9, 9)=[◥, v, >, ◥, v, ^, >, ^, <, ◢, ^, <, v, ◥, v, ◣, ◣, ◥, ◢, ◥, <, ◥], (2, 5)=[^], (6, 9)=[v], (3, 8)=[◤], (3, 9)=[<], (9, 0)=[^], (0, 8)=[◥], (1, 9)=[◣], (9, 4)=[v]}
19 Jan 2025 01:20:42 GMT Zwierzę poruszyło się z (9, 0) na (9, 0)
19 Jan 2025 01:20:42 GMT Długość listy pozycji: 9
Lista pozycji zwierząt: {(9, 9)=[◥, v, >, ◥, v, ^, >, ^, <, ◢, ^, <, v, ◥, v, ◣, ◣, ◥, ◢, ◥, <, ◥], (2, 5)=[^], (6, 9)=[>], (3, 8)=[◤], (3, 9)=[<], (9, 0)=[^], (0, 8)=[◥], (1, 9)=[◣], (9, 4)=[v]}
19 Jan 2025 01:20:42 GMT Zwierzę poruszyło się z (6, 9) na (6, 9)
19 Jan 2025 01:20:42 GMT Długość listy pozycji: 9
Lista pozycji zwierząt: {(9, 9)=[◥, v, >, ◥, v, ^, >, ^, <, ◢, ^, <, v, ◥, v, ◣, ◣, ◥, ◢, ◥, <, ◥], (2, 5)=[^], (6, 9)=[>], (3, 8)=[◤], (3, 9)=[<], (9, 0)=[^], (0, 8)=[◥], (1, 9)=[◢], (9, 4)=[v]}
19 Jan 2025 01:20:42 GMT Zwierzę poruszyło się z (1, 9) na (1, 9)
19 Jan 2025 01:20:42 GMT Długość listy pozycji: 9
Lista pozycji zwierząt: {(9, 9)=[◥, v, >, ◥, v, ^, >, ^, <, ◢, ^, <, v, ◥, v, ◣, ◣, ◥, ◢, ◥, <, ◥], (2, 5)=[^], (6, 9)=[>], (3, 8)=[◥], (3, 9)=[<], (9, 0)=[^], (0, 8)=[◥], (1, 9)=[◢], (9, 4)=[v]}
19 Jan 2025 01:20:42 GMT Zwierzę poruszyło się z (3, 8) na (3, 8)
19 Jan 2025 01:20:42 GMT Długość listy pozycji: 9
Lista pozycji zwierząt: {(9, 9)=[◥, v, >, ◥, v, ^, >, ^, <, ◢, ^, <, v, ◥, v, ◣, ◣, ◥, ◢, ◥, <, ◥], (2, 5)=[^], (6, 9)=[>], (3, 8)=[◥], (3, 9)=[<], (9, 0)=[^], (0, 8)=[◥], (1, 9)=[◢], (9, 4)=[◤]}
19 Jan 2025 01:20:42 GMT Zwierzę poruszyło się z (9, 4) na (9, 4)
19 Jan 2025 01:20:42 GMT Długość listy pozycji: 9
Lista pozycji zwierząt: {(9, 9)=[◥, v, >, ◥, v, ^, >, ^, <, ◢, ^, <, v, ◥, v, ◣, ◣, ◥, ◢, ◥, <, ◥], (2, 5)=[^], (6, 9)=[>], (3, 8)=[◥], (3, 9)=[◢], (9, 0)=[^], (0, 8)=[◥], (1, 9)=[◢], (9, 4)=[◤]}
19 Jan 2025 01:20:42 GMT Zwierzę poruszyło się z (3, 9) na (3, 9)
19 Jan 2025 01:20:42 GMT Długość listy pozycji: 9
Lista pozycji zwierząt: {(9, 9)=[◥, v, >, ◥, v, ^, >, ^, <, ◢, ^, <, v, ◥, v, ◣, ◣, ◥, ◢, ◥, <, ◥], (2, 5)=[>], (6, 9)=[>], (3, 8)=[◥], (3, 9)=[◢], (9, 0)=[^], (0, 8)=[◥], (1, 9)=[◢], (9, 4)=[◤]}
19 Jan 2025 01:20:42 GMT Zwierzę poruszyło się z (2, 5) na (2, 5)
19 Jan 2025 01:20:42 GMT Długość listy pozycji: 9
Lista pozycji zwierząt: {(9, 9)=[◥, v, >, ◥, v, ^, >, ^, <, ◢, ^, <, v, ◥, v, ◣, ◣, ◥, ◢, v, <, v], (2, 5)=[>], (6, 9)=[>], (3, 8)=[◥], (3, 9)=[◢], (9, 0)=[^], (0, 8)=[v], (1, 9)=[◢], (9, 4)=[◤]}
19 Jan 2025 01:20:42 GMT Zwierzę poruszyło się z (0, 8) na (0, 8)
19 Jan 2025 01:20:43 GMT Zwierze zostało położone na (9, 9)
19 Jan 2025 01:20:43 GMT Urodziło się nowe zwierzę na (9, 9)
19 Jan 2025 01:20:43 GMT Roślinka wyrosła na null
19 Jan 2025 01:20:43 GMT Roślinka wyrosła na null
19 Jan 2025 01:20:43 GMT Roślinka wyrosła na null
19 Jan 2025 01:20:43 GMT Roślinka wyrosła na null
19 Jan 2025 01:20:43 GMT Roślinka wyrosła na null
19 Jan 2025 01:20:43 GMT Roślinka wyrosła na null
19 Jan 2025 01:20:43 GMT Roślinka wyrosła na null
19 Jan 2025 01:20:43 GMT Roślinka wyrosła na null
19 Jan 2025 01:20:43 GMT Roślinka wyrosła na null
19 Jan 2025 01:20:43 GMT Roślinka wyrosła na null
19 Jan 2025 01:20:43 GMT Długość listy pozycji: 9
Lista pozycji zwierząt: {(9, 9)=[◢, ◥, v, >, ◥, v, ^, >, ^, <, ◢, ^, <, v, ◥, v, ◣, ◣, ◥, ◢, v, <, v], (2, 5)=[>], (6, 9)=[>], (3, 8)=[◥], (3, 9)=[◢], (9, 0)=[◥], (0, 8)=[v], (1, 9)=[◢], (9, 4)=[◤]}
19 Jan 2025 01:20:43 GMT Zwierzę poruszyło się z (9, 0) na (9, 0)
19 Jan 2025 01:20:43 GMT Długość listy pozycji: 9
Lista pozycji zwierząt: {(9, 9)=[◢, ◥, v, >, ◥, v, ^, >, ^, <, ◢, ^, <, v, ◥, v, ◣, ◣, ◥, ◢, v, <, v], (2, 5)=[>], (6, 9)=[◢], (3, 8)=[◥], (3, 9)=[◢], (9, 0)=[◥], (0, 8)=[v], (1, 9)=[◢], (9, 4)=[◤]}
19 Jan 2025 01:20:43 GMT Zwierzę poruszyło się z (6, 9) na (6, 9)
19 Jan 2025 01:20:43 GMT Długość listy pozycji: 9
Lista pozycji zwierząt: {(9, 9)=[◢, ◥, v, >, ◥, v, ^, >, ^, <, ◢, ^, <, v, ◥, v, ◣, ◣, ◥, ◢, v, <, v], (2, 5)=[>], (6, 9)=[◢], (3, 8)=[◥], (3, 9)=[◢], (9, 0)=[◥], (0, 8)=[v], (1, 9)=[v], (9, 4)=[◤]}
19 Jan 2025 01:20:43 GMT Zwierzę poruszyło się z (1, 9) na (1, 9)
19 Jan 2025 01:20:43 GMT Długość listy pozycji: 9
Lista pozycji zwierząt: {(9, 9)=[◢, ◥, v, >, ◥, v, ^, >, ^, <, ◢, ^, <, v, ◥, v, ◣, ◣, ◥, ◢, v, <, v], (2, 5)=[>], (6, 9)=[◢], (3, 8)=[◤], (3, 9)=[◢], (9, 0)=[◥], (0, 8)=[v], (1, 9)=[v], (9, 4)=[◤]}
19 Jan 2025 01:20:43 GMT Zwierzę poruszyło się z (3, 8) na (3, 8)
19 Jan 2025 01:20:44 GMT Długość listy pozycji: 9
Lista pozycji zwierząt: {(9, 9)=[◢, ◥, v, >, ◥, v, ^, >, ^, <, ◢, ^, <, v, ◥, v, ◣, ◣, ◥, ◢, v, <, v], (2, 5)=[>], (6, 9)=[◢], (3, 8)=[◤], (3, 9)=[◢], (9, 0)=[◥], (0, 8)=[v], (1, 9)=[v], (9, 4)=[v]}
19 Jan 2025 01:20:44 GMT Zwierzę poruszyło się z (9, 4) na (9, 4)
19 Jan 2025 01:20:44 GMT Długość listy pozycji: 9
Lista pozycji zwierząt: {(9, 9)=[◢, ◥, v, >, ◥, v, ^, >, ^, <, ◢, ^, <, v, ◥, v, ◣, ◣, ◥, ◢, v, <, v], (2, 5)=[>], (6, 9)=[◢], (3, 8)=[◤], (3, 9)=[v], (9, 0)=[◥], (0, 8)=[v], (1, 9)=[v], (9, 4)=[v]}
19 Jan 2025 01:20:44 GMT Zwierzę poruszyło się z (3, 9) na (3, 9)
19 Jan 2025 01:20:44 GMT Długość listy pozycji: 9
Lista pozycji zwierząt: {(9, 9)=[◢, ◥, v, >, ◥, v, ^, >, ^, <, ◢, ^, <, v, ◥, v, ◣, ◣, ◥, ◢, v, <, v], (2, 5)=[◤], (6, 9)=[◢], (3, 8)=[◤], (3, 9)=[v], (9, 0)=[◥], (0, 8)=[v], (1, 9)=[v], (9, 4)=[v]}
19 Jan 2025 01:20:44 GMT Zwierzę poruszyło się z (2, 5) na (2, 5)
19 Jan 2025 01:20:44 GMT Długość listy pozycji: 8
Lista pozycji zwierząt: {(9, 9)=[◤, ◢, ◥, v, >, ◥, v, ^, >, ^, <, ◢, ^, <, v, ◥, v, ◣, ◣, ◥, ◢, ◤, <, ◤], (2, 5)=[◤], (6, 9)=[◢], (3, 8)=[◤], (3, 9)=[v], (9, 0)=[◥], (1, 9)=[v], (9, 4)=[v]}
19 Jan 2025 01:20:44 GMT Zwierzę poruszyło się z (0, 8) na (9, 9)
19 Jan 2025 01:20:44 GMT Zwierze zostało położone na (9, 9)
19 Jan 2025 01:20:44 GMT Urodziło się nowe zwierzę na (9, 9)
19 Jan 2025 01:20:44 GMT Roślinka wyrosła na null
19 Jan 2025 01:20:44 GMT Roślinka wyrosła na null
19 Jan 2025 01:20:44 GMT Roślinka wyrosła na null
19 Jan 2025 01:20:44 GMT Roślinka wyrosła na null
19 Jan 2025 01:20:44 GMT Roślinka wyrosła na null
19 Jan 2025 01:20:44 GMT Roślinka wyrosła na null
19 Jan 2025 01:20:44 GMT Roślinka wyrosła na null
19 Jan 2025 01:20:44 GMT Roślinka wyrosła na null
19 Jan 2025 01:20:44 GMT Roślinka wyrosła na null
19 Jan 2025 01:20:44 GMT Roślinka wyrosła na null
19 Jan 2025 01:20:45 GMT Długość listy pozycji: 8
Lista pozycji zwierząt: {(9, 9)=[◤, ◢, >, ◥, v, >, ◥, v, ^, >, ^, <, ◢, ^, <, v, ◥, v, ◣, ◣, ◥, ◢, ◤, <, ◤], (0, 1)=[◥], (2, 5)=[◤], (6, 9)=[◢], (3, 8)=[◤], (3, 9)=[v], (1, 9)=[v], (9, 4)=[v]}
19 Jan 2025 01:20:45 GMT Zwierzę poruszyło się z (9, 0) na (0, 1)
19 Jan 2025 01:20:45 GMT Długość listy pozycji: 8
Lista pozycji zwierząt: {(9, 9)=[◤, ◢, >, ◥, v, >, ◥, v, ^, >, ^, <, ◢, ^, <, v, ◥, v, ◣, ◣, ◥, ◢, ◤, <, ◤], (0, 1)=[◥], (2, 5)=[◤], (6, 9)=[◣], (3, 8)=[◤], (3, 9)=[v], (1, 9)=[v], (9, 4)=[v]}
19 Jan 2025 01:20:45 GMT Zwierzę poruszyło się z (6, 9) na (6, 9)
19 Jan 2025 01:20:45 GMT Długość listy pozycji: 8
Lista pozycji zwierząt: {(9, 9)=[◤, ◢, >, ◥, v, >, ◥, v, ^, >, ^, <, ◢, ^, <, v, ◥, v, ◣, ◣, ◥, ◢, ◤, <, ◤], (0, 1)=[◥], (2, 5)=[◤], (6, 9)=[◣], (3, 8)=[◤], (3, 9)=[v], (1, 9)=[◣], (9, 4)=[v]}
19 Jan 2025 01:20:45 GMT Zwierzę poruszyło się z (1, 9) na (1, 9)
19 Jan 2025 01:20:45 GMT Długość listy pozycji: 8
Lista pozycji zwierząt: {(9, 9)=[◤, ◢, >, ◥, v, >, ◥, v, ^, >, ^, <, ◢, ^, <, v, ◥, v, ◣, ◣, ◥, ◢, ◤, <, ◤], (0, 1)=[◥], (2, 5)=[◤], (6, 9)=[◣], (3, 8)=[◣], (3, 9)=[v], (1, 9)=[◣], (9, 4)=[v]}
19 Jan 2025 01:20:45 GMT Zwierzę poruszyło się z (3, 8) na (3, 8)
19 Jan 2025 01:20:45 GMT Długość listy pozycji: 8
Lista pozycji zwierząt: {(9, 9)=[◤, ◢, >, ◥, v, >, ◥, v, ^, >, ^, <, ◢, ^, <, v, ◥, v, ◣, ◣, ◥, ◢, ◤, <, ◤], (0, 1)=[◥], (2, 5)=[◤], (6, 9)=[◣], (3, 8)=[◣], (3, 9)=[v], (1, 9)=[◣], (9, 4)=[^]}
19 Jan 2025 01:20:45 GMT Zwierzę poruszyło się z (9, 4) na (9, 4)
19 Jan 2025 01:20:45 GMT Długość listy pozycji: 8
Lista pozycji zwierząt: {(9, 9)=[◤, ◢, >, ◥, v, >, ◥, v, ^, >, ^, <, ◢, ^, <, v, ◥, v, ◣, ◣, ◥, ◢, ◤, <, ◤], (0, 1)=[◥], (2, 5)=[◤], (6, 9)=[◣], (3, 8)=[◣], (3, 9)=[v], (1, 9)=[◣], (9, 4)=[^]}
19 Jan 2025 01:20:45 GMT Zwierzę poruszyło się z (3, 9) na (3, 9)
19 Jan 2025 01:20:45 GMT Długość listy pozycji: 8
Lista pozycji zwierząt: {(9, 9)=[◤, ◢, >, ◥, v, >, ◥, v, ^, >, ^, <, ◢, ^, <, v, ◥, v, ◣, ◣, ◥, ◢, ◤, <, ◤], (0, 1)=[◥], (2, 5)=[<], (6, 9)=[◣], (3, 8)=[◣], (3, 9)=[v], (1, 9)=[◣], (9, 4)=[^]}
19 Jan 2025 01:20:45 GMT Zwierzę poruszyło się z (2, 5) na (2, 5)
19 Jan 2025 01:20:45 GMT Długość listy pozycji: 8
Lista pozycji zwierząt: {(9, 9)=[<, ◢, >, <, ◥, v, >, ◥, v, ^, >, ^, <, ◢, ^, <, v, ◥, v, ◣, ◣, ◥, ◢, <, <, <], (0, 1)=[◥], (2, 5)=[<], (6, 9)=[◣], (3, 8)=[◣], (3, 9)=[v], (1, 9)=[◣], (9, 4)=[^]}
19 Jan 2025 01:20:45 GMT Zwierzę poruszyło się z (9, 9) na (9, 9)
19 Jan 2025 01:20:45 GMT Zwierzę zjadło roślinkę na (0, 1)
