19 Jan 2025 01:05:43 GMT Zwierze zostało położone na (1, 8)
19 Jan 2025 01:05:43 GMT Zwierze zostało położone na (0, 3)
19 Jan 2025 01:05:43 GMT Zwierze zostało położone na (2, 2)
19 Jan 2025 01:05:43 GMT Zwierze zostało położone na (0, 5)
19 Jan 2025 01:05:43 GMT Zwierze zostało położone na (3, 8)
19 Jan 2025 01:05:44 GMT Zwierze zostało położone na (3, 5)
19 Jan 2025 01:05:44 GMT Zwierze zostało położone na (0, 1)
19 Jan 2025 01:05:44 GMT Zwierze zostało położone na (3, 4)
19 Jan 2025 01:05:44 GMT Zwierze zostało położone na (0, 7)
19 Jan 2025 01:05:44 GMT Zwierze zostało położone na (0, 7)
19 Jan 2025 01:05:44 GMT Długość listy pozycji: 9
Lista pozycji zwierząt: {(2, 2)=[◣], (3, 4)=[◢], (0, 1)=[v], (3, 5)=[^], (0, 3)=[<], (3, 8)=[<], (0, 5)=[<], (0, 7)=[v, >], (1, 8)=[>]}
19 Jan 2025 01:05:44 GMT Zwierzę poruszyło się z (1, 8) na (1, 8)
19 Jan 2025 01:05:44 GMT Długość listy pozycji: 9
Lista pozycji zwierząt: {(2, 2)=[◣], (3, 4)=[◢], (0, 1)=[v], (3, 5)=[^], (0, 3)=[v], (3, 8)=[<], (0, 5)=[<], (0, 7)=[v, >], (1, 8)=[>]}
19 Jan 2025 01:05:44 GMT Zwierzę poruszyło się z (0, 3) na (0, 3)
19 Jan 2025 01:05:44 GMT Długość listy pozycji: 9
Lista pozycji zwierząt: {(2, 2)=[>], (3, 4)=[◢], (0, 1)=[v], (3, 5)=[^], (0, 3)=[v], (3, 8)=[<], (0, 5)=[<], (0, 7)=[v, >], (1, 8)=[>]}
19 Jan 2025 01:05:44 GMT Zwierzę poruszyło się z (2, 2) na (2, 2)
19 Jan 2025 01:05:44 GMT Długość listy pozycji: 9
Lista pozycji zwierząt: {(2, 2)=[>], (3, 4)=[◢], (0, 1)=[v], (3, 5)=[^], (0, 3)=[v], (3, 8)=[<], (0, 5)=[v], (0, 7)=[v, >], (1, 8)=[>]}
19 Jan 2025 01:05:44 GMT Zwierzę poruszyło się z (0, 5) na (0, 5)
19 Jan 2025 01:05:44 GMT Długość listy pozycji: 9
Lista pozycji zwierząt: {(2, 2)=[>], (3, 4)=[◢], (0, 1)=[v], (3, 5)=[^], (0, 3)=[v], (3, 8)=[v], (0, 5)=[v], (0, 7)=[v, >], (1, 8)=[>]}
19 Jan 2025 01:05:44 GMT Zwierzę poruszyło się z (3, 8) na (3, 8)
19 Jan 2025 01:05:45 GMT Długość listy pozycji: 9
Lista pozycji zwierząt: {(2, 2)=[>], (3, 4)=[◢], (0, 1)=[v], (3, 5)=[^], (0, 3)=[v], (3, 8)=[v], (0, 5)=[v], (0, 7)=[v, >], (1, 8)=[>]}
19 Jan 2025 01:05:45 GMT Zwierzę poruszyło się z (3, 5) na (3, 5)
19 Jan 2025 01:05:45 GMT Długość listy pozycji: 9
Lista pozycji zwierząt: {(2, 2)=[>], (3, 4)=[◢], (0, 1)=[^], (3, 5)=[^], (0, 3)=[v], (3, 8)=[v], (0, 5)=[v], (0, 7)=[v, >], (1, 8)=[>]}
19 Jan 2025 01:05:45 GMT Zwierzę poruszyło się z (0, 1) na (0, 1)
19 Jan 2025 01:05:45 GMT Długość listy pozycji: 9
Lista pozycji zwierząt: {(2, 2)=[>], (3, 4)=[<], (0, 1)=[^], (3, 5)=[^], (0, 3)=[v], (3, 8)=[v], (0, 5)=[v], (0, 7)=[v, >], (1, 8)=[>]}
19 Jan 2025 01:05:45 GMT Zwierzę poruszyło się z (3, 4) na (3, 4)
19 Jan 2025 01:05:45 GMT Długość listy pozycji: 9
Lista pozycji zwierząt: {(2, 2)=[>], (3, 4)=[<], (0, 1)=[^], (3, 5)=[^], (0, 3)=[v], (3, 8)=[v], (0, 5)=[v], (0, 7)=[^, >], (1, 8)=[>]}
19 Jan 2025 01:05:45 GMT Zwierzę poruszyło się z (0, 7) na (0, 7)
19 Jan 2025 01:05:45 GMT Długość listy pozycji: 9
Lista pozycji zwierząt: {(2, 2)=[>], (3, 4)=[<], (0, 1)=[^], (3, 5)=[^], (0, 3)=[v], (3, 8)=[v], (0, 5)=[v], (0, 7)=[^, v], (1, 8)=[>]}
19 Jan 2025 01:05:45 GMT Zwierzę poruszyło się z (0, 7) na (0, 7)
19 Jan 2025 01:05:45 GMT Zwierzę zjadło roślinkę na (3, 5)
19 Jan 2025 01:05:45 GMT Zwierze zostało położone na (0, 7)
19 Jan 2025 01:05:45 GMT Urodziło się nowe zwierzę na (0, 7)
19 Jan 2025 01:05:45 GMT Roślinka wyrosła na (9, 4)
19 Jan 2025 01:05:45 GMT Roślinka wyrosła na (6, 5)
19 Jan 2025 01:05:45 GMT Roślinka wyrosła na (9, 6)
19 Jan 2025 01:05:45 GMT Roślinka wyrosła na (7, 1)
19 Jan 2025 01:05:45 GMT Roślinka wyrosła na (0, 6)
19 Jan 2025 01:05:45 GMT Roślinka wyrosła na (1, 6)
19 Jan 2025 01:05:45 GMT Roślinka wyrosła na (0, 5)
19 Jan 2025 01:05:45 GMT Roślinka wyrosła na (7, 5)
19 Jan 2025 01:05:45 GMT Roślinka wyrosła na (8, 5)
19 Jan 2025 01:05:45 GMT Roślinka wyrosła na (7, 6)
19 Jan 2025 01:05:45 GMT Zwierzę umarło na (0, 7)
19 Jan 2025 01:05:46 GMT Długość listy pozycji: 9
Lista pozycji zwierząt: {(2, 2)=[>], (3, 4)=[<], (0, 1)=[^], (3, 5)=[^], (0, 3)=[v], (3, 8)=[v], (0, 5)=[v], (0, 7)=[<, v], (1, 8)=[◣]}
19 Jan 2025 01:05:46 GMT Zwierzę poruszyło się z (1, 8) na (1, 8)
19 Jan 2025 01:05:46 GMT Długość listy pozycji: 9
Lista pozycji zwierząt: {(2, 2)=[>], (3, 4)=[<], (0, 1)=[^], (3, 5)=[^], (3, 8)=[v], (0, 5)=[v], (0, 7)=[<, v], (1, 8)=[◣], (9, 2)=[◣]}
19 Jan 2025 01:05:46 GMT Zwierzę poruszyło się z (0, 3) na (9, 2)
19 Jan 2025 01:05:46 GMT Długość listy pozycji: 9
Lista pozycji zwierząt: {(2, 2)=[<], (3, 4)=[<], (0, 1)=[^], (3, 5)=[^], (3, 8)=[v], (0, 5)=[v], (0, 7)=[<, v], (1, 8)=[◣], (9, 2)=[◣]}
19 Jan 2025 01:05:46 GMT Zwierzę poruszyło się z (2, 2) na (2, 2)
19 Jan 2025 01:05:46 GMT Długość listy pozycji: 9
Lista pozycji zwierząt: {(2, 2)=[<], (3, 4)=[<], (0, 1)=[^], (3, 5)=[^], (3, 8)=[v], (0, 7)=[<, v], (1, 8)=[◣], (9, 2)=[◣], (9, 5)=[<]}
19 Jan 2025 01:05:46 GMT Zwierzę poruszyło się z (0, 5) na (9, 5)
19 Jan 2025 01:05:46 GMT Długość listy pozycji: 9
Lista pozycji zwierząt: {(2, 2)=[<], (3, 4)=[<], (0, 1)=[^], (3, 5)=[^], (3, 8)=[◣], (0, 7)=[<, v], (1, 8)=[◣], (9, 2)=[◣], (9, 5)=[<]}
19 Jan 2025 01:05:46 GMT Zwierzę poruszyło się z (3, 8) na (3, 8)
19 Jan 2025 01:05:46 GMT Długość listy pozycji: 9
Lista pozycji zwierząt: {(2, 2)=[<], (3, 4)=[<], (0, 1)=[^], (3, 5)=[>], (3, 8)=[◣], (0, 7)=[<, v], (1, 8)=[◣], (9, 2)=[◣], (9, 5)=[<]}
19 Jan 2025 01:05:46 GMT Zwierzę poruszyło się z (3, 5) na (3, 5)
19 Jan 2025 01:05:46 GMT Długość listy pozycji: 8
Lista pozycji zwierząt: {(2, 2)=[<], (3, 4)=[<], (3, 5)=[>], (3, 8)=[◣], (0, 7)=[<, v], (1, 8)=[◣], (9, 2)=[◣, ◤], (9, 5)=[<]}
19 Jan 2025 01:05:46 GMT Zwierzę poruszyło się z (0, 1) na (9, 2)
19 Jan 2025 01:05:46 GMT Długość listy pozycji: 8
Lista pozycji zwierząt: {(2, 2)=[<], (3, 4)=[>], (3, 5)=[>], (3, 8)=[◣], (0, 7)=[<, v], (1, 8)=[◣], (9, 2)=[◣, ◤], (9, 5)=[<]}
19 Jan 2025 01:05:46 GMT Zwierzę poruszyło się z (3, 4) na (3, 4)
19 Jan 2025 01:05:46 GMT Długość listy pozycji: 9
Lista pozycji zwierząt: {(2, 2)=[<], (3, 4)=[>], (3, 5)=[>], (3, 8)=[◣], (0, 7)=[<], (1, 8)=[◣], (9, 2)=[◣, ◤], (9, 5)=[<], (9, 6)=[◣]}
19 Jan 2025 01:05:46 GMT Zwierzę poruszyło się z (0, 7) na (9, 6)
19 Jan 2025 01:05:47 GMT Zwierzę zjadło roślinkę na (9, 6)
19 Jan 2025 01:05:47 GMT Zwierze zostało położone na (9, 2)
19 Jan 2025 01:05:47 GMT Urodziło się nowe zwierzę na (9, 2)
19 Jan 2025 01:05:47 GMT Roślinka wyrosła na (9, 2)
19 Jan 2025 01:05:47 GMT Roślinka wyrosła na (9, 5)
19 Jan 2025 01:05:47 GMT Roślinka wyrosła na (5, 6)
19 Jan 2025 01:05:47 GMT Roślinka wyrosła na (2, 5)
19 Jan 2025 01:05:47 GMT Roślinka wyrosła na (8, 6)
19 Jan 2025 01:05:47 GMT Roślinka wyrosła na (7, 4)
19 Jan 2025 01:05:47 GMT Roślinka wyrosła na (5, 9)
19 Jan 2025 01:05:47 GMT Roślinka wyrosła na (3, 2)
19 Jan 2025 01:05:47 GMT Roślinka wyrosła na (3, 9)
19 Jan 2025 01:05:47 GMT Roślinka wyrosła na (4, 7)
19 Jan 2025 01:05:48 GMT Zwierzę umarło na (9, 2)
19 Jan 2025 01:05:48 GMT Długość listy pozycji: 9
Lista pozycji zwierząt: {(2, 2)=[<], (3, 4)=[>], (3, 5)=[>], (3, 8)=[◣], (0, 7)=[<], (1, 8)=[◣], (9, 2)=[◢, ◤], (9, 5)=[<], (9, 6)=[◣]}
19 Jan 2025 01:05:48 GMT Zwierzę poruszyło się z (1, 8) na (1, 8)
19 Jan 2025 01:05:48 GMT Długość listy pozycji: 9
Lista pozycji zwierząt: {(2, 2)=[◢], (3, 4)=[>], (3, 5)=[>], (3, 8)=[◣], (0, 7)=[<], (1, 8)=[◣], (9, 2)=[◢, ◤], (9, 5)=[<], (9, 6)=[◣]}
19 Jan 2025 01:05:48 GMT Zwierzę poruszyło się z (2, 2) na (2, 2)
19 Jan 2025 01:05:48 GMT Długość listy pozycji: 9
Lista pozycji zwierząt: {(2, 2)=[◢], (3, 4)=[>], (3, 5)=[>], (3, 8)=[◣], (0, 7)=[<], (1, 8)=[◣], (9, 2)=[◢, ◤], (9, 5)=[^], (9, 6)=[◣]}
19 Jan 2025 01:05:48 GMT Zwierzę poruszyło się z (9, 5) na (9, 5)
19 Jan 2025 01:05:48 GMT Długość listy pozycji: 9
Lista pozycji zwierząt: {(2, 2)=[◢], (3, 4)=[>], (3, 5)=[>], (3, 8)=[◢], (0, 7)=[<], (1, 8)=[◣], (9, 2)=[◢, ◤], (9, 5)=[^], (9, 6)=[◣]}
19 Jan 2025 01:05:48 GMT Zwierzę poruszyło się z (3, 8) na (3, 8)
19 Jan 2025 01:05:48 GMT Długość listy pozycji: 9
Lista pozycji zwierząt: {(2, 2)=[◢], (3, 4)=[>], (3, 5)=[^], (3, 8)=[◢], (0, 7)=[<], (1, 8)=[◣], (9, 2)=[◢, ◤], (9, 5)=[^], (9, 6)=[◣]}
19 Jan 2025 01:05:48 GMT Zwierzę poruszyło się z (3, 5) na (3, 5)
19 Jan 2025 01:05:48 GMT Długość listy pozycji: 10
Lista pozycji zwierząt: {(2, 2)=[◢], (0, 1)=[◢], (3, 4)=[>], (3, 5)=[^], (3, 8)=[◢], (0, 7)=[<], (1, 8)=[◣], (9, 2)=[◢], (9, 5)=[^], (9, 6)=[◣]}
19 Jan 2025 01:05:48 GMT Zwierzę poruszyło się z (9, 2) na (0, 1)
19 Jan 2025 01:05:49 GMT Długość listy pozycji: 10
Lista pozycji zwierząt: {(2, 2)=[◢], (0, 1)=[◢], (3, 4)=[v], (3, 5)=[^], (3, 8)=[◢], (0, 7)=[<], (1, 8)=[◣], (9, 2)=[◢], (9, 5)=[^], (9, 6)=[◣]}
19 Jan 2025 01:05:49 GMT Zwierzę poruszyło się z (3, 4) na (3, 4)
19 Jan 2025 01:05:49 GMT Długość listy pozycji: 10
Lista pozycji zwierząt: {(2, 2)=[◢], (0, 1)=[◢], (3, 4)=[v], (3, 5)=[^], (0, 5)=[◢], (3, 8)=[◢], (0, 7)=[<], (1, 8)=[◣], (9, 2)=[◢], (9, 5)=[^]}
19 Jan 2025 01:05:49 GMT Zwierzę poruszyło się z (9, 6) na (0, 5)
19 Jan 2025 01:05:49 GMT Zwierzę zjadło roślinkę na (0, 5)
19 Jan 2025 01:05:49 GMT Zwierzę zjadło roślinkę na (9, 2)
19 Jan 2025 01:05:49 GMT Zwierzę zjadło roślinkę na (9, 5)
19 Jan 2025 01:05:49 GMT Roślinka wyrosła na (5, 0)
19 Jan 2025 01:05:49 GMT Roślinka wyrosła na (7, 9)
19 Jan 2025 01:05:49 GMT Roślinka wyrosła na (8, 4)
19 Jan 2025 01:05:49 GMT Roślinka wyrosła na (5, 8)
19 Jan 2025 01:05:49 GMT Roślinka wyrosła na (6, 8)
19 Jan 2025 01:05:49 GMT Roślinka wyrosła na (0, 8)
19 Jan 2025 01:05:49 GMT Roślinka wyrosła na (7, 7)
19 Jan 2025 01:05:49 GMT Roślinka wyrosła na (1, 3)
19 Jan 2025 01:05:49 GMT Roślinka wyrosła na (2, 2)
19 Jan 2025 01:05:49 GMT Roślinka wyrosła na (7, 8)
19 Jan 2025 01:05:49 GMT Długość listy pozycji: 10
Lista pozycji zwierząt: {(2, 2)=[◢], (0, 1)=[◢], (3, 4)=[v], (3, 5)=[^], (0, 5)=[◢], (3, 8)=[◢], (0, 7)=[<], (1, 8)=[>], (9, 2)=[◢], (9, 5)=[^]}
19 Jan 2025 01:05:49 GMT Zwierzę poruszyło się z (1, 8) na (1, 8)
19 Jan 2025 01:05:49 GMT Długość listy pozycji: 10
Lista pozycji zwierząt: {(2, 2)=[◣], (0, 1)=[◢], (3, 4)=[v], (3, 5)=[^], (0, 5)=[◢], (3, 8)=[◢], (0, 7)=[<], (1, 8)=[>], (9, 2)=[◢], (9, 5)=[^]}
19 Jan 2025 01:05:49 GMT Zwierzę poruszyło się z (2, 2) na (2, 2)
19 Jan 2025 01:05:49 GMT Długość listy pozycji: 10
Lista pozycji zwierząt: {(2, 2)=[◣], (0, 1)=[◢], (3, 4)=[v], (3, 5)=[^], (0, 5)=[◢], (3, 8)=[◢], (0, 7)=[<], (1, 8)=[>], (9, 2)=[◢], (9, 5)=[^]}
19 Jan 2025 01:05:49 GMT Zwierzę poruszyło się z (9, 5) na (9, 5)
19 Jan 2025 01:05:50 GMT Długość listy pozycji: 10
Lista pozycji zwierząt: {(2, 2)=[◣], (0, 1)=[◢], (3, 4)=[v], (3, 5)=[^], (0, 5)=[◢], (3, 8)=[◤], (0, 7)=[<], (1, 8)=[>], (9, 2)=[◢], (9, 5)=[^]}
19 Jan 2025 01:05:50 GMT Zwierzę poruszyło się z (3, 8) na (3, 8)
19 Jan 2025 01:05:50 GMT Długość listy pozycji: 10
Lista pozycji zwierząt: {(2, 2)=[◣], (0, 1)=[◢], (3, 4)=[v], (3, 5)=[<], (0, 5)=[◢], (3, 8)=[◤], (0, 7)=[<], (1, 8)=[>], (9, 2)=[◢], (9, 5)=[^]}
19 Jan 2025 01:05:50 GMT Zwierzę poruszyło się z (3, 5) na (3, 5)
19 Jan 2025 01:05:50 GMT Długość listy pozycji: 10
Lista pozycji zwierząt: {(2, 2)=[◣], (3, 4)=[v], (3, 5)=[<], (0, 5)=[◢], (3, 8)=[◤], (0, 7)=[<], (1, 8)=[>], (9, 1)=[<], (9, 2)=[◢], (9, 5)=[^]}
19 Jan 2025 01:05:50 GMT Zwierzę poruszyło się z (0, 1) na (9, 1)
19 Jan 2025 01:05:50 GMT Długość listy pozycji: 10
Lista pozycji zwierząt: {(2, 2)=[◣], (3, 4)=[<], (3, 5)=[<], (0, 5)=[◢], (3, 8)=[◤], (0, 7)=[<], (1, 8)=[>], (9, 1)=[<], (9, 2)=[◢], (9, 5)=[^]}
19 Jan 2025 01:05:50 GMT Zwierzę poruszyło się z (3, 4) na (3, 4)
19 Jan 2025 01:05:50 GMT Długość listy pozycji: 10
Lista pozycji zwierząt: {(2, 2)=[◣], (3, 4)=[<], (3, 5)=[<], (3, 8)=[◤], (0, 7)=[<], (1, 8)=[>], (9, 1)=[<], (9, 2)=[◢], (9, 4)=[◣], (9, 5)=[^]}
19 Jan 2025 01:05:50 GMT Zwierzę poruszyło się z (0, 5) na (9, 4)
19 Jan 2025 01:05:50 GMT Zwierzę zjadło roślinkę na (2, 2)
19 Jan 2025 01:05:50 GMT Zwierzę zjadło roślinkę na (9, 4)
19 Jan 2025 01:05:50 GMT Roślinka wyrosła na (8, 1)
19 Jan 2025 01:05:50 GMT Roślinka wyrosła na (1, 9)
19 Jan 2025 01:05:50 GMT Roślinka wyrosła na (0, 7)
19 Jan 2025 01:05:50 GMT Roślinka wyrosła na (6, 9)
19 Jan 2025 01:05:50 GMT Roślinka wyrosła na (5, 3)
19 Jan 2025 01:05:50 GMT Roślinka wyrosła na (3, 7)
19 Jan 2025 01:05:50 GMT Roślinka wyrosła na (9, 1)
19 Jan 2025 01:05:50 GMT Roślinka wyrosła na (4, 3)
19 Jan 2025 01:05:50 GMT Roślinka wyrosła na (6, 2)
19 Jan 2025 01:05:50 GMT Roślinka wyrosła na (3, 4)
19 Jan 2025 01:05:51 GMT Długość listy pozycji: 10
Lista pozycji zwierząt: {(2, 2)=[◣], (3, 4)=[<], (3, 5)=[<], (3, 8)=[◤], (0, 7)=[<], (1, 8)=[^], (9, 1)=[<], (9, 2)=[◢], (9, 4)=[◣], (9, 5)=[^]}
19 Jan 2025 01:05:51 GMT Zwierzę poruszyło się z (1, 8) na (1, 8)
19 Jan 2025 01:05:51 GMT Długość listy pozycji: 10
Lista pozycji zwierząt: {(2, 2)=[◥], (3, 4)=[<], (3, 5)=[<], (3, 8)=[◤], (0, 7)=[<], (1, 8)=[^], (9, 1)=[<], (9, 2)=[◢], (9, 4)=[◣], (9, 5)=[^]}
19 Jan 2025 01:05:51 GMT Zwierzę poruszyło się z (2, 2) na (2, 2)
19 Jan 2025 01:05:51 GMT Długość listy pozycji: 10
Lista pozycji zwierząt: {(2, 2)=[◥], (3, 4)=[<], (3, 5)=[<], (0, 5)=[>], (3, 8)=[◤], (0, 7)=[<], (1, 8)=[^], (9, 1)=[<], (9, 2)=[◢], (9, 4)=[◣]}
19 Jan 2025 01:05:51 GMT Zwierzę poruszyło się z (9, 5) na (0, 5)
19 Jan 2025 01:05:51 GMT Długość listy pozycji: 10
Lista pozycji zwierząt: {(2, 2)=[◥], (3, 4)=[<], (3, 5)=[<], (0, 5)=[>], (3, 8)=[<], (0, 7)=[<], (1, 8)=[^], (9, 1)=[<], (9, 2)=[◢], (9, 4)=[◣]}
19 Jan 2025 01:05:51 GMT Zwierzę poruszyło się z (3, 8) na (3, 8)
19 Jan 2025 01:05:51 GMT Długość listy pozycji: 10
Lista pozycji zwierząt: {(2, 2)=[◥], (3, 4)=[<], (3, 5)=[◥], (0, 5)=[>], (3, 8)=[<], (0, 7)=[<], (1, 8)=[^], (9, 1)=[<], (9, 2)=[◢], (9, 4)=[◣]}
19 Jan 2025 01:05:51 GMT Zwierzę poruszyło się z (3, 5) na (3, 5)
19 Jan 2025 01:05:51 GMT Długość listy pozycji: 10
Lista pozycji zwierząt: {(2, 2)=[◥], (3, 4)=[<], (3, 5)=[◥], (0, 5)=[>], (3, 8)=[<], (0, 7)=[<], (1, 8)=[^], (9, 1)=[v], (9, 2)=[◢], (9, 4)=[◣]}
19 Jan 2025 01:05:51 GMT Zwierzę poruszyło się z (9, 1) na (9, 1)
19 Jan 2025 01:05:51 GMT Długość listy pozycji: 10
Lista pozycji zwierząt: {(2, 2)=[◥], (3, 4)=[>], (3, 5)=[◥], (0, 5)=[>], (3, 8)=[<], (0, 7)=[<], (1, 8)=[^], (9, 1)=[v], (9, 2)=[◢], (9, 4)=[◣]}
19 Jan 2025 01:05:51 GMT Zwierzę poruszyło się z (3, 4) na (3, 4)
19 Jan 2025 01:05:51 GMT Długość listy pozycji: 10
Lista pozycji zwierząt: {(2, 2)=[◥], (3, 4)=[>], (3, 5)=[◥], (0, 4)=[>], (0, 5)=[>], (3, 8)=[<], (0, 7)=[<], (1, 8)=[^], (9, 1)=[v], (9, 2)=[◢]}
19 Jan 2025 01:05:51 GMT Zwierzę poruszyło się z (9, 4) na (0, 4)
19 Jan 2025 01:05:52 GMT Zwierzę zjadło roślinkę na (3, 4)
19 Jan 2025 01:05:52 GMT Zwierzę zjadło roślinkę na (0, 7)
19 Jan 2025 01:05:52 GMT Zwierzę zjadło roślinkę na (9, 1)
19 Jan 2025 01:05:52 GMT Roślinka wyrosła na (6, 1)
19 Jan 2025 01:05:52 GMT Roślinka wyrosła na (2, 7)
19 Jan 2025 01:05:52 GMT Roślinka wyrosła na (8, 9)
19 Jan 2025 01:05:52 GMT Roślinka wyrosła na (4, 2)
19 Jan 2025 01:05:52 GMT Roślinka wyrosła na (1, 8)
19 Jan 2025 01:05:52 GMT Roślinka wyrosła na (4, 1)
19 Jan 2025 01:05:52 GMT Roślinka wyrosła na (9, 7)
19 Jan 2025 01:05:52 GMT Roślinka wyrosła na (6, 3)
19 Jan 2025 01:05:52 GMT Roślinka wyrosła na (2, 8)
19 Jan 2025 01:05:52 GMT Roślinka wyrosła na (6, 0)
19 Jan 2025 01:05:52 GMT Długość listy pozycji: 10
Lista pozycji zwierząt: {(2, 2)=[◥], (3, 4)=[>], (3, 5)=[◥], (0, 4)=[>], (0, 5)=[>], (3, 8)=[<], (0, 7)=[<], (1, 8)=[>], (9, 1)=[v], (9, 2)=[◢]}
19 Jan 2025 01:05:52 GMT Zwierzę poruszyło się z (1, 8) na (1, 8)
19 Jan 2025 01:05:52 GMT Długość listy pozycji: 10
Lista pozycji zwierząt: {(2, 2)=[◣], (3, 4)=[>], (3, 5)=[◥], (0, 4)=[>], (0, 5)=[>], (3, 8)=[<], (0, 7)=[<], (1, 8)=[>], (9, 1)=[v], (9, 2)=[◢]}
19 Jan 2025 01:05:52 GMT Zwierzę poruszyło się z (2, 2) na (2, 2)
19 Jan 2025 01:05:52 GMT Długość listy pozycji: 10
Lista pozycji zwierząt: {(2, 2)=[◣], (3, 4)=[>], (3, 5)=[◥], (0, 4)=[>], (3, 8)=[<], (0, 7)=[<], (1, 8)=[>], (9, 1)=[v], (9, 2)=[◢], (9, 6)=[◤]}
19 Jan 2025 01:05:52 GMT Zwierzę poruszyło się z (0, 5) na (9, 6)
19 Jan 2025 01:05:52 GMT Długość listy pozycji: 10
Lista pozycji zwierząt: {(2, 2)=[◣], (3, 4)=[>], (3, 5)=[◥], (0, 4)=[>], (3, 8)=[◢], (0, 7)=[<], (1, 8)=[>], (9, 1)=[v], (9, 2)=[◢], (9, 6)=[◤]}
19 Jan 2025 01:05:52 GMT Zwierzę poruszyło się z (3, 8) na (3, 8)
19 Jan 2025 01:05:52 GMT Długość listy pozycji: 10
Lista pozycji zwierząt: {(2, 2)=[◣], (3, 4)=[>], (3, 5)=[◤], (0, 4)=[>], (3, 8)=[◢], (0, 7)=[<], (1, 8)=[>], (9, 1)=[v], (9, 2)=[◢], (9, 6)=[◤]}
19 Jan 2025 01:05:52 GMT Zwierzę poruszyło się z (3, 5) na (3, 5)
19 Jan 2025 01:05:53 GMT Długość listy pozycji: 10
Lista pozycji zwierząt: {(2, 2)=[◣], (3, 4)=[>], (0, 2)=[◥], (3, 5)=[◤], (0, 4)=[>], (3, 8)=[◢], (0, 7)=[<], (1, 8)=[>], (9, 2)=[◢], (9, 6)=[◤]}
19 Jan 2025 01:05:53 GMT Zwierzę poruszyło się z (9, 1) na (0, 2)
19 Jan 2025 01:05:53 GMT Długość listy pozycji: 10
Lista pozycji zwierząt: {(2, 2)=[◣], (3, 4)=[v], (0, 2)=[◥], (3, 5)=[◤], (0, 4)=[>], (3, 8)=[◢], (0, 7)=[<], (1, 8)=[>], (9, 2)=[◢], (9, 6)=[◤]}
19 Jan 2025 01:05:53 GMT Zwierzę poruszyło się z (3, 4) na (3, 4)
19 Jan 2025 01:05:53 GMT Długość listy pozycji: 10
Lista pozycji zwierząt: {(2, 2)=[◣], (3, 4)=[v], (0, 2)=[◥], (3, 5)=[◤], (3, 8)=[◢], (0, 7)=[<], (1, 8)=[>], (9, 2)=[◢], (9, 4)=[<], (9, 6)=[◤]}
19 Jan 2025 01:05:53 GMT Zwierzę poruszyło się z (0, 4) na (9, 4)
19 Jan 2025 01:05:53 GMT Zwierzę zjadło roślinkę na (1, 8)
19 Jan 2025 01:05:53 GMT Roślinka wyrosła na (1, 0)
19 Jan 2025 01:05:53 GMT Roślinka wyrosła na (8, 8)
19 Jan 2025 01:05:53 GMT Roślinka wyrosła na (0, 9)
19 Jan 2025 01:05:53 GMT Roślinka wyrosła na (8, 3)
19 Jan 2025 01:05:53 GMT Roślinka wyrosła na (0, 2)
19 Jan 2025 01:05:53 GMT Roślinka wyrosła na (4, 9)
19 Jan 2025 01:05:53 GMT Roślinka wyrosła na (6, 7)
19 Jan 2025 01:05:53 GMT Roślinka wyrosła na (0, 3)
19 Jan 2025 01:05:53 GMT Roślinka wyrosła na (8, 0)
19 Jan 2025 01:05:53 GMT Roślinka wyrosła na (4, 0)
19 Jan 2025 01:05:53 GMT Długość listy pozycji: 10
Lista pozycji zwierząt: {(2, 2)=[◣], (3, 4)=[v], (0, 2)=[◥], (3, 5)=[◤], (3, 8)=[◢], (0, 7)=[<], (1, 8)=[◣], (9, 2)=[◢], (9, 4)=[<], (9, 6)=[◤]}
19 Jan 2025 01:05:53 GMT Zwierzę poruszyło się z (1, 8) na (1, 8)
19 Jan 2025 01:05:53 GMT Długość listy pozycji: 10
Lista pozycji zwierząt: {(2, 2)=[>], (3, 4)=[v], (0, 2)=[◥], (3, 5)=[◤], (3, 8)=[◢], (0, 7)=[<], (1, 8)=[◣], (9, 2)=[◢], (9, 4)=[<], (9, 6)=[◤]}
19 Jan 2025 01:05:53 GMT Zwierzę poruszyło się z (2, 2) na (2, 2)
19 Jan 2025 01:05:54 GMT Długość listy pozycji: 10
Lista pozycji zwierząt: {(2, 2)=[>], (3, 4)=[v], (0, 2)=[◥], (3, 5)=[◤], (0, 5)=[◢], (3, 8)=[◢], (0, 7)=[<], (1, 8)=[◣], (9, 2)=[◢], (9, 4)=[<]}
19 Jan 2025 01:05:54 GMT Zwierzę poruszyło się z (9, 6) na (0, 5)
19 Jan 2025 01:05:54 GMT Długość listy pozycji: 10
Lista pozycji zwierząt: {(2, 2)=[>], (3, 4)=[v], (0, 2)=[◥], (3, 5)=[◤], (0, 5)=[◢], (3, 8)=[^], (0, 7)=[<], (1, 8)=[◣], (9, 2)=[◢], (9, 4)=[<]}
19 Jan 2025 01:05:54 GMT Zwierzę poruszyło się z (3, 8) na (3, 8)
19 Jan 2025 01:05:54 GMT Długość listy pozycji: 10
Lista pozycji zwierząt: {(2, 2)=[>], (3, 4)=[v], (0, 2)=[◥], (3, 5)=[◤], (0, 5)=[◢], (3, 8)=[^], (0, 7)=[<], (1, 8)=[◣], (9, 2)=[◢], (9, 4)=[<]}
19 Jan 2025 01:05:54 GMT Zwierzę poruszyło się z (3, 5) na (3, 5)
19 Jan 2025 01:05:54 GMT Długość listy pozycji: 9
Lista pozycji zwierząt: {(2, 2)=[>], (3, 4)=[v], (3, 5)=[◤], (0, 5)=[◢], (3, 8)=[^], (0, 7)=[<], (1, 8)=[◣], (9, 2)=[◢, <], (9, 4)=[<]}
19 Jan 2025 01:05:54 GMT Zwierzę poruszyło się z (0, 2) na (9, 2)
19 Jan 2025 01:05:54 GMT Długość listy pozycji: 9
Lista pozycji zwierząt: {(2, 2)=[>], (3, 4)=[◤], (3, 5)=[◤], (0, 5)=[◢], (3, 8)=[^], (0, 7)=[<], (1, 8)=[◣], (9, 2)=[◢, <], (9, 4)=[<]}
19 Jan 2025 01:05:54 GMT Zwierzę poruszyło się z (3, 4) na (3, 4)
19 Jan 2025 01:05:54 GMT Długość listy pozycji: 9
Lista pozycji zwierząt: {(2, 2)=[>], (3, 4)=[◤], (3, 5)=[◤], (0, 3)=[◢], (0, 5)=[◢], (3, 8)=[^], (0, 7)=[<], (1, 8)=[◣], (9, 2)=[◢, <]}
19 Jan 2025 01:05:54 GMT Zwierzę poruszyło się z (9, 4) na (0, 3)
19 Jan 2025 01:05:54 GMT Zwierzę zjadło roślinkę na (0, 3)
19 Jan 2025 01:05:54 GMT Zwierze zostało położone na (9, 2)
19 Jan 2025 01:05:54 GMT Urodziło się nowe zwierzę na (9, 2)
19 Jan 2025 01:05:55 GMT Roślinka wyrosła na (3, 0)
19 Jan 2025 01:05:55 GMT Roślinka wyrosła na (4, 8)
19 Jan 2025 01:05:55 GMT Roślinka wyrosła na (8, 2)
19 Jan 2025 01:05:55 GMT Roślinka wyrosła na (1, 2)
19 Jan 2025 01:05:55 GMT Roślinka wyrosła na (2, 4)
19 Jan 2025 01:05:55 GMT Roślinka wyrosła na (2, 0)
19 Jan 2025 01:05:55 GMT Roślinka wyrosła na (4, 4)
19 Jan 2025 01:05:55 GMT Roślinka wyrosła na (5, 7)
19 Jan 2025 01:05:55 GMT Roślinka wyrosła na (5, 4)
19 Jan 2025 01:05:55 GMT Roślinka wyrosła na (9, 0)
19 Jan 2025 01:05:55 GMT Długość listy pozycji: 9
Lista pozycji zwierząt: {(2, 2)=[>], (3, 4)=[◤], (3, 5)=[◤], (0, 3)=[◢], (0, 5)=[◢], (3, 8)=[^], (0, 7)=[<], (1, 8)=[◥], (9, 2)=[>, ◢, <]}
19 Jan 2025 01:05:55 GMT Zwierzę poruszyło się z (1, 8) na (1, 8)
19 Jan 2025 01:05:55 GMT Długość listy pozycji: 9
Lista pozycji zwierząt: {(2, 2)=[◤], (3, 4)=[◤], (3, 5)=[◤], (0, 3)=[◢], (0, 5)=[◢], (3, 8)=[^], (0, 7)=[<], (1, 8)=[◥], (9, 2)=[>, ◢, <]}
19 Jan 2025 01:05:55 GMT Zwierzę poruszyło się z (2, 2) na (2, 2)
19 Jan 2025 01:05:55 GMT Długość listy pozycji: 9
Lista pozycji zwierząt: {(2, 2)=[◤], (3, 4)=[◤], (3, 5)=[◤], (0, 3)=[◢], (0, 5)=[^], (3, 8)=[^], (0, 7)=[<], (1, 8)=[◥], (9, 2)=[>, ◢, <]}
19 Jan 2025 01:05:55 GMT Zwierzę poruszyło się z (0, 5) na (0, 5)
19 Jan 2025 01:05:55 GMT Długość listy pozycji: 9
Lista pozycji zwierząt: {(2, 2)=[◤], (3, 4)=[◤], (3, 5)=[◤], (0, 3)=[◢], (0, 5)=[^], (3, 8)=[<], (0, 7)=[<], (1, 8)=[◥], (9, 2)=[>, ◢, <]}
19 Jan 2025 01:05:55 GMT Zwierzę poruszyło się z (3, 8) na (3, 8)
19 Jan 2025 01:05:55 GMT Długość listy pozycji: 9
Lista pozycji zwierząt: {(2, 2)=[◤], (3, 4)=[◤], (3, 5)=[◢], (0, 3)=[◢], (0, 5)=[^], (3, 8)=[<], (0, 7)=[<], (1, 8)=[◥], (9, 2)=[>, ◢, <]}
19 Jan 2025 01:05:55 GMT Zwierzę poruszyło się z (3, 5) na (3, 5)
19 Jan 2025 01:05:55 GMT Długość listy pozycji: 9
Lista pozycji zwierząt: {(2, 2)=[◤], (3, 4)=[◤], (3, 5)=[◢], (0, 3)=[◢], (0, 5)=[^], (3, 8)=[<], (0, 7)=[<], (1, 8)=[◥], (9, 2)=[>, <, ◢, <]}
19 Jan 2025 01:05:55 GMT Zwierzę poruszyło się z (9, 2) na (9, 2)
19 Jan 2025 01:05:55 GMT Długość listy pozycji: 9
Lista pozycji zwierząt: {(2, 2)=[◤], (3, 4)=[<], (3, 5)=[◢], (0, 3)=[◢], (0, 5)=[^], (3, 8)=[<], (0, 7)=[<], (1, 8)=[◥], (9, 2)=[>, <, ◢, <]}
19 Jan 2025 01:05:55 GMT Zwierzę poruszyło się z (3, 4) na (3, 4)
19 Jan 2025 01:05:56 GMT Długość listy pozycji: 9
Lista pozycji zwierząt: {(2, 2)=[◤], (3, 4)=[<], (3, 5)=[◢], (0, 3)=[◥], (0, 5)=[^], (3, 8)=[<], (0, 7)=[<], (1, 8)=[◥], (9, 2)=[>, <, ◢, <]}
19 Jan 2025 01:05:56 GMT Zwierzę poruszyło się z (0, 3) na (0, 3)
19 Jan 2025 01:05:56 GMT Zwierze zostało położone na (9, 2)
19 Jan 2025 01:05:56 GMT Urodziło się nowe zwierzę na (9, 2)
19 Jan 2025 01:05:56 GMT Roślinka wyrosła na (0, 1)
19 Jan 2025 01:05:56 GMT Roślinka wyrosła na (5, 2)
19 Jan 2025 01:05:56 GMT Roślinka wyrosła na (7, 3)
19 Jan 2025 01:05:56 GMT Roślinka wyrosła na (2, 1)
19 Jan 2025 01:05:56 GMT Roślinka wyrosła na (7, 0)
19 Jan 2025 01:05:56 GMT Roślinka wyrosła na (9, 8)
19 Jan 2025 01:05:56 GMT Roślinka wyrosła na (3, 1)
19 Jan 2025 01:05:56 GMT Roślinka wyrosła na (5, 1)
19 Jan 2025 01:05:56 GMT Roślinka wyrosła na (0, 4)
19 Jan 2025 01:05:56 GMT Roślinka wyrosła na (9, 3)
19 Jan 2025 01:05:56 GMT Długość listy pozycji: 9
Lista pozycji zwierząt: {(2, 2)=[◤], (3, 4)=[<], (3, 5)=[◢], (0, 3)=[◥], (0, 5)=[^], (3, 8)=[<], (0, 7)=[<], (1, 8)=[◢], (9, 2)=[◣, >, <, ◢, <]}
19 Jan 2025 01:05:56 GMT Zwierzę poruszyło się z (1, 8) na (1, 8)
19 Jan 2025 01:05:56 GMT Długość listy pozycji: 9
Lista pozycji zwierząt: {(2, 2)=[<], (3, 4)=[<], (3, 5)=[◢], (0, 3)=[◥], (0, 5)=[^], (3, 8)=[<], (0, 7)=[<], (1, 8)=[◢], (9, 2)=[◣, >, <, ◢, <]}
19 Jan 2025 01:05:56 GMT Zwierzę poruszyło się z (2, 2) na (2, 2)
19 Jan 2025 01:05:56 GMT Długość listy pozycji: 9
Lista pozycji zwierząt: {(2, 2)=[<], (3, 4)=[<], (3, 5)=[◢], (0, 3)=[◥], (0, 5)=[◥], (3, 8)=[<], (0, 7)=[<], (1, 8)=[◢], (9, 2)=[◣, >, <, ◢, <]}
19 Jan 2025 01:05:56 GMT Zwierzę poruszyło się z (0, 5) na (0, 5)
19 Jan 2025 01:05:57 GMT Długość listy pozycji: 9
Lista pozycji zwierząt: {(2, 2)=[<], (3, 4)=[<], (3, 5)=[◢], (0, 3)=[◥], (0, 5)=[◥], (3, 8)=[◤], (0, 7)=[<], (1, 8)=[◢], (9, 2)=[◣, >, <, ◢, <]}
19 Jan 2025 01:05:57 GMT Zwierzę poruszyło się z (3, 8) na (3, 8)
19 Jan 2025 01:05:57 GMT Długość listy pozycji: 9
Lista pozycji zwierząt: {(2, 2)=[<], (3, 4)=[<], (3, 5)=[◣], (0, 3)=[◥], (0, 5)=[◥], (3, 8)=[◤], (0, 7)=[<], (1, 8)=[◢], (9, 2)=[◣, >, <, ◢, <]}
19 Jan 2025 01:05:57 GMT Zwierzę poruszyło się z (3, 5) na (3, 5)
19 Jan 2025 01:05:57 GMT Długość listy pozycji: 9
Lista pozycji zwierząt: {(2, 2)=[<], (3, 4)=[<], (3, 5)=[◣], (0, 3)=[◥], (0, 5)=[◥], (3, 8)=[◤], (0, 7)=[<], (1, 8)=[◢], (9, 2)=[◣, v, >, v, ◢, v]}
19 Jan 2025 01:05:57 GMT Zwierzę poruszyło się z (9, 2) na (9, 2)
19 Jan 2025 01:05:57 GMT Długość listy pozycji: 9
Lista pozycji zwierząt: {(2, 2)=[<], (3, 4)=[^], (3, 5)=[◣], (0, 3)=[◥], (0, 5)=[◥], (3, 8)=[◤], (0, 7)=[<], (1, 8)=[◢], (9, 2)=[◣, v, >, v, ◢, v]}
19 Jan 2025 01:05:57 GMT Zwierzę poruszyło się z (3, 4) na (3, 4)
19 Jan 2025 01:05:57 GMT Długość listy pozycji: 9
Lista pozycji zwierząt: {(2, 2)=[<], (3, 4)=[^], (3, 5)=[◣], (0, 3)=[>], (0, 5)=[◥], (3, 8)=[◤], (0, 7)=[<], (1, 8)=[◢], (9, 2)=[◣, v, >, v, ◢, v]}
19 Jan 2025 01:05:57 GMT Zwierzę poruszyło się z (0, 3) na (0, 3)
19 Jan 2025 01:05:57 GMT Zwierze zostało położone na (9, 2)
19 Jan 2025 01:05:57 GMT Urodziło się nowe zwierzę na (9, 2)
19 Jan 2025 01:05:57 GMT Roślinka wyrosła na (3, 8)
19 Jan 2025 01:05:57 GMT Roślinka wyrosła na (1, 1)
19 Jan 2025 01:05:57 GMT Roślinka wyrosła na (2, 3)
19 Jan 2025 01:05:57 GMT Roślinka wyrosła na (7, 2)
19 Jan 2025 01:05:57 GMT Roślinka wyrosła na (3, 3)
19 Jan 2025 01:05:57 GMT Roślinka wyrosła na (9, 9)
19 Jan 2025 01:05:57 GMT Roślinka wyrosła na (6, 4)
19 Jan 2025 01:05:57 GMT Roślinka wyrosła na (0, 0)
19 Jan 2025 01:05:57 GMT Roślinka wyrosła na (1, 4)
19 Jan 2025 01:05:57 GMT Roślinka wyrosła na (1, 7)
19 Jan 2025 01:05:58 GMT Długość listy pozycji: 9
Lista pozycji zwierząt: {(2, 2)=[<], (3, 4)=[^], (3, 5)=[◣], (0, 3)=[>], (0, 5)=[◥], (3, 8)=[◤], (0, 7)=[<], (1, 8)=[v], (9, 2)=[◣, ◣, v, >, v, ◢, v]}
19 Jan 2025 01:05:58 GMT Zwierzę poruszyło się z (1, 8) na (1, 8)
19 Jan 2025 01:05:58 GMT Długość listy pozycji: 9
Lista pozycji zwierząt: {(2, 2)=[>], (3, 4)=[^], (3, 5)=[◣], (0, 3)=[>], (0, 5)=[◥], (3, 8)=[◤], (0, 7)=[<], (1, 8)=[v], (9, 2)=[◣, ◣, v, >, v, ◢, v]}
19 Jan 2025 01:05:58 GMT Zwierzę poruszyło się z (2, 2) na (2, 2)
19 Jan 2025 01:05:58 GMT Długość listy pozycji: 9
Lista pozycji zwierząt: {(2, 2)=[>], (3, 4)=[^], (3, 5)=[◣], (0, 3)=[>], (0, 5)=[>], (3, 8)=[◤], (0, 7)=[<], (1, 8)=[v], (9, 2)=[◣, ◣, v, >, v, ◢, v]}
19 Jan 2025 01:05:58 GMT Zwierzę poruszyło się z (0, 5) na (0, 5)
19 Jan 2025 01:05:58 GMT Długość listy pozycji: 9
Lista pozycji zwierząt: {(2, 2)=[>], (3, 4)=[^], (3, 5)=[◣], (0, 3)=[>], (0, 5)=[>], (3, 8)=[◥], (0, 7)=[<], (1, 8)=[v], (9, 2)=[◣, ◣, v, >, v, ◢, v]}
19 Jan 2025 01:05:58 GMT Zwierzę poruszyło się z (3, 8) na (3, 8)
19 Jan 2025 01:05:58 GMT Długość listy pozycji: 9
Lista pozycji zwierząt: {(2, 2)=[>], (3, 4)=[^], (3, 5)=[◤], (0, 3)=[>], (0, 5)=[>], (3, 8)=[◥], (0, 7)=[<], (1, 8)=[v], (9, 2)=[◣, ◣, v, >, v, ◢, v]}
19 Jan 2025 01:05:58 GMT Zwierzę poruszyło się z (3, 5) na (3, 5)
19 Jan 2025 01:05:58 GMT Długość listy pozycji: 10
Lista pozycji zwierząt: {(2, 2)=[>], (0, 1)=[◢], (3, 4)=[^], (3, 5)=[◤], (0, 3)=[>], (0, 5)=[>], (3, 8)=[◥], (0, 7)=[<], (1, 8)=[v], (9, 2)=[◣, ◣, ◢, >, ◢, ◢, ◢]}
19 Jan 2025 01:05:58 GMT Zwierzę poruszyło się z (9, 2) na (0, 1)
19 Jan 2025 01:05:58 GMT Długość listy pozycji: 10
Lista pozycji zwierząt: {(2, 2)=[>], (0, 1)=[◢], (3, 4)=[◣], (3, 5)=[◤], (0, 3)=[>], (0, 5)=[>], (3, 8)=[◥], (0, 7)=[<], (1, 8)=[v], (9, 2)=[◣, ◣, ◢, >, ◢, ◢, ◢]}
19 Jan 2025 01:05:58 GMT Zwierzę poruszyło się z (3, 4) na (3, 4)
19 Jan 2025 01:05:58 GMT Długość listy pozycji: 10
Lista pozycji zwierząt: {(2, 2)=[>], (0, 1)=[◢], (3, 4)=[◣], (3, 5)=[◤], (0, 3)=[^], (0, 5)=[>], (3, 8)=[◥], (0, 7)=[<], (1, 8)=[v], (9, 2)=[◣, ◣, ◢, >, ◢, ◢, ◢]}
19 Jan 2025 01:05:58 GMT Zwierzę poruszyło się z (0, 3) na (0, 3)
19 Jan 2025 01:05:59 GMT Zwierzę zjadło roślinkę na (0, 1)
19 Jan 2025 01:05:59 GMT Zwierzę zjadło roślinkę na (3, 8)
19 Jan 2025 01:05:59 GMT Zwierze zostało położone na (9, 2)
19 Jan 2025 01:05:59 GMT Urodziło się nowe zwierzę na (9, 2)
19 Jan 2025 01:05:59 GMT Roślinka wyrosła na null
19 Jan 2025 01:05:59 GMT Roślinka wyrosła na null
19 Jan 2025 01:05:59 GMT Roślinka wyrosła na null
19 Jan 2025 01:05:59 GMT Roślinka wyrosła na null
19 Jan 2025 01:05:59 GMT Roślinka wyrosła na null
19 Jan 2025 01:05:59 GMT Roślinka wyrosła na null
19 Jan 2025 01:05:59 GMT Roślinka wyrosła na null
19 Jan 2025 01:05:59 GMT Roślinka wyrosła na null
19 Jan 2025 01:05:59 GMT Roślinka wyrosła na null
19 Jan 2025 01:05:59 GMT Roślinka wyrosła na null
19 Jan 2025 01:05:59 GMT Długość listy pozycji: 10
Lista pozycji zwierząt: {(2, 2)=[>], (0, 1)=[◢], (3, 4)=[◣], (3, 5)=[◤], (0, 3)=[^], (0, 5)=[>], (3, 8)=[◥], (0, 7)=[<], (1, 8)=[◥], (9, 2)=[◤, ◣, ◣, ◢, >, ◢, ◢, ◢]}
19 Jan 2025 01:05:59 GMT Zwierzę poruszyło się z (1, 8) na (1, 8)
19 Jan 2025 01:05:59 GMT Długość listy pozycji: 10
Lista pozycji zwierząt: {(2, 2)=[◤], (0, 1)=[◢], (3, 4)=[◣], (3, 5)=[◤], (0, 3)=[^], (0, 5)=[>], (3, 8)=[◥], (0, 7)=[<], (1, 8)=[◥], (9, 2)=[◤, ◣, ◣, ◢, >, ◢, ◢, ◢]}
19 Jan 2025 01:05:59 GMT Zwierzę poruszyło się z (2, 2) na (2, 2)
19 Jan 2025 01:05:59 GMT Długość listy pozycji: 10
Lista pozycji zwierząt: {(2, 2)=[◤], (0, 1)=[◢], (3, 4)=[◣], (3, 5)=[◤], (0, 3)=[^], (0, 5)=[^], (3, 8)=[◥], (0, 7)=[<], (1, 8)=[◥], (9, 2)=[◤, ◣, ◣, ◢, >, ◢, ◢, ◢]}
19 Jan 2025 01:05:59 GMT Zwierzę poruszyło się z (0, 5) na (0, 5)
19 Jan 2025 01:05:59 GMT Długość listy pozycji: 10
Lista pozycji zwierząt: {(2, 2)=[◤], (0, 1)=[◢], (3, 4)=[◣], (3, 5)=[◤], (0, 3)=[^], (0, 5)=[^], (3, 8)=[◤], (0, 7)=[<], (1, 8)=[◥], (9, 2)=[◤, ◣, ◣, ◢, >, ◢, ◢, ◢]}
19 Jan 2025 01:05:59 GMT Zwierzę poruszyło się z (3, 8) na (3, 8)
19 Jan 2025 01:05:59 GMT Długość listy pozycji: 10
Lista pozycji zwierząt: {(2, 2)=[◤], (0, 1)=[◢], (3, 4)=[◣], (3, 5)=[◤], (0, 3)=[^], (0, 5)=[^], (3, 8)=[◤], (0, 7)=[<], (1, 8)=[◥], (9, 2)=[◤, ◣, ◣, ◢, >, ◢, ◢, ◢]}
19 Jan 2025 01:05:59 GMT Zwierzę poruszyło się z (3, 5) na (3, 5)
19 Jan 2025 01:06:00 GMT Długość listy pozycji: 9
Lista pozycji zwierząt: {(2, 2)=[◤], (3, 4)=[◣], (3, 5)=[◤], (0, 3)=[^], (0, 5)=[^], (3, 8)=[◤], (0, 7)=[<], (1, 8)=[◥], (9, 2)=[◤, ◤, ◣, ◣, ◤, >, ◤, ◢, ◤]}
19 Jan 2025 01:06:00 GMT Zwierzę poruszyło się z (0, 1) na (9, 2)
19 Jan 2025 01:06:00 GMT Długość listy pozycji: 9
Lista pozycji zwierząt: {(2, 2)=[◤], (3, 4)=[^], (3, 5)=[◤], (0, 3)=[^], (0, 5)=[^], (3, 8)=[◤], (0, 7)=[<], (1, 8)=[◥], (9, 2)=[◤, ◤, ◣, ◣, ◤, >, ◤, ◢, ◤]}
19 Jan 2025 01:06:00 GMT Zwierzę poruszyło się z (3, 4) na (3, 4)
19 Jan 2025 01:06:00 GMT Długość listy pozycji: 9
Lista pozycji zwierząt: {(2, 2)=[◤], (3, 4)=[^], (3, 5)=[◤], (0, 3)=[>], (0, 5)=[^], (3, 8)=[◤], (0, 7)=[<], (1, 8)=[◥], (9, 2)=[◤, ◤, ◣, ◣, ◤, >, ◤, ◢, ◤]}
19 Jan 2025 01:06:00 GMT Zwierzę poruszyło się z (0, 3) na (0, 3)
19 Jan 2025 01:06:00 GMT Zwierze zostało położone na (9, 2)
19 Jan 2025 01:06:00 GMT Urodziło się nowe zwierzę na (9, 2)
19 Jan 2025 01:06:00 GMT Roślinka wyrosła na null
19 Jan 2025 01:06:00 GMT Roślinka wyrosła na null
19 Jan 2025 01:06:00 GMT Roślinka wyrosła na null
19 Jan 2025 01:06:00 GMT Roślinka wyrosła na null
19 Jan 2025 01:06:00 GMT Roślinka wyrosła na null
19 Jan 2025 01:06:00 GMT Roślinka wyrosła na null
19 Jan 2025 01:06:00 GMT Roślinka wyrosła na null
19 Jan 2025 01:06:00 GMT Roślinka wyrosła na null
19 Jan 2025 01:06:00 GMT Roślinka wyrosła na null
19 Jan 2025 01:06:00 GMT Roślinka wyrosła na null
19 Jan 2025 01:06:00 GMT Długość listy pozycji: 9
Lista pozycji zwierząt: {(2, 2)=[◤], (3, 4)=[^], (3, 5)=[◤], (0, 3)=[>], (0, 5)=[^], (3, 8)=[◤], (0, 7)=[<], (1, 8)=[v], (9, 2)=[◢, ◤, ◤, ◣, ◣, ◤, >, ◤, ◢, ◤]}
19 Jan 2025 01:06:00 GMT Zwierzę poruszyło się z (1, 8) na (1, 8)
19 Jan 2025 01:06:01 GMT Długość listy pozycji: 9
Lista pozycji zwierząt: {(2, 2)=[◢], (3, 4)=[^], (3, 5)=[◤], (0, 3)=[>], (0, 5)=[^], (3, 8)=[◤], (0, 7)=[<], (1, 8)=[v], (9, 2)=[◢, ◤, ◤, ◣, ◣, ◤, >, ◤, ◢, ◤]}
19 Jan 2025 01:06:01 GMT Zwierzę poruszyło się z (2, 2) na (2, 2)
19 Jan 2025 01:06:01 GMT Długość listy pozycji: 9
Lista pozycji zwierząt: {(2, 2)=[◢], (3, 4)=[^], (3, 5)=[◤], (0, 3)=[>], (0, 5)=[>], (3, 8)=[◤], (0, 7)=[<], (1, 8)=[v], (9, 2)=[◢, ◤, ◤, ◣, ◣, ◤, >, ◤, ◢, ◤]}
19 Jan 2025 01:06:01 GMT Zwierzę poruszyło się z (0, 5) na (0, 5)
19 Jan 2025 01:06:01 GMT Długość listy pozycji: 9
Lista pozycji zwierząt: {(2, 2)=[◢], (3, 4)=[^], (3, 5)=[◤], (0, 3)=[>], (0, 5)=[>], (3, 8)=[^], (0, 7)=[<], (1, 8)=[v], (9, 2)=[◢, ◤, ◤, ◣, ◣, ◤, >, ◤, ◢, ◤]}
19 Jan 2025 01:06:01 GMT Zwierzę poruszyło się z (3, 8) na (3, 8)
19 Jan 2025 01:06:01 GMT Długość listy pozycji: 9
Lista pozycji zwierząt: {(2, 2)=[◢], (3, 4)=[^], (3, 5)=[◥], (0, 3)=[>], (0, 5)=[>], (3, 8)=[^], (0, 7)=[<], (1, 8)=[v], (9, 2)=[◢, ◤, ◤, ◣, ◣, ◤, >, ◤, ◢, ◤]}
19 Jan 2025 01:06:01 GMT Zwierzę poruszyło się z (3, 5) na (3, 5)
19 Jan 2025 01:06:01 GMT Długość listy pozycji: 9
Lista pozycji zwierząt: {(2, 2)=[◢], (3, 4)=[^], (3, 5)=[◥], (0, 3)=[>], (0, 5)=[>], (3, 8)=[^], (0, 7)=[<], (1, 8)=[v], (9, 2)=[◢, <, ◤, ◣, ◣, <, >, <, ◢, <]}
19 Jan 2025 01:06:01 GMT Zwierzę poruszyło się z (9, 2) na (9, 2)
19 Jan 2025 01:06:01 GMT Długość listy pozycji: 9
Lista pozycji zwierząt: {(2, 2)=[◢], (3, 4)=[v], (3, 5)=[◥], (0, 3)=[>], (0, 5)=[>], (3, 8)=[^], (0, 7)=[<], (1, 8)=[v], (9, 2)=[◢, <, ◤, ◣, ◣, <, >, <, ◢, <]}
19 Jan 2025 01:06:01 GMT Zwierzę poruszyło się z (3, 4) na (3, 4)
19 Jan 2025 01:06:01 GMT Długość listy pozycji: 9
Lista pozycji zwierząt: {(2, 2)=[◢], (3, 4)=[v], (3, 5)=[◥], (0, 3)=[◢], (0, 5)=[>], (3, 8)=[^], (0, 7)=[<], (1, 8)=[v], (9, 2)=[◢, <, ◤, ◣, ◣, <, >, <, ◢, <]}
19 Jan 2025 01:06:01 GMT Zwierzę poruszyło się z (0, 3) na (0, 3)
19 Jan 2025 01:06:02 GMT Zwierze zostało położone na (9, 2)
19 Jan 2025 01:06:02 GMT Urodziło się nowe zwierzę na (9, 2)
19 Jan 2025 01:06:02 GMT Roślinka wyrosła na null
19 Jan 2025 01:06:02 GMT Roślinka wyrosła na null
19 Jan 2025 01:06:02 GMT Roślinka wyrosła na null
19 Jan 2025 01:06:02 GMT Roślinka wyrosła na null
19 Jan 2025 01:06:02 GMT Roślinka wyrosła na null
19 Jan 2025 01:06:02 GMT Roślinka wyrosła na null
19 Jan 2025 01:06:02 GMT Roślinka wyrosła na null
19 Jan 2025 01:06:02 GMT Roślinka wyrosła na null
19 Jan 2025 01:06:02 GMT Roślinka wyrosła na null
19 Jan 2025 01:06:02 GMT Roślinka wyrosła na null
19 Jan 2025 01:06:02 GMT Długość listy pozycji: 9
Lista pozycji zwierząt: {(2, 2)=[◢], (3, 4)=[v], (3, 5)=[◥], (0, 3)=[◢], (0, 5)=[>], (3, 8)=[^], (0, 7)=[<], (1, 8)=[v], (9, 2)=[^, ◢, <, ◤, ◣, ◣, <, >, <, ◢, <]}
19 Jan 2025 01:06:02 GMT Zwierzę poruszyło się z (1, 8) na (1, 8)
19 Jan 2025 01:06:02 GMT Długość listy pozycji: 9
Lista pozycji zwierząt: {(2, 2)=[^], (3, 4)=[v], (3, 5)=[◥], (0, 3)=[◢], (0, 5)=[>], (3, 8)=[^], (0, 7)=[<], (1, 8)=[v], (9, 2)=[^, ◢, <, ◤, ◣, ◣, <, >, <, ◢, <]}
19 Jan 2025 01:06:02 GMT Zwierzę poruszyło się z (2, 2) na (2, 2)
19 Jan 2025 01:06:02 GMT Długość listy pozycji: 9
Lista pozycji zwierząt: {(2, 2)=[^], (3, 4)=[v], (3, 5)=[◥], (0, 3)=[◢], (0, 5)=[v], (3, 8)=[^], (0, 7)=[<], (1, 8)=[v], (9, 2)=[^, ◢, <, ◤, ◣, ◣, <, >, <, ◢, <]}
19 Jan 2025 01:06:02 GMT Zwierzę poruszyło się z (0, 5) na (0, 5)
19 Jan 2025 01:06:02 GMT Długość listy pozycji: 9
Lista pozycji zwierząt: {(2, 2)=[^], (3, 4)=[v], (3, 5)=[◥], (0, 3)=[◢], (0, 5)=[v], (3, 8)=[<], (0, 7)=[<], (1, 8)=[v], (9, 2)=[^, ◢, <, ◤, ◣, ◣, <, >, <, ◢, <]}
19 Jan 2025 01:06:02 GMT Zwierzę poruszyło się z (3, 8) na (3, 8)
19 Jan 2025 01:06:02 GMT Długość listy pozycji: 9
Lista pozycji zwierząt: {(2, 2)=[^], (3, 4)=[v], (3, 5)=[◤], (0, 3)=[◢], (0, 5)=[v], (3, 8)=[<], (0, 7)=[<], (1, 8)=[v], (9, 2)=[^, ◢, <, ◤, ◣, ◣, <, >, <, ◢, <]}
19 Jan 2025 01:06:02 GMT Zwierzę poruszyło się z (3, 5) na (3, 5)
19 Jan 2025 01:06:02 GMT Długość listy pozycji: 10
Lista pozycji zwierząt: {(2, 2)=[^], (3, 4)=[v], (0, 2)=[>], (3, 5)=[◤], (0, 3)=[◢], (0, 5)=[v], (3, 8)=[<], (0, 7)=[<], (1, 8)=[v], (9, 2)=[^, ◢, >, ◤, ◣, ◣, >, >, >, ◢, >]}
19 Jan 2025 01:06:02 GMT Zwierzę poruszyło się z (9, 2) na (0, 2)
19 Jan 2025 01:06:03 GMT Długość listy pozycji: 10
Lista pozycji zwierząt: {(2, 2)=[^], (3, 4)=[<], (0, 2)=[>], (3, 5)=[◤], (0, 3)=[◢], (0, 5)=[v], (3, 8)=[<], (0, 7)=[<], (1, 8)=[v], (9, 2)=[^, ◢, >, ◤, ◣, ◣, >, >, >, ◢, >]}
19 Jan 2025 01:06:03 GMT Zwierzę poruszyło się z (3, 4) na (3, 4)
19 Jan 2025 01:06:03 GMT Długość listy pozycji: 10
Lista pozycji zwierząt: {(2, 2)=[^], (3, 4)=[<], (0, 2)=[>], (3, 5)=[◤], (0, 3)=[◥], (0, 5)=[v], (3, 8)=[<], (0, 7)=[<], (1, 8)=[v], (9, 2)=[^, ◢, >, ◤, ◣, ◣, >, >, >, ◢, >]}
19 Jan 2025 01:06:03 GMT Zwierzę poruszyło się z (0, 3) na (0, 3)
19 Jan 2025 01:06:03 GMT Zwierzę zjadło roślinkę na (0, 2)
19 Jan 2025 01:06:03 GMT Zwierze zostało położone na (9, 2)
19 Jan 2025 01:06:03 GMT Urodziło się nowe zwierzę na (9, 2)
19 Jan 2025 01:06:03 GMT Roślinka wyrosła na null
19 Jan 2025 01:06:03 GMT Roślinka wyrosła na null
19 Jan 2025 01:06:03 GMT Roślinka wyrosła na null
19 Jan 2025 01:06:03 GMT Roślinka wyrosła na null
19 Jan 2025 01:06:03 GMT Roślinka wyrosła na null
19 Jan 2025 01:06:03 GMT Roślinka wyrosła na null
19 Jan 2025 01:06:03 GMT Roślinka wyrosła na null
19 Jan 2025 01:06:03 GMT Roślinka wyrosła na null
19 Jan 2025 01:06:03 GMT Roślinka wyrosła na null
19 Jan 2025 01:06:03 GMT Roślinka wyrosła na null
19 Jan 2025 01:06:03 GMT Długość listy pozycji: 10
Lista pozycji zwierząt: {(2, 2)=[^], (3, 4)=[<], (0, 2)=[>], (3, 5)=[◤], (0, 3)=[◥], (0, 5)=[v], (3, 8)=[<], (0, 7)=[<], (1, 8)=[◥], (9, 2)=[◣, ^, ◢, >, ◤, ◣, ◣, >, >, >, ◢, >]}
19 Jan 2025 01:06:03 GMT Zwierzę poruszyło się z (1, 8) na (1, 8)
19 Jan 2025 01:06:03 GMT Długość listy pozycji: 10
Lista pozycji zwierząt: {(2, 2)=[>], (3, 4)=[<], (0, 2)=[>], (3, 5)=[◤], (0, 3)=[◥], (0, 5)=[v], (3, 8)=[<], (0, 7)=[<], (1, 8)=[◥], (9, 2)=[◣, ^, ◢, >, ◤, ◣, ◣, >, >, >, ◢, >]}
19 Jan 2025 01:06:04 GMT Zwierzę poruszyło się z (2, 2) na (2, 2)
19 Jan 2025 01:06:04 GMT Długość listy pozycji: 10
Lista pozycji zwierząt: {(2, 2)=[>], (3, 4)=[<], (0, 2)=[>], (3, 5)=[◤], (0, 3)=[◥], (0, 5)=[v], (3, 8)=[<], (0, 7)=[<], (1, 8)=[◥], (9, 2)=[◣, ^, ◢, >, ◤, ◣, ◣, >, >, >, ◢, >]}
19 Jan 2025 01:06:04 GMT Zwierzę poruszyło się z (0, 5) na (0, 5)
19 Jan 2025 01:06:04 GMT Długość listy pozycji: 10
Lista pozycji zwierząt: {(2, 2)=[>], (3, 4)=[<], (0, 2)=[>], (3, 5)=[◤], (0, 3)=[◥], (0, 5)=[v], (3, 8)=[>], (0, 7)=[<], (1, 8)=[◥], (9, 2)=[◣, ^, ◢, >, ◤, ◣, ◣, >, >, >, ◢, >]}
19 Jan 2025 01:06:04 GMT Zwierzę poruszyło się z (3, 8) na (3, 8)
19 Jan 2025 01:06:04 GMT Długość listy pozycji: 10
Lista pozycji zwierząt: {(2, 2)=[>], (3, 4)=[<], (0, 2)=[>], (3, 5)=[◣], (0, 3)=[◥], (0, 5)=[v], (3, 8)=[>], (0, 7)=[<], (1, 8)=[◥], (9, 2)=[◣, ^, ◢, >, ◤, ◣, ◣, >, >, >, ◢, >]}
19 Jan 2025 01:06:04 GMT Zwierzę poruszyło się z (3, 5) na (3, 5)
19 Jan 2025 01:06:04 GMT Długość listy pozycji: 10
Lista pozycji zwierząt: {(2, 2)=[>], (3, 4)=[<], (3, 5)=[◣], (0, 3)=[◥], (0, 5)=[v], (3, 8)=[>], (0, 7)=[<], (1, 8)=[◥], (9, 1)=[◣], (9, 2)=[◣, ^, ◢, ◣, ◤, ◣, ◣, ◣, >, ◣, ◢, ◣]}
19 Jan 2025 01:06:04 GMT Zwierzę poruszyło się z (0, 2) na (9, 1)
19 Jan 2025 01:06:04 GMT Długość listy pozycji: 10
Lista pozycji zwierząt: {(2, 2)=[>], (3, 4)=[^], (3, 5)=[◣], (0, 3)=[◥], (0, 5)=[v], (3, 8)=[>], (0, 7)=[<], (1, 8)=[◥], (9, 1)=[◣], (9, 2)=[◣, ^, ◢, ◣, ◤, ◣, ◣, ◣, >, ◣, ◢, ◣]}
19 Jan 2025 01:06:04 GMT Zwierzę poruszyło się z (3, 4) na (3, 4)
19 Jan 2025 01:06:04 GMT Długość listy pozycji: 10
Lista pozycji zwierząt: {(2, 2)=[>], (3, 4)=[^], (3, 5)=[◣], (0, 3)=[◢], (0, 5)=[v], (3, 8)=[>], (0, 7)=[<], (1, 8)=[◥], (9, 1)=[◣], (9, 2)=[◣, ^, ◢, ◣, ◤, ◣, ◣, ◣, >, ◣, ◢, ◣]}
19 Jan 2025 01:06:04 GMT Zwierzę poruszyło się z (0, 3) na (0, 3)
19 Jan 2025 01:06:04 GMT Zwierze zostało położone na (9, 2)
19 Jan 2025 01:06:04 GMT Urodziło się nowe zwierzę na (9, 2)
19 Jan 2025 01:06:05 GMT Roślinka wyrosła na null
19 Jan 2025 01:06:05 GMT Roślinka wyrosła na null
19 Jan 2025 01:06:05 GMT Roślinka wyrosła na null
19 Jan 2025 01:06:05 GMT Roślinka wyrosła na null
19 Jan 2025 01:06:05 GMT Roślinka wyrosła na null
19 Jan 2025 01:06:05 GMT Roślinka wyrosła na null
19 Jan 2025 01:06:05 GMT Roślinka wyrosła na null
19 Jan 2025 01:06:05 GMT Roślinka wyrosła na null
19 Jan 2025 01:06:05 GMT Roślinka wyrosła na null
19 Jan 2025 01:06:05 GMT Roślinka wyrosła na null
19 Jan 2025 01:06:05 GMT Długość listy pozycji: 10
Lista pozycji zwierząt: {(2, 2)=[>], (3, 4)=[^], (3, 5)=[◣], (0, 3)=[◢], (0, 5)=[v], (3, 8)=[>], (0, 7)=[<], (1, 8)=[◤], (9, 1)=[◣], (9, 2)=[◤, ◣, ^, ◢, ◣, ◤, ◣, ◣, ◣, >, ◣, ◢, ◣]}
19 Jan 2025 01:06:05 GMT Zwierzę poruszyło się z (1, 8) na (1, 8)
19 Jan 2025 01:06:05 GMT Długość listy pozycji: 10
Lista pozycji zwierząt: {(2, 2)=[<], (3, 4)=[^], (3, 5)=[◣], (0, 3)=[◢], (0, 5)=[v], (3, 8)=[>], (0, 7)=[<], (1, 8)=[◤], (9, 1)=[◣], (9, 2)=[◤, ◣, ^, ◢, ◣, ◤, ◣, ◣, ◣, >, ◣, ◢, ◣]}
19 Jan 2025 01:06:05 GMT Zwierzę poruszyło się z (2, 2) na (2, 2)
19 Jan 2025 01:06:05 GMT Długość listy pozycji: 10
Lista pozycji zwierząt: {(2, 2)=[<], (3, 4)=[^], (3, 5)=[◣], (0, 3)=[◢], (3, 8)=[>], (0, 7)=[<], (1, 8)=[◤], (9, 1)=[◣], (9, 2)=[◤, ◣, ^, ◢, ◣, ◤, ◣, ◣, ◣, >, ◣, ◢, ◣], (9, 5)=[<]}
19 Jan 2025 01:06:05 GMT Zwierzę poruszyło się z (0, 5) na (9, 5)
19 Jan 2025 01:06:05 GMT Długość listy pozycji: 10
Lista pozycji zwierząt: {(2, 2)=[<], (3, 4)=[^], (3, 5)=[◣], (0, 3)=[◢], (3, 8)=[◥], (0, 7)=[<], (1, 8)=[◤], (9, 1)=[◣], (9, 2)=[◤, ◣, ^, ◢, ◣, ◤, ◣, ◣, ◣, >, ◣, ◢, ◣], (9, 5)=[<]}
19 Jan 2025 01:06:05 GMT Zwierzę poruszyło się z (3, 8) na (3, 8)
19 Jan 2025 01:06:05 GMT Długość listy pozycji: 10
Lista pozycji zwierząt: {(2, 2)=[<], (3, 4)=[^], (3, 5)=[^], (0, 3)=[◢], (3, 8)=[◥], (0, 7)=[<], (1, 8)=[◤], (9, 1)=[◣], (9, 2)=[◤, ◣, ^, ◢, ◣, ◤, ◣, ◣, ◣, >, ◣, ◢, ◣], (9, 5)=[<]}
19 Jan 2025 01:06:05 GMT Zwierzę poruszyło się z (3, 5) na (3, 5)
19 Jan 2025 01:06:05 GMT Długość listy pozycji: 10
Lista pozycji zwierząt: {(0, 0)=[◢], (2, 2)=[<], (3, 4)=[^], (3, 5)=[^], (0, 3)=[◢], (3, 8)=[◥], (0, 7)=[<], (1, 8)=[◤], (9, 2)=[◤, ◣, ^, ◢, ◢, ◤, ◣, ◣, ◢, >, ◢, ◢, ◢], (9, 5)=[<]}
19 Jan 2025 01:06:05 GMT Zwierzę poruszyło się z (9, 1) na (0, 0)
19 Jan 2025 01:06:05 GMT Długość listy pozycji: 10
Lista pozycji zwierząt: {(0, 0)=[◢], (2, 2)=[<], (3, 4)=[v], (3, 5)=[^], (0, 3)=[◢], (3, 8)=[◥], (0, 7)=[<], (1, 8)=[◤], (9, 2)=[◤, ◣, ^, ◢, ◢, ◤, ◣, ◣, ◢, >, ◢, ◢, ◢], (9, 5)=[<]}
19 Jan 2025 01:06:05 GMT Zwierzę poruszyło się z (3, 4) na (3, 4)
19 Jan 2025 01:06:06 GMT Długość listy pozycji: 10
Lista pozycji zwierząt: {(0, 0)=[◢], (2, 2)=[<], (3, 4)=[v], (3, 5)=[^], (0, 3)=[^], (3, 8)=[◥], (0, 7)=[<], (1, 8)=[◤], (9, 2)=[◤, ◣, ^, ◢, ◢, ◤, ◣, ◣, ◢, >, ◢, ◢, ◢], (9, 5)=[<]}
19 Jan 2025 01:06:06 GMT Zwierzę poruszyło się z (0, 3) na (0, 3)
19 Jan 2025 01:06:06 GMT Zwierzę zjadło roślinkę na (0, 0)
19 Jan 2025 01:06:06 GMT Zwierze zostało położone na (9, 2)
19 Jan 2025 01:06:06 GMT Urodziło się nowe zwierzę na (9, 2)
19 Jan 2025 01:06:06 GMT Roślinka wyrosła na null
19 Jan 2025 01:06:06 GMT Roślinka wyrosła na null
19 Jan 2025 01:06:06 GMT Roślinka wyrosła na null
19 Jan 2025 01:06:06 GMT Roślinka wyrosła na null
19 Jan 2025 01:06:06 GMT Roślinka wyrosła na null
19 Jan 2025 01:06:06 GMT Roślinka wyrosła na null
19 Jan 2025 01:06:06 GMT Roślinka wyrosła na null
19 Jan 2025 01:06:06 GMT Roślinka wyrosła na null
19 Jan 2025 01:06:06 GMT Roślinka wyrosła na null
19 Jan 2025 01:06:06 GMT Roślinka wyrosła na null
19 Jan 2025 01:06:06 GMT Długość listy pozycji: 10
Lista pozycji zwierząt: {(0, 0)=[◢], (2, 2)=[<], (3, 4)=[v], (3, 5)=[^], (0, 3)=[^], (3, 8)=[◥], (0, 7)=[<], (1, 8)=[◥], (9, 2)=[◣, ◤, ◣, ^, ◢, ◢, ◤, ◣, ◣, ◢, >, ◢, ◢, ◢], (9, 5)=[<]}
19 Jan 2025 01:06:06 GMT Zwierzę poruszyło się z (1, 8) na (1, 8)
19 Jan 2025 01:06:06 GMT Długość listy pozycji: 10
Lista pozycji zwierząt: {(0, 0)=[◢], (2, 2)=[>], (3, 4)=[v], (3, 5)=[^], (0, 3)=[^], (3, 8)=[◥], (0, 7)=[<], (1, 8)=[◥], (9, 2)=[◣, ◤, ◣, ^, ◢, ◢, ◤, ◣, ◣, ◢, >, ◢, ◢, ◢], (9, 5)=[<]}
19 Jan 2025 01:06:06 GMT Zwierzę poruszyło się z (2, 2) na (2, 2)
19 Jan 2025 01:06:06 GMT Długość listy pozycji: 10
Lista pozycji zwierząt: {(0, 0)=[◢], (2, 2)=[>], (3, 4)=[v], (3, 5)=[^], (0, 3)=[^], (0, 4)=[◢], (3, 8)=[◥], (0, 7)=[<], (1, 8)=[◥], (9, 2)=[◣, ◤, ◣, ^, ◢, ◢, ◤, ◣, ◣, ◢, >, ◢, ◢, ◢]}
19 Jan 2025 01:06:06 GMT Zwierzę poruszyło się z (9, 5) na (0, 4)
19 Jan 2025 01:06:07 GMT Długość listy pozycji: 10
Lista pozycji zwierząt: {(0, 0)=[◢], (2, 2)=[>], (3, 4)=[v], (3, 5)=[^], (0, 3)=[^], (0, 4)=[◢], (3, 8)=[<], (0, 7)=[<], (1, 8)=[◥], (9, 2)=[◣, ◤, ◣, ^, ◢, ◢, ◤, ◣, ◣, ◢, >, ◢, ◢, ◢]}
19 Jan 2025 01:06:07 GMT Zwierzę poruszyło się z (3, 8) na (3, 8)
19 Jan 2025 01:06:07 GMT Długość listy pozycji: 10
Lista pozycji zwierząt: {(0, 0)=[◢], (2, 2)=[>], (3, 4)=[v], (3, 5)=[<], (0, 3)=[^], (0, 4)=[◢], (3, 8)=[<], (0, 7)=[<], (1, 8)=[◥], (9, 2)=[◣, ◤, ◣, ^, ◢, ◢, ◤, ◣, ◣, ◢, >, ◢, ◢, ◢]}
19 Jan 2025 01:06:07 GMT Zwierzę poruszyło się z (3, 5) na (3, 5)
19 Jan 2025 01:06:07 GMT Długość listy pozycji: 10
Lista pozycji zwierząt: {(0, 0)=[^], (2, 2)=[>], (3, 4)=[v], (3, 5)=[<], (0, 3)=[^], (0, 4)=[◢], (3, 8)=[<], (0, 7)=[<], (1, 8)=[◥], (9, 2)=[◣, ◤, ◣, ^, ◢, ^, ◤, ◣, ◣, ^, >, ^, ◢, ^]}
19 Jan 2025 01:06:07 GMT Zwierzę poruszyło się z (0, 0) na (0, 0)
19 Jan 2025 01:06:07 GMT Długość listy pozycji: 10
Lista pozycji zwierząt: {(0, 0)=[^], (2, 2)=[>], (3, 4)=[<], (3, 5)=[<], (0, 3)=[^], (0, 4)=[◢], (3, 8)=[<], (0, 7)=[<], (1, 8)=[◥], (9, 2)=[◣, ◤, ◣, ^, ◢, ^, ◤, ◣, ◣, ^, >, ^, ◢, ^]}
19 Jan 2025 01:06:07 GMT Zwierzę poruszyło się z (3, 4) na (3, 4)
19 Jan 2025 01:06:07 GMT Długość listy pozycji: 10
Lista pozycji zwierząt: {(0, 0)=[^], (2, 2)=[>], (3, 4)=[<], (3, 5)=[<], (0, 3)=[v], (0, 4)=[◢], (3, 8)=[<], (0, 7)=[<], (1, 8)=[◥], (9, 2)=[◣, ◤, ◣, ^, ◢, ^, ◤, ◣, ◣, ^, >, ^, ◢, ^]}
19 Jan 2025 01:06:07 GMT Zwierzę poruszyło się z (0, 3) na (0, 3)
19 Jan 2025 01:06:07 GMT Zwierzę zjadło roślinkę na (0, 4)
19 Jan 2025 01:06:07 GMT Zwierze zostało położone na (9, 2)
19 Jan 2025 01:06:07 GMT Urodziło się nowe zwierzę na (9, 2)
19 Jan 2025 01:06:07 GMT Roślinka wyrosła na null
19 Jan 2025 01:06:07 GMT Roślinka wyrosła na null
19 Jan 2025 01:06:07 GMT Roślinka wyrosła na null
19 Jan 2025 01:06:07 GMT Roślinka wyrosła na null
19 Jan 2025 01:06:07 GMT Roślinka wyrosła na null
19 Jan 2025 01:06:07 GMT Roślinka wyrosła na null
19 Jan 2025 01:06:07 GMT Roślinka wyrosła na null
19 Jan 2025 01:06:07 GMT Roślinka wyrosła na null
19 Jan 2025 01:06:07 GMT Roślinka wyrosła na null
19 Jan 2025 01:06:07 GMT Roślinka wyrosła na null
19 Jan 2025 01:06:08 GMT Długość listy pozycji: 10
Lista pozycji zwierząt: {(0, 0)=[^], (2, 2)=[>], (3, 4)=[<], (3, 5)=[<], (0, 3)=[v], (0, 4)=[◢], (3, 8)=[<], (0, 7)=[<], (1, 8)=[v], (9, 2)=[◢, ◣, ◤, ◣, ^, ◢, ^, ◤, ◣, ◣, ^, >, ^, ◢, ^]}
19 Jan 2025 01:06:08 GMT Zwierzę poruszyło się z (1, 8) na (1, 8)
19 Jan 2025 01:06:08 GMT Długość listy pozycji: 10
Lista pozycji zwierząt: {(0, 0)=[^], (2, 2)=[◤], (3, 4)=[<], (3, 5)=[<], (0, 3)=[v], (0, 4)=[◢], (3, 8)=[<], (0, 7)=[<], (1, 8)=[v], (9, 2)=[◢, ◣, ◤, ◣, ^, ◢, ^, ◤, ◣, ◣, ^, >, ^, ◢, ^]}
19 Jan 2025 01:06:08 GMT Zwierzę poruszyło się z (2, 2) na (2, 2)
19 Jan 2025 01:06:08 GMT Długość listy pozycji: 10
Lista pozycji zwierząt: {(0, 0)=[^], (2, 2)=[◤], (3, 4)=[<], (3, 5)=[<], (0, 3)=[v], (3, 8)=[<], (0, 7)=[<], (1, 8)=[v], (9, 2)=[◢, ◣, ◤, ◣, ^, ◢, ^, ◤, ◣, ◣, ^, >, ^, ◢, ^], (9, 5)=[◤]}
19 Jan 2025 01:06:08 GMT Zwierzę poruszyło się z (0, 4) na (9, 5)
19 Jan 2025 01:06:08 GMT Długość listy pozycji: 10
Lista pozycji zwierząt: {(0, 0)=[^], (2, 2)=[◤], (3, 4)=[<], (3, 5)=[<], (0, 3)=[v], (3, 8)=[◢], (0, 7)=[<], (1, 8)=[v], (9, 2)=[◢, ◣, ◤, ◣, ^, ◢, ^, ◤, ◣, ◣, ^, >, ^, ◢, ^], (9, 5)=[◤]}
19 Jan 2025 01:06:08 GMT Zwierzę poruszyło się z (3, 8) na (3, 8)
19 Jan 2025 01:06:08 GMT Długość listy pozycji: 10
Lista pozycji zwierząt: {(0, 0)=[^], (2, 2)=[◤], (3, 4)=[<], (3, 5)=[<], (0, 3)=[v], (3, 8)=[◢], (0, 7)=[<], (1, 8)=[v], (9, 2)=[◢, ◣, ◤, ◣, ^, ◢, ^, ◤, ◣, ◣, ^, >, ^, ◢, ^], (9, 5)=[◤]}
19 Jan 2025 01:06:08 GMT Zwierzę poruszyło się z (3, 5) na (3, 5)
19 Jan 2025 01:06:08 GMT Długość listy pozycji: 10
Lista pozycji zwierząt: {(0, 0)=[◥], (2, 2)=[◤], (3, 4)=[<], (3, 5)=[<], (0, 3)=[v], (3, 8)=[◢], (0, 7)=[<], (1, 8)=[v], (9, 2)=[◢, ◣, ◤, ◣, ^, ◢, ◥, ◤, ◣, ◣, ◥, >, ◥, ◢, ◥], (9, 5)=[◤]}
19 Jan 2025 01:06:08 GMT Zwierzę poruszyło się z (0, 0) na (0, 0)
19 Jan 2025 01:06:08 GMT Długość listy pozycji: 10
Lista pozycji zwierząt: {(0, 0)=[◥], (2, 2)=[◤], (3, 4)=[◥], (3, 5)=[<], (0, 3)=[v], (3, 8)=[◢], (0, 7)=[<], (1, 8)=[v], (9, 2)=[◢, ◣, ◤, ◣, ^, ◢, ◥, ◤, ◣, ◣, ◥, >, ◥, ◢, ◥], (9, 5)=[◤]}
19 Jan 2025 01:06:08 GMT Zwierzę poruszyło się z (3, 4) na (3, 4)
19 Jan 2025 01:06:08 GMT Długość listy pozycji: 10
Lista pozycji zwierząt: {(0, 0)=[◥], (2, 2)=[◤], (3, 4)=[◥], (3, 5)=[<], (0, 3)=[◥], (3, 8)=[◢], (0, 7)=[<], (1, 8)=[v], (9, 2)=[◢, ◣, ◤, ◣, ^, ◢, ◥, ◤, ◣, ◣, ◥, >, ◥, ◢, ◥], (9, 5)=[◤]}
19 Jan 2025 01:06:08 GMT Zwierzę poruszyło się z (0, 3) na (0, 3)
19 Jan 2025 01:06:09 GMT Zwierze zostało położone na (9, 2)
19 Jan 2025 01:06:09 GMT Urodziło się nowe zwierzę na (9, 2)
19 Jan 2025 01:06:09 GMT Roślinka wyrosła na null
19 Jan 2025 01:06:09 GMT Roślinka wyrosła na null
19 Jan 2025 01:06:09 GMT Roślinka wyrosła na null
19 Jan 2025 01:06:09 GMT Roślinka wyrosła na null
19 Jan 2025 01:06:09 GMT Roślinka wyrosła na null
19 Jan 2025 01:06:09 GMT Roślinka wyrosła na null
19 Jan 2025 01:06:09 GMT Roślinka wyrosła na null
19 Jan 2025 01:06:09 GMT Roślinka wyrosła na null
19 Jan 2025 01:06:09 GMT Roślinka wyrosła na null
19 Jan 2025 01:06:09 GMT Roślinka wyrosła na null
19 Jan 2025 01:06:09 GMT Długość listy pozycji: 10
Lista pozycji zwierząt: {(0, 0)=[◥], (2, 2)=[◤], (3, 4)=[◥], (3, 5)=[<], (0, 3)=[◥], (3, 8)=[◢], (0, 7)=[<], (1, 8)=[^], (9, 2)=[^, ◢, ◣, ◤, ◣, ^, ◢, ◥, ◤, ◣, ◣, ◥, >, ◥, ◢, ◥], (9, 5)=[◤]}
19 Jan 2025 01:06:09 GMT Zwierzę poruszyło się z (1, 8) na (1, 8)
19 Jan 2025 01:06:09 GMT Długość listy pozycji: 10
Lista pozycji zwierząt: {(0, 0)=[◥], (2, 2)=[v], (3, 4)=[◥], (3, 5)=[<], (0, 3)=[◥], (3, 8)=[◢], (0, 7)=[<], (1, 8)=[^], (9, 2)=[^, ◢, ◣, ◤, ◣, ^, ◢, ◥, ◤, ◣, ◣, ◥, >, ◥, ◢, ◥], (9, 5)=[◤]}
19 Jan 2025 01:06:09 GMT Zwierzę poruszyło się z (2, 2) na (2, 2)
19 Jan 2025 01:06:09 GMT Długość listy pozycji: 10
Lista pozycji zwierząt: {(0, 0)=[◥], (2, 2)=[v], (3, 4)=[◥], (3, 5)=[<], (0, 3)=[◥], (3, 8)=[◢], (0, 7)=[<], (1, 8)=[^], (9, 2)=[^, ◢, ◣, ◤, ◣, ^, ◢, ◥, ◤, ◣, ◣, ◥, >, ◥, ◢, ◥], (9, 5)=[v]}
19 Jan 2025 01:06:09 GMT Zwierzę poruszyło się z (9, 5) na (9, 5)
19 Jan 2025 01:06:09 GMT Długość listy pozycji: 10
Lista pozycji zwierząt: {(0, 0)=[◥], (2, 2)=[v], (3, 4)=[◥], (3, 5)=[<], (0, 3)=[◥], (3, 8)=[◥], (0, 7)=[<], (1, 8)=[^], (9, 2)=[^, ◢, ◣, ◤, ◣, ^, ◢, ◥, ◤, ◣, ◣, ◥, >, ◥, ◢, ◥], (9, 5)=[v]}
19 Jan 2025 01:06:09 GMT Zwierzę poruszyło się z (3, 8) na (3, 8)
19 Jan 2025 01:06:10 GMT Długość listy pozycji: 10
Lista pozycji zwierząt: {(0, 0)=[◥], (2, 2)=[v], (3, 4)=[◥], (3, 5)=[>], (0, 3)=[◥], (3, 8)=[◥], (0, 7)=[<], (1, 8)=[^], (9, 2)=[^, ◢, ◣, ◤, ◣, ^, ◢, ◥, ◤, ◣, ◣, ◥, >, ◥, ◢, ◥], (9, 5)=[v]}
19 Jan 2025 01:06:10 GMT Zwierzę poruszyło się z (3, 5) na (3, 5)
19 Jan 2025 01:06:10 GMT Długość listy pozycji: 10
Lista pozycji zwierząt: {(0, 0)=[◥], (2, 2)=[v], (3, 4)=[◥], (3, 5)=[>], (0, 3)=[◥], (3, 8)=[◥], (0, 7)=[<], (1, 8)=[^], (9, 2)=[^, ◢, ◣, ◤, ◣, ^, ◢, ◥, ◤, ◣, ◣, ◥, >, ◥, ◢, ◥], (9, 5)=[v]}
19 Jan 2025 01:06:10 GMT Zwierzę poruszyło się z (0, 0) na (0, 0)
19 Jan 2025 01:06:10 GMT Długość listy pozycji: 10
Lista pozycji zwierząt: {(0, 0)=[◥], (2, 2)=[v], (3, 4)=[^], (3, 5)=[>], (0, 3)=[◥], (3, 8)=[◥], (0, 7)=[<], (1, 8)=[^], (9, 2)=[^, ◢, ◣, ◤, ◣, ^, ◢, ◥, ◤, ◣, ◣, ◥, >, ◥, ◢, ◥], (9, 5)=[v]}
19 Jan 2025 01:06:10 GMT Zwierzę poruszyło się z (3, 4) na (3, 4)
19 Jan 2025 01:06:10 GMT Długość listy pozycji: 10
Lista pozycji zwierząt: {(0, 0)=[◥], (2, 2)=[v], (3, 4)=[^], (3, 5)=[>], (3, 8)=[◥], (0, 7)=[<], (1, 8)=[^], (9, 2)=[^, ◢, ◣, ◤, ◣, ^, ◢, ◥, ◤, ◣, ◣, ◥, >, ◥, ◢, ◥], (9, 4)=[◤], (9, 5)=[v]}
19 Jan 2025 01:06:10 GMT Zwierzę poruszyło się z (0, 3) na (9, 4)
19 Jan 2025 01:06:10 GMT Zwierze zostało położone na (9, 2)
19 Jan 2025 01:06:10 GMT Urodziło się nowe zwierzę na (9, 2)
19 Jan 2025 01:06:10 GMT Roślinka wyrosła na null
19 Jan 2025 01:06:10 GMT Roślinka wyrosła na null
19 Jan 2025 01:06:10 GMT Roślinka wyrosła na null
19 Jan 2025 01:06:10 GMT Roślinka wyrosła na null
19 Jan 2025 01:06:10 GMT Roślinka wyrosła na null
19 Jan 2025 01:06:10 GMT Roślinka wyrosła na null
19 Jan 2025 01:06:10 GMT Roślinka wyrosła na null
19 Jan 2025 01:06:10 GMT Roślinka wyrosła na null
19 Jan 2025 01:06:10 GMT Roślinka wyrosła na null
19 Jan 2025 01:06:10 GMT Roślinka wyrosła na null
19 Jan 2025 01:06:11 GMT Długość listy pozycji: 10
Lista pozycji zwierząt: {(0, 0)=[◥], (2, 2)=[v], (3, 4)=[^], (3, 5)=[>], (3, 8)=[◥], (0, 7)=[<], (1, 8)=[>], (9, 2)=[◢, ^, ◢, ◣, ◤, ◣, ^, ◢, ◥, ◤, ◣, ◣, ◥, >, ◥, ◢, ◥], (9, 4)=[◤], (9, 5)=[v]}
19 Jan 2025 01:06:11 GMT Zwierzę poruszyło się z (1, 8) na (1, 8)
19 Jan 2025 01:06:11 GMT Długość listy pozycji: 10
Lista pozycji zwierząt: {(0, 0)=[◥], (2, 2)=[◢], (3, 4)=[^], (3, 5)=[>], (3, 8)=[◥], (0, 7)=[<], (1, 8)=[>], (9, 2)=[◢, ^, ◢, ◣, ◤, ◣, ^, ◢, ◥, ◤, ◣, ◣, ◥, >, ◥, ◢, ◥], (9, 4)=[◤], (9, 5)=[v]}
19 Jan 2025 01:06:11 GMT Zwierzę poruszyło się z (2, 2) na (2, 2)
19 Jan 2025 01:06:11 GMT Długość listy pozycji: 10
Lista pozycji zwierząt: {(0, 0)=[◥], (2, 2)=[◢], (3, 4)=[^], (3, 5)=[>], (3, 8)=[◥], (0, 7)=[<], (1, 8)=[>], (9, 2)=[◢, ^, ◢, ◣, ◤, ◣, ^, ◢, ◥, ◤, ◣, ◣, ◥, >, ◥, ◢, ◥], (9, 4)=[◤], (9, 5)=[◣]}
19 Jan 2025 01:06:11 GMT Zwierzę poruszyło się z (9, 5) na (9, 5)
19 Jan 2025 01:06:11 GMT Długość listy pozycji: 10
Lista pozycji zwierząt: {(0, 0)=[◥], (2, 2)=[◢], (3, 4)=[^], (3, 5)=[>], (3, 8)=[>], (0, 7)=[<], (1, 8)=[>], (9, 2)=[◢, ^, ◢, ◣, ◤, ◣, ^, ◢, ◥, ◤, ◣, ◣, ◥, >, ◥, ◢, ◥], (9, 4)=[◤], (9, 5)=[◣]}
19 Jan 2025 01:06:11 GMT Zwierzę poruszyło się z (3, 8) na (3, 8)
19 Jan 2025 01:06:11 GMT Długość listy pozycji: 10
Lista pozycji zwierząt: {(0, 0)=[◥], (2, 2)=[◢], (3, 4)=[^], (3, 5)=[v], (3, 8)=[>], (0, 7)=[<], (1, 8)=[>], (9, 2)=[◢, ^, ◢, ◣, ◤, ◣, ^, ◢, ◥, ◤, ◣, ◣, ◥, >, ◥, ◢, ◥], (9, 4)=[◤], (9, 5)=[◣]}
19 Jan 2025 01:06:11 GMT Zwierzę poruszyło się z (3, 5) na (3, 5)
19 Jan 2025 01:06:11 GMT Długość listy pozycji: 10
Lista pozycji zwierząt: {(2, 2)=[◢], (3, 4)=[^], (3, 5)=[v], (3, 8)=[>], (0, 7)=[<], (1, 8)=[>], (9, 1)=[◤], (9, 2)=[◢, ^, ◢, ◣, ◤, ◣, ^, ◢, ◤, ◤, ◣, ◣, ◤, >, ◤, ◢, ◤], (9, 4)=[◤], (9, 5)=[◣]}
19 Jan 2025 01:06:11 GMT Zwierzę poruszyło się z (0, 0) na (9, 1)
19 Jan 2025 01:06:11 GMT Długość listy pozycji: 10
Lista pozycji zwierząt: {(2, 2)=[◢], (3, 4)=[>], (3, 5)=[v], (3, 8)=[>], (0, 7)=[<], (1, 8)=[>], (9, 1)=[◤], (9, 2)=[◢, ^, ◢, ◣, ◤, ◣, ^, ◢, ◤, ◤, ◣, ◣, ◤, >, ◤, ◢, ◤], (9, 4)=[◤], (9, 5)=[◣]}
19 Jan 2025 01:06:11 GMT Zwierzę poruszyło się z (3, 4) na (3, 4)
19 Jan 2025 01:06:11 GMT Długość listy pozycji: 10
Lista pozycji zwierząt: {(2, 2)=[◢], (3, 4)=[>], (3, 5)=[v], (3, 8)=[>], (0, 7)=[<], (1, 8)=[>], (9, 1)=[◤], (9, 2)=[◢, ^, ◢, ◣, ◤, ◣, ^, ◢, ◤, ◤, ◣, ◣, ◤, >, ◤, ◢, ◤], (9, 4)=[^], (9, 5)=[◣]}
19 Jan 2025 01:06:11 GMT Zwierzę poruszyło się z (9, 4) na (9, 4)
19 Jan 2025 01:06:12 GMT Zwierze zostało położone na (9, 2)
19 Jan 2025 01:06:12 GMT Urodziło się nowe zwierzę na (9, 2)
19 Jan 2025 01:06:12 GMT Roślinka wyrosła na null
19 Jan 2025 01:06:12 GMT Roślinka wyrosła na null
19 Jan 2025 01:06:12 GMT Roślinka wyrosła na null
19 Jan 2025 01:06:12 GMT Roślinka wyrosła na null
19 Jan 2025 01:06:12 GMT Roślinka wyrosła na null
19 Jan 2025 01:06:12 GMT Roślinka wyrosła na null
19 Jan 2025 01:06:12 GMT Roślinka wyrosła na null
19 Jan 2025 01:06:12 GMT Roślinka wyrosła na null
19 Jan 2025 01:06:12 GMT Roślinka wyrosła na null
19 Jan 2025 01:06:12 GMT Roślinka wyrosła na null
19 Jan 2025 01:06:12 GMT Długość listy pozycji: 10
Lista pozycji zwierząt: {(2, 2)=[◢], (3, 4)=[>], (3, 5)=[v], (3, 8)=[>], (0, 7)=[<], (1, 8)=[◢], (9, 1)=[◤], (9, 2)=[^, ◢, ^, ◢, ◣, ◤, ◣, ^, ◢, ◤, ◤, ◣, ◣, ◤, >, ◤, ◢, ◤], (9, 4)=[^], (9, 5)=[◣]}
19 Jan 2025 01:06:12 GMT Zwierzę poruszyło się z (1, 8) na (1, 8)
19 Jan 2025 01:06:12 GMT Długość listy pozycji: 10
Lista pozycji zwierząt: {(2, 2)=[◤], (3, 4)=[>], (3, 5)=[v], (3, 8)=[>], (0, 7)=[<], (1, 8)=[◢], (9, 1)=[◤], (9, 2)=[^, ◢, ^, ◢, ◣, ◤, ◣, ^, ◢, ◤, ◤, ◣, ◣, ◤, >, ◤, ◢, ◤], (9, 4)=[^], (9, 5)=[◣]}
19 Jan 2025 01:06:12 GMT Zwierzę poruszyło się z (2, 2) na (2, 2)
19 Jan 2025 01:06:12 GMT Długość listy pozycji: 10
Lista pozycji zwierząt: {(2, 2)=[◤], (3, 4)=[>], (3, 5)=[v], (3, 8)=[>], (0, 7)=[<], (1, 8)=[◢], (9, 1)=[◤], (9, 2)=[^, ◢, ^, ◢, ◣, ◤, ◣, ^, ◢, ◤, ◤, ◣, ◣, ◤, >, ◤, ◢, ◤], (9, 4)=[^], (9, 5)=[<]}
19 Jan 2025 01:06:12 GMT Zwierzę poruszyło się z (9, 5) na (9, 5)
19 Jan 2025 01:06:12 GMT Długość listy pozycji: 10
Lista pozycji zwierząt: {(2, 2)=[◤], (3, 4)=[>], (3, 5)=[v], (3, 8)=[v], (0, 7)=[<], (1, 8)=[◢], (9, 1)=[◤], (9, 2)=[^, ◢, ^, ◢, ◣, ◤, ◣, ^, ◢, ◤, ◤, ◣, ◣, ◤, >, ◤, ◢, ◤], (9, 4)=[^], (9, 5)=[<]}
19 Jan 2025 01:06:12 GMT Zwierzę poruszyło się z (3, 8) na (3, 8)
19 Jan 2025 01:06:12 GMT Długość listy pozycji: 10
Lista pozycji zwierząt: {(2, 2)=[◤], (3, 4)=[>], (3, 5)=[<], (3, 8)=[v], (0, 7)=[<], (1, 8)=[◢], (9, 1)=[◤], (9, 2)=[^, ◢, ^, ◢, ◣, ◤, ◣, ^, ◢, ◤, ◤, ◣, ◣, ◤, >, ◤, ◢, ◤], (9, 4)=[^], (9, 5)=[<]}
19 Jan 2025 01:06:13 GMT Zwierzę poruszyło się z (3, 5) na (3, 5)
19 Jan 2025 01:06:13 GMT Długość listy pozycji: 10
Lista pozycji zwierząt: {(2, 2)=[◤], (3, 4)=[>], (3, 5)=[<], (3, 8)=[v], (0, 7)=[<], (1, 8)=[◢], (9, 1)=[<], (9, 2)=[^, ◢, ^, ◢, ◣, ◤, ◣, ^, ◢, <, ◤, ◣, ◣, <, >, <, ◢, <], (9, 4)=[^], (9, 5)=[<]}
19 Jan 2025 01:06:13 GMT Zwierzę poruszyło się z (9, 1) na (9, 1)
19 Jan 2025 01:06:13 GMT Długość listy pozycji: 10
Lista pozycji zwierząt: {(2, 2)=[◤], (3, 4)=[◤], (3, 5)=[<], (3, 8)=[v], (0, 7)=[<], (1, 8)=[◢], (9, 1)=[<], (9, 2)=[^, ◢, ^, ◢, ◣, ◤, ◣, ^, ◢, <, ◤, ◣, ◣, <, >, <, ◢, <], (9, 4)=[^], (9, 5)=[<]}
19 Jan 2025 01:06:13 GMT Zwierzę poruszyło się z (3, 4) na (3, 4)
19 Jan 2025 01:06:13 GMT Długość listy pozycji: 10
Lista pozycji zwierząt: {(2, 2)=[◤], (3, 4)=[◤], (3, 5)=[<], (3, 8)=[v], (0, 7)=[<], (1, 8)=[◢], (9, 1)=[<], (9, 2)=[^, ◢, ^, ◢, ◣, ◤, ◣, ^, ◢, <, ◤, ◣, ◣, <, >, <, ◢, <], (9, 4)=[<], (9, 5)=[<]}
19 Jan 2025 01:06:13 GMT Zwierzę poruszyło się z (9, 4) na (9, 4)
19 Jan 2025 01:06:13 GMT Zwierze zostało położone na (9, 2)
19 Jan 2025 01:06:13 GMT Urodziło się nowe zwierzę na (9, 2)
19 Jan 2025 01:06:13 GMT Roślinka wyrosła na null
19 Jan 2025 01:06:13 GMT Roślinka wyrosła na null
19 Jan 2025 01:06:13 GMT Roślinka wyrosła na null
19 Jan 2025 01:06:13 GMT Roślinka wyrosła na null
19 Jan 2025 01:06:13 GMT Roślinka wyrosła na null
19 Jan 2025 01:06:13 GMT Roślinka wyrosła na null
19 Jan 2025 01:06:13 GMT Roślinka wyrosła na null
19 Jan 2025 01:06:13 GMT Roślinka wyrosła na null
19 Jan 2025 01:06:13 GMT Roślinka wyrosła na null
19 Jan 2025 01:06:13 GMT Roślinka wyrosła na null
19 Jan 2025 01:06:13 GMT Zwierzę umarło na (1, 8)
19 Jan 2025 01:06:13 GMT Zwierzę umarło na (2, 2)
19 Jan 2025 01:06:13 GMT Zwierzę umarło na (3, 8)
19 Jan 2025 01:06:13 GMT Zwierzę umarło na (3, 5)
19 Jan 2025 01:06:13 GMT Zwierzę umarło na (3, 4)
19 Jan 2025 01:06:14 GMT Długość listy pozycji: 10
Lista pozycji zwierząt: {(2, 2)=[], (3, 4)=[], (3, 5)=[], (3, 8)=[], (0, 7)=[<], (1, 8)=[], (9, 1)=[<], (9, 2)=[◤, ^, ◢, ^, ◢, ◣, ◤, ◣, ^, ◢, <, ◤, ◣, ◣, <, >, <, ◢, <], (9, 4)=[<], (9, 5)=[v]}
19 Jan 2025 01:06:14 GMT Zwierzę poruszyło się z (9, 5) na (9, 5)
19 Jan 2025 01:06:14 GMT Długość listy pozycji: 10
Lista pozycji zwierząt: {(2, 2)=[], (0, 1)=[>], (3, 4)=[], (3, 5)=[], (3, 8)=[], (0, 7)=[<], (1, 8)=[], (9, 2)=[◤, ^, ◢, ^, ◢, ◣, ◤, ◣, ^, ◢, >, ◤, ◣, ◣, >, >, >, ◢, >], (9, 4)=[<], (9, 5)=[v]}
19 Jan 2025 01:06:14 GMT Zwierzę poruszyło się z (9, 1) na (0, 1)
19 Jan 2025 01:06:14 GMT Długość listy pozycji: 10
Lista pozycji zwierząt: {(2, 2)=[], (0, 1)=[>], (3, 4)=[], (3, 5)=[], (3, 8)=[], (0, 7)=[<], (1, 8)=[], (9, 2)=[◤, ^, ◢, ^, ◢, ◣, ◤, ◣, ^, ◢, >, ◤, ◣, ◣, >, >, >, ◢, >], (9, 4)=[^], (9, 5)=[v]}
19 Jan 2025 01:06:14 GMT Zwierzę poruszyło się z (9, 4) na (9, 4)
19 Jan 2025 01:06:14 GMT Zwierze zostało położone na (9, 2)
19 Jan 2025 01:06:14 GMT Urodziło się nowe zwierzę na (9, 2)
19 Jan 2025 01:06:14 GMT Roślinka wyrosła na null
19 Jan 2025 01:06:14 GMT Roślinka wyrosła na null
19 Jan 2025 01:06:14 GMT Roślinka wyrosła na null
19 Jan 2025 01:06:14 GMT Roślinka wyrosła na null
19 Jan 2025 01:06:14 GMT Roślinka wyrosła na null
19 Jan 2025 01:06:14 GMT Roślinka wyrosła na null
19 Jan 2025 01:06:14 GMT Roślinka wyrosła na null
19 Jan 2025 01:06:14 GMT Roślinka wyrosła na null
19 Jan 2025 01:06:14 GMT Roślinka wyrosła na null
19 Jan 2025 01:06:14 GMT Roślinka wyrosła na null
19 Jan 2025 01:06:14 GMT Długość listy pozycji: 10
Lista pozycji zwierząt: {(2, 2)=[], (0, 1)=[>], (3, 4)=[], (3, 5)=[], (3, 8)=[], (0, 7)=[<], (1, 8)=[], (9, 2)=[v, ◤, ^, ◢, ^, ◢, ◣, ◤, ◣, ^, ◢, >, ◤, ◣, ◣, >, >, >, ◢, >], (9, 4)=[^], (9, 5)=[<]}
19 Jan 2025 01:06:14 GMT Zwierzę poruszyło się z (9, 5) na (9, 5)
19 Jan 2025 01:06:15 GMT Długość listy pozycji: 10
Lista pozycji zwierząt: {(2, 2)=[], (0, 1)=[◥], (3, 4)=[], (3, 5)=[], (3, 8)=[], (0, 7)=[<], (1, 8)=[], (9, 2)=[v, ◤, ^, ◢, ^, ◢, ◣, ◤, ◣, ^, ◢, ◥, ◤, ◣, ◣, ◥, >, ◥, ◢, ◥], (9, 4)=[^], (9, 5)=[<]}
19 Jan 2025 01:06:15 GMT Zwierzę poruszyło się z (0, 1) na (0, 1)
19 Jan 2025 01:06:15 GMT Długość listy pozycji: 10
Lista pozycji zwierząt: {(2, 2)=[], (0, 1)=[◥], (3, 4)=[], (3, 5)=[], (0, 5)=[◥], (3, 8)=[], (0, 7)=[<], (1, 8)=[], (9, 2)=[v, ◤, ^, ◢, ^, ◢, ◣, ◤, ◣, ^, ◢, ◥, ◤, ◣, ◣, ◥, >, ◥, ◢, ◥], (9, 5)=[<]}
19 Jan 2025 01:06:15 GMT Zwierzę poruszyło się z (9, 4) na (0, 5)
19 Jan 2025 01:06:15 GMT Zwierze zostało położone na (9, 2)
19 Jan 2025 01:06:15 GMT Urodziło się nowe zwierzę na (9, 2)
19 Jan 2025 01:06:15 GMT Roślinka wyrosła na null
19 Jan 2025 01:06:15 GMT Roślinka wyrosła na null
19 Jan 2025 01:06:15 GMT Roślinka wyrosła na null
19 Jan 2025 01:06:15 GMT Roślinka wyrosła na null
19 Jan 2025 01:06:15 GMT Roślinka wyrosła na null
19 Jan 2025 01:06:15 GMT Roślinka wyrosła na null
19 Jan 2025 01:06:15 GMT Roślinka wyrosła na null
19 Jan 2025 01:06:15 GMT Roślinka wyrosła na null
19 Jan 2025 01:06:15 GMT Roślinka wyrosła na null
19 Jan 2025 01:06:15 GMT Roślinka wyrosła na null
19 Jan 2025 01:06:15 GMT Długość listy pozycji: 10
Lista pozycji zwierząt: {(2, 2)=[], (0, 1)=[◥], (3, 4)=[], (3, 5)=[], (0, 5)=[◥], (3, 8)=[], (0, 7)=[<], (1, 8)=[], (9, 2)=[v, v, ◤, ^, ◢, ^, ◢, ◣, ◤, ◣, ^, ◢, ◥, ◤, ◣, ◣, ◥, >, ◥, ◢, ◥], (9, 5)=[^]}
19 Jan 2025 01:06:15 GMT Zwierzę poruszyło się z (9, 5) na (9, 5)
19 Jan 2025 01:06:15 GMT Długość listy pozycji: 10
Lista pozycji zwierząt: {(2, 2)=[], (3, 4)=[], (3, 5)=[], (0, 5)=[◥], (3, 8)=[], (9, 0)=[◣], (0, 7)=[<], (1, 8)=[], (9, 2)=[v, v, ◤, ^, ◢, ^, ◢, ◣, ◤, ◣, ^, ◢, ◣, ◤, ◣, ◣, ◣, >, ◣, ◢, ◣], (9, 5)=[^]}
19 Jan 2025 01:06:15 GMT Zwierzę poruszyło się z (0, 1) na (9, 0)
19 Jan 2025 01:06:16 GMT Długość listy pozycji: 10
Lista pozycji zwierząt: {(2, 2)=[], (3, 4)=[], (3, 5)=[], (3, 8)=[], (9, 0)=[◣], (0, 7)=[<], (1, 8)=[], (9, 2)=[v, v, ◤, ^, ◢, ^, ◢, ◣, ◤, ◣, ^, ◢, ◣, ◤, ◣, ◣, ◣, >, ◣, ◢, ◣], (9, 5)=[^], (9, 6)=[◤]}
19 Jan 2025 01:06:16 GMT Zwierzę poruszyło się z (0, 5) na (9, 6)
19 Jan 2025 01:06:16 GMT Zwierzę zjadło roślinkę na (9, 0)
19 Jan 2025 01:06:16 GMT Zwierze zostało położone na (9, 2)
19 Jan 2025 01:06:16 GMT Urodziło się nowe zwierzę na (9, 2)
19 Jan 2025 01:06:16 GMT Roślinka wyrosła na null
19 Jan 2025 01:06:16 GMT Roślinka wyrosła na null
19 Jan 2025 01:06:16 GMT Roślinka wyrosła na null
19 Jan 2025 01:06:16 GMT Roślinka wyrosła na null
19 Jan 2025 01:06:16 GMT Roślinka wyrosła na null
19 Jan 2025 01:06:16 GMT Roślinka wyrosła na null
19 Jan 2025 01:06:16 GMT Roślinka wyrosła na null
19 Jan 2025 01:06:16 GMT Roślinka wyrosła na null
19 Jan 2025 01:06:16 GMT Roślinka wyrosła na null
19 Jan 2025 01:06:16 GMT Roślinka wyrosła na null
19 Jan 2025 01:06:16 GMT Długość listy pozycji: 10
Lista pozycji zwierząt: {(2, 2)=[], (3, 4)=[], (3, 5)=[], (3, 8)=[], (9, 0)=[◣], (0, 7)=[<], (1, 8)=[], (9, 2)=[>, v, v, ◤, ^, ◢, ^, ◢, ◣, ◤, ◣, ^, ◢, ◣, ◤, ◣, ◣, ◣, >, ◣, ◢, ◣], (9, 5)=[^], (9, 6)=[◤]}
19 Jan 2025 01:06:16 GMT Zwierzę poruszyło się z (9, 5) na (9, 5)
19 Jan 2025 01:06:16 GMT Długość listy pozycji: 10
Lista pozycji zwierząt: {(2, 2)=[], (3, 4)=[], (3, 5)=[], (3, 8)=[], (9, 0)=[^], (0, 7)=[<], (1, 8)=[], (9, 2)=[>, v, v, ◤, ^, ◢, ^, ◢, ◣, ◤, ◣, ^, ◢, ^, ◤, ◣, ◣, ^, >, ^, ◢, ^], (9, 5)=[^], (9, 6)=[◤]}
19 Jan 2025 01:06:16 GMT Zwierzę poruszyło się z (9, 0) na (9, 0)
19 Jan 2025 01:06:16 GMT Długość listy pozycji: 9
Lista pozycji zwierząt: {(2, 2)=[], (3, 4)=[], (3, 5)=[], (3, 8)=[], (9, 0)=[^], (0, 7)=[<, ◥], (1, 8)=[], (9, 2)=[>, v, v, ◤, ^, ◢, ^, ◢, ◣, ◤, ◣, ^, ◢, ^, ◤, ◣, ◣, ^, >, ^, ◢, ^], (9, 5)=[^]}
19 Jan 2025 01:06:16 GMT Zwierzę poruszyło się z (9, 6) na (0, 7)
19 Jan 2025 01:06:17 GMT Zwierze zostało położone na (0, 7)
19 Jan 2025 01:06:17 GMT Urodziło się nowe zwierzę na (0, 7)
19 Jan 2025 01:06:17 GMT Zwierze zostało położone na (9, 2)
19 Jan 2025 01:06:17 GMT Urodziło się nowe zwierzę na (9, 2)
19 Jan 2025 01:06:17 GMT Roślinka wyrosła na null
19 Jan 2025 01:06:17 GMT Roślinka wyrosła na null
19 Jan 2025 01:06:17 GMT Roślinka wyrosła na null
19 Jan 2025 01:06:17 GMT Roślinka wyrosła na null
19 Jan 2025 01:06:17 GMT Roślinka wyrosła na null
19 Jan 2025 01:06:17 GMT Roślinka wyrosła na null
19 Jan 2025 01:06:17 GMT Roślinka wyrosła na null
19 Jan 2025 01:06:17 GMT Roślinka wyrosła na null
19 Jan 2025 01:06:17 GMT Roślinka wyrosła na null
19 Jan 2025 01:06:17 GMT Roślinka wyrosła na null
19 Jan 2025 01:06:17 GMT Długość listy pozycji: 9
Lista pozycji zwierząt: {(2, 2)=[], (3, 4)=[], (3, 5)=[], (0, 5)=[>], (3, 8)=[], (9, 0)=[^], (0, 7)=[<, ◥, ◣], (1, 8)=[], (9, 2)=[◤, >, v, v, ◤, ^, ◢, ^, ◢, ◣, ◤, ◣, ^, ◢, ^, ◤, ◣, ◣, ^, >, ^, ◢, ^]}
19 Jan 2025 01:06:17 GMT Zwierzę poruszyło się z (9, 5) na (0, 5)
19 Jan 2025 01:06:17 GMT Długość listy pozycji: 9
Lista pozycji zwierząt: {(2, 2)=[], (3, 4)=[], (3, 5)=[], (0, 5)=[>], (3, 8)=[], (9, 0)=[<], (0, 7)=[<, ◥, ◣], (1, 8)=[], (9, 2)=[◤, >, v, v, ◤, ^, ◢, ^, ◢, ◣, ◤, ◣, ^, ◢, <, ◤, ◣, ◣, <, >, <, ◢, <]}
19 Jan 2025 01:06:17 GMT Zwierzę poruszyło się z (9, 0) na (9, 0)
19 Jan 2025 01:06:17 GMT Długość listy pozycji: 10
Lista pozycji zwierząt: {(2, 2)=[], (3, 4)=[], (3, 5)=[], (0, 5)=[>], (3, 8)=[], (9, 0)=[<], (0, 7)=[<, ◣], (1, 8)=[], (9, 2)=[◤, >, v, v, ◤, ^, ◢, ^, ◢, ◣, ◤, ◣, ^, ◢, <, ◤, ◣, ◣, <, >, <, ◢, <], (9, 7)=[<]}
19 Jan 2025 01:06:17 GMT Zwierzę poruszyło się z (0, 7) na (9, 7)
19 Jan 2025 01:06:17 GMT Zwierzę zjadło roślinkę na (9, 7)
19 Jan 2025 01:06:18 GMT Zwierze zostało położone na (0, 7)
19 Jan 2025 01:06:18 GMT Urodziło się nowe zwierzę na (0, 7)
19 Jan 2025 01:06:18 GMT Zwierze zostało położone na (9, 2)
19 Jan 2025 01:06:18 GMT Urodziło się nowe zwierzę na (9, 2)
19 Jan 2025 01:06:18 GMT Roślinka wyrosła na null
19 Jan 2025 01:06:18 GMT Roślinka wyrosła na null
19 Jan 2025 01:06:18 GMT Roślinka wyrosła na null
19 Jan 2025 01:06:18 GMT Roślinka wyrosła na null
19 Jan 2025 01:06:18 GMT Roślinka wyrosła na null
19 Jan 2025 01:06:18 GMT Roślinka wyrosła na null
19 Jan 2025 01:06:18 GMT Roślinka wyrosła na null
19 Jan 2025 01:06:18 GMT Roślinka wyrosła na null
19 Jan 2025 01:06:18 GMT Roślinka wyrosła na null
19 Jan 2025 01:06:18 GMT Roślinka wyrosła na null
19 Jan 2025 01:06:18 GMT Długość listy pozycji: 10
Lista pozycji zwierząt: {(2, 2)=[], (3, 4)=[], (3, 5)=[], (3, 8)=[], (9, 0)=[<], (0, 7)=[◢, ◣, <], (1, 8)=[], (9, 2)=[◢, ◤, >, v, v, ◤, ^, ◢, ^, ◢, ◣, ◤, ◣, ^, ◢, <, ◤, ◣, ◣, <, >, <, ◢, <], (9, 6)=[◤], (9, 7)=[<]}
19 Jan 2025 01:06:18 GMT Zwierzę poruszyło się z (0, 5) na (9, 6)
19 Jan 2025 01:06:18 GMT Długość listy pozycji: 10
Lista pozycji zwierząt: {(2, 2)=[], (3, 4)=[], (3, 5)=[], (3, 8)=[], (9, 0)=[◤], (0, 7)=[◢, ◣, <], (1, 8)=[], (9, 2)=[◢, ◤, >, v, v, ◤, ^, ◢, ^, ◢, ◣, ◤, ◣, ^, ◢, ◤, ◤, ◣, ◣, ◤, >, ◤, ◢, ◤], (9, 6)=[◤], (9, 7)=[<]}
19 Jan 2025 01:06:18 GMT Zwierzę poruszyło się z (9, 0) na (9, 0)
19 Jan 2025 01:06:18 GMT Długość listy pozycji: 9
Lista pozycji zwierząt: {(2, 2)=[], (3, 4)=[], (3, 5)=[], (3, 8)=[], (9, 0)=[◤], (0, 7)=[>, ◢, ◣, <], (1, 8)=[], (9, 2)=[◢, ◤, >, v, v, ◤, ^, ◢, ^, ◢, ◣, ◤, ◣, ^, ◢, ◤, ◤, ◣, ◣, ◤, >, ◤, ◢, ◤], (9, 6)=[◤]}
19 Jan 2025 01:06:18 GMT Zwierzę poruszyło się z (9, 7) na (0, 7)
19 Jan 2025 01:06:19 GMT Zwierze zostało położone na (0, 7)
19 Jan 2025 01:06:19 GMT Urodziło się nowe zwierzę na (0, 7)
19 Jan 2025 01:06:19 GMT Zwierze zostało położone na (9, 2)
19 Jan 2025 01:06:19 GMT Urodziło się nowe zwierzę na (9, 2)
19 Jan 2025 01:06:19 GMT Roślinka wyrosła na null
19 Jan 2025 01:06:19 GMT Roślinka wyrosła na null
19 Jan 2025 01:06:19 GMT Roślinka wyrosła na null
19 Jan 2025 01:06:19 GMT Roślinka wyrosła na null
19 Jan 2025 01:06:19 GMT Roślinka wyrosła na null
19 Jan 2025 01:06:19 GMT Roślinka wyrosła na null
19 Jan 2025 01:06:19 GMT Roślinka wyrosła na null
19 Jan 2025 01:06:19 GMT Roślinka wyrosła na null
19 Jan 2025 01:06:19 GMT Roślinka wyrosła na null
19 Jan 2025 01:06:19 GMT Roślinka wyrosła na null
19 Jan 2025 01:06:19 GMT Długość listy pozycji: 9
Lista pozycji zwierząt: {(2, 2)=[], (3, 4)=[], (3, 5)=[], (0, 5)=[◢], (3, 8)=[], (9, 0)=[◤], (0, 7)=[>, ◢, ◣, ◣, <], (1, 8)=[], (9, 2)=[◢, ◢, ◤, >, v, v, ◤, ^, ◢, ^, ◢, ◣, ◤, ◣, ^, ◢, ◤, ◤, ◣, ◣, ◤, >, ◤, ◢, ◤]}
19 Jan 2025 01:06:19 GMT Zwierzę poruszyło się z (9, 6) na (0, 5)
19 Jan 2025 01:06:19 GMT Długość listy pozycji: 9
Lista pozycji zwierząt: {(2, 2)=[], (3, 4)=[], (3, 5)=[], (0, 5)=[◢], (3, 8)=[], (9, 0)=[^], (0, 7)=[>, ◢, ◣, ◣, <], (1, 8)=[], (9, 2)=[◢, ◢, ◤, >, v, v, ◤, ^, ◢, ^, ◢, ◣, ◤, ◣, ^, ◢, ^, ◤, ◣, ◣, ^, >, ^, ◢, ^]}
19 Jan 2025 01:06:19 GMT Zwierzę poruszyło się z (9, 0) na (9, 0)
19 Jan 2025 01:06:19 GMT Długość listy pozycji: 10
Lista pozycji zwierząt: {(9, 8)=[◤], (2, 2)=[], (3, 4)=[], (3, 5)=[], (0, 5)=[◢], (3, 8)=[], (9, 0)=[^], (0, 7)=[◤, ◢, ◣, ◣, <], (1, 8)=[], (9, 2)=[◢, ◢, ◤, >, v, v, ◤, ^, ◢, ^, ◢, ◣, ◤, ◣, ^, ◢, ^, ◤, ◣, ◣, ^, >, ^, ◢, ^]}
19 Jan 2025 01:06:19 GMT Zwierzę poruszyło się z (0, 7) na (9, 8)
19 Jan 2025 01:06:19 GMT Zwierzę zjadło roślinkę na (9, 8)
19 Jan 2025 01:06:20 GMT Zwierze zostało położone na (9, 8)
19 Jan 2025 01:06:20 GMT Urodziło się nowe zwierzę na (0, 7)
19 Jan 2025 01:06:20 GMT Zwierze zostało położone na (9, 2)
19 Jan 2025 01:06:20 GMT Urodziło się nowe zwierzę na (9, 2)
19 Jan 2025 01:06:20 GMT Roślinka wyrosła na null
19 Jan 2025 01:06:20 GMT Roślinka wyrosła na null
19 Jan 2025 01:06:20 GMT Roślinka wyrosła na null
19 Jan 2025 01:06:20 GMT Roślinka wyrosła na null
19 Jan 2025 01:06:20 GMT Roślinka wyrosła na null
19 Jan 2025 01:06:20 GMT Roślinka wyrosła na null
19 Jan 2025 01:06:20 GMT Roślinka wyrosła na null
19 Jan 2025 01:06:20 GMT Roślinka wyrosła na null
19 Jan 2025 01:06:20 GMT Roślinka wyrosła na null
19 Jan 2025 01:06:20 GMT Roślinka wyrosła na null
19 Jan 2025 01:06:20 GMT Długość listy pozycji: 10
Lista pozycji zwierząt: {(9, 8)=[◣, ◤], (2, 2)=[], (3, 4)=[], (3, 5)=[], (0, 5)=[^], (3, 8)=[], (9, 0)=[^], (0, 7)=[◤, ◢, ◣, ◣, <], (1, 8)=[], (9, 2)=[^, ◢, ◢, ◤, >, v, v, ◤, ^, ◢, ^, ◢, ◣, ◤, ◣, ^, ◢, ^, ◤, ◣, ◣, ^, >, ^, ◢, ^]}
19 Jan 2025 01:06:20 GMT Zwierzę poruszyło się z (0, 5) na (0, 5)
19 Jan 2025 01:06:20 GMT Długość listy pozycji: 10
Lista pozycji zwierząt: {(9, 8)=[◣, ◤], (2, 2)=[], (3, 4)=[], (3, 5)=[], (0, 5)=[^], (3, 8)=[], (9, 0)=[^], (0, 7)=[◤, ◢, ◣, ◣, <], (1, 8)=[], (9, 2)=[^, ◢, ◢, ◤, >, v, v, ◤, ^, ◢, ^, ◢, ◣, ◤, ◣, ^, ◢, ^, ◤, ◣, ◣, ^, >, ^, ◢, ^]}
19 Jan 2025 01:06:20 GMT Zwierzę poruszyło się z (9, 0) na (9, 0)
19 Jan 2025 01:06:20 GMT Długość listy pozycji: 10
Lista pozycji zwierząt: {(9, 8)=[◣, ◣], (2, 2)=[], (3, 4)=[], (3, 5)=[], (0, 5)=[^], (3, 8)=[], (9, 0)=[^], (0, 7)=[◣, ◢, ◣, ◣, <], (1, 8)=[], (9, 2)=[^, ◢, ◢, ◤, >, v, v, ◤, ^, ◢, ^, ◢, ◣, ◤, ◣, ^, ◢, ^, ◤, ◣, ◣, ^, >, ^, ◢, ^]}
19 Jan 2025 01:06:20 GMT Zwierzę poruszyło się z (9, 8) na (9, 8)
19 Jan 2025 01:06:21 GMT Zwierze zostało położone na (9, 8)
19 Jan 2025 01:06:21 GMT Urodziło się nowe zwierzę na (9, 8)
