18 Jan 2025 22:02:04 GMT Zwierze zostało położone na (0, 7)
18 Jan 2025 22:02:04 GMT Zwierze zostało położone na (7, 2)
18 Jan 2025 22:02:04 GMT Zwierze zostało położone na (4, 4)
18 Jan 2025 22:02:04 GMT Zwierze zostało położone na (7, 6)
18 Jan 2025 22:02:04 GMT Zwierze zostało położone na (3, 1)
18 Jan 2025 22:02:04 GMT Zwierze zostało położone na (6, 0)
18 Jan 2025 22:02:04 GMT Zwierze zostało położone na (3, 8)
18 Jan 2025 22:02:04 GMT Zwierze zostało położone na (1, 7)
18 Jan 2025 22:02:05 GMT Zwierze zostało położone na (7, 2)
18 Jan 2025 22:02:05 GMT Zwierze zostało położone na (3, 1)
18 Jan 2025 22:02:05 GMT Długość listy pozycji: 8
Lista pozycji zwierząt: {(7, 6)=[^], (4, 4)=[◣], (3, 8)=[◢], (0, 6)=[v], (1, 7)=[◢], (6, 0)=[>], (7, 2)=[>, v], (3, 1)=[◥, ◢]}
18 Jan 2025 22:02:05 GMT Zwierzę poruszyło się z (0, 7) na (0, 6)
18 Jan 2025 22:02:05 GMT Długość listy pozycji: 9
Lista pozycji zwierząt: {(7, 6)=[^], (4, 4)=[◣], (3, 8)=[◢], (0, 6)=[v], (1, 7)=[◢], (7, 1)=[v], (6, 0)=[>], (7, 2)=[v], (3, 1)=[◥, ◢]}
18 Jan 2025 22:02:05 GMT Zwierzę poruszyło się z (7, 2) na (7, 1)
18 Jan 2025 22:02:05 GMT Długość listy pozycji: 9
Lista pozycji zwierząt: {(5, 4)=[>], (7, 6)=[^], (3, 8)=[◢], (0, 6)=[v], (1, 7)=[◢], (7, 1)=[v], (6, 0)=[>], (7, 2)=[v], (3, 1)=[◥, ◢]}
18 Jan 2025 22:02:05 GMT Zwierzę poruszyło się z (4, 4) na (5, 4)
18 Jan 2025 22:02:05 GMT Długość listy pozycji: 9
Lista pozycji zwierząt: {(5, 4)=[>], (7, 7)=[^], (3, 8)=[◢], (0, 6)=[v], (1, 7)=[◢], (7, 1)=[v], (6, 0)=[>], (7, 2)=[v], (3, 1)=[◥, ◢]}
18 Jan 2025 22:02:05 GMT Zwierzę poruszyło się z (7, 6) na (7, 7)
18 Jan 2025 22:02:05 GMT Długość listy pozycji: 10
Lista pozycji zwierząt: {(5, 4)=[>], (7, 7)=[^], (3, 8)=[◢], (0, 6)=[v], (1, 7)=[◢], (7, 1)=[v], (6, 0)=[>], (7, 2)=[v], (4, 1)=[>], (3, 1)=[◢]}
18 Jan 2025 22:02:05 GMT Zwierzę poruszyło się z (3, 1) na (4, 1)
18 Jan 2025 22:02:05 GMT Długość listy pozycji: 10
Lista pozycji zwierząt: {(5, 4)=[>], (7, 7)=[^], (3, 8)=[◢], (0, 6)=[v], (1, 7)=[◢], (7, 1)=[v], (6, 0)=[^], (7, 2)=[v], (4, 1)=[>], (3, 1)=[◢]}
18 Jan 2025 22:02:05 GMT Zwierzę poruszyło się z (6, 0) na (6, 0)
18 Jan 2025 22:02:05 GMT Długość listy pozycji: 10
Lista pozycji zwierząt: {(5, 4)=[>], (7, 7)=[^], (2, 8)=[<], (0, 6)=[v], (1, 7)=[◢], (7, 1)=[v], (6, 0)=[^], (7, 2)=[v], (4, 1)=[>], (3, 1)=[◢]}
18 Jan 2025 22:02:05 GMT Zwierzę poruszyło się z (3, 8) na (2, 8)
18 Jan 2025 22:02:06 GMT Długość listy pozycji: 10
Lista pozycji zwierząt: {(5, 4)=[>], (7, 7)=[^], (2, 8)=[<], (0, 6)=[v], (0, 7)=[<], (7, 1)=[v], (6, 0)=[^], (7, 2)=[v], (4, 1)=[>], (3, 1)=[◢]}
18 Jan 2025 22:02:06 GMT Zwierzę poruszyło się z (1, 7) na (0, 7)
18 Jan 2025 22:02:06 GMT Długość listy pozycji: 10
Lista pozycji zwierząt: {(5, 4)=[>], (7, 7)=[^], (2, 8)=[<], (0, 6)=[v], (0, 7)=[<], (7, 1)=[v], (6, 0)=[^], (7, 3)=[^], (4, 1)=[>], (3, 1)=[◢]}
18 Jan 2025 22:02:06 GMT Zwierzę poruszyło się z (7, 2) na (7, 3)
18 Jan 2025 22:02:06 GMT Długość listy pozycji: 10
Lista pozycji zwierząt: {(2, 1)=[<], (5, 4)=[>], (7, 7)=[^], (2, 8)=[<], (0, 6)=[v], (0, 7)=[<], (7, 1)=[v], (6, 0)=[^], (7, 3)=[^], (4, 1)=[>]}
18 Jan 2025 22:02:06 GMT Zwierzę poruszyło się z (3, 1) na (2, 1)
18 Jan 2025 22:02:06 GMT Zwierzę zjadło roślinkę na (0, 6)
18 Jan 2025 22:02:06 GMT Roślinka wyrosła na (5, 6)
18 Jan 2025 22:02:06 GMT Roślinka wyrosła na (9, 5)
18 Jan 2025 22:02:06 GMT Roślinka wyrosła na (2, 5)
18 Jan 2025 22:02:06 GMT Roślinka wyrosła na (2, 1)
18 Jan 2025 22:02:06 GMT Roślinka wyrosła na (8, 5)
18 Jan 2025 22:02:06 GMT Roślinka wyrosła na (6, 6)
18 Jan 2025 22:02:06 GMT Roślinka wyrosła na (6, 5)
18 Jan 2025 22:02:06 GMT Roślinka wyrosła na (1, 5)
18 Jan 2025 22:02:06 GMT Roślinka wyrosła na (1, 6)
18 Jan 2025 22:02:06 GMT Roślinka wyrosła na (5, 5)
18 Jan 2025 22:02:06 GMT Długość listy pozycji: 10
Lista pozycji zwierząt: {(2, 1)=[<], (5, 4)=[>], (7, 7)=[^], (1, 6)=[>], (2, 8)=[<], (0, 7)=[<], (7, 1)=[v], (6, 0)=[^], (7, 3)=[^], (4, 1)=[>]}
18 Jan 2025 22:02:06 GMT Zwierzę poruszyło się z (0, 6) na (1, 6)
18 Jan 2025 22:02:06 GMT Długość listy pozycji: 10
Lista pozycji zwierząt: {(2, 1)=[<], (5, 4)=[>], (7, 7)=[^], (1, 6)=[>], (2, 8)=[<], (0, 7)=[<], (6, 0)=[^], (6, 1)=[<], (7, 3)=[^], (4, 1)=[>]}
18 Jan 2025 22:02:06 GMT Zwierzę poruszyło się z (7, 1) na (6, 1)
18 Jan 2025 22:02:06 GMT Długość listy pozycji: 10
Lista pozycji zwierząt: {(2, 1)=[<], (7, 7)=[^], (4, 5)=[◤], (1, 6)=[>], (2, 8)=[<], (0, 7)=[<], (6, 0)=[^], (6, 1)=[<], (7, 3)=[^], (4, 1)=[>]}
18 Jan 2025 22:02:06 GMT Zwierzę poruszyło się z (5, 4) na (4, 5)
18 Jan 2025 22:02:07 GMT Długość listy pozycji: 10
Lista pozycji zwierząt: {(2, 1)=[<], (7, 8)=[^], (4, 5)=[◤], (1, 6)=[>], (2, 8)=[<], (0, 7)=[<], (6, 0)=[^], (6, 1)=[<], (7, 3)=[^], (4, 1)=[>]}
18 Jan 2025 22:02:07 GMT Zwierzę poruszyło się z (7, 7) na (7, 8)
18 Jan 2025 22:02:07 GMT Długość listy pozycji: 10
Lista pozycji zwierząt: {(2, 1)=[<], (7, 8)=[^], (4, 5)=[◤], (1, 6)=[>], (2, 8)=[<], (0, 7)=[<], (6, 0)=[^], (5, 0)=[◢], (6, 1)=[<], (7, 3)=[^]}
18 Jan 2025 22:02:07 GMT Zwierzę poruszyło się z (4, 1) na (5, 0)
18 Jan 2025 22:02:07 GMT Długość listy pozycji: 10
Lista pozycji zwierząt: {(2, 1)=[<], (7, 8)=[^], (4, 5)=[◤], (1, 6)=[>], (2, 8)=[<], (0, 7)=[<], (7, 0)=[>], (5, 0)=[◢], (6, 1)=[<], (7, 3)=[^]}
18 Jan 2025 22:02:07 GMT Zwierzę poruszyło się z (6, 0) na (7, 0)
18 Jan 2025 22:02:07 GMT Długość listy pozycji: 10
Lista pozycji zwierząt: {(2, 1)=[<], (7, 8)=[^], (4, 5)=[◤], (1, 6)=[>], (3, 9)=[◥], (0, 7)=[<], (7, 0)=[>], (5, 0)=[◢], (6, 1)=[<], (7, 3)=[^]}
18 Jan 2025 22:02:07 GMT Zwierzę poruszyło się z (2, 8) na (3, 9)
18 Jan 2025 22:02:07 GMT Długość listy pozycji: 10
Lista pozycji zwierząt: {(2, 1)=[<], (7, 8)=[^], (4, 5)=[◤], (1, 6)=[>], (3, 9)=[◥], (1, 8)=[◥], (7, 0)=[>], (5, 0)=[◢], (6, 1)=[<], (7, 3)=[^]}
18 Jan 2025 22:02:07 GMT Zwierzę poruszyło się z (0, 7) na (1, 8)
18 Jan 2025 22:02:07 GMT Długość listy pozycji: 10
Lista pozycji zwierząt: {(2, 1)=[<], (7, 8)=[^], (4, 5)=[◤], (1, 6)=[>], (3, 9)=[◥], (1, 8)=[◥], (7, 0)=[>], (7, 2)=[v], (5, 0)=[◢], (6, 1)=[<]}
18 Jan 2025 22:02:07 GMT Zwierzę poruszyło się z (7, 3) na (7, 2)
18 Jan 2025 22:02:07 GMT Długość listy pozycji: 10
Lista pozycji zwierząt: {(3, 2)=[◥], (7, 8)=[^], (4, 5)=[◤], (1, 6)=[>], (3, 9)=[◥], (1, 8)=[◥], (7, 0)=[>], (7, 2)=[v], (5, 0)=[◢], (6, 1)=[<]}
18 Jan 2025 22:02:07 GMT Zwierzę poruszyło się z (2, 1) na (3, 2)
18 Jan 2025 22:02:07 GMT Zwierzę zjadło roślinkę na (7, 8)
18 Jan 2025 22:02:07 GMT Zwierzę zjadło roślinkę na (4, 5)
18 Jan 2025 22:02:07 GMT Zwierzę zjadło roślinkę na (1, 6)
18 Jan 2025 22:02:08 GMT Roślinka wyrosła na (4, 6)
18 Jan 2025 22:02:08 GMT Roślinka wyrosła na (7, 5)
18 Jan 2025 22:02:08 GMT Roślinka wyrosła na (0, 5)
18 Jan 2025 22:02:08 GMT Roślinka wyrosła na (3, 6)
18 Jan 2025 22:02:08 GMT Roślinka wyrosła na (9, 6)
18 Jan 2025 22:02:08 GMT Roślinka wyrosła na (7, 0)
18 Jan 2025 22:02:08 GMT Roślinka wyrosła na (3, 2)
18 Jan 2025 22:02:08 GMT Roślinka wyrosła na (1, 0)
18 Jan 2025 22:02:08 GMT Roślinka wyrosła na (0, 3)
18 Jan 2025 22:02:08 GMT Roślinka wyrosła na (2, 3)
18 Jan 2025 22:02:08 GMT Długość listy pozycji: 10
Lista pozycji zwierząt: {(3, 2)=[◥], (7, 8)=[^], (4, 5)=[◤], (1, 7)=[^], (3, 9)=[◥], (1, 8)=[◥], (7, 0)=[>], (7, 2)=[v], (5, 0)=[◢], (6, 1)=[<]}
18 Jan 2025 22:02:08 GMT Zwierzę poruszyło się z (1, 6) na (1, 7)
18 Jan 2025 22:02:08 GMT Długość listy pozycji: 10
Lista pozycji zwierząt: {(3, 2)=[◥], (7, 8)=[^], (4, 5)=[◤], (1, 7)=[^], (3, 9)=[◥], (1, 8)=[◥], (7, 0)=[>], (7, 2)=[v], (5, 0)=[◢], (6, 2)=[^]}
18 Jan 2025 22:02:08 GMT Zwierzę poruszyło się z (6, 1) na (6, 2)
18 Jan 2025 22:02:08 GMT Długość listy pozycji: 10
Lista pozycji zwierząt: {(3, 2)=[◥], (4, 4)=[v], (7, 8)=[^], (1, 7)=[^], (3, 9)=[◥], (1, 8)=[◥], (7, 0)=[>], (7, 2)=[v], (5, 0)=[◢], (6, 2)=[^]}
18 Jan 2025 22:02:08 GMT Zwierzę poruszyło się z (4, 5) na (4, 4)
18 Jan 2025 22:02:08 GMT Długość listy pozycji: 10
Lista pozycji zwierząt: {(3, 2)=[◥], (4, 4)=[v], (7, 9)=[^], (1, 7)=[^], (3, 9)=[◥], (1, 8)=[◥], (7, 0)=[>], (7, 2)=[v], (5, 0)=[◢], (6, 2)=[^]}
18 Jan 2025 22:02:08 GMT Zwierzę poruszyło się z (7, 8) na (7, 9)
18 Jan 2025 22:02:08 GMT Długość listy pozycji: 10
Lista pozycji zwierząt: {(3, 2)=[◥], (4, 4)=[v], (7, 9)=[^], (1, 7)=[^], (3, 9)=[◥], (1, 8)=[◥], (7, 0)=[>], (7, 2)=[v], (5, 0)=[^], (6, 2)=[^]}
18 Jan 2025 22:02:08 GMT Zwierzę poruszyło się z (5, 0) na (5, 0)
18 Jan 2025 22:02:08 GMT Długość listy pozycji: 10
Lista pozycji zwierząt: {(3, 2)=[◥], (4, 4)=[v], (7, 9)=[^], (1, 7)=[^], (3, 9)=[◥], (1, 8)=[◥], (7, 0)=[^], (7, 2)=[v], (5, 0)=[^], (6, 2)=[^]}
18 Jan 2025 22:02:08 GMT Zwierzę poruszyło się z (7, 0) na (7, 0)
18 Jan 2025 22:02:08 GMT Długość listy pozycji: 10
Lista pozycji zwierząt: {(3, 2)=[◥], (4, 4)=[v], (7, 9)=[^], (3, 8)=[v], (1, 7)=[^], (1, 8)=[◥], (7, 0)=[^], (7, 2)=[v], (5, 0)=[^], (6, 2)=[^]}
18 Jan 2025 22:02:08 GMT Zwierzę poruszyło się z (3, 9) na (3, 8)
18 Jan 2025 22:02:09 GMT Długość listy pozycji: 9
Lista pozycji zwierząt: {(3, 2)=[◥], (4, 4)=[v], (7, 9)=[^], (3, 8)=[v], (1, 7)=[^, v], (7, 0)=[^], (7, 2)=[v], (5, 0)=[^], (6, 2)=[^]}
18 Jan 2025 22:02:09 GMT Zwierzę poruszyło się z (1, 8) na (1, 7)
18 Jan 2025 22:02:09 GMT Długość listy pozycji: 9
Lista pozycji zwierząt: {(3, 2)=[◥], (4, 4)=[v], (7, 9)=[^], (3, 8)=[v], (1, 7)=[^, v], (7, 0)=[^], (5, 0)=[^], (7, 3)=[^], (6, 2)=[^]}
18 Jan 2025 22:02:09 GMT Zwierzę poruszyło się z (7, 2) na (7, 3)
18 Jan 2025 22:02:09 GMT Długość listy pozycji: 9
Lista pozycji zwierząt: {(4, 4)=[v], (7, 9)=[^], (3, 8)=[v], (1, 7)=[^, v], (7, 0)=[^], (5, 0)=[^], (7, 3)=[^], (6, 2)=[^], (3, 1)=[v]}
18 Jan 2025 22:02:09 GMT Zwierzę poruszyło się z (3, 2) na (3, 1)
18 Jan 2025 22:02:09 GMT Zwierzę zjadło roślinkę na (7, 0)
18 Jan 2025 22:02:09 GMT Zwierze zostało położone na (1, 7)
18 Jan 2025 22:02:09 GMT Urodziło się nowe zwierzę na (1, 7)
18 Jan 2025 22:02:09 GMT Roślinka wyrosła na (6, 9)
18 Jan 2025 22:02:09 GMT Roślinka wyrosła na (0, 7)
18 Jan 2025 22:02:09 GMT Roślinka wyrosła na (3, 4)
18 Jan 2025 22:02:09 GMT Roślinka wyrosła na (0, 8)
18 Jan 2025 22:02:09 GMT Roślinka wyrosła na (4, 4)
18 Jan 2025 22:02:09 GMT Roślinka wyrosła na (7, 2)
18 Jan 2025 22:02:09 GMT Roślinka wyrosła na (1, 2)
18 Jan 2025 22:02:09 GMT Roślinka wyrosła na (9, 4)
18 Jan 2025 22:02:09 GMT Roślinka wyrosła na (0, 9)
18 Jan 2025 22:02:09 GMT Roślinka wyrosła na (4, 1)
18 Jan 2025 22:02:09 GMT Długość listy pozycji: 10
Lista pozycji zwierząt: {(4, 4)=[v], (7, 9)=[^], (3, 8)=[v], (1, 7)=[^, v], (0, 7)=[<], (7, 0)=[^], (5, 0)=[^], (7, 3)=[^], (6, 2)=[^], (3, 1)=[v]}
18 Jan 2025 22:02:09 GMT Zwierzę poruszyło się z (1, 7) na (0, 7)
18 Jan 2025 22:02:09 GMT Długość listy pozycji: 10
Lista pozycji zwierząt: {(4, 4)=[v], (7, 9)=[^], (3, 8)=[v], (1, 7)=[^, v], (0, 7)=[<], (7, 0)=[^], (7, 2)=[>], (5, 0)=[^], (7, 3)=[^], (3, 1)=[v]}
18 Jan 2025 22:02:09 GMT Zwierzę poruszyło się z (6, 2) na (7, 2)
18 Jan 2025 22:02:10 GMT Długość listy pozycji: 10
Lista pozycji zwierząt: {(5, 5)=[◥], (7, 9)=[^], (3, 8)=[v], (1, 7)=[^, v], (0, 7)=[<], (7, 0)=[^], (7, 2)=[>], (5, 0)=[^], (7, 3)=[^], (3, 1)=[v]}
18 Jan 2025 22:02:10 GMT Zwierzę poruszyło się z (4, 4) na (5, 5)
18 Jan 2025 22:02:10 GMT Długość listy pozycji: 10
Lista pozycji zwierząt: {(5, 5)=[◥], (7, 9)=[v], (3, 8)=[v], (1, 7)=[^, v], (0, 7)=[<], (7, 0)=[^], (7, 2)=[>], (5, 0)=[^], (7, 3)=[^], (3, 1)=[v]}
18 Jan 2025 22:02:10 GMT Zwierzę poruszyło się z (7, 9) na (7, 9)
18 Jan 2025 22:02:10 GMT Długość listy pozycji: 10
Lista pozycji zwierząt: {(5, 5)=[◥], (7, 9)=[v], (3, 8)=[v], (1, 7)=[^, v], (0, 7)=[<], (7, 0)=[^], (6, 1)=[◥], (7, 2)=[>], (7, 3)=[^], (3, 1)=[v]}
18 Jan 2025 22:02:10 GMT Zwierzę poruszyło się z (5, 0) na (6, 1)
18 Jan 2025 22:02:10 GMT Długość listy pozycji: 10
Lista pozycji zwierząt: {(5, 5)=[◥], (7, 9)=[v], (3, 8)=[v], (1, 7)=[^, v], (0, 7)=[<], (8, 0)=[>], (6, 1)=[◥], (7, 2)=[>], (7, 3)=[^], (3, 1)=[v]}
18 Jan 2025 22:02:10 GMT Zwierzę poruszyło się z (7, 0) na (8, 0)
18 Jan 2025 22:02:10 GMT Długość listy pozycji: 10
Lista pozycji zwierząt: {(5, 5)=[◥], (7, 9)=[v], (1, 7)=[^, v], (2, 9)=[◤], (0, 7)=[<], (8, 0)=[>], (6, 1)=[◥], (7, 2)=[>], (7, 3)=[^], (3, 1)=[v]}
18 Jan 2025 22:02:10 GMT Zwierzę poruszyło się z (3, 8) na (2, 9)
18 Jan 2025 22:02:10 GMT Długość listy pozycji: 11
Lista pozycji zwierząt: {(5, 5)=[◥], (7, 9)=[v], (1, 7)=[^], (2, 9)=[◤], (0, 7)=[<], (0, 8)=[◤], (8, 0)=[>], (6, 1)=[◥], (7, 2)=[>], (7, 3)=[^], (3, 1)=[v]}
18 Jan 2025 22:02:10 GMT Zwierzę poruszyło się z (1, 7) na (0, 8)
18 Jan 2025 22:02:10 GMT Długość listy pozycji: 10
Lista pozycji zwierząt: {(5, 5)=[◥], (7, 9)=[v], (1, 7)=[^], (2, 9)=[◤], (0, 7)=[<], (0, 8)=[◤], (8, 0)=[>], (6, 1)=[◥], (7, 2)=[>, v], (3, 1)=[v]}
18 Jan 2025 22:02:10 GMT Zwierzę poruszyło się z (7, 3) na (7, 2)
18 Jan 2025 22:02:10 GMT Długość listy pozycji: 10
Lista pozycji zwierząt: {(2, 2)=[◤], (5, 5)=[◥], (7, 9)=[v], (1, 7)=[^], (2, 9)=[◤], (0, 7)=[<], (0, 8)=[◤], (8, 0)=[>], (6, 1)=[◥], (7, 2)=[>, v]}
18 Jan 2025 22:02:10 GMT Zwierzę poruszyło się z (3, 1) na (2, 2)
18 Jan 2025 22:02:10 GMT Zwierzę zjadło roślinkę na (5, 5)
18 Jan 2025 22:02:10 GMT Zwierzę zjadło roślinkę na (0, 7)
18 Jan 2025 22:02:10 GMT Zwierzę zjadło roślinkę na (0, 8)
18 Jan 2025 22:02:10 GMT Zwierzę zjadło roślinkę na (7, 2)
18 Jan 2025 22:02:11 GMT Zwierze zostało położone na (7, 2)
18 Jan 2025 22:02:11 GMT Urodziło się nowe zwierzę na (7, 2)
18 Jan 2025 22:02:11 GMT Roślinka wyrosła na (5, 7)
18 Jan 2025 22:02:11 GMT Roślinka wyrosła na (3, 3)
18 Jan 2025 22:02:11 GMT Roślinka wyrosła na (5, 9)
18 Jan 2025 22:02:11 GMT Roślinka wyrosła na (8, 9)
18 Jan 2025 22:02:11 GMT Roślinka wyrosła na (8, 3)
18 Jan 2025 22:02:11 GMT Roślinka wyrosła na (2, 2)
18 Jan 2025 22:02:11 GMT Roślinka wyrosła na (3, 8)
18 Jan 2025 22:02:11 GMT Roślinka wyrosła na (9, 8)
18 Jan 2025 22:02:11 GMT Roślinka wyrosła na (4, 8)
18 Jan 2025 22:02:11 GMT Roślinka wyrosła na (5, 3)
18 Jan 2025 22:02:11 GMT Zwierzę umarło na (7, 2)
18 Jan 2025 22:02:11 GMT Długość listy pozycji: 10
Lista pozycji zwierząt: {(2, 2)=[◤], (5, 5)=[◥], (7, 9)=[v], (0, 6)=[v], (1, 7)=[^], (2, 9)=[◤], (0, 8)=[◤], (8, 0)=[>], (6, 1)=[◥], (7, 2)=[◢, v]}
18 Jan 2025 22:02:11 GMT Zwierzę poruszyło się z (0, 7) na (0, 6)
18 Jan 2025 22:02:11 GMT Długość listy pozycji: 10
Lista pozycji zwierząt: {(2, 2)=[◤], (4, 5)=[<], (7, 9)=[v], (0, 6)=[v], (1, 7)=[^], (2, 9)=[◤], (0, 8)=[◤], (8, 0)=[>], (6, 1)=[◥], (7, 2)=[◢, v]}
18 Jan 2025 22:02:11 GMT Zwierzę poruszyło się z (5, 5) na (4, 5)
18 Jan 2025 22:02:11 GMT Długość listy pozycji: 10
Lista pozycji zwierząt: {(2, 2)=[◤], (7, 8)=[v], (4, 5)=[<], (0, 6)=[v], (1, 7)=[^], (2, 9)=[◤], (0, 8)=[◤], (8, 0)=[>], (6, 1)=[◥], (7, 2)=[◢, v]}
18 Jan 2025 22:02:11 GMT Zwierzę poruszyło się z (7, 9) na (7, 8)
18 Jan 2025 22:02:11 GMT Długość listy pozycji: 10
Lista pozycji zwierząt: {(2, 2)=[◤], (7, 8)=[v], (4, 5)=[<], (0, 6)=[v], (1, 7)=[^], (2, 9)=[◤], (0, 8)=[◤], (8, 0)=[>], (7, 1)=[>], (7, 2)=[◢, v]}
18 Jan 2025 22:02:11 GMT Zwierzę poruszyło się z (6, 1) na (7, 1)
18 Jan 2025 22:02:11 GMT Długość listy pozycji: 10
Lista pozycji zwierząt: {(2, 2)=[◤], (7, 8)=[v], (4, 5)=[<], (0, 6)=[v], (1, 7)=[^], (2, 9)=[◤], (0, 8)=[◤], (8, 0)=[^], (7, 1)=[>], (7, 2)=[◢, v]}
18 Jan 2025 22:02:11 GMT Zwierzę poruszyło się z (8, 0) na (8, 0)
18 Jan 2025 22:02:11 GMT Długość listy pozycji: 10
Lista pozycji zwierząt: {(2, 2)=[◤], (7, 8)=[v], (4, 5)=[<], (3, 9)=[>], (0, 6)=[v], (1, 7)=[^], (0, 8)=[◤], (8, 0)=[^], (7, 1)=[>], (7, 2)=[◢, v]}
18 Jan 2025 22:02:12 GMT Zwierzę poruszyło się z (2, 9) na (3, 9)
18 Jan 2025 22:02:12 GMT Długość listy pozycji: 10
Lista pozycji zwierząt: {(2, 2)=[◤], (7, 8)=[v], (4, 5)=[<], (3, 9)=[>], (0, 6)=[v], (1, 7)=[^], (1, 8)=[>], (8, 0)=[^], (7, 1)=[>], (7, 2)=[◢, v]}
18 Jan 2025 22:02:12 GMT Zwierzę poruszyło się z (0, 8) na (1, 8)
18 Jan 2025 22:02:12 GMT Długość listy pozycji: 11
Lista pozycji zwierząt: {(2, 2)=[◤], (7, 8)=[v], (4, 5)=[<], (3, 9)=[>], (0, 6)=[v], (1, 7)=[^], (1, 8)=[>], (8, 0)=[^], (7, 1)=[>], (7, 2)=[◢], (7, 3)=[^]}
18 Jan 2025 22:02:12 GMT Zwierzę poruszyło się z (7, 2) na (7, 3)
18 Jan 2025 22:02:12 GMT Długość listy pozycji: 11
Lista pozycji zwierząt: {(3, 2)=[>], (7, 8)=[v], (4, 5)=[<], (3, 9)=[>], (0, 6)=[v], (1, 7)=[^], (1, 8)=[>], (8, 0)=[^], (7, 1)=[>], (7, 2)=[◢], (7, 3)=[^]}
18 Jan 2025 22:02:12 GMT Zwierzę poruszyło się z (2, 2) na (3, 2)
18 Jan 2025 22:02:12 GMT Zwierzę zjadło roślinkę na (3, 2)
18 Jan 2025 22:02:12 GMT Roślinka wyrosła na (8, 1)
18 Jan 2025 22:02:12 GMT Roślinka wyrosła na (7, 7)
18 Jan 2025 22:02:12 GMT Roślinka wyrosła na (3, 7)
18 Jan 2025 22:02:12 GMT Roślinka wyrosła na (2, 7)
18 Jan 2025 22:02:12 GMT Roślinka wyrosła na (6, 8)
18 Jan 2025 22:02:12 GMT Roślinka wyrosła na (6, 1)
18 Jan 2025 22:02:12 GMT Roślinka wyrosła na (7, 3)
18 Jan 2025 22:02:12 GMT Roślinka wyrosła na (2, 0)
18 Jan 2025 22:02:12 GMT Roślinka wyrosła na (6, 4)
18 Jan 2025 22:02:12 GMT Roślinka wyrosła na (6, 7)
18 Jan 2025 22:02:12 GMT Długość listy pozycji: 11
Lista pozycji zwierząt: {(3, 2)=[>], (7, 8)=[v], (4, 5)=[<], (1, 6)=[>], (3, 9)=[>], (1, 7)=[^], (1, 8)=[>], (8, 0)=[^], (7, 1)=[>], (7, 2)=[◢], (7, 3)=[^]}
18 Jan 2025 22:02:12 GMT Zwierzę poruszyło się z (0, 6) na (1, 6)
18 Jan 2025 22:02:12 GMT Długość listy pozycji: 11
Lista pozycji zwierząt: {(5, 4)=[◢], (3, 2)=[>], (7, 8)=[v], (1, 6)=[>], (3, 9)=[>], (1, 7)=[^], (1, 8)=[>], (8, 0)=[^], (7, 1)=[>], (7, 2)=[◢], (7, 3)=[^]}
18 Jan 2025 22:02:12 GMT Zwierzę poruszyło się z (4, 5) na (5, 4)
18 Jan 2025 22:02:13 GMT Długość listy pozycji: 11
Lista pozycji zwierząt: {(5, 4)=[◢], (3, 2)=[>], (7, 7)=[v], (1, 6)=[>], (3, 9)=[>], (1, 7)=[^], (1, 8)=[>], (8, 0)=[^], (7, 1)=[>], (7, 2)=[◢], (7, 3)=[^]}
18 Jan 2025 22:02:13 GMT Zwierzę poruszyło się z (7, 8) na (7, 7)
18 Jan 2025 22:02:13 GMT Długość listy pozycji: 10
Lista pozycji zwierząt: {(5, 4)=[◢], (3, 2)=[>], (7, 7)=[v], (1, 6)=[>], (3, 9)=[>], (1, 7)=[^], (1, 8)=[>], (8, 0)=[^, ◢], (7, 2)=[◢], (7, 3)=[^]}
18 Jan 2025 22:02:13 GMT Zwierzę poruszyło się z (7, 1) na (8, 0)
18 Jan 2025 22:02:13 GMT Długość listy pozycji: 11
Lista pozycji zwierząt: {(5, 4)=[◢], (3, 2)=[>], (7, 7)=[v], (1, 6)=[>], (3, 9)=[>], (1, 7)=[^], (9, 0)=[>], (1, 8)=[>], (8, 0)=[◢], (7, 2)=[◢], (7, 3)=[^]}
18 Jan 2025 22:02:13 GMT Zwierzę poruszyło się z (8, 0) na (9, 0)
18 Jan 2025 22:02:13 GMT Długość listy pozycji: 11
Lista pozycji zwierząt: {(5, 4)=[◢], (3, 2)=[>], (7, 7)=[v], (1, 6)=[>], (2, 8)=[◣], (1, 7)=[^], (9, 0)=[>], (1, 8)=[>], (8, 0)=[◢], (7, 2)=[◢], (7, 3)=[^]}
18 Jan 2025 22:02:13 GMT Zwierzę poruszyło się z (3, 9) na (2, 8)
18 Jan 2025 22:02:13 GMT Długość listy pozycji: 11
Lista pozycji zwierząt: {(5, 4)=[◢], (3, 2)=[>], (7, 7)=[v], (1, 6)=[>], (2, 8)=[◣], (1, 7)=[^], (0, 7)=[◣], (9, 0)=[>], (8, 0)=[◢], (7, 2)=[◢], (7, 3)=[^]}
18 Jan 2025 22:02:13 GMT Zwierzę poruszyło się z (1, 8) na (0, 7)
18 Jan 2025 22:02:13 GMT Długość listy pozycji: 10
Lista pozycji zwierząt: {(5, 4)=[◢], (3, 2)=[>], (7, 7)=[v], (1, 6)=[>], (2, 8)=[◣], (1, 7)=[^], (0, 7)=[◣], (9, 0)=[>], (8, 0)=[◢], (7, 2)=[◢, v]}
18 Jan 2025 22:02:13 GMT Zwierzę poruszyło się z (7, 3) na (7, 2)
18 Jan 2025 22:02:13 GMT Długość listy pozycji: 10
Lista pozycji zwierząt: {(2, 1)=[◣], (5, 4)=[◢], (7, 7)=[v], (1, 6)=[>], (2, 8)=[◣], (1, 7)=[^], (0, 7)=[◣], (9, 0)=[>], (8, 0)=[◢], (7, 2)=[◢, v]}
18 Jan 2025 22:02:13 GMT Zwierzę poruszyło się z (3, 2) na (2, 1)
18 Jan 2025 22:02:13 GMT Zwierzę zjadło roślinkę na (2, 1)
18 Jan 2025 22:02:13 GMT Zwierzę zjadło roślinkę na (7, 7)
18 Jan 2025 22:02:14 GMT Zwierze zostało położone na (7, 2)
18 Jan 2025 22:02:14 GMT Urodziło się nowe zwierzę na (7, 2)
18 Jan 2025 22:02:14 GMT Roślinka wyrosła na (6, 2)
18 Jan 2025 22:02:14 GMT Roślinka wyrosła na (9, 7)
18 Jan 2025 22:02:14 GMT Roślinka wyrosła na (7, 4)
18 Jan 2025 22:02:14 GMT Roślinka wyrosła na (3, 9)
18 Jan 2025 22:02:14 GMT Roślinka wyrosła na (1, 3)
18 Jan 2025 22:02:14 GMT Roślinka wyrosła na (5, 8)
18 Jan 2025 22:02:14 GMT Roślinka wyrosła na (9, 9)
18 Jan 2025 22:02:14 GMT Roślinka wyrosła na (0, 2)
18 Jan 2025 22:02:14 GMT Roślinka wyrosła na (1, 9)
18 Jan 2025 22:02:14 GMT Roślinka wyrosła na (4, 3)
18 Jan 2025 22:02:14 GMT Długość listy pozycji: 9
Lista pozycji zwierząt: {(2, 1)=[◣], (5, 4)=[◢], (7, 7)=[v], (2, 8)=[◣], (1, 7)=[^, ^], (0, 7)=[◣], (9, 0)=[>], (8, 0)=[◢], (7, 2)=[<, ◢, v]}
18 Jan 2025 22:02:14 GMT Zwierzę poruszyło się z (1, 6) na (1, 7)
18 Jan 2025 22:02:14 GMT Długość listy pozycji: 9
Lista pozycji zwierząt: {(2, 1)=[◣], (5, 5)=[^], (7, 7)=[v], (2, 8)=[◣], (1, 7)=[^, ^], (0, 7)=[◣], (9, 0)=[>], (8, 0)=[◢], (7, 2)=[<, ◢, v]}
18 Jan 2025 22:02:14 GMT Zwierzę poruszyło się z (5, 4) na (5, 5)
18 Jan 2025 22:02:14 GMT Długość listy pozycji: 9
Lista pozycji zwierząt: {(7, 6)=[v], (2, 1)=[◣], (5, 5)=[^], (2, 8)=[◣], (1, 7)=[^, ^], (0, 7)=[◣], (9, 0)=[>], (8, 0)=[◢], (7, 2)=[<, ◢, v]}
18 Jan 2025 22:02:14 GMT Zwierzę poruszyło się z (7, 7) na (7, 6)
18 Jan 2025 22:02:14 GMT Długość listy pozycji: 9
Lista pozycji zwierząt: {(7, 6)=[v], (2, 1)=[◣], (5, 5)=[^], (2, 8)=[◣], (1, 7)=[^, ^], (0, 7)=[◣], (9, 0)=[>], (8, 0)=[^], (7, 2)=[<, ◢, v]}
18 Jan 2025 22:02:14 GMT Zwierzę poruszyło się z (8, 0) na (8, 0)
18 Jan 2025 22:02:14 GMT Długość listy pozycji: 9
Lista pozycji zwierząt: {(7, 6)=[v], (2, 1)=[◣], (5, 5)=[^], (2, 8)=[◣], (1, 7)=[^, ^], (0, 7)=[◣], (9, 0)=[^], (8, 0)=[^], (7, 2)=[<, ◢, v]}
18 Jan 2025 22:02:14 GMT Zwierzę poruszyło się z (9, 0) na (9, 0)
18 Jan 2025 22:02:14 GMT Długość listy pozycji: 9
Lista pozycji zwierząt: {(7, 6)=[v], (2, 1)=[◣], (5, 5)=[^], (1, 7)=[^, ^], (2, 9)=[^], (0, 7)=[◣], (9, 0)=[^], (8, 0)=[^], (7, 2)=[<, ◢, v]}
18 Jan 2025 22:02:14 GMT Zwierzę poruszyło się z (2, 8) na (2, 9)
18 Jan 2025 22:02:15 GMT Długość listy pozycji: 9
Lista pozycji zwierząt: {(7, 6)=[v], (2, 1)=[◣], (5, 5)=[^], (1, 7)=[^, ^], (2, 9)=[^], (9, 0)=[^], (0, 8)=[^], (8, 0)=[^], (7, 2)=[<, ◢, v]}
18 Jan 2025 22:02:15 GMT Zwierzę poruszyło się z (0, 7) na (0, 8)
18 Jan 2025 22:02:15 GMT Długość listy pozycji: 10
Lista pozycji zwierząt: {(7, 6)=[v], (2, 1)=[◣], (5, 5)=[^], (1, 7)=[^, ^], (2, 9)=[^], (9, 0)=[^], (0, 8)=[^], (8, 0)=[^], (7, 2)=[<, ◢, ^], (7, 3)=[^]}
18 Jan 2025 22:02:15 GMT Zwierzę poruszyło się z (7, 2) na (7, 3)
18 Jan 2025 22:02:15 GMT Długość listy pozycji: 10
Lista pozycji zwierząt: {(7, 6)=[v], (2, 2)=[^], (5, 5)=[^], (1, 7)=[^, ^], (2, 9)=[^], (9, 0)=[^], (0, 8)=[^], (8, 0)=[^], (7, 2)=[<, ◢, ^], (7, 3)=[^]}
18 Jan 2025 22:02:15 GMT Zwierzę poruszyło się z (2, 1) na (2, 2)
18 Jan 2025 22:02:15 GMT Zwierzę zjadło roślinkę na (7, 6)
18 Jan 2025 22:02:15 GMT Zwierzę zjadło roślinkę na (2, 2)
18 Jan 2025 22:02:15 GMT Zwierzę zjadło roślinkę na (7, 3)
18 Jan 2025 22:02:15 GMT Zwierze zostało położone na (1, 7)
18 Jan 2025 22:02:15 GMT Urodziło się nowe zwierzę na (1, 7)
18 Jan 2025 22:02:15 GMT Zwierze zostało położone na (7, 2)
18 Jan 2025 22:02:15 GMT Urodziło się nowe zwierzę na (7, 2)
18 Jan 2025 22:02:15 GMT Roślinka wyrosła na (6, 0)
18 Jan 2025 22:02:15 GMT Roślinka wyrosła na (5, 2)
18 Jan 2025 22:02:15 GMT Roślinka wyrosła na (8, 0)
18 Jan 2025 22:02:15 GMT Roślinka wyrosła na (5, 4)
18 Jan 2025 22:02:15 GMT Roślinka wyrosła na (7, 1)
18 Jan 2025 22:02:15 GMT Roślinka wyrosła na (8, 8)
18 Jan 2025 22:02:15 GMT Roślinka wyrosła na (1, 1)
18 Jan 2025 22:02:15 GMT Roślinka wyrosła na (9, 3)
18 Jan 2025 22:02:15 GMT Roślinka wyrosła na (4, 2)
18 Jan 2025 22:02:15 GMT Roślinka wyrosła na (3, 0)
18 Jan 2025 22:02:16 GMT Długość listy pozycji: 11
Lista pozycji zwierząt: {(7, 6)=[v], (2, 2)=[^], (5, 5)=[^], (1, 7)=[◥, ^, <], (0, 7)=[<], (2, 9)=[^], (9, 0)=[^], (0, 8)=[^], (8, 0)=[^], (7, 2)=[◢, <, ◢, ^], (7, 3)=[^]}
18 Jan 2025 22:02:16 GMT Zwierzę poruszyło się z (1, 7) na (0, 7)
18 Jan 2025 22:02:16 GMT Długość listy pozycji: 11
Lista pozycji zwierząt: {(7, 6)=[v], (4, 4)=[◣], (2, 2)=[^], (1, 7)=[◥, ^, <], (0, 7)=[<], (2, 9)=[^], (9, 0)=[^], (0, 8)=[^], (8, 0)=[^], (7, 2)=[◢, <, ◢, ^], (7, 3)=[^]}
18 Jan 2025 22:02:16 GMT Zwierzę poruszyło się z (5, 5) na (4, 4)
18 Jan 2025 22:02:16 GMT Długość listy pozycji: 11
Lista pozycji zwierząt: {(4, 4)=[◣], (2, 2)=[^], (1, 7)=[◥, ^, <], (0, 7)=[<], (2, 9)=[^], (9, 0)=[^], (0, 8)=[^], (8, 0)=[^], (7, 2)=[◢, <, ◢, ^], (7, 3)=[^], (7, 5)=[v]}
18 Jan 2025 22:02:16 GMT Zwierzę poruszyło się z (7, 6) na (7, 5)
18 Jan 2025 22:02:16 GMT Długość listy pozycji: 11
Lista pozycji zwierząt: {(4, 4)=[◣], (2, 2)=[^], (1, 7)=[◥, ^, <], (0, 7)=[<], (2, 9)=[^], (9, 0)=[^], (9, 1)=[◥], (0, 8)=[^], (7, 2)=[◢, <, ◢, ^], (7, 3)=[^], (7, 5)=[v]}
18 Jan 2025 22:02:16 GMT Zwierzę poruszyło się z (8, 0) na (9, 1)
18 Jan 2025 22:02:16 GMT Długość listy pozycji: 11
Lista pozycji zwierząt: {(0, 0)=[>], (4, 4)=[◣], (2, 2)=[^], (1, 7)=[◥, ^, <], (0, 7)=[<], (2, 9)=[^], (9, 1)=[◥], (0, 8)=[^], (7, 2)=[◢, <, ◢, ^], (7, 3)=[^], (7, 5)=[v]}
18 Jan 2025 22:02:16 GMT Zwierzę poruszyło się z (9, 0) na (0, 0)
18 Jan 2025 22:02:16 GMT Długość listy pozycji: 11
Lista pozycji zwierząt: {(0, 0)=[>], (4, 4)=[◣], (2, 2)=[^], (3, 8)=[◢], (1, 7)=[◥, ^, <], (0, 7)=[<], (9, 1)=[◥], (0, 8)=[^], (7, 2)=[◢, <, ◢, ^], (7, 3)=[^], (7, 5)=[v]}
18 Jan 2025 22:02:16 GMT Zwierzę poruszyło się z (2, 9) na (3, 8)
18 Jan 2025 22:02:16 GMT Długość listy pozycji: 10
Lista pozycji zwierząt: {(0, 0)=[>], (4, 4)=[◣], (2, 2)=[^], (3, 8)=[◢], (1, 7)=[◥, ◢, ^, <], (0, 7)=[<], (9, 1)=[◥], (7, 2)=[◢, <, ◢, ^], (7, 3)=[^], (7, 5)=[v]}
18 Jan 2025 22:02:16 GMT Zwierzę poruszyło się z (0, 8) na (1, 7)
18 Jan 2025 22:02:16 GMT Długość listy pozycji: 9
Lista pozycji zwierząt: {(0, 0)=[>], (4, 4)=[◣], (2, 2)=[^], (3, 8)=[◢], (1, 7)=[◥, ◢, ^, <], (0, 7)=[<], (9, 1)=[◥], (7, 2)=[◢, v, <, ◢, v], (7, 5)=[v]}
18 Jan 2025 22:02:16 GMT Zwierzę poruszyło się z (7, 3) na (7, 2)
18 Jan 2025 22:02:16 GMT Długość listy pozycji: 9
Lista pozycji zwierząt: {(0, 0)=[>], (4, 4)=[◣], (3, 8)=[◢], (1, 7)=[◥, ◢, ^, <], (0, 7)=[<], (9, 1)=[◥], (7, 2)=[◢, v, <, ◢, v], (3, 1)=[◢], (7, 5)=[v]}
18 Jan 2025 22:02:16 GMT Zwierzę poruszyło się z (2, 2) na (3, 1)
18 Jan 2025 22:02:16 GMT Zwierzę zjadło roślinkę na (4, 4)
18 Jan 2025 22:02:16 GMT Zwierzę zjadło roślinkę na (3, 8)
18 Jan 2025 22:02:16 GMT Zwierzę zjadło roślinkę na (7, 5)
18 Jan 2025 22:02:17 GMT Zwierze zostało położone na (1, 7)
18 Jan 2025 22:02:17 GMT Urodziło się nowe zwierzę na (1, 7)
18 Jan 2025 22:02:17 GMT Zwierze zostało położone na (7, 2)
18 Jan 2025 22:02:17 GMT Urodziło się nowe zwierzę na (7, 2)
18 Jan 2025 22:02:17 GMT Roślinka wyrosła na (8, 2)
18 Jan 2025 22:02:17 GMT Roślinka wyrosła na (2, 4)
18 Jan 2025 22:02:17 GMT Roślinka wyrosła na (8, 7)
18 Jan 2025 22:02:17 GMT Roślinka wyrosła na (0, 0)
18 Jan 2025 22:02:17 GMT Roślinka wyrosła na (4, 0)
18 Jan 2025 22:02:17 GMT Roślinka wyrosła na (3, 1)
18 Jan 2025 22:02:17 GMT Roślinka wyrosła na (8, 4)
18 Jan 2025 22:02:17 GMT Roślinka wyrosła na (5, 0)
18 Jan 2025 22:02:17 GMT Roślinka wyrosła na (2, 9)
18 Jan 2025 22:02:17 GMT Roślinka wyrosła na (9, 0)
18 Jan 2025 22:02:17 GMT Długość listy pozycji: 9
Lista pozycji zwierząt: {(0, 0)=[>], (4, 4)=[◣], (3, 8)=[◢], (0, 6)=[v], (1, 7)=[◢, ◥, ◢, ^, v], (9, 1)=[◥], (7, 2)=[◣, ◢, v, <, ◢, v], (3, 1)=[◢], (7, 5)=[v]}
18 Jan 2025 22:02:17 GMT Zwierzę poruszyło się z (0, 7) na (0, 6)
18 Jan 2025 22:02:17 GMT Długość listy pozycji: 9
Lista pozycji zwierząt: {(5, 4)=[>], (0, 0)=[>], (3, 8)=[◢], (0, 6)=[v], (1, 7)=[◢, ◥, ◢, ^, v], (9, 1)=[◥], (7, 2)=[◣, ◢, v, <, ◢, v], (3, 1)=[◢], (7, 5)=[v]}
18 Jan 2025 22:02:17 GMT Zwierzę poruszyło się z (4, 4) na (5, 4)
18 Jan 2025 22:02:17 GMT Długość listy pozycji: 9
Lista pozycji zwierząt: {(5, 4)=[>], (0, 0)=[>], (3, 8)=[◢], (0, 6)=[v], (1, 7)=[◢, ◥, ◢, ^, v], (9, 1)=[◥], (7, 2)=[◣, ◢, v, <, ◢, v], (7, 4)=[v], (3, 1)=[◢]}
18 Jan 2025 22:02:17 GMT Zwierzę poruszyło się z (7, 5) na (7, 4)
18 Jan 2025 22:02:17 GMT Długość listy pozycji: 9
Lista pozycji zwierząt: {(5, 4)=[>], (0, 0)=[>], (0, 1)=[>], (3, 8)=[◢], (0, 6)=[v], (1, 7)=[◢, ◥, ◢, ^, v], (7, 2)=[◣, ◢, v, <, ◢, v], (7, 4)=[v], (3, 1)=[◢]}
18 Jan 2025 22:02:17 GMT Zwierzę poruszyło się z (9, 1) na (0, 1)
18 Jan 2025 22:02:18 GMT Długość listy pozycji: 9
Lista pozycji zwierząt: {(5, 4)=[>], (0, 0)=[^], (0, 1)=[>], (3, 8)=[◢], (0, 6)=[v], (1, 7)=[◢, ◥, ◢, ^, v], (7, 2)=[◣, ◢, v, <, ◢, v], (7, 4)=[v], (3, 1)=[◢]}
18 Jan 2025 22:02:18 GMT Zwierzę poruszyło się z (0, 0) na (0, 0)
18 Jan 2025 22:02:18 GMT Długość listy pozycji: 9
Lista pozycji zwierząt: {(5, 4)=[>], (0, 0)=[^], (0, 1)=[>], (2, 8)=[<], (0, 6)=[v], (1, 7)=[◢, ◥, ◢, ^, v], (7, 2)=[◣, ◢, v, <, ◢, v], (7, 4)=[v], (3, 1)=[◢]}
18 Jan 2025 22:02:18 GMT Zwierzę poruszyło się z (3, 8) na (2, 8)
18 Jan 2025 22:02:18 GMT Długość listy pozycji: 10
Lista pozycji zwierząt: {(5, 4)=[>], (0, 0)=[^], (0, 1)=[>], (2, 8)=[<], (0, 6)=[v], (1, 7)=[◢, ◥, <, ^, v], (0, 7)=[<], (7, 2)=[◣, ◢, v, <, ◢, v], (7, 4)=[v], (3, 1)=[◢]}
18 Jan 2025 22:02:18 GMT Zwierzę poruszyło się z (1, 7) na (0, 7)
18 Jan 2025 22:02:18 GMT Długość listy pozycji: 11
Lista pozycji zwierząt: {(5, 4)=[>], (0, 0)=[^], (0, 1)=[>], (2, 8)=[<], (0, 6)=[v], (1, 7)=[◢, ◥, <, ^, v], (0, 7)=[<], (7, 2)=[◣, ◢, <, ◢, ^], (7, 3)=[^], (7, 4)=[v], (3, 1)=[◢]}
18 Jan 2025 22:02:18 GMT Zwierzę poruszyło się z (7, 2) na (7, 3)
18 Jan 2025 22:02:18 GMT Długość listy pozycji: 11
Lista pozycji zwierząt: {(2, 1)=[<], (5, 4)=[>], (0, 0)=[^], (0, 1)=[>], (2, 8)=[<], (0, 6)=[v], (1, 7)=[◢, ◥, <, ^, v], (0, 7)=[<], (7, 2)=[◣, ◢, <, ◢, ^], (7, 3)=[^], (7, 4)=[v]}
18 Jan 2025 22:02:18 GMT Zwierzę poruszyło się z (3, 1) na (2, 1)
18 Jan 2025 22:02:18 GMT Zwierzę zjadło roślinkę na (5, 4)
18 Jan 2025 22:02:18 GMT Zwierzę zjadło roślinkę na (0, 0)
18 Jan 2025 22:02:18 GMT Zwierzę zjadło roślinkę na (7, 4)
18 Jan 2025 22:02:18 GMT Zwierze zostało położone na (1, 7)
18 Jan 2025 22:02:18 GMT Urodziło się nowe zwierzę na (1, 7)
18 Jan 2025 22:02:18 GMT Zwierze zostało położone na (7, 2)
18 Jan 2025 22:02:18 GMT Urodziło się nowe zwierzę na (7, 2)
18 Jan 2025 22:02:18 GMT Roślinka wyrosła na (1, 4)
18 Jan 2025 22:02:18 GMT Roślinka wyrosła na (7, 9)
18 Jan 2025 22:02:18 GMT Roślinka wyrosła na (2, 8)
18 Jan 2025 22:02:18 GMT Roślinka wyrosła na (0, 1)
18 Jan 2025 22:02:18 GMT Roślinka wyrosła na (1, 8)
18 Jan 2025 22:02:18 GMT Roślinka wyrosła na (4, 9)
18 Jan 2025 22:02:18 GMT Roślinka wyrosła na (9, 2)
18 Jan 2025 22:02:18 GMT Roślinka wyrosła na (9, 1)
18 Jan 2025 22:02:18 GMT Roślinka wyrosła na (1, 7)
18 Jan 2025 22:02:18 GMT Roślinka wyrosła na (0, 4)
18 Jan 2025 22:02:19 GMT Długość listy pozycji: 11
Lista pozycji zwierząt: {(2, 1)=[<], (5, 4)=[>], (0, 0)=[^], (0, 1)=[>], (1, 6)=[>], (2, 8)=[<], (1, 7)=[<, ◢, ◥, <, ^, >], (0, 7)=[<], (7, 2)=[^, ◣, ◢, <, ◢, ^], (7, 3)=[^], (7, 4)=[v]}
18 Jan 2025 22:02:19 GMT Zwierzę poruszyło się z (0, 6) na (1, 6)
18 Jan 2025 22:02:19 GMT Długość listy pozycji: 11
Lista pozycji zwierząt: {(2, 1)=[<], (0, 0)=[^], (4, 5)=[◤], (0, 1)=[>], (1, 6)=[>], (2, 8)=[<], (1, 7)=[<, ◢, ◥, <, ^, >], (0, 7)=[<], (7, 2)=[^, ◣, ◢, <, ◢, ^], (7, 3)=[^], (7, 4)=[v]}
18 Jan 2025 22:02:19 GMT Zwierzę poruszyło się z (5, 4) na (4, 5)
18 Jan 2025 22:02:19 GMT Długość listy pozycji: 10
Lista pozycji zwierząt: {(2, 1)=[<], (0, 0)=[^], (4, 5)=[◤], (0, 1)=[>], (1, 6)=[>], (2, 8)=[<], (1, 7)=[<, ◢, ◥, <, ^, >], (0, 7)=[<], (7, 2)=[^, ◣, ◢, <, ◢, ^], (7, 3)=[v, ^]}
18 Jan 2025 22:02:19 GMT Zwierzę poruszyło się z (7, 4) na (7, 3)
18 Jan 2025 22:02:19 GMT Długość listy pozycji: 10
Lista pozycji zwierząt: {(1, 0)=[◢], (2, 1)=[<], (0, 0)=[^], (4, 5)=[◤], (1, 6)=[>], (2, 8)=[<], (1, 7)=[<, ◢, ◥, <, ^, >], (0, 7)=[<], (7, 2)=[^, ◣, ◢, <, ◢, ^], (7, 3)=[v, ^]}
18 Jan 2025 22:02:19 GMT Zwierzę poruszyło się z (0, 1) na (1, 0)
18 Jan 2025 22:02:19 GMT Długość listy pozycji: 9
Lista pozycji zwierząt: {(1, 0)=[>, ◢], (2, 1)=[<], (4, 5)=[◤], (1, 6)=[>], (2, 8)=[<], (1, 7)=[<, ◢, ◥, <, ^, >], (0, 7)=[<], (7, 2)=[^, ◣, ◢, <, ◢, ^], (7, 3)=[v, ^]}
18 Jan 2025 22:02:19 GMT Zwierzę poruszyło się z (0, 0) na (1, 0)
18 Jan 2025 22:02:19 GMT Długość listy pozycji: 9
Lista pozycji zwierząt: {(1, 0)=[>, ◢], (2, 1)=[<], (4, 5)=[◤], (1, 6)=[>], (3, 9)=[◥], (1, 7)=[<, ◢, ◥, <, ^, >], (0, 7)=[<], (7, 2)=[^, ◣, ◢, <, ◢, ^], (7, 3)=[v, ^]}
18 Jan 2025 22:02:19 GMT Zwierzę poruszyło się z (2, 8) na (3, 9)
18 Jan 2025 22:02:19 GMT Długość listy pozycji: 9
Lista pozycji zwierząt: {(1, 0)=[>, ◢], (2, 1)=[<], (4, 5)=[◤], (1, 6)=[>], (3, 9)=[◥], (1, 7)=[<, ◢, ◥, ◥, ^, >], (1, 8)=[◥], (7, 2)=[^, ◣, ◢, <, ◢, ^], (7, 3)=[v, ^]}
18 Jan 2025 22:02:19 GMT Zwierzę poruszyło się z (0, 7) na (1, 8)
18 Jan 2025 22:02:19 GMT Długość listy pozycji: 9
Lista pozycji zwierząt: {(1, 0)=[>, ◢], (2, 1)=[<], (4, 5)=[◤], (1, 6)=[>], (3, 9)=[◥], (1, 7)=[<, ◢, ◥, ◥, ^, >], (1, 8)=[◥], (7, 2)=[^, v, ◣, ◢, <, ◢, v], (7, 3)=[v]}
18 Jan 2025 22:02:19 GMT Zwierzę poruszyło się z (7, 3) na (7, 2)
18 Jan 2025 22:02:19 GMT Długość listy pozycji: 9
Lista pozycji zwierząt: {(3, 2)=[◥], (1, 0)=[>, ◢], (4, 5)=[◤], (1, 6)=[>], (3, 9)=[◥], (1, 7)=[<, ◢, ◥, ◥, ^, >], (1, 8)=[◥], (7, 2)=[^, v, ◣, ◢, <, ◢, v], (7, 3)=[v]}
18 Jan 2025 22:02:20 GMT Zwierzę poruszyło się z (2, 1) na (3, 2)
18 Jan 2025 22:02:20 GMT Zwierzę zjadło roślinkę na (1, 0)
18 Jan 2025 22:02:20 GMT Zwierzę zjadło roślinkę na (3, 9)
18 Jan 2025 22:02:20 GMT Zwierzę zjadło roślinkę na (1, 7)
18 Jan 2025 22:02:20 GMT Zwierzę zjadło roślinkę na (1, 8)
18 Jan 2025 22:02:20 GMT Zwierze zostało położone na (1, 0)
18 Jan 2025 22:02:20 GMT Urodziło się nowe zwierzę na (1, 0)
18 Jan 2025 22:02:20 GMT Zwierze zostało położone na (1, 7)
18 Jan 2025 22:02:20 GMT Urodziło się nowe zwierzę na (1, 7)
18 Jan 2025 22:02:20 GMT Zwierze zostało położone na (7, 2)
18 Jan 2025 22:02:20 GMT Urodziło się nowe zwierzę na (7, 2)
18 Jan 2025 22:02:20 GMT Roślinka wyrosła na null
18 Jan 2025 22:02:20 GMT Roślinka wyrosła na null
18 Jan 2025 22:02:20 GMT Roślinka wyrosła na null
18 Jan 2025 22:02:20 GMT Roślinka wyrosła na null
18 Jan 2025 22:02:20 GMT Roślinka wyrosła na null
18 Jan 2025 22:02:20 GMT Roślinka wyrosła na null
18 Jan 2025 22:02:20 GMT Roślinka wyrosła na null
18 Jan 2025 22:02:20 GMT Roślinka wyrosła na null
18 Jan 2025 22:02:20 GMT Roślinka wyrosła na null
18 Jan 2025 22:02:20 GMT Roślinka wyrosła na null
18 Jan 2025 22:02:20 GMT Zwierzę umarło na (1, 0)
18 Jan 2025 22:02:20 GMT Długość listy pozycji: 8
Lista pozycji zwierząt: {(3, 2)=[◥], (1, 0)=[◣, >], (4, 5)=[◤], (3, 9)=[◥], (1, 7)=[◢, <, ^, ◢, ◥, ◥, ^, ^], (1, 8)=[◥], (7, 2)=[◣, ^, v, ◣, ◢, <, ◢, v], (7, 3)=[v]}
18 Jan 2025 22:02:20 GMT Zwierzę poruszyło się z (1, 6) na (1, 7)
18 Jan 2025 22:02:20 GMT Długość listy pozycji: 8
Lista pozycji zwierząt: {(3, 2)=[◥], (1, 0)=[◣, >], (4, 4)=[v], (3, 9)=[◥], (1, 7)=[◢, <, ^, ◢, ◥, ◥, ^, ^], (1, 8)=[◥], (7, 2)=[◣, ^, v, ◣, ◢, <, ◢, v], (7, 3)=[v]}
18 Jan 2025 22:02:20 GMT Zwierzę poruszyło się z (4, 5) na (4, 4)
18 Jan 2025 22:02:20 GMT Długość listy pozycji: 7
Lista pozycji zwierząt: {(3, 2)=[◥], (1, 0)=[◣, >], (4, 4)=[v], (3, 9)=[◥], (1, 7)=[◢, <, ^, ◢, ◥, ◥, ^, ^], (1, 8)=[◥], (7, 2)=[v, ◣, ^, v, ◣, ◢, <, ◢, v]}
18 Jan 2025 22:02:20 GMT Zwierzę poruszyło się z (7, 3) na (7, 2)
18 Jan 2025 22:02:21 GMT Długość listy pozycji: 7
Lista pozycji zwierząt: {(3, 2)=[◥], (1, 0)=[◣, ^], (4, 4)=[v], (3, 9)=[◥], (1, 7)=[◢, <, ^, ◢, ◥, ◥, ^, ^], (1, 8)=[◥], (7, 2)=[v, ◣, ^, v, ◣, ◢, <, ◢, v]}
18 Jan 2025 22:02:21 GMT Zwierzę poruszyło się z (1, 0) na (1, 0)
18 Jan 2025 22:02:21 GMT Długość listy pozycji: 7
Lista pozycji zwierząt: {(3, 2)=[◥], (1, 0)=[◣, ^], (4, 4)=[v], (3, 8)=[v], (1, 7)=[◢, <, ^, ◢, ◥, ◥, ^, ^], (1, 8)=[◥], (7, 2)=[v, ◣, ^, v, ◣, ◢, <, ◢, v]}
18 Jan 2025 22:02:21 GMT Zwierzę poruszyło się z (3, 9) na (3, 8)
18 Jan 2025 22:02:21 GMT Długość listy pozycji: 6
Lista pozycji zwierząt: {(3, 2)=[◥], (1, 0)=[◣, ^], (4, 4)=[v], (3, 8)=[v], (1, 7)=[◢, v, <, ^, ◢, ◥, v, ^, ^], (7, 2)=[v, ◣, ^, v, ◣, ◢, <, ◢, v]}
18 Jan 2025 22:02:21 GMT Zwierzę poruszyło się z (1, 8) na (1, 7)
18 Jan 2025 22:02:21 GMT Długość listy pozycji: 7
Lista pozycji zwierząt: {(3, 2)=[◥], (1, 0)=[◣, ^], (4, 4)=[v], (3, 8)=[v], (1, 7)=[◢, v, <, ^, ◢, ◥, v, ^, ^], (7, 2)=[v, ◣, ^, ◣, ◢, <, ◢, ^], (7, 3)=[^]}
18 Jan 2025 22:02:21 GMT Zwierzę poruszyło się z (7, 2) na (7, 3)
18 Jan 2025 22:02:21 GMT Długość listy pozycji: 7
Lista pozycji zwierząt: {(1, 0)=[◣, ^], (4, 4)=[v], (3, 8)=[v], (1, 7)=[◢, v, <, ^, ◢, ◥, v, ^, ^], (7, 2)=[v, ◣, ^, ◣, ◢, <, ◢, ^], (7, 3)=[^], (3, 1)=[v]}
18 Jan 2025 22:02:21 GMT Zwierzę poruszyło się z (3, 2) na (3, 1)
18 Jan 2025 22:02:21 GMT Zwierzę zjadło roślinkę na (3, 1)
18 Jan 2025 22:02:21 GMT Zwierze zostało położone na (1, 0)
18 Jan 2025 22:02:21 GMT Urodziło się nowe zwierzę na (1, 0)
18 Jan 2025 22:02:21 GMT Zwierze zostało położone na (1, 7)
18 Jan 2025 22:02:21 GMT Urodziło się nowe zwierzę na (1, 7)
18 Jan 2025 22:02:21 GMT Zwierze zostało położone na (7, 2)
18 Jan 2025 22:02:21 GMT Urodziło się nowe zwierzę na (7, 2)
18 Jan 2025 22:02:22 GMT Roślinka wyrosła na null
18 Jan 2025 22:02:22 GMT Roślinka wyrosła na null
18 Jan 2025 22:02:22 GMT Roślinka wyrosła na null
18 Jan 2025 22:02:22 GMT Roślinka wyrosła na null
18 Jan 2025 22:02:22 GMT Roślinka wyrosła na null
18 Jan 2025 22:02:22 GMT Roślinka wyrosła na null
18 Jan 2025 22:02:22 GMT Roślinka wyrosła na null
18 Jan 2025 22:02:22 GMT Roślinka wyrosła na null
18 Jan 2025 22:02:22 GMT Roślinka wyrosła na null
18 Jan 2025 22:02:22 GMT Roślinka wyrosła na null
18 Jan 2025 22:02:22 GMT Długość listy pozycji: 8
Lista pozycji zwierząt: {(1, 0)=[<, ◣, ^], (4, 4)=[v], (3, 8)=[v], (1, 7)=[◣, ◢, v, <, ◢, ◥, v, ^, <], (0, 7)=[<], (7, 2)=[v, ◣, ◥, ^, ◣, ◢, <, ◢, ^], (7, 3)=[^], (3, 1)=[v]}
18 Jan 2025 22:02:22 GMT Zwierzę poruszyło się z (1, 7) na (0, 7)
18 Jan 2025 22:02:22 GMT Długość listy pozycji: 8
Lista pozycji zwierząt: {(1, 0)=[<, ◣, ^], (5, 5)=[◥], (3, 8)=[v], (1, 7)=[◣, ◢, v, <, ◢, ◥, v, ^, <], (0, 7)=[<], (7, 2)=[v, ◣, ◥, ^, ◣, ◢, <, ◢, ^], (7, 3)=[^], (3, 1)=[v]}
18 Jan 2025 22:02:22 GMT Zwierzę poruszyło się z (4, 4) na (5, 5)
18 Jan 2025 22:02:22 GMT Długość listy pozycji: 9
Lista pozycji zwierząt: {(1, 0)=[<, ◣, ^], (5, 5)=[◥], (3, 8)=[v], (1, 7)=[◣, ◢, v, <, ◢, ◥, v, ^, <], (0, 7)=[<], (7, 1)=[v], (7, 2)=[◣, ◥, ^, ◣, ◢, <, ◢, ^], (7, 3)=[^], (3, 1)=[v]}
18 Jan 2025 22:02:22 GMT Zwierzę poruszyło się z (7, 2) na (7, 1)
18 Jan 2025 22:02:22 GMT Długość listy pozycji: 10
Lista pozycji zwierząt: {(1, 0)=[<, ◣, >], (5, 5)=[◥], (3, 8)=[v], (1, 7)=[◣, ◢, v, <, ◢, ◥, v, ^, <], (0, 7)=[<], (7, 1)=[v], (7, 2)=[◣, ◥, ^, ◣, ◢, <, ◢, ^], (7, 3)=[^], (2, 0)=[>], (3, 1)=[v]}
18 Jan 2025 22:02:22 GMT Zwierzę poruszyło się z (1, 0) na (2, 0)
18 Jan 2025 22:02:22 GMT Długość listy pozycji: 10
Lista pozycji zwierząt: {(1, 0)=[<, ◣, >], (5, 5)=[◥], (1, 7)=[◣, ◢, v, <, ◢, ◥, v, ^, <], (2, 9)=[◤], (0, 7)=[<], (7, 1)=[v], (7, 2)=[◣, ◥, ^, ◣, ◢, <, ◢, ^], (7, 3)=[^], (2, 0)=[>], (3, 1)=[v]}
18 Jan 2025 22:02:22 GMT Zwierzę poruszyło się z (3, 8) na (2, 9)
18 Jan 2025 22:02:22 GMT Długość listy pozycji: 11
Lista pozycji zwierząt: {(1, 0)=[<, ◣, >], (5, 5)=[◥], (1, 7)=[◣, ◢, ◤, <, ◢, ◥, ◤, ^, <], (2, 9)=[◤], (0, 7)=[<], (0, 8)=[◤], (7, 1)=[v], (7, 2)=[◣, ◥, ^, ◣, ◢, <, ◢, ^], (7, 3)=[^], (2, 0)=[>], (3, 1)=[v]}
18 Jan 2025 22:02:22 GMT Zwierzę poruszyło się z (1, 7) na (0, 8)
18 Jan 2025 22:02:22 GMT Długość listy pozycji: 10
Lista pozycji zwierząt: {(1, 0)=[<, ◣, >], (5, 5)=[◥], (1, 7)=[◣, ◢, ◤, <, ◢, ◥, ◤, ^, <], (2, 9)=[◤], (0, 7)=[<], (0, 8)=[◤], (7, 1)=[v], (7, 2)=[◣, ◥, v, ^, ◣, ◢, <, ◢, v], (2, 0)=[>], (3, 1)=[v]}
18 Jan 2025 22:02:22 GMT Zwierzę poruszyło się z (7, 3) na (7, 2)
18 Jan 2025 22:02:23 GMT Długość listy pozycji: 10
Lista pozycji zwierząt: {(1, 0)=[<, ◣, >], (2, 2)=[◤], (5, 5)=[◥], (1, 7)=[◣, ◢, ◤, <, ◢, ◥, ◤, ^, <], (2, 9)=[◤], (0, 7)=[<], (0, 8)=[◤], (7, 1)=[v], (7, 2)=[◣, ◥, v, ^, ◣, ◢, <, ◢, v], (2, 0)=[>]}
18 Jan 2025 22:02:23 GMT Zwierzę poruszyło się z (3, 1) na (2, 2)
18 Jan 2025 22:02:23 GMT Zwierzę zjadło roślinkę na (2, 9)
18 Jan 2025 22:02:23 GMT Zwierzę zjadło roślinkę na (7, 1)
18 Jan 2025 22:02:23 GMT Zwierzę zjadło roślinkę na (2, 0)
18 Jan 2025 22:02:23 GMT Zwierze zostało położone na (1, 0)
18 Jan 2025 22:02:23 GMT Urodziło się nowe zwierzę na (1, 0)
18 Jan 2025 22:02:23 GMT Zwierze zostało położone na (1, 7)
18 Jan 2025 22:02:23 GMT Urodziło się nowe zwierzę na (1, 7)
18 Jan 2025 22:02:23 GMT Zwierze zostało położone na (7, 2)
18 Jan 2025 22:02:23 GMT Urodziło się nowe zwierzę na (7, 2)
18 Jan 2025 22:02:23 GMT Roślinka wyrosła na null
18 Jan 2025 22:02:23 GMT Roślinka wyrosła na null
18 Jan 2025 22:02:23 GMT Roślinka wyrosła na null
18 Jan 2025 22:02:23 GMT Roślinka wyrosła na null
18 Jan 2025 22:02:23 GMT Roślinka wyrosła na null
18 Jan 2025 22:02:23 GMT Roślinka wyrosła na null
18 Jan 2025 22:02:23 GMT Roślinka wyrosła na null
18 Jan 2025 22:02:23 GMT Roślinka wyrosła na null
18 Jan 2025 22:02:23 GMT Roślinka wyrosła na null
18 Jan 2025 22:02:23 GMT Roślinka wyrosła na null
18 Jan 2025 22:02:23 GMT Długość listy pozycji: 10
Lista pozycji zwierząt: {(1, 0)=[◣, <, ◣, >], (2, 2)=[◤], (5, 5)=[◥], (0, 6)=[v], (1, 7)=[^, ◣, ◢, ◤, <, ◢, ◥, ◤, ^, v], (2, 9)=[◤], (0, 8)=[◤], (7, 1)=[v], (7, 2)=[◣, ◥, ◣, v, ^, ◣, ◢, <, ◢, v], (2, 0)=[>]}
18 Jan 2025 22:02:23 GMT Zwierzę poruszyło się z (0, 7) na (0, 6)
18 Jan 2025 22:02:23 GMT Długość listy pozycji: 10
Lista pozycji zwierząt: {(1, 0)=[◣, <, ◣, >], (2, 2)=[◤], (4, 5)=[<], (0, 6)=[v], (1, 7)=[^, ◣, ◢, ◤, <, ◢, ◥, ◤, ^, v], (2, 9)=[◤], (0, 8)=[◤], (7, 1)=[v], (7, 2)=[◣, ◥, ◣, v, ^, ◣, ◢, <, ◢, v], (2, 0)=[>]}
18 Jan 2025 22:02:23 GMT Zwierzę poruszyło się z (5, 5) na (4, 5)
18 Jan 2025 22:02:24 GMT Długość listy pozycji: 10
Lista pozycji zwierząt: {(1, 0)=[◣, <, ◣, >], (2, 2)=[◤], (4, 5)=[<], (0, 6)=[v], (1, 7)=[^, ◣, ◢, ◤, <, ◢, ◥, ◤, ^, v], (2, 9)=[◤], (0, 8)=[◤], (7, 0)=[v], (7, 2)=[◣, ◥, ◣, v, ^, ◣, ◢, <, ◢, v], (2, 0)=[>]}
18 Jan 2025 22:02:24 GMT Zwierzę poruszyło się z (7, 1) na (7, 0)
18 Jan 2025 22:02:24 GMT Długość listy pozycji: 10
Lista pozycji zwierząt: {(1, 0)=[◣, <, ◣, ^], (2, 2)=[◤], (4, 5)=[<], (0, 6)=[v], (1, 7)=[^, ◣, ◢, ◤, <, ◢, ◥, ◤, ^, v], (2, 9)=[◤], (0, 8)=[◤], (7, 0)=[v], (7, 2)=[◣, ◥, ◣, v, ^, ◣, ◢, <, ◢, v], (2, 0)=[^]}
18 Jan 2025 22:02:24 GMT Zwierzę poruszyło się z (2, 0) na (2, 0)
18 Jan 2025 22:02:24 GMT Długość listy pozycji: 10
Lista pozycji zwierząt: {(1, 0)=[◣, <, ◣, ^], (2, 2)=[◤], (4, 5)=[<], (3, 9)=[>], (0, 6)=[v], (1, 7)=[^, ◣, ◢, ◤, <, ◢, ◥, ◤, ^, v], (0, 8)=[◤], (7, 0)=[v], (7, 2)=[◣, ◥, ◣, v, ^, ◣, ◢, <, ◢, v], (2, 0)=[^]}
18 Jan 2025 22:02:24 GMT Zwierzę poruszyło się z (2, 9) na (3, 9)
18 Jan 2025 22:02:24 GMT Długość listy pozycji: 10
Lista pozycji zwierząt: {(1, 0)=[◣, <, ◣, ^], (2, 2)=[◤], (4, 5)=[<], (3, 9)=[>], (0, 6)=[v], (1, 7)=[^, ◣, ◢, >, <, ◢, ◥, >, ^, v], (1, 8)=[>], (7, 0)=[v], (7, 2)=[◣, ◥, ◣, v, ^, ◣, ◢, <, ◢, v], (2, 0)=[^]}
18 Jan 2025 22:02:24 GMT Zwierzę poruszyło się z (0, 8) na (1, 8)
18 Jan 2025 22:02:24 GMT Długość listy pozycji: 11
Lista pozycji zwierząt: {(1, 0)=[◣, <, ◣, ^], (2, 2)=[◤], (4, 5)=[<], (3, 9)=[>], (0, 6)=[v], (1, 7)=[^, ◣, ◢, >, <, ◢, ◥, >, ^, v], (1, 8)=[>], (7, 0)=[v], (7, 2)=[◣, ◥, ◣, ^, ◣, ◢, <, ◢, ^], (7, 3)=[^], (2, 0)=[^]}
18 Jan 2025 22:02:24 GMT Zwierzę poruszyło się z (7, 2) na (7, 3)
18 Jan 2025 22:02:24 GMT Długość listy pozycji: 11
Lista pozycji zwierząt: {(3, 2)=[>], (1, 0)=[◣, <, ◣, ^], (4, 5)=[<], (3, 9)=[>], (0, 6)=[v], (1, 7)=[^, ◣, ◢, >, <, ◢, ◥, >, ^, v], (1, 8)=[>], (7, 0)=[v], (7, 2)=[◣, ◥, ◣, ^, ◣, ◢, <, ◢, ^], (7, 3)=[^], (2, 0)=[^]}
18 Jan 2025 22:02:24 GMT Zwierzę poruszyło się z (2, 2) na (3, 2)
