16 Jan 2025 22:38:24 GMT Zwierze zostało położone na (7, 3)
16 Jan 2025 22:38:24 GMT Zwierze zostało położone na (3, 2)
16 Jan 2025 22:38:24 GMT Zwierze zostało położone na (9, 6)
16 Jan 2025 22:38:24 GMT Zwierze zostało położone na (8, 2)
16 Jan 2025 22:38:24 GMT Zwierze zostało położone na (5, 6)
16 Jan 2025 22:38:25 GMT Zwierze zostało położone na (4, 9)
16 Jan 2025 22:38:25 GMT Zwierze zostało położone na (0, 4)
16 Jan 2025 22:38:25 GMT Zwierze zostało położone na (5, 4)
16 Jan 2025 22:38:25 GMT Zwierze zostało położone na (0, 3)
16 Jan 2025 22:38:25 GMT Zwierze zostało położone na (0, 5)
16 Jan 2025 22:38:25 GMT Długość listy pozycji: 10
Lista pozycji zwierząt: {(5, 4)=[<], (3, 2)=[^], (5, 6)=[>], (0, 3)=[◢], (0, 4)=[v], (0, 5)=[◥], (4, 9)=[◥], (8, 2)=[◥], (6, 3)=[<], (9, 6)=[>]}
16 Jan 2025 22:38:25 GMT Zwierzę poruszyło się z (7, 3) na (6, 3)
16 Jan 2025 22:38:25 GMT Długość listy pozycji: 10
Lista pozycji zwierząt: {(5, 4)=[<], (3, 3)=[^], (5, 6)=[>], (0, 3)=[◢], (0, 4)=[v], (0, 5)=[◥], (4, 9)=[◥], (8, 2)=[◥], (6, 3)=[<], (9, 6)=[>]}
16 Jan 2025 22:38:25 GMT Zwierzę poruszyło się z (3, 2) na (3, 3)
16 Jan 2025 22:38:25 GMT Długość listy pozycji: 10
Lista pozycji zwierząt: {(5, 4)=[<], (3, 3)=[^], (5, 6)=[>], (0, 3)=[◢], (0, 4)=[v], (0, 5)=[◥], (4, 9)=[◥], (8, 2)=[◥], (9, 5)=[v], (6, 3)=[<]}
16 Jan 2025 22:38:25 GMT Zwierzę poruszyło się z (9, 6) na (9, 5)
16 Jan 2025 22:38:25 GMT Długość listy pozycji: 10
Lista pozycji zwierząt: {(5, 4)=[<], (3, 3)=[^], (5, 6)=[>], (0, 3)=[◢], (0, 4)=[v], (0, 5)=[◥], (4, 9)=[◥], (9, 2)=[>], (9, 5)=[v], (6, 3)=[<]}
16 Jan 2025 22:38:25 GMT Zwierzę poruszyło się z (8, 2) na (9, 2)
16 Jan 2025 22:38:25 GMT Długość listy pozycji: 10
Lista pozycji zwierząt: {(5, 4)=[<], (5, 5)=[v], (3, 3)=[^], (0, 3)=[◢], (0, 4)=[v], (0, 5)=[◥], (4, 9)=[◥], (9, 2)=[>], (9, 5)=[v], (6, 3)=[<]}
16 Jan 2025 22:38:25 GMT Zwierzę poruszyło się z (5, 6) na (5, 5)
16 Jan 2025 22:38:25 GMT Długość listy pozycji: 10
Lista pozycji zwierząt: {(5, 4)=[<], (5, 5)=[v], (3, 3)=[^], (0, 3)=[◢], (5, 9)=[>], (0, 4)=[v], (0, 5)=[◥], (9, 2)=[>], (9, 5)=[v], (6, 3)=[<]}
16 Jan 2025 22:38:25 GMT Zwierzę poruszyło się z (4, 9) na (5, 9)
16 Jan 2025 22:38:26 GMT Długość listy pozycji: 9
Lista pozycji zwierząt: {(5, 4)=[<], (5, 5)=[v], (3, 3)=[^], (0, 3)=[◢], (5, 9)=[>], (0, 5)=[◥, ^], (9, 2)=[>], (9, 5)=[v], (6, 3)=[<]}
16 Jan 2025 22:38:26 GMT Zwierzę poruszyło się z (0, 4) na (0, 5)
16 Jan 2025 22:38:26 GMT Długość listy pozycji: 9
Lista pozycji zwierząt: {(5, 5)=[v], (3, 3)=[^], (0, 3)=[◢], (5, 9)=[>], (0, 5)=[◥, ^], (9, 2)=[>], (9, 5)=[v], (6, 3)=[<], (5, 3)=[v]}
16 Jan 2025 22:38:26 GMT Zwierzę poruszyło się z (5, 4) na (5, 3)
16 Jan 2025 22:38:26 GMT Długość listy pozycji: 9
Lista pozycji zwierząt: {(5, 5)=[v], (3, 3)=[^], (5, 9)=[>], (0, 5)=[◥, ^], (9, 2)=[>], (9, 3)=[<], (9, 5)=[v], (6, 3)=[<], (5, 3)=[v]}
16 Jan 2025 22:38:26 GMT Zwierzę poruszyło się z (0, 3) na (9, 3)
16 Jan 2025 22:38:26 GMT Długość listy pozycji: 10
Lista pozycji zwierząt: {(5, 5)=[v], (3, 3)=[^], (1, 5)=[>], (5, 9)=[>], (0, 5)=[^], (9, 2)=[>], (9, 3)=[<], (9, 5)=[v], (6, 3)=[<], (5, 3)=[v]}
16 Jan 2025 22:38:26 GMT Zwierzę poruszyło się z (0, 5) na (1, 5)
16 Jan 2025 22:38:26 GMT Zwierzę zjadło roślinkę na (5, 5)
16 Jan 2025 22:38:26 GMT Zwierzę zjadło roślinkę na (1, 5)
16 Jan 2025 22:38:26 GMT Zwierzę zjadło roślinkę na (9, 5)
16 Jan 2025 22:38:26 GMT Roślinka wyrosła na (3, 6)
16 Jan 2025 22:38:26 GMT Roślinka wyrosła na (0, 6)
16 Jan 2025 22:38:26 GMT Roślinka wyrosła na (1, 6)
16 Jan 2025 22:38:26 GMT Roślinka wyrosła na (9, 6)
16 Jan 2025 22:38:26 GMT Roślinka wyrosła na (7, 6)
16 Jan 2025 22:38:26 GMT Roślinka wyrosła na (0, 5)
16 Jan 2025 22:38:26 GMT Roślinka wyrosła na (8, 6)
16 Jan 2025 22:38:26 GMT Roślinka wyrosła na (2, 2)
16 Jan 2025 22:38:26 GMT Roślinka wyrosła na (4, 5)
16 Jan 2025 22:38:26 GMT Roślinka wyrosła na (4, 6)
16 Jan 2025 22:38:26 GMT Długość listy pozycji: 10
Lista pozycji zwierząt: {(5, 5)=[v], (3, 3)=[^], (1, 5)=[>], (5, 9)=[>], (0, 5)=[^], (9, 2)=[>], (9, 3)=[<], (9, 5)=[v], (7, 4)=[◥], (5, 3)=[v]}
16 Jan 2025 22:38:26 GMT Zwierzę poruszyło się z (6, 3) na (7, 4)
16 Jan 2025 22:38:27 GMT Długość listy pozycji: 10
Lista pozycji zwierząt: {(5, 5)=[v], (3, 4)=[^], (1, 5)=[>], (5, 9)=[>], (0, 5)=[^], (9, 2)=[>], (9, 3)=[<], (9, 5)=[v], (7, 4)=[◥], (5, 3)=[v]}
16 Jan 2025 22:38:27 GMT Zwierzę poruszyło się z (3, 3) na (3, 4)
16 Jan 2025 22:38:27 GMT Długość listy pozycji: 10
Lista pozycji zwierząt: {(5, 5)=[v], (3, 4)=[^], (1, 5)=[>], (5, 9)=[>], (0, 5)=[^], (9, 2)=[>], (9, 3)=[<], (8, 5)=[<], (7, 4)=[◥], (5, 3)=[v]}
16 Jan 2025 22:38:27 GMT Zwierzę poruszyło się z (9, 5) na (8, 5)
16 Jan 2025 22:38:27 GMT Długość listy pozycji: 10
Lista pozycji zwierząt: {(5, 5)=[v], (0, 1)=[◢], (3, 4)=[^], (1, 5)=[>], (5, 9)=[>], (0, 5)=[^], (9, 3)=[<], (8, 5)=[<], (7, 4)=[◥], (5, 3)=[v]}
16 Jan 2025 22:38:27 GMT Zwierzę poruszyło się z (9, 2) na (0, 1)
16 Jan 2025 22:38:27 GMT Długość listy pozycji: 10
Lista pozycji zwierząt: {(4, 5)=[<], (0, 1)=[◢], (3, 4)=[^], (1, 5)=[>], (5, 9)=[>], (0, 5)=[^], (9, 3)=[<], (8, 5)=[<], (7, 4)=[◥], (5, 3)=[v]}
16 Jan 2025 22:38:27 GMT Zwierzę poruszyło się z (5, 5) na (4, 5)
16 Jan 2025 22:38:27 GMT Długość listy pozycji: 10
Lista pozycji zwierząt: {(4, 5)=[<], (0, 1)=[◢], (3, 4)=[^], (6, 8)=[◢], (1, 5)=[>], (0, 5)=[^], (9, 3)=[<], (8, 5)=[<], (7, 4)=[◥], (5, 3)=[v]}
16 Jan 2025 22:38:27 GMT Zwierzę poruszyło się z (5, 9) na (6, 8)
16 Jan 2025 22:38:27 GMT Długość listy pozycji: 10
Lista pozycji zwierząt: {(4, 5)=[<], (0, 1)=[◢], (3, 4)=[^], (6, 8)=[◢], (0, 4)=[v], (1, 5)=[>], (9, 3)=[<], (8, 5)=[<], (7, 4)=[◥], (5, 3)=[v]}
16 Jan 2025 22:38:27 GMT Zwierzę poruszyło się z (0, 5) na (0, 4)
16 Jan 2025 22:38:27 GMT Długość listy pozycji: 10
Lista pozycji zwierząt: {(4, 5)=[<], (0, 1)=[◢], (3, 4)=[^], (6, 8)=[◢], (0, 4)=[v], (1, 5)=[>], (9, 3)=[<], (6, 3)=[>], (8, 5)=[<], (7, 4)=[◥]}
16 Jan 2025 22:38:27 GMT Zwierzę poruszyło się z (5, 3) na (6, 3)
16 Jan 2025 22:38:27 GMT Długość listy pozycji: 9
Lista pozycji zwierząt: {(4, 5)=[<], (0, 1)=[◢], (3, 4)=[^], (6, 8)=[◢], (0, 4)=[v, ◥], (1, 5)=[>], (6, 3)=[>], (8, 5)=[<], (7, 4)=[◥]}
16 Jan 2025 22:38:27 GMT Zwierzę poruszyło się z (9, 3) na (0, 4)
16 Jan 2025 22:38:27 GMT Długość listy pozycji: 9
Lista pozycji zwierząt: {(4, 5)=[<], (0, 1)=[◢], (3, 4)=[^], (2, 4)=[◢], (6, 8)=[◢], (0, 4)=[v, ◥], (6, 3)=[>], (8, 5)=[<], (7, 4)=[◥]}
16 Jan 2025 22:38:27 GMT Zwierzę poruszyło się z (1, 5) na (2, 4)
16 Jan 2025 22:38:28 GMT Zwierzę zjadło roślinkę na (4, 5)
16 Jan 2025 22:38:28 GMT Zwierzę zjadło roślinkę na (8, 5)
16 Jan 2025 22:38:28 GMT Zwierze zostało położone na (0, 4)
16 Jan 2025 22:38:28 GMT Urodziło się nowe zwierzę na (0, 4)
16 Jan 2025 22:38:28 GMT Roślinka wyrosła na (6, 5)
16 Jan 2025 22:38:28 GMT Roślinka wyrosła na (7, 5)
16 Jan 2025 22:38:28 GMT Roślinka wyrosła na (3, 5)
16 Jan 2025 22:38:28 GMT Roślinka wyrosła na (1, 9)
16 Jan 2025 22:38:28 GMT Roślinka wyrosła na (4, 7)
16 Jan 2025 22:38:28 GMT Roślinka wyrosła na (4, 2)
16 Jan 2025 22:38:28 GMT Roślinka wyrosła na (7, 1)
16 Jan 2025 22:38:28 GMT Roślinka wyrosła na (4, 9)
16 Jan 2025 22:38:28 GMT Roślinka wyrosła na (3, 8)
16 Jan 2025 22:38:28 GMT Roślinka wyrosła na (8, 0)
16 Jan 2025 22:38:28 GMT Zwierzę umarło na (0, 4)
16 Jan 2025 22:38:28 GMT Długość listy pozycji: 9
Lista pozycji zwierząt: {(4, 5)=[<], (0, 1)=[◢], (3, 4)=[^], (2, 4)=[◢], (6, 8)=[◢], (0, 4)=[◣, ◥], (7, 3)=[v], (6, 3)=[>], (8, 5)=[<]}
16 Jan 2025 22:38:28 GMT Zwierzę poruszyło się z (7, 4) na (7, 3)
16 Jan 2025 22:38:28 GMT Długość listy pozycji: 9
Lista pozycji zwierząt: {(4, 5)=[<], (0, 1)=[◢], (3, 5)=[^], (2, 4)=[◢], (6, 8)=[◢], (0, 4)=[◣, ◥], (7, 3)=[v], (6, 3)=[>], (8, 5)=[<]}
16 Jan 2025 22:38:28 GMT Zwierzę poruszyło się z (3, 4) na (3, 5)
16 Jan 2025 22:38:28 GMT Długość listy pozycji: 9
Lista pozycji zwierząt: {(4, 5)=[<], (0, 1)=[◢], (3, 5)=[^], (2, 4)=[◢], (6, 8)=[◢], (0, 4)=[◣, ◥], (7, 3)=[v], (6, 3)=[>], (8, 6)=[^]}
16 Jan 2025 22:38:28 GMT Zwierzę poruszyło się z (8, 5) na (8, 6)
16 Jan 2025 22:38:28 GMT Długość listy pozycji: 9
Lista pozycji zwierząt: {(0, 0)=[v], (4, 5)=[<], (3, 5)=[^], (2, 4)=[◢], (6, 8)=[◢], (0, 4)=[◣, ◥], (7, 3)=[v], (6, 3)=[>], (8, 6)=[^]}
16 Jan 2025 22:38:28 GMT Zwierzę poruszyło się z (0, 1) na (0, 0)
16 Jan 2025 22:38:29 GMT Długość listy pozycji: 9
Lista pozycji zwierząt: {(0, 0)=[v], (4, 6)=[^], (3, 5)=[^], (2, 4)=[◢], (6, 8)=[◢], (0, 4)=[◣, ◥], (7, 3)=[v], (6, 3)=[>], (8, 6)=[^]}
16 Jan 2025 22:38:29 GMT Zwierzę poruszyło się z (4, 5) na (4, 6)
16 Jan 2025 22:38:29 GMT Długość listy pozycji: 9
Lista pozycji zwierząt: {(0, 0)=[v], (6, 7)=[v], (4, 6)=[^], (3, 5)=[^], (2, 4)=[◢], (0, 4)=[◣, ◥], (7, 3)=[v], (6, 3)=[>], (8, 6)=[^]}
16 Jan 2025 22:38:29 GMT Zwierzę poruszyło się z (6, 8) na (6, 7)
16 Jan 2025 22:38:29 GMT Długość listy pozycji: 9
Lista pozycji zwierząt: {(0, 0)=[v], (6, 7)=[v], (4, 6)=[^], (3, 5)=[^], (2, 4)=[◢], (0, 4)=[◣, ◥], (7, 3)=[v], (6, 4)=[^], (8, 6)=[^]}
16 Jan 2025 22:38:29 GMT Zwierzę poruszyło się z (6, 3) na (6, 4)
16 Jan 2025 22:38:29 GMT Długość listy pozycji: 10
Lista pozycji zwierząt: {(0, 0)=[v], (6, 7)=[v], (4, 6)=[^], (3, 5)=[^], (2, 4)=[◢], (0, 3)=[v], (0, 4)=[◣], (7, 3)=[v], (6, 4)=[^], (8, 6)=[^]}
16 Jan 2025 22:38:29 GMT Zwierzę poruszyło się z (0, 4) na (0, 3)
16 Jan 2025 22:38:29 GMT Długość listy pozycji: 10
Lista pozycji zwierząt: {(0, 0)=[v], (2, 3)=[v], (6, 7)=[v], (4, 6)=[^], (3, 5)=[^], (0, 3)=[v], (0, 4)=[◣], (7, 3)=[v], (6, 4)=[^], (8, 6)=[^]}
16 Jan 2025 22:38:29 GMT Zwierzę poruszyło się z (2, 4) na (2, 3)
16 Jan 2025 22:38:29 GMT Zwierzę zjadło roślinkę na (2, 3)
16 Jan 2025 22:38:29 GMT Zwierzę zjadło roślinkę na (4, 6)
16 Jan 2025 22:38:29 GMT Zwierzę zjadło roślinkę na (3, 5)
16 Jan 2025 22:38:29 GMT Zwierzę zjadło roślinkę na (8, 6)
16 Jan 2025 22:38:29 GMT Roślinka wyrosła na (3, 4)
16 Jan 2025 22:38:29 GMT Roślinka wyrosła na (3, 9)
16 Jan 2025 22:38:29 GMT Roślinka wyrosła na (2, 8)
16 Jan 2025 22:38:29 GMT Roślinka wyrosła na (2, 7)
16 Jan 2025 22:38:29 GMT Roślinka wyrosła na (9, 7)
16 Jan 2025 22:38:29 GMT Roślinka wyrosła na (2, 1)
16 Jan 2025 22:38:29 GMT Roślinka wyrosła na (5, 4)
16 Jan 2025 22:38:29 GMT Roślinka wyrosła na (5, 3)
16 Jan 2025 22:38:29 GMT Roślinka wyrosła na (9, 4)
16 Jan 2025 22:38:29 GMT Roślinka wyrosła na (1, 7)
16 Jan 2025 22:38:29 GMT Długość listy pozycji: 9
Lista pozycji zwierząt: {(0, 0)=[v], (2, 3)=[v], (6, 7)=[v], (4, 6)=[^], (3, 5)=[^], (0, 3)=[v], (0, 4)=[◣], (6, 4)=[^, ◤], (8, 6)=[^]}
16 Jan 2025 22:38:29 GMT Zwierzę poruszyło się z (7, 3) na (6, 4)
16 Jan 2025 22:38:30 GMT Długość listy pozycji: 9
Lista pozycji zwierząt: {(0, 0)=[v], (2, 3)=[v], (6, 7)=[v], (4, 6)=[^], (3, 6)=[^], (0, 3)=[v], (0, 4)=[◣], (6, 4)=[^, ◤], (8, 6)=[^]}
16 Jan 2025 22:38:30 GMT Zwierzę poruszyło się z (3, 5) na (3, 6)
16 Jan 2025 22:38:30 GMT Długość listy pozycji: 9
Lista pozycji zwierząt: {(0, 0)=[v], (2, 3)=[v], (6, 7)=[v], (4, 6)=[^], (3, 6)=[^], (0, 3)=[v], (0, 4)=[◣], (9, 6)=[>], (6, 4)=[^, ◤]}
16 Jan 2025 22:38:30 GMT Zwierzę poruszyło się z (8, 6) na (9, 6)
16 Jan 2025 22:38:30 GMT Długość listy pozycji: 9
Lista pozycji zwierząt: {(0, 0)=[◥], (2, 3)=[v], (6, 7)=[v], (4, 6)=[^], (3, 6)=[^], (0, 3)=[v], (0, 4)=[◣], (9, 6)=[>], (6, 4)=[^, ◤]}
16 Jan 2025 22:38:30 GMT Zwierzę poruszyło się z (0, 0) na (0, 0)
16 Jan 2025 22:38:30 GMT Długość listy pozycji: 9
Lista pozycji zwierząt: {(0, 0)=[◥], (5, 6)=[>], (2, 3)=[v], (6, 7)=[v], (3, 6)=[^], (0, 3)=[v], (0, 4)=[◣], (9, 6)=[>], (6, 4)=[^, ◤]}
16 Jan 2025 22:38:30 GMT Zwierzę poruszyło się z (4, 6) na (5, 6)
16 Jan 2025 22:38:30 GMT Długość listy pozycji: 8
Lista pozycji zwierząt: {(0, 0)=[◥], (5, 6)=[>, ◣], (2, 3)=[v], (3, 6)=[^], (0, 3)=[v], (0, 4)=[◣], (9, 6)=[>], (6, 4)=[^, ◤]}
16 Jan 2025 22:38:30 GMT Zwierzę poruszyło się z (6, 7) na (5, 6)
16 Jan 2025 22:38:30 GMT Długość listy pozycji: 9
Lista pozycji zwierząt: {(5, 4)=[<], (0, 0)=[◥], (5, 6)=[>, ◣], (2, 3)=[v], (3, 6)=[^], (0, 3)=[v], (0, 4)=[◣], (9, 6)=[>], (6, 4)=[◤]}
16 Jan 2025 22:38:30 GMT Zwierzę poruszyło się z (6, 4) na (5, 4)
16 Jan 2025 22:38:30 GMT Długość listy pozycji: 9
Lista pozycji zwierząt: {(5, 4)=[<], (0, 0)=[◥], (5, 6)=[>, ◣], (2, 3)=[v], (3, 6)=[^], (0, 4)=[◣], (9, 4)=[◤], (9, 6)=[>], (6, 4)=[◤]}
16 Jan 2025 22:38:30 GMT Zwierzę poruszyło się z (0, 3) na (9, 4)
16 Jan 2025 22:38:30 GMT Długość listy pozycji: 9
Lista pozycji zwierząt: {(5, 4)=[<], (0, 0)=[◥], (1, 2)=[◣], (5, 6)=[>, ◣], (3, 6)=[^], (0, 4)=[◣], (9, 4)=[◤], (9, 6)=[>], (6, 4)=[◤]}
16 Jan 2025 22:38:30 GMT Zwierzę poruszyło się z (2, 3) na (1, 2)
16 Jan 2025 22:38:30 GMT Zwierzę zjadło roślinkę na (5, 4)
16 Jan 2025 22:38:30 GMT Zwierzę zjadło roślinkę na (5, 6)
16 Jan 2025 22:38:30 GMT Zwierzę zjadło roślinkę na (3, 6)
16 Jan 2025 22:38:30 GMT Zwierzę zjadło roślinkę na (9, 4)
16 Jan 2025 22:38:30 GMT Zwierzę zjadło roślinkę na (9, 6)
16 Jan 2025 22:38:31 GMT Zwierze zostało położone na (5, 6)
16 Jan 2025 22:38:31 GMT Urodziło się nowe zwierzę na (5, 6)
16 Jan 2025 22:38:31 GMT Roślinka wyrosła na (6, 7)
16 Jan 2025 22:38:31 GMT Roślinka wyrosła na (1, 0)
16 Jan 2025 22:38:31 GMT Roślinka wyrosła na (0, 9)
16 Jan 2025 22:38:31 GMT Roślinka wyrosła na (0, 0)
16 Jan 2025 22:38:31 GMT Roślinka wyrosła na (7, 0)
16 Jan 2025 22:38:31 GMT Roślinka wyrosła na (3, 1)
16 Jan 2025 22:38:31 GMT Roślinka wyrosła na (5, 7)
16 Jan 2025 22:38:31 GMT Roślinka wyrosła na (7, 9)
16 Jan 2025 22:38:31 GMT Roślinka wyrosła na (5, 0)
16 Jan 2025 22:38:31 GMT Roślinka wyrosła na (3, 0)
16 Jan 2025 22:38:31 GMT Długość listy pozycji: 9
Lista pozycji zwierząt: {(5, 4)=[<], (0, 0)=[◥], (1, 2)=[◣], (5, 6)=[>, ◤, ◣], (3, 6)=[^], (0, 4)=[◣], (9, 4)=[◤], (7, 4)=[>], (9, 6)=[>]}
16 Jan 2025 22:38:31 GMT Zwierzę poruszyło się z (6, 4) na (7, 4)
16 Jan 2025 22:38:31 GMT Długość listy pozycji: 9
Lista pozycji zwierząt: {(5, 4)=[<], (0, 0)=[◥], (1, 2)=[◣], (5, 6)=[>, ◤, ◣], (3, 7)=[^], (0, 4)=[◣], (9, 4)=[◤], (7, 4)=[>], (9, 6)=[>]}
16 Jan 2025 22:38:31 GMT Zwierzę poruszyło się z (3, 6) na (3, 7)
16 Jan 2025 22:38:31 GMT Długość listy pozycji: 9
Lista pozycji zwierząt: {(5, 4)=[<], (0, 0)=[◥], (1, 2)=[◣], (5, 6)=[>, ◤, ◣], (3, 7)=[^], (0, 4)=[◣], (9, 4)=[◤], (9, 5)=[v], (7, 4)=[>]}
16 Jan 2025 22:38:31 GMT Zwierzę poruszyło się z (9, 6) na (9, 5)
16 Jan 2025 22:38:31 GMT Długość listy pozycji: 9
Lista pozycji zwierząt: {(1, 0)=[>], (5, 4)=[<], (1, 2)=[◣], (5, 6)=[>, ◤, ◣], (3, 7)=[^], (0, 4)=[◣], (9, 4)=[◤], (9, 5)=[v], (7, 4)=[>]}
16 Jan 2025 22:38:31 GMT Zwierzę poruszyło się z (0, 0) na (1, 0)
16 Jan 2025 22:38:31 GMT Długość listy pozycji: 10
Lista pozycji zwierząt: {(1, 0)=[>], (5, 4)=[<], (5, 5)=[v], (1, 2)=[◣], (5, 6)=[◤, ◣], (3, 7)=[^], (0, 4)=[◣], (9, 4)=[◤], (9, 5)=[v], (7, 4)=[>]}
16 Jan 2025 22:38:31 GMT Zwierzę poruszyło się z (5, 6) na (5, 5)
16 Jan 2025 22:38:32 GMT Długość listy pozycji: 11
Lista pozycji zwierząt: {(1, 0)=[>], (5, 4)=[<], (5, 5)=[v], (1, 2)=[◣], (5, 6)=[◤], (4, 6)=[<], (3, 7)=[^], (0, 4)=[◣], (9, 4)=[◤], (9, 5)=[v], (7, 4)=[>]}
16 Jan 2025 22:38:32 GMT Zwierzę poruszyło się z (5, 6) na (4, 6)
16 Jan 2025 22:38:32 GMT Długość listy pozycji: 11
Lista pozycji zwierząt: {(1, 0)=[>], (5, 5)=[v], (1, 2)=[◣], (5, 6)=[◤], (4, 6)=[<], (3, 7)=[^], (0, 4)=[◣], (9, 4)=[◤], (9, 5)=[v], (7, 4)=[>], (5, 3)=[v]}
16 Jan 2025 22:38:32 GMT Zwierzę poruszyło się z (5, 4) na (5, 3)
16 Jan 2025 22:38:32 GMT Długość listy pozycji: 10
Lista pozycji zwierząt: {(1, 0)=[>], (5, 5)=[v], (1, 2)=[◣], (5, 6)=[◤], (4, 6)=[<], (3, 7)=[^], (0, 4)=[◣, >], (9, 5)=[v], (7, 4)=[>], (5, 3)=[v]}
16 Jan 2025 22:38:32 GMT Zwierzę poruszyło się z (9, 4) na (0, 4)
16 Jan 2025 22:38:32 GMT Długość listy pozycji: 10
Lista pozycji zwierząt: {(1, 0)=[>], (5, 5)=[v], (5, 6)=[◤], (0, 2)=[<], (4, 6)=[<], (3, 7)=[^], (0, 4)=[◣, >], (9, 5)=[v], (7, 4)=[>], (5, 3)=[v]}
16 Jan 2025 22:38:32 GMT Zwierzę poruszyło się z (1, 2) na (0, 2)
16 Jan 2025 22:38:32 GMT Zwierzę zjadło roślinkę na (1, 0)
16 Jan 2025 22:38:32 GMT Zwierzę zjadło roślinkę na (5, 3)
16 Jan 2025 22:38:32 GMT Zwierze zostało położone na (0, 4)
16 Jan 2025 22:38:32 GMT Urodziło się nowe zwierzę na (0, 4)
16 Jan 2025 22:38:32 GMT Roślinka wyrosła na (9, 3)
16 Jan 2025 22:38:32 GMT Roślinka wyrosła na (0, 1)
16 Jan 2025 22:38:32 GMT Roślinka wyrosła na (2, 0)
16 Jan 2025 22:38:32 GMT Roślinka wyrosła na (5, 2)
16 Jan 2025 22:38:32 GMT Roślinka wyrosła na (6, 1)
16 Jan 2025 22:38:32 GMT Roślinka wyrosła na (2, 4)
16 Jan 2025 22:38:32 GMT Roślinka wyrosła na (6, 8)
16 Jan 2025 22:38:32 GMT Roślinka wyrosła na (0, 2)
16 Jan 2025 22:38:32 GMT Roślinka wyrosła na (4, 0)
16 Jan 2025 22:38:32 GMT Roślinka wyrosła na (4, 3)
16 Jan 2025 22:38:32 GMT Długość listy pozycji: 10
Lista pozycji zwierząt: {(1, 0)=[>], (5, 5)=[v], (5, 6)=[◤], (0, 2)=[<], (4, 6)=[<], (3, 7)=[^], (0, 4)=[>, ◣, >], (9, 5)=[v], (6, 3)=[◣], (5, 3)=[v]}
16 Jan 2025 22:38:32 GMT Zwierzę poruszyło się z (7, 4) na (6, 3)
16 Jan 2025 22:38:33 GMT Długość listy pozycji: 10
Lista pozycji zwierząt: {(1, 0)=[>], (5, 5)=[v], (5, 6)=[◤], (0, 2)=[<], (4, 6)=[<], (0, 4)=[>, ◣, >], (3, 8)=[^], (9, 5)=[v], (6, 3)=[◣], (5, 3)=[v]}
16 Jan 2025 22:38:33 GMT Zwierzę poruszyło się z (3, 7) na (3, 8)
16 Jan 2025 22:38:33 GMT Długość listy pozycji: 10
Lista pozycji zwierząt: {(1, 0)=[>], (5, 5)=[v], (5, 6)=[◤], (0, 2)=[<], (4, 6)=[<], (0, 4)=[>, ◣, >], (3, 8)=[^], (8, 5)=[<], (6, 3)=[◣], (5, 3)=[v]}
16 Jan 2025 22:38:33 GMT Zwierzę poruszyło się z (9, 5) na (8, 5)
16 Jan 2025 22:38:33 GMT Długość listy pozycji: 10
Lista pozycji zwierząt: {(1, 0)=[◤], (5, 5)=[v], (5, 6)=[◤], (0, 2)=[<], (4, 6)=[<], (0, 4)=[>, ◣, >], (3, 8)=[^], (8, 5)=[<], (6, 3)=[◣], (5, 3)=[v]}
16 Jan 2025 22:38:33 GMT Zwierzę poruszyło się z (1, 0) na (1, 0)
16 Jan 2025 22:38:33 GMT Długość listy pozycji: 10
Lista pozycji zwierząt: {(1, 0)=[◤], (4, 5)=[<], (5, 6)=[◤], (0, 2)=[<], (4, 6)=[<], (0, 4)=[>, ◣, >], (3, 8)=[^], (8, 5)=[<], (6, 3)=[◣], (5, 3)=[v]}
16 Jan 2025 22:38:33 GMT Zwierzę poruszyło się z (5, 5) na (4, 5)
16 Jan 2025 22:38:33 GMT Długość listy pozycji: 10
Lista pozycji zwierząt: {(1, 0)=[◤], (4, 5)=[<], (5, 6)=[◤], (0, 2)=[<], (3, 7)=[◤], (0, 4)=[>, ◣, >], (3, 8)=[^], (8, 5)=[<], (6, 3)=[◣], (5, 3)=[v]}
16 Jan 2025 22:38:33 GMT Zwierzę poruszyło się z (4, 6) na (3, 7)
16 Jan 2025 22:38:33 GMT Długość listy pozycji: 9
Lista pozycji zwierząt: {(1, 0)=[◤], (4, 5)=[<], (5, 6)=[◤], (0, 2)=[<], (3, 7)=[◤], (0, 4)=[>, ◣, >], (3, 8)=[^], (8, 5)=[<], (6, 3)=[>, ◣]}
16 Jan 2025 22:38:33 GMT Zwierzę poruszyło się z (5, 3) na (6, 3)
16 Jan 2025 22:38:33 GMT Długość listy pozycji: 10
Lista pozycji zwierząt: {(1, 0)=[◤], (4, 5)=[<], (5, 6)=[◤], (0, 2)=[<], (3, 7)=[◤], (0, 4)=[>, ◣, ◣], (3, 8)=[^], (9, 3)=[◣], (8, 5)=[<], (6, 3)=[>, ◣]}
16 Jan 2025 22:38:33 GMT Zwierzę poruszyło się z (0, 4) na (9, 3)
16 Jan 2025 22:38:33 GMT Długość listy pozycji: 9
Lista pozycji zwierząt: {(1, 0)=[◤], (4, 5)=[<], (5, 6)=[◤], (3, 7)=[◤], (0, 4)=[>, ◣, ◣], (3, 8)=[^], (9, 3)=[◤, ◣], (8, 5)=[<], (6, 3)=[>, ◣]}
16 Jan 2025 22:38:33 GMT Zwierzę poruszyło się z (0, 2) na (9, 3)
16 Jan 2025 22:38:33 GMT Zwierzę zjadło roślinkę na (3, 8)
16 Jan 2025 22:38:33 GMT Zwierzę zjadło roślinkę na (9, 3)
16 Jan 2025 22:38:34 GMT Zwierze zostało położone na (0, 4)
16 Jan 2025 22:38:34 GMT Urodziło się nowe zwierzę na (0, 4)
16 Jan 2025 22:38:34 GMT Zwierze zostało położone na (9, 3)
16 Jan 2025 22:38:34 GMT Urodziło się nowe zwierzę na (9, 3)
16 Jan 2025 22:38:34 GMT Zwierze zostało położone na (6, 3)
16 Jan 2025 22:38:34 GMT Urodziło się nowe zwierzę na (6, 3)
16 Jan 2025 22:38:34 GMT Roślinka wyrosła na (7, 7)
16 Jan 2025 22:38:34 GMT Roślinka wyrosła na (3, 3)
16 Jan 2025 22:38:34 GMT Roślinka wyrosła na (5, 9)
16 Jan 2025 22:38:34 GMT Roślinka wyrosła na (8, 1)
16 Jan 2025 22:38:34 GMT Roślinka wyrosła na (9, 1)
16 Jan 2025 22:38:34 GMT Roślinka wyrosła na (0, 4)
16 Jan 2025 22:38:34 GMT Roślinka wyrosła na (3, 2)
16 Jan 2025 22:38:34 GMT Roślinka wyrosła na (1, 3)
16 Jan 2025 22:38:34 GMT Roślinka wyrosła na (0, 8)
16 Jan 2025 22:38:34 GMT Roślinka wyrosła na (9, 2)
16 Jan 2025 22:38:34 GMT Długość listy pozycji: 10
Lista pozycji zwierząt: {(1, 0)=[◤], (4, 5)=[<], (5, 6)=[◤], (3, 7)=[◤], (0, 4)=[◤, >, ◣, ◣], (3, 8)=[^], (9, 3)=[◥, ◤, ◣], (8, 5)=[<], (6, 3)=[v, >], (6, 4)=[^]}
16 Jan 2025 22:38:34 GMT Zwierzę poruszyło się z (6, 3) na (6, 4)
16 Jan 2025 22:38:34 GMT Długość listy pozycji: 10
Lista pozycji zwierząt: {(1, 0)=[◤], (4, 5)=[<], (5, 6)=[◤], (3, 7)=[◤], (0, 4)=[◤, >, ◣, ◣], (3, 9)=[^], (9, 3)=[◥, ◤, ◣], (8, 5)=[<], (6, 3)=[v, >], (6, 4)=[^]}
16 Jan 2025 22:38:34 GMT Zwierzę poruszyło się z (3, 8) na (3, 9)
16 Jan 2025 22:38:34 GMT Długość listy pozycji: 10
Lista pozycji zwierząt: {(1, 0)=[◤], (4, 5)=[<], (5, 6)=[◤], (3, 7)=[◤], (0, 4)=[◤, >, ◣, ◣], (3, 9)=[^], (9, 3)=[◥, ◤, ◣], (6, 3)=[v, >], (8, 6)=[^], (6, 4)=[^]}
16 Jan 2025 22:38:34 GMT Zwierzę poruszyło się z (8, 5) na (8, 6)
16 Jan 2025 22:38:34 GMT Długość listy pozycji: 10
Lista pozycji zwierząt: {(1, 1)=[^], (4, 5)=[<], (5, 6)=[◤], (3, 7)=[◤], (0, 4)=[◤, >, ◣, ◣], (3, 9)=[^], (9, 3)=[◥, ◤, ◣], (6, 3)=[v, >], (8, 6)=[^], (6, 4)=[^]}
16 Jan 2025 22:38:34 GMT Zwierzę poruszyło się z (1, 0) na (1, 1)
16 Jan 2025 22:38:35 GMT Długość listy pozycji: 10
Lista pozycji zwierząt: {(1, 1)=[^], (5, 6)=[◤], (4, 6)=[^], (3, 7)=[◤], (0, 4)=[◤, >, ◣, ◣], (3, 9)=[^], (9, 3)=[◥, ◤, ◣], (6, 3)=[v, >], (8, 6)=[^], (6, 4)=[^]}
16 Jan 2025 22:38:35 GMT Zwierzę poruszyło się z (4, 5) na (4, 6)
16 Jan 2025 22:38:35 GMT Długość listy pozycji: 10
Lista pozycji zwierząt: {(1, 1)=[^], (5, 6)=[◤], (4, 6)=[^], (0, 4)=[◤, >, ◣, ◣], (3, 8)=[^], (3, 9)=[^], (9, 3)=[◥, ◤, ◣], (6, 3)=[v, >], (8, 6)=[^], (6, 4)=[^]}
16 Jan 2025 22:38:35 GMT Zwierzę poruszyło się z (3, 7) na (3, 8)
16 Jan 2025 22:38:35 GMT Długość listy pozycji: 10
Lista pozycji zwierząt: {(1, 1)=[^], (5, 6)=[◤], (4, 6)=[^], (0, 4)=[◤, >, ◣, ◣], (3, 8)=[^], (3, 9)=[^], (9, 3)=[◥, ◤, ◣], (6, 3)=[v], (8, 6)=[^], (6, 4)=[^, ^]}
16 Jan 2025 22:38:35 GMT Zwierzę poruszyło się z (6, 3) na (6, 4)
16 Jan 2025 22:38:35 GMT Długość listy pozycji: 11
Lista pozycji zwierząt: {(1, 1)=[^], (5, 6)=[◤], (4, 6)=[^], (0, 4)=[◤, >, ◣, ^], (3, 8)=[^], (3, 9)=[^], (9, 3)=[◥, ◤], (9, 4)=[^], (6, 3)=[v], (8, 6)=[^], (6, 4)=[^, ^]}
16 Jan 2025 22:38:35 GMT Zwierzę poruszyło się z (9, 3) na (9, 4)
16 Jan 2025 22:38:35 GMT Długość listy pozycji: 11
Lista pozycji zwierząt: {(1, 1)=[^], (5, 6)=[◤], (4, 6)=[^], (0, 4)=[◤, >, ◣, ^], (3, 8)=[^], (3, 9)=[^], (9, 3)=[◥], (9, 4)=[^, ^], (6, 3)=[v], (8, 6)=[^], (6, 4)=[^, ^]}
16 Jan 2025 22:38:35 GMT Zwierzę poruszyło się z (9, 3) na (9, 4)
16 Jan 2025 22:38:35 GMT Zwierzę zjadło roślinkę na (0, 4)
16 Jan 2025 22:38:35 GMT Zwierzę zjadło roślinkę na (3, 9)
16 Jan 2025 22:38:35 GMT Zwierze zostało położone na (0, 4)
16 Jan 2025 22:38:35 GMT Urodziło się nowe zwierzę na (0, 4)
16 Jan 2025 22:38:35 GMT Zwierze zostało położone na (9, 4)
16 Jan 2025 22:38:35 GMT Urodziło się nowe zwierzę na (9, 4)
16 Jan 2025 22:38:35 GMT Zwierze zostało położone na (6, 4)
16 Jan 2025 22:38:35 GMT Urodziło się nowe zwierzę na (6, 4)
16 Jan 2025 22:38:36 GMT Roślinka wyrosła na (0, 3)
16 Jan 2025 22:38:36 GMT Roślinka wyrosła na (1, 1)
16 Jan 2025 22:38:36 GMT Roślinka wyrosła na (7, 8)
16 Jan 2025 22:38:36 GMT Roślinka wyrosła na (6, 2)
16 Jan 2025 22:38:36 GMT Roślinka wyrosła na (7, 3)
16 Jan 2025 22:38:36 GMT Roślinka wyrosła na (5, 1)
16 Jan 2025 22:38:36 GMT Roślinka wyrosła na (9, 0)
16 Jan 2025 22:38:36 GMT Roślinka wyrosła na (1, 4)
16 Jan 2025 22:38:36 GMT Roślinka wyrosła na (2, 9)
16 Jan 2025 22:38:36 GMT Roślinka wyrosła na (4, 4)
16 Jan 2025 22:38:36 GMT Zwierzę umarło na (6, 4)
16 Jan 2025 22:38:36 GMT Zwierzę umarło na (9, 4)
16 Jan 2025 22:38:36 GMT Długość listy pozycji: 12
Lista pozycji zwierząt: {(1, 1)=[^], (5, 6)=[◤], (4, 6)=[^], (0, 4)=[◤, ◤, >, ◣, ^], (3, 8)=[^], (3, 9)=[^], (9, 3)=[◥], (9, 4)=[◣, ^], (7, 3)=[◢], (6, 3)=[v], (8, 6)=[^], (6, 4)=[◢]}
16 Jan 2025 22:38:36 GMT Zwierzę poruszyło się z (6, 4) na (7, 3)
16 Jan 2025 22:38:36 GMT Długość listy pozycji: 12
Lista pozycji zwierząt: {(1, 1)=[^], (5, 6)=[◤], (4, 6)=[^], (0, 4)=[◤, ◤, >, ◣, ^], (3, 8)=[^], (3, 9)=[v], (9, 3)=[◥], (9, 4)=[◣, ^], (7, 3)=[◢], (6, 3)=[v], (8, 6)=[^], (6, 4)=[◢]}
16 Jan 2025 22:38:36 GMT Zwierzę poruszyło się z (3, 9) na (3, 9)
16 Jan 2025 22:38:36 GMT Długość listy pozycji: 12
Lista pozycji zwierząt: {(1, 1)=[^], (5, 6)=[◤], (4, 6)=[^], (0, 4)=[◤, ◤, >, ◣, ^], (3, 8)=[^], (3, 9)=[v], (9, 3)=[◥], (9, 4)=[◣, ^], (7, 3)=[◢], (9, 6)=[>], (6, 3)=[v], (6, 4)=[◢]}
16 Jan 2025 22:38:36 GMT Zwierzę poruszyło się z (8, 6) na (9, 6)
16 Jan 2025 22:38:36 GMT Długość listy pozycji: 12
Lista pozycji zwierząt: {(2, 2)=[◥], (5, 6)=[◤], (4, 6)=[^], (0, 4)=[◤, ◤, >, ◣, ^], (3, 8)=[^], (3, 9)=[v], (9, 3)=[◥], (9, 4)=[◣, ^], (7, 3)=[◢], (9, 6)=[>], (6, 3)=[v], (6, 4)=[◢]}
16 Jan 2025 22:38:36 GMT Zwierzę poruszyło się z (1, 1) na (2, 2)
16 Jan 2025 22:38:36 GMT Długość listy pozycji: 11
Lista pozycji zwierząt: {(2, 2)=[◥], (5, 6)=[>, ◤], (0, 4)=[◤, ◤, >, ◣, ^], (3, 8)=[^], (3, 9)=[v], (9, 3)=[◥], (9, 4)=[◣, ^], (7, 3)=[◢], (9, 6)=[>], (6, 3)=[v], (6, 4)=[◢]}
16 Jan 2025 22:38:36 GMT Zwierzę poruszyło się z (4, 6) na (5, 6)
16 Jan 2025 22:38:36 GMT Długość listy pozycji: 11
Lista pozycji zwierząt: {(2, 2)=[◥], (5, 6)=[>, ◤], (0, 4)=[◤, ◤, >, ◣, ^], (4, 9)=[◥], (3, 9)=[v], (9, 3)=[◥], (9, 4)=[◣, ^], (7, 3)=[◢], (9, 6)=[>], (6, 3)=[v], (6, 4)=[◢]}
16 Jan 2025 22:38:36 GMT Zwierzę poruszyło się z (3, 8) na (4, 9)
16 Jan 2025 22:38:36 GMT Długość listy pozycji: 12
Lista pozycji zwierząt: {(2, 2)=[◥], (5, 6)=[>, ◤], (0, 3)=[◢], (0, 4)=[◤, ◤, >, ◣, ◢], (4, 9)=[◥], (3, 9)=[v], (9, 3)=[◥], (9, 4)=[◣], (7, 3)=[◢], (9, 6)=[>], (6, 3)=[v], (6, 4)=[◢]}
16 Jan 2025 22:38:36 GMT Zwierzę poruszyło się z (9, 4) na (0, 3)
16 Jan 2025 22:38:36 GMT Zwierzę zjadło roślinkę na (2, 2)
16 Jan 2025 22:38:36 GMT Zwierzę zjadło roślinkę na (0, 3)
16 Jan 2025 22:38:36 GMT Zwierzę zjadło roślinkę na (4, 9)
16 Jan 2025 22:38:36 GMT Zwierzę zjadło roślinkę na (7, 3)
16 Jan 2025 22:38:37 GMT Zwierze zostało położone na (5, 6)
16 Jan 2025 22:38:37 GMT Urodziło się nowe zwierzę na (5, 6)
16 Jan 2025 22:38:37 GMT Zwierze zostało położone na (0, 4)
16 Jan 2025 22:38:37 GMT Urodziło się nowe zwierzę na (0, 4)
16 Jan 2025 22:38:37 GMT Roślinka wyrosła na (8, 8)
16 Jan 2025 22:38:37 GMT Roślinka wyrosła na (7, 4)
16 Jan 2025 22:38:37 GMT Roślinka wyrosła na (8, 9)
16 Jan 2025 22:38:37 GMT Roślinka wyrosła na (8, 3)
16 Jan 2025 22:38:37 GMT Roślinka wyrosła na (0, 7)
16 Jan 2025 22:38:37 GMT Roślinka wyrosła na (6, 3)
16 Jan 2025 22:38:37 GMT Roślinka wyrosła na (1, 2)
16 Jan 2025 22:38:37 GMT Roślinka wyrosła na (6, 9)
16 Jan 2025 22:38:37 GMT Roślinka wyrosła na (6, 0)
16 Jan 2025 22:38:37 GMT Roślinka wyrosła na (1, 8)
16 Jan 2025 22:38:37 GMT Długość listy pozycji: 11
Lista pozycji zwierząt: {(2, 2)=[◥], (5, 6)=[>, ◤, ◣], (0, 3)=[◢], (0, 4)=[◣, ◤, ◤, >, ◣, ◢], (4, 9)=[◥], (3, 9)=[v], (9, 3)=[◥], (9, 4)=[◣], (9, 6)=[>], (6, 3)=[v, <], (6, 4)=[◢]}
16 Jan 2025 22:38:37 GMT Zwierzę poruszyło się z (7, 3) na (6, 3)
16 Jan 2025 22:38:37 GMT Długość listy pozycji: 11
Lista pozycji zwierząt: {(2, 2)=[◥], (5, 6)=[>, ◤, ◣], (0, 3)=[◢], (0, 4)=[◣, ◤, ◤, >, ◣, ◢], (3, 8)=[v], (4, 9)=[◥], (9, 3)=[◥], (9, 4)=[◣], (9, 6)=[>], (6, 3)=[v, <], (6, 4)=[◢]}
16 Jan 2025 22:38:37 GMT Zwierzę poruszyło się z (3, 9) na (3, 8)
16 Jan 2025 22:38:37 GMT Długość listy pozycji: 11
Lista pozycji zwierząt: {(2, 2)=[◥], (5, 6)=[>, ◤, ◣], (0, 3)=[◢], (0, 4)=[◣, ◤, ◤, >, ◣, ◢], (3, 8)=[v], (4, 9)=[◥], (9, 3)=[◥], (9, 4)=[◣], (9, 5)=[v], (6, 3)=[v, <], (6, 4)=[◢]}
16 Jan 2025 22:38:37 GMT Zwierzę poruszyło się z (9, 6) na (9, 5)
16 Jan 2025 22:38:37 GMT Długość listy pozycji: 11
Lista pozycji zwierząt: {(3, 2)=[>], (5, 6)=[>, ◤, ◣], (0, 3)=[◢], (0, 4)=[◣, ◤, ◤, >, ◣, ◢], (3, 8)=[v], (4, 9)=[◥], (9, 3)=[◥], (9, 4)=[◣], (9, 5)=[v], (6, 3)=[v, <], (6, 4)=[◢]}
16 Jan 2025 22:38:38 GMT Zwierzę poruszyło się z (2, 2) na (3, 2)
16 Jan 2025 22:38:38 GMT Długość listy pozycji: 12
Lista pozycji zwierząt: {(3, 2)=[>], (5, 5)=[v], (5, 6)=[v, ◤, ◣], (0, 3)=[◢], (0, 4)=[◣, ◤, ◤, >, ◣, ◢], (3, 8)=[v], (4, 9)=[◥], (9, 3)=[◥], (9, 4)=[◣], (9, 5)=[v], (6, 3)=[v, <], (6, 4)=[◢]}
16 Jan 2025 22:38:38 GMT Zwierzę poruszyło się z (5, 6) na (5, 5)
16 Jan 2025 22:38:38 GMT Długość listy pozycji: 12
Lista pozycji zwierząt: {(3, 2)=[>], (5, 5)=[v], (5, 6)=[v, ◤, ◣], (0, 3)=[◢], (5, 9)=[>], (0, 4)=[◣, ◤, ◤, >, ◣, ◢], (3, 8)=[v], (9, 3)=[◥], (9, 4)=[◣], (9, 5)=[v], (6, 3)=[v, <], (6, 4)=[◢]}
16 Jan 2025 22:38:38 GMT Zwierzę poruszyło się z (4, 9) na (5, 9)
16 Jan 2025 22:38:38 GMT Długość listy pozycji: 11
Lista pozycji zwierząt: {(3, 2)=[>], (5, 5)=[v], (5, 6)=[v, ◤, ◣], (5, 9)=[>], (0, 4)=[◣, ◤, ◤, >, ◣, <], (3, 8)=[v], (9, 3)=[<, ◥], (9, 4)=[◣], (9, 5)=[v], (6, 3)=[v, <], (6, 4)=[◢]}
16 Jan 2025 22:38:38 GMT Zwierzę poruszyło się z (0, 3) na (9, 3)
16 Jan 2025 22:38:38 GMT Zwierzę zjadło roślinkę na (3, 2)
16 Jan 2025 22:38:38 GMT Zwierzę zjadło roślinkę na (5, 9)
16 Jan 2025 22:38:38 GMT Zwierzę zjadło roślinkę na (6, 3)
16 Jan 2025 22:38:38 GMT Zwierze zostało położone na (5, 6)
16 Jan 2025 22:38:38 GMT Urodziło się nowe zwierzę na (5, 6)
16 Jan 2025 22:38:39 GMT Zwierze zostało położone na (0, 4)
16 Jan 2025 22:38:39 GMT Urodziło się nowe zwierzę na (0, 4)
16 Jan 2025 22:38:39 GMT Zwierze zostało położone na (9, 3)
16 Jan 2025 22:38:39 GMT Urodziło się nowe zwierzę na (9, 3)
16 Jan 2025 22:38:39 GMT Zwierze zostało położone na (6, 3)
16 Jan 2025 22:38:39 GMT Urodziło się nowe zwierzę na (6, 3)
16 Jan 2025 22:38:40 GMT Roślinka wyrosła na (8, 7)
16 Jan 2025 22:38:40 GMT Roślinka wyrosła na (7, 2)
16 Jan 2025 22:38:40 GMT Roślinka wyrosła na (9, 9)
16 Jan 2025 22:38:40 GMT Roślinka wyrosła na (4, 1)
16 Jan 2025 22:38:40 GMT Roślinka wyrosła na (5, 8)
16 Jan 2025 22:38:40 GMT Roślinka wyrosła na (6, 4)
16 Jan 2025 22:38:40 GMT Roślinka wyrosła na (9, 8)
16 Jan 2025 22:38:40 GMT Roślinka wyrosła na (8, 4)
16 Jan 2025 22:38:40 GMT Roślinka wyrosła na (8, 2)
16 Jan 2025 22:38:40 GMT Roślinka wyrosła na (3, 7)
16 Jan 2025 22:38:40 GMT Długość listy pozycji: 12
Lista pozycji zwierząt: {(3, 2)=[>], (5, 5)=[v], (5, 6)=[◥, v, ◤, ◣], (5, 9)=[>], (0, 4)=[>, ◣, ◤, ◤, >, ◣, <], (3, 8)=[v], (9, 3)=[<, ◥, >], (9, 4)=[◣], (9, 5)=[v], (7, 4)=[◥], (6, 3)=[<, v, ◥], (6, 4)=[◢]}
16 Jan 2025 22:38:40 GMT Zwierzę poruszyło się z (6, 3) na (7, 4)
16 Jan 2025 22:38:40 GMT Długość listy pozycji: 12
Lista pozycji zwierząt: {(3, 2)=[>], (5, 5)=[v], (5, 6)=[◥, v, ◤, ◣], (3, 7)=[v], (5, 9)=[>], (0, 4)=[>, ◣, ◤, ◤, >, ◣, <], (9, 3)=[<, ◥, >], (9, 4)=[◣], (9, 5)=[v], (7, 4)=[◥], (6, 3)=[<, v, ◥], (6, 4)=[◢]}
16 Jan 2025 22:38:40 GMT Zwierzę poruszyło się z (3, 8) na (3, 7)
16 Jan 2025 22:38:40 GMT Długość listy pozycji: 12
Lista pozycji zwierząt: {(3, 2)=[>], (5, 5)=[v], (5, 6)=[◥, v, ◤, ◣], (3, 7)=[v], (5, 9)=[>], (0, 4)=[>, ◣, ◤, ◤, >, ◣, <], (9, 3)=[<, ◥, >], (9, 4)=[◣], (8, 5)=[<], (7, 4)=[◥], (6, 3)=[<, v, ◥], (6, 4)=[◢]}
16 Jan 2025 22:38:40 GMT Zwierzę poruszyło się z (9, 5) na (8, 5)
16 Jan 2025 22:38:40 GMT Długość listy pozycji: 12
Lista pozycji zwierząt: {(5, 5)=[v], (5, 6)=[◥, v, ◤, ◣], (3, 7)=[v], (5, 9)=[>], (0, 4)=[>, ◣, ◤, ◤, >, ◣, <], (9, 3)=[<, ◥, >], (9, 4)=[◣], (4, 1)=[◢], (8, 5)=[<], (7, 4)=[◥], (6, 3)=[<, v, ◥], (6, 4)=[◢]}
16 Jan 2025 22:38:40 GMT Zwierzę poruszyło się z (3, 2) na (4, 1)
16 Jan 2025 22:38:40 GMT Długość listy pozycji: 12
Lista pozycji zwierząt: {(4, 5)=[<], (5, 6)=[◥, <, ◤, ◣], (3, 7)=[v], (5, 9)=[>], (0, 4)=[>, ◣, ◤, ◤, >, ◣, <], (9, 3)=[<, ◥, >], (9, 4)=[◣], (4, 1)=[◢], (8, 5)=[<], (7, 4)=[◥], (6, 3)=[<, v, ◥], (6, 4)=[◢]}
16 Jan 2025 22:38:40 GMT Zwierzę poruszyło się z (5, 5) na (4, 5)
16 Jan 2025 22:38:40 GMT Długość listy pozycji: 12
Lista pozycji zwierząt: {(4, 5)=[<], (5, 6)=[◥, <, ◤, ◣], (6, 8)=[◢], (3, 7)=[v], (0, 4)=[>, ◣, ◤, ◤, >, ◣, <], (9, 3)=[<, ◥, >], (9, 4)=[◣], (4, 1)=[◢], (8, 5)=[<], (7, 4)=[◥], (6, 3)=[<, v, ◥], (6, 4)=[◢]}
16 Jan 2025 22:38:40 GMT Zwierzę poruszyło się z (5, 9) na (6, 8)
16 Jan 2025 22:38:40 GMT Długość listy pozycji: 12
Lista pozycji zwierząt: {(4, 5)=[<], (5, 6)=[◥, <, ◤, ◣], (6, 8)=[◢], (3, 7)=[v], (0, 4)=[>, ◣, ◤, ◤, ◥, >, ◣, ◥], (9, 3)=[◥, ◥, >], (9, 4)=[◣], (4, 1)=[◢], (8, 5)=[<], (7, 4)=[◥], (6, 3)=[<, v, ◥], (6, 4)=[◢]}
16 Jan 2025 22:38:40 GMT Zwierzę poruszyło się z (9, 3) na (0, 4)
16 Jan 2025 22:38:41 GMT Zwierzę zjadło roślinkę na (6, 8)
16 Jan 2025 22:38:41 GMT Zwierzę zjadło roślinkę na (3, 7)
16 Jan 2025 22:38:41 GMT Zwierzę zjadło roślinkę na (4, 1)
16 Jan 2025 22:38:41 GMT Zwierzę zjadło roślinkę na (7, 4)
16 Jan 2025 22:38:41 GMT Zwierzę zjadło roślinkę na (6, 4)
16 Jan 2025 22:38:41 GMT Zwierze zostało położone na (5, 6)
16 Jan 2025 22:38:41 GMT Urodziło się nowe zwierzę na (5, 6)
16 Jan 2025 22:38:41 GMT Zwierze zostało położone na (0, 4)
16 Jan 2025 22:38:41 GMT Urodziło się nowe zwierzę na (0, 4)
