16 Jan 2025 22:25:11 GMT Zwierze zostało położone na (45, 13)
16 Jan 2025 22:25:11 GMT Zwierze zostało położone na (26, 81)
16 Jan 2025 22:25:11 GMT Zwierze zostało położone na (89, 83)
16 Jan 2025 22:25:11 GMT Zwierze zostało położone na (91, 32)
16 Jan 2025 22:25:12 GMT Zwierze zostało położone na (98, 35)
16 Jan 2025 22:25:12 GMT Zwierze zostało położone na (54, 73)
16 Jan 2025 22:25:12 GMT Zwierze zostało położone na (14, 28)
16 Jan 2025 22:25:12 GMT Zwierze zostało położone na (93, 73)
16 Jan 2025 22:25:12 GMT Zwierze zostało położone na (39, 61)
16 Jan 2025 22:25:12 GMT Zwierze zostało położone na (27, 57)
16 Jan 2025 22:25:13 GMT Długość listy pozycji: 10
Lista pozycji zwierząt: {(45, 14)=[^], (98, 35)=[◥], (54, 73)=[>], (91, 32)=[◤], (39, 61)=[◣], (26, 81)=[◤], (89, 83)=[<], (93, 73)=[>], (27, 57)=[v], (14, 28)=[v]}
16 Jan 2025 22:25:13 GMT Zwierzę poruszyło się z (45, 13) na (45, 14)
16 Jan 2025 22:25:13 GMT Długość listy pozycji: 10
Lista pozycji zwierząt: {(45, 14)=[^], (98, 35)=[◥], (54, 73)=[>], (91, 32)=[◤], (39, 61)=[◣], (25, 81)=[<], (89, 83)=[<], (93, 73)=[>], (27, 57)=[v], (14, 28)=[v]}
16 Jan 2025 22:25:13 GMT Zwierzę poruszyło się z (26, 81) na (25, 81)
16 Jan 2025 22:25:14 GMT Długość listy pozycji: 10
Lista pozycji zwierząt: {(45, 14)=[^], (98, 35)=[◥], (54, 73)=[>], (91, 32)=[◤], (39, 61)=[◣], (25, 81)=[<], (89, 82)=[v], (93, 73)=[>], (27, 57)=[v], (14, 28)=[v]}
16 Jan 2025 22:25:14 GMT Zwierzę poruszyło się z (89, 83) na (89, 82)
16 Jan 2025 22:25:14 GMT Długość listy pozycji: 10
Lista pozycji zwierząt: {(45, 14)=[^], (98, 35)=[◥], (54, 73)=[>], (90, 32)=[<], (39, 61)=[◣], (25, 81)=[<], (89, 82)=[v], (93, 73)=[>], (27, 57)=[v], (14, 28)=[v]}
16 Jan 2025 22:25:14 GMT Zwierzę poruszyło się z (91, 32) na (90, 32)
16 Jan 2025 22:25:15 GMT Długość listy pozycji: 10
Lista pozycji zwierząt: {(99, 35)=[>], (45, 14)=[^], (54, 73)=[>], (90, 32)=[<], (39, 61)=[◣], (25, 81)=[<], (89, 82)=[v], (93, 73)=[>], (27, 57)=[v], (14, 28)=[v]}
16 Jan 2025 22:25:15 GMT Zwierzę poruszyło się z (98, 35) na (99, 35)
16 Jan 2025 22:25:15 GMT Długość listy pozycji: 10
Lista pozycji zwierząt: {(99, 35)=[>], (45, 14)=[^], (54, 72)=[v], (90, 32)=[<], (39, 61)=[◣], (25, 81)=[<], (89, 82)=[v], (93, 73)=[>], (27, 57)=[v], (14, 28)=[v]}
16 Jan 2025 22:25:15 GMT Zwierzę poruszyło się z (54, 73) na (54, 72)
16 Jan 2025 22:25:16 GMT Długość listy pozycji: 10
Lista pozycji zwierząt: {(14, 29)=[^], (99, 35)=[>], (45, 14)=[^], (54, 72)=[v], (90, 32)=[<], (39, 61)=[◣], (25, 81)=[<], (89, 82)=[v], (93, 73)=[>], (27, 57)=[v]}
16 Jan 2025 22:25:16 GMT Zwierzę poruszyło się z (14, 28) na (14, 29)
16 Jan 2025 22:25:16 GMT Długość listy pozycji: 10
Lista pozycji zwierząt: {(14, 29)=[^], (99, 35)=[>], (45, 14)=[^], (54, 72)=[v], (90, 32)=[<], (39, 61)=[◣], (25, 81)=[<], (89, 82)=[v], (93, 72)=[v], (27, 57)=[v]}
16 Jan 2025 22:25:16 GMT Zwierzę poruszyło się z (93, 73) na (93, 72)
16 Jan 2025 22:25:17 GMT Długość listy pozycji: 10
Lista pozycji zwierząt: {(14, 29)=[^], (99, 35)=[>], (45, 14)=[^], (54, 72)=[v], (40, 61)=[>], (90, 32)=[<], (25, 81)=[<], (89, 82)=[v], (93, 72)=[v], (27, 57)=[v]}
16 Jan 2025 22:25:17 GMT Zwierzę poruszyło się z (39, 61) na (40, 61)
16 Jan 2025 22:25:17 GMT Długość listy pozycji: 10
Lista pozycji zwierząt: {(27, 58)=[^], (14, 29)=[^], (99, 35)=[>], (45, 14)=[^], (54, 72)=[v], (40, 61)=[>], (90, 32)=[<], (25, 81)=[<], (89, 82)=[v], (93, 72)=[v]}
16 Jan 2025 22:25:17 GMT Zwierzę poruszyło się z (27, 57) na (27, 58)
16 Jan 2025 22:25:19 GMT Roślinka wyrosła na (43, 45)
16 Jan 2025 22:25:19 GMT Roślinka wyrosła na (33, 50)
16 Jan 2025 22:25:19 GMT Roślinka wyrosła na (61, 60)
16 Jan 2025 22:25:19 GMT Roślinka wyrosła na (28, 50)
16 Jan 2025 22:25:19 GMT Roślinka wyrosła na (37, 51)
16 Jan 2025 22:25:19 GMT Roślinka wyrosła na (45, 45)
16 Jan 2025 22:25:19 GMT Roślinka wyrosła na (84, 45)
16 Jan 2025 22:25:19 GMT Roślinka wyrosła na (18, 50)
16 Jan 2025 22:25:19 GMT Roślinka wyrosła na (34, 46)
16 Jan 2025 22:25:19 GMT Roślinka wyrosła na (26, 51)
16 Jan 2025 22:25:20 GMT Długość listy pozycji: 10
Lista pozycji zwierząt: {(27, 58)=[^], (14, 29)=[^], (45, 13)=[v], (99, 35)=[>], (54, 72)=[v], (40, 61)=[>], (90, 32)=[<], (25, 81)=[<], (89, 82)=[v], (93, 72)=[v]}
16 Jan 2025 22:25:20 GMT Zwierzę poruszyło się z (45, 14) na (45, 13)
16 Jan 2025 22:25:20 GMT Długość listy pozycji: 10
Lista pozycji zwierząt: {(27, 58)=[^], (14, 29)=[^], (45, 13)=[v], (99, 35)=[>], (54, 72)=[v], (40, 61)=[>], (90, 32)=[<], (24, 80)=[◣], (89, 82)=[v], (93, 72)=[v]}
16 Jan 2025 22:25:20 GMT Zwierzę poruszyło się z (25, 81) na (24, 80)
16 Jan 2025 22:25:21 GMT Długość listy pozycji: 10
Lista pozycji zwierząt: {(27, 58)=[^], (14, 29)=[^], (45, 13)=[v], (99, 35)=[>], (54, 72)=[v], (40, 61)=[>], (90, 32)=[<], (90, 82)=[>], (24, 80)=[◣], (93, 72)=[v]}
16 Jan 2025 22:25:21 GMT Zwierzę poruszyło się z (89, 82) na (90, 82)
16 Jan 2025 22:25:21 GMT Długość listy pozycji: 10
Lista pozycji zwierząt: {(27, 58)=[^], (14, 29)=[^], (45, 13)=[v], (99, 35)=[>], (54, 72)=[v], (40, 61)=[>], (89, 31)=[◣], (90, 82)=[>], (24, 80)=[◣], (93, 72)=[v]}
16 Jan 2025 22:25:21 GMT Zwierzę poruszyło się z (90, 32) na (89, 31)
16 Jan 2025 22:25:22 GMT Długość listy pozycji: 10
Lista pozycji zwierząt: {(27, 58)=[^], (14, 29)=[^], (45, 13)=[v], (0, 34)=[◢], (54, 72)=[v], (40, 61)=[>], (89, 31)=[◣], (90, 82)=[>], (24, 80)=[◣], (93, 72)=[v]}
16 Jan 2025 22:25:22 GMT Zwierzę poruszyło się z (99, 35) na (0, 34)
16 Jan 2025 22:25:22 GMT Długość listy pozycji: 10
Lista pozycji zwierząt: {(27, 58)=[^], (14, 29)=[^], (45, 13)=[v], (0, 34)=[◢], (53, 72)=[<], (40, 61)=[>], (89, 31)=[◣], (90, 82)=[>], (24, 80)=[◣], (93, 72)=[v]}
16 Jan 2025 22:25:22 GMT Zwierzę poruszyło się z (54, 72) na (53, 72)
16 Jan 2025 22:25:23 GMT Długość listy pozycji: 10
Lista pozycji zwierząt: {(27, 58)=[^], (45, 13)=[v], (0, 34)=[◢], (53, 72)=[<], (40, 61)=[>], (89, 31)=[◣], (90, 82)=[>], (24, 80)=[◣], (93, 72)=[v], (14, 28)=[v]}
16 Jan 2025 22:25:23 GMT Zwierzę poruszyło się z (14, 29) na (14, 28)
16 Jan 2025 22:25:23 GMT Długość listy pozycji: 10
Lista pozycji zwierząt: {(27, 58)=[^], (45, 13)=[v], (0, 34)=[◢], (53, 72)=[<], (40, 61)=[>], (89, 31)=[◣], (90, 82)=[>], (24, 80)=[◣], (92, 72)=[<], (14, 28)=[v]}
16 Jan 2025 22:25:23 GMT Zwierzę poruszyło się z (93, 72) na (92, 72)
16 Jan 2025 22:25:24 GMT Długość listy pozycji: 10
Lista pozycji zwierząt: {(27, 58)=[^], (45, 13)=[v], (0, 34)=[◢], (53, 72)=[<], (89, 31)=[◣], (39, 62)=[◤], (90, 82)=[>], (24, 80)=[◣], (92, 72)=[<], (14, 28)=[v]}
16 Jan 2025 22:25:24 GMT Zwierzę poruszyło się z (40, 61) na (39, 62)
16 Jan 2025 22:25:24 GMT Długość listy pozycji: 10
Lista pozycji zwierząt: {(45, 13)=[v], (0, 34)=[◢], (53, 72)=[<], (89, 31)=[◣], (39, 62)=[◤], (90, 82)=[>], (24, 80)=[◣], (92, 72)=[<], (27, 57)=[v], (14, 28)=[v]}
16 Jan 2025 22:25:24 GMT Zwierzę poruszyło się z (27, 58) na (27, 57)
16 Jan 2025 22:25:26 GMT Roślinka wyrosła na (85, 57)
16 Jan 2025 22:25:26 GMT Roślinka wyrosła na (83, 52)
16 Jan 2025 22:25:26 GMT Roślinka wyrosła na (30, 57)
16 Jan 2025 22:25:26 GMT Roślinka wyrosła na (65, 57)
16 Jan 2025 22:25:26 GMT Roślinka wyrosła na (52, 44)
16 Jan 2025 22:25:26 GMT Roślinka wyrosła na (57, 46)
16 Jan 2025 22:25:26 GMT Roślinka wyrosła na (49, 57)
16 Jan 2025 22:25:26 GMT Roślinka wyrosła na (34, 43)
16 Jan 2025 22:25:26 GMT Roślinka wyrosła na (64, 49)
16 Jan 2025 22:25:26 GMT Roślinka wyrosła na (96, 2)
16 Jan 2025 22:25:27 GMT Długość listy pozycji: 10
Lista pozycji zwierząt: {(45, 14)=[^], (0, 34)=[◢], (53, 72)=[<], (89, 31)=[◣], (39, 62)=[◤], (90, 82)=[>], (24, 80)=[◣], (92, 72)=[<], (27, 57)=[v], (14, 28)=[v]}
16 Jan 2025 22:25:27 GMT Zwierzę poruszyło się z (45, 13) na (45, 14)
16 Jan 2025 22:25:27 GMT Długość listy pozycji: 10
Lista pozycji zwierząt: {(45, 14)=[^], (0, 34)=[◢], (53, 72)=[<], (89, 31)=[◣], (24, 79)=[v], (39, 62)=[◤], (90, 82)=[>], (92, 72)=[<], (27, 57)=[v], (14, 28)=[v]}
16 Jan 2025 22:25:27 GMT Zwierzę poruszyło się z (24, 80) na (24, 79)
16 Jan 2025 22:25:28 GMT Długość listy pozycji: 10
Lista pozycji zwierząt: {(45, 14)=[^], (0, 34)=[◢], (53, 72)=[<], (89, 31)=[◣], (24, 79)=[v], (39, 62)=[◤], (90, 83)=[^], (92, 72)=[<], (27, 57)=[v], (14, 28)=[v]}
16 Jan 2025 22:25:28 GMT Zwierzę poruszyło się z (90, 82) na (90, 83)
16 Jan 2025 22:25:28 GMT Długość listy pozycji: 10
Lista pozycji zwierząt: {(45, 14)=[^], (0, 34)=[◢], (53, 72)=[<], (89, 30)=[v], (24, 79)=[v], (39, 62)=[◤], (90, 83)=[^], (92, 72)=[<], (27, 57)=[v], (14, 28)=[v]}
16 Jan 2025 22:25:28 GMT Zwierzę poruszyło się z (89, 31) na (89, 30)
16 Jan 2025 22:25:29 GMT Długość listy pozycji: 10
Lista pozycji zwierząt: {(0, 33)=[v], (45, 14)=[^], (53, 72)=[<], (89, 30)=[v], (24, 79)=[v], (39, 62)=[◤], (90, 83)=[^], (92, 72)=[<], (27, 57)=[v], (14, 28)=[v]}
16 Jan 2025 22:25:29 GMT Zwierzę poruszyło się z (0, 34) na (0, 33)
16 Jan 2025 22:25:29 GMT Długość listy pozycji: 10
Lista pozycji zwierząt: {(0, 33)=[v], (45, 14)=[^], (53, 73)=[^], (89, 30)=[v], (24, 79)=[v], (39, 62)=[◤], (90, 83)=[^], (92, 72)=[<], (27, 57)=[v], (14, 28)=[v]}
16 Jan 2025 22:25:29 GMT Zwierzę poruszyło się z (53, 72) na (53, 73)
16 Jan 2025 22:25:30 GMT Długość listy pozycji: 10
Lista pozycji zwierząt: {(14, 29)=[^], (0, 33)=[v], (45, 14)=[^], (53, 73)=[^], (89, 30)=[v], (24, 79)=[v], (39, 62)=[◤], (90, 83)=[^], (92, 72)=[<], (27, 57)=[v]}
16 Jan 2025 22:25:30 GMT Zwierzę poruszyło się z (14, 28) na (14, 29)
16 Jan 2025 22:25:30 GMT Długość listy pozycji: 10
Lista pozycji zwierząt: {(14, 29)=[^], (0, 33)=[v], (45, 14)=[^], (53, 73)=[^], (89, 30)=[v], (24, 79)=[v], (39, 62)=[◤], (90, 83)=[^], (92, 73)=[^], (27, 57)=[v]}
16 Jan 2025 22:25:30 GMT Zwierzę poruszyło się z (92, 72) na (92, 73)
16 Jan 2025 22:25:31 GMT Długość listy pozycji: 10
Lista pozycji zwierząt: {(14, 29)=[^], (0, 33)=[v], (45, 14)=[^], (53, 73)=[^], (89, 30)=[v], (39, 61)=[v], (24, 79)=[v], (90, 83)=[^], (92, 73)=[^], (27, 57)=[v]}
16 Jan 2025 22:25:31 GMT Zwierzę poruszyło się z (39, 62) na (39, 61)
16 Jan 2025 22:25:31 GMT Długość listy pozycji: 10
Lista pozycji zwierząt: {(27, 58)=[^], (14, 29)=[^], (0, 33)=[v], (45, 14)=[^], (53, 73)=[^], (89, 30)=[v], (39, 61)=[v], (24, 79)=[v], (90, 83)=[^], (92, 73)=[^]}
16 Jan 2025 22:25:31 GMT Zwierzę poruszyło się z (27, 57) na (27, 58)
16 Jan 2025 22:25:33 GMT Roślinka wyrosła na (12, 53)
16 Jan 2025 22:25:33 GMT Roślinka wyrosła na (67, 42)
16 Jan 2025 22:25:33 GMT Roślinka wyrosła na (33, 53)
16 Jan 2025 22:25:33 GMT Roślinka wyrosła na (38, 41)
16 Jan 2025 22:25:33 GMT Roślinka wyrosła na (71, 60)
16 Jan 2025 22:25:33 GMT Roślinka wyrosła na (43, 47)
16 Jan 2025 22:25:33 GMT Roślinka wyrosła na (69, 83)
16 Jan 2025 22:25:33 GMT Roślinka wyrosła na (86, 50)
16 Jan 2025 22:25:33 GMT Roślinka wyrosła na (20, 43)
16 Jan 2025 22:25:33 GMT Roślinka wyrosła na (89, 49)
16 Jan 2025 22:25:34 GMT Długość listy pozycji: 10
Lista pozycji zwierząt: {(27, 58)=[^], (14, 29)=[^], (45, 13)=[v], (0, 33)=[v], (53, 73)=[^], (89, 30)=[v], (39, 61)=[v], (24, 79)=[v], (90, 83)=[^], (92, 73)=[^]}
16 Jan 2025 22:25:34 GMT Zwierzę poruszyło się z (45, 14) na (45, 13)
16 Jan 2025 22:25:34 GMT Długość listy pozycji: 10
Lista pozycji zwierząt: {(27, 58)=[^], (14, 29)=[^], (45, 13)=[v], (0, 33)=[v], (53, 73)=[^], (25, 78)=[◢], (89, 30)=[v], (39, 61)=[v], (90, 83)=[^], (92, 73)=[^]}
16 Jan 2025 22:25:34 GMT Zwierzę poruszyło się z (24, 79) na (25, 78)
16 Jan 2025 22:25:35 GMT Długość listy pozycji: 10
Lista pozycji zwierząt: {(27, 58)=[^], (14, 29)=[^], (45, 13)=[v], (0, 33)=[v], (53, 73)=[^], (25, 78)=[◢], (89, 30)=[v], (39, 61)=[v], (89, 83)=[<], (92, 73)=[^]}
16 Jan 2025 22:25:35 GMT Zwierzę poruszyło się z (90, 83) na (89, 83)
16 Jan 2025 22:25:35 GMT Długość listy pozycji: 10
Lista pozycji zwierząt: {(27, 58)=[^], (14, 29)=[^], (45, 13)=[v], (0, 33)=[v], (90, 29)=[◢], (53, 73)=[^], (25, 78)=[◢], (39, 61)=[v], (89, 83)=[<], (92, 73)=[^]}
16 Jan 2025 22:25:35 GMT Zwierzę poruszyło się z (89, 30) na (90, 29)
16 Jan 2025 22:25:36 GMT Długość listy pozycji: 10
Lista pozycji zwierząt: {(27, 58)=[^], (14, 29)=[^], (45, 13)=[v], (90, 29)=[◢], (53, 73)=[^], (25, 78)=[◢], (39, 61)=[v], (89, 83)=[<], (99, 32)=[◣], (92, 73)=[^]}
16 Jan 2025 22:25:36 GMT Zwierzę poruszyło się z (0, 33) na (99, 32)
16 Jan 2025 22:25:36 GMT Długość listy pozycji: 10
Lista pozycji zwierząt: {(27, 58)=[^], (14, 29)=[^], (45, 13)=[v], (54, 73)=[>], (90, 29)=[◢], (25, 78)=[◢], (39, 61)=[v], (89, 83)=[<], (99, 32)=[◣], (92, 73)=[^]}
16 Jan 2025 22:25:36 GMT Zwierzę poruszyło się z (53, 73) na (54, 73)
16 Jan 2025 22:25:37 GMT Długość listy pozycji: 10
Lista pozycji zwierząt: {(27, 58)=[^], (45, 13)=[v], (54, 73)=[>], (90, 29)=[◢], (25, 78)=[◢], (39, 61)=[v], (89, 83)=[<], (99, 32)=[◣], (92, 73)=[^], (14, 28)=[v]}
16 Jan 2025 22:25:37 GMT Zwierzę poruszyło się z (14, 29) na (14, 28)
16 Jan 2025 22:25:37 GMT Długość listy pozycji: 10
Lista pozycji zwierząt: {(27, 58)=[^], (45, 13)=[v], (54, 73)=[>], (90, 29)=[◢], (25, 78)=[◢], (39, 61)=[v], (89, 83)=[<], (93, 73)=[>], (99, 32)=[◣], (14, 28)=[v]}
16 Jan 2025 22:25:37 GMT Zwierzę poruszyło się z (92, 73) na (93, 73)
16 Jan 2025 22:25:38 GMT Długość listy pozycji: 10
Lista pozycji zwierząt: {(27, 58)=[^], (45, 13)=[v], (54, 73)=[>], (90, 29)=[◢], (25, 78)=[◢], (40, 62)=[◥], (89, 83)=[<], (93, 73)=[>], (99, 32)=[◣], (14, 28)=[v]}
16 Jan 2025 22:25:38 GMT Zwierzę poruszyło się z (39, 61) na (40, 62)
16 Jan 2025 22:25:38 GMT Długość listy pozycji: 10
Lista pozycji zwierząt: {(45, 13)=[v], (54, 73)=[>], (90, 29)=[◢], (25, 78)=[◢], (40, 62)=[◥], (89, 83)=[<], (93, 73)=[>], (99, 32)=[◣], (27, 57)=[v], (14, 28)=[v]}
16 Jan 2025 22:25:38 GMT Zwierzę poruszyło się z (27, 58) na (27, 57)
16 Jan 2025 22:25:40 GMT Roślinka wyrosła na (67, 53)
16 Jan 2025 22:25:40 GMT Roślinka wyrosła na (36, 42)
16 Jan 2025 22:25:40 GMT Roślinka wyrosła na (63, 46)
16 Jan 2025 22:25:40 GMT Roślinka wyrosła na (14, 42)
16 Jan 2025 22:25:40 GMT Roślinka wyrosła na (8, 47)
16 Jan 2025 22:25:40 GMT Roślinka wyrosła na (92, 53)
16 Jan 2025 22:25:40 GMT Roślinka wyrosła na (64, 48)
16 Jan 2025 22:25:40 GMT Roślinka wyrosła na (62, 8)
16 Jan 2025 22:25:40 GMT Roślinka wyrosła na (33, 5)
16 Jan 2025 22:25:40 GMT Roślinka wyrosła na (54, 44)
16 Jan 2025 22:25:41 GMT Długość listy pozycji: 10
Lista pozycji zwierząt: {(45, 14)=[^], (54, 73)=[>], (90, 29)=[◢], (25, 78)=[◢], (40, 62)=[◥], (89, 83)=[<], (93, 73)=[>], (99, 32)=[◣], (27, 57)=[v], (14, 28)=[v]}
16 Jan 2025 22:25:41 GMT Zwierzę poruszyło się z (45, 13) na (45, 14)
16 Jan 2025 22:25:42 GMT Długość listy pozycji: 10
Lista pozycji zwierząt: {(45, 14)=[^], (54, 73)=[>], (90, 29)=[◢], (26, 78)=[>], (40, 62)=[◥], (89, 83)=[<], (93, 73)=[>], (99, 32)=[◣], (27, 57)=[v], (14, 28)=[v]}
16 Jan 2025 22:25:42 GMT Zwierzę poruszyło się z (25, 78) na (26, 78)
16 Jan 2025 22:25:42 GMT Długość listy pozycji: 10
Lista pozycji zwierząt: {(45, 14)=[^], (54, 73)=[>], (90, 29)=[◢], (26, 78)=[>], (40, 62)=[◥], (89, 82)=[v], (93, 73)=[>], (99, 32)=[◣], (27, 57)=[v], (14, 28)=[v]}
16 Jan 2025 22:25:42 GMT Zwierzę poruszyło się z (89, 83) na (89, 82)
16 Jan 2025 22:25:43 GMT Długość listy pozycji: 10
Lista pozycji zwierząt: {(45, 14)=[^], (91, 29)=[>], (54, 73)=[>], (26, 78)=[>], (40, 62)=[◥], (89, 82)=[v], (93, 73)=[>], (99, 32)=[◣], (27, 57)=[v], (14, 28)=[v]}
16 Jan 2025 22:25:43 GMT Zwierzę poruszyło się z (90, 29) na (91, 29)
16 Jan 2025 22:25:43 GMT Długość listy pozycji: 10
Lista pozycji zwierząt: {(45, 14)=[^], (91, 29)=[>], (54, 73)=[>], (26, 78)=[>], (40, 62)=[◥], (89, 82)=[v], (93, 73)=[>], (98, 32)=[<], (27, 57)=[v], (14, 28)=[v]}
16 Jan 2025 22:25:43 GMT Zwierzę poruszyło się z (99, 32) na (98, 32)
16 Jan 2025 22:25:44 GMT Długość listy pozycji: 10
Lista pozycji zwierząt: {(45, 14)=[^], (54, 72)=[v], (91, 29)=[>], (26, 78)=[>], (40, 62)=[◥], (89, 82)=[v], (93, 73)=[>], (98, 32)=[<], (27, 57)=[v], (14, 28)=[v]}
16 Jan 2025 22:25:44 GMT Zwierzę poruszyło się z (54, 73) na (54, 72)
16 Jan 2025 22:25:44 GMT Długość listy pozycji: 10
Lista pozycji zwierząt: {(14, 29)=[^], (45, 14)=[^], (54, 72)=[v], (91, 29)=[>], (26, 78)=[>], (40, 62)=[◥], (89, 82)=[v], (93, 73)=[>], (98, 32)=[<], (27, 57)=[v]}
16 Jan 2025 22:25:44 GMT Zwierzę poruszyło się z (14, 28) na (14, 29)
16 Jan 2025 22:25:45 GMT Długość listy pozycji: 10
Lista pozycji zwierząt: {(14, 29)=[^], (45, 14)=[^], (54, 72)=[v], (91, 29)=[>], (26, 78)=[>], (40, 62)=[◥], (89, 82)=[v], (93, 72)=[v], (98, 32)=[<], (27, 57)=[v]}
16 Jan 2025 22:25:45 GMT Zwierzę poruszyło się z (93, 73) na (93, 72)
16 Jan 2025 22:25:45 GMT Długość listy pozycji: 10
Lista pozycji zwierząt: {(14, 29)=[^], (45, 14)=[^], (54, 72)=[v], (91, 29)=[>], (26, 78)=[>], (39, 62)=[<], (89, 82)=[v], (93, 72)=[v], (98, 32)=[<], (27, 57)=[v]}
16 Jan 2025 22:25:45 GMT Zwierzę poruszyło się z (40, 62) na (39, 62)
16 Jan 2025 22:25:46 GMT Długość listy pozycji: 10
Lista pozycji zwierząt: {(27, 58)=[^], (14, 29)=[^], (45, 14)=[^], (54, 72)=[v], (91, 29)=[>], (26, 78)=[>], (39, 62)=[<], (89, 82)=[v], (93, 72)=[v], (98, 32)=[<]}
16 Jan 2025 22:25:46 GMT Zwierzę poruszyło się z (27, 57) na (27, 58)
16 Jan 2025 22:25:47 GMT Roślinka wyrosła na (56, 42)
16 Jan 2025 22:25:47 GMT Roślinka wyrosła na (73, 57)
16 Jan 2025 22:25:47 GMT Roślinka wyrosła na (10, 41)
16 Jan 2025 22:25:47 GMT Roślinka wyrosła na (40, 54)
16 Jan 2025 22:25:47 GMT Roślinka wyrosła na (1, 91)
16 Jan 2025 22:25:47 GMT Roślinka wyrosła na (5, 50)
16 Jan 2025 22:25:47 GMT Roślinka wyrosła na (85, 99)
16 Jan 2025 22:25:47 GMT Roślinka wyrosła na (18, 46)
16 Jan 2025 22:25:47 GMT Roślinka wyrosła na (13, 43)
16 Jan 2025 22:25:47 GMT Roślinka wyrosła na (20, 41)
16 Jan 2025 22:25:48 GMT Długość listy pozycji: 10
Lista pozycji zwierząt: {(27, 58)=[^], (14, 29)=[^], (45, 13)=[v], (54, 72)=[v], (91, 29)=[>], (26, 78)=[>], (39, 62)=[<], (89, 82)=[v], (93, 72)=[v], (98, 32)=[<]}
16 Jan 2025 22:25:48 GMT Zwierzę poruszyło się z (45, 14) na (45, 13)
16 Jan 2025 22:25:49 GMT Długość listy pozycji: 10
Lista pozycji zwierząt: {(27, 58)=[^], (14, 29)=[^], (45, 13)=[v], (54, 72)=[v], (91, 29)=[>], (27, 79)=[◥], (39, 62)=[<], (89, 82)=[v], (93, 72)=[v], (98, 32)=[<]}
16 Jan 2025 22:25:49 GMT Zwierzę poruszyło się z (26, 78) na (27, 79)
16 Jan 2025 22:25:49 GMT Długość listy pozycji: 10
Lista pozycji zwierząt: {(27, 58)=[^], (14, 29)=[^], (45, 13)=[v], (54, 72)=[v], (91, 29)=[>], (27, 79)=[◥], (39, 62)=[<], (90, 82)=[>], (93, 72)=[v], (98, 32)=[<]}
16 Jan 2025 22:25:49 GMT Zwierzę poruszyło się z (89, 82) na (90, 82)
16 Jan 2025 22:25:50 GMT Długość listy pozycji: 10
Lista pozycji zwierząt: {(27, 58)=[^], (14, 29)=[^], (45, 13)=[v], (92, 30)=[◥], (54, 72)=[v], (27, 79)=[◥], (39, 62)=[<], (90, 82)=[>], (93, 72)=[v], (98, 32)=[<]}
16 Jan 2025 22:25:50 GMT Zwierzę poruszyło się z (91, 29) na (92, 30)
16 Jan 2025 22:25:50 GMT Długość listy pozycji: 10
Lista pozycji zwierząt: {(27, 58)=[^], (14, 29)=[^], (97, 33)=[◤], (45, 13)=[v], (92, 30)=[◥], (54, 72)=[v], (27, 79)=[◥], (39, 62)=[<], (90, 82)=[>], (93, 72)=[v]}
16 Jan 2025 22:25:50 GMT Zwierzę poruszyło się z (98, 32) na (97, 33)
16 Jan 2025 22:25:51 GMT Długość listy pozycji: 10
Lista pozycji zwierząt: {(27, 58)=[^], (14, 29)=[^], (97, 33)=[◤], (45, 13)=[v], (92, 30)=[◥], (53, 72)=[<], (27, 79)=[◥], (39, 62)=[<], (90, 82)=[>], (93, 72)=[v]}
16 Jan 2025 22:25:51 GMT Zwierzę poruszyło się z (54, 72) na (53, 72)
16 Jan 2025 22:25:51 GMT Długość listy pozycji: 10
Lista pozycji zwierząt: {(27, 58)=[^], (97, 33)=[◤], (45, 13)=[v], (92, 30)=[◥], (53, 72)=[<], (27, 79)=[◥], (39, 62)=[<], (90, 82)=[>], (93, 72)=[v], (14, 28)=[v]}
16 Jan 2025 22:25:51 GMT Zwierzę poruszyło się z (14, 29) na (14, 28)
16 Jan 2025 22:25:52 GMT Długość listy pozycji: 10
Lista pozycji zwierząt: {(27, 58)=[^], (97, 33)=[◤], (45, 13)=[v], (92, 30)=[◥], (53, 72)=[<], (27, 79)=[◥], (39, 62)=[<], (90, 82)=[>], (92, 72)=[<], (14, 28)=[v]}
16 Jan 2025 22:25:52 GMT Zwierzę poruszyło się z (93, 72) na (92, 72)
16 Jan 2025 22:25:52 GMT Długość listy pozycji: 10
Lista pozycji zwierząt: {(27, 58)=[^], (97, 33)=[◤], (45, 13)=[v], (92, 30)=[◥], (53, 72)=[<], (27, 79)=[◥], (40, 61)=[◢], (90, 82)=[>], (92, 72)=[<], (14, 28)=[v]}
16 Jan 2025 22:25:52 GMT Zwierzę poruszyło się z (39, 62) na (40, 61)
16 Jan 2025 22:25:53 GMT Długość listy pozycji: 10
Lista pozycji zwierząt: {(97, 33)=[◤], (45, 13)=[v], (92, 30)=[◥], (53, 72)=[<], (27, 79)=[◥], (40, 61)=[◢], (90, 82)=[>], (92, 72)=[<], (27, 57)=[v], (14, 28)=[v]}
16 Jan 2025 22:25:53 GMT Zwierzę poruszyło się z (27, 58) na (27, 57)
16 Jan 2025 22:25:54 GMT Roślinka wyrosła na (78, 49)
16 Jan 2025 22:25:54 GMT Roślinka wyrosła na (68, 57)
16 Jan 2025 22:25:54 GMT Roślinka wyrosła na (36, 59)
16 Jan 2025 22:25:54 GMT Roślinka wyrosła na (99, 8)
16 Jan 2025 22:25:54 GMT Roślinka wyrosła na (2, 41)
16 Jan 2025 22:25:54 GMT Roślinka wyrosła na (53, 45)
16 Jan 2025 22:25:54 GMT Roślinka wyrosła na (16, 59)
16 Jan 2025 22:25:54 GMT Roślinka wyrosła na (13, 55)
16 Jan 2025 22:25:54 GMT Roślinka wyrosła na (75, 53)
16 Jan 2025 22:25:54 GMT Roślinka wyrosła na (17, 52)
16 Jan 2025 22:25:55 GMT Długość listy pozycji: 10
Lista pozycji zwierząt: {(97, 33)=[◤], (45, 14)=[^], (92, 30)=[◥], (53, 72)=[<], (27, 79)=[◥], (40, 61)=[◢], (90, 82)=[>], (92, 72)=[<], (27, 57)=[v], (14, 28)=[v]}
16 Jan 2025 22:25:55 GMT Zwierzę poruszyło się z (45, 13) na (45, 14)
16 Jan 2025 22:25:56 GMT Długość listy pozycji: 10
Lista pozycji zwierząt: {(97, 33)=[◤], (45, 14)=[^], (92, 30)=[◥], (53, 72)=[<], (27, 80)=[^], (40, 61)=[◢], (90, 82)=[>], (92, 72)=[<], (27, 57)=[v], (14, 28)=[v]}
16 Jan 2025 22:25:56 GMT Zwierzę poruszyło się z (27, 79) na (27, 80)
16 Jan 2025 22:25:56 GMT Długość listy pozycji: 10
Lista pozycji zwierząt: {(97, 33)=[◤], (45, 14)=[^], (92, 30)=[◥], (53, 72)=[<], (27, 80)=[^], (40, 61)=[◢], (90, 83)=[^], (92, 72)=[<], (27, 57)=[v], (14, 28)=[v]}
16 Jan 2025 22:25:56 GMT Zwierzę poruszyło się z (90, 82) na (90, 83)
16 Jan 2025 22:25:57 GMT Długość listy pozycji: 10
Lista pozycji zwierząt: {(97, 33)=[◤], (45, 14)=[^], (92, 31)=[^], (53, 72)=[<], (27, 80)=[^], (40, 61)=[◢], (90, 83)=[^], (92, 72)=[<], (27, 57)=[v], (14, 28)=[v]}
16 Jan 2025 22:25:57 GMT Zwierzę poruszyło się z (92, 30) na (92, 31)
16 Jan 2025 22:25:57 GMT Długość listy pozycji: 10
Lista pozycji zwierząt: {(97, 34)=[^], (45, 14)=[^], (92, 31)=[^], (53, 72)=[<], (27, 80)=[^], (40, 61)=[◢], (90, 83)=[^], (92, 72)=[<], (27, 57)=[v], (14, 28)=[v]}
16 Jan 2025 22:25:57 GMT Zwierzę poruszyło się z (97, 33) na (97, 34)
16 Jan 2025 22:25:58 GMT Długość listy pozycji: 10
Lista pozycji zwierząt: {(97, 34)=[^], (45, 14)=[^], (92, 31)=[^], (53, 73)=[^], (27, 80)=[^], (40, 61)=[◢], (90, 83)=[^], (92, 72)=[<], (27, 57)=[v], (14, 28)=[v]}
16 Jan 2025 22:25:58 GMT Zwierzę poruszyło się z (53, 72) na (53, 73)
16 Jan 2025 22:25:58 GMT Długość listy pozycji: 10
Lista pozycji zwierząt: {(14, 29)=[^], (97, 34)=[^], (45, 14)=[^], (92, 31)=[^], (53, 73)=[^], (27, 80)=[^], (40, 61)=[◢], (90, 83)=[^], (92, 72)=[<], (27, 57)=[v]}
16 Jan 2025 22:25:58 GMT Zwierzę poruszyło się z (14, 28) na (14, 29)
16 Jan 2025 22:25:59 GMT Długość listy pozycji: 10
Lista pozycji zwierząt: {(14, 29)=[^], (97, 34)=[^], (45, 14)=[^], (92, 31)=[^], (53, 73)=[^], (27, 80)=[^], (40, 61)=[◢], (90, 83)=[^], (92, 73)=[^], (27, 57)=[v]}
16 Jan 2025 22:25:59 GMT Zwierzę poruszyło się z (92, 72) na (92, 73)
16 Jan 2025 22:25:59 GMT Długość listy pozycji: 10
Lista pozycji zwierząt: {(14, 29)=[^], (97, 34)=[^], (45, 14)=[^], (92, 31)=[^], (53, 73)=[^], (27, 80)=[^], (40, 62)=[^], (90, 83)=[^], (92, 73)=[^], (27, 57)=[v]}
16 Jan 2025 22:25:59 GMT Zwierzę poruszyło się z (40, 61) na (40, 62)
16 Jan 2025 22:26:00 GMT Długość listy pozycji: 10
Lista pozycji zwierząt: {(27, 58)=[^], (14, 29)=[^], (97, 34)=[^], (45, 14)=[^], (92, 31)=[^], (53, 73)=[^], (27, 80)=[^], (40, 62)=[^], (90, 83)=[^], (92, 73)=[^]}
16 Jan 2025 22:26:00 GMT Zwierzę poruszyło się z (27, 57) na (27, 58)
16 Jan 2025 22:26:01 GMT Roślinka wyrosła na (13, 72)
16 Jan 2025 22:26:01 GMT Roślinka wyrosła na (67, 50)
16 Jan 2025 22:26:01 GMT Roślinka wyrosła na (21, 60)
16 Jan 2025 22:26:01 GMT Roślinka wyrosła na (40, 14)
16 Jan 2025 22:26:01 GMT Roślinka wyrosła na (46, 45)
16 Jan 2025 22:26:01 GMT Roślinka wyrosła na (38, 53)
16 Jan 2025 22:26:01 GMT Roślinka wyrosła na (92, 92)
16 Jan 2025 22:26:01 GMT Roślinka wyrosła na (86, 48)
16 Jan 2025 22:26:01 GMT Roślinka wyrosła na (74, 58)
16 Jan 2025 22:26:01 GMT Roślinka wyrosła na (21, 2)
16 Jan 2025 22:26:02 GMT Długość listy pozycji: 10
Lista pozycji zwierząt: {(27, 58)=[^], (14, 29)=[^], (45, 13)=[v], (97, 34)=[^], (92, 31)=[^], (53, 73)=[^], (27, 80)=[^], (40, 62)=[^], (90, 83)=[^], (92, 73)=[^]}
16 Jan 2025 22:26:03 GMT Zwierzę poruszyło się z (45, 14) na (45, 13)
16 Jan 2025 22:26:03 GMT Długość listy pozycji: 10
Lista pozycji zwierząt: {(27, 58)=[^], (14, 29)=[^], (45, 13)=[v], (97, 34)=[^], (92, 31)=[^], (53, 73)=[^], (40, 62)=[^], (26, 81)=[◤], (90, 83)=[^], (92, 73)=[^]}
16 Jan 2025 22:26:03 GMT Zwierzę poruszyło się z (27, 80) na (26, 81)
16 Jan 2025 22:26:04 GMT Długość listy pozycji: 10
Lista pozycji zwierząt: {(27, 58)=[^], (14, 29)=[^], (45, 13)=[v], (97, 34)=[^], (92, 31)=[^], (53, 73)=[^], (40, 62)=[^], (26, 81)=[◤], (89, 83)=[<], (92, 73)=[^]}
16 Jan 2025 22:26:04 GMT Zwierzę poruszyło się z (90, 83) na (89, 83)
16 Jan 2025 22:26:04 GMT Długość listy pozycji: 10
Lista pozycji zwierząt: {(27, 58)=[^], (14, 29)=[^], (45, 13)=[v], (97, 34)=[^], (53, 73)=[^], (91, 32)=[◤], (40, 62)=[^], (26, 81)=[◤], (89, 83)=[<], (92, 73)=[^]}
16 Jan 2025 22:26:04 GMT Zwierzę poruszyło się z (92, 31) na (91, 32)
16 Jan 2025 22:26:05 GMT Długość listy pozycji: 10
Lista pozycji zwierząt: {(27, 58)=[^], (14, 29)=[^], (45, 13)=[v], (98, 35)=[◥], (53, 73)=[^], (91, 32)=[◤], (40, 62)=[^], (26, 81)=[◤], (89, 83)=[<], (92, 73)=[^]}
16 Jan 2025 22:26:05 GMT Zwierzę poruszyło się z (97, 34) na (98, 35)
16 Jan 2025 22:26:05 GMT Długość listy pozycji: 10
Lista pozycji zwierząt: {(27, 58)=[^], (14, 29)=[^], (45, 13)=[v], (98, 35)=[◥], (54, 73)=[>], (91, 32)=[◤], (40, 62)=[^], (26, 81)=[◤], (89, 83)=[<], (92, 73)=[^]}
16 Jan 2025 22:26:05 GMT Zwierzę poruszyło się z (53, 73) na (54, 73)
16 Jan 2025 22:26:06 GMT Długość listy pozycji: 10
Lista pozycji zwierząt: {(27, 58)=[^], (45, 13)=[v], (98, 35)=[◥], (54, 73)=[>], (91, 32)=[◤], (40, 62)=[^], (26, 81)=[◤], (89, 83)=[<], (92, 73)=[^], (14, 28)=[v]}
16 Jan 2025 22:26:06 GMT Zwierzę poruszyło się z (14, 29) na (14, 28)
16 Jan 2025 22:26:06 GMT Długość listy pozycji: 10
Lista pozycji zwierząt: {(27, 58)=[^], (45, 13)=[v], (98, 35)=[◥], (54, 73)=[>], (91, 32)=[◤], (40, 62)=[^], (26, 81)=[◤], (89, 83)=[<], (93, 73)=[>], (14, 28)=[v]}
16 Jan 2025 22:26:06 GMT Zwierzę poruszyło się z (92, 73) na (93, 73)
16 Jan 2025 22:26:07 GMT Długość listy pozycji: 10
Lista pozycji zwierząt: {(27, 58)=[^], (45, 13)=[v], (98, 35)=[◥], (54, 73)=[>], (91, 32)=[◤], (39, 61)=[◣], (26, 81)=[◤], (89, 83)=[<], (93, 73)=[>], (14, 28)=[v]}
16 Jan 2025 22:26:07 GMT Zwierzę poruszyło się z (40, 62) na (39, 61)
16 Jan 2025 22:26:07 GMT Długość listy pozycji: 10
Lista pozycji zwierząt: {(45, 13)=[v], (98, 35)=[◥], (54, 73)=[>], (91, 32)=[◤], (39, 61)=[◣], (26, 81)=[◤], (89, 83)=[<], (93, 73)=[>], (27, 57)=[v], (14, 28)=[v]}
16 Jan 2025 22:26:07 GMT Zwierzę poruszyło się z (27, 58) na (27, 57)
16 Jan 2025 22:26:09 GMT Roślinka wyrosła na (89, 46)
16 Jan 2025 22:26:09 GMT Roślinka wyrosła na (91, 51)
16 Jan 2025 22:26:09 GMT Roślinka wyrosła na (33, 55)
16 Jan 2025 22:26:09 GMT Roślinka wyrosła na (18, 57)
16 Jan 2025 22:26:09 GMT Roślinka wyrosła na (98, 43)
16 Jan 2025 22:26:09 GMT Roślinka wyrosła na (78, 53)
16 Jan 2025 22:26:09 GMT Roślinka wyrosła na (61, 42)
16 Jan 2025 22:26:09 GMT Roślinka wyrosła na (7, 41)
16 Jan 2025 22:26:09 GMT Roślinka wyrosła na (14, 41)
16 Jan 2025 22:26:09 GMT Roślinka wyrosła na (60, 49)
16 Jan 2025 22:26:10 GMT Długość listy pozycji: 10
Lista pozycji zwierząt: {(45, 14)=[^], (98, 35)=[◥], (54, 73)=[>], (91, 32)=[◤], (39, 61)=[◣], (26, 81)=[◤], (89, 83)=[<], (93, 73)=[>], (27, 57)=[v], (14, 28)=[v]}
16 Jan 2025 22:26:10 GMT Zwierzę poruszyło się z (45, 13) na (45, 14)
16 Jan 2025 22:26:10 GMT Długość listy pozycji: 10
Lista pozycji zwierząt: {(45, 14)=[^], (98, 35)=[◥], (54, 73)=[>], (91, 32)=[◤], (39, 61)=[◣], (25, 81)=[<], (89, 83)=[<], (93, 73)=[>], (27, 57)=[v], (14, 28)=[v]}
16 Jan 2025 22:26:10 GMT Zwierzę poruszyło się z (26, 81) na (25, 81)
16 Jan 2025 22:26:11 GMT Długość listy pozycji: 10
Lista pozycji zwierząt: {(45, 14)=[^], (98, 35)=[◥], (54, 73)=[>], (91, 32)=[◤], (39, 61)=[◣], (25, 81)=[<], (89, 82)=[v], (93, 73)=[>], (27, 57)=[v], (14, 28)=[v]}
16 Jan 2025 22:26:11 GMT Zwierzę poruszyło się z (89, 83) na (89, 82)
16 Jan 2025 22:26:11 GMT Długość listy pozycji: 10
Lista pozycji zwierząt: {(45, 14)=[^], (98, 35)=[◥], (54, 73)=[>], (90, 32)=[<], (39, 61)=[◣], (25, 81)=[<], (89, 82)=[v], (93, 73)=[>], (27, 57)=[v], (14, 28)=[v]}
16 Jan 2025 22:26:11 GMT Zwierzę poruszyło się z (91, 32) na (90, 32)
16 Jan 2025 22:26:12 GMT Długość listy pozycji: 10
Lista pozycji zwierząt: {(99, 35)=[>], (45, 14)=[^], (54, 73)=[>], (90, 32)=[<], (39, 61)=[◣], (25, 81)=[<], (89, 82)=[v], (93, 73)=[>], (27, 57)=[v], (14, 28)=[v]}
16 Jan 2025 22:26:12 GMT Zwierzę poruszyło się z (98, 35) na (99, 35)
16 Jan 2025 22:26:12 GMT Długość listy pozycji: 10
Lista pozycji zwierząt: {(99, 35)=[>], (45, 14)=[^], (54, 72)=[v], (90, 32)=[<], (39, 61)=[◣], (25, 81)=[<], (89, 82)=[v], (93, 73)=[>], (27, 57)=[v], (14, 28)=[v]}
16 Jan 2025 22:26:12 GMT Zwierzę poruszyło się z (54, 73) na (54, 72)
16 Jan 2025 22:26:13 GMT Długość listy pozycji: 10
Lista pozycji zwierząt: {(14, 29)=[^], (99, 35)=[>], (45, 14)=[^], (54, 72)=[v], (90, 32)=[<], (39, 61)=[◣], (25, 81)=[<], (89, 82)=[v], (93, 73)=[>], (27, 57)=[v]}
16 Jan 2025 22:26:13 GMT Zwierzę poruszyło się z (14, 28) na (14, 29)
16 Jan 2025 22:26:13 GMT Długość listy pozycji: 10
Lista pozycji zwierząt: {(14, 29)=[^], (99, 35)=[>], (45, 14)=[^], (54, 72)=[v], (90, 32)=[<], (39, 61)=[◣], (25, 81)=[<], (89, 82)=[v], (93, 72)=[v], (27, 57)=[v]}
16 Jan 2025 22:26:13 GMT Zwierzę poruszyło się z (93, 73) na (93, 72)
16 Jan 2025 22:26:14 GMT Długość listy pozycji: 10
Lista pozycji zwierząt: {(14, 29)=[^], (99, 35)=[>], (45, 14)=[^], (54, 72)=[v], (40, 61)=[>], (90, 32)=[<], (25, 81)=[<], (89, 82)=[v], (93, 72)=[v], (27, 57)=[v]}
16 Jan 2025 22:26:14 GMT Zwierzę poruszyło się z (39, 61) na (40, 61)
16 Jan 2025 22:26:14 GMT Długość listy pozycji: 10
Lista pozycji zwierząt: {(27, 58)=[^], (14, 29)=[^], (99, 35)=[>], (45, 14)=[^], (54, 72)=[v], (40, 61)=[>], (90, 32)=[<], (25, 81)=[<], (89, 82)=[v], (93, 72)=[v]}
16 Jan 2025 22:26:14 GMT Zwierzę poruszyło się z (27, 57) na (27, 58)
16 Jan 2025 22:26:16 GMT Roślinka wyrosła na (27, 53)
16 Jan 2025 22:26:16 GMT Roślinka wyrosła na (62, 58)
16 Jan 2025 22:26:16 GMT Roślinka wyrosła na (90, 43)
16 Jan 2025 22:26:16 GMT Roślinka wyrosła na (17, 51)
16 Jan 2025 22:26:16 GMT Roślinka wyrosła na (30, 44)
16 Jan 2025 22:26:16 GMT Roślinka wyrosła na (3, 47)
16 Jan 2025 22:26:16 GMT Roślinka wyrosła na (28, 46)
16 Jan 2025 22:26:16 GMT Roślinka wyrosła na (60, 51)
16 Jan 2025 22:26:16 GMT Roślinka wyrosła na (6, 42)
16 Jan 2025 22:26:16 GMT Roślinka wyrosła na (93, 47)
16 Jan 2025 22:26:17 GMT Długość listy pozycji: 10
Lista pozycji zwierząt: {(27, 58)=[^], (14, 29)=[^], (45, 13)=[v], (99, 35)=[>], (54, 72)=[v], (40, 61)=[>], (90, 32)=[<], (25, 81)=[<], (89, 82)=[v], (93, 72)=[v]}
16 Jan 2025 22:26:17 GMT Zwierzę poruszyło się z (45, 14) na (45, 13)
16 Jan 2025 22:26:18 GMT Długość listy pozycji: 10
Lista pozycji zwierząt: {(27, 58)=[^], (14, 29)=[^], (45, 13)=[v], (99, 35)=[>], (54, 72)=[v], (40, 61)=[>], (90, 32)=[<], (24, 80)=[◣], (89, 82)=[v], (93, 72)=[v]}
16 Jan 2025 22:26:18 GMT Zwierzę poruszyło się z (25, 81) na (24, 80)
16 Jan 2025 22:26:19 GMT Długość listy pozycji: 10
Lista pozycji zwierząt: {(27, 58)=[^], (14, 29)=[^], (45, 13)=[v], (99, 35)=[>], (54, 72)=[v], (40, 61)=[>], (90, 32)=[<], (90, 82)=[>], (24, 80)=[◣], (93, 72)=[v]}
16 Jan 2025 22:26:19 GMT Zwierzę poruszyło się z (89, 82) na (90, 82)
16 Jan 2025 22:26:19 GMT Długość listy pozycji: 10
Lista pozycji zwierząt: {(27, 58)=[^], (14, 29)=[^], (45, 13)=[v], (99, 35)=[>], (54, 72)=[v], (40, 61)=[>], (89, 31)=[◣], (90, 82)=[>], (24, 80)=[◣], (93, 72)=[v]}
16 Jan 2025 22:26:19 GMT Zwierzę poruszyło się z (90, 32) na (89, 31)
16 Jan 2025 22:26:20 GMT Długość listy pozycji: 10
Lista pozycji zwierząt: {(27, 58)=[^], (14, 29)=[^], (45, 13)=[v], (0, 34)=[◢], (54, 72)=[v], (40, 61)=[>], (89, 31)=[◣], (90, 82)=[>], (24, 80)=[◣], (93, 72)=[v]}
16 Jan 2025 22:26:20 GMT Zwierzę poruszyło się z (99, 35) na (0, 34)
16 Jan 2025 22:26:20 GMT Długość listy pozycji: 10
Lista pozycji zwierząt: {(27, 58)=[^], (14, 29)=[^], (45, 13)=[v], (0, 34)=[◢], (53, 72)=[<], (40, 61)=[>], (89, 31)=[◣], (90, 82)=[>], (24, 80)=[◣], (93, 72)=[v]}
16 Jan 2025 22:26:20 GMT Zwierzę poruszyło się z (54, 72) na (53, 72)
16 Jan 2025 22:26:21 GMT Długość listy pozycji: 10
Lista pozycji zwierząt: {(27, 58)=[^], (45, 13)=[v], (0, 34)=[◢], (53, 72)=[<], (40, 61)=[>], (89, 31)=[◣], (90, 82)=[>], (24, 80)=[◣], (93, 72)=[v], (14, 28)=[v]}
16 Jan 2025 22:26:21 GMT Zwierzę poruszyło się z (14, 29) na (14, 28)
16 Jan 2025 22:26:21 GMT Długość listy pozycji: 10
Lista pozycji zwierząt: {(27, 58)=[^], (45, 13)=[v], (0, 34)=[◢], (53, 72)=[<], (40, 61)=[>], (89, 31)=[◣], (90, 82)=[>], (24, 80)=[◣], (92, 72)=[<], (14, 28)=[v]}
16 Jan 2025 22:26:21 GMT Zwierzę poruszyło się z (93, 72) na (92, 72)
16 Jan 2025 22:26:22 GMT Długość listy pozycji: 10
Lista pozycji zwierząt: {(27, 58)=[^], (45, 13)=[v], (0, 34)=[◢], (53, 72)=[<], (89, 31)=[◣], (39, 62)=[◤], (90, 82)=[>], (24, 80)=[◣], (92, 72)=[<], (14, 28)=[v]}
16 Jan 2025 22:26:22 GMT Zwierzę poruszyło się z (40, 61) na (39, 62)
16 Jan 2025 22:26:22 GMT Długość listy pozycji: 10
Lista pozycji zwierząt: {(45, 13)=[v], (0, 34)=[◢], (53, 72)=[<], (89, 31)=[◣], (39, 62)=[◤], (90, 82)=[>], (24, 80)=[◣], (92, 72)=[<], (27, 57)=[v], (14, 28)=[v]}
16 Jan 2025 22:26:22 GMT Zwierzę poruszyło się z (27, 58) na (27, 57)
16 Jan 2025 22:26:24 GMT Roślinka wyrosła na (34, 35)
16 Jan 2025 22:26:24 GMT Roślinka wyrosła na (96, 47)
16 Jan 2025 22:26:24 GMT Roślinka wyrosła na (62, 60)
16 Jan 2025 22:26:24 GMT Roślinka wyrosła na (0, 59)
16 Jan 2025 22:26:24 GMT Roślinka wyrosła na (90, 53)
16 Jan 2025 22:26:24 GMT Roślinka wyrosła na (30, 46)
16 Jan 2025 22:26:24 GMT Roślinka wyrosła na (82, 54)
16 Jan 2025 22:26:24 GMT Roślinka wyrosła na (76, 57)
16 Jan 2025 22:26:24 GMT Roślinka wyrosła na (58, 60)
16 Jan 2025 22:26:24 GMT Roślinka wyrosła na (11, 44)
16 Jan 2025 22:26:24 GMT Zwierzę umarło na (45, 13)
16 Jan 2025 22:26:24 GMT Zwierzę umarło na (24, 80)
16 Jan 2025 22:26:24 GMT Zwierzę umarło na (90, 82)
16 Jan 2025 22:26:24 GMT Zwierzę umarło na (89, 31)
16 Jan 2025 22:26:24 GMT Zwierzę umarło na (0, 34)
16 Jan 2025 22:26:24 GMT Zwierzę umarło na (53, 72)
16 Jan 2025 22:26:24 GMT Zwierzę umarło na (14, 28)
16 Jan 2025 22:26:24 GMT Zwierzę umarło na (92, 72)
16 Jan 2025 22:26:24 GMT Zwierzę umarło na (39, 62)
16 Jan 2025 22:26:24 GMT Zwierzę umarło na (27, 57)
16 Jan 2025 22:26:26 GMT Roślinka wyrosła na (57, 57)
16 Jan 2025 22:26:26 GMT Roślinka wyrosła na (86, 55)
16 Jan 2025 22:26:26 GMT Roślinka wyrosła na (42, 48)
16 Jan 2025 22:26:26 GMT Roślinka wyrosła na (2, 50)
16 Jan 2025 22:26:26 GMT Roślinka wyrosła na (78, 41)
16 Jan 2025 22:26:26 GMT Roślinka wyrosła na (36, 49)
16 Jan 2025 22:26:26 GMT Roślinka wyrosła na (57, 49)
16 Jan 2025 22:26:26 GMT Roślinka wyrosła na (80, 53)
16 Jan 2025 22:26:26 GMT Roślinka wyrosła na (44, 55)
16 Jan 2025 22:26:26 GMT Roślinka wyrosła na (7, 51)
