19 Jan 2025 00:23:22 GMT Zwierze zostało położone na (9, 3)
19 Jan 2025 00:23:22 GMT Zwierze zostało położone na (4, 4)
19 Jan 2025 00:23:22 GMT Zwierze zostało położone na (6, 1)
19 Jan 2025 00:23:22 GMT Zwierze zostało położone na (2, 8)
19 Jan 2025 00:23:22 GMT Zwierze zostało położone na (8, 9)
19 Jan 2025 00:23:22 GMT Zwierze zostało położone na (2, 7)
19 Jan 2025 00:23:23 GMT Zwierze zostało położone na (0, 4)
19 Jan 2025 00:23:23 GMT Zwierze zostało położone na (2, 9)
19 Jan 2025 00:23:23 GMT Zwierze zostało położone na (3, 9)
19 Jan 2025 00:23:23 GMT Zwierze zostało położone na (5, 8)
19 Jan 2025 00:23:23 GMT Długość listy pozycji: 10
Lista pozycji zwierząt: {(4, 4)=[^], (8, 9)=[◥], (5, 8)=[>], (0, 4)=[◥], (2, 7)=[◣], (3, 9)=[◤], (2, 8)=[<], (2, 9)=[◣], (9, 3)=[v], (6, 1)=[◣]}
19 Jan 2025 00:23:23 GMT Zwierzę poruszyło się z (9, 3) na (9, 3)
19 Jan 2025 00:23:23 GMT Długość listy pozycji: 10
Lista pozycji zwierząt: {(4, 4)=[^], (8, 9)=[◥], (5, 8)=[>], (0, 4)=[◥], (2, 7)=[◣], (3, 9)=[◤], (2, 8)=[<], (2, 9)=[◣], (9, 3)=[v], (6, 1)=[◣]}
19 Jan 2025 00:23:23 GMT Zwierzę poruszyło się z (4, 4) na (4, 4)
19 Jan 2025 00:23:23 GMT Długość listy pozycji: 10
Lista pozycji zwierząt: {(4, 4)=[^], (8, 9)=[◥], (5, 8)=[>], (0, 4)=[◥], (2, 7)=[◣], (3, 9)=[◤], (2, 8)=[<], (2, 9)=[◣], (9, 3)=[v], (6, 1)=[>]}
19 Jan 2025 00:23:23 GMT Zwierzę poruszyło się z (6, 1) na (6, 1)
19 Jan 2025 00:23:23 GMT Długość listy pozycji: 10
Lista pozycji zwierząt: {(4, 4)=[^], (8, 9)=[◥], (5, 8)=[>], (0, 4)=[◥], (2, 7)=[◣], (3, 9)=[◤], (2, 8)=[v], (2, 9)=[◣], (9, 3)=[v], (6, 1)=[>]}
19 Jan 2025 00:23:23 GMT Zwierzę poruszyło się z (2, 8) na (2, 8)
19 Jan 2025 00:23:23 GMT Długość listy pozycji: 10
Lista pozycji zwierząt: {(4, 4)=[^], (8, 9)=[>], (5, 8)=[>], (0, 4)=[◥], (2, 7)=[◣], (3, 9)=[◤], (2, 8)=[v], (2, 9)=[◣], (9, 3)=[v], (6, 1)=[>]}
19 Jan 2025 00:23:23 GMT Zwierzę poruszyło się z (8, 9) na (8, 9)
19 Jan 2025 00:23:23 GMT Długość listy pozycji: 10
Lista pozycji zwierząt: {(4, 4)=[^], (8, 9)=[>], (5, 8)=[>], (0, 4)=[◥], (2, 7)=[>], (3, 9)=[◤], (2, 8)=[v], (2, 9)=[◣], (9, 3)=[v], (6, 1)=[>]}
19 Jan 2025 00:23:23 GMT Zwierzę poruszyło się z (2, 7) na (2, 7)
19 Jan 2025 00:23:24 GMT Długość listy pozycji: 10
Lista pozycji zwierząt: {(4, 4)=[^], (8, 9)=[>], (5, 8)=[>], (0, 4)=[>], (2, 7)=[>], (3, 9)=[◤], (2, 8)=[v], (2, 9)=[◣], (9, 3)=[v], (6, 1)=[>]}
19 Jan 2025 00:23:24 GMT Zwierzę poruszyło się z (0, 4) na (0, 4)
19 Jan 2025 00:23:24 GMT Długość listy pozycji: 10
Lista pozycji zwierząt: {(4, 4)=[^], (8, 9)=[>], (5, 8)=[>], (0, 4)=[>], (2, 7)=[>], (3, 9)=[◤], (2, 8)=[v], (2, 9)=[>], (9, 3)=[v], (6, 1)=[>]}
19 Jan 2025 00:23:24 GMT Zwierzę poruszyło się z (2, 9) na (2, 9)
19 Jan 2025 00:23:24 GMT Długość listy pozycji: 10
Lista pozycji zwierząt: {(4, 4)=[^], (8, 9)=[>], (5, 8)=[>], (0, 4)=[>], (2, 7)=[>], (3, 9)=[<], (2, 8)=[v], (2, 9)=[>], (9, 3)=[v], (6, 1)=[>]}
19 Jan 2025 00:23:24 GMT Zwierzę poruszyło się z (3, 9) na (3, 9)
19 Jan 2025 00:23:24 GMT Długość listy pozycji: 10
Lista pozycji zwierząt: {(4, 4)=[^], (8, 9)=[>], (5, 8)=[v], (0, 4)=[>], (2, 7)=[>], (3, 9)=[<], (2, 8)=[v], (2, 9)=[>], (9, 3)=[v], (6, 1)=[>]}
19 Jan 2025 00:23:24 GMT Zwierzę poruszyło się z (5, 8) na (5, 8)
19 Jan 2025 00:23:24 GMT Roślinka wyrosła na (2, 6)
19 Jan 2025 00:23:24 GMT Roślinka wyrosła na (1, 5)
19 Jan 2025 00:23:24 GMT Roślinka wyrosła na (6, 6)
19 Jan 2025 00:23:24 GMT Roślinka wyrosła na (7, 6)
19 Jan 2025 00:23:24 GMT Roślinka wyrosła na (2, 3)
19 Jan 2025 00:23:24 GMT Roślinka wyrosła na (1, 4)
19 Jan 2025 00:23:24 GMT Roślinka wyrosła na (6, 5)
19 Jan 2025 00:23:24 GMT Roślinka wyrosła na (9, 5)
19 Jan 2025 00:23:24 GMT Roślinka wyrosła na (3, 2)
19 Jan 2025 00:23:24 GMT Roślinka wyrosła na (8, 6)
19 Jan 2025 00:23:24 GMT Długość listy pozycji: 10
Lista pozycji zwierząt: {(4, 4)=[^], (8, 9)=[>], (0, 3)=[>], (5, 8)=[v], (0, 4)=[>], (2, 7)=[>], (3, 9)=[<], (2, 8)=[v], (2, 9)=[>], (6, 1)=[>]}
19 Jan 2025 00:23:24 GMT Zwierzę poruszyło się z (9, 3) na (0, 3)
19 Jan 2025 00:23:25 GMT Długość listy pozycji: 10
Lista pozycji zwierząt: {(4, 4)=[◤], (8, 9)=[>], (0, 3)=[>], (5, 8)=[v], (0, 4)=[>], (2, 7)=[>], (3, 9)=[<], (2, 8)=[v], (2, 9)=[>], (6, 1)=[>]}
19 Jan 2025 00:23:25 GMT Zwierzę poruszyło się z (4, 4) na (4, 4)
19 Jan 2025 00:23:25 GMT Długość listy pozycji: 10
Lista pozycji zwierząt: {(4, 4)=[◤], (8, 9)=[>], (0, 3)=[>], (5, 8)=[v], (0, 4)=[>], (2, 7)=[>], (3, 9)=[<], (2, 8)=[v], (2, 9)=[>], (6, 1)=[v]}
19 Jan 2025 00:23:25 GMT Zwierzę poruszyło się z (6, 1) na (6, 1)
19 Jan 2025 00:23:25 GMT Długość listy pozycji: 10
Lista pozycji zwierząt: {(4, 4)=[◤], (8, 9)=[>], (0, 3)=[>], (5, 8)=[v], (0, 4)=[>], (2, 7)=[>], (3, 9)=[<], (2, 8)=[◥], (2, 9)=[>], (6, 1)=[v]}
19 Jan 2025 00:23:25 GMT Zwierzę poruszyło się z (2, 8) na (2, 8)
19 Jan 2025 00:23:25 GMT Długość listy pozycji: 10
Lista pozycji zwierząt: {(4, 4)=[◤], (8, 9)=[v], (0, 3)=[>], (5, 8)=[v], (0, 4)=[>], (2, 7)=[>], (3, 9)=[<], (2, 8)=[◥], (2, 9)=[>], (6, 1)=[v]}
19 Jan 2025 00:23:25 GMT Zwierzę poruszyło się z (8, 9) na (8, 9)
19 Jan 2025 00:23:25 GMT Długość listy pozycji: 10
Lista pozycji zwierząt: {(4, 4)=[◤], (8, 9)=[v], (0, 3)=[>], (5, 8)=[v], (0, 4)=[>], (2, 7)=[v], (3, 9)=[<], (2, 8)=[◥], (2, 9)=[>], (6, 1)=[v]}
19 Jan 2025 00:23:25 GMT Zwierzę poruszyło się z (2, 7) na (2, 7)
19 Jan 2025 00:23:25 GMT Długość listy pozycji: 10
Lista pozycji zwierząt: {(4, 4)=[◤], (8, 9)=[v], (0, 3)=[>], (5, 8)=[v], (2, 7)=[v], (3, 9)=[<], (2, 8)=[◥], (2, 9)=[>], (9, 3)=[◣], (6, 1)=[v]}
19 Jan 2025 00:23:25 GMT Zwierzę poruszyło się z (0, 4) na (9, 3)
19 Jan 2025 00:23:25 GMT Długość listy pozycji: 10
Lista pozycji zwierząt: {(4, 4)=[◤], (8, 9)=[v], (0, 3)=[>], (5, 8)=[v], (2, 7)=[v], (3, 9)=[<], (2, 8)=[◥], (2, 9)=[◢], (9, 3)=[◣], (6, 1)=[v]}
19 Jan 2025 00:23:25 GMT Zwierzę poruszyło się z (2, 9) na (2, 9)
19 Jan 2025 00:23:25 GMT Długość listy pozycji: 10
Lista pozycji zwierząt: {(4, 4)=[◤], (8, 9)=[v], (0, 3)=[>], (5, 8)=[v], (2, 7)=[v], (3, 9)=[>], (2, 8)=[◥], (2, 9)=[◢], (9, 3)=[◣], (6, 1)=[v]}
19 Jan 2025 00:23:25 GMT Zwierzę poruszyło się z (3, 9) na (3, 9)
19 Jan 2025 00:23:25 GMT Długość listy pozycji: 10
Lista pozycji zwierząt: {(4, 4)=[◤], (8, 9)=[v], (0, 3)=[>], (5, 8)=[<], (2, 7)=[v], (3, 9)=[>], (2, 8)=[◥], (2, 9)=[◢], (9, 3)=[◣], (6, 1)=[v]}
19 Jan 2025 00:23:25 GMT Zwierzę poruszyło się z (5, 8) na (5, 8)
19 Jan 2025 00:23:26 GMT Roślinka wyrosła na (2, 5)
19 Jan 2025 00:23:26 GMT Roślinka wyrosła na (0, 5)
19 Jan 2025 00:23:26 GMT Roślinka wyrosła na (7, 5)
19 Jan 2025 00:23:26 GMT Roślinka wyrosła na (1, 8)
19 Jan 2025 00:23:26 GMT Roślinka wyrosła na (4, 6)
19 Jan 2025 00:23:26 GMT Roślinka wyrosła na (6, 4)
19 Jan 2025 00:23:26 GMT Roślinka wyrosła na (7, 2)
19 Jan 2025 00:23:26 GMT Roślinka wyrosła na (5, 0)
19 Jan 2025 00:23:26 GMT Roślinka wyrosła na (1, 0)
19 Jan 2025 00:23:26 GMT Roślinka wyrosła na (9, 4)
19 Jan 2025 00:23:26 GMT Długość listy pozycji: 10
Lista pozycji zwierząt: {(4, 4)=[◤], (8, 9)=[v], (5, 8)=[<], (2, 7)=[v], (3, 9)=[>], (2, 8)=[◥], (2, 9)=[◢], (9, 3)=[◣], (9, 4)=[◤], (6, 1)=[v]}
19 Jan 2025 00:23:26 GMT Zwierzę poruszyło się z (0, 3) na (9, 4)
19 Jan 2025 00:23:26 GMT Długość listy pozycji: 10
Lista pozycji zwierząt: {(4, 4)=[v], (8, 9)=[v], (5, 8)=[<], (2, 7)=[v], (3, 9)=[>], (2, 8)=[◥], (2, 9)=[◢], (9, 3)=[◣], (9, 4)=[◤], (6, 1)=[v]}
19 Jan 2025 00:23:26 GMT Zwierzę poruszyło się z (4, 4) na (4, 4)
19 Jan 2025 00:23:26 GMT Długość listy pozycji: 10
Lista pozycji zwierząt: {(4, 4)=[v], (8, 9)=[v], (5, 8)=[<], (2, 7)=[v], (3, 9)=[>], (2, 8)=[◥], (2, 9)=[◢], (9, 3)=[◣], (9, 4)=[◤], (6, 1)=[^]}
19 Jan 2025 00:23:26 GMT Zwierzę poruszyło się z (6, 1) na (6, 1)
19 Jan 2025 00:23:26 GMT Długość listy pozycji: 10
Lista pozycji zwierząt: {(4, 4)=[v], (8, 9)=[v], (5, 8)=[<], (2, 7)=[v], (3, 9)=[>], (2, 8)=[◥], (2, 9)=[◢], (9, 3)=[◣], (9, 4)=[◤], (6, 1)=[^]}
19 Jan 2025 00:23:26 GMT Zwierzę poruszyło się z (2, 8) na (2, 8)
19 Jan 2025 00:23:26 GMT Długość listy pozycji: 10
Lista pozycji zwierząt: {(4, 4)=[v], (8, 9)=[>], (5, 8)=[<], (2, 7)=[v], (3, 9)=[>], (2, 8)=[◥], (2, 9)=[◢], (9, 3)=[◣], (9, 4)=[◤], (6, 1)=[^]}
19 Jan 2025 00:23:26 GMT Zwierzę poruszyło się z (8, 9) na (8, 9)
19 Jan 2025 00:23:26 GMT Długość listy pozycji: 10
Lista pozycji zwierząt: {(4, 4)=[v], (8, 9)=[>], (5, 8)=[<], (2, 7)=[◣], (3, 9)=[>], (2, 8)=[◥], (2, 9)=[◢], (9, 3)=[◣], (9, 4)=[◤], (6, 1)=[^]}
19 Jan 2025 00:23:26 GMT Zwierzę poruszyło się z (2, 7) na (2, 7)
19 Jan 2025 00:23:27 GMT Długość listy pozycji: 10
Lista pozycji zwierząt: {(4, 4)=[v], (8, 9)=[>], (0, 2)=[◢], (5, 8)=[<], (2, 7)=[◣], (3, 9)=[>], (2, 8)=[◥], (2, 9)=[◢], (9, 4)=[◤], (6, 1)=[^]}
19 Jan 2025 00:23:27 GMT Zwierzę poruszyło się z (9, 3) na (0, 2)
19 Jan 2025 00:23:27 GMT Długość listy pozycji: 10
Lista pozycji zwierząt: {(4, 4)=[v], (8, 9)=[>], (0, 2)=[◢], (5, 8)=[<], (2, 7)=[◣], (3, 9)=[>], (2, 8)=[◥], (2, 9)=[v], (9, 4)=[◤], (6, 1)=[^]}
19 Jan 2025 00:23:27 GMT Zwierzę poruszyło się z (2, 9) na (2, 9)
19 Jan 2025 00:23:27 GMT Długość listy pozycji: 10
Lista pozycji zwierząt: {(4, 4)=[v], (8, 9)=[>], (0, 2)=[◢], (5, 8)=[<], (2, 7)=[◣], (3, 9)=[◢], (2, 8)=[◥], (2, 9)=[v], (9, 4)=[◤], (6, 1)=[^]}
19 Jan 2025 00:23:27 GMT Zwierzę poruszyło się z (3, 9) na (3, 9)
19 Jan 2025 00:23:27 GMT Długość listy pozycji: 10
Lista pozycji zwierząt: {(4, 4)=[v], (8, 9)=[>], (0, 2)=[◢], (5, 8)=[◢], (2, 7)=[◣], (3, 9)=[◢], (2, 8)=[◥], (2, 9)=[v], (9, 4)=[◤], (6, 1)=[^]}
19 Jan 2025 00:23:27 GMT Zwierzę poruszyło się z (5, 8) na (5, 8)
19 Jan 2025 00:23:27 GMT Zwierzę zjadło roślinkę na (9, 4)
19 Jan 2025 00:23:27 GMT Roślinka wyrosła na (8, 7)
19 Jan 2025 00:23:27 GMT Roślinka wyrosła na (5, 3)
19 Jan 2025 00:23:27 GMT Roślinka wyrosła na (6, 2)
19 Jan 2025 00:23:27 GMT Roślinka wyrosła na (7, 3)
19 Jan 2025 00:23:27 GMT Roślinka wyrosła na (4, 4)
19 Jan 2025 00:23:27 GMT Roślinka wyrosła na (8, 8)
19 Jan 2025 00:23:27 GMT Roślinka wyrosła na (3, 0)
19 Jan 2025 00:23:27 GMT Roślinka wyrosła na (9, 1)
19 Jan 2025 00:23:27 GMT Roślinka wyrosła na (7, 1)
19 Jan 2025 00:23:27 GMT Roślinka wyrosła na (9, 7)
19 Jan 2025 00:23:27 GMT Długość listy pozycji: 10
Lista pozycji zwierząt: {(4, 4)=[v], (8, 9)=[>], (0, 2)=[◢], (5, 8)=[◢], (2, 7)=[◣], (3, 9)=[◢], (2, 8)=[◥], (2, 9)=[v], (9, 4)=[◤], (6, 1)=[^]}
19 Jan 2025 00:23:27 GMT Zwierzę poruszyło się z (9, 4) na (9, 4)
19 Jan 2025 00:23:27 GMT Długość listy pozycji: 10
Lista pozycji zwierząt: {(4, 4)=[>], (8, 9)=[>], (0, 2)=[◢], (5, 8)=[◢], (2, 7)=[◣], (3, 9)=[◢], (2, 8)=[◥], (2, 9)=[v], (9, 4)=[◤], (6, 1)=[^]}
19 Jan 2025 00:23:28 GMT Zwierzę poruszyło się z (4, 4) na (4, 4)
19 Jan 2025 00:23:28 GMT Długość listy pozycji: 10
Lista pozycji zwierząt: {(4, 4)=[>], (8, 9)=[>], (0, 2)=[◢], (5, 8)=[◢], (2, 7)=[◣], (3, 9)=[◢], (2, 8)=[◥], (2, 9)=[v], (9, 4)=[◤], (6, 1)=[◣]}
19 Jan 2025 00:23:28 GMT Zwierzę poruszyło się z (6, 1) na (6, 1)
19 Jan 2025 00:23:28 GMT Długość listy pozycji: 10
Lista pozycji zwierząt: {(4, 4)=[>], (8, 9)=[>], (0, 2)=[◢], (5, 8)=[◢], (2, 7)=[◣], (3, 9)=[◢], (2, 8)=[<], (2, 9)=[v], (9, 4)=[◤], (6, 1)=[◣]}
19 Jan 2025 00:23:28 GMT Zwierzę poruszyło się z (2, 8) na (2, 8)
19 Jan 2025 00:23:28 GMT Długość listy pozycji: 10
Lista pozycji zwierząt: {(4, 4)=[>], (8, 9)=[>], (0, 2)=[◢], (5, 8)=[◢], (2, 7)=[◣], (3, 9)=[◢], (2, 8)=[<], (2, 9)=[v], (9, 4)=[◤], (6, 1)=[◣]}
19 Jan 2025 00:23:28 GMT Zwierzę poruszyło się z (8, 9) na (8, 9)
19 Jan 2025 00:23:28 GMT Długość listy pozycji: 10
Lista pozycji zwierząt: {(4, 4)=[>], (8, 9)=[>], (0, 2)=[◢], (5, 8)=[◢], (2, 7)=[>], (3, 9)=[◢], (2, 8)=[<], (2, 9)=[v], (9, 4)=[◤], (6, 1)=[◣]}
19 Jan 2025 00:23:28 GMT Zwierzę poruszyło się z (2, 7) na (2, 7)
19 Jan 2025 00:23:28 GMT Długość listy pozycji: 10
Lista pozycji zwierząt: {(4, 4)=[>], (8, 9)=[>], (5, 8)=[◢], (2, 7)=[>], (3, 9)=[◢], (2, 8)=[<], (2, 9)=[v], (9, 1)=[◣], (9, 4)=[◤], (6, 1)=[◣]}
19 Jan 2025 00:23:28 GMT Zwierzę poruszyło się z (0, 2) na (9, 1)
19 Jan 2025 00:23:28 GMT Długość listy pozycji: 10
Lista pozycji zwierząt: {(4, 4)=[>], (8, 9)=[>], (5, 8)=[◢], (2, 7)=[>], (3, 9)=[◢], (2, 8)=[<], (2, 9)=[v], (9, 1)=[◣], (9, 4)=[◤], (6, 1)=[◣]}
19 Jan 2025 00:23:28 GMT Zwierzę poruszyło się z (2, 9) na (2, 9)
19 Jan 2025 00:23:28 GMT Długość listy pozycji: 10
Lista pozycji zwierząt: {(4, 4)=[>], (8, 9)=[>], (5, 8)=[◢], (2, 7)=[>], (3, 9)=[v], (2, 8)=[<], (2, 9)=[v], (9, 1)=[◣], (9, 4)=[◤], (6, 1)=[◣]}
19 Jan 2025 00:23:28 GMT Zwierzę poruszyło się z (3, 9) na (3, 9)
19 Jan 2025 00:23:28 GMT Długość listy pozycji: 10
Lista pozycji zwierząt: {(4, 4)=[>], (8, 9)=[>], (5, 8)=[◣], (2, 7)=[>], (3, 9)=[v], (2, 8)=[<], (2, 9)=[v], (9, 1)=[◣], (9, 4)=[◤], (6, 1)=[◣]}
19 Jan 2025 00:23:28 GMT Zwierzę poruszyło się z (5, 8) na (5, 8)
19 Jan 2025 00:23:28 GMT Zwierzę zjadło roślinkę na (4, 4)
19 Jan 2025 00:23:28 GMT Zwierzę zjadło roślinkę na (9, 1)
19 Jan 2025 00:23:29 GMT Roślinka wyrosła na (1, 9)
19 Jan 2025 00:23:29 GMT Roślinka wyrosła na (7, 7)
19 Jan 2025 00:23:29 GMT Roślinka wyrosła na (0, 2)
19 Jan 2025 00:23:29 GMT Roślinka wyrosła na (7, 9)
19 Jan 2025 00:23:29 GMT Roślinka wyrosła na (5, 7)
19 Jan 2025 00:23:29 GMT Roślinka wyrosła na (3, 7)
19 Jan 2025 00:23:29 GMT Roślinka wyrosła na (0, 4)
19 Jan 2025 00:23:29 GMT Roślinka wyrosła na (9, 8)
19 Jan 2025 00:23:29 GMT Roślinka wyrosła na (6, 1)
19 Jan 2025 00:23:29 GMT Roślinka wyrosła na (5, 1)
19 Jan 2025 00:23:29 GMT Długość listy pozycji: 10
Lista pozycji zwierząt: {(4, 4)=[>], (8, 9)=[>], (5, 8)=[◣], (0, 5)=[◥], (2, 7)=[>], (3, 9)=[v], (2, 8)=[<], (2, 9)=[v], (9, 1)=[◣], (6, 1)=[◣]}
19 Jan 2025 00:23:29 GMT Zwierzę poruszyło się z (9, 4) na (0, 5)
19 Jan 2025 00:23:29 GMT Długość listy pozycji: 10
Lista pozycji zwierząt: {(4, 4)=[>], (8, 9)=[>], (5, 8)=[◣], (0, 5)=[◥], (2, 7)=[>], (3, 9)=[v], (2, 8)=[<], (2, 9)=[v], (9, 1)=[◣], (6, 1)=[◣]}
19 Jan 2025 00:23:29 GMT Zwierzę poruszyło się z (4, 4) na (4, 4)
19 Jan 2025 00:23:29 GMT Długość listy pozycji: 10
Lista pozycji zwierząt: {(4, 4)=[>], (8, 9)=[>], (5, 8)=[◣], (0, 5)=[◥], (2, 7)=[>], (3, 9)=[v], (2, 8)=[<], (2, 9)=[v], (9, 1)=[◣], (6, 1)=[◥]}
19 Jan 2025 00:23:29 GMT Zwierzę poruszyło się z (6, 1) na (6, 1)
19 Jan 2025 00:23:29 GMT Długość listy pozycji: 10
Lista pozycji zwierząt: {(4, 4)=[>], (8, 9)=[>], (5, 8)=[◣], (0, 5)=[◥], (2, 7)=[>], (3, 9)=[v], (2, 8)=[>], (2, 9)=[v], (9, 1)=[◣], (6, 1)=[◥]}
19 Jan 2025 00:23:29 GMT Zwierzę poruszyło się z (2, 8) na (2, 8)
19 Jan 2025 00:23:29 GMT Długość listy pozycji: 10
Lista pozycji zwierząt: {(4, 4)=[>], (8, 9)=[◢], (5, 8)=[◣], (0, 5)=[◥], (2, 7)=[>], (3, 9)=[v], (2, 8)=[>], (2, 9)=[v], (9, 1)=[◣], (6, 1)=[◥]}
19 Jan 2025 00:23:29 GMT Zwierzę poruszyło się z (8, 9) na (8, 9)
19 Jan 2025 00:23:29 GMT Długość listy pozycji: 10
Lista pozycji zwierząt: {(4, 4)=[>], (8, 9)=[◢], (5, 8)=[◣], (0, 5)=[◥], (2, 7)=[◣], (3, 9)=[v], (2, 8)=[>], (2, 9)=[v], (9, 1)=[◣], (6, 1)=[◥]}
19 Jan 2025 00:23:29 GMT Zwierzę poruszyło się z (2, 7) na (2, 7)
19 Jan 2025 00:23:30 GMT Długość listy pozycji: 10
Lista pozycji zwierząt: {(0, 0)=[◢], (4, 4)=[>], (8, 9)=[◢], (5, 8)=[◣], (0, 5)=[◥], (2, 7)=[◣], (3, 9)=[v], (2, 8)=[>], (2, 9)=[v], (6, 1)=[◥]}
19 Jan 2025 00:23:30 GMT Zwierzę poruszyło się z (9, 1) na (0, 0)
19 Jan 2025 00:23:30 GMT Długość listy pozycji: 10
Lista pozycji zwierząt: {(0, 0)=[◢], (4, 4)=[>], (8, 9)=[◢], (5, 8)=[◣], (0, 5)=[◥], (2, 7)=[◣], (3, 9)=[v], (2, 8)=[>], (2, 9)=[◣], (6, 1)=[◥]}
19 Jan 2025 00:23:30 GMT Zwierzę poruszyło się z (2, 9) na (2, 9)
19 Jan 2025 00:23:30 GMT Długość listy pozycji: 10
Lista pozycji zwierząt: {(0, 0)=[◢], (4, 4)=[>], (8, 9)=[◢], (5, 8)=[◣], (0, 5)=[◥], (2, 7)=[◣], (3, 9)=[◢], (2, 8)=[>], (2, 9)=[◣], (6, 1)=[◥]}
19 Jan 2025 00:23:30 GMT Zwierzę poruszyło się z (3, 9) na (3, 9)
19 Jan 2025 00:23:30 GMT Długość listy pozycji: 10
Lista pozycji zwierząt: {(0, 0)=[◢], (4, 4)=[>], (8, 9)=[◢], (5, 8)=[v], (0, 5)=[◥], (2, 7)=[◣], (3, 9)=[◢], (2, 8)=[>], (2, 9)=[◣], (6, 1)=[◥]}
19 Jan 2025 00:23:30 GMT Zwierzę poruszyło się z (5, 8) na (5, 8)
19 Jan 2025 00:23:30 GMT Zwierzę zjadło roślinkę na (0, 5)
19 Jan 2025 00:23:30 GMT Zwierzę zjadło roślinkę na (6, 1)
19 Jan 2025 00:23:30 GMT Roślinka wyrosła na (0, 9)
19 Jan 2025 00:23:30 GMT Roślinka wyrosła na (7, 8)
19 Jan 2025 00:23:30 GMT Roślinka wyrosła na (8, 0)
19 Jan 2025 00:23:30 GMT Roślinka wyrosła na (4, 9)
19 Jan 2025 00:23:30 GMT Roślinka wyrosła na (8, 3)
19 Jan 2025 00:23:30 GMT Roślinka wyrosła na (6, 8)
19 Jan 2025 00:23:30 GMT Roślinka wyrosła na (2, 1)
19 Jan 2025 00:23:30 GMT Roślinka wyrosła na (0, 1)
19 Jan 2025 00:23:30 GMT Roślinka wyrosła na (0, 3)
19 Jan 2025 00:23:30 GMT Roślinka wyrosła na (1, 1)
19 Jan 2025 00:23:30 GMT Długość listy pozycji: 10
Lista pozycji zwierząt: {(0, 0)=[◢], (4, 4)=[>], (8, 9)=[◢], (5, 8)=[v], (0, 5)=[^], (2, 7)=[◣], (3, 9)=[◢], (2, 8)=[>], (2, 9)=[◣], (6, 1)=[◥]}
19 Jan 2025 00:23:30 GMT Zwierzę poruszyło się z (0, 5) na (0, 5)
19 Jan 2025 00:23:31 GMT Długość listy pozycji: 10
Lista pozycji zwierząt: {(0, 0)=[◢], (4, 4)=[<], (8, 9)=[◢], (5, 8)=[v], (0, 5)=[^], (2, 7)=[◣], (3, 9)=[◢], (2, 8)=[>], (2, 9)=[◣], (6, 1)=[◥]}
19 Jan 2025 00:23:31 GMT Zwierzę poruszyło się z (4, 4) na (4, 4)
19 Jan 2025 00:23:31 GMT Długość listy pozycji: 10
Lista pozycji zwierząt: {(0, 0)=[◢], (4, 4)=[<], (8, 9)=[◢], (5, 8)=[v], (0, 5)=[^], (2, 7)=[◣], (3, 9)=[◢], (2, 8)=[>], (2, 9)=[◣], (6, 1)=[◣]}
19 Jan 2025 00:23:31 GMT Zwierzę poruszyło się z (6, 1) na (6, 1)
19 Jan 2025 00:23:31 GMT Długość listy pozycji: 10
Lista pozycji zwierząt: {(0, 0)=[◢], (4, 4)=[<], (8, 9)=[◢], (5, 8)=[v], (0, 5)=[^], (2, 7)=[◣], (3, 9)=[◢], (2, 8)=[◣], (2, 9)=[◣], (6, 1)=[◣]}
19 Jan 2025 00:23:31 GMT Zwierzę poruszyło się z (2, 8) na (2, 8)
19 Jan 2025 00:23:31 GMT Długość listy pozycji: 10
Lista pozycji zwierząt: {(0, 0)=[◢], (4, 4)=[<], (8, 9)=[v], (5, 8)=[v], (0, 5)=[^], (2, 7)=[◣], (3, 9)=[◢], (2, 8)=[◣], (2, 9)=[◣], (6, 1)=[◣]}
19 Jan 2025 00:23:31 GMT Zwierzę poruszyło się z (8, 9) na (8, 9)
19 Jan 2025 00:23:31 GMT Długość listy pozycji: 10
Lista pozycji zwierząt: {(0, 0)=[◢], (4, 4)=[<], (8, 9)=[v], (5, 8)=[v], (0, 5)=[^], (2, 7)=[◢], (3, 9)=[◢], (2, 8)=[◣], (2, 9)=[◣], (6, 1)=[◣]}
19 Jan 2025 00:23:31 GMT Zwierzę poruszyło się z (2, 7) na (2, 7)
19 Jan 2025 00:23:31 GMT Długość listy pozycji: 10
Lista pozycji zwierząt: {(4, 4)=[<], (8, 9)=[v], (5, 8)=[v], (0, 5)=[^], (2, 7)=[◢], (3, 9)=[◢], (2, 8)=[◣], (2, 9)=[◣], (9, 1)=[◤], (6, 1)=[◣]}
19 Jan 2025 00:23:31 GMT Zwierzę poruszyło się z (0, 0) na (9, 1)
19 Jan 2025 00:23:31 GMT Długość listy pozycji: 10
Lista pozycji zwierząt: {(4, 4)=[<], (8, 9)=[v], (5, 8)=[v], (0, 5)=[^], (2, 7)=[◢], (3, 9)=[◢], (2, 8)=[◣], (2, 9)=[<], (9, 1)=[◤], (6, 1)=[◣]}
19 Jan 2025 00:23:31 GMT Zwierzę poruszyło się z (2, 9) na (2, 9)
19 Jan 2025 00:23:31 GMT Długość listy pozycji: 10
Lista pozycji zwierząt: {(4, 4)=[<], (8, 9)=[v], (5, 8)=[v], (0, 5)=[^], (2, 7)=[◢], (3, 9)=[◣], (2, 8)=[◣], (2, 9)=[<], (9, 1)=[◤], (6, 1)=[◣]}
19 Jan 2025 00:23:31 GMT Zwierzę poruszyło się z (3, 9) na (3, 9)
19 Jan 2025 00:23:31 GMT Długość listy pozycji: 10
Lista pozycji zwierząt: {(4, 4)=[<], (8, 9)=[v], (5, 8)=[◥], (0, 5)=[^], (2, 7)=[◢], (3, 9)=[◣], (2, 8)=[◣], (2, 9)=[<], (9, 1)=[◤], (6, 1)=[◣]}
19 Jan 2025 00:23:31 GMT Zwierzę poruszyło się z (5, 8) na (5, 8)
19 Jan 2025 00:23:32 GMT Roślinka wyrosła na (0, 0)
19 Jan 2025 00:23:32 GMT Roślinka wyrosła na (6, 7)
19 Jan 2025 00:23:32 GMT Roślinka wyrosła na (9, 9)
19 Jan 2025 00:23:32 GMT Roślinka wyrosła na (2, 0)
19 Jan 2025 00:23:32 GMT Roślinka wyrosła na (6, 9)
19 Jan 2025 00:23:32 GMT Roślinka wyrosła na (2, 9)
19 Jan 2025 00:23:32 GMT Roślinka wyrosła na (8, 4)
19 Jan 2025 00:23:32 GMT Roślinka wyrosła na (5, 4)
19 Jan 2025 00:23:32 GMT Roślinka wyrosła na (2, 2)
19 Jan 2025 00:23:32 GMT Roślinka wyrosła na (4, 3)
19 Jan 2025 00:23:32 GMT Długość listy pozycji: 10
Lista pozycji zwierząt: {(4, 4)=[<], (8, 9)=[v], (5, 8)=[◥], (2, 7)=[◢], (3, 9)=[◣], (2, 8)=[◣], (2, 9)=[<], (9, 1)=[◤], (6, 1)=[◣], (9, 5)=[<]}
19 Jan 2025 00:23:32 GMT Zwierzę poruszyło się z (0, 5) na (9, 5)
19 Jan 2025 00:23:32 GMT Długość listy pozycji: 10
Lista pozycji zwierząt: {(4, 4)=[◣], (8, 9)=[v], (5, 8)=[◥], (2, 7)=[◢], (3, 9)=[◣], (2, 8)=[◣], (2, 9)=[<], (9, 1)=[◤], (6, 1)=[◣], (9, 5)=[<]}
19 Jan 2025 00:23:32 GMT Zwierzę poruszyło się z (4, 4) na (4, 4)
19 Jan 2025 00:23:32 GMT Długość listy pozycji: 10
Lista pozycji zwierząt: {(4, 4)=[◣], (8, 9)=[v], (5, 8)=[◥], (2, 7)=[◢], (3, 9)=[◣], (2, 8)=[◣], (2, 9)=[<], (9, 1)=[◤], (6, 1)=[v], (9, 5)=[<]}
19 Jan 2025 00:23:32 GMT Zwierzę poruszyło się z (6, 1) na (6, 1)
19 Jan 2025 00:23:32 GMT Długość listy pozycji: 10
Lista pozycji zwierząt: {(4, 4)=[◣], (8, 9)=[v], (5, 8)=[◥], (2, 7)=[◢], (3, 9)=[◣], (2, 8)=[>], (2, 9)=[<], (9, 1)=[◤], (6, 1)=[v], (9, 5)=[<]}
19 Jan 2025 00:23:32 GMT Zwierzę poruszyło się z (2, 8) na (2, 8)
19 Jan 2025 00:23:32 GMT Długość listy pozycji: 10
Lista pozycji zwierząt: {(4, 4)=[◣], (8, 9)=[◣], (5, 8)=[◥], (2, 7)=[◢], (3, 9)=[◣], (2, 8)=[>], (2, 9)=[<], (9, 1)=[◤], (6, 1)=[v], (9, 5)=[<]}
19 Jan 2025 00:23:32 GMT Zwierzę poruszyło się z (8, 9) na (8, 9)
19 Jan 2025 00:23:32 GMT Długość listy pozycji: 10
Lista pozycji zwierząt: {(4, 4)=[◣], (8, 9)=[◣], (5, 8)=[◥], (2, 7)=[^], (3, 9)=[◣], (2, 8)=[>], (2, 9)=[<], (9, 1)=[◤], (6, 1)=[v], (9, 5)=[<]}
19 Jan 2025 00:23:32 GMT Zwierzę poruszyło się z (2, 7) na (2, 7)
19 Jan 2025 00:23:33 GMT Długość listy pozycji: 10
Lista pozycji zwierząt: {(4, 4)=[◣], (8, 9)=[◣], (5, 8)=[◥], (2, 7)=[^], (3, 9)=[◣], (2, 8)=[>], (2, 9)=[<], (9, 1)=[<], (6, 1)=[v], (9, 5)=[<]}
19 Jan 2025 00:23:33 GMT Zwierzę poruszyło się z (9, 1) na (9, 1)
19 Jan 2025 00:23:33 GMT Długość listy pozycji: 10
Lista pozycji zwierząt: {(4, 4)=[◣], (8, 9)=[◣], (5, 8)=[◥], (2, 7)=[^], (3, 9)=[◣], (2, 8)=[>], (2, 9)=[v], (9, 1)=[<], (6, 1)=[v], (9, 5)=[<]}
19 Jan 2025 00:23:33 GMT Zwierzę poruszyło się z (2, 9) na (2, 9)
19 Jan 2025 00:23:33 GMT Długość listy pozycji: 10
Lista pozycji zwierząt: {(4, 4)=[◣], (8, 9)=[◣], (5, 8)=[◥], (2, 7)=[^], (3, 9)=[◢], (2, 8)=[>], (2, 9)=[v], (9, 1)=[<], (6, 1)=[v], (9, 5)=[<]}
19 Jan 2025 00:23:33 GMT Zwierzę poruszyło się z (3, 9) na (3, 9)
19 Jan 2025 00:23:33 GMT Długość listy pozycji: 10
Lista pozycji zwierząt: {(4, 4)=[◣], (8, 9)=[◣], (5, 8)=[◤], (2, 7)=[^], (3, 9)=[◢], (2, 8)=[>], (2, 9)=[v], (9, 1)=[<], (6, 1)=[v], (9, 5)=[<]}
19 Jan 2025 00:23:33 GMT Zwierzę poruszyło się z (5, 8) na (5, 8)
19 Jan 2025 00:23:33 GMT Zwierzę zjadło roślinkę na (2, 9)
19 Jan 2025 00:23:33 GMT Zwierzę zjadło roślinkę na (9, 5)
19 Jan 2025 00:23:33 GMT Roślinka wyrosła na (3, 3)
19 Jan 2025 00:23:33 GMT Roślinka wyrosła na (8, 2)
19 Jan 2025 00:23:33 GMT Roślinka wyrosła na (2, 4)
19 Jan 2025 00:23:33 GMT Roślinka wyrosła na (2, 8)
19 Jan 2025 00:23:33 GMT Roślinka wyrosła na (6, 3)
19 Jan 2025 00:23:33 GMT Roślinka wyrosła na (7, 4)
19 Jan 2025 00:23:33 GMT Roślinka wyrosła na (4, 7)
19 Jan 2025 00:23:33 GMT Roślinka wyrosła na (6, 0)
19 Jan 2025 00:23:33 GMT Roślinka wyrosła na (1, 7)
19 Jan 2025 00:23:33 GMT Roślinka wyrosła na (0, 8)
19 Jan 2025 00:23:33 GMT Długość listy pozycji: 10
Lista pozycji zwierząt: {(4, 4)=[◣], (8, 9)=[◣], (5, 8)=[◤], (2, 7)=[^], (3, 9)=[◢], (2, 8)=[>], (2, 9)=[v], (9, 1)=[<], (6, 1)=[v], (9, 5)=[◣]}
19 Jan 2025 00:23:33 GMT Zwierzę poruszyło się z (9, 5) na (9, 5)
19 Jan 2025 00:23:34 GMT Długość listy pozycji: 10
Lista pozycji zwierząt: {(4, 4)=[^], (8, 9)=[◣], (5, 8)=[◤], (2, 7)=[^], (3, 9)=[◢], (2, 8)=[>], (2, 9)=[v], (9, 1)=[<], (6, 1)=[v], (9, 5)=[◣]}
19 Jan 2025 00:23:34 GMT Zwierzę poruszyło się z (4, 4) na (4, 4)
19 Jan 2025 00:23:34 GMT Długość listy pozycji: 10
Lista pozycji zwierząt: {(4, 4)=[^], (8, 9)=[◣], (5, 8)=[◤], (2, 7)=[^], (3, 9)=[◢], (2, 8)=[>], (2, 9)=[v], (9, 1)=[<], (6, 1)=[<], (9, 5)=[◣]}
19 Jan 2025 00:23:34 GMT Zwierzę poruszyło się z (6, 1) na (6, 1)
19 Jan 2025 00:23:34 GMT Długość listy pozycji: 10
Lista pozycji zwierząt: {(4, 4)=[^], (8, 9)=[◣], (5, 8)=[◤], (2, 7)=[^], (3, 9)=[◢], (2, 8)=[◢], (2, 9)=[v], (9, 1)=[<], (6, 1)=[<], (9, 5)=[◣]}
19 Jan 2025 00:23:34 GMT Zwierzę poruszyło się z (2, 8) na (2, 8)
19 Jan 2025 00:23:34 GMT Długość listy pozycji: 10
Lista pozycji zwierząt: {(4, 4)=[^], (8, 9)=[◣], (5, 8)=[◤], (2, 7)=[^], (3, 9)=[◢], (2, 8)=[◢], (2, 9)=[v], (9, 1)=[<], (6, 1)=[<], (9, 5)=[◣]}
19 Jan 2025 00:23:34 GMT Zwierzę poruszyło się z (8, 9) na (8, 9)
19 Jan 2025 00:23:34 GMT Długość listy pozycji: 10
Lista pozycji zwierząt: {(4, 4)=[^], (8, 9)=[◣], (5, 8)=[◤], (2, 7)=[>], (3, 9)=[◢], (2, 8)=[◢], (2, 9)=[v], (9, 1)=[<], (6, 1)=[<], (9, 5)=[◣]}
19 Jan 2025 00:23:34 GMT Zwierzę poruszyło się z (2, 7) na (2, 7)
19 Jan 2025 00:23:34 GMT Długość listy pozycji: 10
Lista pozycji zwierząt: {(4, 4)=[^], (8, 9)=[◣], (5, 8)=[◤], (2, 7)=[>], (3, 9)=[◢], (2, 8)=[◢], (2, 9)=[v], (9, 1)=[◣], (6, 1)=[<], (9, 5)=[◣]}
19 Jan 2025 00:23:34 GMT Zwierzę poruszyło się z (9, 1) na (9, 1)
19 Jan 2025 00:23:34 GMT Długość listy pozycji: 10
Lista pozycji zwierząt: {(4, 4)=[^], (8, 9)=[◣], (5, 8)=[◤], (2, 7)=[>], (3, 9)=[◢], (2, 8)=[◢], (2, 9)=[◣], (9, 1)=[◣], (6, 1)=[<], (9, 5)=[◣]}
19 Jan 2025 00:23:34 GMT Zwierzę poruszyło się z (2, 9) na (2, 9)
19 Jan 2025 00:23:34 GMT Długość listy pozycji: 10
Lista pozycji zwierząt: {(4, 4)=[^], (8, 9)=[◣], (5, 8)=[◤], (2, 7)=[>], (3, 9)=[<], (2, 8)=[◢], (2, 9)=[◣], (9, 1)=[◣], (6, 1)=[<], (9, 5)=[◣]}
19 Jan 2025 00:23:34 GMT Zwierzę poruszyło się z (3, 9) na (3, 9)
19 Jan 2025 00:23:34 GMT Długość listy pozycji: 10
Lista pozycji zwierząt: {(4, 4)=[^], (8, 9)=[◣], (5, 8)=[◣], (2, 7)=[>], (3, 9)=[<], (2, 8)=[◢], (2, 9)=[◣], (9, 1)=[◣], (6, 1)=[<], (9, 5)=[◣]}
19 Jan 2025 00:23:34 GMT Zwierzę poruszyło się z (5, 8) na (5, 8)
19 Jan 2025 00:23:34 GMT Zwierzę zjadło roślinkę na (2, 8)
19 Jan 2025 00:23:35 GMT Roślinka wyrosła na (7, 0)
19 Jan 2025 00:23:35 GMT Roślinka wyrosła na (5, 2)
19 Jan 2025 00:23:35 GMT Roślinka wyrosła na (2, 7)
19 Jan 2025 00:23:35 GMT Roślinka wyrosła na (8, 9)
19 Jan 2025 00:23:35 GMT Roślinka wyrosła na (9, 3)
19 Jan 2025 00:23:35 GMT Roślinka wyrosła na (4, 8)
19 Jan 2025 00:23:35 GMT Roślinka wyrosła na (3, 8)
19 Jan 2025 00:23:35 GMT Roślinka wyrosła na (1, 2)
19 Jan 2025 00:23:35 GMT Roślinka wyrosła na (3, 9)
19 Jan 2025 00:23:35 GMT Roślinka wyrosła na (5, 8)
19 Jan 2025 00:23:35 GMT Długość listy pozycji: 10
Lista pozycji zwierząt: {(4, 4)=[^], (8, 9)=[◣], (5, 8)=[◣], (2, 7)=[>], (3, 9)=[<], (2, 8)=[◢], (2, 9)=[◣], (9, 1)=[◣], (6, 1)=[<], (9, 5)=[◤]}
19 Jan 2025 00:23:35 GMT Zwierzę poruszyło się z (9, 5) na (9, 5)
19 Jan 2025 00:23:35 GMT Długość listy pozycji: 10
Lista pozycji zwierząt: {(4, 4)=[>], (8, 9)=[◣], (5, 8)=[◣], (2, 7)=[>], (3, 9)=[<], (2, 8)=[◢], (2, 9)=[◣], (9, 1)=[◣], (6, 1)=[<], (9, 5)=[◤]}
19 Jan 2025 00:23:35 GMT Zwierzę poruszyło się z (4, 4) na (4, 4)
19 Jan 2025 00:23:35 GMT Długość listy pozycji: 10
Lista pozycji zwierząt: {(4, 4)=[>], (8, 9)=[◣], (5, 8)=[◣], (2, 7)=[>], (3, 9)=[<], (2, 8)=[◢], (2, 9)=[◣], (9, 1)=[◣], (6, 1)=[>], (9, 5)=[◤]}
19 Jan 2025 00:23:35 GMT Zwierzę poruszyło się z (6, 1) na (6, 1)
19 Jan 2025 00:23:35 GMT Długość listy pozycji: 10
Lista pozycji zwierząt: {(4, 4)=[>], (8, 9)=[◣], (5, 8)=[◣], (2, 7)=[>], (3, 9)=[<], (2, 8)=[◥], (2, 9)=[◣], (9, 1)=[◣], (6, 1)=[>], (9, 5)=[◤]}
19 Jan 2025 00:23:35 GMT Zwierzę poruszyło się z (2, 8) na (2, 8)
19 Jan 2025 00:23:35 GMT Długość listy pozycji: 10
Lista pozycji zwierząt: {(4, 4)=[>], (8, 9)=[◢], (5, 8)=[◣], (2, 7)=[>], (3, 9)=[<], (2, 8)=[◥], (2, 9)=[◣], (9, 1)=[◣], (6, 1)=[>], (9, 5)=[◤]}
19 Jan 2025 00:23:35 GMT Zwierzę poruszyło się z (8, 9) na (8, 9)
19 Jan 2025 00:23:35 GMT Długość listy pozycji: 10
Lista pozycji zwierząt: {(4, 4)=[>], (8, 9)=[◢], (5, 8)=[◣], (2, 7)=[◥], (3, 9)=[<], (2, 8)=[◥], (2, 9)=[◣], (9, 1)=[◣], (6, 1)=[>], (9, 5)=[◤]}
19 Jan 2025 00:23:35 GMT Zwierzę poruszyło się z (2, 7) na (2, 7)
19 Jan 2025 00:23:36 GMT Długość listy pozycji: 10
Lista pozycji zwierząt: {(4, 4)=[>], (8, 9)=[◢], (5, 8)=[◣], (2, 7)=[◥], (3, 9)=[<], (2, 8)=[◥], (2, 9)=[◣], (9, 1)=[<], (6, 1)=[>], (9, 5)=[◤]}
19 Jan 2025 00:23:36 GMT Zwierzę poruszyło się z (9, 1) na (9, 1)
19 Jan 2025 00:23:36 GMT Długość listy pozycji: 10
Lista pozycji zwierząt: {(4, 4)=[>], (8, 9)=[◢], (5, 8)=[◣], (2, 7)=[◥], (3, 9)=[<], (2, 8)=[◥], (2, 9)=[◢], (9, 1)=[<], (6, 1)=[>], (9, 5)=[◤]}
19 Jan 2025 00:23:36 GMT Zwierzę poruszyło się z (2, 9) na (2, 9)
19 Jan 2025 00:23:36 GMT Długość listy pozycji: 10
Lista pozycji zwierząt: {(4, 4)=[>], (8, 9)=[◢], (5, 8)=[◣], (2, 7)=[◥], (3, 9)=[◣], (2, 8)=[◥], (2, 9)=[◢], (9, 1)=[<], (6, 1)=[>], (9, 5)=[◤]}
19 Jan 2025 00:23:36 GMT Zwierzę poruszyło się z (3, 9) na (3, 9)
19 Jan 2025 00:23:36 GMT Długość listy pozycji: 10
Lista pozycji zwierząt: {(4, 4)=[>], (8, 9)=[◢], (5, 8)=[◣], (2, 7)=[◥], (3, 9)=[◣], (2, 8)=[◥], (2, 9)=[◢], (9, 1)=[<], (6, 1)=[>], (9, 5)=[◤]}
19 Jan 2025 00:23:36 GMT Zwierzę poruszyło się z (5, 8) na (5, 8)
19 Jan 2025 00:23:36 GMT Zwierzę zjadło roślinkę na (8, 9)
19 Jan 2025 00:23:36 GMT Zwierzę zjadło roślinkę na (5, 8)
19 Jan 2025 00:23:36 GMT Zwierzę zjadło roślinkę na (2, 7)
19 Jan 2025 00:23:36 GMT Zwierzę zjadło roślinkę na (3, 9)
19 Jan 2025 00:23:36 GMT Roślinka wyrosła na (4, 1)
19 Jan 2025 00:23:36 GMT Roślinka wyrosła na (9, 0)
19 Jan 2025 00:23:36 GMT Roślinka wyrosła na (4, 0)
19 Jan 2025 00:23:36 GMT Roślinka wyrosła na (4, 2)
19 Jan 2025 00:23:36 GMT Roślinka wyrosła na (5, 9)
19 Jan 2025 00:23:36 GMT Roślinka wyrosła na (3, 1)
19 Jan 2025 00:23:36 GMT Roślinka wyrosła na (9, 2)
19 Jan 2025 00:23:36 GMT Roślinka wyrosła na (8, 1)
19 Jan 2025 00:23:36 GMT Roślinka wyrosła na (1, 3)
19 Jan 2025 00:23:36 GMT Roślinka wyrosła na (3, 4)
19 Jan 2025 00:23:36 GMT Długość listy pozycji: 10
Lista pozycji zwierząt: {(4, 4)=[>], (8, 9)=[◢], (5, 8)=[◣], (2, 7)=[◥], (3, 9)=[◣], (2, 8)=[◥], (2, 9)=[◢], (9, 1)=[<], (6, 1)=[>], (9, 5)=[v]}
19 Jan 2025 00:23:36 GMT Zwierzę poruszyło się z (9, 5) na (9, 5)
19 Jan 2025 00:23:37 GMT Długość listy pozycji: 10
Lista pozycji zwierząt: {(4, 4)=[<], (8, 9)=[◢], (5, 8)=[◣], (2, 7)=[◥], (3, 9)=[◣], (2, 8)=[◥], (2, 9)=[◢], (9, 1)=[<], (6, 1)=[>], (9, 5)=[v]}
19 Jan 2025 00:23:37 GMT Zwierzę poruszyło się z (4, 4) na (4, 4)
19 Jan 2025 00:23:37 GMT Długość listy pozycji: 10
Lista pozycji zwierząt: {(4, 4)=[<], (8, 9)=[◢], (5, 8)=[◣], (2, 7)=[◥], (3, 9)=[◣], (2, 8)=[◥], (2, 9)=[◢], (9, 1)=[<], (6, 1)=[◤], (9, 5)=[v]}
19 Jan 2025 00:23:37 GMT Zwierzę poruszyło się z (6, 1) na (6, 1)
19 Jan 2025 00:23:37 GMT Długość listy pozycji: 10
Lista pozycji zwierząt: {(4, 4)=[<], (8, 9)=[◢], (5, 8)=[◣], (2, 7)=[◥], (3, 9)=[◣], (2, 8)=[◢], (2, 9)=[◢], (9, 1)=[<], (6, 1)=[◤], (9, 5)=[v]}
19 Jan 2025 00:23:37 GMT Zwierzę poruszyło się z (2, 8) na (2, 8)
19 Jan 2025 00:23:37 GMT Długość listy pozycji: 10
Lista pozycji zwierząt: {(4, 4)=[<], (8, 9)=[>], (5, 8)=[◣], (2, 7)=[◥], (3, 9)=[◣], (2, 8)=[◢], (2, 9)=[◢], (9, 1)=[<], (6, 1)=[◤], (9, 5)=[v]}
19 Jan 2025 00:23:37 GMT Zwierzę poruszyło się z (8, 9) na (8, 9)
19 Jan 2025 00:23:37 GMT Długość listy pozycji: 10
Lista pozycji zwierząt: {(4, 4)=[<], (8, 9)=[>], (5, 8)=[◣], (2, 7)=[v], (3, 9)=[◣], (2, 8)=[◢], (2, 9)=[◢], (9, 1)=[<], (6, 1)=[◤], (9, 5)=[v]}
19 Jan 2025 00:23:37 GMT Zwierzę poruszyło się z (2, 7) na (2, 7)
19 Jan 2025 00:23:37 GMT Długość listy pozycji: 10
Lista pozycji zwierząt: {(4, 4)=[<], (8, 9)=[>], (5, 8)=[◣], (2, 7)=[v], (3, 9)=[◣], (2, 8)=[◢], (2, 9)=[◢], (9, 1)=[v], (6, 1)=[◤], (9, 5)=[v]}
19 Jan 2025 00:23:37 GMT Zwierzę poruszyło się z (9, 1) na (9, 1)
19 Jan 2025 00:23:37 GMT Długość listy pozycji: 10
Lista pozycji zwierząt: {(4, 4)=[<], (8, 9)=[>], (5, 8)=[◣], (2, 7)=[v], (3, 9)=[◣], (2, 8)=[◢], (2, 9)=[◢], (9, 1)=[v], (6, 1)=[◤], (9, 5)=[v]}
19 Jan 2025 00:23:37 GMT Zwierzę poruszyło się z (2, 9) na (2, 9)
19 Jan 2025 00:23:37 GMT Długość listy pozycji: 10
Lista pozycji zwierząt: {(4, 4)=[<], (8, 9)=[>], (5, 8)=[◣], (2, 7)=[v], (3, 9)=[>], (2, 8)=[◢], (2, 9)=[◢], (9, 1)=[v], (6, 1)=[◤], (9, 5)=[v]}
19 Jan 2025 00:23:37 GMT Zwierzę poruszyło się z (3, 9) na (3, 9)
19 Jan 2025 00:23:37 GMT Długość listy pozycji: 10
Lista pozycji zwierząt: {(4, 4)=[<], (8, 9)=[>], (5, 8)=[v], (2, 7)=[v], (3, 9)=[>], (2, 8)=[◢], (2, 9)=[◢], (9, 1)=[v], (6, 1)=[◤], (9, 5)=[v]}
19 Jan 2025 00:23:37 GMT Zwierzę poruszyło się z (5, 8) na (5, 8)
19 Jan 2025 00:23:38 GMT Roślinka wyrosła na null
19 Jan 2025 00:23:38 GMT Roślinka wyrosła na null
19 Jan 2025 00:23:38 GMT Roślinka wyrosła na null
19 Jan 2025 00:23:38 GMT Roślinka wyrosła na null
19 Jan 2025 00:23:38 GMT Roślinka wyrosła na null
19 Jan 2025 00:23:38 GMT Roślinka wyrosła na null
19 Jan 2025 00:23:38 GMT Roślinka wyrosła na null
19 Jan 2025 00:23:38 GMT Roślinka wyrosła na null
19 Jan 2025 00:23:38 GMT Roślinka wyrosła na null
19 Jan 2025 00:23:38 GMT Roślinka wyrosła na null
19 Jan 2025 00:23:38 GMT Długość listy pozycji: 10
Lista pozycji zwierząt: {(4, 4)=[<], (8, 9)=[>], (5, 8)=[v], (2, 7)=[v], (3, 9)=[>], (2, 8)=[◢], (2, 9)=[◢], (9, 1)=[v], (6, 1)=[◤], (9, 5)=[<]}
19 Jan 2025 00:23:38 GMT Zwierzę poruszyło się z (9, 5) na (9, 5)
19 Jan 2025 00:23:38 GMT Długość listy pozycji: 10
Lista pozycji zwierząt: {(4, 4)=[<], (8, 9)=[>], (5, 8)=[v], (2, 7)=[v], (3, 9)=[>], (2, 8)=[◢], (2, 9)=[◢], (9, 1)=[v], (6, 1)=[◤], (9, 5)=[<]}
19 Jan 2025 00:23:38 GMT Zwierzę poruszyło się z (4, 4) na (4, 4)
19 Jan 2025 00:23:38 GMT Długość listy pozycji: 10
Lista pozycji zwierząt: {(4, 4)=[<], (8, 9)=[>], (5, 8)=[v], (2, 7)=[v], (3, 9)=[>], (2, 8)=[◢], (2, 9)=[◢], (9, 1)=[v], (6, 1)=[v], (9, 5)=[<]}
19 Jan 2025 00:23:38 GMT Zwierzę poruszyło się z (6, 1) na (6, 1)
19 Jan 2025 00:23:38 GMT Długość listy pozycji: 10
Lista pozycji zwierząt: {(4, 4)=[<], (8, 9)=[>], (5, 8)=[v], (2, 7)=[v], (3, 9)=[>], (2, 8)=[◥], (2, 9)=[◢], (9, 1)=[v], (6, 1)=[v], (9, 5)=[<]}
19 Jan 2025 00:23:38 GMT Zwierzę poruszyło się z (2, 8) na (2, 8)
19 Jan 2025 00:23:38 GMT Długość listy pozycji: 10
Lista pozycji zwierząt: {(4, 4)=[<], (8, 9)=[◢], (5, 8)=[v], (2, 7)=[v], (3, 9)=[>], (2, 8)=[◥], (2, 9)=[◢], (9, 1)=[v], (6, 1)=[v], (9, 5)=[<]}
19 Jan 2025 00:23:38 GMT Zwierzę poruszyło się z (8, 9) na (8, 9)
19 Jan 2025 00:23:38 GMT Długość listy pozycji: 10
Lista pozycji zwierząt: {(4, 4)=[<], (8, 9)=[◢], (5, 8)=[v], (2, 7)=[◥], (3, 9)=[>], (2, 8)=[◥], (2, 9)=[◢], (9, 1)=[v], (6, 1)=[v], (9, 5)=[<]}
19 Jan 2025 00:23:38 GMT Zwierzę poruszyło się z (2, 7) na (2, 7)
19 Jan 2025 00:23:39 GMT Długość listy pozycji: 10
Lista pozycji zwierząt: {(4, 4)=[<], (8, 9)=[◢], (5, 8)=[v], (2, 7)=[◥], (3, 9)=[>], (2, 8)=[◥], (2, 9)=[◢], (9, 1)=[◣], (6, 1)=[v], (9, 5)=[<]}
19 Jan 2025 00:23:39 GMT Zwierzę poruszyło się z (9, 1) na (9, 1)
19 Jan 2025 00:23:39 GMT Długość listy pozycji: 10
Lista pozycji zwierząt: {(4, 4)=[<], (8, 9)=[◢], (5, 8)=[v], (2, 7)=[◥], (3, 9)=[>], (2, 8)=[◥], (2, 9)=[v], (9, 1)=[◣], (6, 1)=[v], (9, 5)=[<]}
19 Jan 2025 00:23:39 GMT Zwierzę poruszyło się z (2, 9) na (2, 9)
19 Jan 2025 00:23:39 GMT Długość listy pozycji: 10
Lista pozycji zwierząt: {(4, 4)=[<], (8, 9)=[◢], (5, 8)=[v], (2, 7)=[◥], (3, 9)=[◣], (2, 8)=[◥], (2, 9)=[v], (9, 1)=[◣], (6, 1)=[v], (9, 5)=[<]}
19 Jan 2025 00:23:39 GMT Zwierzę poruszyło się z (3, 9) na (3, 9)
19 Jan 2025 00:23:39 GMT Długość listy pozycji: 10
Lista pozycji zwierząt: {(4, 4)=[<], (8, 9)=[◢], (5, 8)=[<], (2, 7)=[◥], (3, 9)=[◣], (2, 8)=[◥], (2, 9)=[v], (9, 1)=[◣], (6, 1)=[v], (9, 5)=[<]}
19 Jan 2025 00:23:39 GMT Zwierzę poruszyło się z (5, 8) na (5, 8)
19 Jan 2025 00:23:39 GMT Roślinka wyrosła na null
19 Jan 2025 00:23:39 GMT Roślinka wyrosła na null
19 Jan 2025 00:23:39 GMT Roślinka wyrosła na null
19 Jan 2025 00:23:39 GMT Roślinka wyrosła na null
19 Jan 2025 00:23:39 GMT Roślinka wyrosła na null
19 Jan 2025 00:23:39 GMT Roślinka wyrosła na null
19 Jan 2025 00:23:39 GMT Roślinka wyrosła na null
19 Jan 2025 00:23:39 GMT Roślinka wyrosła na null
19 Jan 2025 00:23:39 GMT Roślinka wyrosła na null
19 Jan 2025 00:23:39 GMT Roślinka wyrosła na null
19 Jan 2025 00:23:39 GMT Długość listy pozycji: 10
Lista pozycji zwierząt: {(4, 4)=[<], (8, 9)=[◢], (5, 8)=[<], (2, 7)=[◥], (3, 9)=[◣], (2, 8)=[◥], (2, 9)=[v], (9, 1)=[◣], (6, 1)=[v], (9, 5)=[v]}
19 Jan 2025 00:23:39 GMT Zwierzę poruszyło się z (9, 5) na (9, 5)
19 Jan 2025 00:23:40 GMT Długość listy pozycji: 10
Lista pozycji zwierząt: {(4, 4)=[◣], (8, 9)=[◢], (5, 8)=[<], (2, 7)=[◥], (3, 9)=[◣], (2, 8)=[◥], (2, 9)=[v], (9, 1)=[◣], (6, 1)=[v], (9, 5)=[v]}
19 Jan 2025 00:23:40 GMT Zwierzę poruszyło się z (4, 4) na (4, 4)
19 Jan 2025 00:23:40 GMT Długość listy pozycji: 10
Lista pozycji zwierząt: {(4, 4)=[◣], (8, 9)=[◢], (5, 8)=[<], (2, 7)=[◥], (3, 9)=[◣], (2, 8)=[◥], (2, 9)=[v], (9, 1)=[◣], (6, 1)=[<], (9, 5)=[v]}
19 Jan 2025 00:23:40 GMT Zwierzę poruszyło się z (6, 1) na (6, 1)
19 Jan 2025 00:23:40 GMT Długość listy pozycji: 10
Lista pozycji zwierząt: {(4, 4)=[◣], (8, 9)=[◢], (5, 8)=[<], (2, 7)=[◥], (3, 9)=[◣], (2, 8)=[<], (2, 9)=[v], (9, 1)=[◣], (6, 1)=[<], (9, 5)=[v]}
19 Jan 2025 00:23:40 GMT Zwierzę poruszyło się z (2, 8) na (2, 8)
19 Jan 2025 00:23:40 GMT Długość listy pozycji: 10
Lista pozycji zwierząt: {(4, 4)=[◣], (8, 9)=[◣], (5, 8)=[<], (2, 7)=[◥], (3, 9)=[◣], (2, 8)=[<], (2, 9)=[v], (9, 1)=[◣], (6, 1)=[<], (9, 5)=[v]}
19 Jan 2025 00:23:40 GMT Zwierzę poruszyło się z (8, 9) na (8, 9)
19 Jan 2025 00:23:40 GMT Długość listy pozycji: 10
Lista pozycji zwierząt: {(4, 4)=[◣], (8, 9)=[◣], (5, 8)=[<], (2, 7)=[◢], (3, 9)=[◣], (2, 8)=[<], (2, 9)=[v], (9, 1)=[◣], (6, 1)=[<], (9, 5)=[v]}
19 Jan 2025 00:23:40 GMT Zwierzę poruszyło się z (2, 7) na (2, 7)
19 Jan 2025 00:23:40 GMT Długość listy pozycji: 10
Lista pozycji zwierząt: {(4, 4)=[◣], (8, 9)=[◣], (5, 8)=[<], (2, 7)=[◢], (3, 9)=[◣], (2, 8)=[<], (2, 9)=[v], (9, 1)=[^], (6, 1)=[<], (9, 5)=[v]}
19 Jan 2025 00:23:40 GMT Zwierzę poruszyło się z (9, 1) na (9, 1)
19 Jan 2025 00:23:40 GMT Długość listy pozycji: 10
Lista pozycji zwierząt: {(4, 4)=[◣], (8, 9)=[◣], (5, 8)=[<], (2, 7)=[◢], (3, 9)=[◣], (2, 8)=[<], (2, 9)=[◣], (9, 1)=[^], (6, 1)=[<], (9, 5)=[v]}
19 Jan 2025 00:23:40 GMT Zwierzę poruszyło się z (2, 9) na (2, 9)
19 Jan 2025 00:23:40 GMT Długość listy pozycji: 10
Lista pozycji zwierząt: {(4, 4)=[◣], (8, 9)=[◣], (5, 8)=[<], (2, 7)=[◢], (3, 9)=[◣], (2, 8)=[<], (2, 9)=[◣], (9, 1)=[^], (6, 1)=[<], (9, 5)=[v]}
19 Jan 2025 00:23:40 GMT Zwierzę poruszyło się z (3, 9) na (3, 9)
19 Jan 2025 00:23:40 GMT Długość listy pozycji: 10
Lista pozycji zwierząt: {(4, 4)=[◣], (8, 9)=[◣], (5, 8)=[^], (2, 7)=[◢], (3, 9)=[◣], (2, 8)=[<], (2, 9)=[◣], (9, 1)=[^], (6, 1)=[<], (9, 5)=[v]}
19 Jan 2025 00:23:40 GMT Zwierzę poruszyło się z (5, 8) na (5, 8)
19 Jan 2025 00:23:41 GMT Roślinka wyrosła na null
19 Jan 2025 00:23:41 GMT Roślinka wyrosła na null
19 Jan 2025 00:23:41 GMT Roślinka wyrosła na null
19 Jan 2025 00:23:41 GMT Roślinka wyrosła na null
19 Jan 2025 00:23:41 GMT Roślinka wyrosła na null
19 Jan 2025 00:23:41 GMT Roślinka wyrosła na null
19 Jan 2025 00:23:41 GMT Roślinka wyrosła na null
19 Jan 2025 00:23:41 GMT Roślinka wyrosła na null
19 Jan 2025 00:23:41 GMT Roślinka wyrosła na null
19 Jan 2025 00:23:41 GMT Roślinka wyrosła na null
19 Jan 2025 00:23:41 GMT Długość listy pozycji: 10
Lista pozycji zwierząt: {(4, 4)=[◣], (8, 9)=[◣], (5, 8)=[^], (2, 7)=[◢], (0, 6)=[◥], (3, 9)=[◣], (2, 8)=[<], (2, 9)=[◣], (9, 1)=[^], (6, 1)=[<]}
19 Jan 2025 00:23:41 GMT Zwierzę poruszyło się z (9, 5) na (0, 6)
19 Jan 2025 00:23:41 GMT Długość listy pozycji: 10
Lista pozycji zwierząt: {(4, 4)=[>], (8, 9)=[◣], (5, 8)=[^], (2, 7)=[◢], (0, 6)=[◥], (3, 9)=[◣], (2, 8)=[<], (2, 9)=[◣], (9, 1)=[^], (6, 1)=[<]}
19 Jan 2025 00:23:41 GMT Zwierzę poruszyło się z (4, 4) na (4, 4)
19 Jan 2025 00:23:41 GMT Długość listy pozycji: 10
Lista pozycji zwierząt: {(4, 4)=[>], (8, 9)=[◣], (5, 8)=[^], (2, 7)=[◢], (0, 6)=[◥], (3, 9)=[◣], (2, 8)=[<], (2, 9)=[◣], (9, 1)=[^], (6, 1)=[>]}
19 Jan 2025 00:23:41 GMT Zwierzę poruszyło się z (6, 1) na (6, 1)
19 Jan 2025 00:23:41 GMT Długość listy pozycji: 10
Lista pozycji zwierząt: {(4, 4)=[>], (8, 9)=[◣], (5, 8)=[^], (2, 7)=[◢], (0, 6)=[◥], (3, 9)=[◣], (2, 8)=[<], (2, 9)=[◣], (9, 1)=[^], (6, 1)=[>]}
19 Jan 2025 00:23:41 GMT Zwierzę poruszyło się z (2, 8) na (2, 8)
19 Jan 2025 00:23:41 GMT Długość listy pozycji: 10
Lista pozycji zwierząt: {(4, 4)=[>], (8, 9)=[◢], (5, 8)=[^], (2, 7)=[◢], (0, 6)=[◥], (3, 9)=[◣], (2, 8)=[<], (2, 9)=[◣], (9, 1)=[^], (6, 1)=[>]}
19 Jan 2025 00:23:41 GMT Zwierzę poruszyło się z (8, 9) na (8, 9)
19 Jan 2025 00:23:41 GMT Długość listy pozycji: 10
Lista pozycji zwierząt: {(4, 4)=[>], (8, 9)=[◢], (5, 8)=[^], (2, 7)=[v], (0, 6)=[◥], (3, 9)=[◣], (2, 8)=[<], (2, 9)=[◣], (9, 1)=[^], (6, 1)=[>]}
19 Jan 2025 00:23:41 GMT Zwierzę poruszyło się z (2, 7) na (2, 7)
19 Jan 2025 00:23:42 GMT Długość listy pozycji: 10
Lista pozycji zwierząt: {(4, 4)=[>], (8, 9)=[◢], (5, 8)=[^], (2, 7)=[v], (0, 6)=[◥], (3, 9)=[◣], (2, 8)=[<], (2, 9)=[◣], (9, 1)=[<], (6, 1)=[>]}
19 Jan 2025 00:23:42 GMT Zwierzę poruszyło się z (9, 1) na (9, 1)
19 Jan 2025 00:23:42 GMT Długość listy pozycji: 10
Lista pozycji zwierząt: {(4, 4)=[>], (8, 9)=[◢], (5, 8)=[^], (2, 7)=[v], (0, 6)=[◥], (3, 9)=[◣], (2, 8)=[<], (2, 9)=[>], (9, 1)=[<], (6, 1)=[>]}
19 Jan 2025 00:23:42 GMT Zwierzę poruszyło się z (2, 9) na (2, 9)
19 Jan 2025 00:23:42 GMT Długość listy pozycji: 10
Lista pozycji zwierząt: {(4, 4)=[>], (8, 9)=[◢], (5, 8)=[^], (2, 7)=[v], (0, 6)=[◥], (3, 9)=[>], (2, 8)=[<], (2, 9)=[>], (9, 1)=[<], (6, 1)=[>]}
19 Jan 2025 00:23:42 GMT Zwierzę poruszyło się z (3, 9) na (3, 9)
19 Jan 2025 00:23:42 GMT Długość listy pozycji: 10
Lista pozycji zwierząt: {(4, 4)=[>], (8, 9)=[◢], (5, 8)=[◣], (2, 7)=[v], (0, 6)=[◥], (3, 9)=[>], (2, 8)=[<], (2, 9)=[>], (9, 1)=[<], (6, 1)=[>]}
19 Jan 2025 00:23:42 GMT Zwierzę poruszyło się z (5, 8) na (5, 8)
19 Jan 2025 00:23:42 GMT Zwierzę zjadło roślinkę na (0, 6)
19 Jan 2025 00:23:42 GMT Roślinka wyrosła na null
19 Jan 2025 00:23:42 GMT Roślinka wyrosła na null
19 Jan 2025 00:23:42 GMT Roślinka wyrosła na null
19 Jan 2025 00:23:42 GMT Roślinka wyrosła na null
19 Jan 2025 00:23:42 GMT Roślinka wyrosła na null
19 Jan 2025 00:23:42 GMT Roślinka wyrosła na null
19 Jan 2025 00:23:42 GMT Roślinka wyrosła na null
19 Jan 2025 00:23:42 GMT Roślinka wyrosła na null
19 Jan 2025 00:23:42 GMT Roślinka wyrosła na null
19 Jan 2025 00:23:42 GMT Roślinka wyrosła na null
19 Jan 2025 00:23:42 GMT Długość listy pozycji: 10
Lista pozycji zwierząt: {(4, 4)=[>], (8, 9)=[◢], (5, 8)=[◣], (2, 7)=[v], (0, 6)=[◥], (3, 9)=[>], (2, 8)=[<], (2, 9)=[>], (9, 1)=[<], (6, 1)=[>]}
19 Jan 2025 00:23:42 GMT Zwierzę poruszyło się z (0, 6) na (0, 6)
19 Jan 2025 00:23:43 GMT Długość listy pozycji: 10
Lista pozycji zwierząt: {(4, 4)=[^], (8, 9)=[◢], (5, 8)=[◣], (2, 7)=[v], (0, 6)=[◥], (3, 9)=[>], (2, 8)=[<], (2, 9)=[>], (9, 1)=[<], (6, 1)=[>]}
19 Jan 2025 00:23:43 GMT Zwierzę poruszyło się z (4, 4) na (4, 4)
19 Jan 2025 00:23:43 GMT Długość listy pozycji: 10
Lista pozycji zwierząt: {(4, 4)=[^], (8, 9)=[◢], (5, 8)=[◣], (2, 7)=[v], (0, 6)=[◥], (3, 9)=[>], (2, 8)=[<], (2, 9)=[>], (9, 1)=[<], (6, 1)=[◤]}
19 Jan 2025 00:23:43 GMT Zwierzę poruszyło się z (6, 1) na (6, 1)
19 Jan 2025 00:23:43 GMT Długość listy pozycji: 10
Lista pozycji zwierząt: {(4, 4)=[^], (8, 9)=[◢], (5, 8)=[◣], (2, 7)=[v], (0, 6)=[◥], (3, 9)=[>], (2, 8)=[◢], (2, 9)=[>], (9, 1)=[<], (6, 1)=[◤]}
19 Jan 2025 00:23:43 GMT Zwierzę poruszyło się z (2, 8) na (2, 8)
19 Jan 2025 00:23:43 GMT Długość listy pozycji: 10
Lista pozycji zwierząt: {(4, 4)=[^], (8, 9)=[◢], (5, 8)=[◣], (2, 7)=[v], (0, 6)=[◥], (3, 9)=[>], (2, 8)=[◢], (2, 9)=[>], (9, 1)=[<], (6, 1)=[◤]}
19 Jan 2025 00:23:43 GMT Zwierzę poruszyło się z (8, 9) na (8, 9)
19 Jan 2025 00:23:43 GMT Długość listy pozycji: 10
Lista pozycji zwierząt: {(4, 4)=[^], (8, 9)=[◢], (5, 8)=[◣], (2, 7)=[◥], (0, 6)=[◥], (3, 9)=[>], (2, 8)=[◢], (2, 9)=[>], (9, 1)=[<], (6, 1)=[◤]}
19 Jan 2025 00:23:43 GMT Zwierzę poruszyło się z (2, 7) na (2, 7)
19 Jan 2025 00:23:43 GMT Długość listy pozycji: 10
Lista pozycji zwierząt: {(4, 4)=[^], (8, 9)=[◢], (5, 8)=[◣], (2, 7)=[◥], (0, 6)=[◥], (3, 9)=[>], (2, 8)=[◢], (2, 9)=[>], (9, 1)=[^], (6, 1)=[◤]}
19 Jan 2025 00:23:43 GMT Zwierzę poruszyło się z (9, 1) na (9, 1)
19 Jan 2025 00:23:43 GMT Długość listy pozycji: 10
Lista pozycji zwierząt: {(4, 4)=[^], (8, 9)=[◢], (5, 8)=[◣], (2, 7)=[◥], (0, 6)=[◥], (3, 9)=[>], (2, 8)=[◢], (2, 9)=[<], (9, 1)=[^], (6, 1)=[◤]}
19 Jan 2025 00:23:43 GMT Zwierzę poruszyło się z (2, 9) na (2, 9)
19 Jan 2025 00:23:43 GMT Długość listy pozycji: 10
Lista pozycji zwierząt: {(4, 4)=[^], (8, 9)=[◢], (5, 8)=[◣], (2, 7)=[◥], (0, 6)=[◥], (3, 9)=[◢], (2, 8)=[◢], (2, 9)=[<], (9, 1)=[^], (6, 1)=[◤]}
19 Jan 2025 00:23:43 GMT Zwierzę poruszyło się z (3, 9) na (3, 9)
19 Jan 2025 00:23:43 GMT Długość listy pozycji: 10
Lista pozycji zwierząt: {(4, 4)=[^], (8, 9)=[◢], (5, 8)=[◤], (2, 7)=[◥], (0, 6)=[◥], (3, 9)=[◢], (2, 8)=[◢], (2, 9)=[<], (9, 1)=[^], (6, 1)=[◤]}
19 Jan 2025 00:23:43 GMT Zwierzę poruszyło się z (5, 8) na (5, 8)
19 Jan 2025 00:23:44 GMT Roślinka wyrosła na null
19 Jan 2025 00:23:44 GMT Roślinka wyrosła na null
19 Jan 2025 00:23:44 GMT Roślinka wyrosła na null
19 Jan 2025 00:23:44 GMT Roślinka wyrosła na null
19 Jan 2025 00:23:44 GMT Roślinka wyrosła na null
19 Jan 2025 00:23:44 GMT Roślinka wyrosła na null
19 Jan 2025 00:23:44 GMT Roślinka wyrosła na null
19 Jan 2025 00:23:44 GMT Roślinka wyrosła na null
19 Jan 2025 00:23:44 GMT Roślinka wyrosła na null
19 Jan 2025 00:23:44 GMT Roślinka wyrosła na null
19 Jan 2025 00:23:44 GMT Długość listy pozycji: 10
Lista pozycji zwierząt: {(4, 4)=[^], (8, 9)=[◢], (5, 8)=[◤], (2, 7)=[◥], (0, 6)=[◢], (3, 9)=[◢], (2, 8)=[◢], (2, 9)=[<], (9, 1)=[^], (6, 1)=[◤]}
19 Jan 2025 00:23:44 GMT Zwierzę poruszyło się z (0, 6) na (0, 6)
19 Jan 2025 00:23:44 GMT Długość listy pozycji: 10
Lista pozycji zwierząt: {(4, 4)=[^], (8, 9)=[◢], (5, 8)=[◤], (2, 7)=[◥], (0, 6)=[◢], (3, 9)=[◢], (2, 8)=[◢], (2, 9)=[<], (9, 1)=[^], (6, 1)=[◤]}
19 Jan 2025 00:23:44 GMT Zwierzę poruszyło się z (4, 4) na (4, 4)
19 Jan 2025 00:23:44 GMT Długość listy pozycji: 10
Lista pozycji zwierząt: {(4, 4)=[^], (8, 9)=[◢], (5, 8)=[◤], (2, 7)=[◥], (0, 6)=[◢], (3, 9)=[◢], (2, 8)=[◢], (2, 9)=[<], (9, 1)=[^], (6, 1)=[◢]}
19 Jan 2025 00:23:44 GMT Zwierzę poruszyło się z (6, 1) na (6, 1)
19 Jan 2025 00:23:44 GMT Długość listy pozycji: 10
Lista pozycji zwierząt: {(4, 4)=[^], (8, 9)=[◢], (5, 8)=[◤], (2, 7)=[◥], (0, 6)=[◢], (3, 9)=[◢], (2, 8)=[◤], (2, 9)=[<], (9, 1)=[^], (6, 1)=[◢]}
19 Jan 2025 00:23:44 GMT Zwierzę poruszyło się z (2, 8) na (2, 8)
19 Jan 2025 00:23:44 GMT Długość listy pozycji: 10
Lista pozycji zwierząt: {(4, 4)=[^], (8, 9)=[v], (5, 8)=[◤], (2, 7)=[◥], (0, 6)=[◢], (3, 9)=[◢], (2, 8)=[◤], (2, 9)=[<], (9, 1)=[^], (6, 1)=[◢]}
19 Jan 2025 00:23:44 GMT Zwierzę poruszyło się z (8, 9) na (8, 9)
19 Jan 2025 00:23:44 GMT Długość listy pozycji: 10
Lista pozycji zwierząt: {(4, 4)=[^], (8, 9)=[v], (5, 8)=[◤], (2, 7)=[v], (0, 6)=[◢], (3, 9)=[◢], (2, 8)=[◤], (2, 9)=[<], (9, 1)=[^], (6, 1)=[◢]}
19 Jan 2025 00:23:44 GMT Zwierzę poruszyło się z (2, 7) na (2, 7)
19 Jan 2025 00:23:45 GMT Długość listy pozycji: 10
Lista pozycji zwierząt: {(4, 4)=[^], (8, 9)=[v], (5, 8)=[◤], (2, 7)=[v], (0, 6)=[◢], (3, 9)=[◢], (2, 8)=[◤], (2, 9)=[<], (9, 1)=[<], (6, 1)=[◢]}
19 Jan 2025 00:23:45 GMT Zwierzę poruszyło się z (9, 1) na (9, 1)
19 Jan 2025 00:23:45 GMT Długość listy pozycji: 10
Lista pozycji zwierząt: {(4, 4)=[^], (8, 9)=[v], (5, 8)=[◤], (2, 7)=[v], (0, 6)=[◢], (3, 9)=[◢], (2, 8)=[◤], (2, 9)=[◢], (9, 1)=[<], (6, 1)=[◢]}
19 Jan 2025 00:23:45 GMT Zwierzę poruszyło się z (2, 9) na (2, 9)
19 Jan 2025 00:23:45 GMT Długość listy pozycji: 10
Lista pozycji zwierząt: {(4, 4)=[^], (8, 9)=[v], (5, 8)=[◤], (2, 7)=[v], (0, 6)=[◢], (3, 9)=[<], (2, 8)=[◤], (2, 9)=[◢], (9, 1)=[<], (6, 1)=[◢]}
19 Jan 2025 00:23:45 GMT Zwierzę poruszyło się z (3, 9) na (3, 9)
19 Jan 2025 00:23:45 GMT Długość listy pozycji: 10
Lista pozycji zwierząt: {(4, 4)=[^], (8, 9)=[v], (5, 8)=[<], (2, 7)=[v], (0, 6)=[◢], (3, 9)=[<], (2, 8)=[◤], (2, 9)=[◢], (9, 1)=[<], (6, 1)=[◢]}
19 Jan 2025 00:23:45 GMT Zwierzę poruszyło się z (5, 8) na (5, 8)
19 Jan 2025 00:23:45 GMT Roślinka wyrosła na null
19 Jan 2025 00:23:45 GMT Roślinka wyrosła na null
19 Jan 2025 00:23:45 GMT Roślinka wyrosła na null
19 Jan 2025 00:23:45 GMT Roślinka wyrosła na null
19 Jan 2025 00:23:45 GMT Roślinka wyrosła na null
19 Jan 2025 00:23:45 GMT Roślinka wyrosła na null
19 Jan 2025 00:23:45 GMT Roślinka wyrosła na null
19 Jan 2025 00:23:45 GMT Roślinka wyrosła na null
19 Jan 2025 00:23:45 GMT Roślinka wyrosła na null
19 Jan 2025 00:23:45 GMT Roślinka wyrosła na null
19 Jan 2025 00:23:45 GMT Długość listy pozycji: 10
Lista pozycji zwierząt: {(4, 4)=[^], (8, 9)=[v], (5, 8)=[<], (2, 7)=[v], (0, 6)=[>], (3, 9)=[<], (2, 8)=[◤], (2, 9)=[◢], (9, 1)=[<], (6, 1)=[◢]}
19 Jan 2025 00:23:45 GMT Zwierzę poruszyło się z (0, 6) na (0, 6)
19 Jan 2025 00:23:46 GMT Długość listy pozycji: 10
Lista pozycji zwierząt: {(4, 4)=[v], (8, 9)=[v], (5, 8)=[<], (2, 7)=[v], (0, 6)=[>], (3, 9)=[<], (2, 8)=[◤], (2, 9)=[◢], (9, 1)=[<], (6, 1)=[◢]}
19 Jan 2025 00:23:46 GMT Zwierzę poruszyło się z (4, 4) na (4, 4)
19 Jan 2025 00:23:46 GMT Długość listy pozycji: 10
Lista pozycji zwierząt: {(4, 4)=[v], (8, 9)=[v], (5, 8)=[<], (2, 7)=[v], (0, 6)=[>], (3, 9)=[<], (2, 8)=[◤], (2, 9)=[◢], (9, 1)=[<], (6, 1)=[◤]}
19 Jan 2025 00:23:46 GMT Zwierzę poruszyło się z (6, 1) na (6, 1)
19 Jan 2025 00:23:46 GMT Długość listy pozycji: 10
Lista pozycji zwierząt: {(4, 4)=[v], (8, 9)=[v], (5, 8)=[<], (2, 7)=[v], (0, 6)=[>], (3, 9)=[<], (2, 8)=[>], (2, 9)=[◢], (9, 1)=[<], (6, 1)=[◤]}
19 Jan 2025 00:23:46 GMT Zwierzę poruszyło się z (2, 8) na (2, 8)
19 Jan 2025 00:23:46 GMT Długość listy pozycji: 10
Lista pozycji zwierząt: {(4, 4)=[v], (8, 9)=[◣], (5, 8)=[<], (2, 7)=[v], (0, 6)=[>], (3, 9)=[<], (2, 8)=[>], (2, 9)=[◢], (9, 1)=[<], (6, 1)=[◤]}
19 Jan 2025 00:23:46 GMT Zwierzę poruszyło się z (8, 9) na (8, 9)
19 Jan 2025 00:23:46 GMT Długość listy pozycji: 10
Lista pozycji zwierząt: {(4, 4)=[v], (8, 9)=[◣], (5, 8)=[<], (2, 7)=[>], (0, 6)=[>], (3, 9)=[<], (2, 8)=[>], (2, 9)=[◢], (9, 1)=[<], (6, 1)=[◤]}
19 Jan 2025 00:23:46 GMT Zwierzę poruszyło się z (2, 7) na (2, 7)
19 Jan 2025 00:23:46 GMT Długość listy pozycji: 10
Lista pozycji zwierząt: {(4, 4)=[v], (0, 1)=[>], (8, 9)=[◣], (5, 8)=[<], (2, 7)=[>], (0, 6)=[>], (3, 9)=[<], (2, 8)=[>], (2, 9)=[◢], (6, 1)=[◤]}
19 Jan 2025 00:23:46 GMT Zwierzę poruszyło się z (9, 1) na (0, 1)
19 Jan 2025 00:23:46 GMT Długość listy pozycji: 10
Lista pozycji zwierząt: {(4, 4)=[v], (0, 1)=[>], (8, 9)=[◣], (5, 8)=[<], (2, 7)=[>], (0, 6)=[>], (3, 9)=[<], (2, 8)=[>], (2, 9)=[v], (6, 1)=[◤]}
19 Jan 2025 00:23:46 GMT Zwierzę poruszyło się z (2, 9) na (2, 9)
19 Jan 2025 00:23:46 GMT Długość listy pozycji: 10
Lista pozycji zwierząt: {(4, 4)=[v], (0, 1)=[>], (8, 9)=[◣], (5, 8)=[<], (2, 7)=[>], (0, 6)=[>], (3, 9)=[v], (2, 8)=[>], (2, 9)=[v], (6, 1)=[◤]}
19 Jan 2025 00:23:46 GMT Zwierzę poruszyło się z (3, 9) na (3, 9)
19 Jan 2025 00:23:46 GMT Długość listy pozycji: 10
Lista pozycji zwierząt: {(4, 4)=[v], (0, 1)=[>], (8, 9)=[◣], (5, 8)=[◢], (2, 7)=[>], (0, 6)=[>], (3, 9)=[v], (2, 8)=[>], (2, 9)=[v], (6, 1)=[◤]}
19 Jan 2025 00:23:46 GMT Zwierzę poruszyło się z (5, 8) na (5, 8)
19 Jan 2025 00:23:46 GMT Zwierzę zjadło roślinkę na (0, 1)
19 Jan 2025 00:23:47 GMT Roślinka wyrosła na null
19 Jan 2025 00:23:47 GMT Roślinka wyrosła na null
19 Jan 2025 00:23:47 GMT Roślinka wyrosła na null
19 Jan 2025 00:23:47 GMT Roślinka wyrosła na null
19 Jan 2025 00:23:47 GMT Roślinka wyrosła na null
19 Jan 2025 00:23:47 GMT Roślinka wyrosła na null
19 Jan 2025 00:23:47 GMT Roślinka wyrosła na null
19 Jan 2025 00:23:47 GMT Roślinka wyrosła na null
19 Jan 2025 00:23:47 GMT Roślinka wyrosła na null
19 Jan 2025 00:23:47 GMT Roślinka wyrosła na null
19 Jan 2025 00:23:47 GMT Długość listy pozycji: 10
Lista pozycji zwierząt: {(4, 4)=[v], (0, 1)=[>], (8, 9)=[◣], (5, 8)=[◢], (2, 7)=[>], (0, 6)=[^], (3, 9)=[v], (2, 8)=[>], (2, 9)=[v], (6, 1)=[◤]}
19 Jan 2025 00:23:47 GMT Zwierzę poruszyło się z (0, 6) na (0, 6)
19 Jan 2025 00:23:47 GMT Długość listy pozycji: 10
Lista pozycji zwierząt: {(4, 4)=[◢], (0, 1)=[>], (8, 9)=[◣], (5, 8)=[◢], (2, 7)=[>], (0, 6)=[^], (3, 9)=[v], (2, 8)=[>], (2, 9)=[v], (6, 1)=[◤]}
19 Jan 2025 00:23:47 GMT Zwierzę poruszyło się z (4, 4) na (4, 4)
19 Jan 2025 00:23:47 GMT Długość listy pozycji: 10
Lista pozycji zwierząt: {(4, 4)=[◢], (0, 1)=[>], (8, 9)=[◣], (5, 8)=[◢], (2, 7)=[>], (0, 6)=[^], (3, 9)=[v], (2, 8)=[>], (2, 9)=[v], (6, 1)=[<]}
19 Jan 2025 00:23:47 GMT Zwierzę poruszyło się z (6, 1) na (6, 1)
19 Jan 2025 00:23:47 GMT Długość listy pozycji: 10
Lista pozycji zwierząt: {(4, 4)=[◢], (0, 1)=[>], (8, 9)=[◣], (5, 8)=[◢], (2, 7)=[>], (0, 6)=[^], (3, 9)=[v], (2, 8)=[◤], (2, 9)=[v], (6, 1)=[<]}
19 Jan 2025 00:23:47 GMT Zwierzę poruszyło się z (2, 8) na (2, 8)
19 Jan 2025 00:23:47 GMT Długość listy pozycji: 10
Lista pozycji zwierząt: {(4, 4)=[◢], (0, 1)=[>], (8, 9)=[>], (5, 8)=[◢], (2, 7)=[>], (0, 6)=[^], (3, 9)=[v], (2, 8)=[◤], (2, 9)=[v], (6, 1)=[<]}
19 Jan 2025 00:23:47 GMT Zwierzę poruszyło się z (8, 9) na (8, 9)
19 Jan 2025 00:23:47 GMT Długość listy pozycji: 10
Lista pozycji zwierząt: {(4, 4)=[◢], (0, 1)=[>], (8, 9)=[>], (5, 8)=[◢], (2, 7)=[◤], (0, 6)=[^], (3, 9)=[v], (2, 8)=[◤], (2, 9)=[v], (6, 1)=[<]}
19 Jan 2025 00:23:47 GMT Zwierzę poruszyło się z (2, 7) na (2, 7)
19 Jan 2025 00:23:48 GMT Długość listy pozycji: 10
Lista pozycji zwierząt: {(4, 4)=[◢], (0, 1)=[◥], (8, 9)=[>], (5, 8)=[◢], (2, 7)=[◤], (0, 6)=[^], (3, 9)=[v], (2, 8)=[◤], (2, 9)=[v], (6, 1)=[<]}
19 Jan 2025 00:23:48 GMT Zwierzę poruszyło się z (0, 1) na (0, 1)
19 Jan 2025 00:23:48 GMT Długość listy pozycji: 10
Lista pozycji zwierząt: {(4, 4)=[◢], (0, 1)=[◥], (8, 9)=[>], (5, 8)=[◢], (2, 7)=[◤], (0, 6)=[^], (3, 9)=[v], (2, 8)=[◤], (2, 9)=[>], (6, 1)=[<]}
19 Jan 2025 00:23:48 GMT Zwierzę poruszyło się z (2, 9) na (2, 9)
19 Jan 2025 00:23:48 GMT Długość listy pozycji: 10
Lista pozycji zwierząt: {(4, 4)=[◢], (0, 1)=[◥], (8, 9)=[>], (5, 8)=[◢], (2, 7)=[◤], (0, 6)=[^], (3, 9)=[>], (2, 8)=[◤], (2, 9)=[>], (6, 1)=[<]}
19 Jan 2025 00:23:48 GMT Zwierzę poruszyło się z (3, 9) na (3, 9)
19 Jan 2025 00:23:48 GMT Długość listy pozycji: 10
Lista pozycji zwierząt: {(4, 4)=[◢], (0, 1)=[◥], (8, 9)=[>], (5, 8)=[◥], (2, 7)=[◤], (0, 6)=[^], (3, 9)=[>], (2, 8)=[◤], (2, 9)=[>], (6, 1)=[<]}
19 Jan 2025 00:23:48 GMT Zwierzę poruszyło się z (5, 8) na (5, 8)
19 Jan 2025 00:23:48 GMT Roślinka wyrosła na null
19 Jan 2025 00:23:48 GMT Roślinka wyrosła na null
19 Jan 2025 00:23:48 GMT Roślinka wyrosła na null
19 Jan 2025 00:23:48 GMT Roślinka wyrosła na null
19 Jan 2025 00:23:48 GMT Roślinka wyrosła na null
19 Jan 2025 00:23:48 GMT Roślinka wyrosła na null
19 Jan 2025 00:23:48 GMT Roślinka wyrosła na null
19 Jan 2025 00:23:48 GMT Roślinka wyrosła na null
19 Jan 2025 00:23:48 GMT Roślinka wyrosła na null
19 Jan 2025 00:23:48 GMT Roślinka wyrosła na null
19 Jan 2025 00:23:48 GMT Długość listy pozycji: 10
Lista pozycji zwierząt: {(4, 4)=[◢], (0, 1)=[◥], (8, 9)=[>], (5, 8)=[◥], (2, 7)=[◤], (3, 9)=[>], (2, 8)=[◤], (2, 9)=[>], (6, 1)=[<], (9, 7)=[◤]}
19 Jan 2025 00:23:48 GMT Zwierzę poruszyło się z (0, 6) na (9, 7)
19 Jan 2025 00:23:48 GMT Długość listy pozycji: 10
Lista pozycji zwierząt: {(4, 4)=[<], (0, 1)=[◥], (8, 9)=[>], (5, 8)=[◥], (2, 7)=[◤], (3, 9)=[>], (2, 8)=[◤], (2, 9)=[>], (6, 1)=[<], (9, 7)=[◤]}
19 Jan 2025 00:23:49 GMT Zwierzę poruszyło się z (4, 4) na (4, 4)
19 Jan 2025 00:23:49 GMT Długość listy pozycji: 10
Lista pozycji zwierząt: {(4, 4)=[<], (0, 1)=[◥], (8, 9)=[>], (5, 8)=[◥], (2, 7)=[◤], (3, 9)=[>], (2, 8)=[◤], (2, 9)=[>], (6, 1)=[^], (9, 7)=[◤]}
19 Jan 2025 00:23:49 GMT Zwierzę poruszyło się z (6, 1) na (6, 1)
19 Jan 2025 00:23:49 GMT Długość listy pozycji: 10
Lista pozycji zwierząt: {(4, 4)=[<], (0, 1)=[◥], (8, 9)=[>], (5, 8)=[◥], (2, 7)=[◤], (3, 9)=[>], (2, 8)=[^], (2, 9)=[>], (6, 1)=[^], (9, 7)=[◤]}
19 Jan 2025 00:23:49 GMT Zwierzę poruszyło się z (2, 8) na (2, 8)
19 Jan 2025 00:23:49 GMT Długość listy pozycji: 10
Lista pozycji zwierząt: {(4, 4)=[<], (0, 1)=[◥], (8, 9)=[<], (5, 8)=[◥], (2, 7)=[◤], (3, 9)=[>], (2, 8)=[^], (2, 9)=[>], (6, 1)=[^], (9, 7)=[◤]}
19 Jan 2025 00:23:49 GMT Zwierzę poruszyło się z (8, 9) na (8, 9)
19 Jan 2025 00:23:49 GMT Długość listy pozycji: 10
Lista pozycji zwierząt: {(4, 4)=[<], (0, 1)=[◥], (8, 9)=[<], (5, 8)=[◥], (2, 7)=[◥], (3, 9)=[>], (2, 8)=[^], (2, 9)=[>], (6, 1)=[^], (9, 7)=[◤]}
19 Jan 2025 00:23:49 GMT Zwierzę poruszyło się z (2, 7) na (2, 7)
19 Jan 2025 00:23:49 GMT Długość listy pozycji: 10
Lista pozycji zwierząt: {(4, 4)=[<], (0, 1)=[^], (8, 9)=[<], (5, 8)=[◥], (2, 7)=[◥], (3, 9)=[>], (2, 8)=[^], (2, 9)=[>], (6, 1)=[^], (9, 7)=[◤]}
19 Jan 2025 00:23:49 GMT Zwierzę poruszyło się z (0, 1) na (0, 1)
19 Jan 2025 00:23:49 GMT Długość listy pozycji: 10
Lista pozycji zwierząt: {(4, 4)=[<], (0, 1)=[^], (8, 9)=[<], (5, 8)=[◥], (2, 7)=[◥], (3, 9)=[>], (2, 8)=[^], (2, 9)=[◢], (6, 1)=[^], (9, 7)=[◤]}
19 Jan 2025 00:23:49 GMT Zwierzę poruszyło się z (2, 9) na (2, 9)
19 Jan 2025 00:23:49 GMT Długość listy pozycji: 10
Lista pozycji zwierząt: {(4, 4)=[<], (0, 1)=[^], (8, 9)=[<], (5, 8)=[◥], (2, 7)=[◥], (3, 9)=[◣], (2, 8)=[^], (2, 9)=[◢], (6, 1)=[^], (9, 7)=[◤]}
19 Jan 2025 00:23:49 GMT Zwierzę poruszyło się z (3, 9) na (3, 9)
19 Jan 2025 00:23:49 GMT Długość listy pozycji: 10
Lista pozycji zwierząt: {(4, 4)=[<], (0, 1)=[^], (8, 9)=[<], (5, 8)=[◤], (2, 7)=[◥], (3, 9)=[◣], (2, 8)=[^], (2, 9)=[◢], (6, 1)=[^], (9, 7)=[◤]}
19 Jan 2025 00:23:49 GMT Zwierzę poruszyło się z (5, 8) na (5, 8)
19 Jan 2025 00:23:49 GMT Zwierzę zjadło roślinkę na (9, 7)
19 Jan 2025 00:23:50 GMT Roślinka wyrosła na null
19 Jan 2025 00:23:50 GMT Roślinka wyrosła na null
19 Jan 2025 00:23:50 GMT Roślinka wyrosła na null
19 Jan 2025 00:23:50 GMT Roślinka wyrosła na null
19 Jan 2025 00:23:50 GMT Roślinka wyrosła na null
19 Jan 2025 00:23:50 GMT Roślinka wyrosła na null
19 Jan 2025 00:23:50 GMT Roślinka wyrosła na null
19 Jan 2025 00:23:50 GMT Roślinka wyrosła na null
19 Jan 2025 00:23:50 GMT Roślinka wyrosła na null
19 Jan 2025 00:23:50 GMT Roślinka wyrosła na null
19 Jan 2025 00:23:50 GMT Długość listy pozycji: 10
Lista pozycji zwierząt: {(4, 4)=[<], (0, 1)=[^], (8, 9)=[<], (5, 8)=[◤], (2, 7)=[◥], (3, 9)=[◣], (2, 8)=[^], (2, 9)=[◢], (0, 8)=[◥], (6, 1)=[^]}
19 Jan 2025 00:23:50 GMT Zwierzę poruszyło się z (9, 7) na (0, 8)
19 Jan 2025 00:23:50 GMT Długość listy pozycji: 10
Lista pozycji zwierząt: {(4, 4)=[^], (0, 1)=[^], (8, 9)=[<], (5, 8)=[◤], (2, 7)=[◥], (3, 9)=[◣], (2, 8)=[^], (2, 9)=[◢], (0, 8)=[◥], (6, 1)=[^]}
19 Jan 2025 00:23:50 GMT Zwierzę poruszyło się z (4, 4) na (4, 4)
19 Jan 2025 00:23:50 GMT Długość listy pozycji: 10
Lista pozycji zwierząt: {(4, 4)=[^], (0, 1)=[^], (8, 9)=[<], (5, 8)=[◤], (2, 7)=[◥], (3, 9)=[◣], (2, 8)=[^], (2, 9)=[◢], (0, 8)=[◥], (6, 1)=[v]}
19 Jan 2025 00:23:50 GMT Zwierzę poruszyło się z (6, 1) na (6, 1)
19 Jan 2025 00:23:50 GMT Długość listy pozycji: 10
Lista pozycji zwierząt: {(4, 4)=[^], (0, 1)=[^], (8, 9)=[<], (5, 8)=[◤], (2, 7)=[◥], (3, 9)=[◣], (2, 8)=[<], (2, 9)=[◢], (0, 8)=[◥], (6, 1)=[v]}
19 Jan 2025 00:23:50 GMT Zwierzę poruszyło się z (2, 8) na (2, 8)
19 Jan 2025 00:23:50 GMT Długość listy pozycji: 10
Lista pozycji zwierząt: {(4, 4)=[^], (0, 1)=[^], (8, 9)=[v], (5, 8)=[◤], (2, 7)=[◥], (3, 9)=[◣], (2, 8)=[<], (2, 9)=[◢], (0, 8)=[◥], (6, 1)=[v]}
19 Jan 2025 00:23:50 GMT Zwierzę poruszyło się z (8, 9) na (8, 9)
19 Jan 2025 00:23:50 GMT Długość listy pozycji: 10
Lista pozycji zwierząt: {(4, 4)=[^], (0, 1)=[^], (8, 9)=[v], (5, 8)=[◤], (2, 7)=[^], (3, 9)=[◣], (2, 8)=[<], (2, 9)=[◢], (0, 8)=[◥], (6, 1)=[v]}
19 Jan 2025 00:23:50 GMT Zwierzę poruszyło się z (2, 7) na (2, 7)
19 Jan 2025 00:23:51 GMT Długość listy pozycji: 10
Lista pozycji zwierząt: {(4, 4)=[^], (0, 1)=[◥], (8, 9)=[v], (5, 8)=[◤], (2, 7)=[^], (3, 9)=[◣], (2, 8)=[<], (2, 9)=[◢], (0, 8)=[◥], (6, 1)=[v]}
19 Jan 2025 00:23:51 GMT Zwierzę poruszyło się z (0, 1) na (0, 1)
19 Jan 2025 00:23:51 GMT Długość listy pozycji: 10
Lista pozycji zwierząt: {(4, 4)=[^], (0, 1)=[◥], (8, 9)=[v], (5, 8)=[◤], (2, 7)=[^], (3, 9)=[◣], (2, 8)=[<], (2, 9)=[◣], (0, 8)=[◥], (6, 1)=[v]}
19 Jan 2025 00:23:51 GMT Zwierzę poruszyło się z (2, 9) na (2, 9)
19 Jan 2025 00:23:51 GMT Długość listy pozycji: 10
Lista pozycji zwierząt: {(4, 4)=[^], (0, 1)=[◥], (8, 9)=[v], (5, 8)=[◤], (2, 7)=[^], (3, 9)=[v], (2, 8)=[<], (2, 9)=[◣], (0, 8)=[◥], (6, 1)=[v]}
19 Jan 2025 00:23:51 GMT Zwierzę poruszyło się z (3, 9) na (3, 9)
19 Jan 2025 00:23:51 GMT Długość listy pozycji: 10
Lista pozycji zwierząt: {(4, 4)=[^], (0, 1)=[◥], (8, 9)=[v], (5, 8)=[◤], (2, 7)=[^], (3, 9)=[v], (2, 8)=[<], (2, 9)=[◣], (0, 8)=[◥], (6, 1)=[v]}
19 Jan 2025 00:23:51 GMT Zwierzę poruszyło się z (5, 8) na (5, 8)
19 Jan 2025 00:23:51 GMT Zwierzę zjadło roślinkę na (0, 8)
19 Jan 2025 00:23:51 GMT Roślinka wyrosła na null
19 Jan 2025 00:23:51 GMT Roślinka wyrosła na null
