18 Jan 2025 21:47:19 GMT Zwierze zostało położone na (4, 0)
18 Jan 2025 21:47:19 GMT Zwierze zostało położone na (7, 1)
18 Jan 2025 21:47:19 GMT Zwierze zostało położone na (3, 1)
18 Jan 2025 21:47:19 GMT Zwierze zostało położone na (4, 0)
18 Jan 2025 21:47:19 GMT Długość listy pozycji: 3
Lista pozycji zwierząt: {(7, 1)=[v], (4, 0)=[^, ^], (3, 1)=[◥]}
18 Jan 2025 21:47:19 GMT Zwierzę poruszyło się z (4, 0) na (4, 0)
18 Jan 2025 21:47:19 GMT Długość listy pozycji: 3
Lista pozycji zwierząt: {(7, 1)=[v], (4, 0)=[^, ^], (3, 1)=[◥]}
18 Jan 2025 21:47:19 GMT Zwierzę poruszyło się z (7, 1) na (7, 1)
18 Jan 2025 21:47:19 GMT Długość listy pozycji: 3
Lista pozycji zwierząt: {(7, 1)=[v], (4, 0)=[^, ^], (4, 1)=[>]}
18 Jan 2025 21:47:19 GMT Zwierzę poruszyło się z (3, 1) na (4, 1)
18 Jan 2025 21:47:19 GMT Długość listy pozycji: 3
Lista pozycji zwierząt: {(7, 1)=[v], (4, 0)=[^], (4, 1)=[>, ^]}
18 Jan 2025 21:47:19 GMT Zwierzę poruszyło się z (4, 0) na (4, 1)
18 Jan 2025 21:47:19 GMT Zwierzę zjadło roślinkę na (7, 1)
18 Jan 2025 21:47:19 GMT Zwierzę zjadło roślinkę na (4, 1)
18 Jan 2025 21:47:20 GMT Zwierze zostało położone na (4, 1)
18 Jan 2025 21:47:20 GMT Urodziło się nowe zwierzę na (4, 1)
18 Jan 2025 21:47:20 GMT Roślinka wyrosła na (4, 0)
18 Jan 2025 21:47:20 GMT Roślinka wyrosła na (0, 0)
18 Jan 2025 21:47:20 GMT Roślinka wyrosła na (6, 0)
18 Jan 2025 21:47:20 GMT Roślinka wyrosła na (3, 0)
18 Jan 2025 21:47:20 GMT Roślinka wyrosła na (8, 0)
18 Jan 2025 21:47:20 GMT Roślinka wyrosła na (5, 1)
18 Jan 2025 21:47:20 GMT Roślinka wyrosła na (5, 0)
18 Jan 2025 21:47:20 GMT Roślinka wyrosła na (9, 0)
18 Jan 2025 21:47:20 GMT Roślinka wyrosła na (2, 1)
18 Jan 2025 21:47:20 GMT Roślinka wyrosła na (1, 0)
18 Jan 2025 21:47:20 GMT Zwierzę umarło na (4, 1)
18 Jan 2025 21:47:20 GMT Długość listy pozycji: 3
Lista pozycji zwierząt: {(7, 1)=[v], (5, 0)=[>], (4, 1)=[◥, ^]}
18 Jan 2025 21:47:20 GMT Zwierzę poruszyło się z (4, 0) na (5, 0)
18 Jan 2025 21:47:20 GMT Długość listy pozycji: 3
Lista pozycji zwierząt: {(7, 1)=[v], (5, 0)=[>], (4, 1)=[◥, ^]}
18 Jan 2025 21:47:20 GMT Zwierzę poruszyło się z (7, 1) na (7, 1)
18 Jan 2025 21:47:20 GMT Długość listy pozycji: 3
Lista pozycji zwierząt: {(7, 1)=[v], (5, 0)=[>], (4, 1)=[◥, v]}
18 Jan 2025 21:47:20 GMT Zwierzę poruszyło się z (4, 1) na (4, 1)
18 Jan 2025 21:47:20 GMT Zwierzę zjadło roślinkę na (5, 0)
18 Jan 2025 21:47:20 GMT Zwierze zostało położone na (4, 1)
18 Jan 2025 21:47:20 GMT Urodziło się nowe zwierzę na (4, 1)
18 Jan 2025 21:47:21 GMT Roślinka wyrosła na null
18 Jan 2025 21:47:21 GMT Roślinka wyrosła na null
18 Jan 2025 21:47:21 GMT Roślinka wyrosła na null
18 Jan 2025 21:47:21 GMT Roślinka wyrosła na null
18 Jan 2025 21:47:21 GMT Roślinka wyrosła na null
18 Jan 2025 21:47:21 GMT Roślinka wyrosła na null
18 Jan 2025 21:47:21 GMT Roślinka wyrosła na null
18 Jan 2025 21:47:21 GMT Roślinka wyrosła na null
18 Jan 2025 21:47:21 GMT Roślinka wyrosła na null
18 Jan 2025 21:47:21 GMT Roślinka wyrosła na null
18 Jan 2025 21:47:21 GMT Długość listy pozycji: 3
Lista pozycji zwierząt: {(7, 1)=[v], (5, 0)=[^], (4, 1)=[v, ◥, v]}
18 Jan 2025 21:47:21 GMT Zwierzę poruszyło się z (5, 0) na (5, 0)
18 Jan 2025 21:47:21 GMT Długość listy pozycji: 3
Lista pozycji zwierząt: {(7, 1)=[v], (5, 0)=[^], (4, 1)=[v, ◥, v]}
18 Jan 2025 21:47:21 GMT Zwierzę poruszyło się z (7, 1) na (7, 1)
18 Jan 2025 21:47:21 GMT Długość listy pozycji: 4
Lista pozycji zwierząt: {(7, 1)=[v], (5, 0)=[^], (4, 0)=[v], (4, 1)=[v, ◥, v]}
18 Jan 2025 21:47:21 GMT Zwierzę poruszyło się z (4, 1) na (4, 0)
18 Jan 2025 21:47:21 GMT Zwierzę zjadło roślinkę na (4, 0)
18 Jan 2025 21:47:21 GMT Zwierze zostało położone na (4, 1)
18 Jan 2025 21:47:21 GMT Urodziło się nowe zwierzę na (4, 1)
18 Jan 2025 21:47:21 GMT Roślinka wyrosła na null
18 Jan 2025 21:47:21 GMT Roślinka wyrosła na null
18 Jan 2025 21:47:21 GMT Roślinka wyrosła na null
18 Jan 2025 21:47:21 GMT Roślinka wyrosła na null
18 Jan 2025 21:47:21 GMT Roślinka wyrosła na null
18 Jan 2025 21:47:21 GMT Roślinka wyrosła na null
18 Jan 2025 21:47:21 GMT Roślinka wyrosła na null
18 Jan 2025 21:47:21 GMT Roślinka wyrosła na null
18 Jan 2025 21:47:21 GMT Roślinka wyrosła na null
18 Jan 2025 21:47:21 GMT Roślinka wyrosła na null
18 Jan 2025 21:47:22 GMT Długość listy pozycji: 4
Lista pozycji zwierząt: {(6, 0)=[>], (7, 1)=[v], (4, 0)=[v], (4, 1)=[>, v, ◥, v]}
18 Jan 2025 21:47:22 GMT Zwierzę poruszyło się z (5, 0) na (6, 0)
18 Jan 2025 21:47:22 GMT Długość listy pozycji: 4
Lista pozycji zwierząt: {(6, 0)=[>], (7, 1)=[v], (4, 0)=[v], (4, 1)=[>, v, ◥, v]}
18 Jan 2025 21:47:22 GMT Zwierzę poruszyło się z (7, 1) na (7, 1)
18 Jan 2025 21:47:22 GMT Długość listy pozycji: 4
Lista pozycji zwierząt: {(6, 0)=[>], (7, 1)=[v], (4, 0)=[^], (4, 1)=[>, v, ◥, ^]}
18 Jan 2025 21:47:22 GMT Zwierzę poruszyło się z (4, 0) na (4, 0)
18 Jan 2025 21:47:22 GMT Zwierzę zjadło roślinkę na (6, 0)
18 Jan 2025 21:47:22 GMT Zwierze zostało położone na (4, 1)
18 Jan 2025 21:47:22 GMT Urodziło się nowe zwierzę na (4, 1)
18 Jan 2025 21:47:22 GMT Roślinka wyrosła na null
18 Jan 2025 21:47:22 GMT Roślinka wyrosła na null
18 Jan 2025 21:47:22 GMT Roślinka wyrosła na null
18 Jan 2025 21:47:22 GMT Roślinka wyrosła na null
18 Jan 2025 21:47:22 GMT Roślinka wyrosła na null
18 Jan 2025 21:47:22 GMT Roślinka wyrosła na null
18 Jan 2025 21:47:22 GMT Roślinka wyrosła na null
18 Jan 2025 21:47:22 GMT Roślinka wyrosła na null
18 Jan 2025 21:47:22 GMT Roślinka wyrosła na null
18 Jan 2025 21:47:22 GMT Roślinka wyrosła na null
18 Jan 2025 21:47:22 GMT Długość listy pozycji: 4
Lista pozycji zwierząt: {(6, 0)=[^], (7, 1)=[v], (4, 0)=[^], (4, 1)=[◣, >, v, ◥, ^]}
18 Jan 2025 21:47:22 GMT Zwierzę poruszyło się z (6, 0) na (6, 0)
18 Jan 2025 21:47:23 GMT Długość listy pozycji: 4
Lista pozycji zwierząt: {(6, 0)=[^], (7, 1)=[v], (4, 0)=[^], (4, 1)=[◣, >, v, ◥, ^]}
18 Jan 2025 21:47:23 GMT Zwierzę poruszyło się z (7, 1) na (7, 1)
18 Jan 2025 21:47:23 GMT Długość listy pozycji: 3
Lista pozycji zwierząt: {(6, 0)=[^], (7, 1)=[v], (4, 1)=[◣, ^, >, v, ◥, ^]}
18 Jan 2025 21:47:23 GMT Zwierzę poruszyło się z (4, 0) na (4, 1)
18 Jan 2025 21:47:23 GMT Zwierze zostało położone na (4, 1)
18 Jan 2025 21:47:23 GMT Urodziło się nowe zwierzę na (4, 1)
18 Jan 2025 21:47:23 GMT Roślinka wyrosła na null
18 Jan 2025 21:47:23 GMT Roślinka wyrosła na null
18 Jan 2025 21:47:23 GMT Roślinka wyrosła na null
18 Jan 2025 21:47:23 GMT Roślinka wyrosła na null
18 Jan 2025 21:47:23 GMT Roślinka wyrosła na null
18 Jan 2025 21:47:23 GMT Roślinka wyrosła na null
18 Jan 2025 21:47:23 GMT Roślinka wyrosła na null
18 Jan 2025 21:47:23 GMT Roślinka wyrosła na null
18 Jan 2025 21:47:23 GMT Roślinka wyrosła na null
18 Jan 2025 21:47:23 GMT Roślinka wyrosła na null
18 Jan 2025 21:47:23 GMT Długość listy pozycji: 3
Lista pozycji zwierząt: {(7, 0)=[>], (7, 1)=[v], (4, 1)=[◣, ◣, ^, >, v, ◥, ^]}
18 Jan 2025 21:47:23 GMT Zwierzę poruszyło się z (6, 0) na (7, 0)
18 Jan 2025 21:47:23 GMT Długość listy pozycji: 3
Lista pozycji zwierząt: {(7, 0)=[>], (7, 1)=[v], (4, 1)=[◣, ◣, ^, >, v, ◥, ^]}
18 Jan 2025 21:47:23 GMT Zwierzę poruszyło się z (7, 1) na (7, 1)
18 Jan 2025 21:47:23 GMT Długość listy pozycji: 3
Lista pozycji zwierząt: {(7, 0)=[>], (7, 1)=[v], (4, 1)=[◣, v, ◣, v, >, v, ◥, v]}
18 Jan 2025 21:47:23 GMT Zwierzę poruszyło się z (4, 1) na (4, 1)
18 Jan 2025 21:47:24 GMT Zwierzę zjadło roślinkę na (7, 0)
18 Jan 2025 21:47:24 GMT Zwierze zostało położone na (4, 1)
18 Jan 2025 21:47:24 GMT Urodziło się nowe zwierzę na (4, 1)
18 Jan 2025 21:47:24 GMT Roślinka wyrosła na null
18 Jan 2025 21:47:24 GMT Roślinka wyrosła na null
18 Jan 2025 21:47:24 GMT Roślinka wyrosła na null
18 Jan 2025 21:47:24 GMT Roślinka wyrosła na null
18 Jan 2025 21:47:24 GMT Roślinka wyrosła na null
18 Jan 2025 21:47:24 GMT Roślinka wyrosła na null
18 Jan 2025 21:47:24 GMT Roślinka wyrosła na null
18 Jan 2025 21:47:24 GMT Roślinka wyrosła na null
18 Jan 2025 21:47:24 GMT Roślinka wyrosła na null
18 Jan 2025 21:47:24 GMT Roślinka wyrosła na null
18 Jan 2025 21:47:24 GMT Długość listy pozycji: 3
Lista pozycji zwierząt: {(7, 0)=[^], (7, 1)=[v], (4, 1)=[>, ◣, v, ◣, v, >, v, ◥, v]}
18 Jan 2025 21:47:24 GMT Zwierzę poruszyło się z (7, 0) na (7, 0)
18 Jan 2025 21:47:24 GMT Długość listy pozycji: 3
Lista pozycji zwierząt: {(7, 0)=[^], (7, 1)=[v], (4, 1)=[>, ◣, v, ◣, v, >, v, ◥, v]}
18 Jan 2025 21:47:24 GMT Zwierzę poruszyło się z (7, 1) na (7, 1)
18 Jan 2025 21:47:24 GMT Długość listy pozycji: 4
Lista pozycji zwierząt: {(7, 0)=[^], (7, 1)=[v], (4, 0)=[v], (4, 1)=[>, ◣, v, ◣, v, >, v, ◥, v]}
18 Jan 2025 21:47:24 GMT Zwierzę poruszyło się z (4, 1) na (4, 0)
18 Jan 2025 21:47:25 GMT Zwierze zostało położone na (4, 1)
18 Jan 2025 21:47:25 GMT Urodziło się nowe zwierzę na (4, 1)
18 Jan 2025 21:47:25 GMT Roślinka wyrosła na null
18 Jan 2025 21:47:25 GMT Roślinka wyrosła na null
18 Jan 2025 21:47:25 GMT Roślinka wyrosła na null
18 Jan 2025 21:47:25 GMT Roślinka wyrosła na null
18 Jan 2025 21:47:25 GMT Roślinka wyrosła na null
18 Jan 2025 21:47:25 GMT Roślinka wyrosła na null
18 Jan 2025 21:47:25 GMT Roślinka wyrosła na null
18 Jan 2025 21:47:25 GMT Roślinka wyrosła na null
18 Jan 2025 21:47:25 GMT Roślinka wyrosła na null
18 Jan 2025 21:47:25 GMT Roślinka wyrosła na null
18 Jan 2025 21:47:25 GMT Długość listy pozycji: 4
Lista pozycji zwierząt: {(8, 0)=[>], (7, 1)=[v], (4, 0)=[v], (4, 1)=[>, >, ◣, v, ◣, v, >, v, ◥, v]}
18 Jan 2025 21:47:25 GMT Zwierzę poruszyło się z (7, 0) na (8, 0)
18 Jan 2025 21:47:25 GMT Długość listy pozycji: 4
Lista pozycji zwierząt: {(8, 0)=[>], (7, 1)=[v], (4, 0)=[v], (4, 1)=[>, >, ◣, v, ◣, v, >, v, ◥, v]}
18 Jan 2025 21:47:25 GMT Zwierzę poruszyło się z (7, 1) na (7, 1)
18 Jan 2025 21:47:25 GMT Długość listy pozycji: 4
Lista pozycji zwierząt: {(8, 0)=[>], (7, 1)=[v], (4, 0)=[^], (4, 1)=[>, >, ◣, ^, ◣, ^, >, v, ◥, ^]}
18 Jan 2025 21:47:25 GMT Zwierzę poruszyło się z (4, 0) na (4, 0)
18 Jan 2025 21:47:25 GMT Zwierzę zjadło roślinkę na (8, 0)
18 Jan 2025 21:47:25 GMT Zwierze zostało położone na (4, 1)
18 Jan 2025 21:47:25 GMT Urodziło się nowe zwierzę na (4, 1)
18 Jan 2025 21:47:26 GMT Roślinka wyrosła na null
18 Jan 2025 21:47:26 GMT Roślinka wyrosła na null
18 Jan 2025 21:47:26 GMT Roślinka wyrosła na null
18 Jan 2025 21:47:26 GMT Roślinka wyrosła na null
18 Jan 2025 21:47:26 GMT Roślinka wyrosła na null
18 Jan 2025 21:47:26 GMT Roślinka wyrosła na null
18 Jan 2025 21:47:26 GMT Roślinka wyrosła na null
18 Jan 2025 21:47:26 GMT Roślinka wyrosła na null
18 Jan 2025 21:47:26 GMT Roślinka wyrosła na null
18 Jan 2025 21:47:26 GMT Roślinka wyrosła na null
18 Jan 2025 21:47:26 GMT Długość listy pozycji: 4
Lista pozycji zwierząt: {(8, 0)=[^], (7, 1)=[v], (4, 0)=[^], (4, 1)=[◣, >, >, ◣, ^, ◣, ^, >, v, ◥, ^]}
18 Jan 2025 21:47:26 GMT Zwierzę poruszyło się z (8, 0) na (8, 0)
18 Jan 2025 21:47:26 GMT Długość listy pozycji: 4
Lista pozycji zwierząt: {(8, 0)=[^], (7, 1)=[v], (4, 0)=[^], (4, 1)=[◣, >, >, ◣, ^, ◣, ^, >, v, ◥, ^]}
18 Jan 2025 21:47:26 GMT Zwierzę poruszyło się z (7, 1) na (7, 1)
18 Jan 2025 21:47:26 GMT Długość listy pozycji: 3
Lista pozycji zwierząt: {(8, 0)=[^], (7, 1)=[v], (4, 1)=[◣, ^, >, >, ◣, ^, ◣, ^, >, v, ◥, ^]}
18 Jan 2025 21:47:26 GMT Zwierzę poruszyło się z (4, 0) na (4, 1)
18 Jan 2025 21:47:26 GMT Zwierze zostało położone na (4, 1)
18 Jan 2025 21:47:26 GMT Urodziło się nowe zwierzę na (4, 1)
18 Jan 2025 21:47:26 GMT Roślinka wyrosła na null
18 Jan 2025 21:47:26 GMT Roślinka wyrosła na null
18 Jan 2025 21:47:26 GMT Roślinka wyrosła na null
18 Jan 2025 21:47:26 GMT Roślinka wyrosła na null
18 Jan 2025 21:47:26 GMT Roślinka wyrosła na null
18 Jan 2025 21:47:26 GMT Roślinka wyrosła na null
18 Jan 2025 21:47:26 GMT Roślinka wyrosła na null
18 Jan 2025 21:47:26 GMT Roślinka wyrosła na null
18 Jan 2025 21:47:26 GMT Roślinka wyrosła na null
18 Jan 2025 21:47:26 GMT Roślinka wyrosła na null
18 Jan 2025 21:47:27 GMT Długość listy pozycji: 3
Lista pozycji zwierząt: {(9, 0)=[>], (7, 1)=[v], (4, 1)=[>, ◣, ^, >, >, ◣, ^, ◣, ^, >, v, ◥, ^]}
18 Jan 2025 21:47:27 GMT Zwierzę poruszyło się z (8, 0) na (9, 0)
18 Jan 2025 21:47:27 GMT Długość listy pozycji: 3
Lista pozycji zwierząt: {(9, 0)=[>], (7, 1)=[v], (4, 1)=[>, ◣, ^, >, >, ◣, ^, ◣, ^, >, v, ◥, ^]}
18 Jan 2025 21:47:27 GMT Zwierzę poruszyło się z (7, 1) na (7, 1)
18 Jan 2025 21:47:27 GMT Długość listy pozycji: 3
Lista pozycji zwierząt: {(9, 0)=[>], (7, 1)=[v], (4, 1)=[>, v, ◣, v, >, >, ◣, v, ◣, v, >, v, ◥, v]}
18 Jan 2025 21:47:27 GMT Zwierzę poruszyło się z (4, 1) na (4, 1)
18 Jan 2025 21:47:27 GMT Zwierzę zjadło roślinkę na (9, 0)
18 Jan 2025 21:47:27 GMT Zwierze zostało położone na (4, 1)
18 Jan 2025 21:47:27 GMT Urodziło się nowe zwierzę na (4, 1)
18 Jan 2025 21:47:27 GMT Roślinka wyrosła na null
18 Jan 2025 21:47:27 GMT Roślinka wyrosła na null
18 Jan 2025 21:47:27 GMT Roślinka wyrosła na null
18 Jan 2025 21:47:27 GMT Roślinka wyrosła na null
18 Jan 2025 21:47:27 GMT Roślinka wyrosła na null
18 Jan 2025 21:47:27 GMT Roślinka wyrosła na null
18 Jan 2025 21:47:27 GMT Roślinka wyrosła na null
18 Jan 2025 21:47:27 GMT Roślinka wyrosła na null
18 Jan 2025 21:47:27 GMT Roślinka wyrosła na null
18 Jan 2025 21:47:27 GMT Roślinka wyrosła na null
18 Jan 2025 21:47:27 GMT Długość listy pozycji: 3
Lista pozycji zwierząt: {(9, 0)=[^], (7, 1)=[v], (4, 1)=[◥, >, v, ◣, v, >, >, ◣, v, ◣, v, >, v, ◥, v]}
18 Jan 2025 21:47:27 GMT Zwierzę poruszyło się z (9, 0) na (9, 0)
18 Jan 2025 21:47:28 GMT Długość listy pozycji: 3
Lista pozycji zwierząt: {(9, 0)=[^], (7, 1)=[v], (4, 1)=[◥, >, v, ◣, v, >, >, ◣, v, ◣, v, >, v, ◥, v]}
18 Jan 2025 21:47:28 GMT Zwierzę poruszyło się z (7, 1) na (7, 1)
18 Jan 2025 21:47:28 GMT Długość listy pozycji: 4
Lista pozycji zwierząt: {(9, 0)=[^], (7, 1)=[v], (4, 0)=[v], (4, 1)=[◥, >, v, ◣, v, >, >, ◣, v, ◣, v, >, v, ◥, v]}
18 Jan 2025 21:47:28 GMT Zwierzę poruszyło się z (4, 1) na (4, 0)
18 Jan 2025 21:47:28 GMT Zwierze zostało położone na (4, 1)
18 Jan 2025 21:47:28 GMT Urodziło się nowe zwierzę na (4, 1)
18 Jan 2025 21:47:28 GMT Roślinka wyrosła na null
18 Jan 2025 21:47:28 GMT Roślinka wyrosła na null
18 Jan 2025 21:47:28 GMT Roślinka wyrosła na null
18 Jan 2025 21:47:28 GMT Roślinka wyrosła na null
18 Jan 2025 21:47:28 GMT Roślinka wyrosła na null
18 Jan 2025 21:47:28 GMT Roślinka wyrosła na null
18 Jan 2025 21:47:28 GMT Roślinka wyrosła na null
18 Jan 2025 21:47:28 GMT Roślinka wyrosła na null
18 Jan 2025 21:47:28 GMT Roślinka wyrosła na null
18 Jan 2025 21:47:28 GMT Roślinka wyrosła na null
18 Jan 2025 21:47:28 GMT Długość listy pozycji: 4
Lista pozycji zwierząt: {(0, 0)=[>], (7, 1)=[v], (4, 0)=[v], (4, 1)=[>, ◥, >, v, ◣, v, >, >, ◣, v, ◣, v, >, v, ◥, v]}
18 Jan 2025 21:47:28 GMT Zwierzę poruszyło się z (9, 0) na (0, 0)
18 Jan 2025 21:47:28 GMT Długość listy pozycji: 4
Lista pozycji zwierząt: {(0, 0)=[>], (7, 1)=[v], (4, 0)=[v], (4, 1)=[>, ◥, >, v, ◣, v, >, >, ◣, v, ◣, v, >, v, ◥, v]}
18 Jan 2025 21:47:28 GMT Zwierzę poruszyło się z (7, 1) na (7, 1)
18 Jan 2025 21:47:28 GMT Długość listy pozycji: 4
Lista pozycji zwierząt: {(0, 0)=[>], (7, 1)=[v], (4, 0)=[^], (4, 1)=[>, ◥, >, ^, ◣, ^, >, >, ◣, ^, ◣, ^, >, v, ◥, ^]}
18 Jan 2025 21:47:28 GMT Zwierzę poruszyło się z (4, 0) na (4, 0)
18 Jan 2025 21:47:29 GMT Zwierzę zjadło roślinkę na (0, 0)
18 Jan 2025 21:47:29 GMT Zwierze zostało położone na (4, 1)
18 Jan 2025 21:47:29 GMT Urodziło się nowe zwierzę na (4, 1)
18 Jan 2025 21:47:29 GMT Roślinka wyrosła na null
18 Jan 2025 21:47:29 GMT Roślinka wyrosła na null
18 Jan 2025 21:47:29 GMT Roślinka wyrosła na null
18 Jan 2025 21:47:29 GMT Roślinka wyrosła na null
18 Jan 2025 21:47:29 GMT Roślinka wyrosła na null
18 Jan 2025 21:47:29 GMT Roślinka wyrosła na null
18 Jan 2025 21:47:29 GMT Roślinka wyrosła na null
18 Jan 2025 21:47:29 GMT Roślinka wyrosła na null
18 Jan 2025 21:47:29 GMT Roślinka wyrosła na null
18 Jan 2025 21:47:29 GMT Roślinka wyrosła na null
18 Jan 2025 21:47:29 GMT Długość listy pozycji: 4
Lista pozycji zwierząt: {(0, 0)=[^], (7, 1)=[v], (4, 0)=[^], (4, 1)=[◢, >, ◥, >, ^, ◣, ^, >, >, ◣, ^, ◣, ^, >, v, ◥, ^]}
18 Jan 2025 21:47:29 GMT Zwierzę poruszyło się z (0, 0) na (0, 0)
18 Jan 2025 21:47:29 GMT Długość listy pozycji: 4
Lista pozycji zwierząt: {(0, 0)=[^], (7, 1)=[v], (4, 0)=[^], (4, 1)=[◢, >, ◥, >, ^, ◣, ^, >, >, ◣, ^, ◣, ^, >, v, ◥, ^]}
18 Jan 2025 21:47:29 GMT Zwierzę poruszyło się z (7, 1) na (7, 1)
18 Jan 2025 21:47:29 GMT Długość listy pozycji: 3
Lista pozycji zwierząt: {(0, 0)=[^], (7, 1)=[v], (4, 1)=[◢, ^, >, ◥, >, ^, ◣, ^, >, >, ◣, ^, ◣, ^, >, v, ◥, ^]}
18 Jan 2025 21:47:29 GMT Zwierzę poruszyło się z (4, 0) na (4, 1)
18 Jan 2025 21:47:30 GMT Zwierze zostało położone na (4, 1)
18 Jan 2025 21:47:30 GMT Urodziło się nowe zwierzę na (4, 1)
18 Jan 2025 21:47:30 GMT Roślinka wyrosła na null
18 Jan 2025 21:47:30 GMT Roślinka wyrosła na null
18 Jan 2025 21:47:30 GMT Roślinka wyrosła na null
18 Jan 2025 21:47:30 GMT Roślinka wyrosła na null
18 Jan 2025 21:47:30 GMT Roślinka wyrosła na null
18 Jan 2025 21:47:30 GMT Roślinka wyrosła na null
18 Jan 2025 21:47:30 GMT Roślinka wyrosła na null
18 Jan 2025 21:47:30 GMT Roślinka wyrosła na null
18 Jan 2025 21:47:30 GMT Roślinka wyrosła na null
18 Jan 2025 21:47:30 GMT Roślinka wyrosła na null
18 Jan 2025 21:47:30 GMT Długość listy pozycji: 3
Lista pozycji zwierząt: {(1, 0)=[>], (7, 1)=[v], (4, 1)=[<, ◢, ^, >, ◥, >, ^, ◣, ^, >, >, ◣, ^, ◣, ^, >, v, ◥, ^]}
18 Jan 2025 21:47:30 GMT Zwierzę poruszyło się z (0, 0) na (1, 0)
18 Jan 2025 21:47:30 GMT Długość listy pozycji: 3
Lista pozycji zwierząt: {(1, 0)=[>], (7, 1)=[v], (4, 1)=[<, ◢, ^, >, ◥, >, ^, ◣, ^, >, >, ◣, ^, ◣, ^, >, v, ◥, ^]}
18 Jan 2025 21:47:30 GMT Zwierzę poruszyło się z (7, 1) na (7, 1)
18 Jan 2025 21:47:30 GMT Długość listy pozycji: 3
Lista pozycji zwierząt: {(1, 0)=[>], (7, 1)=[v], (4, 1)=[<, v, ◢, v, >, ◥, >, v, ◣, v, >, >, ◣, v, ◣, v, >, v, ◥, v]}
18 Jan 2025 21:47:30 GMT Zwierzę poruszyło się z (4, 1) na (4, 1)
18 Jan 2025 21:47:30 GMT Zwierzę zjadło roślinkę na (1, 0)
18 Jan 2025 21:47:30 GMT Zwierze zostało położone na (4, 1)
18 Jan 2025 21:47:30 GMT Urodziło się nowe zwierzę na (4, 1)
18 Jan 2025 21:47:31 GMT Roślinka wyrosła na null
18 Jan 2025 21:47:31 GMT Roślinka wyrosła na null
18 Jan 2025 21:47:31 GMT Roślinka wyrosła na null
18 Jan 2025 21:47:31 GMT Roślinka wyrosła na null
18 Jan 2025 21:47:31 GMT Roślinka wyrosła na null
18 Jan 2025 21:47:31 GMT Roślinka wyrosła na null
18 Jan 2025 21:47:31 GMT Roślinka wyrosła na null
18 Jan 2025 21:47:31 GMT Roślinka wyrosła na null
18 Jan 2025 21:47:31 GMT Roślinka wyrosła na null
18 Jan 2025 21:47:31 GMT Roślinka wyrosła na null
18 Jan 2025 21:47:31 GMT Długość listy pozycji: 3
Lista pozycji zwierząt: {(1, 0)=[^], (7, 1)=[v], (4, 1)=[◥, <, v, ◢, v, >, ◥, >, v, ◣, v, >, >, ◣, v, ◣, v, >, v, ◥, v]}
18 Jan 2025 21:47:31 GMT Zwierzę poruszyło się z (1, 0) na (1, 0)
18 Jan 2025 21:47:31 GMT Długość listy pozycji: 3
Lista pozycji zwierząt: {(1, 0)=[^], (7, 1)=[v], (4, 1)=[◥, <, v, ◢, v, >, ◥, >, v, ◣, v, >, >, ◣, v, ◣, v, >, v, ◥, v]}
18 Jan 2025 21:47:31 GMT Zwierzę poruszyło się z (7, 1) na (7, 1)
18 Jan 2025 21:47:31 GMT Długość listy pozycji: 4
Lista pozycji zwierząt: {(1, 0)=[^], (7, 1)=[v], (4, 0)=[v], (4, 1)=[◥, <, v, ◢, v, >, ◥, >, v, ◣, v, >, >, ◣, v, ◣, v, >, v, ◥, v]}
18 Jan 2025 21:47:31 GMT Zwierzę poruszyło się z (4, 1) na (4, 0)
18 Jan 2025 21:47:31 GMT Zwierze zostało położone na (4, 1)
18 Jan 2025 21:47:31 GMT Urodziło się nowe zwierzę na (4, 1)
18 Jan 2025 21:47:31 GMT Roślinka wyrosła na null
18 Jan 2025 21:47:31 GMT Roślinka wyrosła na null
18 Jan 2025 21:47:31 GMT Roślinka wyrosła na null
18 Jan 2025 21:47:31 GMT Roślinka wyrosła na null
18 Jan 2025 21:47:31 GMT Roślinka wyrosła na null
18 Jan 2025 21:47:31 GMT Roślinka wyrosła na null
18 Jan 2025 21:47:31 GMT Roślinka wyrosła na null
18 Jan 2025 21:47:31 GMT Roślinka wyrosła na null
18 Jan 2025 21:47:31 GMT Roślinka wyrosła na null
18 Jan 2025 21:47:31 GMT Roślinka wyrosła na null
18 Jan 2025 21:47:32 GMT Długość listy pozycji: 4
Lista pozycji zwierząt: {(7, 1)=[v], (4, 0)=[v], (4, 1)=[<, ◥, <, v, ◢, v, >, ◥, >, v, ◣, v, >, >, ◣, v, ◣, v, >, v, ◥, v], (2, 0)=[>]}
18 Jan 2025 21:47:32 GMT Zwierzę poruszyło się z (1, 0) na (2, 0)
18 Jan 2025 21:47:32 GMT Długość listy pozycji: 4
Lista pozycji zwierząt: {(7, 1)=[v], (4, 0)=[v], (4, 1)=[<, ◥, <, v, ◢, v, >, ◥, >, v, ◣, v, >, >, ◣, v, ◣, v, >, v, ◥, v], (2, 0)=[>]}
18 Jan 2025 21:47:32 GMT Zwierzę poruszyło się z (7, 1) na (7, 1)
18 Jan 2025 21:47:32 GMT Długość listy pozycji: 4
Lista pozycji zwierząt: {(7, 1)=[v], (4, 0)=[^], (4, 1)=[<, ◥, <, ^, ◢, ^, >, ◥, >, ^, ◣, ^, >, >, ◣, ^, ◣, ^, >, v, ◥, ^], (2, 0)=[>]}
18 Jan 2025 21:47:32 GMT Zwierzę poruszyło się z (4, 0) na (4, 0)
18 Jan 2025 21:47:32 GMT Zwierzę zjadło roślinkę na (2, 0)
18 Jan 2025 21:47:32 GMT Zwierze zostało położone na (4, 1)
18 Jan 2025 21:47:32 GMT Urodziło się nowe zwierzę na (4, 1)
18 Jan 2025 21:47:32 GMT Roślinka wyrosła na null
18 Jan 2025 21:47:32 GMT Roślinka wyrosła na null
18 Jan 2025 21:47:32 GMT Roślinka wyrosła na null
18 Jan 2025 21:47:32 GMT Roślinka wyrosła na null
18 Jan 2025 21:47:32 GMT Roślinka wyrosła na null
18 Jan 2025 21:47:32 GMT Roślinka wyrosła na null
18 Jan 2025 21:47:32 GMT Roślinka wyrosła na null
18 Jan 2025 21:47:32 GMT Roślinka wyrosła na null
18 Jan 2025 21:47:32 GMT Roślinka wyrosła na null
18 Jan 2025 21:47:32 GMT Roślinka wyrosła na null
18 Jan 2025 21:47:33 GMT Długość listy pozycji: 4
Lista pozycji zwierząt: {(7, 1)=[v], (4, 0)=[^], (4, 1)=[^, <, ◥, <, ^, ◢, ^, >, ◥, >, ^, ◣, ^, >, >, ◣, ^, ◣, ^, >, v, ◥, ^], (2, 0)=[^]}
18 Jan 2025 21:47:33 GMT Zwierzę poruszyło się z (2, 0) na (2, 0)
18 Jan 2025 21:47:33 GMT Długość listy pozycji: 4
Lista pozycji zwierząt: {(7, 1)=[v], (4, 0)=[^], (4, 1)=[^, <, ◥, <, ^, ◢, ^, >, ◥, >, ^, ◣, ^, >, >, ◣, ^, ◣, ^, >, v, ◥, ^], (2, 0)=[^]}
18 Jan 2025 21:47:33 GMT Zwierzę poruszyło się z (7, 1) na (7, 1)
18 Jan 2025 21:47:33 GMT Długość listy pozycji: 3
Lista pozycji zwierząt: {(7, 1)=[v], (4, 1)=[^, ^, <, ◥, <, ^, ◢, ^, >, ◥, >, ^, ◣, ^, >, >, ◣, ^, ◣, ^, >, v, ◥, ^], (2, 0)=[^]}
18 Jan 2025 21:47:33 GMT Zwierzę poruszyło się z (4, 0) na (4, 1)
18 Jan 2025 21:47:33 GMT Zwierze zostało położone na (4, 1)
18 Jan 2025 21:47:33 GMT Urodziło się nowe zwierzę na (4, 1)
