18 Jan 2025 22:06:51 GMT Zwierze zostało położone na (5, 9)
18 Jan 2025 22:06:51 GMT Zwierze zostało położone na (6, 3)
18 Jan 2025 22:06:51 GMT Zwierze zostało położone na (9, 9)
18 Jan 2025 22:06:51 GMT Zwierze zostało położone na (4, 3)
18 Jan 2025 22:06:51 GMT Zwierze zostało położone na (3, 8)
18 Jan 2025 22:06:51 GMT Zwierze zostało położone na (1, 7)
18 Jan 2025 22:06:51 GMT Zwierze zostało położone na (4, 4)
18 Jan 2025 22:06:51 GMT Zwierze zostało położone na (9, 9)
18 Jan 2025 22:06:52 GMT Zwierze zostało położone na (2, 1)
18 Jan 2025 22:06:52 GMT Zwierze zostało położone na (3, 9)
18 Jan 2025 22:06:52 GMT Długość listy pozycji: 9
Lista pozycji zwierząt: {(2, 1)=[◣], (4, 3)=[◣], (4, 4)=[>], (9, 9)=[>, >], (5, 9)=[v], (3, 8)=[v], (3, 9)=[v], (1, 7)=[<], (6, 3)=[◢]}
18 Jan 2025 22:06:52 GMT Zwierzę poruszyło się z (5, 9) na (5, 9)
18 Jan 2025 22:06:52 GMT Długość listy pozycji: 9
Lista pozycji zwierząt: {(2, 1)=[◣], (4, 3)=[◣], (4, 4)=[>], (9, 9)=[>, >], (5, 9)=[v], (3, 8)=[v], (3, 9)=[v], (1, 7)=[<], (5, 3)=[<]}
18 Jan 2025 22:06:52 GMT Zwierzę poruszyło się z (6, 3) na (5, 3)
18 Jan 2025 22:06:52 GMT Długość listy pozycji: 10
Lista pozycji zwierząt: {(9, 8)=[v], (2, 1)=[◣], (4, 3)=[◣], (4, 4)=[>], (9, 9)=[>], (5, 9)=[v], (3, 8)=[v], (3, 9)=[v], (1, 7)=[<], (5, 3)=[<]}
18 Jan 2025 22:06:52 GMT Zwierzę poruszyło się z (9, 9) na (9, 8)
18 Jan 2025 22:06:52 GMT Długość listy pozycji: 9
Lista pozycji zwierząt: {(9, 8)=[v], (2, 1)=[◣], (4, 4)=[>], (9, 9)=[>], (5, 9)=[v], (3, 8)=[v], (3, 9)=[v], (1, 7)=[<], (5, 3)=[<, >]}
18 Jan 2025 22:06:52 GMT Zwierzę poruszyło się z (4, 3) na (5, 3)
18 Jan 2025 22:06:52 GMT Długość listy pozycji: 8
Lista pozycji zwierząt: {(9, 8)=[v], (2, 1)=[◣], (4, 4)=[>], (9, 9)=[>], (5, 9)=[v], (3, 9)=[v, ^], (1, 7)=[<], (5, 3)=[<, >]}
18 Jan 2025 22:06:52 GMT Zwierzę poruszyło się z (3, 8) na (3, 9)
18 Jan 2025 22:06:52 GMT Długość listy pozycji: 8
Lista pozycji zwierząt: {(9, 8)=[v], (2, 1)=[◣], (4, 4)=[>], (9, 9)=[>], (5, 9)=[v], (1, 6)=[v], (3, 9)=[v, ^], (5, 3)=[<, >]}
18 Jan 2025 22:06:52 GMT Zwierzę poruszyło się z (1, 7) na (1, 6)
18 Jan 2025 22:06:52 GMT Długość listy pozycji: 8
Lista pozycji zwierząt: {(4, 3)=[v], (9, 8)=[v], (2, 1)=[◣], (9, 9)=[>], (5, 9)=[v], (1, 6)=[v], (3, 9)=[v, ^], (5, 3)=[<, >]}
18 Jan 2025 22:06:52 GMT Zwierzę poruszyło się z (4, 4) na (4, 3)
18 Jan 2025 22:06:52 GMT Długość listy pozycji: 7
Lista pozycji zwierząt: {(4, 3)=[v], (9, 8)=[v, v], (2, 1)=[◣], (5, 9)=[v], (1, 6)=[v], (3, 9)=[v, ^], (5, 3)=[<, >]}
18 Jan 2025 22:06:52 GMT Zwierzę poruszyło się z (9, 9) na (9, 8)
18 Jan 2025 22:06:53 GMT Długość listy pozycji: 7
Lista pozycji zwierząt: {(4, 3)=[v], (9, 8)=[v, v], (5, 9)=[v], (1, 6)=[v], (3, 9)=[v, ^], (3, 1)=[>], (5, 3)=[<, >]}
18 Jan 2025 22:06:53 GMT Zwierzę poruszyło się z (2, 1) na (3, 1)
18 Jan 2025 22:06:53 GMT Długość listy pozycji: 7
Lista pozycji zwierząt: {(4, 3)=[v], (9, 8)=[v, v], (5, 9)=[v], (1, 6)=[v], (3, 9)=[^, v], (3, 1)=[>], (5, 3)=[<, >]}
18 Jan 2025 22:06:53 GMT Zwierzę poruszyło się z (3, 9) na (3, 9)
18 Jan 2025 22:06:53 GMT Zwierze zostało położone na (9, 8)
18 Jan 2025 22:06:53 GMT Urodziło się nowe zwierzę na (9, 8)
18 Jan 2025 22:06:53 GMT Zwierze zostało położone na (3, 9)
18 Jan 2025 22:06:53 GMT Urodziło się nowe zwierzę na (3, 9)
18 Jan 2025 22:06:53 GMT Zwierze zostało położone na (5, 3)
18 Jan 2025 22:06:53 GMT Urodziło się nowe zwierzę na (5, 3)
18 Jan 2025 22:06:53 GMT Roślinka wyrosła na (8, 5)
18 Jan 2025 22:06:53 GMT Roślinka wyrosła na (1, 6)
18 Jan 2025 22:06:53 GMT Roślinka wyrosła na (7, 6)
18 Jan 2025 22:06:53 GMT Roślinka wyrosła na (6, 1)
18 Jan 2025 22:06:53 GMT Roślinka wyrosła na (6, 5)
18 Jan 2025 22:06:53 GMT Roślinka wyrosła na (7, 9)
18 Jan 2025 22:06:53 GMT Roślinka wyrosła na (3, 5)
18 Jan 2025 22:06:53 GMT Roślinka wyrosła na (1, 5)
18 Jan 2025 22:06:53 GMT Roślinka wyrosła na (3, 6)
18 Jan 2025 22:06:53 GMT Roślinka wyrosła na (9, 5)
18 Jan 2025 22:06:53 GMT Zwierzę umarło na (5, 3)
18 Jan 2025 22:06:53 GMT Zwierzę umarło na (9, 8)
18 Jan 2025 22:06:53 GMT Zwierzę umarło na (3, 9)
18 Jan 2025 22:06:54 GMT Długość listy pozycji: 7
Lista pozycji zwierząt: {(4, 3)=[v], (9, 8)=[>, v], (5, 9)=[v], (1, 6)=[v], (3, 9)=[v, v], (3, 1)=[>], (5, 3)=[◣, >]}
18 Jan 2025 22:06:54 GMT Zwierzę poruszyło się z (5, 9) na (5, 9)
18 Jan 2025 22:06:54 GMT Długość listy pozycji: 8
Lista pozycji zwierząt: {(4, 3)=[v], (9, 8)=[>, v], (4, 4)=[◤], (5, 9)=[v], (1, 6)=[v], (3, 9)=[v, v], (3, 1)=[>], (5, 3)=[◣]}
18 Jan 2025 22:06:54 GMT Zwierzę poruszyło się z (5, 3) na (4, 4)
18 Jan 2025 22:06:54 GMT Długość listy pozycji: 8
Lista pozycji zwierząt: {(4, 3)=[v], (9, 8)=[>, v], (4, 4)=[◤], (2, 6)=[>], (5, 9)=[v], (3, 9)=[v, v], (3, 1)=[>], (5, 3)=[◣]}
18 Jan 2025 22:06:54 GMT Zwierzę poruszyło się z (1, 6) na (2, 6)
18 Jan 2025 22:06:54 GMT Długość listy pozycji: 8
Lista pozycji zwierząt: {(9, 8)=[>, v], (3, 3)=[<], (4, 4)=[◤], (2, 6)=[>], (5, 9)=[v], (3, 9)=[v, v], (3, 1)=[>], (5, 3)=[◣]}
18 Jan 2025 22:06:54 GMT Zwierzę poruszyło się z (4, 3) na (3, 3)
18 Jan 2025 22:06:54 GMT Długość listy pozycji: 9
Lista pozycji zwierząt: {(9, 8)=[>], (8, 8)=[<], (3, 3)=[<], (4, 4)=[◤], (2, 6)=[>], (5, 9)=[v], (3, 9)=[v, v], (3, 1)=[>], (5, 3)=[◣]}
18 Jan 2025 22:06:54 GMT Zwierzę poruszyło się z (9, 8) na (8, 8)
18 Jan 2025 22:06:54 GMT Długość listy pozycji: 9
Lista pozycji zwierząt: {(9, 8)=[>], (2, 2)=[◤], (8, 8)=[<], (3, 3)=[<], (4, 4)=[◤], (2, 6)=[>], (5, 9)=[v], (3, 9)=[v, v], (5, 3)=[◣]}
18 Jan 2025 22:06:54 GMT Zwierzę poruszyło się z (3, 1) na (2, 2)
18 Jan 2025 22:06:54 GMT Długość listy pozycji: 9
Lista pozycji zwierząt: {(9, 8)=[>], (2, 2)=[◤], (8, 8)=[<], (3, 3)=[<], (4, 4)=[◤], (2, 6)=[>], (5, 9)=[v], (3, 9)=[v, v], (5, 3)=[◣]}
18 Jan 2025 22:06:54 GMT Zwierzę poruszyło się z (3, 9) na (3, 9)
18 Jan 2025 22:06:54 GMT Zwierze zostało położone na (3, 9)
18 Jan 2025 22:06:54 GMT Urodziło się nowe zwierzę na (3, 9)
18 Jan 2025 22:06:55 GMT Roślinka wyrosła na (7, 5)
18 Jan 2025 22:06:55 GMT Roślinka wyrosła na (2, 6)
18 Jan 2025 22:06:55 GMT Roślinka wyrosła na (4, 6)
18 Jan 2025 22:06:55 GMT Roślinka wyrosła na (3, 3)
18 Jan 2025 22:06:55 GMT Roślinka wyrosła na (4, 3)
18 Jan 2025 22:06:55 GMT Roślinka wyrosła na (3, 7)
18 Jan 2025 22:06:55 GMT Roślinka wyrosła na (0, 4)
18 Jan 2025 22:06:55 GMT Roślinka wyrosła na (0, 3)
18 Jan 2025 22:06:55 GMT Roślinka wyrosła na (2, 4)
18 Jan 2025 22:06:55 GMT Roślinka wyrosła na (6, 9)
18 Jan 2025 22:06:55 GMT Długość listy pozycji: 9
Lista pozycji zwierząt: {(9, 8)=[>], (2, 2)=[◤], (8, 8)=[<], (3, 3)=[<], (4, 4)=[◤], (2, 6)=[>], (5, 9)=[v], (3, 9)=[◣, v, v], (5, 3)=[◣]}
18 Jan 2025 22:06:55 GMT Zwierzę poruszyło się z (5, 9) na (5, 9)
18 Jan 2025 22:06:55 GMT Długość listy pozycji: 9
Lista pozycji zwierząt: {(4, 3)=[v], (9, 8)=[>], (2, 2)=[◤], (8, 8)=[<], (3, 3)=[<], (2, 6)=[>], (5, 9)=[v], (3, 9)=[◣, v, v], (5, 3)=[◣]}
18 Jan 2025 22:06:55 GMT Zwierzę poruszyło się z (4, 4) na (4, 3)
18 Jan 2025 22:06:55 GMT Długość listy pozycji: 9
Lista pozycji zwierząt: {(4, 3)=[v], (9, 8)=[>], (2, 2)=[◤], (8, 8)=[<], (3, 3)=[<], (5, 9)=[v], (2, 7)=[^], (3, 9)=[◣, v, v], (5, 3)=[◣]}
18 Jan 2025 22:06:55 GMT Zwierzę poruszyło się z (2, 6) na (2, 7)
18 Jan 2025 22:06:55 GMT Długość listy pozycji: 9
Lista pozycji zwierząt: {(4, 3)=[v], (9, 8)=[>], (2, 2)=[◤], (8, 8)=[<], (3, 4)=[^], (5, 9)=[v], (2, 7)=[^], (3, 9)=[◣, v, v], (5, 3)=[◣]}
18 Jan 2025 22:06:55 GMT Zwierzę poruszyło się z (3, 3) na (3, 4)
18 Jan 2025 22:06:55 GMT Długość listy pozycji: 9
Lista pozycji zwierząt: {(4, 3)=[v], (9, 8)=[>], (2, 2)=[◤], (8, 9)=[^], (3, 4)=[^], (5, 9)=[v], (2, 7)=[^], (3, 9)=[◣, v, v], (5, 3)=[◣]}
18 Jan 2025 22:06:55 GMT Zwierzę poruszyło się z (8, 8) na (8, 9)
18 Jan 2025 22:06:55 GMT Długość listy pozycji: 9
Lista pozycji zwierząt: {(2, 1)=[v], (4, 3)=[v], (9, 8)=[>], (8, 9)=[^], (3, 4)=[^], (5, 9)=[v], (2, 7)=[^], (3, 9)=[◣, v, v], (5, 3)=[◣]}
18 Jan 2025 22:06:55 GMT Zwierzę poruszyło się z (2, 2) na (2, 1)
18 Jan 2025 22:06:55 GMT Długość listy pozycji: 9
Lista pozycji zwierząt: {(2, 1)=[v], (4, 3)=[v], (9, 8)=[>], (8, 9)=[^], (3, 4)=[^], (5, 9)=[v], (2, 7)=[^], (3, 9)=[◣, v, v, v], (5, 3)=[◣]}
18 Jan 2025 22:06:55 GMT Zwierzę poruszyło się z (3, 9) na (3, 9)
18 Jan 2025 22:06:56 GMT Zwierzę zjadło roślinkę na (4, 3)
18 Jan 2025 22:06:56 GMT Zwierze zostało położone na (3, 9)
18 Jan 2025 22:06:56 GMT Urodziło się nowe zwierzę na (3, 9)
18 Jan 2025 22:06:56 GMT Roślinka wyrosła na (0, 7)
18 Jan 2025 22:06:56 GMT Roślinka wyrosła na (4, 9)
18 Jan 2025 22:06:56 GMT Roślinka wyrosła na (1, 9)
18 Jan 2025 22:06:56 GMT Roślinka wyrosła na (4, 4)
18 Jan 2025 22:06:56 GMT Roślinka wyrosła na (1, 7)
18 Jan 2025 22:06:56 GMT Roślinka wyrosła na (5, 8)
18 Jan 2025 22:06:56 GMT Roślinka wyrosła na (2, 3)
18 Jan 2025 22:06:56 GMT Roślinka wyrosła na (0, 8)
18 Jan 2025 22:06:56 GMT Roślinka wyrosła na (6, 3)
18 Jan 2025 22:06:56 GMT Roślinka wyrosła na (1, 3)
18 Jan 2025 22:06:56 GMT Długość listy pozycji: 9
Lista pozycji zwierząt: {(2, 1)=[v], (4, 3)=[v], (9, 8)=[>], (8, 9)=[^], (3, 4)=[^], (5, 9)=[v], (2, 7)=[^], (3, 9)=[◢, ◣, v, v, v], (5, 3)=[◣]}
18 Jan 2025 22:06:56 GMT Zwierzę poruszyło się z (5, 9) na (5, 9)
18 Jan 2025 22:06:56 GMT Długość listy pozycji: 9
Lista pozycji zwierząt: {(5, 4)=[◥], (2, 1)=[v], (9, 8)=[>], (8, 9)=[^], (3, 4)=[^], (5, 9)=[v], (2, 7)=[^], (3, 9)=[◢, ◣, v, v, v], (5, 3)=[◣]}
18 Jan 2025 22:06:56 GMT Zwierzę poruszyło się z (4, 3) na (5, 4)
18 Jan 2025 22:06:56 GMT Długość listy pozycji: 9
Lista pozycji zwierząt: {(5, 4)=[◥], (2, 1)=[v], (9, 8)=[>], (8, 9)=[^], (3, 4)=[^], (5, 9)=[v], (1, 7)=[<], (3, 9)=[◢, ◣, v, v, v], (5, 3)=[◣]}
18 Jan 2025 22:06:56 GMT Zwierzę poruszyło się z (2, 7) na (1, 7)
18 Jan 2025 22:06:56 GMT Długość listy pozycji: 9
Lista pozycji zwierząt: {(5, 4)=[◥], (2, 1)=[v], (9, 8)=[>], (4, 4)=[>], (8, 9)=[^], (5, 9)=[v], (1, 7)=[<], (3, 9)=[◢, ◣, v, v, v], (5, 3)=[◣]}
18 Jan 2025 22:06:56 GMT Zwierzę poruszyło się z (3, 4) na (4, 4)
18 Jan 2025 22:06:56 GMT Długość listy pozycji: 9
Lista pozycji zwierząt: {(5, 4)=[◥], (2, 1)=[v], (9, 8)=[>], (9, 9)=[>], (4, 4)=[>], (5, 9)=[v], (1, 7)=[<], (3, 9)=[◢, ◣, v, v, v], (5, 3)=[◣]}
18 Jan 2025 22:06:56 GMT Zwierzę poruszyło się z (8, 9) na (9, 9)
18 Jan 2025 22:06:57 GMT Długość listy pozycji: 9
Lista pozycji zwierząt: {(3, 2)=[◥], (5, 4)=[◥], (9, 8)=[>], (9, 9)=[>], (4, 4)=[>], (5, 9)=[v], (1, 7)=[<], (3, 9)=[◢, ◣, v, v, v], (5, 3)=[◣]}
18 Jan 2025 22:06:57 GMT Zwierzę poruszyło się z (2, 1) na (3, 2)
18 Jan 2025 22:06:57 GMT Długość listy pozycji: 9
Lista pozycji zwierząt: {(3, 2)=[◥], (5, 4)=[◥], (9, 8)=[>], (9, 9)=[>], (4, 4)=[>], (5, 9)=[v], (1, 7)=[<], (3, 9)=[◢, v, ◣, v, v, v], (5, 3)=[◣]}
18 Jan 2025 22:06:57 GMT Zwierzę poruszyło się z (3, 9) na (3, 9)
18 Jan 2025 22:06:57 GMT Zwierzę zjadło roślinkę na (4, 4)
18 Jan 2025 22:06:57 GMT Zwierzę zjadło roślinkę na (1, 7)
18 Jan 2025 22:06:57 GMT Zwierze zostało położone na (3, 9)
18 Jan 2025 22:06:57 GMT Urodziło się nowe zwierzę na (3, 9)
18 Jan 2025 22:06:57 GMT Roślinka wyrosła na (2, 8)
18 Jan 2025 22:06:57 GMT Roślinka wyrosła na (5, 9)
18 Jan 2025 22:06:57 GMT Roślinka wyrosła na (3, 8)
18 Jan 2025 22:06:57 GMT Roślinka wyrosła na (7, 8)
18 Jan 2025 22:06:57 GMT Roślinka wyrosła na (0, 1)
18 Jan 2025 22:06:57 GMT Roślinka wyrosła na (7, 0)
18 Jan 2025 22:06:57 GMT Roślinka wyrosła na (1, 0)
18 Jan 2025 22:06:57 GMT Roślinka wyrosła na (9, 4)
18 Jan 2025 22:06:57 GMT Roślinka wyrosła na (2, 1)
18 Jan 2025 22:06:57 GMT Roślinka wyrosła na (3, 1)
18 Jan 2025 22:06:57 GMT Długość listy pozycji: 9
Lista pozycji zwierząt: {(3, 2)=[◥], (5, 4)=[◥], (9, 8)=[>], (9, 9)=[>], (4, 4)=[>], (5, 9)=[v], (1, 7)=[<], (3, 9)=[^, ◢, v, ◣, v, v, v], (5, 3)=[◣]}
18 Jan 2025 22:06:57 GMT Zwierzę poruszyło się z (5, 9) na (5, 9)
18 Jan 2025 22:06:57 GMT Długość listy pozycji: 8
Lista pozycji zwierząt: {(3, 2)=[◥], (9, 8)=[>], (9, 9)=[>], (4, 4)=[>, <], (5, 9)=[v], (1, 7)=[<], (3, 9)=[^, ◢, v, ◣, v, v, v], (5, 3)=[◣]}
18 Jan 2025 22:06:57 GMT Zwierzę poruszyło się z (5, 4) na (4, 4)
18 Jan 2025 22:06:58 GMT Długość listy pozycji: 8
Lista pozycji zwierząt: {(3, 2)=[◥], (9, 8)=[>], (9, 9)=[>], (4, 4)=[>, <], (5, 9)=[v], (1, 6)=[v], (3, 9)=[^, ◢, v, ◣, v, v, v], (5, 3)=[◣]}
18 Jan 2025 22:06:58 GMT Zwierzę poruszyło się z (1, 7) na (1, 6)
18 Jan 2025 22:06:58 GMT Długość listy pozycji: 9
Lista pozycji zwierząt: {(4, 3)=[v], (3, 2)=[◥], (9, 8)=[>], (9, 9)=[>], (4, 4)=[<], (5, 9)=[v], (1, 6)=[v], (3, 9)=[^, ◢, v, ◣, v, v, v], (5, 3)=[◣]}
18 Jan 2025 22:06:58 GMT Zwierzę poruszyło się z (4, 4) na (4, 3)
18 Jan 2025 22:06:58 GMT Długość listy pozycji: 8
Lista pozycji zwierząt: {(4, 3)=[v], (3, 2)=[◥], (9, 8)=[>, v], (4, 4)=[<], (5, 9)=[v], (1, 6)=[v], (3, 9)=[^, ◢, v, ◣, v, v, v], (5, 3)=[◣]}
18 Jan 2025 22:06:58 GMT Zwierzę poruszyło się z (9, 9) na (9, 8)
18 Jan 2025 22:06:58 GMT Długość listy pozycji: 8
Lista pozycji zwierząt: {(4, 3)=[v], (9, 8)=[>, v], (2, 2)=[<], (4, 4)=[<], (5, 9)=[v], (1, 6)=[v], (3, 9)=[^, ◢, v, ◣, v, v, v], (5, 3)=[◣]}
18 Jan 2025 22:06:58 GMT Zwierzę poruszyło się z (3, 2) na (2, 2)
18 Jan 2025 22:06:58 GMT Długość listy pozycji: 8
Lista pozycji zwierząt: {(4, 3)=[v], (9, 8)=[>, v], (2, 2)=[<], (4, 4)=[<], (5, 9)=[v], (1, 6)=[v], (3, 9)=[^, v, ◢, v, ◣, v, v, v], (5, 3)=[◣]}
18 Jan 2025 22:06:58 GMT Zwierzę poruszyło się z (3, 9) na (3, 9)
18 Jan 2025 22:06:58 GMT Zwierzę zjadło roślinkę na (5, 9)
18 Jan 2025 22:06:58 GMT Zwierzę zjadło roślinkę na (1, 6)
18 Jan 2025 22:06:58 GMT Zwierze zostało położone na (9, 8)
18 Jan 2025 22:06:58 GMT Urodziło się nowe zwierzę na (9, 8)
18 Jan 2025 22:06:58 GMT Zwierze zostało położone na (3, 9)
18 Jan 2025 22:06:58 GMT Urodziło się nowe zwierzę na (3, 9)
18 Jan 2025 22:06:58 GMT Roślinka wyrosła na (3, 2)
18 Jan 2025 22:06:58 GMT Roślinka wyrosła na (4, 8)
18 Jan 2025 22:06:58 GMT Roślinka wyrosła na (0, 9)
18 Jan 2025 22:06:58 GMT Roślinka wyrosła na (1, 8)
18 Jan 2025 22:06:58 GMT Roślinka wyrosła na (3, 0)
18 Jan 2025 22:06:58 GMT Roślinka wyrosła na (8, 8)
18 Jan 2025 22:06:58 GMT Roślinka wyrosła na (8, 7)
18 Jan 2025 22:06:58 GMT Roślinka wyrosła na (1, 2)
18 Jan 2025 22:06:58 GMT Roślinka wyrosła na (5, 0)
18 Jan 2025 22:06:58 GMT Roślinka wyrosła na (6, 8)
18 Jan 2025 22:06:59 GMT Długość listy pozycji: 8
Lista pozycji zwierząt: {(4, 3)=[v], (9, 8)=[◢, >, v], (2, 2)=[<], (4, 4)=[<], (5, 9)=[v], (1, 6)=[v], (3, 9)=[<, ^, v, ◢, v, ◣, v, v, v], (5, 3)=[◣]}
18 Jan 2025 22:06:59 GMT Zwierzę poruszyło się z (5, 9) na (5, 9)
18 Jan 2025 22:06:59 GMT Długość listy pozycji: 7
Lista pozycji zwierząt: {(4, 3)=[v], (9, 8)=[◢, >, v], (2, 2)=[<], (5, 9)=[v], (1, 6)=[v], (3, 9)=[<, ^, v, ◢, v, ◣, v, v, v], (5, 3)=[◣, ◢]}
18 Jan 2025 22:06:59 GMT Zwierzę poruszyło się z (4, 4) na (5, 3)
18 Jan 2025 22:06:59 GMT Długość listy pozycji: 7
Lista pozycji zwierząt: {(4, 3)=[v], (9, 8)=[◢, >, v], (2, 2)=[<], (2, 6)=[>], (5, 9)=[v], (3, 9)=[<, ^, v, ◢, v, ◣, v, v, v], (5, 3)=[◣, ◢]}
18 Jan 2025 22:06:59 GMT Zwierzę poruszyło się z (1, 6) na (2, 6)
18 Jan 2025 22:06:59 GMT Długość listy pozycji: 7
Lista pozycji zwierząt: {(9, 8)=[◢, >, v], (3, 3)=[<], (2, 2)=[<], (2, 6)=[>], (5, 9)=[v], (3, 9)=[<, ^, v, ◢, v, ◣, v, v, v], (5, 3)=[◣, ◢]}
18 Jan 2025 22:06:59 GMT Zwierzę poruszyło się z (4, 3) na (3, 3)
18 Jan 2025 22:06:59 GMT Długość listy pozycji: 8
Lista pozycji zwierząt: {(9, 8)=[◢, >, <], (8, 8)=[<], (3, 3)=[<], (2, 2)=[<], (2, 6)=[>], (5, 9)=[v], (3, 9)=[<, ^, v, ◢, v, ◣, v, v, v], (5, 3)=[◣, ◢]}
18 Jan 2025 22:06:59 GMT Zwierzę poruszyło się z (9, 8) na (8, 8)
18 Jan 2025 22:06:59 GMT Długość listy pozycji: 8
Lista pozycji zwierząt: {(9, 8)=[◢, >, <], (8, 8)=[<], (3, 3)=[<], (2, 6)=[>], (5, 9)=[v], (3, 9)=[<, ^, v, ◢, v, ◣, v, v, v], (3, 1)=[◢], (5, 3)=[◣, ◢]}
18 Jan 2025 22:06:59 GMT Zwierzę poruszyło się z (2, 2) na (3, 1)
18 Jan 2025 22:06:59 GMT Długość listy pozycji: 8
Lista pozycji zwierząt: {(9, 8)=[◢, >, <], (8, 8)=[<], (3, 3)=[<], (2, 6)=[>], (5, 9)=[v], (3, 9)=[<, v, ^, v, ◢, v, ◣, v, v, v], (3, 1)=[◢], (5, 3)=[◣, ◢]}
18 Jan 2025 22:06:59 GMT Zwierzę poruszyło się z (3, 9) na (3, 9)
18 Jan 2025 22:06:59 GMT Zwierzę zjadło roślinkę na (8, 8)
18 Jan 2025 22:06:59 GMT Zwierzę zjadło roślinkę na (3, 3)
18 Jan 2025 22:06:59 GMT Zwierzę zjadło roślinkę na (2, 6)
18 Jan 2025 22:06:59 GMT Zwierzę zjadło roślinkę na (3, 1)
18 Jan 2025 22:07:00 GMT Zwierze zostało położone na (9, 8)
18 Jan 2025 22:07:00 GMT Urodziło się nowe zwierzę na (9, 8)
18 Jan 2025 22:07:00 GMT Zwierze zostało położone na (3, 9)
18 Jan 2025 22:07:00 GMT Urodziło się nowe zwierzę na (3, 9)
18 Jan 2025 22:07:00 GMT Zwierze zostało położone na (5, 3)
18 Jan 2025 22:07:00 GMT Urodziło się nowe zwierzę na (5, 3)
18 Jan 2025 22:07:00 GMT Roślinka wyrosła na (1, 1)
18 Jan 2025 22:07:00 GMT Roślinka wyrosła na (6, 4)
18 Jan 2025 22:07:00 GMT Roślinka wyrosła na (8, 0)
18 Jan 2025 22:07:00 GMT Roślinka wyrosła na (9, 0)
18 Jan 2025 22:07:00 GMT Roślinka wyrosła na (7, 1)
18 Jan 2025 22:07:00 GMT Roślinka wyrosła na (4, 2)
18 Jan 2025 22:07:00 GMT Roślinka wyrosła na (7, 7)
18 Jan 2025 22:07:00 GMT Roślinka wyrosła na (9, 2)
18 Jan 2025 22:07:00 GMT Roślinka wyrosła na (8, 3)
18 Jan 2025 22:07:00 GMT Roślinka wyrosła na (7, 2)
18 Jan 2025 22:07:00 GMT Długość listy pozycji: 8
Lista pozycji zwierząt: {(9, 8)=[◣, ◢, >, <], (8, 8)=[<], (3, 3)=[<], (2, 6)=[>], (5, 9)=[v], (3, 9)=[<, <, v, ^, v, ◢, v, ◣, v, v, v], (3, 1)=[◢], (5, 3)=[◣, ◣, ◢]}
18 Jan 2025 22:07:00 GMT Zwierzę poruszyło się z (5, 9) na (5, 9)
18 Jan 2025 22:07:00 GMT Długość listy pozycji: 9
Lista pozycji zwierząt: {(5, 4)=[^], (9, 8)=[◣, ◢, >, <], (8, 8)=[<], (3, 3)=[<], (2, 6)=[>], (5, 9)=[v], (3, 9)=[<, <, v, ^, v, ◢, v, ◣, v, v, v], (3, 1)=[◢], (5, 3)=[◣, ◣, ^]}
18 Jan 2025 22:07:00 GMT Zwierzę poruszyło się z (5, 3) na (5, 4)
18 Jan 2025 22:07:00 GMT Długość listy pozycji: 9
Lista pozycji zwierząt: {(5, 4)=[^], (9, 8)=[◣, ◢, >, <], (8, 8)=[<], (3, 3)=[<], (5, 9)=[v], (2, 7)=[^], (3, 9)=[<, <, v, ^, v, ◢, v, ◣, v, v, v], (3, 1)=[◢], (5, 3)=[◣, ◣, ^]}
18 Jan 2025 22:07:00 GMT Zwierzę poruszyło się z (2, 6) na (2, 7)
18 Jan 2025 22:07:00 GMT Długość listy pozycji: 9
Lista pozycji zwierząt: {(5, 4)=[^], (9, 8)=[◣, ◢, >, <], (8, 8)=[<], (3, 4)=[^], (5, 9)=[v], (2, 7)=[^], (3, 9)=[<, <, v, ^, v, ◢, v, ◣, v, v, v], (3, 1)=[◢], (5, 3)=[◣, ◣, ^]}
18 Jan 2025 22:07:00 GMT Zwierzę poruszyło się z (3, 3) na (3, 4)
18 Jan 2025 22:07:00 GMT Długość listy pozycji: 9
Lista pozycji zwierząt: {(5, 4)=[^], (9, 8)=[◣, ◢, >, ^], (8, 9)=[^], (3, 4)=[^], (5, 9)=[v], (2, 7)=[^], (3, 9)=[<, <, v, ^, v, ◢, v, ◣, v, v, v], (3, 1)=[◢], (5, 3)=[◣, ◣, ^]}
18 Jan 2025 22:07:00 GMT Zwierzę poruszyło się z (8, 8) na (8, 9)
18 Jan 2025 22:07:01 GMT Długość listy pozycji: 9
Lista pozycji zwierząt: {(3, 2)=[^], (5, 4)=[^], (9, 8)=[◣, ◢, >, ^], (8, 9)=[^], (3, 4)=[^], (5, 9)=[v], (2, 7)=[^], (3, 9)=[<, <, v, ^, v, ◢, v, ◣, v, v, v], (5, 3)=[◣, ◣, ^]}
18 Jan 2025 22:07:01 GMT Zwierzę poruszyło się z (3, 1) na (3, 2)
18 Jan 2025 22:07:01 GMT Długość listy pozycji: 9
Lista pozycji zwierząt: {(3, 2)=[^], (5, 4)=[^], (9, 8)=[◣, ◢, >, ^], (8, 9)=[^], (3, 4)=[^], (5, 9)=[v], (2, 7)=[^], (3, 9)=[<, v, <, v, ^, v, ◢, v, ◣, v, v, v], (5, 3)=[◣, ◣, ^]}
18 Jan 2025 22:07:01 GMT Zwierzę poruszyło się z (3, 9) na (3, 9)
18 Jan 2025 22:07:01 GMT Zwierzę zjadło roślinkę na (3, 2)
18 Jan 2025 22:07:01 GMT Zwierze zostało położone na (9, 8)
18 Jan 2025 22:07:01 GMT Urodziło się nowe zwierzę na (9, 8)
18 Jan 2025 22:07:01 GMT Zwierze zostało położone na (3, 9)
18 Jan 2025 22:07:01 GMT Urodziło się nowe zwierzę na (3, 9)
18 Jan 2025 22:07:01 GMT Zwierze zostało położone na (5, 3)
18 Jan 2025 22:07:01 GMT Urodziło się nowe zwierzę na (5, 3)
18 Jan 2025 22:07:01 GMT Roślinka wyrosła na (8, 1)
18 Jan 2025 22:07:01 GMT Roślinka wyrosła na (6, 7)
18 Jan 2025 22:07:01 GMT Roślinka wyrosła na (5, 3)
18 Jan 2025 22:07:01 GMT Roślinka wyrosła na (2, 2)
18 Jan 2025 22:07:01 GMT Roślinka wyrosła na (2, 9)
18 Jan 2025 22:07:01 GMT Roślinka wyrosła na (4, 7)
18 Jan 2025 22:07:01 GMT Roślinka wyrosła na (7, 3)
18 Jan 2025 22:07:01 GMT Roślinka wyrosła na (8, 4)
18 Jan 2025 22:07:01 GMT Roślinka wyrosła na (8, 9)
18 Jan 2025 22:07:01 GMT Roślinka wyrosła na (9, 8)
18 Jan 2025 22:07:02 GMT Długość listy pozycji: 9
Lista pozycji zwierząt: {(3, 2)=[^], (5, 4)=[^], (9, 8)=[◢, ◣, ◢, >, ^], (8, 9)=[^], (3, 4)=[^], (5, 9)=[v], (2, 7)=[^], (3, 9)=[◣, <, v, <, v, ^, v, ◢, v, ◣, v, v, v], (5, 3)=[<, ◣, ◣, ^]}
18 Jan 2025 22:07:02 GMT Zwierzę poruszyło się z (5, 9) na (5, 9)
18 Jan 2025 22:07:02 GMT Długość listy pozycji: 9
Lista pozycji zwierząt: {(4, 3)=[◣], (3, 2)=[^], (9, 8)=[◢, ◣, ◢, >, ^], (8, 9)=[^], (3, 4)=[^], (5, 9)=[v], (2, 7)=[^], (3, 9)=[◣, <, v, <, v, ^, v, ◢, v, ◣, v, v, v], (5, 3)=[<, ◣, ◣, ◣]}
18 Jan 2025 22:07:02 GMT Zwierzę poruszyło się z (5, 4) na (4, 3)
18 Jan 2025 22:07:02 GMT Długość listy pozycji: 9
Lista pozycji zwierząt: {(4, 3)=[◣], (3, 2)=[^], (9, 8)=[◢, ◣, ◢, >, ^], (8, 9)=[^], (3, 4)=[^], (5, 9)=[v], (1, 7)=[<], (3, 9)=[◣, <, v, <, v, ^, v, ◢, v, ◣, v, v, v], (5, 3)=[<, ◣, ◣, ◣]}
18 Jan 2025 22:07:02 GMT Zwierzę poruszyło się z (2, 7) na (1, 7)
18 Jan 2025 22:07:02 GMT Długość listy pozycji: 9
Lista pozycji zwierząt: {(4, 3)=[◣], (3, 2)=[^], (9, 8)=[◢, ◣, ◢, >, ^], (4, 4)=[>], (8, 9)=[^], (5, 9)=[v], (1, 7)=[<], (3, 9)=[◣, <, v, <, v, ^, v, ◢, v, ◣, v, v, v], (5, 3)=[<, ◣, ◣, ◣]}
18 Jan 2025 22:07:02 GMT Zwierzę poruszyło się z (3, 4) na (4, 4)
18 Jan 2025 22:07:02 GMT Długość listy pozycji: 9
Lista pozycji zwierząt: {(4, 3)=[◣], (3, 2)=[^], (9, 8)=[◢, ◣, ◢, >, >], (9, 9)=[>], (4, 4)=[>], (5, 9)=[v], (1, 7)=[<], (3, 9)=[◣, <, v, <, v, ^, v, ◢, v, ◣, v, v, v], (5, 3)=[<, ◣, ◣, ◣]}
18 Jan 2025 22:07:02 GMT Zwierzę poruszyło się z (8, 9) na (9, 9)
18 Jan 2025 22:07:02 GMT Długość listy pozycji: 9
Lista pozycji zwierząt: {(2, 1)=[◣], (4, 3)=[◣], (9, 8)=[◢, ◣, ◢, >, >], (9, 9)=[>], (4, 4)=[>], (5, 9)=[v], (1, 7)=[<], (3, 9)=[◣, <, v, <, v, ^, v, ◢, v, ◣, v, v, v], (5, 3)=[<, ◣, ◣, ◣]}
18 Jan 2025 22:07:02 GMT Zwierzę poruszyło się z (3, 2) na (2, 1)
18 Jan 2025 22:07:02 GMT Długość listy pozycji: 9
Lista pozycji zwierząt: {(2, 1)=[◣], (4, 3)=[◣], (9, 8)=[◢, ◣, ◢, >, >], (9, 9)=[>], (4, 4)=[>], (5, 9)=[v], (1, 7)=[<], (3, 9)=[◣, v, <, v, <, v, ^, v, ◢, v, ◣, v, v, v], (5, 3)=[<, ◣, ◣, ◣]}
18 Jan 2025 22:07:02 GMT Zwierzę poruszyło się z (3, 9) na (3, 9)
18 Jan 2025 22:07:02 GMT Zwierzę zjadło roślinkę na (2, 1)
18 Jan 2025 22:07:02 GMT Zwierzę zjadło roślinkę na (9, 8)
18 Jan 2025 22:07:02 GMT Zwierzę zjadło roślinkę na (5, 3)
18 Jan 2025 22:07:02 GMT Zwierze zostało położone na (9, 8)
18 Jan 2025 22:07:02 GMT Urodziło się nowe zwierzę na (9, 8)
18 Jan 2025 22:07:02 GMT Zwierze zostało położone na (3, 9)
18 Jan 2025 22:07:02 GMT Urodziło się nowe zwierzę na (3, 9)
18 Jan 2025 22:07:03 GMT Zwierze zostało położone na (5, 3)
18 Jan 2025 22:07:03 GMT Urodziło się nowe zwierzę na (5, 3)
18 Jan 2025 22:07:03 GMT Roślinka wyrosła na (2, 7)
18 Jan 2025 22:07:03 GMT Roślinka wyrosła na (5, 7)
18 Jan 2025 22:07:03 GMT Roślinka wyrosła na (4, 1)
18 Jan 2025 22:07:03 GMT Roślinka wyrosła na (5, 1)
18 Jan 2025 22:07:03 GMT Roślinka wyrosła na (1, 4)
18 Jan 2025 22:07:03 GMT Roślinka wyrosła na (0, 0)
18 Jan 2025 22:07:03 GMT Roślinka wyrosła na (6, 0)
18 Jan 2025 22:07:03 GMT Roślinka wyrosła na (9, 7)
18 Jan 2025 22:07:03 GMT Roślinka wyrosła na (9, 9)
18 Jan 2025 22:07:03 GMT Roślinka wyrosła na (8, 2)
18 Jan 2025 22:07:03 GMT Długość listy pozycji: 9
Lista pozycji zwierząt: {(2, 1)=[◣], (4, 3)=[◣], (9, 8)=[>, ◢, ◣, ◢, >, >], (9, 9)=[>], (4, 4)=[>], (5, 9)=[v], (1, 7)=[<], (3, 9)=[◥, ◣, v, <, v, <, v, ^, v, ◢, v, ◣, v, v, v], (5, 3)=[<, <, ◣, ◣, ◣]}
18 Jan 2025 22:07:03 GMT Zwierzę poruszyło się z (5, 9) na (5, 9)
18 Jan 2025 22:07:03 GMT Długość listy pozycji: 8
Lista pozycji zwierząt: {(2, 1)=[◣], (9, 8)=[>, ◢, ◣, ◢, >, >], (9, 9)=[>], (4, 4)=[>], (5, 9)=[v], (1, 7)=[<], (3, 9)=[◥, ◣, v, <, v, <, v, ^, v, ◢, v, ◣, v, v, v], (5, 3)=[<, >, <, ◣, ◣, >]}
18 Jan 2025 22:07:03 GMT Zwierzę poruszyło się z (4, 3) na (5, 3)
18 Jan 2025 22:07:03 GMT Długość listy pozycji: 8
Lista pozycji zwierząt: {(2, 1)=[◣], (9, 8)=[>, ◢, ◣, ◢, >, >], (9, 9)=[>], (4, 4)=[>], (5, 9)=[v], (1, 6)=[v], (3, 9)=[◥, ◣, v, <, v, <, v, ^, v, ◢, v, ◣, v, v, v], (5, 3)=[<, >, <, ◣, ◣, >]}
18 Jan 2025 22:07:03 GMT Zwierzę poruszyło się z (1, 7) na (1, 6)
18 Jan 2025 22:07:03 GMT Długość listy pozycji: 8
Lista pozycji zwierząt: {(4, 3)=[v], (2, 1)=[◣], (9, 8)=[>, ◢, ◣, ◢, >, >], (9, 9)=[>], (5, 9)=[v], (1, 6)=[v], (3, 9)=[◥, ◣, v, <, v, <, v, ^, v, ◢, v, ◣, v, v, v], (5, 3)=[<, >, <, ◣, ◣, >]}
18 Jan 2025 22:07:03 GMT Zwierzę poruszyło się z (4, 4) na (4, 3)
18 Jan 2025 22:07:03 GMT Długość listy pozycji: 7
Lista pozycji zwierząt: {(4, 3)=[v], (2, 1)=[◣], (9, 8)=[>, v, ◢, ◣, ◢, >, v], (5, 9)=[v], (1, 6)=[v], (3, 9)=[◥, ◣, v, <, v, <, v, ^, v, ◢, v, ◣, v, v, v], (5, 3)=[<, >, <, ◣, ◣, >]}
18 Jan 2025 22:07:03 GMT Zwierzę poruszyło się z (9, 9) na (9, 8)
18 Jan 2025 22:07:03 GMT Długość listy pozycji: 7
Lista pozycji zwierząt: {(4, 3)=[v], (9, 8)=[>, v, ◢, ◣, ◢, >, v], (5, 9)=[v], (1, 6)=[v], (3, 9)=[◥, ◣, v, <, v, <, v, ^, v, ◢, v, ◣, v, v, v], (3, 1)=[>], (5, 3)=[<, >, <, ◣, ◣, >]}
18 Jan 2025 22:07:03 GMT Zwierzę poruszyło się z (2, 1) na (3, 1)
18 Jan 2025 22:07:04 GMT Długość listy pozycji: 7
Lista pozycji zwierząt: {(4, 3)=[v], (9, 8)=[>, v, ◢, ◣, ◢, >, v], (5, 9)=[v], (1, 6)=[v], (3, 9)=[◥, v, ◣, v, <, v, <, v, ^, v, ◢, v, ◣, v, v, v], (3, 1)=[>], (5, 3)=[<, >, <, ◣, ◣, >]}
18 Jan 2025 22:07:04 GMT Zwierzę poruszyło się z (3, 9) na (3, 9)
18 Jan 2025 22:07:04 GMT Zwierze zostało położone na (9, 8)
18 Jan 2025 22:07:04 GMT Urodziło się nowe zwierzę na (9, 8)
18 Jan 2025 22:07:04 GMT Zwierze zostało położone na (3, 9)
18 Jan 2025 22:07:04 GMT Urodziło się nowe zwierzę na (3, 9)
18 Jan 2025 22:07:04 GMT Zwierze zostało położone na (5, 3)
18 Jan 2025 22:07:04 GMT Urodziło się nowe zwierzę na (5, 3)
18 Jan 2025 22:07:04 GMT Roślinka wyrosła na (4, 0)
18 Jan 2025 22:07:04 GMT Roślinka wyrosła na (2, 0)
18 Jan 2025 22:07:04 GMT Roślinka wyrosła na (7, 4)
18 Jan 2025 22:07:04 GMT Roślinka wyrosła na (5, 4)
18 Jan 2025 22:07:04 GMT Roślinka wyrosła na (9, 3)
18 Jan 2025 22:07:04 GMT Roślinka wyrosła na (9, 1)
18 Jan 2025 22:07:04 GMT Roślinka wyrosła na (6, 2)
18 Jan 2025 22:07:04 GMT Roślinka wyrosła na (3, 9)
18 Jan 2025 22:07:04 GMT Roślinka wyrosła na (5, 2)
18 Jan 2025 22:07:04 GMT Roślinka wyrosła na (3, 4)
18 Jan 2025 22:07:04 GMT Długość listy pozycji: 7
Lista pozycji zwierząt: {(4, 3)=[v], (9, 8)=[◢, >, v, ◢, ◣, ◢, >, v], (5, 9)=[v], (1, 6)=[v], (3, 9)=[◣, ◥, v, ◣, v, <, v, <, v, ^, v, ◢, v, ◣, v, v, v], (3, 1)=[>], (5, 3)=[◢, <, >, <, ◣, ◣, >]}
18 Jan 2025 22:07:04 GMT Zwierzę poruszyło się z (5, 9) na (5, 9)
18 Jan 2025 22:07:04 GMT Długość listy pozycji: 8
Lista pozycji zwierząt: {(4, 3)=[v], (9, 8)=[◢, >, v, ◢, ◣, ◢, >, v], (4, 4)=[◤], (5, 9)=[v], (1, 6)=[v], (3, 9)=[◣, ◥, v, ◣, v, <, v, <, v, ^, v, ◢, v, ◣, v, v, v], (3, 1)=[>], (5, 3)=[◢, <, ◤, <, ◣, ◣, ◤]}
18 Jan 2025 22:07:04 GMT Zwierzę poruszyło się z (5, 3) na (4, 4)
18 Jan 2025 22:07:05 GMT Długość listy pozycji: 8
Lista pozycji zwierząt: {(4, 3)=[v], (9, 8)=[◢, >, v, ◢, ◣, ◢, >, v], (4, 4)=[◤], (2, 6)=[>], (5, 9)=[v], (3, 9)=[◣, ◥, v, ◣, v, <, v, <, v, ^, v, ◢, v, ◣, v, v, v], (3, 1)=[>], (5, 3)=[◢, <, ◤, <, ◣, ◣, ◤]}
18 Jan 2025 22:07:05 GMT Zwierzę poruszyło się z (1, 6) na (2, 6)
18 Jan 2025 22:07:05 GMT Długość listy pozycji: 8
Lista pozycji zwierząt: {(9, 8)=[◢, >, v, ◢, ◣, ◢, >, v], (3, 3)=[<], (4, 4)=[◤], (2, 6)=[>], (5, 9)=[v], (3, 9)=[◣, ◥, v, ◣, v, <, v, <, v, ^, v, ◢, v, ◣, v, v, v], (3, 1)=[>], (5, 3)=[◢, <, ◤, <, ◣, ◣, ◤]}
18 Jan 2025 22:07:05 GMT Zwierzę poruszyło się z (4, 3) na (3, 3)
18 Jan 2025 22:07:05 GMT Długość listy pozycji: 9
Lista pozycji zwierząt: {(9, 8)=[◢, >, ◢, ◣, ◢, >, <], (8, 8)=[<], (3, 3)=[<], (4, 4)=[◤], (2, 6)=[>], (5, 9)=[v], (3, 9)=[◣, ◥, v, ◣, v, <, v, <, v, ^, v, ◢, v, ◣, v, v, v], (3, 1)=[>], (5, 3)=[◢, <, ◤, <, ◣, ◣, ◤]}
18 Jan 2025 22:07:05 GMT Zwierzę poruszyło się z (9, 8) na (8, 8)
18 Jan 2025 22:07:05 GMT Długość listy pozycji: 9
Lista pozycji zwierząt: {(9, 8)=[◢, >, ◢, ◣, ◢, >, <], (2, 2)=[◤], (8, 8)=[<], (3, 3)=[<], (4, 4)=[◤], (2, 6)=[>], (5, 9)=[v], (3, 9)=[◣, ◥, v, ◣, v, <, v, <, v, ^, v, ◢, v, ◣, v, v, v], (5, 3)=[◢, <, ◤, <, ◣, ◣, ◤]}
18 Jan 2025 22:07:05 GMT Zwierzę poruszyło się z (3, 1) na (2, 2)
18 Jan 2025 22:07:05 GMT Długość listy pozycji: 9
Lista pozycji zwierząt: {(9, 8)=[◢, >, ◢, ◣, ◢, >, <], (2, 2)=[◤], (8, 8)=[<], (3, 3)=[<], (4, 4)=[◤], (2, 6)=[>], (5, 9)=[v], (3, 9)=[◣, ◥, v, ◣, v, <, v, <, v, ^, v, ◢, v, ◣, v, v, v], (5, 3)=[◢, <, ◤, <, ◣, ◣, ◤]}
18 Jan 2025 22:07:05 GMT Zwierzę poruszyło się z (3, 9) na (3, 9)
18 Jan 2025 22:07:05 GMT Zwierzę zjadło roślinkę na (2, 2)
18 Jan 2025 22:07:05 GMT Zwierzę zjadło roślinkę na (3, 9)
18 Jan 2025 22:07:06 GMT Zwierze zostało położone na (9, 8)
18 Jan 2025 22:07:06 GMT Urodziło się nowe zwierzę na (9, 8)
18 Jan 2025 22:07:06 GMT Zwierze zostało położone na (3, 9)
18 Jan 2025 22:07:06 GMT Urodziło się nowe zwierzę na (3, 9)
18 Jan 2025 22:07:06 GMT Zwierze zostało położone na (5, 3)
18 Jan 2025 22:07:06 GMT Urodziło się nowe zwierzę na (5, 3)
18 Jan 2025 22:07:06 GMT Roślinka wyrosła na null
18 Jan 2025 22:07:06 GMT Roślinka wyrosła na null
18 Jan 2025 22:07:06 GMT Roślinka wyrosła na null
18 Jan 2025 22:07:06 GMT Roślinka wyrosła na null
18 Jan 2025 22:07:06 GMT Roślinka wyrosła na null
18 Jan 2025 22:07:06 GMT Roślinka wyrosła na null
18 Jan 2025 22:07:06 GMT Roślinka wyrosła na null
18 Jan 2025 22:07:06 GMT Roślinka wyrosła na null
18 Jan 2025 22:07:06 GMT Roślinka wyrosła na null
18 Jan 2025 22:07:06 GMT Roślinka wyrosła na null
18 Jan 2025 22:07:06 GMT Zwierzę umarło na (3, 9)
18 Jan 2025 22:07:06 GMT Długość listy pozycji: 9
Lista pozycji zwierząt: {(9, 8)=[v, ◢, >, ◢, ◣, ◢, >, <], (2, 2)=[◤], (8, 8)=[<], (3, 3)=[<], (4, 4)=[◤], (2, 6)=[>], (5, 9)=[v], (3, 9)=[◢, ◣, ◥, v, ◣, v, <, v, <, v, ^, v, ◢, v, ◣, v, v], (5, 3)=[^, ◢, <, ◤, <, ◣, ◣, ◤]}
18 Jan 2025 22:07:06 GMT Zwierzę poruszyło się z (5, 9) na (5, 9)
18 Jan 2025 22:07:07 GMT Długość listy pozycji: 9
Lista pozycji zwierząt: {(4, 3)=[v], (9, 8)=[v, ◢, >, ◢, ◣, ◢, >, <], (2, 2)=[◤], (8, 8)=[<], (3, 3)=[<], (2, 6)=[>], (5, 9)=[v], (3, 9)=[◢, ◣, ◥, v, ◣, v, <, v, <, v, ^, v, ◢, v, ◣, v, v], (5, 3)=[^, ◢, <, v, <, ◣, ◣, v]}
18 Jan 2025 22:07:07 GMT Zwierzę poruszyło się z (4, 4) na (4, 3)
18 Jan 2025 22:07:07 GMT Długość listy pozycji: 9
Lista pozycji zwierząt: {(4, 3)=[v], (9, 8)=[v, ◢, >, ◢, ◣, ◢, >, <], (2, 2)=[◤], (8, 8)=[<], (3, 3)=[<], (5, 9)=[v], (2, 7)=[^], (3, 9)=[◢, ◣, ◥, v, ◣, v, <, v, <, v, ^, v, ◢, v, ◣, v, v], (5, 3)=[^, ◢, <, v, <, ◣, ◣, v]}
18 Jan 2025 22:07:07 GMT Zwierzę poruszyło się z (2, 6) na (2, 7)
18 Jan 2025 22:07:07 GMT Długość listy pozycji: 9
Lista pozycji zwierząt: {(4, 3)=[v], (9, 8)=[v, ◢, >, ◢, ◣, ◢, >, <], (2, 2)=[◤], (8, 8)=[<], (3, 4)=[^], (5, 9)=[v], (2, 7)=[^], (3, 9)=[◢, ◣, ◥, v, ◣, v, <, v, <, v, ^, v, ◢, v, ◣, v, v], (5, 3)=[^, ◢, <, v, <, ◣, ◣, v]}
18 Jan 2025 22:07:07 GMT Zwierzę poruszyło się z (3, 3) na (3, 4)
18 Jan 2025 22:07:07 GMT Długość listy pozycji: 9
Lista pozycji zwierząt: {(4, 3)=[v], (9, 8)=[v, ◢, >, ◢, ◣, ◢, >, ^], (2, 2)=[◤], (8, 9)=[^], (3, 4)=[^], (5, 9)=[v], (2, 7)=[^], (3, 9)=[◢, ◣, ◥, v, ◣, v, <, v, <, v, ^, v, ◢, v, ◣, v, v], (5, 3)=[^, ◢, <, v, <, ◣, ◣, v]}
18 Jan 2025 22:07:07 GMT Zwierzę poruszyło się z (8, 8) na (8, 9)
18 Jan 2025 22:07:07 GMT Długość listy pozycji: 9
Lista pozycji zwierząt: {(2, 1)=[v], (4, 3)=[v], (9, 8)=[v, ◢, >, ◢, ◣, ◢, >, ^], (8, 9)=[^], (3, 4)=[^], (5, 9)=[v], (2, 7)=[^], (3, 9)=[◢, ◣, ◥, v, ◣, v, <, v, <, v, ^, v, ◢, v, ◣, v, v], (5, 3)=[^, ◢, <, v, <, ◣, ◣, v]}
18 Jan 2025 22:07:07 GMT Zwierzę poruszyło się z (2, 2) na (2, 1)
18 Jan 2025 22:07:07 GMT Zwierzę zjadło roślinkę na (8, 9)
18 Jan 2025 22:07:07 GMT Zwierzę zjadło roślinkę na (3, 4)
18 Jan 2025 22:07:07 GMT Zwierzę zjadło roślinkę na (2, 7)
18 Jan 2025 22:07:07 GMT Zwierze zostało położone na (9, 8)
18 Jan 2025 22:07:07 GMT Urodziło się nowe zwierzę na (9, 8)
18 Jan 2025 22:07:07 GMT Zwierze zostało położone na (3, 9)
18 Jan 2025 22:07:07 GMT Urodziło się nowe zwierzę na (3, 9)
18 Jan 2025 22:07:07 GMT Zwierze zostało położone na (5, 3)
18 Jan 2025 22:07:07 GMT Urodziło się nowe zwierzę na (5, 3)
18 Jan 2025 22:07:08 GMT Roślinka wyrosła na null
18 Jan 2025 22:07:08 GMT Roślinka wyrosła na null
18 Jan 2025 22:07:08 GMT Roślinka wyrosła na null
18 Jan 2025 22:07:08 GMT Roślinka wyrosła na null
18 Jan 2025 22:07:08 GMT Roślinka wyrosła na null
18 Jan 2025 22:07:08 GMT Roślinka wyrosła na null
18 Jan 2025 22:07:08 GMT Roślinka wyrosła na null
18 Jan 2025 22:07:08 GMT Roślinka wyrosła na null
18 Jan 2025 22:07:08 GMT Roślinka wyrosła na null
18 Jan 2025 22:07:08 GMT Roślinka wyrosła na null
18 Jan 2025 22:07:08 GMT Długość listy pozycji: 9
Lista pozycji zwierząt: {(2, 1)=[v], (4, 3)=[v], (9, 8)=[◥, v, ◢, >, ◢, ◣, ◢, >, ^], (8, 9)=[^], (3, 4)=[^], (5, 9)=[v], (2, 7)=[^], (3, 9)=[◣, ◢, ◣, ◥, v, ◣, v, <, v, <, v, ^, v, ◢, v, ◣, v, v], (5, 3)=[◢, ^, ◢, <, v, <, ◣, ◣, v]}
18 Jan 2025 22:07:08 GMT Zwierzę poruszyło się z (5, 9) na (5, 9)
18 Jan 2025 22:07:08 GMT Długość listy pozycji: 9
Lista pozycji zwierząt: {(5, 4)=[◥], (2, 1)=[v], (9, 8)=[◥, v, ◢, >, ◢, ◣, ◢, >, ^], (8, 9)=[^], (3, 4)=[^], (5, 9)=[v], (2, 7)=[^], (3, 9)=[◣, ◢, ◣, ◥, v, ◣, v, <, v, <, v, ^, v, ◢, v, ◣, v, v], (5, 3)=[◢, ^, ◢, <, ◥, <, ◣, ◣, ◥]}
18 Jan 2025 22:07:08 GMT Zwierzę poruszyło się z (4, 3) na (5, 4)
18 Jan 2025 22:07:08 GMT Długość listy pozycji: 9
Lista pozycji zwierząt: {(5, 4)=[◥], (2, 1)=[v], (9, 8)=[◥, v, ◢, >, ◢, ◣, ◢, >, ^], (8, 9)=[^], (3, 4)=[^], (5, 9)=[v], (1, 7)=[<], (3, 9)=[◣, ◢, ◣, ◥, v, ◣, v, <, v, <, v, ^, v, ◢, v, ◣, v, v], (5, 3)=[◢, ^, ◢, <, ◥, <, ◣, ◣, ◥]}
18 Jan 2025 22:07:08 GMT Zwierzę poruszyło się z (2, 7) na (1, 7)
18 Jan 2025 22:07:08 GMT Długość listy pozycji: 9
Lista pozycji zwierząt: {(5, 4)=[◥], (2, 1)=[v], (9, 8)=[◥, v, ◢, >, ◢, ◣, ◢, >, ^], (4, 4)=[>], (8, 9)=[^], (5, 9)=[v], (1, 7)=[<], (3, 9)=[◣, ◢, ◣, ◥, v, ◣, v, <, v, <, v, ^, v, ◢, v, ◣, v, v], (5, 3)=[◢, ^, ◢, <, ◥, <, ◣, ◣, ◥]}
18 Jan 2025 22:07:08 GMT Zwierzę poruszyło się z (3, 4) na (4, 4)
18 Jan 2025 22:07:08 GMT Długość listy pozycji: 9
Lista pozycji zwierząt: {(5, 4)=[◥], (2, 1)=[v], (9, 8)=[◥, v, ◢, >, ◢, ◣, ◢, >, >], (9, 9)=[>], (4, 4)=[>], (5, 9)=[v], (1, 7)=[<], (3, 9)=[◣, ◢, ◣, ◥, v, ◣, v, <, v, <, v, ^, v, ◢, v, ◣, v, v], (5, 3)=[◢, ^, ◢, <, ◥, <, ◣, ◣, ◥]}
18 Jan 2025 22:07:08 GMT Zwierzę poruszyło się z (8, 9) na (9, 9)
18 Jan 2025 22:07:08 GMT Długość listy pozycji: 9
Lista pozycji zwierząt: {(3, 2)=[◥], (5, 4)=[◥], (9, 8)=[◥, v, ◢, >, ◢, ◣, ◢, >, >], (9, 9)=[>], (4, 4)=[>], (5, 9)=[v], (1, 7)=[<], (3, 9)=[◣, ◢, ◣, ◥, v, ◣, v, <, v, <, v, ^, v, ◢, v, ◣, v, v], (5, 3)=[◢, ^, ◢, <, ◥, <, ◣, ◣, ◥]}
18 Jan 2025 22:07:08 GMT Zwierzę poruszyło się z (2, 1) na (3, 2)
18 Jan 2025 22:07:08 GMT Zwierzę zjadło roślinkę na (5, 4)
18 Jan 2025 22:07:08 GMT Zwierzę zjadło roślinkę na (9, 9)
18 Jan 2025 22:07:09 GMT Zwierze zostało położone na (9, 8)
18 Jan 2025 22:07:09 GMT Urodziło się nowe zwierzę na (9, 8)
18 Jan 2025 22:07:09 GMT Zwierze zostało położone na (3, 9)
18 Jan 2025 22:07:09 GMT Urodziło się nowe zwierzę na (3, 9)
18 Jan 2025 22:07:09 GMT Zwierze zostało położone na (5, 3)
18 Jan 2025 22:07:09 GMT Urodziło się nowe zwierzę na (5, 3)
18 Jan 2025 22:07:09 GMT Roślinka wyrosła na null
18 Jan 2025 22:07:09 GMT Roślinka wyrosła na null
18 Jan 2025 22:07:09 GMT Roślinka wyrosła na null
18 Jan 2025 22:07:09 GMT Roślinka wyrosła na null
18 Jan 2025 22:07:09 GMT Roślinka wyrosła na null
18 Jan 2025 22:07:09 GMT Roślinka wyrosła na null
18 Jan 2025 22:07:09 GMT Roślinka wyrosła na null
18 Jan 2025 22:07:09 GMT Roślinka wyrosła na null
18 Jan 2025 22:07:09 GMT Roślinka wyrosła na null
18 Jan 2025 22:07:09 GMT Roślinka wyrosła na null
18 Jan 2025 22:07:09 GMT Długość listy pozycji: 9
Lista pozycji zwierząt: {(3, 2)=[◥], (5, 4)=[◥], (9, 8)=[◥, ◥, v, ◢, >, ◢, ◣, ◢, >, >], (9, 9)=[>], (4, 4)=[>], (5, 9)=[v], (1, 7)=[<], (3, 9)=[v, ◣, ◢, ◣, ◥, v, ◣, v, <, v, <, v, ^, v, ◢, v, ◣, v, v], (5, 3)=[<, ◢, ^, ◢, <, ◥, <, ◣, ◣, ◥]}
18 Jan 2025 22:07:09 GMT Zwierzę poruszyło się z (5, 9) na (5, 9)
18 Jan 2025 22:07:09 GMT Długość listy pozycji: 8
Lista pozycji zwierząt: {(3, 2)=[◥], (9, 8)=[◥, ◥, v, ◢, >, ◢, ◣, ◢, >, >], (9, 9)=[>], (4, 4)=[>, <], (5, 9)=[v], (1, 7)=[<], (3, 9)=[v, ◣, ◢, ◣, ◥, v, ◣, v, <, v, <, v, ^, v, ◢, v, ◣, v, v], (5, 3)=[<, ◢, ^, ◢, <, <, <, ◣, ◣, <]}
18 Jan 2025 22:07:09 GMT Zwierzę poruszyło się z (5, 4) na (4, 4)
18 Jan 2025 22:07:09 GMT Długość listy pozycji: 8
Lista pozycji zwierząt: {(3, 2)=[◥], (9, 8)=[◥, ◥, v, ◢, >, ◢, ◣, ◢, >, >], (9, 9)=[>], (4, 4)=[>, <], (5, 9)=[v], (1, 6)=[v], (3, 9)=[v, ◣, ◢, ◣, ◥, v, ◣, v, <, v, <, v, ^, v, ◢, v, ◣, v, v], (5, 3)=[<, ◢, ^, ◢, <, <, <, ◣, ◣, <]}
18 Jan 2025 22:07:09 GMT Zwierzę poruszyło się z (1, 7) na (1, 6)
18 Jan 2025 22:07:09 GMT Długość listy pozycji: 9
Lista pozycji zwierząt: {(4, 3)=[v], (3, 2)=[◥], (9, 8)=[◥, ◥, v, ◢, >, ◢, ◣, ◢, >, >], (9, 9)=[>], (4, 4)=[<], (5, 9)=[v], (1, 6)=[v], (3, 9)=[v, ◣, ◢, ◣, ◥, v, ◣, v, <, v, <, v, ^, v, ◢, v, ◣, v, v], (5, 3)=[<, ◢, ^, ◢, <, <, <, ◣, ◣, <]}
18 Jan 2025 22:07:09 GMT Zwierzę poruszyło się z (4, 4) na (4, 3)
18 Jan 2025 22:07:09 GMT Długość listy pozycji: 8
Lista pozycji zwierząt: {(4, 3)=[v], (3, 2)=[◥], (9, 8)=[v, ◥, ◥, v, ◢, >, ◢, ◣, ◢, >, v], (4, 4)=[<], (5, 9)=[v], (1, 6)=[v], (3, 9)=[v, ◣, ◢, ◣, ◥, v, ◣, v, <, v, <, v, ^, v, ◢, v, ◣, v, v], (5, 3)=[<, ◢, ^, ◢, <, <, <, ◣, ◣, <]}
18 Jan 2025 22:07:09 GMT Zwierzę poruszyło się z (9, 9) na (9, 8)
18 Jan 2025 22:07:10 GMT Długość listy pozycji: 8
Lista pozycji zwierząt: {(4, 3)=[v], (9, 8)=[v, ◥, ◥, v, ◢, >, ◢, ◣, ◢, >, v], (2, 2)=[<], (4, 4)=[<], (5, 9)=[v], (1, 6)=[v], (3, 9)=[v, ◣, ◢, ◣, ◥, v, ◣, v, <, v, <, v, ^, v, ◢, v, ◣, v, v], (5, 3)=[<, ◢, ^, ◢, <, <, <, ◣, ◣, <]}
18 Jan 2025 22:07:10 GMT Zwierzę poruszyło się z (3, 2) na (2, 2)
18 Jan 2025 22:07:10 GMT Zwierze zostało położone na (9, 8)
18 Jan 2025 22:07:10 GMT Urodziło się nowe zwierzę na (9, 8)
18 Jan 2025 22:07:10 GMT Zwierze zostało położone na (3, 9)
18 Jan 2025 22:07:10 GMT Urodziło się nowe zwierzę na (3, 9)
18 Jan 2025 22:07:10 GMT Zwierze zostało położone na (5, 3)
18 Jan 2025 22:07:10 GMT Urodziło się nowe zwierzę na (5, 3)
18 Jan 2025 22:07:10 GMT Roślinka wyrosła na null
18 Jan 2025 22:07:10 GMT Roślinka wyrosła na null
18 Jan 2025 22:07:10 GMT Roślinka wyrosła na null
18 Jan 2025 22:07:10 GMT Roślinka wyrosła na null
18 Jan 2025 22:07:10 GMT Roślinka wyrosła na null
18 Jan 2025 22:07:10 GMT Roślinka wyrosła na null
18 Jan 2025 22:07:10 GMT Roślinka wyrosła na null
18 Jan 2025 22:07:10 GMT Roślinka wyrosła na null
18 Jan 2025 22:07:10 GMT Roślinka wyrosła na null
18 Jan 2025 22:07:10 GMT Roślinka wyrosła na null
18 Jan 2025 22:07:10 GMT Długość listy pozycji: 8
Lista pozycji zwierząt: {(4, 3)=[v], (9, 8)=[v, ◥, >, ◥, v, ◢, >, ◢, ◣, ◢, >, v], (2, 2)=[<], (4, 4)=[<], (5, 9)=[v], (1, 6)=[v], (3, 9)=[◣, v, ◣, ◢, ◣, ◥, v, ◣, v, <, v, <, v, ^, v, ◢, v, ◣, v, v], (5, 3)=[◥, <, ◢, ^, ◢, <, <, <, ◣, ◣, <]}
18 Jan 2025 22:07:10 GMT Zwierzę poruszyło się z (5, 9) na (5, 9)
18 Jan 2025 22:07:10 GMT Długość listy pozycji: 7
Lista pozycji zwierząt: {(4, 3)=[v], (9, 8)=[v, ◥, >, ◥, v, ◢, >, ◢, ◣, ◢, >, v], (2, 2)=[<], (5, 9)=[v], (1, 6)=[v], (3, 9)=[◣, v, ◣, ◢, ◣, ◥, v, ◣, v, <, v, <, v, ^, v, ◢, v, ◣, v, v], (5, 3)=[◥, ◢, <, ◢, ^, ◢, <, ◢, <, ◣, ◣, ◢]}
18 Jan 2025 22:07:10 GMT Zwierzę poruszyło się z (4, 4) na (5, 3)
18 Jan 2025 22:07:11 GMT Długość listy pozycji: 7
Lista pozycji zwierząt: {(4, 3)=[v], (9, 8)=[v, ◥, >, ◥, v, ◢, >, ◢, ◣, ◢, >, v], (2, 2)=[<], (2, 6)=[>], (5, 9)=[v], (3, 9)=[◣, v, ◣, ◢, ◣, ◥, v, ◣, v, <, v, <, v, ^, v, ◢, v, ◣, v, v], (5, 3)=[◥, ◢, <, ◢, ^, ◢, <, ◢, <, ◣, ◣, ◢]}
18 Jan 2025 22:07:11 GMT Zwierzę poruszyło się z (1, 6) na (2, 6)
18 Jan 2025 22:07:11 GMT Długość listy pozycji: 7
Lista pozycji zwierząt: {(9, 8)=[v, ◥, >, ◥, v, ◢, >, ◢, ◣, ◢, >, v], (3, 3)=[<], (2, 2)=[<], (2, 6)=[>], (5, 9)=[v], (3, 9)=[◣, v, ◣, ◢, ◣, ◥, v, ◣, v, <, v, <, v, ^, v, ◢, v, ◣, v, v], (5, 3)=[◥, ◢, <, ◢, ^, ◢, <, ◢, <, ◣, ◣, ◢]}
18 Jan 2025 22:07:11 GMT Zwierzę poruszyło się z (4, 3) na (3, 3)
18 Jan 2025 22:07:11 GMT Długość listy pozycji: 8
Lista pozycji zwierząt: {(9, 8)=[<, ◥, >, ◥, v, ◢, >, ◢, ◣, ◢, >, <], (8, 8)=[<], (3, 3)=[<], (2, 2)=[<], (2, 6)=[>], (5, 9)=[v], (3, 9)=[◣, v, ◣, ◢, ◣, ◥, v, ◣, v, <, v, <, v, ^, v, ◢, v, ◣, v, v], (5, 3)=[◥, ◢, <, ◢, ^, ◢, <, ◢, <, ◣, ◣, ◢]}
18 Jan 2025 22:07:11 GMT Zwierzę poruszyło się z (9, 8) na (8, 8)
18 Jan 2025 22:07:11 GMT Długość listy pozycji: 8
Lista pozycji zwierząt: {(9, 8)=[<, ◥, >, ◥, v, ◢, >, ◢, ◣, ◢, >, <], (8, 8)=[<], (3, 3)=[<], (2, 6)=[>], (5, 9)=[v], (3, 9)=[◣, v, ◣, ◢, ◣, ◥, v, ◣, v, <, v, <, v, ^, v, ◢, v, ◣, v, v], (3, 1)=[◢], (5, 3)=[◥, ◢, <, ◢, ^, ◢, <, ◢, <, ◣, ◣, ◢]}
18 Jan 2025 22:07:11 GMT Zwierzę poruszyło się z (2, 2) na (3, 1)
18 Jan 2025 22:07:11 GMT Zwierze zostało położone na (9, 8)
18 Jan 2025 22:07:11 GMT Urodziło się nowe zwierzę na (9, 8)
18 Jan 2025 22:07:11 GMT Zwierze zostało położone na (3, 9)
18 Jan 2025 22:07:11 GMT Urodziło się nowe zwierzę na (3, 9)
18 Jan 2025 22:07:11 GMT Zwierze zostało położone na (5, 3)
18 Jan 2025 22:07:11 GMT Urodziło się nowe zwierzę na (5, 3)
18 Jan 2025 22:07:11 GMT Roślinka wyrosła na null
18 Jan 2025 22:07:11 GMT Roślinka wyrosła na null
18 Jan 2025 22:07:11 GMT Roślinka wyrosła na null
18 Jan 2025 22:07:11 GMT Roślinka wyrosła na null
18 Jan 2025 22:07:11 GMT Roślinka wyrosła na null
18 Jan 2025 22:07:11 GMT Roślinka wyrosła na null
18 Jan 2025 22:07:11 GMT Roślinka wyrosła na null
18 Jan 2025 22:07:11 GMT Roślinka wyrosła na null
18 Jan 2025 22:07:11 GMT Roślinka wyrosła na null
18 Jan 2025 22:07:11 GMT Roślinka wyrosła na null
18 Jan 2025 22:07:12 GMT Zwierzę umarło na (8, 8)
18 Jan 2025 22:07:12 GMT Długość listy pozycji: 8
Lista pozycji zwierząt: {(9, 8)=[<, <, ◥, >, ◥, v, ◢, >, ◢, ◣, ◢, >, <], (8, 8)=[], (3, 3)=[<], (2, 6)=[>], (5, 9)=[v], (3, 9)=[◥, ◣, v, ◣, ◢, ◣, ◥, v, ◣, v, <, v, <, v, ^, v, ◢, v, ◣, v, v], (3, 1)=[◢], (5, 3)=[>, ◥, ◢, <, ◢, ^, ◢, <, ◢, <, ◣, ◣, ◢]}
18 Jan 2025 22:07:12 GMT Zwierzę poruszyło się z (5, 9) na (5, 9)
18 Jan 2025 22:07:12 GMT Długość listy pozycji: 9
Lista pozycji zwierząt: {(5, 4)=[^], (9, 8)=[<, <, ◥, >, ◥, v, ◢, >, ◢, ◣, ◢, >, <], (8, 8)=[], (3, 3)=[<], (2, 6)=[>], (5, 9)=[v], (3, 9)=[◥, ◣, v, ◣, ◢, ◣, ◥, v, ◣, v, <, v, <, v, ^, v, ◢, v, ◣, v, v], (3, 1)=[◢], (5, 3)=[>, ◥, ^, <, ◢, ^, ◢, <, ^, <, ◣, ◣, ^]}
18 Jan 2025 22:07:12 GMT Zwierzę poruszyło się z (5, 3) na (5, 4)
18 Jan 2025 22:07:12 GMT Długość listy pozycji: 9
Lista pozycji zwierząt: {(5, 4)=[^], (9, 8)=[<, <, ◥, >, ◥, v, ◢, >, ◢, ◣, ◢, >, <], (8, 8)=[], (3, 3)=[<], (5, 9)=[v], (2, 7)=[^], (3, 9)=[◥, ◣, v, ◣, ◢, ◣, ◥, v, ◣, v, <, v, <, v, ^, v, ◢, v, ◣, v, v], (3, 1)=[◢], (5, 3)=[>, ◥, ^, <, ◢, ^, ◢, <, ^, <, ◣, ◣, ^]}
18 Jan 2025 22:07:12 GMT Zwierzę poruszyło się z (2, 6) na (2, 7)
18 Jan 2025 22:07:12 GMT Długość listy pozycji: 9
Lista pozycji zwierząt: {(5, 4)=[^], (9, 8)=[<, <, ◥, >, ◥, v, ◢, >, ◢, ◣, ◢, >, <], (8, 8)=[], (3, 4)=[^], (5, 9)=[v], (2, 7)=[^], (3, 9)=[◥, ◣, v, ◣, ◢, ◣, ◥, v, ◣, v, <, v, <, v, ^, v, ◢, v, ◣, v, v], (3, 1)=[◢], (5, 3)=[>, ◥, ^, <, ◢, ^, ◢, <, ^, <, ◣, ◣, ^]}
18 Jan 2025 22:07:12 GMT Zwierzę poruszyło się z (3, 3) na (3, 4)
18 Jan 2025 22:07:12 GMT Długość listy pozycji: 9
Lista pozycji zwierząt: {(3, 2)=[^], (5, 4)=[^], (9, 8)=[<, <, ◥, >, ◥, v, ◢, >, ◢, ◣, ◢, >, <], (8, 8)=[], (3, 4)=[^], (5, 9)=[v], (2, 7)=[^], (3, 9)=[◥, ◣, v, ◣, ◢, ◣, ◥, v, ◣, v, <, v, <, v, ^, v, ◢, v, ◣, v, v], (5, 3)=[>, ◥, ^, <, ◢, ^, ◢, <, ^, <, ◣, ◣, ^]}
18 Jan 2025 22:07:12 GMT Zwierzę poruszyło się z (3, 1) na (3, 2)
