18 Jan 2025 22:18:15 GMT Zwierze zostało położone na (9, 1)
18 Jan 2025 22:18:15 GMT Zwierze zostało położone na (3, 4)
18 Jan 2025 22:18:15 GMT Zwierze zostało położone na (8, 4)
18 Jan 2025 22:18:15 GMT Zwierze zostało położone na (9, 5)
18 Jan 2025 22:18:15 GMT Zwierze zostało położone na (0, 0)
18 Jan 2025 22:18:16 GMT Zwierze zostało położone na (8, 2)
18 Jan 2025 22:18:16 GMT Zwierze zostało położone na (5, 4)
18 Jan 2025 22:18:16 GMT Zwierze zostało położone na (2, 4)
18 Jan 2025 22:18:16 GMT Zwierze zostało położone na (3, 9)
18 Jan 2025 22:18:16 GMT Zwierze zostało położone na (6, 5)
18 Jan 2025 22:18:16 GMT Długość listy pozycji: 10
Lista pozycji zwierząt: {(6, 5)=[◤], (5, 4)=[◥], (0, 0)=[◥], (0, 1)=[>], (3, 4)=[◥], (2, 4)=[◥], (3, 9)=[<], (8, 2)=[◣], (9, 5)=[v], (8, 4)=[>]}
18 Jan 2025 22:18:16 GMT Zwierzę poruszyło się z (9, 1) na (0, 1)
18 Jan 2025 22:18:16 GMT Długość listy pozycji: 10
Lista pozycji zwierząt: {(6, 5)=[◤], (5, 4)=[◥], (4, 4)=[>], (0, 0)=[◥], (0, 1)=[>], (2, 4)=[◥], (3, 9)=[<], (8, 2)=[◣], (9, 5)=[v], (8, 4)=[>]}
18 Jan 2025 22:18:16 GMT Zwierzę poruszyło się z (3, 4) na (4, 4)
18 Jan 2025 22:18:16 GMT Długość listy pozycji: 10
Lista pozycji zwierząt: {(6, 5)=[◤], (5, 4)=[◥], (4, 4)=[>], (0, 0)=[◥], (0, 1)=[>], (2, 4)=[◥], (3, 9)=[<], (8, 2)=[◣], (8, 3)=[v], (9, 5)=[v]}
18 Jan 2025 22:18:16 GMT Zwierzę poruszyło się z (8, 4) na (8, 3)
18 Jan 2025 22:18:16 GMT Długość listy pozycji: 10
Lista pozycji zwierząt: {(6, 5)=[◤], (5, 4)=[◥], (4, 4)=[>], (0, 0)=[◥], (0, 1)=[>], (2, 4)=[◥], (3, 9)=[<], (8, 2)=[◣], (8, 3)=[v], (9, 6)=[^]}
18 Jan 2025 22:18:16 GMT Zwierzę poruszyło się z (9, 5) na (9, 6)
18 Jan 2025 22:18:16 GMT Długość listy pozycji: 10
Lista pozycji zwierząt: {(1, 0)=[>], (6, 5)=[◤], (5, 4)=[◥], (4, 4)=[>], (0, 1)=[>], (2, 4)=[◥], (3, 9)=[<], (8, 2)=[◣], (8, 3)=[v], (9, 6)=[^]}
18 Jan 2025 22:18:16 GMT Zwierzę poruszyło się z (0, 0) na (1, 0)
18 Jan 2025 22:18:16 GMT Długość listy pozycji: 10
Lista pozycji zwierząt: {(1, 0)=[>], (6, 5)=[◤], (5, 4)=[◥], (4, 4)=[>], (0, 1)=[>], (2, 4)=[◥], (3, 9)=[<], (9, 2)=[>], (8, 3)=[v], (9, 6)=[^]}
18 Jan 2025 22:18:16 GMT Zwierzę poruszyło się z (8, 2) na (9, 2)
18 Jan 2025 22:18:17 GMT Długość listy pozycji: 10
Lista pozycji zwierząt: {(1, 0)=[>], (6, 5)=[◤], (4, 4)=[>], (0, 1)=[>], (2, 4)=[◥], (3, 9)=[<], (9, 2)=[>], (8, 3)=[v], (9, 6)=[^], (6, 4)=[>]}
18 Jan 2025 22:18:17 GMT Zwierzę poruszyło się z (5, 4) na (6, 4)
18 Jan 2025 22:18:17 GMT Długość listy pozycji: 10
Lista pozycji zwierząt: {(1, 0)=[>], (6, 5)=[◤], (4, 4)=[>], (3, 4)=[>], (0, 1)=[>], (3, 9)=[<], (9, 2)=[>], (8, 3)=[v], (9, 6)=[^], (6, 4)=[>]}
18 Jan 2025 22:18:17 GMT Zwierzę poruszyło się z (2, 4) na (3, 4)
18 Jan 2025 22:18:17 GMT Długość listy pozycji: 10
Lista pozycji zwierząt: {(1, 0)=[>], (6, 5)=[◤], (4, 4)=[>], (3, 4)=[>], (0, 1)=[>], (3, 8)=[v], (9, 2)=[>], (8, 3)=[v], (9, 6)=[^], (6, 4)=[>]}
18 Jan 2025 22:18:17 GMT Zwierzę poruszyło się z (3, 9) na (3, 8)
18 Jan 2025 22:18:17 GMT Długość listy pozycji: 10
Lista pozycji zwierząt: {(1, 0)=[>], (5, 5)=[<], (4, 4)=[>], (3, 4)=[>], (0, 1)=[>], (3, 8)=[v], (9, 2)=[>], (8, 3)=[v], (9, 6)=[^], (6, 4)=[>]}
18 Jan 2025 22:18:17 GMT Zwierzę poruszyło się z (6, 5) na (5, 5)
18 Jan 2025 22:18:17 GMT Zwierzę zjadło roślinkę na (5, 5)
18 Jan 2025 22:18:17 GMT Zwierzę zjadło roślinkę na (3, 4)
18 Jan 2025 22:18:17 GMT Zwierzę zjadło roślinkę na (9, 6)
18 Jan 2025 22:18:17 GMT Roślinka wyrosła na (0, 5)
18 Jan 2025 22:18:17 GMT Roślinka wyrosła na (4, 5)
18 Jan 2025 22:18:17 GMT Roślinka wyrosła na (0, 0)
18 Jan 2025 22:18:17 GMT Roślinka wyrosła na (2, 6)
18 Jan 2025 22:18:17 GMT Roślinka wyrosła na (1, 9)
18 Jan 2025 22:18:17 GMT Roślinka wyrosła na (1, 6)
18 Jan 2025 22:18:17 GMT Roślinka wyrosła na (4, 6)
18 Jan 2025 22:18:17 GMT Roślinka wyrosła na (7, 5)
18 Jan 2025 22:18:17 GMT Roślinka wyrosła na (5, 6)
18 Jan 2025 22:18:17 GMT Roślinka wyrosła na (8, 6)
18 Jan 2025 22:18:17 GMT Długość listy pozycji: 9
Lista pozycji zwierząt: {(1, 0)=[>], (5, 5)=[<], (4, 4)=[>], (3, 4)=[>], (3, 8)=[v], (9, 2)=[>, ◤], (8, 3)=[v], (9, 6)=[^], (6, 4)=[>]}
18 Jan 2025 22:18:17 GMT Zwierzę poruszyło się z (0, 1) na (9, 2)
18 Jan 2025 22:18:18 GMT Długość listy pozycji: 9
Lista pozycji zwierząt: {(1, 0)=[>], (5, 5)=[<], (3, 4)=[>], (3, 8)=[v], (9, 2)=[>, ◤], (8, 3)=[v], (9, 6)=[^], (5, 3)=[◢], (6, 4)=[>]}
18 Jan 2025 22:18:18 GMT Zwierzę poruszyło się z (4, 4) na (5, 3)
18 Jan 2025 22:18:18 GMT Długość listy pozycji: 9
Lista pozycji zwierząt: {(1, 0)=[>], (5, 5)=[<], (3, 4)=[>], (3, 8)=[v], (9, 2)=[>, ◤], (7, 3)=[<], (9, 6)=[^], (5, 3)=[◢], (6, 4)=[>]}
18 Jan 2025 22:18:18 GMT Zwierzę poruszyło się z (8, 3) na (7, 3)
18 Jan 2025 22:18:18 GMT Długość listy pozycji: 9
Lista pozycji zwierząt: {(1, 0)=[>], (5, 5)=[<], (3, 4)=[>], (3, 8)=[v], (9, 2)=[>, ◤], (9, 5)=[v], (7, 3)=[<], (5, 3)=[◢], (6, 4)=[>]}
18 Jan 2025 22:18:18 GMT Zwierzę poruszyło się z (9, 6) na (9, 5)
18 Jan 2025 22:18:18 GMT Długość listy pozycji: 9
Lista pozycji zwierząt: {(1, 0)=[◤], (5, 5)=[<], (3, 4)=[>], (3, 8)=[v], (9, 2)=[>, ◤], (9, 5)=[v], (7, 3)=[<], (5, 3)=[◢], (6, 4)=[>]}
18 Jan 2025 22:18:18 GMT Zwierzę poruszyło się z (1, 0) na (1, 0)
18 Jan 2025 22:18:18 GMT Długość listy pozycji: 10
Lista pozycji zwierząt: {(1, 0)=[◤], (5, 5)=[<], (3, 4)=[>], (3, 8)=[v], (9, 2)=[◤], (8, 3)=[◤], (9, 5)=[v], (7, 3)=[<], (5, 3)=[◢], (6, 4)=[>]}
18 Jan 2025 22:18:18 GMT Zwierzę poruszyło się z (9, 2) na (8, 3)
18 Jan 2025 22:18:18 GMT Długość listy pozycji: 9
Lista pozycji zwierząt: {(1, 0)=[◤], (5, 5)=[<], (3, 4)=[>], (3, 8)=[v], (9, 2)=[◤], (8, 3)=[◤], (9, 5)=[v], (7, 3)=[<, ◢], (5, 3)=[◢]}
18 Jan 2025 22:18:18 GMT Zwierzę poruszyło się z (6, 4) na (7, 3)
18 Jan 2025 22:18:18 GMT Długość listy pozycji: 9
Lista pozycji zwierząt: {(4, 3)=[◢], (1, 0)=[◤], (5, 5)=[<], (3, 8)=[v], (9, 2)=[◤], (8, 3)=[◤], (9, 5)=[v], (7, 3)=[<, ◢], (5, 3)=[◢]}
18 Jan 2025 22:18:18 GMT Zwierzę poruszyło się z (3, 4) na (4, 3)
18 Jan 2025 22:18:18 GMT Długość listy pozycji: 9
Lista pozycji zwierząt: {(4, 3)=[◢], (1, 0)=[◤], (5, 5)=[<], (4, 8)=[>], (9, 2)=[◤], (8, 3)=[◤], (9, 5)=[v], (7, 3)=[<, ◢], (5, 3)=[◢]}
18 Jan 2025 22:18:18 GMT Zwierzę poruszyło się z (3, 8) na (4, 8)
18 Jan 2025 22:18:18 GMT Długość listy pozycji: 9
Lista pozycji zwierząt: {(4, 3)=[◢], (1, 0)=[◤], (4, 4)=[◣], (4, 8)=[>], (9, 2)=[◤], (8, 3)=[◤], (9, 5)=[v], (7, 3)=[<, ◢], (5, 3)=[◢]}
18 Jan 2025 22:18:18 GMT Zwierzę poruszyło się z (5, 5) na (4, 4)
18 Jan 2025 22:18:18 GMT Zwierzę zjadło roślinkę na (9, 5)
18 Jan 2025 22:18:19 GMT Zwierze zostało położone na (7, 3)
18 Jan 2025 22:18:19 GMT Urodziło się nowe zwierzę na (7, 3)
18 Jan 2025 22:18:19 GMT Roślinka wyrosła na (3, 6)
18 Jan 2025 22:18:19 GMT Roślinka wyrosła na (2, 5)
18 Jan 2025 22:18:19 GMT Roślinka wyrosła na (6, 6)
18 Jan 2025 22:18:19 GMT Roślinka wyrosła na (1, 5)
18 Jan 2025 22:18:19 GMT Roślinka wyrosła na (6, 5)
18 Jan 2025 22:18:19 GMT Roślinka wyrosła na (9, 4)
18 Jan 2025 22:18:19 GMT Roślinka wyrosła na (9, 0)
18 Jan 2025 22:18:19 GMT Roślinka wyrosła na (5, 2)
18 Jan 2025 22:18:19 GMT Roślinka wyrosła na (6, 4)
18 Jan 2025 22:18:19 GMT Roślinka wyrosła na (3, 1)
18 Jan 2025 22:18:19 GMT Zwierzę umarło na (7, 3)
18 Jan 2025 22:18:19 GMT Długość listy pozycji: 9
Lista pozycji zwierząt: {(4, 3)=[◢], (1, 0)=[◤], (4, 4)=[◣], (4, 8)=[>], (9, 1)=[v], (8, 3)=[◤], (9, 5)=[v], (7, 3)=[<, ◢], (5, 3)=[◢]}
18 Jan 2025 22:18:19 GMT Zwierzę poruszyło się z (9, 2) na (9, 1)
18 Jan 2025 22:18:19 GMT Długość listy pozycji: 9
Lista pozycji zwierząt: {(4, 3)=[◢], (1, 0)=[◤], (4, 4)=[◣], (4, 8)=[>], (9, 1)=[v], (8, 3)=[◤], (9, 5)=[v], (7, 3)=[<, ◢], (5, 2)=[v]}
18 Jan 2025 22:18:19 GMT Zwierzę poruszyło się z (5, 3) na (5, 2)
18 Jan 2025 22:18:19 GMT Długość listy pozycji: 9
Lista pozycji zwierząt: {(4, 3)=[◢], (1, 0)=[◤], (4, 4)=[◣], (4, 8)=[>], (9, 1)=[v], (8, 3)=[◤], (7, 3)=[<, ◢], (9, 6)=[^], (5, 2)=[v]}
18 Jan 2025 22:18:19 GMT Zwierzę poruszyło się z (9, 5) na (9, 6)
18 Jan 2025 22:18:19 GMT Długość listy pozycji: 9
Lista pozycji zwierząt: {(4, 3)=[◢], (1, 1)=[^], (4, 4)=[◣], (4, 8)=[>], (9, 1)=[v], (8, 3)=[◤], (7, 3)=[<, ◢], (9, 6)=[^], (5, 2)=[v]}
18 Jan 2025 22:18:19 GMT Zwierzę poruszyło się z (1, 0) na (1, 1)
18 Jan 2025 22:18:19 GMT Długość listy pozycji: 9
Lista pozycji zwierząt: {(4, 3)=[◢], (1, 1)=[^], (4, 4)=[◣], (4, 8)=[>], (9, 1)=[v], (8, 2)=[v], (7, 3)=[<, ◢], (9, 6)=[^], (5, 2)=[v]}
18 Jan 2025 22:18:19 GMT Zwierzę poruszyło się z (8, 3) na (8, 2)
18 Jan 2025 22:18:20 GMT Długość listy pozycji: 10
Lista pozycji zwierząt: {(4, 3)=[◢], (1, 1)=[^], (4, 4)=[◣], (4, 8)=[>], (9, 1)=[v], (8, 2)=[v], (7, 2)=[v], (7, 3)=[<], (9, 6)=[^], (5, 2)=[v]}
18 Jan 2025 22:18:20 GMT Zwierzę poruszyło się z (7, 3) na (7, 2)
18 Jan 2025 22:18:20 GMT Długość listy pozycji: 10
Lista pozycji zwierząt: {(1, 1)=[^], (4, 4)=[◣], (4, 8)=[>], (9, 1)=[v], (8, 2)=[v], (7, 2)=[v], (7, 3)=[<], (9, 6)=[^], (5, 2)=[v], (4, 2)=[v]}
18 Jan 2025 22:18:20 GMT Zwierzę poruszyło się z (4, 3) na (4, 2)
18 Jan 2025 22:18:20 GMT Długość listy pozycji: 10
Lista pozycji zwierząt: {(1, 1)=[^], (4, 4)=[◣], (4, 9)=[^], (9, 1)=[v], (8, 2)=[v], (7, 2)=[v], (7, 3)=[<], (9, 6)=[^], (5, 2)=[v], (4, 2)=[v]}
18 Jan 2025 22:18:20 GMT Zwierzę poruszyło się z (4, 8) na (4, 9)
18 Jan 2025 22:18:20 GMT Długość listy pozycji: 10
Lista pozycji zwierząt: {(4, 3)=[v], (1, 1)=[^], (4, 9)=[^], (9, 1)=[v], (8, 2)=[v], (7, 2)=[v], (7, 3)=[<], (9, 6)=[^], (5, 2)=[v], (4, 2)=[v]}
18 Jan 2025 22:18:20 GMT Zwierzę poruszyło się z (4, 4) na (4, 3)
18 Jan 2025 22:18:20 GMT Zwierzę zjadło roślinkę na (7, 2)
18 Jan 2025 22:18:20 GMT Zwierzę zjadło roślinkę na (5, 2)
18 Jan 2025 22:18:20 GMT Roślinka wyrosła na (0, 9)
18 Jan 2025 22:18:20 GMT Roślinka wyrosła na (5, 0)
18 Jan 2025 22:18:20 GMT Roślinka wyrosła na (4, 1)
18 Jan 2025 22:18:20 GMT Roślinka wyrosła na (5, 7)
18 Jan 2025 22:18:20 GMT Roślinka wyrosła na (3, 0)
18 Jan 2025 22:18:20 GMT Roślinka wyrosła na (5, 9)
18 Jan 2025 22:18:20 GMT Roślinka wyrosła na (7, 4)
18 Jan 2025 22:18:20 GMT Roślinka wyrosła na (2, 0)
18 Jan 2025 22:18:20 GMT Roślinka wyrosła na (1, 2)
18 Jan 2025 22:18:20 GMT Roślinka wyrosła na (7, 8)
18 Jan 2025 22:18:20 GMT Długość listy pozycji: 10
Lista pozycji zwierząt: {(4, 3)=[v], (1, 1)=[^], (0, 2)=[◥], (4, 9)=[^], (8, 2)=[v], (7, 2)=[v], (7, 3)=[<], (9, 6)=[^], (5, 2)=[v], (4, 2)=[v]}
18 Jan 2025 22:18:20 GMT Zwierzę poruszyło się z (9, 1) na (0, 2)
18 Jan 2025 22:18:21 GMT Długość listy pozycji: 10
Lista pozycji zwierząt: {(4, 3)=[v], (1, 1)=[^], (0, 2)=[◥], (4, 9)=[^], (8, 2)=[v], (7, 2)=[v], (7, 3)=[<], (4, 1)=[◣], (9, 6)=[^], (4, 2)=[v]}
18 Jan 2025 22:18:21 GMT Zwierzę poruszyło się z (5, 2) na (4, 1)
18 Jan 2025 22:18:21 GMT Długość listy pozycji: 10
Lista pozycji zwierząt: {(4, 3)=[v], (1, 1)=[^], (0, 2)=[◥], (4, 9)=[^], (8, 2)=[v], (7, 2)=[v], (9, 5)=[v], (7, 3)=[<], (4, 1)=[◣], (4, 2)=[v]}
18 Jan 2025 22:18:21 GMT Zwierzę poruszyło się z (9, 6) na (9, 5)
