20 Jan 2025 19:00:22 GMT Zwierze zostało położone na (9, 4)
20 Jan 2025 19:00:22 GMT Zwierze zostało położone na (1, 1)
20 Jan 2025 19:00:22 GMT Zwierze zostało położone na (6, 0)
20 Jan 2025 19:00:22 GMT Zwierze zostało położone na (2, 4)
20 Jan 2025 19:00:22 GMT Zwierze zostało położone na (4, 6)
20 Jan 2025 19:00:22 GMT Zwierze zostało położone na (3, 6)
20 Jan 2025 19:00:22 GMT Zwierze zostało położone na (6, 5)
20 Jan 2025 19:00:22 GMT Zwierze zostało położone na (0, 5)
20 Jan 2025 19:00:22 GMT Zwierze zostało położone na (3, 2)
20 Jan 2025 19:00:22 GMT Zwierze zostało położone na (2, 4)
20 Jan 2025 19:00:22 GMT Zwierzę poruszyło się z (9, 4) na (9, 3)
20 Jan 2025 19:00:22 GMT Zwierzę poruszyło się z (1, 1) na (0, 1)
20 Jan 2025 19:00:23 GMT Zwierzę poruszyło się z (6, 0) na (6, 0)
20 Jan 2025 19:00:23 GMT Zwierzę poruszyło się z (2, 4) na (2, 5)
20 Jan 2025 19:00:23 GMT Zwierzę poruszyło się z (4, 6) na (4, 5)
20 Jan 2025 19:00:23 GMT Zwierzę poruszyło się z (3, 6) na (4, 6)
20 Jan 2025 19:00:23 GMT Zwierzę poruszyło się z (6, 5) na (6, 4)
20 Jan 2025 19:00:23 GMT Zwierzę poruszyło się z (0, 5) na (0, 6)
20 Jan 2025 19:00:23 GMT Zwierzę poruszyło się z (3, 2) na (4, 2)
20 Jan 2025 19:00:23 GMT Zwierzę poruszyło się z (2, 4) na (2, 5)
20 Jan 2025 19:00:23 GMT Zwierzę zjadło roślinkę na (2, 5)
20 Jan 2025 19:00:24 GMT Zwierze zostało położone na (2, 5)
20 Jan 2025 19:00:24 GMT Urodziło się nowe zwierzę na (2, 5)
20 Jan 2025 19:00:24 GMT Roślinka wyrosła na (7, 6)
20 Jan 2025 19:00:24 GMT Roślinka wyrosła na (7, 5)
20 Jan 2025 19:00:24 GMT Roślinka wyrosła na (5, 6)
20 Jan 2025 19:00:24 GMT Roślinka wyrosła na (4, 1)
20 Jan 2025 19:00:24 GMT Roślinka wyrosła na (6, 5)
20 Jan 2025 19:00:24 GMT Roślinka wyrosła na (8, 2)
20 Jan 2025 19:00:24 GMT Roślinka wyrosła na (8, 5)
20 Jan 2025 19:00:24 GMT Roślinka wyrosła na (4, 5)
20 Jan 2025 19:00:24 GMT Roślinka wyrosła na (3, 6)
20 Jan 2025 19:00:24 GMT Roślinka wyrosła na (1, 5)
20 Jan 2025 19:00:24 GMT Zwierzę poruszyło się z (9, 3) na (9, 4)
20 Jan 2025 19:00:24 GMT Zwierzę poruszyło się z (0, 1) na (0, 2)
20 Jan 2025 19:00:24 GMT Zwierzę poruszyło się z (6, 0) na (5, 0)
20 Jan 2025 19:00:24 GMT Zwierzę poruszyło się z (2, 5) na (3, 4)
20 Jan 2025 19:00:24 GMT Zwierzę poruszyło się z (4, 5) na (3, 5)
20 Jan 2025 19:00:24 GMT Zwierzę poruszyło się z (4, 6) na (5, 5)
20 Jan 2025 19:00:24 GMT Zwierzę poruszyło się z (6, 4) na (7, 4)
20 Jan 2025 19:00:25 GMT Zwierzę poruszyło się z (0, 6) na (1, 6)
20 Jan 2025 19:00:25 GMT Zwierzę poruszyło się z (4, 2) na (3, 1)
20 Jan 2025 19:00:25 GMT Zwierzę poruszyło się z (2, 5) na (1, 4)
20 Jan 2025 19:00:25 GMT Zwierzę poruszyło się z (2, 5) na (1, 5)
20 Jan 2025 19:00:25 GMT Zwierzę zjadło roślinkę na (1, 5)
20 Jan 2025 19:00:25 GMT Roślinka wyrosła na (3, 5)
20 Jan 2025 19:00:25 GMT Roślinka wyrosła na (8, 6)
20 Jan 2025 19:00:25 GMT Roślinka wyrosła na (1, 5)
20 Jan 2025 19:00:25 GMT Roślinka wyrosła na (1, 6)
20 Jan 2025 19:00:25 GMT Roślinka wyrosła na (3, 1)
20 Jan 2025 19:00:25 GMT Roślinka wyrosła na (0, 5)
20 Jan 2025 19:00:25 GMT Roślinka wyrosła na (6, 1)
20 Jan 2025 19:00:25 GMT Roślinka wyrosła na (0, 6)
20 Jan 2025 19:00:25 GMT Roślinka wyrosła na (5, 8)
20 Jan 2025 19:00:25 GMT Roślinka wyrosła na (5, 4)
20 Jan 2025 19:00:25 GMT Zwierzę poruszyło się z (9, 4) na (8, 4)
20 Jan 2025 19:00:25 GMT Zwierzę poruszyło się z (0, 2) na (1, 3)
20 Jan 2025 19:00:26 GMT Zwierzę poruszyło się z (5, 0) na (4, 0)
20 Jan 2025 19:00:26 GMT Zwierzę poruszyło się z (3, 4) na (2, 5)
20 Jan 2025 19:00:26 GMT Zwierzę poruszyło się z (3, 5) na (4, 5)
20 Jan 2025 19:00:26 GMT Zwierzę poruszyło się z (5, 5) na (4, 6)
20 Jan 2025 19:00:26 GMT Zwierzę poruszyło się z (7, 4) na (8, 4)
20 Jan 2025 19:00:26 GMT Zwierzę poruszyło się z (1, 6) na (1, 7)
20 Jan 2025 19:00:26 GMT Zwierzę poruszyło się z (3, 1) na (2, 0)
20 Jan 2025 19:00:26 GMT Zwierzę poruszyło się z (1, 4) na (2, 5)
20 Jan 2025 19:00:26 GMT Zwierzę poruszyło się z (1, 5) na (2, 5)
20 Jan 2025 19:00:26 GMT Zwierzę zjadło roślinkę na (4, 5)
20 Jan 2025 19:00:27 GMT Zwierze zostało położone na (2, 5)
20 Jan 2025 19:00:27 GMT Urodziło się nowe zwierzę na (2, 5)
20 Jan 2025 19:00:27 GMT Zwierze zostało położone na (8, 4)
20 Jan 2025 19:00:27 GMT Urodziło się nowe zwierzę na (8, 4)
20 Jan 2025 19:00:27 GMT Roślinka wyrosła na (4, 8)
20 Jan 2025 19:00:27 GMT Roślinka wyrosła na (8, 3)
20 Jan 2025 19:00:27 GMT Roślinka wyrosła na (8, 0)
20 Jan 2025 19:00:27 GMT Roślinka wyrosła na (9, 7)
20 Jan 2025 19:00:27 GMT Roślinka wyrosła na (4, 9)
20 Jan 2025 19:00:27 GMT Roślinka wyrosła na (5, 9)
20 Jan 2025 19:00:27 GMT Roślinka wyrosła na (9, 2)
20 Jan 2025 19:00:27 GMT Roślinka wyrosła na (6, 4)
20 Jan 2025 19:00:27 GMT Roślinka wyrosła na (3, 2)
20 Jan 2025 19:00:27 GMT Roślinka wyrosła na (2, 3)
20 Jan 2025 19:00:27 GMT Zwierzę poruszyło się z (8, 4) na (7, 3)
20 Jan 2025 19:00:27 GMT Zwierzę poruszyło się z (1, 3) na (0, 4)
20 Jan 2025 19:00:27 GMT Zwierzę poruszyło się z (4, 0) na (5, 0)
20 Jan 2025 19:00:27 GMT Zwierzę poruszyło się z (2, 5) na (2, 6)
20 Jan 2025 19:00:27 GMT Zwierzę poruszyło się z (4, 5) na (5, 4)
20 Jan 2025 19:00:27 GMT Zwierzę poruszyło się z (4, 6) na (4, 7)
20 Jan 2025 19:00:28 GMT Zwierzę poruszyło się z (8, 4) na (7, 3)
20 Jan 2025 19:00:28 GMT Zwierzę poruszyło się z (1, 7) na (1, 8)
20 Jan 2025 19:00:28 GMT Zwierzę poruszyło się z (2, 0) na (3, 0)
20 Jan 2025 19:00:28 GMT Zwierzę poruszyło się z (2, 5) na (1, 6)
20 Jan 2025 19:00:28 GMT Zwierzę poruszyło się z (2, 5) na (3, 4)
20 Jan 2025 19:00:28 GMT Zwierzę poruszyło się z (2, 5) na (2, 6)
20 Jan 2025 19:00:28 GMT Zwierzę poruszyło się z (8, 4) na (9, 4)
20 Jan 2025 19:00:28 GMT Zwierzę zjadło roślinkę na (5, 4)
20 Jan 2025 19:00:28 GMT Zwierzę zjadło roślinkę na (2, 6)
20 Jan 2025 19:00:28 GMT Zwierzę zjadło roślinkę na (1, 6)
20 Jan 2025 19:00:28 GMT Roślinka wyrosła na (1, 6)
20 Jan 2025 19:00:28 GMT Roślinka wyrosła na (2, 6)
20 Jan 2025 19:00:28 GMT Roślinka wyrosła na (3, 9)
20 Jan 2025 19:00:28 GMT Roślinka wyrosła na (9, 4)
20 Jan 2025 19:00:28 GMT Roślinka wyrosła na (0, 4)
20 Jan 2025 19:00:28 GMT Roślinka wyrosła na (8, 8)
20 Jan 2025 19:00:28 GMT Roślinka wyrosła na (2, 4)
20 Jan 2025 19:00:28 GMT Roślinka wyrosła na (2, 1)
20 Jan 2025 19:00:28 GMT Roślinka wyrosła na (4, 0)
20 Jan 2025 19:00:28 GMT Roślinka wyrosła na (1, 0)
20 Jan 2025 19:00:29 GMT Zwierzę poruszyło się z (7, 3) na (6, 4)
20 Jan 2025 19:00:29 GMT Zwierzę poruszyło się z (0, 4) na (9, 4)
20 Jan 2025 19:00:29 GMT Zwierzę poruszyło się z (5, 0) na (6, 1)
20 Jan 2025 19:00:29 GMT Zwierzę poruszyło się z (2, 6) na (2, 7)
20 Jan 2025 19:00:29 GMT Zwierzę poruszyło się z (5, 4) na (6, 5)
20 Jan 2025 19:00:29 GMT Zwierzę poruszyło się z (4, 7) na (5, 8)
20 Jan 2025 19:00:29 GMT Zwierzę poruszyło się z (7, 3) na (6, 4)
20 Jan 2025 19:00:29 GMT Zwierzę poruszyło się z (1, 8) na (1, 9)
20 Jan 2025 19:00:29 GMT Zwierzę poruszyło się z (3, 0) na (3, 1)
20 Jan 2025 19:00:30 GMT Zwierzę poruszyło się z (1, 6) na (2, 5)
20 Jan 2025 19:00:30 GMT Zwierzę poruszyło się z (3, 4) na (4, 3)
20 Jan 2025 19:00:30 GMT Zwierzę poruszyło się z (2, 6) na (3, 7)
20 Jan 2025 19:00:30 GMT Zwierzę poruszyło się z (9, 4) na (8, 4)
20 Jan 2025 19:00:30 GMT Zwierzę zjadło roślinkę na (6, 5)
20 Jan 2025 19:00:30 GMT Zwierzę zjadło roślinkę na (5, 8)
20 Jan 2025 19:00:30 GMT Zwierzę zjadło roślinkę na (9, 4)
20 Jan 2025 19:00:30 GMT Zwierzę zjadło roślinkę na (6, 1)
20 Jan 2025 19:00:30 GMT Zwierzę zjadło roślinkę na (6, 4)
20 Jan 2025 19:00:30 GMT Zwierzę zjadło roślinkę na (3, 1)
20 Jan 2025 19:00:30 GMT Roślinka wyrosła na (7, 7)
20 Jan 2025 19:00:30 GMT Roślinka wyrosła na (2, 9)
20 Jan 2025 19:00:30 GMT Roślinka wyrosła na (3, 3)
20 Jan 2025 19:00:30 GMT Roślinka wyrosła na (3, 0)
20 Jan 2025 19:00:30 GMT Roślinka wyrosła na (7, 2)
20 Jan 2025 19:00:30 GMT Roślinka wyrosła na (0, 2)
20 Jan 2025 19:00:30 GMT Roślinka wyrosła na (9, 3)
20 Jan 2025 19:00:30 GMT Roślinka wyrosła na (5, 7)
20 Jan 2025 19:00:30 GMT Roślinka wyrosła na (5, 8)
20 Jan 2025 19:00:30 GMT Roślinka wyrosła na (6, 7)
20 Jan 2025 19:00:30 GMT Zwierzę poruszyło się z (6, 4) na (7, 3)
20 Jan 2025 19:00:31 GMT Zwierzę poruszyło się z (9, 4) na (9, 5)
20 Jan 2025 19:00:31 GMT Zwierzę poruszyło się z (6, 1) na (5, 1)
20 Jan 2025 19:00:31 GMT Zwierzę poruszyło się z (2, 7) na (3, 6)
20 Jan 2025 19:00:31 GMT Zwierzę poruszyło się z (6, 5) na (7, 4)
20 Jan 2025 19:00:31 GMT Zwierzę poruszyło się z (5, 8) na (6, 8)
20 Jan 2025 19:00:31 GMT Zwierzę poruszyło się z (6, 4) na (5, 3)
20 Jan 2025 19:00:31 GMT Zwierzę poruszyło się z (1, 9) na (2, 9)
20 Jan 2025 19:00:31 GMT Zwierzę poruszyło się z (3, 1) na (4, 0)
20 Jan 2025 19:00:31 GMT Zwierzę poruszyło się z (2, 5) na (2, 6)
20 Jan 2025 19:00:31 GMT Zwierzę poruszyło się z (4, 3) na (3, 3)
20 Jan 2025 19:00:32 GMT Zwierzę poruszyło się z (3, 7) na (4, 8)
20 Jan 2025 19:00:32 GMT Zwierzę poruszyło się z (8, 4) na (9, 5)
20 Jan 2025 19:00:32 GMT Zwierzę zjadło roślinkę na (3, 3)
20 Jan 2025 19:00:32 GMT Zwierzę zjadło roślinkę na (3, 6)
20 Jan 2025 19:00:32 GMT Zwierzę zjadło roślinkę na (2, 6)
20 Jan 2025 19:00:32 GMT Zwierzę zjadło roślinkę na (4, 8)
20 Jan 2025 19:00:32 GMT Zwierzę zjadło roślinkę na (2, 9)
20 Jan 2025 19:00:32 GMT Zwierzę zjadło roślinkę na (4, 0)
20 Jan 2025 19:00:32 GMT Zwierze zostało położone na (9, 5)
20 Jan 2025 19:00:32 GMT Urodziło się nowe zwierzę na (9, 5)
20 Jan 2025 19:00:32 GMT Roślinka wyrosła na (2, 6)
20 Jan 2025 19:00:32 GMT Roślinka wyrosła na (1, 7)
20 Jan 2025 19:00:32 GMT Roślinka wyrosła na (8, 4)
20 Jan 2025 19:00:32 GMT Roślinka wyrosła na (6, 1)
20 Jan 2025 19:00:32 GMT Roślinka wyrosła na (0, 7)
20 Jan 2025 19:00:32 GMT Roślinka wyrosła na (2, 2)
20 Jan 2025 19:00:32 GMT Roślinka wyrosła na (5, 2)
20 Jan 2025 19:00:32 GMT Roślinka wyrosła na (2, 8)
20 Jan 2025 19:00:32 GMT Roślinka wyrosła na (9, 9)
20 Jan 2025 19:00:32 GMT Roślinka wyrosła na (6, 2)
20 Jan 2025 19:00:32 GMT Zwierzę umarło na (7, 3)
20 Jan 2025 19:00:32 GMT Zwierzę poruszyło się z (9, 5) na (0, 6)
20 Jan 2025 19:00:32 GMT Zwierzę poruszyło się z (5, 1) na (6, 1)
20 Jan 2025 19:00:32 GMT Zwierzę poruszyło się z (3, 6) na (2, 7)
20 Jan 2025 19:00:33 GMT Zwierzę poruszyło się z (7, 4) na (6, 5)
20 Jan 2025 19:00:33 GMT Zwierzę poruszyło się z (6, 8) na (5, 8)
20 Jan 2025 19:00:33 GMT Zwierzę poruszyło się z (5, 3) na (4, 2)
20 Jan 2025 19:00:33 GMT Zwierzę poruszyło się z (2, 9) na (2, 9)
20 Jan 2025 19:00:33 GMT Zwierzę poruszyło się z (4, 0) na (5, 0)
20 Jan 2025 19:00:33 GMT Zwierzę poruszyło się z (2, 6) na (2, 5)
20 Jan 2025 19:00:33 GMT Zwierzę poruszyło się z (3, 3) na (4, 3)
20 Jan 2025 19:00:33 GMT Zwierzę poruszyło się z (4, 8) na (3, 7)
20 Jan 2025 19:00:33 GMT Zwierzę poruszyło się z (9, 5) na (0, 4)
20 Jan 2025 19:00:33 GMT Zwierzę poruszyło się z (9, 5) na (8, 5)
20 Jan 2025 19:00:34 GMT Zwierzę zjadło roślinkę na (5, 8)
20 Jan 2025 19:00:34 GMT Zwierzę zjadło roślinkę na (0, 4)
20 Jan 2025 19:00:34 GMT Zwierzę zjadło roślinkę na (0, 6)
20 Jan 2025 19:00:34 GMT Zwierzę zjadło roślinkę na (6, 1)
20 Jan 2025 19:00:34 GMT Zwierzę zjadło roślinkę na (8, 5)
20 Jan 2025 19:00:34 GMT Roślinka wyrosła na (8, 5)
20 Jan 2025 19:00:34 GMT Roślinka wyrosła na (8, 2)
20 Jan 2025 19:00:34 GMT Roślinka wyrosła na (7, 4)
20 Jan 2025 19:00:34 GMT Roślinka wyrosła na (6, 4)
20 Jan 2025 19:00:34 GMT Roślinka wyrosła na (6, 3)
20 Jan 2025 19:00:34 GMT Roślinka wyrosła na (7, 2)
20 Jan 2025 19:00:34 GMT Roślinka wyrosła na (6, 0)
20 Jan 2025 19:00:34 GMT Roślinka wyrosła na (9, 4)
20 Jan 2025 19:00:34 GMT Roślinka wyrosła na (8, 4)
20 Jan 2025 19:00:34 GMT Roślinka wyrosła na (6, 8)
20 Jan 2025 19:00:34 GMT Zwierzę poruszyło się z (0, 6) na (9, 7)
20 Jan 2025 19:00:34 GMT Zwierzę poruszyło się z (6, 1) na (6, 0)
20 Jan 2025 19:00:34 GMT Zwierzę poruszyło się z (2, 7) na (2, 8)
20 Jan 2025 19:00:34 GMT Zwierzę poruszyło się z (6, 5) na (6, 6)
20 Jan 2025 19:00:34 GMT Zwierzę poruszyło się z (5, 8) na (4, 9)
20 Jan 2025 19:00:35 GMT Zwierzę poruszyło się z (4, 2) na (4, 3)
20 Jan 2025 19:00:35 GMT Zwierzę poruszyło się z (2, 9) na (2, 8)
20 Jan 2025 19:00:35 GMT Zwierzę poruszyło się z (5, 0) na (4, 0)
20 Jan 2025 19:00:35 GMT Zwierzę poruszyło się z (2, 5) na (3, 5)
20 Jan 2025 19:00:35 GMT Zwierzę poruszyło się z (4, 3) na (5, 2)
20 Jan 2025 19:00:35 GMT Zwierzę poruszyło się z (3, 7) na (4, 8)
20 Jan 2025 19:00:35 GMT Zwierzę poruszyło się z (0, 4) na (0, 5)
20 Jan 2025 19:00:35 GMT Zwierzę poruszyło się z (8, 5) na (7, 6)
20 Jan 2025 19:00:35 GMT Zwierzę zjadło roślinkę na (7, 6)
20 Jan 2025 19:00:35 GMT Zwierzę zjadło roślinkę na (3, 5)
20 Jan 2025 19:00:35 GMT Zwierzę zjadło roślinkę na (4, 9)
20 Jan 2025 19:00:35 GMT Zwierzę zjadło roślinkę na (0, 5)
20 Jan 2025 19:00:35 GMT Zwierzę zjadło roślinkę na (2, 8)
20 Jan 2025 19:00:35 GMT Zwierzę zjadło roślinkę na (6, 0)
20 Jan 2025 19:00:35 GMT Zwierzę zjadło roślinkę na (5, 2)
20 Jan 2025 19:00:35 GMT Zwierzę zjadło roślinkę na (9, 7)
20 Jan 2025 19:00:36 GMT Roślinka wyrosła na (5, 3)
20 Jan 2025 19:00:36 GMT Roślinka wyrosła na (0, 5)
20 Jan 2025 19:00:36 GMT Roślinka wyrosła na (7, 6)
20 Jan 2025 19:00:36 GMT Roślinka wyrosła na (5, 0)
20 Jan 2025 19:00:36 GMT Roślinka wyrosła na (1, 9)
20 Jan 2025 19:00:36 GMT Roślinka wyrosła na (4, 0)
20 Jan 2025 19:00:36 GMT Roślinka wyrosła na (5, 4)
20 Jan 2025 19:00:36 GMT Roślinka wyrosła na (0, 1)
20 Jan 2025 19:00:36 GMT Roślinka wyrosła na (9, 8)
20 Jan 2025 19:00:36 GMT Roślinka wyrosła na (4, 3)
20 Jan 2025 19:00:36 GMT Zwierzę poruszyło się z (9, 7) na (8, 7)
20 Jan 2025 19:00:36 GMT Zwierzę poruszyło się z (6, 0) na (5, 0)
20 Jan 2025 19:00:36 GMT Zwierzę poruszyło się z (2, 8) na (2, 9)
20 Jan 2025 19:00:36 GMT Zwierzę poruszyło się z (6, 6) na (5, 6)
20 Jan 2025 19:00:36 GMT Zwierzę poruszyło się z (4, 9) na (4, 9)
20 Jan 2025 19:00:36 GMT Zwierzę poruszyło się z (4, 3) na (5, 3)
20 Jan 2025 19:00:36 GMT Zwierzę poruszyło się z (2, 8) na (2, 7)
20 Jan 2025 19:00:36 GMT Zwierzę poruszyło się z (4, 0) na (5, 0)
20 Jan 2025 19:00:37 GMT Zwierzę poruszyło się z (3, 5) na (2, 5)
20 Jan 2025 19:00:37 GMT Zwierzę poruszyło się z (5, 2) na (6, 1)
20 Jan 2025 19:00:37 GMT Zwierzę poruszyło się z (4, 8) na (5, 8)
20 Jan 2025 19:00:37 GMT Zwierzę poruszyło się z (0, 5) na (0, 4)
20 Jan 2025 19:00:37 GMT Zwierzę poruszyło się z (7, 6) na (7, 7)
20 Jan 2025 19:00:37 GMT Zwierzę zjadło roślinkę na (7, 7)
20 Jan 2025 19:00:37 GMT Zwierzę zjadło roślinkę na (5, 6)
20 Jan 2025 19:00:37 GMT Zwierzę zjadło roślinkę na (5, 0)
20 Jan 2025 19:00:37 GMT Zwierzę zjadło roślinkę na (5, 3)
20 Jan 2025 19:00:37 GMT Zwierze zostało położone na (5, 0)
20 Jan 2025 19:00:37 GMT Urodziło się nowe zwierzę na (5, 0)
20 Jan 2025 19:00:37 GMT Roślinka wyrosła na (5, 6)
20 Jan 2025 19:00:37 GMT Roślinka wyrosła na (6, 1)
20 Jan 2025 19:00:37 GMT Roślinka wyrosła na (6, 0)
20 Jan 2025 19:00:37 GMT Roślinka wyrosła na (3, 3)
20 Jan 2025 19:00:37 GMT Roślinka wyrosła na (9, 7)
20 Jan 2025 19:00:37 GMT Roślinka wyrosła na (6, 9)
20 Jan 2025 19:00:37 GMT Roślinka wyrosła na (8, 7)
20 Jan 2025 19:00:37 GMT Roślinka wyrosła na (2, 9)
20 Jan 2025 19:00:37 GMT Roślinka wyrosła na (0, 3)
20 Jan 2025 19:00:37 GMT Roślinka wyrosła na (0, 9)
20 Jan 2025 19:00:38 GMT Zwierzę poruszyło się z (8, 7) na (8, 8)
20 Jan 2025 19:00:38 GMT Zwierzę poruszyło się z (5, 0) na (6, 0)
20 Jan 2025 19:00:38 GMT Zwierzę poruszyło się z (2, 9) na (3, 8)
20 Jan 2025 19:00:38 GMT Zwierzę poruszyło się z (5, 6) na (5, 7)
20 Jan 2025 19:00:38 GMT Zwierzę poruszyło się z (4, 9) na (3, 8)
20 Jan 2025 19:00:38 GMT Zwierzę poruszyło się z (5, 3) na (5, 4)
20 Jan 2025 19:00:38 GMT Zwierzę poruszyło się z (2, 7) na (1, 7)
20 Jan 2025 19:00:38 GMT Zwierzę poruszyło się z (5, 0) na (4, 0)
20 Jan 2025 19:00:38 GMT Zwierzę poruszyło się z (2, 5) na (3, 4)
20 Jan 2025 19:00:39 GMT Zwierzę poruszyło się z (6, 1) na (5, 1)
20 Jan 2025 19:00:39 GMT Zwierzę poruszyło się z (5, 8) na (6, 8)
20 Jan 2025 19:00:39 GMT Zwierzę poruszyło się z (0, 4) na (9, 5)
20 Jan 2025 19:00:39 GMT Zwierzę poruszyło się z (7, 7) na (6, 7)
20 Jan 2025 19:00:39 GMT Zwierzę poruszyło się z (5, 0) na (6, 0)
20 Jan 2025 19:00:39 GMT Zwierzę zjadło roślinkę na (5, 4)
20 Jan 2025 19:00:39 GMT Zwierzę zjadło roślinkę na (8, 8)
20 Jan 2025 19:00:39 GMT Zwierzę zjadło roślinkę na (6, 7)
20 Jan 2025 19:00:39 GMT Zwierzę zjadło roślinkę na (5, 7)
20 Jan 2025 19:00:39 GMT Zwierzę zjadło roślinkę na (6, 8)
20 Jan 2025 19:00:39 GMT Zwierzę zjadło roślinkę na (1, 7)
20 Jan 2025 19:00:39 GMT Zwierzę zjadło roślinkę na (6, 0)
20 Jan 2025 19:00:39 GMT Zwierzę zjadło roślinkę na (4, 0)
20 Jan 2025 19:00:39 GMT Zwierze zostało położone na (6, 0)
20 Jan 2025 19:00:39 GMT Urodziło się nowe zwierzę na (6, 0)
20 Jan 2025 19:00:39 GMT Roślinka wyrosła na (7, 3)
20 Jan 2025 19:00:39 GMT Roślinka wyrosła na (5, 3)
20 Jan 2025 19:00:39 GMT Roślinka wyrosła na (1, 7)
20 Jan 2025 19:00:39 GMT Roślinka wyrosła na (7, 1)
20 Jan 2025 19:00:39 GMT Roślinka wyrosła na (5, 0)
20 Jan 2025 19:00:39 GMT Roślinka wyrosła na (1, 3)
20 Jan 2025 19:00:39 GMT Roślinka wyrosła na (3, 7)
20 Jan 2025 19:00:39 GMT Roślinka wyrosła na (2, 8)
20 Jan 2025 19:00:39 GMT Roślinka wyrosła na (2, 0)
20 Jan 2025 19:00:39 GMT Roślinka wyrosła na (6, 4)
20 Jan 2025 19:00:39 GMT Zwierzę umarło na (3, 8)
20 Jan 2025 19:00:39 GMT Zwierzę poruszyło się z (8, 8) na (9, 9)
20 Jan 2025 19:00:40 GMT Zwierzę poruszyło się z (6, 0) na (7, 0)
20 Jan 2025 19:00:40 GMT Zwierzę poruszyło się z (5, 7) na (5, 6)
20 Jan 2025 19:00:40 GMT Zwierzę poruszyło się z (3, 8) na (4, 9)
20 Jan 2025 19:00:40 GMT Zwierzę poruszyło się z (5, 4) na (5, 5)
20 Jan 2025 19:00:40 GMT Zwierzę poruszyło się z (1, 7) na (1, 6)
20 Jan 2025 19:00:40 GMT Zwierzę poruszyło się z (4, 0) na (5, 1)
20 Jan 2025 19:00:40 GMT Zwierzę poruszyło się z (3, 4) na (2, 5)
20 Jan 2025 19:00:40 GMT Zwierzę poruszyło się z (5, 1) na (6, 1)
20 Jan 2025 19:00:40 GMT Zwierzę poruszyło się z (6, 8) na (5, 8)
20 Jan 2025 19:00:41 GMT Zwierzę poruszyło się z (9, 5) na (0, 6)
20 Jan 2025 19:00:41 GMT Zwierzę poruszyło się z (6, 7) na (5, 6)
20 Jan 2025 19:00:41 GMT Zwierzę poruszyło się z (6, 0) na (6, 0)
20 Jan 2025 19:00:41 GMT Zwierzę poruszyło się z (6, 0) na (6, 1)
20 Jan 2025 19:00:41 GMT Zwierzę zjadło roślinkę na (9, 9)
20 Jan 2025 19:00:41 GMT Zwierzę zjadło roślinkę na (5, 6)
20 Jan 2025 19:00:41 GMT Zwierzę zjadło roślinkę na (1, 6)
20 Jan 2025 19:00:41 GMT Zwierzę zjadło roślinkę na (7, 0)
20 Jan 2025 19:00:41 GMT Zwierzę zjadło roślinkę na (6, 1)
20 Jan 2025 19:00:41 GMT Zwierze zostało położone na (5, 6)
20 Jan 2025 19:00:41 GMT Urodziło się nowe zwierzę na (5, 6)
20 Jan 2025 19:00:41 GMT Zwierze zostało położone na (6, 1)
20 Jan 2025 19:00:41 GMT Urodziło się nowe zwierzę na (6, 1)
20 Jan 2025 19:00:41 GMT Roślinka wyrosła na (5, 6)
20 Jan 2025 19:00:41 GMT Roślinka wyrosła na (4, 7)
20 Jan 2025 19:00:41 GMT Roślinka wyrosła na (2, 8)
20 Jan 2025 19:00:41 GMT Roślinka wyrosła na (2, 9)
20 Jan 2025 19:00:41 GMT Roślinka wyrosła na (4, 9)
20 Jan 2025 19:00:41 GMT Roślinka wyrosła na (4, 7)
20 Jan 2025 19:00:41 GMT Roślinka wyrosła na (3, 8)
20 Jan 2025 19:00:41 GMT Roślinka wyrosła na (4, 8)
20 Jan 2025 19:00:41 GMT Roślinka wyrosła na (1, 1)
20 Jan 2025 19:00:41 GMT Roślinka wyrosła na (7, 7)
20 Jan 2025 19:00:41 GMT Zwierzę poruszyło się z (9, 9) na (8, 9)
20 Jan 2025 19:00:41 GMT Zwierzę poruszyło się z (7, 0) na (8, 1)
20 Jan 2025 19:00:42 GMT Zwierzę poruszyło się z (5, 6) na (4, 5)
20 Jan 2025 19:00:42 GMT Zwierzę poruszyło się z (4, 9) na (5, 9)
20 Jan 2025 19:00:42 GMT Zwierzę poruszyło się z (5, 5) na (6, 4)
20 Jan 2025 19:00:42 GMT Zwierzę poruszyło się z (1, 6) na (1, 5)
20 Jan 2025 19:00:42 GMT Zwierzę poruszyło się z (5, 1) na (4, 2)
20 Jan 2025 19:00:42 GMT Zwierzę poruszyło się z (2, 5) na (1, 4)
20 Jan 2025 19:00:42 GMT Zwierzę poruszyło się z (6, 1) na (7, 0)
20 Jan 2025 19:00:42 GMT Zwierzę poruszyło się z (5, 8) na (6, 8)
20 Jan 2025 19:00:42 GMT Zwierzę poruszyło się z (0, 6) na (9, 6)
20 Jan 2025 19:00:43 GMT Zwierzę poruszyło się z (5, 6) na (4, 6)
20 Jan 2025 19:00:43 GMT Zwierzę poruszyło się z (6, 0) na (7, 1)
20 Jan 2025 19:00:43 GMT Zwierzę poruszyło się z (6, 1) na (5, 0)
20 Jan 2025 19:00:43 GMT Zwierzę poruszyło się z (5, 6) na (6, 6)
20 Jan 2025 19:00:43 GMT Zwierzę poruszyło się z (6, 1) na (7, 1)
20 Jan 2025 19:00:43 GMT Zwierzę zjadło roślinkę na (8, 9)
20 Jan 2025 19:00:43 GMT Zwierzę zjadło roślinkę na (5, 9)
20 Jan 2025 19:00:43 GMT Zwierzę zjadło roślinkę na (1, 5)
20 Jan 2025 19:00:43 GMT Zwierzę zjadło roślinkę na (7, 1)
20 Jan 2025 19:00:43 GMT Zwierzę zjadło roślinkę na (5, 0)
20 Jan 2025 19:00:43 GMT Zwierzę zjadło roślinkę na (6, 4)
20 Jan 2025 19:00:43 GMT Roślinka wyrosła na (6, 4)
20 Jan 2025 19:00:43 GMT Roślinka wyrosła na (8, 8)
20 Jan 2025 19:00:43 GMT Roślinka wyrosła na (5, 4)
20 Jan 2025 19:00:43 GMT Roślinka wyrosła na (8, 1)
20 Jan 2025 19:00:43 GMT Roślinka wyrosła na (2, 7)
20 Jan 2025 19:00:43 GMT Roślinka wyrosła na (3, 4)
20 Jan 2025 19:00:43 GMT Roślinka wyrosła na (6, 0)
20 Jan 2025 19:00:43 GMT Roślinka wyrosła na (6, 8)
20 Jan 2025 19:00:43 GMT Roślinka wyrosła na (5, 1)
20 Jan 2025 19:00:43 GMT Roślinka wyrosła na (9, 0)
20 Jan 2025 19:00:43 GMT Zwierzę poruszyło się z (8, 9) na (9, 9)
20 Jan 2025 19:00:44 GMT Zwierzę poruszyło się z (8, 1) na (9, 0)
20 Jan 2025 19:00:44 GMT Zwierzę poruszyło się z (4, 5) na (5, 4)
20 Jan 2025 19:00:44 GMT Zwierzę poruszyło się z (5, 9) na (6, 8)
20 Jan 2025 19:00:44 GMT Zwierzę poruszyło się z (6, 4) na (5, 3)
20 Jan 2025 19:00:44 GMT Zwierzę poruszyło się z (1, 5) na (1, 4)
20 Jan 2025 19:00:44 GMT Zwierzę poruszyło się z (4, 2) na (4, 3)
20 Jan 2025 19:00:44 GMT Zwierzę poruszyło się z (1, 4) na (2, 5)
20 Jan 2025 19:00:44 GMT Zwierzę poruszyło się z (7, 0) na (8, 0)
20 Jan 2025 19:00:44 GMT Zwierzę poruszyło się z (6, 8) na (7, 7)
20 Jan 2025 19:00:45 GMT Zwierzę poruszyło się z (9, 6) na (0, 6)
20 Jan 2025 19:00:45 GMT Zwierzę poruszyło się z (4, 6) na (3, 7)
20 Jan 2025 19:00:45 GMT Zwierzę poruszyło się z (7, 1) na (6, 0)
20 Jan 2025 19:00:45 GMT Zwierzę poruszyło się z (5, 0) na (4, 0)
20 Jan 2025 19:00:45 GMT Zwierzę poruszyło się z (6, 6) na (5, 6)
20 Jan 2025 19:00:45 GMT Zwierzę poruszyło się z (7, 1) na (8, 1)
20 Jan 2025 19:00:45 GMT Zwierzę zjadło roślinkę na (5, 4)
20 Jan 2025 19:00:45 GMT Zwierzę zjadło roślinkę na (4, 3)
20 Jan 2025 19:00:45 GMT Zwierzę zjadło roślinkę na (7, 7)
20 Jan 2025 19:00:45 GMT Zwierzę zjadło roślinkę na (5, 6)
20 Jan 2025 19:00:45 GMT Zwierzę zjadło roślinkę na (6, 8)
20 Jan 2025 19:00:45 GMT Zwierzę zjadło roślinkę na (3, 7)
20 Jan 2025 19:00:45 GMT Zwierzę zjadło roślinkę na (9, 0)
20 Jan 2025 19:00:45 GMT Zwierzę zjadło roślinkę na (8, 0)
20 Jan 2025 19:00:45 GMT Zwierzę zjadło roślinkę na (8, 1)
20 Jan 2025 19:00:45 GMT Zwierzę zjadło roślinkę na (6, 0)
20 Jan 2025 19:00:45 GMT Zwierzę zjadło roślinkę na (5, 3)
20 Jan 2025 19:00:45 GMT Roślinka wyrosła na (4, 8)
20 Jan 2025 19:00:45 GMT Roślinka wyrosła na (6, 3)
20 Jan 2025 19:00:45 GMT Roślinka wyrosła na (0, 8)
20 Jan 2025 19:00:45 GMT Roślinka wyrosła na (7, 9)
20 Jan 2025 19:00:45 GMT Roślinka wyrosła na (1, 2)
20 Jan 2025 19:00:45 GMT Roślinka wyrosła na (9, 9)
20 Jan 2025 19:00:45 GMT Roślinka wyrosła na (9, 0)
20 Jan 2025 19:00:45 GMT Roślinka wyrosła na (1, 8)
20 Jan 2025 19:00:45 GMT Roślinka wyrosła na (6, 0)
20 Jan 2025 19:00:45 GMT Roślinka wyrosła na (7, 0)
20 Jan 2025 19:00:46 GMT Zwierzę poruszyło się z (9, 9) na (9, 8)
20 Jan 2025 19:00:46 GMT Zwierzę poruszyło się z (9, 0) na (9, 1)
20 Jan 2025 19:00:46 GMT Zwierzę poruszyło się z (5, 4) na (4, 3)
20 Jan 2025 19:00:46 GMT Zwierzę poruszyło się z (6, 8) na (6, 7)
20 Jan 2025 19:00:46 GMT Zwierzę poruszyło się z (5, 3) na (6, 2)
20 Jan 2025 19:00:46 GMT Zwierzę poruszyło się z (1, 4) na (0, 4)
20 Jan 2025 19:00:46 GMT Zwierzę poruszyło się z (4, 3) na (5, 2)
20 Jan 2025 19:00:46 GMT Zwierzę poruszyło się z (2, 5) na (1, 5)
20 Jan 2025 19:00:46 GMT Zwierzę poruszyło się z (8, 0) na (9, 0)
20 Jan 2025 19:00:46 GMT Zwierzę poruszyło się z (7, 7) na (8, 6)
20 Jan 2025 19:00:47 GMT Zwierzę poruszyło się z (0, 6) na (9, 5)
20 Jan 2025 19:00:47 GMT Zwierzę poruszyło się z (3, 7) na (2, 6)
20 Jan 2025 19:00:47 GMT Zwierzę poruszyło się z (6, 0) na (5, 0)
20 Jan 2025 19:00:47 GMT Zwierzę poruszyło się z (4, 0) na (5, 0)
20 Jan 2025 19:00:47 GMT Zwierzę poruszyło się z (5, 6) na (4, 7)
20 Jan 2025 19:00:47 GMT Zwierzę poruszyło się z (8, 1) na (9, 2)
20 Jan 2025 19:00:47 GMT Zwierzę zjadło roślinkę na (9, 8)
20 Jan 2025 19:00:47 GMT Zwierzę zjadło roślinkę na (4, 7)
20 Jan 2025 19:00:47 GMT Zwierzę zjadło roślinkę na (2, 6)
20 Jan 2025 19:00:47 GMT Zwierzę zjadło roślinkę na (9, 0)
20 Jan 2025 19:00:47 GMT Zwierzę zjadło roślinkę na (9, 2)
20 Jan 2025 19:00:47 GMT Zwierzę zjadło roślinkę na (6, 2)
20 Jan 2025 19:00:47 GMT Zwierzę zjadło roślinkę na (8, 6)
20 Jan 2025 19:00:47 GMT Roślinka wyrosła na (9, 8)
20 Jan 2025 19:00:47 GMT Roślinka wyrosła na (7, 4)
20 Jan 2025 19:00:47 GMT Roślinka wyrosła na (2, 6)
20 Jan 2025 19:00:47 GMT Roślinka wyrosła na (8, 6)
20 Jan 2025 19:00:47 GMT Roślinka wyrosła na (4, 0)
20 Jan 2025 19:00:47 GMT Roślinka wyrosła na (6, 7)
20 Jan 2025 19:00:47 GMT Roślinka wyrosła na (8, 0)
20 Jan 2025 19:00:47 GMT Roślinka wyrosła na (5, 2)
20 Jan 2025 19:00:47 GMT Roślinka wyrosła na (7, 7)
20 Jan 2025 19:00:47 GMT Roślinka wyrosła na (5, 7)
20 Jan 2025 19:00:48 GMT Zwierzę poruszyło się z (9, 8) na (8, 7)
20 Jan 2025 19:00:48 GMT Zwierzę poruszyło się z (9, 1) na (9, 0)
20 Jan 2025 19:00:48 GMT Zwierzę poruszyło się z (4, 3) na (5, 4)
20 Jan 2025 19:00:48 GMT Zwierzę poruszyło się z (6, 7) na (6, 8)
20 Jan 2025 19:00:48 GMT Zwierzę poruszyło się z (6, 2) na (7, 1)
20 Jan 2025 19:00:48 GMT Zwierzę poruszyło się z (0, 4) na (0, 3)
20 Jan 2025 19:00:48 GMT Zwierzę poruszyło się z (5, 2) na (6, 1)
20 Jan 2025 19:00:48 GMT Zwierzę poruszyło się z (1, 5) na (2, 5)
20 Jan 2025 19:00:48 GMT Zwierzę poruszyło się z (9, 0) na (8, 0)
20 Jan 2025 19:00:49 GMT Zwierzę poruszyło się z (8, 6) na (7, 7)
20 Jan 2025 19:00:49 GMT Zwierzę poruszyło się z (9, 5) na (8, 6)
20 Jan 2025 19:00:49 GMT Zwierzę poruszyło się z (2, 6) na (2, 5)
20 Jan 2025 19:00:49 GMT Zwierzę poruszyło się z (5, 0) na (5, 1)
20 Jan 2025 19:00:49 GMT Zwierzę poruszyło się z (5, 0) na (6, 0)
20 Jan 2025 19:00:49 GMT Zwierzę poruszyło się z (4, 7) na (3, 7)
20 Jan 2025 19:00:49 GMT Zwierzę poruszyło się z (9, 2) na (9, 3)
20 Jan 2025 19:00:49 GMT Zwierzę zjadło roślinkę na (8, 7)
20 Jan 2025 19:00:49 GMT Zwierzę zjadło roślinkę na (7, 7)
20 Jan 2025 19:00:49 GMT Zwierzę zjadło roślinkę na (0, 3)
20 Jan 2025 19:00:49 GMT Zwierzę zjadło roślinkę na (8, 0)
20 Jan 2025 19:00:49 GMT Zwierzę zjadło roślinkę na (6, 0)
20 Jan 2025 19:00:49 GMT Zwierzę zjadło roślinkę na (9, 3)
20 Jan 2025 19:00:49 GMT Zwierzę zjadło roślinkę na (5, 1)
20 Jan 2025 19:00:49 GMT Zwierzę zjadło roślinkę na (8, 6)
20 Jan 2025 19:00:50 GMT Roślinka wyrosła na (8, 6)
20 Jan 2025 19:00:50 GMT Roślinka wyrosła na (4, 4)
20 Jan 2025 19:00:50 GMT Roślinka wyrosła na (8, 9)
20 Jan 2025 19:00:50 GMT Roślinka wyrosła na (4, 2)
20 Jan 2025 19:00:50 GMT Roślinka wyrosła na (9, 1)
20 Jan 2025 19:00:50 GMT Roślinka wyrosła na (3, 8)
20 Jan 2025 19:00:50 GMT Roślinka wyrosła na (0, 4)
20 Jan 2025 19:00:50 GMT Roślinka wyrosła na (4, 3)
20 Jan 2025 19:00:50 GMT Roślinka wyrosła na (9, 0)
20 Jan 2025 19:00:50 GMT Roślinka wyrosła na (0, 0)
20 Jan 2025 19:00:50 GMT Zwierzę poruszyło się z (8, 7) na (9, 6)
20 Jan 2025 19:00:50 GMT Zwierzę poruszyło się z (9, 0) na (8, 0)
20 Jan 2025 19:00:50 GMT Zwierzę poruszyło się z (5, 4) na (6, 4)
20 Jan 2025 19:00:50 GMT Zwierzę poruszyło się z (6, 8) na (7, 9)
20 Jan 2025 19:00:50 GMT Zwierzę poruszyło się z (7, 1) na (6, 1)
20 Jan 2025 19:00:50 GMT Zwierzę poruszyło się z (0, 3) na (0, 2)
20 Jan 2025 19:00:50 GMT Zwierzę poruszyło się z (6, 1) na (7, 2)
20 Jan 2025 19:00:50 GMT Zwierzę poruszyło się z (2, 5) na (2, 6)
20 Jan 2025 19:00:51 GMT Zwierzę poruszyło się z (8, 0) na (7, 1)
20 Jan 2025 19:00:51 GMT Zwierzę poruszyło się z (7, 7) na (8, 6)
20 Jan 2025 19:00:51 GMT Zwierzę poruszyło się z (8, 6) na (8, 5)
20 Jan 2025 19:00:56 GMT Zwierzę poruszyło się z (2, 5) na (1, 4)
20 Jan 2025 19:00:56 GMT Zwierzę poruszyło się z (5, 1) na (6, 2)
20 Jan 2025 19:00:56 GMT Zwierzę poruszyło się z (6, 0) na (6, 0)
20 Jan 2025 19:00:56 GMT Zwierzę poruszyło się z (3, 7) na (2, 8)
20 Jan 2025 19:00:56 GMT Zwierzę poruszyło się z (9, 3) na (8, 2)
20 Jan 2025 19:00:56 GMT Zwierzę zjadło roślinkę na (7, 9)
20 Jan 2025 19:00:56 GMT Zwierzę zjadło roślinkę na (0, 2)
20 Jan 2025 19:00:56 GMT Zwierzę zjadło roślinkę na (2, 6)
20 Jan 2025 19:00:56 GMT Zwierzę zjadło roślinkę na (2, 8)
20 Jan 2025 19:00:56 GMT Zwierzę zjadło roślinkę na (8, 2)
20 Jan 2025 19:00:56 GMT Zwierzę zjadło roślinkę na (7, 2)
20 Jan 2025 19:00:56 GMT Zwierzę zjadło roślinkę na (8, 5)
20 Jan 2025 19:00:56 GMT Zwierzę zjadło roślinkę na (8, 6)
20 Jan 2025 19:00:56 GMT Zwierzę zjadło roślinkę na (6, 4)
20 Jan 2025 19:00:57 GMT Roślinka wyrosła na (8, 6)
20 Jan 2025 19:00:57 GMT Roślinka wyrosła na (8, 5)
20 Jan 2025 19:00:57 GMT Roślinka wyrosła na (5, 9)
20 Jan 2025 19:00:57 GMT Roślinka wyrosła na (7, 8)
20 Jan 2025 19:00:57 GMT Roślinka wyrosła na (5, 8)
20 Jan 2025 19:00:57 GMT Roślinka wyrosła na (6, 8)
20 Jan 2025 19:00:57 GMT Roślinka wyrosła na (7, 7)
20 Jan 2025 19:00:57 GMT Roślinka wyrosła na (7, 2)
20 Jan 2025 19:00:57 GMT Roślinka wyrosła na (8, 2)
20 Jan 2025 19:00:57 GMT Roślinka wyrosła na (5, 0)
20 Jan 2025 19:00:57 GMT Zwierzę poruszyło się z (9, 6) na (0, 6)
20 Jan 2025 19:00:57 GMT Zwierzę poruszyło się z (8, 0) na (8, 1)
20 Jan 2025 19:00:57 GMT Zwierzę poruszyło się z (6, 4) na (6, 5)
20 Jan 2025 19:00:57 GMT Zwierzę poruszyło się z (7, 9) na (8, 9)
20 Jan 2025 19:00:57 GMT Zwierzę poruszyło się z (6, 1) na (6, 2)
20 Jan 2025 19:00:57 GMT Zwierzę poruszyło się z (0, 2) na (0, 1)
20 Jan 2025 19:00:57 GMT Zwierzę poruszyło się z (7, 2) na (8, 2)
20 Jan 2025 19:00:58 GMT Zwierzę poruszyło się z (2, 6) na (2, 5)
20 Jan 2025 19:00:58 GMT Zwierzę poruszyło się z (7, 1) na (6, 2)
20 Jan 2025 19:00:58 GMT Zwierzę poruszyło się z (8, 6) na (8, 5)
20 Jan 2025 19:00:58 GMT Zwierzę poruszyło się z (8, 5) na (8, 6)
20 Jan 2025 19:00:58 GMT Zwierzę poruszyło się z (1, 4) na (0, 4)
20 Jan 2025 19:00:58 GMT Zwierzę poruszyło się z (6, 2) na (5, 1)
20 Jan 2025 19:00:58 GMT Zwierzę poruszyło się z (6, 0) na (6, 1)
20 Jan 2025 19:00:58 GMT Zwierzę poruszyło się z (2, 8) na (3, 7)
20 Jan 2025 19:00:58 GMT Zwierzę poruszyło się z (8, 2) na (7, 1)
20 Jan 2025 19:00:59 GMT Zwierzę zjadło roślinkę na (8, 9)
20 Jan 2025 19:00:59 GMT Zwierzę zjadło roślinkę na (0, 1)
20 Jan 2025 19:00:59 GMT Zwierzę zjadło roślinkę na (0, 4)
20 Jan 2025 19:00:59 GMT Zwierzę zjadło roślinkę na (8, 2)
20 Jan 2025 19:00:59 GMT Zwierzę zjadło roślinkę na (8, 5)
20 Jan 2025 19:00:59 GMT Zwierzę zjadło roślinkę na (8, 6)
20 Jan 2025 19:00:59 GMT Zwierze zostało położone na (6, 2)
20 Jan 2025 19:00:59 GMT Urodziło się nowe zwierzę na (6, 2)
20 Jan 2025 19:00:59 GMT Roślinka wyrosła na (8, 5)
20 Jan 2025 19:00:59 GMT Roślinka wyrosła na (8, 7)
20 Jan 2025 19:00:59 GMT Roślinka wyrosła na (0, 3)
20 Jan 2025 19:00:59 GMT Roślinka wyrosła na (0, 1)
20 Jan 2025 19:00:59 GMT Roślinka wyrosła na (8, 2)
20 Jan 2025 19:00:59 GMT Roślinka wyrosła na (5, 3)
20 Jan 2025 19:00:59 GMT Roślinka wyrosła na (4, 9)
20 Jan 2025 19:00:59 GMT Roślinka wyrosła na (2, 8)
20 Jan 2025 19:00:59 GMT Roślinka wyrosła na (8, 1)
20 Jan 2025 19:00:59 GMT Roślinka wyrosła na (5, 1)
20 Jan 2025 19:00:59 GMT Zwierzę poruszyło się z (0, 6) na (0, 5)
20 Jan 2025 19:00:59 GMT Zwierzę poruszyło się z (8, 1) na (7, 0)
20 Jan 2025 19:00:59 GMT Zwierzę poruszyło się z (6, 5) na (7, 5)
20 Jan 2025 19:00:59 GMT Zwierzę poruszyło się z (8, 9) na (9, 8)
20 Jan 2025 19:00:59 GMT Zwierzę poruszyło się z (6, 2) na (5, 2)
20 Jan 2025 19:00:59 GMT Zwierzę poruszyło się z (0, 1) na (9, 1)
20 Jan 2025 19:01:00 GMT Zwierzę poruszyło się z (8, 2) na (7, 1)
20 Jan 2025 19:01:00 GMT Zwierzę poruszyło się z (2, 5) na (3, 6)
20 Jan 2025 19:01:00 GMT Zwierzę poruszyło się z (6, 2) na (7, 2)
20 Jan 2025 19:01:00 GMT Zwierzę poruszyło się z (8, 5) na (8, 4)
20 Jan 2025 19:01:00 GMT Zwierzę poruszyło się z (8, 6) na (9, 5)
20 Jan 2025 19:01:00 GMT Zwierzę poruszyło się z (0, 4) na (0, 3)
20 Jan 2025 19:01:00 GMT Zwierzę poruszyło się z (5, 1) na (4, 1)
20 Jan 2025 19:01:00 GMT Zwierzę poruszyło się z (6, 1) na (7, 1)
20 Jan 2025 19:01:00 GMT Zwierzę poruszyło się z (3, 7) na (3, 6)
20 Jan 2025 19:01:00 GMT Zwierzę poruszyło się z (7, 1) na (7, 0)
20 Jan 2025 19:01:01 GMT Zwierzę poruszyło się z (6, 2) na (5, 2)
20 Jan 2025 19:01:01 GMT Zwierzę zjadło roślinkę na (9, 8)
20 Jan 2025 19:01:01 GMT Zwierzę zjadło roślinkę na (0, 3)
20 Jan 2025 19:01:01 GMT Zwierzę zjadło roślinkę na (0, 5)
20 Jan 2025 19:01:01 GMT Zwierzę zjadło roślinkę na (9, 1)
20 Jan 2025 19:01:01 GMT Zwierzę zjadło roślinkę na (7, 0)
20 Jan 2025 19:01:01 GMT Zwierzę zjadło roślinkę na (7, 2)
20 Jan 2025 19:01:01 GMT Zwierzę zjadło roślinkę na (8, 4)
20 Jan 2025 19:01:01 GMT Zwierzę zjadło roślinkę na (5, 2)
20 Jan 2025 19:01:01 GMT Zwierzę zjadło roślinkę na (4, 1)
20 Jan 2025 19:01:01 GMT Zwierzę zjadło roślinkę na (7, 5)
20 Jan 2025 19:01:01 GMT Zwierze zostało położone na (3, 6)
20 Jan 2025 19:01:01 GMT Urodziło się nowe zwierzę na (3, 6)
20 Jan 2025 19:01:01 GMT Zwierze zostało położone na (7, 0)
20 Jan 2025 19:01:01 GMT Urodziło się nowe zwierzę na (7, 0)
20 Jan 2025 19:01:01 GMT Zwierze zostało położone na (7, 1)
20 Jan 2025 19:01:01 GMT Urodziło się nowe zwierzę na (7, 1)
20 Jan 2025 19:01:01 GMT Zwierze zostało położone na (5, 2)
20 Jan 2025 19:01:01 GMT Urodziło się nowe zwierzę na (5, 2)
20 Jan 2025 19:01:01 GMT Roślinka wyrosła na (0, 5)
20 Jan 2025 19:01:01 GMT Roślinka wyrosła na (8, 4)
20 Jan 2025 19:01:01 GMT Roślinka wyrosła na (7, 5)
20 Jan 2025 19:01:01 GMT Roślinka wyrosła na (0, 4)
20 Jan 2025 19:01:01 GMT Roślinka wyrosła na (1, 4)
20 Jan 2025 19:01:01 GMT Roślinka wyrosła na (6, 1)
20 Jan 2025 19:01:01 GMT Roślinka wyrosła na (9, 3)
20 Jan 2025 19:01:01 GMT Roślinka wyrosła na (6, 2)
20 Jan 2025 19:01:01 GMT Roślinka wyrosła na (6, 0)
20 Jan 2025 19:01:01 GMT Roślinka wyrosła na (5, 2)
20 Jan 2025 19:01:01 GMT Zwierzę umarło na (3, 6)
20 Jan 2025 19:01:01 GMT Zwierzę poruszyło się z (0, 5) na (9, 4)
20 Jan 2025 19:01:01 GMT Zwierzę poruszyło się z (7, 0) na (8, 1)
20 Jan 2025 19:01:01 GMT Zwierzę poruszyło się z (7, 5) na (6, 5)
20 Jan 2025 19:01:10 GMT Zwierzę poruszyło się z (9, 8) na (8, 9)
20 Jan 2025 19:01:11 GMT Zwierzę poruszyło się z (5, 2) na (4, 2)
20 Jan 2025 19:01:11 GMT Zwierzę poruszyło się z (9, 1) na (9, 0)
20 Jan 2025 19:01:11 GMT Zwierzę poruszyło się z (7, 1) na (6, 0)
20 Jan 2025 19:01:11 GMT Zwierzę poruszyło się z (7, 2) na (6, 2)
20 Jan 2025 19:01:11 GMT Zwierzę poruszyło się z (8, 4) na (8, 5)
20 Jan 2025 19:01:11 GMT Zwierzę poruszyło się z (9, 5) na (8, 4)
20 Jan 2025 19:01:11 GMT Zwierzę poruszyło się z (0, 3) na (1, 2)
20 Jan 2025 19:01:11 GMT Zwierzę poruszyło się z (4, 1) na (4, 2)
20 Jan 2025 19:01:11 GMT Zwierzę poruszyło się z (7, 1) na (6, 1)
20 Jan 2025 19:01:11 GMT Zwierzę poruszyło się z (3, 6) na (4, 5)
20 Jan 2025 19:01:12 GMT Zwierzę poruszyło się z (7, 0) na (8, 0)
20 Jan 2025 19:01:12 GMT Zwierzę poruszyło się z (5, 2) na (6, 2)
20 Jan 2025 19:01:12 GMT Zwierzę poruszyło się z (3, 6) na (3, 7)
20 Jan 2025 19:01:12 GMT Zwierzę poruszyło się z (7, 0) na (8, 0)
20 Jan 2025 19:01:12 GMT Zwierzę poruszyło się z (7, 1) na (7, 0)
20 Jan 2025 19:01:12 GMT Zwierzę poruszyło się z (5, 2) na (5, 1)
20 Jan 2025 19:01:12 GMT Zwierzę zjadło roślinkę na (1, 2)
20 Jan 2025 19:01:12 GMT Zwierzę zjadło roślinkę na (9, 0)
20 Jan 2025 19:01:12 GMT Zwierzę zjadło roślinkę na (8, 1)
20 Jan 2025 19:01:12 GMT Zwierzę zjadło roślinkę na (6, 0)
20 Jan 2025 19:01:12 GMT Zwierzę zjadło roślinkę na (9, 4)
20 Jan 2025 19:01:12 GMT Zwierzę zjadło roślinkę na (6, 1)
20 Jan 2025 19:01:12 GMT Zwierzę zjadło roślinkę na (6, 2)
20 Jan 2025 19:01:12 GMT Zwierzę zjadło roślinkę na (8, 4)
20 Jan 2025 19:01:12 GMT Zwierzę zjadło roślinkę na (5, 1)
20 Jan 2025 19:01:12 GMT Zwierzę zjadło roślinkę na (8, 5)
20 Jan 2025 19:01:12 GMT Zwierzę zjadło roślinkę na (4, 2)
20 Jan 2025 19:01:12 GMT Zwierze zostało położone na (8, 0)
20 Jan 2025 19:01:12 GMT Urodziło się nowe zwierzę na (8, 0)
20 Jan 2025 19:01:12 GMT Zwierze zostało położone na (4, 2)
20 Jan 2025 19:01:12 GMT Urodziło się nowe zwierzę na (4, 2)
20 Jan 2025 19:01:12 GMT Roślinka wyrosła na (4, 5)
20 Jan 2025 19:01:12 GMT Roślinka wyrosła na (8, 1)
20 Jan 2025 19:01:12 GMT Roślinka wyrosła na (9, 8)
20 Jan 2025 19:01:12 GMT Roślinka wyrosła na (2, 7)
20 Jan 2025 19:01:12 GMT Roślinka wyrosła na (2, 5)
20 Jan 2025 19:01:12 GMT Roślinka wyrosła na (3, 5)
20 Jan 2025 19:01:12 GMT Roślinka wyrosła na (2, 6)
20 Jan 2025 19:01:12 GMT Roślinka wyrosła na (9, 0)
20 Jan 2025 19:01:12 GMT Roślinka wyrosła na (6, 0)
20 Jan 2025 19:01:12 GMT Roślinka wyrosła na (1, 2)
20 Jan 2025 19:01:13 GMT Zwierzę poruszyło się z (9, 4) na (0, 3)
20 Jan 2025 19:01:13 GMT Zwierzę poruszyło się z (8, 1) na (9, 0)
20 Jan 2025 19:01:13 GMT Zwierzę poruszyło się z (6, 5) na (5, 6)
20 Jan 2025 19:01:13 GMT Zwierzę poruszyło się z (8, 9) na (8, 9)
20 Jan 2025 19:01:13 GMT Zwierzę poruszyło się z (4, 2) na (5, 3)
20 Jan 2025 19:01:13 GMT Zwierzę poruszyło się z (9, 0) na (9, 0)
20 Jan 2025 19:01:13 GMT Zwierzę poruszyło się z (6, 0) na (7, 0)
20 Jan 2025 19:01:13 GMT Zwierzę poruszyło się z (6, 2) na (5, 3)
20 Jan 2025 19:01:13 GMT Zwierzę poruszyło się z (8, 5) na (8, 4)
20 Jan 2025 19:01:14 GMT Zwierzę poruszyło się z (8, 4) na (9, 4)
20 Jan 2025 19:01:14 GMT Zwierzę poruszyło się z (1, 2) na (1, 1)
20 Jan 2025 19:01:14 GMT Zwierzę poruszyło się z (4, 2) na (5, 3)
20 Jan 2025 19:01:14 GMT Zwierzę poruszyło się z (6, 1) na (7, 0)
20 Jan 2025 19:01:14 GMT Zwierzę poruszyło się z (4, 5) na (4, 4)
20 Jan 2025 19:01:14 GMT Zwierzę poruszyło się z (8, 0) na (8, 0)
20 Jan 2025 19:01:14 GMT Zwierzę poruszyło się z (6, 2) na (6, 3)
20 Jan 2025 19:01:14 GMT Zwierzę poruszyło się z (3, 7) na (4, 8)
20 Jan 2025 19:01:14 GMT Zwierzę poruszyło się z (8, 0) na (9, 0)
20 Jan 2025 19:01:14 GMT Zwierzę poruszyło się z (7, 0) na (6, 0)
20 Jan 2025 19:01:15 GMT Zwierzę poruszyło się z (5, 1) na (6, 1)
20 Jan 2025 19:01:15 GMT Zwierzę poruszyło się z (8, 0) na (8, 0)
20 Jan 2025 19:01:15 GMT Zwierzę poruszyło się z (4, 2) na (4, 3)
20 Jan 2025 19:01:15 GMT Zwierzę zjadło roślinkę na (4, 3)
20 Jan 2025 19:01:15 GMT Zwierzę zjadło roślinkę na (1, 1)
20 Jan 2025 19:01:15 GMT Zwierzę zjadło roślinkę na (4, 4)
20 Jan 2025 19:01:15 GMT Zwierzę zjadło roślinkę na (4, 8)
20 Jan 2025 19:01:15 GMT Zwierzę zjadło roślinkę na (9, 0)
20 Jan 2025 19:01:15 GMT Zwierzę zjadło roślinkę na (6, 0)
20 Jan 2025 19:01:15 GMT Zwierzę zjadło roślinkę na (6, 3)
20 Jan 2025 19:01:15 GMT Zwierzę zjadło roślinkę na (5, 3)
20 Jan 2025 19:01:15 GMT Zwierze zostało położone na (9, 0)
20 Jan 2025 19:01:15 GMT Urodziło się nowe zwierzę na (9, 0)
20 Jan 2025 19:01:15 GMT Zwierze zostało położone na (8, 0)
20 Jan 2025 19:01:15 GMT Urodziło się nowe zwierzę na (8, 0)
20 Jan 2025 19:01:15 GMT Zwierze zostało położone na (7, 0)
20 Jan 2025 19:01:15 GMT Urodziło się nowe zwierzę na (7, 0)
20 Jan 2025 19:01:15 GMT Zwierze zostało położone na (5, 3)
20 Jan 2025 19:01:15 GMT Urodziło się nowe zwierzę na (5, 3)
20 Jan 2025 19:01:15 GMT Roślinka wyrosła na (7, 0)
20 Jan 2025 19:01:15 GMT Roślinka wyrosła na (4, 2)
20 Jan 2025 19:01:15 GMT Roślinka wyrosła na (9, 4)
20 Jan 2025 19:01:15 GMT Roślinka wyrosła na (5, 3)
20 Jan 2025 19:01:15 GMT Roślinka wyrosła na (9, 0)
20 Jan 2025 19:01:15 GMT Roślinka wyrosła na (6, 2)
20 Jan 2025 19:01:15 GMT Roślinka wyrosła na (4, 1)
20 Jan 2025 19:01:15 GMT Roślinka wyrosła na (3, 7)
20 Jan 2025 19:01:15 GMT Roślinka wyrosła na (6, 0)
20 Jan 2025 19:01:15 GMT Roślinka wyrosła na (7, 2)
20 Jan 2025 19:01:15 GMT Zwierzę poruszyło się z (0, 3) na (1, 3)
20 Jan 2025 19:01:15 GMT Zwierzę poruszyło się z (9, 0) na (8, 0)
