16 Jan 2025 22:39:58 GMT Zwierze zostało położone na (8, 1)
16 Jan 2025 22:39:58 GMT Zwierze zostało położone na (0, 5)
16 Jan 2025 22:39:58 GMT Zwierze zostało położone na (9, 1)
16 Jan 2025 22:39:58 GMT Zwierze zostało położone na (5, 7)
16 Jan 2025 22:39:58 GMT Zwierze zostało położone na (1, 3)
16 Jan 2025 22:39:59 GMT Zwierze zostało położone na (1, 9)
16 Jan 2025 22:39:59 GMT Zwierze zostało położone na (6, 5)
16 Jan 2025 22:39:59 GMT Zwierze zostało położone na (8, 5)
16 Jan 2025 22:39:59 GMT Zwierze zostało położone na (9, 0)
16 Jan 2025 22:39:59 GMT Zwierze zostało położone na (0, 9)
16 Jan 2025 22:39:59 GMT Długość listy pozycji: 10
Lista pozycji zwierząt: {(6, 5)=[◢], (1, 3)=[◥], (5, 7)=[◢], (0, 5)=[<], (9, 0)=[◢], (1, 9)=[<], (9, 1)=[◢], (0, 9)=[◥], (7, 1)=[<], (8, 5)=[◣]}
16 Jan 2025 22:39:59 GMT Zwierzę poruszyło się z (8, 1) na (7, 1)
16 Jan 2025 22:39:59 GMT Długość listy pozycji: 10
Lista pozycji zwierząt: {(6, 5)=[◢], (1, 3)=[◥], (5, 7)=[◢], (0, 4)=[v], (9, 0)=[◢], (1, 9)=[<], (9, 1)=[◢], (0, 9)=[◥], (7, 1)=[<], (8, 5)=[◣]}
16 Jan 2025 22:39:59 GMT Zwierzę poruszyło się z (0, 5) na (0, 4)
16 Jan 2025 22:39:59 GMT Długość listy pozycji: 10
Lista pozycji zwierząt: {(6, 5)=[◢], (1, 3)=[◥], (5, 7)=[◢], (0, 4)=[v], (9, 0)=[◢], (1, 9)=[<], (8, 1)=[<], (0, 9)=[◥], (7, 1)=[<], (8, 5)=[◣]}
16 Jan 2025 22:39:59 GMT Zwierzę poruszyło się z (9, 1) na (8, 1)
16 Jan 2025 22:39:59 GMT Długość listy pozycji: 10
Lista pozycji zwierząt: {(6, 5)=[◢], (1, 3)=[◥], (4, 7)=[<], (0, 4)=[v], (9, 0)=[◢], (1, 9)=[<], (8, 1)=[<], (0, 9)=[◥], (7, 1)=[<], (8, 5)=[◣]}
16 Jan 2025 22:39:59 GMT Zwierzę poruszyło się z (5, 7) na (4, 7)
16 Jan 2025 22:39:59 GMT Długość listy pozycji: 10
Lista pozycji zwierząt: {(6, 5)=[◢], (2, 3)=[>], (4, 7)=[<], (0, 4)=[v], (9, 0)=[◢], (1, 9)=[<], (8, 1)=[<], (0, 9)=[◥], (7, 1)=[<], (8, 5)=[◣]}
16 Jan 2025 22:39:59 GMT Zwierzę poruszyło się z (1, 3) na (2, 3)
16 Jan 2025 22:39:59 GMT Długość listy pozycji: 10
Lista pozycji zwierząt: {(6, 5)=[◢], (2, 3)=[>], (4, 7)=[<], (0, 4)=[v], (1, 8)=[v], (9, 0)=[◢], (8, 1)=[<], (0, 9)=[◥], (7, 1)=[<], (8, 5)=[◣]}
16 Jan 2025 22:39:59 GMT Zwierzę poruszyło się z (1, 9) na (1, 8)
16 Jan 2025 22:40:00 GMT Długość listy pozycji: 10
Lista pozycji zwierząt: {(5, 5)=[<], (2, 3)=[>], (4, 7)=[<], (0, 4)=[v], (1, 8)=[v], (9, 0)=[◢], (8, 1)=[<], (0, 9)=[◥], (7, 1)=[<], (8, 5)=[◣]}
16 Jan 2025 22:40:00 GMT Zwierzę poruszyło się z (6, 5) na (5, 5)
16 Jan 2025 22:40:00 GMT Długość listy pozycji: 10
Lista pozycji zwierząt: {(5, 5)=[<], (2, 3)=[>], (4, 7)=[<], (0, 4)=[v], (1, 8)=[v], (9, 0)=[◢], (8, 1)=[<], (0, 9)=[◥], (7, 1)=[<], (9, 5)=[>]}
16 Jan 2025 22:40:00 GMT Zwierzę poruszyło się z (8, 5) na (9, 5)
16 Jan 2025 22:40:00 GMT Długość listy pozycji: 10
Lista pozycji zwierząt: {(5, 5)=[<], (2, 3)=[>], (4, 7)=[<], (0, 4)=[v], (1, 8)=[v], (8, 0)=[<], (8, 1)=[<], (0, 9)=[◥], (7, 1)=[<], (9, 5)=[>]}
16 Jan 2025 22:40:00 GMT Zwierzę poruszyło się z (9, 0) na (8, 0)
16 Jan 2025 22:40:00 GMT Długość listy pozycji: 10
Lista pozycji zwierząt: {(5, 5)=[<], (2, 3)=[>], (4, 7)=[<], (0, 4)=[v], (1, 8)=[v], (1, 9)=[>], (8, 0)=[<], (8, 1)=[<], (7, 1)=[<], (9, 5)=[>]}
16 Jan 2025 22:40:00 GMT Zwierzę poruszyło się z (0, 9) na (1, 9)
16 Jan 2025 22:40:00 GMT Zwierzę zjadło roślinkę na (2, 3)
16 Jan 2025 22:40:00 GMT Roślinka wyrosła na (1, 5)
16 Jan 2025 22:40:00 GMT Roślinka wyrosła na (7, 6)
16 Jan 2025 22:40:00 GMT Roślinka wyrosła na (6, 7)
16 Jan 2025 22:40:00 GMT Roślinka wyrosła na (8, 5)
16 Jan 2025 22:40:00 GMT Roślinka wyrosła na (0, 6)
16 Jan 2025 22:40:00 GMT Roślinka wyrosła na (1, 8)
16 Jan 2025 22:40:00 GMT Roślinka wyrosła na (1, 7)
16 Jan 2025 22:40:00 GMT Roślinka wyrosła na (3, 6)
16 Jan 2025 22:40:00 GMT Roślinka wyrosła na (4, 6)
16 Jan 2025 22:40:00 GMT Roślinka wyrosła na (9, 6)
16 Jan 2025 22:40:00 GMT Długość listy pozycji: 10
Lista pozycji zwierząt: {(5, 5)=[<], (2, 3)=[>], (4, 7)=[<], (0, 4)=[v], (1, 8)=[v], (1, 9)=[>], (8, 0)=[<], (8, 1)=[<], (8, 2)=[◥], (9, 5)=[>]}
16 Jan 2025 22:40:00 GMT Zwierzę poruszyło się z (7, 1) na (8, 2)
16 Jan 2025 22:40:01 GMT Długość listy pozycji: 10
Lista pozycji zwierząt: {(5, 5)=[<], (2, 3)=[>], (1, 4)=[>], (4, 7)=[<], (1, 8)=[v], (1, 9)=[>], (8, 0)=[<], (8, 1)=[<], (8, 2)=[◥], (9, 5)=[>]}
16 Jan 2025 22:40:01 GMT Zwierzę poruszyło się z (0, 4) na (1, 4)
16 Jan 2025 22:40:01 GMT Długość listy pozycji: 10
Lista pozycji zwierząt: {(5, 5)=[<], (2, 3)=[>], (1, 4)=[>], (4, 7)=[<], (1, 8)=[v], (1, 9)=[>], (8, 0)=[<], (9, 2)=[◥], (8, 2)=[◥], (9, 5)=[>]}
16 Jan 2025 22:40:01 GMT Zwierzę poruszyło się z (8, 1) na (9, 2)
16 Jan 2025 22:40:01 GMT Długość listy pozycji: 10
Lista pozycji zwierząt: {(5, 5)=[<], (2, 3)=[>], (5, 8)=[◥], (1, 4)=[>], (1, 8)=[v], (1, 9)=[>], (8, 0)=[<], (9, 2)=[◥], (8, 2)=[◥], (9, 5)=[>]}
16 Jan 2025 22:40:01 GMT Zwierzę poruszyło się z (4, 7) na (5, 8)
16 Jan 2025 22:40:01 GMT Długość listy pozycji: 10
Lista pozycji zwierząt: {(3, 2)=[◢], (5, 5)=[<], (5, 8)=[◥], (1, 4)=[>], (1, 8)=[v], (1, 9)=[>], (8, 0)=[<], (9, 2)=[◥], (8, 2)=[◥], (9, 5)=[>]}
16 Jan 2025 22:40:01 GMT Zwierzę poruszyło się z (2, 3) na (3, 2)
16 Jan 2025 22:40:01 GMT Długość listy pozycji: 10
Lista pozycji zwierząt: {(3, 2)=[◢], (5, 5)=[<], (5, 8)=[◥], (1, 4)=[>], (2, 8)=[>], (1, 9)=[>], (8, 0)=[<], (9, 2)=[◥], (8, 2)=[◥], (9, 5)=[>]}
16 Jan 2025 22:40:01 GMT Zwierzę poruszyło się z (1, 8) na (2, 8)
16 Jan 2025 22:40:01 GMT Długość listy pozycji: 10
Lista pozycji zwierząt: {(3, 2)=[◢], (6, 6)=[◥], (5, 8)=[◥], (1, 4)=[>], (2, 8)=[>], (1, 9)=[>], (8, 0)=[<], (9, 2)=[◥], (8, 2)=[◥], (9, 5)=[>]}
16 Jan 2025 22:40:01 GMT Zwierzę poruszyło się z (5, 5) na (6, 6)
16 Jan 2025 22:40:01 GMT Długość listy pozycji: 10
Lista pozycji zwierząt: {(3, 2)=[◢], (6, 6)=[◥], (5, 8)=[◥], (1, 4)=[>], (2, 8)=[>], (1, 9)=[>], (8, 0)=[<], (9, 2)=[◥], (8, 2)=[◥], (8, 6)=[◤]}
16 Jan 2025 22:40:01 GMT Zwierzę poruszyło się z (9, 5) na (8, 6)
16 Jan 2025 22:40:01 GMT Długość listy pozycji: 10
Lista pozycji zwierząt: {(3, 2)=[◢], (6, 6)=[◥], (5, 8)=[◥], (1, 4)=[>], (2, 8)=[>], (9, 1)=[◥], (1, 9)=[>], (9, 2)=[◥], (8, 2)=[◥], (8, 6)=[◤]}
16 Jan 2025 22:40:01 GMT Zwierzę poruszyło się z (8, 0) na (9, 1)
16 Jan 2025 22:40:01 GMT Długość listy pozycji: 9
Lista pozycji zwierząt: {(3, 2)=[◢], (6, 6)=[◥], (5, 8)=[◥], (1, 4)=[>], (2, 8)=[>, ◢], (9, 1)=[◥], (9, 2)=[◥], (8, 2)=[◥], (8, 6)=[◤]}
16 Jan 2025 22:40:01 GMT Zwierzę poruszyło się z (1, 9) na (2, 8)
16 Jan 2025 22:40:02 GMT Zwierzę zjadło roślinkę na (2, 8)
16 Jan 2025 22:40:02 GMT Zwierzę zjadło roślinkę na (8, 6)
16 Jan 2025 22:40:02 GMT Zwierze zostało położone na (2, 8)
16 Jan 2025 22:40:02 GMT Urodziło się nowe zwierzę na (2, 8)
16 Jan 2025 22:40:02 GMT Roślinka wyrosła na (1, 6)
16 Jan 2025 22:40:02 GMT Roślinka wyrosła na (8, 0)
16 Jan 2025 22:40:02 GMT Roślinka wyrosła na (4, 5)
16 Jan 2025 22:40:02 GMT Roślinka wyrosła na (5, 5)
16 Jan 2025 22:40:02 GMT Roślinka wyrosła na (6, 6)
16 Jan 2025 22:40:02 GMT Roślinka wyrosła na (2, 2)
16 Jan 2025 22:40:02 GMT Roślinka wyrosła na (9, 5)
16 Jan 2025 22:40:02 GMT Roślinka wyrosła na (2, 6)
16 Jan 2025 22:40:02 GMT Roślinka wyrosła na (7, 8)
16 Jan 2025 22:40:02 GMT Roślinka wyrosła na (8, 9)
16 Jan 2025 22:40:02 GMT Zwierzę umarło na (2, 8)
16 Jan 2025 22:40:02 GMT Długość listy pozycji: 9
Lista pozycji zwierząt: {(3, 2)=[◢], (6, 6)=[◥], (5, 8)=[◥], (1, 4)=[>], (2, 8)=[<, ◢], (9, 1)=[◥], (8, 1)=[v], (9, 2)=[◥], (8, 6)=[◤]}
16 Jan 2025 22:40:02 GMT Zwierzę poruszyło się z (8, 2) na (8, 1)
16 Jan 2025 22:40:02 GMT Długość listy pozycji: 9
Lista pozycji zwierząt: {(3, 2)=[◢], (6, 6)=[◥], (5, 8)=[◥], (1, 5)=[^], (2, 8)=[<, ◢], (9, 1)=[◥], (8, 1)=[v], (9, 2)=[◥], (8, 6)=[◤]}
16 Jan 2025 22:40:02 GMT Zwierzę poruszyło się z (1, 4) na (1, 5)
16 Jan 2025 22:40:02 GMT Długość listy pozycji: 8
Lista pozycji zwierząt: {(3, 2)=[◢], (6, 6)=[◥], (5, 8)=[◥], (1, 5)=[^], (2, 8)=[<, ◢], (9, 1)=[◥, v], (8, 1)=[v], (8, 6)=[◤]}
16 Jan 2025 22:40:02 GMT Zwierzę poruszyło się z (9, 2) na (9, 1)
16 Jan 2025 22:40:02 GMT Długość listy pozycji: 8
Lista pozycji zwierząt: {(3, 2)=[◢], (6, 6)=[◥], (5, 7)=[v], (1, 5)=[^], (2, 8)=[<, ◢], (9, 1)=[◥, v], (8, 1)=[v], (8, 6)=[◤]}
16 Jan 2025 22:40:02 GMT Zwierzę poruszyło się z (5, 8) na (5, 7)
16 Jan 2025 22:40:02 GMT Długość listy pozycji: 8
Lista pozycji zwierząt: {(6, 6)=[◥], (5, 7)=[v], (1, 5)=[^], (2, 8)=[<, ◢], (9, 1)=[◥, v], (8, 1)=[v], (3, 1)=[v], (8, 6)=[◤]}
16 Jan 2025 22:40:02 GMT Zwierzę poruszyło się z (3, 2) na (3, 1)
16 Jan 2025 22:40:03 GMT Długość listy pozycji: 8
Lista pozycji zwierząt: {(6, 5)=[v], (5, 7)=[v], (1, 5)=[^], (2, 8)=[<, ◢], (9, 1)=[◥, v], (8, 1)=[v], (3, 1)=[v], (8, 6)=[◤]}
16 Jan 2025 22:40:03 GMT Zwierzę poruszyło się z (6, 6) na (6, 5)
16 Jan 2025 22:40:03 GMT Długość listy pozycji: 8
Lista pozycji zwierząt: {(6, 5)=[v], (5, 7)=[v], (1, 5)=[^], (2, 8)=[<, ◢], (9, 1)=[◥, v], (8, 1)=[v], (8, 5)=[v], (3, 1)=[v]}
16 Jan 2025 22:40:03 GMT Zwierzę poruszyło się z (8, 6) na (8, 5)
16 Jan 2025 22:40:03 GMT Długość listy pozycji: 9
Lista pozycji zwierząt: {(6, 5)=[v], (5, 7)=[v], (1, 5)=[^], (2, 8)=[<, ◢], (9, 0)=[v], (9, 1)=[v], (8, 1)=[v], (8, 5)=[v], (3, 1)=[v]}
16 Jan 2025 22:40:03 GMT Zwierzę poruszyło się z (9, 1) na (9, 0)
16 Jan 2025 22:40:03 GMT Długość listy pozycji: 10
Lista pozycji zwierząt: {(6, 5)=[v], (5, 7)=[v], (1, 5)=[^], (2, 7)=[v], (2, 8)=[<], (9, 0)=[v], (9, 1)=[v], (8, 1)=[v], (8, 5)=[v], (3, 1)=[v]}
16 Jan 2025 22:40:03 GMT Zwierzę poruszyło się z (2, 8) na (2, 7)
16 Jan 2025 22:40:03 GMT Zwierzę zjadło roślinkę na (6, 5)
16 Jan 2025 22:40:03 GMT Zwierzę zjadło roślinkę na (1, 5)
16 Jan 2025 22:40:03 GMT Zwierzę zjadło roślinkę na (8, 5)
16 Jan 2025 22:40:03 GMT Roślinka wyrosła na (4, 7)
16 Jan 2025 22:40:03 GMT Roślinka wyrosła na (6, 9)
16 Jan 2025 22:40:03 GMT Roślinka wyrosła na (5, 9)
16 Jan 2025 22:40:03 GMT Roślinka wyrosła na (3, 3)
16 Jan 2025 22:40:03 GMT Roślinka wyrosła na (5, 2)
16 Jan 2025 22:40:03 GMT Roślinka wyrosła na (0, 7)
16 Jan 2025 22:40:03 GMT Roślinka wyrosła na (5, 3)
16 Jan 2025 22:40:03 GMT Roślinka wyrosła na (6, 4)
16 Jan 2025 22:40:03 GMT Roślinka wyrosła na (5, 7)
16 Jan 2025 22:40:03 GMT Roślinka wyrosła na (7, 7)
16 Jan 2025 22:40:03 GMT Długość listy pozycji: 10
Lista pozycji zwierząt: {(6, 5)=[v], (5, 7)=[v], (1, 5)=[^], (2, 7)=[v], (2, 8)=[<], (9, 0)=[v], (9, 1)=[v], (7, 2)=[◤], (8, 5)=[v], (3, 1)=[v]}
16 Jan 2025 22:40:03 GMT Zwierzę poruszyło się z (8, 1) na (7, 2)
16 Jan 2025 22:40:04 GMT Długość listy pozycji: 10
Lista pozycji zwierząt: {(6, 5)=[v], (5, 7)=[v], (0, 5)=[<], (2, 7)=[v], (2, 8)=[<], (9, 0)=[v], (9, 1)=[v], (7, 2)=[◤], (8, 5)=[v], (3, 1)=[v]}
16 Jan 2025 22:40:04 GMT Zwierzę poruszyło się z (1, 5) na (0, 5)
16 Jan 2025 22:40:04 GMT Długość listy pozycji: 10
Lista pozycji zwierząt: {(6, 5)=[v], (5, 7)=[v], (0, 5)=[<], (2, 7)=[v], (2, 8)=[<], (9, 0)=[v], (8, 2)=[◤], (7, 2)=[◤], (8, 5)=[v], (3, 1)=[v]}
16 Jan 2025 22:40:04 GMT Zwierzę poruszyło się z (9, 1) na (8, 2)
16 Jan 2025 22:40:04 GMT Długość listy pozycji: 10
Lista pozycji zwierząt: {(6, 5)=[v], (4, 8)=[◤], (0, 5)=[<], (2, 7)=[v], (2, 8)=[<], (9, 0)=[v], (8, 2)=[◤], (7, 2)=[◤], (8, 5)=[v], (3, 1)=[v]}
16 Jan 2025 22:40:04 GMT Zwierzę poruszyło się z (5, 7) na (4, 8)
16 Jan 2025 22:40:04 GMT Długość listy pozycji: 10
Lista pozycji zwierząt: {(6, 5)=[v], (4, 8)=[◤], (0, 5)=[<], (2, 7)=[v], (2, 8)=[<], (9, 0)=[v], (8, 2)=[◤], (7, 2)=[◤], (8, 5)=[v], (2, 0)=[◣]}
16 Jan 2025 22:40:04 GMT Zwierzę poruszyło się z (3, 1) na (2, 0)
16 Jan 2025 22:40:04 GMT Długość listy pozycji: 10
Lista pozycji zwierząt: {(5, 6)=[◤], (4, 8)=[◤], (0, 5)=[<], (2, 7)=[v], (2, 8)=[<], (9, 0)=[v], (8, 2)=[◤], (7, 2)=[◤], (8, 5)=[v], (2, 0)=[◣]}
16 Jan 2025 22:40:04 GMT Zwierzę poruszyło się z (6, 5) na (5, 6)
16 Jan 2025 22:40:04 GMT Długość listy pozycji: 10
Lista pozycji zwierząt: {(5, 6)=[◤], (4, 8)=[◤], (0, 5)=[<], (2, 7)=[v], (2, 8)=[<], (9, 0)=[v], (8, 2)=[◤], (7, 2)=[◤], (9, 6)=[◥], (2, 0)=[◣]}
16 Jan 2025 22:40:04 GMT Zwierzę poruszyło się z (8, 5) na (9, 6)
16 Jan 2025 22:40:04 GMT Długość listy pozycji: 10
Lista pozycji zwierząt: {(5, 6)=[◤], (4, 8)=[◤], (0, 5)=[<], (2, 7)=[v], (2, 8)=[<], (8, 1)=[◤], (8, 2)=[◤], (7, 2)=[◤], (9, 6)=[◥], (2, 0)=[◣]}
16 Jan 2025 22:40:04 GMT Zwierzę poruszyło się z (9, 0) na (8, 1)
16 Jan 2025 22:40:04 GMT Długość listy pozycji: 10
Lista pozycji zwierząt: {(5, 6)=[◤], (4, 8)=[◤], (1, 6)=[◣], (0, 5)=[<], (2, 8)=[<], (8, 1)=[◤], (8, 2)=[◤], (7, 2)=[◤], (9, 6)=[◥], (2, 0)=[◣]}
16 Jan 2025 22:40:04 GMT Zwierzę poruszyło się z (2, 7) na (1, 6)
16 Jan 2025 22:40:04 GMT Zwierzę zjadło roślinkę na (5, 6)
16 Jan 2025 22:40:04 GMT Zwierzę zjadło roślinkę na (1, 6)
16 Jan 2025 22:40:04 GMT Zwierzę zjadło roślinkę na (0, 5)
16 Jan 2025 22:40:04 GMT Zwierzę zjadło roślinkę na (7, 2)
16 Jan 2025 22:40:04 GMT Zwierzę zjadło roślinkę na (9, 6)
16 Jan 2025 22:40:05 GMT Roślinka wyrosła na (4, 4)
16 Jan 2025 22:40:05 GMT Roślinka wyrosła na (7, 4)
16 Jan 2025 22:40:05 GMT Roślinka wyrosła na (0, 3)
16 Jan 2025 22:40:05 GMT Roślinka wyrosła na (0, 9)
16 Jan 2025 22:40:05 GMT Roślinka wyrosła na (9, 1)
16 Jan 2025 22:40:05 GMT Roślinka wyrosła na (4, 2)
16 Jan 2025 22:40:05 GMT Roślinka wyrosła na (2, 4)
16 Jan 2025 22:40:05 GMT Roślinka wyrosła na (0, 1)
16 Jan 2025 22:40:05 GMT Roślinka wyrosła na (3, 8)
16 Jan 2025 22:40:05 GMT Roślinka wyrosła na (2, 7)
16 Jan 2025 22:40:05 GMT Długość listy pozycji: 9
Lista pozycji zwierząt: {(5, 6)=[◤], (4, 8)=[◤], (1, 6)=[◣], (0, 5)=[<], (2, 8)=[<], (8, 1)=[◤], (8, 2)=[>, ◤], (9, 6)=[◥], (2, 0)=[◣]}
16 Jan 2025 22:40:05 GMT Zwierzę poruszyło się z (7, 2) na (8, 2)
16 Jan 2025 22:40:05 GMT Długość listy pozycji: 9
Lista pozycji zwierząt: {(5, 6)=[◤], (0, 4)=[v], (4, 8)=[◤], (1, 6)=[◣], (2, 8)=[<], (8, 1)=[◤], (8, 2)=[>, ◤], (9, 6)=[◥], (2, 0)=[◣]}
16 Jan 2025 22:40:05 GMT Zwierzę poruszyło się z (0, 5) na (0, 4)
16 Jan 2025 22:40:05 GMT Długość listy pozycji: 10
Lista pozycji zwierząt: {(5, 6)=[◤], (0, 4)=[v], (4, 8)=[◤], (1, 6)=[◣], (2, 8)=[<], (9, 2)=[>], (8, 1)=[◤], (8, 2)=[>], (9, 6)=[◥], (2, 0)=[◣]}
16 Jan 2025 22:40:05 GMT Zwierzę poruszyło się z (8, 2) na (9, 2)
16 Jan 2025 22:40:05 GMT Długość listy pozycji: 10
Lista pozycji zwierząt: {(5, 6)=[◤], (5, 8)=[>], (0, 4)=[v], (1, 6)=[◣], (2, 8)=[<], (9, 2)=[>], (8, 1)=[◤], (8, 2)=[>], (9, 6)=[◥], (2, 0)=[◣]}
16 Jan 2025 22:40:05 GMT Zwierzę poruszyło się z (4, 8) na (5, 8)
16 Jan 2025 22:40:05 GMT Długość listy pozycji: 10
Lista pozycji zwierząt: {(1, 0)=[<], (5, 6)=[◤], (5, 8)=[>], (0, 4)=[v], (1, 6)=[◣], (2, 8)=[<], (9, 2)=[>], (8, 1)=[◤], (8, 2)=[>], (9, 6)=[◥]}
16 Jan 2025 22:40:05 GMT Zwierzę poruszyło się z (2, 0) na (1, 0)
16 Jan 2025 22:40:05 GMT Długość listy pozycji: 10
Lista pozycji zwierząt: {(1, 0)=[<], (6, 6)=[>], (5, 8)=[>], (0, 4)=[v], (1, 6)=[◣], (2, 8)=[<], (9, 2)=[>], (8, 1)=[◤], (8, 2)=[>], (9, 6)=[◥]}
16 Jan 2025 22:40:05 GMT Zwierzę poruszyło się z (5, 6) na (6, 6)
16 Jan 2025 22:40:05 GMT Długość listy pozycji: 10
Lista pozycji zwierząt: {(1, 0)=[<], (6, 6)=[>], (5, 8)=[>], (0, 4)=[v], (1, 6)=[◣], (2, 8)=[<], (9, 2)=[>], (8, 1)=[◤], (8, 2)=[>], (8, 6)=[<]}
16 Jan 2025 22:40:05 GMT Zwierzę poruszyło się z (9, 6) na (8, 6)
16 Jan 2025 22:40:06 GMT Długość listy pozycji: 10
Lista pozycji zwierząt: {(1, 0)=[<], (6, 6)=[>], (5, 8)=[>], (0, 4)=[v], (1, 6)=[◣], (2, 8)=[<], (9, 1)=[>], (9, 2)=[>], (8, 2)=[>], (8, 6)=[<]}
16 Jan 2025 22:40:06 GMT Zwierzę poruszyło się z (8, 1) na (9, 1)
16 Jan 2025 22:40:06 GMT Długość listy pozycji: 10
Lista pozycji zwierząt: {(1, 0)=[<], (6, 6)=[>], (5, 8)=[>], (0, 4)=[v], (0, 6)=[<], (2, 8)=[<], (9, 1)=[>], (9, 2)=[>], (8, 2)=[>], (8, 6)=[<]}
16 Jan 2025 22:40:06 GMT Zwierzę poruszyło się z (1, 6) na (0, 6)
16 Jan 2025 22:40:06 GMT Zwierzę zjadło roślinkę na (6, 6)
16 Jan 2025 22:40:06 GMT Zwierzę zjadło roślinkę na (0, 6)
16 Jan 2025 22:40:06 GMT Zwierzę zjadło roślinkę na (9, 1)
16 Jan 2025 22:40:06 GMT Roślinka wyrosła na (9, 4)
16 Jan 2025 22:40:06 GMT Roślinka wyrosła na (8, 4)
16 Jan 2025 22:40:06 GMT Roślinka wyrosła na (4, 9)
16 Jan 2025 22:40:06 GMT Roślinka wyrosła na (4, 3)
16 Jan 2025 22:40:06 GMT Roślinka wyrosła na (4, 1)
16 Jan 2025 22:40:06 GMT Roślinka wyrosła na (0, 0)
16 Jan 2025 22:40:06 GMT Roślinka wyrosła na (8, 7)
16 Jan 2025 22:40:06 GMT Roślinka wyrosła na (7, 9)
16 Jan 2025 22:40:06 GMT Roślinka wyrosła na (3, 9)
16 Jan 2025 22:40:06 GMT Roślinka wyrosła na (9, 7)
16 Jan 2025 22:40:06 GMT Długość listy pozycji: 10
Lista pozycji zwierząt: {(1, 0)=[<], (6, 6)=[>], (5, 8)=[>], (0, 4)=[v], (0, 6)=[<], (2, 8)=[<], (9, 1)=[>], (9, 2)=[>], (7, 1)=[◣], (8, 6)=[<]}
16 Jan 2025 22:40:06 GMT Zwierzę poruszyło się z (8, 2) na (7, 1)
16 Jan 2025 22:40:06 GMT Długość listy pozycji: 10
Lista pozycji zwierząt: {(1, 0)=[<], (6, 6)=[>], (1, 4)=[>], (5, 8)=[>], (0, 6)=[<], (2, 8)=[<], (9, 1)=[>], (9, 2)=[>], (7, 1)=[◣], (8, 6)=[<]}
16 Jan 2025 22:40:06 GMT Zwierzę poruszyło się z (0, 4) na (1, 4)
16 Jan 2025 22:40:06 GMT Długość listy pozycji: 10
Lista pozycji zwierząt: {(1, 0)=[<], (6, 6)=[>], (1, 4)=[>], (5, 8)=[>], (0, 6)=[<], (2, 8)=[<], (9, 1)=[>], (8, 1)=[◣], (7, 1)=[◣], (8, 6)=[<]}
16 Jan 2025 22:40:06 GMT Zwierzę poruszyło się z (9, 2) na (8, 1)
16 Jan 2025 22:40:07 GMT Długość listy pozycji: 10
Lista pozycji zwierząt: {(1, 0)=[<], (6, 6)=[>], (4, 7)=[◣], (1, 4)=[>], (0, 6)=[<], (2, 8)=[<], (9, 1)=[>], (8, 1)=[◣], (7, 1)=[◣], (8, 6)=[<]}
16 Jan 2025 22:40:07 GMT Zwierzę poruszyło się z (5, 8) na (4, 7)
16 Jan 2025 22:40:07 GMT Długość listy pozycji: 10
Lista pozycji zwierząt: {(6, 6)=[>], (0, 1)=[◤], (4, 7)=[◣], (1, 4)=[>], (0, 6)=[<], (2, 8)=[<], (9, 1)=[>], (8, 1)=[◣], (7, 1)=[◣], (8, 6)=[<]}
16 Jan 2025 22:40:07 GMT Zwierzę poruszyło się z (1, 0) na (0, 1)
16 Jan 2025 22:40:07 GMT Długość listy pozycji: 10
Lista pozycji zwierząt: {(5, 5)=[◣], (0, 1)=[◤], (4, 7)=[◣], (1, 4)=[>], (0, 6)=[<], (2, 8)=[<], (9, 1)=[>], (8, 1)=[◣], (7, 1)=[◣], (8, 6)=[<]}
16 Jan 2025 22:40:07 GMT Zwierzę poruszyło się z (6, 6) na (5, 5)
16 Jan 2025 22:40:07 GMT Długość listy pozycji: 10
Lista pozycji zwierząt: {(5, 5)=[◣], (0, 1)=[◤], (4, 7)=[◣], (1, 4)=[>], (0, 6)=[<], (2, 8)=[<], (9, 1)=[>], (8, 1)=[◣], (7, 1)=[◣], (9, 5)=[◢]}
16 Jan 2025 22:40:07 GMT Zwierzę poruszyło się z (8, 6) na (9, 5)
16 Jan 2025 22:40:07 GMT Długość listy pozycji: 10
Lista pozycji zwierząt: {(5, 5)=[◣], (0, 1)=[◤], (4, 7)=[◣], (1, 4)=[>], (0, 6)=[<], (2, 8)=[<], (8, 0)=[◣], (8, 1)=[◣], (7, 1)=[◣], (9, 5)=[◢]}
16 Jan 2025 22:40:07 GMT Zwierzę poruszyło się z (9, 1) na (8, 0)
16 Jan 2025 22:40:07 GMT Długość listy pozycji: 10
Lista pozycji zwierząt: {(5, 5)=[◣], (0, 1)=[◤], (4, 7)=[◣], (1, 4)=[>], (2, 8)=[<], (8, 0)=[◣], (8, 1)=[◣], (7, 1)=[◣], (9, 5)=[◢], (9, 7)=[◤]}
16 Jan 2025 22:40:07 GMT Zwierzę poruszyło się z (0, 6) na (9, 7)
16 Jan 2025 22:40:07 GMT Zwierzę zjadło roślinkę na (5, 5)
16 Jan 2025 22:40:07 GMT Zwierzę zjadło roślinkę na (0, 1)
16 Jan 2025 22:40:07 GMT Zwierzę zjadło roślinkę na (4, 7)
16 Jan 2025 22:40:07 GMT Zwierzę zjadło roślinkę na (8, 0)
16 Jan 2025 22:40:07 GMT Zwierzę zjadło roślinkę na (9, 5)
16 Jan 2025 22:40:07 GMT Zwierzę zjadło roślinkę na (9, 7)
16 Jan 2025 22:40:07 GMT Roślinka wyrosła na (7, 0)
16 Jan 2025 22:40:07 GMT Roślinka wyrosła na (0, 8)
16 Jan 2025 22:40:07 GMT Roślinka wyrosła na (3, 1)
16 Jan 2025 22:40:07 GMT Roślinka wyrosła na (0, 4)
16 Jan 2025 22:40:07 GMT Roślinka wyrosła na (4, 8)
16 Jan 2025 22:40:07 GMT Roślinka wyrosła na (9, 3)
16 Jan 2025 22:40:07 GMT Roślinka wyrosła na (3, 7)
16 Jan 2025 22:40:07 GMT Roślinka wyrosła na (1, 0)
16 Jan 2025 22:40:07 GMT Roślinka wyrosła na (8, 8)
16 Jan 2025 22:40:07 GMT Roślinka wyrosła na (8, 2)
16 Jan 2025 22:40:08 GMT Długość listy pozycji: 10
Lista pozycji zwierząt: {(5, 5)=[◣], (0, 1)=[◤], (4, 7)=[◣], (1, 4)=[>], (2, 8)=[<], (8, 0)=[◣], (8, 1)=[◣], (7, 2)=[^], (9, 5)=[◢], (9, 7)=[◤]}
16 Jan 2025 22:40:08 GMT Zwierzę poruszyło się z (7, 1) na (7, 2)
16 Jan 2025 22:40:08 GMT Długość listy pozycji: 10
Lista pozycji zwierząt: {(5, 5)=[◣], (0, 1)=[◤], (4, 7)=[◣], (1, 5)=[^], (2, 8)=[<], (8, 0)=[◣], (8, 1)=[◣], (7, 2)=[^], (9, 5)=[◢], (9, 7)=[◤]}
16 Jan 2025 22:40:08 GMT Zwierzę poruszyło się z (1, 4) na (1, 5)
16 Jan 2025 22:40:08 GMT Długość listy pozycji: 10
Lista pozycji zwierząt: {(5, 5)=[◣], (0, 1)=[◤], (4, 7)=[◣], (1, 5)=[^], (2, 8)=[<], (8, 0)=[◣], (8, 2)=[^], (7, 2)=[^], (9, 5)=[◢], (9, 7)=[◤]}
16 Jan 2025 22:40:08 GMT Zwierzę poruszyło się z (8, 1) na (8, 2)
16 Jan 2025 22:40:08 GMT Długość listy pozycji: 10
Lista pozycji zwierząt: {(5, 5)=[◣], (0, 1)=[◤], (4, 8)=[^], (1, 5)=[^], (2, 8)=[<], (8, 0)=[◣], (8, 2)=[^], (7, 2)=[^], (9, 5)=[◢], (9, 7)=[◤]}
16 Jan 2025 22:40:08 GMT Zwierzę poruszyło się z (4, 7) na (4, 8)
16 Jan 2025 22:40:08 GMT Długość listy pozycji: 10
Lista pozycji zwierząt: {(5, 5)=[◣], (0, 2)=[^], (4, 8)=[^], (1, 5)=[^], (2, 8)=[<], (8, 0)=[◣], (8, 2)=[^], (7, 2)=[^], (9, 5)=[◢], (9, 7)=[◤]}
16 Jan 2025 22:40:08 GMT Zwierzę poruszyło się z (0, 1) na (0, 2)
16 Jan 2025 22:40:08 GMT Długość listy pozycji: 10
Lista pozycji zwierząt: {(5, 6)=[^], (0, 2)=[^], (4, 8)=[^], (1, 5)=[^], (2, 8)=[<], (8, 0)=[◣], (8, 2)=[^], (7, 2)=[^], (9, 5)=[◢], (9, 7)=[◤]}
16 Jan 2025 22:40:08 GMT Zwierzę poruszyło się z (5, 5) na (5, 6)
16 Jan 2025 22:40:08 GMT Długość listy pozycji: 10
Lista pozycji zwierząt: {(5, 6)=[^], (0, 2)=[^], (4, 8)=[^], (1, 5)=[^], (2, 8)=[<], (8, 0)=[◣], (8, 2)=[^], (7, 2)=[^], (9, 6)=[^], (9, 7)=[◤]}
16 Jan 2025 22:40:08 GMT Zwierzę poruszyło się z (9, 5) na (9, 6)
16 Jan 2025 22:40:08 GMT Długość listy pozycji: 10
Lista pozycji zwierząt: {(5, 6)=[^], (0, 2)=[^], (4, 8)=[^], (1, 5)=[^], (2, 8)=[<], (8, 1)=[^], (8, 2)=[^], (7, 2)=[^], (9, 6)=[^], (9, 7)=[◤]}
16 Jan 2025 22:40:08 GMT Zwierzę poruszyło się z (8, 0) na (8, 1)
16 Jan 2025 22:40:08 GMT Długość listy pozycji: 10
Lista pozycji zwierząt: {(9, 8)=[^], (5, 6)=[^], (0, 2)=[^], (4, 8)=[^], (1, 5)=[^], (2, 8)=[<], (8, 1)=[^], (8, 2)=[^], (7, 2)=[^], (9, 6)=[^]}
16 Jan 2025 22:40:08 GMT Zwierzę poruszyło się z (9, 7) na (9, 8)
16 Jan 2025 22:40:09 GMT Zwierzę zjadło roślinkę na (4, 8)
16 Jan 2025 22:40:09 GMT Zwierzę zjadło roślinkę na (8, 2)
16 Jan 2025 22:40:09 GMT Roślinka wyrosła na (3, 0)
16 Jan 2025 22:40:09 GMT Roślinka wyrosła na (7, 1)
16 Jan 2025 22:40:09 GMT Roślinka wyrosła na (1, 4)
16 Jan 2025 22:40:09 GMT Roślinka wyrosła na (9, 9)
16 Jan 2025 22:40:09 GMT Roślinka wyrosła na (2, 1)
16 Jan 2025 22:40:09 GMT Roślinka wyrosła na (8, 1)
16 Jan 2025 22:40:09 GMT Roślinka wyrosła na (8, 3)
16 Jan 2025 22:40:09 GMT Roślinka wyrosła na (2, 0)
16 Jan 2025 22:40:09 GMT Roślinka wyrosła na (9, 2)
16 Jan 2025 22:40:09 GMT Roślinka wyrosła na (5, 0)
16 Jan 2025 22:40:09 GMT Długość listy pozycji: 9
Lista pozycji zwierząt: {(9, 8)=[^], (5, 6)=[^], (0, 2)=[^], (4, 8)=[^], (1, 5)=[^], (2, 8)=[<], (8, 1)=[^, ◢], (8, 2)=[^], (9, 6)=[^]}
16 Jan 2025 22:40:09 GMT Zwierzę poruszyło się z (7, 2) na (8, 1)
16 Jan 2025 22:40:09 GMT Długość listy pozycji: 9
Lista pozycji zwierząt: {(9, 8)=[^], (5, 6)=[^], (0, 2)=[^], (4, 8)=[^], (0, 5)=[<], (2, 8)=[<], (8, 1)=[^, ◢], (8, 2)=[^], (9, 6)=[^]}
16 Jan 2025 22:40:09 GMT Zwierzę poruszyło się z (1, 5) na (0, 5)
16 Jan 2025 22:40:09 GMT Długość listy pozycji: 9
Lista pozycji zwierząt: {(9, 8)=[^], (5, 6)=[^], (0, 2)=[^], (4, 8)=[^], (0, 5)=[<], (2, 8)=[<], (9, 1)=[◢], (8, 1)=[^, ◢], (9, 6)=[^]}
16 Jan 2025 22:40:09 GMT Zwierzę poruszyło się z (8, 2) na (9, 1)
16 Jan 2025 22:40:09 GMT Długość listy pozycji: 9
Lista pozycji zwierząt: {(9, 8)=[^], (5, 6)=[^], (5, 7)=[◢], (0, 2)=[^], (0, 5)=[<], (2, 8)=[<], (9, 1)=[◢], (8, 1)=[^, ◢], (9, 6)=[^]}
16 Jan 2025 22:40:09 GMT Zwierzę poruszyło się z (4, 8) na (5, 7)
16 Jan 2025 22:40:09 GMT Długość listy pozycji: 9
Lista pozycji zwierząt: {(9, 8)=[^], (5, 6)=[^], (1, 3)=[◥], (5, 7)=[◢], (0, 5)=[<], (2, 8)=[<], (9, 1)=[◢], (8, 1)=[^, ◢], (9, 6)=[^]}
16 Jan 2025 22:40:09 GMT Zwierzę poruszyło się z (0, 2) na (1, 3)
16 Jan 2025 22:40:10 GMT Długość listy pozycji: 9
Lista pozycji zwierząt: {(6, 5)=[◢], (9, 8)=[^], (1, 3)=[◥], (5, 7)=[◢], (0, 5)=[<], (2, 8)=[<], (9, 1)=[◢], (8, 1)=[^, ◢], (9, 6)=[^]}
16 Jan 2025 22:40:10 GMT Zwierzę poruszyło się z (5, 6) na (6, 5)
16 Jan 2025 22:40:10 GMT Długość listy pozycji: 9
Lista pozycji zwierząt: {(6, 5)=[◢], (9, 8)=[^], (1, 3)=[◥], (5, 7)=[◢], (0, 5)=[<], (2, 8)=[<], (9, 1)=[◢], (8, 1)=[^, ◢], (8, 5)=[◣]}
16 Jan 2025 22:40:10 GMT Zwierzę poruszyło się z (9, 6) na (8, 5)
16 Jan 2025 22:40:10 GMT Długość listy pozycji: 10
Lista pozycji zwierząt: {(6, 5)=[◢], (9, 8)=[^], (1, 3)=[◥], (5, 7)=[◢], (0, 5)=[<], (2, 8)=[<], (9, 0)=[◢], (9, 1)=[◢], (8, 1)=[◢], (8, 5)=[◣]}
16 Jan 2025 22:40:10 GMT Zwierzę poruszyło się z (8, 1) na (9, 0)
16 Jan 2025 22:40:10 GMT Długość listy pozycji: 10
Lista pozycji zwierząt: {(6, 5)=[◢], (1, 3)=[◥], (5, 7)=[◢], (0, 5)=[<], (2, 8)=[<], (9, 0)=[◢], (9, 1)=[◢], (0, 9)=[◥], (8, 1)=[◢], (8, 5)=[◣]}
16 Jan 2025 22:40:10 GMT Zwierzę poruszyło się z (9, 8) na (0, 9)
16 Jan 2025 22:40:10 GMT Zwierzę zjadło roślinkę na (5, 7)
16 Jan 2025 22:40:10 GMT Zwierzę zjadło roślinkę na (0, 9)
16 Jan 2025 22:40:10 GMT Zwierzę zjadło roślinkę na (8, 1)
16 Jan 2025 22:40:10 GMT Roślinka wyrosła na (6, 2)
16 Jan 2025 22:40:10 GMT Roślinka wyrosła na (5, 1)
16 Jan 2025 22:40:10 GMT Roślinka wyrosła na (9, 0)
16 Jan 2025 22:40:10 GMT Roślinka wyrosła na (5, 4)
16 Jan 2025 22:40:10 GMT Roślinka wyrosła na (3, 2)
16 Jan 2025 22:40:10 GMT Roślinka wyrosła na (6, 0)
16 Jan 2025 22:40:10 GMT Roślinka wyrosła na (2, 9)
16 Jan 2025 22:40:10 GMT Roślinka wyrosła na (9, 8)
16 Jan 2025 22:40:10 GMT Roślinka wyrosła na (6, 1)
16 Jan 2025 22:40:10 GMT Roślinka wyrosła na (1, 9)
16 Jan 2025 22:40:10 GMT Długość listy pozycji: 10
Lista pozycji zwierząt: {(6, 5)=[◢], (1, 3)=[◥], (5, 7)=[◢], (0, 5)=[<], (2, 8)=[<], (9, 0)=[◢], (9, 1)=[◢], (0, 9)=[◥], (7, 1)=[<], (8, 5)=[◣]}
16 Jan 2025 22:40:10 GMT Zwierzę poruszyło się z (8, 1) na (7, 1)
16 Jan 2025 22:40:11 GMT Długość listy pozycji: 10
Lista pozycji zwierząt: {(6, 5)=[◢], (1, 3)=[◥], (5, 7)=[◢], (0, 4)=[v], (2, 8)=[<], (9, 0)=[◢], (9, 1)=[◢], (0, 9)=[◥], (7, 1)=[<], (8, 5)=[◣]}
16 Jan 2025 22:40:11 GMT Zwierzę poruszyło się z (0, 5) na (0, 4)
16 Jan 2025 22:40:11 GMT Długość listy pozycji: 10
Lista pozycji zwierząt: {(6, 5)=[◢], (1, 3)=[◥], (5, 7)=[◢], (0, 4)=[v], (2, 8)=[<], (9, 0)=[◢], (8, 1)=[<], (0, 9)=[◥], (7, 1)=[<], (8, 5)=[◣]}
16 Jan 2025 22:40:11 GMT Zwierzę poruszyło się z (9, 1) na (8, 1)
16 Jan 2025 22:40:11 GMT Długość listy pozycji: 10
Lista pozycji zwierząt: {(6, 5)=[◢], (1, 3)=[◥], (4, 7)=[<], (0, 4)=[v], (2, 8)=[<], (9, 0)=[◢], (8, 1)=[<], (0, 9)=[◥], (7, 1)=[<], (8, 5)=[◣]}
16 Jan 2025 22:40:11 GMT Zwierzę poruszyło się z (5, 7) na (4, 7)
16 Jan 2025 22:40:11 GMT Długość listy pozycji: 10
Lista pozycji zwierząt: {(6, 5)=[◢], (2, 3)=[>], (4, 7)=[<], (0, 4)=[v], (2, 8)=[<], (9, 0)=[◢], (8, 1)=[<], (0, 9)=[◥], (7, 1)=[<], (8, 5)=[◣]}
16 Jan 2025 22:40:11 GMT Zwierzę poruszyło się z (1, 3) na (2, 3)
16 Jan 2025 22:40:11 GMT Długość listy pozycji: 10
Lista pozycji zwierząt: {(5, 5)=[<], (2, 3)=[>], (4, 7)=[<], (0, 4)=[v], (2, 8)=[<], (9, 0)=[◢], (8, 1)=[<], (0, 9)=[◥], (7, 1)=[<], (8, 5)=[◣]}
16 Jan 2025 22:40:11 GMT Zwierzę poruszyło się z (6, 5) na (5, 5)
16 Jan 2025 22:40:11 GMT Długość listy pozycji: 10
Lista pozycji zwierząt: {(5, 5)=[<], (2, 3)=[>], (4, 7)=[<], (0, 4)=[v], (2, 8)=[<], (9, 0)=[◢], (8, 1)=[<], (0, 9)=[◥], (7, 1)=[<], (9, 5)=[>]}
16 Jan 2025 22:40:11 GMT Zwierzę poruszyło się z (8, 5) na (9, 5)
16 Jan 2025 22:40:11 GMT Długość listy pozycji: 10
Lista pozycji zwierząt: {(5, 5)=[<], (2, 3)=[>], (4, 7)=[<], (0, 4)=[v], (2, 8)=[<], (8, 0)=[<], (8, 1)=[<], (0, 9)=[◥], (7, 1)=[<], (9, 5)=[>]}
16 Jan 2025 22:40:11 GMT Zwierzę poruszyło się z (9, 0) na (8, 0)
16 Jan 2025 22:40:11 GMT Długość listy pozycji: 10
Lista pozycji zwierząt: {(5, 5)=[<], (2, 3)=[>], (4, 7)=[<], (0, 4)=[v], (2, 8)=[<], (1, 9)=[>], (8, 0)=[<], (8, 1)=[<], (7, 1)=[<], (9, 5)=[>]}
16 Jan 2025 22:40:11 GMT Zwierzę poruszyło się z (0, 9) na (1, 9)
16 Jan 2025 22:40:11 GMT Zwierzę zjadło roślinkę na (0, 4)
16 Jan 2025 22:40:11 GMT Zwierzę zjadło roślinkę na (1, 9)
16 Jan 2025 22:40:11 GMT Zwierzę zjadło roślinkę na (7, 1)
16 Jan 2025 22:40:12 GMT Roślinka wyrosła na (7, 3)
16 Jan 2025 22:40:12 GMT Roślinka wyrosła na (6, 8)
16 Jan 2025 22:40:12 GMT Roślinka wyrosła na (1, 2)
16 Jan 2025 22:40:12 GMT Roślinka wyrosła na (1, 1)
16 Jan 2025 22:40:12 GMT Roślinka wyrosła na (1, 3)
16 Jan 2025 22:40:12 GMT Roślinka wyrosła na (0, 2)
16 Jan 2025 22:40:12 GMT Roślinka wyrosła na (5, 8)
16 Jan 2025 22:40:12 GMT Roślinka wyrosła na (6, 3)
16 Jan 2025 22:40:12 GMT Roślinka wyrosła na (3, 4)
16 Jan 2025 22:40:12 GMT Roślinka wyrosła na (4, 0)
16 Jan 2025 22:40:12 GMT Długość listy pozycji: 10
Lista pozycji zwierząt: {(5, 5)=[<], (2, 3)=[>], (4, 7)=[<], (0, 4)=[v], (2, 8)=[<], (1, 9)=[>], (8, 0)=[<], (8, 1)=[<], (8, 2)=[◥], (9, 5)=[>]}
16 Jan 2025 22:40:12 GMT Zwierzę poruszyło się z (7, 1) na (8, 2)
16 Jan 2025 22:40:12 GMT Długość listy pozycji: 10
Lista pozycji zwierząt: {(5, 5)=[<], (2, 3)=[>], (1, 4)=[>], (4, 7)=[<], (2, 8)=[<], (1, 9)=[>], (8, 0)=[<], (8, 1)=[<], (8, 2)=[◥], (9, 5)=[>]}
16 Jan 2025 22:40:12 GMT Zwierzę poruszyło się z (0, 4) na (1, 4)
16 Jan 2025 22:40:12 GMT Długość listy pozycji: 10
Lista pozycji zwierząt: {(5, 5)=[<], (2, 3)=[>], (1, 4)=[>], (4, 7)=[<], (2, 8)=[<], (1, 9)=[>], (8, 0)=[<], (9, 2)=[◥], (8, 2)=[◥], (9, 5)=[>]}
16 Jan 2025 22:40:12 GMT Zwierzę poruszyło się z (8, 1) na (9, 2)
16 Jan 2025 22:40:12 GMT Długość listy pozycji: 10
Lista pozycji zwierząt: {(5, 5)=[<], (2, 3)=[>], (5, 8)=[◥], (1, 4)=[>], (2, 8)=[<], (1, 9)=[>], (8, 0)=[<], (9, 2)=[◥], (8, 2)=[◥], (9, 5)=[>]}
16 Jan 2025 22:40:12 GMT Zwierzę poruszyło się z (4, 7) na (5, 8)
16 Jan 2025 22:40:12 GMT Długość listy pozycji: 10
Lista pozycji zwierząt: {(3, 2)=[◢], (5, 5)=[<], (5, 8)=[◥], (1, 4)=[>], (2, 8)=[<], (1, 9)=[>], (8, 0)=[<], (9, 2)=[◥], (8, 2)=[◥], (9, 5)=[>]}
16 Jan 2025 22:40:12 GMT Zwierzę poruszyło się z (2, 3) na (3, 2)
16 Jan 2025 22:40:12 GMT Długość listy pozycji: 10
Lista pozycji zwierząt: {(3, 2)=[◢], (6, 6)=[◥], (5, 8)=[◥], (1, 4)=[>], (2, 8)=[<], (1, 9)=[>], (8, 0)=[<], (9, 2)=[◥], (8, 2)=[◥], (9, 5)=[>]}
16 Jan 2025 22:40:12 GMT Zwierzę poruszyło się z (5, 5) na (6, 6)
16 Jan 2025 22:40:12 GMT Długość listy pozycji: 10
Lista pozycji zwierząt: {(3, 2)=[◢], (6, 6)=[◥], (5, 8)=[◥], (1, 4)=[>], (2, 8)=[<], (1, 9)=[>], (8, 0)=[<], (9, 2)=[◥], (8, 2)=[◥], (8, 6)=[◤]}
16 Jan 2025 22:40:12 GMT Zwierzę poruszyło się z (9, 5) na (8, 6)
16 Jan 2025 22:40:13 GMT Długość listy pozycji: 10
Lista pozycji zwierząt: {(3, 2)=[◢], (6, 6)=[◥], (5, 8)=[◥], (1, 4)=[>], (2, 8)=[<], (9, 1)=[◥], (1, 9)=[>], (9, 2)=[◥], (8, 2)=[◥], (8, 6)=[◤]}
16 Jan 2025 22:40:13 GMT Zwierzę poruszyło się z (8, 0) na (9, 1)
16 Jan 2025 22:40:13 GMT Długość listy pozycji: 9
Lista pozycji zwierząt: {(3, 2)=[◢], (6, 6)=[◥], (5, 8)=[◥], (1, 4)=[>], (2, 8)=[◢, <], (9, 1)=[◥], (9, 2)=[◥], (8, 2)=[◥], (8, 6)=[◤]}
16 Jan 2025 22:40:13 GMT Zwierzę poruszyło się z (1, 9) na (2, 8)
16 Jan 2025 22:40:13 GMT Zwierzę zjadło roślinkę na (3, 2)
16 Jan 2025 22:40:13 GMT Zwierzę zjadło roślinkę na (5, 8)
16 Jan 2025 22:40:13 GMT Zwierzę zjadło roślinkę na (1, 4)
16 Jan 2025 22:40:13 GMT Zwierzę zjadło roślinkę na (9, 2)
16 Jan 2025 22:40:13 GMT Zwierze zostało położone na (2, 8)
16 Jan 2025 22:40:13 GMT Urodziło się nowe zwierzę na (2, 8)
16 Jan 2025 22:40:13 GMT Roślinka wyrosła na null
16 Jan 2025 22:40:13 GMT Roślinka wyrosła na null
16 Jan 2025 22:40:13 GMT Roślinka wyrosła na null
16 Jan 2025 22:40:13 GMT Roślinka wyrosła na null
16 Jan 2025 22:40:13 GMT Roślinka wyrosła na null
16 Jan 2025 22:40:13 GMT Roślinka wyrosła na null
16 Jan 2025 22:40:13 GMT Roślinka wyrosła na null
16 Jan 2025 22:40:13 GMT Roślinka wyrosła na null
16 Jan 2025 22:40:13 GMT Roślinka wyrosła na null
16 Jan 2025 22:40:13 GMT Roślinka wyrosła na null
16 Jan 2025 22:40:13 GMT Długość listy pozycji: 9
Lista pozycji zwierząt: {(3, 2)=[◢], (6, 6)=[◥], (5, 8)=[◥], (1, 4)=[>], (2, 8)=[◢, <, >], (9, 1)=[◥], (8, 1)=[v], (9, 2)=[◥], (8, 6)=[◤]}
16 Jan 2025 22:40:13 GMT Zwierzę poruszyło się z (8, 2) na (8, 1)
16 Jan 2025 22:40:14 GMT Długość listy pozycji: 9
Lista pozycji zwierząt: {(3, 2)=[◢], (6, 6)=[◥], (5, 8)=[◥], (1, 5)=[^], (2, 8)=[◢, <, >], (9, 1)=[◥], (8, 1)=[v], (9, 2)=[◥], (8, 6)=[◤]}
16 Jan 2025 22:40:14 GMT Zwierzę poruszyło się z (1, 4) na (1, 5)
16 Jan 2025 22:40:14 GMT Długość listy pozycji: 8
Lista pozycji zwierząt: {(3, 2)=[◢], (6, 6)=[◥], (5, 8)=[◥], (1, 5)=[^], (2, 8)=[◢, <, >], (9, 1)=[◥, v], (8, 1)=[v], (8, 6)=[◤]}
16 Jan 2025 22:40:14 GMT Zwierzę poruszyło się z (9, 2) na (9, 1)
16 Jan 2025 22:40:14 GMT Długość listy pozycji: 8
Lista pozycji zwierząt: {(3, 2)=[◢], (6, 6)=[◥], (5, 7)=[v], (1, 5)=[^], (2, 8)=[◢, <, >], (9, 1)=[◥, v], (8, 1)=[v], (8, 6)=[◤]}
16 Jan 2025 22:40:14 GMT Zwierzę poruszyło się z (5, 8) na (5, 7)
16 Jan 2025 22:40:14 GMT Długość listy pozycji: 8
Lista pozycji zwierząt: {(6, 6)=[◥], (5, 7)=[v], (1, 5)=[^], (2, 8)=[◢, <, >], (9, 1)=[◥, v], (8, 1)=[v], (3, 1)=[v], (8, 6)=[◤]}
16 Jan 2025 22:40:14 GMT Zwierzę poruszyło się z (3, 2) na (3, 1)
16 Jan 2025 22:40:14 GMT Długość listy pozycji: 8
Lista pozycji zwierząt: {(6, 5)=[v], (5, 7)=[v], (1, 5)=[^], (2, 8)=[◢, <, >], (9, 1)=[◥, v], (8, 1)=[v], (3, 1)=[v], (8, 6)=[◤]}
16 Jan 2025 22:40:14 GMT Zwierzę poruszyło się z (6, 6) na (6, 5)
16 Jan 2025 22:40:14 GMT Długość listy pozycji: 8
Lista pozycji zwierząt: {(6, 5)=[v], (5, 7)=[v], (1, 5)=[^], (2, 8)=[◢, <, >], (9, 1)=[◥, v], (8, 1)=[v], (8, 5)=[v], (3, 1)=[v]}
16 Jan 2025 22:40:14 GMT Zwierzę poruszyło się z (8, 6) na (8, 5)
16 Jan 2025 22:40:14 GMT Długość listy pozycji: 9
Lista pozycji zwierząt: {(6, 5)=[v], (5, 7)=[v], (1, 5)=[^], (2, 8)=[◢, <, >], (9, 0)=[v], (9, 1)=[v], (8, 1)=[v], (8, 5)=[v], (3, 1)=[v]}
16 Jan 2025 22:40:14 GMT Zwierzę poruszyło się z (9, 1) na (9, 0)
16 Jan 2025 22:40:14 GMT Długość listy pozycji: 10
Lista pozycji zwierząt: {(6, 5)=[v], (5, 7)=[v], (1, 5)=[^], (2, 7)=[v], (2, 8)=[<, >], (9, 0)=[v], (9, 1)=[v], (8, 1)=[v], (8, 5)=[v], (3, 1)=[v]}
16 Jan 2025 22:40:14 GMT Zwierzę poruszyło się z (2, 8) na (2, 7)
16 Jan 2025 22:40:14 GMT Zwierzę zjadło roślinkę na (2, 7)
16 Jan 2025 22:40:14 GMT Zwierzę zjadło roślinkę na (9, 0)
16 Jan 2025 22:40:14 GMT Zwierzę zjadło roślinkę na (3, 1)
16 Jan 2025 22:40:15 GMT Zwierze zostało położone na (2, 8)
16 Jan 2025 22:40:15 GMT Urodziło się nowe zwierzę na (2, 8)
16 Jan 2025 22:40:15 GMT Roślinka wyrosła na null
16 Jan 2025 22:40:15 GMT Roślinka wyrosła na null
16 Jan 2025 22:40:15 GMT Roślinka wyrosła na null
16 Jan 2025 22:40:15 GMT Roślinka wyrosła na null
16 Jan 2025 22:40:15 GMT Roślinka wyrosła na null
16 Jan 2025 22:40:15 GMT Roślinka wyrosła na null
16 Jan 2025 22:40:15 GMT Roślinka wyrosła na null
16 Jan 2025 22:40:15 GMT Roślinka wyrosła na null
16 Jan 2025 22:40:15 GMT Roślinka wyrosła na null
16 Jan 2025 22:40:15 GMT Roślinka wyrosła na null
16 Jan 2025 22:40:15 GMT Długość listy pozycji: 10
Lista pozycji zwierząt: {(6, 5)=[v], (5, 7)=[v], (1, 5)=[^], (2, 7)=[v], (2, 8)=[<, >, ^], (9, 0)=[v], (9, 1)=[v], (7, 2)=[◤], (8, 5)=[v], (3, 1)=[v]}
16 Jan 2025 22:40:15 GMT Zwierzę poruszyło się z (8, 1) na (7, 2)
16 Jan 2025 22:40:15 GMT Długość listy pozycji: 10
Lista pozycji zwierząt: {(6, 5)=[v], (5, 7)=[v], (0, 5)=[<], (2, 7)=[v], (2, 8)=[<, >, ^], (9, 0)=[v], (9, 1)=[v], (7, 2)=[◤], (8, 5)=[v], (3, 1)=[v]}
16 Jan 2025 22:40:15 GMT Zwierzę poruszyło się z (1, 5) na (0, 5)
16 Jan 2025 22:40:15 GMT Długość listy pozycji: 10
Lista pozycji zwierząt: {(6, 5)=[v], (5, 7)=[v], (0, 5)=[<], (2, 7)=[v], (2, 8)=[<, >, ^], (9, 0)=[v], (8, 2)=[◤], (7, 2)=[◤], (8, 5)=[v], (3, 1)=[v]}
16 Jan 2025 22:40:15 GMT Zwierzę poruszyło się z (9, 1) na (8, 2)
16 Jan 2025 22:40:15 GMT Długość listy pozycji: 10
Lista pozycji zwierząt: {(6, 5)=[v], (4, 8)=[◤], (0, 5)=[<], (2, 7)=[v], (2, 8)=[<, >, ^], (9, 0)=[v], (8, 2)=[◤], (7, 2)=[◤], (8, 5)=[v], (3, 1)=[v]}
16 Jan 2025 22:40:15 GMT Zwierzę poruszyło się z (5, 7) na (4, 8)
16 Jan 2025 22:40:15 GMT Długość listy pozycji: 10
Lista pozycji zwierząt: {(6, 5)=[v], (4, 8)=[◤], (0, 5)=[<], (2, 7)=[v], (2, 8)=[<, >, ^], (9, 0)=[v], (8, 2)=[◤], (7, 2)=[◤], (8, 5)=[v], (2, 0)=[◣]}
16 Jan 2025 22:40:15 GMT Zwierzę poruszyło się z (3, 1) na (2, 0)
16 Jan 2025 22:40:15 GMT Długość listy pozycji: 10
Lista pozycji zwierząt: {(5, 6)=[◤], (4, 8)=[◤], (0, 5)=[<], (2, 7)=[v], (2, 8)=[<, >, ^], (9, 0)=[v], (8, 2)=[◤], (7, 2)=[◤], (8, 5)=[v], (2, 0)=[◣]}
16 Jan 2025 22:40:15 GMT Zwierzę poruszyło się z (6, 5) na (5, 6)
16 Jan 2025 22:40:15 GMT Długość listy pozycji: 10
Lista pozycji zwierząt: {(5, 6)=[◤], (4, 8)=[◤], (0, 5)=[<], (2, 7)=[v], (2, 8)=[<, >, ^], (9, 0)=[v], (8, 2)=[◤], (7, 2)=[◤], (9, 6)=[◥], (2, 0)=[◣]}
16 Jan 2025 22:40:15 GMT Zwierzę poruszyło się z (8, 5) na (9, 6)
16 Jan 2025 22:40:16 GMT Długość listy pozycji: 10
Lista pozycji zwierząt: {(5, 6)=[◤], (4, 8)=[◤], (0, 5)=[<], (2, 7)=[v], (2, 8)=[<, >, ^], (8, 1)=[◤], (8, 2)=[◤], (7, 2)=[◤], (9, 6)=[◥], (2, 0)=[◣]}
16 Jan 2025 22:40:16 GMT Zwierzę poruszyło się z (9, 0) na (8, 1)
16 Jan 2025 22:40:16 GMT Długość listy pozycji: 10
Lista pozycji zwierząt: {(5, 6)=[◤], (4, 8)=[◤], (1, 6)=[◣], (0, 5)=[<], (2, 8)=[<, >, ^], (8, 1)=[◤], (8, 2)=[◤], (7, 2)=[◤], (9, 6)=[◥], (2, 0)=[◣]}
16 Jan 2025 22:40:16 GMT Zwierzę poruszyło się z (2, 7) na (1, 6)
16 Jan 2025 22:40:16 GMT Zwierzę zjadło roślinkę na (2, 0)
