16 Jan 2025 22:52:02 GMT Zwierze zostało położone na (0, 2)
16 Jan 2025 22:52:02 GMT Zwierze zostało położone na (7, 4)
16 Jan 2025 22:52:02 GMT Zwierze zostało położone na (5, 5)
16 Jan 2025 22:52:02 GMT Zwierze zostało położone na (7, 2)
16 Jan 2025 22:52:03 GMT Zwierze zostało położone na (2, 9)
16 Jan 2025 22:52:03 GMT Zwierze zostało położone na (8, 1)
16 Jan 2025 22:52:03 GMT Zwierze zostało położone na (5, 3)
16 Jan 2025 22:52:03 GMT Zwierze zostało położone na (9, 3)
16 Jan 2025 22:52:03 GMT Zwierze zostało położone na (5, 0)
16 Jan 2025 22:52:03 GMT Zwierze zostało położone na (6, 4)
16 Jan 2025 22:52:03 GMT Długość listy pozycji: 10
Lista pozycji zwierząt: {(5, 5)=[◤], (1, 2)=[>], (2, 9)=[^], (8, 1)=[<], (9, 3)=[>], (5, 0)=[>], (7, 2)=[v], (7, 4)=[◤], (6, 4)=[◤], (5, 3)=[>]}
16 Jan 2025 22:52:03 GMT Zwierzę poruszyło się z (0, 2) na (1, 2)
16 Jan 2025 22:52:03 GMT Długość listy pozycji: 9
Lista pozycji zwierząt: {(5, 5)=[◤], (1, 2)=[>], (2, 9)=[^], (8, 1)=[<], (9, 3)=[>], (5, 0)=[>], (7, 2)=[v], (6, 4)=[◤, <], (5, 3)=[>]}
16 Jan 2025 22:52:03 GMT Zwierzę poruszyło się z (7, 4) na (6, 4)
16 Jan 2025 22:52:03 GMT Długość listy pozycji: 9
Lista pozycji zwierząt: {(4, 5)=[<], (1, 2)=[>], (2, 9)=[^], (8, 1)=[<], (9, 3)=[>], (5, 0)=[>], (7, 2)=[v], (6, 4)=[◤, <], (5, 3)=[>]}
16 Jan 2025 22:52:03 GMT Zwierzę poruszyło się z (5, 5) na (4, 5)
16 Jan 2025 22:52:03 GMT Długość listy pozycji: 9
Lista pozycji zwierząt: {(4, 5)=[<], (1, 2)=[>], (2, 9)=[^], (8, 1)=[<], (9, 3)=[>], (5, 0)=[>], (7, 3)=[^], (6, 4)=[◤, <], (5, 3)=[>]}
16 Jan 2025 22:52:03 GMT Zwierzę poruszyło się z (7, 2) na (7, 3)
16 Jan 2025 22:52:03 GMT Długość listy pozycji: 9
Lista pozycji zwierząt: {(4, 5)=[<], (1, 2)=[>], (2, 9)=[v], (8, 1)=[<], (9, 3)=[>], (5, 0)=[>], (7, 3)=[^], (6, 4)=[◤, <], (5, 3)=[>]}
16 Jan 2025 22:52:03 GMT Zwierzę poruszyło się z (2, 9) na (2, 9)
16 Jan 2025 22:52:04 GMT Długość listy pozycji: 9
Lista pozycji zwierząt: {(4, 5)=[<], (1, 2)=[>], (2, 9)=[v], (8, 0)=[v], (9, 3)=[>], (5, 0)=[>], (7, 3)=[^], (6, 4)=[◤, <], (5, 3)=[>]}
16 Jan 2025 22:52:04 GMT Zwierzę poruszyło się z (8, 1) na (8, 0)
16 Jan 2025 22:52:04 GMT Długość listy pozycji: 9
Lista pozycji zwierząt: {(4, 5)=[<], (1, 2)=[>], (2, 9)=[v], (8, 0)=[v], (9, 3)=[>], (5, 0)=[>], (7, 3)=[^], (5, 2)=[v], (6, 4)=[◤, <]}
16 Jan 2025 22:52:04 GMT Zwierzę poruszyło się z (5, 3) na (5, 2)
16 Jan 2025 22:52:04 GMT Długość listy pozycji: 9
Lista pozycji zwierząt: {(4, 5)=[<], (1, 2)=[>], (2, 9)=[v], (8, 0)=[v], (9, 2)=[v], (5, 0)=[>], (7, 3)=[^], (5, 2)=[v], (6, 4)=[◤, <]}
16 Jan 2025 22:52:04 GMT Zwierzę poruszyło się z (9, 3) na (9, 2)
16 Jan 2025 22:52:04 GMT Długość listy pozycji: 9
Lista pozycji zwierząt: {(4, 5)=[<], (1, 2)=[>], (2, 9)=[v], (8, 0)=[v], (9, 2)=[v], (5, 0)=[^], (7, 3)=[^], (5, 2)=[v], (6, 4)=[◤, <]}
16 Jan 2025 22:52:04 GMT Zwierzę poruszyło się z (5, 0) na (5, 0)
16 Jan 2025 22:52:04 GMT Długość listy pozycji: 10
Lista pozycji zwierząt: {(5, 4)=[<], (4, 5)=[<], (1, 2)=[>], (2, 9)=[v], (8, 0)=[v], (9, 2)=[v], (5, 0)=[^], (7, 3)=[^], (5, 2)=[v], (6, 4)=[<]}
16 Jan 2025 22:52:04 GMT Zwierzę poruszyło się z (6, 4) na (5, 4)
16 Jan 2025 22:52:04 GMT Zwierzę zjadło roślinkę na (4, 5)
16 Jan 2025 22:52:04 GMT Roślinka wyrosła na (7, 5)
16 Jan 2025 22:52:04 GMT Roślinka wyrosła na (6, 5)
16 Jan 2025 22:52:04 GMT Roślinka wyrosła na (4, 6)
16 Jan 2025 22:52:04 GMT Roślinka wyrosła na (8, 5)
16 Jan 2025 22:52:04 GMT Roślinka wyrosła na (5, 5)
16 Jan 2025 22:52:04 GMT Roślinka wyrosła na (8, 6)
16 Jan 2025 22:52:04 GMT Roślinka wyrosła na (1, 5)
16 Jan 2025 22:52:04 GMT Roślinka wyrosła na (7, 6)
16 Jan 2025 22:52:04 GMT Roślinka wyrosła na (5, 6)
16 Jan 2025 22:52:04 GMT Roślinka wyrosła na (3, 5)
16 Jan 2025 22:52:05 GMT Długość listy pozycji: 10
Lista pozycji zwierząt: {(5, 4)=[<], (4, 5)=[<], (0, 3)=[◤], (2, 9)=[v], (8, 0)=[v], (9, 2)=[v], (5, 0)=[^], (7, 3)=[^], (5, 2)=[v], (6, 4)=[<]}
16 Jan 2025 22:52:05 GMT Zwierzę poruszyło się z (1, 2) na (0, 3)
16 Jan 2025 22:52:05 GMT Długość listy pozycji: 10
Lista pozycji zwierząt: {(5, 4)=[<], (4, 5)=[<], (0, 3)=[◤], (2, 9)=[v], (8, 0)=[v], (9, 2)=[v], (5, 0)=[^], (7, 3)=[^], (5, 2)=[v], (5, 3)=[◣]}
16 Jan 2025 22:52:05 GMT Zwierzę poruszyło się z (6, 4) na (5, 3)
16 Jan 2025 22:52:05 GMT Długość listy pozycji: 10
Lista pozycji zwierząt: {(5, 4)=[<], (3, 4)=[◣], (0, 3)=[◤], (2, 9)=[v], (8, 0)=[v], (9, 2)=[v], (5, 0)=[^], (7, 3)=[^], (5, 2)=[v], (5, 3)=[◣]}
16 Jan 2025 22:52:05 GMT Zwierzę poruszyło się z (4, 5) na (3, 4)
16 Jan 2025 22:52:05 GMT Długość listy pozycji: 10
Lista pozycji zwierząt: {(5, 4)=[<], (3, 4)=[◣], (0, 3)=[◤], (2, 9)=[v], (8, 0)=[v], (9, 2)=[v], (7, 2)=[v], (5, 0)=[^], (5, 2)=[v], (5, 3)=[◣]}
16 Jan 2025 22:52:05 GMT Zwierzę poruszyło się z (7, 3) na (7, 2)
16 Jan 2025 22:52:05 GMT Długość listy pozycji: 10
Lista pozycji zwierząt: {(5, 4)=[<], (3, 4)=[◣], (0, 3)=[◤], (2, 8)=[v], (8, 0)=[v], (9, 2)=[v], (7, 2)=[v], (5, 0)=[^], (5, 2)=[v], (5, 3)=[◣]}
16 Jan 2025 22:52:05 GMT Zwierzę poruszyło się z (2, 9) na (2, 8)
16 Jan 2025 22:52:05 GMT Długość listy pozycji: 10
Lista pozycji zwierząt: {(5, 4)=[<], (3, 4)=[◣], (0, 3)=[◤], (2, 8)=[v], (9, 0)=[>], (9, 2)=[v], (7, 2)=[v], (5, 0)=[^], (5, 2)=[v], (5, 3)=[◣]}
16 Jan 2025 22:52:05 GMT Zwierzę poruszyło się z (8, 0) na (9, 0)
16 Jan 2025 22:52:05 GMT Długość listy pozycji: 10
Lista pozycji zwierząt: {(5, 4)=[<], (3, 4)=[◣], (0, 3)=[◤], (2, 8)=[v], (9, 0)=[>], (9, 2)=[v], (7, 2)=[v], (5, 0)=[^], (4, 2)=[<], (5, 3)=[◣]}
16 Jan 2025 22:52:05 GMT Zwierzę poruszyło się z (5, 2) na (4, 2)
16 Jan 2025 22:52:05 GMT Długość listy pozycji: 10
Lista pozycji zwierząt: {(5, 4)=[<], (3, 4)=[◣], (0, 3)=[◤], (2, 8)=[v], (9, 0)=[>], (8, 2)=[<], (7, 2)=[v], (5, 0)=[^], (4, 2)=[<], (5, 3)=[◣]}
16 Jan 2025 22:52:05 GMT Zwierzę poruszyło się z (9, 2) na (8, 2)
16 Jan 2025 22:52:05 GMT Długość listy pozycji: 10
Lista pozycji zwierząt: {(5, 4)=[<], (3, 4)=[◣], (0, 3)=[◤], (2, 8)=[v], (9, 0)=[>], (6, 0)=[>], (8, 2)=[<], (7, 2)=[v], (4, 2)=[<], (5, 3)=[◣]}
16 Jan 2025 22:52:05 GMT Zwierzę poruszyło się z (5, 0) na (6, 0)
16 Jan 2025 22:52:06 GMT Długość listy pozycji: 10
Lista pozycji zwierząt: {(4, 3)=[◣], (3, 4)=[◣], (0, 3)=[◤], (2, 8)=[v], (9, 0)=[>], (6, 0)=[>], (8, 2)=[<], (7, 2)=[v], (4, 2)=[<], (5, 3)=[◣]}
16 Jan 2025 22:52:06 GMT Zwierzę poruszyło się z (5, 4) na (4, 3)
16 Jan 2025 22:52:06 GMT Roślinka wyrosła na (3, 6)
16 Jan 2025 22:52:06 GMT Roślinka wyrosła na (9, 7)
16 Jan 2025 22:52:06 GMT Roślinka wyrosła na (4, 2)
16 Jan 2025 22:52:06 GMT Roślinka wyrosła na (7, 3)
16 Jan 2025 22:52:06 GMT Roślinka wyrosła na (5, 9)
16 Jan 2025 22:52:06 GMT Roślinka wyrosła na (4, 3)
16 Jan 2025 22:52:06 GMT Roślinka wyrosła na (4, 8)
16 Jan 2025 22:52:06 GMT Roślinka wyrosła na (3, 1)
16 Jan 2025 22:52:06 GMT Roślinka wyrosła na (6, 8)
16 Jan 2025 22:52:06 GMT Roślinka wyrosła na (9, 8)
16 Jan 2025 22:52:06 GMT Długość listy pozycji: 10
Lista pozycji zwierząt: {(4, 3)=[◣], (3, 4)=[◣], (0, 2)=[v], (2, 8)=[v], (9, 0)=[>], (6, 0)=[>], (8, 2)=[<], (7, 2)=[v], (4, 2)=[<], (5, 3)=[◣]}
16 Jan 2025 22:52:06 GMT Zwierzę poruszyło się z (0, 3) na (0, 2)
16 Jan 2025 22:52:06 GMT Długość listy pozycji: 10
Lista pozycji zwierząt: {(4, 3)=[◣], (3, 4)=[◣], (0, 2)=[v], (2, 8)=[v], (9, 0)=[>], (6, 0)=[>], (8, 2)=[<], (7, 2)=[v], (5, 2)=[v], (4, 2)=[<]}
16 Jan 2025 22:52:06 GMT Zwierzę poruszyło się z (5, 3) na (5, 2)
16 Jan 2025 22:52:06 GMT Długość listy pozycji: 10
Lista pozycji zwierząt: {(4, 3)=[◣], (3, 3)=[v], (0, 2)=[v], (2, 8)=[v], (9, 0)=[>], (6, 0)=[>], (8, 2)=[<], (7, 2)=[v], (5, 2)=[v], (4, 2)=[<]}
16 Jan 2025 22:52:06 GMT Zwierzę poruszyło się z (3, 4) na (3, 3)
16 Jan 2025 22:52:06 GMT Długość listy pozycji: 10
Lista pozycji zwierząt: {(4, 3)=[◣], (3, 3)=[v], (0, 2)=[v], (2, 8)=[v], (9, 0)=[>], (6, 0)=[>], (8, 2)=[<], (7, 3)=[^], (5, 2)=[v], (4, 2)=[<]}
16 Jan 2025 22:52:06 GMT Zwierzę poruszyło się z (7, 2) na (7, 3)
16 Jan 2025 22:52:07 GMT Długość listy pozycji: 10
Lista pozycji zwierząt: {(4, 3)=[◣], (3, 3)=[v], (0, 2)=[v], (2, 7)=[v], (9, 0)=[>], (6, 0)=[>], (8, 2)=[<], (7, 3)=[^], (5, 2)=[v], (4, 2)=[<]}
16 Jan 2025 22:52:07 GMT Zwierzę poruszyło się z (2, 8) na (2, 7)
16 Jan 2025 22:52:07 GMT Długość listy pozycji: 10
Lista pozycji zwierząt: {(4, 3)=[◣], (3, 3)=[v], (0, 2)=[v], (2, 7)=[v], (9, 1)=[^], (6, 0)=[>], (8, 2)=[<], (7, 3)=[^], (5, 2)=[v], (4, 2)=[<]}
16 Jan 2025 22:52:07 GMT Zwierzę poruszyło się z (9, 0) na (9, 1)
16 Jan 2025 22:52:07 GMT Długość listy pozycji: 9
Lista pozycji zwierząt: {(4, 3)=[◣, ^], (3, 3)=[v], (0, 2)=[v], (2, 7)=[v], (9, 1)=[^], (6, 0)=[>], (8, 2)=[<], (7, 3)=[^], (5, 2)=[v]}
16 Jan 2025 22:52:07 GMT Zwierzę poruszyło się z (4, 2) na (4, 3)
16 Jan 2025 22:52:07 GMT Długość listy pozycji: 9
Lista pozycji zwierząt: {(4, 3)=[◣, ^], (3, 3)=[v], (0, 2)=[v], (2, 7)=[v], (9, 1)=[^], (6, 0)=[>], (8, 3)=[^], (7, 3)=[^], (5, 2)=[v]}
16 Jan 2025 22:52:07 GMT Zwierzę poruszyło się z (8, 2) na (8, 3)
16 Jan 2025 22:52:07 GMT Długość listy pozycji: 9
Lista pozycji zwierząt: {(4, 3)=[◣, ^], (3, 3)=[v], (0, 2)=[v], (2, 7)=[v], (9, 1)=[^], (6, 0)=[^], (8, 3)=[^], (7, 3)=[^], (5, 2)=[v]}
16 Jan 2025 22:52:07 GMT Zwierzę poruszyło się z (6, 0) na (6, 0)
16 Jan 2025 22:52:07 GMT Długość listy pozycji: 10
Lista pozycji zwierząt: {(4, 3)=[^], (3, 3)=[v], (0, 2)=[v], (2, 7)=[v], (9, 1)=[^], (6, 0)=[^], (8, 3)=[^], (7, 3)=[^], (5, 2)=[v], (4, 2)=[v]}
16 Jan 2025 22:52:07 GMT Zwierzę poruszyło się z (4, 3) na (4, 2)
16 Jan 2025 22:52:07 GMT Zwierzę zjadło roślinkę na (4, 3)
16 Jan 2025 22:52:07 GMT Zwierzę zjadło roślinkę na (7, 3)
16 Jan 2025 22:52:07 GMT Zwierzę zjadło roślinkę na (4, 2)
16 Jan 2025 22:52:07 GMT Roślinka wyrosła na (1, 8)
16 Jan 2025 22:52:07 GMT Roślinka wyrosła na (5, 2)
16 Jan 2025 22:52:07 GMT Roślinka wyrosła na (9, 4)
16 Jan 2025 22:52:07 GMT Roślinka wyrosła na (2, 2)
16 Jan 2025 22:52:07 GMT Roślinka wyrosła na (8, 9)
16 Jan 2025 22:52:07 GMT Roślinka wyrosła na (0, 8)
16 Jan 2025 22:52:07 GMT Roślinka wyrosła na (5, 0)
16 Jan 2025 22:52:07 GMT Roślinka wyrosła na (0, 4)
16 Jan 2025 22:52:07 GMT Roślinka wyrosła na (9, 1)
16 Jan 2025 22:52:07 GMT Roślinka wyrosła na (9, 3)
16 Jan 2025 22:52:08 GMT Długość listy pozycji: 10
Lista pozycji zwierząt: {(4, 3)=[^], (3, 3)=[v], (1, 3)=[◥], (2, 7)=[v], (9, 1)=[^], (6, 0)=[^], (8, 3)=[^], (7, 3)=[^], (5, 2)=[v], (4, 2)=[v]}
16 Jan 2025 22:52:08 GMT Zwierzę poruszyło się z (0, 2) na (1, 3)
16 Jan 2025 22:52:08 GMT Długość listy pozycji: 10
Lista pozycji zwierząt: {(4, 3)=[^], (3, 3)=[v], (1, 3)=[◥], (2, 7)=[v], (9, 1)=[^], (6, 0)=[^], (6, 1)=[◢], (8, 3)=[^], (7, 3)=[^], (4, 2)=[v]}
16 Jan 2025 22:52:08 GMT Zwierzę poruszyło się z (5, 2) na (6, 1)
16 Jan 2025 22:52:08 GMT Długość listy pozycji: 9
Lista pozycji zwierząt: {(4, 3)=[^], (1, 3)=[◥], (2, 7)=[v], (9, 1)=[^], (6, 0)=[^], (6, 1)=[◢], (8, 3)=[^], (7, 3)=[^], (4, 2)=[v, ◢]}
16 Jan 2025 22:52:08 GMT Zwierzę poruszyło się z (3, 3) na (4, 2)
16 Jan 2025 22:52:08 GMT Długość listy pozycji: 9
Lista pozycji zwierząt: {(4, 3)=[^], (1, 3)=[◥], (2, 7)=[v], (9, 1)=[^], (6, 0)=[^], (7, 2)=[v], (6, 1)=[◢], (8, 3)=[^], (4, 2)=[v, ◢]}
16 Jan 2025 22:52:08 GMT Zwierzę poruszyło się z (7, 3) na (7, 2)
16 Jan 2025 22:52:08 GMT Długość listy pozycji: 9
Lista pozycji zwierząt: {(4, 3)=[^], (1, 3)=[◥], (2, 6)=[v], (9, 1)=[^], (6, 0)=[^], (7, 2)=[v], (6, 1)=[◢], (8, 3)=[^], (4, 2)=[v, ◢]}
16 Jan 2025 22:52:08 GMT Zwierzę poruszyło się z (2, 7) na (2, 6)
16 Jan 2025 22:52:08 GMT Długość listy pozycji: 9
Lista pozycji zwierząt: {(4, 3)=[^], (1, 3)=[◥], (2, 6)=[v], (8, 1)=[<], (6, 0)=[^], (7, 2)=[v], (6, 1)=[◢], (8, 3)=[^], (4, 2)=[v, ◢]}
16 Jan 2025 22:52:08 GMT Zwierzę poruszyło się z (9, 1) na (8, 1)
16 Jan 2025 22:52:08 GMT Długość listy pozycji: 9
Lista pozycji zwierząt: {(1, 3)=[◥], (2, 6)=[v], (8, 1)=[<], (6, 0)=[^], (7, 2)=[v], (6, 1)=[◢], (8, 3)=[^], (5, 3)=[>], (4, 2)=[v, ◢]}
16 Jan 2025 22:52:08 GMT Zwierzę poruszyło się z (4, 3) na (5, 3)
16 Jan 2025 22:52:08 GMT Długość listy pozycji: 9
Lista pozycji zwierząt: {(1, 3)=[◥], (2, 6)=[v], (8, 1)=[<], (9, 3)=[>], (6, 0)=[^], (7, 2)=[v], (6, 1)=[◢], (5, 3)=[>], (4, 2)=[v, ◢]}
16 Jan 2025 22:52:08 GMT Zwierzę poruszyło się z (8, 3) na (9, 3)
16 Jan 2025 22:52:08 GMT Długość listy pozycji: 9
Lista pozycji zwierząt: {(1, 3)=[◥], (2, 6)=[v], (7, 0)=[>], (8, 1)=[<], (9, 3)=[>], (7, 2)=[v], (6, 1)=[◢], (5, 3)=[>], (4, 2)=[v, ◢]}
16 Jan 2025 22:52:08 GMT Zwierzę poruszyło się z (6, 0) na (7, 0)
16 Jan 2025 22:52:09 GMT Długość listy pozycji: 10
Lista pozycji zwierząt: {(1, 3)=[◥], (2, 6)=[v], (7, 0)=[>], (8, 1)=[<], (9, 3)=[>], (7, 2)=[v], (6, 1)=[◢], (5, 1)=[◢], (5, 3)=[>], (4, 2)=[◢]}
16 Jan 2025 22:52:09 GMT Zwierzę poruszyło się z (4, 2) na (5, 1)
16 Jan 2025 22:52:09 GMT Zwierzę zjadło roślinkę na (2, 6)
16 Jan 2025 22:52:09 GMT Zwierzę zjadło roślinkę na (9, 3)
16 Jan 2025 22:52:09 GMT Roślinka wyrosła na (7, 1)
16 Jan 2025 22:52:09 GMT Roślinka wyrosła na (1, 4)
16 Jan 2025 22:52:09 GMT Roślinka wyrosła na (7, 7)
16 Jan 2025 22:52:09 GMT Roślinka wyrosła na (7, 4)
16 Jan 2025 22:52:09 GMT Roślinka wyrosła na (7, 0)
16 Jan 2025 22:52:09 GMT Roślinka wyrosła na (3, 8)
16 Jan 2025 22:52:09 GMT Roślinka wyrosła na (6, 4)
16 Jan 2025 22:52:09 GMT Roślinka wyrosła na (1, 9)
16 Jan 2025 22:52:09 GMT Roślinka wyrosła na (1, 7)
16 Jan 2025 22:52:09 GMT Roślinka wyrosła na (0, 1)
16 Jan 2025 22:52:09 GMT Długość listy pozycji: 10
Lista pozycji zwierząt: {(0, 3)=[<], (2, 6)=[v], (7, 0)=[>], (8, 1)=[<], (9, 3)=[>], (7, 2)=[v], (6, 1)=[◢], (5, 1)=[◢], (5, 3)=[>], (4, 2)=[◢]}
16 Jan 2025 22:52:09 GMT Zwierzę poruszyło się z (1, 3) na (0, 3)
16 Jan 2025 22:52:09 GMT Długość listy pozycji: 10
Lista pozycji zwierząt: {(0, 3)=[<], (2, 6)=[v], (7, 0)=[>], (8, 1)=[<], (7, 1)=[>], (9, 3)=[>], (7, 2)=[v], (5, 1)=[◢], (5, 3)=[>], (4, 2)=[◢]}
16 Jan 2025 22:52:09 GMT Zwierzę poruszyło się z (6, 1) na (7, 1)
16 Jan 2025 22:52:09 GMT Długość listy pozycji: 10
Lista pozycji zwierząt: {(0, 3)=[<], (2, 6)=[v], (7, 0)=[>], (8, 1)=[<], (7, 1)=[>], (9, 3)=[>], (7, 2)=[v], (5, 1)=[◢], (5, 2)=[>], (5, 3)=[>]}
16 Jan 2025 22:52:09 GMT Zwierzę poruszyło się z (4, 2) na (5, 2)
16 Jan 2025 22:52:09 GMT Długość listy pozycji: 10
Lista pozycji zwierząt: {(0, 3)=[<], (2, 6)=[v], (7, 0)=[>], (8, 1)=[<], (7, 1)=[>], (9, 3)=[>], (7, 3)=[^], (5, 1)=[◢], (5, 2)=[>], (5, 3)=[>]}
16 Jan 2025 22:52:09 GMT Zwierzę poruszyło się z (7, 2) na (7, 3)
16 Jan 2025 22:52:10 GMT Długość listy pozycji: 10
Lista pozycji zwierząt: {(2, 5)=[v], (0, 3)=[<], (7, 0)=[>], (8, 1)=[<], (7, 1)=[>], (9, 3)=[>], (7, 3)=[^], (5, 1)=[◢], (5, 2)=[>], (5, 3)=[>]}
16 Jan 2025 22:52:10 GMT Zwierzę poruszyło się z (2, 6) na (2, 5)
16 Jan 2025 22:52:10 GMT Długość listy pozycji: 10
Lista pozycji zwierząt: {(2, 5)=[v], (0, 3)=[<], (8, 0)=[v], (7, 0)=[>], (7, 1)=[>], (9, 3)=[>], (7, 3)=[^], (5, 1)=[◢], (5, 2)=[>], (5, 3)=[>]}
16 Jan 2025 22:52:10 GMT Zwierzę poruszyło się z (8, 1) na (8, 0)
16 Jan 2025 22:52:10 GMT Długość listy pozycji: 9
Lista pozycji zwierząt: {(2, 5)=[v], (0, 3)=[<], (8, 0)=[v], (7, 0)=[>], (7, 1)=[>], (9, 3)=[>], (7, 3)=[^], (5, 1)=[◢], (5, 2)=[>, v]}
16 Jan 2025 22:52:10 GMT Zwierzę poruszyło się z (5, 3) na (5, 2)
16 Jan 2025 22:52:10 GMT Długość listy pozycji: 9
Lista pozycji zwierząt: {(2, 5)=[v], (0, 3)=[<], (8, 0)=[v], (9, 2)=[v], (7, 0)=[>], (7, 1)=[>], (7, 3)=[^], (5, 1)=[◢], (5, 2)=[>, v]}
16 Jan 2025 22:52:10 GMT Zwierzę poruszyło się z (9, 3) na (9, 2)
16 Jan 2025 22:52:10 GMT Długość listy pozycji: 9
Lista pozycji zwierząt: {(2, 5)=[v], (0, 3)=[<], (8, 0)=[v], (9, 2)=[v], (7, 0)=[^], (7, 1)=[>], (7, 3)=[^], (5, 1)=[◢], (5, 2)=[>, v]}
16 Jan 2025 22:52:10 GMT Zwierzę poruszyło się z (7, 0) na (7, 0)
16 Jan 2025 22:52:10 GMT Długość listy pozycji: 9
Lista pozycji zwierząt: {(2, 5)=[v], (0, 3)=[<], (8, 0)=[v], (9, 2)=[v], (7, 0)=[^], (7, 1)=[>], (6, 1)=[>], (7, 3)=[^], (5, 2)=[>, v]}
16 Jan 2025 22:52:10 GMT Zwierzę poruszyło się z (5, 1) na (6, 1)
16 Jan 2025 22:52:10 GMT Zwierzę zjadło roślinkę na (2, 5)
16 Jan 2025 22:52:10 GMT Zwierzę zjadło roślinkę na (7, 0)
16 Jan 2025 22:52:10 GMT Zwierzę zjadło roślinkę na (7, 1)
16 Jan 2025 22:52:10 GMT Zwierzę zjadło roślinkę na (5, 2)
16 Jan 2025 22:52:10 GMT Zwierze zostało położone na (5, 2)
16 Jan 2025 22:52:10 GMT Urodziło się nowe zwierzę na (5, 2)
16 Jan 2025 22:52:11 GMT Roślinka wyrosła na (6, 9)
16 Jan 2025 22:52:11 GMT Roślinka wyrosła na (8, 1)
16 Jan 2025 22:52:11 GMT Roślinka wyrosła na (2, 0)
16 Jan 2025 22:52:11 GMT Roślinka wyrosła na (5, 1)
16 Jan 2025 22:52:11 GMT Roślinka wyrosła na (3, 3)
16 Jan 2025 22:52:11 GMT Roślinka wyrosła na (9, 0)
16 Jan 2025 22:52:11 GMT Roślinka wyrosła na (6, 7)
16 Jan 2025 22:52:11 GMT Roślinka wyrosła na (4, 9)
16 Jan 2025 22:52:11 GMT Roślinka wyrosła na (3, 7)
16 Jan 2025 22:52:11 GMT Roślinka wyrosła na (1, 3)
16 Jan 2025 22:52:11 GMT Długość listy pozycji: 9
Lista pozycji zwierząt: {(1, 2)=[◢], (2, 5)=[v], (8, 0)=[v], (9, 2)=[v], (7, 0)=[^], (7, 1)=[>], (6, 1)=[>], (7, 3)=[^], (5, 2)=[v, >, v]}
16 Jan 2025 22:52:11 GMT Zwierzę poruszyło się z (0, 3) na (1, 2)
16 Jan 2025 22:52:11 GMT Długość listy pozycji: 9
Lista pozycji zwierząt: {(1, 2)=[◢], (2, 5)=[v], (8, 0)=[v], (9, 2)=[v], (7, 0)=[^], (8, 2)=[◥], (6, 1)=[>], (7, 3)=[^], (5, 2)=[v, >, v]}
16 Jan 2025 22:52:11 GMT Zwierzę poruszyło się z (7, 1) na (8, 2)
16 Jan 2025 22:52:11 GMT Długość listy pozycji: 10
Lista pozycji zwierząt: {(1, 2)=[◢], (2, 5)=[v], (8, 0)=[v], (9, 2)=[v], (7, 0)=[^], (8, 2)=[◥], (6, 1)=[>], (7, 3)=[^], (6, 3)=[◥], (5, 2)=[v, v]}
16 Jan 2025 22:52:11 GMT Zwierzę poruszyło się z (5, 2) na (6, 3)
16 Jan 2025 22:52:11 GMT Długość listy pozycji: 10
Lista pozycji zwierząt: {(1, 2)=[◢], (2, 5)=[v], (8, 0)=[v], (9, 2)=[v], (7, 0)=[^], (8, 2)=[◥], (7, 2)=[v], (6, 1)=[>], (6, 3)=[◥], (5, 2)=[v, v]}
16 Jan 2025 22:52:11 GMT Zwierzę poruszyło się z (7, 3) na (7, 2)
16 Jan 2025 22:52:11 GMT Długość listy pozycji: 10
Lista pozycji zwierząt: {(1, 2)=[◢], (2, 4)=[v], (8, 0)=[v], (9, 2)=[v], (7, 0)=[^], (8, 2)=[◥], (7, 2)=[v], (6, 1)=[>], (6, 3)=[◥], (5, 2)=[v, v]}
16 Jan 2025 22:52:11 GMT Zwierzę poruszyło się z (2, 5) na (2, 4)
16 Jan 2025 22:52:11 GMT Długość listy pozycji: 10
Lista pozycji zwierząt: {(1, 2)=[◢], (2, 4)=[v], (9, 0)=[>], (9, 2)=[v], (7, 0)=[^], (8, 2)=[◥], (7, 2)=[v], (6, 1)=[>], (6, 3)=[◥], (5, 2)=[v, v]}
16 Jan 2025 22:52:11 GMT Zwierzę poruszyło się z (8, 0) na (9, 0)
16 Jan 2025 22:52:11 GMT Długość listy pozycji: 11
Lista pozycji zwierząt: {(1, 2)=[◢], (2, 4)=[v], (9, 0)=[>], (9, 2)=[v], (7, 0)=[^], (8, 2)=[◥], (7, 2)=[v], (6, 1)=[>], (6, 3)=[◥], (5, 2)=[v], (4, 2)=[<]}
16 Jan 2025 22:52:11 GMT Zwierzę poruszyło się z (5, 2) na (4, 2)
16 Jan 2025 22:52:12 GMT Długość listy pozycji: 10
Lista pozycji zwierząt: {(1, 2)=[◢], (2, 4)=[v], (9, 0)=[>], (7, 0)=[^], (8, 2)=[◥, <], (7, 2)=[v], (6, 1)=[>], (6, 3)=[◥], (5, 2)=[v], (4, 2)=[<]}
16 Jan 2025 22:52:12 GMT Zwierzę poruszyło się z (9, 2) na (8, 2)
16 Jan 2025 22:52:12 GMT Długość listy pozycji: 10
Lista pozycji zwierząt: {(1, 2)=[◢], (2, 4)=[v], (9, 0)=[>], (8, 0)=[>], (8, 2)=[◥, <], (7, 2)=[v], (6, 1)=[>], (6, 3)=[◥], (5, 2)=[v], (4, 2)=[<]}
16 Jan 2025 22:52:12 GMT Zwierzę poruszyło się z (7, 0) na (8, 0)
16 Jan 2025 22:52:12 GMT Długość listy pozycji: 9
Lista pozycji zwierząt: {(1, 2)=[◢], (2, 4)=[v], (9, 0)=[>], (8, 0)=[>], (8, 2)=[◥, <], (7, 2)=[v, ◥], (6, 3)=[◥], (5, 2)=[v], (4, 2)=[<]}
16 Jan 2025 22:52:12 GMT Zwierzę poruszyło się z (6, 1) na (7, 2)
16 Jan 2025 22:52:12 GMT Zwierzę zjadło roślinkę na (9, 0)
16 Jan 2025 22:52:12 GMT Zwierze zostało położone na (8, 2)
16 Jan 2025 22:52:12 GMT Urodziło się nowe zwierzę na (8, 2)
16 Jan 2025 22:52:12 GMT Zwierze zostało położone na (7, 2)
16 Jan 2025 22:52:12 GMT Urodziło się nowe zwierzę na (7, 2)
16 Jan 2025 22:52:12 GMT Roślinka wyrosła na (9, 9)
16 Jan 2025 22:52:12 GMT Roślinka wyrosła na (8, 8)
16 Jan 2025 22:52:12 GMT Roślinka wyrosła na (6, 3)
16 Jan 2025 22:52:12 GMT Roślinka wyrosła na (6, 1)
16 Jan 2025 22:52:12 GMT Roślinka wyrosła na (6, 2)
16 Jan 2025 22:52:12 GMT Roślinka wyrosła na (5, 4)
16 Jan 2025 22:52:12 GMT Roślinka wyrosła na (5, 7)
16 Jan 2025 22:52:12 GMT Roślinka wyrosła na (8, 0)
16 Jan 2025 22:52:12 GMT Roślinka wyrosła na (8, 7)
16 Jan 2025 22:52:12 GMT Roślinka wyrosła na (2, 3)
16 Jan 2025 22:52:12 GMT Zwierzę umarło na (8, 2)
16 Jan 2025 22:52:12 GMT Zwierzę umarło na (7, 2)
16 Jan 2025 22:52:12 GMT Długość listy pozycji: 9
Lista pozycji zwierząt: {(1, 3)=[^], (2, 4)=[v], (9, 0)=[>], (8, 0)=[>], (8, 2)=[◤, <], (7, 2)=[◥, ◥], (6, 3)=[◥], (5, 2)=[v], (4, 2)=[<]}
16 Jan 2025 22:52:12 GMT Zwierzę poruszyło się z (1, 2) na (1, 3)
16 Jan 2025 22:52:13 GMT Długość listy pozycji: 9
Lista pozycji zwierząt: {(1, 3)=[^], (2, 4)=[v], (9, 0)=[>], (8, 0)=[>], (8, 2)=[◤, <], (7, 2)=[◥, ◥], (5, 2)=[v], (6, 4)=[^], (4, 2)=[<]}
16 Jan 2025 22:52:13 GMT Zwierzę poruszyło się z (6, 3) na (6, 4)
16 Jan 2025 22:52:13 GMT Długość listy pozycji: 9
Lista pozycji zwierząt: {(2, 3)=[v], (1, 3)=[^], (9, 0)=[>], (8, 0)=[>], (8, 2)=[◤, <], (7, 2)=[◥, ◥], (5, 2)=[v], (6, 4)=[^], (4, 2)=[<]}
16 Jan 2025 22:52:13 GMT Zwierzę poruszyło się z (2, 4) na (2, 3)
16 Jan 2025 22:52:13 GMT Długość listy pozycji: 9
Lista pozycji zwierząt: {(2, 3)=[v], (1, 3)=[^], (9, 1)=[^], (8, 0)=[>], (8, 2)=[◤, <], (7, 2)=[◥, ◥], (5, 2)=[v], (6, 4)=[^], (4, 2)=[<]}
16 Jan 2025 22:52:13 GMT Zwierzę poruszyło się z (9, 0) na (9, 1)
16 Jan 2025 22:52:13 GMT Długość listy pozycji: 9
Lista pozycji zwierząt: {(4, 3)=[^], (2, 3)=[v], (1, 3)=[^], (9, 1)=[^], (8, 0)=[>], (8, 2)=[◤, <], (7, 2)=[◥, ◥], (5, 2)=[v], (6, 4)=[^]}
16 Jan 2025 22:52:13 GMT Zwierzę poruszyło się z (4, 2) na (4, 3)
16 Jan 2025 22:52:13 GMT Długość listy pozycji: 10
Lista pozycji zwierząt: {(4, 3)=[^], (2, 3)=[v], (1, 3)=[^], (9, 1)=[^], (8, 0)=[>], (8, 2)=[◤], (8, 3)=[^], (7, 2)=[◥, ◥], (5, 2)=[v], (6, 4)=[^]}
16 Jan 2025 22:52:13 GMT Zwierzę poruszyło się z (8, 2) na (8, 3)
16 Jan 2025 22:52:13 GMT Długość listy pozycji: 10
Lista pozycji zwierząt: {(4, 3)=[^], (2, 3)=[v], (1, 3)=[^], (9, 1)=[^], (8, 0)=[^], (8, 2)=[◤], (8, 3)=[^], (7, 2)=[◥, ◥], (5, 2)=[v], (6, 4)=[^]}
16 Jan 2025 22:52:13 GMT Zwierzę poruszyło się z (8, 0) na (8, 0)
16 Jan 2025 22:52:13 GMT Długość listy pozycji: 11
Lista pozycji zwierząt: {(4, 3)=[^], (2, 3)=[v], (1, 3)=[^], (9, 1)=[^], (8, 0)=[^], (8, 2)=[◤], (8, 3)=[^], (7, 2)=[◥], (7, 3)=[^], (5, 2)=[v], (6, 4)=[^]}
16 Jan 2025 22:52:13 GMT Zwierzę poruszyło się z (7, 2) na (7, 3)
16 Jan 2025 22:52:13 GMT Zwierzę zjadło roślinkę na (2, 3)
16 Jan 2025 22:52:13 GMT Zwierzę zjadło roślinkę na (1, 3)
16 Jan 2025 22:52:13 GMT Zwierzę zjadło roślinkę na (9, 1)
16 Jan 2025 22:52:13 GMT Zwierzę zjadło roślinkę na (8, 0)
16 Jan 2025 22:52:13 GMT Zwierzę zjadło roślinkę na (6, 4)
16 Jan 2025 22:52:14 GMT Roślinka wyrosła na (2, 9)
16 Jan 2025 22:52:14 GMT Roślinka wyrosła na (1, 0)
16 Jan 2025 22:52:14 GMT Roślinka wyrosła na (0, 7)
16 Jan 2025 22:52:14 GMT Roślinka wyrosła na (3, 2)
16 Jan 2025 22:52:14 GMT Roślinka wyrosła na (0, 3)
16 Jan 2025 22:52:14 GMT Roślinka wyrosła na (0, 0)
16 Jan 2025 22:52:14 GMT Roślinka wyrosła na (8, 4)
16 Jan 2025 22:52:14 GMT Roślinka wyrosła na (3, 0)
16 Jan 2025 22:52:14 GMT Roślinka wyrosła na (4, 1)
16 Jan 2025 22:52:14 GMT Roślinka wyrosła na (8, 3)
16 Jan 2025 22:52:14 GMT Długość listy pozycji: 11
Lista pozycji zwierząt: {(4, 3)=[^], (2, 3)=[v], (0, 2)=[◣], (9, 1)=[^], (8, 0)=[^], (8, 2)=[◤], (8, 3)=[^], (7, 2)=[◥], (7, 3)=[^], (5, 2)=[v], (6, 4)=[^]}
16 Jan 2025 22:52:14 GMT Zwierzę poruszyło się z (1, 3) na (0, 2)
16 Jan 2025 22:52:14 GMT Długość listy pozycji: 11
Lista pozycji zwierząt: {(4, 3)=[^], (5, 5)=[◤], (2, 3)=[v], (0, 2)=[◣], (9, 1)=[^], (8, 0)=[^], (8, 2)=[◤], (8, 3)=[^], (7, 2)=[◥], (7, 3)=[^], (5, 2)=[v]}
16 Jan 2025 22:52:14 GMT Zwierzę poruszyło się z (6, 4) na (5, 5)
16 Jan 2025 22:52:14 GMT Długość listy pozycji: 11
Lista pozycji zwierząt: {(4, 3)=[^], (2, 2)=[v], (5, 5)=[◤], (0, 2)=[◣], (9, 1)=[^], (8, 0)=[^], (8, 2)=[◤], (8, 3)=[^], (7, 2)=[◥], (7, 3)=[^], (5, 2)=[v]}
16 Jan 2025 22:52:14 GMT Zwierzę poruszyło się z (2, 3) na (2, 2)
16 Jan 2025 22:52:14 GMT Długość listy pozycji: 11
Lista pozycji zwierząt: {(4, 3)=[^], (2, 2)=[v], (5, 5)=[◤], (0, 2)=[◣], (8, 0)=[^], (8, 1)=[<], (8, 2)=[◤], (8, 3)=[^], (7, 2)=[◥], (7, 3)=[^], (5, 2)=[v]}
16 Jan 2025 22:52:14 GMT Zwierzę poruszyło się z (9, 1) na (8, 1)
16 Jan 2025 22:52:14 GMT Długość listy pozycji: 11
Lista pozycji zwierząt: {(2, 2)=[v], (5, 5)=[◤], (0, 2)=[◣], (8, 0)=[^], (8, 1)=[<], (8, 2)=[◤], (8, 3)=[^], (7, 2)=[◥], (7, 3)=[^], (5, 2)=[v], (5, 3)=[>]}
16 Jan 2025 22:52:14 GMT Zwierzę poruszyło się z (4, 3) na (5, 3)
16 Jan 2025 22:52:14 GMT Długość listy pozycji: 11
Lista pozycji zwierząt: {(2, 2)=[v], (5, 5)=[◤], (0, 2)=[◣], (8, 0)=[^], (8, 1)=[<], (9, 3)=[>], (8, 2)=[◤], (7, 2)=[◥], (7, 3)=[^], (5, 2)=[v], (5, 3)=[>]}
16 Jan 2025 22:52:14 GMT Zwierzę poruszyło się z (8, 3) na (9, 3)
16 Jan 2025 22:52:14 GMT Długość listy pozycji: 11
Lista pozycji zwierząt: {(2, 2)=[v], (5, 5)=[◤], (0, 2)=[◣], (9, 0)=[>], (8, 1)=[<], (9, 3)=[>], (8, 2)=[◤], (7, 2)=[◥], (7, 3)=[^], (5, 2)=[v], (5, 3)=[>]}
16 Jan 2025 22:52:14 GMT Zwierzę poruszyło się z (8, 0) na (9, 0)
16 Jan 2025 22:52:14 GMT Długość listy pozycji: 11
Lista pozycji zwierząt: {(2, 2)=[v], (5, 5)=[◤], (0, 2)=[◣], (9, 0)=[>], (8, 1)=[<], (9, 3)=[>], (8, 2)=[◤], (7, 2)=[◥], (5, 2)=[v], (6, 4)=[◤], (5, 3)=[>]}
16 Jan 2025 22:52:14 GMT Zwierzę poruszyło się z (7, 3) na (6, 4)
16 Jan 2025 22:52:15 GMT Zwierzę zjadło roślinkę na (2, 2)
16 Jan 2025 22:52:15 GMT Zwierzę zjadło roślinkę na (5, 5)
16 Jan 2025 22:52:15 GMT Zwierzę zjadło roślinkę na (8, 1)
16 Jan 2025 22:52:15 GMT Roślinka wyrosła na (2, 4)
16 Jan 2025 22:52:15 GMT Roślinka wyrosła na (4, 4)
16 Jan 2025 22:52:15 GMT Roślinka wyrosła na (7, 8)
16 Jan 2025 22:52:15 GMT Roślinka wyrosła na (0, 9)
16 Jan 2025 22:52:15 GMT Roślinka wyrosła na (4, 7)
16 Jan 2025 22:52:15 GMT Roślinka wyrosła na (4, 0)
16 Jan 2025 22:52:15 GMT Roślinka wyrosła na (1, 2)
16 Jan 2025 22:52:15 GMT Roślinka wyrosła na (9, 2)
16 Jan 2025 22:52:15 GMT Roślinka wyrosła na (2, 7)
16 Jan 2025 22:52:15 GMT Roślinka wyrosła na (5, 3)
16 Jan 2025 22:52:15 GMT Długość listy pozycji: 11
Lista pozycji zwierząt: {(2, 2)=[v], (5, 5)=[◤], (1, 2)=[>], (9, 0)=[>], (8, 1)=[<], (9, 3)=[>], (8, 2)=[◤], (7, 2)=[◥], (5, 2)=[v], (6, 4)=[◤], (5, 3)=[>]}
16 Jan 2025 22:52:15 GMT Zwierzę poruszyło się z (0, 2) na (1, 2)
16 Jan 2025 22:52:15 GMT Długość listy pozycji: 11
Lista pozycji zwierząt: {(2, 2)=[v], (4, 5)=[<], (1, 2)=[>], (9, 0)=[>], (8, 1)=[<], (9, 3)=[>], (8, 2)=[◤], (7, 2)=[◥], (5, 2)=[v], (6, 4)=[◤], (5, 3)=[>]}
16 Jan 2025 22:52:15 GMT Zwierzę poruszyło się z (5, 5) na (4, 5)
16 Jan 2025 22:52:15 GMT Długość listy pozycji: 11
Lista pozycji zwierząt: {(2, 1)=[v], (4, 5)=[<], (1, 2)=[>], (9, 0)=[>], (8, 1)=[<], (9, 3)=[>], (8, 2)=[◤], (7, 2)=[◥], (5, 2)=[v], (6, 4)=[◤], (5, 3)=[>]}
16 Jan 2025 22:52:15 GMT Zwierzę poruszyło się z (2, 2) na (2, 1)
16 Jan 2025 22:52:15 GMT Długość listy pozycji: 11
Lista pozycji zwierząt: {(2, 1)=[v], (4, 5)=[<], (1, 2)=[>], (9, 0)=[>], (8, 0)=[v], (9, 3)=[>], (8, 2)=[◤], (7, 2)=[◥], (5, 2)=[v], (6, 4)=[◤], (5, 3)=[>]}
16 Jan 2025 22:52:15 GMT Zwierzę poruszyło się z (8, 1) na (8, 0)
16 Jan 2025 22:52:15 GMT Długość listy pozycji: 10
Lista pozycji zwierząt: {(2, 1)=[v], (4, 5)=[<], (1, 2)=[>], (9, 0)=[>], (8, 0)=[v], (9, 3)=[>], (8, 2)=[◤], (7, 2)=[◥], (5, 2)=[v, v], (6, 4)=[◤]}
16 Jan 2025 22:52:15 GMT Zwierzę poruszyło się z (5, 3) na (5, 2)
16 Jan 2025 22:52:16 GMT Długość listy pozycji: 10
Lista pozycji zwierząt: {(2, 1)=[v], (4, 5)=[<], (1, 2)=[>], (9, 0)=[>], (8, 0)=[v], (9, 2)=[v], (8, 2)=[◤], (7, 2)=[◥], (5, 2)=[v, v], (6, 4)=[◤]}
16 Jan 2025 22:52:16 GMT Zwierzę poruszyło się z (9, 3) na (9, 2)
16 Jan 2025 22:52:16 GMT Długość listy pozycji: 10
Lista pozycji zwierząt: {(2, 1)=[v], (4, 5)=[<], (1, 2)=[>], (9, 0)=[^], (8, 0)=[v], (9, 2)=[v], (8, 2)=[◤], (7, 2)=[◥], (5, 2)=[v, v], (6, 4)=[◤]}
16 Jan 2025 22:52:16 GMT Zwierzę poruszyło się z (9, 0) na (9, 0)
16 Jan 2025 22:52:16 GMT Długość listy pozycji: 10
Lista pozycji zwierząt: {(5, 4)=[<], (2, 1)=[v], (4, 5)=[<], (1, 2)=[>], (9, 0)=[^], (8, 0)=[v], (9, 2)=[v], (8, 2)=[◤], (7, 2)=[◥], (5, 2)=[v, v]}
16 Jan 2025 22:52:16 GMT Zwierzę poruszyło się z (6, 4) na (5, 4)
16 Jan 2025 22:52:16 GMT Zwierzę zjadło roślinkę na (5, 4)
16 Jan 2025 22:52:16 GMT Zwierzę zjadło roślinkę na (2, 1)
16 Jan 2025 22:52:16 GMT Zwierzę zjadło roślinkę na (1, 2)
16 Jan 2025 22:52:16 GMT Zwierzę zjadło roślinkę na (9, 2)
16 Jan 2025 22:52:16 GMT Zwierze zostało położone na (5, 2)
16 Jan 2025 22:52:16 GMT Urodziło się nowe zwierzę na (5, 2)
16 Jan 2025 22:52:16 GMT Roślinka wyrosła na (3, 9)
16 Jan 2025 22:52:16 GMT Roślinka wyrosła na (8, 2)
16 Jan 2025 22:52:16 GMT Roślinka wyrosła na (7, 9)
16 Jan 2025 22:52:16 GMT Roślinka wyrosła na (7, 2)
16 Jan 2025 22:52:16 GMT Roślinka wyrosła na (2, 8)
16 Jan 2025 22:52:16 GMT Roślinka wyrosła na (6, 0)
16 Jan 2025 22:52:16 GMT Roślinka wyrosła na (5, 8)
16 Jan 2025 22:52:16 GMT Roślinka wyrosła na (0, 2)
16 Jan 2025 22:52:16 GMT Roślinka wyrosła na (1, 1)
16 Jan 2025 22:52:16 GMT Roślinka wyrosła na (3, 4)
16 Jan 2025 22:52:16 GMT Długość listy pozycji: 10
Lista pozycji zwierząt: {(5, 4)=[<], (2, 1)=[v], (4, 5)=[<], (0, 3)=[◤], (9, 0)=[^], (8, 0)=[v], (9, 2)=[v], (8, 2)=[◤], (7, 2)=[◥], (5, 2)=[>, v, v]}
16 Jan 2025 22:52:16 GMT Zwierzę poruszyło się z (1, 2) na (0, 3)
16 Jan 2025 22:52:17 GMT Długość listy pozycji: 10
Lista pozycji zwierząt: {(5, 4)=[<], (2, 1)=[v], (3, 4)=[◣], (0, 3)=[◤], (9, 0)=[^], (8, 0)=[v], (9, 2)=[v], (8, 2)=[◤], (7, 2)=[◥], (5, 2)=[>, v, v]}
16 Jan 2025 22:52:17 GMT Zwierzę poruszyło się z (4, 5) na (3, 4)
16 Jan 2025 22:52:17 GMT Długość listy pozycji: 10
Lista pozycji zwierząt: {(5, 4)=[<], (3, 4)=[◣], (0, 3)=[◤], (9, 0)=[^], (8, 0)=[v], (9, 2)=[v], (8, 2)=[◤], (7, 2)=[◥], (5, 2)=[>, v, v], (2, 0)=[v]}
16 Jan 2025 22:52:17 GMT Zwierzę poruszyło się z (2, 1) na (2, 0)
16 Jan 2025 22:52:17 GMT Długość listy pozycji: 9
Lista pozycji zwierząt: {(5, 4)=[<], (3, 4)=[◣], (0, 3)=[◤], (9, 0)=[>, ^], (9, 2)=[v], (8, 2)=[◤], (7, 2)=[◥], (5, 2)=[>, v, v], (2, 0)=[v]}
16 Jan 2025 22:52:17 GMT Zwierzę poruszyło się z (8, 0) na (9, 0)
16 Jan 2025 22:52:17 GMT Długość listy pozycji: 10
Lista pozycji zwierząt: {(5, 4)=[<], (3, 4)=[◣], (0, 3)=[◤], (9, 0)=[>, ^], (9, 2)=[v], (8, 2)=[◤], (7, 2)=[◥], (5, 2)=[>, v, <], (4, 2)=[<], (2, 0)=[v]}
16 Jan 2025 22:52:17 GMT Zwierzę poruszyło się z (5, 2) na (4, 2)
16 Jan 2025 22:52:17 GMT Długość listy pozycji: 9
Lista pozycji zwierząt: {(5, 4)=[<], (3, 4)=[◣], (0, 3)=[◤], (9, 0)=[>, ^], (8, 2)=[<, ◤], (7, 2)=[◥], (5, 2)=[>, v, <], (4, 2)=[<], (2, 0)=[v]}
16 Jan 2025 22:52:17 GMT Zwierzę poruszyło się z (9, 2) na (8, 2)
16 Jan 2025 22:52:17 GMT Długość listy pozycji: 10
Lista pozycji zwierząt: {(5, 4)=[<], (0, 0)=[>], (3, 4)=[◣], (0, 3)=[◤], (9, 0)=[>], (8, 2)=[<, ◤], (7, 2)=[◥], (5, 2)=[>, v, <], (4, 2)=[<], (2, 0)=[v]}
16 Jan 2025 22:52:17 GMT Zwierzę poruszyło się z (9, 0) na (0, 0)
16 Jan 2025 22:52:17 GMT Długość listy pozycji: 10
Lista pozycji zwierząt: {(4, 3)=[◣], (0, 0)=[>], (3, 4)=[◣], (0, 3)=[◤], (9, 0)=[>], (8, 2)=[<, ◤], (7, 2)=[◥], (5, 2)=[>, v, <], (4, 2)=[<], (2, 0)=[v]}
16 Jan 2025 22:52:17 GMT Zwierzę poruszyło się z (5, 4) na (4, 3)
16 Jan 2025 22:52:17 GMT Zwierzę zjadło roślinkę na (0, 0)
16 Jan 2025 22:52:17 GMT Zwierzę zjadło roślinkę na (3, 4)
16 Jan 2025 22:52:17 GMT Zwierzę zjadło roślinkę na (0, 3)
16 Jan 2025 22:52:17 GMT Zwierzę zjadło roślinkę na (8, 2)
16 Jan 2025 22:52:17 GMT Zwierzę zjadło roślinkę na (7, 2)
16 Jan 2025 22:52:17 GMT Zwierzę zjadło roślinkę na (2, 0)
16 Jan 2025 22:52:17 GMT Zwierze zostało położone na (8, 2)
16 Jan 2025 22:52:17 GMT Urodziło się nowe zwierzę na (8, 2)
16 Jan 2025 22:52:18 GMT Zwierze zostało położone na (5, 2)
16 Jan 2025 22:52:18 GMT Urodziło się nowe zwierzę na (5, 2)
16 Jan 2025 22:52:18 GMT Roślinka wyrosła na null
16 Jan 2025 22:52:18 GMT Roślinka wyrosła na null
16 Jan 2025 22:52:18 GMT Roślinka wyrosła na null
16 Jan 2025 22:52:18 GMT Roślinka wyrosła na null
16 Jan 2025 22:52:18 GMT Roślinka wyrosła na null
16 Jan 2025 22:52:18 GMT Roślinka wyrosła na null
16 Jan 2025 22:52:18 GMT Roślinka wyrosła na null
16 Jan 2025 22:52:18 GMT Roślinka wyrosła na null
16 Jan 2025 22:52:18 GMT Roślinka wyrosła na null
16 Jan 2025 22:52:18 GMT Roślinka wyrosła na null
16 Jan 2025 22:52:18 GMT Długość listy pozycji: 10
Lista pozycji zwierząt: {(4, 3)=[◣], (0, 0)=[>], (3, 4)=[◣], (0, 2)=[v], (9, 0)=[>], (8, 2)=[<, ◤, ◢], (7, 2)=[◥], (5, 2)=[>, >, v, <], (4, 2)=[<], (2, 0)=[v]}
16 Jan 2025 22:52:18 GMT Zwierzę poruszyło się z (0, 3) na (0, 2)
16 Jan 2025 22:52:18 GMT Długość listy pozycji: 10
Lista pozycji zwierząt: {(4, 3)=[◣], (3, 3)=[v], (0, 0)=[>], (0, 2)=[v], (9, 0)=[>], (8, 2)=[<, ◤, ◢], (7, 2)=[◥], (5, 2)=[>, >, v, <], (4, 2)=[<], (2, 0)=[v]}
16 Jan 2025 22:52:18 GMT Zwierzę poruszyło się z (3, 4) na (3, 3)
16 Jan 2025 22:52:18 GMT Długość listy pozycji: 10
Lista pozycji zwierząt: {(4, 3)=[◣], (3, 3)=[v], (0, 0)=[>], (0, 2)=[v], (9, 0)=[>], (8, 2)=[<, ◤, ◢], (7, 2)=[◥], (5, 2)=[>, >, v, <], (4, 2)=[<], (2, 0)=[^]}
16 Jan 2025 22:52:18 GMT Zwierzę poruszyło się z (2, 0) na (2, 0)
16 Jan 2025 22:52:18 GMT Długość listy pozycji: 10
Lista pozycji zwierząt: {(4, 3)=[◣], (3, 3)=[v], (0, 0)=[>], (0, 2)=[v], (9, 1)=[^], (8, 2)=[<, ◤, ◢], (7, 2)=[◥], (5, 2)=[>, >, v, <], (4, 2)=[<], (2, 0)=[^]}
16 Jan 2025 22:52:18 GMT Zwierzę poruszyło się z (9, 0) na (9, 1)
16 Jan 2025 22:52:18 GMT Długość listy pozycji: 9
Lista pozycji zwierząt: {(4, 3)=[◣, ^], (3, 3)=[v], (0, 0)=[>], (0, 2)=[v], (9, 1)=[^], (8, 2)=[<, ◤, ◢], (7, 2)=[◥], (5, 2)=[>, >, v, ^], (2, 0)=[^]}
16 Jan 2025 22:52:18 GMT Zwierzę poruszyło się z (4, 2) na (4, 3)
16 Jan 2025 22:52:18 GMT Długość listy pozycji: 10
Lista pozycji zwierząt: {(4, 3)=[◣, ^], (3, 3)=[v], (0, 0)=[>], (0, 2)=[v], (9, 1)=[^], (8, 2)=[^, ◤, ◢], (8, 3)=[^], (7, 2)=[◥], (5, 2)=[>, >, v, ^], (2, 0)=[^]}
16 Jan 2025 22:52:18 GMT Zwierzę poruszyło się z (8, 2) na (8, 3)
16 Jan 2025 22:52:19 GMT Długość listy pozycji: 10
Lista pozycji zwierząt: {(4, 3)=[◣, ^], (3, 3)=[v], (0, 0)=[^], (0, 2)=[v], (9, 1)=[^], (8, 2)=[^, ◤, ◢], (8, 3)=[^], (7, 2)=[◥], (5, 2)=[>, >, v, ^], (2, 0)=[^]}
16 Jan 2025 22:52:19 GMT Zwierzę poruszyło się z (0, 0) na (0, 0)
16 Jan 2025 22:52:19 GMT Długość listy pozycji: 11
Lista pozycji zwierząt: {(4, 3)=[^], (3, 3)=[v], (0, 0)=[^], (0, 2)=[v], (9, 1)=[^], (8, 2)=[^, ◤, ◢], (8, 3)=[^], (7, 2)=[◥], (5, 2)=[>, >, v, ^], (4, 2)=[v], (2, 0)=[^]}
16 Jan 2025 22:52:19 GMT Zwierzę poruszyło się z (4, 3) na (4, 2)
16 Jan 2025 22:52:19 GMT Zwierzę zjadło roślinkę na (3, 3)
16 Jan 2025 22:52:19 GMT Zwierzę zjadło roślinkę na (0, 2)
16 Jan 2025 22:52:19 GMT Zwierzę zjadło roślinkę na (8, 3)
16 Jan 2025 22:52:19 GMT Zwierze zostało położone na (8, 2)
16 Jan 2025 22:52:19 GMT Urodziło się nowe zwierzę na (8, 2)
16 Jan 2025 22:52:19 GMT Zwierze zostało położone na (5, 2)
16 Jan 2025 22:52:19 GMT Urodziło się nowe zwierzę na (5, 2)
16 Jan 2025 22:52:19 GMT Roślinka wyrosła na null
16 Jan 2025 22:52:19 GMT Roślinka wyrosła na null
16 Jan 2025 22:52:19 GMT Roślinka wyrosła na null
16 Jan 2025 22:52:19 GMT Roślinka wyrosła na null
16 Jan 2025 22:52:19 GMT Roślinka wyrosła na null
16 Jan 2025 22:52:19 GMT Roślinka wyrosła na null
16 Jan 2025 22:52:19 GMT Roślinka wyrosła na null
16 Jan 2025 22:52:19 GMT Roślinka wyrosła na null
16 Jan 2025 22:52:19 GMT Roślinka wyrosła na null
16 Jan 2025 22:52:19 GMT Roślinka wyrosła na null
16 Jan 2025 22:52:19 GMT Długość listy pozycji: 11
Lista pozycji zwierząt: {(4, 3)=[^], (3, 3)=[v], (0, 0)=[^], (1, 3)=[◥], (9, 1)=[^], (8, 2)=[◢, ^, ◤, ◢], (8, 3)=[^], (7, 2)=[◥], (5, 2)=[>, >, >, v, ^], (4, 2)=[v], (2, 0)=[^]}
16 Jan 2025 22:52:19 GMT Zwierzę poruszyło się z (0, 2) na (1, 3)
16 Jan 2025 22:52:19 GMT Długość listy pozycji: 10
Lista pozycji zwierząt: {(4, 3)=[^], (0, 0)=[^], (1, 3)=[◥], (9, 1)=[^], (8, 2)=[◢, ^, ◤, ◢], (8, 3)=[^], (7, 2)=[◥], (5, 2)=[>, >, >, v, ^], (4, 2)=[◢, v], (2, 0)=[^]}
16 Jan 2025 22:52:19 GMT Zwierzę poruszyło się z (3, 3) na (4, 2)
16 Jan 2025 22:52:20 GMT Długość listy pozycji: 10
Lista pozycji zwierząt: {(2, 1)=[^], (4, 3)=[^], (0, 0)=[^], (1, 3)=[◥], (9, 1)=[^], (8, 2)=[◢, ^, ◤, ◢], (8, 3)=[^], (7, 2)=[◥], (5, 2)=[>, >, >, v, ^], (4, 2)=[◢, v]}
16 Jan 2025 22:52:20 GMT Zwierzę poruszyło się z (2, 0) na (2, 1)
16 Jan 2025 22:52:20 GMT Długość listy pozycji: 10
Lista pozycji zwierząt: {(2, 1)=[^], (4, 3)=[^], (0, 0)=[^], (1, 3)=[◥], (8, 1)=[<], (8, 2)=[◢, ^, ◤, ◢], (8, 3)=[^], (7, 2)=[◥], (5, 2)=[>, >, >, v, ^], (4, 2)=[◢, v]}
16 Jan 2025 22:52:20 GMT Zwierzę poruszyło się z (9, 1) na (8, 1)
16 Jan 2025 22:52:20 GMT Długość listy pozycji: 10
Lista pozycji zwierząt: {(2, 1)=[^], (0, 0)=[^], (1, 3)=[◥], (8, 1)=[<], (8, 2)=[◢, ^, ◤, ◢], (8, 3)=[^], (7, 2)=[◥], (5, 2)=[>, >, >, v, >], (5, 3)=[>], (4, 2)=[◢, v]}
16 Jan 2025 22:52:20 GMT Zwierzę poruszyło się z (4, 3) na (5, 3)
16 Jan 2025 22:52:20 GMT Długość listy pozycji: 10
Lista pozycji zwierząt: {(2, 1)=[^], (0, 0)=[^], (1, 3)=[◥], (8, 1)=[<], (9, 3)=[>], (8, 2)=[◢, >, ◤, ◢], (7, 2)=[◥], (5, 2)=[>, >, >, v, >], (5, 3)=[>], (4, 2)=[◢, v]}
16 Jan 2025 22:52:20 GMT Zwierzę poruszyło się z (8, 3) na (9, 3)
16 Jan 2025 22:52:20 GMT Długość listy pozycji: 10
Lista pozycji zwierząt: {(1, 0)=[>], (2, 1)=[^], (1, 3)=[◥], (8, 1)=[<], (9, 3)=[>], (8, 2)=[◢, >, ◤, ◢], (7, 2)=[◥], (5, 2)=[>, >, >, v, >], (5, 3)=[>], (4, 2)=[◢, v]}
16 Jan 2025 22:52:20 GMT Zwierzę poruszyło się z (0, 0) na (1, 0)
16 Jan 2025 22:52:20 GMT Długość listy pozycji: 11
Lista pozycji zwierząt: {(1, 0)=[>], (2, 1)=[^], (1, 3)=[◥], (8, 1)=[<], (9, 3)=[>], (8, 2)=[◢, >, ◤, ◢], (7, 2)=[◥], (5, 1)=[◢], (5, 2)=[>, >, >, v, >], (5, 3)=[>], (4, 2)=[◢]}
16 Jan 2025 22:52:20 GMT Zwierzę poruszyło się z (4, 2) na (5, 1)
16 Jan 2025 22:52:20 GMT Zwierzę zjadło roślinkę na (1, 0)
16 Jan 2025 22:52:20 GMT Zwierzę zjadło roślinkę na (5, 1)
16 Jan 2025 22:52:20 GMT Zwierzę zjadło roślinkę na (5, 3)
16 Jan 2025 22:52:20 GMT Zwierze zostało położone na (8, 2)
16 Jan 2025 22:52:20 GMT Urodziło się nowe zwierzę na (8, 2)
16 Jan 2025 22:52:20 GMT Zwierze zostało położone na (5, 2)
16 Jan 2025 22:52:20 GMT Urodziło się nowe zwierzę na (5, 2)
16 Jan 2025 22:52:21 GMT Roślinka wyrosła na null
16 Jan 2025 22:52:21 GMT Roślinka wyrosła na null
16 Jan 2025 22:52:21 GMT Roślinka wyrosła na null
16 Jan 2025 22:52:21 GMT Roślinka wyrosła na null
16 Jan 2025 22:52:21 GMT Roślinka wyrosła na null
16 Jan 2025 22:52:21 GMT Roślinka wyrosła na null
16 Jan 2025 22:52:21 GMT Roślinka wyrosła na null
16 Jan 2025 22:52:21 GMT Roślinka wyrosła na null
16 Jan 2025 22:52:21 GMT Roślinka wyrosła na null
16 Jan 2025 22:52:21 GMT Roślinka wyrosła na null
16 Jan 2025 22:52:21 GMT Długość listy pozycji: 11
Lista pozycji zwierząt: {(1, 0)=[>], (2, 1)=[^], (0, 3)=[<], (8, 1)=[<], (9, 3)=[>], (8, 2)=[<, ◢, >, ◤, ◢], (7, 2)=[◥], (5, 1)=[◢], (5, 2)=[◢, >, >, >, v, >], (5, 3)=[>], (4, 2)=[◢]}
16 Jan 2025 22:52:21 GMT Zwierzę poruszyło się z (1, 3) na (0, 3)
16 Jan 2025 22:52:21 GMT Długość listy pozycji: 10
Lista pozycji zwierząt: {(1, 0)=[>], (2, 1)=[^], (0, 3)=[<], (8, 1)=[<], (9, 3)=[>], (8, 2)=[<, ◢, >, ◤, ◢], (7, 2)=[◥], (5, 1)=[◢], (5, 2)=[>, ◢, >, >, >, v, >], (5, 3)=[>]}
16 Jan 2025 22:52:21 GMT Zwierzę poruszyło się z (4, 2) na (5, 2)
16 Jan 2025 22:52:21 GMT Długość listy pozycji: 10
Lista pozycji zwierząt: {(1, 0)=[>], (2, 2)=[^], (0, 3)=[<], (8, 1)=[<], (9, 3)=[>], (8, 2)=[<, ◢, >, ◤, ◢], (7, 2)=[◥], (5, 1)=[◢], (5, 2)=[>, ◢, >, >, >, v, >], (5, 3)=[>]}
16 Jan 2025 22:52:21 GMT Zwierzę poruszyło się z (2, 1) na (2, 2)
16 Jan 2025 22:52:21 GMT Długość listy pozycji: 10
Lista pozycji zwierząt: {(1, 0)=[>], (2, 2)=[^], (0, 3)=[<], (8, 0)=[v], (9, 3)=[>], (8, 2)=[<, ◢, >, ◤, ◢], (7, 2)=[◥], (5, 1)=[◢], (5, 2)=[>, ◢, >, >, >, v, >], (5, 3)=[>]}
16 Jan 2025 22:52:21 GMT Zwierzę poruszyło się z (8, 1) na (8, 0)
16 Jan 2025 22:52:21 GMT Długość listy pozycji: 9
Lista pozycji zwierząt: {(1, 0)=[>], (2, 2)=[^], (0, 3)=[<], (8, 0)=[v], (9, 3)=[>], (8, 2)=[<, ◢, >, ◤, ◢], (7, 2)=[◥], (5, 1)=[◢], (5, 2)=[>, ◢, v, >, >, >, v, v]}
16 Jan 2025 22:52:21 GMT Zwierzę poruszyło się z (5, 3) na (5, 2)
16 Jan 2025 22:52:21 GMT Długość listy pozycji: 9
Lista pozycji zwierząt: {(1, 0)=[>], (2, 2)=[^], (0, 3)=[<], (8, 0)=[v], (9, 2)=[v], (8, 2)=[<, ◢, v, ◤, ◢], (7, 2)=[◥], (5, 1)=[◢], (5, 2)=[>, ◢, v, >, >, >, v, v]}
16 Jan 2025 22:52:21 GMT Zwierzę poruszyło się z (9, 3) na (9, 2)
16 Jan 2025 22:52:21 GMT Długość listy pozycji: 9
Lista pozycji zwierząt: {(1, 0)=[^], (2, 2)=[^], (0, 3)=[<], (8, 0)=[v], (9, 2)=[v], (8, 2)=[<, ◢, v, ◤, ◢], (7, 2)=[◥], (5, 1)=[◢], (5, 2)=[>, ◢, v, >, >, >, v, v]}
16 Jan 2025 22:52:21 GMT Zwierzę poruszyło się z (1, 0) na (1, 0)
16 Jan 2025 22:52:22 GMT Długość listy pozycji: 9
Lista pozycji zwierząt: {(1, 0)=[^], (2, 2)=[^], (0, 3)=[<], (8, 0)=[v], (9, 2)=[v], (8, 2)=[<, ◢, v, ◤, ◢], (6, 1)=[>], (7, 2)=[◥], (5, 2)=[>, ◢, v, >, >, >, v, v]}
16 Jan 2025 22:52:22 GMT Zwierzę poruszyło się z (5, 1) na (6, 1)
16 Jan 2025 22:52:22 GMT Zwierzę zjadło roślinkę na (6, 1)
16 Jan 2025 22:52:22 GMT Zwierze zostało położone na (8, 2)
16 Jan 2025 22:52:22 GMT Urodziło się nowe zwierzę na (8, 2)
16 Jan 2025 22:52:22 GMT Zwierze zostało położone na (5, 2)
16 Jan 2025 22:52:22 GMT Urodziło się nowe zwierzę na (5, 2)
16 Jan 2025 22:52:22 GMT Roślinka wyrosła na null
16 Jan 2025 22:52:22 GMT Roślinka wyrosła na null
16 Jan 2025 22:52:22 GMT Roślinka wyrosła na null
16 Jan 2025 22:52:22 GMT Roślinka wyrosła na null
16 Jan 2025 22:52:22 GMT Roślinka wyrosła na null
16 Jan 2025 22:52:22 GMT Roślinka wyrosła na null
16 Jan 2025 22:52:22 GMT Roślinka wyrosła na null
16 Jan 2025 22:52:22 GMT Roślinka wyrosła na null
16 Jan 2025 22:52:22 GMT Roślinka wyrosła na null
16 Jan 2025 22:52:22 GMT Roślinka wyrosła na null
16 Jan 2025 22:52:22 GMT Długość listy pozycji: 9
Lista pozycji zwierząt: {(1, 0)=[^], (2, 2)=[^], (1, 2)=[◢], (8, 0)=[v], (9, 2)=[v], (8, 2)=[◥, <, ◢, v, ◤, ◢], (6, 1)=[>], (7, 2)=[◥], (5, 2)=[>, ◢, >, v, >, >, >, v, v]}
16 Jan 2025 22:52:22 GMT Zwierzę poruszyło się z (0, 3) na (1, 2)
16 Jan 2025 22:52:22 GMT Długość listy pozycji: 10
Lista pozycji zwierząt: {(1, 0)=[^], (2, 2)=[^], (1, 2)=[◢], (8, 0)=[v], (9, 2)=[v], (8, 2)=[◥, <, ◢, v, ◤, ◢], (6, 1)=[>], (7, 2)=[◥], (6, 3)=[◥], (5, 2)=[◥, ◢, >, v, >, >, >, v, v]}
16 Jan 2025 22:52:22 GMT Zwierzę poruszyło się z (5, 2) na (6, 3)
16 Jan 2025 22:52:22 GMT Długość listy pozycji: 10
Lista pozycji zwierząt: {(1, 0)=[^], (2, 3)=[^], (1, 2)=[◢], (8, 0)=[v], (9, 2)=[v], (8, 2)=[◥, <, ◢, v, ◤, ◢], (6, 1)=[>], (7, 2)=[◥], (6, 3)=[◥], (5, 2)=[◥, ◢, >, v, >, >, >, v, v]}
16 Jan 2025 22:52:22 GMT Zwierzę poruszyło się z (2, 2) na (2, 3)
16 Jan 2025 22:52:23 GMT Długość listy pozycji: 10
Lista pozycji zwierząt: {(1, 0)=[^], (2, 3)=[^], (1, 2)=[◢], (9, 0)=[>], (9, 2)=[v], (8, 2)=[◥, <, ◢, v, ◤, ◢], (6, 1)=[>], (7, 2)=[◥], (6, 3)=[◥], (5, 2)=[◥, ◢, >, v, >, >, >, v, v]}
16 Jan 2025 22:52:23 GMT Zwierzę poruszyło się z (8, 0) na (9, 0)
16 Jan 2025 22:52:23 GMT Długość listy pozycji: 11
Lista pozycji zwierząt: {(1, 0)=[^], (2, 3)=[^], (1, 2)=[◢], (9, 0)=[>], (9, 2)=[v], (8, 2)=[◥, <, ◢, v, ◤, ◢], (6, 1)=[>], (7, 2)=[◥], (6, 3)=[◥], (5, 2)=[◥, ◢, >, >, >, >, v, <], (4, 2)=[<]}
16 Jan 2025 22:52:23 GMT Zwierzę poruszyło się z (5, 2) na (4, 2)
16 Jan 2025 22:52:23 GMT Długość listy pozycji: 10
Lista pozycji zwierząt: {(1, 0)=[^], (2, 3)=[^], (1, 2)=[◢], (9, 0)=[>], (8, 2)=[◥, <, <, ◢, <, ◤, ◢], (6, 1)=[>], (7, 2)=[◥], (6, 3)=[◥], (5, 2)=[◥, ◢, >, >, >, >, v, <], (4, 2)=[<]}
16 Jan 2025 22:52:23 GMT Zwierzę poruszyło się z (9, 2) na (8, 2)
16 Jan 2025 22:52:23 GMT Długość listy pozycji: 10
Lista pozycji zwierząt: {(2, 3)=[^], (1, 2)=[◢], (9, 0)=[>], (8, 2)=[◥, <, <, ◢, <, ◤, ◢], (6, 1)=[>], (7, 2)=[◥], (6, 3)=[◥], (5, 2)=[◥, ◢, >, >, >, >, v, <], (2, 0)=[>], (4, 2)=[<]}
16 Jan 2025 22:52:23 GMT Zwierzę poruszyło się z (1, 0) na (2, 0)
16 Jan 2025 22:52:23 GMT Długość listy pozycji: 9
Lista pozycji zwierząt: {(2, 3)=[^], (1, 2)=[◢], (9, 0)=[>], (8, 2)=[◥, <, <, ◢, <, ◤, ◢], (7, 2)=[◥, ◥], (6, 3)=[◥], (5, 2)=[◥, ◢, >, >, >, >, v, <], (2, 0)=[>], (4, 2)=[<]}
16 Jan 2025 22:52:23 GMT Zwierzę poruszyło się z (6, 1) na (7, 2)
16 Jan 2025 22:52:23 GMT Zwierzę zjadło roślinkę na (6, 3)
16 Jan 2025 22:52:23 GMT Zwierze zostało położone na (8, 2)
16 Jan 2025 22:52:23 GMT Urodziło się nowe zwierzę na (8, 2)
16 Jan 2025 22:52:23 GMT Zwierze zostało położone na (7, 2)
16 Jan 2025 22:52:23 GMT Urodziło się nowe zwierzę na (7, 2)
16 Jan 2025 22:52:23 GMT Zwierze zostało położone na (6, 3)
16 Jan 2025 22:52:23 GMT Urodziło się nowe zwierzę na (5, 2)
16 Jan 2025 22:52:23 GMT Roślinka wyrosła na null
16 Jan 2025 22:52:23 GMT Roślinka wyrosła na null
16 Jan 2025 22:52:23 GMT Roślinka wyrosła na null
16 Jan 2025 22:52:23 GMT Roślinka wyrosła na null
16 Jan 2025 22:52:23 GMT Roślinka wyrosła na null
16 Jan 2025 22:52:23 GMT Roślinka wyrosła na null
16 Jan 2025 22:52:23 GMT Roślinka wyrosła na null
16 Jan 2025 22:52:23 GMT Roślinka wyrosła na null
16 Jan 2025 22:52:24 GMT Roślinka wyrosła na null
16 Jan 2025 22:52:24 GMT Roślinka wyrosła na null
16 Jan 2025 22:52:24 GMT Długość listy pozycji: 9
Lista pozycji zwierząt: {(2, 3)=[^], (1, 3)=[^], (9, 0)=[>], (8, 2)=[v, ◥, <, <, ◢, <, ◤, ◢], (7, 2)=[◥, ◥, <], (6, 3)=[<, ◥], (5, 2)=[◥, ◢, >, >, >, >, v, <], (2, 0)=[>], (4, 2)=[<]}
16 Jan 2025 22:52:24 GMT Zwierzę poruszyło się z (1, 2) na (1, 3)
16 Jan 2025 22:52:24 GMT Długość listy pozycji: 10
Lista pozycji zwierząt: {(2, 3)=[^], (1, 3)=[^], (9, 0)=[>], (8, 2)=[v, ◥, <, <, ◢, <, ◤, ◢], (7, 2)=[◥, ◥, <], (6, 3)=[<], (5, 2)=[^, ◢, >, >, >, >, v, <], (6, 4)=[^], (2, 0)=[>], (4, 2)=[<]}
16 Jan 2025 22:52:24 GMT Zwierzę poruszyło się z (6, 3) na (6, 4)
16 Jan 2025 22:52:24 GMT Długość listy pozycji: 10
Lista pozycji zwierząt: {(2, 4)=[^], (1, 3)=[^], (9, 0)=[>], (8, 2)=[v, ◥, <, <, ◢, <, ◤, ◢], (7, 2)=[◥, ◥, <], (6, 3)=[<], (5, 2)=[^, ◢, >, >, >, >, v, <], (6, 4)=[^], (2, 0)=[>], (4, 2)=[<]}
16 Jan 2025 22:52:24 GMT Zwierzę poruszyło się z (2, 3) na (2, 4)
16 Jan 2025 22:52:24 GMT Długość listy pozycji: 10
Lista pozycji zwierząt: {(2, 4)=[^], (1, 3)=[^], (9, 1)=[^], (8, 2)=[v, ◥, <, <, ◢, <, ◤, ◢], (7, 2)=[◥, ◥, <], (6, 3)=[<], (5, 2)=[^, ◢, >, >, >, >, v, <], (6, 4)=[^], (2, 0)=[>], (4, 2)=[<]}
16 Jan 2025 22:52:24 GMT Zwierzę poruszyło się z (9, 0) na (9, 1)
16 Jan 2025 22:52:24 GMT Długość listy pozycji: 10
Lista pozycji zwierząt: {(4, 3)=[^], (2, 4)=[^], (1, 3)=[^], (9, 1)=[^], (8, 2)=[v, ◥, <, <, ◢, <, ◤, ◢], (7, 2)=[◥, ◥, <], (6, 3)=[<], (5, 2)=[^, ◢, >, >, >, >, v, ^], (6, 4)=[^], (2, 0)=[>]}
16 Jan 2025 22:52:24 GMT Zwierzę poruszyło się z (4, 2) na (4, 3)
16 Jan 2025 22:52:24 GMT Długość listy pozycji: 11
Lista pozycji zwierząt: {(4, 3)=[^], (2, 4)=[^], (1, 3)=[^], (9, 1)=[^], (8, 2)=[v, ◥, <, ◢, ^, ◤, ◢], (8, 3)=[^], (7, 2)=[◥, ◥, <], (6, 3)=[<], (5, 2)=[^, ◢, >, >, >, >, v, ^], (6, 4)=[^], (2, 0)=[>]}
16 Jan 2025 22:52:24 GMT Zwierzę poruszyło się z (8, 2) na (8, 3)
16 Jan 2025 22:52:24 GMT Długość listy pozycji: 11
Lista pozycji zwierząt: {(4, 3)=[^], (2, 4)=[^], (1, 3)=[^], (9, 1)=[^], (8, 2)=[v, ◥, <, ◢, ^, ◤, ◢], (8, 3)=[^], (7, 2)=[◥, ◥, <], (6, 3)=[<], (5, 2)=[^, ◢, >, >, >, >, v, ^], (6, 4)=[^], (2, 0)=[^]}
16 Jan 2025 22:52:24 GMT Zwierzę poruszyło się z (2, 0) na (2, 0)
16 Jan 2025 22:52:24 GMT Długość listy pozycji: 12
Lista pozycji zwierząt: {(4, 3)=[^], (2, 4)=[^], (1, 3)=[^], (9, 1)=[^], (8, 2)=[v, ◥, <, ◢, ^, ◤, ◢], (8, 3)=[^], (7, 2)=[^, ◥, <], (7, 3)=[^], (6, 3)=[<], (5, 2)=[^, ◢, >, >, >, >, v, ^], (6, 4)=[^], (2, 0)=[^]}
16 Jan 2025 22:52:24 GMT Zwierzę poruszyło się z (7, 2) na (7, 3)
16 Jan 2025 22:52:25 GMT Zwierzę zjadło roślinkę na (2, 4)
16 Jan 2025 22:52:25 GMT Zwierze zostało położone na (8, 2)
16 Jan 2025 22:52:25 GMT Urodziło się nowe zwierzę na (8, 2)
16 Jan 2025 22:52:25 GMT Zwierze zostało położone na (7, 2)
16 Jan 2025 22:52:25 GMT Urodziło się nowe zwierzę na (7, 2)
16 Jan 2025 22:52:25 GMT Zwierze zostało położone na (6, 4)
16 Jan 2025 22:52:25 GMT Urodziło się nowe zwierzę na (5, 2)
16 Jan 2025 22:52:25 GMT Zwierze zostało położone na (6, 4)
16 Jan 2025 22:52:25 GMT Urodziło się nowe zwierzę na (6, 4)
16 Jan 2025 22:52:25 GMT Roślinka wyrosła na null
16 Jan 2025 22:52:25 GMT Roślinka wyrosła na null
16 Jan 2025 22:52:25 GMT Roślinka wyrosła na null
16 Jan 2025 22:52:25 GMT Roślinka wyrosła na null
16 Jan 2025 22:52:25 GMT Roślinka wyrosła na null
16 Jan 2025 22:52:25 GMT Roślinka wyrosła na null
16 Jan 2025 22:52:25 GMT Roślinka wyrosła na null
16 Jan 2025 22:52:25 GMT Roślinka wyrosła na null
16 Jan 2025 22:52:25 GMT Roślinka wyrosła na null
16 Jan 2025 22:52:25 GMT Roślinka wyrosła na null
16 Jan 2025 22:52:25 GMT Zwierzę umarło na (6, 4)
16 Jan 2025 22:52:25 GMT Długość listy pozycji: 12
Lista pozycji zwierząt: {(4, 3)=[^], (0, 2)=[◣], (2, 4)=[^], (9, 1)=[^], (8, 2)=[◢, v, ◥, <, ◢, ^, ◤, ◢], (8, 3)=[^], (7, 2)=[^, ◥, v, <], (7, 3)=[^], (6, 3)=[<], (5, 2)=[^, ◢, >, >, >, >, v, ^], (6, 4)=[◥, ◢], (2, 0)=[^]}
16 Jan 2025 22:52:25 GMT Zwierzę poruszyło się z (1, 3) na (0, 2)
16 Jan 2025 22:52:25 GMT Długość listy pozycji: 12
Lista pozycji zwierząt: {(4, 3)=[^], (0, 2)=[◣], (2, 5)=[^], (9, 1)=[^], (8, 2)=[◢, v, ◥, <, ◢, ^, ◤, ◢], (8, 3)=[^], (7, 2)=[^, ◥, v, <], (7, 3)=[^], (6, 3)=[<], (5, 2)=[^, ◢, >, >, >, >, v, ^], (6, 4)=[◥, ◢], (2, 0)=[^]}
16 Jan 2025 22:52:25 GMT Zwierzę poruszyło się z (2, 4) na (2, 5)
16 Jan 2025 22:52:26 GMT Długość listy pozycji: 12
Lista pozycji zwierząt: {(4, 3)=[^], (0, 2)=[◣], (2, 5)=[^], (8, 1)=[<], (8, 2)=[◢, v, ◥, <, ◢, ^, ◤, ◢], (8, 3)=[^], (7, 2)=[^, ◥, v, <], (7, 3)=[^], (6, 3)=[<], (5, 2)=[^, ◢, >, >, >, >, v, ^], (6, 4)=[◥, ◢], (2, 0)=[^]}
16 Jan 2025 22:52:26 GMT Zwierzę poruszyło się z (9, 1) na (8, 1)
16 Jan 2025 22:52:26 GMT Długość listy pozycji: 12
Lista pozycji zwierząt: {(0, 2)=[◣], (2, 5)=[^], (8, 1)=[<], (8, 2)=[◢, v, ◥, <, ◢, ^, ◤, ◢], (8, 3)=[^], (7, 2)=[^, ◥, v, <], (7, 3)=[^], (6, 3)=[<], (5, 2)=[^, ◢, >, >, >, >, v, >], (5, 3)=[>], (6, 4)=[◥, ◢], (2, 0)=[^]}
16 Jan 2025 22:52:26 GMT Zwierzę poruszyło się z (4, 3) na (5, 3)
16 Jan 2025 22:52:26 GMT Długość listy pozycji: 12
Lista pozycji zwierząt: {(0, 2)=[◣], (2, 5)=[^], (8, 1)=[<], (9, 3)=[>], (8, 2)=[◢, v, ◥, <, ◢, >, ◤, ◢], (7, 2)=[^, ◥, v, <], (7, 3)=[^], (6, 3)=[<], (5, 2)=[^, ◢, >, >, >, >, v, >], (5, 3)=[>], (6, 4)=[◥, ◢], (2, 0)=[^]}
16 Jan 2025 22:52:26 GMT Zwierzę poruszyło się z (8, 3) na (9, 3)
16 Jan 2025 22:52:26 GMT Długość listy pozycji: 12
Lista pozycji zwierząt: {(0, 2)=[◣], (2, 5)=[^], (8, 1)=[<], (9, 3)=[>], (8, 2)=[◢, v, ◥, <, ◢, >, ◤, ◢], (7, 2)=[^, ◥, v, <], (7, 3)=[^], (3, 0)=[>], (6, 3)=[<], (5, 2)=[^, ◢, >, >, >, >, v, >], (5, 3)=[>], (6, 4)=[◥, ◢]}
16 Jan 2025 22:52:26 GMT Zwierzę poruszyło się z (2, 0) na (3, 0)
16 Jan 2025 22:52:26 GMT Długość listy pozycji: 11
Lista pozycji zwierząt: {(0, 2)=[◣], (2, 5)=[^], (8, 1)=[<], (9, 3)=[>], (8, 2)=[◢, v, ◥, <, ◢, >, ◤, ◢], (7, 2)=[◤, ◥, v, <], (3, 0)=[>], (6, 3)=[<], (5, 2)=[^, ◢, >, >, >, >, v, >], (5, 3)=[>], (6, 4)=[◥, ◤, ◢]}
16 Jan 2025 22:52:26 GMT Zwierzę poruszyło się z (7, 3) na (6, 4)
16 Jan 2025 22:52:26 GMT Zwierzę zjadło roślinkę na (3, 0)
16 Jan 2025 22:52:26 GMT Zwierze zostało położone na (8, 2)
16 Jan 2025 22:52:26 GMT Urodziło się nowe zwierzę na (8, 2)
16 Jan 2025 22:52:26 GMT Zwierze zostało położone na (6, 4)
16 Jan 2025 22:52:26 GMT Urodziło się nowe zwierzę na (7, 2)
16 Jan 2025 22:52:26 GMT Zwierze zostało położone na (5, 2)
16 Jan 2025 22:52:26 GMT Urodziło się nowe zwierzę na (5, 2)
16 Jan 2025 22:52:26 GMT Zwierze zostało położone na (6, 4)
16 Jan 2025 22:52:26 GMT Urodziło się nowe zwierzę na (6, 4)
16 Jan 2025 22:52:27 GMT Roślinka wyrosła na null
16 Jan 2025 22:52:27 GMT Roślinka wyrosła na null
16 Jan 2025 22:52:27 GMT Roślinka wyrosła na null
16 Jan 2025 22:52:27 GMT Roślinka wyrosła na null
16 Jan 2025 22:52:27 GMT Roślinka wyrosła na null
16 Jan 2025 22:52:27 GMT Roślinka wyrosła na null
16 Jan 2025 22:52:27 GMT Roślinka wyrosła na null
16 Jan 2025 22:52:27 GMT Roślinka wyrosła na null
16 Jan 2025 22:52:27 GMT Roślinka wyrosła na null
16 Jan 2025 22:52:27 GMT Roślinka wyrosła na null
16 Jan 2025 22:52:27 GMT Długość listy pozycji: 11
Lista pozycji zwierząt: {(1, 2)=[>], (2, 5)=[^], (8, 1)=[<], (9, 3)=[>], (8, 2)=[>, ◢, v, ◥, <, ◢, >, ◤, ◢], (7, 2)=[◤, ◥, v, <], (3, 0)=[>], (6, 3)=[<], (5, 2)=[^, ◢, ◥, >, >, >, >, v, >], (5, 3)=[>], (6, 4)=[◥, ◥, ◢, ◤, ◢]}
16 Jan 2025 22:52:27 GMT Zwierzę poruszyło się z (0, 2) na (1, 2)
16 Jan 2025 22:52:27 GMT Długość listy pozycji: 11
Lista pozycji zwierząt: {(1, 2)=[>], (2, 6)=[^], (8, 1)=[<], (9, 3)=[>], (8, 2)=[>, ◢, v, ◥, <, ◢, >, ◤, ◢], (7, 2)=[◤, ◥, v, <], (3, 0)=[>], (6, 3)=[<], (5, 2)=[^, ◢, ◥, >, >, >, >, v, >], (5, 3)=[>], (6, 4)=[◥, ◥, ◢, ◤, ◢]}
16 Jan 2025 22:52:27 GMT Zwierzę poruszyło się z (2, 5) na (2, 6)
16 Jan 2025 22:52:27 GMT Długość listy pozycji: 11
Lista pozycji zwierząt: {(1, 2)=[>], (2, 6)=[^], (8, 0)=[v], (9, 3)=[>], (8, 2)=[>, ◢, v, ◥, <, ◢, >, ◤, ◢], (7, 2)=[◤, ◥, v, <], (3, 0)=[>], (6, 3)=[<], (5, 2)=[^, ◢, ◥, >, >, >, >, v, >], (5, 3)=[>], (6, 4)=[◥, ◥, ◢, ◤, ◢]}
16 Jan 2025 22:52:27 GMT Zwierzę poruszyło się z (8, 1) na (8, 0)
16 Jan 2025 22:52:27 GMT Długość listy pozycji: 10
Lista pozycji zwierząt: {(1, 2)=[>], (2, 6)=[^], (8, 0)=[v], (9, 3)=[>], (8, 2)=[>, ◢, v, ◥, <, ◢, >, ◤, ◢], (7, 2)=[◤, ◥, v, <], (3, 0)=[>], (6, 3)=[<], (5, 2)=[^, ◢, ◥, v, >, >, >, >, v, v], (6, 4)=[◥, ◥, ◢, ◤, ◢]}
16 Jan 2025 22:52:27 GMT Zwierzę poruszyło się z (5, 3) na (5, 2)
16 Jan 2025 22:52:27 GMT Długość listy pozycji: 10
Lista pozycji zwierząt: {(1, 2)=[>], (2, 6)=[^], (8, 0)=[v], (9, 2)=[v], (8, 2)=[>, ◢, v, ◥, <, ◢, v, ◤, ◢], (7, 2)=[◤, ◥, v, <], (3, 0)=[>], (6, 3)=[<], (5, 2)=[^, ◢, ◥, v, >, >, >, >, v, v], (6, 4)=[◥, ◥, ◢, ◤, ◢]}
16 Jan 2025 22:52:27 GMT Zwierzę poruszyło się z (9, 3) na (9, 2)
16 Jan 2025 22:52:27 GMT Długość listy pozycji: 10
Lista pozycji zwierząt: {(1, 2)=[>], (2, 6)=[^], (8, 0)=[v], (9, 2)=[v], (8, 2)=[>, ◢, v, ◥, <, ◢, v, ◤, ◢], (7, 2)=[◤, ◥, v, <], (3, 0)=[^], (6, 3)=[<], (5, 2)=[^, ◢, ◥, v, >, >, >, >, v, v], (6, 4)=[◥, ◥, ◢, ◤, ◢]}
16 Jan 2025 22:52:27 GMT Zwierzę poruszyło się z (3, 0) na (3, 0)
16 Jan 2025 22:52:27 GMT Długość listy pozycji: 11
Lista pozycji zwierząt: {(5, 4)=[<], (1, 2)=[>], (2, 6)=[^], (8, 0)=[v], (9, 2)=[v], (8, 2)=[>, ◢, v, ◥, <, ◢, v, ◤, ◢], (7, 2)=[<, ◥, v, <], (3, 0)=[^], (6, 3)=[<], (5, 2)=[^, ◢, ◥, v, >, >, >, >, v, v], (6, 4)=[◥, ◥, ◢, ◢]}
16 Jan 2025 22:52:27 GMT Zwierzę poruszyło się z (6, 4) na (5, 4)
16 Jan 2025 22:52:28 GMT Zwierze zostało położone na (8, 2)
16 Jan 2025 22:52:28 GMT Urodziło się nowe zwierzę na (8, 2)
16 Jan 2025 22:52:28 GMT Zwierze zostało położone na (7, 2)
16 Jan 2025 22:52:28 GMT Urodziło się nowe zwierzę na (7, 2)
16 Jan 2025 22:52:28 GMT Zwierze zostało położone na (5, 2)
16 Jan 2025 22:52:28 GMT Urodziło się nowe zwierzę na (5, 2)
16 Jan 2025 22:52:28 GMT Zwierze zostało położone na (6, 4)
16 Jan 2025 22:52:28 GMT Urodziło się nowe zwierzę na (6, 4)
16 Jan 2025 22:52:28 GMT Roślinka wyrosła na null
16 Jan 2025 22:52:28 GMT Roślinka wyrosła na null
16 Jan 2025 22:52:28 GMT Roślinka wyrosła na null
16 Jan 2025 22:52:28 GMT Roślinka wyrosła na null
16 Jan 2025 22:52:28 GMT Roślinka wyrosła na null
16 Jan 2025 22:52:28 GMT Roślinka wyrosła na null
16 Jan 2025 22:52:28 GMT Roślinka wyrosła na null
16 Jan 2025 22:52:28 GMT Roślinka wyrosła na null
16 Jan 2025 22:52:28 GMT Roślinka wyrosła na null
16 Jan 2025 22:52:28 GMT Roślinka wyrosła na null
16 Jan 2025 22:52:28 GMT Długość listy pozycji: 11
Lista pozycji zwierząt: {(5, 4)=[<], (0, 3)=[◤], (2, 6)=[^], (8, 0)=[v], (9, 2)=[v], (8, 2)=[◥, >, ◢, v, ◥, <, ◢, v, ◤, ◢], (7, 2)=[◢, <, ◥, v, <], (3, 0)=[^], (6, 3)=[<], (5, 2)=[^, ◢, ◢, ◥, v, >, >, >, >, v, v], (6, 4)=[◥, ◥, ◥, ◢, ◢]}
16 Jan 2025 22:52:28 GMT Zwierzę poruszyło się z (1, 2) na (0, 3)
16 Jan 2025 22:52:28 GMT Długość listy pozycji: 11
Lista pozycji zwierząt: {(5, 4)=[<], (0, 3)=[◤], (2, 7)=[^], (8, 0)=[v], (9, 2)=[v], (8, 2)=[◥, >, ◢, v, ◥, <, ◢, v, ◤, ◢], (7, 2)=[◢, <, ◥, v, <], (3, 0)=[^], (6, 3)=[<], (5, 2)=[^, ◢, ◢, ◥, v, >, >, >, >, v, v], (6, 4)=[◥, ◥, ◥, ◢, ◢]}
16 Jan 2025 22:52:28 GMT Zwierzę poruszyło się z (2, 6) na (2, 7)
16 Jan 2025 22:52:28 GMT Długość listy pozycji: 11
Lista pozycji zwierząt: {(5, 4)=[<], (0, 3)=[◤], (2, 7)=[^], (9, 0)=[>], (9, 2)=[v], (8, 2)=[◥, >, ◢, v, ◥, <, ◢, v, ◤, ◢], (7, 2)=[◢, <, ◥, v, <], (3, 0)=[^], (6, 3)=[<], (5, 2)=[^, ◢, ◢, ◥, v, >, >, >, >, v, v], (6, 4)=[◥, ◥, ◥, ◢, ◢]}
16 Jan 2025 22:52:28 GMT Zwierzę poruszyło się z (8, 0) na (9, 0)
16 Jan 2025 22:52:29 GMT Długość listy pozycji: 12
Lista pozycji zwierząt: {(5, 4)=[<], (0, 3)=[◤], (2, 7)=[^], (9, 0)=[>], (9, 2)=[v], (8, 2)=[◥, >, ◢, v, ◥, <, ◢, v, ◤, ◢], (7, 2)=[◢, <, ◥, v, <], (3, 0)=[^], (6, 3)=[<], (5, 2)=[^, ◢, ◢, ◥, <, >, >, >, >, v, <], (4, 2)=[<], (6, 4)=[◥, ◥, ◥, ◢, ◢]}
16 Jan 2025 22:52:29 GMT Zwierzę poruszyło się z (5, 2) na (4, 2)
16 Jan 2025 22:52:29 GMT Długość listy pozycji: 11
Lista pozycji zwierząt: {(5, 4)=[<], (0, 3)=[◤], (2, 7)=[^], (9, 0)=[>], (8, 2)=[◥, <, >, ◢, v, ◥, <, ◢, <, ◤, ◢], (7, 2)=[◢, <, ◥, v, <], (3, 0)=[^], (6, 3)=[<], (5, 2)=[^, ◢, ◢, ◥, <, >, >, >, >, v, <], (4, 2)=[<], (6, 4)=[◥, ◥, ◥, ◢, ◢]}
16 Jan 2025 22:52:29 GMT Zwierzę poruszyło się z (9, 2) na (8, 2)
16 Jan 2025 22:52:29 GMT Długość listy pozycji: 11
Lista pozycji zwierząt: {(5, 4)=[<], (0, 3)=[◤], (2, 7)=[^], (9, 0)=[>], (8, 2)=[◥, <, >, ◢, v, ◥, <, ◢, <, ◤, ◢], (7, 2)=[◢, <, ◥, v, <], (4, 0)=[>], (6, 3)=[<], (5, 2)=[^, ◢, ◢, ◥, <, >, >, >, >, v, <], (4, 2)=[<], (6, 4)=[◥, ◥, ◥, ◢, ◢]}
16 Jan 2025 22:52:29 GMT Zwierzę poruszyło się z (3, 0) na (4, 0)
16 Jan 2025 22:52:29 GMT Długość listy pozycji: 11
Lista pozycji zwierząt: {(4, 3)=[◣], (0, 3)=[◤], (2, 7)=[^], (9, 0)=[>], (8, 2)=[◥, <, >, ◢, v, ◥, <, ◢, <, ◤, ◢], (7, 2)=[◢, ◣, ◥, v, <], (4, 0)=[>], (6, 3)=[<], (5, 2)=[^, ◢, ◢, ◥, <, >, >, >, >, v, <], (4, 2)=[<], (6, 4)=[◥, ◥, ◥, ◢, ◢]}
16 Jan 2025 22:52:29 GMT Zwierzę poruszyło się z (5, 4) na (4, 3)
16 Jan 2025 22:52:29 GMT Zwierzę zjadło roślinkę na (2, 7)
16 Jan 2025 22:52:29 GMT Zwierzę zjadło roślinkę na (4, 0)
16 Jan 2025 22:52:29 GMT Zwierze zostało położone na (8, 2)
16 Jan 2025 22:52:29 GMT Urodziło się nowe zwierzę na (8, 2)
16 Jan 2025 22:52:29 GMT Zwierze zostało położone na (7, 2)
16 Jan 2025 22:52:29 GMT Urodziło się nowe zwierzę na (7, 2)
16 Jan 2025 22:52:29 GMT Zwierze zostało położone na (4, 2)
16 Jan 2025 22:52:29 GMT Urodziło się nowe zwierzę na (5, 2)
16 Jan 2025 22:52:29 GMT Zwierze zostało położone na (4, 2)
16 Jan 2025 22:52:29 GMT Urodziło się nowe zwierzę na (4, 2)
16 Jan 2025 22:52:29 GMT Zwierze zostało położone na (6, 4)
16 Jan 2025 22:52:29 GMT Urodziło się nowe zwierzę na (6, 4)
16 Jan 2025 22:52:30 GMT Roślinka wyrosła na null
16 Jan 2025 22:52:30 GMT Roślinka wyrosła na null
16 Jan 2025 22:52:30 GMT Roślinka wyrosła na null
16 Jan 2025 22:52:30 GMT Roślinka wyrosła na null
16 Jan 2025 22:52:30 GMT Roślinka wyrosła na null
16 Jan 2025 22:52:30 GMT Roślinka wyrosła na null
16 Jan 2025 22:52:30 GMT Roślinka wyrosła na null
16 Jan 2025 22:52:30 GMT Roślinka wyrosła na null
16 Jan 2025 22:52:30 GMT Roślinka wyrosła na null
16 Jan 2025 22:52:30 GMT Roślinka wyrosła na null
16 Jan 2025 22:52:30 GMT Długość listy pozycji: 11
Lista pozycji zwierząt: {(4, 3)=[◣], (0, 2)=[v], (2, 7)=[^], (9, 0)=[>], (8, 2)=[>, ◥, <, >, ◢, v, ◥, <, ◢, <, ◤, ◢], (7, 2)=[v, ◢, ◣, ◥, v, <], (4, 0)=[>], (6, 3)=[<], (5, 2)=[^, ◢, ◢, ◥, <, >, >, >, >, v, <], (4, 2)=[^, ◥, <], (6, 4)=[<, ◥, ◥, ◥, ◢, ◢]}
16 Jan 2025 22:52:30 GMT Zwierzę poruszyło się z (0, 3) na (0, 2)
16 Jan 2025 22:52:30 GMT Długość listy pozycji: 11
Lista pozycji zwierząt: {(4, 3)=[◣], (0, 2)=[v], (2, 8)=[^], (9, 0)=[>], (8, 2)=[>, ◥, <, >, ◢, v, ◥, <, ◢, <, ◤, ◢], (7, 2)=[v, ◢, ◣, ◥, v, <], (4, 0)=[>], (6, 3)=[<], (5, 2)=[^, ◢, ◢, ◥, <, >, >, >, >, v, <], (4, 2)=[^, ◥, <], (6, 4)=[<, ◥, ◥, ◥, ◢, ◢]}
16 Jan 2025 22:52:30 GMT Zwierzę poruszyło się z (2, 7) na (2, 8)
16 Jan 2025 22:52:30 GMT Długość listy pozycji: 11
Lista pozycji zwierząt: {(4, 3)=[◣], (0, 2)=[v], (2, 8)=[^], (9, 1)=[^], (8, 2)=[>, ◥, <, >, ◢, v, ◥, <, ◢, <, ◤, ◢], (7, 2)=[v, ◢, ◣, ◥, v, <], (4, 0)=[>], (6, 3)=[<], (5, 2)=[^, ◢, ◢, ◥, <, >, >, >, >, v, <], (4, 2)=[^, ◥, <], (6, 4)=[<, ◥, ◥, ◥, ◢, ◢]}
16 Jan 2025 22:52:30 GMT Zwierzę poruszyło się z (9, 0) na (9, 1)
16 Jan 2025 22:52:30 GMT Długość listy pozycji: 11
Lista pozycji zwierząt: {(4, 3)=[◣, ^], (0, 2)=[v], (2, 8)=[^], (9, 1)=[^], (8, 2)=[>, ◥, <, >, ◢, v, ◥, <, ◢, <, ◤, ◢], (7, 2)=[v, ◢, ◣, ◥, v, <], (4, 0)=[>], (6, 3)=[<], (5, 2)=[^, ◢, ◢, ◥, ^, >, >, >, >, v, ^], (4, 2)=[^, ◥, ^], (6, 4)=[<, ◥, ◥, ◥, ◢, ◢]}
16 Jan 2025 22:52:30 GMT Zwierzę poruszyło się z (4, 2) na (4, 3)
16 Jan 2025 22:52:30 GMT Długość listy pozycji: 12
Lista pozycji zwierząt: {(4, 3)=[◣, ^], (0, 2)=[v], (2, 8)=[^], (9, 1)=[^], (8, 2)=[>, ◥, >, ◢, v, ◥, <, ◢, ^, ◤, ◢], (8, 3)=[^], (7, 2)=[v, ◢, ◣, ◥, v, <], (4, 0)=[>], (6, 3)=[<], (5, 2)=[^, ◢, ◢, ◥, ^, >, >, >, >, v, ^], (4, 2)=[^, ◥, ^], (6, 4)=[<, ◥, ◥, ◥, ◢, ◢]}
16 Jan 2025 22:52:30 GMT Zwierzę poruszyło się z (8, 2) na (8, 3)
16 Jan 2025 22:52:30 GMT Długość listy pozycji: 12
Lista pozycji zwierząt: {(4, 3)=[◣, ^], (0, 2)=[v], (2, 8)=[^], (9, 1)=[^], (8, 2)=[>, ◥, >, ◢, v, ◥, <, ◢, ^, ◤, ◢], (8, 3)=[^], (7, 2)=[v, ◢, ◣, ◥, v, <], (4, 0)=[^], (6, 3)=[<], (5, 2)=[^, ◢, ◢, ◥, ^, >, >, >, >, v, ^], (4, 2)=[^, ◥, ^], (6, 4)=[<, ◥, ◥, ◥, ◢, ◢]}
16 Jan 2025 22:52:30 GMT Zwierzę poruszyło się z (4, 0) na (4, 0)
16 Jan 2025 22:52:30 GMT Długość listy pozycji: 12
Lista pozycji zwierząt: {(4, 3)=[^], (0, 2)=[v], (2, 8)=[^], (9, 1)=[^], (8, 2)=[>, ◥, >, ◢, v, ◥, <, ◢, ^, ◤, ◢], (8, 3)=[^], (7, 2)=[v, ◢, v, ◥, v, <], (4, 0)=[^], (6, 3)=[<], (5, 2)=[^, ◢, ◢, ◥, ^, >, >, >, >, v, ^], (4, 2)=[^, v, ◥, ^], (6, 4)=[<, ◥, ◥, ◥, ◢, ◢]}
16 Jan 2025 22:52:30 GMT Zwierzę poruszyło się z (4, 3) na (4, 2)
16 Jan 2025 22:52:31 GMT Zwierzę zjadło roślinkę na (2, 8)
16 Jan 2025 22:52:31 GMT Zwierze zostało położone na (8, 2)
16 Jan 2025 22:52:31 GMT Urodziło się nowe zwierzę na (8, 2)
16 Jan 2025 22:52:32 GMT Zwierze zostało położone na (7, 2)
16 Jan 2025 22:52:32 GMT Urodziło się nowe zwierzę na (7, 2)
