18 Jan 2025 21:59:01 GMT Zwierze zostało położone na (5, 1)
18 Jan 2025 21:59:01 GMT Zwierze zostało położone na (1, 1)
18 Jan 2025 21:59:01 GMT Zwierze zostało położone na (6, 4)
18 Jan 2025 21:59:01 GMT Zwierze zostało położone na (6, 2)
18 Jan 2025 21:59:01 GMT Zwierze zostało położone na (3, 7)
18 Jan 2025 21:59:01 GMT Zwierze zostało położone na (3, 2)
18 Jan 2025 21:59:01 GMT Zwierze zostało położone na (7, 5)
18 Jan 2025 21:59:01 GMT Zwierze zostało położone na (9, 2)
18 Jan 2025 21:59:01 GMT Zwierze zostało położone na (2, 1)
18 Jan 2025 21:59:01 GMT Zwierze zostało położone na (8, 0)
18 Jan 2025 21:59:02 GMT Długość listy pozycji: 10
Lista pozycji zwierząt: {(2, 1)=[v], (3, 2)=[◣], (1, 1)=[◢], (3, 7)=[<], (8, 0)=[^], (9, 2)=[>], (6, 2)=[◣], (4, 1)=[<], (7, 5)=[v], (6, 4)=[>]}
18 Jan 2025 21:59:02 GMT Zwierzę poruszyło się z (5, 1) na (4, 1)
18 Jan 2025 21:59:02 GMT Długość listy pozycji: 10
Lista pozycji zwierząt: {(2, 1)=[v], (3, 2)=[◣], (0, 1)=[<], (3, 7)=[<], (8, 0)=[^], (9, 2)=[>], (6, 2)=[◣], (4, 1)=[<], (7, 5)=[v], (6, 4)=[>]}
18 Jan 2025 21:59:02 GMT Zwierzę poruszyło się z (1, 1) na (0, 1)
18 Jan 2025 21:59:02 GMT Długość listy pozycji: 10
Lista pozycji zwierząt: {(2, 1)=[v], (3, 2)=[◣], (0, 1)=[<], (3, 7)=[<], (8, 0)=[^], (9, 2)=[>], (6, 2)=[◣], (6, 3)=[v], (4, 1)=[<], (7, 5)=[v]}
18 Jan 2025 21:59:02 GMT Zwierzę poruszyło się z (6, 4) na (6, 3)
18 Jan 2025 21:59:02 GMT Długość listy pozycji: 10
Lista pozycji zwierząt: {(2, 1)=[v], (3, 2)=[◣], (0, 1)=[<], (3, 7)=[<], (8, 0)=[^], (9, 2)=[>], (7, 2)=[>], (6, 3)=[v], (4, 1)=[<], (7, 5)=[v]}
18 Jan 2025 21:59:02 GMT Zwierzę poruszyło się z (6, 2) na (7, 2)
18 Jan 2025 21:59:02 GMT Długość listy pozycji: 10
Lista pozycji zwierząt: {(2, 1)=[v], (3, 2)=[◣], (0, 1)=[<], (3, 6)=[v], (8, 0)=[^], (9, 2)=[>], (7, 2)=[>], (6, 3)=[v], (4, 1)=[<], (7, 5)=[v]}
18 Jan 2025 21:59:02 GMT Zwierzę poruszyło się z (3, 7) na (3, 6)
18 Jan 2025 21:59:02 GMT Długość listy pozycji: 10
Lista pozycji zwierząt: {(2, 1)=[v], (0, 1)=[<], (3, 6)=[v], (8, 0)=[^], (9, 2)=[>], (7, 2)=[>], (6, 3)=[v], (4, 1)=[<], (4, 2)=[>], (7, 5)=[v]}
18 Jan 2025 21:59:02 GMT Zwierzę poruszyło się z (3, 2) na (4, 2)
18 Jan 2025 21:59:02 GMT Długość listy pozycji: 10
Lista pozycji zwierząt: {(7, 6)=[^], (2, 1)=[v], (0, 1)=[<], (3, 6)=[v], (8, 0)=[^], (9, 2)=[>], (7, 2)=[>], (6, 3)=[v], (4, 1)=[<], (4, 2)=[>]}
18 Jan 2025 21:59:02 GMT Zwierzę poruszyło się z (7, 5) na (7, 6)
18 Jan 2025 21:59:02 GMT Długość listy pozycji: 10
Lista pozycji zwierząt: {(7, 6)=[^], (2, 1)=[v], (0, 1)=[<], (3, 6)=[v], (9, 1)=[v], (8, 0)=[^], (7, 2)=[>], (6, 3)=[v], (4, 1)=[<], (4, 2)=[>]}
18 Jan 2025 21:59:02 GMT Zwierzę poruszyło się z (9, 2) na (9, 1)
18 Jan 2025 21:59:02 GMT Długość listy pozycji: 10
Lista pozycji zwierząt: {(7, 6)=[^], (2, 2)=[^], (0, 1)=[<], (3, 6)=[v], (9, 1)=[v], (8, 0)=[^], (7, 2)=[>], (6, 3)=[v], (4, 1)=[<], (4, 2)=[>]}
18 Jan 2025 21:59:02 GMT Zwierzę poruszyło się z (2, 1) na (2, 2)
18 Jan 2025 21:59:03 GMT Długość listy pozycji: 10
Lista pozycji zwierząt: {(7, 6)=[^], (2, 2)=[^], (0, 1)=[<], (3, 6)=[v], (9, 1)=[v], (8, 1)=[^], (7, 2)=[>], (6, 3)=[v], (4, 1)=[<], (4, 2)=[>]}
18 Jan 2025 21:59:03 GMT Zwierzę poruszyło się z (8, 0) na (8, 1)
18 Jan 2025 21:59:03 GMT Roślinka wyrosła na (3, 3)
18 Jan 2025 21:59:03 GMT Roślinka wyrosła na (3, 9)
18 Jan 2025 21:59:03 GMT Roślinka wyrosła na (2, 2)
18 Jan 2025 21:59:03 GMT Roślinka wyrosła na (1, 0)
18 Jan 2025 21:59:03 GMT Roślinka wyrosła na (5, 7)
18 Jan 2025 21:59:03 GMT Roślinka wyrosła na (3, 6)
18 Jan 2025 21:59:03 GMT Roślinka wyrosła na (1, 4)
18 Jan 2025 21:59:03 GMT Roślinka wyrosła na (6, 5)
18 Jan 2025 21:59:03 GMT Roślinka wyrosła na (9, 8)
18 Jan 2025 21:59:03 GMT Roślinka wyrosła na (6, 6)
18 Jan 2025 21:59:03 GMT Długość listy pozycji: 10
Lista pozycji zwierząt: {(7, 6)=[^], (2, 2)=[^], (0, 1)=[<], (3, 6)=[v], (9, 1)=[v], (8, 1)=[^], (7, 2)=[>], (5, 2)=[◥], (6, 3)=[v], (4, 2)=[>]}
18 Jan 2025 21:59:03 GMT Zwierzę poruszyło się z (4, 1) na (5, 2)
18 Jan 2025 21:59:03 GMT Długość listy pozycji: 10
Lista pozycji zwierząt: {(7, 6)=[^], (2, 2)=[^], (1, 2)=[◥], (3, 6)=[v], (9, 1)=[v], (8, 1)=[^], (7, 2)=[>], (5, 2)=[◥], (6, 3)=[v], (4, 2)=[>]}
18 Jan 2025 21:59:03 GMT Zwierzę poruszyło się z (0, 1) na (1, 2)
18 Jan 2025 21:59:03 GMT Długość listy pozycji: 10
Lista pozycji zwierząt: {(7, 6)=[^], (2, 2)=[^], (1, 2)=[◥], (3, 6)=[v], (9, 1)=[v], (8, 1)=[^], (7, 2)=[>], (5, 2)=[◥], (5, 3)=[<], (4, 2)=[>]}
18 Jan 2025 21:59:03 GMT Zwierzę poruszyło się z (6, 3) na (5, 3)
18 Jan 2025 21:59:03 GMT Długość listy pozycji: 10
Lista pozycji zwierząt: {(7, 6)=[^], (2, 2)=[^], (1, 2)=[◥], (3, 6)=[v], (9, 1)=[v], (8, 1)=[^], (6, 3)=[◤], (5, 2)=[◥], (5, 3)=[<], (4, 2)=[>]}
18 Jan 2025 21:59:03 GMT Zwierzę poruszyło się z (7, 2) na (6, 3)
18 Jan 2025 21:59:04 GMT Długość listy pozycji: 10
Lista pozycji zwierząt: {(7, 6)=[^], (2, 2)=[^], (1, 2)=[◥], (4, 6)=[>], (9, 1)=[v], (8, 1)=[^], (6, 3)=[◤], (5, 2)=[◥], (5, 3)=[<], (4, 2)=[>]}
18 Jan 2025 21:59:04 GMT Zwierzę poruszyło się z (3, 6) na (4, 6)
18 Jan 2025 21:59:04 GMT Długość listy pozycji: 10
Lista pozycji zwierząt: {(7, 6)=[^], (3, 3)=[◤], (2, 2)=[^], (1, 2)=[◥], (4, 6)=[>], (9, 1)=[v], (8, 1)=[^], (6, 3)=[◤], (5, 2)=[◥], (5, 3)=[<]}
18 Jan 2025 21:59:04 GMT Zwierzę poruszyło się z (4, 2) na (3, 3)
18 Jan 2025 21:59:04 GMT Długość listy pozycji: 10
Lista pozycji zwierząt: {(3, 3)=[◤], (2, 2)=[^], (1, 2)=[◥], (4, 6)=[>], (9, 1)=[v], (8, 1)=[^], (6, 3)=[◤], (5, 2)=[◥], (7, 5)=[v], (5, 3)=[<]}
18 Jan 2025 21:59:04 GMT Zwierzę poruszyło się z (7, 6) na (7, 5)
18 Jan 2025 21:59:04 GMT Długość listy pozycji: 9
Lista pozycji zwierząt: {(3, 3)=[◤], (2, 2)=[^], (1, 2)=[◥], (4, 6)=[>], (8, 1)=[^, <], (6, 3)=[◤], (5, 2)=[◥], (7, 5)=[v], (5, 3)=[<]}
18 Jan 2025 21:59:04 GMT Zwierzę poruszyło się z (9, 1) na (8, 1)
18 Jan 2025 21:59:04 GMT Długość listy pozycji: 9
Lista pozycji zwierząt: {(2, 1)=[v], (3, 3)=[◤], (1, 2)=[◥], (4, 6)=[>], (8, 1)=[^, <], (6, 3)=[◤], (5, 2)=[◥], (7, 5)=[v], (5, 3)=[<]}
18 Jan 2025 21:59:04 GMT Zwierzę poruszyło się z (2, 2) na (2, 1)
18 Jan 2025 21:59:04 GMT Długość listy pozycji: 10
Lista pozycji zwierząt: {(2, 1)=[v], (3, 3)=[◤], (1, 2)=[◥], (4, 6)=[>], (8, 1)=[<], (8, 2)=[^], (6, 3)=[◤], (5, 2)=[◥], (7, 5)=[v], (5, 3)=[<]}
18 Jan 2025 21:59:04 GMT Zwierzę poruszyło się z (8, 1) na (8, 2)
18 Jan 2025 21:59:04 GMT Zwierzę zjadło roślinkę na (3, 3)
18 Jan 2025 21:59:04 GMT Zwierzę zjadło roślinkę na (1, 2)
18 Jan 2025 21:59:04 GMT Zwierzę zjadło roślinkę na (4, 6)
18 Jan 2025 21:59:04 GMT Roślinka wyrosła na (3, 5)
18 Jan 2025 21:59:04 GMT Roślinka wyrosła na (5, 1)
18 Jan 2025 21:59:04 GMT Roślinka wyrosła na (4, 8)
18 Jan 2025 21:59:04 GMT Roślinka wyrosła na (9, 5)
18 Jan 2025 21:59:04 GMT Roślinka wyrosła na (8, 5)
18 Jan 2025 21:59:04 GMT Roślinka wyrosła na (9, 9)
18 Jan 2025 21:59:04 GMT Roślinka wyrosła na (6, 9)
18 Jan 2025 21:59:04 GMT Roślinka wyrosła na (6, 8)
18 Jan 2025 21:59:04 GMT Roślinka wyrosła na (7, 6)
18 Jan 2025 21:59:04 GMT Roślinka wyrosła na (5, 6)
18 Jan 2025 21:59:05 GMT Długość listy pozycji: 10
Lista pozycji zwierząt: {(2, 1)=[v], (3, 3)=[◤], (1, 2)=[◥], (4, 6)=[>], (8, 1)=[<], (8, 2)=[^], (5, 1)=[v], (6, 3)=[◤], (7, 5)=[v], (5, 3)=[<]}
18 Jan 2025 21:59:05 GMT Zwierzę poruszyło się z (5, 2) na (5, 1)
18 Jan 2025 21:59:05 GMT Długość listy pozycji: 10
Lista pozycji zwierząt: {(2, 1)=[v], (1, 1)=[v], (3, 3)=[◤], (4, 6)=[>], (8, 1)=[<], (8, 2)=[^], (5, 1)=[v], (6, 3)=[◤], (7, 5)=[v], (5, 3)=[<]}
18 Jan 2025 21:59:05 GMT Zwierzę poruszyło się z (1, 2) na (1, 1)
18 Jan 2025 21:59:05 GMT Długość listy pozycji: 10
Lista pozycji zwierząt: {(5, 4)=[^], (2, 1)=[v], (1, 1)=[v], (3, 3)=[◤], (4, 6)=[>], (8, 1)=[<], (8, 2)=[^], (5, 1)=[v], (6, 3)=[◤], (7, 5)=[v]}
18 Jan 2025 21:59:05 GMT Zwierzę poruszyło się z (5, 3) na (5, 4)
18 Jan 2025 21:59:05 GMT Długość listy pozycji: 10
Lista pozycji zwierząt: {(5, 4)=[^], (2, 1)=[v], (1, 1)=[v], (3, 3)=[◤], (4, 6)=[>], (8, 1)=[<], (8, 2)=[^], (6, 2)=[v], (5, 1)=[v], (7, 5)=[v]}
18 Jan 2025 21:59:05 GMT Zwierzę poruszyło się z (6, 3) na (6, 2)
18 Jan 2025 21:59:05 GMT Długość listy pozycji: 10
Lista pozycji zwierząt: {(5, 4)=[^], (2, 1)=[v], (1, 1)=[v], (3, 3)=[◤], (4, 7)=[^], (8, 1)=[<], (8, 2)=[^], (6, 2)=[v], (5, 1)=[v], (7, 5)=[v]}
18 Jan 2025 21:59:05 GMT Zwierzę poruszyło się z (4, 6) na (4, 7)
18 Jan 2025 21:59:05 GMT Długość listy pozycji: 10
Lista pozycji zwierząt: {(3, 2)=[v], (5, 4)=[^], (2, 1)=[v], (1, 1)=[v], (4, 7)=[^], (8, 1)=[<], (8, 2)=[^], (6, 2)=[v], (5, 1)=[v], (7, 5)=[v]}
18 Jan 2025 21:59:05 GMT Zwierzę poruszyło się z (3, 3) na (3, 2)
18 Jan 2025 21:59:05 GMT Długość listy pozycji: 10
Lista pozycji zwierząt: {(7, 6)=[^], (3, 2)=[v], (5, 4)=[^], (2, 1)=[v], (1, 1)=[v], (4, 7)=[^], (8, 1)=[<], (8, 2)=[^], (6, 2)=[v], (5, 1)=[v]}
18 Jan 2025 21:59:05 GMT Zwierzę poruszyło się z (7, 5) na (7, 6)
18 Jan 2025 21:59:05 GMT Długość listy pozycji: 9
Lista pozycji zwierząt: {(7, 6)=[^], (3, 2)=[v], (5, 4)=[^], (2, 1)=[v], (1, 1)=[v], (4, 7)=[^], (8, 2)=[^, ^], (6, 2)=[v], (5, 1)=[v]}
18 Jan 2025 21:59:05 GMT Zwierzę poruszyło się z (8, 1) na (8, 2)
18 Jan 2025 21:59:05 GMT Długość listy pozycji: 9
Lista pozycji zwierząt: {(7, 6)=[^], (3, 2)=[v], (5, 4)=[^], (2, 2)=[^], (1, 1)=[v], (4, 7)=[^], (8, 2)=[^, ^], (6, 2)=[v], (5, 1)=[v]}
18 Jan 2025 21:59:05 GMT Zwierzę poruszyło się z (2, 1) na (2, 2)
18 Jan 2025 21:59:06 GMT Długość listy pozycji: 10
Lista pozycji zwierząt: {(7, 6)=[^], (3, 2)=[v], (5, 4)=[^], (2, 2)=[^], (1, 1)=[v], (4, 7)=[^], (8, 2)=[^], (8, 3)=[^], (6, 2)=[v], (5, 1)=[v]}
18 Jan 2025 21:59:06 GMT Zwierzę poruszyło się z (8, 2) na (8, 3)
18 Jan 2025 21:59:06 GMT Zwierzę zjadło roślinkę na (7, 6)
18 Jan 2025 21:59:06 GMT Zwierzę zjadło roślinkę na (2, 2)
18 Jan 2025 21:59:06 GMT Zwierzę zjadło roślinkę na (5, 1)
18 Jan 2025 21:59:06 GMT Roślinka wyrosła na (7, 5)
18 Jan 2025 21:59:06 GMT Roślinka wyrosła na (5, 8)
18 Jan 2025 21:59:06 GMT Roślinka wyrosła na (4, 5)
18 Jan 2025 21:59:06 GMT Roślinka wyrosła na (0, 5)
18 Jan 2025 21:59:06 GMT Roślinka wyrosła na (0, 6)
18 Jan 2025 21:59:06 GMT Roślinka wyrosła na (5, 5)
18 Jan 2025 21:59:06 GMT Roślinka wyrosła na (2, 6)
18 Jan 2025 21:59:06 GMT Roślinka wyrosła na (9, 0)
18 Jan 2025 21:59:06 GMT Roślinka wyrosła na (4, 4)
18 Jan 2025 21:59:06 GMT Roślinka wyrosła na (0, 4)
18 Jan 2025 21:59:06 GMT Długość listy pozycji: 10
Lista pozycji zwierząt: {(7, 6)=[^], (3, 2)=[v], (5, 4)=[^], (2, 2)=[^], (1, 1)=[v], (4, 7)=[^], (8, 2)=[^], (8, 3)=[^], (6, 2)=[v], (4, 2)=[◤]}
18 Jan 2025 21:59:06 GMT Zwierzę poruszyło się z (5, 1) na (4, 2)
18 Jan 2025 21:59:06 GMT Długość listy pozycji: 10
Lista pozycji zwierząt: {(7, 6)=[^], (3, 2)=[v], (5, 4)=[^], (2, 2)=[^], (0, 2)=[◤], (4, 7)=[^], (8, 2)=[^], (8, 3)=[^], (6, 2)=[v], (4, 2)=[◤]}
18 Jan 2025 21:59:06 GMT Zwierzę poruszyło się z (1, 1) na (0, 2)
18 Jan 2025 21:59:06 GMT Długość listy pozycji: 10
Lista pozycji zwierząt: {(7, 6)=[^], (3, 2)=[v], (2, 2)=[^], (0, 2)=[◤], (4, 7)=[^], (8, 2)=[^], (8, 3)=[^], (6, 2)=[v], (6, 4)=[>], (4, 2)=[◤]}
18 Jan 2025 21:59:06 GMT Zwierzę poruszyło się z (5, 4) na (6, 4)
18 Jan 2025 21:59:06 GMT Długość listy pozycji: 10
Lista pozycji zwierząt: {(7, 6)=[^], (3, 2)=[v], (2, 2)=[^], (0, 2)=[◤], (4, 7)=[^], (8, 2)=[^], (8, 3)=[^], (7, 3)=[◥], (6, 4)=[>], (4, 2)=[◤]}
18 Jan 2025 21:59:06 GMT Zwierzę poruszyło się z (6, 2) na (7, 3)
18 Jan 2025 21:59:07 GMT Długość listy pozycji: 10
Lista pozycji zwierząt: {(7, 6)=[^], (3, 2)=[v], (2, 2)=[^], (0, 2)=[◤], (3, 7)=[<], (8, 2)=[^], (8, 3)=[^], (7, 3)=[◥], (6, 4)=[>], (4, 2)=[◤]}
18 Jan 2025 21:59:07 GMT Zwierzę poruszyło się z (4, 7) na (3, 7)
18 Jan 2025 21:59:07 GMT Długość listy pozycji: 10
Lista pozycji zwierząt: {(4, 3)=[◥], (7, 6)=[^], (2, 2)=[^], (0, 2)=[◤], (3, 7)=[<], (8, 2)=[^], (8, 3)=[^], (7, 3)=[◥], (6, 4)=[>], (4, 2)=[◤]}
18 Jan 2025 21:59:07 GMT Zwierzę poruszyło się z (3, 2) na (4, 3)
18 Jan 2025 21:59:07 GMT Długość listy pozycji: 10
Lista pozycji zwierząt: {(4, 3)=[◥], (2, 2)=[^], (0, 2)=[◤], (3, 7)=[<], (8, 2)=[^], (8, 3)=[^], (7, 3)=[◥], (7, 5)=[v], (6, 4)=[>], (4, 2)=[◤]}
18 Jan 2025 21:59:07 GMT Zwierzę poruszyło się z (7, 6) na (7, 5)
18 Jan 2025 21:59:07 GMT Długość listy pozycji: 10
Lista pozycji zwierząt: {(4, 3)=[◥], (2, 2)=[^], (0, 2)=[◤], (3, 7)=[<], (9, 2)=[>], (8, 3)=[^], (7, 3)=[◥], (7, 5)=[v], (6, 4)=[>], (4, 2)=[◤]}
18 Jan 2025 21:59:07 GMT Zwierzę poruszyło się z (8, 2) na (9, 2)
18 Jan 2025 21:59:07 GMT Długość listy pozycji: 10
Lista pozycji zwierząt: {(2, 1)=[v], (4, 3)=[◥], (0, 2)=[◤], (3, 7)=[<], (9, 2)=[>], (8, 3)=[^], (7, 3)=[◥], (7, 5)=[v], (6, 4)=[>], (4, 2)=[◤]}
18 Jan 2025 21:59:07 GMT Zwierzę poruszyło się z (2, 2) na (2, 1)
18 Jan 2025 21:59:07 GMT Długość listy pozycji: 10
Lista pozycji zwierząt: {(2, 1)=[v], (4, 3)=[◥], (0, 2)=[◤], (3, 7)=[<], (9, 2)=[>], (8, 4)=[^], (7, 3)=[◥], (7, 5)=[v], (6, 4)=[>], (4, 2)=[◤]}
18 Jan 2025 21:59:07 GMT Zwierzę poruszyło się z (8, 3) na (8, 4)
18 Jan 2025 21:59:07 GMT Zwierzę zjadło roślinkę na (9, 2)
18 Jan 2025 21:59:07 GMT Zwierzę zjadło roślinkę na (7, 5)
18 Jan 2025 21:59:07 GMT Roślinka wyrosła na (4, 7)
18 Jan 2025 21:59:07 GMT Roślinka wyrosła na (1, 1)
18 Jan 2025 21:59:07 GMT Roślinka wyrosła na (3, 8)
18 Jan 2025 21:59:07 GMT Roślinka wyrosła na (2, 0)
18 Jan 2025 21:59:07 GMT Roślinka wyrosła na (8, 7)
18 Jan 2025 21:59:07 GMT Roślinka wyrosła na (7, 2)
18 Jan 2025 21:59:07 GMT Roślinka wyrosła na (0, 1)
18 Jan 2025 21:59:07 GMT Roślinka wyrosła na (0, 7)
18 Jan 2025 21:59:07 GMT Roślinka wyrosła na (8, 4)
18 Jan 2025 21:59:07 GMT Roślinka wyrosła na (5, 0)
18 Jan 2025 21:59:08 GMT Długość listy pozycji: 10
Lista pozycji zwierząt: {(2, 1)=[v], (4, 3)=[◥], (0, 2)=[◤], (3, 7)=[<], (9, 2)=[>], (8, 4)=[^], (7, 3)=[◥], (5, 2)=[>], (7, 5)=[v], (6, 4)=[>]}
18 Jan 2025 21:59:08 GMT Zwierzę poruszyło się z (4, 2) na (5, 2)
18 Jan 2025 21:59:08 GMT Długość listy pozycji: 10
Lista pozycji zwierząt: {(2, 1)=[v], (4, 3)=[◥], (1, 2)=[>], (3, 7)=[<], (9, 2)=[>], (8, 4)=[^], (7, 3)=[◥], (5, 2)=[>], (7, 5)=[v], (6, 4)=[>]}
18 Jan 2025 21:59:08 GMT Zwierzę poruszyło się z (0, 2) na (1, 2)
18 Jan 2025 21:59:08 GMT Długość listy pozycji: 10
Lista pozycji zwierząt: {(2, 1)=[v], (4, 3)=[◥], (1, 2)=[>], (3, 7)=[<], (9, 2)=[>], (8, 4)=[^], (7, 3)=[◥], (6, 3)=[v], (5, 2)=[>], (7, 5)=[v]}
18 Jan 2025 21:59:08 GMT Zwierzę poruszyło się z (6, 4) na (6, 3)
18 Jan 2025 21:59:08 GMT Długość listy pozycji: 9
Lista pozycji zwierząt: {(2, 1)=[v], (4, 3)=[◥], (1, 2)=[>], (3, 7)=[<], (9, 2)=[>], (8, 4)=[^], (6, 3)=[v, <], (5, 2)=[>], (7, 5)=[v]}
18 Jan 2025 21:59:08 GMT Zwierzę poruszyło się z (7, 3) na (6, 3)
18 Jan 2025 21:59:08 GMT Długość listy pozycji: 9
Lista pozycji zwierząt: {(2, 1)=[v], (4, 3)=[◥], (1, 2)=[>], (3, 6)=[v], (9, 2)=[>], (8, 4)=[^], (6, 3)=[v, <], (5, 2)=[>], (7, 5)=[v]}
18 Jan 2025 21:59:08 GMT Zwierzę poruszyło się z (3, 7) na (3, 6)
18 Jan 2025 21:59:08 GMT Długość listy pozycji: 9
Lista pozycji zwierząt: {(2, 1)=[v], (3, 3)=[<], (1, 2)=[>], (3, 6)=[v], (9, 2)=[>], (8, 4)=[^], (6, 3)=[v, <], (5, 2)=[>], (7, 5)=[v]}
18 Jan 2025 21:59:08 GMT Zwierzę poruszyło się z (4, 3) na (3, 3)
18 Jan 2025 21:59:08 GMT Długość listy pozycji: 9
Lista pozycji zwierząt: {(7, 6)=[^], (2, 1)=[v], (3, 3)=[<], (1, 2)=[>], (3, 6)=[v], (9, 2)=[>], (8, 4)=[^], (6, 3)=[v, <], (5, 2)=[>]}
18 Jan 2025 21:59:08 GMT Zwierzę poruszyło się z (7, 5) na (7, 6)
18 Jan 2025 21:59:08 GMT Długość listy pozycji: 9
Lista pozycji zwierząt: {(7, 6)=[^], (2, 1)=[v], (3, 3)=[<], (1, 2)=[>], (3, 6)=[v], (9, 1)=[v], (8, 4)=[^], (6, 3)=[v, <], (5, 2)=[>]}
18 Jan 2025 21:59:08 GMT Zwierzę poruszyło się z (9, 2) na (9, 1)
18 Jan 2025 21:59:09 GMT Długość listy pozycji: 9
Lista pozycji zwierząt: {(7, 6)=[^], (2, 2)=[^], (3, 3)=[<], (1, 2)=[>], (3, 6)=[v], (9, 1)=[v], (8, 4)=[^], (6, 3)=[v, <], (5, 2)=[>]}
18 Jan 2025 21:59:09 GMT Zwierzę poruszyło się z (2, 1) na (2, 2)
18 Jan 2025 21:59:09 GMT Długość listy pozycji: 9
Lista pozycji zwierząt: {(7, 6)=[^], (2, 2)=[^], (3, 3)=[<], (1, 2)=[>], (3, 6)=[v], (9, 1)=[v], (8, 5)=[^], (6, 3)=[v, <], (5, 2)=[>]}
18 Jan 2025 21:59:09 GMT Zwierzę poruszyło się z (8, 4) na (8, 5)
18 Jan 2025 21:59:09 GMT Zwierzę zjadło roślinkę na (3, 6)
18 Jan 2025 21:59:09 GMT Zwierzę zjadło roślinkę na (8, 5)
18 Jan 2025 21:59:09 GMT Zwierze zostało położone na (6, 3)
18 Jan 2025 21:59:09 GMT Urodziło się nowe zwierzę na (6, 3)
18 Jan 2025 21:59:09 GMT Roślinka wyrosła na (2, 3)
18 Jan 2025 21:59:09 GMT Roślinka wyrosła na (2, 7)
18 Jan 2025 21:59:09 GMT Roślinka wyrosła na (2, 1)
18 Jan 2025 21:59:09 GMT Roślinka wyrosła na (1, 3)
18 Jan 2025 21:59:09 GMT Roślinka wyrosła na (6, 4)
18 Jan 2025 21:59:09 GMT Roślinka wyrosła na (0, 9)
18 Jan 2025 21:59:09 GMT Roślinka wyrosła na (6, 1)
18 Jan 2025 21:59:09 GMT Roślinka wyrosła na (8, 1)
18 Jan 2025 21:59:09 GMT Roślinka wyrosła na (7, 8)
18 Jan 2025 21:59:09 GMT Roślinka wyrosła na (3, 7)
18 Jan 2025 21:59:09 GMT Zwierzę umarło na (6, 3)
18 Jan 2025 21:59:09 GMT Długość listy pozycji: 9
Lista pozycji zwierząt: {(7, 6)=[^], (2, 2)=[^], (3, 3)=[<], (1, 2)=[>], (3, 6)=[v], (9, 1)=[v], (4, 1)=[◣], (8, 5)=[^], (6, 3)=[<, <]}
18 Jan 2025 21:59:09 GMT Zwierzę poruszyło się z (5, 2) na (4, 1)
18 Jan 2025 21:59:09 GMT Długość listy pozycji: 9
Lista pozycji zwierząt: {(7, 6)=[^], (2, 2)=[^], (3, 3)=[<], (0, 1)=[◣], (3, 6)=[v], (9, 1)=[v], (4, 1)=[◣], (8, 5)=[^], (6, 3)=[<, <]}
18 Jan 2025 21:59:09 GMT Zwierzę poruszyło się z (1, 2) na (0, 1)
18 Jan 2025 21:59:10 GMT Długość listy pozycji: 10
Lista pozycji zwierząt: {(7, 6)=[^], (2, 2)=[^], (3, 3)=[<], (0, 1)=[◣], (3, 6)=[v], (9, 1)=[v], (7, 2)=[◢], (4, 1)=[◣], (8, 5)=[^], (6, 3)=[<]}
18 Jan 2025 21:59:10 GMT Zwierzę poruszyło się z (6, 3) na (7, 2)
18 Jan 2025 21:59:10 GMT Długość listy pozycji: 10
Lista pozycji zwierząt: {(7, 6)=[^], (2, 2)=[^], (3, 3)=[<], (0, 1)=[◣], (4, 6)=[>], (9, 1)=[v], (7, 2)=[◢], (4, 1)=[◣], (8, 5)=[^], (6, 3)=[<]}
18 Jan 2025 21:59:10 GMT Zwierzę poruszyło się z (3, 6) na (4, 6)
18 Jan 2025 21:59:10 GMT Długość listy pozycji: 10
Lista pozycji zwierząt: {(7, 6)=[^], (2, 2)=[^], (0, 1)=[◣], (4, 6)=[>], (9, 1)=[v], (7, 2)=[◢], (4, 1)=[◣], (8, 5)=[^], (6, 3)=[<], (4, 2)=[◢]}
18 Jan 2025 21:59:10 GMT Zwierzę poruszyło się z (3, 3) na (4, 2)
18 Jan 2025 21:59:10 GMT Długość listy pozycji: 10
Lista pozycji zwierząt: {(2, 2)=[^], (0, 1)=[◣], (4, 6)=[>], (9, 1)=[v], (7, 2)=[◢], (4, 1)=[◣], (8, 5)=[^], (6, 3)=[<], (7, 5)=[v], (4, 2)=[◢]}
18 Jan 2025 21:59:10 GMT Zwierzę poruszyło się z (7, 6) na (7, 5)
18 Jan 2025 21:59:10 GMT Długość listy pozycji: 10
Lista pozycji zwierząt: {(2, 2)=[^], (0, 1)=[◣], (4, 6)=[>], (8, 1)=[<], (7, 2)=[◢], (4, 1)=[◣], (8, 5)=[^], (6, 3)=[<], (7, 5)=[v], (4, 2)=[◢]}
18 Jan 2025 21:59:10 GMT Zwierzę poruszyło się z (9, 1) na (8, 1)
18 Jan 2025 21:59:10 GMT Długość listy pozycji: 10
Lista pozycji zwierząt: {(2, 1)=[v], (0, 1)=[◣], (4, 6)=[>], (8, 1)=[<], (7, 2)=[◢], (4, 1)=[◣], (8, 5)=[^], (6, 3)=[<], (7, 5)=[v], (4, 2)=[◢]}
18 Jan 2025 21:59:10 GMT Zwierzę poruszyło się z (2, 2) na (2, 1)
18 Jan 2025 21:59:10 GMT Długość listy pozycji: 10
Lista pozycji zwierząt: {(2, 1)=[v], (0, 1)=[◣], (4, 6)=[>], (8, 1)=[<], (7, 2)=[◢], (4, 1)=[◣], (6, 3)=[<], (8, 6)=[^], (7, 5)=[v], (4, 2)=[◢]}
18 Jan 2025 21:59:10 GMT Zwierzę poruszyło się z (8, 5) na (8, 6)
18 Jan 2025 21:59:10 GMT Zwierzę zjadło roślinkę na (2, 1)
18 Jan 2025 21:59:10 GMT Zwierzę zjadło roślinkę na (0, 1)
18 Jan 2025 21:59:10 GMT Zwierzę zjadło roślinkę na (8, 1)
18 Jan 2025 21:59:10 GMT Zwierzę zjadło roślinkę na (7, 2)
18 Jan 2025 21:59:10 GMT Zwierzę zjadło roślinkę na (8, 6)
18 Jan 2025 21:59:11 GMT Roślinka wyrosła na (3, 4)
18 Jan 2025 21:59:11 GMT Roślinka wyrosła na (8, 3)
18 Jan 2025 21:59:11 GMT Roślinka wyrosła na (2, 8)
18 Jan 2025 21:59:11 GMT Roślinka wyrosła na (7, 3)
18 Jan 2025 21:59:11 GMT Roślinka wyrosła na (5, 3)
18 Jan 2025 21:59:11 GMT Roślinka wyrosła na (0, 2)
18 Jan 2025 21:59:11 GMT Roślinka wyrosła na (7, 0)
18 Jan 2025 21:59:11 GMT Roślinka wyrosła na (5, 2)
18 Jan 2025 21:59:11 GMT Roślinka wyrosła na (2, 9)
18 Jan 2025 21:59:11 GMT Roślinka wyrosła na (5, 9)
18 Jan 2025 21:59:11 GMT Długość listy pozycji: 9
Lista pozycji zwierząt: {(2, 1)=[v], (0, 1)=[◣], (4, 6)=[>], (8, 1)=[<], (7, 2)=[◢], (6, 3)=[<], (8, 6)=[^], (7, 5)=[v], (4, 2)=[◢, ^]}
18 Jan 2025 21:59:11 GMT Zwierzę poruszyło się z (4, 1) na (4, 2)
18 Jan 2025 21:59:11 GMT Długość listy pozycji: 9
Lista pozycji zwierząt: {(2, 1)=[v], (0, 2)=[^], (4, 6)=[>], (8, 1)=[<], (7, 2)=[◢], (6, 3)=[<], (8, 6)=[^], (7, 5)=[v], (4, 2)=[◢, ^]}
18 Jan 2025 21:59:11 GMT Zwierzę poruszyło się z (0, 1) na (0, 2)
18 Jan 2025 21:59:11 GMT Długość listy pozycji: 9
Lista pozycji zwierząt: {(2, 1)=[v], (0, 2)=[^], (4, 6)=[>], (8, 1)=[<], (7, 3)=[^], (6, 3)=[<], (8, 6)=[^], (7, 5)=[v], (4, 2)=[◢, ^]}
18 Jan 2025 21:59:11 GMT Zwierzę poruszyło się z (7, 2) na (7, 3)
18 Jan 2025 21:59:11 GMT Długość listy pozycji: 9
Lista pozycji zwierząt: {(2, 1)=[v], (0, 2)=[^], (4, 7)=[^], (8, 1)=[<], (7, 3)=[^], (6, 3)=[<], (8, 6)=[^], (7, 5)=[v], (4, 2)=[◢, ^]}
18 Jan 2025 21:59:11 GMT Zwierzę poruszyło się z (4, 6) na (4, 7)
18 Jan 2025 21:59:11 GMT Długość listy pozycji: 10
Lista pozycji zwierząt: {(4, 3)=[^], (2, 1)=[v], (0, 2)=[^], (4, 7)=[^], (8, 1)=[<], (7, 3)=[^], (6, 3)=[<], (8, 6)=[^], (7, 5)=[v], (4, 2)=[^]}
18 Jan 2025 21:59:11 GMT Zwierzę poruszyło się z (4, 2) na (4, 3)
18 Jan 2025 21:59:11 GMT Długość listy pozycji: 10
Lista pozycji zwierząt: {(7, 6)=[^], (4, 3)=[^], (2, 1)=[v], (0, 2)=[^], (4, 7)=[^], (8, 1)=[<], (7, 3)=[^], (6, 3)=[<], (8, 6)=[^], (4, 2)=[^]}
18 Jan 2025 21:59:11 GMT Zwierzę poruszyło się z (7, 5) na (7, 6)
18 Jan 2025 21:59:11 GMT Długość listy pozycji: 10
Lista pozycji zwierząt: {(7, 6)=[^], (4, 3)=[^], (2, 1)=[v], (0, 2)=[^], (4, 7)=[^], (8, 2)=[^], (7, 3)=[^], (6, 3)=[<], (8, 6)=[^], (4, 2)=[^]}
18 Jan 2025 21:59:11 GMT Zwierzę poruszyło się z (8, 1) na (8, 2)
18 Jan 2025 21:59:12 GMT Długość listy pozycji: 10
Lista pozycji zwierząt: {(7, 6)=[^], (4, 3)=[^], (2, 2)=[^], (0, 2)=[^], (4, 7)=[^], (8, 2)=[^], (7, 3)=[^], (6, 3)=[<], (8, 6)=[^], (4, 2)=[^]}
18 Jan 2025 21:59:12 GMT Zwierzę poruszyło się z (2, 1) na (2, 2)
18 Jan 2025 21:59:12 GMT Długość listy pozycji: 10
Lista pozycji zwierząt: {(8, 7)=[^], (7, 6)=[^], (4, 3)=[^], (2, 2)=[^], (0, 2)=[^], (4, 7)=[^], (8, 2)=[^], (7, 3)=[^], (6, 3)=[<], (4, 2)=[^]}
18 Jan 2025 21:59:12 GMT Zwierzę poruszyło się z (8, 6) na (8, 7)
18 Jan 2025 21:59:12 GMT Zwierzę zjadło roślinkę na (8, 7)
18 Jan 2025 21:59:12 GMT Zwierzę zjadło roślinkę na (0, 2)
18 Jan 2025 21:59:12 GMT Zwierzę zjadło roślinkę na (4, 7)
18 Jan 2025 21:59:12 GMT Zwierzę zjadło roślinkę na (7, 3)
18 Jan 2025 21:59:12 GMT Roślinka wyrosła na (0, 8)
18 Jan 2025 21:59:12 GMT Roślinka wyrosła na (3, 1)
18 Jan 2025 21:59:12 GMT Roślinka wyrosła na (5, 4)
18 Jan 2025 21:59:12 GMT Roślinka wyrosła na (4, 1)
18 Jan 2025 21:59:12 GMT Roślinka wyrosła na (2, 4)
18 Jan 2025 21:59:12 GMT Roślinka wyrosła na (4, 0)
18 Jan 2025 21:59:12 GMT Roślinka wyrosła na (9, 7)
18 Jan 2025 21:59:12 GMT Roślinka wyrosła na (6, 7)
18 Jan 2025 21:59:12 GMT Roślinka wyrosła na (8, 8)
18 Jan 2025 21:59:12 GMT Roślinka wyrosła na (9, 1)
18 Jan 2025 21:59:12 GMT Długość listy pozycji: 10
Lista pozycji zwierząt: {(8, 7)=[^], (7, 6)=[^], (4, 3)=[^], (2, 2)=[^], (0, 2)=[^], (4, 7)=[^], (8, 2)=[^], (5, 1)=[◢], (7, 3)=[^], (6, 3)=[<]}
18 Jan 2025 21:59:12 GMT Zwierzę poruszyło się z (4, 2) na (5, 1)
18 Jan 2025 21:59:12 GMT Długość listy pozycji: 10
Lista pozycji zwierząt: {(8, 7)=[^], (7, 6)=[^], (4, 3)=[^], (1, 1)=[◢], (2, 2)=[^], (4, 7)=[^], (8, 2)=[^], (5, 1)=[◢], (7, 3)=[^], (6, 3)=[<]}
18 Jan 2025 21:59:12 GMT Zwierzę poruszyło się z (0, 2) na (1, 1)
18 Jan 2025 21:59:12 GMT Długość listy pozycji: 10
Lista pozycji zwierząt: {(8, 7)=[^], (7, 6)=[^], (4, 3)=[^], (1, 1)=[◢], (2, 2)=[^], (4, 7)=[^], (8, 2)=[^], (6, 2)=[◣], (5, 1)=[◢], (6, 3)=[<]}
18 Jan 2025 21:59:12 GMT Zwierzę poruszyło się z (7, 3) na (6, 2)
18 Jan 2025 21:59:13 GMT Długość listy pozycji: 10
Lista pozycji zwierząt: {(8, 7)=[^], (7, 6)=[^], (4, 3)=[^], (1, 1)=[◢], (2, 2)=[^], (3, 7)=[<], (8, 2)=[^], (6, 2)=[◣], (5, 1)=[◢], (6, 3)=[<]}
18 Jan 2025 21:59:13 GMT Zwierzę poruszyło się z (4, 7) na (3, 7)
18 Jan 2025 21:59:13 GMT Długość listy pozycji: 10
Lista pozycji zwierząt: {(3, 2)=[◣], (8, 7)=[^], (7, 6)=[^], (1, 1)=[◢], (2, 2)=[^], (3, 7)=[<], (8, 2)=[^], (6, 2)=[◣], (5, 1)=[◢], (6, 3)=[<]}
18 Jan 2025 21:59:13 GMT Zwierzę poruszyło się z (4, 3) na (3, 2)
18 Jan 2025 21:59:13 GMT Długość listy pozycji: 10
Lista pozycji zwierząt: {(3, 2)=[◣], (8, 7)=[^], (1, 1)=[◢], (2, 2)=[^], (3, 7)=[<], (8, 2)=[^], (6, 2)=[◣], (5, 1)=[◢], (6, 3)=[<], (7, 5)=[v]}
18 Jan 2025 21:59:13 GMT Zwierzę poruszyło się z (7, 6) na (7, 5)
18 Jan 2025 21:59:13 GMT Długość listy pozycji: 10
Lista pozycji zwierząt: {(3, 2)=[◣], (8, 7)=[^], (1, 1)=[◢], (2, 2)=[^], (3, 7)=[<], (9, 2)=[>], (6, 2)=[◣], (5, 1)=[◢], (6, 3)=[<], (7, 5)=[v]}
18 Jan 2025 21:59:13 GMT Zwierzę poruszyło się z (8, 2) na (9, 2)
18 Jan 2025 21:59:13 GMT Długość listy pozycji: 10
Lista pozycji zwierząt: {(2, 1)=[v], (3, 2)=[◣], (8, 7)=[^], (1, 1)=[◢], (3, 7)=[<], (9, 2)=[>], (6, 2)=[◣], (5, 1)=[◢], (6, 3)=[<], (7, 5)=[v]}
18 Jan 2025 21:59:13 GMT Zwierzę poruszyło się z (2, 2) na (2, 1)
18 Jan 2025 21:59:13 GMT Długość listy pozycji: 10
Lista pozycji zwierząt: {(2, 1)=[v], (3, 2)=[◣], (8, 8)=[^], (1, 1)=[◢], (3, 7)=[<], (9, 2)=[>], (6, 2)=[◣], (5, 1)=[◢], (6, 3)=[<], (7, 5)=[v]}
18 Jan 2025 21:59:13 GMT Zwierzę poruszyło się z (8, 7) na (8, 8)
18 Jan 2025 21:59:13 GMT Zwierzę zjadło roślinkę na (8, 8)
18 Jan 2025 21:59:13 GMT Zwierzę zjadło roślinkę na (1, 1)
18 Jan 2025 21:59:13 GMT Zwierzę zjadło roślinkę na (3, 7)
18 Jan 2025 21:59:13 GMT Roślinka wyrosła na (8, 2)
18 Jan 2025 21:59:13 GMT Roślinka wyrosła na (8, 9)
18 Jan 2025 21:59:13 GMT Roślinka wyrosła na (0, 3)
18 Jan 2025 21:59:14 GMT Roślinka wyrosła na (4, 2)
18 Jan 2025 21:59:14 GMT Roślinka wyrosła na (4, 3)
18 Jan 2025 21:59:14 GMT Roślinka wyrosła na (6, 0)
18 Jan 2025 21:59:14 GMT Roślinka wyrosła na (1, 9)
18 Jan 2025 21:59:14 GMT Roślinka wyrosła na (7, 7)
18 Jan 2025 21:59:14 GMT Roślinka wyrosła na (7, 1)
18 Jan 2025 21:59:14 GMT Roślinka wyrosła na (0, 0)
18 Jan 2025 21:59:14 GMT Długość listy pozycji: 10
Lista pozycji zwierząt: {(2, 1)=[v], (3, 2)=[◣], (8, 8)=[^], (1, 1)=[◢], (3, 7)=[<], (9, 2)=[>], (6, 2)=[◣], (4, 1)=[<], (6, 3)=[<], (7, 5)=[v]}
18 Jan 2025 21:59:14 GMT Zwierzę poruszyło się z (5, 1) na (4, 1)
18 Jan 2025 21:59:14 GMT Długość listy pozycji: 10
Lista pozycji zwierząt: {(2, 1)=[v], (3, 2)=[◣], (8, 8)=[^], (0, 1)=[<], (3, 7)=[<], (9, 2)=[>], (6, 2)=[◣], (4, 1)=[<], (6, 3)=[<], (7, 5)=[v]}
18 Jan 2025 21:59:14 GMT Zwierzę poruszyło się z (1, 1) na (0, 1)
18 Jan 2025 21:59:14 GMT Długość listy pozycji: 10
Lista pozycji zwierząt: {(2, 1)=[v], (3, 2)=[◣], (8, 8)=[^], (0, 1)=[<], (3, 7)=[<], (9, 2)=[>], (7, 2)=[>], (4, 1)=[<], (6, 3)=[<], (7, 5)=[v]}
18 Jan 2025 21:59:14 GMT Zwierzę poruszyło się z (6, 2) na (7, 2)
18 Jan 2025 21:59:14 GMT Długość listy pozycji: 10
Lista pozycji zwierząt: {(2, 1)=[v], (3, 2)=[◣], (8, 8)=[^], (0, 1)=[<], (3, 6)=[v], (9, 2)=[>], (7, 2)=[>], (4, 1)=[<], (6, 3)=[<], (7, 5)=[v]}
18 Jan 2025 21:59:14 GMT Zwierzę poruszyło się z (3, 7) na (3, 6)
18 Jan 2025 21:59:14 GMT Długość listy pozycji: 10
Lista pozycji zwierząt: {(2, 1)=[v], (8, 8)=[^], (0, 1)=[<], (3, 6)=[v], (9, 2)=[>], (7, 2)=[>], (4, 1)=[<], (6, 3)=[<], (4, 2)=[>], (7, 5)=[v]}
18 Jan 2025 21:59:14 GMT Zwierzę poruszyło się z (3, 2) na (4, 2)
18 Jan 2025 21:59:14 GMT Długość listy pozycji: 10
Lista pozycji zwierząt: {(7, 6)=[^], (2, 1)=[v], (8, 8)=[^], (0, 1)=[<], (3, 6)=[v], (9, 2)=[>], (7, 2)=[>], (4, 1)=[<], (6, 3)=[<], (4, 2)=[>]}
18 Jan 2025 21:59:14 GMT Zwierzę poruszyło się z (7, 5) na (7, 6)
18 Jan 2025 21:59:14 GMT Długość listy pozycji: 10
Lista pozycji zwierząt: {(7, 6)=[^], (2, 1)=[v], (8, 8)=[^], (0, 1)=[<], (3, 6)=[v], (9, 1)=[v], (7, 2)=[>], (4, 1)=[<], (6, 3)=[<], (4, 2)=[>]}
18 Jan 2025 21:59:14 GMT Zwierzę poruszyło się z (9, 2) na (9, 1)
18 Jan 2025 21:59:15 GMT Długość listy pozycji: 10
Lista pozycji zwierząt: {(7, 6)=[^], (2, 2)=[^], (8, 8)=[^], (0, 1)=[<], (3, 6)=[v], (9, 1)=[v], (7, 2)=[>], (4, 1)=[<], (6, 3)=[<], (4, 2)=[>]}
18 Jan 2025 21:59:15 GMT Zwierzę poruszyło się z (2, 1) na (2, 2)
18 Jan 2025 21:59:15 GMT Długość listy pozycji: 10
Lista pozycji zwierząt: {(7, 6)=[^], (2, 2)=[^], (8, 9)=[^], (0, 1)=[<], (3, 6)=[v], (9, 1)=[v], (7, 2)=[>], (4, 1)=[<], (6, 3)=[<], (4, 2)=[>]}
18 Jan 2025 21:59:15 GMT Zwierzę poruszyło się z (8, 8) na (8, 9)
18 Jan 2025 21:59:15 GMT Zwierzę zjadło roślinkę na (8, 9)
18 Jan 2025 21:59:15 GMT Zwierzę zjadło roślinkę na (9, 1)
18 Jan 2025 21:59:15 GMT Zwierzę zjadło roślinkę na (4, 1)
18 Jan 2025 21:59:15 GMT Zwierzę zjadło roślinkę na (4, 2)
