18 Jan 2025 22:36:32 GMT Zwierze zostało położone na (9, 7)
18 Jan 2025 22:36:32 GMT Zwierze zostało położone na (7, 0)
18 Jan 2025 22:36:32 GMT Zwierze zostało położone na (5, 9)
18 Jan 2025 22:36:32 GMT Zwierze zostało położone na (5, 3)
18 Jan 2025 22:36:32 GMT Zwierze zostało położone na (8, 5)
18 Jan 2025 22:36:33 GMT Zwierze zostało położone na (8, 4)
18 Jan 2025 22:36:33 GMT Zwierze zostało położone na (5, 2)
18 Jan 2025 22:36:33 GMT Zwierze zostało położone na (7, 5)
18 Jan 2025 22:36:33 GMT Zwierze zostało położone na (4, 7)
18 Jan 2025 22:36:33 GMT Zwierze zostało położone na (0, 9)
18 Jan 2025 22:36:33 GMT Długość listy pozycji: 10
Lista pozycji zwierząt: {(8, 7)=[<], (4, 7)=[v], (5, 9)=[^], (0, 9)=[◣], (7, 0)=[<], (8, 4)=[<], (5, 2)=[v], (8, 5)=[>], (7, 5)=[◥], (5, 3)=[◥]}
18 Jan 2025 22:36:33 GMT Zwierzę poruszyło się z (9, 7) na (8, 7)
18 Jan 2025 22:36:33 GMT Długość listy pozycji: 10
Lista pozycji zwierząt: {(8, 7)=[<], (4, 7)=[v], (5, 9)=[^], (0, 9)=[◣], (7, 0)=[^], (8, 4)=[<], (5, 2)=[v], (8, 5)=[>], (7, 5)=[◥], (5, 3)=[◥]}
18 Jan 2025 22:36:33 GMT Zwierzę poruszyło się z (7, 0) na (7, 0)
18 Jan 2025 22:36:33 GMT Długość listy pozycji: 10
Lista pozycji zwierząt: {(8, 7)=[<], (4, 7)=[v], (5, 9)=[v], (0, 9)=[◣], (7, 0)=[^], (8, 4)=[<], (5, 2)=[v], (8, 5)=[>], (7, 5)=[◥], (5, 3)=[◥]}
18 Jan 2025 22:36:33 GMT Zwierzę poruszyło się z (5, 9) na (5, 9)
18 Jan 2025 22:36:33 GMT Długość listy pozycji: 10
Lista pozycji zwierząt: {(8, 7)=[<], (4, 7)=[v], (5, 9)=[v], (0, 9)=[◣], (7, 0)=[^], (8, 4)=[<], (6, 3)=[>], (5, 2)=[v], (8, 5)=[>], (7, 5)=[◥]}
18 Jan 2025 22:36:33 GMT Zwierzę poruszyło się z (5, 3) na (6, 3)
18 Jan 2025 22:36:33 GMT Długość listy pozycji: 9
Lista pozycji zwierząt: {(8, 7)=[<], (4, 7)=[v], (5, 9)=[v], (0, 9)=[◣], (7, 0)=[^], (8, 4)=[<, v], (6, 3)=[>], (5, 2)=[v], (7, 5)=[◥]}
18 Jan 2025 22:36:33 GMT Zwierzę poruszyło się z (8, 5) na (8, 4)
18 Jan 2025 22:36:33 GMT Długość listy pozycji: 10
Lista pozycji zwierząt: {(8, 7)=[<], (4, 7)=[v], (5, 9)=[v], (0, 9)=[◣], (7, 0)=[^], (8, 3)=[v], (8, 4)=[v], (6, 3)=[>], (5, 2)=[v], (7, 5)=[◥]}
18 Jan 2025 22:36:33 GMT Zwierzę poruszyło się z (8, 4) na (8, 3)
18 Jan 2025 22:36:34 GMT Długość listy pozycji: 10
Lista pozycji zwierząt: {(8, 7)=[<], (4, 7)=[v], (5, 9)=[v], (0, 9)=[◣], (7, 0)=[^], (8, 3)=[v], (8, 4)=[v], (6, 3)=[>], (5, 3)=[^], (7, 5)=[◥]}
18 Jan 2025 22:36:34 GMT Zwierzę poruszyło się z (5, 2) na (5, 3)
18 Jan 2025 22:36:34 GMT Długość listy pozycji: 10
Lista pozycji zwierząt: {(8, 7)=[<], (4, 7)=[v], (5, 9)=[v], (0, 9)=[◣], (7, 0)=[^], (8, 3)=[v], (8, 4)=[v], (8, 5)=[>], (6, 3)=[>], (5, 3)=[^]}
18 Jan 2025 22:36:34 GMT Zwierzę poruszyło się z (7, 5) na (8, 5)
18 Jan 2025 22:36:34 GMT Długość listy pozycji: 10
Lista pozycji zwierząt: {(8, 7)=[<], (4, 8)=[^], (5, 9)=[v], (0, 9)=[◣], (7, 0)=[^], (8, 3)=[v], (8, 4)=[v], (8, 5)=[>], (6, 3)=[>], (5, 3)=[^]}
18 Jan 2025 22:36:34 GMT Zwierzę poruszyło się z (4, 7) na (4, 8)
18 Jan 2025 22:36:34 GMT Długość listy pozycji: 10
Lista pozycji zwierząt: {(8, 7)=[<], (4, 8)=[^], (5, 9)=[v], (1, 9)=[>], (7, 0)=[^], (8, 3)=[v], (8, 4)=[v], (8, 5)=[>], (6, 3)=[>], (5, 3)=[^]}
18 Jan 2025 22:36:34 GMT Zwierzę poruszyło się z (0, 9) na (1, 9)
18 Jan 2025 22:36:34 GMT Roślinka wyrosła na (0, 8)
18 Jan 2025 22:36:34 GMT Roślinka wyrosła na (9, 6)
18 Jan 2025 22:36:34 GMT Roślinka wyrosła na (3, 5)
18 Jan 2025 22:36:34 GMT Roślinka wyrosła na (2, 5)
18 Jan 2025 22:36:34 GMT Roślinka wyrosła na (1, 6)
18 Jan 2025 22:36:34 GMT Roślinka wyrosła na (2, 6)
18 Jan 2025 22:36:34 GMT Roślinka wyrosła na (8, 5)
18 Jan 2025 22:36:34 GMT Roślinka wyrosła na (0, 6)
18 Jan 2025 22:36:34 GMT Roślinka wyrosła na (3, 9)
18 Jan 2025 22:36:34 GMT Roślinka wyrosła na (6, 5)
18 Jan 2025 22:36:34 GMT Długość listy pozycji: 10
Lista pozycji zwierząt: {(9, 8)=[◥], (4, 8)=[^], (5, 9)=[v], (1, 9)=[>], (7, 0)=[^], (8, 3)=[v], (8, 4)=[v], (8, 5)=[>], (6, 3)=[>], (5, 3)=[^]}
18 Jan 2025 22:36:34 GMT Zwierzę poruszyło się z (8, 7) na (9, 8)
18 Jan 2025 22:36:35 GMT Długość listy pozycji: 10
Lista pozycji zwierząt: {(9, 8)=[◥], (4, 8)=[^], (5, 9)=[v], (1, 9)=[>], (6, 0)=[<], (8, 3)=[v], (8, 4)=[v], (8, 5)=[>], (6, 3)=[>], (5, 3)=[^]}
18 Jan 2025 22:36:35 GMT Zwierzę poruszyło się z (7, 0) na (6, 0)
18 Jan 2025 22:36:35 GMT Długość listy pozycji: 10
Lista pozycji zwierząt: {(9, 8)=[◥], (5, 8)=[v], (4, 8)=[^], (1, 9)=[>], (6, 0)=[<], (8, 3)=[v], (8, 4)=[v], (8, 5)=[>], (6, 3)=[>], (5, 3)=[^]}
18 Jan 2025 22:36:35 GMT Zwierzę poruszyło się z (5, 9) na (5, 8)
18 Jan 2025 22:36:35 GMT Długość listy pozycji: 10
Lista pozycji zwierząt: {(9, 8)=[◥], (5, 8)=[v], (4, 8)=[^], (1, 9)=[>], (6, 0)=[<], (7, 2)=[◢], (8, 3)=[v], (8, 4)=[v], (8, 5)=[>], (5, 3)=[^]}
18 Jan 2025 22:36:35 GMT Zwierzę poruszyło się z (6, 3) na (7, 2)
18 Jan 2025 22:36:35 GMT Długość listy pozycji: 10
Lista pozycji zwierząt: {(9, 8)=[◥], (5, 8)=[v], (4, 8)=[^], (1, 9)=[>], (6, 0)=[<], (7, 2)=[◢], (8, 3)=[v], (7, 4)=[<], (8, 5)=[>], (5, 3)=[^]}
18 Jan 2025 22:36:35 GMT Zwierzę poruszyło się z (8, 4) na (7, 4)
18 Jan 2025 22:36:35 GMT Długość listy pozycji: 10
Lista pozycji zwierząt: {(9, 8)=[◥], (5, 8)=[v], (4, 8)=[^], (1, 9)=[>], (9, 3)=[>], (6, 0)=[<], (7, 2)=[◢], (7, 4)=[<], (8, 5)=[>], (5, 3)=[^]}
18 Jan 2025 22:36:35 GMT Zwierzę poruszyło się z (8, 3) na (9, 3)
18 Jan 2025 22:36:35 GMT Długość listy pozycji: 10
Lista pozycji zwierząt: {(9, 8)=[◥], (5, 8)=[v], (4, 8)=[^], (1, 9)=[>], (9, 3)=[>], (6, 0)=[<], (7, 2)=[◢], (5, 2)=[v], (7, 4)=[<], (8, 5)=[>]}
18 Jan 2025 22:36:35 GMT Zwierzę poruszyło się z (5, 3) na (5, 2)
18 Jan 2025 22:36:35 GMT Długość listy pozycji: 10
Lista pozycji zwierząt: {(9, 8)=[◥], (5, 8)=[v], (4, 8)=[^], (1, 9)=[>], (9, 3)=[>], (6, 0)=[<], (9, 4)=[◢], (7, 2)=[◢], (5, 2)=[v], (7, 4)=[<]}
18 Jan 2025 22:36:35 GMT Zwierzę poruszyło się z (8, 5) na (9, 4)
18 Jan 2025 22:36:35 GMT Długość listy pozycji: 10
Lista pozycji zwierząt: {(9, 8)=[◥], (4, 7)=[v], (5, 8)=[v], (1, 9)=[>], (9, 3)=[>], (6, 0)=[<], (9, 4)=[◢], (7, 2)=[◢], (5, 2)=[v], (7, 4)=[<]}
18 Jan 2025 22:36:35 GMT Zwierzę poruszyło się z (4, 8) na (4, 7)
18 Jan 2025 22:36:35 GMT Długość listy pozycji: 10
Lista pozycji zwierząt: {(9, 8)=[◥], (4, 7)=[v], (5, 8)=[v], (1, 9)=[◢], (9, 3)=[>], (6, 0)=[<], (9, 4)=[◢], (7, 2)=[◢], (5, 2)=[v], (7, 4)=[<]}
18 Jan 2025 22:36:35 GMT Zwierzę poruszyło się z (1, 9) na (1, 9)
18 Jan 2025 22:36:36 GMT Roślinka wyrosła na (8, 6)
18 Jan 2025 22:36:36 GMT Roślinka wyrosła na (3, 6)
18 Jan 2025 22:36:36 GMT Roślinka wyrosła na (7, 5)
18 Jan 2025 22:36:36 GMT Roślinka wyrosła na (4, 5)
18 Jan 2025 22:36:36 GMT Roślinka wyrosła na (2, 4)
18 Jan 2025 22:36:36 GMT Roślinka wyrosła na (9, 7)
18 Jan 2025 22:36:36 GMT Roślinka wyrosła na (5, 7)
18 Jan 2025 22:36:36 GMT Roślinka wyrosła na (4, 8)
18 Jan 2025 22:36:36 GMT Roślinka wyrosła na (3, 0)
18 Jan 2025 22:36:36 GMT Roślinka wyrosła na (7, 2)
18 Jan 2025 22:36:36 GMT Długość listy pozycji: 10
Lista pozycji zwierząt: {(4, 7)=[v], (5, 8)=[v], (1, 9)=[◢], (9, 3)=[>], (6, 0)=[<], (9, 4)=[◢], (7, 2)=[◢], (5, 2)=[v], (7, 4)=[<], (9, 7)=[v]}
18 Jan 2025 22:36:36 GMT Zwierzę poruszyło się z (9, 8) na (9, 7)
18 Jan 2025 22:36:36 GMT Długość listy pozycji: 10
Lista pozycji zwierząt: {(4, 7)=[v], (5, 8)=[v], (1, 9)=[◢], (9, 3)=[>], (6, 0)=[^], (9, 4)=[◢], (7, 2)=[◢], (5, 2)=[v], (7, 4)=[<], (9, 7)=[v]}
18 Jan 2025 22:36:36 GMT Zwierzę poruszyło się z (6, 0) na (6, 0)
18 Jan 2025 22:36:36 GMT Długość listy pozycji: 10
Lista pozycji zwierząt: {(5, 7)=[v], (4, 7)=[v], (1, 9)=[◢], (9, 3)=[>], (6, 0)=[^], (9, 4)=[◢], (7, 2)=[◢], (5, 2)=[v], (7, 4)=[<], (9, 7)=[v]}
18 Jan 2025 22:36:36 GMT Zwierzę poruszyło się z (5, 8) na (5, 7)
18 Jan 2025 22:36:36 GMT Długość listy pozycji: 10
Lista pozycji zwierząt: {(5, 7)=[v], (4, 7)=[v], (1, 9)=[◢], (7, 1)=[v], (9, 3)=[>], (6, 0)=[^], (9, 4)=[◢], (5, 2)=[v], (7, 4)=[<], (9, 7)=[v]}
18 Jan 2025 22:36:36 GMT Zwierzę poruszyło się z (7, 2) na (7, 1)
18 Jan 2025 22:36:36 GMT Długość listy pozycji: 10
Lista pozycji zwierząt: {(5, 7)=[v], (4, 7)=[v], (1, 9)=[◢], (7, 1)=[v], (9, 3)=[>], (6, 0)=[^], (9, 4)=[◢], (5, 2)=[v], (7, 5)=[^], (9, 7)=[v]}
18 Jan 2025 22:36:36 GMT Zwierzę poruszyło się z (7, 4) na (7, 5)
18 Jan 2025 22:36:36 GMT Długość listy pozycji: 9
Lista pozycji zwierząt: {(5, 7)=[v], (4, 7)=[v], (1, 9)=[◢], (7, 1)=[v], (6, 0)=[^], (9, 4)=[◢, ^], (5, 2)=[v], (7, 5)=[^], (9, 7)=[v]}
18 Jan 2025 22:36:36 GMT Zwierzę poruszyło się z (9, 3) na (9, 4)
18 Jan 2025 22:36:37 GMT Długość listy pozycji: 9
Lista pozycji zwierząt: {(5, 7)=[v], (4, 7)=[v], (1, 9)=[◢], (7, 1)=[v], (6, 0)=[^], (9, 4)=[◢, ^], (5, 3)=[^], (7, 5)=[^], (9, 7)=[v]}
18 Jan 2025 22:36:37 GMT Zwierzę poruszyło się z (5, 2) na (5, 3)
18 Jan 2025 22:36:37 GMT Długość listy pozycji: 10
Lista pozycji zwierząt: {(5, 7)=[v], (4, 7)=[v], (1, 9)=[◢], (9, 3)=[v], (7, 1)=[v], (6, 0)=[^], (9, 4)=[^], (5, 3)=[^], (7, 5)=[^], (9, 7)=[v]}
18 Jan 2025 22:36:37 GMT Zwierzę poruszyło się z (9, 4) na (9, 3)
18 Jan 2025 22:36:37 GMT Długość listy pozycji: 10
Lista pozycji zwierząt: {(5, 7)=[v], (4, 8)=[^], (1, 9)=[◢], (9, 3)=[v], (7, 1)=[v], (6, 0)=[^], (9, 4)=[^], (5, 3)=[^], (7, 5)=[^], (9, 7)=[v]}
18 Jan 2025 22:36:37 GMT Zwierzę poruszyło się z (4, 7) na (4, 8)
18 Jan 2025 22:36:37 GMT Długość listy pozycji: 10
Lista pozycji zwierząt: {(5, 7)=[v], (4, 8)=[^], (1, 9)=[v], (9, 3)=[v], (7, 1)=[v], (6, 0)=[^], (9, 4)=[^], (5, 3)=[^], (7, 5)=[^], (9, 7)=[v]}
18 Jan 2025 22:36:37 GMT Zwierzę poruszyło się z (1, 9) na (1, 9)
18 Jan 2025 22:36:37 GMT Zwierzę zjadło roślinkę na (5, 7)
18 Jan 2025 22:36:37 GMT Zwierzę zjadło roślinkę na (4, 8)
18 Jan 2025 22:36:37 GMT Zwierzę zjadło roślinkę na (7, 5)
18 Jan 2025 22:36:37 GMT Zwierzę zjadło roślinkę na (9, 7)
18 Jan 2025 22:36:37 GMT Roślinka wyrosła na (9, 0)
18 Jan 2025 22:36:37 GMT Roślinka wyrosła na (1, 3)
18 Jan 2025 22:36:37 GMT Roślinka wyrosła na (7, 1)
18 Jan 2025 22:36:37 GMT Roślinka wyrosła na (9, 4)
18 Jan 2025 22:36:37 GMT Roślinka wyrosła na (2, 2)
18 Jan 2025 22:36:37 GMT Roślinka wyrosła na (1, 8)
18 Jan 2025 22:36:37 GMT Roślinka wyrosła na (1, 0)
18 Jan 2025 22:36:37 GMT Roślinka wyrosła na (4, 2)
18 Jan 2025 22:36:37 GMT Roślinka wyrosła na (1, 1)
18 Jan 2025 22:36:37 GMT Roślinka wyrosła na (8, 1)
18 Jan 2025 22:36:37 GMT Długość listy pozycji: 10
Lista pozycji zwierząt: {(8, 8)=[◤], (5, 7)=[v], (4, 8)=[^], (1, 9)=[v], (9, 3)=[v], (7, 1)=[v], (6, 0)=[^], (9, 4)=[^], (5, 3)=[^], (7, 5)=[^]}
18 Jan 2025 22:36:37 GMT Zwierzę poruszyło się z (9, 7) na (8, 8)
18 Jan 2025 22:36:38 GMT Długość listy pozycji: 10
Lista pozycji zwierząt: {(8, 8)=[◤], (5, 7)=[v], (4, 8)=[^], (1, 9)=[v], (9, 3)=[v], (7, 1)=[v], (5, 0)=[<], (9, 4)=[^], (5, 3)=[^], (7, 5)=[^]}
18 Jan 2025 22:36:38 GMT Zwierzę poruszyło się z (6, 0) na (5, 0)
18 Jan 2025 22:36:38 GMT Długość listy pozycji: 10
Lista pozycji zwierząt: {(8, 8)=[◤], (5, 6)=[v], (4, 8)=[^], (1, 9)=[v], (9, 3)=[v], (7, 1)=[v], (5, 0)=[<], (9, 4)=[^], (5, 3)=[^], (7, 5)=[^]}
18 Jan 2025 22:36:38 GMT Zwierzę poruszyło się z (5, 7) na (5, 6)
18 Jan 2025 22:36:38 GMT Długość listy pozycji: 10
Lista pozycji zwierząt: {(8, 8)=[◤], (5, 6)=[v], (4, 8)=[^], (1, 9)=[v], (6, 0)=[◣], (9, 3)=[v], (5, 0)=[<], (9, 4)=[^], (5, 3)=[^], (7, 5)=[^]}
18 Jan 2025 22:36:38 GMT Zwierzę poruszyło się z (7, 1) na (6, 0)
18 Jan 2025 22:36:38 GMT Długość listy pozycji: 10
Lista pozycji zwierząt: {(8, 8)=[◤], (5, 6)=[v], (4, 8)=[^], (1, 9)=[v], (6, 0)=[◣], (9, 3)=[v], (5, 0)=[<], (9, 4)=[^], (8, 5)=[>], (5, 3)=[^]}
18 Jan 2025 22:36:38 GMT Zwierzę poruszyło się z (7, 5) na (8, 5)
18 Jan 2025 22:36:38 GMT Długość listy pozycji: 10
Lista pozycji zwierząt: {(8, 8)=[◤], (5, 6)=[v], (4, 8)=[^], (1, 9)=[v], (6, 0)=[◣], (9, 3)=[v], (5, 0)=[<], (8, 4)=[<], (8, 5)=[>], (5, 3)=[^]}
18 Jan 2025 22:36:38 GMT Zwierzę poruszyło się z (9, 4) na (8, 4)
18 Jan 2025 22:36:38 GMT Długość listy pozycji: 10
Lista pozycji zwierząt: {(8, 8)=[◤], (5, 6)=[v], (4, 8)=[^], (1, 9)=[v], (6, 0)=[◣], (9, 3)=[v], (5, 0)=[<], (8, 4)=[<], (5, 2)=[v], (8, 5)=[>]}
18 Jan 2025 22:36:38 GMT Zwierzę poruszyło się z (5, 3) na (5, 2)
18 Jan 2025 22:36:38 GMT Długość listy pozycji: 10
Lista pozycji zwierząt: {(8, 8)=[◤], (5, 6)=[v], (4, 8)=[^], (1, 9)=[v], (8, 2)=[◣], (6, 0)=[◣], (5, 0)=[<], (8, 4)=[<], (5, 2)=[v], (8, 5)=[>]}
18 Jan 2025 22:36:38 GMT Zwierzę poruszyło się z (9, 3) na (8, 2)
18 Jan 2025 22:36:38 GMT Długość listy pozycji: 10
Lista pozycji zwierząt: {(8, 8)=[◤], (5, 6)=[v], (4, 7)=[v], (1, 9)=[v], (8, 2)=[◣], (6, 0)=[◣], (5, 0)=[<], (8, 4)=[<], (5, 2)=[v], (8, 5)=[>]}
18 Jan 2025 22:36:38 GMT Zwierzę poruszyło się z (4, 8) na (4, 7)
18 Jan 2025 22:36:38 GMT Długość listy pozycji: 10
Lista pozycji zwierząt: {(8, 8)=[◤], (5, 6)=[v], (4, 7)=[v], (1, 9)=[◣], (8, 2)=[◣], (6, 0)=[◣], (5, 0)=[<], (8, 4)=[<], (5, 2)=[v], (8, 5)=[>]}
18 Jan 2025 22:36:38 GMT Zwierzę poruszyło się z (1, 9) na (1, 9)
18 Jan 2025 22:36:38 GMT Zwierzę zjadło roślinkę na (5, 6)
18 Jan 2025 22:36:39 GMT Zwierzę zjadło roślinkę na (8, 5)
18 Jan 2025 22:36:39 GMT Roślinka wyrosła na (1, 4)
18 Jan 2025 22:36:39 GMT Roślinka wyrosła na (1, 2)
18 Jan 2025 22:36:39 GMT Roślinka wyrosła na (7, 9)
18 Jan 2025 22:36:39 GMT Roślinka wyrosła na (9, 9)
18 Jan 2025 22:36:39 GMT Roślinka wyrosła na (6, 3)
18 Jan 2025 22:36:39 GMT Roślinka wyrosła na (2, 1)
18 Jan 2025 22:36:39 GMT Roślinka wyrosła na (0, 3)
18 Jan 2025 22:36:39 GMT Roślinka wyrosła na (3, 7)
18 Jan 2025 22:36:39 GMT Roślinka wyrosła na (9, 3)
18 Jan 2025 22:36:39 GMT Roślinka wyrosła na (7, 0)
18 Jan 2025 22:36:39 GMT Długość listy pozycji: 10
Lista pozycji zwierząt: {(9, 8)=[>], (5, 6)=[v], (4, 7)=[v], (1, 9)=[◣], (8, 2)=[◣], (6, 0)=[◣], (5, 0)=[<], (8, 4)=[<], (5, 2)=[v], (8, 5)=[>]}
18 Jan 2025 22:36:39 GMT Zwierzę poruszyło się z (8, 8) na (9, 8)
18 Jan 2025 22:36:39 GMT Długość listy pozycji: 10
Lista pozycji zwierząt: {(9, 8)=[>], (5, 6)=[v], (4, 7)=[v], (1, 9)=[◣], (8, 2)=[◣], (6, 0)=[◣], (5, 0)=[^], (8, 4)=[<], (5, 2)=[v], (8, 5)=[>]}
18 Jan 2025 22:36:39 GMT Zwierzę poruszyło się z (5, 0) na (5, 0)
18 Jan 2025 22:36:39 GMT Długość listy pozycji: 10
Lista pozycji zwierząt: {(9, 8)=[>], (5, 5)=[v], (4, 7)=[v], (1, 9)=[◣], (8, 2)=[◣], (6, 0)=[◣], (5, 0)=[^], (8, 4)=[<], (5, 2)=[v], (8, 5)=[>]}
18 Jan 2025 22:36:39 GMT Zwierzę poruszyło się z (5, 6) na (5, 5)
18 Jan 2025 22:36:39 GMT Długość listy pozycji: 9
Lista pozycji zwierząt: {(9, 8)=[>], (5, 5)=[v], (4, 7)=[v], (1, 9)=[◣], (8, 2)=[◣], (5, 0)=[^, <], (8, 4)=[<], (5, 2)=[v], (8, 5)=[>]}
18 Jan 2025 22:36:39 GMT Zwierzę poruszyło się z (6, 0) na (5, 0)
18 Jan 2025 22:36:39 GMT Długość listy pozycji: 8
Lista pozycji zwierząt: {(9, 8)=[>], (5, 5)=[v], (4, 7)=[v], (1, 9)=[◣], (8, 2)=[◣], (5, 0)=[^, <], (8, 4)=[v, <], (5, 2)=[v]}
18 Jan 2025 22:36:39 GMT Zwierzę poruszyło się z (8, 5) na (8, 4)
18 Jan 2025 22:36:39 GMT Długość listy pozycji: 9
Lista pozycji zwierząt: {(9, 8)=[>], (5, 5)=[v], (4, 7)=[v], (1, 9)=[◣], (8, 2)=[◣], (8, 3)=[v], (5, 0)=[^, <], (8, 4)=[v], (5, 2)=[v]}
18 Jan 2025 22:36:39 GMT Zwierzę poruszyło się z (8, 4) na (8, 3)
18 Jan 2025 22:36:40 GMT Długość listy pozycji: 9
Lista pozycji zwierząt: {(9, 8)=[>], (5, 5)=[v], (4, 7)=[v], (1, 9)=[◣], (8, 2)=[◣], (8, 3)=[v], (5, 0)=[^, <], (8, 4)=[v], (5, 3)=[^]}
18 Jan 2025 22:36:40 GMT Zwierzę poruszyło się z (5, 2) na (5, 3)
18 Jan 2025 22:36:40 GMT Długość listy pozycji: 9
Lista pozycji zwierząt: {(9, 8)=[>], (5, 5)=[v], (4, 7)=[v], (1, 9)=[◣], (7, 2)=[<], (8, 3)=[v], (5, 0)=[^, <], (8, 4)=[v], (5, 3)=[^]}
18 Jan 2025 22:36:40 GMT Zwierzę poruszyło się z (8, 2) na (7, 2)
18 Jan 2025 22:36:40 GMT Długość listy pozycji: 9
Lista pozycji zwierząt: {(9, 8)=[>], (5, 5)=[v], (4, 8)=[^], (1, 9)=[◣], (7, 2)=[<], (8, 3)=[v], (5, 0)=[^, <], (8, 4)=[v], (5, 3)=[^]}
18 Jan 2025 22:36:40 GMT Zwierzę poruszyło się z (4, 7) na (4, 8)
18 Jan 2025 22:36:40 GMT Długość listy pozycji: 9
Lista pozycji zwierząt: {(9, 8)=[>], (5, 5)=[v], (4, 8)=[^], (2, 9)=[>], (7, 2)=[<], (8, 3)=[v], (5, 0)=[^, <], (8, 4)=[v], (5, 3)=[^]}
18 Jan 2025 22:36:40 GMT Zwierzę poruszyło się z (1, 9) na (2, 9)
18 Jan 2025 22:36:40 GMT Zwierzę zjadło roślinkę na (5, 5)
18 Jan 2025 22:36:40 GMT Zwierzę zjadło roślinkę na (7, 2)
18 Jan 2025 22:36:40 GMT Zwierze zostało położone na (5, 0)
18 Jan 2025 22:36:40 GMT Urodziło się nowe zwierzę na (5, 0)
18 Jan 2025 22:36:40 GMT Roślinka wyrosła na (2, 7)
18 Jan 2025 22:36:40 GMT Roślinka wyrosła na (7, 7)
18 Jan 2025 22:36:40 GMT Roślinka wyrosła na (8, 0)
18 Jan 2025 22:36:40 GMT Roślinka wyrosła na (8, 2)
18 Jan 2025 22:36:40 GMT Roślinka wyrosła na (4, 1)
18 Jan 2025 22:36:40 GMT Roślinka wyrosła na (0, 7)
18 Jan 2025 22:36:40 GMT Roślinka wyrosła na (5, 3)
18 Jan 2025 22:36:40 GMT Roślinka wyrosła na (8, 4)
18 Jan 2025 22:36:40 GMT Roślinka wyrosła na (6, 9)
18 Jan 2025 22:36:40 GMT Roślinka wyrosła na (6, 8)
18 Jan 2025 22:36:40 GMT Zwierzę umarło na (5, 0)
18 Jan 2025 22:36:40 GMT Długość listy pozycji: 9
Lista pozycji zwierząt: {(8, 7)=[◣], (5, 5)=[v], (4, 8)=[^], (2, 9)=[>], (7, 2)=[<], (8, 3)=[v], (5, 0)=[^, <], (8, 4)=[v], (5, 3)=[^]}
18 Jan 2025 22:36:40 GMT Zwierzę poruszyło się z (9, 8) na (8, 7)
18 Jan 2025 22:36:41 GMT Długość listy pozycji: 9
Lista pozycji zwierząt: {(5, 4)=[v], (8, 7)=[◣], (4, 8)=[^], (2, 9)=[>], (7, 2)=[<], (8, 3)=[v], (5, 0)=[^, <], (8, 4)=[v], (5, 3)=[^]}
18 Jan 2025 22:36:41 GMT Zwierzę poruszyło się z (5, 5) na (5, 4)
18 Jan 2025 22:36:41 GMT Długość listy pozycji: 10
Lista pozycji zwierząt: {(5, 4)=[v], (8, 7)=[◣], (4, 8)=[^], (2, 9)=[>], (7, 2)=[<], (8, 3)=[v], (5, 0)=[^], (8, 4)=[v], (4, 1)=[◤], (5, 3)=[^]}
18 Jan 2025 22:36:41 GMT Zwierzę poruszyło się z (5, 0) na (4, 1)
18 Jan 2025 22:36:41 GMT Długość listy pozycji: 10
Lista pozycji zwierząt: {(5, 4)=[v], (8, 7)=[◣], (4, 8)=[^], (2, 9)=[>], (7, 2)=[<], (8, 3)=[v], (5, 0)=[^], (7, 4)=[<], (4, 1)=[◤], (5, 3)=[^]}
18 Jan 2025 22:36:41 GMT Zwierzę poruszyło się z (8, 4) na (7, 4)
18 Jan 2025 22:36:41 GMT Długość listy pozycji: 10
Lista pozycji zwierząt: {(5, 4)=[v], (8, 7)=[◣], (4, 8)=[^], (2, 9)=[>], (9, 3)=[>], (7, 2)=[<], (5, 0)=[^], (7, 4)=[<], (4, 1)=[◤], (5, 3)=[^]}
18 Jan 2025 22:36:41 GMT Zwierzę poruszyło się z (8, 3) na (9, 3)
18 Jan 2025 22:36:41 GMT Długość listy pozycji: 10
Lista pozycji zwierząt: {(5, 4)=[v], (8, 7)=[◣], (4, 8)=[^], (2, 9)=[>], (9, 3)=[>], (7, 2)=[<], (5, 0)=[^], (5, 2)=[v], (7, 4)=[<], (4, 1)=[◤]}
18 Jan 2025 22:36:41 GMT Zwierzę poruszyło się z (5, 3) na (5, 2)
18 Jan 2025 22:36:41 GMT Długość listy pozycji: 10
Lista pozycji zwierząt: {(5, 4)=[v], (8, 7)=[◣], (4, 8)=[^], (2, 9)=[>], (9, 3)=[>], (5, 0)=[^], (6, 3)=[◤], (5, 2)=[v], (7, 4)=[<], (4, 1)=[◤]}
18 Jan 2025 22:36:41 GMT Zwierzę poruszyło się z (7, 2) na (6, 3)
18 Jan 2025 22:36:41 GMT Długość listy pozycji: 10
Lista pozycji zwierząt: {(5, 4)=[v], (8, 7)=[◣], (4, 7)=[v], (2, 9)=[>], (9, 3)=[>], (5, 0)=[^], (6, 3)=[◤], (5, 2)=[v], (7, 4)=[<], (4, 1)=[◤]}
18 Jan 2025 22:36:41 GMT Zwierzę poruszyło się z (4, 8) na (4, 7)
18 Jan 2025 22:36:41 GMT Długość listy pozycji: 10
Lista pozycji zwierząt: {(5, 4)=[v], (8, 7)=[◣], (4, 7)=[v], (2, 9)=[◢], (9, 3)=[>], (5, 0)=[^], (6, 3)=[◤], (5, 2)=[v], (7, 4)=[<], (4, 1)=[◤]}
18 Jan 2025 22:36:41 GMT Zwierzę poruszyło się z (2, 9) na (2, 9)
18 Jan 2025 22:36:41 GMT Zwierzę zjadło roślinkę na (9, 3)
18 Jan 2025 22:36:41 GMT Zwierzę zjadło roślinkę na (6, 3)
18 Jan 2025 22:36:41 GMT Zwierzę zjadło roślinkę na (4, 1)
18 Jan 2025 22:36:42 GMT Roślinka wyrosła na (5, 4)
18 Jan 2025 22:36:42 GMT Roślinka wyrosła na (5, 2)
18 Jan 2025 22:36:42 GMT Roślinka wyrosła na (0, 0)
18 Jan 2025 22:36:42 GMT Roślinka wyrosła na (9, 2)
18 Jan 2025 22:36:42 GMT Roślinka wyrosła na (8, 7)
18 Jan 2025 22:36:42 GMT Roślinka wyrosła na (6, 1)
18 Jan 2025 22:36:42 GMT Roślinka wyrosła na (8, 9)
18 Jan 2025 22:36:42 GMT Roślinka wyrosła na (0, 4)
18 Jan 2025 22:36:42 GMT Roślinka wyrosła na (9, 1)
18 Jan 2025 22:36:42 GMT Roślinka wyrosła na (6, 0)
18 Jan 2025 22:36:42 GMT Długość listy pozycji: 10
Lista pozycji zwierząt: {(5, 4)=[v], (8, 8)=[^], (4, 7)=[v], (2, 9)=[◢], (9, 3)=[>], (5, 0)=[^], (6, 3)=[◤], (5, 2)=[v], (7, 4)=[<], (4, 1)=[◤]}
18 Jan 2025 22:36:42 GMT Zwierzę poruszyło się z (8, 7) na (8, 8)
18 Jan 2025 22:36:42 GMT Długość listy pozycji: 10
Lista pozycji zwierząt: {(8, 8)=[^], (4, 7)=[v], (2, 9)=[◢], (9, 3)=[>], (5, 0)=[^], (6, 3)=[◤], (5, 2)=[v], (7, 4)=[<], (4, 1)=[◤], (5, 3)=[v]}
18 Jan 2025 22:36:42 GMT Zwierzę poruszyło się z (5, 4) na (5, 3)
18 Jan 2025 22:36:42 GMT Długość listy pozycji: 10
Lista pozycji zwierząt: {(8, 8)=[^], (4, 7)=[v], (2, 9)=[◢], (9, 3)=[>], (5, 0)=[^], (6, 3)=[◤], (5, 2)=[v], (7, 4)=[<], (4, 2)=[^], (5, 3)=[v]}
18 Jan 2025 22:36:42 GMT Zwierzę poruszyło się z (4, 1) na (4, 2)
18 Jan 2025 22:36:42 GMT Długość listy pozycji: 10
Lista pozycji zwierząt: {(8, 8)=[^], (4, 7)=[v], (2, 9)=[◢], (9, 3)=[>], (5, 0)=[^], (6, 3)=[◤], (5, 2)=[v], (7, 5)=[^], (4, 2)=[^], (5, 3)=[v]}
18 Jan 2025 22:36:42 GMT Zwierzę poruszyło się z (7, 4) na (7, 5)
18 Jan 2025 22:36:42 GMT Długość listy pozycji: 10
Lista pozycji zwierząt: {(8, 8)=[^], (4, 7)=[v], (2, 9)=[◢], (9, 4)=[^], (5, 0)=[^], (6, 3)=[◤], (5, 2)=[v], (7, 5)=[^], (4, 2)=[^], (5, 3)=[v]}
18 Jan 2025 22:36:42 GMT Zwierzę poruszyło się z (9, 3) na (9, 4)
18 Jan 2025 22:36:42 GMT Długość listy pozycji: 9
Lista pozycji zwierząt: {(8, 8)=[^], (4, 7)=[v], (2, 9)=[◢], (9, 4)=[^], (5, 0)=[^], (6, 3)=[◤], (7, 5)=[^], (4, 2)=[^], (5, 3)=[v, ^]}
18 Jan 2025 22:36:42 GMT Zwierzę poruszyło się z (5, 2) na (5, 3)
18 Jan 2025 22:36:42 GMT Długość listy pozycji: 9
Lista pozycji zwierząt: {(8, 8)=[^], (4, 7)=[v], (2, 9)=[◢], (9, 4)=[^], (5, 0)=[^], (6, 4)=[^], (7, 5)=[^], (4, 2)=[^], (5, 3)=[v, ^]}
18 Jan 2025 22:36:42 GMT Zwierzę poruszyło się z (6, 3) na (6, 4)
18 Jan 2025 22:36:43 GMT Długość listy pozycji: 9
Lista pozycji zwierząt: {(8, 8)=[^], (4, 8)=[^], (2, 9)=[◢], (9, 4)=[^], (5, 0)=[^], (6, 4)=[^], (7, 5)=[^], (4, 2)=[^], (5, 3)=[v, ^]}
18 Jan 2025 22:36:43 GMT Zwierzę poruszyło się z (4, 7) na (4, 8)
18 Jan 2025 22:36:43 GMT Długość listy pozycji: 9
Lista pozycji zwierząt: {(8, 8)=[^], (4, 8)=[^], (2, 9)=[v], (9, 4)=[^], (5, 0)=[^], (6, 4)=[^], (7, 5)=[^], (4, 2)=[^], (5, 3)=[v, ^]}
18 Jan 2025 22:36:43 GMT Zwierzę poruszyło się z (2, 9) na (2, 9)
18 Jan 2025 22:36:43 GMT Zwierzę zjadło roślinkę na (9, 4)
18 Jan 2025 22:36:43 GMT Zwierzę zjadło roślinkę na (6, 4)
18 Jan 2025 22:36:43 GMT Zwierzę zjadło roślinkę na (4, 2)
18 Jan 2025 22:36:43 GMT Zwierzę zjadło roślinkę na (5, 3)
18 Jan 2025 22:36:43 GMT Zwierze zostało położone na (5, 3)
18 Jan 2025 22:36:43 GMT Urodziło się nowe zwierzę na (5, 3)
18 Jan 2025 22:36:43 GMT Roślinka wyrosła na (5, 8)
18 Jan 2025 22:36:43 GMT Roślinka wyrosła na (1, 9)
18 Jan 2025 22:36:43 GMT Roślinka wyrosła na (0, 9)
18 Jan 2025 22:36:43 GMT Roślinka wyrosła na (5, 1)
18 Jan 2025 22:36:43 GMT Roślinka wyrosła na (4, 4)
18 Jan 2025 22:36:43 GMT Roślinka wyrosła na (8, 3)
18 Jan 2025 22:36:43 GMT Roślinka wyrosła na (8, 8)
18 Jan 2025 22:36:43 GMT Roślinka wyrosła na (6, 2)
18 Jan 2025 22:36:43 GMT Roślinka wyrosła na (5, 9)
18 Jan 2025 22:36:43 GMT Roślinka wyrosła na (1, 7)
18 Jan 2025 22:36:43 GMT Długość listy pozycji: 9
Lista pozycji zwierząt: {(4, 8)=[^], (2, 9)=[v], (9, 4)=[^], (5, 0)=[^], (9, 7)=[◢], (6, 4)=[^], (7, 5)=[^], (4, 2)=[^], (5, 3)=[v, ◢, ^]}
18 Jan 2025 22:36:43 GMT Zwierzę poruszyło się z (8, 8) na (9, 7)
18 Jan 2025 22:36:43 GMT Długość listy pozycji: 10
Lista pozycji zwierząt: {(4, 8)=[^], (2, 9)=[v], (9, 4)=[^], (5, 0)=[^], (5, 2)=[v], (9, 7)=[◢], (6, 4)=[^], (7, 5)=[^], (4, 2)=[^], (5, 3)=[◢, ^]}
18 Jan 2025 22:36:43 GMT Zwierzę poruszyło się z (5, 3) na (5, 2)
18 Jan 2025 22:36:44 GMT Długość listy pozycji: 9
Lista pozycji zwierząt: {(4, 8)=[^], (2, 9)=[v], (9, 4)=[^], (5, 0)=[^], (5, 2)=[v], (9, 7)=[◢], (6, 4)=[^], (7, 5)=[^], (5, 3)=[◥, ◢, ^]}
18 Jan 2025 22:36:44 GMT Zwierzę poruszyło się z (4, 2) na (5, 3)
18 Jan 2025 22:36:44 GMT Długość listy pozycji: 9
Lista pozycji zwierząt: {(4, 8)=[^], (2, 9)=[v], (9, 4)=[^], (5, 0)=[^], (8, 5)=[>], (5, 2)=[v], (9, 7)=[◢], (6, 4)=[^], (5, 3)=[◥, ◢, ^]}
18 Jan 2025 22:36:44 GMT Zwierzę poruszyło się z (7, 5) na (8, 5)
18 Jan 2025 22:36:44 GMT Długość listy pozycji: 9
Lista pozycji zwierząt: {(4, 8)=[^], (2, 9)=[v], (5, 0)=[^], (8, 4)=[<], (8, 5)=[>], (5, 2)=[v], (9, 7)=[◢], (6, 4)=[^], (5, 3)=[◥, ◢, ^]}
18 Jan 2025 22:36:44 GMT Zwierzę poruszyło się z (9, 4) na (8, 4)
18 Jan 2025 22:36:44 GMT Długość listy pozycji: 9
Lista pozycji zwierząt: {(4, 8)=[^], (2, 9)=[v], (5, 0)=[^], (8, 4)=[<], (8, 5)=[>], (5, 2)=[v, v], (9, 7)=[◢], (6, 4)=[^], (5, 3)=[◥, ◢]}
18 Jan 2025 22:36:44 GMT Zwierzę poruszyło się z (5, 3) na (5, 2)
18 Jan 2025 22:36:44 GMT Długość listy pozycji: 9
Lista pozycji zwierząt: {(4, 8)=[^], (2, 9)=[v], (5, 0)=[^], (8, 4)=[<], (8, 5)=[>], (5, 2)=[v, v], (7, 5)=[◥], (9, 7)=[◢], (5, 3)=[◥, ◢]}
18 Jan 2025 22:36:44 GMT Zwierzę poruszyło się z (6, 4) na (7, 5)
18 Jan 2025 22:36:44 GMT Długość listy pozycji: 9
Lista pozycji zwierząt: {(4, 7)=[v], (2, 9)=[v], (5, 0)=[^], (8, 4)=[<], (8, 5)=[>], (5, 2)=[v, v], (7, 5)=[◥], (9, 7)=[◢], (5, 3)=[◥, ◢]}
18 Jan 2025 22:36:44 GMT Zwierzę poruszyło się z (4, 8) na (4, 7)
18 Jan 2025 22:36:44 GMT Długość listy pozycji: 9
Lista pozycji zwierząt: {(4, 7)=[v], (2, 9)=[◣], (5, 0)=[^], (8, 4)=[<], (8, 5)=[>], (5, 2)=[v, v], (7, 5)=[◥], (9, 7)=[◢], (5, 3)=[◥, ◢]}
18 Jan 2025 22:36:44 GMT Zwierzę poruszyło się z (2, 9) na (2, 9)
18 Jan 2025 22:36:44 GMT Zwierzę zjadło roślinkę na (8, 4)
18 Jan 2025 22:36:44 GMT Zwierzę zjadło roślinkę na (5, 2)
18 Jan 2025 22:36:44 GMT Zwierze zostało położone na (5, 2)
18 Jan 2025 22:36:44 GMT Urodziło się nowe zwierzę na (5, 2)
18 Jan 2025 22:36:44 GMT Zwierze zostało położone na (5, 3)
18 Jan 2025 22:36:44 GMT Urodziło się nowe zwierzę na (5, 3)
18 Jan 2025 22:36:45 GMT Roślinka wyrosła na (3, 1)
18 Jan 2025 22:36:45 GMT Roślinka wyrosła na (7, 3)
18 Jan 2025 22:36:45 GMT Roślinka wyrosła na (2, 0)
18 Jan 2025 22:36:45 GMT Roślinka wyrosła na (4, 9)
18 Jan 2025 22:36:45 GMT Roślinka wyrosła na (3, 2)
18 Jan 2025 22:36:45 GMT Roślinka wyrosła na (2, 9)
18 Jan 2025 22:36:45 GMT Roślinka wyrosła na (7, 8)
18 Jan 2025 22:36:45 GMT Roślinka wyrosła na (6, 7)
18 Jan 2025 22:36:45 GMT Roślinka wyrosła na (2, 3)
18 Jan 2025 22:36:45 GMT Roślinka wyrosła na (0, 1)
18 Jan 2025 22:36:45 GMT Długość listy pozycji: 9
Lista pozycji zwierząt: {(8, 7)=[<], (4, 7)=[v], (2, 9)=[◣], (5, 0)=[^], (8, 4)=[<], (8, 5)=[>], (5, 2)=[<, v, v], (7, 5)=[◥], (5, 3)=[◥, ◢, v]}
18 Jan 2025 22:36:45 GMT Zwierzę poruszyło się z (9, 7) na (8, 7)
18 Jan 2025 22:36:45 GMT Długość listy pozycji: 10
Lista pozycji zwierząt: {(8, 7)=[<], (4, 7)=[v], (2, 9)=[◣], (5, 0)=[^], (5, 1)=[v], (8, 4)=[<], (8, 5)=[>], (5, 2)=[<, v], (7, 5)=[◥], (5, 3)=[◥, ◢, v]}
18 Jan 2025 22:36:45 GMT Zwierzę poruszyło się z (5, 2) na (5, 1)
18 Jan 2025 22:36:45 GMT Długość listy pozycji: 11
Lista pozycji zwierząt: {(8, 7)=[<], (4, 7)=[v], (2, 9)=[◣], (5, 0)=[^], (5, 1)=[v], (8, 4)=[<], (6, 3)=[>], (8, 5)=[>], (5, 2)=[<, v], (7, 5)=[◥], (5, 3)=[>, ◢, v]}
18 Jan 2025 22:36:45 GMT Zwierzę poruszyło się z (5, 3) na (6, 3)
18 Jan 2025 22:36:45 GMT Długość listy pozycji: 10
Lista pozycji zwierząt: {(8, 7)=[<], (4, 7)=[v], (2, 9)=[◣], (5, 0)=[^], (5, 1)=[v], (8, 4)=[<, v], (6, 3)=[>], (5, 2)=[<, v], (7, 5)=[◥], (5, 3)=[>, ◢, v]}
18 Jan 2025 22:36:45 GMT Zwierzę poruszyło się z (8, 5) na (8, 4)
18 Jan 2025 22:36:45 GMT Długość listy pozycji: 11
Lista pozycji zwierząt: {(8, 7)=[<], (4, 7)=[v], (2, 9)=[◣], (8, 3)=[v], (5, 0)=[^], (5, 1)=[v], (8, 4)=[v], (6, 3)=[>], (5, 2)=[<, v], (7, 5)=[◥], (5, 3)=[>, ◢, v]}
18 Jan 2025 22:36:45 GMT Zwierzę poruszyło się z (8, 4) na (8, 3)
18 Jan 2025 22:36:45 GMT Długość listy pozycji: 11
Lista pozycji zwierząt: {(8, 7)=[<], (4, 7)=[v], (2, 9)=[◣], (8, 3)=[v], (5, 0)=[^], (5, 1)=[v], (8, 4)=[v], (6, 3)=[>], (5, 2)=[<], (7, 5)=[◥], (5, 3)=[>, ◢, v, ^]}
18 Jan 2025 22:36:45 GMT Zwierzę poruszyło się z (5, 2) na (5, 3)
18 Jan 2025 22:36:45 GMT Długość listy pozycji: 11
Lista pozycji zwierząt: {(8, 7)=[<], (4, 7)=[v], (2, 9)=[◣], (8, 3)=[v], (5, 0)=[^], (5, 1)=[v], (8, 4)=[v], (8, 5)=[>], (6, 3)=[>], (5, 2)=[<], (5, 3)=[>, ◢, v, ^]}
18 Jan 2025 22:36:45 GMT Zwierzę poruszyło się z (7, 5) na (8, 5)
18 Jan 2025 22:36:46 GMT Długość listy pozycji: 11
Lista pozycji zwierząt: {(8, 7)=[<], (4, 8)=[^], (2, 9)=[◣], (8, 3)=[v], (5, 0)=[^], (5, 1)=[v], (8, 4)=[v], (8, 5)=[>], (6, 3)=[>], (5, 2)=[<], (5, 3)=[>, ◢, v, ^]}
18 Jan 2025 22:36:46 GMT Zwierzę poruszyło się z (4, 7) na (4, 8)
18 Jan 2025 22:36:46 GMT Długość listy pozycji: 11
Lista pozycji zwierząt: {(8, 7)=[<], (4, 8)=[^], (3, 9)=[>], (8, 3)=[v], (5, 0)=[^], (5, 1)=[v], (8, 4)=[v], (8, 5)=[>], (6, 3)=[>], (5, 2)=[<], (5, 3)=[>, ◢, v, ^]}
18 Jan 2025 22:36:46 GMT Zwierzę poruszyło się z (2, 9) na (3, 9)
18 Jan 2025 22:36:46 GMT Zwierzę zjadło roślinkę na (8, 7)
18 Jan 2025 22:36:46 GMT Zwierzę zjadło roślinkę na (3, 9)
18 Jan 2025 22:36:46 GMT Zwierzę zjadło roślinkę na (8, 3)
18 Jan 2025 22:36:46 GMT Zwierzę zjadło roślinkę na (5, 1)
