19 Jan 2025 01:10:06 GMT Zwierze zostało położone na (9, 5)
19 Jan 2025 01:10:06 GMT Zwierze zostało położone na (1, 7)
19 Jan 2025 01:10:06 GMT Zwierze zostało położone na (2, 4)
19 Jan 2025 01:10:06 GMT Zwierze zostało położone na (9, 8)
19 Jan 2025 01:10:06 GMT Zwierze zostało położone na (1, 3)
19 Jan 2025 01:10:06 GMT Zwierze zostało położone na (2, 1)
19 Jan 2025 01:10:06 GMT Zwierze zostało położone na (8, 2)
19 Jan 2025 01:10:06 GMT Zwierze zostało położone na (2, 7)
19 Jan 2025 01:10:06 GMT Zwierze zostało położone na (4, 2)
19 Jan 2025 01:10:06 GMT Zwierze zostało położone na (4, 6)
19 Jan 2025 01:10:06 GMT Długość listy pozycji: 10
Lista pozycji zwierząt: {(2, 1)=[◣], (9, 8)=[>], (4, 6)=[◥], (1, 3)=[v], (2, 4)=[◥], (2, 7)=[◢], (1, 7)=[v], (8, 2)=[◢], (9, 5)=[<], (4, 2)=[◣]}
19 Jan 2025 01:10:06 GMT Zwierzę poruszyło się z (9, 5) na (9, 5)
19 Jan 2025 01:10:06 GMT Długość listy pozycji: 10
Lista pozycji zwierząt: {(2, 1)=[◣], (9, 8)=[>], (4, 6)=[◥], (1, 3)=[v], (2, 4)=[◥], (2, 7)=[◢], (1, 7)=[^], (8, 2)=[◢], (9, 5)=[<], (4, 2)=[◣]}
19 Jan 2025 01:10:06 GMT Zwierzę poruszyło się z (1, 7) na (1, 7)
19 Jan 2025 01:10:07 GMT Długość listy pozycji: 10
Lista pozycji zwierząt: {(2, 1)=[◣], (9, 8)=[>], (4, 6)=[◥], (1, 3)=[v], (2, 4)=[>], (2, 7)=[◢], (1, 7)=[^], (8, 2)=[◢], (9, 5)=[<], (4, 2)=[◣]}
19 Jan 2025 01:10:07 GMT Zwierzę poruszyło się z (2, 4) na (2, 4)
19 Jan 2025 01:10:07 GMT Długość listy pozycji: 10
Lista pozycji zwierząt: {(2, 1)=[◣], (9, 8)=[v], (4, 6)=[◥], (1, 3)=[v], (2, 4)=[>], (2, 7)=[◢], (1, 7)=[^], (8, 2)=[◢], (9, 5)=[<], (4, 2)=[◣]}
19 Jan 2025 01:10:07 GMT Zwierzę poruszyło się z (9, 8) na (9, 8)
19 Jan 2025 01:10:07 GMT Długość listy pozycji: 10
Lista pozycji zwierząt: {(2, 1)=[◣], (9, 8)=[v], (4, 6)=[◥], (1, 3)=[^], (2, 4)=[>], (2, 7)=[◢], (1, 7)=[^], (8, 2)=[◢], (9, 5)=[<], (4, 2)=[◣]}
19 Jan 2025 01:10:07 GMT Zwierzę poruszyło się z (1, 3) na (1, 3)
19 Jan 2025 01:10:07 GMT Długość listy pozycji: 10
Lista pozycji zwierząt: {(2, 1)=[>], (9, 8)=[v], (4, 6)=[◥], (1, 3)=[^], (2, 4)=[>], (2, 7)=[◢], (1, 7)=[^], (8, 2)=[◢], (9, 5)=[<], (4, 2)=[◣]}
19 Jan 2025 01:10:07 GMT Zwierzę poruszyło się z (2, 1) na (2, 1)
19 Jan 2025 01:10:07 GMT Długość listy pozycji: 10
Lista pozycji zwierząt: {(2, 1)=[>], (9, 8)=[v], (4, 6)=[◥], (1, 3)=[^], (2, 4)=[>], (2, 7)=[◢], (1, 7)=[^], (8, 2)=[<], (9, 5)=[<], (4, 2)=[◣]}
19 Jan 2025 01:10:07 GMT Zwierzę poruszyło się z (8, 2) na (8, 2)
19 Jan 2025 01:10:07 GMT Długość listy pozycji: 10
Lista pozycji zwierząt: {(2, 1)=[>], (9, 8)=[v], (4, 6)=[◥], (1, 3)=[^], (2, 4)=[>], (2, 7)=[<], (1, 7)=[^], (8, 2)=[<], (9, 5)=[<], (4, 2)=[◣]}
19 Jan 2025 01:10:07 GMT Zwierzę poruszyło się z (2, 7) na (2, 7)
19 Jan 2025 01:10:07 GMT Długość listy pozycji: 10
Lista pozycji zwierząt: {(2, 1)=[>], (9, 8)=[v], (4, 6)=[◥], (1, 3)=[^], (2, 4)=[>], (2, 7)=[<], (1, 7)=[^], (8, 2)=[<], (9, 5)=[<], (4, 2)=[>]}
19 Jan 2025 01:10:07 GMT Zwierzę poruszyło się z (4, 2) na (4, 2)
19 Jan 2025 01:10:07 GMT Długość listy pozycji: 10
Lista pozycji zwierząt: {(2, 1)=[>], (9, 8)=[v], (4, 6)=[>], (1, 3)=[^], (2, 4)=[>], (2, 7)=[<], (1, 7)=[^], (8, 2)=[<], (9, 5)=[<], (4, 2)=[>]}
19 Jan 2025 01:10:07 GMT Zwierzę poruszyło się z (4, 6) na (4, 6)
19 Jan 2025 01:10:07 GMT Zwierzę zjadło roślinkę na (9, 5)
19 Jan 2025 01:10:08 GMT Roślinka wyrosła na (4, 0)
19 Jan 2025 01:10:08 GMT Roślinka wyrosła na (4, 5)
19 Jan 2025 01:10:08 GMT Roślinka wyrosła na (1, 9)
19 Jan 2025 01:10:08 GMT Roślinka wyrosła na (3, 6)
19 Jan 2025 01:10:08 GMT Roślinka wyrosła na (2, 5)
19 Jan 2025 01:10:08 GMT Roślinka wyrosła na (8, 6)
19 Jan 2025 01:10:08 GMT Roślinka wyrosła na (0, 6)
19 Jan 2025 01:10:08 GMT Roślinka wyrosła na (7, 8)
19 Jan 2025 01:10:08 GMT Roślinka wyrosła na (9, 6)
19 Jan 2025 01:10:08 GMT Roślinka wyrosła na (1, 5)
19 Jan 2025 01:10:08 GMT Długość listy pozycji: 10
Lista pozycji zwierząt: {(2, 1)=[>], (9, 8)=[v], (4, 6)=[>], (1, 3)=[^], (2, 4)=[>], (2, 7)=[<], (1, 7)=[^], (8, 2)=[<], (9, 5)=[◤], (4, 2)=[>]}
19 Jan 2025 01:10:08 GMT Zwierzę poruszyło się z (9, 5) na (9, 5)
19 Jan 2025 01:10:08 GMT Długość listy pozycji: 10
Lista pozycji zwierząt: {(2, 1)=[>], (9, 8)=[v], (4, 6)=[>], (1, 3)=[^], (2, 4)=[>], (2, 7)=[<], (1, 7)=[<], (8, 2)=[<], (9, 5)=[◤], (4, 2)=[>]}
19 Jan 2025 01:10:08 GMT Zwierzę poruszyło się z (1, 7) na (1, 7)
19 Jan 2025 01:10:08 GMT Długość listy pozycji: 10
Lista pozycji zwierząt: {(2, 1)=[>], (9, 8)=[v], (4, 6)=[>], (1, 3)=[^], (2, 4)=[^], (2, 7)=[<], (1, 7)=[<], (8, 2)=[<], (9, 5)=[◤], (4, 2)=[>]}
19 Jan 2025 01:10:08 GMT Zwierzę poruszyło się z (2, 4) na (2, 4)
19 Jan 2025 01:10:08 GMT Długość listy pozycji: 10
Lista pozycji zwierząt: {(2, 1)=[>], (4, 6)=[>], (1, 3)=[^], (2, 4)=[^], (2, 7)=[<], (1, 7)=[<], (0, 8)=[>], (8, 2)=[<], (9, 5)=[◤], (4, 2)=[>]}
19 Jan 2025 01:10:08 GMT Zwierzę poruszyło się z (9, 8) na (0, 8)
19 Jan 2025 01:10:08 GMT Długość listy pozycji: 10
Lista pozycji zwierząt: {(2, 1)=[>], (4, 6)=[>], (1, 3)=[◥], (2, 4)=[^], (2, 7)=[<], (1, 7)=[<], (0, 8)=[>], (8, 2)=[<], (9, 5)=[◤], (4, 2)=[>]}
19 Jan 2025 01:10:08 GMT Zwierzę poruszyło się z (1, 3) na (1, 3)
19 Jan 2025 01:10:08 GMT Długość listy pozycji: 10
Lista pozycji zwierząt: {(2, 1)=[◢], (4, 6)=[>], (1, 3)=[◥], (2, 4)=[^], (2, 7)=[<], (1, 7)=[<], (0, 8)=[>], (8, 2)=[<], (9, 5)=[◤], (4, 2)=[>]}
19 Jan 2025 01:10:08 GMT Zwierzę poruszyło się z (2, 1) na (2, 1)
19 Jan 2025 01:10:08 GMT Długość listy pozycji: 10
Lista pozycji zwierząt: {(2, 1)=[◢], (4, 6)=[>], (1, 3)=[◥], (2, 4)=[^], (2, 7)=[<], (1, 7)=[<], (0, 8)=[>], (8, 2)=[◤], (9, 5)=[◤], (4, 2)=[>]}
19 Jan 2025 01:10:08 GMT Zwierzę poruszyło się z (8, 2) na (8, 2)
19 Jan 2025 01:10:09 GMT Długość listy pozycji: 10
Lista pozycji zwierząt: {(2, 1)=[◢], (4, 6)=[>], (1, 3)=[◥], (2, 4)=[^], (2, 7)=[v], (1, 7)=[<], (0, 8)=[>], (8, 2)=[◤], (9, 5)=[◤], (4, 2)=[>]}
19 Jan 2025 01:10:09 GMT Zwierzę poruszyło się z (2, 7) na (2, 7)
19 Jan 2025 01:10:09 GMT Długość listy pozycji: 10
Lista pozycji zwierząt: {(2, 1)=[◢], (4, 6)=[>], (1, 3)=[◥], (2, 4)=[^], (2, 7)=[v], (1, 7)=[<], (0, 8)=[>], (8, 2)=[◤], (9, 5)=[◤], (4, 2)=[^]}
19 Jan 2025 01:10:09 GMT Zwierzę poruszyło się z (4, 2) na (4, 2)
19 Jan 2025 01:10:09 GMT Długość listy pozycji: 10
Lista pozycji zwierząt: {(2, 1)=[◢], (4, 6)=[<], (1, 3)=[◥], (2, 4)=[^], (2, 7)=[v], (1, 7)=[<], (0, 8)=[>], (8, 2)=[◤], (9, 5)=[◤], (4, 2)=[^]}
19 Jan 2025 01:10:09 GMT Zwierzę poruszyło się z (4, 6) na (4, 6)
19 Jan 2025 01:10:09 GMT Roślinka wyrosła na (6, 6)
19 Jan 2025 01:10:09 GMT Roślinka wyrosła na (5, 5)
19 Jan 2025 01:10:09 GMT Roślinka wyrosła na (3, 5)
19 Jan 2025 01:10:09 GMT Roślinka wyrosła na (4, 6)
19 Jan 2025 01:10:09 GMT Roślinka wyrosła na (5, 2)
19 Jan 2025 01:10:09 GMT Roślinka wyrosła na (3, 1)
19 Jan 2025 01:10:09 GMT Roślinka wyrosła na (4, 9)
19 Jan 2025 01:10:09 GMT Roślinka wyrosła na (4, 4)
19 Jan 2025 01:10:09 GMT Roślinka wyrosła na (2, 3)
19 Jan 2025 01:10:09 GMT Roślinka wyrosła na (3, 9)
19 Jan 2025 01:10:09 GMT Długość listy pozycji: 10
Lista pozycji zwierząt: {(2, 1)=[◢], (4, 6)=[<], (1, 3)=[◥], (2, 4)=[^], (2, 7)=[v], (1, 7)=[<], (0, 8)=[>], (8, 2)=[◤], (9, 5)=[v], (4, 2)=[^]}
19 Jan 2025 01:10:09 GMT Zwierzę poruszyło się z (9, 5) na (9, 5)
19 Jan 2025 01:10:09 GMT Długość listy pozycji: 10
Lista pozycji zwierząt: {(2, 1)=[◢], (4, 6)=[<], (1, 3)=[◥], (2, 4)=[^], (2, 7)=[v], (1, 7)=[>], (0, 8)=[>], (8, 2)=[◤], (9, 5)=[v], (4, 2)=[^]}
19 Jan 2025 01:10:09 GMT Zwierzę poruszyło się z (1, 7) na (1, 7)
19 Jan 2025 01:10:10 GMT Długość listy pozycji: 10
Lista pozycji zwierząt: {(2, 1)=[◢], (4, 6)=[<], (1, 3)=[◥], (2, 4)=[◢], (2, 7)=[v], (1, 7)=[>], (0, 8)=[>], (8, 2)=[◤], (9, 5)=[v], (4, 2)=[^]}
19 Jan 2025 01:10:10 GMT Zwierzę poruszyło się z (2, 4) na (2, 4)
19 Jan 2025 01:10:10 GMT Długość listy pozycji: 10
Lista pozycji zwierząt: {(2, 1)=[◢], (4, 6)=[<], (1, 3)=[◥], (2, 4)=[◢], (2, 7)=[v], (1, 7)=[>], (0, 8)=[◥], (8, 2)=[◤], (9, 5)=[v], (4, 2)=[^]}
19 Jan 2025 01:10:10 GMT Zwierzę poruszyło się z (0, 8) na (0, 8)
19 Jan 2025 01:10:10 GMT Długość listy pozycji: 10
Lista pozycji zwierząt: {(2, 1)=[◢], (4, 6)=[<], (1, 3)=[>], (2, 4)=[◢], (2, 7)=[v], (1, 7)=[>], (0, 8)=[◥], (8, 2)=[◤], (9, 5)=[v], (4, 2)=[^]}
19 Jan 2025 01:10:10 GMT Zwierzę poruszyło się z (1, 3) na (1, 3)
19 Jan 2025 01:10:10 GMT Długość listy pozycji: 10
Lista pozycji zwierząt: {(2, 1)=[<], (4, 6)=[<], (1, 3)=[>], (2, 4)=[◢], (2, 7)=[v], (1, 7)=[>], (0, 8)=[◥], (8, 2)=[◤], (9, 5)=[v], (4, 2)=[^]}
19 Jan 2025 01:10:10 GMT Zwierzę poruszyło się z (2, 1) na (2, 1)
19 Jan 2025 01:10:10 GMT Długość listy pozycji: 10
Lista pozycji zwierząt: {(2, 1)=[<], (4, 6)=[<], (1, 3)=[>], (2, 4)=[◢], (2, 7)=[v], (1, 7)=[>], (0, 8)=[◥], (8, 2)=[◢], (9, 5)=[v], (4, 2)=[^]}
19 Jan 2025 01:10:10 GMT Zwierzę poruszyło się z (8, 2) na (8, 2)
19 Jan 2025 01:10:10 GMT Długość listy pozycji: 10
Lista pozycji zwierząt: {(2, 1)=[<], (4, 6)=[<], (1, 3)=[>], (2, 4)=[◢], (2, 7)=[<], (1, 7)=[>], (0, 8)=[◥], (8, 2)=[◢], (9, 5)=[v], (4, 2)=[^]}
19 Jan 2025 01:10:10 GMT Zwierzę poruszyło się z (2, 7) na (2, 7)
19 Jan 2025 01:10:10 GMT Długość listy pozycji: 10
Lista pozycji zwierząt: {(2, 1)=[<], (4, 6)=[<], (1, 3)=[>], (2, 4)=[◢], (2, 7)=[<], (1, 7)=[>], (0, 8)=[◥], (8, 2)=[◢], (9, 5)=[v], (4, 2)=[<]}
19 Jan 2025 01:10:10 GMT Zwierzę poruszyło się z (4, 2) na (4, 2)
19 Jan 2025 01:10:10 GMT Długość listy pozycji: 10
Lista pozycji zwierząt: {(2, 1)=[<], (4, 6)=[◤], (1, 3)=[>], (2, 4)=[◢], (2, 7)=[<], (1, 7)=[>], (0, 8)=[◥], (8, 2)=[◢], (9, 5)=[v], (4, 2)=[<]}
19 Jan 2025 01:10:10 GMT Zwierzę poruszyło się z (4, 6) na (4, 6)
19 Jan 2025 01:10:10 GMT Zwierzę zjadło roślinkę na (4, 6)
19 Jan 2025 01:10:11 GMT Roślinka wyrosła na (5, 7)
19 Jan 2025 01:10:11 GMT Roślinka wyrosła na (3, 0)
19 Jan 2025 01:10:11 GMT Roślinka wyrosła na (7, 2)
19 Jan 2025 01:10:11 GMT Roślinka wyrosła na (6, 0)
19 Jan 2025 01:10:11 GMT Roślinka wyrosła na (9, 8)
19 Jan 2025 01:10:11 GMT Roślinka wyrosła na (0, 3)
19 Jan 2025 01:10:11 GMT Roślinka wyrosła na (0, 1)
19 Jan 2025 01:10:11 GMT Roślinka wyrosła na (0, 7)
19 Jan 2025 01:10:11 GMT Roślinka wyrosła na (4, 1)
19 Jan 2025 01:10:11 GMT Roślinka wyrosła na (6, 3)
19 Jan 2025 01:10:11 GMT Długość listy pozycji: 10
Lista pozycji zwierząt: {(2, 1)=[<], (4, 6)=[◤], (1, 3)=[>], (2, 4)=[◢], (2, 7)=[<], (1, 7)=[>], (0, 8)=[◥], (8, 2)=[◢], (9, 5)=[<], (4, 2)=[<]}
19 Jan 2025 01:10:11 GMT Zwierzę poruszyło się z (9, 5) na (9, 5)
19 Jan 2025 01:10:11 GMT Długość listy pozycji: 10
Lista pozycji zwierząt: {(2, 1)=[<], (4, 6)=[◤], (1, 3)=[>], (2, 4)=[◢], (2, 7)=[<], (1, 7)=[^], (0, 8)=[◥], (8, 2)=[◢], (9, 5)=[<], (4, 2)=[<]}
19 Jan 2025 01:10:11 GMT Zwierzę poruszyło się z (1, 7) na (1, 7)
19 Jan 2025 01:10:11 GMT Długość listy pozycji: 10
Lista pozycji zwierząt: {(2, 1)=[<], (4, 6)=[◤], (1, 3)=[>], (2, 4)=[v], (2, 7)=[<], (1, 7)=[^], (0, 8)=[◥], (8, 2)=[◢], (9, 5)=[<], (4, 2)=[<]}
19 Jan 2025 01:10:11 GMT Zwierzę poruszyło się z (2, 4) na (2, 4)
19 Jan 2025 01:10:11 GMT Długość listy pozycji: 10
Lista pozycji zwierząt: {(2, 1)=[<], (4, 6)=[◤], (1, 3)=[>], (2, 4)=[v], (2, 7)=[<], (1, 7)=[^], (0, 8)=[◥], (8, 2)=[◢], (9, 5)=[<], (4, 2)=[<]}
19 Jan 2025 01:10:11 GMT Zwierzę poruszyło się z (0, 8) na (0, 8)
19 Jan 2025 01:10:11 GMT Długość listy pozycji: 10
Lista pozycji zwierząt: {(2, 1)=[<], (4, 6)=[◤], (1, 3)=[◤], (2, 4)=[v], (2, 7)=[<], (1, 7)=[^], (0, 8)=[◥], (8, 2)=[◢], (9, 5)=[<], (4, 2)=[<]}
19 Jan 2025 01:10:11 GMT Zwierzę poruszyło się z (1, 3) na (1, 3)
19 Jan 2025 01:10:11 GMT Długość listy pozycji: 10
Lista pozycji zwierząt: {(2, 1)=[v], (4, 6)=[◤], (1, 3)=[◤], (2, 4)=[v], (2, 7)=[<], (1, 7)=[^], (0, 8)=[◥], (8, 2)=[◢], (9, 5)=[<], (4, 2)=[<]}
19 Jan 2025 01:10:11 GMT Zwierzę poruszyło się z (2, 1) na (2, 1)
19 Jan 2025 01:10:11 GMT Długość listy pozycji: 10
Lista pozycji zwierząt: {(2, 1)=[v], (4, 6)=[◤], (1, 3)=[◤], (2, 4)=[v], (2, 7)=[<], (1, 7)=[^], (0, 8)=[◥], (8, 2)=[v], (9, 5)=[<], (4, 2)=[<]}
19 Jan 2025 01:10:11 GMT Zwierzę poruszyło się z (8, 2) na (8, 2)
19 Jan 2025 01:10:12 GMT Długość listy pozycji: 10
Lista pozycji zwierząt: {(2, 1)=[v], (4, 6)=[◤], (1, 3)=[◤], (2, 4)=[v], (2, 7)=[◤], (1, 7)=[^], (0, 8)=[◥], (8, 2)=[v], (9, 5)=[<], (4, 2)=[<]}
19 Jan 2025 01:10:12 GMT Zwierzę poruszyło się z (2, 7) na (2, 7)
19 Jan 2025 01:10:12 GMT Długość listy pozycji: 10
Lista pozycji zwierząt: {(2, 1)=[v], (4, 6)=[◤], (1, 3)=[◤], (2, 4)=[v], (2, 7)=[◤], (1, 7)=[^], (0, 8)=[◥], (8, 2)=[v], (9, 5)=[<], (4, 2)=[^]}
19 Jan 2025 01:10:12 GMT Zwierzę poruszyło się z (4, 2) na (4, 2)
19 Jan 2025 01:10:12 GMT Długość listy pozycji: 10
Lista pozycji zwierząt: {(2, 1)=[v], (4, 6)=[◢], (1, 3)=[◤], (2, 4)=[v], (2, 7)=[◤], (1, 7)=[^], (0, 8)=[◥], (8, 2)=[v], (9, 5)=[<], (4, 2)=[^]}
19 Jan 2025 01:10:12 GMT Zwierzę poruszyło się z (4, 6) na (4, 6)
19 Jan 2025 01:10:12 GMT Roślinka wyrosła na (1, 7)
19 Jan 2025 01:10:12 GMT Roślinka wyrosła na (2, 4)
19 Jan 2025 01:10:12 GMT Roślinka wyrosła na (9, 3)
19 Jan 2025 01:10:12 GMT Roślinka wyrosła na (2, 8)
19 Jan 2025 01:10:12 GMT Roślinka wyrosła na (3, 3)
19 Jan 2025 01:10:12 GMT Roślinka wyrosła na (8, 2)
19 Jan 2025 01:10:12 GMT Roślinka wyrosła na (8, 1)
19 Jan 2025 01:10:12 GMT Roślinka wyrosła na (9, 0)
19 Jan 2025 01:10:12 GMT Roślinka wyrosła na (8, 7)
19 Jan 2025 01:10:12 GMT Roślinka wyrosła na (4, 3)
19 Jan 2025 01:10:12 GMT Długość listy pozycji: 10
Lista pozycji zwierząt: {(2, 1)=[v], (4, 6)=[◢], (1, 3)=[◤], (2, 4)=[v], (2, 7)=[◤], (1, 7)=[^], (0, 8)=[◥], (8, 2)=[v], (9, 5)=[v], (4, 2)=[^]}
19 Jan 2025 01:10:12 GMT Zwierzę poruszyło się z (9, 5) na (9, 5)
19 Jan 2025 01:10:12 GMT Długość listy pozycji: 10
Lista pozycji zwierząt: {(2, 1)=[v], (4, 6)=[◢], (1, 3)=[◤], (2, 4)=[v], (2, 7)=[◤], (1, 7)=[>], (0, 8)=[◥], (8, 2)=[v], (9, 5)=[v], (4, 2)=[^]}
19 Jan 2025 01:10:12 GMT Zwierzę poruszyło się z (1, 7) na (1, 7)
19 Jan 2025 01:10:13 GMT Długość listy pozycji: 10
Lista pozycji zwierząt: {(2, 1)=[v], (4, 6)=[◢], (1, 3)=[◤], (2, 4)=[◢], (2, 7)=[◤], (1, 7)=[>], (0, 8)=[◥], (8, 2)=[v], (9, 5)=[v], (4, 2)=[^]}
19 Jan 2025 01:10:13 GMT Zwierzę poruszyło się z (2, 4) na (2, 4)
19 Jan 2025 01:10:13 GMT Długość listy pozycji: 10
Lista pozycji zwierząt: {(2, 1)=[v], (4, 6)=[◢], (1, 3)=[◤], (2, 4)=[◢], (2, 7)=[◤], (1, 7)=[>], (8, 2)=[v], (9, 5)=[v], (9, 7)=[◣], (4, 2)=[^]}
19 Jan 2025 01:10:13 GMT Zwierzę poruszyło się z (0, 8) na (9, 7)
19 Jan 2025 01:10:13 GMT Długość listy pozycji: 10
Lista pozycji zwierząt: {(2, 1)=[v], (4, 6)=[◢], (1, 3)=[v], (2, 4)=[◢], (2, 7)=[◤], (1, 7)=[>], (8, 2)=[v], (9, 5)=[v], (9, 7)=[◣], (4, 2)=[^]}
19 Jan 2025 01:10:13 GMT Zwierzę poruszyło się z (1, 3) na (1, 3)
19 Jan 2025 01:10:13 GMT Długość listy pozycji: 10
Lista pozycji zwierząt: {(2, 1)=[<], (4, 6)=[◢], (1, 3)=[v], (2, 4)=[◢], (2, 7)=[◤], (1, 7)=[>], (8, 2)=[v], (9, 5)=[v], (9, 7)=[◣], (4, 2)=[^]}
19 Jan 2025 01:10:13 GMT Zwierzę poruszyło się z (2, 1) na (2, 1)
19 Jan 2025 01:10:13 GMT Długość listy pozycji: 10
Lista pozycji zwierząt: {(2, 1)=[<], (4, 6)=[◢], (1, 3)=[v], (2, 4)=[◢], (2, 7)=[◤], (1, 7)=[>], (8, 2)=[◢], (9, 5)=[v], (9, 7)=[◣], (4, 2)=[^]}
19 Jan 2025 01:10:13 GMT Zwierzę poruszyło się z (8, 2) na (8, 2)
19 Jan 2025 01:10:13 GMT Długość listy pozycji: 10
Lista pozycji zwierząt: {(2, 1)=[<], (4, 6)=[◢], (1, 3)=[v], (2, 4)=[◢], (2, 7)=[◥], (1, 7)=[>], (8, 2)=[◢], (9, 5)=[v], (9, 7)=[◣], (4, 2)=[^]}
19 Jan 2025 01:10:13 GMT Zwierzę poruszyło się z (2, 7) na (2, 7)
19 Jan 2025 01:10:13 GMT Długość listy pozycji: 10
Lista pozycji zwierząt: {(2, 1)=[<], (4, 6)=[◢], (1, 3)=[v], (2, 4)=[◢], (2, 7)=[◥], (1, 7)=[>], (8, 2)=[◢], (9, 5)=[v], (9, 7)=[◣], (4, 2)=[<]}
19 Jan 2025 01:10:13 GMT Zwierzę poruszyło się z (4, 2) na (4, 2)
19 Jan 2025 01:10:13 GMT Długość listy pozycji: 10
Lista pozycji zwierząt: {(2, 1)=[<], (4, 6)=[◥], (1, 3)=[v], (2, 4)=[◢], (2, 7)=[◥], (1, 7)=[>], (8, 2)=[◢], (9, 5)=[v], (9, 7)=[◣], (4, 2)=[<]}
19 Jan 2025 01:10:13 GMT Zwierzę poruszyło się z (4, 6) na (4, 6)
19 Jan 2025 01:10:13 GMT Zwierzę zjadło roślinkę na (2, 4)
19 Jan 2025 01:10:13 GMT Zwierzę zjadło roślinkę na (1, 7)
19 Jan 2025 01:10:13 GMT Zwierzę zjadło roślinkę na (8, 2)
19 Jan 2025 01:10:14 GMT Roślinka wyrosła na (0, 8)
19 Jan 2025 01:10:14 GMT Roślinka wyrosła na (9, 4)
19 Jan 2025 01:10:14 GMT Roślinka wyrosła na (8, 4)
19 Jan 2025 01:10:14 GMT Roślinka wyrosła na (6, 2)
19 Jan 2025 01:10:14 GMT Roślinka wyrosła na (7, 3)
19 Jan 2025 01:10:14 GMT Roślinka wyrosła na (6, 9)
19 Jan 2025 01:10:14 GMT Roślinka wyrosła na (7, 4)
19 Jan 2025 01:10:14 GMT Roślinka wyrosła na (5, 4)
19 Jan 2025 01:10:14 GMT Roślinka wyrosła na (7, 7)
19 Jan 2025 01:10:14 GMT Roślinka wyrosła na (9, 9)
19 Jan 2025 01:10:14 GMT Długość listy pozycji: 10
Lista pozycji zwierząt: {(2, 1)=[<], (4, 6)=[◥], (1, 3)=[v], (2, 4)=[◢], (0, 5)=[>], (2, 7)=[◥], (1, 7)=[>], (8, 2)=[◢], (9, 7)=[◣], (4, 2)=[<]}
19 Jan 2025 01:10:14 GMT Zwierzę poruszyło się z (9, 5) na (0, 5)
19 Jan 2025 01:10:14 GMT Długość listy pozycji: 10
Lista pozycji zwierząt: {(2, 1)=[<], (4, 6)=[◥], (1, 3)=[v], (2, 4)=[◢], (0, 5)=[>], (2, 7)=[◥], (1, 7)=[◤], (8, 2)=[◢], (9, 7)=[◣], (4, 2)=[<]}
19 Jan 2025 01:10:14 GMT Zwierzę poruszyło się z (1, 7) na (1, 7)
19 Jan 2025 01:10:14 GMT Długość listy pozycji: 10
Lista pozycji zwierząt: {(2, 1)=[<], (4, 6)=[◥], (1, 3)=[v], (2, 4)=[◥], (0, 5)=[>], (2, 7)=[◥], (1, 7)=[◤], (8, 2)=[◢], (9, 7)=[◣], (4, 2)=[<]}
19 Jan 2025 01:10:14 GMT Zwierzę poruszyło się z (2, 4) na (2, 4)
19 Jan 2025 01:10:14 GMT Długość listy pozycji: 10
Lista pozycji zwierząt: {(2, 1)=[<], (4, 6)=[◥], (1, 3)=[v], (2, 4)=[◥], (0, 5)=[>], (2, 7)=[◥], (1, 7)=[◤], (8, 2)=[◢], (9, 7)=[◣], (4, 2)=[<]}
19 Jan 2025 01:10:14 GMT Zwierzę poruszyło się z (9, 7) na (9, 7)
19 Jan 2025 01:10:14 GMT Długość listy pozycji: 10
Lista pozycji zwierząt: {(2, 1)=[<], (4, 6)=[◥], (1, 3)=[◤], (2, 4)=[◥], (0, 5)=[>], (2, 7)=[◥], (1, 7)=[◤], (8, 2)=[◢], (9, 7)=[◣], (4, 2)=[<]}
19 Jan 2025 01:10:14 GMT Zwierzę poruszyło się z (1, 3) na (1, 3)
19 Jan 2025 01:10:14 GMT Długość listy pozycji: 10
Lista pozycji zwierząt: {(2, 1)=[^], (4, 6)=[◥], (1, 3)=[◤], (2, 4)=[◥], (0, 5)=[>], (2, 7)=[◥], (1, 7)=[◤], (8, 2)=[◢], (9, 7)=[◣], (4, 2)=[<]}
19 Jan 2025 01:10:14 GMT Zwierzę poruszyło się z (2, 1) na (2, 1)
19 Jan 2025 01:10:14 GMT Długość listy pozycji: 10
Lista pozycji zwierząt: {(2, 1)=[^], (4, 6)=[◥], (1, 3)=[◤], (2, 4)=[◥], (0, 5)=[>], (2, 7)=[◥], (1, 7)=[◤], (8, 2)=[v], (9, 7)=[◣], (4, 2)=[<]}
19 Jan 2025 01:10:14 GMT Zwierzę poruszyło się z (8, 2) na (8, 2)
19 Jan 2025 01:10:15 GMT Długość listy pozycji: 10
Lista pozycji zwierząt: {(2, 1)=[^], (4, 6)=[◥], (1, 3)=[◤], (2, 4)=[◥], (0, 5)=[>], (2, 7)=[◤], (1, 7)=[◤], (8, 2)=[v], (9, 7)=[◣], (4, 2)=[<]}
19 Jan 2025 01:10:15 GMT Zwierzę poruszyło się z (2, 7) na (2, 7)
19 Jan 2025 01:10:15 GMT Długość listy pozycji: 10
Lista pozycji zwierząt: {(2, 1)=[^], (4, 6)=[◥], (1, 3)=[◤], (2, 4)=[◥], (0, 5)=[>], (2, 7)=[◤], (1, 7)=[◤], (8, 2)=[v], (9, 7)=[◣], (4, 2)=[◣]}
19 Jan 2025 01:10:15 GMT Zwierzę poruszyło się z (4, 2) na (4, 2)
19 Jan 2025 01:10:15 GMT Długość listy pozycji: 10
Lista pozycji zwierząt: {(2, 1)=[^], (4, 6)=[◤], (1, 3)=[◤], (2, 4)=[◥], (0, 5)=[>], (2, 7)=[◤], (1, 7)=[◤], (8, 2)=[v], (9, 7)=[◣], (4, 2)=[◣]}
19 Jan 2025 01:10:15 GMT Zwierzę poruszyło się z (4, 6) na (4, 6)
19 Jan 2025 01:10:15 GMT Zwierzę zjadło roślinkę na (0, 5)
19 Jan 2025 01:10:15 GMT Roślinka wyrosła na (1, 8)
19 Jan 2025 01:10:15 GMT Roślinka wyrosła na (5, 8)
19 Jan 2025 01:10:15 GMT Roślinka wyrosła na (2, 7)
19 Jan 2025 01:10:15 GMT Roślinka wyrosła na (8, 3)
19 Jan 2025 01:10:15 GMT Roślinka wyrosła na (2, 9)
19 Jan 2025 01:10:15 GMT Roślinka wyrosła na (1, 1)
19 Jan 2025 01:10:15 GMT Roślinka wyrosła na (9, 2)
19 Jan 2025 01:10:15 GMT Roślinka wyrosła na (9, 1)
19 Jan 2025 01:10:15 GMT Roślinka wyrosła na (3, 4)
19 Jan 2025 01:10:15 GMT Roślinka wyrosła na (0, 4)
19 Jan 2025 01:10:15 GMT Długość listy pozycji: 10
Lista pozycji zwierząt: {(2, 1)=[^], (4, 6)=[◤], (1, 3)=[◤], (2, 4)=[◥], (2, 7)=[◤], (1, 7)=[◤], (8, 2)=[v], (9, 6)=[◤], (9, 7)=[◣], (4, 2)=[◣]}
19 Jan 2025 01:10:15 GMT Zwierzę poruszyło się z (0, 5) na (9, 6)
19 Jan 2025 01:10:15 GMT Długość listy pozycji: 10
Lista pozycji zwierząt: {(2, 1)=[^], (4, 6)=[◤], (1, 3)=[◤], (2, 4)=[◥], (2, 7)=[◤], (1, 7)=[^], (8, 2)=[v], (9, 6)=[◤], (9, 7)=[◣], (4, 2)=[◣]}
19 Jan 2025 01:10:15 GMT Zwierzę poruszyło się z (1, 7) na (1, 7)
19 Jan 2025 01:10:16 GMT Długość listy pozycji: 10
Lista pozycji zwierząt: {(2, 1)=[^], (4, 6)=[◤], (1, 3)=[◤], (2, 4)=[^], (2, 7)=[◤], (1, 7)=[^], (8, 2)=[v], (9, 6)=[◤], (9, 7)=[◣], (4, 2)=[◣]}
19 Jan 2025 01:10:16 GMT Zwierzę poruszyło się z (2, 4) na (2, 4)
19 Jan 2025 01:10:16 GMT Długość listy pozycji: 10
Lista pozycji zwierząt: {(2, 1)=[^], (4, 6)=[◤], (1, 3)=[◤], (2, 4)=[^], (2, 7)=[◤], (1, 7)=[^], (0, 8)=[◥], (8, 2)=[v], (9, 6)=[◤], (4, 2)=[◣]}
19 Jan 2025 01:10:16 GMT Zwierzę poruszyło się z (9, 7) na (0, 8)
19 Jan 2025 01:10:16 GMT Długość listy pozycji: 10
Lista pozycji zwierząt: {(2, 1)=[^], (4, 6)=[◤], (1, 3)=[◢], (2, 4)=[^], (2, 7)=[◤], (1, 7)=[^], (0, 8)=[◥], (8, 2)=[v], (9, 6)=[◤], (4, 2)=[◣]}
19 Jan 2025 01:10:16 GMT Zwierzę poruszyło się z (1, 3) na (1, 3)
19 Jan 2025 01:10:16 GMT Długość listy pozycji: 10
Lista pozycji zwierząt: {(2, 1)=[>], (4, 6)=[◤], (1, 3)=[◢], (2, 4)=[^], (2, 7)=[◤], (1, 7)=[^], (0, 8)=[◥], (8, 2)=[v], (9, 6)=[◤], (4, 2)=[◣]}
19 Jan 2025 01:10:16 GMT Zwierzę poruszyło się z (2, 1) na (2, 1)
19 Jan 2025 01:10:16 GMT Długość listy pozycji: 10
Lista pozycji zwierząt: {(2, 1)=[>], (4, 6)=[◤], (1, 3)=[◢], (2, 4)=[^], (2, 7)=[◤], (1, 7)=[^], (0, 8)=[◥], (8, 2)=[◥], (9, 6)=[◤], (4, 2)=[◣]}
19 Jan 2025 01:10:16 GMT Zwierzę poruszyło się z (8, 2) na (8, 2)
19 Jan 2025 01:10:16 GMT Długość listy pozycji: 10
Lista pozycji zwierząt: {(2, 1)=[>], (4, 6)=[◤], (1, 3)=[◢], (2, 4)=[^], (2, 7)=[◣], (1, 7)=[^], (0, 8)=[◥], (8, 2)=[◥], (9, 6)=[◤], (4, 2)=[◣]}
19 Jan 2025 01:10:16 GMT Zwierzę poruszyło się z (2, 7) na (2, 7)
19 Jan 2025 01:10:16 GMT Długość listy pozycji: 10
Lista pozycji zwierząt: {(2, 1)=[>], (4, 6)=[◤], (1, 3)=[◢], (2, 4)=[^], (2, 7)=[◣], (1, 7)=[^], (0, 8)=[◥], (8, 2)=[◥], (9, 6)=[◤], (4, 2)=[◢]}
19 Jan 2025 01:10:16 GMT Zwierzę poruszyło się z (4, 2) na (4, 2)
19 Jan 2025 01:10:16 GMT Długość listy pozycji: 10
Lista pozycji zwierząt: {(2, 1)=[>], (4, 6)=[<], (1, 3)=[◢], (2, 4)=[^], (2, 7)=[◣], (1, 7)=[^], (0, 8)=[◥], (8, 2)=[◥], (9, 6)=[◤], (4, 2)=[◢]}
19 Jan 2025 01:10:16 GMT Zwierzę poruszyło się z (4, 6) na (4, 6)
19 Jan 2025 01:10:16 GMT Zwierzę zjadło roślinkę na (2, 7)
19 Jan 2025 01:10:16 GMT Zwierzę zjadło roślinkę na (0, 8)
19 Jan 2025 01:10:16 GMT Zwierzę zjadło roślinkę na (9, 6)
19 Jan 2025 01:10:17 GMT Roślinka wyrosła na (7, 0)
19 Jan 2025 01:10:17 GMT Roślinka wyrosła na (6, 4)
19 Jan 2025 01:10:17 GMT Roślinka wyrosła na (3, 2)
19 Jan 2025 01:10:17 GMT Roślinka wyrosła na (1, 0)
19 Jan 2025 01:10:17 GMT Roślinka wyrosła na (1, 2)
19 Jan 2025 01:10:17 GMT Roślinka wyrosła na (8, 0)
19 Jan 2025 01:10:17 GMT Roślinka wyrosła na (6, 1)
19 Jan 2025 01:10:17 GMT Roślinka wyrosła na (1, 4)
19 Jan 2025 01:10:17 GMT Roślinka wyrosła na (4, 2)
19 Jan 2025 01:10:17 GMT Roślinka wyrosła na (5, 0)
19 Jan 2025 01:10:17 GMT Długość listy pozycji: 10
Lista pozycji zwierząt: {(2, 1)=[>], (4, 6)=[<], (1, 3)=[◢], (2, 4)=[^], (2, 7)=[◣], (1, 7)=[^], (0, 7)=[◥], (0, 8)=[◥], (8, 2)=[◥], (4, 2)=[◢]}
19 Jan 2025 01:10:17 GMT Zwierzę poruszyło się z (9, 6) na (0, 7)
19 Jan 2025 01:10:17 GMT Długość listy pozycji: 10
Lista pozycji zwierząt: {(2, 1)=[>], (4, 6)=[<], (1, 3)=[◢], (2, 4)=[^], (2, 7)=[◣], (1, 7)=[>], (0, 7)=[◥], (0, 8)=[◥], (8, 2)=[◥], (4, 2)=[◢]}
19 Jan 2025 01:10:17 GMT Zwierzę poruszyło się z (1, 7) na (1, 7)
19 Jan 2025 01:10:17 GMT Długość listy pozycji: 10
Lista pozycji zwierząt: {(2, 1)=[>], (4, 6)=[<], (1, 3)=[◢], (2, 4)=[<], (2, 7)=[◣], (1, 7)=[>], (0, 7)=[◥], (0, 8)=[◥], (8, 2)=[◥], (4, 2)=[◢]}
19 Jan 2025 01:10:17 GMT Zwierzę poruszyło się z (2, 4) na (2, 4)
19 Jan 2025 01:10:17 GMT Długość listy pozycji: 10
Lista pozycji zwierząt: {(9, 8)=[<], (2, 1)=[>], (4, 6)=[<], (1, 3)=[◢], (2, 4)=[<], (2, 7)=[◣], (1, 7)=[>], (0, 7)=[◥], (8, 2)=[◥], (4, 2)=[◢]}
19 Jan 2025 01:10:17 GMT Zwierzę poruszyło się z (0, 8) na (9, 8)
19 Jan 2025 01:10:17 GMT Długość listy pozycji: 10
Lista pozycji zwierząt: {(9, 8)=[<], (2, 1)=[>], (4, 6)=[<], (1, 3)=[◤], (2, 4)=[<], (2, 7)=[◣], (1, 7)=[>], (0, 7)=[◥], (8, 2)=[◥], (4, 2)=[◢]}
19 Jan 2025 01:10:17 GMT Zwierzę poruszyło się z (1, 3) na (1, 3)
19 Jan 2025 01:10:17 GMT Długość listy pozycji: 10
Lista pozycji zwierząt: {(9, 8)=[<], (2, 1)=[◥], (4, 6)=[<], (1, 3)=[◤], (2, 4)=[<], (2, 7)=[◣], (1, 7)=[>], (0, 7)=[◥], (8, 2)=[◥], (4, 2)=[◢]}
19 Jan 2025 01:10:17 GMT Zwierzę poruszyło się z (2, 1) na (2, 1)
19 Jan 2025 01:10:17 GMT Długość listy pozycji: 10
Lista pozycji zwierząt: {(9, 8)=[<], (2, 1)=[◥], (4, 6)=[<], (1, 3)=[◤], (2, 4)=[<], (2, 7)=[◣], (1, 7)=[>], (0, 7)=[◥], (8, 2)=[<], (4, 2)=[◢]}
19 Jan 2025 01:10:17 GMT Zwierzę poruszyło się z (8, 2) na (8, 2)
19 Jan 2025 01:10:18 GMT Długość listy pozycji: 10
Lista pozycji zwierząt: {(9, 8)=[<], (2, 1)=[◥], (4, 6)=[<], (1, 3)=[◤], (2, 4)=[<], (2, 7)=[<], (1, 7)=[>], (0, 7)=[◥], (8, 2)=[<], (4, 2)=[◢]}
19 Jan 2025 01:10:18 GMT Zwierzę poruszyło się z (2, 7) na (2, 7)
19 Jan 2025 01:10:18 GMT Długość listy pozycji: 10
Lista pozycji zwierząt: {(9, 8)=[<], (2, 1)=[◥], (4, 6)=[<], (1, 3)=[◤], (2, 4)=[<], (2, 7)=[<], (1, 7)=[>], (0, 7)=[◥], (8, 2)=[<], (4, 2)=[<]}
19 Jan 2025 01:10:18 GMT Zwierzę poruszyło się z (4, 2) na (4, 2)
19 Jan 2025 01:10:18 GMT Długość listy pozycji: 10
Lista pozycji zwierząt: {(9, 8)=[<], (2, 1)=[◥], (4, 6)=[◢], (1, 3)=[◤], (2, 4)=[<], (2, 7)=[<], (1, 7)=[>], (0, 7)=[◥], (8, 2)=[<], (4, 2)=[<]}
19 Jan 2025 01:10:18 GMT Zwierzę poruszyło się z (4, 6) na (4, 6)
19 Jan 2025 01:10:18 GMT Zwierzę zjadło roślinkę na (9, 8)
19 Jan 2025 01:10:18 GMT Zwierzę zjadło roślinkę na (0, 7)
19 Jan 2025 01:10:18 GMT Zwierzę zjadło roślinkę na (4, 2)
19 Jan 2025 01:10:18 GMT Roślinka wyrosła na (7, 1)
19 Jan 2025 01:10:18 GMT Roślinka wyrosła na (6, 7)
19 Jan 2025 01:10:18 GMT Roślinka wyrosła na (1, 3)
19 Jan 2025 01:10:18 GMT Roślinka wyrosła na (8, 8)
19 Jan 2025 01:10:18 GMT Roślinka wyrosła na (5, 9)
19 Jan 2025 01:10:18 GMT Roślinka wyrosła na (2, 2)
19 Jan 2025 01:10:18 GMT Roślinka wyrosła na (2, 0)
19 Jan 2025 01:10:18 GMT Roślinka wyrosła na (9, 7)
19 Jan 2025 01:10:18 GMT Roślinka wyrosła na (7, 9)
19 Jan 2025 01:10:18 GMT Roślinka wyrosła na (0, 9)
19 Jan 2025 01:10:18 GMT Długość listy pozycji: 10
Lista pozycji zwierząt: {(9, 8)=[<], (2, 1)=[◥], (4, 6)=[◢], (1, 3)=[◤], (2, 4)=[<], (2, 7)=[<], (1, 7)=[>], (0, 7)=[^], (8, 2)=[<], (4, 2)=[<]}
19 Jan 2025 01:10:18 GMT Zwierzę poruszyło się z (0, 7) na (0, 7)
19 Jan 2025 01:10:19 GMT Długość listy pozycji: 10
Lista pozycji zwierząt: {(9, 8)=[<], (2, 1)=[◥], (4, 6)=[◢], (1, 3)=[◤], (2, 4)=[<], (2, 7)=[<], (1, 7)=[^], (0, 7)=[^], (8, 2)=[<], (4, 2)=[<]}
19 Jan 2025 01:10:19 GMT Zwierzę poruszyło się z (1, 7) na (1, 7)
19 Jan 2025 01:10:19 GMT Długość listy pozycji: 10
Lista pozycji zwierząt: {(9, 8)=[<], (2, 1)=[◥], (4, 6)=[◢], (1, 3)=[◤], (2, 4)=[◣], (2, 7)=[<], (1, 7)=[^], (0, 7)=[^], (8, 2)=[<], (4, 2)=[<]}
19 Jan 2025 01:10:19 GMT Zwierzę poruszyło się z (2, 4) na (2, 4)
19 Jan 2025 01:10:19 GMT Długość listy pozycji: 10
Lista pozycji zwierząt: {(9, 8)=[v], (2, 1)=[◥], (4, 6)=[◢], (1, 3)=[◤], (2, 4)=[◣], (2, 7)=[<], (1, 7)=[^], (0, 7)=[^], (8, 2)=[<], (4, 2)=[<]}
19 Jan 2025 01:10:19 GMT Zwierzę poruszyło się z (9, 8) na (9, 8)
19 Jan 2025 01:10:19 GMT Długość listy pozycji: 10
Lista pozycji zwierząt: {(9, 8)=[v], (2, 1)=[◥], (4, 6)=[◢], (1, 3)=[◣], (2, 4)=[◣], (2, 7)=[<], (1, 7)=[^], (0, 7)=[^], (8, 2)=[<], (4, 2)=[<]}
19 Jan 2025 01:10:19 GMT Zwierzę poruszyło się z (1, 3) na (1, 3)
19 Jan 2025 01:10:19 GMT Długość listy pozycji: 10
Lista pozycji zwierząt: {(9, 8)=[v], (2, 1)=[◢], (4, 6)=[◢], (1, 3)=[◣], (2, 4)=[◣], (2, 7)=[<], (1, 7)=[^], (0, 7)=[^], (8, 2)=[<], (4, 2)=[<]}
19 Jan 2025 01:10:19 GMT Zwierzę poruszyło się z (2, 1) na (2, 1)
19 Jan 2025 01:10:19 GMT Długość listy pozycji: 10
Lista pozycji zwierząt: {(9, 8)=[v], (2, 1)=[◢], (4, 6)=[◢], (1, 3)=[◣], (2, 4)=[◣], (2, 7)=[<], (1, 7)=[^], (0, 7)=[^], (8, 2)=[^], (4, 2)=[<]}
19 Jan 2025 01:10:19 GMT Zwierzę poruszyło się z (8, 2) na (8, 2)
19 Jan 2025 01:10:19 GMT Długość listy pozycji: 10
Lista pozycji zwierząt: {(9, 8)=[v], (2, 1)=[◢], (4, 6)=[◢], (1, 3)=[◣], (2, 4)=[◣], (2, 7)=[◥], (1, 7)=[^], (0, 7)=[^], (8, 2)=[^], (4, 2)=[<]}
19 Jan 2025 01:10:19 GMT Zwierzę poruszyło się z (2, 7) na (2, 7)
19 Jan 2025 01:10:19 GMT Długość listy pozycji: 10
Lista pozycji zwierząt: {(9, 8)=[v], (2, 1)=[◢], (4, 6)=[◢], (1, 3)=[◣], (2, 4)=[◣], (2, 7)=[◥], (1, 7)=[^], (0, 7)=[^], (8, 2)=[^], (4, 2)=[◤]}
19 Jan 2025 01:10:19 GMT Zwierzę poruszyło się z (4, 2) na (4, 2)
19 Jan 2025 01:10:19 GMT Długość listy pozycji: 10
Lista pozycji zwierząt: {(9, 8)=[v], (2, 1)=[◢], (4, 6)=[◥], (1, 3)=[◣], (2, 4)=[◣], (2, 7)=[◥], (1, 7)=[^], (0, 7)=[^], (8, 2)=[^], (4, 2)=[◤]}
19 Jan 2025 01:10:19 GMT Zwierzę poruszyło się z (4, 6) na (4, 6)
19 Jan 2025 01:10:20 GMT Zwierzę zjadło roślinkę na (1, 3)
19 Jan 2025 01:10:20 GMT Roślinka wyrosła na (5, 1)
19 Jan 2025 01:10:20 GMT Roślinka wyrosła na (3, 8)
19 Jan 2025 01:10:20 GMT Roślinka wyrosła na (4, 7)
19 Jan 2025 01:10:20 GMT Roślinka wyrosła na (0, 2)
19 Jan 2025 01:10:20 GMT Roślinka wyrosła na (8, 9)
19 Jan 2025 01:10:20 GMT Roślinka wyrosła na (3, 7)
19 Jan 2025 01:10:20 GMT Roślinka wyrosła na (5, 3)
19 Jan 2025 01:10:20 GMT Roślinka wyrosła na (2, 1)
19 Jan 2025 01:10:20 GMT Roślinka wyrosła na (4, 8)
19 Jan 2025 01:10:20 GMT Roślinka wyrosła na (6, 8)
19 Jan 2025 01:10:20 GMT Długość listy pozycji: 10
Lista pozycji zwierząt: {(9, 8)=[v], (2, 1)=[◢], (4, 6)=[◥], (1, 3)=[◣], (2, 4)=[◣], (2, 7)=[◥], (1, 7)=[^], (0, 7)=[^], (8, 2)=[^], (4, 2)=[◤]}
19 Jan 2025 01:10:20 GMT Zwierzę poruszyło się z (0, 7) na (0, 7)
19 Jan 2025 01:10:20 GMT Długość listy pozycji: 10
Lista pozycji zwierząt: {(9, 8)=[v], (2, 1)=[◢], (4, 6)=[◥], (1, 3)=[◣], (2, 4)=[◣], (2, 7)=[◥], (1, 7)=[◢], (0, 7)=[^], (8, 2)=[^], (4, 2)=[◤]}
19 Jan 2025 01:10:20 GMT Zwierzę poruszyło się z (1, 7) na (1, 7)
19 Jan 2025 01:10:20 GMT Długość listy pozycji: 10
Lista pozycji zwierząt: {(9, 8)=[v], (2, 1)=[◢], (4, 6)=[◥], (1, 3)=[◣], (2, 4)=[◣], (2, 7)=[◥], (1, 7)=[◢], (0, 7)=[^], (8, 2)=[^], (4, 2)=[◤]}
19 Jan 2025 01:10:20 GMT Zwierzę poruszyło się z (2, 4) na (2, 4)
19 Jan 2025 01:10:20 GMT Długość listy pozycji: 10
Lista pozycji zwierząt: {(9, 8)=[<], (2, 1)=[◢], (4, 6)=[◥], (1, 3)=[◣], (2, 4)=[◣], (2, 7)=[◥], (1, 7)=[◢], (0, 7)=[^], (8, 2)=[^], (4, 2)=[◤]}
19 Jan 2025 01:10:20 GMT Zwierzę poruszyło się z (9, 8) na (9, 8)
19 Jan 2025 01:10:21 GMT Długość listy pozycji: 10
Lista pozycji zwierząt: {(9, 8)=[<], (2, 1)=[◢], (4, 6)=[◥], (1, 3)=[<], (2, 4)=[◣], (2, 7)=[◥], (1, 7)=[◢], (0, 7)=[^], (8, 2)=[^], (4, 2)=[◤]}
19 Jan 2025 01:10:21 GMT Zwierzę poruszyło się z (1, 3) na (1, 3)
19 Jan 2025 01:10:21 GMT Długość listy pozycji: 10
Lista pozycji zwierząt: {(9, 8)=[<], (2, 1)=[v], (4, 6)=[◥], (1, 3)=[<], (2, 4)=[◣], (2, 7)=[◥], (1, 7)=[◢], (0, 7)=[^], (8, 2)=[^], (4, 2)=[◤]}
19 Jan 2025 01:10:21 GMT Zwierzę poruszyło się z (2, 1) na (2, 1)
19 Jan 2025 01:10:21 GMT Długość listy pozycji: 10
Lista pozycji zwierząt: {(9, 8)=[<], (2, 1)=[v], (4, 6)=[◥], (1, 3)=[<], (2, 4)=[◣], (2, 7)=[◥], (1, 7)=[◢], (0, 7)=[^], (8, 2)=[^], (4, 2)=[◤]}
19 Jan 2025 01:10:21 GMT Zwierzę poruszyło się z (8, 2) na (8, 2)
19 Jan 2025 01:10:21 GMT Długość listy pozycji: 10
Lista pozycji zwierząt: {(9, 8)=[<], (2, 1)=[v], (4, 6)=[◥], (1, 3)=[<], (2, 4)=[◣], (2, 7)=[◤], (1, 7)=[◢], (0, 7)=[^], (8, 2)=[^], (4, 2)=[◤]}
19 Jan 2025 01:10:21 GMT Zwierzę poruszyło się z (2, 7) na (2, 7)
19 Jan 2025 01:10:21 GMT Długość listy pozycji: 10
Lista pozycji zwierząt: {(9, 8)=[<], (2, 1)=[v], (4, 6)=[◥], (1, 3)=[<], (2, 4)=[◣], (2, 7)=[◤], (1, 7)=[◢], (0, 7)=[^], (8, 2)=[^], (4, 2)=[>]}
19 Jan 2025 01:10:21 GMT Zwierzę poruszyło się z (4, 2) na (4, 2)
19 Jan 2025 01:10:21 GMT Długość listy pozycji: 10
Lista pozycji zwierząt: {(9, 8)=[<], (2, 1)=[v], (4, 6)=[>], (1, 3)=[<], (2, 4)=[◣], (2, 7)=[◤], (1, 7)=[◢], (0, 7)=[^], (8, 2)=[^], (4, 2)=[>]}
19 Jan 2025 01:10:21 GMT Zwierzę poruszyło się z (4, 6) na (4, 6)
19 Jan 2025 01:10:21 GMT Zwierzę zjadło roślinkę na (2, 1)
19 Jan 2025 01:10:21 GMT Roślinka wyrosła na null
19 Jan 2025 01:10:21 GMT Roślinka wyrosła na null
19 Jan 2025 01:10:21 GMT Roślinka wyrosła na null
19 Jan 2025 01:10:21 GMT Roślinka wyrosła na null
19 Jan 2025 01:10:21 GMT Roślinka wyrosła na null
19 Jan 2025 01:10:21 GMT Roślinka wyrosła na null
19 Jan 2025 01:10:21 GMT Roślinka wyrosła na null
19 Jan 2025 01:10:21 GMT Roślinka wyrosła na null
19 Jan 2025 01:10:21 GMT Roślinka wyrosła na null
19 Jan 2025 01:10:21 GMT Roślinka wyrosła na null
19 Jan 2025 01:10:22 GMT Długość listy pozycji: 10
Lista pozycji zwierząt: {(9, 8)=[<], (2, 1)=[v], (4, 6)=[>], (1, 3)=[<], (2, 4)=[◣], (2, 7)=[◤], (1, 7)=[◢], (0, 7)=[◢], (8, 2)=[^], (4, 2)=[>]}
19 Jan 2025 01:10:22 GMT Zwierzę poruszyło się z (0, 7) na (0, 7)
19 Jan 2025 01:10:22 GMT Długość listy pozycji: 10
Lista pozycji zwierząt: {(9, 8)=[<], (2, 1)=[v], (4, 6)=[>], (1, 3)=[<], (2, 4)=[◣], (2, 7)=[◤], (1, 7)=[◤], (0, 7)=[◢], (8, 2)=[^], (4, 2)=[>]}
19 Jan 2025 01:10:22 GMT Zwierzę poruszyło się z (1, 7) na (1, 7)
19 Jan 2025 01:10:22 GMT Długość listy pozycji: 10
Lista pozycji zwierząt: {(9, 8)=[<], (2, 1)=[v], (4, 6)=[>], (1, 3)=[<], (2, 4)=[<], (2, 7)=[◤], (1, 7)=[◤], (0, 7)=[◢], (8, 2)=[^], (4, 2)=[>]}
19 Jan 2025 01:10:22 GMT Zwierzę poruszyło się z (2, 4) na (2, 4)
19 Jan 2025 01:10:22 GMT Długość listy pozycji: 10
Lista pozycji zwierząt: {(9, 8)=[^], (2, 1)=[v], (4, 6)=[>], (1, 3)=[<], (2, 4)=[<], (2, 7)=[◤], (1, 7)=[◤], (0, 7)=[◢], (8, 2)=[^], (4, 2)=[>]}
19 Jan 2025 01:10:22 GMT Zwierzę poruszyło się z (9, 8) na (9, 8)
19 Jan 2025 01:10:22 GMT Długość listy pozycji: 10
Lista pozycji zwierząt: {(9, 8)=[^], (2, 1)=[v], (4, 6)=[>], (1, 3)=[>], (2, 4)=[<], (2, 7)=[◤], (1, 7)=[◤], (0, 7)=[◢], (8, 2)=[^], (4, 2)=[>]}
19 Jan 2025 01:10:22 GMT Zwierzę poruszyło się z (1, 3) na (1, 3)
19 Jan 2025 01:10:22 GMT Długość listy pozycji: 10
Lista pozycji zwierząt: {(9, 8)=[^], (2, 1)=[◥], (4, 6)=[>], (1, 3)=[>], (2, 4)=[<], (2, 7)=[◤], (1, 7)=[◤], (0, 7)=[◢], (8, 2)=[^], (4, 2)=[>]}
19 Jan 2025 01:10:22 GMT Zwierzę poruszyło się z (2, 1) na (2, 1)
19 Jan 2025 01:10:22 GMT Długość listy pozycji: 10
Lista pozycji zwierząt: {(9, 8)=[^], (2, 1)=[◥], (4, 6)=[>], (1, 3)=[>], (2, 4)=[<], (2, 7)=[◤], (1, 7)=[◤], (0, 7)=[◢], (8, 2)=[◢], (4, 2)=[>]}
19 Jan 2025 01:10:22 GMT Zwierzę poruszyło się z (8, 2) na (8, 2)
19 Jan 2025 01:10:22 GMT Długość listy pozycji: 10
Lista pozycji zwierząt: {(9, 8)=[^], (2, 1)=[◥], (4, 6)=[>], (1, 3)=[>], (2, 4)=[<], (2, 7)=[>], (1, 7)=[◤], (0, 7)=[◢], (8, 2)=[◢], (4, 2)=[>]}
19 Jan 2025 01:10:22 GMT Zwierzę poruszyło się z (2, 7) na (2, 7)
19 Jan 2025 01:10:23 GMT Długość listy pozycji: 10
Lista pozycji zwierząt: {(9, 8)=[^], (2, 1)=[◥], (4, 6)=[>], (1, 3)=[>], (2, 4)=[<], (2, 7)=[>], (1, 7)=[◤], (0, 7)=[◢], (8, 2)=[◢], (4, 2)=[◤]}
19 Jan 2025 01:10:23 GMT Zwierzę poruszyło się z (4, 2) na (4, 2)
19 Jan 2025 01:10:23 GMT Długość listy pozycji: 10
Lista pozycji zwierząt: {(9, 8)=[^], (2, 1)=[◥], (4, 6)=[◢], (1, 3)=[>], (2, 4)=[<], (2, 7)=[>], (1, 7)=[◤], (0, 7)=[◢], (8, 2)=[◢], (4, 2)=[◤]}
19 Jan 2025 01:10:23 GMT Zwierzę poruszyło się z (4, 6) na (4, 6)
19 Jan 2025 01:10:23 GMT Roślinka wyrosła na null
19 Jan 2025 01:10:23 GMT Roślinka wyrosła na null
19 Jan 2025 01:10:23 GMT Roślinka wyrosła na null
19 Jan 2025 01:10:23 GMT Roślinka wyrosła na null
19 Jan 2025 01:10:23 GMT Roślinka wyrosła na null
19 Jan 2025 01:10:23 GMT Roślinka wyrosła na null
19 Jan 2025 01:10:23 GMT Roślinka wyrosła na null
19 Jan 2025 01:10:23 GMT Roślinka wyrosła na null
19 Jan 2025 01:10:23 GMT Roślinka wyrosła na null
19 Jan 2025 01:10:23 GMT Roślinka wyrosła na null
19 Jan 2025 01:10:23 GMT Długość listy pozycji: 10
Lista pozycji zwierząt: {(9, 8)=[^], (2, 1)=[◥], (4, 6)=[◢], (1, 3)=[>], (2, 4)=[<], (2, 7)=[>], (1, 7)=[◤], (0, 7)=[v], (8, 2)=[◢], (4, 2)=[◤]}
19 Jan 2025 01:10:23 GMT Zwierzę poruszyło się z (0, 7) na (0, 7)
19 Jan 2025 01:10:23 GMT Długość listy pozycji: 10
Lista pozycji zwierząt: {(9, 8)=[^], (2, 1)=[◥], (4, 6)=[◢], (1, 3)=[>], (2, 4)=[<], (2, 7)=[>], (1, 7)=[◣], (0, 7)=[v], (8, 2)=[◢], (4, 2)=[◤]}
19 Jan 2025 01:10:23 GMT Zwierzę poruszyło się z (1, 7) na (1, 7)
19 Jan 2025 01:10:24 GMT Długość listy pozycji: 10
Lista pozycji zwierząt: {(9, 8)=[^], (2, 1)=[◥], (4, 6)=[◢], (1, 3)=[>], (2, 4)=[v], (2, 7)=[>], (1, 7)=[◣], (0, 7)=[v], (8, 2)=[◢], (4, 2)=[◤]}
19 Jan 2025 01:10:24 GMT Zwierzę poruszyło się z (2, 4) na (2, 4)
19 Jan 2025 01:10:24 GMT Długość listy pozycji: 10
Lista pozycji zwierząt: {(9, 8)=[<], (2, 1)=[◥], (4, 6)=[◢], (1, 3)=[>], (2, 4)=[v], (2, 7)=[>], (1, 7)=[◣], (0, 7)=[v], (8, 2)=[◢], (4, 2)=[◤]}
19 Jan 2025 01:10:24 GMT Zwierzę poruszyło się z (9, 8) na (9, 8)
19 Jan 2025 01:10:24 GMT Długość listy pozycji: 10
Lista pozycji zwierząt: {(9, 8)=[<], (2, 1)=[◥], (4, 6)=[◢], (1, 3)=[◢], (2, 4)=[v], (2, 7)=[>], (1, 7)=[◣], (0, 7)=[v], (8, 2)=[◢], (4, 2)=[◤]}
19 Jan 2025 01:10:24 GMT Zwierzę poruszyło się z (1, 3) na (1, 3)
19 Jan 2025 01:10:24 GMT Długość listy pozycji: 10
Lista pozycji zwierząt: {(9, 8)=[<], (2, 1)=[>], (4, 6)=[◢], (1, 3)=[◢], (2, 4)=[v], (2, 7)=[>], (1, 7)=[◣], (0, 7)=[v], (8, 2)=[◢], (4, 2)=[◤]}
19 Jan 2025 01:10:24 GMT Zwierzę poruszyło się z (2, 1) na (2, 1)
19 Jan 2025 01:10:24 GMT Długość listy pozycji: 10
Lista pozycji zwierząt: {(9, 8)=[<], (2, 1)=[>], (4, 6)=[◢], (1, 3)=[◢], (2, 4)=[v], (2, 7)=[>], (1, 7)=[◣], (0, 7)=[v], (8, 2)=[v], (4, 2)=[◤]}
19 Jan 2025 01:10:24 GMT Zwierzę poruszyło się z (8, 2) na (8, 2)
19 Jan 2025 01:10:24 GMT Długość listy pozycji: 10
Lista pozycji zwierząt: {(9, 8)=[<], (2, 1)=[>], (4, 6)=[◢], (1, 3)=[◢], (2, 4)=[v], (2, 7)=[^], (1, 7)=[◣], (0, 7)=[v], (8, 2)=[v], (4, 2)=[◤]}
19 Jan 2025 01:10:24 GMT Zwierzę poruszyło się z (2, 7) na (2, 7)
19 Jan 2025 01:10:24 GMT Długość listy pozycji: 10
Lista pozycji zwierząt: {(9, 8)=[<], (2, 1)=[>], (4, 6)=[◢], (1, 3)=[◢], (2, 4)=[v], (2, 7)=[^], (1, 7)=[◣], (0, 7)=[v], (8, 2)=[v], (4, 2)=[◣]}
19 Jan 2025 01:10:24 GMT Zwierzę poruszyło się z (4, 2) na (4, 2)
19 Jan 2025 01:10:24 GMT Długość listy pozycji: 10
Lista pozycji zwierząt: {(9, 8)=[<], (2, 1)=[>], (4, 6)=[◤], (1, 3)=[◢], (2, 4)=[v], (2, 7)=[^], (1, 7)=[◣], (0, 7)=[v], (8, 2)=[v], (4, 2)=[◣]}
19 Jan 2025 01:10:24 GMT Zwierzę poruszyło się z (4, 6) na (4, 6)
19 Jan 2025 01:10:25 GMT Roślinka wyrosła na null
19 Jan 2025 01:10:25 GMT Roślinka wyrosła na null
19 Jan 2025 01:10:25 GMT Roślinka wyrosła na null
19 Jan 2025 01:10:25 GMT Roślinka wyrosła na null
19 Jan 2025 01:10:25 GMT Roślinka wyrosła na null
19 Jan 2025 01:10:25 GMT Roślinka wyrosła na null
19 Jan 2025 01:10:25 GMT Roślinka wyrosła na null
19 Jan 2025 01:10:25 GMT Roślinka wyrosła na null
19 Jan 2025 01:10:25 GMT Roślinka wyrosła na null
19 Jan 2025 01:10:25 GMT Roślinka wyrosła na null
19 Jan 2025 01:10:25 GMT Długość listy pozycji: 10
Lista pozycji zwierząt: {(9, 8)=[<], (2, 1)=[>], (4, 6)=[◤], (1, 3)=[◢], (2, 4)=[v], (2, 7)=[^], (1, 7)=[◣], (0, 7)=[◥], (8, 2)=[v], (4, 2)=[◣]}
19 Jan 2025 01:10:25 GMT Zwierzę poruszyło się z (0, 7) na (0, 7)
19 Jan 2025 01:10:25 GMT Długość listy pozycji: 10
Lista pozycji zwierząt: {(9, 8)=[<], (2, 1)=[>], (4, 6)=[◤], (1, 3)=[◢], (2, 4)=[v], (2, 7)=[^], (1, 7)=[◥], (0, 7)=[◥], (8, 2)=[v], (4, 2)=[◣]}
19 Jan 2025 01:10:25 GMT Zwierzę poruszyło się z (1, 7) na (1, 7)
19 Jan 2025 01:10:25 GMT Długość listy pozycji: 10
Lista pozycji zwierząt: {(9, 8)=[<], (2, 1)=[>], (4, 6)=[◤], (1, 3)=[◢], (2, 4)=[◤], (2, 7)=[^], (1, 7)=[◥], (0, 7)=[◥], (8, 2)=[v], (4, 2)=[◣]}
19 Jan 2025 01:10:25 GMT Zwierzę poruszyło się z (2, 4) na (2, 4)
19 Jan 2025 01:10:25 GMT Długość listy pozycji: 10
Lista pozycji zwierząt: {(9, 8)=[◣], (2, 1)=[>], (4, 6)=[◤], (1, 3)=[◢], (2, 4)=[◤], (2, 7)=[^], (1, 7)=[◥], (0, 7)=[◥], (8, 2)=[v], (4, 2)=[◣]}
19 Jan 2025 01:10:25 GMT Zwierzę poruszyło się z (9, 8) na (9, 8)
19 Jan 2025 01:10:25 GMT Długość listy pozycji: 10
Lista pozycji zwierząt: {(9, 8)=[◣], (2, 1)=[>], (4, 6)=[◤], (1, 3)=[v], (2, 4)=[◤], (2, 7)=[^], (1, 7)=[◥], (0, 7)=[◥], (8, 2)=[v], (4, 2)=[◣]}
19 Jan 2025 01:10:25 GMT Zwierzę poruszyło się z (1, 3) na (1, 3)
19 Jan 2025 01:10:25 GMT Długość listy pozycji: 10
Lista pozycji zwierząt: {(9, 8)=[◣], (2, 1)=[◣], (4, 6)=[◤], (1, 3)=[v], (2, 4)=[◤], (2, 7)=[^], (1, 7)=[◥], (0, 7)=[◥], (8, 2)=[v], (4, 2)=[◣]}
19 Jan 2025 01:10:25 GMT Zwierzę poruszyło się z (2, 1) na (2, 1)
19 Jan 2025 01:10:26 GMT Długość listy pozycji: 10
Lista pozycji zwierząt: {(9, 8)=[◣], (2, 1)=[◣], (4, 6)=[◤], (1, 3)=[v], (2, 4)=[◤], (2, 7)=[^], (1, 7)=[◥], (0, 7)=[◥], (8, 2)=[^], (4, 2)=[◣]}
19 Jan 2025 01:10:26 GMT Zwierzę poruszyło się z (8, 2) na (8, 2)
19 Jan 2025 01:10:26 GMT Długość listy pozycji: 10
Lista pozycji zwierząt: {(9, 8)=[◣], (2, 1)=[◣], (4, 6)=[◤], (1, 3)=[v], (2, 4)=[◤], (2, 7)=[>], (1, 7)=[◥], (0, 7)=[◥], (8, 2)=[^], (4, 2)=[◣]}
19 Jan 2025 01:10:26 GMT Zwierzę poruszyło się z (2, 7) na (2, 7)
19 Jan 2025 01:10:26 GMT Długość listy pozycji: 10
Lista pozycji zwierząt: {(9, 8)=[◣], (2, 1)=[◣], (4, 6)=[◤], (1, 3)=[v], (2, 4)=[◤], (2, 7)=[>], (1, 7)=[◥], (0, 7)=[◥], (8, 2)=[^], (4, 2)=[◢]}
19 Jan 2025 01:10:26 GMT Zwierzę poruszyło się z (4, 2) na (4, 2)
19 Jan 2025 01:10:26 GMT Długość listy pozycji: 10
Lista pozycji zwierząt: {(9, 8)=[◣], (2, 1)=[◣], (4, 6)=[^], (1, 3)=[v], (2, 4)=[◤], (2, 7)=[>], (1, 7)=[◥], (0, 7)=[◥], (8, 2)=[^], (4, 2)=[◢]}
19 Jan 2025 01:10:26 GMT Zwierzę poruszyło się z (4, 6) na (4, 6)
19 Jan 2025 01:10:26 GMT Roślinka wyrosła na null
19 Jan 2025 01:10:26 GMT Roślinka wyrosła na null
19 Jan 2025 01:10:26 GMT Roślinka wyrosła na null
19 Jan 2025 01:10:26 GMT Roślinka wyrosła na null
19 Jan 2025 01:10:26 GMT Roślinka wyrosła na null
19 Jan 2025 01:10:26 GMT Roślinka wyrosła na null
19 Jan 2025 01:10:26 GMT Roślinka wyrosła na null
19 Jan 2025 01:10:26 GMT Roślinka wyrosła na null
19 Jan 2025 01:10:26 GMT Roślinka wyrosła na null
19 Jan 2025 01:10:26 GMT Roślinka wyrosła na null
19 Jan 2025 01:10:26 GMT Długość listy pozycji: 10
Lista pozycji zwierząt: {(9, 8)=[◣], (2, 1)=[◣], (4, 6)=[^], (1, 3)=[v], (2, 4)=[◤], (2, 7)=[>], (1, 7)=[◥], (0, 7)=[◢], (8, 2)=[^], (4, 2)=[◢]}
19 Jan 2025 01:10:26 GMT Zwierzę poruszyło się z (0, 7) na (0, 7)
19 Jan 2025 01:10:27 GMT Długość listy pozycji: 10
Lista pozycji zwierząt: {(9, 8)=[◣], (2, 1)=[◣], (4, 6)=[^], (1, 3)=[v], (2, 4)=[◤], (2, 7)=[>], (1, 7)=[◤], (0, 7)=[◢], (8, 2)=[^], (4, 2)=[◢]}
19 Jan 2025 01:10:27 GMT Zwierzę poruszyło się z (1, 7) na (1, 7)
19 Jan 2025 01:10:27 GMT Długość listy pozycji: 10
Lista pozycji zwierząt: {(9, 8)=[◣], (2, 1)=[◣], (4, 6)=[^], (1, 3)=[v], (2, 4)=[^], (2, 7)=[>], (1, 7)=[◤], (0, 7)=[◢], (8, 2)=[^], (4, 2)=[◢]}
19 Jan 2025 01:10:27 GMT Zwierzę poruszyło się z (2, 4) na (2, 4)
19 Jan 2025 01:10:27 GMT Długość listy pozycji: 10
Lista pozycji zwierząt: {(9, 8)=[◣], (2, 1)=[◣], (4, 6)=[^], (1, 3)=[v], (2, 4)=[^], (2, 7)=[>], (1, 7)=[◤], (0, 7)=[◢], (8, 2)=[^], (4, 2)=[◢]}
19 Jan 2025 01:10:27 GMT Zwierzę poruszyło się z (9, 8) na (9, 8)
19 Jan 2025 01:10:27 GMT Długość listy pozycji: 10
Lista pozycji zwierząt: {(9, 8)=[◣], (2, 1)=[◣], (4, 6)=[^], (1, 3)=[◥], (2, 4)=[^], (2, 7)=[>], (1, 7)=[◤], (0, 7)=[◢], (8, 2)=[^], (4, 2)=[◢]}
19 Jan 2025 01:10:27 GMT Zwierzę poruszyło się z (1, 3) na (1, 3)
19 Jan 2025 01:10:27 GMT Długość listy pozycji: 10
Lista pozycji zwierząt: {(9, 8)=[◣], (2, 1)=[◢], (4, 6)=[^], (1, 3)=[◥], (2, 4)=[^], (2, 7)=[>], (1, 7)=[◤], (0, 7)=[◢], (8, 2)=[^], (4, 2)=[◢]}
19 Jan 2025 01:10:27 GMT Zwierzę poruszyło się z (2, 1) na (2, 1)
19 Jan 2025 01:10:27 GMT Długość listy pozycji: 10
Lista pozycji zwierząt: {(9, 8)=[◣], (2, 1)=[◢], (4, 6)=[^], (1, 3)=[◥], (2, 4)=[^], (2, 7)=[>], (1, 7)=[◤], (0, 7)=[◢], (8, 2)=[◥], (4, 2)=[◢]}
19 Jan 2025 01:10:27 GMT Zwierzę poruszyło się z (8, 2) na (8, 2)
19 Jan 2025 01:10:27 GMT Długość listy pozycji: 10
Lista pozycji zwierząt: {(9, 8)=[◣], (2, 1)=[◢], (4, 6)=[^], (1, 3)=[◥], (2, 4)=[^], (2, 7)=[◢], (1, 7)=[◤], (0, 7)=[◢], (8, 2)=[◥], (4, 2)=[◢]}
19 Jan 2025 01:10:27 GMT Zwierzę poruszyło się z (2, 7) na (2, 7)
19 Jan 2025 01:10:27 GMT Długość listy pozycji: 10
Lista pozycji zwierząt: {(9, 8)=[◣], (2, 1)=[◢], (4, 6)=[^], (1, 3)=[◥], (2, 4)=[^], (2, 7)=[◢], (1, 7)=[◤], (0, 7)=[◢], (8, 2)=[◥], (4, 2)=[◣]}
19 Jan 2025 01:10:27 GMT Zwierzę poruszyło się z (4, 2) na (4, 2)
19 Jan 2025 01:10:27 GMT Długość listy pozycji: 10
Lista pozycji zwierząt: {(9, 8)=[◣], (2, 1)=[◢], (4, 6)=[v], (1, 3)=[◥], (2, 4)=[^], (2, 7)=[◢], (1, 7)=[◤], (0, 7)=[◢], (8, 2)=[◥], (4, 2)=[◣]}
19 Jan 2025 01:10:27 GMT Zwierzę poruszyło się z (4, 6) na (4, 6)
19 Jan 2025 01:10:28 GMT Roślinka wyrosła na null
19 Jan 2025 01:10:28 GMT Roślinka wyrosła na null
19 Jan 2025 01:10:28 GMT Roślinka wyrosła na null
19 Jan 2025 01:10:28 GMT Roślinka wyrosła na null
19 Jan 2025 01:10:28 GMT Roślinka wyrosła na null
19 Jan 2025 01:10:28 GMT Roślinka wyrosła na null
19 Jan 2025 01:10:28 GMT Roślinka wyrosła na null
19 Jan 2025 01:10:28 GMT Roślinka wyrosła na null
19 Jan 2025 01:10:28 GMT Roślinka wyrosła na null
19 Jan 2025 01:10:28 GMT Roślinka wyrosła na null
19 Jan 2025 01:10:28 GMT Długość listy pozycji: 10
Lista pozycji zwierząt: {(9, 8)=[◣], (2, 1)=[◢], (4, 6)=[v], (1, 3)=[◥], (2, 4)=[^], (2, 7)=[◢], (1, 7)=[◤], (0, 7)=[◥], (8, 2)=[◥], (4, 2)=[◣]}
19 Jan 2025 01:10:28 GMT Zwierzę poruszyło się z (0, 7) na (0, 7)
19 Jan 2025 01:10:28 GMT Długość listy pozycji: 10
Lista pozycji zwierząt: {(9, 8)=[◣], (2, 1)=[◢], (4, 6)=[v], (1, 3)=[◥], (2, 4)=[^], (2, 7)=[◢], (1, 7)=[◥], (0, 7)=[◥], (8, 2)=[◥], (4, 2)=[◣]}
19 Jan 2025 01:10:28 GMT Zwierzę poruszyło się z (1, 7) na (1, 7)
19 Jan 2025 01:10:28 GMT Długość listy pozycji: 10
Lista pozycji zwierząt: {(9, 8)=[◣], (2, 1)=[◢], (4, 6)=[v], (1, 3)=[◥], (2, 4)=[◤], (2, 7)=[◢], (1, 7)=[◥], (0, 7)=[◥], (8, 2)=[◥], (4, 2)=[◣]}
19 Jan 2025 01:10:28 GMT Zwierzę poruszyło się z (2, 4) na (2, 4)
19 Jan 2025 01:10:28 GMT Długość listy pozycji: 10
Lista pozycji zwierząt: {(2, 1)=[◢], (4, 6)=[v], (1, 3)=[◥], (2, 4)=[◤], (2, 7)=[◢], (1, 7)=[◥], (0, 7)=[◥], (0, 9)=[◥], (8, 2)=[◥], (4, 2)=[◣]}
19 Jan 2025 01:10:28 GMT Zwierzę poruszyło się z (9, 8) na (0, 9)
19 Jan 2025 01:10:29 GMT Długość listy pozycji: 10
Lista pozycji zwierząt: {(2, 1)=[◢], (4, 6)=[v], (1, 3)=[<], (2, 4)=[◤], (2, 7)=[◢], (1, 7)=[◥], (0, 7)=[◥], (0, 9)=[◥], (8, 2)=[◥], (4, 2)=[◣]}
19 Jan 2025 01:10:29 GMT Zwierzę poruszyło się z (1, 3) na (1, 3)
19 Jan 2025 01:10:29 GMT Długość listy pozycji: 10
Lista pozycji zwierząt: {(2, 1)=[◣], (4, 6)=[v], (1, 3)=[<], (2, 4)=[◤], (2, 7)=[◢], (1, 7)=[◥], (0, 7)=[◥], (0, 9)=[◥], (8, 2)=[◥], (4, 2)=[◣]}
19 Jan 2025 01:10:29 GMT Zwierzę poruszyło się z (2, 1) na (2, 1)
19 Jan 2025 01:10:29 GMT Długość listy pozycji: 10
Lista pozycji zwierząt: {(2, 1)=[◣], (4, 6)=[v], (1, 3)=[<], (2, 4)=[◤], (2, 7)=[◢], (1, 7)=[◥], (0, 7)=[◥], (0, 9)=[◥], (8, 2)=[^], (4, 2)=[◣]}
19 Jan 2025 01:10:29 GMT Zwierzę poruszyło się z (8, 2) na (8, 2)
19 Jan 2025 01:10:29 GMT Długość listy pozycji: 10
Lista pozycji zwierząt: {(2, 1)=[◣], (4, 6)=[v], (1, 3)=[<], (2, 4)=[◤], (2, 7)=[◣], (1, 7)=[◥], (0, 7)=[◥], (0, 9)=[◥], (8, 2)=[^], (4, 2)=[◣]}
19 Jan 2025 01:10:29 GMT Zwierzę poruszyło się z (2, 7) na (2, 7)
19 Jan 2025 01:10:29 GMT Długość listy pozycji: 10
Lista pozycji zwierząt: {(2, 1)=[◣], (4, 6)=[v], (1, 3)=[<], (2, 4)=[◤], (2, 7)=[◣], (1, 7)=[◥], (0, 7)=[◥], (0, 9)=[◥], (8, 2)=[^], (4, 2)=[◢]}
19 Jan 2025 01:10:29 GMT Zwierzę poruszyło się z (4, 2) na (4, 2)
19 Jan 2025 01:10:29 GMT Długość listy pozycji: 10
Lista pozycji zwierząt: {(2, 1)=[◣], (4, 6)=[>], (1, 3)=[<], (2, 4)=[◤], (2, 7)=[◣], (1, 7)=[◥], (0, 7)=[◥], (0, 9)=[◥], (8, 2)=[^], (4, 2)=[◢]}
19 Jan 2025 01:10:29 GMT Zwierzę poruszyło się z (4, 6) na (4, 6)
19 Jan 2025 01:10:29 GMT Zwierzę zjadło roślinkę na (0, 9)
19 Jan 2025 01:10:29 GMT Roślinka wyrosła na null
19 Jan 2025 01:10:29 GMT Roślinka wyrosła na null
19 Jan 2025 01:10:29 GMT Roślinka wyrosła na null
19 Jan 2025 01:10:29 GMT Roślinka wyrosła na null
19 Jan 2025 01:10:29 GMT Roślinka wyrosła na null
19 Jan 2025 01:10:29 GMT Roślinka wyrosła na null
19 Jan 2025 01:10:29 GMT Roślinka wyrosła na null
19 Jan 2025 01:10:29 GMT Roślinka wyrosła na null
19 Jan 2025 01:10:29 GMT Roślinka wyrosła na null
19 Jan 2025 01:10:29 GMT Roślinka wyrosła na null
