19 Jan 2025 01:21:48 GMT Zwierze zostało położone na (4, 4)
19 Jan 2025 01:21:48 GMT Zwierze zostało położone na (8, 3)
19 Jan 2025 01:21:48 GMT Zwierze zostało położone na (8, 7)
19 Jan 2025 01:21:48 GMT Zwierze zostało położone na (1, 8)
19 Jan 2025 01:21:48 GMT Zwierze zostało położone na (6, 8)
19 Jan 2025 01:21:48 GMT Zwierze zostało położone na (3, 4)
19 Jan 2025 01:21:48 GMT Zwierze zostało położone na (0, 7)
19 Jan 2025 01:21:48 GMT Zwierze zostało położone na (6, 0)
19 Jan 2025 01:21:48 GMT Zwierze zostało położone na (1, 5)
19 Jan 2025 01:21:48 GMT Zwierze zostało położone na (6, 1)
19 Jan 2025 01:21:48 GMT Długość listy pozycji: 10
Lista pozycji zwierząt: {(8, 7)=[v], (4, 4)=[<], (3, 4)=[>], (6, 8)=[◣], (1, 5)=[◥], (0, 7)=[◥], (1, 8)=[◣], (6, 0)=[◤], (6, 1)=[<], (8, 3)=[◤]}
19 Jan 2025 01:21:48 GMT Zwierzę poruszyło się z (4, 4) na (4, 4)
19 Jan 2025 01:21:49 GMT Długość listy pozycji: 10
Lista pozycji zwierząt: {(8, 7)=[v], (4, 4)=[<], (3, 4)=[>], (6, 8)=[◣], (1, 5)=[◥], (0, 7)=[◥], (1, 8)=[◣], (6, 0)=[◤], (6, 1)=[<], (8, 3)=[<]}
19 Jan 2025 01:21:49 GMT Zwierzę poruszyło się z (8, 3) na (8, 3)
19 Jan 2025 01:21:49 GMT Długość listy pozycji: 10
Lista pozycji zwierząt: {(8, 7)=[^], (4, 4)=[<], (3, 4)=[>], (6, 8)=[◣], (1, 5)=[◥], (0, 7)=[◥], (1, 8)=[◣], (6, 0)=[◤], (6, 1)=[<], (8, 3)=[<]}
19 Jan 2025 01:21:49 GMT Zwierzę poruszyło się z (8, 7) na (8, 7)
19 Jan 2025 01:21:49 GMT Długość listy pozycji: 10
Lista pozycji zwierząt: {(8, 7)=[^], (4, 4)=[<], (3, 4)=[>], (6, 8)=[◣], (1, 5)=[◥], (0, 7)=[◥], (1, 8)=[>], (6, 0)=[◤], (6, 1)=[<], (8, 3)=[<]}
19 Jan 2025 01:21:49 GMT Zwierzę poruszyło się z (1, 8) na (1, 8)
19 Jan 2025 01:21:49 GMT Długość listy pozycji: 10
Lista pozycji zwierząt: {(8, 7)=[^], (4, 4)=[<], (3, 4)=[>], (6, 8)=[>], (1, 5)=[◥], (0, 7)=[◥], (1, 8)=[>], (6, 0)=[◤], (6, 1)=[<], (8, 3)=[<]}
19 Jan 2025 01:21:49 GMT Zwierzę poruszyło się z (6, 8) na (6, 8)
19 Jan 2025 01:21:49 GMT Długość listy pozycji: 10
Lista pozycji zwierząt: {(8, 7)=[^], (4, 4)=[<], (3, 4)=[v], (6, 8)=[>], (1, 5)=[◥], (0, 7)=[◥], (1, 8)=[>], (6, 0)=[◤], (6, 1)=[<], (8, 3)=[<]}
19 Jan 2025 01:21:49 GMT Zwierzę poruszyło się z (3, 4) na (3, 4)
19 Jan 2025 01:21:49 GMT Długość listy pozycji: 10
Lista pozycji zwierząt: {(8, 7)=[^], (4, 4)=[<], (3, 4)=[v], (6, 8)=[>], (1, 5)=[◥], (0, 7)=[>], (1, 8)=[>], (6, 0)=[◤], (6, 1)=[<], (8, 3)=[<]}
19 Jan 2025 01:21:49 GMT Zwierzę poruszyło się z (0, 7) na (0, 7)
19 Jan 2025 01:21:49 GMT Długość listy pozycji: 10
Lista pozycji zwierząt: {(8, 7)=[^], (4, 4)=[<], (3, 4)=[v], (6, 8)=[>], (1, 5)=[◥], (0, 7)=[>], (1, 8)=[>], (6, 0)=[<], (6, 1)=[<], (8, 3)=[<]}
19 Jan 2025 01:21:49 GMT Zwierzę poruszyło się z (6, 0) na (6, 0)
19 Jan 2025 01:21:49 GMT Długość listy pozycji: 10
Lista pozycji zwierząt: {(8, 7)=[^], (4, 4)=[<], (3, 4)=[v], (6, 8)=[>], (1, 5)=[>], (0, 7)=[>], (1, 8)=[>], (6, 0)=[<], (6, 1)=[<], (8, 3)=[<]}
19 Jan 2025 01:21:49 GMT Zwierzę poruszyło się z (1, 5) na (1, 5)
19 Jan 2025 01:21:49 GMT Długość listy pozycji: 10
Lista pozycji zwierząt: {(8, 7)=[^], (4, 4)=[<], (3, 4)=[v], (6, 8)=[>], (1, 5)=[>], (0, 7)=[>], (1, 8)=[>], (6, 0)=[<], (6, 1)=[v], (8, 3)=[<]}
19 Jan 2025 01:21:49 GMT Zwierzę poruszyło się z (6, 1) na (6, 1)
19 Jan 2025 01:21:50 GMT Roślinka wyrosła na (6, 3)
19 Jan 2025 01:21:50 GMT Roślinka wyrosła na (1, 5)
19 Jan 2025 01:21:50 GMT Roślinka wyrosła na (2, 5)
19 Jan 2025 01:21:50 GMT Roślinka wyrosła na (2, 0)
19 Jan 2025 01:21:50 GMT Roślinka wyrosła na (4, 5)
19 Jan 2025 01:21:50 GMT Roślinka wyrosła na (5, 5)
19 Jan 2025 01:21:50 GMT Roślinka wyrosła na (4, 9)
19 Jan 2025 01:21:50 GMT Roślinka wyrosła na (0, 6)
19 Jan 2025 01:21:50 GMT Roślinka wyrosła na (9, 3)
19 Jan 2025 01:21:50 GMT Roślinka wyrosła na (5, 4)
19 Jan 2025 01:21:50 GMT Długość listy pozycji: 10
Lista pozycji zwierząt: {(8, 7)=[^], (4, 4)=[◤], (3, 4)=[v], (6, 8)=[>], (1, 5)=[>], (0, 7)=[>], (1, 8)=[>], (6, 0)=[<], (6, 1)=[v], (8, 3)=[<]}
19 Jan 2025 01:21:50 GMT Zwierzę poruszyło się z (4, 4) na (4, 4)
19 Jan 2025 01:21:50 GMT Długość listy pozycji: 10
Lista pozycji zwierząt: {(8, 7)=[^], (4, 4)=[◤], (3, 4)=[v], (6, 8)=[>], (1, 5)=[>], (0, 7)=[>], (1, 8)=[>], (6, 0)=[<], (6, 1)=[v], (8, 3)=[◥]}
19 Jan 2025 01:21:50 GMT Zwierzę poruszyło się z (8, 3) na (8, 3)
19 Jan 2025 01:21:50 GMT Długość listy pozycji: 10
Lista pozycji zwierząt: {(8, 7)=[◣], (4, 4)=[◤], (3, 4)=[v], (6, 8)=[>], (1, 5)=[>], (0, 7)=[>], (1, 8)=[>], (6, 0)=[<], (6, 1)=[v], (8, 3)=[◥]}
19 Jan 2025 01:21:50 GMT Zwierzę poruszyło się z (8, 7) na (8, 7)
19 Jan 2025 01:21:50 GMT Długość listy pozycji: 10
Lista pozycji zwierząt: {(8, 7)=[◣], (4, 4)=[◤], (3, 4)=[v], (6, 8)=[>], (1, 5)=[>], (0, 7)=[>], (1, 8)=[◢], (6, 0)=[<], (6, 1)=[v], (8, 3)=[◥]}
19 Jan 2025 01:21:50 GMT Zwierzę poruszyło się z (1, 8) na (1, 8)
19 Jan 2025 01:21:50 GMT Długość listy pozycji: 10
Lista pozycji zwierząt: {(8, 7)=[◣], (4, 4)=[◤], (3, 4)=[v], (6, 8)=[◣], (1, 5)=[>], (0, 7)=[>], (1, 8)=[◢], (6, 0)=[<], (6, 1)=[v], (8, 3)=[◥]}
19 Jan 2025 01:21:50 GMT Zwierzę poruszyło się z (6, 8) na (6, 8)
19 Jan 2025 01:21:50 GMT Długość listy pozycji: 10
Lista pozycji zwierząt: {(8, 7)=[◣], (4, 4)=[◤], (3, 4)=[<], (6, 8)=[◣], (1, 5)=[>], (0, 7)=[>], (1, 8)=[◢], (6, 0)=[<], (6, 1)=[v], (8, 3)=[◥]}
19 Jan 2025 01:21:50 GMT Zwierzę poruszyło się z (3, 4) na (3, 4)
19 Jan 2025 01:21:51 GMT Długość listy pozycji: 10
Lista pozycji zwierząt: {(8, 7)=[◣], (4, 4)=[◤], (3, 4)=[<], (6, 8)=[◣], (1, 5)=[>], (0, 7)=[◢], (1, 8)=[◢], (6, 0)=[<], (6, 1)=[v], (8, 3)=[◥]}
19 Jan 2025 01:21:51 GMT Zwierzę poruszyło się z (0, 7) na (0, 7)
19 Jan 2025 01:21:51 GMT Długość listy pozycji: 10
Lista pozycji zwierząt: {(8, 7)=[◣], (4, 4)=[◤], (3, 4)=[<], (6, 8)=[◣], (1, 5)=[>], (0, 7)=[◢], (1, 8)=[◢], (6, 0)=[◤], (6, 1)=[v], (8, 3)=[◥]}
19 Jan 2025 01:21:51 GMT Zwierzę poruszyło się z (6, 0) na (6, 0)
19 Jan 2025 01:21:51 GMT Długość listy pozycji: 10
Lista pozycji zwierząt: {(8, 7)=[◣], (4, 4)=[◤], (3, 4)=[<], (6, 8)=[◣], (1, 5)=[^], (0, 7)=[◢], (1, 8)=[◢], (6, 0)=[◤], (6, 1)=[v], (8, 3)=[◥]}
19 Jan 2025 01:21:51 GMT Zwierzę poruszyło się z (1, 5) na (1, 5)
19 Jan 2025 01:21:51 GMT Długość listy pozycji: 10
Lista pozycji zwierząt: {(8, 7)=[◣], (4, 4)=[◤], (3, 4)=[<], (6, 8)=[◣], (1, 5)=[^], (0, 7)=[◢], (1, 8)=[◢], (6, 0)=[◤], (6, 1)=[<], (8, 3)=[◥]}
19 Jan 2025 01:21:51 GMT Zwierzę poruszyło się z (6, 1) na (6, 1)
19 Jan 2025 01:21:51 GMT Zwierzę zjadło roślinkę na (1, 5)
19 Jan 2025 01:21:51 GMT Roślinka wyrosła na (0, 5)
19 Jan 2025 01:21:51 GMT Roślinka wyrosła na (5, 6)
19 Jan 2025 01:21:51 GMT Roślinka wyrosła na (6, 5)
19 Jan 2025 01:21:51 GMT Roślinka wyrosła na (3, 5)
19 Jan 2025 01:21:51 GMT Roślinka wyrosła na (7, 7)
19 Jan 2025 01:21:51 GMT Roślinka wyrosła na (7, 5)
19 Jan 2025 01:21:51 GMT Roślinka wyrosła na (1, 6)
19 Jan 2025 01:21:51 GMT Roślinka wyrosła na (5, 3)
19 Jan 2025 01:21:51 GMT Roślinka wyrosła na (3, 8)
19 Jan 2025 01:21:51 GMT Roślinka wyrosła na (2, 1)
19 Jan 2025 01:21:51 GMT Długość listy pozycji: 10
Lista pozycji zwierząt: {(8, 7)=[◣], (4, 4)=[◣], (3, 4)=[<], (6, 8)=[◣], (1, 5)=[^], (0, 7)=[◢], (1, 8)=[◢], (6, 0)=[◤], (6, 1)=[<], (8, 3)=[◥]}
19 Jan 2025 01:21:52 GMT Zwierzę poruszyło się z (4, 4) na (4, 4)
19 Jan 2025 01:21:52 GMT Długość listy pozycji: 10
Lista pozycji zwierząt: {(8, 7)=[◣], (4, 4)=[◣], (3, 4)=[<], (6, 8)=[◣], (1, 5)=[^], (0, 7)=[◢], (1, 8)=[◢], (6, 0)=[◤], (6, 1)=[<], (8, 3)=[◢]}
19 Jan 2025 01:21:52 GMT Zwierzę poruszyło się z (8, 3) na (8, 3)
19 Jan 2025 01:21:52 GMT Długość listy pozycji: 10
Lista pozycji zwierząt: {(8, 7)=[<], (4, 4)=[◣], (3, 4)=[<], (6, 8)=[◣], (1, 5)=[^], (0, 7)=[◢], (1, 8)=[◢], (6, 0)=[◤], (6, 1)=[<], (8, 3)=[◢]}
19 Jan 2025 01:21:52 GMT Zwierzę poruszyło się z (8, 7) na (8, 7)
19 Jan 2025 01:21:52 GMT Długość listy pozycji: 10
Lista pozycji zwierząt: {(8, 7)=[<], (4, 4)=[◣], (3, 4)=[<], (6, 8)=[◣], (1, 5)=[^], (0, 7)=[◢], (1, 8)=[◣], (6, 0)=[◤], (6, 1)=[<], (8, 3)=[◢]}
19 Jan 2025 01:21:52 GMT Zwierzę poruszyło się z (1, 8) na (1, 8)
19 Jan 2025 01:21:52 GMT Długość listy pozycji: 10
Lista pozycji zwierząt: {(8, 7)=[<], (4, 4)=[◣], (3, 4)=[<], (6, 8)=[>], (1, 5)=[^], (0, 7)=[◢], (1, 8)=[◣], (6, 0)=[◤], (6, 1)=[<], (8, 3)=[◢]}
19 Jan 2025 01:21:52 GMT Zwierzę poruszyło się z (6, 8) na (6, 8)
19 Jan 2025 01:21:52 GMT Długość listy pozycji: 10
Lista pozycji zwierząt: {(8, 7)=[<], (4, 4)=[◣], (3, 4)=[◤], (6, 8)=[>], (1, 5)=[^], (0, 7)=[◢], (1, 8)=[◣], (6, 0)=[◤], (6, 1)=[<], (8, 3)=[◢]}
19 Jan 2025 01:21:52 GMT Zwierzę poruszyło się z (3, 4) na (3, 4)
19 Jan 2025 01:21:53 GMT Długość listy pozycji: 10
Lista pozycji zwierząt: {(8, 7)=[<], (4, 4)=[◣], (3, 4)=[◤], (6, 8)=[>], (1, 5)=[^], (0, 7)=[◥], (1, 8)=[◣], (6, 0)=[◤], (6, 1)=[<], (8, 3)=[◢]}
19 Jan 2025 01:21:53 GMT Zwierzę poruszyło się z (0, 7) na (0, 7)
19 Jan 2025 01:21:53 GMT Długość listy pozycji: 10
Lista pozycji zwierząt: {(8, 7)=[<], (4, 4)=[◣], (3, 4)=[◤], (6, 8)=[>], (1, 5)=[^], (0, 7)=[◥], (1, 8)=[◣], (6, 0)=[^], (6, 1)=[<], (8, 3)=[◢]}
19 Jan 2025 01:21:53 GMT Zwierzę poruszyło się z (6, 0) na (6, 0)
19 Jan 2025 01:21:53 GMT Długość listy pozycji: 10
Lista pozycji zwierząt: {(8, 7)=[<], (4, 4)=[◣], (3, 4)=[◤], (6, 8)=[>], (1, 5)=[v], (0, 7)=[◥], (1, 8)=[◣], (6, 0)=[^], (6, 1)=[<], (8, 3)=[◢]}
19 Jan 2025 01:21:53 GMT Zwierzę poruszyło się z (1, 5) na (1, 5)
19 Jan 2025 01:21:53 GMT Długość listy pozycji: 10
Lista pozycji zwierząt: {(8, 7)=[<], (4, 4)=[◣], (3, 4)=[◤], (6, 8)=[>], (1, 5)=[v], (0, 7)=[◥], (1, 8)=[◣], (6, 0)=[^], (6, 1)=[v], (8, 3)=[◢]}
19 Jan 2025 01:21:53 GMT Zwierzę poruszyło się z (6, 1) na (6, 1)
19 Jan 2025 01:21:53 GMT Roślinka wyrosła na (9, 4)
19 Jan 2025 01:21:53 GMT Roślinka wyrosła na (2, 3)
19 Jan 2025 01:21:53 GMT Roślinka wyrosła na (3, 1)
19 Jan 2025 01:21:53 GMT Roślinka wyrosła na (1, 4)
19 Jan 2025 01:21:53 GMT Roślinka wyrosła na (6, 2)
19 Jan 2025 01:21:53 GMT Roślinka wyrosła na (3, 7)
19 Jan 2025 01:21:53 GMT Roślinka wyrosła na (5, 2)
19 Jan 2025 01:21:53 GMT Roślinka wyrosła na (9, 8)
19 Jan 2025 01:21:53 GMT Roślinka wyrosła na (9, 2)
19 Jan 2025 01:21:53 GMT Roślinka wyrosła na (9, 7)
19 Jan 2025 01:21:53 GMT Długość listy pozycji: 10
Lista pozycji zwierząt: {(8, 7)=[<], (4, 4)=[<], (3, 4)=[◤], (6, 8)=[>], (1, 5)=[v], (0, 7)=[◥], (1, 8)=[◣], (6, 0)=[^], (6, 1)=[v], (8, 3)=[◢]}
19 Jan 2025 01:21:53 GMT Zwierzę poruszyło się z (4, 4) na (4, 4)
19 Jan 2025 01:21:54 GMT Długość listy pozycji: 10
Lista pozycji zwierząt: {(8, 7)=[<], (4, 4)=[<], (3, 4)=[◤], (6, 8)=[>], (1, 5)=[v], (0, 7)=[◥], (1, 8)=[◣], (6, 0)=[^], (6, 1)=[v], (8, 3)=[<]}
19 Jan 2025 01:21:54 GMT Zwierzę poruszyło się z (8, 3) na (8, 3)
19 Jan 2025 01:21:54 GMT Długość listy pozycji: 10
Lista pozycji zwierząt: {(8, 7)=[^], (4, 4)=[<], (3, 4)=[◤], (6, 8)=[>], (1, 5)=[v], (0, 7)=[◥], (1, 8)=[◣], (6, 0)=[^], (6, 1)=[v], (8, 3)=[<]}
19 Jan 2025 01:21:54 GMT Zwierzę poruszyło się z (8, 7) na (8, 7)
19 Jan 2025 01:21:54 GMT Długość listy pozycji: 10
Lista pozycji zwierząt: {(8, 7)=[^], (4, 4)=[<], (3, 4)=[◤], (6, 8)=[>], (1, 5)=[v], (0, 7)=[◥], (1, 8)=[◢], (6, 0)=[^], (6, 1)=[v], (8, 3)=[<]}
19 Jan 2025 01:21:54 GMT Zwierzę poruszyło się z (1, 8) na (1, 8)
19 Jan 2025 01:21:54 GMT Długość listy pozycji: 10
Lista pozycji zwierząt: {(8, 7)=[^], (4, 4)=[<], (3, 4)=[◤], (6, 8)=[<], (1, 5)=[v], (0, 7)=[◥], (1, 8)=[◢], (6, 0)=[^], (6, 1)=[v], (8, 3)=[<]}
19 Jan 2025 01:21:54 GMT Zwierzę poruszyło się z (6, 8) na (6, 8)
19 Jan 2025 01:21:54 GMT Długość listy pozycji: 10
Lista pozycji zwierząt: {(8, 7)=[^], (4, 4)=[<], (3, 4)=[◥], (6, 8)=[<], (1, 5)=[v], (0, 7)=[◥], (1, 8)=[◢], (6, 0)=[^], (6, 1)=[v], (8, 3)=[<]}
19 Jan 2025 01:21:54 GMT Zwierzę poruszyło się z (3, 4) na (3, 4)
19 Jan 2025 01:21:54 GMT Długość listy pozycji: 10
Lista pozycji zwierząt: {(8, 7)=[^], (4, 4)=[<], (3, 4)=[◥], (6, 8)=[<], (1, 5)=[v], (1, 8)=[◢], (6, 0)=[^], (6, 1)=[v], (8, 3)=[<], (9, 7)=[<]}
19 Jan 2025 01:21:54 GMT Zwierzę poruszyło się z (0, 7) na (9, 7)
19 Jan 2025 01:21:54 GMT Długość listy pozycji: 10
Lista pozycji zwierząt: {(8, 7)=[^], (4, 4)=[<], (3, 4)=[◥], (6, 8)=[<], (1, 5)=[v], (1, 8)=[◢], (6, 0)=[^], (6, 1)=[v], (8, 3)=[<], (9, 7)=[<]}
19 Jan 2025 01:21:54 GMT Zwierzę poruszyło się z (6, 0) na (6, 0)
19 Jan 2025 01:21:54 GMT Długość listy pozycji: 10
Lista pozycji zwierząt: {(8, 7)=[^], (4, 4)=[<], (3, 4)=[◥], (6, 8)=[<], (1, 5)=[<], (1, 8)=[◢], (6, 0)=[^], (6, 1)=[v], (8, 3)=[<], (9, 7)=[<]}
19 Jan 2025 01:21:54 GMT Zwierzę poruszyło się z (1, 5) na (1, 5)
19 Jan 2025 01:21:54 GMT Długość listy pozycji: 10
Lista pozycji zwierząt: {(8, 7)=[^], (4, 4)=[<], (3, 4)=[◥], (6, 8)=[<], (1, 5)=[<], (1, 8)=[◢], (6, 0)=[^], (6, 1)=[v], (8, 3)=[<], (9, 7)=[<]}
19 Jan 2025 01:21:54 GMT Zwierzę poruszyło się z (6, 1) na (6, 1)
19 Jan 2025 01:21:55 GMT Zwierzę zjadło roślinkę na (9, 7)
19 Jan 2025 01:21:55 GMT Roślinka wyrosła na (0, 7)
19 Jan 2025 01:21:55 GMT Roślinka wyrosła na (2, 8)
19 Jan 2025 01:21:55 GMT Roślinka wyrosła na (0, 2)
19 Jan 2025 01:21:55 GMT Roślinka wyrosła na (6, 8)
19 Jan 2025 01:21:55 GMT Roślinka wyrosła na (1, 8)
19 Jan 2025 01:21:55 GMT Roślinka wyrosła na (8, 9)
19 Jan 2025 01:21:55 GMT Roślinka wyrosła na (8, 0)
19 Jan 2025 01:21:55 GMT Roślinka wyrosła na (4, 2)
19 Jan 2025 01:21:55 GMT Roślinka wyrosła na (1, 2)
19 Jan 2025 01:21:55 GMT Roślinka wyrosła na (4, 8)
19 Jan 2025 01:21:55 GMT Długość listy pozycji: 10
Lista pozycji zwierząt: {(8, 7)=[^], (4, 4)=[◣], (3, 4)=[◥], (6, 8)=[<], (1, 5)=[<], (1, 8)=[◢], (6, 0)=[^], (6, 1)=[v], (8, 3)=[<], (9, 7)=[<]}
19 Jan 2025 01:21:55 GMT Zwierzę poruszyło się z (4, 4) na (4, 4)
19 Jan 2025 01:21:55 GMT Długość listy pozycji: 10
Lista pozycji zwierząt: {(8, 7)=[^], (4, 4)=[◣], (3, 4)=[◥], (6, 8)=[<], (1, 5)=[<], (1, 8)=[◢], (6, 0)=[^], (6, 1)=[v], (8, 3)=[^], (9, 7)=[<]}
19 Jan 2025 01:21:55 GMT Zwierzę poruszyło się z (8, 3) na (8, 3)
19 Jan 2025 01:21:55 GMT Długość listy pozycji: 10
Lista pozycji zwierząt: {(8, 7)=[◥], (4, 4)=[◣], (3, 4)=[◥], (6, 8)=[<], (1, 5)=[<], (1, 8)=[◢], (6, 0)=[^], (6, 1)=[v], (8, 3)=[^], (9, 7)=[<]}
19 Jan 2025 01:21:55 GMT Zwierzę poruszyło się z (8, 7) na (8, 7)
19 Jan 2025 01:21:55 GMT Długość listy pozycji: 10
Lista pozycji zwierząt: {(8, 7)=[◥], (4, 4)=[◣], (3, 4)=[◥], (6, 8)=[<], (1, 5)=[<], (1, 8)=[◤], (6, 0)=[^], (6, 1)=[v], (8, 3)=[^], (9, 7)=[<]}
19 Jan 2025 01:21:55 GMT Zwierzę poruszyło się z (1, 8) na (1, 8)
19 Jan 2025 01:21:55 GMT Długość listy pozycji: 10
Lista pozycji zwierząt: {(8, 7)=[◥], (4, 4)=[◣], (3, 4)=[◥], (6, 8)=[>], (1, 5)=[<], (1, 8)=[◤], (6, 0)=[^], (6, 1)=[v], (8, 3)=[^], (9, 7)=[<]}
19 Jan 2025 01:21:55 GMT Zwierzę poruszyło się z (6, 8) na (6, 8)
19 Jan 2025 01:21:56 GMT Długość listy pozycji: 10
Lista pozycji zwierząt: {(8, 7)=[◥], (4, 4)=[◣], (3, 4)=[◣], (6, 8)=[>], (1, 5)=[<], (1, 8)=[◤], (6, 0)=[^], (6, 1)=[v], (8, 3)=[^], (9, 7)=[<]}
19 Jan 2025 01:21:56 GMT Zwierzę poruszyło się z (3, 4) na (3, 4)
19 Jan 2025 01:21:56 GMT Długość listy pozycji: 10
Lista pozycji zwierząt: {(8, 7)=[◥], (4, 4)=[◣], (3, 4)=[◣], (6, 8)=[>], (1, 5)=[<], (1, 8)=[◤], (6, 0)=[^], (6, 1)=[v], (8, 3)=[^], (9, 7)=[<]}
19 Jan 2025 01:21:56 GMT Zwierzę poruszyło się z (9, 7) na (9, 7)
19 Jan 2025 01:21:56 GMT Długość listy pozycji: 10
Lista pozycji zwierząt: {(8, 7)=[◥], (4, 4)=[◣], (3, 4)=[◣], (6, 8)=[>], (1, 5)=[<], (1, 8)=[◤], (6, 0)=[<], (6, 1)=[v], (8, 3)=[^], (9, 7)=[<]}
19 Jan 2025 01:21:56 GMT Zwierzę poruszyło się z (6, 0) na (6, 0)
19 Jan 2025 01:21:56 GMT Długość listy pozycji: 10
Lista pozycji zwierząt: {(8, 7)=[◥], (4, 4)=[◣], (3, 4)=[◣], (6, 8)=[>], (1, 5)=[◢], (1, 8)=[◤], (6, 0)=[<], (6, 1)=[v], (8, 3)=[^], (9, 7)=[<]}
19 Jan 2025 01:21:56 GMT Zwierzę poruszyło się z (1, 5) na (1, 5)
19 Jan 2025 01:21:56 GMT Długość listy pozycji: 10
Lista pozycji zwierząt: {(8, 7)=[◥], (4, 4)=[◣], (3, 4)=[◣], (6, 8)=[>], (1, 5)=[◢], (1, 8)=[◤], (6, 0)=[<], (6, 1)=[^], (8, 3)=[^], (9, 7)=[<]}
19 Jan 2025 01:21:56 GMT Zwierzę poruszyło się z (6, 1) na (6, 1)
19 Jan 2025 01:21:56 GMT Zwierzę zjadło roślinkę na (6, 8)
19 Jan 2025 01:21:56 GMT Zwierzę zjadło roślinkę na (1, 8)
19 Jan 2025 01:21:56 GMT Roślinka wyrosła na (3, 4)
19 Jan 2025 01:21:56 GMT Roślinka wyrosła na (2, 4)
19 Jan 2025 01:21:56 GMT Roślinka wyrosła na (8, 7)
19 Jan 2025 01:21:56 GMT Roślinka wyrosła na (5, 7)
19 Jan 2025 01:21:56 GMT Roślinka wyrosła na (1, 7)
19 Jan 2025 01:21:56 GMT Roślinka wyrosła na (7, 2)
19 Jan 2025 01:21:56 GMT Roślinka wyrosła na (4, 0)
19 Jan 2025 01:21:56 GMT Roślinka wyrosła na (1, 3)
19 Jan 2025 01:21:56 GMT Roślinka wyrosła na (6, 1)
19 Jan 2025 01:21:56 GMT Roślinka wyrosła na (7, 9)
19 Jan 2025 01:21:57 GMT Długość listy pozycji: 10
Lista pozycji zwierząt: {(8, 7)=[◥], (4, 4)=[>], (3, 4)=[◣], (6, 8)=[>], (1, 5)=[◢], (1, 8)=[◤], (6, 0)=[<], (6, 1)=[^], (8, 3)=[^], (9, 7)=[<]}
19 Jan 2025 01:21:57 GMT Zwierzę poruszyło się z (4, 4) na (4, 4)
19 Jan 2025 01:21:57 GMT Długość listy pozycji: 10
Lista pozycji zwierząt: {(8, 7)=[◥], (4, 4)=[>], (3, 4)=[◣], (6, 8)=[>], (1, 5)=[◢], (1, 8)=[◤], (6, 0)=[<], (6, 1)=[^], (8, 3)=[◣], (9, 7)=[<]}
19 Jan 2025 01:21:57 GMT Zwierzę poruszyło się z (8, 3) na (8, 3)
19 Jan 2025 01:21:57 GMT Długość listy pozycji: 10
Lista pozycji zwierząt: {(8, 7)=[◢], (4, 4)=[>], (3, 4)=[◣], (6, 8)=[>], (1, 5)=[◢], (1, 8)=[◤], (6, 0)=[<], (6, 1)=[^], (8, 3)=[◣], (9, 7)=[<]}
19 Jan 2025 01:21:57 GMT Zwierzę poruszyło się z (8, 7) na (8, 7)
19 Jan 2025 01:21:57 GMT Długość listy pozycji: 10
Lista pozycji zwierząt: {(8, 7)=[◢], (4, 4)=[>], (3, 4)=[◣], (6, 8)=[>], (1, 5)=[◢], (1, 8)=[^], (6, 0)=[<], (6, 1)=[^], (8, 3)=[◣], (9, 7)=[<]}
19 Jan 2025 01:21:57 GMT Zwierzę poruszyło się z (1, 8) na (1, 8)
19 Jan 2025 01:21:57 GMT Długość listy pozycji: 10
Lista pozycji zwierząt: {(8, 7)=[◢], (4, 4)=[>], (3, 4)=[◣], (6, 8)=[<], (1, 5)=[◢], (1, 8)=[^], (6, 0)=[<], (6, 1)=[^], (8, 3)=[◣], (9, 7)=[<]}
19 Jan 2025 01:21:57 GMT Zwierzę poruszyło się z (6, 8) na (6, 8)
19 Jan 2025 01:21:57 GMT Długość listy pozycji: 10
Lista pozycji zwierząt: {(8, 7)=[◢], (4, 4)=[>], (3, 4)=[◥], (6, 8)=[<], (1, 5)=[◢], (1, 8)=[^], (6, 0)=[<], (6, 1)=[^], (8, 3)=[◣], (9, 7)=[<]}
19 Jan 2025 01:21:57 GMT Zwierzę poruszyło się z (3, 4) na (3, 4)
19 Jan 2025 01:21:57 GMT Długość listy pozycji: 10
Lista pozycji zwierząt: {(8, 7)=[◢], (4, 4)=[>], (3, 4)=[◥], (6, 8)=[<], (1, 5)=[◢], (1, 8)=[^], (6, 0)=[<], (6, 1)=[^], (8, 3)=[◣], (9, 7)=[<]}
19 Jan 2025 01:21:57 GMT Zwierzę poruszyło się z (9, 7) na (9, 7)
19 Jan 2025 01:21:57 GMT Długość listy pozycji: 10
Lista pozycji zwierząt: {(8, 7)=[◢], (4, 4)=[>], (3, 4)=[◥], (6, 8)=[<], (1, 5)=[◢], (1, 8)=[^], (6, 0)=[^], (6, 1)=[^], (8, 3)=[◣], (9, 7)=[<]}
19 Jan 2025 01:21:57 GMT Zwierzę poruszyło się z (6, 0) na (6, 0)
19 Jan 2025 01:21:58 GMT Długość listy pozycji: 10
Lista pozycji zwierząt: {(8, 7)=[◢], (4, 4)=[>], (3, 4)=[◥], (6, 8)=[<], (1, 5)=[◣], (1, 8)=[^], (6, 0)=[^], (6, 1)=[^], (8, 3)=[◣], (9, 7)=[<]}
19 Jan 2025 01:21:58 GMT Zwierzę poruszyło się z (1, 5) na (1, 5)
19 Jan 2025 01:21:58 GMT Długość listy pozycji: 10
Lista pozycji zwierząt: {(8, 7)=[◢], (4, 4)=[>], (3, 4)=[◥], (6, 8)=[<], (1, 5)=[◣], (1, 8)=[^], (6, 0)=[^], (6, 1)=[◣], (8, 3)=[◣], (9, 7)=[<]}
19 Jan 2025 01:21:58 GMT Zwierzę poruszyło się z (6, 1) na (6, 1)
19 Jan 2025 01:21:58 GMT Zwierzę zjadło roślinkę na (8, 7)
19 Jan 2025 01:21:58 GMT Zwierzę zjadło roślinkę na (3, 4)
19 Jan 2025 01:21:58 GMT Zwierzę zjadło roślinkę na (6, 1)
19 Jan 2025 01:21:58 GMT Roślinka wyrosła na (6, 4)
19 Jan 2025 01:21:58 GMT Roślinka wyrosła na (8, 4)
19 Jan 2025 01:21:58 GMT Roślinka wyrosła na (0, 3)
19 Jan 2025 01:21:58 GMT Roślinka wyrosła na (8, 2)
19 Jan 2025 01:21:58 GMT Roślinka wyrosła na (9, 0)
19 Jan 2025 01:21:58 GMT Roślinka wyrosła na (3, 3)
19 Jan 2025 01:21:58 GMT Roślinka wyrosła na (9, 1)
19 Jan 2025 01:21:58 GMT Roślinka wyrosła na (5, 9)
19 Jan 2025 01:21:58 GMT Roślinka wyrosła na (0, 8)
19 Jan 2025 01:21:58 GMT Roślinka wyrosła na (8, 8)
19 Jan 2025 01:21:58 GMT Długość listy pozycji: 10
Lista pozycji zwierząt: {(8, 7)=[◢], (4, 4)=[<], (3, 4)=[◥], (6, 8)=[<], (1, 5)=[◣], (1, 8)=[^], (6, 0)=[^], (6, 1)=[◣], (8, 3)=[◣], (9, 7)=[<]}
19 Jan 2025 01:21:58 GMT Zwierzę poruszyło się z (4, 4) na (4, 4)
19 Jan 2025 01:21:58 GMT Długość listy pozycji: 10
Lista pozycji zwierząt: {(8, 7)=[◢], (4, 4)=[<], (3, 4)=[◥], (6, 8)=[<], (1, 5)=[◣], (1, 8)=[^], (6, 0)=[^], (6, 1)=[◣], (8, 3)=[^], (9, 7)=[<]}
19 Jan 2025 01:21:58 GMT Zwierzę poruszyło się z (8, 3) na (8, 3)
19 Jan 2025 01:21:58 GMT Długość listy pozycji: 10
Lista pozycji zwierząt: {(8, 7)=[◤], (4, 4)=[<], (3, 4)=[◥], (6, 8)=[<], (1, 5)=[◣], (1, 8)=[^], (6, 0)=[^], (6, 1)=[◣], (8, 3)=[^], (9, 7)=[<]}
19 Jan 2025 01:21:58 GMT Zwierzę poruszyło się z (8, 7) na (8, 7)
19 Jan 2025 01:21:59 GMT Długość listy pozycji: 10
Lista pozycji zwierząt: {(8, 7)=[◤], (4, 4)=[<], (3, 4)=[◥], (6, 8)=[<], (1, 5)=[◣], (1, 8)=[◣], (6, 0)=[^], (6, 1)=[◣], (8, 3)=[^], (9, 7)=[<]}
19 Jan 2025 01:21:59 GMT Zwierzę poruszyło się z (1, 8) na (1, 8)
19 Jan 2025 01:21:59 GMT Długość listy pozycji: 10
Lista pozycji zwierząt: {(8, 7)=[◤], (4, 4)=[<], (3, 4)=[◥], (6, 8)=[◥], (1, 5)=[◣], (1, 8)=[◣], (6, 0)=[^], (6, 1)=[◣], (8, 3)=[^], (9, 7)=[<]}
19 Jan 2025 01:21:59 GMT Zwierzę poruszyło się z (6, 8) na (6, 8)
19 Jan 2025 01:21:59 GMT Długość listy pozycji: 10
Lista pozycji zwierząt: {(8, 7)=[◤], (4, 4)=[<], (3, 4)=[v], (6, 8)=[◥], (1, 5)=[◣], (1, 8)=[◣], (6, 0)=[^], (6, 1)=[◣], (8, 3)=[^], (9, 7)=[<]}
19 Jan 2025 01:21:59 GMT Zwierzę poruszyło się z (3, 4) na (3, 4)
19 Jan 2025 01:21:59 GMT Długość listy pozycji: 10
Lista pozycji zwierząt: {(8, 7)=[◤], (4, 4)=[<], (3, 4)=[v], (6, 8)=[◥], (1, 5)=[◣], (0, 6)=[◢], (1, 8)=[◣], (6, 0)=[^], (6, 1)=[◣], (8, 3)=[^]}
19 Jan 2025 01:21:59 GMT Zwierzę poruszyło się z (9, 7) na (0, 6)
19 Jan 2025 01:21:59 GMT Długość listy pozycji: 10
Lista pozycji zwierząt: {(8, 7)=[◤], (4, 4)=[<], (3, 4)=[v], (6, 8)=[◥], (1, 5)=[◣], (0, 6)=[◢], (1, 8)=[◣], (6, 0)=[◥], (6, 1)=[◣], (8, 3)=[^]}
19 Jan 2025 01:21:59 GMT Zwierzę poruszyło się z (6, 0) na (6, 0)
19 Jan 2025 01:21:59 GMT Długość listy pozycji: 10
Lista pozycji zwierząt: {(8, 7)=[◤], (4, 4)=[<], (3, 4)=[v], (6, 8)=[◥], (1, 5)=[◤], (0, 6)=[◢], (1, 8)=[◣], (6, 0)=[◥], (6, 1)=[◣], (8, 3)=[^]}
19 Jan 2025 01:21:59 GMT Zwierzę poruszyło się z (1, 5) na (1, 5)
19 Jan 2025 01:21:59 GMT Długość listy pozycji: 10
Lista pozycji zwierząt: {(8, 7)=[◤], (4, 4)=[<], (3, 4)=[v], (6, 8)=[◥], (1, 5)=[◤], (0, 6)=[◢], (1, 8)=[◣], (6, 0)=[◥], (6, 1)=[◥], (8, 3)=[^]}
19 Jan 2025 01:21:59 GMT Zwierzę poruszyło się z (6, 1) na (6, 1)
19 Jan 2025 01:21:59 GMT Zwierzę zjadło roślinkę na (0, 6)
19 Jan 2025 01:22:00 GMT Roślinka wyrosła na (7, 3)
19 Jan 2025 01:22:00 GMT Roślinka wyrosła na (0, 0)
19 Jan 2025 01:22:00 GMT Roślinka wyrosła na (6, 9)
19 Jan 2025 01:22:00 GMT Roślinka wyrosła na (4, 3)
19 Jan 2025 01:22:00 GMT Roślinka wyrosła na (4, 7)
19 Jan 2025 01:22:00 GMT Roślinka wyrosła na (7, 0)
19 Jan 2025 01:22:00 GMT Roślinka wyrosła na (2, 7)
19 Jan 2025 01:22:00 GMT Roślinka wyrosła na (5, 1)
19 Jan 2025 01:22:00 GMT Roślinka wyrosła na (3, 9)
19 Jan 2025 01:22:00 GMT Roślinka wyrosła na (8, 3)
19 Jan 2025 01:22:00 GMT Długość listy pozycji: 10
Lista pozycji zwierząt: {(8, 7)=[◤], (4, 4)=[>], (3, 4)=[v], (6, 8)=[◥], (1, 5)=[◤], (0, 6)=[◢], (1, 8)=[◣], (6, 0)=[◥], (6, 1)=[◥], (8, 3)=[^]}
19 Jan 2025 01:22:00 GMT Zwierzę poruszyło się z (4, 4) na (4, 4)
19 Jan 2025 01:22:00 GMT Długość listy pozycji: 10
Lista pozycji zwierząt: {(8, 7)=[◤], (4, 4)=[>], (3, 4)=[v], (6, 8)=[◥], (1, 5)=[◤], (0, 6)=[◢], (1, 8)=[◣], (6, 0)=[◥], (6, 1)=[◥], (8, 3)=[◣]}
19 Jan 2025 01:22:00 GMT Zwierzę poruszyło się z (8, 3) na (8, 3)
19 Jan 2025 01:22:00 GMT Długość listy pozycji: 10
Lista pozycji zwierząt: {(8, 7)=[◣], (4, 4)=[>], (3, 4)=[v], (6, 8)=[◥], (1, 5)=[◤], (0, 6)=[◢], (1, 8)=[◣], (6, 0)=[◥], (6, 1)=[◥], (8, 3)=[◣]}
19 Jan 2025 01:22:00 GMT Zwierzę poruszyło się z (8, 7) na (8, 7)
19 Jan 2025 01:22:00 GMT Długość listy pozycji: 10
Lista pozycji zwierząt: {(8, 7)=[◣], (4, 4)=[>], (3, 4)=[v], (6, 8)=[◥], (1, 5)=[◤], (0, 6)=[◢], (1, 8)=[<], (6, 0)=[◥], (6, 1)=[◥], (8, 3)=[◣]}
19 Jan 2025 01:22:00 GMT Zwierzę poruszyło się z (1, 8) na (1, 8)
19 Jan 2025 01:22:00 GMT Długość listy pozycji: 10
Lista pozycji zwierząt: {(8, 7)=[◣], (4, 4)=[>], (3, 4)=[v], (6, 8)=[>], (1, 5)=[◤], (0, 6)=[◢], (1, 8)=[<], (6, 0)=[◥], (6, 1)=[◥], (8, 3)=[◣]}
19 Jan 2025 01:22:00 GMT Zwierzę poruszyło się z (6, 8) na (6, 8)
19 Jan 2025 01:22:00 GMT Długość listy pozycji: 10
Lista pozycji zwierząt: {(8, 7)=[◣], (4, 4)=[>], (3, 4)=[^], (6, 8)=[>], (1, 5)=[◤], (0, 6)=[◢], (1, 8)=[<], (6, 0)=[◥], (6, 1)=[◥], (8, 3)=[◣]}
19 Jan 2025 01:22:00 GMT Zwierzę poruszyło się z (3, 4) na (3, 4)
19 Jan 2025 01:22:00 GMT Długość listy pozycji: 10
Lista pozycji zwierząt: {(8, 7)=[◣], (4, 4)=[>], (3, 4)=[^], (6, 8)=[>], (1, 5)=[◤], (1, 8)=[<], (6, 0)=[◥], (6, 1)=[◥], (8, 3)=[◣], (9, 5)=[◣]}
19 Jan 2025 01:22:00 GMT Zwierzę poruszyło się z (0, 6) na (9, 5)
19 Jan 2025 01:22:01 GMT Długość listy pozycji: 10
Lista pozycji zwierząt: {(8, 7)=[◣], (4, 4)=[>], (3, 4)=[^], (6, 8)=[>], (1, 5)=[◤], (1, 8)=[<], (6, 0)=[◥], (6, 1)=[◥], (8, 3)=[◣], (9, 5)=[◣]}
19 Jan 2025 01:22:01 GMT Zwierzę poruszyło się z (6, 0) na (6, 0)
19 Jan 2025 01:22:01 GMT Długość listy pozycji: 10
Lista pozycji zwierząt: {(8, 7)=[◣], (4, 4)=[>], (3, 4)=[^], (6, 8)=[>], (1, 5)=[>], (1, 8)=[<], (6, 0)=[◥], (6, 1)=[◥], (8, 3)=[◣], (9, 5)=[◣]}
19 Jan 2025 01:22:01 GMT Zwierzę poruszyło się z (1, 5) na (1, 5)
19 Jan 2025 01:22:01 GMT Długość listy pozycji: 10
Lista pozycji zwierząt: {(8, 7)=[◣], (4, 4)=[>], (3, 4)=[^], (6, 8)=[>], (1, 5)=[>], (1, 8)=[<], (6, 0)=[◥], (6, 1)=[v], (8, 3)=[◣], (9, 5)=[◣]}
19 Jan 2025 01:22:01 GMT Zwierzę poruszyło się z (6, 1) na (6, 1)
19 Jan 2025 01:22:01 GMT Zwierzę zjadło roślinkę na (8, 3)
19 Jan 2025 01:22:01 GMT Zwierzę zjadło roślinkę na (9, 5)
19 Jan 2025 01:22:01 GMT Roślinka wyrosła na (0, 9)
19 Jan 2025 01:22:01 GMT Roślinka wyrosła na (3, 2)
19 Jan 2025 01:22:01 GMT Roślinka wyrosła na (0, 1)
19 Jan 2025 01:22:01 GMT Roślinka wyrosła na (4, 1)
19 Jan 2025 01:22:01 GMT Roślinka wyrosła na (0, 4)
19 Jan 2025 01:22:01 GMT Roślinka wyrosła na (6, 7)
19 Jan 2025 01:22:01 GMT Roślinka wyrosła na (1, 1)
19 Jan 2025 01:22:01 GMT Roślinka wyrosła na (1, 9)
19 Jan 2025 01:22:01 GMT Roślinka wyrosła na (9, 9)
19 Jan 2025 01:22:01 GMT Roślinka wyrosła na (7, 4)
19 Jan 2025 01:22:01 GMT Długość listy pozycji: 10
Lista pozycji zwierząt: {(8, 7)=[◣], (4, 4)=[◢], (3, 4)=[^], (6, 8)=[>], (1, 5)=[>], (1, 8)=[<], (6, 0)=[◥], (6, 1)=[v], (8, 3)=[◣], (9, 5)=[◣]}
19 Jan 2025 01:22:01 GMT Zwierzę poruszyło się z (4, 4) na (4, 4)
19 Jan 2025 01:22:01 GMT Długość listy pozycji: 10
Lista pozycji zwierząt: {(8, 7)=[◣], (4, 4)=[◢], (3, 4)=[^], (6, 8)=[>], (1, 5)=[>], (1, 8)=[<], (6, 0)=[◥], (6, 1)=[v], (8, 3)=[◥], (9, 5)=[◣]}
19 Jan 2025 01:22:01 GMT Zwierzę poruszyło się z (8, 3) na (8, 3)
19 Jan 2025 01:22:02 GMT Długość listy pozycji: 10
Lista pozycji zwierząt: {(8, 7)=[◤], (4, 4)=[◢], (3, 4)=[^], (6, 8)=[>], (1, 5)=[>], (1, 8)=[<], (6, 0)=[◥], (6, 1)=[v], (8, 3)=[◥], (9, 5)=[◣]}
19 Jan 2025 01:22:02 GMT Zwierzę poruszyło się z (8, 7) na (8, 7)
19 Jan 2025 01:22:02 GMT Długość listy pozycji: 10
Lista pozycji zwierząt: {(8, 7)=[◤], (4, 4)=[◢], (3, 4)=[^], (6, 8)=[>], (1, 5)=[>], (1, 8)=[◥], (6, 0)=[◥], (6, 1)=[v], (8, 3)=[◥], (9, 5)=[◣]}
19 Jan 2025 01:22:02 GMT Zwierzę poruszyło się z (1, 8) na (1, 8)
19 Jan 2025 01:22:02 GMT Długość listy pozycji: 10
Lista pozycji zwierząt: {(8, 7)=[◤], (4, 4)=[◢], (3, 4)=[^], (6, 8)=[^], (1, 5)=[>], (1, 8)=[◥], (6, 0)=[◥], (6, 1)=[v], (8, 3)=[◥], (9, 5)=[◣]}
19 Jan 2025 01:22:02 GMT Zwierzę poruszyło się z (6, 8) na (6, 8)
19 Jan 2025 01:22:02 GMT Długość listy pozycji: 10
Lista pozycji zwierząt: {(8, 7)=[◤], (4, 4)=[◢], (3, 4)=[<], (6, 8)=[^], (1, 5)=[>], (1, 8)=[◥], (6, 0)=[◥], (6, 1)=[v], (8, 3)=[◥], (9, 5)=[◣]}
19 Jan 2025 01:22:02 GMT Zwierzę poruszyło się z (3, 4) na (3, 4)
19 Jan 2025 01:22:02 GMT Długość listy pozycji: 10
Lista pozycji zwierząt: {(8, 7)=[◤], (4, 4)=[◢], (3, 4)=[<], (6, 8)=[^], (1, 5)=[>], (1, 8)=[◥], (6, 0)=[◥], (6, 1)=[v], (8, 3)=[◥], (9, 5)=[<]}
19 Jan 2025 01:22:02 GMT Zwierzę poruszyło się z (9, 5) na (9, 5)
19 Jan 2025 01:22:02 GMT Długość listy pozycji: 10
Lista pozycji zwierząt: {(8, 7)=[◤], (4, 4)=[◢], (3, 4)=[<], (6, 8)=[^], (1, 5)=[>], (1, 8)=[◥], (6, 0)=[<], (6, 1)=[v], (8, 3)=[◥], (9, 5)=[<]}
19 Jan 2025 01:22:02 GMT Zwierzę poruszyło się z (6, 0) na (6, 0)
19 Jan 2025 01:22:02 GMT Długość listy pozycji: 10
Lista pozycji zwierząt: {(8, 7)=[◤], (4, 4)=[◢], (3, 4)=[<], (6, 8)=[^], (1, 5)=[<], (1, 8)=[◥], (6, 0)=[<], (6, 1)=[v], (8, 3)=[◥], (9, 5)=[<]}
19 Jan 2025 01:22:02 GMT Zwierzę poruszyło się z (1, 5) na (1, 5)
19 Jan 2025 01:22:02 GMT Długość listy pozycji: 10
Lista pozycji zwierząt: {(8, 7)=[◤], (4, 4)=[◢], (3, 4)=[<], (6, 8)=[^], (1, 5)=[<], (1, 8)=[◥], (6, 0)=[<], (6, 1)=[◥], (8, 3)=[◥], (9, 5)=[<]}
19 Jan 2025 01:22:02 GMT Zwierzę poruszyło się z (6, 1) na (6, 1)
19 Jan 2025 01:22:03 GMT Roślinka wyrosła na (5, 0)
19 Jan 2025 01:22:03 GMT Roślinka wyrosła na (2, 2)
19 Jan 2025 01:22:03 GMT Roślinka wyrosła na (4, 4)
19 Jan 2025 01:22:03 GMT Roślinka wyrosła na (7, 1)
19 Jan 2025 01:22:03 GMT Roślinka wyrosła na (3, 0)
19 Jan 2025 01:22:03 GMT Roślinka wyrosła na (8, 1)
19 Jan 2025 01:22:03 GMT Roślinka wyrosła na (1, 0)
19 Jan 2025 01:22:03 GMT Roślinka wyrosła na (5, 8)
19 Jan 2025 01:22:03 GMT Roślinka wyrosła na (6, 0)
19 Jan 2025 01:22:03 GMT Roślinka wyrosła na (7, 8)
19 Jan 2025 01:22:03 GMT Długość listy pozycji: 10
Lista pozycji zwierząt: {(8, 7)=[◤], (4, 4)=[<], (3, 4)=[<], (6, 8)=[^], (1, 5)=[<], (1, 8)=[◥], (6, 0)=[<], (6, 1)=[◥], (8, 3)=[◥], (9, 5)=[<]}
19 Jan 2025 01:22:03 GMT Zwierzę poruszyło się z (4, 4) na (4, 4)
19 Jan 2025 01:22:03 GMT Długość listy pozycji: 10
Lista pozycji zwierząt: {(8, 7)=[◤], (4, 4)=[<], (3, 4)=[<], (6, 8)=[^], (1, 5)=[<], (1, 8)=[◥], (6, 0)=[<], (6, 1)=[◥], (8, 3)=[>], (9, 5)=[<]}
19 Jan 2025 01:22:03 GMT Zwierzę poruszyło się z (8, 3) na (8, 3)
19 Jan 2025 01:22:03 GMT Długość listy pozycji: 10
Lista pozycji zwierząt: {(8, 7)=[v], (4, 4)=[<], (3, 4)=[<], (6, 8)=[^], (1, 5)=[<], (1, 8)=[◥], (6, 0)=[<], (6, 1)=[◥], (8, 3)=[>], (9, 5)=[<]}
19 Jan 2025 01:22:03 GMT Zwierzę poruszyło się z (8, 7) na (8, 7)
19 Jan 2025 01:22:03 GMT Długość listy pozycji: 10
Lista pozycji zwierząt: {(8, 7)=[v], (4, 4)=[<], (3, 4)=[<], (6, 8)=[^], (1, 5)=[<], (1, 8)=[<], (6, 0)=[<], (6, 1)=[◥], (8, 3)=[>], (9, 5)=[<]}
19 Jan 2025 01:22:03 GMT Zwierzę poruszyło się z (1, 8) na (1, 8)
19 Jan 2025 01:22:03 GMT Długość listy pozycji: 10
Lista pozycji zwierząt: {(8, 7)=[v], (4, 4)=[<], (3, 4)=[<], (6, 8)=[v], (1, 5)=[<], (1, 8)=[<], (6, 0)=[<], (6, 1)=[◥], (8, 3)=[>], (9, 5)=[<]}
19 Jan 2025 01:22:03 GMT Zwierzę poruszyło się z (6, 8) na (6, 8)
19 Jan 2025 01:22:03 GMT Długość listy pozycji: 10
Lista pozycji zwierząt: {(8, 7)=[v], (4, 4)=[<], (3, 4)=[>], (6, 8)=[v], (1, 5)=[<], (1, 8)=[<], (6, 0)=[<], (6, 1)=[◥], (8, 3)=[>], (9, 5)=[<]}
19 Jan 2025 01:22:03 GMT Zwierzę poruszyło się z (3, 4) na (3, 4)
19 Jan 2025 01:22:04 GMT Długość listy pozycji: 10
Lista pozycji zwierząt: {(8, 7)=[v], (4, 4)=[<], (3, 4)=[>], (6, 8)=[v], (1, 5)=[<], (1, 8)=[<], (6, 0)=[<], (6, 1)=[◥], (8, 3)=[>], (9, 5)=[v]}
19 Jan 2025 01:22:04 GMT Zwierzę poruszyło się z (9, 5) na (9, 5)
19 Jan 2025 01:22:04 GMT Długość listy pozycji: 10
Lista pozycji zwierząt: {(8, 7)=[v], (4, 4)=[<], (3, 4)=[>], (6, 8)=[v], (1, 5)=[<], (1, 8)=[<], (6, 0)=[^], (6, 1)=[◥], (8, 3)=[>], (9, 5)=[v]}
19 Jan 2025 01:22:04 GMT Zwierzę poruszyło się z (6, 0) na (6, 0)
19 Jan 2025 01:22:04 GMT Długość listy pozycji: 10
Lista pozycji zwierząt: {(8, 7)=[v], (4, 4)=[<], (3, 4)=[>], (6, 8)=[v], (1, 5)=[◢], (1, 8)=[<], (6, 0)=[^], (6, 1)=[◥], (8, 3)=[>], (9, 5)=[v]}
19 Jan 2025 01:22:04 GMT Zwierzę poruszyło się z (1, 5) na (1, 5)
19 Jan 2025 01:22:04 GMT Długość listy pozycji: 10
Lista pozycji zwierząt: {(8, 7)=[v], (4, 4)=[<], (3, 4)=[>], (6, 8)=[v], (1, 5)=[◢], (1, 8)=[<], (6, 0)=[^], (6, 1)=[◢], (8, 3)=[>], (9, 5)=[v]}
19 Jan 2025 01:22:04 GMT Zwierzę poruszyło się z (6, 1) na (6, 1)
19 Jan 2025 01:22:04 GMT Zwierzę zjadło roślinkę na (4, 4)
19 Jan 2025 01:22:04 GMT Zwierzę zjadło roślinkę na (6, 0)
19 Jan 2025 01:22:04 GMT Roślinka wyrosła na null
19 Jan 2025 01:22:04 GMT Roślinka wyrosła na null
19 Jan 2025 01:22:04 GMT Roślinka wyrosła na null
19 Jan 2025 01:22:04 GMT Roślinka wyrosła na null
19 Jan 2025 01:22:04 GMT Roślinka wyrosła na null
19 Jan 2025 01:22:04 GMT Roślinka wyrosła na null
19 Jan 2025 01:22:04 GMT Roślinka wyrosła na null
19 Jan 2025 01:22:04 GMT Roślinka wyrosła na null
19 Jan 2025 01:22:04 GMT Roślinka wyrosła na null
19 Jan 2025 01:22:04 GMT Roślinka wyrosła na null
19 Jan 2025 01:22:05 GMT Długość listy pozycji: 10
Lista pozycji zwierząt: {(8, 7)=[v], (4, 4)=[◥], (3, 4)=[>], (6, 8)=[v], (1, 5)=[◢], (1, 8)=[<], (6, 0)=[^], (6, 1)=[◢], (8, 3)=[>], (9, 5)=[v]}
19 Jan 2025 01:22:05 GMT Zwierzę poruszyło się z (4, 4) na (4, 4)
19 Jan 2025 01:22:05 GMT Długość listy pozycji: 10
Lista pozycji zwierząt: {(8, 7)=[v], (4, 4)=[◥], (3, 4)=[>], (6, 8)=[v], (1, 5)=[◢], (1, 8)=[<], (6, 0)=[^], (6, 1)=[◢], (8, 3)=[◥], (9, 5)=[v]}
19 Jan 2025 01:22:05 GMT Zwierzę poruszyło się z (8, 3) na (8, 3)
19 Jan 2025 01:22:05 GMT Długość listy pozycji: 10
Lista pozycji zwierząt: {(8, 7)=[^], (4, 4)=[◥], (3, 4)=[>], (6, 8)=[v], (1, 5)=[◢], (1, 8)=[<], (6, 0)=[^], (6, 1)=[◢], (8, 3)=[◥], (9, 5)=[v]}
19 Jan 2025 01:22:05 GMT Zwierzę poruszyło się z (8, 7) na (8, 7)
19 Jan 2025 01:22:05 GMT Długość listy pozycji: 10
Lista pozycji zwierząt: {(8, 7)=[^], (4, 4)=[◥], (3, 4)=[>], (6, 8)=[v], (1, 5)=[◢], (1, 8)=[◢], (6, 0)=[^], (6, 1)=[◢], (8, 3)=[◥], (9, 5)=[v]}
19 Jan 2025 01:22:05 GMT Zwierzę poruszyło się z (1, 8) na (1, 8)
19 Jan 2025 01:22:05 GMT Długość listy pozycji: 10
Lista pozycji zwierząt: {(8, 7)=[^], (4, 4)=[◥], (3, 4)=[>], (6, 8)=[◥], (1, 5)=[◢], (1, 8)=[◢], (6, 0)=[^], (6, 1)=[◢], (8, 3)=[◥], (9, 5)=[v]}
19 Jan 2025 01:22:05 GMT Zwierzę poruszyło się z (6, 8) na (6, 8)
19 Jan 2025 01:22:05 GMT Długość listy pozycji: 10
Lista pozycji zwierząt: {(8, 7)=[^], (4, 4)=[◥], (3, 4)=[v], (6, 8)=[◥], (1, 5)=[◢], (1, 8)=[◢], (6, 0)=[^], (6, 1)=[◢], (8, 3)=[◥], (9, 5)=[v]}
19 Jan 2025 01:22:05 GMT Zwierzę poruszyło się z (3, 4) na (3, 4)
19 Jan 2025 01:22:05 GMT Długość listy pozycji: 10
Lista pozycji zwierząt: {(8, 7)=[^], (4, 4)=[◥], (3, 4)=[v], (6, 8)=[◥], (1, 5)=[◢], (1, 8)=[◢], (6, 0)=[^], (6, 1)=[◢], (8, 3)=[◥], (9, 5)=[◣]}
19 Jan 2025 01:22:05 GMT Zwierzę poruszyło się z (9, 5) na (9, 5)
19 Jan 2025 01:22:05 GMT Długość listy pozycji: 10
Lista pozycji zwierząt: {(8, 7)=[^], (4, 4)=[◥], (3, 4)=[v], (6, 8)=[◥], (1, 5)=[◢], (1, 8)=[◢], (6, 0)=[◤], (6, 1)=[◢], (8, 3)=[◥], (9, 5)=[◣]}
19 Jan 2025 01:22:05 GMT Zwierzę poruszyło się z (6, 0) na (6, 0)
19 Jan 2025 01:22:05 GMT Długość listy pozycji: 10
Lista pozycji zwierząt: {(8, 7)=[^], (4, 4)=[◥], (3, 4)=[v], (6, 8)=[◥], (1, 5)=[v], (1, 8)=[◢], (6, 0)=[◤], (6, 1)=[◢], (8, 3)=[◥], (9, 5)=[◣]}
19 Jan 2025 01:22:05 GMT Zwierzę poruszyło się z (1, 5) na (1, 5)
19 Jan 2025 01:22:06 GMT Długość listy pozycji: 10
Lista pozycji zwierząt: {(8, 7)=[^], (4, 4)=[◥], (3, 4)=[v], (6, 8)=[◥], (1, 5)=[v], (1, 8)=[◢], (6, 0)=[◤], (6, 1)=[◥], (8, 3)=[◥], (9, 5)=[◣]}
19 Jan 2025 01:22:06 GMT Zwierzę poruszyło się z (6, 1) na (6, 1)
19 Jan 2025 01:22:06 GMT Roślinka wyrosła na null
19 Jan 2025 01:22:06 GMT Roślinka wyrosła na null
19 Jan 2025 01:22:06 GMT Roślinka wyrosła na null
19 Jan 2025 01:22:06 GMT Roślinka wyrosła na null
19 Jan 2025 01:22:06 GMT Roślinka wyrosła na null
19 Jan 2025 01:22:06 GMT Roślinka wyrosła na null
19 Jan 2025 01:22:06 GMT Roślinka wyrosła na null
19 Jan 2025 01:22:06 GMT Roślinka wyrosła na null
19 Jan 2025 01:22:06 GMT Roślinka wyrosła na null
19 Jan 2025 01:22:06 GMT Roślinka wyrosła na null
19 Jan 2025 01:22:06 GMT Długość listy pozycji: 10
Lista pozycji zwierząt: {(8, 7)=[^], (4, 4)=[>], (3, 4)=[v], (6, 8)=[◥], (1, 5)=[v], (1, 8)=[◢], (6, 0)=[◤], (6, 1)=[◥], (8, 3)=[◥], (9, 5)=[◣]}
19 Jan 2025 01:22:06 GMT Zwierzę poruszyło się z (4, 4) na (4, 4)
19 Jan 2025 01:22:06 GMT Długość listy pozycji: 10
Lista pozycji zwierząt: {(8, 7)=[^], (4, 4)=[>], (3, 4)=[v], (6, 8)=[◥], (1, 5)=[v], (1, 8)=[◢], (6, 0)=[◤], (6, 1)=[◥], (8, 3)=[v], (9, 5)=[◣]}
19 Jan 2025 01:22:06 GMT Zwierzę poruszyło się z (8, 3) na (8, 3)
19 Jan 2025 01:22:06 GMT Długość listy pozycji: 10
Lista pozycji zwierząt: {(8, 7)=[◣], (4, 4)=[>], (3, 4)=[v], (6, 8)=[◥], (1, 5)=[v], (1, 8)=[◢], (6, 0)=[◤], (6, 1)=[◥], (8, 3)=[v], (9, 5)=[◣]}
19 Jan 2025 01:22:06 GMT Zwierzę poruszyło się z (8, 7) na (8, 7)
19 Jan 2025 01:22:06 GMT Długość listy pozycji: 10
Lista pozycji zwierząt: {(8, 7)=[◣], (4, 4)=[>], (3, 4)=[v], (6, 8)=[◥], (1, 5)=[v], (1, 8)=[v], (6, 0)=[◤], (6, 1)=[◥], (8, 3)=[v], (9, 5)=[◣]}
19 Jan 2025 01:22:06 GMT Zwierzę poruszyło się z (1, 8) na (1, 8)
19 Jan 2025 01:22:07 GMT Długość listy pozycji: 10
Lista pozycji zwierząt: {(8, 7)=[◣], (4, 4)=[>], (3, 4)=[v], (6, 8)=[v], (1, 5)=[v], (1, 8)=[v], (6, 0)=[◤], (6, 1)=[◥], (8, 3)=[v], (9, 5)=[◣]}
19 Jan 2025 01:22:07 GMT Zwierzę poruszyło się z (6, 8) na (6, 8)
19 Jan 2025 01:22:07 GMT Długość listy pozycji: 10
Lista pozycji zwierząt: {(8, 7)=[◣], (4, 4)=[>], (3, 4)=[<], (6, 8)=[v], (1, 5)=[v], (1, 8)=[v], (6, 0)=[◤], (6, 1)=[◥], (8, 3)=[v], (9, 5)=[◣]}
19 Jan 2025 01:22:07 GMT Zwierzę poruszyło się z (3, 4) na (3, 4)
19 Jan 2025 01:22:07 GMT Długość listy pozycji: 10
Lista pozycji zwierząt: {(8, 7)=[◣], (4, 4)=[>], (3, 4)=[<], (6, 8)=[v], (1, 5)=[v], (1, 8)=[v], (6, 0)=[◤], (6, 1)=[◥], (8, 3)=[v], (9, 5)=[<]}
19 Jan 2025 01:22:07 GMT Zwierzę poruszyło się z (9, 5) na (9, 5)
19 Jan 2025 01:22:07 GMT Długość listy pozycji: 10
Lista pozycji zwierząt: {(8, 7)=[◣], (4, 4)=[>], (3, 4)=[<], (6, 8)=[v], (1, 5)=[v], (1, 8)=[v], (6, 0)=[^], (6, 1)=[◥], (8, 3)=[v], (9, 5)=[<]}
19 Jan 2025 01:22:07 GMT Zwierzę poruszyło się z (6, 0) na (6, 0)
19 Jan 2025 01:22:07 GMT Długość listy pozycji: 10
Lista pozycji zwierząt: {(8, 7)=[◣], (4, 4)=[>], (3, 4)=[<], (6, 8)=[v], (1, 5)=[>], (1, 8)=[v], (6, 0)=[^], (6, 1)=[◥], (8, 3)=[v], (9, 5)=[<]}
19 Jan 2025 01:22:07 GMT Zwierzę poruszyło się z (1, 5) na (1, 5)
19 Jan 2025 01:22:07 GMT Długość listy pozycji: 10
Lista pozycji zwierząt: {(8, 7)=[◣], (4, 4)=[>], (3, 4)=[<], (6, 8)=[v], (1, 5)=[>], (1, 8)=[v], (6, 0)=[^], (6, 1)=[◢], (8, 3)=[v], (9, 5)=[<]}
19 Jan 2025 01:22:07 GMT Zwierzę poruszyło się z (6, 1) na (6, 1)
19 Jan 2025 01:22:07 GMT Roślinka wyrosła na null
19 Jan 2025 01:22:07 GMT Roślinka wyrosła na null
19 Jan 2025 01:22:07 GMT Roślinka wyrosła na null
19 Jan 2025 01:22:07 GMT Roślinka wyrosła na null
19 Jan 2025 01:22:07 GMT Roślinka wyrosła na null
19 Jan 2025 01:22:07 GMT Roślinka wyrosła na null
19 Jan 2025 01:22:07 GMT Roślinka wyrosła na null
19 Jan 2025 01:22:07 GMT Roślinka wyrosła na null
19 Jan 2025 01:22:07 GMT Roślinka wyrosła na null
19 Jan 2025 01:22:07 GMT Roślinka wyrosła na null
19 Jan 2025 01:22:08 GMT Długość listy pozycji: 10
Lista pozycji zwierząt: {(8, 7)=[◣], (4, 4)=[^], (3, 4)=[<], (6, 8)=[v], (1, 5)=[>], (1, 8)=[v], (6, 0)=[^], (6, 1)=[◢], (8, 3)=[v], (9, 5)=[<]}
19 Jan 2025 01:22:08 GMT Zwierzę poruszyło się z (4, 4) na (4, 4)
19 Jan 2025 01:22:08 GMT Długość listy pozycji: 10
Lista pozycji zwierząt: {(8, 7)=[◣], (4, 4)=[^], (3, 4)=[<], (6, 8)=[v], (1, 5)=[>], (1, 8)=[v], (6, 0)=[^], (6, 1)=[◢], (8, 3)=[<], (9, 5)=[<]}
19 Jan 2025 01:22:08 GMT Zwierzę poruszyło się z (8, 3) na (8, 3)
19 Jan 2025 01:22:08 GMT Długość listy pozycji: 10
Lista pozycji zwierząt: {(8, 7)=[<], (4, 4)=[^], (3, 4)=[<], (6, 8)=[v], (1, 5)=[>], (1, 8)=[v], (6, 0)=[^], (6, 1)=[◢], (8, 3)=[<], (9, 5)=[<]}
19 Jan 2025 01:22:08 GMT Zwierzę poruszyło się z (8, 7) na (8, 7)
19 Jan 2025 01:22:08 GMT Długość listy pozycji: 10
Lista pozycji zwierząt: {(8, 7)=[<], (4, 4)=[^], (3, 4)=[<], (6, 8)=[v], (1, 5)=[>], (1, 8)=[<], (6, 0)=[^], (6, 1)=[◢], (8, 3)=[<], (9, 5)=[<]}
19 Jan 2025 01:22:08 GMT Zwierzę poruszyło się z (1, 8) na (1, 8)
19 Jan 2025 01:22:08 GMT Długość listy pozycji: 10
Lista pozycji zwierząt: {(8, 7)=[<], (4, 4)=[^], (3, 4)=[<], (6, 8)=[◥], (1, 5)=[>], (1, 8)=[<], (6, 0)=[^], (6, 1)=[◢], (8, 3)=[<], (9, 5)=[<]}
19 Jan 2025 01:22:08 GMT Zwierzę poruszyło się z (6, 8) na (6, 8)
19 Jan 2025 01:22:08 GMT Długość listy pozycji: 10
Lista pozycji zwierząt: {(8, 7)=[<], (4, 4)=[^], (3, 4)=[◤], (6, 8)=[◥], (1, 5)=[>], (1, 8)=[<], (6, 0)=[^], (6, 1)=[◢], (8, 3)=[<], (9, 5)=[<]}
19 Jan 2025 01:22:08 GMT Zwierzę poruszyło się z (3, 4) na (3, 4)
19 Jan 2025 01:22:08 GMT Długość listy pozycji: 10
Lista pozycji zwierząt: {(8, 7)=[<], (4, 4)=[^], (3, 4)=[◤], (6, 8)=[◥], (1, 5)=[>], (1, 8)=[<], (6, 0)=[^], (6, 1)=[◢], (8, 3)=[<], (9, 5)=[v]}
19 Jan 2025 01:22:08 GMT Zwierzę poruszyło się z (9, 5) na (9, 5)
19 Jan 2025 01:22:08 GMT Długość listy pozycji: 10
Lista pozycji zwierząt: {(8, 7)=[<], (4, 4)=[^], (3, 4)=[◤], (6, 8)=[◥], (1, 5)=[>], (1, 8)=[<], (6, 0)=[◥], (6, 1)=[◢], (8, 3)=[<], (9, 5)=[v]}
19 Jan 2025 01:22:08 GMT Zwierzę poruszyło się z (6, 0) na (6, 0)
19 Jan 2025 01:22:09 GMT Długość listy pozycji: 10
Lista pozycji zwierząt: {(8, 7)=[<], (4, 4)=[^], (3, 4)=[◤], (6, 8)=[◥], (1, 5)=[<], (1, 8)=[<], (6, 0)=[◥], (6, 1)=[◢], (8, 3)=[<], (9, 5)=[v]}
19 Jan 2025 01:22:09 GMT Zwierzę poruszyło się z (1, 5) na (1, 5)
19 Jan 2025 01:22:09 GMT Długość listy pozycji: 10
Lista pozycji zwierząt: {(8, 7)=[<], (4, 4)=[^], (3, 4)=[◤], (6, 8)=[◥], (1, 5)=[<], (1, 8)=[<], (6, 0)=[◥], (6, 1)=[◥], (8, 3)=[<], (9, 5)=[v]}
19 Jan 2025 01:22:09 GMT Zwierzę poruszyło się z (6, 1) na (6, 1)
19 Jan 2025 01:22:09 GMT Roślinka wyrosła na null
19 Jan 2025 01:22:09 GMT Roślinka wyrosła na null
19 Jan 2025 01:22:09 GMT Roślinka wyrosła na null
19 Jan 2025 01:22:09 GMT Roślinka wyrosła na null
19 Jan 2025 01:22:09 GMT Roślinka wyrosła na null
19 Jan 2025 01:22:09 GMT Roślinka wyrosła na null
19 Jan 2025 01:22:09 GMT Roślinka wyrosła na null
19 Jan 2025 01:22:09 GMT Roślinka wyrosła na null
19 Jan 2025 01:22:09 GMT Roślinka wyrosła na null
19 Jan 2025 01:22:09 GMT Roślinka wyrosła na null
19 Jan 2025 01:22:09 GMT Długość listy pozycji: 10
Lista pozycji zwierząt: {(8, 7)=[<], (4, 4)=[◥], (3, 4)=[◤], (6, 8)=[◥], (1, 5)=[<], (1, 8)=[<], (6, 0)=[◥], (6, 1)=[◥], (8, 3)=[<], (9, 5)=[v]}
19 Jan 2025 01:22:09 GMT Zwierzę poruszyło się z (4, 4) na (4, 4)
19 Jan 2025 01:22:09 GMT Długość listy pozycji: 10
Lista pozycji zwierząt: {(8, 7)=[<], (4, 4)=[◥], (3, 4)=[◤], (6, 8)=[◥], (1, 5)=[<], (1, 8)=[<], (6, 0)=[◥], (6, 1)=[◥], (8, 3)=[◥], (9, 5)=[v]}
19 Jan 2025 01:22:09 GMT Zwierzę poruszyło się z (8, 3) na (8, 3)
19 Jan 2025 01:22:09 GMT Długość listy pozycji: 10
Lista pozycji zwierząt: {(8, 7)=[^], (4, 4)=[◥], (3, 4)=[◤], (6, 8)=[◥], (1, 5)=[<], (1, 8)=[<], (6, 0)=[◥], (6, 1)=[◥], (8, 3)=[◥], (9, 5)=[v]}
19 Jan 2025 01:22:09 GMT Zwierzę poruszyło się z (8, 7) na (8, 7)
19 Jan 2025 01:22:10 GMT Długość listy pozycji: 10
Lista pozycji zwierząt: {(8, 7)=[^], (4, 4)=[◥], (3, 4)=[◤], (6, 8)=[◥], (1, 5)=[<], (1, 8)=[v], (6, 0)=[◥], (6, 1)=[◥], (8, 3)=[◥], (9, 5)=[v]}
19 Jan 2025 01:22:10 GMT Zwierzę poruszyło się z (1, 8) na (1, 8)
19 Jan 2025 01:22:10 GMT Długość listy pozycji: 10
Lista pozycji zwierząt: {(8, 7)=[^], (4, 4)=[◥], (3, 4)=[◤], (6, 8)=[◣], (1, 5)=[<], (1, 8)=[v], (6, 0)=[◥], (6, 1)=[◥], (8, 3)=[◥], (9, 5)=[v]}
19 Jan 2025 01:22:10 GMT Zwierzę poruszyło się z (6, 8) na (6, 8)
19 Jan 2025 01:22:10 GMT Długość listy pozycji: 10
Lista pozycji zwierząt: {(8, 7)=[^], (4, 4)=[◥], (3, 4)=[◥], (6, 8)=[◣], (1, 5)=[<], (1, 8)=[v], (6, 0)=[◥], (6, 1)=[◥], (8, 3)=[◥], (9, 5)=[v]}
19 Jan 2025 01:22:10 GMT Zwierzę poruszyło się z (3, 4) na (3, 4)
19 Jan 2025 01:22:10 GMT Długość listy pozycji: 10
Lista pozycji zwierząt: {(8, 7)=[^], (4, 4)=[◥], (3, 4)=[◥], (6, 8)=[◣], (1, 5)=[<], (0, 6)=[◥], (1, 8)=[v], (6, 0)=[◥], (6, 1)=[◥], (8, 3)=[◥]}
19 Jan 2025 01:22:10 GMT Zwierzę poruszyło się z (9, 5) na (0, 6)
19 Jan 2025 01:22:10 GMT Długość listy pozycji: 10
Lista pozycji zwierząt: {(8, 7)=[^], (4, 4)=[◥], (3, 4)=[◥], (6, 8)=[◣], (1, 5)=[<], (0, 6)=[◥], (1, 8)=[v], (6, 0)=[◥], (6, 1)=[◥], (8, 3)=[◥]}
19 Jan 2025 01:22:10 GMT Zwierzę poruszyło się z (6, 0) na (6, 0)
19 Jan 2025 01:22:10 GMT Długość listy pozycji: 10
Lista pozycji zwierząt: {(8, 7)=[^], (4, 4)=[◥], (3, 4)=[◥], (6, 8)=[◣], (1, 5)=[^], (0, 6)=[◥], (1, 8)=[v], (6, 0)=[◥], (6, 1)=[◥], (8, 3)=[◥]}
19 Jan 2025 01:22:10 GMT Zwierzę poruszyło się z (1, 5) na (1, 5)
19 Jan 2025 01:22:10 GMT Długość listy pozycji: 10
Lista pozycji zwierząt: {(8, 7)=[^], (4, 4)=[◥], (3, 4)=[◥], (6, 8)=[◣], (1, 5)=[^], (0, 6)=[◥], (1, 8)=[v], (6, 0)=[◥], (6, 1)=[◥], (8, 3)=[◥]}
19 Jan 2025 01:22:10 GMT Zwierzę poruszyło się z (6, 1) na (6, 1)
19 Jan 2025 01:22:11 GMT Roślinka wyrosła na null
19 Jan 2025 01:22:11 GMT Roślinka wyrosła na null
19 Jan 2025 01:22:11 GMT Roślinka wyrosła na null
19 Jan 2025 01:22:11 GMT Roślinka wyrosła na null
19 Jan 2025 01:22:11 GMT Roślinka wyrosła na null
19 Jan 2025 01:22:11 GMT Roślinka wyrosła na null
19 Jan 2025 01:22:11 GMT Roślinka wyrosła na null
19 Jan 2025 01:22:11 GMT Roślinka wyrosła na null
19 Jan 2025 01:22:11 GMT Roślinka wyrosła na null
19 Jan 2025 01:22:11 GMT Roślinka wyrosła na null
19 Jan 2025 01:22:11 GMT Długość listy pozycji: 10
Lista pozycji zwierząt: {(8, 7)=[^], (4, 4)=[^], (3, 4)=[◥], (6, 8)=[◣], (1, 5)=[^], (0, 6)=[◥], (1, 8)=[v], (6, 0)=[◥], (6, 1)=[◥], (8, 3)=[◥]}
19 Jan 2025 01:22:11 GMT Zwierzę poruszyło się z (4, 4) na (4, 4)
19 Jan 2025 01:22:11 GMT Długość listy pozycji: 10
Lista pozycji zwierząt: {(8, 7)=[^], (4, 4)=[^], (3, 4)=[◥], (6, 8)=[◣], (1, 5)=[^], (0, 6)=[◥], (1, 8)=[v], (6, 0)=[◥], (6, 1)=[◥], (8, 3)=[◢]}
19 Jan 2025 01:22:11 GMT Zwierzę poruszyło się z (8, 3) na (8, 3)
19 Jan 2025 01:22:11 GMT Długość listy pozycji: 10
Lista pozycji zwierząt: {(8, 7)=[◥], (4, 4)=[^], (3, 4)=[◥], (6, 8)=[◣], (1, 5)=[^], (0, 6)=[◥], (1, 8)=[v], (6, 0)=[◥], (6, 1)=[◥], (8, 3)=[◢]}
19 Jan 2025 01:22:11 GMT Zwierzę poruszyło się z (8, 7) na (8, 7)
19 Jan 2025 01:22:11 GMT Długość listy pozycji: 10
Lista pozycji zwierząt: {(8, 7)=[◥], (4, 4)=[^], (3, 4)=[◥], (6, 8)=[◣], (1, 5)=[^], (0, 6)=[◥], (1, 8)=[^], (6, 0)=[◥], (6, 1)=[◥], (8, 3)=[◢]}
19 Jan 2025 01:22:11 GMT Zwierzę poruszyło się z (1, 8) na (1, 8)
19 Jan 2025 01:22:11 GMT Długość listy pozycji: 10
Lista pozycji zwierząt: {(8, 7)=[◥], (4, 4)=[^], (3, 4)=[◥], (6, 8)=[◥], (1, 5)=[^], (0, 6)=[◥], (1, 8)=[^], (6, 0)=[◥], (6, 1)=[◥], (8, 3)=[◢]}
19 Jan 2025 01:22:11 GMT Zwierzę poruszyło się z (6, 8) na (6, 8)
19 Jan 2025 01:22:11 GMT Długość listy pozycji: 10
Lista pozycji zwierząt: {(8, 7)=[◥], (4, 4)=[^], (3, 4)=[◣], (6, 8)=[◥], (1, 5)=[^], (0, 6)=[◥], (1, 8)=[^], (6, 0)=[◥], (6, 1)=[◥], (8, 3)=[◢]}
19 Jan 2025 01:22:11 GMT Zwierzę poruszyło się z (3, 4) na (3, 4)
19 Jan 2025 01:22:12 GMT Długość listy pozycji: 10
Lista pozycji zwierząt: {(8, 7)=[◥], (4, 4)=[^], (3, 4)=[◣], (6, 8)=[◥], (1, 5)=[^], (0, 6)=[◥], (1, 8)=[^], (6, 0)=[◥], (6, 1)=[◥], (8, 3)=[◢]}
19 Jan 2025 01:22:12 GMT Zwierzę poruszyło się z (0, 6) na (0, 6)
19 Jan 2025 01:22:12 GMT Długość listy pozycji: 10
Lista pozycji zwierząt: {(8, 7)=[◥], (4, 4)=[^], (3, 4)=[◣], (6, 8)=[◥], (1, 5)=[^], (0, 6)=[◥], (1, 8)=[^], (6, 0)=[◤], (6, 1)=[◥], (8, 3)=[◢]}
19 Jan 2025 01:22:12 GMT Zwierzę poruszyło się z (6, 0) na (6, 0)
19 Jan 2025 01:22:12 GMT Długość listy pozycji: 10
Lista pozycji zwierząt: {(8, 7)=[◥], (4, 4)=[^], (3, 4)=[◣], (6, 8)=[◥], (1, 5)=[◣], (0, 6)=[◥], (1, 8)=[^], (6, 0)=[◤], (6, 1)=[◥], (8, 3)=[◢]}
19 Jan 2025 01:22:12 GMT Zwierzę poruszyło się z (1, 5) na (1, 5)
19 Jan 2025 01:22:12 GMT Długość listy pozycji: 10
Lista pozycji zwierząt: {(8, 7)=[◥], (4, 4)=[^], (3, 4)=[◣], (6, 8)=[◥], (1, 5)=[◣], (0, 6)=[◥], (1, 8)=[^], (6, 0)=[◤], (6, 1)=[◣], (8, 3)=[◢]}
19 Jan 2025 01:22:12 GMT Zwierzę poruszyło się z (6, 1) na (6, 1)
19 Jan 2025 01:22:12 GMT Roślinka wyrosła na null
19 Jan 2025 01:22:12 GMT Roślinka wyrosła na null
19 Jan 2025 01:22:12 GMT Roślinka wyrosła na null
19 Jan 2025 01:22:12 GMT Roślinka wyrosła na null
19 Jan 2025 01:22:12 GMT Roślinka wyrosła na null
19 Jan 2025 01:22:12 GMT Roślinka wyrosła na null
19 Jan 2025 01:22:12 GMT Roślinka wyrosła na null
19 Jan 2025 01:22:12 GMT Roślinka wyrosła na null
19 Jan 2025 01:22:12 GMT Roślinka wyrosła na null
19 Jan 2025 01:22:12 GMT Roślinka wyrosła na null
19 Jan 2025 01:22:12 GMT Długość listy pozycji: 10
Lista pozycji zwierząt: {(8, 7)=[◥], (4, 4)=[◣], (3, 4)=[◣], (6, 8)=[◥], (1, 5)=[◣], (0, 6)=[◥], (1, 8)=[^], (6, 0)=[◤], (6, 1)=[◣], (8, 3)=[◢]}
19 Jan 2025 01:22:12 GMT Zwierzę poruszyło się z (4, 4) na (4, 4)
19 Jan 2025 01:22:13 GMT Długość listy pozycji: 10
Lista pozycji zwierząt: {(8, 7)=[◥], (4, 4)=[◣], (3, 4)=[◣], (6, 8)=[◥], (1, 5)=[◣], (0, 6)=[◥], (1, 8)=[^], (6, 0)=[◤], (6, 1)=[◣], (8, 3)=[^]}
19 Jan 2025 01:22:13 GMT Zwierzę poruszyło się z (8, 3) na (8, 3)
19 Jan 2025 01:22:13 GMT Długość listy pozycji: 10
Lista pozycji zwierząt: {(8, 7)=[◢], (4, 4)=[◣], (3, 4)=[◣], (6, 8)=[◥], (1, 5)=[◣], (0, 6)=[◥], (1, 8)=[^], (6, 0)=[◤], (6, 1)=[◣], (8, 3)=[^]}
19 Jan 2025 01:22:13 GMT Zwierzę poruszyło się z (8, 7) na (8, 7)
19 Jan 2025 01:22:13 GMT Długość listy pozycji: 10
Lista pozycji zwierząt: {(8, 7)=[◢], (4, 4)=[◣], (3, 4)=[◣], (6, 8)=[◥], (1, 5)=[◣], (0, 6)=[◥], (1, 8)=[◥], (6, 0)=[◤], (6, 1)=[◣], (8, 3)=[^]}
19 Jan 2025 01:22:13 GMT Zwierzę poruszyło się z (1, 8) na (1, 8)
19 Jan 2025 01:22:13 GMT Długość listy pozycji: 10
Lista pozycji zwierząt: {(8, 7)=[◢], (4, 4)=[◣], (3, 4)=[◣], (6, 8)=[◣], (1, 5)=[◣], (0, 6)=[◥], (1, 8)=[◥], (6, 0)=[◤], (6, 1)=[◣], (8, 3)=[^]}
19 Jan 2025 01:22:13 GMT Zwierzę poruszyło się z (6, 8) na (6, 8)
19 Jan 2025 01:22:13 GMT Długość listy pozycji: 10
Lista pozycji zwierząt: {(8, 7)=[◢], (4, 4)=[◣], (3, 4)=[◥], (6, 8)=[◣], (1, 5)=[◣], (0, 6)=[◥], (1, 8)=[◥], (6, 0)=[◤], (6, 1)=[◣], (8, 3)=[^]}
19 Jan 2025 01:22:13 GMT Zwierzę poruszyło się z (3, 4) na (3, 4)
19 Jan 2025 01:22:13 GMT Długość listy pozycji: 10
Lista pozycji zwierząt: {(8, 7)=[◢], (4, 4)=[◣], (3, 4)=[◥], (6, 8)=[◣], (1, 5)=[◣], (0, 6)=[◥], (1, 8)=[◥], (6, 0)=[◤], (6, 1)=[◣], (8, 3)=[^]}
19 Jan 2025 01:22:13 GMT Zwierzę poruszyło się z (0, 6) na (0, 6)
19 Jan 2025 01:22:13 GMT Długość listy pozycji: 10
Lista pozycji zwierząt: {(8, 7)=[◢], (4, 4)=[◣], (3, 4)=[◥], (6, 8)=[◣], (1, 5)=[◣], (0, 6)=[◥], (1, 8)=[◥], (6, 0)=[◥], (6, 1)=[◣], (8, 3)=[^]}
19 Jan 2025 01:22:13 GMT Zwierzę poruszyło się z (6, 0) na (6, 0)
19 Jan 2025 01:22:13 GMT Długość listy pozycji: 10
Lista pozycji zwierząt: {(8, 7)=[◢], (4, 4)=[◣], (3, 4)=[◥], (6, 8)=[◣], (1, 5)=[◤], (0, 6)=[◥], (1, 8)=[◥], (6, 0)=[◥], (6, 1)=[◣], (8, 3)=[^]}
19 Jan 2025 01:22:13 GMT Zwierzę poruszyło się z (1, 5) na (1, 5)
19 Jan 2025 01:22:13 GMT Długość listy pozycji: 10
Lista pozycji zwierząt: {(8, 7)=[◢], (4, 4)=[◣], (3, 4)=[◥], (6, 8)=[◣], (1, 5)=[◤], (0, 6)=[◥], (1, 8)=[◥], (6, 0)=[◥], (6, 1)=[>], (8, 3)=[^]}
19 Jan 2025 01:22:13 GMT Zwierzę poruszyło się z (6, 1) na (6, 1)
19 Jan 2025 01:22:14 GMT Roślinka wyrosła na null
19 Jan 2025 01:22:14 GMT Roślinka wyrosła na null
19 Jan 2025 01:22:14 GMT Roślinka wyrosła na null
19 Jan 2025 01:22:14 GMT Roślinka wyrosła na null
19 Jan 2025 01:22:14 GMT Roślinka wyrosła na null
19 Jan 2025 01:22:14 GMT Roślinka wyrosła na null
19 Jan 2025 01:22:14 GMT Roślinka wyrosła na null
19 Jan 2025 01:22:14 GMT Roślinka wyrosła na null
19 Jan 2025 01:22:14 GMT Roślinka wyrosła na null
19 Jan 2025 01:22:14 GMT Roślinka wyrosła na null
19 Jan 2025 01:22:14 GMT Długość listy pozycji: 10
Lista pozycji zwierząt: {(8, 7)=[◢], (4, 4)=[◥], (3, 4)=[◥], (6, 8)=[◣], (1, 5)=[◤], (0, 6)=[◥], (1, 8)=[◥], (6, 0)=[◥], (6, 1)=[>], (8, 3)=[^]}
19 Jan 2025 01:22:14 GMT Zwierzę poruszyło się z (4, 4) na (4, 4)
19 Jan 2025 01:22:14 GMT Długość listy pozycji: 10
Lista pozycji zwierząt: {(8, 7)=[◢], (4, 4)=[◥], (3, 4)=[◥], (6, 8)=[◣], (1, 5)=[◤], (0, 6)=[◥], (1, 8)=[◥], (6, 0)=[◥], (6, 1)=[>], (8, 3)=[◢]}
19 Jan 2025 01:22:14 GMT Zwierzę poruszyło się z (8, 3) na (8, 3)
19 Jan 2025 01:22:14 GMT Długość listy pozycji: 10
Lista pozycji zwierząt: {(8, 7)=[◤], (4, 4)=[◥], (3, 4)=[◥], (6, 8)=[◣], (1, 5)=[◤], (0, 6)=[◥], (1, 8)=[◥], (6, 0)=[◥], (6, 1)=[>], (8, 3)=[◢]}
19 Jan 2025 01:22:14 GMT Zwierzę poruszyło się z (8, 7) na (8, 7)
19 Jan 2025 01:22:14 GMT Długość listy pozycji: 10
Lista pozycji zwierząt: {(8, 7)=[◤], (4, 4)=[◥], (3, 4)=[◥], (6, 8)=[◣], (1, 5)=[◤], (0, 6)=[◥], (1, 8)=[<], (6, 0)=[◥], (6, 1)=[>], (8, 3)=[◢]}
19 Jan 2025 01:22:14 GMT Zwierzę poruszyło się z (1, 8) na (1, 8)
19 Jan 2025 01:22:14 GMT Długość listy pozycji: 10
Lista pozycji zwierząt: {(8, 7)=[◤], (4, 4)=[◥], (3, 4)=[◥], (6, 8)=[^], (1, 5)=[◤], (0, 6)=[◥], (1, 8)=[<], (6, 0)=[◥], (6, 1)=[>], (8, 3)=[◢]}
19 Jan 2025 01:22:14 GMT Zwierzę poruszyło się z (6, 8) na (6, 8)
19 Jan 2025 01:22:15 GMT Długość listy pozycji: 10
Lista pozycji zwierząt: {(8, 7)=[◤], (4, 4)=[◥], (3, 4)=[v], (6, 8)=[^], (1, 5)=[◤], (0, 6)=[◥], (1, 8)=[<], (6, 0)=[◥], (6, 1)=[>], (8, 3)=[◢]}
19 Jan 2025 01:22:15 GMT Zwierzę poruszyło się z (3, 4) na (3, 4)
19 Jan 2025 01:22:15 GMT Długość listy pozycji: 10
Lista pozycji zwierząt: {(8, 7)=[◤], (4, 4)=[◥], (3, 4)=[v], (6, 8)=[^], (1, 5)=[◤], (1, 8)=[<], (6, 0)=[◥], (6, 1)=[>], (8, 3)=[◢], (9, 6)=[<]}
19 Jan 2025 01:22:15 GMT Zwierzę poruszyło się z (0, 6) na (9, 6)
19 Jan 2025 01:22:15 GMT Długość listy pozycji: 10
Lista pozycji zwierząt: {(8, 7)=[◤], (4, 4)=[◥], (3, 4)=[v], (6, 8)=[^], (1, 5)=[◤], (1, 8)=[<], (6, 0)=[<], (6, 1)=[>], (8, 3)=[◢], (9, 6)=[<]}
19 Jan 2025 01:22:15 GMT Zwierzę poruszyło się z (6, 0) na (6, 0)
19 Jan 2025 01:22:15 GMT Długość listy pozycji: 10
Lista pozycji zwierząt: {(8, 7)=[◤], (4, 4)=[◥], (3, 4)=[v], (6, 8)=[^], (1, 5)=[◥], (1, 8)=[<], (6, 0)=[<], (6, 1)=[>], (8, 3)=[◢], (9, 6)=[<]}
19 Jan 2025 01:22:15 GMT Zwierzę poruszyło się z (1, 5) na (1, 5)
19 Jan 2025 01:22:15 GMT Długość listy pozycji: 10
Lista pozycji zwierząt: {(8, 7)=[◤], (4, 4)=[◥], (3, 4)=[v], (6, 8)=[^], (1, 5)=[◥], (1, 8)=[<], (6, 0)=[<], (6, 1)=[<], (8, 3)=[◢], (9, 6)=[<]}
19 Jan 2025 01:22:15 GMT Zwierzę poruszyło się z (6, 1) na (6, 1)
19 Jan 2025 01:22:15 GMT Zwierzę zjadło roślinkę na (9, 6)
19 Jan 2025 01:22:15 GMT Roślinka wyrosła na null
19 Jan 2025 01:22:15 GMT Roślinka wyrosła na null
19 Jan 2025 01:22:15 GMT Roślinka wyrosła na null
19 Jan 2025 01:22:15 GMT Roślinka wyrosła na null
19 Jan 2025 01:22:15 GMT Roślinka wyrosła na null
19 Jan 2025 01:22:15 GMT Roślinka wyrosła na null
19 Jan 2025 01:22:15 GMT Roślinka wyrosła na null
19 Jan 2025 01:22:15 GMT Roślinka wyrosła na null
19 Jan 2025 01:22:15 GMT Roślinka wyrosła na null
19 Jan 2025 01:22:15 GMT Roślinka wyrosła na null
19 Jan 2025 01:22:16 GMT Długość listy pozycji: 10
Lista pozycji zwierząt: {(8, 7)=[◤], (4, 4)=[◣], (3, 4)=[v], (6, 8)=[^], (1, 5)=[◥], (1, 8)=[<], (6, 0)=[<], (6, 1)=[<], (8, 3)=[◢], (9, 6)=[<]}
19 Jan 2025 01:22:16 GMT Zwierzę poruszyło się z (4, 4) na (4, 4)
19 Jan 2025 01:22:16 GMT Długość listy pozycji: 10
Lista pozycji zwierząt: {(8, 7)=[◤], (4, 4)=[◣], (3, 4)=[v], (6, 8)=[^], (1, 5)=[◥], (1, 8)=[<], (6, 0)=[<], (6, 1)=[<], (8, 3)=[^], (9, 6)=[<]}
19 Jan 2025 01:22:16 GMT Zwierzę poruszyło się z (8, 3) na (8, 3)
19 Jan 2025 01:22:16 GMT Długość listy pozycji: 10
Lista pozycji zwierząt: {(8, 7)=[◣], (4, 4)=[◣], (3, 4)=[v], (6, 8)=[^], (1, 5)=[◥], (1, 8)=[<], (6, 0)=[<], (6, 1)=[<], (8, 3)=[^], (9, 6)=[<]}
19 Jan 2025 01:22:16 GMT Zwierzę poruszyło się z (8, 7) na (8, 7)
19 Jan 2025 01:22:16 GMT Długość listy pozycji: 10
Lista pozycji zwierząt: {(8, 7)=[◣], (4, 4)=[◣], (3, 4)=[v], (6, 8)=[^], (1, 5)=[◥], (1, 8)=[◤], (6, 0)=[<], (6, 1)=[<], (8, 3)=[^], (9, 6)=[<]}
19 Jan 2025 01:22:16 GMT Zwierzę poruszyło się z (1, 8) na (1, 8)
19 Jan 2025 01:22:16 GMT Długość listy pozycji: 10
Lista pozycji zwierząt: {(8, 7)=[◣], (4, 4)=[◣], (3, 4)=[v], (6, 8)=[◥], (1, 5)=[◥], (1, 8)=[◤], (6, 0)=[<], (6, 1)=[<], (8, 3)=[^], (9, 6)=[<]}
19 Jan 2025 01:22:16 GMT Zwierzę poruszyło się z (6, 8) na (6, 8)
19 Jan 2025 01:22:16 GMT Długość listy pozycji: 10
Lista pozycji zwierząt: {(8, 7)=[◣], (4, 4)=[◣], (3, 4)=[^], (6, 8)=[◥], (1, 5)=[◥], (1, 8)=[◤], (6, 0)=[<], (6, 1)=[<], (8, 3)=[^], (9, 6)=[<]}
19 Jan 2025 01:22:16 GMT Zwierzę poruszyło się z (3, 4) na (3, 4)
19 Jan 2025 01:22:16 GMT Długość listy pozycji: 10
Lista pozycji zwierząt: {(8, 7)=[◣], (4, 4)=[◣], (3, 4)=[^], (6, 8)=[◥], (1, 5)=[◥], (1, 8)=[◤], (6, 0)=[<], (6, 1)=[<], (8, 3)=[^], (9, 6)=[^]}
19 Jan 2025 01:22:16 GMT Zwierzę poruszyło się z (9, 6) na (9, 6)
19 Jan 2025 01:22:16 GMT Długość listy pozycji: 10
Lista pozycji zwierząt: {(8, 7)=[◣], (4, 4)=[◣], (3, 4)=[^], (6, 8)=[◥], (1, 5)=[◥], (1, 8)=[◤], (6, 0)=[>], (6, 1)=[<], (8, 3)=[^], (9, 6)=[^]}
19 Jan 2025 01:22:16 GMT Zwierzę poruszyło się z (6, 0) na (6, 0)
19 Jan 2025 01:22:16 GMT Długość listy pozycji: 10
Lista pozycji zwierząt: {(8, 7)=[◣], (4, 4)=[◣], (3, 4)=[^], (6, 8)=[◥], (1, 5)=[v], (1, 8)=[◤], (6, 0)=[>], (6, 1)=[<], (8, 3)=[^], (9, 6)=[^]}
19 Jan 2025 01:22:16 GMT Zwierzę poruszyło się z (1, 5) na (1, 5)
19 Jan 2025 01:22:17 GMT Długość listy pozycji: 10
Lista pozycji zwierząt: {(8, 7)=[◣], (4, 4)=[◣], (3, 4)=[^], (6, 8)=[◥], (1, 5)=[v], (1, 8)=[◤], (6, 0)=[>], (6, 1)=[◥], (8, 3)=[^], (9, 6)=[^]}
19 Jan 2025 01:22:17 GMT Zwierzę poruszyło się z (6, 1) na (6, 1)
19 Jan 2025 01:22:17 GMT Roślinka wyrosła na null
19 Jan 2025 01:22:17 GMT Roślinka wyrosła na null
19 Jan 2025 01:22:17 GMT Roślinka wyrosła na null
19 Jan 2025 01:22:17 GMT Roślinka wyrosła na null
19 Jan 2025 01:22:17 GMT Roślinka wyrosła na null
19 Jan 2025 01:22:17 GMT Roślinka wyrosła na null
19 Jan 2025 01:22:17 GMT Roślinka wyrosła na null
19 Jan 2025 01:22:17 GMT Roślinka wyrosła na null
19 Jan 2025 01:22:17 GMT Roślinka wyrosła na null
19 Jan 2025 01:22:17 GMT Roślinka wyrosła na null
19 Jan 2025 01:22:17 GMT Długość listy pozycji: 10
Lista pozycji zwierząt: {(8, 7)=[◣], (4, 4)=[<], (3, 4)=[^], (6, 8)=[◥], (1, 5)=[v], (1, 8)=[◤], (6, 0)=[>], (6, 1)=[◥], (8, 3)=[^], (9, 6)=[^]}
19 Jan 2025 01:22:17 GMT Zwierzę poruszyło się z (4, 4) na (4, 4)
19 Jan 2025 01:22:17 GMT Długość listy pozycji: 10
Lista pozycji zwierząt: {(8, 7)=[◣], (4, 4)=[<], (3, 4)=[^], (6, 8)=[◥], (1, 5)=[v], (1, 8)=[◤], (6, 0)=[>], (6, 1)=[◥], (8, 3)=[v], (9, 6)=[^]}
19 Jan 2025 01:22:17 GMT Zwierzę poruszyło się z (8, 3) na (8, 3)
19 Jan 2025 01:22:17 GMT Długość listy pozycji: 10
Lista pozycji zwierząt: {(8, 7)=[◤], (4, 4)=[<], (3, 4)=[^], (6, 8)=[◥], (1, 5)=[v], (1, 8)=[◤], (6, 0)=[>], (6, 1)=[◥], (8, 3)=[v], (9, 6)=[^]}
19 Jan 2025 01:22:17 GMT Zwierzę poruszyło się z (8, 7) na (8, 7)
19 Jan 2025 01:22:18 GMT Długość listy pozycji: 10
Lista pozycji zwierząt: {(8, 7)=[◤], (4, 4)=[<], (3, 4)=[^], (6, 8)=[◥], (1, 5)=[v], (1, 8)=[>], (6, 0)=[>], (6, 1)=[◥], (8, 3)=[v], (9, 6)=[^]}
19 Jan 2025 01:22:18 GMT Zwierzę poruszyło się z (1, 8) na (1, 8)
19 Jan 2025 01:22:18 GMT Długość listy pozycji: 10
Lista pozycji zwierząt: {(8, 7)=[◤], (4, 4)=[<], (3, 4)=[^], (6, 8)=[◤], (1, 5)=[v], (1, 8)=[>], (6, 0)=[>], (6, 1)=[◥], (8, 3)=[v], (9, 6)=[^]}
19 Jan 2025 01:22:18 GMT Zwierzę poruszyło się z (6, 8) na (6, 8)
19 Jan 2025 01:22:18 GMT Długość listy pozycji: 10
Lista pozycji zwierząt: {(8, 7)=[◤], (4, 4)=[<], (3, 4)=[<], (6, 8)=[◤], (1, 5)=[v], (1, 8)=[>], (6, 0)=[>], (6, 1)=[◥], (8, 3)=[v], (9, 6)=[^]}
19 Jan 2025 01:22:18 GMT Zwierzę poruszyło się z (3, 4) na (3, 4)
19 Jan 2025 01:22:18 GMT Długość listy pozycji: 10
Lista pozycji zwierząt: {(8, 7)=[◤], (4, 4)=[<], (3, 4)=[<], (6, 8)=[◤], (1, 5)=[v], (0, 7)=[◥], (1, 8)=[>], (6, 0)=[>], (6, 1)=[◥], (8, 3)=[v]}
19 Jan 2025 01:22:18 GMT Zwierzę poruszyło się z (9, 6) na (0, 7)
19 Jan 2025 01:22:18 GMT Długość listy pozycji: 10
Lista pozycji zwierząt: {(8, 7)=[◤], (4, 4)=[<], (3, 4)=[<], (6, 8)=[◤], (1, 5)=[v], (0, 7)=[◥], (1, 8)=[>], (6, 0)=[◤], (6, 1)=[◥], (8, 3)=[v]}
19 Jan 2025 01:22:18 GMT Zwierzę poruszyło się z (6, 0) na (6, 0)
19 Jan 2025 01:22:18 GMT Długość listy pozycji: 10
Lista pozycji zwierząt: {(8, 7)=[◤], (4, 4)=[<], (3, 4)=[<], (6, 8)=[◤], (1, 5)=[^], (0, 7)=[◥], (1, 8)=[>], (6, 0)=[◤], (6, 1)=[◥], (8, 3)=[v]}
19 Jan 2025 01:22:18 GMT Zwierzę poruszyło się z (1, 5) na (1, 5)
19 Jan 2025 01:22:18 GMT Długość listy pozycji: 10
Lista pozycji zwierząt: {(8, 7)=[◤], (4, 4)=[<], (3, 4)=[<], (6, 8)=[◤], (1, 5)=[^], (0, 7)=[◥], (1, 8)=[>], (6, 0)=[◤], (6, 1)=[<], (8, 3)=[v]}
19 Jan 2025 01:22:18 GMT Zwierzę poruszyło się z (6, 1) na (6, 1)
19 Jan 2025 01:22:18 GMT Zwierzę zjadło roślinkę na (0, 7)
19 Jan 2025 01:22:19 GMT Roślinka wyrosła na null
19 Jan 2025 01:22:19 GMT Roślinka wyrosła na null
19 Jan 2025 01:22:19 GMT Roślinka wyrosła na null
19 Jan 2025 01:22:19 GMT Roślinka wyrosła na null
19 Jan 2025 01:22:19 GMT Roślinka wyrosła na null
19 Jan 2025 01:22:19 GMT Roślinka wyrosła na null
19 Jan 2025 01:22:19 GMT Roślinka wyrosła na null
19 Jan 2025 01:22:19 GMT Roślinka wyrosła na null
19 Jan 2025 01:22:19 GMT Roślinka wyrosła na null
19 Jan 2025 01:22:19 GMT Roślinka wyrosła na null
19 Jan 2025 01:22:19 GMT Długość listy pozycji: 10
Lista pozycji zwierząt: {(8, 7)=[◤], (4, 4)=[◥], (3, 4)=[<], (6, 8)=[◤], (1, 5)=[^], (0, 7)=[◥], (1, 8)=[>], (6, 0)=[◤], (6, 1)=[<], (8, 3)=[v]}
19 Jan 2025 01:22:19 GMT Zwierzę poruszyło się z (4, 4) na (4, 4)
19 Jan 2025 01:22:19 GMT Długość listy pozycji: 10
Lista pozycji zwierząt: {(8, 7)=[◤], (4, 4)=[◥], (3, 4)=[<], (6, 8)=[◤], (1, 5)=[^], (0, 7)=[◥], (1, 8)=[>], (6, 0)=[◤], (6, 1)=[<], (8, 3)=[◣]}
19 Jan 2025 01:22:19 GMT Zwierzę poruszyło się z (8, 3) na (8, 3)
19 Jan 2025 01:22:19 GMT Długość listy pozycji: 10
Lista pozycji zwierząt: {(8, 7)=[v], (4, 4)=[◥], (3, 4)=[<], (6, 8)=[◤], (1, 5)=[^], (0, 7)=[◥], (1, 8)=[>], (6, 0)=[◤], (6, 1)=[<], (8, 3)=[◣]}
19 Jan 2025 01:22:19 GMT Zwierzę poruszyło się z (8, 7) na (8, 7)
19 Jan 2025 01:22:19 GMT Długość listy pozycji: 10
Lista pozycji zwierząt: {(8, 7)=[v], (4, 4)=[◥], (3, 4)=[<], (6, 8)=[◤], (1, 5)=[^], (0, 7)=[◥], (1, 8)=[◤], (6, 0)=[◤], (6, 1)=[<], (8, 3)=[◣]}
19 Jan 2025 01:22:19 GMT Zwierzę poruszyło się z (1, 8) na (1, 8)
19 Jan 2025 01:22:19 GMT Długość listy pozycji: 10
Lista pozycji zwierząt: {(8, 7)=[v], (4, 4)=[◥], (3, 4)=[<], (6, 8)=[◢], (1, 5)=[^], (0, 7)=[◥], (1, 8)=[◤], (6, 0)=[◤], (6, 1)=[<], (8, 3)=[◣]}
19 Jan 2025 01:22:19 GMT Zwierzę poruszyło się z (6, 8) na (6, 8)
19 Jan 2025 01:22:19 GMT Długość listy pozycji: 10
Lista pozycji zwierząt: {(8, 7)=[v], (4, 4)=[◥], (3, 4)=[>], (6, 8)=[◢], (1, 5)=[^], (0, 7)=[◥], (1, 8)=[◤], (6, 0)=[◤], (6, 1)=[<], (8, 3)=[◣]}
19 Jan 2025 01:22:19 GMT Zwierzę poruszyło się z (3, 4) na (3, 4)
19 Jan 2025 01:22:19 GMT Długość listy pozycji: 10
Lista pozycji zwierząt: {(9, 8)=[◤], (8, 7)=[v], (4, 4)=[◥], (3, 4)=[>], (6, 8)=[◢], (1, 5)=[^], (1, 8)=[◤], (6, 0)=[◤], (6, 1)=[<], (8, 3)=[◣]}
19 Jan 2025 01:22:19 GMT Zwierzę poruszyło się z (0, 7) na (9, 8)
19 Jan 2025 01:22:20 GMT Długość listy pozycji: 10
Lista pozycji zwierząt: {(9, 8)=[◤], (8, 7)=[v], (4, 4)=[◥], (3, 4)=[>], (6, 8)=[◢], (1, 5)=[^], (1, 8)=[◤], (6, 0)=[◥], (6, 1)=[<], (8, 3)=[◣]}
19 Jan 2025 01:22:20 GMT Zwierzę poruszyło się z (6, 0) na (6, 0)
19 Jan 2025 01:22:20 GMT Długość listy pozycji: 10
Lista pozycji zwierząt: {(9, 8)=[◤], (8, 7)=[v], (4, 4)=[◥], (3, 4)=[>], (6, 8)=[◢], (1, 5)=[◣], (1, 8)=[◤], (6, 0)=[◥], (6, 1)=[<], (8, 3)=[◣]}
19 Jan 2025 01:22:20 GMT Zwierzę poruszyło się z (1, 5) na (1, 5)
19 Jan 2025 01:22:20 GMT Długość listy pozycji: 10
Lista pozycji zwierząt: {(9, 8)=[◤], (8, 7)=[v], (4, 4)=[◥], (3, 4)=[>], (6, 8)=[◢], (1, 5)=[◣], (1, 8)=[◤], (6, 0)=[◥], (6, 1)=[^], (8, 3)=[◣]}
19 Jan 2025 01:22:20 GMT Zwierzę poruszyło się z (6, 1) na (6, 1)
19 Jan 2025 01:22:20 GMT Zwierzę zjadło roślinkę na (9, 8)
19 Jan 2025 01:22:20 GMT Roślinka wyrosła na null
19 Jan 2025 01:22:20 GMT Roślinka wyrosła na null
19 Jan 2025 01:22:20 GMT Roślinka wyrosła na null
19 Jan 2025 01:22:20 GMT Roślinka wyrosła na null
19 Jan 2025 01:22:20 GMT Roślinka wyrosła na null
19 Jan 2025 01:22:20 GMT Roślinka wyrosła na null
19 Jan 2025 01:22:20 GMT Roślinka wyrosła na null
19 Jan 2025 01:22:20 GMT Roślinka wyrosła na null
19 Jan 2025 01:22:20 GMT Roślinka wyrosła na null
19 Jan 2025 01:22:20 GMT Roślinka wyrosła na null
19 Jan 2025 01:22:20 GMT Zwierzę umarło na (4, 4)
19 Jan 2025 01:22:20 GMT Zwierzę umarło na (8, 3)
19 Jan 2025 01:22:20 GMT Zwierzę umarło na (8, 7)
19 Jan 2025 01:22:20 GMT Zwierzę umarło na (1, 8)
19 Jan 2025 01:22:20 GMT Zwierzę umarło na (6, 8)
19 Jan 2025 01:22:20 GMT Zwierzę umarło na (3, 4)
19 Jan 2025 01:22:20 GMT Zwierzę umarło na (6, 0)
19 Jan 2025 01:22:20 GMT Zwierzę umarło na (1, 5)
19 Jan 2025 01:22:20 GMT Zwierzę umarło na (6, 1)
19 Jan 2025 01:22:20 GMT Długość listy pozycji: 10
Lista pozycji zwierząt: {(9, 8)=[^], (8, 7)=[], (4, 4)=[], (3, 4)=[], (6, 8)=[], (1, 5)=[], (1, 8)=[], (6, 0)=[], (6, 1)=[], (8, 3)=[]}
19 Jan 2025 01:22:20 GMT Zwierzę poruszyło się z (9, 8) na (9, 8)
19 Jan 2025 01:22:21 GMT Roślinka wyrosła na null
19 Jan 2025 01:22:21 GMT Roślinka wyrosła na null
19 Jan 2025 01:22:21 GMT Roślinka wyrosła na null
19 Jan 2025 01:22:21 GMT Roślinka wyrosła na null
19 Jan 2025 01:22:21 GMT Roślinka wyrosła na null
19 Jan 2025 01:22:21 GMT Roślinka wyrosła na null
19 Jan 2025 01:22:21 GMT Roślinka wyrosła na null
19 Jan 2025 01:22:21 GMT Roślinka wyrosła na null
19 Jan 2025 01:22:21 GMT Roślinka wyrosła na null
19 Jan 2025 01:22:21 GMT Roślinka wyrosła na null
19 Jan 2025 01:22:21 GMT Długość listy pozycji: 10
Lista pozycji zwierząt: {(8, 7)=[], (4, 4)=[], (3, 4)=[], (6, 8)=[], (1, 5)=[], (1, 8)=[], (0, 9)=[◥], (6, 0)=[], (6, 1)=[], (8, 3)=[]}
19 Jan 2025 01:22:21 GMT Zwierzę poruszyło się z (9, 8) na (0, 9)
19 Jan 2025 01:22:21 GMT Zwierzę zjadło roślinkę na (0, 9)
19 Jan 2025 01:22:21 GMT Roślinka wyrosła na null
19 Jan 2025 01:22:21 GMT Roślinka wyrosła na null
19 Jan 2025 01:22:21 GMT Roślinka wyrosła na null
19 Jan 2025 01:22:21 GMT Roślinka wyrosła na null
19 Jan 2025 01:22:21 GMT Roślinka wyrosła na null
19 Jan 2025 01:22:21 GMT Roślinka wyrosła na null
19 Jan 2025 01:22:21 GMT Roślinka wyrosła na null
19 Jan 2025 01:22:21 GMT Roślinka wyrosła na null
19 Jan 2025 01:22:21 GMT Roślinka wyrosła na null
19 Jan 2025 01:22:21 GMT Roślinka wyrosła na null
19 Jan 2025 01:22:21 GMT Długość listy pozycji: 10
Lista pozycji zwierząt: {(8, 7)=[], (4, 4)=[], (3, 4)=[], (6, 8)=[], (1, 5)=[], (1, 8)=[], (0, 9)=[◢], (6, 0)=[], (6, 1)=[], (8, 3)=[]}
19 Jan 2025 01:22:21 GMT Zwierzę poruszyło się z (0, 9) na (0, 9)
19 Jan 2025 01:22:22 GMT Roślinka wyrosła na null
19 Jan 2025 01:22:22 GMT Roślinka wyrosła na null
19 Jan 2025 01:22:22 GMT Roślinka wyrosła na null
19 Jan 2025 01:22:22 GMT Roślinka wyrosła na null
19 Jan 2025 01:22:22 GMT Roślinka wyrosła na null
19 Jan 2025 01:22:22 GMT Roślinka wyrosła na null
19 Jan 2025 01:22:22 GMT Roślinka wyrosła na null
19 Jan 2025 01:22:22 GMT Roślinka wyrosła na null
19 Jan 2025 01:22:22 GMT Roślinka wyrosła na null
19 Jan 2025 01:22:22 GMT Roślinka wyrosła na null
19 Jan 2025 01:22:22 GMT Długość listy pozycji: 10
Lista pozycji zwierząt: {(8, 7)=[], (4, 4)=[], (3, 4)=[], (6, 8)=[], (1, 5)=[], (1, 8)=[], (0, 9)=[v], (6, 0)=[], (6, 1)=[], (8, 3)=[]}
19 Jan 2025 01:22:22 GMT Zwierzę poruszyło się z (0, 9) na (0, 9)
19 Jan 2025 01:22:22 GMT Roślinka wyrosła na null
19 Jan 2025 01:22:22 GMT Roślinka wyrosła na null
19 Jan 2025 01:22:22 GMT Roślinka wyrosła na null
19 Jan 2025 01:22:22 GMT Roślinka wyrosła na null
19 Jan 2025 01:22:22 GMT Roślinka wyrosła na null
19 Jan 2025 01:22:22 GMT Roślinka wyrosła na null
19 Jan 2025 01:22:22 GMT Roślinka wyrosła na null
19 Jan 2025 01:22:22 GMT Roślinka wyrosła na null
19 Jan 2025 01:22:22 GMT Roślinka wyrosła na null
19 Jan 2025 01:22:22 GMT Roślinka wyrosła na null
19 Jan 2025 01:22:23 GMT Długość listy pozycji: 10
Lista pozycji zwierząt: {(8, 7)=[], (4, 4)=[], (3, 4)=[], (6, 8)=[], (1, 5)=[], (1, 8)=[], (0, 9)=[v], (6, 0)=[], (6, 1)=[], (8, 3)=[]}
19 Jan 2025 01:22:23 GMT Zwierzę poruszyło się z (0, 9) na (0, 9)
19 Jan 2025 01:22:23 GMT Roślinka wyrosła na null
19 Jan 2025 01:22:23 GMT Roślinka wyrosła na null
19 Jan 2025 01:22:23 GMT Roślinka wyrosła na null
19 Jan 2025 01:22:23 GMT Roślinka wyrosła na null
19 Jan 2025 01:22:23 GMT Roślinka wyrosła na null
19 Jan 2025 01:22:23 GMT Roślinka wyrosła na null
19 Jan 2025 01:22:23 GMT Roślinka wyrosła na null
19 Jan 2025 01:22:23 GMT Roślinka wyrosła na null
19 Jan 2025 01:22:23 GMT Roślinka wyrosła na null
19 Jan 2025 01:22:23 GMT Roślinka wyrosła na null
19 Jan 2025 01:22:23 GMT Długość listy pozycji: 10
Lista pozycji zwierząt: {(8, 7)=[], (4, 4)=[], (3, 4)=[], (6, 8)=[], (1, 5)=[], (1, 8)=[], (0, 9)=[v], (6, 0)=[], (6, 1)=[], (8, 3)=[]}
19 Jan 2025 01:22:23 GMT Zwierzę poruszyło się z (0, 9) na (0, 9)
19 Jan 2025 01:22:24 GMT Roślinka wyrosła na null
19 Jan 2025 01:22:24 GMT Roślinka wyrosła na null
19 Jan 2025 01:22:24 GMT Roślinka wyrosła na null
19 Jan 2025 01:22:24 GMT Roślinka wyrosła na null
19 Jan 2025 01:22:24 GMT Roślinka wyrosła na null
19 Jan 2025 01:22:24 GMT Roślinka wyrosła na null
19 Jan 2025 01:22:24 GMT Roślinka wyrosła na null
19 Jan 2025 01:22:24 GMT Roślinka wyrosła na null
19 Jan 2025 01:22:24 GMT Roślinka wyrosła na null
19 Jan 2025 01:22:24 GMT Roślinka wyrosła na null
19 Jan 2025 01:22:24 GMT Długość listy pozycji: 10
Lista pozycji zwierząt: {(8, 7)=[], (4, 4)=[], (3, 4)=[], (6, 8)=[], (1, 5)=[], (1, 8)=[], (0, 9)=[◣], (6, 0)=[], (6, 1)=[], (8, 3)=[]}
19 Jan 2025 01:22:24 GMT Zwierzę poruszyło się z (0, 9) na (0, 9)
19 Jan 2025 01:22:24 GMT Roślinka wyrosła na null
19 Jan 2025 01:22:24 GMT Roślinka wyrosła na null
19 Jan 2025 01:22:24 GMT Roślinka wyrosła na null
19 Jan 2025 01:22:24 GMT Roślinka wyrosła na null
19 Jan 2025 01:22:24 GMT Roślinka wyrosła na null
19 Jan 2025 01:22:24 GMT Roślinka wyrosła na null
19 Jan 2025 01:22:24 GMT Roślinka wyrosła na null
19 Jan 2025 01:22:24 GMT Roślinka wyrosła na null
19 Jan 2025 01:22:24 GMT Roślinka wyrosła na null
19 Jan 2025 01:22:24 GMT Roślinka wyrosła na null
19 Jan 2025 01:22:24 GMT Długość listy pozycji: 10
Lista pozycji zwierząt: {(8, 7)=[], (4, 4)=[], (3, 4)=[], (6, 8)=[], (1, 5)=[], (1, 8)=[], (0, 9)=[◢], (6, 0)=[], (6, 1)=[], (8, 3)=[]}
19 Jan 2025 01:22:24 GMT Zwierzę poruszyło się z (0, 9) na (0, 9)
19 Jan 2025 01:22:25 GMT Roślinka wyrosła na null
19 Jan 2025 01:22:25 GMT Roślinka wyrosła na null
19 Jan 2025 01:22:25 GMT Roślinka wyrosła na null
19 Jan 2025 01:22:25 GMT Roślinka wyrosła na null
19 Jan 2025 01:22:25 GMT Roślinka wyrosła na null
19 Jan 2025 01:22:25 GMT Roślinka wyrosła na null
19 Jan 2025 01:22:25 GMT Roślinka wyrosła na null
19 Jan 2025 01:22:25 GMT Roślinka wyrosła na null
19 Jan 2025 01:22:25 GMT Roślinka wyrosła na null
19 Jan 2025 01:22:25 GMT Roślinka wyrosła na null
19 Jan 2025 01:22:25 GMT Długość listy pozycji: 10
Lista pozycji zwierząt: {(8, 7)=[], (4, 4)=[], (3, 4)=[], (6, 8)=[], (1, 5)=[], (1, 8)=[], (0, 9)=[v], (6, 0)=[], (6, 1)=[], (8, 3)=[]}
19 Jan 2025 01:22:25 GMT Zwierzę poruszyło się z (0, 9) na (0, 9)
19 Jan 2025 01:22:25 GMT Roślinka wyrosła na null
19 Jan 2025 01:22:25 GMT Roślinka wyrosła na null
19 Jan 2025 01:22:25 GMT Roślinka wyrosła na null
19 Jan 2025 01:22:25 GMT Roślinka wyrosła na null
19 Jan 2025 01:22:25 GMT Roślinka wyrosła na null
19 Jan 2025 01:22:25 GMT Roślinka wyrosła na null
19 Jan 2025 01:22:25 GMT Roślinka wyrosła na null
19 Jan 2025 01:22:25 GMT Roślinka wyrosła na null
19 Jan 2025 01:22:25 GMT Roślinka wyrosła na null
19 Jan 2025 01:22:25 GMT Roślinka wyrosła na null
19 Jan 2025 01:22:26 GMT Długość listy pozycji: 10
Lista pozycji zwierząt: {(8, 7)=[], (4, 4)=[], (3, 4)=[], (6, 8)=[], (1, 5)=[], (1, 8)=[], (0, 9)=[>], (6, 0)=[], (6, 1)=[], (8, 3)=[]}
19 Jan 2025 01:22:26 GMT Zwierzę poruszyło się z (0, 9) na (0, 9)
19 Jan 2025 01:22:26 GMT Roślinka wyrosła na null
19 Jan 2025 01:22:26 GMT Roślinka wyrosła na null
19 Jan 2025 01:22:26 GMT Roślinka wyrosła na null
19 Jan 2025 01:22:26 GMT Roślinka wyrosła na null
19 Jan 2025 01:22:26 GMT Roślinka wyrosła na null
19 Jan 2025 01:22:26 GMT Roślinka wyrosła na null
19 Jan 2025 01:22:26 GMT Roślinka wyrosła na null
19 Jan 2025 01:22:26 GMT Roślinka wyrosła na null
19 Jan 2025 01:22:26 GMT Roślinka wyrosła na null
19 Jan 2025 01:22:26 GMT Roślinka wyrosła na null
19 Jan 2025 01:22:26 GMT Długość listy pozycji: 10
Lista pozycji zwierząt: {(8, 7)=[], (4, 4)=[], (3, 4)=[], (6, 8)=[], (1, 5)=[], (1, 8)=[], (0, 9)=[◢], (6, 0)=[], (6, 1)=[], (8, 3)=[]}
19 Jan 2025 01:22:26 GMT Zwierzę poruszyło się z (0, 9) na (0, 9)
