18 Jan 2025 22:03:42 GMT Zwierze zostało położone na (4, 5)
18 Jan 2025 22:03:43 GMT Zwierze zostało położone na (8, 7)
18 Jan 2025 22:03:43 GMT Zwierze zostało położone na (4, 8)
18 Jan 2025 22:03:43 GMT Zwierze zostało położone na (9, 3)
18 Jan 2025 22:03:43 GMT Zwierze zostało położone na (1, 3)
18 Jan 2025 22:03:43 GMT Zwierze zostało położone na (0, 0)
18 Jan 2025 22:03:43 GMT Zwierze zostało położone na (1, 7)
18 Jan 2025 22:03:43 GMT Zwierze zostało położone na (7, 0)
18 Jan 2025 22:03:43 GMT Zwierze zostało położone na (2, 3)
18 Jan 2025 22:03:43 GMT Zwierze zostało położone na (8, 6)
18 Jan 2025 22:03:43 GMT Długość listy pozycji: 10
Lista pozycji zwierząt: {(8, 7)=[◥], (5, 5)=[>], (0, 0)=[◣], (2, 3)=[>], (1, 3)=[◤], (4, 8)=[◣], (1, 7)=[◣], (7, 0)=[◥], (9, 3)=[>], (8, 6)=[◣]}
18 Jan 2025 22:03:43 GMT Zwierzę poruszyło się z (4, 5) na (5, 5)
18 Jan 2025 22:03:43 GMT Długość listy pozycji: 10
Lista pozycji zwierząt: {(5, 5)=[>], (0, 0)=[◣], (2, 3)=[>], (1, 3)=[◤], (4, 8)=[◣], (1, 7)=[◣], (7, 0)=[◥], (9, 3)=[>], (9, 7)=[>], (8, 6)=[◣]}
18 Jan 2025 22:03:43 GMT Zwierzę poruszyło się z (8, 7) na (9, 7)
18 Jan 2025 22:03:43 GMT Długość listy pozycji: 10
Lista pozycji zwierząt: {(5, 5)=[>], (0, 0)=[◣], (2, 3)=[>], (1, 3)=[◤], (5, 8)=[>], (1, 7)=[◣], (7, 0)=[◥], (9, 3)=[>], (9, 7)=[>], (8, 6)=[◣]}
18 Jan 2025 22:03:43 GMT Zwierzę poruszyło się z (4, 8) na (5, 8)
18 Jan 2025 22:03:44 GMT Długość listy pozycji: 10
Lista pozycji zwierząt: {(5, 5)=[>], (0, 0)=[◣], (2, 3)=[>], (1, 3)=[◤], (5, 8)=[>], (1, 7)=[◣], (9, 2)=[v], (7, 0)=[◥], (9, 7)=[>], (8, 6)=[◣]}
18 Jan 2025 22:03:44 GMT Zwierzę poruszyło się z (9, 3) na (9, 2)
18 Jan 2025 22:03:44 GMT Długość listy pozycji: 10
Lista pozycji zwierząt: {(5, 5)=[>], (0, 0)=[◣], (2, 3)=[>], (0, 3)=[<], (5, 8)=[>], (1, 7)=[◣], (9, 2)=[v], (7, 0)=[◥], (9, 7)=[>], (8, 6)=[◣]}
18 Jan 2025 22:03:44 GMT Zwierzę poruszyło się z (1, 3) na (0, 3)
18 Jan 2025 22:03:44 GMT Długość listy pozycji: 10
Lista pozycji zwierząt: {(1, 0)=[>], (5, 5)=[>], (2, 3)=[>], (0, 3)=[<], (5, 8)=[>], (1, 7)=[◣], (9, 2)=[v], (7, 0)=[◥], (9, 7)=[>], (8, 6)=[◣]}
18 Jan 2025 22:03:44 GMT Zwierzę poruszyło się z (0, 0) na (1, 0)
18 Jan 2025 22:03:44 GMT Długość listy pozycji: 10
Lista pozycji zwierząt: {(1, 0)=[>], (5, 5)=[>], (2, 3)=[>], (0, 3)=[<], (5, 8)=[>], (2, 7)=[>], (9, 2)=[v], (7, 0)=[◥], (9, 7)=[>], (8, 6)=[◣]}
18 Jan 2025 22:03:44 GMT Zwierzę poruszyło się z (1, 7) na (2, 7)
18 Jan 2025 22:03:44 GMT Długość listy pozycji: 10
Lista pozycji zwierząt: {(1, 0)=[>], (5, 5)=[>], (2, 3)=[>], (0, 3)=[<], (5, 8)=[>], (2, 7)=[>], (8, 0)=[>], (9, 2)=[v], (9, 7)=[>], (8, 6)=[◣]}
18 Jan 2025 22:03:44 GMT Zwierzę poruszyło się z (7, 0) na (8, 0)
18 Jan 2025 22:03:44 GMT Długość listy pozycji: 10
Lista pozycji zwierząt: {(1, 0)=[>], (2, 2)=[v], (5, 5)=[>], (0, 3)=[<], (5, 8)=[>], (2, 7)=[>], (8, 0)=[>], (9, 2)=[v], (9, 7)=[>], (8, 6)=[◣]}
18 Jan 2025 22:03:44 GMT Zwierzę poruszyło się z (2, 3) na (2, 2)
18 Jan 2025 22:03:44 GMT Długość listy pozycji: 10
Lista pozycji zwierząt: {(1, 0)=[>], (2, 2)=[v], (5, 5)=[>], (0, 3)=[<], (5, 8)=[>], (2, 7)=[>], (8, 0)=[>], (9, 2)=[v], (9, 6)=[>], (9, 7)=[>]}
18 Jan 2025 22:03:44 GMT Zwierzę poruszyło się z (8, 6) na (9, 6)
18 Jan 2025 22:03:45 GMT Roślinka wyrosła na (9, 5)
18 Jan 2025 22:03:45 GMT Roślinka wyrosła na (2, 1)
18 Jan 2025 22:03:45 GMT Roślinka wyrosła na (3, 6)
18 Jan 2025 22:03:45 GMT Roślinka wyrosła na (5, 7)
18 Jan 2025 22:03:45 GMT Roślinka wyrosła na (9, 6)
18 Jan 2025 22:03:45 GMT Roślinka wyrosła na (9, 3)
18 Jan 2025 22:03:45 GMT Roślinka wyrosła na (7, 5)
18 Jan 2025 22:03:45 GMT Roślinka wyrosła na (4, 5)
18 Jan 2025 22:03:45 GMT Roślinka wyrosła na (8, 2)
18 Jan 2025 22:03:45 GMT Roślinka wyrosła na (5, 5)
18 Jan 2025 22:03:45 GMT Długość listy pozycji: 10
Lista pozycji zwierząt: {(1, 0)=[>], (2, 2)=[v], (4, 6)=[◤], (0, 3)=[<], (5, 8)=[>], (2, 7)=[>], (8, 0)=[>], (9, 2)=[v], (9, 6)=[>], (9, 7)=[>]}
18 Jan 2025 22:03:45 GMT Zwierzę poruszyło się z (5, 5) na (4, 6)
18 Jan 2025 22:03:45 GMT Długość listy pozycji: 10
Lista pozycji zwierząt: {(1, 0)=[>], (2, 2)=[v], (4, 6)=[◤], (0, 3)=[<], (5, 8)=[>], (2, 7)=[>], (0, 6)=[◢], (8, 0)=[>], (9, 2)=[v], (9, 6)=[>]}
18 Jan 2025 22:03:45 GMT Zwierzę poruszyło się z (9, 7) na (0, 6)
18 Jan 2025 22:03:45 GMT Długość listy pozycji: 10
Lista pozycji zwierząt: {(1, 0)=[>], (2, 2)=[v], (4, 6)=[◤], (0, 3)=[<], (4, 9)=[◤], (2, 7)=[>], (0, 6)=[◢], (8, 0)=[>], (9, 2)=[v], (9, 6)=[>]}
18 Jan 2025 22:03:45 GMT Zwierzę poruszyło się z (5, 8) na (4, 9)
18 Jan 2025 22:03:45 GMT Długość listy pozycji: 10
Lista pozycji zwierząt: {(1, 0)=[>], (2, 2)=[v], (4, 6)=[◤], (0, 3)=[<], (4, 9)=[◤], (2, 7)=[>], (0, 6)=[◢], (8, 0)=[>], (8, 2)=[<], (9, 6)=[>]}
18 Jan 2025 22:03:45 GMT Zwierzę poruszyło się z (9, 2) na (8, 2)
18 Jan 2025 22:03:45 GMT Długość listy pozycji: 10
Lista pozycji zwierząt: {(1, 0)=[>], (2, 2)=[v], (4, 6)=[◤], (4, 9)=[◤], (2, 7)=[>], (0, 6)=[◢], (8, 0)=[>], (9, 2)=[◣], (8, 2)=[<], (9, 6)=[>]}
18 Jan 2025 22:03:45 GMT Zwierzę poruszyło się z (0, 3) na (9, 2)
18 Jan 2025 22:03:45 GMT Długość listy pozycji: 10
Lista pozycji zwierząt: {(2, 2)=[v], (0, 1)=[◤], (4, 6)=[◤], (4, 9)=[◤], (2, 7)=[>], (0, 6)=[◢], (8, 0)=[>], (9, 2)=[◣], (8, 2)=[<], (9, 6)=[>]}
18 Jan 2025 22:03:45 GMT Zwierzę poruszyło się z (1, 0) na (0, 1)
18 Jan 2025 22:03:45 GMT Długość listy pozycji: 10
Lista pozycji zwierząt: {(2, 2)=[v], (0, 1)=[◤], (4, 6)=[◤], (4, 9)=[◤], (0, 6)=[◢], (1, 8)=[◤], (8, 0)=[>], (9, 2)=[◣], (8, 2)=[<], (9, 6)=[>]}
18 Jan 2025 22:03:45 GMT Zwierzę poruszyło się z (2, 7) na (1, 8)
18 Jan 2025 22:03:46 GMT Długość listy pozycji: 10
Lista pozycji zwierząt: {(2, 2)=[v], (0, 1)=[◤], (4, 6)=[◤], (4, 9)=[◤], (0, 6)=[◢], (1, 8)=[◤], (8, 0)=[◤], (9, 2)=[◣], (8, 2)=[<], (9, 6)=[>]}
18 Jan 2025 22:03:46 GMT Zwierzę poruszyło się z (8, 0) na (8, 0)
18 Jan 2025 22:03:46 GMT Długość listy pozycji: 10
Lista pozycji zwierząt: {(1, 2)=[<], (0, 1)=[◤], (4, 6)=[◤], (4, 9)=[◤], (0, 6)=[◢], (1, 8)=[◤], (8, 0)=[◤], (9, 2)=[◣], (8, 2)=[<], (9, 6)=[>]}
18 Jan 2025 22:03:46 GMT Zwierzę poruszyło się z (2, 2) na (1, 2)
18 Jan 2025 22:03:46 GMT Długość listy pozycji: 10
Lista pozycji zwierząt: {(8, 7)=[◤], (1, 2)=[<], (0, 1)=[◤], (4, 6)=[◤], (4, 9)=[◤], (0, 6)=[◢], (1, 8)=[◤], (8, 0)=[◤], (9, 2)=[◣], (8, 2)=[<]}
18 Jan 2025 22:03:46 GMT Zwierzę poruszyło się z (9, 6) na (8, 7)
18 Jan 2025 22:03:46 GMT Zwierzę zjadło roślinkę na (8, 7)
18 Jan 2025 22:03:46 GMT Zwierzę zjadło roślinkę na (4, 6)
18 Jan 2025 22:03:46 GMT Zwierzę zjadło roślinkę na (8, 2)
18 Jan 2025 22:03:46 GMT Roślinka wyrosła na (2, 6)
18 Jan 2025 22:03:46 GMT Roślinka wyrosła na (2, 5)
18 Jan 2025 22:03:46 GMT Roślinka wyrosła na (0, 6)
18 Jan 2025 22:03:46 GMT Roślinka wyrosła na (1, 6)
18 Jan 2025 22:03:46 GMT Roślinka wyrosła na (1, 5)
18 Jan 2025 22:03:46 GMT Roślinka wyrosła na (5, 6)
18 Jan 2025 22:03:46 GMT Roślinka wyrosła na (2, 9)
18 Jan 2025 22:03:46 GMT Roślinka wyrosła na (3, 2)
18 Jan 2025 22:03:46 GMT Roślinka wyrosła na (8, 0)
18 Jan 2025 22:03:46 GMT Roślinka wyrosła na (0, 8)
18 Jan 2025 22:03:46 GMT Długość listy pozycji: 10
Lista pozycji zwierząt: {(8, 7)=[◤], (4, 5)=[v], (1, 2)=[<], (0, 1)=[◤], (4, 9)=[◤], (0, 6)=[◢], (1, 8)=[◤], (8, 0)=[◤], (9, 2)=[◣], (8, 2)=[<]}
18 Jan 2025 22:03:46 GMT Zwierzę poruszyło się z (4, 6) na (4, 5)
18 Jan 2025 22:03:46 GMT Długość listy pozycji: 10
Lista pozycji zwierząt: {(8, 7)=[◤], (4, 5)=[v], (1, 2)=[<], (0, 1)=[◤], (0, 5)=[v], (4, 9)=[◤], (1, 8)=[◤], (8, 0)=[◤], (9, 2)=[◣], (8, 2)=[<]}
18 Jan 2025 22:03:46 GMT Zwierzę poruszyło się z (0, 6) na (0, 5)
18 Jan 2025 22:03:46 GMT Długość listy pozycji: 10
Lista pozycji zwierząt: {(8, 7)=[◤], (4, 5)=[v], (1, 2)=[<], (0, 1)=[◤], (4, 8)=[v], (0, 5)=[v], (1, 8)=[◤], (8, 0)=[◤], (9, 2)=[◣], (8, 2)=[<]}
18 Jan 2025 22:03:46 GMT Zwierzę poruszyło się z (4, 9) na (4, 8)
18 Jan 2025 22:03:47 GMT Długość listy pozycji: 10
Lista pozycji zwierząt: {(8, 7)=[◤], (4, 5)=[v], (1, 2)=[<], (0, 1)=[◤], (4, 8)=[v], (0, 5)=[v], (1, 8)=[◤], (8, 0)=[◤], (9, 2)=[◣], (8, 3)=[^]}
18 Jan 2025 22:03:47 GMT Zwierzę poruszyło się z (8, 2) na (8, 3)
18 Jan 2025 22:03:47 GMT Długość listy pozycji: 10
Lista pozycji zwierząt: {(8, 7)=[◤], (4, 5)=[v], (1, 2)=[<], (0, 1)=[◤], (4, 8)=[v], (0, 5)=[v], (1, 8)=[◤], (9, 1)=[v], (8, 0)=[◤], (8, 3)=[^]}
18 Jan 2025 22:03:47 GMT Zwierzę poruszyło się z (9, 2) na (9, 1)
18 Jan 2025 22:03:47 GMT Długość listy pozycji: 10
Lista pozycji zwierząt: {(8, 7)=[◤], (0, 0)=[v], (4, 5)=[v], (1, 2)=[<], (4, 8)=[v], (0, 5)=[v], (1, 8)=[◤], (9, 1)=[v], (8, 0)=[◤], (8, 3)=[^]}
18 Jan 2025 22:03:47 GMT Zwierzę poruszyło się z (0, 1) na (0, 0)
18 Jan 2025 22:03:47 GMT Długość listy pozycji: 10
Lista pozycji zwierząt: {(8, 7)=[◤], (0, 0)=[v], (4, 5)=[v], (1, 2)=[<], (4, 8)=[v], (0, 5)=[v], (1, 7)=[v], (9, 1)=[v], (8, 0)=[◤], (8, 3)=[^]}
18 Jan 2025 22:03:47 GMT Zwierzę poruszyło się z (1, 8) na (1, 7)
18 Jan 2025 22:03:47 GMT Długość listy pozycji: 10
Lista pozycji zwierząt: {(8, 7)=[◤], (0, 0)=[v], (4, 5)=[v], (1, 2)=[<], (4, 8)=[v], (0, 5)=[v], (1, 7)=[v], (9, 1)=[v], (8, 1)=[^], (8, 3)=[^]}
18 Jan 2025 22:03:47 GMT Zwierzę poruszyło się z (8, 0) na (8, 1)
18 Jan 2025 22:03:47 GMT Długość listy pozycji: 10
Lista pozycji zwierząt: {(8, 7)=[◤], (0, 0)=[v], (4, 5)=[v], (1, 3)=[^], (4, 8)=[v], (0, 5)=[v], (1, 7)=[v], (9, 1)=[v], (8, 1)=[^], (8, 3)=[^]}
18 Jan 2025 22:03:47 GMT Zwierzę poruszyło się z (1, 2) na (1, 3)
18 Jan 2025 22:03:47 GMT Długość listy pozycji: 10
Lista pozycji zwierząt: {(0, 0)=[v], (4, 5)=[v], (1, 3)=[^], (4, 8)=[v], (0, 5)=[v], (1, 7)=[v], (9, 1)=[v], (8, 1)=[^], (8, 3)=[^], (8, 6)=[v]}
18 Jan 2025 22:03:47 GMT Zwierzę poruszyło się z (8, 7) na (8, 6)
18 Jan 2025 22:03:47 GMT Zwierzę zjadło roślinkę na (4, 5)
18 Jan 2025 22:03:47 GMT Zwierzę zjadło roślinkę na (0, 5)
18 Jan 2025 22:03:47 GMT Zwierzę zjadło roślinkę na (8, 6)
18 Jan 2025 22:03:48 GMT Roślinka wyrosła na (3, 1)
18 Jan 2025 22:03:48 GMT Roślinka wyrosła na (9, 7)
18 Jan 2025 22:03:48 GMT Roślinka wyrosła na (3, 9)
18 Jan 2025 22:03:48 GMT Roślinka wyrosła na (4, 8)
18 Jan 2025 22:03:48 GMT Roślinka wyrosła na (1, 4)
18 Jan 2025 22:03:48 GMT Roślinka wyrosła na (1, 7)
18 Jan 2025 22:03:48 GMT Roślinka wyrosła na (5, 4)
18 Jan 2025 22:03:48 GMT Roślinka wyrosła na (0, 1)
18 Jan 2025 22:03:48 GMT Roślinka wyrosła na (8, 4)
18 Jan 2025 22:03:48 GMT Roślinka wyrosła na (9, 9)
18 Jan 2025 22:03:48 GMT Długość listy pozycji: 10
Lista pozycji zwierząt: {(0, 0)=[v], (5, 6)=[◥], (1, 3)=[^], (4, 8)=[v], (0, 5)=[v], (1, 7)=[v], (9, 1)=[v], (8, 1)=[^], (8, 3)=[^], (8, 6)=[v]}
18 Jan 2025 22:03:48 GMT Zwierzę poruszyło się z (4, 5) na (5, 6)
18 Jan 2025 22:03:48 GMT Długość listy pozycji: 10
Lista pozycji zwierząt: {(0, 0)=[v], (5, 6)=[◥], (1, 3)=[^], (4, 8)=[v], (1, 7)=[v], (9, 1)=[v], (8, 1)=[^], (9, 4)=[◣], (8, 3)=[^], (8, 6)=[v]}
18 Jan 2025 22:03:48 GMT Zwierzę poruszyło się z (0, 5) na (9, 4)
18 Jan 2025 22:03:48 GMT Długość listy pozycji: 10
Lista pozycji zwierząt: {(0, 0)=[v], (5, 6)=[◥], (1, 3)=[^], (5, 9)=[◥], (1, 7)=[v], (9, 1)=[v], (8, 1)=[^], (9, 4)=[◣], (8, 3)=[^], (8, 6)=[v]}
18 Jan 2025 22:03:48 GMT Zwierzę poruszyło się z (4, 8) na (5, 9)
18 Jan 2025 22:03:48 GMT Długość listy pozycji: 10
Lista pozycji zwierząt: {(0, 0)=[v], (5, 6)=[◥], (1, 3)=[^], (5, 9)=[◥], (1, 7)=[v], (9, 1)=[v], (8, 1)=[^], (9, 3)=[>], (9, 4)=[◣], (8, 6)=[v]}
18 Jan 2025 22:03:48 GMT Zwierzę poruszyło się z (8, 3) na (9, 3)
18 Jan 2025 22:03:48 GMT Długość listy pozycji: 9
Lista pozycji zwierząt: {(0, 0)=[v, ◢], (5, 6)=[◥], (1, 3)=[^], (5, 9)=[◥], (1, 7)=[v], (8, 1)=[^], (9, 3)=[>], (9, 4)=[◣], (8, 6)=[v]}
18 Jan 2025 22:03:48 GMT Zwierzę poruszyło się z (9, 1) na (0, 0)
18 Jan 2025 22:03:48 GMT Długość listy pozycji: 10
Lista pozycji zwierząt: {(1, 1)=[◥], (0, 0)=[◢], (5, 6)=[◥], (1, 3)=[^], (5, 9)=[◥], (1, 7)=[v], (8, 1)=[^], (9, 3)=[>], (9, 4)=[◣], (8, 6)=[v]}
18 Jan 2025 22:03:48 GMT Zwierzę poruszyło się z (0, 0) na (1, 1)
18 Jan 2025 22:03:48 GMT Długość listy pozycji: 10
Lista pozycji zwierząt: {(1, 1)=[◥], (0, 0)=[◢], (5, 6)=[◥], (1, 3)=[^], (5, 9)=[◥], (2, 8)=[◥], (8, 1)=[^], (9, 3)=[>], (9, 4)=[◣], (8, 6)=[v]}
18 Jan 2025 22:03:48 GMT Zwierzę poruszyło się z (1, 7) na (2, 8)
18 Jan 2025 22:03:49 GMT Długość listy pozycji: 10
Lista pozycji zwierząt: {(1, 1)=[◥], (0, 0)=[◢], (5, 6)=[◥], (1, 3)=[^], (5, 9)=[◥], (2, 8)=[◥], (9, 2)=[◥], (9, 3)=[>], (9, 4)=[◣], (8, 6)=[v]}
18 Jan 2025 22:03:49 GMT Zwierzę poruszyło się z (8, 1) na (9, 2)
18 Jan 2025 22:03:49 GMT Długość listy pozycji: 10
Lista pozycji zwierząt: {(1, 1)=[◥], (0, 0)=[◢], (2, 3)=[>], (5, 6)=[◥], (5, 9)=[◥], (2, 8)=[◥], (9, 2)=[◥], (9, 3)=[>], (9, 4)=[◣], (8, 6)=[v]}
18 Jan 2025 22:03:49 GMT Zwierzę poruszyło się z (1, 3) na (2, 3)
18 Jan 2025 22:03:49 GMT Długość listy pozycji: 10
Lista pozycji zwierząt: {(1, 1)=[◥], (0, 0)=[◢], (2, 3)=[>], (5, 6)=[◥], (5, 9)=[◥], (2, 8)=[◥], (9, 2)=[◥], (9, 3)=[>], (9, 4)=[◣], (9, 7)=[◥]}
18 Jan 2025 22:03:49 GMT Zwierzę poruszyło się z (8, 6) na (9, 7)
18 Jan 2025 22:03:49 GMT Zwierzę zjadło roślinkę na (5, 6)
18 Jan 2025 22:03:49 GMT Zwierzę zjadło roślinkę na (9, 3)
18 Jan 2025 22:03:49 GMT Zwierzę zjadło roślinkę na (9, 7)
18 Jan 2025 22:03:49 GMT Roślinka wyrosła na (2, 4)
18 Jan 2025 22:03:49 GMT Roślinka wyrosła na (4, 0)
18 Jan 2025 22:03:49 GMT Roślinka wyrosła na (9, 1)
18 Jan 2025 22:03:49 GMT Roślinka wyrosła na (0, 0)
18 Jan 2025 22:03:49 GMT Roślinka wyrosła na (5, 9)
18 Jan 2025 22:03:49 GMT Roślinka wyrosła na (7, 7)
18 Jan 2025 22:03:49 GMT Roślinka wyrosła na (1, 2)
18 Jan 2025 22:03:49 GMT Roślinka wyrosła na (9, 2)
18 Jan 2025 22:03:49 GMT Roślinka wyrosła na (0, 2)
18 Jan 2025 22:03:49 GMT Roślinka wyrosła na (6, 0)
18 Jan 2025 22:03:49 GMT Długość listy pozycji: 10
Lista pozycji zwierząt: {(1, 1)=[◥], (0, 0)=[◢], (2, 3)=[>], (4, 6)=[<], (5, 9)=[◥], (2, 8)=[◥], (9, 2)=[◥], (9, 3)=[>], (9, 4)=[◣], (9, 7)=[◥]}
18 Jan 2025 22:03:49 GMT Zwierzę poruszyło się z (5, 6) na (4, 6)
18 Jan 2025 22:03:49 GMT Długość listy pozycji: 10
Lista pozycji zwierząt: {(1, 1)=[◥], (0, 0)=[◢], (2, 3)=[>], (4, 6)=[<], (5, 9)=[◥], (2, 8)=[◥], (9, 2)=[◥], (9, 3)=[>], (8, 4)=[<], (9, 7)=[◥]}
18 Jan 2025 22:03:49 GMT Zwierzę poruszyło się z (9, 4) na (8, 4)
18 Jan 2025 22:03:49 GMT Długość listy pozycji: 10
Lista pozycji zwierząt: {(1, 1)=[◥], (0, 0)=[◢], (2, 3)=[>], (4, 6)=[<], (4, 9)=[<], (2, 8)=[◥], (9, 2)=[◥], (9, 3)=[>], (8, 4)=[<], (9, 7)=[◥]}
18 Jan 2025 22:03:49 GMT Zwierzę poruszyło się z (5, 9) na (4, 9)
18 Jan 2025 22:03:50 GMT Długość listy pozycji: 9
Lista pozycji zwierząt: {(1, 1)=[◥], (0, 0)=[◢], (2, 3)=[>], (4, 6)=[<], (4, 9)=[<], (2, 8)=[◥], (9, 2)=[v, ◥], (8, 4)=[<], (9, 7)=[◥]}
18 Jan 2025 22:03:50 GMT Zwierzę poruszyło się z (9, 3) na (9, 2)
18 Jan 2025 22:03:50 GMT Długość listy pozycji: 9
Lista pozycji zwierząt: {(1, 0)=[>], (1, 1)=[◥], (2, 3)=[>], (4, 6)=[<], (4, 9)=[<], (2, 8)=[◥], (9, 2)=[v, ◥], (8, 4)=[<], (9, 7)=[◥]}
18 Jan 2025 22:03:50 GMT Zwierzę poruszyło się z (0, 0) na (1, 0)
18 Jan 2025 22:03:50 GMT Długość listy pozycji: 9
Lista pozycji zwierząt: {(1, 0)=[>], (0, 1)=[<], (2, 3)=[>], (4, 6)=[<], (4, 9)=[<], (2, 8)=[◥], (9, 2)=[v, ◥], (8, 4)=[<], (9, 7)=[◥]}
18 Jan 2025 22:03:50 GMT Zwierzę poruszyło się z (1, 1) na (0, 1)
18 Jan 2025 22:03:50 GMT Długość listy pozycji: 9
Lista pozycji zwierząt: {(1, 0)=[>], (0, 1)=[<], (2, 3)=[>], (4, 6)=[<], (4, 9)=[<], (1, 8)=[<], (9, 2)=[v, ◥], (8, 4)=[<], (9, 7)=[◥]}
18 Jan 2025 22:03:50 GMT Zwierzę poruszyło się z (2, 8) na (1, 8)
18 Jan 2025 22:03:50 GMT Długość listy pozycji: 10
Lista pozycji zwierząt: {(1, 0)=[>], (0, 1)=[<], (2, 3)=[>], (0, 2)=[>], (4, 6)=[<], (4, 9)=[<], (1, 8)=[<], (9, 2)=[v], (8, 4)=[<], (9, 7)=[◥]}
18 Jan 2025 22:03:50 GMT Zwierzę poruszyło się z (9, 2) na (0, 2)
18 Jan 2025 22:03:50 GMT Długość listy pozycji: 10
Lista pozycji zwierząt: {(1, 0)=[>], (2, 2)=[v], (0, 1)=[<], (0, 2)=[>], (4, 6)=[<], (4, 9)=[<], (1, 8)=[<], (9, 2)=[v], (8, 4)=[<], (9, 7)=[◥]}
18 Jan 2025 22:03:50 GMT Zwierzę poruszyło się z (2, 3) na (2, 2)
18 Jan 2025 22:03:50 GMT Długość listy pozycji: 10
Lista pozycji zwierząt: {(8, 7)=[<], (1, 0)=[>], (2, 2)=[v], (0, 1)=[<], (0, 2)=[>], (4, 6)=[<], (4, 9)=[<], (1, 8)=[<], (9, 2)=[v], (8, 4)=[<]}
18 Jan 2025 22:03:50 GMT Zwierzę poruszyło się z (9, 7) na (8, 7)
18 Jan 2025 22:03:50 GMT Zwierzę zjadło roślinkę na (0, 1)
18 Jan 2025 22:03:50 GMT Zwierzę zjadło roślinkę na (0, 2)
18 Jan 2025 22:03:50 GMT Zwierzę zjadło roślinkę na (9, 2)
18 Jan 2025 22:03:50 GMT Zwierzę zjadło roślinkę na (8, 4)
18 Jan 2025 22:03:51 GMT Roślinka wyrosła na (5, 1)
18 Jan 2025 22:03:51 GMT Roślinka wyrosła na (5, 8)
18 Jan 2025 22:03:51 GMT Roślinka wyrosła na (0, 3)
18 Jan 2025 22:03:51 GMT Roślinka wyrosła na (6, 3)
18 Jan 2025 22:03:51 GMT Roślinka wyrosła na (5, 2)
18 Jan 2025 22:03:51 GMT Roślinka wyrosła na (1, 3)
18 Jan 2025 22:03:51 GMT Roślinka wyrosła na (3, 7)
18 Jan 2025 22:03:51 GMT Roślinka wyrosła na (7, 2)
18 Jan 2025 22:03:51 GMT Roślinka wyrosła na (7, 8)
18 Jan 2025 22:03:51 GMT Roślinka wyrosła na (1, 9)
18 Jan 2025 22:03:51 GMT Długość listy pozycji: 10
Lista pozycji zwierząt: {(8, 7)=[<], (1, 0)=[>], (5, 5)=[◢], (2, 2)=[v], (0, 1)=[<], (0, 2)=[>], (4, 9)=[<], (1, 8)=[<], (9, 2)=[v], (8, 4)=[<]}
18 Jan 2025 22:03:51 GMT Zwierzę poruszyło się z (4, 6) na (5, 5)
18 Jan 2025 22:03:51 GMT Długość listy pozycji: 10
Lista pozycji zwierząt: {(8, 7)=[<], (1, 0)=[>], (5, 5)=[◢], (2, 2)=[v], (0, 1)=[<], (0, 2)=[>], (4, 9)=[<], (1, 8)=[<], (9, 2)=[v], (7, 5)=[◤]}
18 Jan 2025 22:03:51 GMT Zwierzę poruszyło się z (8, 4) na (7, 5)
18 Jan 2025 22:03:51 GMT Długość listy pozycji: 10
Lista pozycji zwierząt: {(8, 7)=[<], (1, 0)=[>], (5, 5)=[◢], (2, 2)=[v], (0, 1)=[<], (0, 2)=[>], (5, 8)=[◢], (1, 8)=[<], (9, 2)=[v], (7, 5)=[◤]}
18 Jan 2025 22:03:51 GMT Zwierzę poruszyło się z (4, 9) na (5, 8)
18 Jan 2025 22:03:51 GMT Długość listy pozycji: 10
Lista pozycji zwierząt: {(8, 7)=[<], (1, 0)=[>], (5, 5)=[◢], (2, 2)=[v], (0, 1)=[<], (0, 2)=[>], (5, 8)=[◢], (1, 8)=[<], (8, 2)=[<], (7, 5)=[◤]}
18 Jan 2025 22:03:51 GMT Zwierzę poruszyło się z (9, 2) na (8, 2)
18 Jan 2025 22:03:51 GMT Długość listy pozycji: 10
Lista pozycji zwierząt: {(2, 1)=[◥], (8, 7)=[<], (5, 5)=[◢], (2, 2)=[v], (0, 1)=[<], (0, 2)=[>], (5, 8)=[◢], (1, 8)=[<], (8, 2)=[<], (7, 5)=[◤]}
18 Jan 2025 22:03:51 GMT Zwierzę poruszyło się z (1, 0) na (2, 1)
18 Jan 2025 22:03:51 GMT Długość listy pozycji: 10
Lista pozycji zwierząt: {(1, 0)=[◢], (2, 1)=[◥], (8, 7)=[<], (5, 5)=[◢], (2, 2)=[v], (0, 2)=[>], (5, 8)=[◢], (1, 8)=[<], (8, 2)=[<], (7, 5)=[◤]}
18 Jan 2025 22:03:51 GMT Zwierzę poruszyło się z (0, 1) na (1, 0)
18 Jan 2025 22:03:51 GMT Długość listy pozycji: 10
Lista pozycji zwierząt: {(1, 0)=[◢], (2, 1)=[◥], (8, 7)=[<], (5, 5)=[◢], (2, 2)=[v], (0, 2)=[>], (5, 8)=[◢], (2, 7)=[◢], (8, 2)=[<], (7, 5)=[◤]}
18 Jan 2025 22:03:51 GMT Zwierzę poruszyło się z (1, 8) na (2, 7)
18 Jan 2025 22:03:51 GMT Długość listy pozycji: 10
Lista pozycji zwierząt: {(1, 0)=[◢], (2, 1)=[◥], (8, 7)=[<], (1, 1)=[◢], (5, 5)=[◢], (2, 2)=[v], (5, 8)=[◢], (2, 7)=[◢], (8, 2)=[<], (7, 5)=[◤]}
18 Jan 2025 22:03:51 GMT Zwierzę poruszyło się z (0, 2) na (1, 1)
18 Jan 2025 22:03:52 GMT Długość listy pozycji: 10
Lista pozycji zwierząt: {(1, 0)=[◢], (2, 1)=[◥], (8, 7)=[<], (1, 1)=[◢], (5, 5)=[◢], (1, 2)=[<], (5, 8)=[◢], (2, 7)=[◢], (8, 2)=[<], (7, 5)=[◤]}
18 Jan 2025 22:03:52 GMT Zwierzę poruszyło się z (2, 2) na (1, 2)
18 Jan 2025 22:03:52 GMT Długość listy pozycji: 10
Lista pozycji zwierząt: {(1, 0)=[◢], (2, 1)=[◥], (1, 1)=[◢], (5, 5)=[◢], (1, 2)=[<], (5, 8)=[◢], (2, 7)=[◢], (8, 2)=[<], (9, 6)=[◢], (7, 5)=[◤]}
18 Jan 2025 22:03:52 GMT Zwierzę poruszyło się z (8, 7) na (9, 6)
18 Jan 2025 22:03:52 GMT Zwierzę zjadło roślinkę na (2, 1)
18 Jan 2025 22:03:52 GMT Zwierzę zjadło roślinkę na (5, 5)
18 Jan 2025 22:03:52 GMT Zwierzę zjadło roślinkę na (1, 2)
18 Jan 2025 22:03:52 GMT Zwierzę zjadło roślinkę na (5, 8)
18 Jan 2025 22:03:52 GMT Zwierzę zjadło roślinkę na (9, 6)
18 Jan 2025 22:03:52 GMT Zwierzę zjadło roślinkę na (7, 5)
18 Jan 2025 22:03:52 GMT Roślinka wyrosła na (3, 0)
18 Jan 2025 22:03:52 GMT Roślinka wyrosła na (7, 4)
18 Jan 2025 22:03:52 GMT Roślinka wyrosła na (0, 9)
18 Jan 2025 22:03:52 GMT Roślinka wyrosła na (1, 0)
18 Jan 2025 22:03:52 GMT Roślinka wyrosła na (6, 7)
18 Jan 2025 22:03:52 GMT Roślinka wyrosła na (6, 1)
18 Jan 2025 22:03:52 GMT Roślinka wyrosła na (4, 2)
18 Jan 2025 22:03:52 GMT Roślinka wyrosła na (2, 2)
18 Jan 2025 22:03:52 GMT Roślinka wyrosła na (3, 8)
18 Jan 2025 22:03:52 GMT Roślinka wyrosła na (9, 8)
18 Jan 2025 22:03:52 GMT Długość listy pozycji: 10
Lista pozycji zwierząt: {(1, 0)=[◢], (2, 1)=[◥], (1, 1)=[◢], (5, 6)=[^], (1, 2)=[<], (5, 8)=[◢], (2, 7)=[◢], (8, 2)=[<], (9, 6)=[◢], (7, 5)=[◤]}
18 Jan 2025 22:03:52 GMT Zwierzę poruszyło się z (5, 5) na (5, 6)
18 Jan 2025 22:03:52 GMT Długość listy pozycji: 10
Lista pozycji zwierząt: {(7, 6)=[^], (1, 0)=[◢], (2, 1)=[◥], (1, 1)=[◢], (5, 6)=[^], (1, 2)=[<], (5, 8)=[◢], (2, 7)=[◢], (8, 2)=[<], (9, 6)=[◢]}
18 Jan 2025 22:03:52 GMT Zwierzę poruszyło się z (7, 5) na (7, 6)
18 Jan 2025 22:03:52 GMT Długość listy pozycji: 10
Lista pozycji zwierząt: {(7, 6)=[^], (1, 0)=[◢], (2, 1)=[◥], (1, 1)=[◢], (5, 6)=[^], (1, 2)=[<], (5, 9)=[^], (2, 7)=[◢], (8, 2)=[<], (9, 6)=[◢]}
18 Jan 2025 22:03:52 GMT Zwierzę poruszyło się z (5, 8) na (5, 9)
18 Jan 2025 22:03:53 GMT Długość listy pozycji: 10
Lista pozycji zwierząt: {(7, 6)=[^], (1, 0)=[◢], (2, 1)=[◥], (1, 1)=[◢], (5, 6)=[^], (1, 2)=[<], (5, 9)=[^], (2, 7)=[◢], (8, 3)=[^], (9, 6)=[◢]}
18 Jan 2025 22:03:53 GMT Zwierzę poruszyło się z (8, 2) na (8, 3)
18 Jan 2025 22:03:53 GMT Długość listy pozycji: 10
Lista pozycji zwierząt: {(7, 6)=[^], (1, 0)=[◢], (2, 2)=[^], (1, 1)=[◢], (5, 6)=[^], (1, 2)=[<], (5, 9)=[^], (2, 7)=[◢], (8, 3)=[^], (9, 6)=[◢]}
18 Jan 2025 22:03:53 GMT Zwierzę poruszyło się z (2, 1) na (2, 2)
18 Jan 2025 22:03:53 GMT Długość listy pozycji: 9
Lista pozycji zwierząt: {(7, 6)=[^], (2, 2)=[^], (1, 1)=[◢, ^], (5, 6)=[^], (1, 2)=[<], (5, 9)=[^], (2, 7)=[◢], (8, 3)=[^], (9, 6)=[◢]}
18 Jan 2025 22:03:53 GMT Zwierzę poruszyło się z (1, 0) na (1, 1)
18 Jan 2025 22:03:53 GMT Długość listy pozycji: 9
Lista pozycji zwierząt: {(7, 6)=[^], (2, 2)=[^], (1, 1)=[◢, ^], (5, 6)=[^], (1, 2)=[<], (5, 9)=[^], (2, 8)=[^], (8, 3)=[^], (9, 6)=[◢]}
18 Jan 2025 22:03:53 GMT Zwierzę poruszyło się z (2, 7) na (2, 8)
18 Jan 2025 22:03:53 GMT Długość listy pozycji: 10
Lista pozycji zwierząt: {(1, 0)=[v], (7, 6)=[^], (2, 2)=[^], (1, 1)=[^], (5, 6)=[^], (1, 2)=[<], (5, 9)=[^], (2, 8)=[^], (8, 3)=[^], (9, 6)=[◢]}
18 Jan 2025 22:03:53 GMT Zwierzę poruszyło się z (1, 1) na (1, 0)
18 Jan 2025 22:03:53 GMT Długość listy pozycji: 10
Lista pozycji zwierząt: {(1, 0)=[v], (7, 6)=[^], (2, 2)=[^], (1, 1)=[^], (5, 6)=[^], (1, 3)=[^], (5, 9)=[^], (2, 8)=[^], (8, 3)=[^], (9, 6)=[◢]}
18 Jan 2025 22:03:53 GMT Zwierzę poruszyło się z (1, 2) na (1, 3)
18 Jan 2025 22:03:53 GMT Długość listy pozycji: 10
Lista pozycji zwierząt: {(1, 0)=[v], (7, 6)=[^], (2, 2)=[^], (1, 1)=[^], (5, 6)=[^], (1, 3)=[^], (5, 9)=[^], (2, 8)=[^], (8, 3)=[^], (9, 7)=[^]}
18 Jan 2025 22:03:53 GMT Zwierzę poruszyło się z (9, 6) na (9, 7)
18 Jan 2025 22:03:53 GMT Zwierzę zjadło roślinkę na (1, 0)
18 Jan 2025 22:03:53 GMT Zwierzę zjadło roślinkę na (7, 6)
18 Jan 2025 22:03:53 GMT Zwierzę zjadło roślinkę na (2, 2)
18 Jan 2025 22:03:53 GMT Zwierzę zjadło roślinkę na (1, 3)
18 Jan 2025 22:03:53 GMT Zwierzę zjadło roślinkę na (5, 9)
18 Jan 2025 22:03:53 GMT Roślinka wyrosła na (4, 7)
18 Jan 2025 22:03:53 GMT Roślinka wyrosła na (2, 7)
18 Jan 2025 22:03:54 GMT Roślinka wyrosła na (5, 3)
18 Jan 2025 22:03:54 GMT Roślinka wyrosła na (7, 3)
18 Jan 2025 22:03:54 GMT Roślinka wyrosła na (9, 4)
18 Jan 2025 22:03:54 GMT Roślinka wyrosła na (2, 8)
18 Jan 2025 22:03:54 GMT Roślinka wyrosła na (7, 0)
18 Jan 2025 22:03:54 GMT Roślinka wyrosła na (1, 1)
18 Jan 2025 22:03:54 GMT Roślinka wyrosła na (6, 8)
18 Jan 2025 22:03:54 GMT Roślinka wyrosła na (6, 2)
18 Jan 2025 22:03:54 GMT Długość listy pozycji: 10
Lista pozycji zwierząt: {(1, 0)=[v], (7, 6)=[^], (2, 2)=[^], (1, 1)=[^], (4, 5)=[◣], (1, 3)=[^], (5, 9)=[^], (2, 8)=[^], (8, 3)=[^], (9, 7)=[^]}
18 Jan 2025 22:03:54 GMT Zwierzę poruszyło się z (5, 6) na (4, 5)
18 Jan 2025 22:03:54 GMT Długość listy pozycji: 10
Lista pozycji zwierząt: {(8, 7)=[◥], (1, 0)=[v], (2, 2)=[^], (1, 1)=[^], (4, 5)=[◣], (1, 3)=[^], (5, 9)=[^], (2, 8)=[^], (8, 3)=[^], (9, 7)=[^]}
18 Jan 2025 22:03:54 GMT Zwierzę poruszyło się z (7, 6) na (8, 7)
18 Jan 2025 22:03:54 GMT Długość listy pozycji: 10
Lista pozycji zwierząt: {(8, 7)=[◥], (1, 0)=[v], (2, 2)=[^], (1, 1)=[^], (4, 5)=[◣], (1, 3)=[^], (4, 8)=[◣], (2, 8)=[^], (8, 3)=[^], (9, 7)=[^]}
18 Jan 2025 22:03:54 GMT Zwierzę poruszyło się z (5, 9) na (4, 8)
18 Jan 2025 22:03:54 GMT Długość listy pozycji: 10
Lista pozycji zwierząt: {(8, 7)=[◥], (1, 0)=[v], (2, 2)=[^], (1, 1)=[^], (4, 5)=[◣], (1, 3)=[^], (4, 8)=[◣], (2, 8)=[^], (9, 3)=[>], (9, 7)=[^]}
18 Jan 2025 22:03:54 GMT Zwierzę poruszyło się z (8, 3) na (9, 3)
18 Jan 2025 22:03:54 GMT Długość listy pozycji: 9
Lista pozycji zwierząt: {(8, 7)=[◥], (1, 0)=[v], (1, 1)=[^], (4, 5)=[◣], (1, 3)=[^, ◤], (4, 8)=[◣], (2, 8)=[^], (9, 3)=[>], (9, 7)=[^]}
18 Jan 2025 22:03:54 GMT Zwierzę poruszyło się z (2, 2) na (1, 3)
18 Jan 2025 22:03:54 GMT Długość listy pozycji: 9
Lista pozycji zwierząt: {(8, 7)=[◥], (1, 0)=[v], (0, 0)=[◣], (4, 5)=[◣], (1, 3)=[^, ◤], (4, 8)=[◣], (2, 8)=[^], (9, 3)=[>], (9, 7)=[^]}
18 Jan 2025 22:03:54 GMT Zwierzę poruszyło się z (1, 1) na (0, 0)
18 Jan 2025 22:03:54 GMT Długość listy pozycji: 9
Lista pozycji zwierząt: {(8, 7)=[◥], (1, 0)=[v], (0, 0)=[◣], (4, 5)=[◣], (1, 3)=[^, ◤], (4, 8)=[◣], (1, 7)=[◣], (9, 3)=[>], (9, 7)=[^]}
18 Jan 2025 22:03:54 GMT Zwierzę poruszyło się z (2, 8) na (1, 7)
18 Jan 2025 22:03:54 GMT Długość listy pozycji: 9
Lista pozycji zwierząt: {(8, 7)=[◥], (1, 0)=[◥], (0, 0)=[◣], (4, 5)=[◣], (1, 3)=[^, ◤], (4, 8)=[◣], (1, 7)=[◣], (9, 3)=[>], (9, 7)=[^]}
18 Jan 2025 22:03:54 GMT Zwierzę poruszyło się z (1, 0) na (1, 0)
18 Jan 2025 22:03:55 GMT Długość listy pozycji: 10
Lista pozycji zwierząt: {(8, 7)=[◥], (1, 0)=[◥], (0, 0)=[◣], (2, 3)=[>], (4, 5)=[◣], (1, 3)=[◤], (4, 8)=[◣], (1, 7)=[◣], (9, 3)=[>], (9, 7)=[^]}
18 Jan 2025 22:03:55 GMT Zwierzę poruszyło się z (1, 3) na (2, 3)
18 Jan 2025 22:03:55 GMT Długość listy pozycji: 10
Lista pozycji zwierząt: {(8, 7)=[◥], (1, 0)=[◥], (0, 0)=[◣], (2, 3)=[>], (4, 5)=[◣], (1, 3)=[◤], (4, 8)=[◣], (1, 7)=[◣], (9, 3)=[>], (8, 6)=[◣]}
18 Jan 2025 22:03:55 GMT Zwierzę poruszyło się z (9, 7) na (8, 6)
18 Jan 2025 22:03:55 GMT Zwierzę zjadło roślinkę na (0, 0)
18 Jan 2025 22:03:55 GMT Zwierzę zjadło roślinkę na (4, 8)
18 Jan 2025 22:03:55 GMT Zwierzę zjadło roślinkę na (1, 7)
18 Jan 2025 22:03:55 GMT Roślinka wyrosła na (4, 9)
18 Jan 2025 22:03:55 GMT Roślinka wyrosła na (7, 1)
18 Jan 2025 22:03:55 GMT Roślinka wyrosła na (8, 8)
18 Jan 2025 22:03:55 GMT Roślinka wyrosła na (9, 0)
18 Jan 2025 22:03:55 GMT Roślinka wyrosła na (2, 3)
18 Jan 2025 22:03:55 GMT Roślinka wyrosła na (3, 4)
18 Jan 2025 22:03:55 GMT Roślinka wyrosła na (8, 9)
18 Jan 2025 22:03:55 GMT Roślinka wyrosła na (8, 1)
18 Jan 2025 22:03:55 GMT Roślinka wyrosła na (6, 4)
18 Jan 2025 22:03:55 GMT Roślinka wyrosła na (5, 0)
18 Jan 2025 22:03:56 GMT Długość listy pozycji: 10
Lista pozycji zwierząt: {(8, 7)=[◥], (1, 0)=[◥], (5, 5)=[>], (0, 0)=[◣], (2, 3)=[>], (1, 3)=[◤], (4, 8)=[◣], (1, 7)=[◣], (9, 3)=[>], (8, 6)=[◣]}
18 Jan 2025 22:03:56 GMT Zwierzę poruszyło się z (4, 5) na (5, 5)
18 Jan 2025 22:03:56 GMT Długość listy pozycji: 10
Lista pozycji zwierząt: {(1, 0)=[◥], (5, 5)=[>], (0, 0)=[◣], (2, 3)=[>], (1, 3)=[◤], (4, 8)=[◣], (1, 7)=[◣], (9, 3)=[>], (9, 7)=[>], (8, 6)=[◣]}
18 Jan 2025 22:03:56 GMT Zwierzę poruszyło się z (8, 7) na (9, 7)
18 Jan 2025 22:03:56 GMT Długość listy pozycji: 10
Lista pozycji zwierząt: {(1, 0)=[◥], (5, 5)=[>], (0, 0)=[◣], (2, 3)=[>], (1, 3)=[◤], (5, 8)=[>], (1, 7)=[◣], (9, 3)=[>], (9, 7)=[>], (8, 6)=[◣]}
18 Jan 2025 22:03:56 GMT Zwierzę poruszyło się z (4, 8) na (5, 8)
18 Jan 2025 22:03:56 GMT Długość listy pozycji: 10
Lista pozycji zwierząt: {(1, 0)=[◥], (5, 5)=[>], (0, 0)=[◣], (2, 3)=[>], (1, 3)=[◤], (5, 8)=[>], (1, 7)=[◣], (9, 2)=[v], (9, 7)=[>], (8, 6)=[◣]}
18 Jan 2025 22:03:56 GMT Zwierzę poruszyło się z (9, 3) na (9, 2)
18 Jan 2025 22:03:56 GMT Długość listy pozycji: 10
Lista pozycji zwierząt: {(1, 0)=[◥], (5, 5)=[>], (0, 0)=[◣], (2, 3)=[>], (0, 3)=[<], (5, 8)=[>], (1, 7)=[◣], (9, 2)=[v], (9, 7)=[>], (8, 6)=[◣]}
18 Jan 2025 22:03:56 GMT Zwierzę poruszyło się z (1, 3) na (0, 3)
18 Jan 2025 22:03:56 GMT Długość listy pozycji: 9
Lista pozycji zwierząt: {(1, 0)=[◥, >], (5, 5)=[>], (2, 3)=[>], (0, 3)=[<], (5, 8)=[>], (1, 7)=[◣], (9, 2)=[v], (9, 7)=[>], (8, 6)=[◣]}
18 Jan 2025 22:03:56 GMT Zwierzę poruszyło się z (0, 0) na (1, 0)
18 Jan 2025 22:03:56 GMT Długość listy pozycji: 9
Lista pozycji zwierząt: {(1, 0)=[◥, >], (5, 5)=[>], (2, 3)=[>], (0, 3)=[<], (5, 8)=[>], (2, 7)=[>], (9, 2)=[v], (9, 7)=[>], (8, 6)=[◣]}
18 Jan 2025 22:03:56 GMT Zwierzę poruszyło się z (1, 7) na (2, 7)
18 Jan 2025 22:03:56 GMT Długość listy pozycji: 10
Lista pozycji zwierząt: {(1, 0)=[>], (5, 5)=[>], (2, 3)=[>], (0, 3)=[<], (5, 8)=[>], (2, 7)=[>], (9, 2)=[v], (2, 0)=[>], (9, 7)=[>], (8, 6)=[◣]}
18 Jan 2025 22:03:56 GMT Zwierzę poruszyło się z (1, 0) na (2, 0)
18 Jan 2025 22:03:56 GMT Długość listy pozycji: 10
Lista pozycji zwierząt: {(1, 0)=[>], (2, 2)=[v], (5, 5)=[>], (0, 3)=[<], (5, 8)=[>], (2, 7)=[>], (9, 2)=[v], (2, 0)=[>], (9, 7)=[>], (8, 6)=[◣]}
18 Jan 2025 22:03:56 GMT Zwierzę poruszyło się z (2, 3) na (2, 2)
18 Jan 2025 22:03:57 GMT Długość listy pozycji: 10
Lista pozycji zwierząt: {(1, 0)=[>], (2, 2)=[v], (5, 5)=[>], (0, 3)=[<], (5, 8)=[>], (2, 7)=[>], (9, 2)=[v], (9, 6)=[>], (2, 0)=[>], (9, 7)=[>]}
18 Jan 2025 22:03:57 GMT Zwierzę poruszyło się z (8, 6) na (9, 6)
18 Jan 2025 22:03:57 GMT Zwierzę zjadło roślinkę na (0, 3)
18 Jan 2025 22:03:57 GMT Zwierzę zjadło roślinkę na (2, 7)
18 Jan 2025 22:03:57 GMT Zwierzę zjadło roślinkę na (2, 0)
18 Jan 2025 22:03:57 GMT Roślinka wyrosła na (3, 3)
18 Jan 2025 22:03:57 GMT Roślinka wyrosła na (0, 7)
18 Jan 2025 22:03:57 GMT Roślinka wyrosła na (4, 4)
18 Jan 2025 22:03:57 GMT Roślinka wyrosła na (4, 1)
18 Jan 2025 22:03:57 GMT Roślinka wyrosła na (8, 3)
18 Jan 2025 22:03:57 GMT Roślinka wyrosła na (7, 9)
18 Jan 2025 22:03:57 GMT Roślinka wyrosła na (1, 8)
18 Jan 2025 22:03:57 GMT Roślinka wyrosła na (4, 3)
18 Jan 2025 22:03:57 GMT Roślinka wyrosła na (6, 9)
18 Jan 2025 22:03:57 GMT Roślinka wyrosła na (0, 4)
18 Jan 2025 22:03:57 GMT Długość listy pozycji: 10
Lista pozycji zwierząt: {(1, 0)=[>], (2, 2)=[v], (4, 6)=[◤], (0, 3)=[<], (5, 8)=[>], (2, 7)=[>], (9, 2)=[v], (9, 6)=[>], (2, 0)=[>], (9, 7)=[>]}
18 Jan 2025 22:03:57 GMT Zwierzę poruszyło się z (5, 5) na (4, 6)
18 Jan 2025 22:03:57 GMT Długość listy pozycji: 10
Lista pozycji zwierząt: {(1, 0)=[>], (2, 2)=[v], (4, 6)=[◤], (0, 3)=[<], (5, 8)=[>], (2, 7)=[>], (0, 6)=[◢], (9, 2)=[v], (9, 6)=[>], (2, 0)=[>]}
18 Jan 2025 22:03:57 GMT Zwierzę poruszyło się z (9, 7) na (0, 6)
18 Jan 2025 22:03:57 GMT Długość listy pozycji: 10
Lista pozycji zwierząt: {(1, 0)=[>], (2, 2)=[v], (4, 6)=[◤], (0, 3)=[<], (4, 9)=[◤], (2, 7)=[>], (0, 6)=[◢], (9, 2)=[v], (9, 6)=[>], (2, 0)=[>]}
18 Jan 2025 22:03:57 GMT Zwierzę poruszyło się z (5, 8) na (4, 9)
18 Jan 2025 22:03:57 GMT Długość listy pozycji: 10
Lista pozycji zwierząt: {(1, 0)=[>], (2, 2)=[v], (4, 6)=[◤], (0, 3)=[<], (4, 9)=[◤], (2, 7)=[>], (0, 6)=[◢], (8, 2)=[<], (9, 6)=[>], (2, 0)=[>]}
18 Jan 2025 22:03:57 GMT Zwierzę poruszyło się z (9, 2) na (8, 2)
18 Jan 2025 22:03:58 GMT Długość listy pozycji: 10
Lista pozycji zwierząt: {(1, 0)=[>], (2, 2)=[v], (4, 6)=[◤], (4, 9)=[◤], (2, 7)=[>], (0, 6)=[◢], (9, 2)=[◣], (8, 2)=[<], (9, 6)=[>], (2, 0)=[>]}
18 Jan 2025 22:03:58 GMT Zwierzę poruszyło się z (0, 3) na (9, 2)
18 Jan 2025 22:03:58 GMT Długość listy pozycji: 10
Lista pozycji zwierząt: {(2, 2)=[v], (0, 1)=[◤], (4, 6)=[◤], (4, 9)=[◤], (2, 7)=[>], (0, 6)=[◢], (9, 2)=[◣], (8, 2)=[<], (9, 6)=[>], (2, 0)=[>]}
18 Jan 2025 22:03:58 GMT Zwierzę poruszyło się z (1, 0) na (0, 1)
18 Jan 2025 22:03:58 GMT Długość listy pozycji: 10
Lista pozycji zwierząt: {(2, 2)=[v], (0, 1)=[◤], (4, 6)=[◤], (4, 9)=[◤], (0, 6)=[◢], (1, 8)=[◤], (9, 2)=[◣], (8, 2)=[<], (9, 6)=[>], (2, 0)=[>]}
18 Jan 2025 22:03:58 GMT Zwierzę poruszyło się z (2, 7) na (1, 8)
18 Jan 2025 22:03:58 GMT Długość listy pozycji: 10
Lista pozycji zwierząt: {(2, 2)=[v], (0, 1)=[◤], (4, 6)=[◤], (4, 9)=[◤], (0, 6)=[◢], (1, 8)=[◤], (9, 2)=[◣], (8, 2)=[<], (9, 6)=[>], (2, 0)=[◤]}
18 Jan 2025 22:03:58 GMT Zwierzę poruszyło się z (2, 0) na (2, 0)
18 Jan 2025 22:03:58 GMT Długość listy pozycji: 10
Lista pozycji zwierząt: {(1, 2)=[<], (0, 1)=[◤], (4, 6)=[◤], (4, 9)=[◤], (0, 6)=[◢], (1, 8)=[◤], (9, 2)=[◣], (8, 2)=[<], (9, 6)=[>], (2, 0)=[◤]}
18 Jan 2025 22:03:58 GMT Zwierzę poruszyło się z (2, 2) na (1, 2)
18 Jan 2025 22:03:58 GMT Długość listy pozycji: 10
Lista pozycji zwierząt: {(8, 7)=[◤], (1, 2)=[<], (0, 1)=[◤], (4, 6)=[◤], (4, 9)=[◤], (0, 6)=[◢], (1, 8)=[◤], (9, 2)=[◣], (8, 2)=[<], (2, 0)=[◤]}
18 Jan 2025 22:03:58 GMT Zwierzę poruszyło się z (9, 6) na (8, 7)
18 Jan 2025 22:03:58 GMT Zwierzę zjadło roślinkę na (4, 9)
18 Jan 2025 22:03:58 GMT Zwierzę zjadło roślinkę na (0, 6)
18 Jan 2025 22:03:58 GMT Zwierzę zjadło roślinkę na (1, 8)
18 Jan 2025 22:03:58 GMT Roślinka wyrosła na null
18 Jan 2025 22:03:58 GMT Roślinka wyrosła na null
18 Jan 2025 22:03:58 GMT Roślinka wyrosła na null
18 Jan 2025 22:03:58 GMT Roślinka wyrosła na null
18 Jan 2025 22:03:58 GMT Roślinka wyrosła na null
18 Jan 2025 22:03:58 GMT Roślinka wyrosła na null
18 Jan 2025 22:03:58 GMT Roślinka wyrosła na null
18 Jan 2025 22:03:58 GMT Roślinka wyrosła na null
18 Jan 2025 22:03:58 GMT Roślinka wyrosła na null
18 Jan 2025 22:03:58 GMT Roślinka wyrosła na null
18 Jan 2025 22:03:59 GMT Długość listy pozycji: 10
Lista pozycji zwierząt: {(8, 7)=[◤], (4, 5)=[v], (1, 2)=[<], (0, 1)=[◤], (4, 9)=[◤], (0, 6)=[◢], (1, 8)=[◤], (9, 2)=[◣], (8, 2)=[<], (2, 0)=[◤]}
18 Jan 2025 22:03:59 GMT Zwierzę poruszyło się z (4, 6) na (4, 5)
18 Jan 2025 22:03:59 GMT Długość listy pozycji: 10
Lista pozycji zwierząt: {(8, 7)=[◤], (4, 5)=[v], (1, 2)=[<], (0, 1)=[◤], (0, 5)=[v], (4, 9)=[◤], (1, 8)=[◤], (9, 2)=[◣], (8, 2)=[<], (2, 0)=[◤]}
18 Jan 2025 22:03:59 GMT Zwierzę poruszyło się z (0, 6) na (0, 5)
18 Jan 2025 22:03:59 GMT Długość listy pozycji: 10
Lista pozycji zwierząt: {(8, 7)=[◤], (4, 5)=[v], (1, 2)=[<], (0, 1)=[◤], (4, 8)=[v], (0, 5)=[v], (1, 8)=[◤], (9, 2)=[◣], (8, 2)=[<], (2, 0)=[◤]}
18 Jan 2025 22:03:59 GMT Zwierzę poruszyło się z (4, 9) na (4, 8)
18 Jan 2025 22:03:59 GMT Długość listy pozycji: 10
Lista pozycji zwierząt: {(8, 7)=[◤], (4, 5)=[v], (1, 2)=[<], (0, 1)=[◤], (4, 8)=[v], (0, 5)=[v], (1, 8)=[◤], (9, 2)=[◣], (8, 3)=[^], (2, 0)=[◤]}
18 Jan 2025 22:03:59 GMT Zwierzę poruszyło się z (8, 2) na (8, 3)
18 Jan 2025 22:03:59 GMT Długość listy pozycji: 10
Lista pozycji zwierząt: {(8, 7)=[◤], (4, 5)=[v], (1, 2)=[<], (0, 1)=[◤], (4, 8)=[v], (0, 5)=[v], (1, 8)=[◤], (9, 1)=[v], (8, 3)=[^], (2, 0)=[◤]}
18 Jan 2025 22:03:59 GMT Zwierzę poruszyło się z (9, 2) na (9, 1)
18 Jan 2025 22:03:59 GMT Długość listy pozycji: 10
Lista pozycji zwierząt: {(8, 7)=[◤], (0, 0)=[v], (4, 5)=[v], (1, 2)=[<], (4, 8)=[v], (0, 5)=[v], (1, 8)=[◤], (9, 1)=[v], (8, 3)=[^], (2, 0)=[◤]}
18 Jan 2025 22:03:59 GMT Zwierzę poruszyło się z (0, 1) na (0, 0)
18 Jan 2025 22:03:59 GMT Długość listy pozycji: 10
Lista pozycji zwierząt: {(8, 7)=[◤], (0, 0)=[v], (4, 5)=[v], (1, 2)=[<], (4, 8)=[v], (0, 5)=[v], (1, 7)=[v], (9, 1)=[v], (8, 3)=[^], (2, 0)=[◤]}
18 Jan 2025 22:03:59 GMT Zwierzę poruszyło się z (1, 8) na (1, 7)
18 Jan 2025 22:03:59 GMT Długość listy pozycji: 10
Lista pozycji zwierząt: {(2, 1)=[^], (8, 7)=[◤], (0, 0)=[v], (4, 5)=[v], (1, 2)=[<], (4, 8)=[v], (0, 5)=[v], (1, 7)=[v], (9, 1)=[v], (8, 3)=[^]}
18 Jan 2025 22:03:59 GMT Zwierzę poruszyło się z (2, 0) na (2, 1)
18 Jan 2025 22:03:59 GMT Długość listy pozycji: 10
Lista pozycji zwierząt: {(2, 1)=[^], (8, 7)=[◤], (0, 0)=[v], (4, 5)=[v], (1, 3)=[^], (4, 8)=[v], (0, 5)=[v], (1, 7)=[v], (9, 1)=[v], (8, 3)=[^]}
18 Jan 2025 22:03:59 GMT Zwierzę poruszyło się z (1, 2) na (1, 3)
18 Jan 2025 22:04:00 GMT Długość listy pozycji: 10
Lista pozycji zwierząt: {(2, 1)=[^], (0, 0)=[v], (4, 5)=[v], (1, 3)=[^], (4, 8)=[v], (0, 5)=[v], (1, 7)=[v], (9, 1)=[v], (8, 3)=[^], (8, 6)=[v]}
18 Jan 2025 22:04:00 GMT Zwierzę poruszyło się z (8, 7) na (8, 6)
18 Jan 2025 22:04:00 GMT Zwierzę zjadło roślinkę na (9, 1)
18 Jan 2025 22:04:00 GMT Zwierzę zjadło roślinkę na (8, 3)
18 Jan 2025 22:04:00 GMT Roślinka wyrosła na null
18 Jan 2025 22:04:00 GMT Roślinka wyrosła na null
18 Jan 2025 22:04:00 GMT Roślinka wyrosła na null
18 Jan 2025 22:04:00 GMT Roślinka wyrosła na null
18 Jan 2025 22:04:00 GMT Roślinka wyrosła na null
18 Jan 2025 22:04:00 GMT Roślinka wyrosła na null
18 Jan 2025 22:04:00 GMT Roślinka wyrosła na null
18 Jan 2025 22:04:00 GMT Roślinka wyrosła na null
18 Jan 2025 22:04:00 GMT Roślinka wyrosła na null
18 Jan 2025 22:04:00 GMT Roślinka wyrosła na null
18 Jan 2025 22:04:00 GMT Długość listy pozycji: 10
Lista pozycji zwierząt: {(2, 1)=[^], (0, 0)=[v], (5, 6)=[◥], (1, 3)=[^], (4, 8)=[v], (0, 5)=[v], (1, 7)=[v], (9, 1)=[v], (8, 3)=[^], (8, 6)=[v]}
18 Jan 2025 22:04:00 GMT Zwierzę poruszyło się z (4, 5) na (5, 6)
18 Jan 2025 22:04:00 GMT Długość listy pozycji: 10
Lista pozycji zwierząt: {(2, 1)=[^], (0, 0)=[v], (5, 6)=[◥], (1, 3)=[^], (4, 8)=[v], (1, 7)=[v], (9, 1)=[v], (9, 4)=[◣], (8, 3)=[^], (8, 6)=[v]}
18 Jan 2025 22:04:00 GMT Zwierzę poruszyło się z (0, 5) na (9, 4)
18 Jan 2025 22:04:00 GMT Długość listy pozycji: 10
Lista pozycji zwierząt: {(2, 1)=[^], (0, 0)=[v], (5, 6)=[◥], (1, 3)=[^], (5, 9)=[◥], (1, 7)=[v], (9, 1)=[v], (9, 4)=[◣], (8, 3)=[^], (8, 6)=[v]}
18 Jan 2025 22:04:00 GMT Zwierzę poruszyło się z (4, 8) na (5, 9)
18 Jan 2025 22:04:00 GMT Długość listy pozycji: 10
Lista pozycji zwierząt: {(2, 1)=[^], (0, 0)=[v], (5, 6)=[◥], (1, 3)=[^], (5, 9)=[◥], (1, 7)=[v], (9, 1)=[v], (9, 3)=[>], (9, 4)=[◣], (8, 6)=[v]}
18 Jan 2025 22:04:00 GMT Zwierzę poruszyło się z (8, 3) na (9, 3)
18 Jan 2025 22:04:01 GMT Długość listy pozycji: 9
Lista pozycji zwierząt: {(2, 1)=[^], (0, 0)=[◢, v], (5, 6)=[◥], (1, 3)=[^], (5, 9)=[◥], (1, 7)=[v], (9, 3)=[>], (9, 4)=[◣], (8, 6)=[v]}
18 Jan 2025 22:04:01 GMT Zwierzę poruszyło się z (9, 1) na (0, 0)
18 Jan 2025 22:04:01 GMT Długość listy pozycji: 10
Lista pozycji zwierząt: {(2, 1)=[^], (1, 1)=[◥], (0, 0)=[◢], (5, 6)=[◥], (1, 3)=[^], (5, 9)=[◥], (1, 7)=[v], (9, 3)=[>], (9, 4)=[◣], (8, 6)=[v]}
18 Jan 2025 22:04:01 GMT Zwierzę poruszyło się z (0, 0) na (1, 1)
18 Jan 2025 22:04:01 GMT Długość listy pozycji: 10
Lista pozycji zwierząt: {(2, 1)=[^], (1, 1)=[◥], (0, 0)=[◢], (5, 6)=[◥], (1, 3)=[^], (5, 9)=[◥], (2, 8)=[◥], (9, 3)=[>], (9, 4)=[◣], (8, 6)=[v]}
18 Jan 2025 22:04:01 GMT Zwierzę poruszyło się z (1, 7) na (2, 8)
18 Jan 2025 22:04:01 GMT Długość listy pozycji: 10
Lista pozycji zwierząt: {(3, 2)=[◥], (1, 1)=[◥], (0, 0)=[◢], (5, 6)=[◥], (1, 3)=[^], (5, 9)=[◥], (2, 8)=[◥], (9, 3)=[>], (9, 4)=[◣], (8, 6)=[v]}
18 Jan 2025 22:04:01 GMT Zwierzę poruszyło się z (2, 1) na (3, 2)
18 Jan 2025 22:04:01 GMT Długość listy pozycji: 10
Lista pozycji zwierząt: {(3, 2)=[◥], (1, 1)=[◥], (0, 0)=[◢], (2, 3)=[>], (5, 6)=[◥], (5, 9)=[◥], (2, 8)=[◥], (9, 3)=[>], (9, 4)=[◣], (8, 6)=[v]}
18 Jan 2025 22:04:01 GMT Zwierzę poruszyło się z (1, 3) na (2, 3)
18 Jan 2025 22:04:01 GMT Długość listy pozycji: 10
Lista pozycji zwierząt: {(3, 2)=[◥], (1, 1)=[◥], (0, 0)=[◢], (2, 3)=[>], (5, 6)=[◥], (5, 9)=[◥], (2, 8)=[◥], (9, 3)=[>], (9, 4)=[◣], (9, 7)=[◥]}
18 Jan 2025 22:04:01 GMT Zwierzę poruszyło się z (8, 6) na (9, 7)
18 Jan 2025 22:04:01 GMT Zwierzę zjadło roślinkę na (3, 2)
18 Jan 2025 22:04:01 GMT Zwierzę zjadło roślinkę na (1, 1)
18 Jan 2025 22:04:01 GMT Zwierzę zjadło roślinkę na (2, 3)
18 Jan 2025 22:04:01 GMT Zwierzę zjadło roślinkę na (2, 8)
18 Jan 2025 22:04:01 GMT Zwierzę zjadło roślinkę na (9, 4)
18 Jan 2025 22:04:01 GMT Roślinka wyrosła na null
18 Jan 2025 22:04:01 GMT Roślinka wyrosła na null
18 Jan 2025 22:04:01 GMT Roślinka wyrosła na null
18 Jan 2025 22:04:01 GMT Roślinka wyrosła na null
18 Jan 2025 22:04:01 GMT Roślinka wyrosła na null
18 Jan 2025 22:04:01 GMT Roślinka wyrosła na null
18 Jan 2025 22:04:01 GMT Roślinka wyrosła na null
18 Jan 2025 22:04:01 GMT Roślinka wyrosła na null
18 Jan 2025 22:04:01 GMT Roślinka wyrosła na null
18 Jan 2025 22:04:01 GMT Roślinka wyrosła na null
18 Jan 2025 22:04:02 GMT Długość listy pozycji: 10
Lista pozycji zwierząt: {(3, 2)=[◥], (1, 1)=[◥], (0, 0)=[◢], (2, 3)=[>], (4, 6)=[<], (5, 9)=[◥], (2, 8)=[◥], (9, 3)=[>], (9, 4)=[◣], (9, 7)=[◥]}
18 Jan 2025 22:04:02 GMT Zwierzę poruszyło się z (5, 6) na (4, 6)
18 Jan 2025 22:04:02 GMT Długość listy pozycji: 10
Lista pozycji zwierząt: {(3, 2)=[◥], (1, 1)=[◥], (0, 0)=[◢], (2, 3)=[>], (4, 6)=[<], (5, 9)=[◥], (2, 8)=[◥], (9, 3)=[>], (8, 4)=[<], (9, 7)=[◥]}
18 Jan 2025 22:04:02 GMT Zwierzę poruszyło się z (9, 4) na (8, 4)
18 Jan 2025 22:04:02 GMT Długość listy pozycji: 10
Lista pozycji zwierząt: {(3, 2)=[◥], (1, 1)=[◥], (0, 0)=[◢], (2, 3)=[>], (4, 6)=[<], (4, 9)=[<], (2, 8)=[◥], (9, 3)=[>], (8, 4)=[<], (9, 7)=[◥]}
18 Jan 2025 22:04:02 GMT Zwierzę poruszyło się z (5, 9) na (4, 9)
18 Jan 2025 22:04:02 GMT Długość listy pozycji: 10
Lista pozycji zwierząt: {(3, 2)=[◥], (1, 1)=[◥], (0, 0)=[◢], (2, 3)=[>], (4, 6)=[<], (4, 9)=[<], (2, 8)=[◥], (9, 2)=[v], (8, 4)=[<], (9, 7)=[◥]}
18 Jan 2025 22:04:02 GMT Zwierzę poruszyło się z (9, 3) na (9, 2)
18 Jan 2025 22:04:02 GMT Długość listy pozycji: 10
Lista pozycji zwierząt: {(1, 0)=[>], (3, 2)=[◥], (1, 1)=[◥], (2, 3)=[>], (4, 6)=[<], (4, 9)=[<], (2, 8)=[◥], (9, 2)=[v], (8, 4)=[<], (9, 7)=[◥]}
18 Jan 2025 22:04:02 GMT Zwierzę poruszyło się z (0, 0) na (1, 0)
