18 Jan 2025 22:34:07 GMT Zwierze zostało położone na (2, 0)
18 Jan 2025 22:34:07 GMT Zwierze zostało położone na (1, 7)
18 Jan 2025 22:34:07 GMT Zwierze zostało położone na (8, 8)
18 Jan 2025 22:34:07 GMT Zwierze zostało położone na (2, 0)
18 Jan 2025 22:34:07 GMT Zwierze zostało położone na (8, 5)
18 Jan 2025 22:34:08 GMT Zwierze zostało położone na (1, 9)
18 Jan 2025 22:34:08 GMT Zwierze zostało położone na (2, 2)
18 Jan 2025 22:34:08 GMT Zwierze zostało położone na (4, 3)
18 Jan 2025 22:34:08 GMT Zwierze zostało położone na (7, 5)
18 Jan 2025 22:34:08 GMT Zwierze zostało położone na (8, 0)
18 Jan 2025 22:34:08 GMT Długość listy pozycji: 10
Lista pozycji zwierząt: {(1, 0)=[<], (4, 3)=[◢], (2, 2)=[◤], (8, 8)=[◥], (1, 7)=[◣], (8, 0)=[<], (1, 9)=[◥], (8, 5)=[◤], (7, 5)=[◢], (2, 0)=[v]}
18 Jan 2025 22:34:08 GMT Zwierzę poruszyło się z (2, 0) na (1, 0)
18 Jan 2025 22:34:08 GMT Długość listy pozycji: 10
Lista pozycji zwierząt: {(1, 0)=[<], (4, 3)=[◢], (2, 2)=[◤], (8, 8)=[◥], (2, 7)=[>], (8, 0)=[<], (1, 9)=[◥], (8, 5)=[◤], (7, 5)=[◢], (2, 0)=[v]}
18 Jan 2025 22:34:08 GMT Zwierzę poruszyło się z (1, 7) na (2, 7)
18 Jan 2025 22:34:08 GMT Długość listy pozycji: 10
Lista pozycji zwierząt: {(9, 8)=[>], (1, 0)=[<], (4, 3)=[◢], (2, 2)=[◤], (2, 7)=[>], (8, 0)=[<], (1, 9)=[◥], (8, 5)=[◤], (7, 5)=[◢], (2, 0)=[v]}
18 Jan 2025 22:34:08 GMT Zwierzę poruszyło się z (8, 8) na (9, 8)
18 Jan 2025 22:34:08 GMT Długość listy pozycji: 10
Lista pozycji zwierząt: {(2, 1)=[^], (9, 8)=[>], (1, 0)=[<], (4, 3)=[◢], (2, 2)=[◤], (2, 7)=[>], (8, 0)=[<], (1, 9)=[◥], (8, 5)=[◤], (7, 5)=[◢]}
18 Jan 2025 22:34:08 GMT Zwierzę poruszyło się z (2, 0) na (2, 1)
18 Jan 2025 22:34:08 GMT Długość listy pozycji: 9
Lista pozycji zwierząt: {(2, 1)=[^], (9, 8)=[>], (1, 0)=[<], (4, 3)=[◢], (2, 2)=[◤], (2, 7)=[>], (8, 0)=[<], (1, 9)=[◥], (7, 5)=[◢, <]}
18 Jan 2025 22:34:08 GMT Zwierzę poruszyło się z (8, 5) na (7, 5)
18 Jan 2025 22:34:08 GMT Długość listy pozycji: 9
Lista pozycji zwierząt: {(2, 1)=[^], (9, 8)=[>], (1, 0)=[<], (4, 3)=[◢], (2, 2)=[◤], (2, 7)=[>], (2, 9)=[>], (8, 0)=[<], (7, 5)=[◢, <]}
18 Jan 2025 22:34:08 GMT Zwierzę poruszyło się z (1, 9) na (2, 9)
18 Jan 2025 22:34:09 GMT Długość listy pozycji: 9
Lista pozycji zwierząt: {(2, 1)=[^], (9, 8)=[>], (1, 0)=[<], (4, 3)=[◢], (1, 2)=[<], (2, 7)=[>], (2, 9)=[>], (8, 0)=[<], (7, 5)=[◢, <]}
18 Jan 2025 22:34:09 GMT Zwierzę poruszyło się z (2, 2) na (1, 2)
18 Jan 2025 22:34:09 GMT Długość listy pozycji: 9
Lista pozycji zwierząt: {(2, 1)=[^], (9, 8)=[>], (1, 0)=[<], (3, 3)=[<], (1, 2)=[<], (2, 7)=[>], (2, 9)=[>], (8, 0)=[<], (7, 5)=[◢, <]}
18 Jan 2025 22:34:09 GMT Zwierzę poruszyło się z (4, 3) na (3, 3)
18 Jan 2025 22:34:09 GMT Długość listy pozycji: 10
Lista pozycji zwierząt: {(6, 5)=[<], (2, 1)=[^], (9, 8)=[>], (1, 0)=[<], (3, 3)=[<], (1, 2)=[<], (2, 7)=[>], (2, 9)=[>], (8, 0)=[<], (7, 5)=[<]}
18 Jan 2025 22:34:09 GMT Zwierzę poruszyło się z (7, 5) na (6, 5)
18 Jan 2025 22:34:09 GMT Długość listy pozycji: 10
Lista pozycji zwierząt: {(6, 5)=[<], (2, 1)=[^], (9, 8)=[>], (1, 0)=[<], (3, 3)=[<], (1, 2)=[<], (2, 7)=[>], (2, 9)=[>], (8, 0)=[^], (7, 5)=[<]}
18 Jan 2025 22:34:09 GMT Zwierzę poruszyło się z (8, 0) na (8, 0)
18 Jan 2025 22:34:09 GMT Zwierzę zjadło roślinkę na (6, 5)
18 Jan 2025 22:34:09 GMT Roślinka wyrosła na (8, 6)
18 Jan 2025 22:34:09 GMT Roślinka wyrosła na (4, 6)
18 Jan 2025 22:34:09 GMT Roślinka wyrosła na (3, 6)
18 Jan 2025 22:34:09 GMT Roślinka wyrosła na (2, 6)
18 Jan 2025 22:34:09 GMT Roślinka wyrosła na (0, 5)
18 Jan 2025 22:34:09 GMT Roślinka wyrosła na (4, 5)
18 Jan 2025 22:34:09 GMT Roślinka wyrosła na (7, 5)
18 Jan 2025 22:34:09 GMT Roślinka wyrosła na (5, 6)
18 Jan 2025 22:34:09 GMT Roślinka wyrosła na (5, 5)
18 Jan 2025 22:34:09 GMT Roślinka wyrosła na (1, 5)
18 Jan 2025 22:34:09 GMT Długość listy pozycji: 9
Lista pozycji zwierząt: {(6, 5)=[<], (2, 1)=[^, ◥], (9, 8)=[>], (3, 3)=[<], (1, 2)=[<], (2, 7)=[>], (2, 9)=[>], (8, 0)=[^], (7, 5)=[<]}
18 Jan 2025 22:34:09 GMT Zwierzę poruszyło się z (1, 0) na (2, 1)
18 Jan 2025 22:34:10 GMT Długość listy pozycji: 9
Lista pozycji zwierząt: {(6, 5)=[<], (2, 1)=[^, ◥], (9, 8)=[>], (3, 3)=[<], (1, 2)=[<], (1, 8)=[◤], (2, 9)=[>], (8, 0)=[^], (7, 5)=[<]}
18 Jan 2025 22:34:10 GMT Zwierzę poruszyło się z (2, 7) na (1, 8)
18 Jan 2025 22:34:10 GMT Długość listy pozycji: 9
Lista pozycji zwierząt: {(6, 5)=[<], (2, 1)=[^, ◥], (3, 3)=[<], (1, 2)=[<], (0, 7)=[◢], (1, 8)=[◤], (2, 9)=[>], (8, 0)=[^], (7, 5)=[<]}
18 Jan 2025 22:34:10 GMT Zwierzę poruszyło się z (9, 8) na (0, 7)
18 Jan 2025 22:34:10 GMT Długość listy pozycji: 10
Lista pozycji zwierząt: {(6, 5)=[<], (2, 1)=[◥], (3, 3)=[<], (1, 2)=[<], (0, 7)=[◢], (1, 8)=[◤], (2, 9)=[>], (8, 0)=[^], (2, 0)=[v], (7, 5)=[<]}
18 Jan 2025 22:34:10 GMT Zwierzę poruszyło się z (2, 1) na (2, 0)
18 Jan 2025 22:34:10 GMT Długość listy pozycji: 10
Lista pozycji zwierząt: {(6, 5)=[<], (2, 1)=[◥], (3, 3)=[<], (1, 2)=[<], (0, 7)=[◢], (1, 8)=[◤], (2, 9)=[>], (8, 0)=[^], (6, 4)=[◣], (2, 0)=[v]}
18 Jan 2025 22:34:10 GMT Zwierzę poruszyło się z (7, 5) na (6, 4)
18 Jan 2025 22:34:10 GMT Długość listy pozycji: 10
Lista pozycji zwierząt: {(6, 5)=[<], (2, 1)=[◥], (3, 3)=[<], (1, 2)=[<], (3, 8)=[◢], (0, 7)=[◢], (1, 8)=[◤], (8, 0)=[^], (6, 4)=[◣], (2, 0)=[v]}
18 Jan 2025 22:34:10 GMT Zwierzę poruszyło się z (2, 9) na (3, 8)
18 Jan 2025 22:34:10 GMT Długość listy pozycji: 10
Lista pozycji zwierząt: {(6, 5)=[<], (2, 1)=[◥], (3, 3)=[<], (0, 1)=[◣], (3, 8)=[◢], (0, 7)=[◢], (1, 8)=[◤], (8, 0)=[^], (6, 4)=[◣], (2, 0)=[v]}
18 Jan 2025 22:34:10 GMT Zwierzę poruszyło się z (1, 2) na (0, 1)
18 Jan 2025 22:34:10 GMT Długość listy pozycji: 10
Lista pozycji zwierząt: {(6, 5)=[<], (2, 1)=[◥], (4, 4)=[◥], (0, 1)=[◣], (3, 8)=[◢], (0, 7)=[◢], (1, 8)=[◤], (8, 0)=[^], (6, 4)=[◣], (2, 0)=[v]}
18 Jan 2025 22:34:10 GMT Zwierzę poruszyło się z (3, 3) na (4, 4)
18 Jan 2025 22:34:10 GMT Długość listy pozycji: 10
Lista pozycji zwierząt: {(7, 6)=[◥], (2, 1)=[◥], (4, 4)=[◥], (0, 1)=[◣], (3, 8)=[◢], (0, 7)=[◢], (1, 8)=[◤], (8, 0)=[^], (6, 4)=[◣], (2, 0)=[v]}
18 Jan 2025 22:34:10 GMT Zwierzę poruszyło się z (6, 5) na (7, 6)
18 Jan 2025 22:34:10 GMT Długość listy pozycji: 10
Lista pozycji zwierząt: {(7, 6)=[◥], (2, 1)=[◥], (4, 4)=[◥], (0, 1)=[◣], (3, 8)=[◢], (0, 7)=[◢], (1, 8)=[◤], (7, 0)=[<], (6, 4)=[◣], (2, 0)=[v]}
18 Jan 2025 22:34:10 GMT Zwierzę poruszyło się z (8, 0) na (7, 0)
18 Jan 2025 22:34:10 GMT Zwierzę zjadło roślinkę na (7, 6)
18 Jan 2025 22:34:11 GMT Roślinka wyrosła na (3, 5)
18 Jan 2025 22:34:11 GMT Roślinka wyrosła na (9, 6)
18 Jan 2025 22:34:11 GMT Roślinka wyrosła na (6, 6)
18 Jan 2025 22:34:11 GMT Roślinka wyrosła na (9, 5)
18 Jan 2025 22:34:11 GMT Roślinka wyrosła na (2, 7)
18 Jan 2025 22:34:11 GMT Roślinka wyrosła na (2, 8)
18 Jan 2025 22:34:11 GMT Roślinka wyrosła na (6, 8)
18 Jan 2025 22:34:11 GMT Roślinka wyrosła na (1, 0)
18 Jan 2025 22:34:11 GMT Roślinka wyrosła na (0, 7)
18 Jan 2025 22:34:11 GMT Roślinka wyrosła na (1, 8)
18 Jan 2025 22:34:11 GMT Długość listy pozycji: 9
Lista pozycji zwierząt: {(7, 6)=[◥], (4, 4)=[◥], (0, 1)=[◣], (3, 8)=[◢], (0, 7)=[◢], (1, 8)=[◤], (7, 0)=[<], (6, 4)=[◣], (2, 0)=[v, v]}
18 Jan 2025 22:34:11 GMT Zwierzę poruszyło się z (2, 1) na (2, 0)
18 Jan 2025 22:34:11 GMT Długość listy pozycji: 9
Lista pozycji zwierząt: {(7, 6)=[◥], (4, 4)=[◥], (0, 1)=[◣], (3, 8)=[◢], (1, 7)=[v], (0, 7)=[◢], (7, 0)=[<], (6, 4)=[◣], (2, 0)=[v, v]}
18 Jan 2025 22:34:11 GMT Zwierzę poruszyło się z (1, 8) na (1, 7)
18 Jan 2025 22:34:11 GMT Długość listy pozycji: 9
Lista pozycji zwierząt: {(7, 6)=[◥], (4, 4)=[◥], (0, 1)=[◣], (3, 8)=[◢], (0, 6)=[v], (1, 7)=[v], (7, 0)=[<], (6, 4)=[◣], (2, 0)=[v, v]}
18 Jan 2025 22:34:11 GMT Zwierzę poruszyło się z (0, 7) na (0, 6)
18 Jan 2025 22:34:11 GMT Długość listy pozycji: 10
Lista pozycji zwierząt: {(2, 1)=[^], (7, 6)=[◥], (4, 4)=[◥], (0, 1)=[◣], (3, 8)=[◢], (0, 6)=[v], (1, 7)=[v], (7, 0)=[<], (6, 4)=[◣], (2, 0)=[v]}
18 Jan 2025 22:34:11 GMT Zwierzę poruszyło się z (2, 0) na (2, 1)
18 Jan 2025 22:34:11 GMT Długość listy pozycji: 10
Lista pozycji zwierząt: {(2, 1)=[^], (7, 6)=[◥], (4, 4)=[◥], (0, 1)=[◣], (3, 8)=[◢], (0, 6)=[v], (1, 7)=[v], (7, 0)=[<], (6, 3)=[v], (2, 0)=[v]}
18 Jan 2025 22:34:11 GMT Zwierzę poruszyło się z (6, 4) na (6, 3)
18 Jan 2025 22:34:11 GMT Długość listy pozycji: 10
Lista pozycji zwierząt: {(2, 1)=[^], (7, 6)=[◥], (4, 4)=[◥], (0, 1)=[◣], (3, 7)=[v], (0, 6)=[v], (1, 7)=[v], (7, 0)=[<], (6, 3)=[v], (2, 0)=[v]}
18 Jan 2025 22:34:11 GMT Zwierzę poruszyło się z (3, 8) na (3, 7)
18 Jan 2025 22:34:12 GMT Długość listy pozycji: 10
Lista pozycji zwierząt: {(2, 1)=[^], (7, 6)=[◥], (0, 0)=[v], (4, 4)=[◥], (3, 7)=[v], (0, 6)=[v], (1, 7)=[v], (7, 0)=[<], (6, 3)=[v], (2, 0)=[v]}
18 Jan 2025 22:34:12 GMT Zwierzę poruszyło się z (0, 1) na (0, 0)
18 Jan 2025 22:34:12 GMT Długość listy pozycji: 10
Lista pozycji zwierząt: {(4, 3)=[v], (2, 1)=[^], (7, 6)=[◥], (0, 0)=[v], (3, 7)=[v], (0, 6)=[v], (1, 7)=[v], (7, 0)=[<], (6, 3)=[v], (2, 0)=[v]}
18 Jan 2025 22:34:12 GMT Zwierzę poruszyło się z (4, 4) na (4, 3)
18 Jan 2025 22:34:12 GMT Długość listy pozycji: 10
Lista pozycji zwierząt: {(4, 3)=[v], (2, 1)=[^], (0, 0)=[v], (3, 7)=[v], (0, 6)=[v], (1, 7)=[v], (7, 0)=[<], (6, 3)=[v], (7, 5)=[v], (2, 0)=[v]}
18 Jan 2025 22:34:12 GMT Zwierzę poruszyło się z (7, 6) na (7, 5)
18 Jan 2025 22:34:12 GMT Długość listy pozycji: 10
Lista pozycji zwierząt: {(4, 3)=[v], (2, 1)=[^], (0, 0)=[v], (3, 7)=[v], (0, 6)=[v], (1, 7)=[v], (7, 0)=[^], (6, 3)=[v], (7, 5)=[v], (2, 0)=[v]}
18 Jan 2025 22:34:12 GMT Zwierzę poruszyło się z (7, 0) na (7, 0)
18 Jan 2025 22:34:12 GMT Zwierzę zjadło roślinkę na (0, 6)
18 Jan 2025 22:34:12 GMT Zwierzę zjadło roślinkę na (7, 5)
18 Jan 2025 22:34:12 GMT Roślinka wyrosła na (7, 8)
18 Jan 2025 22:34:12 GMT Roślinka wyrosła na (8, 7)
18 Jan 2025 22:34:12 GMT Roślinka wyrosła na (3, 0)
18 Jan 2025 22:34:12 GMT Roślinka wyrosła na (9, 4)
18 Jan 2025 22:34:12 GMT Roślinka wyrosła na (6, 0)
18 Jan 2025 22:34:12 GMT Roślinka wyrosła na (2, 3)
18 Jan 2025 22:34:12 GMT Roślinka wyrosła na (2, 9)
18 Jan 2025 22:34:12 GMT Roślinka wyrosła na (3, 8)
18 Jan 2025 22:34:12 GMT Roślinka wyrosła na (7, 4)
18 Jan 2025 22:34:12 GMT Roślinka wyrosła na (3, 1)
18 Jan 2025 22:34:13 GMT Długość listy pozycji: 10
Lista pozycji zwierząt: {(4, 3)=[v], (2, 1)=[^], (1, 1)=[◤], (0, 0)=[v], (3, 7)=[v], (0, 6)=[v], (1, 7)=[v], (7, 0)=[^], (6, 3)=[v], (7, 5)=[v]}
18 Jan 2025 22:34:13 GMT Zwierzę poruszyło się z (2, 0) na (1, 1)
18 Jan 2025 22:34:13 GMT Długość listy pozycji: 10
Lista pozycji zwierząt: {(4, 3)=[v], (2, 1)=[^], (1, 1)=[◤], (0, 0)=[v], (3, 7)=[v], (2, 8)=[◥], (0, 6)=[v], (7, 0)=[^], (6, 3)=[v], (7, 5)=[v]}
18 Jan 2025 22:34:13 GMT Zwierzę poruszyło się z (1, 7) na (2, 8)
18 Jan 2025 22:34:13 GMT Długość listy pozycji: 10
Lista pozycji zwierząt: {(4, 3)=[v], (2, 1)=[^], (1, 1)=[◤], (0, 0)=[v], (3, 7)=[v], (2, 8)=[◥], (7, 0)=[^], (9, 5)=[◣], (6, 3)=[v], (7, 5)=[v]}
18 Jan 2025 22:34:13 GMT Zwierzę poruszyło się z (0, 6) na (9, 5)
18 Jan 2025 22:34:13 GMT Długość listy pozycji: 10
Lista pozycji zwierząt: {(4, 3)=[v], (1, 1)=[◤], (0, 0)=[v], (3, 7)=[v], (2, 8)=[◥], (7, 0)=[^], (9, 5)=[◣], (6, 3)=[v], (2, 0)=[v], (7, 5)=[v]}
18 Jan 2025 22:34:13 GMT Zwierzę poruszyło się z (2, 1) na (2, 0)
18 Jan 2025 22:34:13 GMT Długość listy pozycji: 10
Lista pozycji zwierząt: {(4, 3)=[v], (1, 1)=[◤], (0, 0)=[v], (3, 7)=[v], (2, 8)=[◥], (7, 0)=[^], (7, 2)=[◢], (9, 5)=[◣], (2, 0)=[v], (7, 5)=[v]}
18 Jan 2025 22:34:13 GMT Zwierzę poruszyło się z (6, 3) na (7, 2)
18 Jan 2025 22:34:13 GMT Długość listy pozycji: 10
Lista pozycji zwierząt: {(4, 3)=[v], (1, 1)=[◤], (0, 0)=[v], (2, 6)=[◣], (2, 8)=[◥], (7, 0)=[^], (7, 2)=[◢], (9, 5)=[◣], (2, 0)=[v], (7, 5)=[v]}
18 Jan 2025 22:34:13 GMT Zwierzę poruszyło się z (3, 7) na (2, 6)
18 Jan 2025 22:34:13 GMT Długość listy pozycji: 10
Lista pozycji zwierząt: {(4, 3)=[v], (1, 1)=[◤], (0, 0)=[◤], (2, 6)=[◣], (2, 8)=[◥], (7, 0)=[^], (7, 2)=[◢], (9, 5)=[◣], (2, 0)=[v], (7, 5)=[v]}
18 Jan 2025 22:34:13 GMT Zwierzę poruszyło się z (0, 0) na (0, 0)
18 Jan 2025 22:34:13 GMT Długość listy pozycji: 10
Lista pozycji zwierząt: {(1, 1)=[◤], (0, 0)=[◤], (3, 4)=[◤], (2, 6)=[◣], (2, 8)=[◥], (7, 0)=[^], (7, 2)=[◢], (9, 5)=[◣], (2, 0)=[v], (7, 5)=[v]}
18 Jan 2025 22:34:13 GMT Zwierzę poruszyło się z (4, 3) na (3, 4)
18 Jan 2025 22:34:13 GMT Długość listy pozycji: 10
Lista pozycji zwierząt: {(6, 6)=[◤], (1, 1)=[◤], (0, 0)=[◤], (3, 4)=[◤], (2, 6)=[◣], (2, 8)=[◥], (7, 0)=[^], (7, 2)=[◢], (9, 5)=[◣], (2, 0)=[v]}
18 Jan 2025 22:34:13 GMT Zwierzę poruszyło się z (7, 5) na (6, 6)
18 Jan 2025 22:34:14 GMT Długość listy pozycji: 10
Lista pozycji zwierząt: {(6, 6)=[◤], (1, 1)=[◤], (0, 0)=[◤], (3, 4)=[◤], (2, 6)=[◣], (2, 8)=[◥], (6, 0)=[<], (7, 2)=[◢], (9, 5)=[◣], (2, 0)=[v]}
18 Jan 2025 22:34:14 GMT Zwierzę poruszyło się z (7, 0) na (6, 0)
18 Jan 2025 22:34:14 GMT Zwierzę zjadło roślinkę na (6, 6)
18 Jan 2025 22:34:14 GMT Zwierzę zjadło roślinkę na (2, 6)
18 Jan 2025 22:34:14 GMT Zwierzę zjadło roślinkę na (2, 8)
18 Jan 2025 22:34:14 GMT Zwierzę zjadło roślinkę na (6, 0)
18 Jan 2025 22:34:14 GMT Zwierzę zjadło roślinkę na (9, 5)
18 Jan 2025 22:34:14 GMT Roślinka wyrosła na (3, 4)
18 Jan 2025 22:34:14 GMT Roślinka wyrosła na (8, 0)
18 Jan 2025 22:34:14 GMT Roślinka wyrosła na (6, 4)
18 Jan 2025 22:34:14 GMT Roślinka wyrosła na (4, 8)
18 Jan 2025 22:34:14 GMT Roślinka wyrosła na (6, 9)
18 Jan 2025 22:34:14 GMT Roślinka wyrosła na (5, 1)
18 Jan 2025 22:34:14 GMT Roślinka wyrosła na (0, 3)
18 Jan 2025 22:34:14 GMT Roślinka wyrosła na (0, 1)
18 Jan 2025 22:34:14 GMT Roślinka wyrosła na (3, 2)
18 Jan 2025 22:34:14 GMT Roślinka wyrosła na (4, 9)
18 Jan 2025 22:34:14 GMT Długość listy pozycji: 10
Lista pozycji zwierząt: {(2, 1)=[>], (6, 6)=[◤], (0, 0)=[◤], (3, 4)=[◤], (2, 6)=[◣], (2, 8)=[◥], (6, 0)=[<], (7, 2)=[◢], (9, 5)=[◣], (2, 0)=[v]}
18 Jan 2025 22:34:14 GMT Zwierzę poruszyło się z (1, 1) na (2, 1)
18 Jan 2025 22:34:14 GMT Długość listy pozycji: 10
Lista pozycji zwierząt: {(2, 1)=[>], (6, 6)=[◤], (0, 0)=[◤], (3, 4)=[◤], (2, 6)=[◣], (1, 8)=[<], (6, 0)=[<], (7, 2)=[◢], (9, 5)=[◣], (2, 0)=[v]}
18 Jan 2025 22:34:14 GMT Zwierzę poruszyło się z (2, 8) na (1, 8)
18 Jan 2025 22:34:14 GMT Długość listy pozycji: 10
Lista pozycji zwierząt: {(2, 1)=[>], (6, 6)=[◤], (0, 0)=[◤], (3, 4)=[◤], (2, 6)=[◣], (1, 8)=[<], (6, 0)=[<], (7, 2)=[◢], (8, 5)=[<], (2, 0)=[v]}
18 Jan 2025 22:34:14 GMT Zwierzę poruszyło się z (9, 5) na (8, 5)
18 Jan 2025 22:34:14 GMT Długość listy pozycji: 9
Lista pozycji zwierząt: {(2, 1)=[>, ^], (6, 6)=[◤], (0, 0)=[◤], (3, 4)=[◤], (2, 6)=[◣], (1, 8)=[<], (6, 0)=[<], (7, 2)=[◢], (8, 5)=[<]}
18 Jan 2025 22:34:14 GMT Zwierzę poruszyło się z (2, 0) na (2, 1)
18 Jan 2025 22:34:15 GMT Długość listy pozycji: 9
Lista pozycji zwierząt: {(2, 1)=[>, ^], (6, 6)=[◤], (0, 0)=[◤], (3, 4)=[◤], (2, 6)=[◣], (1, 8)=[<], (8, 2)=[>], (6, 0)=[<], (8, 5)=[<]}
18 Jan 2025 22:34:15 GMT Zwierzę poruszyło się z (7, 2) na (8, 2)
18 Jan 2025 22:34:15 GMT Długość listy pozycji: 9
Lista pozycji zwierząt: {(2, 1)=[>, ^], (6, 6)=[◤], (0, 0)=[◤], (3, 4)=[◤], (1, 6)=[<], (1, 8)=[<], (8, 2)=[>], (6, 0)=[<], (8, 5)=[<]}
18 Jan 2025 22:34:15 GMT Zwierzę poruszyło się z (2, 6) na (1, 6)
18 Jan 2025 22:34:15 GMT Długość listy pozycji: 9
Lista pozycji zwierząt: {(2, 1)=[>, ^], (6, 6)=[◤], (3, 4)=[◤], (1, 6)=[<], (9, 0)=[<], (1, 8)=[<], (8, 2)=[>], (6, 0)=[<], (8, 5)=[<]}
18 Jan 2025 22:34:15 GMT Zwierzę poruszyło się z (0, 0) na (9, 0)
18 Jan 2025 22:34:15 GMT Długość listy pozycji: 9
Lista pozycji zwierząt: {(2, 1)=[>, ^], (4, 4)=[>], (6, 6)=[◤], (1, 6)=[<], (9, 0)=[<], (1, 8)=[<], (8, 2)=[>], (6, 0)=[<], (8, 5)=[<]}
18 Jan 2025 22:34:15 GMT Zwierzę poruszyło się z (3, 4) na (4, 4)
18 Jan 2025 22:34:15 GMT Długość listy pozycji: 9
Lista pozycji zwierząt: {(7, 6)=[>], (2, 1)=[>, ^], (4, 4)=[>], (1, 6)=[<], (9, 0)=[<], (1, 8)=[<], (8, 2)=[>], (6, 0)=[<], (8, 5)=[<]}
18 Jan 2025 22:34:15 GMT Zwierzę poruszyło się z (6, 6) na (7, 6)
18 Jan 2025 22:34:15 GMT Długość listy pozycji: 9
Lista pozycji zwierząt: {(7, 6)=[>], (2, 1)=[>, ^], (4, 4)=[>], (1, 6)=[<], (9, 0)=[<], (1, 8)=[<], (8, 2)=[>], (6, 0)=[^], (8, 5)=[<]}
18 Jan 2025 22:34:15 GMT Zwierzę poruszyło się z (6, 0) na (6, 0)
18 Jan 2025 22:34:15 GMT Zwierzę zjadło roślinkę na (1, 6)
18 Jan 2025 22:34:15 GMT Zwierzę zjadło roślinkę na (1, 8)
18 Jan 2025 22:34:15 GMT Zwierzę zjadło roślinkę na (8, 5)
18 Jan 2025 22:34:15 GMT Zwierze zostało położone na (2, 1)
18 Jan 2025 22:34:15 GMT Urodziło się nowe zwierzę na (2, 1)
18 Jan 2025 22:34:16 GMT Roślinka wyrosła na (9, 0)
18 Jan 2025 22:34:16 GMT Roślinka wyrosła na (7, 2)
18 Jan 2025 22:34:16 GMT Roślinka wyrosła na (1, 1)
18 Jan 2025 22:34:16 GMT Roślinka wyrosła na (1, 2)
18 Jan 2025 22:34:16 GMT Roślinka wyrosła na (0, 8)
18 Jan 2025 22:34:16 GMT Roślinka wyrosła na (2, 1)
18 Jan 2025 22:34:16 GMT Roślinka wyrosła na (4, 2)
18 Jan 2025 22:34:16 GMT Roślinka wyrosła na (4, 0)
18 Jan 2025 22:34:16 GMT Roślinka wyrosła na (0, 2)
18 Jan 2025 22:34:16 GMT Roślinka wyrosła na (6, 7)
18 Jan 2025 22:34:16 GMT Zwierzę umarło na (2, 1)
18 Jan 2025 22:34:16 GMT Długość listy pozycji: 9
Lista pozycji zwierząt: {(7, 6)=[>], (2, 1)=[<, ^], (4, 4)=[>], (2, 7)=[◢], (1, 6)=[<], (9, 0)=[<], (8, 2)=[>], (6, 0)=[^], (8, 5)=[<]}
18 Jan 2025 22:34:16 GMT Zwierzę poruszyło się z (1, 8) na (2, 7)
18 Jan 2025 22:34:16 GMT Długość listy pozycji: 8
Lista pozycji zwierząt: {(7, 6)=[>, ◤], (2, 1)=[<, ^], (4, 4)=[>], (2, 7)=[◢], (1, 6)=[<], (9, 0)=[<], (8, 2)=[>], (6, 0)=[^]}
18 Jan 2025 22:34:16 GMT Zwierzę poruszyło się z (8, 5) na (7, 6)
18 Jan 2025 22:34:16 GMT Długość listy pozycji: 9
Lista pozycji zwierząt: {(7, 6)=[>, ◤], (2, 1)=[<], (4, 4)=[>], (2, 7)=[◢], (1, 6)=[<], (9, 0)=[<], (8, 2)=[>], (6, 0)=[^], (2, 0)=[v]}
18 Jan 2025 22:34:16 GMT Zwierzę poruszyło się z (2, 1) na (2, 0)
18 Jan 2025 22:34:16 GMT Długość listy pozycji: 9
Lista pozycji zwierząt: {(7, 6)=[>, ◤], (2, 1)=[<], (4, 4)=[>], (2, 7)=[◢], (1, 6)=[<], (9, 0)=[<], (9, 3)=[◥], (6, 0)=[^], (2, 0)=[v]}
18 Jan 2025 22:34:16 GMT Zwierzę poruszyło się z (8, 2) na (9, 3)
18 Jan 2025 22:34:16 GMT Długość listy pozycji: 9
Lista pozycji zwierząt: {(7, 6)=[>, ◤], (2, 1)=[<], (4, 4)=[>], (2, 7)=[◢], (0, 7)=[◤], (9, 0)=[<], (9, 3)=[◥], (6, 0)=[^], (2, 0)=[v]}
18 Jan 2025 22:34:16 GMT Zwierzę poruszyło się z (1, 6) na (0, 7)
18 Jan 2025 22:34:16 GMT Długość listy pozycji: 9
Lista pozycji zwierząt: {(7, 6)=[>, ◤], (2, 1)=[<], (4, 4)=[>], (2, 7)=[◢], (0, 7)=[◤], (9, 0)=[◥], (9, 3)=[◥], (6, 0)=[^], (2, 0)=[v]}
18 Jan 2025 22:34:16 GMT Zwierzę poruszyło się z (9, 0) na (9, 0)
18 Jan 2025 22:34:16 GMT Długość listy pozycji: 9
Lista pozycji zwierząt: {(7, 6)=[>, ◤], (2, 1)=[<], (3, 3)=[◣], (2, 7)=[◢], (0, 7)=[◤], (9, 0)=[◥], (9, 3)=[◥], (6, 0)=[^], (2, 0)=[v]}
18 Jan 2025 22:34:16 GMT Zwierzę poruszyło się z (4, 4) na (3, 3)
18 Jan 2025 22:34:17 GMT Długość listy pozycji: 10
Lista pozycji zwierząt: {(6, 5)=[◣], (7, 6)=[◤], (2, 1)=[<], (3, 3)=[◣], (2, 7)=[◢], (0, 7)=[◤], (9, 0)=[◥], (9, 3)=[◥], (6, 0)=[^], (2, 0)=[v]}
18 Jan 2025 22:34:17 GMT Zwierzę poruszyło się z (7, 6) na (6, 5)
18 Jan 2025 22:34:17 GMT Długość listy pozycji: 10
Lista pozycji zwierząt: {(6, 5)=[◣], (7, 6)=[◤], (2, 1)=[<], (3, 3)=[◣], (2, 7)=[◢], (0, 7)=[◤], (9, 0)=[◥], (9, 3)=[◥], (5, 0)=[<], (2, 0)=[v]}
18 Jan 2025 22:34:17 GMT Zwierzę poruszyło się z (6, 0) na (5, 0)
18 Jan 2025 22:34:17 GMT Zwierzę zjadło roślinkę na (2, 1)
18 Jan 2025 22:34:17 GMT Zwierzę zjadło roślinkę na (2, 7)
18 Jan 2025 22:34:17 GMT Zwierzę zjadło roślinkę na (0, 7)
18 Jan 2025 22:34:17 GMT Zwierzę zjadło roślinkę na (9, 0)
18 Jan 2025 22:34:17 GMT Roślinka wyrosła na (7, 7)
18 Jan 2025 22:34:17 GMT Roślinka wyrosła na (8, 4)
18 Jan 2025 22:34:17 GMT Roślinka wyrosła na (4, 7)
18 Jan 2025 22:34:17 GMT Roślinka wyrosła na (3, 7)
18 Jan 2025 22:34:17 GMT Roślinka wyrosła na (5, 3)
18 Jan 2025 22:34:17 GMT Roślinka wyrosła na (5, 9)
18 Jan 2025 22:34:17 GMT Roślinka wyrosła na (1, 9)
18 Jan 2025 22:34:17 GMT Roślinka wyrosła na (6, 3)
18 Jan 2025 22:34:17 GMT Roślinka wyrosła na (2, 4)
18 Jan 2025 22:34:17 GMT Roślinka wyrosła na (3, 9)
18 Jan 2025 22:34:17 GMT Długość listy pozycji: 10
Lista pozycji zwierząt: {(6, 5)=[◣], (7, 6)=[◤], (2, 1)=[<], (3, 3)=[◣], (2, 8)=[^], (0, 7)=[◤], (9, 0)=[◥], (9, 3)=[◥], (5, 0)=[<], (2, 0)=[v]}
18 Jan 2025 22:34:17 GMT Zwierzę poruszyło się z (2, 7) na (2, 8)
18 Jan 2025 22:34:17 GMT Długość listy pozycji: 10
Lista pozycji zwierząt: {(6, 5)=[◣], (2, 1)=[<], (7, 7)=[^], (3, 3)=[◣], (2, 8)=[^], (0, 7)=[◤], (9, 0)=[◥], (9, 3)=[◥], (5, 0)=[<], (2, 0)=[v]}
18 Jan 2025 22:34:17 GMT Zwierzę poruszyło się z (7, 6) na (7, 7)
18 Jan 2025 22:34:17 GMT Długość listy pozycji: 9
Lista pozycji zwierząt: {(6, 5)=[◣], (2, 1)=[<, ^], (7, 7)=[^], (3, 3)=[◣], (2, 8)=[^], (0, 7)=[◤], (9, 0)=[◥], (9, 3)=[◥], (5, 0)=[<]}
18 Jan 2025 22:34:18 GMT Zwierzę poruszyło się z (2, 0) na (2, 1)
18 Jan 2025 22:34:18 GMT Długość listy pozycji: 9
Lista pozycji zwierząt: {(6, 5)=[◣], (2, 1)=[<, ^], (7, 7)=[^], (3, 3)=[◣], (2, 8)=[^], (0, 7)=[◤], (9, 0)=[◥], (9, 4)=[^], (5, 0)=[<]}
18 Jan 2025 22:34:18 GMT Zwierzę poruszyło się z (9, 3) na (9, 4)
18 Jan 2025 22:34:18 GMT Długość listy pozycji: 9
Lista pozycji zwierząt: {(6, 5)=[◣], (2, 1)=[<, ^], (7, 7)=[^], (3, 3)=[◣], (2, 8)=[^], (9, 0)=[◥], (0, 8)=[^], (9, 4)=[^], (5, 0)=[<]}
18 Jan 2025 22:34:18 GMT Zwierzę poruszyło się z (0, 7) na (0, 8)
18 Jan 2025 22:34:18 GMT Długość listy pozycji: 9
Lista pozycji zwierząt: {(6, 5)=[◣], (2, 1)=[<, ^], (7, 7)=[^], (3, 3)=[◣], (2, 8)=[^], (9, 1)=[^], (0, 8)=[^], (9, 4)=[^], (5, 0)=[<]}
18 Jan 2025 22:34:18 GMT Zwierzę poruszyło się z (9, 0) na (9, 1)
18 Jan 2025 22:34:18 GMT Długość listy pozycji: 9
Lista pozycji zwierząt: {(6, 5)=[◣], (2, 1)=[<, ^], (7, 7)=[^], (3, 4)=[^], (2, 8)=[^], (9, 1)=[^], (0, 8)=[^], (9, 4)=[^], (5, 0)=[<]}
18 Jan 2025 22:34:18 GMT Zwierzę poruszyło się z (3, 3) na (3, 4)
18 Jan 2025 22:34:18 GMT Długość listy pozycji: 9
Lista pozycji zwierząt: {(2, 1)=[<, ^], (6, 6)=[^], (7, 7)=[^], (3, 4)=[^], (2, 8)=[^], (9, 1)=[^], (0, 8)=[^], (9, 4)=[^], (5, 0)=[<]}
18 Jan 2025 22:34:18 GMT Zwierzę poruszyło się z (6, 5) na (6, 6)
18 Jan 2025 22:34:18 GMT Długość listy pozycji: 9
Lista pozycji zwierząt: {(2, 1)=[<, ^], (6, 6)=[^], (7, 7)=[^], (3, 4)=[^], (2, 8)=[^], (9, 1)=[^], (0, 8)=[^], (9, 4)=[^], (5, 0)=[^]}
18 Jan 2025 22:34:18 GMT Zwierzę poruszyło się z (5, 0) na (5, 0)
18 Jan 2025 22:34:18 GMT Zwierzę zjadło roślinkę na (7, 7)
18 Jan 2025 22:34:18 GMT Zwierzę zjadło roślinkę na (3, 4)
18 Jan 2025 22:34:18 GMT Zwierzę zjadło roślinkę na (0, 8)
18 Jan 2025 22:34:18 GMT Zwierzę zjadło roślinkę na (9, 4)
18 Jan 2025 22:34:18 GMT Zwierze zostało położone na (2, 1)
18 Jan 2025 22:34:18 GMT Urodziło się nowe zwierzę na (2, 1)
18 Jan 2025 22:34:19 GMT Roślinka wyrosła na (6, 1)
18 Jan 2025 22:34:19 GMT Roślinka wyrosła na (8, 9)
18 Jan 2025 22:34:19 GMT Roślinka wyrosła na (8, 3)
18 Jan 2025 22:34:19 GMT Roślinka wyrosła na (7, 9)
18 Jan 2025 22:34:19 GMT Roślinka wyrosła na (0, 4)
18 Jan 2025 22:34:19 GMT Roślinka wyrosła na (8, 8)
18 Jan 2025 22:34:19 GMT Roślinka wyrosła na (2, 0)
18 Jan 2025 22:34:19 GMT Roślinka wyrosła na (5, 4)
18 Jan 2025 22:34:19 GMT Roślinka wyrosła na (9, 9)
18 Jan 2025 22:34:19 GMT Roślinka wyrosła na (7, 3)
18 Jan 2025 22:34:19 GMT Długość listy pozycji: 9
Lista pozycji zwierząt: {(2, 1)=[◤, <, ^], (6, 6)=[^], (7, 7)=[^], (3, 4)=[^], (1, 7)=[◣], (9, 1)=[^], (0, 8)=[^], (9, 4)=[^], (5, 0)=[^]}
18 Jan 2025 22:34:19 GMT Zwierzę poruszyło się z (2, 8) na (1, 7)
18 Jan 2025 22:34:19 GMT Długość listy pozycji: 9
Lista pozycji zwierząt: {(2, 1)=[◤, <, ^], (8, 8)=[◥], (6, 6)=[^], (3, 4)=[^], (1, 7)=[◣], (9, 1)=[^], (0, 8)=[^], (9, 4)=[^], (5, 0)=[^]}
18 Jan 2025 22:34:19 GMT Zwierzę poruszyło się z (7, 7) na (8, 8)
18 Jan 2025 22:34:19 GMT Długość listy pozycji: 10
Lista pozycji zwierząt: {(2, 1)=[◤, <], (8, 8)=[◥], (6, 6)=[^], (3, 4)=[^], (1, 7)=[◣], (9, 1)=[^], (0, 8)=[^], (9, 4)=[^], (5, 0)=[^], (2, 0)=[v]}
18 Jan 2025 22:34:19 GMT Zwierzę poruszyło się z (2, 1) na (2, 0)
18 Jan 2025 22:34:19 GMT Długość listy pozycji: 10
Lista pozycji zwierząt: {(2, 1)=[◤, <], (8, 8)=[◥], (6, 6)=[^], (3, 4)=[^], (1, 7)=[◣], (9, 1)=[^], (0, 8)=[^], (5, 0)=[^], (8, 5)=[◤], (2, 0)=[v]}
18 Jan 2025 22:34:19 GMT Zwierzę poruszyło się z (9, 4) na (8, 5)
18 Jan 2025 22:34:19 GMT Długość listy pozycji: 10
Lista pozycji zwierząt: {(2, 1)=[◤, <], (8, 8)=[◥], (6, 6)=[^], (3, 4)=[^], (1, 7)=[◣], (1, 9)=[◥], (9, 1)=[^], (5, 0)=[^], (8, 5)=[◤], (2, 0)=[v]}
18 Jan 2025 22:34:19 GMT Zwierzę poruszyło się z (0, 8) na (1, 9)
18 Jan 2025 22:34:19 GMT Długość listy pozycji: 10
Lista pozycji zwierząt: {(2, 1)=[◤, <], (8, 8)=[◥], (6, 6)=[^], (3, 4)=[^], (1, 7)=[◣], (1, 9)=[◥], (8, 2)=[◤], (5, 0)=[^], (8, 5)=[◤], (2, 0)=[v]}
18 Jan 2025 22:34:19 GMT Zwierzę poruszyło się z (9, 1) na (8, 2)
18 Jan 2025 22:34:19 GMT Długość listy pozycji: 10
Lista pozycji zwierząt: {(4, 3)=[◢], (2, 1)=[◤, <], (8, 8)=[◥], (6, 6)=[^], (1, 7)=[◣], (1, 9)=[◥], (8, 2)=[◤], (5, 0)=[^], (8, 5)=[◤], (2, 0)=[v]}
18 Jan 2025 22:34:19 GMT Zwierzę poruszyło się z (3, 4) na (4, 3)
18 Jan 2025 22:34:20 GMT Długość listy pozycji: 10
Lista pozycji zwierząt: {(4, 3)=[◢], (2, 1)=[◤, <], (8, 8)=[◥], (1, 7)=[◣], (1, 9)=[◥], (8, 2)=[◤], (5, 0)=[^], (8, 5)=[◤], (7, 5)=[◢], (2, 0)=[v]}
18 Jan 2025 22:34:20 GMT Zwierzę poruszyło się z (6, 6) na (7, 5)
18 Jan 2025 22:34:20 GMT Długość listy pozycji: 10
Lista pozycji zwierząt: {(4, 3)=[◢], (2, 1)=[◤, <], (8, 8)=[◥], (1, 7)=[◣], (1, 9)=[◥], (8, 2)=[◤], (4, 0)=[<], (8, 5)=[◤], (7, 5)=[◢], (2, 0)=[v]}
18 Jan 2025 22:34:20 GMT Zwierzę poruszyło się z (5, 0) na (4, 0)
18 Jan 2025 22:34:20 GMT Zwierzę zjadło roślinkę na (8, 8)
18 Jan 2025 22:34:20 GMT Zwierzę zjadło roślinkę na (1, 9)
18 Jan 2025 22:34:20 GMT Zwierzę zjadło roślinkę na (4, 0)
18 Jan 2025 22:34:20 GMT Zwierzę zjadło roślinkę na (2, 0)
18 Jan 2025 22:34:20 GMT Zwierze zostało położone na (2, 1)
18 Jan 2025 22:34:20 GMT Urodziło się nowe zwierzę na (2, 1)
18 Jan 2025 22:34:20 GMT Roślinka wyrosła na (9, 8)
18 Jan 2025 22:34:20 GMT Roślinka wyrosła na (4, 4)
18 Jan 2025 22:34:20 GMT Roślinka wyrosła na (9, 7)
18 Jan 2025 22:34:20 GMT Roślinka wyrosła na (3, 3)
18 Jan 2025 22:34:20 GMT Roślinka wyrosła na (9, 1)
18 Jan 2025 22:34:20 GMT Roślinka wyrosła na (6, 2)
18 Jan 2025 22:34:20 GMT Roślinka wyrosła na (0, 0)
18 Jan 2025 22:34:20 GMT Roślinka wyrosła na (7, 1)
18 Jan 2025 22:34:20 GMT Roślinka wyrosła na (4, 3)
18 Jan 2025 22:34:20 GMT Roślinka wyrosła na (2, 2)
18 Jan 2025 22:34:20 GMT Długość listy pozycji: 10
Lista pozycji zwierząt: {(4, 3)=[◢], (2, 1)=[◢, ◤, <], (8, 8)=[◥], (2, 7)=[>], (1, 9)=[◥], (8, 2)=[◤], (4, 0)=[<], (8, 5)=[◤], (7, 5)=[◢], (2, 0)=[v]}
18 Jan 2025 22:34:20 GMT Zwierzę poruszyło się z (1, 7) na (2, 7)
18 Jan 2025 22:34:20 GMT Długość listy pozycji: 10
Lista pozycji zwierząt: {(9, 8)=[>], (4, 3)=[◢], (2, 1)=[◢, ◤, <], (2, 7)=[>], (1, 9)=[◥], (8, 2)=[◤], (4, 0)=[<], (8, 5)=[◤], (7, 5)=[◢], (2, 0)=[v]}
18 Jan 2025 22:34:20 GMT Zwierzę poruszyło się z (8, 8) na (9, 8)
18 Jan 2025 22:34:21 GMT Długość listy pozycji: 9
Lista pozycji zwierząt: {(9, 8)=[>], (4, 3)=[◢], (2, 1)=[◢, ^, ◤, <], (2, 7)=[>], (1, 9)=[◥], (8, 2)=[◤], (4, 0)=[<], (8, 5)=[◤], (7, 5)=[◢]}
18 Jan 2025 22:34:21 GMT Zwierzę poruszyło się z (2, 0) na (2, 1)
18 Jan 2025 22:34:21 GMT Długość listy pozycji: 8
Lista pozycji zwierząt: {(9, 8)=[>], (4, 3)=[◢], (2, 1)=[◢, ^, ◤, <], (2, 7)=[>], (1, 9)=[◥], (8, 2)=[◤], (4, 0)=[<], (7, 5)=[◢, <]}
18 Jan 2025 22:34:21 GMT Zwierzę poruszyło się z (8, 5) na (7, 5)
18 Jan 2025 22:34:21 GMT Długość listy pozycji: 8
Lista pozycji zwierząt: {(9, 8)=[>], (4, 3)=[◢], (2, 1)=[◢, ^, ◤, <], (2, 7)=[>], (2, 9)=[>], (8, 2)=[◤], (4, 0)=[<], (7, 5)=[◢, <]}
18 Jan 2025 22:34:21 GMT Zwierzę poruszyło się z (1, 9) na (2, 9)
18 Jan 2025 22:34:21 GMT Długość listy pozycji: 8
Lista pozycji zwierząt: {(9, 8)=[>], (4, 3)=[◢], (2, 1)=[◢, ^, ◤, <], (2, 7)=[>], (2, 9)=[>], (7, 2)=[<], (4, 0)=[<], (7, 5)=[◢, <]}
18 Jan 2025 22:34:21 GMT Zwierzę poruszyło się z (8, 2) na (7, 2)
18 Jan 2025 22:34:21 GMT Długość listy pozycji: 8
Lista pozycji zwierząt: {(9, 8)=[>], (2, 1)=[◢, ^, ◤, <], (3, 3)=[<], (2, 7)=[>], (2, 9)=[>], (7, 2)=[<], (4, 0)=[<], (7, 5)=[◢, <]}
18 Jan 2025 22:34:21 GMT Zwierzę poruszyło się z (4, 3) na (3, 3)
18 Jan 2025 22:34:21 GMT Długość listy pozycji: 9
Lista pozycji zwierząt: {(6, 5)=[<], (9, 8)=[>], (2, 1)=[◢, ^, ◤, <], (3, 3)=[<], (2, 7)=[>], (2, 9)=[>], (7, 2)=[<], (4, 0)=[<], (7, 5)=[<]}
18 Jan 2025 22:34:21 GMT Zwierzę poruszyło się z (7, 5) na (6, 5)
18 Jan 2025 22:34:21 GMT Długość listy pozycji: 9
Lista pozycji zwierząt: {(6, 5)=[<], (9, 8)=[>], (2, 1)=[◢, ^, ◤, <], (3, 3)=[<], (2, 7)=[>], (2, 9)=[>], (7, 2)=[<], (4, 0)=[^], (7, 5)=[<]}
18 Jan 2025 22:34:21 GMT Zwierzę poruszyło się z (4, 0) na (4, 0)
18 Jan 2025 22:34:21 GMT Zwierzę zjadło roślinkę na (9, 8)
18 Jan 2025 22:34:21 GMT Zwierzę zjadło roślinkę na (3, 3)
18 Jan 2025 22:34:21 GMT Zwierzę zjadło roślinkę na (2, 9)
18 Jan 2025 22:34:21 GMT Zwierzę zjadło roślinkę na (7, 2)
18 Jan 2025 22:34:22 GMT Zwierze zostało położone na (2, 1)
18 Jan 2025 22:34:22 GMT Urodziło się nowe zwierzę na (2, 1)
18 Jan 2025 22:34:22 GMT Roślinka wyrosła na (9, 3)
18 Jan 2025 22:34:22 GMT Roślinka wyrosła na (5, 8)
18 Jan 2025 22:34:22 GMT Roślinka wyrosła na (5, 0)
18 Jan 2025 22:34:22 GMT Roślinka wyrosła na (1, 4)
18 Jan 2025 22:34:22 GMT Roślinka wyrosła na (7, 0)
18 Jan 2025 22:34:22 GMT Roślinka wyrosła na (1, 7)
18 Jan 2025 22:34:22 GMT Roślinka wyrosła na (9, 2)
18 Jan 2025 22:34:22 GMT Roślinka wyrosła na (8, 2)
18 Jan 2025 22:34:22 GMT Roślinka wyrosła na (5, 2)
18 Jan 2025 22:34:22 GMT Roślinka wyrosła na (8, 1)
18 Jan 2025 22:34:22 GMT Długość listy pozycji: 9
Lista pozycji zwierząt: {(6, 5)=[<], (9, 8)=[>], (2, 1)=[^, ◢, ^, ◤, <], (3, 3)=[<], (1, 8)=[◤], (2, 9)=[>], (7, 2)=[<], (4, 0)=[^], (7, 5)=[<]}
18 Jan 2025 22:34:22 GMT Zwierzę poruszyło się z (2, 7) na (1, 8)
18 Jan 2025 22:34:22 GMT Długość listy pozycji: 9
Lista pozycji zwierząt: {(6, 5)=[<], (2, 1)=[^, ◢, ^, ◤, <], (3, 3)=[<], (0, 7)=[◢], (1, 8)=[◤], (2, 9)=[>], (7, 2)=[<], (4, 0)=[^], (7, 5)=[<]}
18 Jan 2025 22:34:22 GMT Zwierzę poruszyło się z (9, 8) na (0, 7)
18 Jan 2025 22:34:22 GMT Długość listy pozycji: 10
Lista pozycji zwierząt: {(6, 5)=[<], (2, 1)=[^, ◢, v, ◤, <], (3, 3)=[<], (0, 7)=[◢], (1, 8)=[◤], (2, 9)=[>], (7, 2)=[<], (4, 0)=[^], (2, 0)=[v], (7, 5)=[<]}
18 Jan 2025 22:34:22 GMT Zwierzę poruszyło się z (2, 1) na (2, 0)
18 Jan 2025 22:34:22 GMT Długość listy pozycji: 10
Lista pozycji zwierząt: {(6, 5)=[<], (2, 1)=[^, ◢, v, ◤, <], (3, 3)=[<], (0, 7)=[◢], (1, 8)=[◤], (2, 9)=[>], (7, 2)=[<], (4, 0)=[^], (6, 4)=[◣], (2, 0)=[v]}
18 Jan 2025 22:34:22 GMT Zwierzę poruszyło się z (7, 5) na (6, 4)
18 Jan 2025 22:34:22 GMT Długość listy pozycji: 10
Lista pozycji zwierząt: {(6, 5)=[<], (2, 1)=[^, ◢, v, ◤, <], (3, 3)=[<], (3, 8)=[◢], (0, 7)=[◢], (1, 8)=[◤], (7, 2)=[<], (4, 0)=[^], (6, 4)=[◣], (2, 0)=[v]}
18 Jan 2025 22:34:22 GMT Zwierzę poruszyło się z (2, 9) na (3, 8)
18 Jan 2025 22:34:22 GMT Długość listy pozycji: 10
Lista pozycji zwierząt: {(6, 5)=[<], (2, 1)=[^, ◢, v, ◤, <], (3, 3)=[<], (3, 8)=[◢], (0, 7)=[◢], (1, 8)=[◤], (6, 1)=[◣], (4, 0)=[^], (6, 4)=[◣], (2, 0)=[v]}
18 Jan 2025 22:34:22 GMT Zwierzę poruszyło się z (7, 2) na (6, 1)
18 Jan 2025 22:34:23 GMT Długość listy pozycji: 10
Lista pozycji zwierząt: {(6, 5)=[<], (2, 1)=[^, ◢, v, ◤, <], (4, 4)=[◥], (3, 8)=[◢], (0, 7)=[◢], (1, 8)=[◤], (6, 1)=[◣], (4, 0)=[^], (6, 4)=[◣], (2, 0)=[v]}
18 Jan 2025 22:34:23 GMT Zwierzę poruszyło się z (3, 3) na (4, 4)
18 Jan 2025 22:34:23 GMT Długość listy pozycji: 10
Lista pozycji zwierząt: {(7, 6)=[◥], (2, 1)=[^, ◢, v, ◤, <], (4, 4)=[◥], (3, 8)=[◢], (0, 7)=[◢], (1, 8)=[◤], (6, 1)=[◣], (4, 0)=[^], (6, 4)=[◣], (2, 0)=[v]}
18 Jan 2025 22:34:23 GMT Zwierzę poruszyło się z (6, 5) na (7, 6)
18 Jan 2025 22:34:23 GMT Długość listy pozycji: 10
Lista pozycji zwierząt: {(7, 6)=[◥], (2, 1)=[^, ◢, v, ◤, <], (4, 4)=[◥], (3, 8)=[◢], (0, 7)=[◢], (1, 8)=[◤], (6, 1)=[◣], (3, 0)=[<], (6, 4)=[◣], (2, 0)=[v]}
18 Jan 2025 22:34:23 GMT Zwierzę poruszyło się z (4, 0) na (3, 0)
18 Jan 2025 22:34:23 GMT Zwierzę zjadło roślinkę na (4, 4)
18 Jan 2025 22:34:23 GMT Zwierzę zjadło roślinkę na (3, 8)
18 Jan 2025 22:34:23 GMT Zwierzę zjadło roślinkę na (6, 1)
18 Jan 2025 22:34:23 GMT Zwierzę zjadło roślinkę na (3, 0)
18 Jan 2025 22:34:23 GMT Zwierzę zjadło roślinkę na (6, 4)
18 Jan 2025 22:34:23 GMT Zwierze zostało położone na (2, 1)
18 Jan 2025 22:34:23 GMT Urodziło się nowe zwierzę na (2, 1)
18 Jan 2025 22:34:23 GMT Roślinka wyrosła na null
18 Jan 2025 22:34:23 GMT Roślinka wyrosła na null
18 Jan 2025 22:34:23 GMT Roślinka wyrosła na null
18 Jan 2025 22:34:23 GMT Roślinka wyrosła na null
18 Jan 2025 22:34:23 GMT Roślinka wyrosła na null
18 Jan 2025 22:34:23 GMT Roślinka wyrosła na null
18 Jan 2025 22:34:23 GMT Roślinka wyrosła na null
18 Jan 2025 22:34:23 GMT Roślinka wyrosła na null
18 Jan 2025 22:34:23 GMT Roślinka wyrosła na null
18 Jan 2025 22:34:23 GMT Roślinka wyrosła na null
18 Jan 2025 22:34:23 GMT Długość listy pozycji: 10
Lista pozycji zwierząt: {(7, 6)=[◥], (2, 1)=[>, ^, ◢, v, ◤, <], (4, 4)=[◥], (3, 8)=[◢], (1, 7)=[v], (0, 7)=[◢], (6, 1)=[◣], (3, 0)=[<], (6, 4)=[◣], (2, 0)=[v]}
18 Jan 2025 22:34:23 GMT Zwierzę poruszyło się z (1, 8) na (1, 7)
18 Jan 2025 22:34:24 GMT Długość listy pozycji: 10
Lista pozycji zwierząt: {(7, 6)=[◥], (2, 1)=[>, ^, ◢, v, ◤, <], (4, 4)=[◥], (3, 8)=[◢], (0, 6)=[v], (1, 7)=[v], (6, 1)=[◣], (3, 0)=[<], (6, 4)=[◣], (2, 0)=[v]}
18 Jan 2025 22:34:24 GMT Zwierzę poruszyło się z (0, 7) na (0, 6)
18 Jan 2025 22:34:24 GMT Długość listy pozycji: 9
Lista pozycji zwierząt: {(7, 6)=[◥], (2, 1)=[>, ^, ^, ◢, ^, ◤, <], (4, 4)=[◥], (3, 8)=[◢], (0, 6)=[v], (1, 7)=[v], (6, 1)=[◣], (3, 0)=[<], (6, 4)=[◣]}
18 Jan 2025 22:34:24 GMT Zwierzę poruszyło się z (2, 0) na (2, 1)
18 Jan 2025 22:34:24 GMT Długość listy pozycji: 9
Lista pozycji zwierząt: {(7, 6)=[◥], (2, 1)=[>, ^, ^, ◢, ^, ◤, <], (4, 4)=[◥], (3, 8)=[◢], (0, 6)=[v], (1, 7)=[v], (6, 1)=[◣], (6, 3)=[v], (3, 0)=[<]}
18 Jan 2025 22:34:24 GMT Zwierzę poruszyło się z (6, 4) na (6, 3)
18 Jan 2025 22:34:24 GMT Długość listy pozycji: 9
Lista pozycji zwierząt: {(7, 6)=[◥], (2, 1)=[>, ^, ^, ◢, ^, ◤, <], (4, 4)=[◥], (3, 7)=[v], (0, 6)=[v], (1, 7)=[v], (6, 1)=[◣], (6, 3)=[v], (3, 0)=[<]}
18 Jan 2025 22:34:24 GMT Zwierzę poruszyło się z (3, 8) na (3, 7)
18 Jan 2025 22:34:24 GMT Długość listy pozycji: 9
Lista pozycji zwierząt: {(7, 6)=[◥], (2, 1)=[>, ^, ^, ◢, ^, ◤, <], (4, 4)=[◥], (3, 7)=[v], (0, 6)=[v], (1, 7)=[v], (6, 0)=[v], (6, 3)=[v], (3, 0)=[<]}
18 Jan 2025 22:34:24 GMT Zwierzę poruszyło się z (6, 1) na (6, 0)
18 Jan 2025 22:34:24 GMT Długość listy pozycji: 9
Lista pozycji zwierząt: {(4, 3)=[v], (7, 6)=[◥], (2, 1)=[>, ^, ^, ◢, ^, ◤, <], (3, 7)=[v], (0, 6)=[v], (1, 7)=[v], (6, 0)=[v], (6, 3)=[v], (3, 0)=[<]}
18 Jan 2025 22:34:24 GMT Zwierzę poruszyło się z (4, 4) na (4, 3)
18 Jan 2025 22:34:24 GMT Długość listy pozycji: 9
Lista pozycji zwierząt: {(4, 3)=[v], (2, 1)=[>, ^, ^, ◢, ^, ◤, <], (3, 7)=[v], (0, 6)=[v], (1, 7)=[v], (6, 0)=[v], (6, 3)=[v], (3, 0)=[<], (7, 5)=[v]}
18 Jan 2025 22:34:24 GMT Zwierzę poruszyło się z (7, 6) na (7, 5)
18 Jan 2025 22:34:24 GMT Długość listy pozycji: 9
Lista pozycji zwierząt: {(4, 3)=[v], (2, 1)=[>, ^, ^, ◢, ^, ◤, <], (3, 7)=[v], (0, 6)=[v], (1, 7)=[v], (6, 0)=[v], (6, 3)=[v], (3, 0)=[^], (7, 5)=[v]}
18 Jan 2025 22:34:24 GMT Zwierzę poruszyło się z (3, 0) na (3, 0)
18 Jan 2025 22:34:24 GMT Zwierzę zjadło roślinkę na (4, 3)
18 Jan 2025 22:34:24 GMT Zwierzę zjadło roślinkę na (3, 7)
18 Jan 2025 22:34:24 GMT Zwierzę zjadło roślinkę na (1, 7)
18 Jan 2025 22:34:24 GMT Zwierzę zjadło roślinkę na (6, 3)
18 Jan 2025 22:34:25 GMT Zwierze zostało położone na (2, 1)
18 Jan 2025 22:34:25 GMT Urodziło się nowe zwierzę na (2, 1)
18 Jan 2025 22:34:25 GMT Roślinka wyrosła na null
18 Jan 2025 22:34:25 GMT Roślinka wyrosła na null
18 Jan 2025 22:34:25 GMT Roślinka wyrosła na null
18 Jan 2025 22:34:25 GMT Roślinka wyrosła na null
18 Jan 2025 22:34:25 GMT Roślinka wyrosła na null
18 Jan 2025 22:34:25 GMT Roślinka wyrosła na null
18 Jan 2025 22:34:25 GMT Roślinka wyrosła na null
18 Jan 2025 22:34:25 GMT Roślinka wyrosła na null
18 Jan 2025 22:34:25 GMT Roślinka wyrosła na null
18 Jan 2025 22:34:25 GMT Roślinka wyrosła na null
18 Jan 2025 22:34:25 GMT Długość listy pozycji: 9
Lista pozycji zwierząt: {(4, 3)=[v], (2, 1)=[◢, >, ^, ^, ◢, ^, ◤, <], (3, 7)=[v], (2, 8)=[◥], (0, 6)=[v], (6, 0)=[v], (6, 3)=[v], (3, 0)=[^], (7, 5)=[v]}
18 Jan 2025 22:34:25 GMT Zwierzę poruszyło się z (1, 7) na (2, 8)
18 Jan 2025 22:34:25 GMT Długość listy pozycji: 9
Lista pozycji zwierząt: {(4, 3)=[v], (2, 1)=[◢, >, ^, ^, ◢, ^, ◤, <], (3, 7)=[v], (2, 8)=[◥], (6, 0)=[v], (9, 5)=[◣], (6, 3)=[v], (3, 0)=[^], (7, 5)=[v]}
18 Jan 2025 22:34:25 GMT Zwierzę poruszyło się z (0, 6) na (9, 5)
18 Jan 2025 22:34:25 GMT Długość listy pozycji: 10
Lista pozycji zwierząt: {(4, 3)=[v], (2, 1)=[◢, >, ^, ◢, v, ◤, <], (3, 7)=[v], (2, 8)=[◥], (6, 0)=[v], (9, 5)=[◣], (6, 3)=[v], (3, 0)=[^], (2, 0)=[v], (7, 5)=[v]}
18 Jan 2025 22:34:25 GMT Zwierzę poruszyło się z (2, 1) na (2, 0)
18 Jan 2025 22:34:25 GMT Długość listy pozycji: 10
Lista pozycji zwierząt: {(4, 3)=[v], (2, 1)=[◢, >, ^, ◢, v, ◤, <], (3, 7)=[v], (2, 8)=[◥], (6, 0)=[v], (7, 2)=[◢], (9, 5)=[◣], (3, 0)=[^], (2, 0)=[v], (7, 5)=[v]}
18 Jan 2025 22:34:25 GMT Zwierzę poruszyło się z (6, 3) na (7, 2)
18 Jan 2025 22:34:25 GMT Długość listy pozycji: 10
Lista pozycji zwierząt: {(4, 3)=[v], (2, 1)=[◢, >, ^, ◢, v, ◤, <], (2, 6)=[◣], (2, 8)=[◥], (6, 0)=[v], (7, 2)=[◢], (9, 5)=[◣], (3, 0)=[^], (2, 0)=[v], (7, 5)=[v]}
18 Jan 2025 22:34:25 GMT Zwierzę poruszyło się z (3, 7) na (2, 6)
18 Jan 2025 22:34:26 GMT Długość listy pozycji: 10
Lista pozycji zwierząt: {(4, 3)=[v], (2, 1)=[◢, >, ^, ◢, v, ◤, <], (2, 6)=[◣], (2, 8)=[◥], (6, 0)=[◤], (7, 2)=[◢], (9, 5)=[◣], (3, 0)=[^], (2, 0)=[v], (7, 5)=[v]}
18 Jan 2025 22:34:26 GMT Zwierzę poruszyło się z (6, 0) na (6, 0)
18 Jan 2025 22:34:26 GMT Długość listy pozycji: 10
Lista pozycji zwierząt: {(2, 1)=[◢, >, ^, ◢, v, ◤, <], (3, 4)=[◤], (2, 6)=[◣], (2, 8)=[◥], (6, 0)=[◤], (7, 2)=[◢], (9, 5)=[◣], (3, 0)=[^], (2, 0)=[v], (7, 5)=[v]}
18 Jan 2025 22:34:26 GMT Zwierzę poruszyło się z (4, 3) na (3, 4)
18 Jan 2025 22:34:26 GMT Długość listy pozycji: 10
Lista pozycji zwierząt: {(2, 1)=[◢, >, ^, ◢, v, ◤, <], (6, 6)=[◤], (3, 4)=[◤], (2, 6)=[◣], (2, 8)=[◥], (6, 0)=[◤], (7, 2)=[◢], (9, 5)=[◣], (3, 0)=[^], (2, 0)=[v]}
18 Jan 2025 22:34:26 GMT Zwierzę poruszyło się z (7, 5) na (6, 6)
18 Jan 2025 22:34:26 GMT Długość listy pozycji: 9
Lista pozycji zwierząt: {(2, 1)=[◢, >, ^, ◢, v, ◤, <], (6, 6)=[◤], (3, 4)=[◤], (2, 6)=[◣], (2, 8)=[◥], (6, 0)=[◤], (7, 2)=[◢], (9, 5)=[◣], (2, 0)=[<, v]}
18 Jan 2025 22:34:26 GMT Zwierzę poruszyło się z (3, 0) na (2, 0)
18 Jan 2025 22:34:26 GMT Zwierze zostało położone na (2, 1)
18 Jan 2025 22:34:26 GMT Urodziło się nowe zwierzę na (2, 1)
18 Jan 2025 22:34:26 GMT Zwierze zostało położone na (2, 0)
18 Jan 2025 22:34:26 GMT Urodziło się nowe zwierzę na (2, 0)
18 Jan 2025 22:34:26 GMT Roślinka wyrosła na null
18 Jan 2025 22:34:26 GMT Roślinka wyrosła na null
18 Jan 2025 22:34:26 GMT Roślinka wyrosła na null
18 Jan 2025 22:34:26 GMT Roślinka wyrosła na null
18 Jan 2025 22:34:26 GMT Roślinka wyrosła na null
18 Jan 2025 22:34:26 GMT Roślinka wyrosła na null
18 Jan 2025 22:34:26 GMT Roślinka wyrosła na null
18 Jan 2025 22:34:26 GMT Roślinka wyrosła na null
18 Jan 2025 22:34:26 GMT Roślinka wyrosła na null
18 Jan 2025 22:34:26 GMT Roślinka wyrosła na null
18 Jan 2025 22:34:27 GMT Długość listy pozycji: 9
Lista pozycji zwierząt: {(2, 1)=[v, ◢, >, ^, ◢, v, ◤, <], (6, 6)=[◤], (3, 4)=[◤], (2, 6)=[◣], (1, 8)=[<], (6, 0)=[◤], (7, 2)=[◢], (9, 5)=[◣], (2, 0)=[◢, <, v]}
18 Jan 2025 22:34:27 GMT Zwierzę poruszyło się z (2, 8) na (1, 8)
18 Jan 2025 22:34:27 GMT Długość listy pozycji: 9
Lista pozycji zwierząt: {(2, 1)=[v, ◢, >, ^, ◢, v, ◤, <], (6, 6)=[◤], (3, 4)=[◤], (2, 6)=[◣], (1, 8)=[<], (6, 0)=[◤], (7, 2)=[◢], (8, 5)=[<], (2, 0)=[◢, <, v]}
18 Jan 2025 22:34:27 GMT Zwierzę poruszyło się z (9, 5) na (8, 5)
18 Jan 2025 22:34:27 GMT Długość listy pozycji: 9
Lista pozycji zwierząt: {(2, 1)=[v, ^, ◢, >, ^, ◢, ^, ◤, <], (6, 6)=[◤], (3, 4)=[◤], (2, 6)=[◣], (1, 8)=[<], (6, 0)=[◤], (7, 2)=[◢], (8, 5)=[<], (2, 0)=[◢, <]}
18 Jan 2025 22:34:27 GMT Zwierzę poruszyło się z (2, 0) na (2, 1)
18 Jan 2025 22:34:27 GMT Długość listy pozycji: 9
Lista pozycji zwierząt: {(2, 1)=[v, ^, ◢, >, ^, ◢, ^, ◤, <], (6, 6)=[◤], (3, 4)=[◤], (2, 6)=[◣], (1, 8)=[<], (8, 2)=[>], (6, 0)=[◤], (8, 5)=[<], (2, 0)=[◢, <]}
18 Jan 2025 22:34:27 GMT Zwierzę poruszyło się z (7, 2) na (8, 2)
18 Jan 2025 22:34:27 GMT Długość listy pozycji: 9
Lista pozycji zwierząt: {(2, 1)=[v, ^, ◢, >, ^, ◢, ^, ◤, <], (6, 6)=[◤], (3, 4)=[◤], (1, 6)=[<], (1, 8)=[<], (8, 2)=[>], (6, 0)=[◤], (8, 5)=[<], (2, 0)=[◢, <]}
18 Jan 2025 22:34:27 GMT Zwierzę poruszyło się z (2, 6) na (1, 6)
18 Jan 2025 22:34:27 GMT Długość listy pozycji: 9
Lista pozycji zwierząt: {(2, 1)=[v, ^, ◢, >, ^, ◢, ^, ◤, <], (6, 6)=[◤], (3, 4)=[◤], (1, 6)=[<], (1, 8)=[<], (8, 2)=[>], (5, 0)=[<], (8, 5)=[<], (2, 0)=[◢, <]}
18 Jan 2025 22:34:27 GMT Zwierzę poruszyło się z (6, 0) na (5, 0)
18 Jan 2025 22:34:27 GMT Długość listy pozycji: 9
Lista pozycji zwierząt: {(2, 1)=[v, ^, ◢, >, ^, ◢, ^, ◤, <], (4, 4)=[>], (6, 6)=[◤], (1, 6)=[<], (1, 8)=[<], (8, 2)=[>], (5, 0)=[<], (8, 5)=[<], (2, 0)=[◢, <]}
18 Jan 2025 22:34:27 GMT Zwierzę poruszyło się z (3, 4) na (4, 4)
18 Jan 2025 22:34:27 GMT Długość listy pozycji: 9
Lista pozycji zwierząt: {(7, 6)=[>], (2, 1)=[v, ^, ◢, >, ^, ◢, ^, ◤, <], (4, 4)=[>], (1, 6)=[<], (1, 8)=[<], (8, 2)=[>], (5, 0)=[<], (8, 5)=[<], (2, 0)=[◢, <]}
18 Jan 2025 22:34:27 GMT Zwierzę poruszyło się z (6, 6) na (7, 6)
18 Jan 2025 22:34:28 GMT Długość listy pozycji: 9
Lista pozycji zwierząt: {(7, 6)=[>], (2, 1)=[v, ^, ◢, >, ^, ◢, ^, ◤, <], (4, 4)=[>], (1, 6)=[<], (1, 8)=[<], (8, 2)=[>], (5, 0)=[<], (8, 5)=[<], (2, 0)=[◢, ^]}
18 Jan 2025 22:34:28 GMT Zwierzę poruszyło się z (2, 0) na (2, 0)
18 Jan 2025 22:34:28 GMT Zwierzę zjadło roślinkę na (8, 2)
18 Jan 2025 22:34:28 GMT Zwierzę zjadło roślinkę na (5, 0)
18 Jan 2025 22:34:28 GMT Zwierze zostało położone na (2, 1)
18 Jan 2025 22:34:28 GMT Urodziło się nowe zwierzę na (2, 1)
18 Jan 2025 22:34:28 GMT Zwierze zostało położone na (2, 0)
18 Jan 2025 22:34:28 GMT Urodziło się nowe zwierzę na (2, 0)
18 Jan 2025 22:34:28 GMT Roślinka wyrosła na null
18 Jan 2025 22:34:28 GMT Roślinka wyrosła na null
18 Jan 2025 22:34:28 GMT Roślinka wyrosła na null
18 Jan 2025 22:34:28 GMT Roślinka wyrosła na null
18 Jan 2025 22:34:28 GMT Roślinka wyrosła na null
18 Jan 2025 22:34:28 GMT Roślinka wyrosła na null
18 Jan 2025 22:34:28 GMT Roślinka wyrosła na null
18 Jan 2025 22:34:28 GMT Roślinka wyrosła na null
18 Jan 2025 22:34:28 GMT Roślinka wyrosła na null
18 Jan 2025 22:34:28 GMT Roślinka wyrosła na null
18 Jan 2025 22:34:28 GMT Długość listy pozycji: 9
Lista pozycji zwierząt: {(7, 6)=[>], (2, 1)=[<, v, ^, ◢, >, ^, ◢, ^, ◤, <], (4, 4)=[>], (2, 7)=[◢], (1, 6)=[<], (8, 2)=[>], (5, 0)=[<], (8, 5)=[<], (2, 0)=[◥, ◢, ^]}
18 Jan 2025 22:34:28 GMT Zwierzę poruszyło się z (1, 8) na (2, 7)
18 Jan 2025 22:34:28 GMT Długość listy pozycji: 8
Lista pozycji zwierząt: {(7, 6)=[◤, >], (2, 1)=[<, v, ^, ◢, >, ^, ◢, ^, ◤, <], (4, 4)=[>], (2, 7)=[◢], (1, 6)=[<], (8, 2)=[>], (5, 0)=[<], (2, 0)=[◥, ◢, ^]}
18 Jan 2025 22:34:28 GMT Zwierzę poruszyło się z (8, 5) na (7, 6)
18 Jan 2025 22:34:29 GMT Długość listy pozycji: 8
Lista pozycji zwierząt: {(7, 6)=[◤, >], (2, 1)=[<, v, ◢, >, ^, ◢, v, ◤, <], (4, 4)=[>], (2, 7)=[◢], (1, 6)=[<], (8, 2)=[>], (5, 0)=[<], (2, 0)=[◥, v, ◢, ^]}
18 Jan 2025 22:34:29 GMT Zwierzę poruszyło się z (2, 1) na (2, 0)
18 Jan 2025 22:34:29 GMT Długość listy pozycji: 8
Lista pozycji zwierząt: {(7, 6)=[◤, >], (2, 1)=[<, v, ◢, >, ^, ◢, v, ◤, <], (4, 4)=[>], (2, 7)=[◢], (1, 6)=[<], (9, 3)=[◥], (5, 0)=[<], (2, 0)=[◥, v, ◢, ^]}
18 Jan 2025 22:34:29 GMT Zwierzę poruszyło się z (8, 2) na (9, 3)
18 Jan 2025 22:34:29 GMT Długość listy pozycji: 8
Lista pozycji zwierząt: {(7, 6)=[◤, >], (2, 1)=[<, v, ◢, >, ^, ◢, v, ◤, <], (4, 4)=[>], (2, 7)=[◢], (0, 7)=[◤], (9, 3)=[◥], (5, 0)=[<], (2, 0)=[◥, v, ◢, ^]}
18 Jan 2025 22:34:29 GMT Zwierzę poruszyło się z (1, 6) na (0, 7)
18 Jan 2025 22:34:29 GMT Długość listy pozycji: 8
Lista pozycji zwierząt: {(7, 6)=[◤, >], (2, 1)=[<, v, ◢, >, ^, ◢, v, ◤, <], (4, 4)=[>], (2, 7)=[◢], (0, 7)=[◤], (9, 3)=[◥], (5, 0)=[◥], (2, 0)=[◥, v, ◢, ^]}
18 Jan 2025 22:34:29 GMT Zwierzę poruszyło się z (5, 0) na (5, 0)
18 Jan 2025 22:34:29 GMT Długość listy pozycji: 8
Lista pozycji zwierząt: {(7, 6)=[◤, >], (2, 1)=[<, v, ◢, >, ^, ◢, v, ◤, <], (3, 3)=[◣], (2, 7)=[◢], (0, 7)=[◤], (9, 3)=[◥], (5, 0)=[◥], (2, 0)=[◥, v, ◢, ^]}
18 Jan 2025 22:34:29 GMT Zwierzę poruszyło się z (4, 4) na (3, 3)
18 Jan 2025 22:34:29 GMT Długość listy pozycji: 9
Lista pozycji zwierząt: {(6, 5)=[◣], (7, 6)=[◤], (2, 1)=[<, v, ◢, >, ^, ◢, v, ◤, <], (3, 3)=[◣], (2, 7)=[◢], (0, 7)=[◤], (9, 3)=[◥], (5, 0)=[◥], (2, 0)=[◥, v, ◢, ^]}
18 Jan 2025 22:34:29 GMT Zwierzę poruszyło się z (7, 6) na (6, 5)
18 Jan 2025 22:34:29 GMT Długość listy pozycji: 10
Lista pozycji zwierząt: {(1, 0)=[<], (6, 5)=[◣], (7, 6)=[◤], (2, 1)=[<, v, ◢, >, ^, ◢, v, ◤, <], (3, 3)=[◣], (2, 7)=[◢], (0, 7)=[◤], (9, 3)=[◥], (5, 0)=[◥], (2, 0)=[◥, v, ◢, <]}
18 Jan 2025 22:34:29 GMT Zwierzę poruszyło się z (2, 0) na (1, 0)
18 Jan 2025 22:34:29 GMT Zwierzę zjadło roślinkę na (1, 0)
18 Jan 2025 22:34:29 GMT Zwierzę zjadło roślinkę na (9, 3)
18 Jan 2025 22:34:29 GMT Zwierze zostało położone na (2, 1)
18 Jan 2025 22:34:29 GMT Urodziło się nowe zwierzę na (2, 1)
18 Jan 2025 22:34:30 GMT Zwierze zostało położone na (2, 0)
18 Jan 2025 22:34:30 GMT Urodziło się nowe zwierzę na (2, 0)
18 Jan 2025 22:34:30 GMT Roślinka wyrosła na null
18 Jan 2025 22:34:30 GMT Roślinka wyrosła na null
18 Jan 2025 22:34:30 GMT Roślinka wyrosła na null
18 Jan 2025 22:34:30 GMT Roślinka wyrosła na null
18 Jan 2025 22:34:30 GMT Roślinka wyrosła na null
18 Jan 2025 22:34:30 GMT Roślinka wyrosła na null
18 Jan 2025 22:34:30 GMT Roślinka wyrosła na null
18 Jan 2025 22:34:30 GMT Roślinka wyrosła na null
18 Jan 2025 22:34:30 GMT Roślinka wyrosła na null
18 Jan 2025 22:34:30 GMT Roślinka wyrosła na null
18 Jan 2025 22:34:30 GMT Długość listy pozycji: 10
Lista pozycji zwierząt: {(1, 0)=[<], (6, 5)=[◣], (7, 6)=[◤], (2, 1)=[>, <, v, ◢, >, ^, ◢, v, ◤, <], (3, 3)=[◣], (2, 8)=[^], (0, 7)=[◤], (9, 3)=[◥], (5, 0)=[◥], (2, 0)=[◤, ◥, v, ◢, <]}
18 Jan 2025 22:34:30 GMT Zwierzę poruszyło się z (2, 7) na (2, 8)
18 Jan 2025 22:34:30 GMT Długość listy pozycji: 10
Lista pozycji zwierząt: {(1, 0)=[<], (6, 5)=[◣], (2, 1)=[>, <, v, ◢, >, ^, ◢, v, ◤, <], (7, 7)=[^], (3, 3)=[◣], (2, 8)=[^], (0, 7)=[◤], (9, 3)=[◥], (5, 0)=[◥], (2, 0)=[◤, ◥, v, ◢, <]}
18 Jan 2025 22:34:30 GMT Zwierzę poruszyło się z (7, 6) na (7, 7)
18 Jan 2025 22:34:30 GMT Długość listy pozycji: 10
Lista pozycji zwierząt: {(1, 0)=[<], (6, 5)=[◣], (2, 1)=[>, ^, <, v, ◢, >, ^, ◢, ^, ◤, <], (7, 7)=[^], (3, 3)=[◣], (2, 8)=[^], (0, 7)=[◤], (9, 3)=[◥], (5, 0)=[◥], (2, 0)=[◤, ◥, ^, ◢, <]}
18 Jan 2025 22:34:30 GMT Zwierzę poruszyło się z (2, 0) na (2, 1)
18 Jan 2025 22:34:30 GMT Długość listy pozycji: 10
Lista pozycji zwierząt: {(1, 0)=[<], (6, 5)=[◣], (2, 1)=[>, ^, <, v, ◢, >, ^, ◢, ^, ◤, <], (7, 7)=[^], (3, 3)=[◣], (2, 8)=[^], (0, 7)=[◤], (9, 4)=[^], (5, 0)=[◥], (2, 0)=[◤, ◥, ^, ◢, <]}
18 Jan 2025 22:34:30 GMT Zwierzę poruszyło się z (9, 3) na (9, 4)
18 Jan 2025 22:34:30 GMT Długość listy pozycji: 10
Lista pozycji zwierząt: {(1, 0)=[<], (6, 5)=[◣], (2, 1)=[>, ^, <, v, ◢, >, ^, ◢, ^, ◤, <], (7, 7)=[^], (3, 3)=[◣], (2, 8)=[^], (0, 8)=[^], (9, 4)=[^], (5, 0)=[◥], (2, 0)=[◤, ◥, ^, ◢, <]}
18 Jan 2025 22:34:30 GMT Zwierzę poruszyło się z (0, 7) na (0, 8)
18 Jan 2025 22:34:30 GMT Długość listy pozycji: 10
Lista pozycji zwierząt: {(1, 0)=[<], (6, 5)=[◣], (2, 1)=[>, ^, <, v, ◢, >, ^, ◢, ^, ◤, <], (7, 7)=[^], (3, 3)=[◣], (2, 8)=[^], (0, 8)=[^], (9, 4)=[^], (5, 1)=[^], (2, 0)=[◤, ◥, ^, ◢, <]}
18 Jan 2025 22:34:30 GMT Zwierzę poruszyło się z (5, 0) na (5, 1)
18 Jan 2025 22:34:31 GMT Długość listy pozycji: 10
Lista pozycji zwierząt: {(1, 0)=[<], (6, 5)=[◣], (2, 1)=[>, ^, <, v, ◢, >, ^, ◢, ^, ◤, <], (7, 7)=[^], (3, 4)=[^], (2, 8)=[^], (0, 8)=[^], (9, 4)=[^], (5, 1)=[^], (2, 0)=[◤, ◥, ^, ◢, <]}
18 Jan 2025 22:34:31 GMT Zwierzę poruszyło się z (3, 3) na (3, 4)
18 Jan 2025 22:34:31 GMT Długość listy pozycji: 10
Lista pozycji zwierząt: {(1, 0)=[<], (2, 1)=[>, ^, <, v, ◢, >, ^, ◢, ^, ◤, <], (6, 6)=[^], (7, 7)=[^], (3, 4)=[^], (2, 8)=[^], (0, 8)=[^], (9, 4)=[^], (5, 1)=[^], (2, 0)=[◤, ◥, ^, ◢, <]}
18 Jan 2025 22:34:31 GMT Zwierzę poruszyło się z (6, 5) na (6, 6)
18 Jan 2025 22:34:31 GMT Długość listy pozycji: 10
Lista pozycji zwierząt: {(1, 0)=[^], (2, 1)=[>, ^, <, v, ◢, >, ^, ◢, ^, ◤, <], (6, 6)=[^], (7, 7)=[^], (3, 4)=[^], (2, 8)=[^], (0, 8)=[^], (9, 4)=[^], (5, 1)=[^], (2, 0)=[◤, ◥, ^, ◢, ^]}
18 Jan 2025 22:34:31 GMT Zwierzę poruszyło się z (1, 0) na (1, 0)
18 Jan 2025 22:34:31 GMT Zwierzę zjadło roślinkę na (5, 1)
18 Jan 2025 22:34:31 GMT Zwierze zostało położone na (2, 1)
18 Jan 2025 22:34:31 GMT Urodziło się nowe zwierzę na (2, 1)
18 Jan 2025 22:34:31 GMT Zwierze zostało położone na (2, 0)
18 Jan 2025 22:34:31 GMT Urodziło się nowe zwierzę na (2, 0)
18 Jan 2025 22:34:31 GMT Roślinka wyrosła na null
18 Jan 2025 22:34:31 GMT Roślinka wyrosła na null
18 Jan 2025 22:34:31 GMT Roślinka wyrosła na null
18 Jan 2025 22:34:31 GMT Roślinka wyrosła na null
18 Jan 2025 22:34:31 GMT Roślinka wyrosła na null
18 Jan 2025 22:34:31 GMT Roślinka wyrosła na null
18 Jan 2025 22:34:31 GMT Roślinka wyrosła na null
18 Jan 2025 22:34:31 GMT Roślinka wyrosła na null
18 Jan 2025 22:34:31 GMT Roślinka wyrosła na null
18 Jan 2025 22:34:31 GMT Roślinka wyrosła na null
18 Jan 2025 22:34:32 GMT Długość listy pozycji: 10
Lista pozycji zwierząt: {(1, 0)=[^], (2, 1)=[v, >, ^, <, v, ◢, >, ^, ◢, ^, ◤, <], (6, 6)=[^], (7, 7)=[^], (3, 4)=[^], (1, 7)=[◣], (0, 8)=[^], (9, 4)=[^], (5, 1)=[^], (2, 0)=[◢, ◤, ◥, ^, ◢, ^]}
18 Jan 2025 22:34:32 GMT Zwierzę poruszyło się z (2, 8) na (1, 7)
18 Jan 2025 22:34:32 GMT Długość listy pozycji: 10
Lista pozycji zwierząt: {(1, 0)=[^], (2, 1)=[v, >, ^, <, v, ◢, >, ^, ◢, ^, ◤, <], (8, 8)=[◥], (6, 6)=[^], (3, 4)=[^], (1, 7)=[◣], (0, 8)=[^], (9, 4)=[^], (5, 1)=[^], (2, 0)=[◢, ◤, ◥, ^, ◢, ^]}
18 Jan 2025 22:34:32 GMT Zwierzę poruszyło się z (7, 7) na (8, 8)
18 Jan 2025 22:34:32 GMT Długość listy pozycji: 10
Lista pozycji zwierząt: {(1, 0)=[^], (2, 1)=[v, >, <, v, ◢, >, ^, ◢, v, ◤, <], (8, 8)=[◥], (6, 6)=[^], (3, 4)=[^], (1, 7)=[◣], (0, 8)=[^], (9, 4)=[^], (5, 1)=[^], (2, 0)=[◢, v, ◤, ◥, v, ◢, ^]}
18 Jan 2025 22:34:32 GMT Zwierzę poruszyło się z (2, 1) na (2, 0)
18 Jan 2025 22:34:32 GMT Długość listy pozycji: 10
Lista pozycji zwierząt: {(1, 0)=[^], (2, 1)=[v, >, <, v, ◢, >, ^, ◢, v, ◤, <], (8, 8)=[◥], (6, 6)=[^], (3, 4)=[^], (1, 7)=[◣], (0, 8)=[^], (5, 1)=[^], (8, 5)=[◤], (2, 0)=[◢, v, ◤, ◥, v, ◢, ^]}
18 Jan 2025 22:34:32 GMT Zwierzę poruszyło się z (9, 4) na (8, 5)
18 Jan 2025 22:34:32 GMT Długość listy pozycji: 10
Lista pozycji zwierząt: {(1, 0)=[^], (2, 1)=[v, >, <, v, ◢, >, ^, ◢, v, ◤, <], (8, 8)=[◥], (6, 6)=[^], (3, 4)=[^], (1, 7)=[◣], (1, 9)=[◥], (5, 1)=[^], (8, 5)=[◤], (2, 0)=[◢, v, ◤, ◥, v, ◢, ^]}
18 Jan 2025 22:34:32 GMT Zwierzę poruszyło się z (0, 8) na (1, 9)
18 Jan 2025 22:34:32 GMT Długość listy pozycji: 10
Lista pozycji zwierząt: {(1, 0)=[^], (2, 1)=[v, >, <, v, ◢, >, ^, ◢, v, ◤, <], (8, 8)=[◥], (6, 6)=[^], (3, 4)=[^], (1, 7)=[◣], (1, 9)=[◥], (8, 5)=[◤], (4, 2)=[◤], (2, 0)=[◢, v, ◤, ◥, v, ◢, ^]}
18 Jan 2025 22:34:32 GMT Zwierzę poruszyło się z (5, 1) na (4, 2)
18 Jan 2025 22:34:32 GMT Długość listy pozycji: 10
Lista pozycji zwierząt: {(4, 3)=[◢], (1, 0)=[^], (2, 1)=[v, >, <, v, ◢, >, ^, ◢, v, ◤, <], (8, 8)=[◥], (6, 6)=[^], (1, 7)=[◣], (1, 9)=[◥], (8, 5)=[◤], (4, 2)=[◤], (2, 0)=[◢, v, ◤, ◥, v, ◢, ^]}
18 Jan 2025 22:34:32 GMT Zwierzę poruszyło się z (3, 4) na (4, 3)
18 Jan 2025 22:34:32 GMT Długość listy pozycji: 10
Lista pozycji zwierząt: {(4, 3)=[◢], (1, 0)=[^], (2, 1)=[v, >, <, v, ◢, >, ^, ◢, v, ◤, <], (8, 8)=[◥], (1, 7)=[◣], (1, 9)=[◥], (8, 5)=[◤], (7, 5)=[◢], (4, 2)=[◤], (2, 0)=[◢, v, ◤, ◥, v, ◢, ^]}
18 Jan 2025 22:34:32 GMT Zwierzę poruszyło się z (6, 6) na (7, 5)
18 Jan 2025 22:34:32 GMT Długość listy pozycji: 10
Lista pozycji zwierząt: {(4, 3)=[◢], (2, 1)=[v, >, <, v, ◢, >, ^, ◢, v, ◤, <], (0, 0)=[<], (8, 8)=[◥], (1, 7)=[◣], (1, 9)=[◥], (8, 5)=[◤], (7, 5)=[◢], (4, 2)=[◤], (2, 0)=[◢, v, ◤, ◥, v, ◢, <]}
18 Jan 2025 22:34:32 GMT Zwierzę poruszyło się z (1, 0) na (0, 0)
18 Jan 2025 22:34:33 GMT Zwierzę zjadło roślinkę na (0, 0)
18 Jan 2025 22:34:33 GMT Zwierzę zjadło roślinkę na (4, 2)
18 Jan 2025 22:34:33 GMT Zwierze zostało położone na (2, 1)
18 Jan 2025 22:34:33 GMT Urodziło się nowe zwierzę na (2, 1)
18 Jan 2025 22:34:33 GMT Zwierze zostało położone na (2, 0)
18 Jan 2025 22:34:33 GMT Urodziło się nowe zwierzę na (2, 0)
18 Jan 2025 22:34:33 GMT Roślinka wyrosła na null
18 Jan 2025 22:34:33 GMT Roślinka wyrosła na null
18 Jan 2025 22:34:33 GMT Roślinka wyrosła na null
18 Jan 2025 22:34:33 GMT Roślinka wyrosła na null
18 Jan 2025 22:34:33 GMT Roślinka wyrosła na null
18 Jan 2025 22:34:33 GMT Roślinka wyrosła na null
18 Jan 2025 22:34:33 GMT Roślinka wyrosła na null
18 Jan 2025 22:34:33 GMT Roślinka wyrosła na null
18 Jan 2025 22:34:33 GMT Roślinka wyrosła na null
18 Jan 2025 22:34:33 GMT Roślinka wyrosła na null
18 Jan 2025 22:34:33 GMT Długość listy pozycji: 10
Lista pozycji zwierząt: {(4, 3)=[◢], (2, 1)=[◤, v, >, <, v, ◢, >, ^, ◢, v, ◤, <], (0, 0)=[<], (8, 8)=[◥], (2, 7)=[>], (1, 9)=[◥], (8, 5)=[◤], (7, 5)=[◢], (4, 2)=[◤], (2, 0)=[◤, ◢, v, ◤, ◥, v, ◢, <]}
18 Jan 2025 22:34:33 GMT Zwierzę poruszyło się z (1, 7) na (2, 7)
18 Jan 2025 22:34:33 GMT Długość listy pozycji: 10
Lista pozycji zwierząt: {(9, 8)=[>], (4, 3)=[◢], (2, 1)=[◤, v, >, <, v, ◢, >, ^, ◢, v, ◤, <], (0, 0)=[<], (2, 7)=[>], (1, 9)=[◥], (8, 5)=[◤], (7, 5)=[◢], (4, 2)=[◤], (2, 0)=[◤, ◢, v, ◤, ◥, v, ◢, <]}
18 Jan 2025 22:34:33 GMT Zwierzę poruszyło się z (8, 8) na (9, 8)
18 Jan 2025 22:34:33 GMT Długość listy pozycji: 10
Lista pozycji zwierząt: {(9, 8)=[>], (4, 3)=[◢], (2, 1)=[◤, ^, v, >, <, v, ◢, >, ^, ◢, ^, ◤, <], (0, 0)=[<], (2, 7)=[>], (1, 9)=[◥], (8, 5)=[◤], (7, 5)=[◢], (4, 2)=[◤], (2, 0)=[◤, ◢, ◤, ◥, ^, ◢, <]}
18 Jan 2025 22:34:33 GMT Zwierzę poruszyło się z (2, 0) na (2, 1)
18 Jan 2025 22:34:33 GMT Długość listy pozycji: 9
Lista pozycji zwierząt: {(9, 8)=[>], (4, 3)=[◢], (2, 1)=[◤, ^, v, >, <, v, ◢, >, ^, ◢, ^, ◤, <], (0, 0)=[<], (2, 7)=[>], (1, 9)=[◥], (7, 5)=[<, ◢], (4, 2)=[◤], (2, 0)=[◤, ◢, ◤, ◥, ^, ◢, <]}
18 Jan 2025 22:34:33 GMT Zwierzę poruszyło się z (8, 5) na (7, 5)
18 Jan 2025 22:34:34 GMT Długość listy pozycji: 9
Lista pozycji zwierząt: {(9, 8)=[>], (4, 3)=[◢], (2, 1)=[◤, ^, v, >, <, v, ◢, >, ^, ◢, ^, ◤, <], (0, 0)=[<], (2, 7)=[>], (2, 9)=[>], (7, 5)=[<, ◢], (4, 2)=[◤], (2, 0)=[◤, ◢, ◤, ◥, ^, ◢, <]}
18 Jan 2025 22:34:34 GMT Zwierzę poruszyło się z (1, 9) na (2, 9)
18 Jan 2025 22:34:34 GMT Długość listy pozycji: 9
Lista pozycji zwierząt: {(3, 2)=[<], (9, 8)=[>], (4, 3)=[◢], (2, 1)=[◤, ^, v, >, <, v, ◢, >, ^, ◢, ^, ◤, <], (0, 0)=[<], (2, 7)=[>], (2, 9)=[>], (7, 5)=[<, ◢], (2, 0)=[◤, ◢, ◤, ◥, ^, ◢, <]}
18 Jan 2025 22:34:34 GMT Zwierzę poruszyło się z (4, 2) na (3, 2)
18 Jan 2025 22:34:34 GMT Długość listy pozycji: 9
Lista pozycji zwierząt: {(3, 2)=[<], (9, 8)=[>], (2, 1)=[◤, ^, v, >, <, v, ◢, >, ^, ◢, ^, ◤, <], (3, 3)=[<], (0, 0)=[<], (2, 7)=[>], (2, 9)=[>], (7, 5)=[<, ◢], (2, 0)=[◤, ◢, ◤, ◥, ^, ◢, <]}
18 Jan 2025 22:34:34 GMT Zwierzę poruszyło się z (4, 3) na (3, 3)
18 Jan 2025 22:34:34 GMT Długość listy pozycji: 10
Lista pozycji zwierząt: {(6, 5)=[<], (3, 2)=[<], (9, 8)=[>], (2, 1)=[◤, ^, v, >, <, v, ◢, >, ^, ◢, ^, ◤, <], (3, 3)=[<], (0, 0)=[<], (2, 7)=[>], (2, 9)=[>], (7, 5)=[<], (2, 0)=[◤, ◢, ◤, ◥, ^, ◢, <]}
18 Jan 2025 22:34:34 GMT Zwierzę poruszyło się z (7, 5) na (6, 5)
18 Jan 2025 22:34:34 GMT Długość listy pozycji: 10
Lista pozycji zwierząt: {(6, 5)=[<], (3, 2)=[<], (9, 8)=[>], (2, 1)=[◤, ^, v, >, <, v, ◢, >, ^, ◢, ^, ◤, <], (3, 3)=[<], (0, 0)=[^], (2, 7)=[>], (2, 9)=[>], (7, 5)=[<], (2, 0)=[◤, ◢, ◤, ◥, ^, ◢, ^]}
18 Jan 2025 22:34:34 GMT Zwierzę poruszyło się z (0, 0) na (0, 0)
18 Jan 2025 22:34:34 GMT Zwierzę zjadło roślinkę na (3, 2)
18 Jan 2025 22:34:34 GMT Zwierze zostało położone na (2, 1)
18 Jan 2025 22:34:34 GMT Urodziło się nowe zwierzę na (2, 1)
18 Jan 2025 22:34:34 GMT Zwierze zostało położone na (2, 0)
18 Jan 2025 22:34:34 GMT Urodziło się nowe zwierzę na (2, 0)
18 Jan 2025 22:34:34 GMT Roślinka wyrosła na null
18 Jan 2025 22:34:34 GMT Roślinka wyrosła na null
18 Jan 2025 22:34:34 GMT Roślinka wyrosła na null
18 Jan 2025 22:34:34 GMT Roślinka wyrosła na null
18 Jan 2025 22:34:35 GMT Roślinka wyrosła na null
18 Jan 2025 22:34:35 GMT Roślinka wyrosła na null
18 Jan 2025 22:34:35 GMT Roślinka wyrosła na null
18 Jan 2025 22:34:35 GMT Roślinka wyrosła na null
18 Jan 2025 22:34:35 GMT Roślinka wyrosła na null
18 Jan 2025 22:34:35 GMT Roślinka wyrosła na null
18 Jan 2025 22:34:35 GMT Długość listy pozycji: 10
Lista pozycji zwierząt: {(6, 5)=[<], (3, 2)=[<], (9, 8)=[>], (2, 1)=[<, ◤, ^, v, >, <, v, ◢, >, ^, ◢, ^, ◤, <], (3, 3)=[<], (0, 0)=[^], (1, 8)=[◤], (2, 9)=[>], (7, 5)=[<], (2, 0)=[◤, ◤, ◢, ◤, ◥, ^, ◢, ^]}
18 Jan 2025 22:34:35 GMT Zwierzę poruszyło się z (2, 7) na (1, 8)
18 Jan 2025 22:34:35 GMT Długość listy pozycji: 10
Lista pozycji zwierząt: {(6, 5)=[<], (3, 2)=[<], (2, 1)=[<, ◤, ^, v, >, <, v, ◢, >, ^, ◢, ^, ◤, <], (3, 3)=[<], (0, 0)=[^], (0, 7)=[◢], (1, 8)=[◤], (2, 9)=[>], (7, 5)=[<], (2, 0)=[◤, ◤, ◢, ◤, ◥, ^, ◢, ^]}
18 Jan 2025 22:34:35 GMT Zwierzę poruszyło się z (9, 8) na (0, 7)
18 Jan 2025 22:34:35 GMT Długość listy pozycji: 10
Lista pozycji zwierząt: {(6, 5)=[<], (3, 2)=[<], (2, 1)=[<, ◤, v, >, <, v, ◢, >, ^, ◢, v, ◤, <], (3, 3)=[<], (0, 0)=[^], (0, 7)=[◢], (1, 8)=[◤], (2, 9)=[>], (7, 5)=[<], (2, 0)=[◤, v, ◤, ◢, ◤, ◥, v, ◢, ^]}
18 Jan 2025 22:34:35 GMT Zwierzę poruszyło się z (2, 1) na (2, 0)
18 Jan 2025 22:34:35 GMT Długość listy pozycji: 10
Lista pozycji zwierząt: {(6, 5)=[<], (3, 2)=[<], (2, 1)=[<, ◤, v, >, <, v, ◢, >, ^, ◢, v, ◤, <], (3, 3)=[<], (0, 0)=[^], (0, 7)=[◢], (1, 8)=[◤], (2, 9)=[>], (6, 4)=[◣], (2, 0)=[◤, v, ◤, ◢, ◤, ◥, v, ◢, ^]}
18 Jan 2025 22:34:35 GMT Zwierzę poruszyło się z (7, 5) na (6, 4)
18 Jan 2025 22:34:35 GMT Długość listy pozycji: 10
Lista pozycji zwierząt: {(6, 5)=[<], (3, 2)=[<], (2, 1)=[<, ◤, v, >, <, v, ◢, >, ^, ◢, v, ◤, <], (3, 3)=[<], (0, 0)=[^], (3, 8)=[◢], (0, 7)=[◢], (1, 8)=[◤], (6, 4)=[◣], (2, 0)=[◤, v, ◤, ◢, ◤, ◥, v, ◢, ^]}
18 Jan 2025 22:34:35 GMT Zwierzę poruszyło się z (2, 9) na (3, 8)
18 Jan 2025 22:34:35 GMT Długość listy pozycji: 9
Lista pozycji zwierząt: {(6, 5)=[<], (2, 1)=[◣, <, ◤, v, >, <, v, ◢, >, ^, ◢, v, ◤, <], (3, 3)=[<], (0, 0)=[^], (3, 8)=[◢], (0, 7)=[◢], (1, 8)=[◤], (6, 4)=[◣], (2, 0)=[◤, v, ◤, ◢, ◤, ◥, v, ◢, ^]}
18 Jan 2025 22:34:35 GMT Zwierzę poruszyło się z (3, 2) na (2, 1)
18 Jan 2025 22:34:35 GMT Długość listy pozycji: 9
Lista pozycji zwierząt: {(6, 5)=[<], (2, 1)=[◣, <, ◤, v, >, <, v, ◢, >, ^, ◢, v, ◤, <], (4, 4)=[◥], (0, 0)=[^], (3, 8)=[◢], (0, 7)=[◢], (1, 8)=[◤], (6, 4)=[◣], (2, 0)=[◤, v, ◤, ◢, ◤, ◥, v, ◢, ^]}
18 Jan 2025 22:34:35 GMT Zwierzę poruszyło się z (3, 3) na (4, 4)
18 Jan 2025 22:34:35 GMT Długość listy pozycji: 9
Lista pozycji zwierząt: {(7, 6)=[◥], (2, 1)=[◣, <, ◤, v, >, <, v, ◢, >, ^, ◢, v, ◤, <], (4, 4)=[◥], (0, 0)=[^], (3, 8)=[◢], (0, 7)=[◢], (1, 8)=[◤], (6, 4)=[◣], (2, 0)=[◤, v, ◤, ◢, ◤, ◥, v, ◢, ^]}
18 Jan 2025 22:34:35 GMT Zwierzę poruszyło się z (6, 5) na (7, 6)
18 Jan 2025 22:34:36 GMT Długość listy pozycji: 9
Lista pozycji zwierząt: {(7, 6)=[◥], (2, 1)=[◣, <, ◤, v, >, <, v, ◢, >, ^, ◢, v, ◤, <], (4, 4)=[◥], (3, 8)=[◢], (9, 0)=[<], (0, 7)=[◢], (1, 8)=[◤], (6, 4)=[◣], (2, 0)=[◤, v, ◤, ◢, ◤, ◥, v, ◢, <]}
18 Jan 2025 22:34:36 GMT Zwierzę poruszyło się z (0, 0) na (9, 0)
18 Jan 2025 22:34:36 GMT Zwierze zostało położone na (2, 1)
18 Jan 2025 22:34:36 GMT Urodziło się nowe zwierzę na (2, 1)
18 Jan 2025 22:34:36 GMT Zwierze zostało położone na (2, 0)
18 Jan 2025 22:34:36 GMT Urodziło się nowe zwierzę na (2, 0)
18 Jan 2025 22:34:36 GMT Roślinka wyrosła na null
18 Jan 2025 22:34:36 GMT Roślinka wyrosła na null
18 Jan 2025 22:34:36 GMT Roślinka wyrosła na null
18 Jan 2025 22:34:36 GMT Roślinka wyrosła na null
18 Jan 2025 22:34:36 GMT Roślinka wyrosła na null
18 Jan 2025 22:34:36 GMT Roślinka wyrosła na null
18 Jan 2025 22:34:36 GMT Roślinka wyrosła na null
18 Jan 2025 22:34:36 GMT Roślinka wyrosła na null
18 Jan 2025 22:34:36 GMT Roślinka wyrosła na null
18 Jan 2025 22:34:36 GMT Roślinka wyrosła na null
18 Jan 2025 22:34:36 GMT Długość listy pozycji: 9
Lista pozycji zwierząt: {(7, 6)=[◥], (2, 1)=[◣, <, ◢, ◤, v, >, <, v, ◢, >, ^, ◢, v, ◤, <], (4, 4)=[◥], (3, 8)=[◢], (1, 7)=[v], (9, 0)=[<], (0, 7)=[◢], (6, 4)=[◣], (2, 0)=[◥, ◤, v, ◤, ◢, ◤, ◥, v, ◢, <]}
18 Jan 2025 22:34:36 GMT Zwierzę poruszyło się z (1, 8) na (1, 7)
18 Jan 2025 22:34:36 GMT Długość listy pozycji: 9
Lista pozycji zwierząt: {(7, 6)=[◥], (2, 1)=[◣, <, ◢, ◤, v, >, <, v, ◢, >, ^, ◢, v, ◤, <], (4, 4)=[◥], (3, 8)=[◢], (0, 6)=[v], (1, 7)=[v], (9, 0)=[<], (6, 4)=[◣], (2, 0)=[◥, ◤, v, ◤, ◢, ◤, ◥, v, ◢, <]}
18 Jan 2025 22:34:36 GMT Zwierzę poruszyło się z (0, 7) na (0, 6)
18 Jan 2025 22:34:37 GMT Długość listy pozycji: 9
Lista pozycji zwierząt: {(7, 6)=[◥], (2, 1)=[◣, <, ◢, ^, ◤, v, >, <, v, ◢, >, ^, ◢, ^, ◤, <], (4, 4)=[◥], (3, 8)=[◢], (0, 6)=[v], (1, 7)=[v], (9, 0)=[<], (6, 4)=[◣], (2, 0)=[◥, ◤, ◤, ◢, ◤, ◥, ^, ◢, <]}
18 Jan 2025 22:34:37 GMT Zwierzę poruszyło się z (2, 0) na (2, 1)
18 Jan 2025 22:34:37 GMT Długość listy pozycji: 9
Lista pozycji zwierząt: {(7, 6)=[◥], (2, 1)=[◣, <, ◢, ^, ◤, v, >, <, v, ◢, >, ^, ◢, ^, ◤, <], (4, 4)=[◥], (3, 8)=[◢], (0, 6)=[v], (1, 7)=[v], (9, 0)=[<], (6, 3)=[v], (2, 0)=[◥, ◤, ◤, ◢, ◤, ◥, ^, ◢, <]}
18 Jan 2025 22:34:37 GMT Zwierzę poruszyło się z (6, 4) na (6, 3)
18 Jan 2025 22:34:37 GMT Długość listy pozycji: 9
Lista pozycji zwierząt: {(7, 6)=[◥], (2, 1)=[◣, <, ◢, ^, ◤, v, >, <, v, ◢, >, ^, ◢, ^, ◤, <], (4, 4)=[◥], (3, 7)=[v], (0, 6)=[v], (1, 7)=[v], (9, 0)=[<], (6, 3)=[v], (2, 0)=[◥, ◤, ◤, ◢, ◤, ◥, ^, ◢, <]}
18 Jan 2025 22:34:37 GMT Zwierzę poruszyło się z (3, 8) na (3, 7)
18 Jan 2025 22:34:37 GMT Długość listy pozycji: 9
Lista pozycji zwierząt: {(7, 6)=[◥], (2, 1)=[<, ◢, ^, ◤, v, >, <, v, ◢, >, ^, ◢, ^, ◤, <], (4, 4)=[◥], (3, 7)=[v], (0, 6)=[v], (1, 7)=[v], (9, 0)=[<], (6, 3)=[v], (2, 0)=[v, ◥, ◤, ◤, ◢, ◤, ◥, ^, ◢, <]}
18 Jan 2025 22:34:37 GMT Zwierzę poruszyło się z (2, 1) na (2, 0)
18 Jan 2025 22:34:37 GMT Długość listy pozycji: 9
Lista pozycji zwierząt: {(4, 3)=[v], (7, 6)=[◥], (2, 1)=[<, ◢, ^, ◤, v, >, <, v, ◢, >, ^, ◢, ^, ◤, <], (3, 7)=[v], (0, 6)=[v], (1, 7)=[v], (9, 0)=[<], (6, 3)=[v], (2, 0)=[v, ◥, ◤, ◤, ◢, ◤, ◥, ^, ◢, <]}
18 Jan 2025 22:34:37 GMT Zwierzę poruszyło się z (4, 4) na (4, 3)
18 Jan 2025 22:34:37 GMT Długość listy pozycji: 9
Lista pozycji zwierząt: {(4, 3)=[v], (2, 1)=[<, ◢, ^, ◤, v, >, <, v, ◢, >, ^, ◢, ^, ◤, <], (3, 7)=[v], (0, 6)=[v], (1, 7)=[v], (9, 0)=[<], (6, 3)=[v], (7, 5)=[v], (2, 0)=[v, ◥, ◤, ◤, ◢, ◤, ◥, ^, ◢, <]}
18 Jan 2025 22:34:37 GMT Zwierzę poruszyło się z (7, 6) na (7, 5)
18 Jan 2025 22:34:37 GMT Długość listy pozycji: 9
Lista pozycji zwierząt: {(4, 3)=[v], (2, 1)=[<, ◢, ^, ◤, v, >, <, v, ◢, >, ^, ◢, ^, ◤, <], (3, 7)=[v], (0, 6)=[v], (1, 7)=[v], (9, 0)=[^], (6, 3)=[v], (7, 5)=[v], (2, 0)=[v, ◥, ◤, ◤, ◢, ◤, ◥, ^, ◢, ^]}
18 Jan 2025 22:34:37 GMT Zwierzę poruszyło się z (9, 0) na (9, 0)
18 Jan 2025 22:34:38 GMT Zwierze zostało położone na (2, 1)
18 Jan 2025 22:34:38 GMT Urodziło się nowe zwierzę na (2, 1)
18 Jan 2025 22:34:38 GMT Zwierze zostało położone na (2, 0)
18 Jan 2025 22:34:38 GMT Urodziło się nowe zwierzę na (2, 0)
18 Jan 2025 22:34:38 GMT Roślinka wyrosła na null
18 Jan 2025 22:34:38 GMT Roślinka wyrosła na null
18 Jan 2025 22:34:38 GMT Roślinka wyrosła na null
18 Jan 2025 22:34:38 GMT Roślinka wyrosła na null
18 Jan 2025 22:34:38 GMT Roślinka wyrosła na null
18 Jan 2025 22:34:38 GMT Roślinka wyrosła na null
18 Jan 2025 22:34:38 GMT Roślinka wyrosła na null
18 Jan 2025 22:34:38 GMT Roślinka wyrosła na null
18 Jan 2025 22:34:38 GMT Roślinka wyrosła na null
18 Jan 2025 22:34:38 GMT Roślinka wyrosła na null
18 Jan 2025 22:34:38 GMT Długość listy pozycji: 9
Lista pozycji zwierząt: {(4, 3)=[v], (2, 1)=[<, ◢, <, ^, ◤, v, >, <, v, ◢, >, ^, ◢, ^, ◤, <], (3, 7)=[v], (2, 8)=[◥], (0, 6)=[v], (9, 0)=[^], (6, 3)=[v], (7, 5)=[v], (2, 0)=[v, ◥, <, ◤, ◤, ◢, ◤, ◥, ^, ◢, ^]}
18 Jan 2025 22:34:38 GMT Zwierzę poruszyło się z (1, 7) na (2, 8)
18 Jan 2025 22:34:38 GMT Długość listy pozycji: 9
Lista pozycji zwierząt: {(4, 3)=[v], (2, 1)=[<, ◢, <, ^, ◤, v, >, <, v, ◢, >, ^, ◢, ^, ◤, <], (3, 7)=[v], (2, 8)=[◥], (9, 0)=[^], (9, 5)=[◣], (6, 3)=[v], (7, 5)=[v], (2, 0)=[v, ◥, <, ◤, ◤, ◢, ◤, ◥, ^, ◢, ^]}
18 Jan 2025 22:34:38 GMT Zwierzę poruszyło się z (0, 6) na (9, 5)
18 Jan 2025 22:34:38 GMT Długość listy pozycji: 9
Lista pozycji zwierząt: {(4, 3)=[v], (2, 1)=[<, ◢, <, ◤, v, >, <, v, ◢, >, ^, ◢, v, ◤, <], (3, 7)=[v], (2, 8)=[◥], (9, 0)=[^], (9, 5)=[◣], (6, 3)=[v], (7, 5)=[v], (2, 0)=[v, ◥, <, ◤, ◤, ◢, ◤, ◥, v, ◢, ^, v]}
18 Jan 2025 22:34:38 GMT Zwierzę poruszyło się z (2, 1) na (2, 0)
18 Jan 2025 22:34:38 GMT Długość listy pozycji: 9
Lista pozycji zwierząt: {(4, 3)=[v], (2, 1)=[<, ◢, <, ◤, v, >, <, v, ◢, >, ^, ◢, v, ◤, <], (3, 7)=[v], (2, 8)=[◥], (9, 0)=[^], (7, 2)=[◢], (9, 5)=[◣], (7, 5)=[v], (2, 0)=[v, ◥, <, ◤, ◤, ◢, ◤, ◥, v, ◢, ^, v]}
18 Jan 2025 22:34:38 GMT Zwierzę poruszyło się z (6, 3) na (7, 2)
18 Jan 2025 22:34:38 GMT Długość listy pozycji: 9
Lista pozycji zwierząt: {(4, 3)=[v], (2, 1)=[<, ◢, <, ◤, v, >, <, v, ◢, >, ^, ◢, v, ◤, <], (2, 6)=[◣], (2, 8)=[◥], (9, 0)=[^], (7, 2)=[◢], (9, 5)=[◣], (7, 5)=[v], (2, 0)=[v, ◥, <, ◤, ◤, ◢, ◤, ◥, v, ◢, ^, v]}
18 Jan 2025 22:34:38 GMT Zwierzę poruszyło się z (3, 7) na (2, 6)
18 Jan 2025 22:34:39 GMT Długość listy pozycji: 9
Lista pozycji zwierząt: {(4, 3)=[v], (2, 1)=[<, ◢, <, ◤, v, >, <, v, ◢, >, ^, ◢, v, ◤, <], (2, 6)=[◣], (2, 8)=[◥], (9, 0)=[^], (7, 2)=[◢], (9, 5)=[◣], (7, 5)=[v], (2, 0)=[◤, ◥, <, ◤, ◤, ◢, ◤, ◥, v, ◢, ^, v]}
18 Jan 2025 22:34:39 GMT Zwierzę poruszyło się z (2, 0) na (2, 0)
18 Jan 2025 22:34:39 GMT Długość listy pozycji: 9
Lista pozycji zwierząt: {(2, 1)=[<, ◢, <, ◤, v, >, <, v, ◢, >, ^, ◢, v, ◤, <], (3, 4)=[◤], (2, 6)=[◣], (2, 8)=[◥], (9, 0)=[^], (7, 2)=[◢], (9, 5)=[◣], (7, 5)=[v], (2, 0)=[◤, ◥, <, ◤, ◤, ◢, ◤, ◥, v, ◢, ^, v]}
18 Jan 2025 22:34:39 GMT Zwierzę poruszyło się z (4, 3) na (3, 4)
18 Jan 2025 22:34:39 GMT Długość listy pozycji: 9
Lista pozycji zwierząt: {(2, 1)=[<, ◢, <, ◤, v, >, <, v, ◢, >, ^, ◢, v, ◤, <], (6, 6)=[◤], (3, 4)=[◤], (2, 6)=[◣], (2, 8)=[◥], (9, 0)=[^], (7, 2)=[◢], (9, 5)=[◣], (2, 0)=[◤, ◥, <, ◤, ◤, ◢, ◤, ◥, v, ◢, ^, v]}
18 Jan 2025 22:34:39 GMT Zwierzę poruszyło się z (7, 5) na (6, 6)
18 Jan 2025 22:34:39 GMT Długość listy pozycji: 9
Lista pozycji zwierząt: {(2, 1)=[<, ◢, <, ◤, v, >, <, v, ◢, >, ^, ◢, v, ◤, <], (6, 6)=[◤], (3, 4)=[◤], (2, 6)=[◣], (2, 8)=[◥], (8, 0)=[<], (7, 2)=[◢], (9, 5)=[◣], (2, 0)=[◤, ◥, <, ◤, ◤, ◢, ◤, ◥, v, ◢, <, v]}
18 Jan 2025 22:34:39 GMT Zwierzę poruszyło się z (9, 0) na (8, 0)
18 Jan 2025 22:34:39 GMT Zwierzę zjadło roślinkę na (8, 0)
18 Jan 2025 22:34:39 GMT Zwierze zostało położone na (2, 1)
18 Jan 2025 22:34:39 GMT Urodziło się nowe zwierzę na (2, 1)
18 Jan 2025 22:34:39 GMT Zwierze zostało położone na (2, 0)
18 Jan 2025 22:34:39 GMT Urodziło się nowe zwierzę na (2, 0)
18 Jan 2025 22:34:39 GMT Roślinka wyrosła na null
18 Jan 2025 22:34:39 GMT Roślinka wyrosła na null
18 Jan 2025 22:34:39 GMT Roślinka wyrosła na null
18 Jan 2025 22:34:39 GMT Roślinka wyrosła na null
18 Jan 2025 22:34:39 GMT Roślinka wyrosła na null
18 Jan 2025 22:34:39 GMT Roślinka wyrosła na null
18 Jan 2025 22:34:39 GMT Roślinka wyrosła na null
18 Jan 2025 22:34:39 GMT Roślinka wyrosła na null
18 Jan 2025 22:34:39 GMT Roślinka wyrosła na null
18 Jan 2025 22:34:39 GMT Roślinka wyrosła na null
18 Jan 2025 22:34:39 GMT Zwierzę umarło na (2, 0)
18 Jan 2025 22:34:39 GMT Zwierzę umarło na (2, 0)
18 Jan 2025 22:34:40 GMT Długość listy pozycji: 9
Lista pozycji zwierząt: {(2, 1)=[<, ◢, <, <, ◤, v, >, <, v, ◢, >, ^, ◢, v, ◤, <], (6, 6)=[◤], (3, 4)=[◤], (2, 6)=[◣], (1, 8)=[<], (8, 0)=[<], (7, 2)=[◢], (9, 5)=[◣], (2, 0)=[◤, ◥, <, ◣, ◤, ◤, ◢, ◤, ◥, v, ◢, <]}
18 Jan 2025 22:34:40 GMT Zwierzę poruszyło się z (2, 8) na (1, 8)
18 Jan 2025 22:34:40 GMT Długość listy pozycji: 9
Lista pozycji zwierząt: {(2, 1)=[<, ◢, <, <, ◤, v, >, <, v, ◢, >, ^, ◢, v, ◤, <], (6, 6)=[◤], (3, 4)=[◤], (2, 6)=[◣], (1, 8)=[<], (8, 0)=[<], (7, 2)=[◢], (8, 5)=[<], (2, 0)=[◤, ◥, <, ◣, ◤, ◤, ◢, ◤, ◥, v, ◢, <]}
18 Jan 2025 22:34:40 GMT Zwierzę poruszyło się z (9, 5) na (8, 5)
18 Jan 2025 22:34:40 GMT Długość listy pozycji: 9
Lista pozycji zwierząt: {(2, 1)=[<, ◢, <, <, ◤, v, >, <, v, ◢, >, ^, ◢, v, ◤, <], (6, 6)=[◤], (3, 4)=[◤], (2, 6)=[◣], (1, 8)=[<], (8, 0)=[<], (8, 2)=[>], (8, 5)=[<], (2, 0)=[◤, ◥, <, ◣, ◤, ◤, ◢, ◤, ◥, v, ◢, <]}
18 Jan 2025 22:34:40 GMT Zwierzę poruszyło się z (7, 2) na (8, 2)
18 Jan 2025 22:34:40 GMT Długość listy pozycji: 9
Lista pozycji zwierząt: {(2, 1)=[<, ◢, <, <, ◤, v, >, <, v, ◢, >, ^, ◢, v, ◤, <], (6, 6)=[◤], (3, 4)=[◤], (1, 6)=[<], (1, 8)=[<], (8, 0)=[<], (8, 2)=[>], (8, 5)=[<], (2, 0)=[◤, ◥, <, ◣, ◤, ◤, ◢, ◤, ◥, v, ◢, <]}
18 Jan 2025 22:34:40 GMT Zwierzę poruszyło się z (2, 6) na (1, 6)
18 Jan 2025 22:34:40 GMT Długość listy pozycji: 9
Lista pozycji zwierząt: {(2, 1)=[<, ◢, <, <, ◤, v, >, <, v, ◢, >, ^, ◢, v, ◤, <], (4, 4)=[>], (6, 6)=[◤], (1, 6)=[<], (1, 8)=[<], (8, 0)=[<], (8, 2)=[>], (8, 5)=[<], (2, 0)=[◤, ◥, <, ◣, ◤, ◤, ◢, ◤, ◥, v, ◢, <]}
18 Jan 2025 22:34:40 GMT Zwierzę poruszyło się z (3, 4) na (4, 4)
18 Jan 2025 22:34:40 GMT Długość listy pozycji: 9
Lista pozycji zwierząt: {(7, 6)=[>], (2, 1)=[<, ◢, <, <, ◤, v, >, <, v, ◢, >, ^, ◢, v, ◤, <], (4, 4)=[>], (1, 6)=[<], (1, 8)=[<], (8, 0)=[<], (8, 2)=[>], (8, 5)=[<], (2, 0)=[◤, ◥, <, ◣, ◤, ◤, ◢, ◤, ◥, v, ◢, <]}
18 Jan 2025 22:34:40 GMT Zwierzę poruszyło się z (6, 6) na (7, 6)
18 Jan 2025 22:34:40 GMT Długość listy pozycji: 9
Lista pozycji zwierząt: {(7, 6)=[>], (2, 1)=[<, ◢, <, <, ◤, v, >, <, v, ◢, >, ^, ◢, v, ◤, <], (4, 4)=[>], (1, 6)=[<], (1, 8)=[<], (8, 0)=[^], (8, 2)=[>], (8, 5)=[<], (2, 0)=[◤, ◥, <, ◣, ◤, ◤, ◢, ◤, ◥, v, ◢, ^]}
18 Jan 2025 22:34:40 GMT Zwierzę poruszyło się z (8, 0) na (8, 0)
18 Jan 2025 22:34:40 GMT Zwierze zostało położone na (2, 1)
18 Jan 2025 22:34:41 GMT Urodziło się nowe zwierzę na (2, 1)
18 Jan 2025 22:34:41 GMT Zwierze zostało położone na (2, 0)
18 Jan 2025 22:34:41 GMT Urodziło się nowe zwierzę na (2, 0)
18 Jan 2025 22:34:41 GMT Roślinka wyrosła na null
18 Jan 2025 22:34:41 GMT Roślinka wyrosła na null
18 Jan 2025 22:34:41 GMT Roślinka wyrosła na null
18 Jan 2025 22:34:41 GMT Roślinka wyrosła na null
18 Jan 2025 22:34:41 GMT Roślinka wyrosła na null
18 Jan 2025 22:34:41 GMT Roślinka wyrosła na null
18 Jan 2025 22:34:41 GMT Roślinka wyrosła na null
18 Jan 2025 22:34:41 GMT Roślinka wyrosła na null
18 Jan 2025 22:34:41 GMT Roślinka wyrosła na null
18 Jan 2025 22:34:41 GMT Roślinka wyrosła na null
18 Jan 2025 22:34:41 GMT Długość listy pozycji: 9
Lista pozycji zwierząt: {(7, 6)=[>], (2, 1)=[<, ◢, <, <, >, ◤, v, >, <, v, ◢, >, ^, ◢, v, ◤, <], (4, 4)=[>], (2, 7)=[◢], (1, 6)=[<], (8, 0)=[^], (8, 2)=[>], (8, 5)=[<], (2, 0)=[◤, ◥, ◢, <, ◣, ◤, ◤, ◢, ◤, ◥, v, ◢, ^]}
18 Jan 2025 22:34:41 GMT Zwierzę poruszyło się z (1, 8) na (2, 7)
18 Jan 2025 22:34:41 GMT Długość listy pozycji: 8
Lista pozycji zwierząt: {(7, 6)=[◤, >], (2, 1)=[<, ◢, <, <, >, ◤, v, >, <, v, ◢, >, ^, ◢, v, ◤, <], (4, 4)=[>], (2, 7)=[◢], (1, 6)=[<], (8, 0)=[^], (8, 2)=[>], (2, 0)=[◤, ◥, ◢, <, ◣, ◤, ◤, ◢, ◤, ◥, v, ◢, ^]}
18 Jan 2025 22:34:41 GMT Zwierzę poruszyło się z (8, 5) na (7, 6)
18 Jan 2025 22:34:41 GMT Długość listy pozycji: 8
Lista pozycji zwierząt: {(7, 6)=[◤, >], (2, 1)=[<, ◢, <, <, >, ◤, v, >, <, v, ◢, >, ^, ◢, v, ◤, <], (4, 4)=[>], (2, 7)=[◢], (1, 6)=[<], (8, 0)=[^], (9, 3)=[◥], (2, 0)=[◤, ◥, ◢, <, ◣, ◤, ◤, ◢, ◤, ◥, v, ◢, ^]}
18 Jan 2025 22:34:41 GMT Zwierzę poruszyło się z (8, 2) na (9, 3)
18 Jan 2025 22:34:41 GMT Długość listy pozycji: 8
Lista pozycji zwierząt: {(7, 6)=[◤, >], (2, 1)=[<, ◢, <, <, >, ◤, v, >, <, v, ◢, >, ^, ◢, v, ◤, <], (4, 4)=[>], (2, 7)=[◢], (0, 7)=[◤], (8, 0)=[^], (9, 3)=[◥], (2, 0)=[◤, ◥, ◢, <, ◣, ◤, ◤, ◢, ◤, ◥, v, ◢, ^]}
18 Jan 2025 22:34:41 GMT Zwierzę poruszyło się z (1, 6) na (0, 7)
18 Jan 2025 22:34:41 GMT Długość listy pozycji: 8
Lista pozycji zwierząt: {(7, 6)=[◤, >], (2, 1)=[<, ◢, <, <, >, ◤, v, >, <, v, ◢, >, ^, ◢, v, ◤, <], (3, 3)=[◣], (2, 7)=[◢], (0, 7)=[◤], (8, 0)=[^], (9, 3)=[◥], (2, 0)=[◤, ◥, ◢, <, ◣, ◤, ◤, ◢, ◤, ◥, v, ◢, ^]}
18 Jan 2025 22:34:41 GMT Zwierzę poruszyło się z (4, 4) na (3, 3)
18 Jan 2025 22:34:41 GMT Długość listy pozycji: 9
Lista pozycji zwierząt: {(6, 5)=[◣], (7, 6)=[◤], (2, 1)=[<, ◢, <, <, >, ◤, v, >, <, v, ◢, >, ^, ◢, v, ◤, <], (3, 3)=[◣], (2, 7)=[◢], (0, 7)=[◤], (8, 0)=[^], (9, 3)=[◥], (2, 0)=[◤, ◥, ◢, <, ◣, ◤, ◤, ◢, ◤, ◥, v, ◢, ^]}
18 Jan 2025 22:34:41 GMT Zwierzę poruszyło się z (7, 6) na (6, 5)
18 Jan 2025 22:34:42 GMT Długość listy pozycji: 9
Lista pozycji zwierząt: {(6, 5)=[◣], (7, 6)=[◤], (2, 1)=[<, ◢, <, <, >, ◤, v, >, <, v, ◢, >, ^, ◢, v, ◤, <], (3, 3)=[◣], (2, 7)=[◢], (0, 7)=[◤], (7, 0)=[<], (9, 3)=[◥], (2, 0)=[◤, ◥, ◢, <, ◣, ◤, ◤, ◢, ◤, ◥, v, ◢, <]}
18 Jan 2025 22:34:42 GMT Zwierzę poruszyło się z (8, 0) na (7, 0)
18 Jan 2025 22:34:42 GMT Zwierzę zjadło roślinkę na (7, 0)
18 Jan 2025 22:34:42 GMT Zwierze zostało położone na (2, 1)
18 Jan 2025 22:34:42 GMT Urodziło się nowe zwierzę na (2, 1)
18 Jan 2025 22:34:42 GMT Zwierze zostało położone na (2, 0)
18 Jan 2025 22:34:42 GMT Urodziło się nowe zwierzę na (2, 0)
18 Jan 2025 22:34:42 GMT Roślinka wyrosła na null
18 Jan 2025 22:34:42 GMT Roślinka wyrosła na null
18 Jan 2025 22:34:42 GMT Roślinka wyrosła na null
18 Jan 2025 22:34:42 GMT Roślinka wyrosła na null
18 Jan 2025 22:34:42 GMT Roślinka wyrosła na null
18 Jan 2025 22:34:42 GMT Roślinka wyrosła na null
18 Jan 2025 22:34:42 GMT Roślinka wyrosła na null
18 Jan 2025 22:34:42 GMT Roślinka wyrosła na null
18 Jan 2025 22:34:42 GMT Roślinka wyrosła na null
18 Jan 2025 22:34:42 GMT Roślinka wyrosła na null
18 Jan 2025 22:34:42 GMT Długość listy pozycji: 9
Lista pozycji zwierząt: {(6, 5)=[◣], (7, 6)=[◤], (2, 1)=[<, ◢, <, <, >, ^, ◤, v, >, <, v, ◢, >, ^, ◢, v, ◤, <], (3, 3)=[◣], (2, 8)=[^], (0, 7)=[◤], (7, 0)=[<], (9, 3)=[◥], (2, 0)=[◤, ◥, ◢, ◢, <, ◣, ◤, ◤, ◢, ◤, ◥, v, ◢, <]}
18 Jan 2025 22:34:42 GMT Zwierzę poruszyło się z (2, 7) na (2, 8)
18 Jan 2025 22:34:42 GMT Długość listy pozycji: 9
Lista pozycji zwierząt: {(6, 5)=[◣], (2, 1)=[<, ◢, <, <, >, ^, ◤, v, >, <, v, ◢, >, ^, ◢, v, ◤, <], (7, 7)=[^], (3, 3)=[◣], (2, 8)=[^], (0, 7)=[◤], (7, 0)=[<], (9, 3)=[◥], (2, 0)=[◤, ◥, ◢, ◢, <, ◣, ◤, ◤, ◢, ◤, ◥, v, ◢, <]}
18 Jan 2025 22:34:42 GMT Zwierzę poruszyło się z (7, 6) na (7, 7)
18 Jan 2025 22:34:43 GMT Długość listy pozycji: 9
Lista pozycji zwierząt: {(6, 5)=[◣], (2, 1)=[<, ◢, <, <, >, ^, ◤, v, >, <, v, ◢, >, ^, ◢, v, ◤, <], (7, 7)=[^], (3, 3)=[◣], (2, 8)=[^], (0, 7)=[◤], (7, 0)=[<], (9, 4)=[^], (2, 0)=[◤, ◥, ◢, ◢, <, ◣, ◤, ◤, ◢, ◤, ◥, v, ◢, <]}
18 Jan 2025 22:34:43 GMT Zwierzę poruszyło się z (9, 3) na (9, 4)
18 Jan 2025 22:34:43 GMT Długość listy pozycji: 9
Lista pozycji zwierząt: {(6, 5)=[◣], (2, 1)=[<, ◢, <, <, >, ^, ◤, v, >, <, v, ◢, >, ^, ◢, v, ◤, <], (7, 7)=[^], (3, 3)=[◣], (2, 8)=[^], (0, 8)=[^], (7, 0)=[<], (9, 4)=[^], (2, 0)=[◤, ◥, ◢, ◢, <, ◣, ◤, ◤, ◢, ◤, ◥, v, ◢, <]}
18 Jan 2025 22:34:43 GMT Zwierzę poruszyło się z (0, 7) na (0, 8)
18 Jan 2025 22:34:43 GMT Długość listy pozycji: 9
Lista pozycji zwierząt: {(6, 5)=[◣], (2, 1)=[<, ◢, <, <, >, ^, ◤, v, >, <, v, ◢, >, ^, ◢, v, ◤, <], (7, 7)=[^], (3, 4)=[^], (2, 8)=[^], (0, 8)=[^], (7, 0)=[<], (9, 4)=[^], (2, 0)=[◤, ◥, ◢, ◢, <, ◣, ◤, ◤, ◢, ◤, ◥, v, ◢, <]}
18 Jan 2025 22:34:43 GMT Zwierzę poruszyło się z (3, 3) na (3, 4)
18 Jan 2025 22:34:43 GMT Długość listy pozycji: 9
Lista pozycji zwierząt: {(2, 1)=[<, ◢, <, <, >, ^, ◤, v, >, <, v, ◢, >, ^, ◢, v, ◤, <], (6, 6)=[^], (7, 7)=[^], (3, 4)=[^], (2, 8)=[^], (0, 8)=[^], (7, 0)=[<], (9, 4)=[^], (2, 0)=[◤, ◥, ◢, ◢, <, ◣, ◤, ◤, ◢, ◤, ◥, v, ◢, <]}
18 Jan 2025 22:34:43 GMT Zwierzę poruszyło się z (6, 5) na (6, 6)
18 Jan 2025 22:34:43 GMT Długość listy pozycji: 9
Lista pozycji zwierząt: {(2, 1)=[<, ◢, <, <, >, ^, ◤, v, >, <, v, ◢, >, ^, ◢, v, ◤, <], (6, 6)=[^], (7, 7)=[^], (3, 4)=[^], (2, 8)=[^], (0, 8)=[^], (7, 0)=[^], (9, 4)=[^], (2, 0)=[◤, ◥, ◢, ◢, <, ◣, ◤, ◤, ◢, ◤, ◥, v, ◢, ^]}
18 Jan 2025 22:34:43 GMT Zwierzę poruszyło się z (7, 0) na (7, 0)
18 Jan 2025 22:34:43 GMT Zwierze zostało położone na (2, 1)
18 Jan 2025 22:34:43 GMT Urodziło się nowe zwierzę na (2, 1)
18 Jan 2025 22:34:43 GMT Zwierze zostało położone na (2, 0)
18 Jan 2025 22:34:43 GMT Urodziło się nowe zwierzę na (2, 0)
18 Jan 2025 22:34:43 GMT Roślinka wyrosła na null
18 Jan 2025 22:34:43 GMT Roślinka wyrosła na null
18 Jan 2025 22:34:43 GMT Roślinka wyrosła na null
18 Jan 2025 22:34:44 GMT Roślinka wyrosła na null
18 Jan 2025 22:34:44 GMT Roślinka wyrosła na null
18 Jan 2025 22:34:44 GMT Roślinka wyrosła na null
18 Jan 2025 22:34:44 GMT Roślinka wyrosła na null
18 Jan 2025 22:34:44 GMT Roślinka wyrosła na null
18 Jan 2025 22:34:44 GMT Roślinka wyrosła na null
18 Jan 2025 22:34:44 GMT Roślinka wyrosła na null
18 Jan 2025 22:34:44 GMT Długość listy pozycji: 9
Lista pozycji zwierząt: {(2, 1)=[<, ◢, <, <, <, >, ^, ◤, v, >, <, v, ◢, >, ^, ◢, v, ◤, <], (6, 6)=[^], (7, 7)=[^], (3, 4)=[^], (1, 7)=[◣], (0, 8)=[^], (7, 0)=[^], (9, 4)=[^], (2, 0)=[◤, ◥, ◣, ◢, ◢, <, ◣, ◤, ◤, ◢, ◤, ◥, v, ◢, ^]}
18 Jan 2025 22:34:44 GMT Zwierzę poruszyło się z (2, 8) na (1, 7)
18 Jan 2025 22:34:44 GMT Długość listy pozycji: 9
Lista pozycji zwierząt: {(2, 1)=[<, ◢, <, <, <, >, ^, ◤, v, >, <, v, ◢, >, ^, ◢, v, ◤, <], (8, 8)=[◥], (6, 6)=[^], (3, 4)=[^], (1, 7)=[◣], (0, 8)=[^], (7, 0)=[^], (9, 4)=[^], (2, 0)=[◤, ◥, ◣, ◢, ◢, <, ◣, ◤, ◤, ◢, ◤, ◥, v, ◢, ^]}
18 Jan 2025 22:34:44 GMT Zwierzę poruszyło się z (7, 7) na (8, 8)
18 Jan 2025 22:34:44 GMT Długość listy pozycji: 9
Lista pozycji zwierząt: {(2, 1)=[<, ◢, <, <, <, >, ^, ◤, v, >, <, v, ◢, >, ^, ◢, v, ◤, <], (8, 8)=[◥], (6, 6)=[^], (3, 4)=[^], (1, 7)=[◣], (0, 8)=[^], (7, 0)=[^], (8, 5)=[◤], (2, 0)=[◤, ◥, ◣, ◢, ◢, <, ◣, ◤, ◤, ◢, ◤, ◥, v, ◢, ^]}
18 Jan 2025 22:34:44 GMT Zwierzę poruszyło się z (9, 4) na (8, 5)
18 Jan 2025 22:34:44 GMT Długość listy pozycji: 9
Lista pozycji zwierząt: {(2, 1)=[<, ◢, <, <, <, >, ^, ◤, v, >, <, v, ◢, >, ^, ◢, v, ◤, <], (8, 8)=[◥], (6, 6)=[^], (3, 4)=[^], (1, 7)=[◣], (1, 9)=[◥], (7, 0)=[^], (8, 5)=[◤], (2, 0)=[◤, ◥, ◣, ◢, ◢, <, ◣, ◤, ◤, ◢, ◤, ◥, v, ◢, ^]}
18 Jan 2025 22:34:44 GMT Zwierzę poruszyło się z (0, 8) na (1, 9)
18 Jan 2025 22:34:44 GMT Długość listy pozycji: 9
Lista pozycji zwierząt: {(4, 3)=[◢], (2, 1)=[<, ◢, <, <, <, >, ^, ◤, v, >, <, v, ◢, >, ^, ◢, v, ◤, <], (8, 8)=[◥], (6, 6)=[^], (1, 7)=[◣], (1, 9)=[◥], (7, 0)=[^], (8, 5)=[◤], (2, 0)=[◤, ◥, ◣, ◢, ◢, <, ◣, ◤, ◤, ◢, ◤, ◥, v, ◢, ^]}
18 Jan 2025 22:34:44 GMT Zwierzę poruszyło się z (3, 4) na (4, 3)
18 Jan 2025 22:34:44 GMT Długość listy pozycji: 9
Lista pozycji zwierząt: {(4, 3)=[◢], (2, 1)=[<, ◢, <, <, <, >, ^, ◤, v, >, <, v, ◢, >, ^, ◢, v, ◤, <], (8, 8)=[◥], (1, 7)=[◣], (1, 9)=[◥], (7, 0)=[^], (8, 5)=[◤], (7, 5)=[◢], (2, 0)=[◤, ◥, ◣, ◢, ◢, <, ◣, ◤, ◤, ◢, ◤, ◥, v, ◢, ^]}
18 Jan 2025 22:34:44 GMT Zwierzę poruszyło się z (6, 6) na (7, 5)
18 Jan 2025 22:34:44 GMT Długość listy pozycji: 9
Lista pozycji zwierząt: {(4, 3)=[◢], (2, 1)=[<, ◢, <, <, <, >, ^, ◤, v, >, <, v, ◢, >, ^, ◢, v, ◤, <], (8, 8)=[◥], (1, 7)=[◣], (1, 9)=[◥], (6, 0)=[<], (8, 5)=[◤], (7, 5)=[◢], (2, 0)=[◤, ◥, ◣, ◢, ◢, <, ◣, ◤, ◤, ◢, ◤, ◥, v, ◢, <]}
18 Jan 2025 22:34:44 GMT Zwierzę poruszyło się z (7, 0) na (6, 0)
