18 Jan 2025 22:01:21 GMT Zwierze zostało położone na (7, 6)
18 Jan 2025 22:01:21 GMT Zwierze zostało położone na (1, 1)
18 Jan 2025 22:01:22 GMT Zwierze zostało położone na (8, 8)
18 Jan 2025 22:01:22 GMT Zwierze zostało położone na (9, 2)
18 Jan 2025 22:01:22 GMT Zwierze zostało położone na (4, 7)
18 Jan 2025 22:01:22 GMT Zwierze zostało położone na (5, 4)
18 Jan 2025 22:01:22 GMT Zwierze zostało położone na (1, 9)
18 Jan 2025 22:01:22 GMT Zwierze zostało położone na (8, 5)
18 Jan 2025 22:01:22 GMT Zwierze zostało położone na (6, 0)
18 Jan 2025 22:01:22 GMT Zwierze zostało położone na (4, 7)
18 Jan 2025 22:01:22 GMT Długość listy pozycji: 9
Lista pozycji zwierząt: {(5, 4)=[◤], (8, 8)=[v], (1, 1)=[◥], (4, 7)=[◤, <], (1, 9)=[v], (9, 2)=[v], (6, 0)=[◣], (8, 5)=[>], (7, 5)=[v]}
18 Jan 2025 22:01:22 GMT Zwierzę poruszyło się z (7, 6) na (7, 5)
18 Jan 2025 22:01:22 GMT Długość listy pozycji: 9
Lista pozycji zwierząt: {(2, 1)=[>], (5, 4)=[◤], (8, 8)=[v], (4, 7)=[◤, <], (1, 9)=[v], (9, 2)=[v], (6, 0)=[◣], (8, 5)=[>], (7, 5)=[v]}
18 Jan 2025 22:01:22 GMT Zwierzę poruszyło się z (1, 1) na (2, 1)
18 Jan 2025 22:01:22 GMT Długość listy pozycji: 9
Lista pozycji zwierząt: {(2, 1)=[>], (5, 4)=[◤], (8, 9)=[^], (4, 7)=[◤, <], (1, 9)=[v], (9, 2)=[v], (6, 0)=[◣], (8, 5)=[>], (7, 5)=[v]}
18 Jan 2025 22:01:22 GMT Zwierzę poruszyło się z (8, 8) na (8, 9)
18 Jan 2025 22:01:22 GMT Długość listy pozycji: 9
Lista pozycji zwierząt: {(2, 1)=[>], (5, 4)=[◤], (8, 9)=[^], (4, 7)=[◤, <], (1, 9)=[v], (9, 3)=[^], (6, 0)=[◣], (8, 5)=[>], (7, 5)=[v]}
18 Jan 2025 22:01:23 GMT Zwierzę poruszyło się z (9, 2) na (9, 3)
18 Jan 2025 22:01:23 GMT Długość listy pozycji: 10
Lista pozycji zwierząt: {(2, 1)=[>], (5, 4)=[◤], (8, 9)=[^], (4, 7)=[<], (3, 7)=[<], (1, 9)=[v], (9, 3)=[^], (6, 0)=[◣], (8, 5)=[>], (7, 5)=[v]}
18 Jan 2025 22:01:23 GMT Zwierzę poruszyło się z (4, 7) na (3, 7)
18 Jan 2025 22:01:23 GMT Długość listy pozycji: 10
Lista pozycji zwierząt: {(2, 1)=[>], (4, 4)=[<], (8, 9)=[^], (4, 7)=[<], (3, 7)=[<], (1, 9)=[v], (9, 3)=[^], (6, 0)=[◣], (8, 5)=[>], (7, 5)=[v]}
18 Jan 2025 22:01:23 GMT Zwierzę poruszyło się z (5, 4) na (4, 4)
18 Jan 2025 22:01:23 GMT Długość listy pozycji: 10
Lista pozycji zwierząt: {(2, 1)=[>], (4, 4)=[<], (8, 9)=[^], (4, 7)=[<], (3, 7)=[<], (1, 9)=[v], (9, 3)=[^], (6, 0)=[◣], (8, 5)=[>], (7, 5)=[v]}
18 Jan 2025 22:01:23 GMT Zwierzę poruszyło się z (1, 9) na (1, 9)
18 Jan 2025 22:01:23 GMT Długość listy pozycji: 10
Lista pozycji zwierząt: {(2, 1)=[>], (4, 4)=[<], (8, 9)=[^], (4, 7)=[<], (3, 7)=[<], (1, 9)=[v], (9, 3)=[^], (6, 0)=[◣], (8, 4)=[v], (7, 5)=[v]}
18 Jan 2025 22:01:23 GMT Zwierzę poruszyło się z (8, 5) na (8, 4)
18 Jan 2025 22:01:23 GMT Długość listy pozycji: 10
Lista pozycji zwierząt: {(2, 1)=[>], (4, 4)=[<], (8, 9)=[^], (4, 7)=[<], (3, 7)=[<], (1, 9)=[v], (7, 0)=[>], (9, 3)=[^], (8, 4)=[v], (7, 5)=[v]}
18 Jan 2025 22:01:23 GMT Zwierzę poruszyło się z (6, 0) na (7, 0)
18 Jan 2025 22:01:23 GMT Długość listy pozycji: 10
Lista pozycji zwierząt: {(2, 1)=[>], (4, 4)=[<], (8, 9)=[^], (4, 6)=[v], (3, 7)=[<], (1, 9)=[v], (7, 0)=[>], (9, 3)=[^], (8, 4)=[v], (7, 5)=[v]}
18 Jan 2025 22:01:23 GMT Zwierzę poruszyło się z (4, 7) na (4, 6)
18 Jan 2025 22:01:23 GMT Zwierzę zjadło roślinkę na (8, 4)
18 Jan 2025 22:01:23 GMT Roślinka wyrosła na (7, 7)
18 Jan 2025 22:01:23 GMT Roślinka wyrosła na (4, 5)
18 Jan 2025 22:01:23 GMT Roślinka wyrosła na (5, 7)
18 Jan 2025 22:01:23 GMT Roślinka wyrosła na (1, 6)
18 Jan 2025 22:01:23 GMT Roślinka wyrosła na (6, 6)
18 Jan 2025 22:01:23 GMT Roślinka wyrosła na (7, 5)
18 Jan 2025 22:01:23 GMT Roślinka wyrosła na (3, 6)
18 Jan 2025 22:01:23 GMT Roślinka wyrosła na (9, 5)
18 Jan 2025 22:01:23 GMT Roślinka wyrosła na (9, 6)
18 Jan 2025 22:01:23 GMT Roślinka wyrosła na (4, 6)
18 Jan 2025 22:01:24 GMT Długość listy pozycji: 10
Lista pozycji zwierząt: {(2, 1)=[>], (4, 4)=[<], (8, 9)=[^], (4, 6)=[v], (3, 7)=[<], (1, 9)=[v], (7, 0)=[>], (9, 3)=[^], (8, 4)=[v], (8, 5)=[>]}
18 Jan 2025 22:01:24 GMT Zwierzę poruszyło się z (7, 5) na (8, 5)
18 Jan 2025 22:01:24 GMT Długość listy pozycji: 10
Lista pozycji zwierząt: {(4, 4)=[<], (8, 9)=[^], (4, 6)=[v], (3, 7)=[<], (1, 9)=[v], (7, 0)=[>], (9, 3)=[^], (8, 4)=[v], (3, 0)=[◢], (8, 5)=[>]}
18 Jan 2025 22:01:24 GMT Zwierzę poruszyło się z (2, 1) na (3, 0)
18 Jan 2025 22:01:24 GMT Długość listy pozycji: 10
Lista pozycji zwierząt: {(8, 8)=[v], (4, 4)=[<], (4, 6)=[v], (3, 7)=[<], (1, 9)=[v], (7, 0)=[>], (9, 3)=[^], (8, 4)=[v], (3, 0)=[◢], (8, 5)=[>]}
18 Jan 2025 22:01:24 GMT Zwierzę poruszyło się z (8, 9) na (8, 8)
18 Jan 2025 22:01:24 GMT Długość listy pozycji: 10
Lista pozycji zwierząt: {(8, 8)=[v], (4, 4)=[<], (4, 6)=[v], (3, 7)=[<], (1, 9)=[v], (9, 2)=[v], (7, 0)=[>], (8, 4)=[v], (3, 0)=[◢], (8, 5)=[>]}
18 Jan 2025 22:01:24 GMT Zwierzę poruszyło się z (9, 3) na (9, 2)
18 Jan 2025 22:01:24 GMT Długość listy pozycji: 10
Lista pozycji zwierząt: {(8, 8)=[v], (4, 4)=[<], (4, 6)=[v], (2, 6)=[◣], (1, 9)=[v], (9, 2)=[v], (7, 0)=[>], (8, 4)=[v], (3, 0)=[◢], (8, 5)=[>]}
18 Jan 2025 22:01:24 GMT Zwierzę poruszyło się z (3, 7) na (2, 6)
18 Jan 2025 22:01:24 GMT Długość listy pozycji: 10
Lista pozycji zwierząt: {(3, 3)=[◣], (8, 8)=[v], (4, 6)=[v], (2, 6)=[◣], (1, 9)=[v], (9, 2)=[v], (7, 0)=[>], (8, 4)=[v], (3, 0)=[◢], (8, 5)=[>]}
18 Jan 2025 22:01:24 GMT Zwierzę poruszyło się z (4, 4) na (3, 3)
18 Jan 2025 22:01:24 GMT Długość listy pozycji: 10
Lista pozycji zwierząt: {(3, 3)=[◣], (8, 8)=[v], (4, 6)=[v], (2, 6)=[◣], (1, 9)=[v], (9, 2)=[v], (7, 0)=[>], (8, 4)=[v], (3, 0)=[◢], (8, 5)=[>]}
18 Jan 2025 22:01:24 GMT Zwierzę poruszyło się z (1, 9) na (1, 9)
18 Jan 2025 22:01:24 GMT Długość listy pozycji: 10
Lista pozycji zwierząt: {(3, 3)=[◣], (8, 8)=[v], (4, 6)=[v], (2, 6)=[◣], (1, 9)=[v], (9, 2)=[v], (7, 0)=[>], (7, 4)=[<], (3, 0)=[◢], (8, 5)=[>]}
18 Jan 2025 22:01:24 GMT Zwierzę poruszyło się z (8, 4) na (7, 4)
18 Jan 2025 22:01:25 GMT Długość listy pozycji: 10
Lista pozycji zwierząt: {(3, 3)=[◣], (8, 8)=[v], (4, 6)=[v], (2, 6)=[◣], (1, 9)=[v], (9, 2)=[v], (6, 1)=[◤], (7, 4)=[<], (3, 0)=[◢], (8, 5)=[>]}
18 Jan 2025 22:01:25 GMT Zwierzę poruszyło się z (7, 0) na (6, 1)
18 Jan 2025 22:01:25 GMT Długość listy pozycji: 10
Lista pozycji zwierząt: {(3, 3)=[◣], (8, 8)=[v], (5, 6)=[>], (2, 6)=[◣], (1, 9)=[v], (9, 2)=[v], (6, 1)=[◤], (7, 4)=[<], (3, 0)=[◢], (8, 5)=[>]}
18 Jan 2025 22:01:25 GMT Zwierzę poruszyło się z (4, 6) na (5, 6)
18 Jan 2025 22:01:25 GMT Zwierzę zjadło roślinkę na (2, 6)
18 Jan 2025 22:01:25 GMT Roślinka wyrosła na (5, 6)
18 Jan 2025 22:01:25 GMT Roślinka wyrosła na (0, 6)
18 Jan 2025 22:01:25 GMT Roślinka wyrosła na (5, 5)
18 Jan 2025 22:01:25 GMT Roślinka wyrosła na (8, 5)
18 Jan 2025 22:01:25 GMT Roślinka wyrosła na (4, 3)
18 Jan 2025 22:01:25 GMT Roślinka wyrosła na (8, 2)
18 Jan 2025 22:01:25 GMT Roślinka wyrosła na (0, 8)
18 Jan 2025 22:01:25 GMT Roślinka wyrosła na (4, 4)
18 Jan 2025 22:01:25 GMT Roślinka wyrosła na (4, 0)
18 Jan 2025 22:01:25 GMT Roślinka wyrosła na (9, 2)
18 Jan 2025 22:01:25 GMT Długość listy pozycji: 10
Lista pozycji zwierząt: {(3, 3)=[◣], (8, 8)=[v], (5, 6)=[>], (2, 6)=[◣], (1, 9)=[v], (9, 2)=[v], (6, 1)=[◤], (7, 4)=[<], (3, 0)=[◢], (8, 6)=[^]}
18 Jan 2025 22:01:25 GMT Zwierzę poruszyło się z (8, 5) na (8, 6)
18 Jan 2025 22:01:25 GMT Długość listy pozycji: 10
Lista pozycji zwierząt: {(3, 3)=[◣], (8, 8)=[v], (5, 6)=[>], (2, 6)=[◣], (1, 9)=[v], (9, 2)=[v], (6, 1)=[◤], (7, 4)=[<], (3, 0)=[^], (8, 6)=[^]}
18 Jan 2025 22:01:25 GMT Zwierzę poruszyło się z (3, 0) na (3, 0)
18 Jan 2025 22:01:25 GMT Długość listy pozycji: 10
Lista pozycji zwierząt: {(3, 3)=[◣], (8, 9)=[^], (5, 6)=[>], (2, 6)=[◣], (1, 9)=[v], (9, 2)=[v], (6, 1)=[◤], (7, 4)=[<], (3, 0)=[^], (8, 6)=[^]}
18 Jan 2025 22:01:25 GMT Zwierzę poruszyło się z (8, 8) na (8, 9)
18 Jan 2025 22:01:25 GMT Długość listy pozycji: 10
Lista pozycji zwierząt: {(3, 3)=[◣], (8, 9)=[^], (5, 6)=[>], (2, 6)=[◣], (1, 9)=[v], (9, 3)=[^], (6, 1)=[◤], (7, 4)=[<], (3, 0)=[^], (8, 6)=[^]}
18 Jan 2025 22:01:25 GMT Zwierzę poruszyło się z (9, 2) na (9, 3)
18 Jan 2025 22:01:26 GMT Długość listy pozycji: 10
Lista pozycji zwierząt: {(3, 3)=[◣], (8, 9)=[^], (5, 6)=[>], (2, 5)=[v], (1, 9)=[v], (9, 3)=[^], (6, 1)=[◤], (7, 4)=[<], (3, 0)=[^], (8, 6)=[^]}
18 Jan 2025 22:01:26 GMT Zwierzę poruszyło się z (2, 6) na (2, 5)
18 Jan 2025 22:01:26 GMT Długość listy pozycji: 10
Lista pozycji zwierząt: {(3, 2)=[v], (8, 9)=[^], (5, 6)=[>], (2, 5)=[v], (1, 9)=[v], (9, 3)=[^], (6, 1)=[◤], (7, 4)=[<], (3, 0)=[^], (8, 6)=[^]}
18 Jan 2025 22:01:26 GMT Zwierzę poruszyło się z (3, 3) na (3, 2)
18 Jan 2025 22:01:26 GMT Długość listy pozycji: 10
Lista pozycji zwierząt: {(3, 2)=[v], (8, 9)=[^], (5, 6)=[>], (2, 5)=[v], (1, 9)=[v], (9, 3)=[^], (6, 1)=[◤], (7, 4)=[<], (3, 0)=[^], (8, 6)=[^]}
18 Jan 2025 22:01:26 GMT Zwierzę poruszyło się z (1, 9) na (1, 9)
18 Jan 2025 22:01:26 GMT Długość listy pozycji: 10
Lista pozycji zwierząt: {(3, 2)=[v], (8, 9)=[^], (5, 6)=[>], (2, 5)=[v], (1, 9)=[v], (9, 3)=[^], (6, 1)=[◤], (3, 0)=[^], (7, 5)=[^], (8, 6)=[^]}
18 Jan 2025 22:01:26 GMT Zwierzę poruszyło się z (7, 4) na (7, 5)
18 Jan 2025 22:01:26 GMT Długość listy pozycji: 10
Lista pozycji zwierząt: {(3, 2)=[v], (8, 9)=[^], (5, 6)=[>], (2, 5)=[v], (1, 9)=[v], (6, 0)=[v], (9, 3)=[^], (3, 0)=[^], (7, 5)=[^], (8, 6)=[^]}
18 Jan 2025 22:01:26 GMT Zwierzę poruszyło się z (6, 1) na (6, 0)
18 Jan 2025 22:01:26 GMT Długość listy pozycji: 10
Lista pozycji zwierząt: {(3, 2)=[v], (8, 9)=[^], (5, 7)=[^], (2, 5)=[v], (1, 9)=[v], (6, 0)=[v], (9, 3)=[^], (3, 0)=[^], (7, 5)=[^], (8, 6)=[^]}
18 Jan 2025 22:01:26 GMT Zwierzę poruszyło się z (5, 6) na (5, 7)
18 Jan 2025 22:01:26 GMT Zwierzę zjadło roślinkę na (5, 7)
18 Jan 2025 22:01:26 GMT Zwierzę zjadło roślinkę na (2, 5)
18 Jan 2025 22:01:26 GMT Zwierzę zjadło roślinkę na (7, 5)
18 Jan 2025 22:01:26 GMT Zwierzę zjadło roślinkę na (8, 6)
18 Jan 2025 22:01:26 GMT Roślinka wyrosła na (9, 8)
18 Jan 2025 22:01:26 GMT Roślinka wyrosła na (8, 0)
18 Jan 2025 22:01:26 GMT Roślinka wyrosła na (7, 4)
18 Jan 2025 22:01:26 GMT Roślinka wyrosła na (1, 1)
18 Jan 2025 22:01:26 GMT Roślinka wyrosła na (5, 0)
18 Jan 2025 22:01:26 GMT Roślinka wyrosła na (5, 3)
18 Jan 2025 22:01:26 GMT Roślinka wyrosła na (8, 7)
18 Jan 2025 22:01:26 GMT Roślinka wyrosła na (4, 1)
18 Jan 2025 22:01:26 GMT Roślinka wyrosła na (1, 0)
18 Jan 2025 22:01:26 GMT Roślinka wyrosła na (3, 3)
18 Jan 2025 22:01:27 GMT Długość listy pozycji: 10
Lista pozycji zwierząt: {(7, 6)=[<], (3, 2)=[v], (8, 9)=[^], (5, 7)=[^], (2, 5)=[v], (1, 9)=[v], (6, 0)=[v], (9, 3)=[^], (3, 0)=[^], (7, 5)=[^]}
18 Jan 2025 22:01:27 GMT Zwierzę poruszyło się z (8, 6) na (7, 6)
18 Jan 2025 22:01:27 GMT Długość listy pozycji: 10
Lista pozycji zwierząt: {(7, 6)=[<], (3, 2)=[v], (8, 9)=[^], (5, 7)=[^], (2, 5)=[v], (1, 9)=[v], (6, 0)=[v], (9, 3)=[^], (4, 1)=[◥], (7, 5)=[^]}
18 Jan 2025 22:01:27 GMT Zwierzę poruszyło się z (3, 0) na (4, 1)
18 Jan 2025 22:01:27 GMT Długość listy pozycji: 10
Lista pozycji zwierząt: {(7, 6)=[<], (3, 2)=[v], (8, 8)=[v], (5, 7)=[^], (2, 5)=[v], (1, 9)=[v], (6, 0)=[v], (9, 3)=[^], (4, 1)=[◥], (7, 5)=[^]}
18 Jan 2025 22:01:27 GMT Zwierzę poruszyło się z (8, 9) na (8, 8)
18 Jan 2025 22:01:27 GMT Długość listy pozycji: 10
Lista pozycji zwierząt: {(7, 6)=[<], (3, 2)=[v], (8, 8)=[v], (5, 7)=[^], (2, 5)=[v], (1, 9)=[v], (9, 2)=[v], (6, 0)=[v], (4, 1)=[◥], (7, 5)=[^]}
18 Jan 2025 22:01:27 GMT Zwierzę poruszyło się z (9, 3) na (9, 2)
18 Jan 2025 22:01:27 GMT Długość listy pozycji: 10
Lista pozycji zwierząt: {(7, 6)=[<], (3, 2)=[v], (8, 8)=[v], (3, 4)=[◢], (5, 7)=[^], (1, 9)=[v], (9, 2)=[v], (6, 0)=[v], (4, 1)=[◥], (7, 5)=[^]}
18 Jan 2025 22:01:27 GMT Zwierzę poruszyło się z (2, 5) na (3, 4)
18 Jan 2025 22:01:27 GMT Długość listy pozycji: 9
Lista pozycji zwierząt: {(7, 6)=[<], (8, 8)=[v], (3, 4)=[◢], (5, 7)=[^], (1, 9)=[v], (9, 2)=[v], (6, 0)=[v], (4, 1)=[◥, ◢], (7, 5)=[^]}
18 Jan 2025 22:01:27 GMT Zwierzę poruszyło się z (3, 2) na (4, 1)
18 Jan 2025 22:01:27 GMT Długość listy pozycji: 9
Lista pozycji zwierząt: {(7, 6)=[<], (8, 8)=[v], (3, 4)=[◢], (5, 7)=[^], (1, 9)=[v], (9, 2)=[v], (6, 0)=[v], (4, 1)=[◥, ◢], (7, 5)=[^]}
18 Jan 2025 22:01:27 GMT Zwierzę poruszyło się z (1, 9) na (1, 9)
18 Jan 2025 22:01:27 GMT Długość listy pozycji: 9
Lista pozycji zwierząt: {(7, 6)=[<], (8, 8)=[v], (3, 4)=[◢], (5, 7)=[^], (1, 9)=[v], (9, 2)=[v], (6, 0)=[v], (8, 5)=[>], (4, 1)=[◥, ◢]}
18 Jan 2025 22:01:27 GMT Zwierzę poruszyło się z (7, 5) na (8, 5)
18 Jan 2025 22:01:27 GMT Długość listy pozycji: 9
Lista pozycji zwierząt: {(7, 6)=[<], (8, 8)=[v], (3, 4)=[◢], (5, 7)=[^], (1, 9)=[v], (9, 2)=[v], (7, 1)=[◥], (8, 5)=[>], (4, 1)=[◥, ◢]}
18 Jan 2025 22:01:27 GMT Zwierzę poruszyło się z (6, 0) na (7, 1)
18 Jan 2025 22:01:28 GMT Długość listy pozycji: 9
Lista pozycji zwierząt: {(7, 6)=[<], (8, 8)=[v], (3, 4)=[◢], (4, 7)=[<], (1, 9)=[v], (9, 2)=[v], (7, 1)=[◥], (8, 5)=[>], (4, 1)=[◥, ◢]}
18 Jan 2025 22:01:28 GMT Zwierzę poruszyło się z (5, 7) na (4, 7)
18 Jan 2025 22:01:28 GMT Zwierzę zjadło roślinkę na (7, 6)
18 Jan 2025 22:01:28 GMT Zwierzę zjadło roślinkę na (9, 2)
18 Jan 2025 22:01:28 GMT Zwierzę zjadło roślinkę na (8, 5)
18 Jan 2025 22:01:28 GMT Zwierzę zjadło roślinkę na (4, 1)
18 Jan 2025 22:01:28 GMT Zwierze zostało położone na (4, 1)
18 Jan 2025 22:01:28 GMT Urodziło się nowe zwierzę na (4, 1)
18 Jan 2025 22:01:28 GMT Roślinka wyrosła na (9, 9)
18 Jan 2025 22:01:28 GMT Roślinka wyrosła na (6, 8)
18 Jan 2025 22:01:28 GMT Roślinka wyrosła na (0, 2)
18 Jan 2025 22:01:28 GMT Roślinka wyrosła na (2, 9)
18 Jan 2025 22:01:28 GMT Roślinka wyrosła na (1, 9)
18 Jan 2025 22:01:28 GMT Roślinka wyrosła na (2, 8)
18 Jan 2025 22:01:28 GMT Roślinka wyrosła na (9, 3)
18 Jan 2025 22:01:28 GMT Roślinka wyrosła na (1, 8)
18 Jan 2025 22:01:28 GMT Roślinka wyrosła na (8, 9)
18 Jan 2025 22:01:28 GMT Roślinka wyrosła na (4, 2)
18 Jan 2025 22:01:28 GMT Zwierzę umarło na (4, 1)
18 Jan 2025 22:01:28 GMT Długość listy pozycji: 9
Lista pozycji zwierząt: {(8, 8)=[v], (3, 4)=[◢], (4, 7)=[<], (1, 9)=[v], (9, 2)=[v], (7, 1)=[◥], (8, 5)=[>], (4, 1)=[◢, ◢], (7, 5)=[v]}
18 Jan 2025 22:01:28 GMT Zwierzę poruszyło się z (7, 6) na (7, 5)
18 Jan 2025 22:01:28 GMT Długość listy pozycji: 9
Lista pozycji zwierząt: {(8, 9)=[^], (3, 4)=[◢], (4, 7)=[<], (1, 9)=[v], (9, 2)=[v], (7, 1)=[◥], (8, 5)=[>], (4, 1)=[◢, ◢], (7, 5)=[v]}
18 Jan 2025 22:01:28 GMT Zwierzę poruszyło się z (8, 8) na (8, 9)
18 Jan 2025 22:01:28 GMT Długość listy pozycji: 9
Lista pozycji zwierząt: {(8, 9)=[^], (3, 4)=[◢], (4, 7)=[<], (1, 9)=[v], (9, 3)=[^], (7, 1)=[◥], (8, 5)=[>], (4, 1)=[◢, ◢], (7, 5)=[v]}
18 Jan 2025 22:01:28 GMT Zwierzę poruszyło się z (9, 2) na (9, 3)
18 Jan 2025 22:01:29 GMT Długość listy pozycji: 9
Lista pozycji zwierząt: {(4, 4)=[>], (8, 9)=[^], (4, 7)=[<], (1, 9)=[v], (9, 3)=[^], (7, 1)=[◥], (8, 5)=[>], (4, 1)=[◢, ◢], (7, 5)=[v]}
18 Jan 2025 22:01:29 GMT Zwierzę poruszyło się z (3, 4) na (4, 4)
18 Jan 2025 22:01:29 GMT Długość listy pozycji: 10
Lista pozycji zwierząt: {(4, 4)=[>], (8, 9)=[^], (4, 7)=[<], (1, 9)=[v], (9, 3)=[^], (7, 1)=[◥], (5, 1)=[>], (8, 5)=[>], (4, 1)=[◢], (7, 5)=[v]}
18 Jan 2025 22:01:29 GMT Zwierzę poruszyło się z (4, 1) na (5, 1)
18 Jan 2025 22:01:29 GMT Długość listy pozycji: 10
Lista pozycji zwierząt: {(4, 4)=[>], (8, 9)=[^], (4, 7)=[<], (1, 9)=[v], (9, 3)=[^], (7, 1)=[◥], (5, 1)=[>], (8, 5)=[>], (4, 1)=[◢], (7, 5)=[v]}
18 Jan 2025 22:01:29 GMT Zwierzę poruszyło się z (1, 9) na (1, 9)
18 Jan 2025 22:01:29 GMT Długość listy pozycji: 10
Lista pozycji zwierząt: {(4, 4)=[>], (8, 9)=[^], (4, 7)=[<], (1, 9)=[v], (9, 3)=[^], (7, 1)=[◥], (8, 4)=[v], (5, 1)=[>], (4, 1)=[◢], (7, 5)=[v]}
18 Jan 2025 22:01:29 GMT Zwierzę poruszyło się z (8, 5) na (8, 4)
18 Jan 2025 22:01:29 GMT Długość listy pozycji: 10
Lista pozycji zwierząt: {(4, 4)=[>], (8, 9)=[^], (4, 7)=[<], (1, 9)=[v], (9, 3)=[^], (6, 1)=[<], (8, 4)=[v], (5, 1)=[>], (4, 1)=[◢], (7, 5)=[v]}
18 Jan 2025 22:01:29 GMT Zwierzę poruszyło się z (7, 1) na (6, 1)
18 Jan 2025 22:01:29 GMT Długość listy pozycji: 10
Lista pozycji zwierząt: {(4, 4)=[>], (8, 9)=[^], (4, 6)=[v], (1, 9)=[v], (9, 3)=[^], (6, 1)=[<], (8, 4)=[v], (5, 1)=[>], (4, 1)=[◢], (7, 5)=[v]}
18 Jan 2025 22:01:29 GMT Zwierzę poruszyło się z (4, 7) na (4, 6)
18 Jan 2025 22:01:29 GMT Zwierzę zjadło roślinkę na (4, 4)
18 Jan 2025 22:01:29 GMT Zwierzę zjadło roślinkę na (8, 9)
18 Jan 2025 22:01:29 GMT Zwierzę zjadło roślinkę na (4, 6)
18 Jan 2025 22:01:29 GMT Zwierzę zjadło roślinkę na (1, 9)
18 Jan 2025 22:01:29 GMT Zwierzę zjadło roślinkę na (9, 3)
18 Jan 2025 22:01:29 GMT Roślinka wyrosła na (7, 9)
18 Jan 2025 22:01:29 GMT Roślinka wyrosła na (4, 9)
18 Jan 2025 22:01:29 GMT Roślinka wyrosła na (5, 8)
18 Jan 2025 22:01:29 GMT Roślinka wyrosła na (9, 4)
18 Jan 2025 22:01:29 GMT Roślinka wyrosła na (5, 9)
18 Jan 2025 22:01:29 GMT Roślinka wyrosła na (3, 0)
18 Jan 2025 22:01:29 GMT Roślinka wyrosła na (3, 4)
18 Jan 2025 22:01:29 GMT Roślinka wyrosła na (2, 4)
18 Jan 2025 22:01:29 GMT Roślinka wyrosła na (2, 2)
18 Jan 2025 22:01:29 GMT Roślinka wyrosła na (3, 7)
18 Jan 2025 22:01:30 GMT Długość listy pozycji: 10
Lista pozycji zwierząt: {(4, 4)=[>], (8, 9)=[^], (4, 6)=[v], (1, 9)=[v], (9, 3)=[^], (6, 1)=[<], (8, 4)=[v], (5, 1)=[>], (8, 5)=[>], (4, 1)=[◢]}
18 Jan 2025 22:01:30 GMT Zwierzę poruszyło się z (7, 5) na (8, 5)
18 Jan 2025 22:01:30 GMT Długość listy pozycji: 10
Lista pozycji zwierząt: {(8, 8)=[v], (4, 4)=[>], (4, 6)=[v], (1, 9)=[v], (9, 3)=[^], (6, 1)=[<], (8, 4)=[v], (5, 1)=[>], (8, 5)=[>], (4, 1)=[◢]}
18 Jan 2025 22:01:30 GMT Zwierzę poruszyło się z (8, 9) na (8, 8)
18 Jan 2025 22:01:30 GMT Długość listy pozycji: 10
Lista pozycji zwierząt: {(8, 8)=[v], (4, 4)=[>], (4, 6)=[v], (1, 9)=[v], (9, 2)=[v], (6, 1)=[<], (8, 4)=[v], (5, 1)=[>], (8, 5)=[>], (4, 1)=[◢]}
18 Jan 2025 22:01:30 GMT Zwierzę poruszyło się z (9, 3) na (9, 2)
18 Jan 2025 22:01:30 GMT Długość listy pozycji: 10
Lista pozycji zwierząt: {(5, 5)=[◥], (8, 8)=[v], (4, 6)=[v], (1, 9)=[v], (9, 2)=[v], (6, 1)=[<], (8, 4)=[v], (5, 1)=[>], (8, 5)=[>], (4, 1)=[◢]}
18 Jan 2025 22:01:30 GMT Zwierzę poruszyło się z (4, 4) na (5, 5)
18 Jan 2025 22:01:30 GMT Długość listy pozycji: 10
Lista pozycji zwierząt: {(5, 5)=[◥], (8, 8)=[v], (4, 6)=[v], (1, 9)=[v], (9, 2)=[v], (6, 1)=[<], (6, 2)=[◥], (8, 4)=[v], (8, 5)=[>], (4, 1)=[◢]}
18 Jan 2025 22:01:30 GMT Zwierzę poruszyło się z (5, 1) na (6, 2)
18 Jan 2025 22:01:30 GMT Długość listy pozycji: 10
Lista pozycji zwierząt: {(5, 5)=[◥], (8, 8)=[v], (4, 6)=[v], (1, 9)=[v], (9, 2)=[v], (6, 1)=[<], (6, 2)=[◥], (8, 4)=[v], (8, 5)=[>], (4, 1)=[◢]}
18 Jan 2025 22:01:30 GMT Zwierzę poruszyło się z (1, 9) na (1, 9)
18 Jan 2025 22:01:30 GMT Długość listy pozycji: 10
Lista pozycji zwierząt: {(5, 5)=[◥], (8, 8)=[v], (4, 6)=[v], (1, 9)=[v], (9, 2)=[v], (6, 1)=[<], (6, 2)=[◥], (7, 4)=[<], (8, 5)=[>], (4, 1)=[◢]}
18 Jan 2025 22:01:30 GMT Zwierzę poruszyło się z (8, 4) na (7, 4)
18 Jan 2025 22:01:30 GMT Długość listy pozycji: 10
Lista pozycji zwierząt: {(5, 5)=[◥], (8, 8)=[v], (4, 6)=[v], (1, 9)=[v], (7, 0)=[◢], (9, 2)=[v], (6, 2)=[◥], (7, 4)=[<], (8, 5)=[>], (4, 1)=[◢]}
18 Jan 2025 22:01:30 GMT Zwierzę poruszyło się z (6, 1) na (7, 0)
18 Jan 2025 22:01:30 GMT Długość listy pozycji: 10
Lista pozycji zwierząt: {(5, 5)=[◥], (8, 8)=[v], (5, 6)=[>], (1, 9)=[v], (7, 0)=[◢], (9, 2)=[v], (6, 2)=[◥], (7, 4)=[<], (8, 5)=[>], (4, 1)=[◢]}
18 Jan 2025 22:01:30 GMT Zwierzę poruszyło się z (4, 6) na (5, 6)
18 Jan 2025 22:01:31 GMT Zwierzę zjadło roślinkę na (5, 5)
18 Jan 2025 22:01:31 GMT Zwierzę zjadło roślinkę na (5, 6)
18 Jan 2025 22:01:31 GMT Zwierzę zjadło roślinkę na (7, 4)
18 Jan 2025 22:01:31 GMT Roślinka wyrosła na (0, 1)
18 Jan 2025 22:01:31 GMT Roślinka wyrosła na (7, 1)
18 Jan 2025 22:01:31 GMT Roślinka wyrosła na (2, 0)
18 Jan 2025 22:01:31 GMT Roślinka wyrosła na (3, 1)
18 Jan 2025 22:01:31 GMT Roślinka wyrosła na (6, 7)
18 Jan 2025 22:01:31 GMT Roślinka wyrosła na (5, 2)
18 Jan 2025 22:01:31 GMT Roślinka wyrosła na (1, 2)
18 Jan 2025 22:01:31 GMT Roślinka wyrosła na (0, 3)
18 Jan 2025 22:01:31 GMT Roślinka wyrosła na (7, 2)
18 Jan 2025 22:01:31 GMT Roślinka wyrosła na (8, 3)
18 Jan 2025 22:01:31 GMT Długość listy pozycji: 10
Lista pozycji zwierząt: {(5, 5)=[◥], (8, 8)=[v], (5, 6)=[>], (1, 9)=[v], (7, 0)=[◢], (9, 2)=[v], (6, 2)=[◥], (7, 4)=[<], (4, 1)=[◢], (8, 6)=[^]}
18 Jan 2025 22:01:31 GMT Zwierzę poruszyło się z (8, 5) na (8, 6)
18 Jan 2025 22:01:31 GMT Długość listy pozycji: 10
Lista pozycji zwierząt: {(5, 5)=[◥], (8, 9)=[^], (5, 6)=[>], (1, 9)=[v], (7, 0)=[◢], (9, 2)=[v], (6, 2)=[◥], (7, 4)=[<], (4, 1)=[◢], (8, 6)=[^]}
18 Jan 2025 22:01:31 GMT Zwierzę poruszyło się z (8, 8) na (8, 9)
18 Jan 2025 22:01:31 GMT Długość listy pozycji: 10
Lista pozycji zwierząt: {(5, 5)=[◥], (8, 9)=[^], (5, 6)=[>], (1, 9)=[v], (7, 0)=[◢], (9, 3)=[^], (6, 2)=[◥], (7, 4)=[<], (4, 1)=[◢], (8, 6)=[^]}
18 Jan 2025 22:01:31 GMT Zwierzę poruszyło się z (9, 2) na (9, 3)
18 Jan 2025 22:01:31 GMT Długość listy pozycji: 9
Lista pozycji zwierząt: {(8, 9)=[^], (5, 6)=[^, >], (1, 9)=[v], (7, 0)=[◢], (9, 3)=[^], (6, 2)=[◥], (7, 4)=[<], (4, 1)=[◢], (8, 6)=[^]}
18 Jan 2025 22:01:31 GMT Zwierzę poruszyło się z (5, 5) na (5, 6)
18 Jan 2025 22:01:31 GMT Długość listy pozycji: 9
Lista pozycji zwierząt: {(8, 9)=[^], (5, 6)=[^, >], (1, 9)=[v], (7, 0)=[◢], (9, 3)=[^], (6, 3)=[^], (7, 4)=[<], (4, 1)=[◢], (8, 6)=[^]}
18 Jan 2025 22:01:31 GMT Zwierzę poruszyło się z (6, 2) na (6, 3)
18 Jan 2025 22:01:32 GMT Długość listy pozycji: 9
Lista pozycji zwierząt: {(8, 9)=[^], (5, 6)=[^, >], (1, 9)=[v], (7, 0)=[◢], (9, 3)=[^], (6, 3)=[^], (7, 4)=[<], (4, 1)=[◢], (8, 6)=[^]}
18 Jan 2025 22:01:32 GMT Zwierzę poruszyło się z (1, 9) na (1, 9)
18 Jan 2025 22:01:32 GMT Długość listy pozycji: 9
Lista pozycji zwierząt: {(8, 9)=[^], (5, 6)=[^, >], (1, 9)=[v], (7, 0)=[◢], (9, 3)=[^], (6, 3)=[^], (4, 1)=[◢], (7, 5)=[^], (8, 6)=[^]}
18 Jan 2025 22:01:32 GMT Zwierzę poruszyło się z (7, 4) na (7, 5)
18 Jan 2025 22:01:32 GMT Długość listy pozycji: 9
Lista pozycji zwierząt: {(8, 9)=[^], (5, 6)=[^, >], (1, 9)=[v], (7, 1)=[^], (9, 3)=[^], (6, 3)=[^], (4, 1)=[◢], (7, 5)=[^], (8, 6)=[^]}
18 Jan 2025 22:01:32 GMT Zwierzę poruszyło się z (7, 0) na (7, 1)
18 Jan 2025 22:01:32 GMT Długość listy pozycji: 10
Lista pozycji zwierząt: {(8, 9)=[^], (5, 6)=[^], (5, 7)=[^], (1, 9)=[v], (7, 1)=[^], (9, 3)=[^], (6, 3)=[^], (4, 1)=[◢], (7, 5)=[^], (8, 6)=[^]}
18 Jan 2025 22:01:32 GMT Zwierzę poruszyło się z (5, 6) na (5, 7)
18 Jan 2025 22:01:32 GMT Zwierzę zjadło roślinkę na (7, 1)
18 Jan 2025 22:01:32 GMT Roślinka wyrosła na (3, 8)
18 Jan 2025 22:01:32 GMT Roślinka wyrosła na (2, 3)
18 Jan 2025 22:01:32 GMT Roślinka wyrosła na (7, 8)
18 Jan 2025 22:01:32 GMT Roślinka wyrosła na (0, 4)
18 Jan 2025 22:01:32 GMT Roślinka wyrosła na (0, 7)
18 Jan 2025 22:01:32 GMT Roślinka wyrosła na (6, 9)
18 Jan 2025 22:01:32 GMT Roślinka wyrosła na (9, 7)
18 Jan 2025 22:01:32 GMT Roślinka wyrosła na (4, 8)
18 Jan 2025 22:01:32 GMT Roślinka wyrosła na (3, 2)
18 Jan 2025 22:01:32 GMT Roślinka wyrosła na (4, 7)
18 Jan 2025 22:01:32 GMT Długość listy pozycji: 10
Lista pozycji zwierząt: {(7, 6)=[<], (8, 9)=[^], (5, 6)=[^], (5, 7)=[^], (1, 9)=[v], (7, 1)=[^], (9, 3)=[^], (6, 3)=[^], (4, 1)=[◢], (7, 5)=[^]}
18 Jan 2025 22:01:32 GMT Zwierzę poruszyło się z (8, 6) na (7, 6)
18 Jan 2025 22:01:32 GMT Długość listy pozycji: 10
Lista pozycji zwierząt: {(7, 6)=[<], (8, 8)=[v], (5, 6)=[^], (5, 7)=[^], (1, 9)=[v], (7, 1)=[^], (9, 3)=[^], (6, 3)=[^], (4, 1)=[◢], (7, 5)=[^]}
18 Jan 2025 22:01:33 GMT Zwierzę poruszyło się z (8, 9) na (8, 8)
18 Jan 2025 22:01:33 GMT Długość listy pozycji: 10
Lista pozycji zwierząt: {(7, 6)=[<], (8, 8)=[v], (5, 6)=[^], (5, 7)=[^], (1, 9)=[v], (9, 2)=[v], (7, 1)=[^], (6, 3)=[^], (4, 1)=[◢], (7, 5)=[^]}
18 Jan 2025 22:01:33 GMT Zwierzę poruszyło się z (9, 3) na (9, 2)
18 Jan 2025 22:01:33 GMT Długość listy pozycji: 10
Lista pozycji zwierząt: {(7, 6)=[<], (8, 8)=[v], (5, 7)=[^], (4, 7)=[◤], (1, 9)=[v], (9, 2)=[v], (7, 1)=[^], (6, 3)=[^], (4, 1)=[◢], (7, 5)=[^]}
18 Jan 2025 22:01:33 GMT Zwierzę poruszyło się z (5, 6) na (4, 7)
18 Jan 2025 22:01:33 GMT Długość listy pozycji: 10
Lista pozycji zwierząt: {(5, 4)=[◤], (7, 6)=[<], (8, 8)=[v], (5, 7)=[^], (4, 7)=[◤], (1, 9)=[v], (9, 2)=[v], (7, 1)=[^], (4, 1)=[◢], (7, 5)=[^]}
18 Jan 2025 22:01:33 GMT Zwierzę poruszyło się z (6, 3) na (5, 4)
18 Jan 2025 22:01:33 GMT Długość listy pozycji: 10
Lista pozycji zwierząt: {(5, 4)=[◤], (7, 6)=[<], (8, 8)=[v], (5, 7)=[^], (4, 7)=[◤], (1, 9)=[v], (9, 2)=[v], (7, 1)=[^], (4, 1)=[◢], (7, 5)=[^]}
18 Jan 2025 22:01:33 GMT Zwierzę poruszyło się z (1, 9) na (1, 9)
18 Jan 2025 22:01:33 GMT Długość listy pozycji: 10
Lista pozycji zwierząt: {(5, 4)=[◤], (7, 6)=[<], (8, 8)=[v], (5, 7)=[^], (4, 7)=[◤], (1, 9)=[v], (9, 2)=[v], (7, 1)=[^], (8, 5)=[>], (4, 1)=[◢]}
18 Jan 2025 22:01:33 GMT Zwierzę poruszyło się z (7, 5) na (8, 5)
18 Jan 2025 22:01:33 GMT Długość listy pozycji: 10
Lista pozycji zwierząt: {(5, 4)=[◤], (7, 6)=[<], (8, 8)=[v], (5, 7)=[^], (4, 7)=[◤], (1, 9)=[v], (9, 2)=[v], (6, 0)=[◣], (8, 5)=[>], (4, 1)=[◢]}
18 Jan 2025 22:01:33 GMT Zwierzę poruszyło się z (7, 1) na (6, 0)
18 Jan 2025 22:01:33 GMT Długość listy pozycji: 9
Lista pozycji zwierząt: {(5, 4)=[◤], (7, 6)=[<], (8, 8)=[v], (4, 7)=[◤, <], (1, 9)=[v], (9, 2)=[v], (6, 0)=[◣], (8, 5)=[>], (4, 1)=[◢]}
18 Jan 2025 22:01:33 GMT Zwierzę poruszyło się z (5, 7) na (4, 7)
18 Jan 2025 22:01:33 GMT Zwierzę zjadło roślinkę na (4, 7)
18 Jan 2025 22:01:34 GMT Zwierze zostało położone na (4, 7)
18 Jan 2025 22:01:34 GMT Urodziło się nowe zwierzę na (4, 7)
18 Jan 2025 22:01:34 GMT Roślinka wyrosła na (8, 8)
18 Jan 2025 22:01:34 GMT Roślinka wyrosła na (6, 3)
18 Jan 2025 22:01:34 GMT Roślinka wyrosła na (6, 2)
18 Jan 2025 22:01:34 GMT Roślinka wyrosła na (1, 3)
18 Jan 2025 22:01:34 GMT Roślinka wyrosła na (3, 9)
18 Jan 2025 22:01:34 GMT Roślinka wyrosła na (2, 1)
18 Jan 2025 22:01:34 GMT Roślinka wyrosła na (2, 7)
18 Jan 2025 22:01:34 GMT Roślinka wyrosła na (9, 0)
18 Jan 2025 22:01:34 GMT Roślinka wyrosła na (6, 0)
18 Jan 2025 22:01:34 GMT Roślinka wyrosła na (6, 4)
18 Jan 2025 22:01:34 GMT Długość listy pozycji: 9
Lista pozycji zwierząt: {(5, 4)=[◤], (8, 8)=[v], (4, 7)=[◤, <, ◣], (1, 9)=[v], (9, 2)=[v], (6, 0)=[◣], (8, 5)=[>], (4, 1)=[◢], (7, 5)=[v]}
18 Jan 2025 22:01:34 GMT Zwierzę poruszyło się z (7, 6) na (7, 5)
18 Jan 2025 22:01:34 GMT Długość listy pozycji: 9
Lista pozycji zwierząt: {(5, 4)=[◤], (8, 9)=[^], (4, 7)=[◤, <, ◣], (1, 9)=[v], (9, 2)=[v], (6, 0)=[◣], (8, 5)=[>], (4, 1)=[◢], (7, 5)=[v]}
18 Jan 2025 22:01:34 GMT Zwierzę poruszyło się z (8, 8) na (8, 9)
18 Jan 2025 22:01:34 GMT Długość listy pozycji: 9
Lista pozycji zwierząt: {(5, 4)=[◤], (8, 9)=[^], (4, 7)=[◤, <, ◣], (1, 9)=[v], (9, 3)=[^], (6, 0)=[◣], (8, 5)=[>], (4, 1)=[◢], (7, 5)=[v]}
18 Jan 2025 22:01:34 GMT Zwierzę poruszyło się z (9, 2) na (9, 3)
18 Jan 2025 22:01:34 GMT Długość listy pozycji: 10
Lista pozycji zwierząt: {(5, 4)=[◤], (8, 9)=[^], (4, 7)=[<, ◣], (3, 7)=[<], (1, 9)=[v], (9, 3)=[^], (6, 0)=[◣], (8, 5)=[>], (4, 1)=[◢], (7, 5)=[v]}
18 Jan 2025 22:01:34 GMT Zwierzę poruszyło się z (4, 7) na (3, 7)
18 Jan 2025 22:01:34 GMT Długość listy pozycji: 10
Lista pozycji zwierząt: {(4, 4)=[<], (8, 9)=[^], (4, 7)=[<, ◣], (3, 7)=[<], (1, 9)=[v], (9, 3)=[^], (6, 0)=[◣], (8, 5)=[>], (4, 1)=[◢], (7, 5)=[v]}
18 Jan 2025 22:01:34 GMT Zwierzę poruszyło się z (5, 4) na (4, 4)
18 Jan 2025 22:01:34 GMT Długość listy pozycji: 10
Lista pozycji zwierząt: {(4, 4)=[<], (8, 9)=[^], (4, 7)=[<, ◣], (3, 7)=[<], (1, 9)=[v], (9, 3)=[^], (6, 0)=[◣], (8, 5)=[>], (4, 1)=[◢], (7, 5)=[v]}
18 Jan 2025 22:01:34 GMT Zwierzę poruszyło się z (1, 9) na (1, 9)
18 Jan 2025 22:01:35 GMT Długość listy pozycji: 10
Lista pozycji zwierząt: {(4, 4)=[<], (8, 9)=[^], (4, 7)=[<, ◣], (3, 7)=[<], (1, 9)=[v], (9, 3)=[^], (6, 0)=[◣], (8, 4)=[v], (4, 1)=[◢], (7, 5)=[v]}
18 Jan 2025 22:01:35 GMT Zwierzę poruszyło się z (8, 5) na (8, 4)
18 Jan 2025 22:01:35 GMT Długość listy pozycji: 10
Lista pozycji zwierząt: {(4, 4)=[<], (8, 9)=[^], (4, 7)=[<, ◣], (3, 7)=[<], (1, 9)=[v], (7, 0)=[>], (9, 3)=[^], (8, 4)=[v], (4, 1)=[◢], (7, 5)=[v]}
18 Jan 2025 22:01:35 GMT Zwierzę poruszyło się z (6, 0) na (7, 0)
18 Jan 2025 22:01:35 GMT Długość listy pozycji: 11
Lista pozycji zwierząt: {(4, 4)=[<], (8, 9)=[^], (4, 6)=[v], (4, 7)=[◣], (3, 7)=[<], (1, 9)=[v], (7, 0)=[>], (9, 3)=[^], (8, 4)=[v], (4, 1)=[◢], (7, 5)=[v]}
18 Jan 2025 22:01:35 GMT Zwierzę poruszyło się z (4, 7) na (4, 6)
18 Jan 2025 22:01:35 GMT Zwierzę zjadło roślinkę na (3, 7)
18 Jan 2025 22:01:35 GMT Roślinka wyrosła na (5, 1)
18 Jan 2025 22:01:35 GMT Roślinka wyrosła na (1, 4)
18 Jan 2025 22:01:35 GMT Roślinka wyrosła na (6, 1)
18 Jan 2025 22:01:35 GMT Roślinka wyrosła na (5, 4)
18 Jan 2025 22:01:35 GMT Roślinka wyrosła na (8, 1)
18 Jan 2025 22:01:35 GMT Roślinka wyrosła na (7, 0)
18 Jan 2025 22:01:35 GMT Roślinka wyrosła na (0, 9)
18 Jan 2025 22:01:35 GMT Roślinka wyrosła na (7, 3)
18 Jan 2025 22:01:35 GMT Roślinka wyrosła na (9, 1)
18 Jan 2025 22:01:35 GMT Roślinka wyrosła na (0, 0)
18 Jan 2025 22:01:35 GMT Długość listy pozycji: 11
Lista pozycji zwierząt: {(4, 4)=[<], (8, 9)=[^], (4, 6)=[v], (4, 7)=[◣], (3, 7)=[<], (1, 9)=[v], (7, 0)=[>], (9, 3)=[^], (8, 4)=[v], (8, 5)=[>], (4, 1)=[◢]}
18 Jan 2025 22:01:35 GMT Zwierzę poruszyło się z (7, 5) na (8, 5)
18 Jan 2025 22:01:35 GMT Długość listy pozycji: 11
Lista pozycji zwierząt: {(8, 8)=[v], (4, 4)=[<], (4, 6)=[v], (4, 7)=[◣], (3, 7)=[<], (1, 9)=[v], (7, 0)=[>], (9, 3)=[^], (8, 4)=[v], (8, 5)=[>], (4, 1)=[◢]}
18 Jan 2025 22:01:35 GMT Zwierzę poruszyło się z (8, 9) na (8, 8)
18 Jan 2025 22:01:36 GMT Długość listy pozycji: 11
Lista pozycji zwierząt: {(8, 8)=[v], (4, 4)=[<], (4, 6)=[v], (4, 7)=[◣], (3, 7)=[<], (1, 9)=[v], (9, 2)=[v], (7, 0)=[>], (8, 4)=[v], (8, 5)=[>], (4, 1)=[◢]}
18 Jan 2025 22:01:36 GMT Zwierzę poruszyło się z (9, 3) na (9, 2)
18 Jan 2025 22:01:36 GMT Długość listy pozycji: 11
Lista pozycji zwierząt: {(8, 8)=[v], (4, 4)=[<], (4, 6)=[v], (4, 7)=[◣], (2, 6)=[◣], (1, 9)=[v], (9, 2)=[v], (7, 0)=[>], (8, 4)=[v], (8, 5)=[>], (4, 1)=[◢]}
18 Jan 2025 22:01:36 GMT Zwierzę poruszyło się z (3, 7) na (2, 6)
18 Jan 2025 22:01:36 GMT Długość listy pozycji: 11
Lista pozycji zwierząt: {(3, 3)=[◣], (8, 8)=[v], (4, 6)=[v], (4, 7)=[◣], (2, 6)=[◣], (1, 9)=[v], (9, 2)=[v], (7, 0)=[>], (8, 4)=[v], (8, 5)=[>], (4, 1)=[◢]}
18 Jan 2025 22:01:36 GMT Zwierzę poruszyło się z (4, 4) na (3, 3)
18 Jan 2025 22:01:36 GMT Długość listy pozycji: 11
Lista pozycji zwierząt: {(3, 3)=[◣], (8, 8)=[v], (4, 6)=[v], (4, 7)=[◣], (2, 6)=[◣], (1, 9)=[v], (9, 2)=[v], (7, 0)=[>], (8, 4)=[v], (8, 5)=[>], (4, 1)=[◢]}
18 Jan 2025 22:01:36 GMT Zwierzę poruszyło się z (1, 9) na (1, 9)
18 Jan 2025 22:01:36 GMT Długość listy pozycji: 11
Lista pozycji zwierząt: {(3, 3)=[◣], (8, 8)=[v], (4, 6)=[v], (4, 7)=[◣], (2, 6)=[◣], (1, 9)=[v], (9, 2)=[v], (7, 0)=[>], (7, 4)=[<], (8, 5)=[>], (4, 1)=[◢]}
18 Jan 2025 22:01:36 GMT Zwierzę poruszyło się z (8, 4) na (7, 4)
18 Jan 2025 22:01:36 GMT Długość listy pozycji: 11
Lista pozycji zwierząt: {(3, 3)=[◣], (8, 8)=[v], (4, 6)=[v], (4, 7)=[◣], (2, 6)=[◣], (1, 9)=[v], (9, 2)=[v], (6, 1)=[◤], (7, 4)=[<], (8, 5)=[>], (4, 1)=[◢]}
18 Jan 2025 22:01:36 GMT Zwierzę poruszyło się z (7, 0) na (6, 1)
18 Jan 2025 22:01:36 GMT Długość listy pozycji: 11
Lista pozycji zwierząt: {(3, 3)=[◣], (8, 8)=[v], (5, 6)=[>], (4, 7)=[◣], (2, 6)=[◣], (1, 9)=[v], (9, 2)=[v], (6, 1)=[◤], (7, 4)=[<], (8, 5)=[>], (4, 1)=[◢]}
18 Jan 2025 22:01:36 GMT Zwierzę poruszyło się z (4, 6) na (5, 6)
