18 Jan 2025 21:59:18 GMT Zwierze zostało położone na (5, 3)
18 Jan 2025 21:59:18 GMT Zwierze zostało położone na (6, 4)
18 Jan 2025 21:59:18 GMT Zwierze zostało położone na (3, 8)
18 Jan 2025 21:59:18 GMT Zwierze zostało położone na (8, 9)
18 Jan 2025 21:59:18 GMT Zwierze zostało położone na (3, 0)
18 Jan 2025 21:59:18 GMT Zwierze zostało położone na (2, 8)
18 Jan 2025 21:59:19 GMT Zwierze zostało położone na (3, 4)
18 Jan 2025 21:59:19 GMT Zwierze zostało położone na (3, 1)
18 Jan 2025 21:59:19 GMT Zwierze zostało położone na (8, 0)
18 Jan 2025 21:59:19 GMT Zwierze zostało położone na (7, 6)
18 Jan 2025 21:59:19 GMT Długość listy pozycji: 10
Lista pozycji zwierząt: {(5, 4)=[^], (7, 6)=[^], (3, 4)=[◣], (8, 9)=[◣], (3, 8)=[◢], (2, 8)=[<], (8, 0)=[◢], (3, 0)=[<], (3, 1)=[<], (6, 4)=[◢]}
18 Jan 2025 21:59:19 GMT Zwierzę poruszyło się z (5, 3) na (5, 4)
18 Jan 2025 21:59:19 GMT Długość listy pozycji: 9
Lista pozycji zwierząt: {(5, 4)=[^, <], (7, 6)=[^], (3, 4)=[◣], (8, 9)=[◣], (3, 8)=[◢], (2, 8)=[<], (8, 0)=[◢], (3, 0)=[<], (3, 1)=[<]}
18 Jan 2025 21:59:19 GMT Zwierzę poruszyło się z (6, 4) na (5, 4)
18 Jan 2025 21:59:19 GMT Długość listy pozycji: 8
Lista pozycji zwierząt: {(5, 4)=[^, <], (7, 6)=[^], (3, 4)=[◣], (8, 9)=[◣], (2, 8)=[<, <], (8, 0)=[◢], (3, 0)=[<], (3, 1)=[<]}
18 Jan 2025 21:59:19 GMT Zwierzę poruszyło się z (3, 8) na (2, 8)
18 Jan 2025 21:59:19 GMT Długość listy pozycji: 8
Lista pozycji zwierząt: {(5, 4)=[^, <], (7, 6)=[^], (9, 9)=[>], (3, 4)=[◣], (2, 8)=[<, <], (8, 0)=[◢], (3, 0)=[<], (3, 1)=[<]}
18 Jan 2025 21:59:19 GMT Zwierzę poruszyło się z (8, 9) na (9, 9)
18 Jan 2025 21:59:19 GMT Długość listy pozycji: 8
Lista pozycji zwierząt: {(5, 4)=[^, <], (7, 6)=[^], (9, 9)=[>], (3, 4)=[◣], (2, 8)=[<, <], (8, 0)=[◢], (3, 0)=[^], (3, 1)=[<]}
18 Jan 2025 21:59:19 GMT Zwierzę poruszyło się z (3, 0) na (3, 0)
18 Jan 2025 21:59:19 GMT Długość listy pozycji: 9
Lista pozycji zwierząt: {(5, 4)=[^, <], (7, 6)=[^], (9, 9)=[>], (3, 4)=[◣], (2, 7)=[v], (2, 8)=[<], (8, 0)=[◢], (3, 0)=[^], (3, 1)=[<]}
18 Jan 2025 21:59:19 GMT Zwierzę poruszyło się z (2, 8) na (2, 7)
18 Jan 2025 21:59:19 GMT Długość listy pozycji: 9
Lista pozycji zwierząt: {(5, 4)=[^, <], (7, 6)=[^], (4, 4)=[>], (9, 9)=[>], (2, 7)=[v], (2, 8)=[<], (8, 0)=[◢], (3, 0)=[^], (3, 1)=[<]}
18 Jan 2025 21:59:19 GMT Zwierzę poruszyło się z (3, 4) na (4, 4)
18 Jan 2025 21:59:20 GMT Długość listy pozycji: 8
Lista pozycji zwierząt: {(5, 4)=[^, <], (7, 6)=[^], (4, 4)=[>], (9, 9)=[>], (2, 7)=[v], (2, 8)=[<], (8, 0)=[◢], (3, 0)=[^, v]}
18 Jan 2025 21:59:20 GMT Zwierzę poruszyło się z (3, 1) na (3, 0)
18 Jan 2025 21:59:20 GMT Długość listy pozycji: 8
Lista pozycji zwierząt: {(5, 4)=[^, <], (7, 6)=[^], (4, 4)=[>], (9, 9)=[>], (2, 7)=[v], (2, 8)=[<], (7, 0)=[<], (3, 0)=[^, v]}
18 Jan 2025 21:59:20 GMT Zwierzę poruszyło się z (8, 0) na (7, 0)
18 Jan 2025 21:59:20 GMT Długość listy pozycji: 8
Lista pozycji zwierząt: {(5, 4)=[^, <], (7, 7)=[^], (4, 4)=[>], (9, 9)=[>], (2, 7)=[v], (2, 8)=[<], (7, 0)=[<], (3, 0)=[^, v]}
18 Jan 2025 21:59:20 GMT Zwierzę poruszyło się z (7, 6) na (7, 7)
18 Jan 2025 21:59:20 GMT Zwierze zostało położone na (5, 4)
18 Jan 2025 21:59:20 GMT Urodziło się nowe zwierzę na (5, 4)
18 Jan 2025 21:59:20 GMT Zwierze zostało położone na (3, 0)
18 Jan 2025 21:59:20 GMT Urodziło się nowe zwierzę na (3, 0)
18 Jan 2025 21:59:20 GMT Roślinka wyrosła na (2, 5)
18 Jan 2025 21:59:20 GMT Roślinka wyrosła na (4, 5)
18 Jan 2025 21:59:20 GMT Roślinka wyrosła na (3, 5)
18 Jan 2025 21:59:20 GMT Roślinka wyrosła na (0, 6)
18 Jan 2025 21:59:20 GMT Roślinka wyrosła na (6, 6)
18 Jan 2025 21:59:20 GMT Roślinka wyrosła na (0, 5)
18 Jan 2025 21:59:20 GMT Roślinka wyrosła na (9, 3)
18 Jan 2025 21:59:20 GMT Roślinka wyrosła na (0, 9)
18 Jan 2025 21:59:20 GMT Roślinka wyrosła na (3, 6)
18 Jan 2025 21:59:20 GMT Roślinka wyrosła na (1, 6)
18 Jan 2025 21:59:20 GMT Zwierzę umarło na (5, 4)
18 Jan 2025 21:59:20 GMT Zwierzę umarło na (3, 0)
18 Jan 2025 21:59:21 GMT Długość listy pozycji: 9
Lista pozycji zwierząt: {(6, 5)=[◥], (5, 4)=[>], (7, 7)=[^], (4, 4)=[>], (9, 9)=[>], (2, 7)=[v], (2, 8)=[<], (7, 0)=[<], (3, 0)=[>, v]}
18 Jan 2025 21:59:21 GMT Zwierzę poruszyło się z (5, 4) na (6, 5)
18 Jan 2025 21:59:21 GMT Długość listy pozycji: 9
Lista pozycji zwierząt: {(6, 5)=[◥], (5, 4)=[>], (7, 7)=[^], (4, 4)=[>], (9, 9)=[>], (2, 7)=[v], (3, 9)=[◥], (7, 0)=[<], (3, 0)=[>, v]}
18 Jan 2025 21:59:21 GMT Zwierzę poruszyło się z (2, 8) na (3, 9)
18 Jan 2025 21:59:21 GMT Długość listy pozycji: 9
Lista pozycji zwierząt: {(6, 5)=[◥], (5, 4)=[>], (7, 7)=[^], (4, 4)=[>], (9, 9)=[◢], (2, 7)=[v], (3, 9)=[◥], (7, 0)=[<], (3, 0)=[>, v]}
18 Jan 2025 21:59:21 GMT Zwierzę poruszyło się z (9, 9) na (9, 9)
18 Jan 2025 21:59:21 GMT Długość listy pozycji: 9
Lista pozycji zwierząt: {(6, 5)=[◥], (5, 4)=[>], (7, 7)=[^], (4, 4)=[>], (9, 9)=[◢], (3, 7)=[>], (3, 9)=[◥], (7, 0)=[<], (3, 0)=[>, v]}
18 Jan 2025 21:59:21 GMT Zwierzę poruszyło się z (2, 7) na (3, 7)
18 Jan 2025 21:59:21 GMT Długość listy pozycji: 9
Lista pozycji zwierząt: {(6, 5)=[◥], (5, 4)=[>], (7, 7)=[^], (9, 9)=[◢], (3, 5)=[◤], (3, 7)=[>], (3, 9)=[◥], (7, 0)=[<], (3, 0)=[>, v]}
18 Jan 2025 21:59:21 GMT Zwierzę poruszyło się z (4, 4) na (3, 5)
18 Jan 2025 21:59:21 GMT Długość listy pozycji: 10
Lista pozycji zwierząt: {(6, 5)=[◥], (5, 4)=[>], (7, 7)=[^], (9, 9)=[◢], (3, 5)=[◤], (3, 7)=[>], (3, 9)=[◥], (7, 0)=[<], (4, 0)=[>], (3, 0)=[>]}
18 Jan 2025 21:59:21 GMT Zwierzę poruszyło się z (3, 0) na (4, 0)
18 Jan 2025 21:59:21 GMT Długość listy pozycji: 10
Lista pozycji zwierząt: {(6, 5)=[◥], (5, 4)=[>], (7, 7)=[^], (9, 9)=[◢], (3, 5)=[◤], (3, 7)=[>], (3, 9)=[◥], (8, 1)=[◥], (4, 0)=[>], (3, 0)=[>]}
18 Jan 2025 21:59:21 GMT Zwierzę poruszyło się z (7, 0) na (8, 1)
18 Jan 2025 21:59:21 GMT Długość listy pozycji: 10
Lista pozycji zwierząt: {(6, 5)=[◥], (5, 4)=[>], (9, 9)=[◢], (7, 8)=[^], (3, 5)=[◤], (3, 7)=[>], (3, 9)=[◥], (8, 1)=[◥], (4, 0)=[>], (3, 0)=[>]}
18 Jan 2025 21:59:21 GMT Zwierzę poruszyło się z (7, 7) na (7, 8)
18 Jan 2025 21:59:21 GMT Zwierzę zjadło roślinkę na (6, 5)
18 Jan 2025 21:59:21 GMT Zwierzę zjadło roślinkę na (3, 5)
18 Jan 2025 21:59:21 GMT Zwierzę zjadło roślinkę na (3, 9)
18 Jan 2025 21:59:22 GMT Roślinka wyrosła na (7, 6)
18 Jan 2025 21:59:22 GMT Roślinka wyrosła na (9, 5)
18 Jan 2025 21:59:22 GMT Roślinka wyrosła na (2, 6)
18 Jan 2025 21:59:22 GMT Roślinka wyrosła na (4, 6)
18 Jan 2025 21:59:22 GMT Roślinka wyrosła na (8, 6)
18 Jan 2025 21:59:22 GMT Roślinka wyrosła na (9, 6)
18 Jan 2025 21:59:22 GMT Roślinka wyrosła na (6, 0)
18 Jan 2025 21:59:22 GMT Roślinka wyrosła na (0, 4)
18 Jan 2025 21:59:22 GMT Roślinka wyrosła na (7, 4)
18 Jan 2025 21:59:22 GMT Roślinka wyrosła na (7, 9)
18 Jan 2025 21:59:22 GMT Długość listy pozycji: 10
Lista pozycji zwierząt: {(5, 4)=[>], (9, 9)=[◢], (7, 8)=[^], (3, 5)=[◤], (3, 7)=[>], (3, 9)=[◥], (8, 1)=[◥], (4, 0)=[>], (3, 0)=[>], (6, 4)=[v]}
18 Jan 2025 21:59:22 GMT Zwierzę poruszyło się z (6, 5) na (6, 4)
18 Jan 2025 21:59:22 GMT Długość listy pozycji: 10
Lista pozycji zwierząt: {(5, 4)=[>], (9, 9)=[◢], (7, 8)=[^], (3, 5)=[◤], (3, 7)=[>], (3, 8)=[v], (8, 1)=[◥], (4, 0)=[>], (3, 0)=[>], (6, 4)=[v]}
18 Jan 2025 21:59:22 GMT Zwierzę poruszyło się z (3, 9) na (3, 8)
18 Jan 2025 21:59:22 GMT Długość listy pozycji: 10
Lista pozycji zwierząt: {(5, 4)=[>], (9, 9)=[v], (7, 8)=[^], (3, 5)=[◤], (3, 7)=[>], (3, 8)=[v], (8, 1)=[◥], (4, 0)=[>], (3, 0)=[>], (6, 4)=[v]}
18 Jan 2025 21:59:22 GMT Zwierzę poruszyło się z (9, 9) na (9, 9)
18 Jan 2025 21:59:22 GMT Długość listy pozycji: 9
Lista pozycji zwierząt: {(5, 4)=[>], (9, 9)=[v], (7, 8)=[^], (3, 5)=[◤], (3, 8)=[v, ^], (8, 1)=[◥], (4, 0)=[>], (3, 0)=[>], (6, 4)=[v]}
18 Jan 2025 21:59:22 GMT Zwierzę poruszyło się z (3, 7) na (3, 8)
18 Jan 2025 21:59:22 GMT Długość listy pozycji: 9
Lista pozycji zwierząt: {(5, 4)=[>], (9, 9)=[v], (3, 4)=[v], (7, 8)=[^], (3, 8)=[v, ^], (8, 1)=[◥], (4, 0)=[>], (3, 0)=[>], (6, 4)=[v]}
18 Jan 2025 21:59:22 GMT Zwierzę poruszyło się z (3, 5) na (3, 4)
18 Jan 2025 21:59:22 GMT Długość listy pozycji: 9
Lista pozycji zwierząt: {(5, 4)=[>], (9, 9)=[v], (3, 4)=[v], (7, 8)=[^], (3, 8)=[v, ^], (8, 1)=[◥], (4, 1)=[^], (3, 0)=[>], (6, 4)=[v]}
18 Jan 2025 21:59:22 GMT Zwierzę poruszyło się z (4, 0) na (4, 1)
18 Jan 2025 21:59:22 GMT Długość listy pozycji: 9
Lista pozycji zwierząt: {(5, 4)=[>], (9, 9)=[v], (3, 4)=[v], (7, 8)=[^], (3, 8)=[v, ^], (8, 0)=[v], (4, 1)=[^], (3, 0)=[>], (6, 4)=[v]}
18 Jan 2025 21:59:22 GMT Zwierzę poruszyło się z (8, 1) na (8, 0)
18 Jan 2025 21:59:23 GMT Długość listy pozycji: 9
Lista pozycji zwierząt: {(5, 4)=[>], (9, 9)=[v], (3, 4)=[v], (7, 9)=[^], (3, 8)=[v, ^], (8, 0)=[v], (4, 1)=[^], (3, 0)=[>], (6, 4)=[v]}
18 Jan 2025 21:59:23 GMT Zwierzę poruszyło się z (7, 8) na (7, 9)
18 Jan 2025 21:59:23 GMT Zwierzę zjadło roślinkę na (7, 9)
18 Jan 2025 21:59:23 GMT Zwierze zostało położone na (3, 8)
18 Jan 2025 21:59:23 GMT Urodziło się nowe zwierzę na (3, 8)
18 Jan 2025 21:59:23 GMT Roślinka wyrosła na (3, 1)
18 Jan 2025 21:59:23 GMT Roślinka wyrosła na (0, 8)
18 Jan 2025 21:59:23 GMT Roślinka wyrosła na (8, 7)
18 Jan 2025 21:59:23 GMT Roślinka wyrosła na (1, 8)
18 Jan 2025 21:59:23 GMT Roślinka wyrosła na (6, 8)
18 Jan 2025 21:59:23 GMT Roślinka wyrosła na (9, 9)
18 Jan 2025 21:59:23 GMT Roślinka wyrosła na (6, 1)
18 Jan 2025 21:59:23 GMT Roślinka wyrosła na (7, 7)
18 Jan 2025 21:59:23 GMT Roślinka wyrosła na (2, 0)
18 Jan 2025 21:59:23 GMT Roślinka wyrosła na (5, 3)
18 Jan 2025 21:59:23 GMT Zwierzę umarło na (3, 8)
18 Jan 2025 21:59:23 GMT Długość listy pozycji: 9
Lista pozycji zwierząt: {(5, 4)=[>], (5, 5)=[◤], (9, 9)=[v], (3, 4)=[v], (7, 9)=[^], (3, 8)=[◤, ^], (8, 0)=[v], (4, 1)=[^], (3, 0)=[>]}
18 Jan 2025 21:59:23 GMT Zwierzę poruszyło się z (6, 4) na (5, 5)
18 Jan 2025 21:59:23 GMT Długość listy pozycji: 9
Lista pozycji zwierząt: {(5, 4)=[>], (5, 5)=[◤], (9, 9)=[◣], (3, 4)=[v], (7, 9)=[^], (3, 8)=[◤, ^], (8, 0)=[v], (4, 1)=[^], (3, 0)=[>]}
18 Jan 2025 21:59:23 GMT Zwierzę poruszyło się z (9, 9) na (9, 9)
18 Jan 2025 21:59:23 GMT Długość listy pozycji: 10
Lista pozycji zwierząt: {(5, 4)=[>], (5, 5)=[◤], (9, 9)=[◣], (3, 4)=[v], (7, 9)=[^], (3, 8)=[◤], (2, 8)=[<], (8, 0)=[v], (4, 1)=[^], (3, 0)=[>]}
18 Jan 2025 21:59:23 GMT Zwierzę poruszyło się z (3, 8) na (2, 8)
18 Jan 2025 21:59:24 GMT Długość listy pozycji: 10
Lista pozycji zwierząt: {(5, 4)=[>], (5, 5)=[◤], (9, 9)=[◣], (4, 5)=[◥], (7, 9)=[^], (3, 8)=[◤], (2, 8)=[<], (8, 0)=[v], (4, 1)=[^], (3, 0)=[>]}
18 Jan 2025 21:59:24 GMT Zwierzę poruszyło się z (3, 4) na (4, 5)
18 Jan 2025 21:59:24 GMT Długość listy pozycji: 10
Lista pozycji zwierząt: {(5, 4)=[>], (5, 5)=[◤], (9, 9)=[◣], (4, 5)=[◥], (7, 9)=[^], (3, 8)=[◤], (2, 8)=[<], (8, 0)=[v], (3, 0)=[>], (3, 1)=[<]}
18 Jan 2025 21:59:24 GMT Zwierzę poruszyło się z (4, 1) na (3, 1)
18 Jan 2025 21:59:24 GMT Długość listy pozycji: 10
Lista pozycji zwierząt: {(5, 4)=[>], (5, 5)=[◤], (9, 9)=[◣], (4, 5)=[◥], (7, 9)=[^], (3, 8)=[◤], (2, 8)=[<], (7, 1)=[◤], (3, 0)=[>], (3, 1)=[<]}
18 Jan 2025 21:59:24 GMT Zwierzę poruszyło się z (8, 0) na (7, 1)
18 Jan 2025 21:59:24 GMT Długość listy pozycji: 10
Lista pozycji zwierząt: {(5, 4)=[>], (5, 5)=[◤], (9, 9)=[◣], (4, 5)=[◥], (7, 9)=[v], (3, 8)=[◤], (2, 8)=[<], (7, 1)=[◤], (3, 0)=[>], (3, 1)=[<]}
18 Jan 2025 21:59:24 GMT Zwierzę poruszyło się z (7, 9) na (7, 9)
18 Jan 2025 21:59:24 GMT Zwierzę zjadło roślinkę na (5, 5)
18 Jan 2025 21:59:24 GMT Zwierzę zjadło roślinkę na (9, 9)
18 Jan 2025 21:59:24 GMT Zwierzę zjadło roślinkę na (4, 5)
18 Jan 2025 21:59:24 GMT Zwierzę zjadło roślinkę na (3, 1)
18 Jan 2025 21:59:24 GMT Roślinka wyrosła na (2, 9)
18 Jan 2025 21:59:24 GMT Roślinka wyrosła na (1, 9)
18 Jan 2025 21:59:24 GMT Roślinka wyrosła na (6, 7)
18 Jan 2025 21:59:24 GMT Roślinka wyrosła na (2, 8)
18 Jan 2025 21:59:24 GMT Roślinka wyrosła na (7, 1)
18 Jan 2025 21:59:24 GMT Roślinka wyrosła na (1, 3)
18 Jan 2025 21:59:24 GMT Roślinka wyrosła na (2, 3)
18 Jan 2025 21:59:24 GMT Roślinka wyrosła na (0, 2)
18 Jan 2025 21:59:24 GMT Roślinka wyrosła na (2, 4)
18 Jan 2025 21:59:24 GMT Roślinka wyrosła na (7, 2)
18 Jan 2025 21:59:24 GMT Długość listy pozycji: 10
Lista pozycji zwierząt: {(6, 5)=[>], (5, 4)=[>], (9, 9)=[◣], (4, 5)=[◥], (7, 9)=[v], (3, 8)=[◤], (2, 8)=[<], (7, 1)=[◤], (3, 0)=[>], (3, 1)=[<]}
18 Jan 2025 21:59:24 GMT Zwierzę poruszyło się z (5, 5) na (6, 5)
18 Jan 2025 21:59:24 GMT Długość listy pozycji: 10
Lista pozycji zwierząt: {(6, 5)=[>], (5, 4)=[>], (4, 5)=[◥], (7, 9)=[v], (3, 8)=[◤], (2, 8)=[<], (0, 9)=[>], (7, 1)=[◤], (3, 0)=[>], (3, 1)=[<]}
18 Jan 2025 21:59:25 GMT Zwierzę poruszyło się z (9, 9) na (0, 9)
18 Jan 2025 21:59:25 GMT Długość listy pozycji: 10
Lista pozycji zwierząt: {(6, 5)=[>], (5, 4)=[>], (4, 5)=[◥], (7, 9)=[v], (2, 7)=[v], (3, 8)=[◤], (0, 9)=[>], (7, 1)=[◤], (3, 0)=[>], (3, 1)=[<]}
18 Jan 2025 21:59:25 GMT Zwierzę poruszyło się z (2, 8) na (2, 7)
18 Jan 2025 21:59:25 GMT Długość listy pozycji: 10
Lista pozycji zwierząt: {(6, 5)=[>], (5, 4)=[>], (3, 5)=[<], (7, 9)=[v], (2, 7)=[v], (3, 8)=[◤], (0, 9)=[>], (7, 1)=[◤], (3, 0)=[>], (3, 1)=[<]}
18 Jan 2025 21:59:25 GMT Zwierzę poruszyło się z (4, 5) na (3, 5)
18 Jan 2025 21:59:25 GMT Długość listy pozycji: 9
Lista pozycji zwierząt: {(6, 5)=[>], (5, 4)=[>], (3, 5)=[<], (7, 9)=[v], (2, 7)=[v], (3, 8)=[◤], (0, 9)=[>], (7, 1)=[◤], (3, 0)=[>, v]}
18 Jan 2025 21:59:25 GMT Zwierzę poruszyło się z (3, 1) na (3, 0)
18 Jan 2025 21:59:25 GMT Długość listy pozycji: 9
Lista pozycji zwierząt: {(6, 5)=[>], (5, 4)=[>], (3, 5)=[<], (7, 9)=[v], (2, 7)=[v], (3, 8)=[◤], (8, 1)=[>], (0, 9)=[>], (3, 0)=[>, v]}
18 Jan 2025 21:59:25 GMT Zwierzę poruszyło się z (7, 1) na (8, 1)
18 Jan 2025 21:59:25 GMT Długość listy pozycji: 9
Lista pozycji zwierząt: {(6, 5)=[>], (5, 4)=[>], (7, 8)=[v], (3, 5)=[<], (2, 7)=[v], (3, 8)=[◤], (8, 1)=[>], (0, 9)=[>], (3, 0)=[>, v]}
18 Jan 2025 21:59:25 GMT Zwierzę poruszyło się z (7, 9) na (7, 8)
18 Jan 2025 21:59:25 GMT Zwierzę zjadło roślinkę na (0, 9)
18 Jan 2025 21:59:25 GMT Zwierze zostało położone na (3, 0)
18 Jan 2025 21:59:25 GMT Urodziło się nowe zwierzę na (3, 0)
18 Jan 2025 21:59:25 GMT Roślinka wyrosła na (8, 9)
18 Jan 2025 21:59:25 GMT Roślinka wyrosła na (4, 3)
18 Jan 2025 21:59:25 GMT Roślinka wyrosła na (3, 7)
18 Jan 2025 21:59:25 GMT Roślinka wyrosła na (8, 8)
18 Jan 2025 21:59:25 GMT Roślinka wyrosła na (6, 9)
18 Jan 2025 21:59:25 GMT Roślinka wyrosła na (3, 4)
18 Jan 2025 21:59:25 GMT Roślinka wyrosła na (8, 4)
18 Jan 2025 21:59:25 GMT Roślinka wyrosła na (4, 9)
18 Jan 2025 21:59:25 GMT Roślinka wyrosła na (2, 2)
18 Jan 2025 21:59:25 GMT Roślinka wyrosła na (9, 0)
18 Jan 2025 21:59:26 GMT Długość listy pozycji: 8
Lista pozycji zwierząt: {(5, 4)=[◣, >], (7, 8)=[v], (3, 5)=[<], (2, 7)=[v], (3, 8)=[◤], (8, 1)=[>], (0, 9)=[>], (3, 0)=[>, >, v]}
18 Jan 2025 21:59:26 GMT Zwierzę poruszyło się z (6, 5) na (5, 4)
18 Jan 2025 21:59:26 GMT Długość listy pozycji: 8
Lista pozycji zwierząt: {(5, 4)=[◣, >], (7, 8)=[v], (3, 5)=[<], (2, 7)=[v], (3, 8)=[◤], (8, 1)=[>], (0, 9)=[◢], (3, 0)=[>, >, v]}
18 Jan 2025 21:59:26 GMT Zwierzę poruszyło się z (0, 9) na (0, 9)
18 Jan 2025 21:59:26 GMT Długość listy pozycji: 8
Lista pozycji zwierząt: {(5, 4)=[◣, >], (7, 8)=[v], (3, 5)=[<], (3, 7)=[>], (3, 8)=[◤], (8, 1)=[>], (0, 9)=[◢], (3, 0)=[>, >, v]}
18 Jan 2025 21:59:26 GMT Zwierzę poruszyło się z (2, 7) na (3, 7)
18 Jan 2025 21:59:26 GMT Długość listy pozycji: 8
Lista pozycji zwierząt: {(5, 4)=[◣, >], (4, 4)=[◢], (7, 8)=[v], (3, 7)=[>], (3, 8)=[◤], (8, 1)=[>], (0, 9)=[◢], (3, 0)=[>, >, v]}
18 Jan 2025 21:59:26 GMT Zwierzę poruszyło się z (3, 5) na (4, 4)
18 Jan 2025 21:59:26 GMT Długość listy pozycji: 9
Lista pozycji zwierząt: {(5, 4)=[◣, >], (4, 4)=[◢], (7, 8)=[v], (3, 7)=[>], (3, 8)=[◤], (8, 1)=[>], (0, 9)=[◢], (4, 0)=[>], (3, 0)=[>, >, >]}
18 Jan 2025 21:59:26 GMT Zwierzę poruszyło się z (3, 0) na (4, 0)
18 Jan 2025 21:59:26 GMT Długość listy pozycji: 9
Lista pozycji zwierząt: {(5, 4)=[◣, >], (4, 4)=[◢], (7, 8)=[v], (3, 7)=[>], (3, 8)=[◤], (7, 0)=[◣], (0, 9)=[◢], (4, 0)=[>], (3, 0)=[>, >, >]}
18 Jan 2025 21:59:26 GMT Zwierzę poruszyło się z (8, 1) na (7, 0)
18 Jan 2025 21:59:26 GMT Długość listy pozycji: 9
Lista pozycji zwierząt: {(5, 4)=[◣, >], (7, 7)=[v], (4, 4)=[◢], (3, 7)=[>], (3, 8)=[◤], (7, 0)=[◣], (0, 9)=[◢], (4, 0)=[>], (3, 0)=[>, >, >]}
18 Jan 2025 21:59:26 GMT Zwierzę poruszyło się z (7, 8) na (7, 7)
18 Jan 2025 21:59:26 GMT Zwierzę zjadło roślinkę na (7, 7)
18 Jan 2025 21:59:26 GMT Zwierzę zjadło roślinkę na (3, 7)
18 Jan 2025 21:59:27 GMT Zwierze zostało położone na (5, 4)
18 Jan 2025 21:59:27 GMT Urodziło się nowe zwierzę na (5, 4)
18 Jan 2025 21:59:27 GMT Zwierze zostało położone na (3, 0)
18 Jan 2025 21:59:27 GMT Urodziło się nowe zwierzę na (3, 0)
18 Jan 2025 21:59:27 GMT Roślinka wyrosła na (1, 4)
18 Jan 2025 21:59:27 GMT Roślinka wyrosła na (9, 1)
18 Jan 2025 21:59:27 GMT Roślinka wyrosła na (5, 0)
18 Jan 2025 21:59:27 GMT Roślinka wyrosła na (0, 7)
18 Jan 2025 21:59:27 GMT Roślinka wyrosła na (4, 8)
18 Jan 2025 21:59:27 GMT Roślinka wyrosła na (4, 0)
18 Jan 2025 21:59:28 GMT Roślinka wyrosła na (1, 1)
18 Jan 2025 21:59:28 GMT Roślinka wyrosła na (0, 1)
18 Jan 2025 21:59:28 GMT Roślinka wyrosła na (7, 0)
18 Jan 2025 21:59:28 GMT Roślinka wyrosła na (9, 2)
18 Jan 2025 21:59:28 GMT Długość listy pozycji: 10
Lista pozycji zwierząt: {(5, 4)=[^, >, <], (5, 5)=[^], (7, 7)=[v], (4, 4)=[◢], (3, 7)=[>], (3, 8)=[◤], (7, 0)=[◣], (0, 9)=[◢], (4, 0)=[>], (3, 0)=[◣, >, >, >]}
18 Jan 2025 21:59:28 GMT Zwierzę poruszyło się z (5, 4) na (5, 5)
18 Jan 2025 21:59:28 GMT Długość listy pozycji: 10
Lista pozycji zwierząt: {(5, 4)=[^, >, <], (5, 5)=[^], (7, 7)=[v], (4, 4)=[◢], (3, 7)=[>], (3, 8)=[◤], (7, 0)=[◣], (0, 9)=[v], (4, 0)=[>], (3, 0)=[◣, >, >, >]}
18 Jan 2025 21:59:28 GMT Zwierzę poruszyło się z (0, 9) na (0, 9)
18 Jan 2025 21:59:28 GMT Długość listy pozycji: 9
Lista pozycji zwierząt: {(5, 4)=[^, >, <], (5, 5)=[^], (7, 7)=[v], (4, 4)=[◢], (3, 8)=[◤, ^], (7, 0)=[◣], (0, 9)=[v], (4, 0)=[>], (3, 0)=[◣, >, >, >]}
18 Jan 2025 21:59:28 GMT Zwierzę poruszyło się z (3, 7) na (3, 8)
18 Jan 2025 21:59:29 GMT Długość listy pozycji: 9
Lista pozycji zwierząt: {(5, 4)=[^, >, <], (5, 5)=[^], (7, 7)=[v], (4, 5)=[^], (3, 8)=[◤, ^], (7, 0)=[◣], (0, 9)=[v], (4, 0)=[>], (3, 0)=[◣, >, >, >]}
18 Jan 2025 21:59:29 GMT Zwierzę poruszyło się z (4, 4) na (4, 5)
18 Jan 2025 21:59:29 GMT Długość listy pozycji: 9
Lista pozycji zwierząt: {(5, 4)=[^, >, <], (5, 5)=[^], (7, 7)=[v], (4, 5)=[^], (3, 8)=[◤, ^], (7, 0)=[◣], (0, 9)=[v], (4, 1)=[^], (3, 0)=[◣, >, >, ^]}
18 Jan 2025 21:59:29 GMT Zwierzę poruszyło się z (4, 0) na (4, 1)
18 Jan 2025 21:59:29 GMT Długość listy pozycji: 9
Lista pozycji zwierząt: {(5, 4)=[^, >, <], (5, 5)=[^], (7, 7)=[v], (4, 5)=[^], (3, 8)=[◤, ^], (0, 9)=[v], (7, 1)=[^], (4, 1)=[^], (3, 0)=[◣, >, >, ^]}
18 Jan 2025 21:59:29 GMT Zwierzę poruszyło się z (7, 0) na (7, 1)
18 Jan 2025 21:59:29 GMT Długość listy pozycji: 9
Lista pozycji zwierząt: {(7, 6)=[v], (5, 4)=[^, >, <], (5, 5)=[^], (4, 5)=[^], (3, 8)=[◤, ^], (0, 9)=[v], (7, 1)=[^], (4, 1)=[^], (3, 0)=[◣, >, >, ^]}
18 Jan 2025 21:59:29 GMT Zwierzę poruszyło się z (7, 7) na (7, 6)
18 Jan 2025 21:59:29 GMT Zwierzę zjadło roślinkę na (7, 6)
18 Jan 2025 21:59:29 GMT Zwierzę zjadło roślinkę na (7, 1)
18 Jan 2025 21:59:29 GMT Zwierze zostało położone na (5, 4)
18 Jan 2025 21:59:29 GMT Urodziło się nowe zwierzę na (5, 4)
18 Jan 2025 21:59:29 GMT Zwierze zostało położone na (3, 8)
18 Jan 2025 21:59:29 GMT Urodziło się nowe zwierzę na (3, 8)
18 Jan 2025 21:59:29 GMT Zwierze zostało położone na (3, 0)
18 Jan 2025 21:59:29 GMT Urodziło się nowe zwierzę na (3, 0)
18 Jan 2025 21:59:29 GMT Roślinka wyrosła na (7, 8)
18 Jan 2025 21:59:29 GMT Roślinka wyrosła na (3, 8)
18 Jan 2025 21:59:29 GMT Roślinka wyrosła na (5, 1)
18 Jan 2025 21:59:29 GMT Roślinka wyrosła na (6, 2)
18 Jan 2025 21:59:29 GMT Roślinka wyrosła na (6, 4)
18 Jan 2025 21:59:29 GMT Roślinka wyrosła na (5, 8)
18 Jan 2025 21:59:30 GMT Roślinka wyrosła na (3, 2)
18 Jan 2025 21:59:30 GMT Roślinka wyrosła na (9, 7)
18 Jan 2025 21:59:30 GMT Roślinka wyrosła na (2, 1)
18 Jan 2025 21:59:30 GMT Roślinka wyrosła na (9, 8)
18 Jan 2025 21:59:30 GMT Zwierzę umarło na (5, 5)
18 Jan 2025 21:59:30 GMT Długość listy pozycji: 9
Lista pozycji zwierząt: {(7, 6)=[v], (5, 4)=[^, >, >, <], (5, 5)=[], (4, 5)=[^], (3, 8)=[v, ◤, ^], (0, 9)=[◣], (7, 1)=[^], (4, 1)=[^], (3, 0)=[<, ◣, >, >, ^]}
18 Jan 2025 21:59:30 GMT Zwierzę poruszyło się z (0, 9) na (0, 9)
18 Jan 2025 21:59:30 GMT Długość listy pozycji: 10
Lista pozycji zwierząt: {(7, 6)=[v], (5, 4)=[^, >, >, <], (5, 5)=[], (4, 5)=[^], (3, 8)=[v, ◤, <], (2, 8)=[<], (0, 9)=[◣], (7, 1)=[^], (4, 1)=[^], (3, 0)=[<, ◣, >, >, ^]}
18 Jan 2025 21:59:30 GMT Zwierzę poruszyło się z (3, 8) na (2, 8)
18 Jan 2025 21:59:30 GMT Długość listy pozycji: 10
Lista pozycji zwierząt: {(7, 6)=[v], (5, 4)=[^, >, >, <], (5, 5)=[], (3, 4)=[◣], (3, 8)=[v, ◤, <], (2, 8)=[<], (0, 9)=[◣], (7, 1)=[^], (4, 1)=[^], (3, 0)=[<, ◣, >, >, ^]}
18 Jan 2025 21:59:30 GMT Zwierzę poruszyło się z (4, 5) na (3, 4)
18 Jan 2025 21:59:30 GMT Długość listy pozycji: 10
Lista pozycji zwierząt: {(7, 6)=[v], (5, 4)=[^, >, >, <], (5, 5)=[], (3, 4)=[◣], (3, 8)=[v, ◤, <], (2, 8)=[<], (0, 9)=[◣], (7, 1)=[^], (3, 0)=[<, ◣, >, >, <], (3, 1)=[<]}
18 Jan 2025 21:59:30 GMT Zwierzę poruszyło się z (4, 1) na (3, 1)
18 Jan 2025 21:59:30 GMT Długość listy pozycji: 10
Lista pozycji zwierząt: {(7, 6)=[v], (5, 4)=[^, >, >, <], (5, 5)=[], (3, 4)=[◣], (3, 8)=[v, ◤, <], (2, 8)=[<], (8, 0)=[◢], (0, 9)=[◣], (3, 0)=[<, ◣, >, >, <], (3, 1)=[<]}
18 Jan 2025 21:59:30 GMT Zwierzę poruszyło się z (7, 1) na (8, 0)
18 Jan 2025 21:59:30 GMT Długość listy pozycji: 10
Lista pozycji zwierząt: {(5, 4)=[^, >, >, <], (5, 5)=[], (3, 4)=[◣], (3, 8)=[v, ◤, <], (2, 8)=[<], (8, 0)=[◢], (0, 9)=[◣], (3, 0)=[<, ◣, >, >, <], (7, 5)=[v], (3, 1)=[<]}
18 Jan 2025 21:59:30 GMT Zwierzę poruszyło się z (7, 6) na (7, 5)
18 Jan 2025 21:59:30 GMT Zwierzę zjadło roślinkę na (3, 4)
18 Jan 2025 21:59:30 GMT Zwierzę zjadło roślinkę na (3, 8)
18 Jan 2025 21:59:30 GMT Zwierzę zjadło roślinkę na (2, 8)
18 Jan 2025 21:59:30 GMT Zwierzę zjadło roślinkę na (7, 5)
