18 Jan 2025 22:16:53 GMT Zwierze zostało położone na (6, 3)
18 Jan 2025 22:16:53 GMT Zwierze zostało położone na (8, 0)
18 Jan 2025 22:16:54 GMT Zwierze zostało położone na (7, 1)
18 Jan 2025 22:16:54 GMT Zwierze zostało położone na (8, 2)
18 Jan 2025 22:16:54 GMT Zwierze zostało położone na (9, 0)
18 Jan 2025 22:16:54 GMT Zwierze zostało położone na (3, 8)
18 Jan 2025 22:16:54 GMT Zwierze zostało położone na (8, 1)
18 Jan 2025 22:16:54 GMT Zwierze zostało położone na (9, 0)
18 Jan 2025 22:16:54 GMT Zwierze zostało położone na (6, 0)
18 Jan 2025 22:16:54 GMT Zwierze zostało położone na (9, 4)
18 Jan 2025 22:16:54 GMT Długość listy pozycji: 9
Lista pozycji zwierząt: {(3, 8)=[◣], (9, 0)=[◢, ◣], (8, 0)=[<], (8, 1)=[^], (6, 0)=[>], (8, 2)=[◤], (7, 1)=[◥], (9, 4)=[^], (6, 4)=[^]}
18 Jan 2025 22:16:54 GMT Zwierzę poruszyło się z (6, 3) na (6, 4)
18 Jan 2025 22:16:54 GMT Długość listy pozycji: 9
Lista pozycji zwierząt: {(3, 8)=[◣], (9, 0)=[◢, ◣], (8, 0)=[^], (8, 1)=[^], (6, 0)=[>], (8, 2)=[◤], (7, 1)=[◥], (9, 4)=[^], (6, 4)=[^]}
18 Jan 2025 22:16:54 GMT Zwierzę poruszyło się z (8, 0) na (8, 0)
18 Jan 2025 22:16:54 GMT Długość listy pozycji: 8
Lista pozycji zwierząt: {(3, 8)=[◣], (9, 0)=[◢, ◣], (8, 0)=[^], (8, 1)=[^, >], (6, 0)=[>], (8, 2)=[◤], (9, 4)=[^], (6, 4)=[^]}
18 Jan 2025 22:16:54 GMT Zwierzę poruszyło się z (7, 1) na (8, 1)
18 Jan 2025 22:16:54 GMT Długość listy pozycji: 8
Lista pozycji zwierząt: {(3, 8)=[◣], (9, 0)=[◢, ◣], (8, 0)=[^], (8, 1)=[^, >], (6, 0)=[>], (7, 2)=[<], (9, 4)=[^], (6, 4)=[^]}
18 Jan 2025 22:16:54 GMT Zwierzę poruszyło się z (8, 2) na (7, 2)
18 Jan 2025 22:16:55 GMT Długość listy pozycji: 8
Lista pozycji zwierząt: {(3, 8)=[◣], (9, 0)=[◣], (8, 0)=[^, <], (8, 1)=[^, >], (6, 0)=[>], (7, 2)=[<], (9, 4)=[^], (6, 4)=[^]}
18 Jan 2025 22:16:55 GMT Zwierzę poruszyło się z (9, 0) na (8, 0)
18 Jan 2025 22:16:55 GMT Długość listy pozycji: 8
Lista pozycji zwierząt: {(4, 8)=[>], (9, 0)=[◣], (8, 0)=[^, <], (8, 1)=[^, >], (6, 0)=[>], (7, 2)=[<], (9, 4)=[^], (6, 4)=[^]}
18 Jan 2025 22:16:55 GMT Zwierzę poruszyło się z (3, 8) na (4, 8)
18 Jan 2025 22:16:55 GMT Długość listy pozycji: 9
Lista pozycji zwierząt: {(4, 8)=[>], (9, 0)=[◣], (8, 0)=[^, <], (8, 1)=[>], (8, 2)=[^], (6, 0)=[>], (7, 2)=[<], (9, 4)=[^], (6, 4)=[^]}
18 Jan 2025 22:16:55 GMT Zwierzę poruszyło się z (8, 1) na (8, 2)
18 Jan 2025 22:16:55 GMT Długość listy pozycji: 9
Lista pozycji zwierząt: {(0, 0)=[>], (4, 8)=[>], (8, 0)=[^, <], (8, 1)=[>], (8, 2)=[^], (6, 0)=[>], (7, 2)=[<], (9, 4)=[^], (6, 4)=[^]}
18 Jan 2025 22:16:55 GMT Zwierzę poruszyło się z (9, 0) na (0, 0)
18 Jan 2025 22:16:55 GMT Długość listy pozycji: 9
Lista pozycji zwierząt: {(0, 0)=[>], (4, 8)=[>], (8, 0)=[^, <], (8, 1)=[>], (8, 2)=[^], (6, 0)=[^], (7, 2)=[<], (9, 4)=[^], (6, 4)=[^]}
18 Jan 2025 22:16:55 GMT Zwierzę poruszyło się z (6, 0) na (6, 0)
18 Jan 2025 22:16:55 GMT Długość listy pozycji: 9
Lista pozycji zwierząt: {(0, 0)=[>], (4, 8)=[>], (8, 0)=[^, <], (8, 1)=[>], (8, 2)=[^], (6, 0)=[^], (7, 2)=[<], (9, 5)=[^], (6, 4)=[^]}
18 Jan 2025 22:16:55 GMT Zwierzę poruszyło się z (9, 4) na (9, 5)
18 Jan 2025 22:16:55 GMT Zwierze zostało położone na (8, 0)
18 Jan 2025 22:16:55 GMT Urodziło się nowe zwierzę na (8, 0)
18 Jan 2025 22:16:56 GMT Roślinka wyrosła na (9, 5)
18 Jan 2025 22:16:56 GMT Roślinka wyrosła na (7, 6)
18 Jan 2025 22:16:56 GMT Roślinka wyrosła na (5, 6)
18 Jan 2025 22:16:56 GMT Roślinka wyrosła na (8, 5)
18 Jan 2025 22:16:56 GMT Roślinka wyrosła na (3, 8)
18 Jan 2025 22:16:56 GMT Roślinka wyrosła na (0, 6)
18 Jan 2025 22:16:56 GMT Roślinka wyrosła na (0, 1)
18 Jan 2025 22:16:56 GMT Roślinka wyrosła na (2, 6)
18 Jan 2025 22:16:56 GMT Roślinka wyrosła na (5, 5)
18 Jan 2025 22:16:56 GMT Roślinka wyrosła na (7, 5)
18 Jan 2025 22:16:56 GMT Zwierzę umarło na (8, 0)
18 Jan 2025 22:16:56 GMT Długość listy pozycji: 9
Lista pozycji zwierząt: {(0, 0)=[>], (4, 8)=[>], (8, 0)=[<, <], (8, 1)=[>], (8, 2)=[^], (6, 0)=[^], (7, 2)=[<], (9, 5)=[^], (6, 3)=[v]}
18 Jan 2025 22:16:56 GMT Zwierzę poruszyło się z (6, 4) na (6, 3)
18 Jan 2025 22:16:56 GMT Długość listy pozycji: 9
Lista pozycji zwierząt: {(0, 0)=[>], (4, 8)=[>], (9, 0)=[◢], (8, 0)=[<, <], (8, 2)=[^], (6, 0)=[^], (7, 2)=[<], (9, 5)=[^], (6, 3)=[v]}
18 Jan 2025 22:16:56 GMT Zwierzę poruszyło się z (8, 1) na (9, 0)
18 Jan 2025 22:16:56 GMT Długość listy pozycji: 9
Lista pozycji zwierząt: {(0, 0)=[>], (4, 8)=[>], (9, 0)=[◢], (8, 0)=[<, <], (8, 2)=[^], (6, 0)=[^], (6, 1)=[◣], (9, 5)=[^], (6, 3)=[v]}
18 Jan 2025 22:16:56 GMT Zwierzę poruszyło się z (7, 2) na (6, 1)
18 Jan 2025 22:16:56 GMT Długość listy pozycji: 10
Lista pozycji zwierząt: {(0, 0)=[>], (4, 8)=[>], (9, 0)=[◢], (9, 1)=[◥], (8, 0)=[<], (8, 2)=[^], (6, 0)=[^], (6, 1)=[◣], (9, 5)=[^], (6, 3)=[v]}
18 Jan 2025 22:16:56 GMT Zwierzę poruszyło się z (8, 0) na (9, 1)
18 Jan 2025 22:16:56 GMT Długość listy pozycji: 10
Lista pozycji zwierząt: {(0, 0)=[>], (3, 9)=[◤], (9, 0)=[◢], (9, 1)=[◥], (8, 0)=[<], (8, 2)=[^], (6, 0)=[^], (6, 1)=[◣], (9, 5)=[^], (6, 3)=[v]}
18 Jan 2025 22:16:56 GMT Zwierzę poruszyło się z (4, 8) na (3, 9)
18 Jan 2025 22:16:56 GMT Długość listy pozycji: 10
Lista pozycji zwierząt: {(0, 0)=[>], (3, 9)=[◤], (9, 0)=[◢], (9, 1)=[◥], (8, 0)=[<], (6, 0)=[^], (8, 3)=[^], (6, 1)=[◣], (9, 5)=[^], (6, 3)=[v]}
18 Jan 2025 22:16:56 GMT Zwierzę poruszyło się z (8, 2) na (8, 3)
18 Jan 2025 22:16:56 GMT Długość listy pozycji: 9
Lista pozycji zwierząt: {(3, 9)=[◤], (9, 0)=[◢], (9, 1)=[◥, ◤], (8, 0)=[<], (6, 0)=[^], (8, 3)=[^], (6, 1)=[◣], (9, 5)=[^], (6, 3)=[v]}
18 Jan 2025 22:16:56 GMT Zwierzę poruszyło się z (0, 0) na (9, 1)
18 Jan 2025 22:16:57 GMT Długość listy pozycji: 9
Lista pozycji zwierząt: {(3, 9)=[◤], (9, 0)=[◢], (9, 1)=[◥, ◤], (8, 0)=[<], (7, 0)=[>], (8, 3)=[^], (6, 1)=[◣], (9, 5)=[^], (6, 3)=[v]}
18 Jan 2025 22:16:57 GMT Zwierzę poruszyło się z (6, 0) na (7, 0)
18 Jan 2025 22:16:57 GMT Długość listy pozycji: 9
Lista pozycji zwierząt: {(3, 9)=[◤], (9, 0)=[◢], (9, 1)=[◥, ◤], (8, 0)=[<], (7, 0)=[>], (8, 3)=[^], (6, 1)=[◣], (9, 6)=[^], (6, 3)=[v]}
18 Jan 2025 22:16:57 GMT Zwierzę poruszyło się z (9, 5) na (9, 6)
18 Jan 2025 22:16:57 GMT Zwierzę zjadło roślinkę na (8, 3)
18 Jan 2025 22:16:57 GMT Zwierzę zjadło roślinkę na (6, 1)
18 Jan 2025 22:16:57 GMT Zwierze zostało położone na (9, 1)
18 Jan 2025 22:16:57 GMT Urodziło się nowe zwierzę na (9, 1)
18 Jan 2025 22:16:57 GMT Roślinka wyrosła na (4, 5)
18 Jan 2025 22:16:57 GMT Roślinka wyrosła na (1, 2)
18 Jan 2025 22:16:57 GMT Roślinka wyrosła na (9, 6)
18 Jan 2025 22:16:57 GMT Roślinka wyrosła na (3, 6)
18 Jan 2025 22:16:57 GMT Roślinka wyrosła na (3, 0)
18 Jan 2025 22:16:57 GMT Roślinka wyrosła na (6, 6)
18 Jan 2025 22:16:57 GMT Roślinka wyrosła na (6, 5)
18 Jan 2025 22:16:57 GMT Roślinka wyrosła na (6, 0)
18 Jan 2025 22:16:57 GMT Roślinka wyrosła na (3, 5)
18 Jan 2025 22:16:57 GMT Roślinka wyrosła na (3, 7)
18 Jan 2025 22:16:58 GMT Zwierzę umarło na (9, 1)
18 Jan 2025 22:16:58 GMT Długość listy pozycji: 9
Lista pozycji zwierząt: {(3, 9)=[◤], (9, 0)=[◢], (9, 1)=[◥, ◤], (8, 0)=[<], (7, 0)=[>], (8, 3)=[^], (6, 1)=[◣], (9, 6)=[^], (6, 4)=[^]}
18 Jan 2025 22:16:58 GMT Zwierzę poruszyło się z (6, 3) na (6, 4)
18 Jan 2025 22:16:58 GMT Długość listy pozycji: 9
Lista pozycji zwierząt: {(3, 9)=[◤], (9, 0)=[^], (9, 1)=[◥, ◤], (8, 0)=[<], (7, 0)=[>], (8, 3)=[^], (6, 1)=[◣], (9, 6)=[^], (6, 4)=[^]}
18 Jan 2025 22:16:58 GMT Zwierzę poruszyło się z (9, 0) na (9, 0)
18 Jan 2025 22:16:58 GMT Długość listy pozycji: 9
Lista pozycji zwierząt: {(3, 9)=[◤], (9, 0)=[^], (9, 1)=[◥, ◤], (8, 0)=[<], (7, 0)=[>], (6, 0)=[v], (8, 3)=[^], (9, 6)=[^], (6, 4)=[^]}
18 Jan 2025 22:16:58 GMT Zwierzę poruszyło się z (6, 1) na (6, 0)
18 Jan 2025 22:16:58 GMT Długość listy pozycji: 9
Lista pozycji zwierząt: {(3, 8)=[v], (9, 0)=[^], (9, 1)=[◥, ◤], (8, 0)=[<], (7, 0)=[>], (6, 0)=[v], (8, 3)=[^], (9, 6)=[^], (6, 4)=[^]}
18 Jan 2025 22:16:58 GMT Zwierzę poruszyło się z (3, 9) na (3, 8)
18 Jan 2025 22:16:58 GMT Długość listy pozycji: 9
Lista pozycji zwierząt: {(3, 8)=[v], (9, 0)=[^], (9, 1)=[◥, ◤], (8, 0)=[<], (7, 0)=[>], (6, 0)=[v], (8, 4)=[^], (9, 6)=[^], (6, 4)=[^]}
18 Jan 2025 22:16:58 GMT Zwierzę poruszyło się z (8, 3) na (8, 4)
18 Jan 2025 22:16:58 GMT Długość listy pozycji: 9
Lista pozycji zwierząt: {(3, 8)=[v], (9, 0)=[^, v], (9, 1)=[◥], (8, 0)=[<], (7, 0)=[>], (6, 0)=[v], (8, 4)=[^], (9, 6)=[^], (6, 4)=[^]}
18 Jan 2025 22:16:58 GMT Zwierzę poruszyło się z (9, 1) na (9, 0)
18 Jan 2025 22:16:58 GMT Długość listy pozycji: 9
Lista pozycji zwierząt: {(3, 8)=[v], (9, 0)=[^, v], (9, 1)=[◥], (8, 0)=[<], (7, 0)=[^], (6, 0)=[v], (8, 4)=[^], (9, 6)=[^], (6, 4)=[^]}
18 Jan 2025 22:16:58 GMT Zwierzę poruszyło się z (7, 0) na (7, 0)
18 Jan 2025 22:16:59 GMT Długość listy pozycji: 9
Lista pozycji zwierząt: {(3, 8)=[v], (9, 0)=[^, v], (9, 1)=[◥], (8, 0)=[<], (7, 0)=[^], (6, 0)=[v], (8, 4)=[^], (9, 7)=[^], (6, 4)=[^]}
18 Jan 2025 22:16:59 GMT Zwierzę poruszyło się z (9, 6) na (9, 7)
18 Jan 2025 22:16:59 GMT Zwierzę zjadło roślinkę na (3, 8)
18 Jan 2025 22:16:59 GMT Zwierzę zjadło roślinkę na (6, 0)
18 Jan 2025 22:16:59 GMT Zwierze zostało położone na (9, 0)
18 Jan 2025 22:16:59 GMT Urodziło się nowe zwierzę na (9, 0)
18 Jan 2025 22:16:59 GMT Roślinka wyrosła na (3, 1)
18 Jan 2025 22:16:59 GMT Roślinka wyrosła na (0, 9)
18 Jan 2025 22:16:59 GMT Roślinka wyrosła na (9, 3)
18 Jan 2025 22:16:59 GMT Roślinka wyrosła na (0, 0)
18 Jan 2025 22:16:59 GMT Roślinka wyrosła na (1, 8)
18 Jan 2025 22:16:59 GMT Roślinka wyrosła na (2, 3)
18 Jan 2025 22:16:59 GMT Roślinka wyrosła na (9, 1)
18 Jan 2025 22:16:59 GMT Roślinka wyrosła na (4, 3)
18 Jan 2025 22:16:59 GMT Roślinka wyrosła na (3, 4)
18 Jan 2025 22:16:59 GMT Roślinka wyrosła na (5, 9)
18 Jan 2025 22:16:59 GMT Zwierzę umarło na (9, 0)
18 Jan 2025 22:16:59 GMT Długość listy pozycji: 9
Lista pozycji zwierząt: {(3, 8)=[v], (9, 0)=[<, v], (9, 1)=[◥], (8, 0)=[<], (7, 0)=[^], (6, 0)=[v], (8, 4)=[^], (6, 3)=[v], (9, 7)=[^]}
18 Jan 2025 22:16:59 GMT Zwierzę poruszyło się z (6, 4) na (6, 3)
18 Jan 2025 22:16:59 GMT Długość listy pozycji: 9
Lista pozycji zwierząt: {(3, 8)=[v], (9, 0)=[<, v], (9, 1)=[◥], (8, 0)=[<], (7, 0)=[^], (6, 0)=[◤], (8, 4)=[^], (6, 3)=[v], (9, 7)=[^]}
18 Jan 2025 22:16:59 GMT Zwierzę poruszyło się z (6, 0) na (6, 0)
18 Jan 2025 22:17:00 GMT Długość listy pozycji: 9
Lista pozycji zwierząt: {(4, 9)=[◥], (9, 0)=[<, v], (9, 1)=[◥], (8, 0)=[<], (7, 0)=[^], (6, 0)=[◤], (8, 4)=[^], (6, 3)=[v], (9, 7)=[^]}
18 Jan 2025 22:17:00 GMT Zwierzę poruszyło się z (3, 8) na (4, 9)
18 Jan 2025 22:17:00 GMT Długość listy pozycji: 9
Lista pozycji zwierząt: {(4, 9)=[◥], (9, 0)=[<, v], (9, 1)=[◥], (8, 0)=[<], (7, 0)=[^], (6, 0)=[◤], (8, 5)=[^], (6, 3)=[v], (9, 7)=[^]}
18 Jan 2025 22:17:00 GMT Zwierzę poruszyło się z (8, 4) na (8, 5)
18 Jan 2025 22:17:00 GMT Długość listy pozycji: 10
Lista pozycji zwierząt: {(0, 1)=[◥], (4, 9)=[◥], (9, 0)=[<], (9, 1)=[◥], (8, 0)=[<], (7, 0)=[^], (6, 0)=[◤], (8, 5)=[^], (6, 3)=[v], (9, 7)=[^]}
18 Jan 2025 22:17:00 GMT Zwierzę poruszyło się z (9, 0) na (0, 1)
18 Jan 2025 22:17:00 GMT Długość listy pozycji: 9
Lista pozycji zwierząt: {(0, 1)=[◥], (4, 9)=[◥], (9, 0)=[<], (9, 1)=[◥], (8, 0)=[<, >], (6, 0)=[◤], (8, 5)=[^], (6, 3)=[v], (9, 7)=[^]}
18 Jan 2025 22:17:00 GMT Zwierzę poruszyło się z (7, 0) na (8, 0)
18 Jan 2025 22:17:00 GMT Długość listy pozycji: 9
Lista pozycji zwierząt: {(9, 8)=[^], (0, 1)=[◥], (4, 9)=[◥], (9, 0)=[<], (9, 1)=[◥], (8, 0)=[<, >], (6, 0)=[◤], (8, 5)=[^], (6, 3)=[v]}
18 Jan 2025 22:17:00 GMT Zwierzę poruszyło się z (9, 7) na (9, 8)
18 Jan 2025 22:17:00 GMT Zwierzę zjadło roślinkę na (0, 1)
18 Jan 2025 22:17:00 GMT Zwierzę zjadło roślinkę na (9, 1)
18 Jan 2025 22:17:00 GMT Zwierzę zjadło roślinkę na (8, 5)
18 Jan 2025 22:17:00 GMT Zwierze zostało położone na (8, 0)
18 Jan 2025 22:17:00 GMT Urodziło się nowe zwierzę na (8, 0)
18 Jan 2025 22:17:01 GMT Roślinka wyrosła na (5, 1)
18 Jan 2025 22:17:01 GMT Roślinka wyrosła na (6, 3)
18 Jan 2025 22:17:01 GMT Roślinka wyrosła na (3, 2)
18 Jan 2025 22:17:01 GMT Roślinka wyrosła na (8, 8)
18 Jan 2025 22:17:01 GMT Roślinka wyrosła na (1, 1)
18 Jan 2025 22:17:01 GMT Roślinka wyrosła na (1, 0)
18 Jan 2025 22:17:01 GMT Roślinka wyrosła na (5, 0)
18 Jan 2025 22:17:01 GMT Roślinka wyrosła na (2, 0)
18 Jan 2025 22:17:01 GMT Roślinka wyrosła na (7, 8)
18 Jan 2025 22:17:01 GMT Roślinka wyrosła na (4, 2)
18 Jan 2025 22:17:01 GMT Długość listy pozycji: 9
Lista pozycji zwierząt: {(9, 8)=[^], (0, 1)=[◥], (4, 9)=[◥], (9, 0)=[<], (9, 1)=[◥], (8, 0)=[◣, <, >], (6, 0)=[◤], (8, 5)=[^], (6, 4)=[^]}
18 Jan 2025 22:17:01 GMT Zwierzę poruszyło się z (6, 3) na (6, 4)
18 Jan 2025 22:17:01 GMT Długość listy pozycji: 9
Lista pozycji zwierząt: {(9, 8)=[^], (0, 1)=[◥], (4, 9)=[◥], (9, 0)=[<], (9, 1)=[◥], (8, 0)=[◣, <, >], (5, 0)=[<], (8, 5)=[^], (6, 4)=[^]}
18 Jan 2025 22:17:01 GMT Zwierzę poruszyło się z (6, 0) na (5, 0)
18 Jan 2025 22:17:01 GMT Długość listy pozycji: 9
Lista pozycji zwierząt: {(9, 8)=[^], (0, 1)=[◥], (3, 9)=[<], (9, 0)=[<], (9, 1)=[◥], (8, 0)=[◣, <, >], (5, 0)=[<], (8, 5)=[^], (6, 4)=[^]}
18 Jan 2025 22:17:01 GMT Zwierzę poruszyło się z (4, 9) na (3, 9)
18 Jan 2025 22:17:01 GMT Długość listy pozycji: 9
Lista pozycji zwierząt: {(9, 8)=[^], (0, 1)=[◥], (3, 9)=[<], (9, 0)=[<], (9, 1)=[◥], (8, 0)=[◣, <, >], (5, 0)=[<], (8, 6)=[^], (6, 4)=[^]}
18 Jan 2025 22:17:01 GMT Zwierzę poruszyło się z (8, 5) na (8, 6)
18 Jan 2025 22:17:01 GMT Długość listy pozycji: 8
Lista pozycji zwierząt: {(9, 8)=[^], (3, 9)=[<], (9, 0)=[<], (9, 1)=[◥, <], (8, 0)=[◣, <, >], (5, 0)=[<], (8, 6)=[^], (6, 4)=[^]}
18 Jan 2025 22:17:01 GMT Zwierzę poruszyło się z (0, 1) na (9, 1)
18 Jan 2025 22:17:01 GMT Długość listy pozycji: 8
Lista pozycji zwierząt: {(9, 8)=[^], (3, 9)=[<], (9, 0)=[<], (9, 1)=[◥, <], (8, 0)=[◣, ^, <, ^], (5, 0)=[<], (8, 6)=[^], (6, 4)=[^]}
18 Jan 2025 22:17:01 GMT Zwierzę poruszyło się z (8, 0) na (8, 0)
18 Jan 2025 22:17:02 GMT Długość listy pozycji: 8
Lista pozycji zwierząt: {(9, 9)=[^], (3, 9)=[<], (9, 0)=[<], (9, 1)=[◥, <], (8, 0)=[◣, ^, <, ^], (5, 0)=[<], (8, 6)=[^], (6, 4)=[^]}
18 Jan 2025 22:17:02 GMT Zwierzę poruszyło się z (9, 8) na (9, 9)
18 Jan 2025 22:17:02 GMT Zwierzę zjadło roślinkę na (5, 0)
18 Jan 2025 22:17:02 GMT Zwierzę zjadło roślinkę na (8, 6)
18 Jan 2025 22:17:02 GMT Zwierze zostało położone na (9, 1)
18 Jan 2025 22:17:02 GMT Urodziło się nowe zwierzę na (9, 1)
18 Jan 2025 22:17:03 GMT Zwierze zostało położone na (8, 0)
18 Jan 2025 22:17:03 GMT Urodziło się nowe zwierzę na (8, 0)
18 Jan 2025 22:17:03 GMT Roślinka wyrosła na (0, 4)
18 Jan 2025 22:17:03 GMT Roślinka wyrosła na (4, 0)
18 Jan 2025 22:17:03 GMT Roślinka wyrosła na (2, 7)
18 Jan 2025 22:17:03 GMT Roślinka wyrosła na (6, 9)
18 Jan 2025 22:17:03 GMT Roślinka wyrosła na (9, 4)
18 Jan 2025 22:17:03 GMT Roślinka wyrosła na (8, 7)
18 Jan 2025 22:17:03 GMT Roślinka wyrosła na (9, 9)
18 Jan 2025 22:17:03 GMT Roślinka wyrosła na (2, 4)
18 Jan 2025 22:17:03 GMT Roślinka wyrosła na (7, 1)
18 Jan 2025 22:17:03 GMT Roślinka wyrosła na (6, 8)
18 Jan 2025 22:17:04 GMT Długość listy pozycji: 8
Lista pozycji zwierząt: {(9, 9)=[^], (3, 9)=[<], (9, 0)=[<], (9, 1)=[^, ◥, <], (8, 0)=[<, ◣, ^, <, ^], (5, 0)=[<], (6, 3)=[v], (8, 6)=[^]}
18 Jan 2025 22:17:04 GMT Zwierzę poruszyło się z (6, 4) na (6, 3)
18 Jan 2025 22:17:04 GMT Długość listy pozycji: 8
Lista pozycji zwierząt: {(9, 9)=[^], (3, 9)=[<], (9, 0)=[<], (9, 1)=[^, ◥, <], (8, 0)=[<, ◣, ^, <, ^], (5, 0)=[◥], (6, 3)=[v], (8, 6)=[^]}
18 Jan 2025 22:17:04 GMT Zwierzę poruszyło się z (5, 0) na (5, 0)
18 Jan 2025 22:17:04 GMT Długość listy pozycji: 8
Lista pozycji zwierząt: {(9, 9)=[^], (4, 8)=[◢], (9, 0)=[<], (9, 1)=[^, ◥, <], (8, 0)=[<, ◣, ^, <, ^], (5, 0)=[◥], (6, 3)=[v], (8, 6)=[^]}
18 Jan 2025 22:17:04 GMT Zwierzę poruszyło się z (3, 9) na (4, 8)
18 Jan 2025 22:17:04 GMT Długość listy pozycji: 8
Lista pozycji zwierząt: {(8, 7)=[^], (9, 9)=[^], (4, 8)=[◢], (9, 0)=[<], (9, 1)=[^, ◥, <], (8, 0)=[<, ◣, ^, <, ^], (5, 0)=[◥], (6, 3)=[v]}
18 Jan 2025 22:17:04 GMT Zwierzę poruszyło się z (8, 6) na (8, 7)
18 Jan 2025 22:17:04 GMT Długość listy pozycji: 9
Lista pozycji zwierząt: {(8, 7)=[^], (0, 0)=[◢], (9, 9)=[^], (4, 8)=[◢], (9, 0)=[<], (9, 1)=[^, ◥, ◢], (8, 0)=[<, ◣, ^, <, ^], (5, 0)=[◥], (6, 3)=[v]}
18 Jan 2025 22:17:04 GMT Zwierzę poruszyło się z (9, 1) na (0, 0)
18 Jan 2025 22:17:04 GMT Długość listy pozycji: 9
Lista pozycji zwierząt: {(8, 7)=[^], (0, 0)=[◢], (9, 9)=[^], (4, 8)=[◢], (9, 0)=[<, >], (9, 1)=[^, ◥, ◢], (8, 0)=[<, ◣, >, <, >], (5, 0)=[◥], (6, 3)=[v]}
18 Jan 2025 22:17:04 GMT Zwierzę poruszyło się z (8, 0) na (9, 0)
18 Jan 2025 22:17:04 GMT Długość listy pozycji: 9
Lista pozycji zwierząt: {(8, 7)=[^], (0, 0)=[◢], (9, 9)=[v], (4, 8)=[◢], (9, 0)=[<, >], (9, 1)=[^, ◥, ◢], (8, 0)=[<, ◣, >, <, >], (5, 0)=[◥], (6, 3)=[v]}
18 Jan 2025 22:17:04 GMT Zwierzę poruszyło się z (9, 9) na (9, 9)
18 Jan 2025 22:17:04 GMT Zwierzę zjadło roślinkę na (8, 7)
18 Jan 2025 22:17:04 GMT Zwierzę zjadło roślinkę na (0, 0)
18 Jan 2025 22:17:04 GMT Zwierzę zjadło roślinkę na (9, 9)
18 Jan 2025 22:17:04 GMT Zwierzę zjadło roślinkę na (6, 3)
18 Jan 2025 22:17:05 GMT Zwierze zostało położone na (9, 0)
18 Jan 2025 22:17:05 GMT Urodziło się nowe zwierzę na (9, 0)
18 Jan 2025 22:17:05 GMT Zwierze zostało położone na (9, 1)
18 Jan 2025 22:17:05 GMT Urodziło się nowe zwierzę na (9, 1)
18 Jan 2025 22:17:05 GMT Zwierze zostało położone na (8, 0)
18 Jan 2025 22:17:05 GMT Urodziło się nowe zwierzę na (8, 0)
18 Jan 2025 22:17:05 GMT Roślinka wyrosła na (9, 8)
18 Jan 2025 22:17:05 GMT Roślinka wyrosła na (9, 7)
18 Jan 2025 22:17:05 GMT Roślinka wyrosła na (7, 4)
18 Jan 2025 22:17:05 GMT Roślinka wyrosła na (4, 4)
18 Jan 2025 22:17:05 GMT Roślinka wyrosła na (1, 4)
18 Jan 2025 22:17:05 GMT Roślinka wyrosła na (6, 4)
18 Jan 2025 22:17:05 GMT Roślinka wyrosła na (6, 2)
18 Jan 2025 22:17:05 GMT Roślinka wyrosła na (0, 7)
18 Jan 2025 22:17:05 GMT Roślinka wyrosła na (8, 4)
18 Jan 2025 22:17:05 GMT Roślinka wyrosła na (7, 9)
18 Jan 2025 22:17:05 GMT Długość listy pozycji: 9
Lista pozycji zwierząt: {(8, 7)=[^], (0, 0)=[◢], (9, 9)=[v], (4, 8)=[◢], (9, 0)=[◢, <, >], (9, 1)=[>, ^, ◥, ◢], (8, 0)=[>, <, ◣, >, <, >], (5, 0)=[◥], (6, 4)=[^]}
18 Jan 2025 22:17:05 GMT Zwierzę poruszyło się z (6, 3) na (6, 4)
18 Jan 2025 22:17:05 GMT Długość listy pozycji: 9
Lista pozycji zwierząt: {(8, 7)=[^], (0, 0)=[◢], (9, 9)=[v], (4, 8)=[◢], (9, 0)=[◢, <, >], (9, 1)=[>, ^, ◥, ◢], (8, 0)=[>, <, ◣, >, <, >], (5, 1)=[^], (6, 4)=[^]}
18 Jan 2025 22:17:05 GMT Zwierzę poruszyło się z (5, 0) na (5, 1)
